./bin/kbc-cli.py --train data/yago3-10/train.tsv --dev data/yago3-10/dev.tsv --test data/yago3-10/test.tsv -m complex -k 1000 -b 500 -e 100 --F2 0 --N3 0.5 -l 0.1 -I standard -V 3 -o adagrad -q
{'F2': 0.0,
 'N3': 0.5,
 'batch_size': 500,
 'dev': 'data/yago3-10/dev.tsv',
 'embedding_size': 1000,
 'epochs': 100,
 'eval_batch_size': None,
 'input_type': 'standard',
 'learning_rate': 0.1,
 'load': None,
 'model': 'complex',
 'optimizer': 'adagrad',
 'quiet': True,
 'save': None,
 'seed': 0,
 'test': 'data/yago3-10/test.tsv',
 'test_i': None,
 'test_ii': None,
 'train': 'data/yago3-10/train.tsv',
 'validate_every': 3}
INFO:kbc-cli.py:Device: cuda
INFO:kbc-cli.py:Model state:
INFO:kbc-cli.py:	entities.weight	torch.Size([123182, 2000])
INFO:kbc-cli.py:	predicates.weight	torch.Size([37, 2000])
INFO:kbc-cli.py:Epoch 1/100	Loss 67.5926 ± 16.1409
INFO:kbc-cli.py:Epoch 2/100	Loss 41.5225 ± 2.4696
INFO:kbc-cli.py:Epoch 3/100	Loss 35.6038 ± 1.5022
INFO:kbc-cli.py:Epoch 3/100	dev results	MRR 0.040165	H@1 0.022700	H@3 0.046500	H@5 0.053400	H@10 0.065400
INFO:kbc-cli.py:Epoch 3/100	test results	MRR 0.039456	H@1 0.022500	H@3 0.045800	H@5 0.050800	H@10 0.062500
INFO:kbc-cli.py:Epoch 4/100	Loss 32.5807 ± 1.1660
INFO:kbc-cli.py:Epoch 5/100	Loss 30.7089 ± 0.9898
INFO:kbc-cli.py:Epoch 6/100	Loss 29.4268 ± 0.9086
INFO:kbc-cli.py:Epoch 6/100	dev results	MRR 0.037748	H@1 0.016500	H@3 0.045600	H@5 0.053900	H@10 0.068200
INFO:kbc-cli.py:Epoch 6/100	test results	MRR 0.036439	H@1 0.015800	H@3 0.043100	H@5 0.053500	H@10 0.066700
INFO:kbc-cli.py:Epoch 7/100	Loss 28.4892 ± 0.8081
INFO:kbc-cli.py:Epoch 8/100	Loss 27.7679 ± 0.7688
INFO:kbc-cli.py:Epoch 9/100	Loss 27.1897 ± 0.7412
INFO:kbc-cli.py:Epoch 9/100	dev results	MRR 0.047269	H@1 0.024300	H@3 0.049400	H@5 0.066300	H@10 0.085800
INFO:kbc-cli.py:Epoch 9/100	test results	MRR 0.047209	H@1 0.024000	H@3 0.050100	H@5 0.067600	H@10 0.084500
INFO:kbc-cli.py:Epoch 10/100	Loss 26.7190 ± 0.7019
INFO:kbc-cli.py:Epoch 11/100	Loss 26.3325 ± 0.6632
INFO:kbc-cli.py:Epoch 12/100	Loss 26.0129 ± 0.6468
INFO:kbc-cli.py:Epoch 12/100	dev results	MRR 0.050401	H@1 0.025700	H@3 0.048200	H@5 0.069400	H@10 0.097700
INFO:kbc-cli.py:Epoch 12/100	test results	MRR 0.052881	H@1 0.027500	H@3 0.050400	H@5 0.071800	H@10 0.100400
INFO:kbc-cli.py:Epoch 13/100	Loss 25.7432 ± 0.6255
INFO:kbc-cli.py:Epoch 14/100	Loss 25.5123 ± 0.5978
INFO:kbc-cli.py:Epoch 15/100	Loss 25.3136 ± 0.5827
INFO:kbc-cli.py:Epoch 15/100	dev results	MRR 0.051426	H@1 0.022500	H@3 0.051800	H@5 0.073000	H@10 0.105300
INFO:kbc-cli.py:Epoch 15/100	test results	MRR 0.053740	H@1 0.024800	H@3 0.052400	H@5 0.074600	H@10 0.108100
INFO:kbc-cli.py:Epoch 16/100	Loss 25.1394 ± 0.5658
INFO:kbc-cli.py:Epoch 17/100	Loss 24.9862 ± 0.5711
INFO:kbc-cli.py:Epoch 18/100	Loss 24.8509 ± 0.5535
INFO:kbc-cli.py:Epoch 18/100	dev results	MRR 0.053075	H@1 0.023800	H@3 0.050800	H@5 0.073300	H@10 0.107900
INFO:kbc-cli.py:Epoch 18/100	test results	MRR 0.055484	H@1 0.026500	H@3 0.051400	H@5 0.076800	H@10 0.110400
INFO:kbc-cli.py:Epoch 19/100	Loss 24.7298 ± 0.5307
INFO:kbc-cli.py:Epoch 20/100	Loss 24.6215 ± 0.5118
INFO:kbc-cli.py:Epoch 21/100	Loss 24.5240 ± 0.5212
INFO:kbc-cli.py:Epoch 21/100	dev results	MRR 0.055219	H@1 0.024400	H@3 0.053500	H@5 0.073200	H@10 0.111300
INFO:kbc-cli.py:Epoch 21/100	test results	MRR 0.056643	H@1 0.026000	H@3 0.053900	H@5 0.076500	H@10 0.115300
INFO:kbc-cli.py:Epoch 22/100	Loss 24.4346 ± 0.5007
INFO:kbc-cli.py:Epoch 23/100	Loss 24.3535 ± 0.4888
INFO:kbc-cli.py:Epoch 24/100	Loss 24.2791 ± 0.4887
INFO:kbc-cli.py:Epoch 24/100	dev results	MRR 0.059586	H@1 0.028900	H@3 0.056700	H@5 0.078700	H@10 0.113800
INFO:kbc-cli.py:Epoch 24/100	test results	MRR 0.059082	H@1 0.027200	H@3 0.055000	H@5 0.078600	H@10 0.120000
INFO:kbc-cli.py:Epoch 25/100	Loss 24.2119 ± 0.4848
INFO:kbc-cli.py:Epoch 26/100	Loss 24.1487 ± 0.4651
INFO:kbc-cli.py:Epoch 27/100	Loss 24.0912 ± 0.4650
INFO:kbc-cli.py:Epoch 27/100	dev results	MRR 0.061087	H@1 0.029200	H@3 0.059600	H@5 0.079300	H@10 0.115900
INFO:kbc-cli.py:Epoch 27/100	test results	MRR 0.061769	H@1 0.029400	H@3 0.057900	H@5 0.079400	H@10 0.121000
INFO:kbc-cli.py:Epoch 28/100	Loss 24.0389 ± 0.4668
INFO:kbc-cli.py:Epoch 29/100	Loss 23.9894 ± 0.4618
INFO:kbc-cli.py:Epoch 30/100	Loss 23.9439 ± 0.4437
INFO:kbc-cli.py:Epoch 30/100	dev results	MRR 0.062213	H@1 0.030400	H@3 0.059800	H@5 0.077600	H@10 0.118000
INFO:kbc-cli.py:Epoch 30/100	test results	MRR 0.064018	H@1 0.031000	H@3 0.060100	H@5 0.085500	H@10 0.122800
INFO:kbc-cli.py:Epoch 31/100	Loss 23.9048 ± 0.4549
INFO:kbc-cli.py:Epoch 32/100	Loss 23.8628 ± 0.4384
INFO:kbc-cli.py:Epoch 33/100	Loss 23.8273 ± 0.4315
INFO:kbc-cli.py:Epoch 33/100	dev results	MRR 0.064667	H@1 0.032700	H@3 0.061200	H@5 0.082300	H@10 0.119700
INFO:kbc-cli.py:Epoch 33/100	test results	MRR 0.065052	H@1 0.031800	H@3 0.063000	H@5 0.082800	H@10 0.124100
INFO:kbc-cli.py:Epoch 34/100	Loss 23.7921 ± 0.4206
INFO:kbc-cli.py:Epoch 35/100	Loss 23.7606 ± 0.4177
INFO:kbc-cli.py:Epoch 36/100	Loss 23.7304 ± 0.4179
INFO:kbc-cli.py:Epoch 36/100	dev results	MRR 0.066642	H@1 0.034200	H@3 0.065400	H@5 0.084100	H@10 0.120100
INFO:kbc-cli.py:Epoch 36/100	test results	MRR 0.066678	H@1 0.034100	H@3 0.062600	H@5 0.084500	H@10 0.124400
INFO:kbc-cli.py:Epoch 37/100	Loss 23.7022 ± 0.4074
INFO:kbc-cli.py:Epoch 38/100	Loss 23.6754 ± 0.4154
INFO:kbc-cli.py:Epoch 39/100	Loss 23.6503 ± 0.4014
INFO:kbc-cli.py:Epoch 39/100	dev results	MRR 0.067360	H@1 0.034500	H@3 0.064800	H@5 0.086900	H@10 0.123700
INFO:kbc-cli.py:Epoch 39/100	test results	MRR 0.067711	H@1 0.034900	H@3 0.064400	H@5 0.086400	H@10 0.125000
INFO:kbc-cli.py:Epoch 40/100	Loss 23.6274 ± 0.4086
INFO:kbc-cli.py:Epoch 41/100	Loss 23.6043 ± 0.4059
INFO:kbc-cli.py:Epoch 42/100	Loss 23.5830 ± 0.3900
INFO:kbc-cli.py:Epoch 42/100	dev results	MRR 0.068754	H@1 0.035900	H@3 0.067100	H@5 0.087900	H@10 0.125300
INFO:kbc-cli.py:Epoch 42/100	test results	MRR 0.068693	H@1 0.035500	H@3 0.065600	H@5 0.087300	H@10 0.127700
INFO:kbc-cli.py:Epoch 43/100	Loss 23.5628 ± 0.4115
INFO:kbc-cli.py:Epoch 44/100	Loss 23.5432 ± 0.3828
INFO:kbc-cli.py:Epoch 45/100	Loss 23.5250 ± 0.3785
INFO:kbc-cli.py:Epoch 45/100	dev results	MRR 0.067833	H@1 0.034500	H@3 0.065900	H@5 0.086500	H@10 0.124900
INFO:kbc-cli.py:Epoch 45/100	test results	MRR 0.068665	H@1 0.035200	H@3 0.065800	H@5 0.089100	H@10 0.127500
INFO:kbc-cli.py:Epoch 46/100	Loss 23.5074 ± 0.3844
INFO:kbc-cli.py:Epoch 47/100	Loss 23.4906 ± 0.3733
INFO:kbc-cli.py:Epoch 48/100	Loss 23.4747 ± 0.3772
INFO:kbc-cli.py:Epoch 48/100	dev results	MRR 0.069660	H@1 0.036500	H@3 0.067300	H@5 0.089600	H@10 0.129000
INFO:kbc-cli.py:Epoch 48/100	test results	MRR 0.070329	H@1 0.037000	H@3 0.067400	H@5 0.089200	H@10 0.129400
INFO:kbc-cli.py:Epoch 49/100	Loss 23.4596 ± 0.3740
INFO:kbc-cli.py:Epoch 50/100	Loss 23.4448 ± 0.3753
INFO:kbc-cli.py:Epoch 51/100	Loss 23.4306 ± 0.3843
INFO:kbc-cli.py:Epoch 51/100	dev results	MRR 0.068866	H@1 0.035000	H@3 0.066700	H@5 0.087800	H@10 0.130100
INFO:kbc-cli.py:Epoch 51/100	test results	MRR 0.071508	H@1 0.037500	H@3 0.068700	H@5 0.090800	H@10 0.131100
INFO:kbc-cli.py:Epoch 52/100	Loss 23.4173 ± 0.3746
INFO:kbc-cli.py:Epoch 53/100	Loss 23.4044 ± 0.3676
INFO:kbc-cli.py:Epoch 54/100	Loss 23.3923 ± 0.3667
INFO:kbc-cli.py:Epoch 54/100	dev results	MRR 0.071105	H@1 0.037200	H@3 0.067700	H@5 0.091900	H@10 0.132700
INFO:kbc-cli.py:Epoch 54/100	test results	MRR 0.070088	H@1 0.035600	H@3 0.066400	H@5 0.089300	H@10 0.132800
INFO:kbc-cli.py:Epoch 55/100	Loss 23.3800 ± 0.3554
INFO:kbc-cli.py:Epoch 56/100	Loss 23.3688 ± 0.3598
INFO:kbc-cli.py:Epoch 57/100	Loss 23.3580 ± 0.3568
INFO:kbc-cli.py:Epoch 57/100	dev results	MRR 0.072195	H@1 0.038600	H@3 0.067800	H@5 0.090900	H@10 0.134100
INFO:kbc-cli.py:Epoch 57/100	test results	MRR 0.072235	H@1 0.038200	H@3 0.068900	H@5 0.089400	H@10 0.132200
INFO:kbc-cli.py:Epoch 58/100	Loss 23.3471 ± 0.3542
INFO:kbc-cli.py:Epoch 59/100	Loss 23.3372 ± 0.3545
INFO:kbc-cli.py:Epoch 60/100	Loss 23.3299 ± 0.3811
INFO:kbc-cli.py:Epoch 60/100	dev results	MRR 0.071942	H@1 0.037900	H@3 0.067700	H@5 0.091200	H@10 0.134800
INFO:kbc-cli.py:Epoch 60/100	test results	MRR 0.072749	H@1 0.038200	H@3 0.068800	H@5 0.092900	H@10 0.135800
INFO:kbc-cli.py:Epoch 61/100	Loss 23.3177 ± 0.3350
INFO:kbc-cli.py:Epoch 62/100	Loss 23.3085 ± 0.3520
INFO:kbc-cli.py:Epoch 63/100	Loss 23.2997 ± 0.3425
INFO:kbc-cli.py:Epoch 63/100	dev results	MRR 0.073157	H@1 0.039200	H@3 0.069000	H@5 0.092300	H@10 0.136500
INFO:kbc-cli.py:Epoch 63/100	test results	MRR 0.072891	H@1 0.037900	H@3 0.071400	H@5 0.091400	H@10 0.133600
INFO:kbc-cli.py:Epoch 64/100	Loss 23.2914 ± 0.3465
INFO:kbc-cli.py:Epoch 65/100	Loss 23.2829 ± 0.3277
INFO:kbc-cli.py:Epoch 66/100	Loss 23.2757 ± 0.3335
INFO:kbc-cli.py:Epoch 66/100	dev results	MRR 0.072774	H@1 0.038800	H@3 0.067800	H@5 0.092200	H@10 0.137100
INFO:kbc-cli.py:Epoch 66/100	test results	MRR 0.072575	H@1 0.037900	H@3 0.068700	H@5 0.092100	H@10 0.135000
INFO:kbc-cli.py:Epoch 67/100	Loss 23.2673 ± 0.3234
INFO:kbc-cli.py:Epoch 68/100	Loss 23.2598 ± 0.3428
INFO:kbc-cli.py:Epoch 69/100	Loss 23.2528 ± 0.3319
INFO:kbc-cli.py:Epoch 69/100	dev results	MRR 0.072993	H@1 0.038600	H@3 0.068100	H@5 0.093100	H@10 0.138000
INFO:kbc-cli.py:Epoch 69/100	test results	MRR 0.073347	H@1 0.038200	H@3 0.071100	H@5 0.092600	H@10 0.134900
INFO:kbc-cli.py:Epoch 70/100	Loss 23.2459 ± 0.3255
INFO:kbc-cli.py:Epoch 71/100	Loss 23.2390 ± 0.3243
INFO:kbc-cli.py:Epoch 72/100	Loss 23.2324 ± 0.3250
INFO:kbc-cli.py:Epoch 72/100	dev results	MRR 0.073909	H@1 0.039200	H@3 0.070200	H@5 0.094400	H@10 0.139000
INFO:kbc-cli.py:Epoch 72/100	test results	MRR 0.072467	H@1 0.036700	H@3 0.070500	H@5 0.092900	H@10 0.136900
INFO:kbc-cli.py:Epoch 73/100	Loss 23.2262 ± 0.3249
INFO:kbc-cli.py:Epoch 74/100	Loss 23.2198 ± 0.3280
INFO:kbc-cli.py:Epoch 75/100	Loss 23.2139 ± 0.3221
INFO:kbc-cli.py:Epoch 75/100	dev results	MRR 0.074941	H@1 0.040200	H@3 0.071100	H@5 0.096500	H@10 0.137800
INFO:kbc-cli.py:Epoch 75/100	test results	MRR 0.073754	H@1 0.038300	H@3 0.070600	H@5 0.092100	H@10 0.136000
INFO:kbc-cli.py:Epoch 76/100	Loss 23.2081 ± 0.3324
INFO:kbc-cli.py:Epoch 77/100	Loss 23.2025 ± 0.3266
INFO:kbc-cli.py:Epoch 78/100	Loss 23.1969 ± 0.3081
INFO:kbc-cli.py:Epoch 78/100	dev results	MRR 0.074518	H@1 0.040100	H@3 0.070500	H@5 0.095000	H@10 0.139000
INFO:kbc-cli.py:Epoch 78/100	test results	MRR 0.074367	H@1 0.037900	H@3 0.072400	H@5 0.097000	H@10 0.137600
INFO:kbc-cli.py:Epoch 79/100	Loss 23.1915 ± 0.3219
INFO:kbc-cli.py:Epoch 80/100	Loss 23.1864 ± 0.3125
INFO:kbc-cli.py:Epoch 81/100	Loss 23.1814 ± 0.3136
INFO:kbc-cli.py:Epoch 81/100	dev results	MRR 0.074468	H@1 0.039500	H@3 0.071000	H@5 0.096600	H@10 0.139000
INFO:kbc-cli.py:Epoch 81/100	test results	MRR 0.073511	H@1 0.037700	H@3 0.070700	H@5 0.094100	H@10 0.135900
INFO:kbc-cli.py:Epoch 82/100	Loss 23.1764 ± 0.3233
INFO:kbc-cli.py:Epoch 83/100	Loss 23.1718 ± 0.3041
INFO:kbc-cli.py:Epoch 84/100	Loss 23.1670 ± 0.3123
INFO:kbc-cli.py:Epoch 84/100	dev results	MRR 0.075055	H@1 0.040800	H@3 0.070500	H@5 0.093300	H@10 0.139900
INFO:kbc-cli.py:Epoch 84/100	test results	MRR 0.074398	H@1 0.038400	H@3 0.071400	H@5 0.094600	H@10 0.138100
INFO:kbc-cli.py:Epoch 85/100	Loss 23.1625 ± 0.3095
INFO:kbc-cli.py:Epoch 86/100	Loss 23.1579 ± 0.3052
INFO:kbc-cli.py:Epoch 87/100	Loss 23.1535 ± 0.2994
INFO:kbc-cli.py:Epoch 87/100	dev results	MRR 0.075524	H@1 0.040500	H@3 0.072100	H@5 0.096100	H@10 0.140700
INFO:kbc-cli.py:Epoch 87/100	test results	MRR 0.074004	H@1 0.037300	H@3 0.071400	H@5 0.096200	H@10 0.138100
INFO:kbc-cli.py:Epoch 88/100	Loss 23.1494 ± 0.2992
INFO:kbc-cli.py:Epoch 89/100	Loss 23.1453 ± 0.3091
INFO:kbc-cli.py:Epoch 90/100	Loss 23.1413 ± 0.3000
INFO:kbc-cli.py:Epoch 90/100	dev results	MRR 0.074359	H@1 0.038800	H@3 0.070800	H@5 0.094200	H@10 0.140800
INFO:kbc-cli.py:Epoch 90/100	test results	MRR 0.074658	H@1 0.038500	H@3 0.073000	H@5 0.095400	H@10 0.139100
INFO:kbc-cli.py:Epoch 91/100	Loss 23.1372 ± 0.2959
INFO:kbc-cli.py:Epoch 92/100	Loss 23.1335 ± 0.2957
INFO:kbc-cli.py:Epoch 93/100	Loss 23.1297 ± 0.2993
INFO:kbc-cli.py:Epoch 93/100	dev results	MRR 0.075046	H@1 0.039100	H@3 0.072700	H@5 0.096000	H@10 0.141900
INFO:kbc-cli.py:Epoch 93/100	test results	MRR 0.073676	H@1 0.037400	H@3 0.072600	H@5 0.094700	H@10 0.137400
INFO:kbc-cli.py:Epoch 94/100	Loss 23.1260 ± 0.2890
INFO:kbc-cli.py:Epoch 95/100	Loss 23.1224 ± 0.2996
INFO:kbc-cli.py:Epoch 96/100	Loss 23.1194 ± 0.2927
INFO:kbc-cli.py:Epoch 96/100	dev results	MRR 0.075236	H@1 0.039700	H@3 0.072200	H@5 0.094900	H@10 0.141800
INFO:kbc-cli.py:Epoch 96/100	test results	MRR 0.075149	H@1 0.038400	H@3 0.074300	H@5 0.096700	H@10 0.140100
INFO:kbc-cli.py:Epoch 97/100	Loss 23.1154 ± 0.2882
INFO:kbc-cli.py:Epoch 98/100	Loss 23.1121 ± 0.2806
INFO:kbc-cli.py:Epoch 99/100	Loss 23.1086 ± 0.2950
INFO:kbc-cli.py:Epoch 99/100	dev results	MRR 0.075167	H@1 0.039300	H@3 0.071500	H@5 0.097300	H@10 0.143900
INFO:kbc-cli.py:Epoch 99/100	test results	MRR 0.075285	H@1 0.038900	H@3 0.072500	H@5 0.095300	H@10 0.142900
INFO:kbc-cli.py:Epoch 100/100	Loss 23.1056 ± 0.2859
INFO:kbc-cli.py:Final 	dev results	MRR 0.075162	H@1 0.039700	H@3 0.071400	H@5 0.096900	H@10 0.142900
INFO:kbc-cli.py:Final 	test results	MRR 0.074780	H@1 0.038300	H@3 0.071500	H@5 0.095600	H@10 0.142500
INFO:kbc-cli.py:Training finished
