./bin/kbc-cli.py --train data/yago3-10/train.tsv --dev data/yago3-10/dev.tsv --test data/yago3-10/test.tsv -m complex -k 1000 -b 500 -e 100 --F2 0 --N3 0.01 -l 0.1 -I standard -V 3 -o adagrad -q
{'F2': 0.0,
 'N3': 0.01,
 'batch_size': 500,
 'dev': 'data/yago3-10/dev.tsv',
 'embedding_size': 1000,
 'epochs': 100,
 'eval_batch_size': None,
 'input_type': 'standard',
 'learning_rate': 0.1,
 'load': None,
 'model': 'complex',
 'optimizer': 'adagrad',
 'quiet': True,
 'save': None,
 'seed': 0,
 'test': 'data/yago3-10/test.tsv',
 'test_i': None,
 'test_ii': None,
 'train': 'data/yago3-10/train.tsv',
 'validate_every': 3}
INFO:kbc-cli.py:Device: cuda
INFO:kbc-cli.py:Model state:
INFO:kbc-cli.py:	entities.weight	torch.Size([123182, 2000])
INFO:kbc-cli.py:	predicates.weight	torch.Size([37, 2000])
INFO:kbc-cli.py:Epoch 1/100	Loss 17.1370 ± 2.3950
INFO:kbc-cli.py:Epoch 2/100	Loss 11.0525 ± 0.1628
INFO:kbc-cli.py:Epoch 3/100	Loss 9.6920 ± 0.2636
INFO:kbc-cli.py:Epoch 3/100	dev results	MRR 0.455650	H@1 0.365800	H@3 0.500800	H@5 0.556800	H@10 0.627000
INFO:kbc-cli.py:Epoch 3/100	test results	MRR 0.456728	H@1 0.366800	H@3 0.499600	H@5 0.559000	H@10 0.628100
INFO:kbc-cli.py:Epoch 4/100	Loss 9.2093 ± 0.2745
INFO:kbc-cli.py:Epoch 5/100	Loss 8.9364 ± 0.2759
INFO:kbc-cli.py:Epoch 6/100	Loss 8.7541 ± 0.2690
INFO:kbc-cli.py:Epoch 6/100	dev results	MRR 0.506570	H@1 0.418400	H@3 0.553600	H@5 0.606300	H@10 0.671600
INFO:kbc-cli.py:Epoch 6/100	test results	MRR 0.503333	H@1 0.416700	H@3 0.548800	H@5 0.602200	H@10 0.667300
INFO:kbc-cli.py:Epoch 7/100	Loss 8.6198 ± 0.2642
INFO:kbc-cli.py:Epoch 8/100	Loss 8.5143 ± 0.2608
INFO:kbc-cli.py:Epoch 9/100	Loss 8.4291 ± 0.2558
INFO:kbc-cli.py:Epoch 9/100	dev results	MRR 0.533600	H@1 0.447700	H@3 0.584200	H@5 0.633400	H@10 0.692100
INFO:kbc-cli.py:Epoch 9/100	test results	MRR 0.527724	H@1 0.443100	H@3 0.573600	H@5 0.625700	H@10 0.686400
INFO:kbc-cli.py:Epoch 10/100	Loss 8.3574 ± 0.2525
INFO:kbc-cli.py:Epoch 11/100	Loss 8.2965 ± 0.2449
INFO:kbc-cli.py:Epoch 12/100	Loss 8.2443 ± 0.2387
INFO:kbc-cli.py:Epoch 12/100	dev results	MRR 0.547231	H@1 0.463700	H@3 0.599100	H@5 0.644300	H@10 0.698400
INFO:kbc-cli.py:Epoch 12/100	test results	MRR 0.546646	H@1 0.465800	H@3 0.593400	H@5 0.640300	H@10 0.693200
INFO:kbc-cli.py:Epoch 13/100	Loss 8.1978 ± 0.2408
INFO:kbc-cli.py:Epoch 14/100	Loss 8.1563 ± 0.2339
INFO:kbc-cli.py:Epoch 15/100	Loss 8.1195 ± 0.2320
INFO:kbc-cli.py:Epoch 15/100	dev results	MRR 0.560393	H@1 0.480600	H@3 0.610600	H@5 0.655300	H@10 0.705000
INFO:kbc-cli.py:Epoch 15/100	test results	MRR 0.554941	H@1 0.474700	H@3 0.603200	H@5 0.646200	H@10 0.697800
INFO:kbc-cli.py:Epoch 16/100	Loss 8.0864 ± 0.2301
INFO:kbc-cli.py:Epoch 17/100	Loss 8.0557 ± 0.2249
INFO:kbc-cli.py:Epoch 18/100	Loss 8.0280 ± 0.2243
INFO:kbc-cli.py:Epoch 18/100	dev results	MRR 0.564607	H@1 0.487000	H@3 0.614700	H@5 0.656400	H@10 0.705500
INFO:kbc-cli.py:Epoch 18/100	test results	MRR 0.559333	H@1 0.480500	H@3 0.605300	H@5 0.651700	H@10 0.701100
INFO:kbc-cli.py:Epoch 19/100	Loss 8.0027 ± 0.2220
INFO:kbc-cli.py:Epoch 20/100	Loss 7.9793 ± 0.2207
INFO:kbc-cli.py:Epoch 21/100	Loss 7.9567 ± 0.2162
INFO:kbc-cli.py:Epoch 21/100	dev results	MRR 0.568351	H@1 0.489400	H@3 0.618000	H@5 0.660000	H@10 0.707300
INFO:kbc-cli.py:Epoch 21/100	test results	MRR 0.564938	H@1 0.487100	H@3 0.611500	H@5 0.653900	H@10 0.703700
INFO:kbc-cli.py:Epoch 22/100	Loss 7.9368 ± 0.2195
INFO:kbc-cli.py:Epoch 23/100	Loss 7.9176 ± 0.2117
INFO:kbc-cli.py:Epoch 24/100	Loss 7.8996 ± 0.2097
INFO:kbc-cli.py:Epoch 24/100	dev results	MRR 0.573812	H@1 0.497500	H@3 0.620300	H@5 0.662900	H@10 0.709400
INFO:kbc-cli.py:Epoch 24/100	test results	MRR 0.568939	H@1 0.491400	H@3 0.616700	H@5 0.657000	H@10 0.705000
INFO:kbc-cli.py:Epoch 25/100	Loss 7.8828 ± 0.2078
INFO:kbc-cli.py:Epoch 26/100	Loss 7.8667 ± 0.2045
INFO:kbc-cli.py:Epoch 27/100	Loss 7.8520 ± 0.2103
INFO:kbc-cli.py:Epoch 27/100	dev results	MRR 0.574884	H@1 0.500000	H@3 0.621600	H@5 0.664200	H@10 0.708300
INFO:kbc-cli.py:Epoch 27/100	test results	MRR 0.570287	H@1 0.492600	H@3 0.618400	H@5 0.659300	H@10 0.706600
INFO:kbc-cli.py:Epoch 28/100	Loss 7.8376 ± 0.2034
INFO:kbc-cli.py:Epoch 29/100	Loss 7.8244 ± 0.2015
INFO:kbc-cli.py:Epoch 30/100	Loss 7.8117 ± 0.2020
INFO:kbc-cli.py:Epoch 30/100	dev results	MRR 0.576814	H@1 0.502600	H@3 0.624000	H@5 0.661700	H@10 0.711600
INFO:kbc-cli.py:Epoch 30/100	test results	MRR 0.572992	H@1 0.497500	H@3 0.616400	H@5 0.658600	H@10 0.708100
INFO:kbc-cli.py:Epoch 31/100	Loss 7.7992 ± 0.2020
INFO:kbc-cli.py:Epoch 32/100	Loss 7.7880 ± 0.1974
INFO:kbc-cli.py:Epoch 33/100	Loss 7.7766 ± 0.1935
INFO:kbc-cli.py:Epoch 33/100	dev results	MRR 0.578083	H@1 0.503000	H@3 0.625000	H@5 0.664500	H@10 0.711500
INFO:kbc-cli.py:Epoch 33/100	test results	MRR 0.575423	H@1 0.500700	H@3 0.621000	H@5 0.661300	H@10 0.707800
INFO:kbc-cli.py:Epoch 34/100	Loss 7.7661 ± 0.1929
INFO:kbc-cli.py:Epoch 35/100	Loss 7.7560 ± 0.1932
INFO:kbc-cli.py:Epoch 36/100	Loss 7.7461 ± 0.1923
INFO:kbc-cli.py:Epoch 36/100	dev results	MRR 0.578504	H@1 0.505000	H@3 0.624400	H@5 0.663800	H@10 0.710300
INFO:kbc-cli.py:Epoch 36/100	test results	MRR 0.575088	H@1 0.499600	H@3 0.621100	H@5 0.661800	H@10 0.709700
INFO:kbc-cli.py:Epoch 37/100	Loss 7.7370 ± 0.1899
INFO:kbc-cli.py:Epoch 38/100	Loss 7.7282 ± 0.1898
INFO:kbc-cli.py:Epoch 39/100	Loss 7.7198 ± 0.1868
INFO:kbc-cli.py:Epoch 39/100	dev results	MRR 0.582032	H@1 0.509500	H@3 0.625900	H@5 0.665800	H@10 0.712300
INFO:kbc-cli.py:Epoch 39/100	test results	MRR 0.575409	H@1 0.499200	H@3 0.622700	H@5 0.663000	H@10 0.709900
INFO:kbc-cli.py:Epoch 40/100	Loss 7.7112 ± 0.1866
INFO:kbc-cli.py:Epoch 41/100	Loss 7.7032 ± 0.1890
INFO:kbc-cli.py:Epoch 42/100	Loss 7.6953 ± 0.1839
INFO:kbc-cli.py:Epoch 42/100	dev results	MRR 0.580590	H@1 0.507400	H@3 0.625700	H@5 0.666200	H@10 0.712100
INFO:kbc-cli.py:Epoch 42/100	test results	MRR 0.578208	H@1 0.503900	H@3 0.624200	H@5 0.663000	H@10 0.710000
INFO:kbc-cli.py:Epoch 43/100	Loss 7.6879 ± 0.1856
INFO:kbc-cli.py:Epoch 44/100	Loss 7.6814 ± 0.1833
INFO:kbc-cli.py:Epoch 45/100	Loss 7.6737 ± 0.1812
INFO:kbc-cli.py:Epoch 45/100	dev results	MRR 0.583120	H@1 0.512300	H@3 0.625700	H@5 0.665300	H@10 0.711900
INFO:kbc-cli.py:Epoch 45/100	test results	MRR 0.578709	H@1 0.504400	H@3 0.621700	H@5 0.664400	H@10 0.711800
INFO:kbc-cli.py:Epoch 46/100	Loss 7.6676 ± 0.1797
INFO:kbc-cli.py:Epoch 47/100	Loss 7.6607 ± 0.1773
INFO:kbc-cli.py:Epoch 48/100	Loss 7.6545 ± 0.1798
INFO:kbc-cli.py:Epoch 48/100	dev results	MRR 0.580968	H@1 0.507600	H@3 0.625700	H@5 0.664700	H@10 0.711700
INFO:kbc-cli.py:Epoch 48/100	test results	MRR 0.578975	H@1 0.503800	H@3 0.624400	H@5 0.664300	H@10 0.711000
INFO:kbc-cli.py:Epoch 49/100	Loss 7.6488 ± 0.1821
INFO:kbc-cli.py:Epoch 50/100	Loss 7.6425 ± 0.1792
INFO:kbc-cli.py:Epoch 51/100	Loss 7.6370 ± 0.1782
INFO:kbc-cli.py:Epoch 51/100	dev results	MRR 0.581926	H@1 0.508700	H@3 0.626700	H@5 0.665400	H@10 0.711800
INFO:kbc-cli.py:Epoch 51/100	test results	MRR 0.577356	H@1 0.501200	H@3 0.623900	H@5 0.665800	H@10 0.710900
INFO:kbc-cli.py:Epoch 52/100	Loss 7.6311 ± 0.1786
INFO:kbc-cli.py:Epoch 53/100	Loss 7.6262 ± 0.1728
INFO:kbc-cli.py:Epoch 54/100	Loss 7.6207 ± 0.1741
INFO:kbc-cli.py:Epoch 54/100	dev results	MRR 0.582870	H@1 0.511500	H@3 0.624300	H@5 0.665700	H@10 0.712300
INFO:kbc-cli.py:Epoch 54/100	test results	MRR 0.579172	H@1 0.504000	H@3 0.624700	H@5 0.666800	H@10 0.712000
INFO:kbc-cli.py:Epoch 55/100	Loss 7.6156 ± 0.1732
INFO:kbc-cli.py:Epoch 56/100	Loss 7.6104 ± 0.1694
INFO:kbc-cli.py:Epoch 57/100	Loss 7.6057 ± 0.1709
INFO:kbc-cli.py:Epoch 57/100	dev results	MRR 0.582460	H@1 0.510900	H@3 0.625400	H@5 0.664700	H@10 0.712800
INFO:kbc-cli.py:Epoch 57/100	test results	MRR 0.579447	H@1 0.504300	H@3 0.626600	H@5 0.664700	H@10 0.711900
INFO:kbc-cli.py:Epoch 58/100	Loss 7.6009 ± 0.1696
INFO:kbc-cli.py:Epoch 59/100	Loss 7.5963 ± 0.1673
INFO:kbc-cli.py:Epoch 60/100	Loss 7.5925 ± 0.1734
INFO:kbc-cli.py:Epoch 60/100	dev results	MRR 0.582910	H@1 0.511600	H@3 0.626100	H@5 0.664400	H@10 0.712400
INFO:kbc-cli.py:Epoch 60/100	test results	MRR 0.579426	H@1 0.504200	H@3 0.625400	H@5 0.666800	H@10 0.712800
INFO:kbc-cli.py:Epoch 61/100	Loss 7.5874 ± 0.1696
INFO:kbc-cli.py:Epoch 62/100	Loss 7.5832 ± 0.1691
INFO:kbc-cli.py:Epoch 63/100	Loss 7.5792 ± 0.1678
INFO:kbc-cli.py:Epoch 63/100	dev results	MRR 0.582844	H@1 0.511800	H@3 0.625400	H@5 0.664800	H@10 0.712500
INFO:kbc-cli.py:Epoch 63/100	test results	MRR 0.579256	H@1 0.504400	H@3 0.625200	H@5 0.665900	H@10 0.711200
INFO:kbc-cli.py:Epoch 64/100	Loss 7.5751 ± 0.1629
INFO:kbc-cli.py:Epoch 65/100	Loss 7.5712 ± 0.1643
INFO:kbc-cli.py:Epoch 66/100	Loss 7.5669 ± 0.1683
INFO:kbc-cli.py:Epoch 66/100	dev results	MRR 0.583599	H@1 0.512600	H@3 0.626400	H@5 0.666600	H@10 0.712800
INFO:kbc-cli.py:Epoch 66/100	test results	MRR 0.580033	H@1 0.505700	H@3 0.625700	H@5 0.665100	H@10 0.712400
INFO:kbc-cli.py:Epoch 67/100	Loss 7.5635 ± 0.1705
INFO:kbc-cli.py:Epoch 68/100	Loss 7.5595 ± 0.1658
INFO:kbc-cli.py:Epoch 69/100	Loss 7.5564 ± 0.1673
INFO:kbc-cli.py:Epoch 69/100	dev results	MRR 0.582227	H@1 0.511300	H@3 0.625800	H@5 0.664400	H@10 0.712100
INFO:kbc-cli.py:Epoch 69/100	test results	MRR 0.580291	H@1 0.506300	H@3 0.625900	H@5 0.667100	H@10 0.713500
INFO:kbc-cli.py:Epoch 70/100	Loss 7.5525 ± 0.1631
INFO:kbc-cli.py:Epoch 71/100	Loss 7.5490 ± 0.1624
INFO:kbc-cli.py:Epoch 72/100	Loss 7.5460 ± 0.1612
INFO:kbc-cli.py:Epoch 72/100	dev results	MRR 0.582954	H@1 0.511600	H@3 0.627100	H@5 0.664200	H@10 0.712000
INFO:kbc-cli.py:Epoch 72/100	test results	MRR 0.580319	H@1 0.505400	H@3 0.626600	H@5 0.665900	H@10 0.715300
INFO:kbc-cli.py:Epoch 73/100	Loss 7.5422 ± 0.1651
INFO:kbc-cli.py:Epoch 74/100	Loss 7.5394 ± 0.1622
INFO:kbc-cli.py:Epoch 75/100	Loss 7.5357 ± 0.1662
INFO:kbc-cli.py:Epoch 75/100	dev results	MRR 0.583780	H@1 0.512900	H@3 0.624500	H@5 0.667800	H@10 0.712500
INFO:kbc-cli.py:Epoch 75/100	test results	MRR 0.580535	H@1 0.504500	H@3 0.627300	H@5 0.667800	H@10 0.714200
INFO:kbc-cli.py:Epoch 76/100	Loss 7.5329 ± 0.1613
INFO:kbc-cli.py:Epoch 77/100	Loss 7.5298 ± 0.1645
INFO:kbc-cli.py:Epoch 78/100	Loss 7.5269 ± 0.1645
INFO:kbc-cli.py:Epoch 78/100	dev results	MRR 0.583280	H@1 0.512900	H@3 0.623700	H@5 0.665200	H@10 0.712000
INFO:kbc-cli.py:Epoch 78/100	test results	MRR 0.581036	H@1 0.506400	H@3 0.627400	H@5 0.665900	H@10 0.713600
INFO:kbc-cli.py:Epoch 79/100	Loss 7.5237 ± 0.1572
INFO:kbc-cli.py:Epoch 80/100	Loss 7.5211 ± 0.1591
INFO:kbc-cli.py:Epoch 81/100	Loss 7.5182 ± 0.1577
INFO:kbc-cli.py:Epoch 81/100	dev results	MRR 0.582344	H@1 0.511100	H@3 0.625100	H@5 0.665500	H@10 0.712500
INFO:kbc-cli.py:Epoch 81/100	test results	MRR 0.580887	H@1 0.506500	H@3 0.627200	H@5 0.665800	H@10 0.714500
INFO:kbc-cli.py:Epoch 82/100	Loss 7.5153 ± 0.1605
INFO:kbc-cli.py:Epoch 83/100	Loss 7.5124 ± 0.1601
INFO:kbc-cli.py:Epoch 84/100	Loss 7.5099 ± 0.1564
INFO:kbc-cli.py:Epoch 84/100	dev results	MRR 0.583992	H@1 0.512900	H@3 0.625300	H@5 0.667600	H@10 0.712700
INFO:kbc-cli.py:Epoch 84/100	test results	MRR 0.581684	H@1 0.507800	H@3 0.626200	H@5 0.666200	H@10 0.713300
INFO:kbc-cli.py:Epoch 85/100	Loss 7.5073 ± 0.1567
INFO:kbc-cli.py:Epoch 86/100	Loss 7.5044 ± 0.1534
INFO:kbc-cli.py:Epoch 87/100	Loss 7.5020 ± 0.1577
INFO:kbc-cli.py:Epoch 87/100	dev results	MRR 0.582860	H@1 0.511900	H@3 0.625000	H@5 0.665800	H@10 0.712800
INFO:kbc-cli.py:Epoch 87/100	test results	MRR 0.581119	H@1 0.506300	H@3 0.627200	H@5 0.667100	H@10 0.713500
INFO:kbc-cli.py:Epoch 88/100	Loss 7.4998 ± 0.1613
INFO:kbc-cli.py:Epoch 89/100	Loss 7.4970 ± 0.1580
INFO:kbc-cli.py:Epoch 90/100	Loss 7.4946 ± 0.1579
INFO:kbc-cli.py:Epoch 90/100	dev results	MRR 0.582494	H@1 0.511600	H@3 0.624000	H@5 0.665000	H@10 0.710400
INFO:kbc-cli.py:Epoch 90/100	test results	MRR 0.582042	H@1 0.507900	H@3 0.627700	H@5 0.668300	H@10 0.714400
INFO:kbc-cli.py:Epoch 91/100	Loss 7.4924 ± 0.1541
INFO:kbc-cli.py:Epoch 92/100	Loss 7.4899 ± 0.1555
INFO:kbc-cli.py:Epoch 93/100	Loss 7.4878 ± 0.1557
INFO:kbc-cli.py:Epoch 93/100	dev results	MRR 0.581889	H@1 0.510500	H@3 0.624200	H@5 0.667100	H@10 0.711500
INFO:kbc-cli.py:Epoch 93/100	test results	MRR 0.581560	H@1 0.507900	H@3 0.626400	H@5 0.666700	H@10 0.713800
INFO:kbc-cli.py:Epoch 94/100	Loss 7.4855 ± 0.1531
INFO:kbc-cli.py:Epoch 95/100	Loss 7.4830 ± 0.1554
INFO:kbc-cli.py:Epoch 96/100	Loss 7.4810 ± 0.1512
INFO:kbc-cli.py:Epoch 96/100	dev results	MRR 0.582694	H@1 0.512200	H@3 0.623900	H@5 0.665300	H@10 0.712700
INFO:kbc-cli.py:Epoch 96/100	test results	MRR 0.581700	H@1 0.507500	H@3 0.627500	H@5 0.666400	H@10 0.714500
INFO:kbc-cli.py:Epoch 97/100	Loss 7.4790 ± 0.1543
INFO:kbc-cli.py:Epoch 98/100	Loss 7.4769 ± 0.1511
INFO:kbc-cli.py:Epoch 99/100	Loss 7.4746 ± 0.1537
INFO:kbc-cli.py:Epoch 99/100	dev results	MRR 0.583278	H@1 0.512600	H@3 0.624400	H@5 0.665800	H@10 0.711300
INFO:kbc-cli.py:Epoch 99/100	test results	MRR 0.583146	H@1 0.509800	H@3 0.626700	H@5 0.669700	H@10 0.715200
INFO:kbc-cli.py:Epoch 100/100	Loss 7.4725 ± 0.1510
INFO:kbc-cli.py:Final 	dev results	MRR 0.583106	H@1 0.512400	H@3 0.624200	H@5 0.664500	H@10 0.712200
INFO:kbc-cli.py:Final 	test results	MRR 0.583274	H@1 0.509700	H@3 0.626900	H@5 0.668500	H@10 0.714600
INFO:kbc-cli.py:Training finished
