./bin/kbc-cli.py --train data/yago3-10/train.tsv --dev data/yago3-10/dev.tsv --test data/yago3-10/test.tsv -m complex -k 500 -b 1000 -e 100 --F2 0 --N3 0.005 -l 0.1 -I standard -V 3 -o adagrad -q
{'F2': 0.0,
 'N3': 0.005,
 'batch_size': 1000,
 'dev': 'data/yago3-10/dev.tsv',
 'embedding_size': 500,
 'epochs': 100,
 'eval_batch_size': None,
 'input_type': 'standard',
 'learning_rate': 0.1,
 'load': None,
 'model': 'complex',
 'optimizer': 'adagrad',
 'quiet': True,
 'save': None,
 'seed': 0,
 'test': 'data/yago3-10/test.tsv',
 'test_i': None,
 'test_ii': None,
 'train': 'data/yago3-10/train.tsv',
 'validate_every': 3}
INFO:kbc-cli.py:Device: cuda
INFO:kbc-cli.py:Model state:
INFO:kbc-cli.py:	entities.weight	torch.Size([123182, 1000])
INFO:kbc-cli.py:	predicates.weight	torch.Size([37, 1000])
INFO:kbc-cli.py:Epoch 1/100	Loss 16.3584 ± 2.3281
INFO:kbc-cli.py:Epoch 2/100	Loss 10.3311 ± 0.1234
INFO:kbc-cli.py:Epoch 3/100	Loss 8.9109 ± 0.2605
INFO:kbc-cli.py:Epoch 3/100	dev results	MRR 0.446965	H@1 0.358800	H@3 0.487600	H@5 0.545100	H@10 0.618200
INFO:kbc-cli.py:Epoch 3/100	test results	MRR 0.450325	H@1 0.361200	H@3 0.495300	H@5 0.548100	H@10 0.619200
INFO:kbc-cli.py:Epoch 4/100	Loss 8.4492 ± 0.2697
INFO:kbc-cli.py:Epoch 5/100	Loss 8.2049 ± 0.2674
INFO:kbc-cli.py:Epoch 6/100	Loss 8.0487 ± 0.2585
INFO:kbc-cli.py:Epoch 6/100	dev results	MRR 0.504592	H@1 0.418300	H@3 0.552100	H@5 0.601600	H@10 0.668100
INFO:kbc-cli.py:Epoch 6/100	test results	MRR 0.502997	H@1 0.417500	H@3 0.550800	H@5 0.602700	H@10 0.664600
INFO:kbc-cli.py:Epoch 7/100	Loss 7.9379 ± 0.2519
INFO:kbc-cli.py:Epoch 8/100	Loss 7.8513 ± 0.2478
INFO:kbc-cli.py:Epoch 9/100	Loss 7.7830 ± 0.2409
INFO:kbc-cli.py:Epoch 9/100	dev results	MRR 0.535590	H@1 0.452100	H@3 0.584900	H@5 0.632500	H@10 0.686700
INFO:kbc-cli.py:Epoch 9/100	test results	MRR 0.529164	H@1 0.444600	H@3 0.578600	H@5 0.626100	H@10 0.685300
INFO:kbc-cli.py:Epoch 10/100	Loss 7.7263 ± 0.2370
INFO:kbc-cli.py:Epoch 11/100	Loss 7.6784 ± 0.2279
INFO:kbc-cli.py:Epoch 12/100	Loss 7.6381 ± 0.2219
INFO:kbc-cli.py:Epoch 12/100	dev results	MRR 0.549186	H@1 0.468600	H@3 0.600800	H@5 0.643300	H@10 0.693200
INFO:kbc-cli.py:Epoch 12/100	test results	MRR 0.549532	H@1 0.471500	H@3 0.596300	H@5 0.642500	H@10 0.691100
INFO:kbc-cli.py:Epoch 13/100	Loss 7.6022 ± 0.2233
INFO:kbc-cli.py:Epoch 14/100	Loss 7.5700 ± 0.2153
INFO:kbc-cli.py:Epoch 15/100	Loss 7.5419 ± 0.2124
INFO:kbc-cli.py:Epoch 15/100	dev results	MRR 0.560921	H@1 0.484200	H@3 0.609300	H@5 0.651900	H@10 0.698800
INFO:kbc-cli.py:Epoch 15/100	test results	MRR 0.556756	H@1 0.479300	H@3 0.604400	H@5 0.648000	H@10 0.695600
INFO:kbc-cli.py:Epoch 16/100	Loss 7.5169 ± 0.2114
INFO:kbc-cli.py:Epoch 17/100	Loss 7.4934 ± 0.2045
INFO:kbc-cli.py:Epoch 18/100	Loss 7.4719 ± 0.2042
INFO:kbc-cli.py:Epoch 18/100	dev results	MRR 0.564261	H@1 0.488400	H@3 0.609800	H@5 0.652400	H@10 0.698800
INFO:kbc-cli.py:Epoch 18/100	test results	MRR 0.560983	H@1 0.483900	H@3 0.610000	H@5 0.651100	H@10 0.697500
INFO:kbc-cli.py:Epoch 19/100	Loss 7.4532 ± 0.2017
INFO:kbc-cli.py:Epoch 20/100	Loss 7.4359 ± 0.2007
INFO:kbc-cli.py:Epoch 21/100	Loss 7.4179 ± 0.1958
INFO:kbc-cli.py:Epoch 21/100	dev results	MRR 0.565793	H@1 0.488600	H@3 0.614400	H@5 0.655700	H@10 0.702400
INFO:kbc-cli.py:Epoch 21/100	test results	MRR 0.564640	H@1 0.488800	H@3 0.612000	H@5 0.652200	H@10 0.697500
INFO:kbc-cli.py:Epoch 22/100	Loss 7.4034 ± 0.1994
INFO:kbc-cli.py:Epoch 23/100	Loss 7.3891 ± 0.1902
INFO:kbc-cli.py:Epoch 24/100	Loss 7.3752 ± 0.1874
INFO:kbc-cli.py:Epoch 24/100	dev results	MRR 0.569532	H@1 0.493300	H@3 0.617800	H@5 0.657500	H@10 0.701200
INFO:kbc-cli.py:Epoch 24/100	test results	MRR 0.568931	H@1 0.495400	H@3 0.612700	H@5 0.652200	H@10 0.700500
INFO:kbc-cli.py:Epoch 25/100	Loss 7.3628 ± 0.1858
INFO:kbc-cli.py:Epoch 26/100	Loss 7.3503 ± 0.1821
INFO:kbc-cli.py:Epoch 27/100	Loss 7.3395 ± 0.1883
INFO:kbc-cli.py:Epoch 27/100	dev results	MRR 0.571355	H@1 0.496900	H@3 0.617600	H@5 0.658200	H@10 0.701500
INFO:kbc-cli.py:Epoch 27/100	test results	MRR 0.569251	H@1 0.494000	H@3 0.617200	H@5 0.656000	H@10 0.700600
INFO:kbc-cli.py:Epoch 28/100	Loss 7.3284 ± 0.1817
INFO:kbc-cli.py:Epoch 29/100	Loss 7.3187 ± 0.1796
INFO:kbc-cli.py:Epoch 30/100	Loss 7.3091 ± 0.1803
INFO:kbc-cli.py:Epoch 30/100	dev results	MRR 0.572549	H@1 0.498600	H@3 0.619000	H@5 0.658000	H@10 0.702300
INFO:kbc-cli.py:Epoch 30/100	test results	MRR 0.571667	H@1 0.497700	H@3 0.618300	H@5 0.655300	H@10 0.702000
INFO:kbc-cli.py:Epoch 31/100	Loss 7.2992 ± 0.1789
INFO:kbc-cli.py:Epoch 32/100	Loss 7.2912 ± 0.1747
INFO:kbc-cli.py:Epoch 33/100	Loss 7.2822 ± 0.1705
INFO:kbc-cli.py:Epoch 33/100	dev results	MRR 0.574694	H@1 0.500900	H@3 0.621800	H@5 0.658900	H@10 0.702900
INFO:kbc-cli.py:Epoch 33/100	test results	MRR 0.572838	H@1 0.499200	H@3 0.619300	H@5 0.656800	H@10 0.702500
INFO:kbc-cli.py:Epoch 34/100	Loss 7.2745 ± 0.1713
INFO:kbc-cli.py:Epoch 35/100	Loss 7.2668 ± 0.1706
INFO:kbc-cli.py:Epoch 36/100	Loss 7.2586 ± 0.1692
INFO:kbc-cli.py:Epoch 36/100	dev results	MRR 0.574334	H@1 0.501300	H@3 0.620700	H@5 0.657300	H@10 0.703400
INFO:kbc-cli.py:Epoch 36/100	test results	MRR 0.574056	H@1 0.500800	H@3 0.620000	H@5 0.657500	H@10 0.703100
INFO:kbc-cli.py:Epoch 37/100	Loss 7.2523 ± 0.1667
INFO:kbc-cli.py:Epoch 38/100	Loss 7.2457 ± 0.1678
INFO:kbc-cli.py:Epoch 39/100	Loss 7.2397 ± 0.1649
INFO:kbc-cli.py:Epoch 39/100	dev results	MRR 0.575618	H@1 0.501900	H@3 0.622500	H@5 0.661200	H@10 0.702600
INFO:kbc-cli.py:Epoch 39/100	test results	MRR 0.573964	H@1 0.499700	H@3 0.621300	H@5 0.657200	H@10 0.704100
INFO:kbc-cli.py:Epoch 40/100	Loss 7.2326 ± 0.1638
INFO:kbc-cli.py:Epoch 41/100	Loss 7.2264 ± 0.1655
INFO:kbc-cli.py:Epoch 42/100	Loss 7.2200 ± 0.1612
INFO:kbc-cli.py:Epoch 42/100	dev results	MRR 0.575693	H@1 0.503100	H@3 0.619600	H@5 0.659400	H@10 0.704600
INFO:kbc-cli.py:Epoch 42/100	test results	MRR 0.576212	H@1 0.503000	H@3 0.622200	H@5 0.658800	H@10 0.704400
INFO:kbc-cli.py:Epoch 43/100	Loss 7.2145 ± 0.1623
INFO:kbc-cli.py:Epoch 44/100	Loss 7.2102 ± 0.1609
INFO:kbc-cli.py:Epoch 45/100	Loss 7.2034 ± 0.1584
INFO:kbc-cli.py:Epoch 45/100	dev results	MRR 0.577210	H@1 0.505100	H@3 0.622200	H@5 0.660800	H@10 0.705100
INFO:kbc-cli.py:Epoch 45/100	test results	MRR 0.577341	H@1 0.504600	H@3 0.623400	H@5 0.660200	H@10 0.705800
INFO:kbc-cli.py:Epoch 46/100	Loss 7.1995 ± 0.1564
INFO:kbc-cli.py:Epoch 47/100	Loss 7.1939 ± 0.1538
INFO:kbc-cli.py:Epoch 48/100	Loss 7.1892 ± 0.1563
INFO:kbc-cli.py:Epoch 48/100	dev results	MRR 0.577202	H@1 0.505800	H@3 0.620900	H@5 0.658200	H@10 0.704700
INFO:kbc-cli.py:Epoch 48/100	test results	MRR 0.576651	H@1 0.503600	H@3 0.622200	H@5 0.658500	H@10 0.703100
INFO:kbc-cli.py:Epoch 49/100	Loss 7.1851 ± 0.1593
INFO:kbc-cli.py:Epoch 50/100	Loss 7.1797 ± 0.1555
INFO:kbc-cli.py:Epoch 51/100	Loss 7.1758 ± 0.1556
INFO:kbc-cli.py:Epoch 51/100	dev results	MRR 0.577939	H@1 0.506900	H@3 0.622400	H@5 0.658800	H@10 0.704500
INFO:kbc-cli.py:Epoch 51/100	test results	MRR 0.575896	H@1 0.502500	H@3 0.623000	H@5 0.658000	H@10 0.703400
INFO:kbc-cli.py:Epoch 52/100	Loss 7.1708 ± 0.1534
INFO:kbc-cli.py:Epoch 53/100	Loss 7.1674 ± 0.1499
INFO:kbc-cli.py:Epoch 54/100	Loss 7.1629 ± 0.1494
INFO:kbc-cli.py:Epoch 54/100	dev results	MRR 0.577771	H@1 0.506000	H@3 0.621800	H@5 0.659600	H@10 0.704600
INFO:kbc-cli.py:Epoch 54/100	test results	MRR 0.578415	H@1 0.506200	H@3 0.623400	H@5 0.659900	H@10 0.704900
INFO:kbc-cli.py:Epoch 55/100	Loss 7.1589 ± 0.1491
INFO:kbc-cli.py:Epoch 56/100	Loss 7.1546 ± 0.1468
INFO:kbc-cli.py:Epoch 57/100	Loss 7.1512 ± 0.1466
INFO:kbc-cli.py:Epoch 57/100	dev results	MRR 0.577793	H@1 0.507000	H@3 0.619900	H@5 0.658900	H@10 0.704600
INFO:kbc-cli.py:Epoch 57/100	test results	MRR 0.578447	H@1 0.506200	H@3 0.623600	H@5 0.660200	H@10 0.704800
INFO:kbc-cli.py:Epoch 58/100	Loss 7.1475 ± 0.1469
INFO:kbc-cli.py:Epoch 59/100	Loss 7.1438 ± 0.1438
INFO:kbc-cli.py:Epoch 60/100	Loss 7.1417 ± 0.1525
INFO:kbc-cli.py:Epoch 60/100	dev results	MRR 0.578907	H@1 0.507900	H@3 0.622700	H@5 0.660100	H@10 0.705800
INFO:kbc-cli.py:Epoch 60/100	test results	MRR 0.579634	H@1 0.508200	H@3 0.623900	H@5 0.661300	H@10 0.705400
INFO:kbc-cli.py:Epoch 61/100	Loss 7.1369 ± 0.1461
INFO:kbc-cli.py:Epoch 62/100	Loss 7.1335 ± 0.1467
INFO:kbc-cli.py:Epoch 63/100	Loss 7.1308 ± 0.1443
INFO:kbc-cli.py:Epoch 63/100	dev results	MRR 0.579398	H@1 0.508900	H@3 0.621800	H@5 0.659900	H@10 0.706100
INFO:kbc-cli.py:Epoch 63/100	test results	MRR 0.579013	H@1 0.507500	H@3 0.623100	H@5 0.659400	H@10 0.705100
INFO:kbc-cli.py:Epoch 64/100	Loss 7.1275 ± 0.1376
INFO:kbc-cli.py:Epoch 65/100	Loss 7.1243 ± 0.1398
INFO:kbc-cli.py:Epoch 66/100	Loss 7.1205 ± 0.1443
INFO:kbc-cli.py:Epoch 66/100	dev results	MRR 0.578823	H@1 0.507700	H@3 0.621800	H@5 0.659100	H@10 0.706200
INFO:kbc-cli.py:Epoch 66/100	test results	MRR 0.578263	H@1 0.506200	H@3 0.623600	H@5 0.659800	H@10 0.705900
INFO:kbc-cli.py:Epoch 67/100	Loss 7.1182 ± 0.1459
INFO:kbc-cli.py:Epoch 68/100	Loss 7.1147 ± 0.1415
INFO:kbc-cli.py:Epoch 69/100	Loss 7.1130 ± 0.1433
INFO:kbc-cli.py:Epoch 69/100	dev results	MRR 0.578501	H@1 0.508500	H@3 0.620700	H@5 0.659100	H@10 0.703800
INFO:kbc-cli.py:Epoch 69/100	test results	MRR 0.578985	H@1 0.507400	H@3 0.622900	H@5 0.659200	H@10 0.704600
INFO:kbc-cli.py:Epoch 70/100	Loss 7.1096 ± 0.1392
INFO:kbc-cli.py:Epoch 71/100	Loss 7.1064 ± 0.1372
INFO:kbc-cli.py:Epoch 72/100	Loss 7.1045 ± 0.1375
INFO:kbc-cli.py:Epoch 72/100	dev results	MRR 0.578664	H@1 0.507600	H@3 0.621800	H@5 0.659400	H@10 0.704800
INFO:kbc-cli.py:Epoch 72/100	test results	MRR 0.578733	H@1 0.505300	H@3 0.624800	H@5 0.660800	H@10 0.706200
INFO:kbc-cli.py:Epoch 73/100	Loss 7.1011 ± 0.1411
INFO:kbc-cli.py:Epoch 74/100	Loss 7.0993 ± 0.1388
INFO:kbc-cli.py:Epoch 75/100	Loss 7.0959 ± 0.1421
INFO:kbc-cli.py:Epoch 75/100	dev results	MRR 0.577461	H@1 0.505600	H@3 0.621000	H@5 0.658700	H@10 0.705400
INFO:kbc-cli.py:Epoch 75/100	test results	MRR 0.578832	H@1 0.506300	H@3 0.625500	H@5 0.660400	H@10 0.707300
INFO:kbc-cli.py:Epoch 76/100	Loss 7.0942 ± 0.1380
INFO:kbc-cli.py:Epoch 77/100	Loss 7.0918 ± 0.1384
INFO:kbc-cli.py:Epoch 78/100	Loss 7.0895 ± 0.1404
INFO:kbc-cli.py:Epoch 78/100	dev results	MRR 0.579498	H@1 0.510000	H@3 0.621700	H@5 0.659200	H@10 0.705100
INFO:kbc-cli.py:Epoch 78/100	test results	MRR 0.579781	H@1 0.508800	H@3 0.623700	H@5 0.661300	H@10 0.705200
INFO:kbc-cli.py:Epoch 79/100	Loss 7.0867 ± 0.1321
INFO:kbc-cli.py:Epoch 80/100	Loss 7.0849 ± 0.1359
INFO:kbc-cli.py:Epoch 81/100	Loss 7.0826 ± 0.1335
INFO:kbc-cli.py:Epoch 81/100	dev results	MRR 0.578638	H@1 0.508300	H@3 0.622600	H@5 0.658300	H@10 0.704900
INFO:kbc-cli.py:Epoch 81/100	test results	MRR 0.580034	H@1 0.508700	H@3 0.623300	H@5 0.661000	H@10 0.706400
INFO:kbc-cli.py:Epoch 82/100	Loss 7.0799 ± 0.1361
INFO:kbc-cli.py:Epoch 83/100	Loss 7.0774 ± 0.1357
INFO:kbc-cli.py:Epoch 84/100	Loss 7.0757 ± 0.1322
INFO:kbc-cli.py:Epoch 84/100	dev results	MRR 0.580220	H@1 0.511100	H@3 0.623000	H@5 0.659100	H@10 0.705200
INFO:kbc-cli.py:Epoch 84/100	test results	MRR 0.579596	H@1 0.507500	H@3 0.624500	H@5 0.660600	H@10 0.706000
INFO:kbc-cli.py:Epoch 85/100	Loss 7.0739 ± 0.1329
INFO:kbc-cli.py:Epoch 86/100	Loss 7.0711 ± 0.1293
INFO:kbc-cli.py:Epoch 87/100	Loss 7.0693 ± 0.1345
INFO:kbc-cli.py:Epoch 87/100	dev results	MRR 0.577648	H@1 0.506500	H@3 0.620900	H@5 0.658800	H@10 0.705100
INFO:kbc-cli.py:Epoch 87/100	test results	MRR 0.579897	H@1 0.508700	H@3 0.623600	H@5 0.660500	H@10 0.704700
INFO:kbc-cli.py:Epoch 88/100	Loss 7.0680 ± 0.1380
INFO:kbc-cli.py:Epoch 89/100	Loss 7.0653 ± 0.1331
INFO:kbc-cli.py:Epoch 90/100	Loss 7.0634 ± 0.1320
INFO:kbc-cli.py:Epoch 90/100	dev results	MRR 0.578923	H@1 0.509100	H@3 0.621500	H@5 0.657800	H@10 0.705500
INFO:kbc-cli.py:Epoch 90/100	test results	MRR 0.579861	H@1 0.508500	H@3 0.622900	H@5 0.661800	H@10 0.705500
INFO:kbc-cli.py:Epoch 91/100	Loss 7.0618 ± 0.1293
INFO:kbc-cli.py:Epoch 92/100	Loss 7.0595 ± 0.1314
INFO:kbc-cli.py:Epoch 93/100	Loss 7.0580 ± 0.1316
INFO:kbc-cli.py:Epoch 93/100	dev results	MRR 0.578951	H@1 0.508700	H@3 0.622100	H@5 0.657700	H@10 0.705800
INFO:kbc-cli.py:Epoch 93/100	test results	MRR 0.580230	H@1 0.509400	H@3 0.624600	H@5 0.660900	H@10 0.705100
INFO:kbc-cli.py:Epoch 94/100	Loss 7.0562 ± 0.1288
INFO:kbc-cli.py:Epoch 95/100	Loss 7.0540 ± 0.1313
INFO:kbc-cli.py:Epoch 96/100	Loss 7.0525 ± 0.1271
INFO:kbc-cli.py:Epoch 96/100	dev results	MRR 0.579223	H@1 0.509600	H@3 0.622000	H@5 0.657700	H@10 0.705500
INFO:kbc-cli.py:Epoch 96/100	test results	MRR 0.579350	H@1 0.507700	H@3 0.623800	H@5 0.661400	H@10 0.706300
INFO:kbc-cli.py:Epoch 97/100	Loss 7.0512 ± 0.1304
INFO:kbc-cli.py:Epoch 98/100	Loss 7.0495 ± 0.1276
INFO:kbc-cli.py:Epoch 99/100	Loss 7.0472 ± 0.1296
INFO:kbc-cli.py:Epoch 99/100	dev results	MRR 0.578768	H@1 0.508400	H@3 0.622800	H@5 0.657000	H@10 0.705200
INFO:kbc-cli.py:Epoch 99/100	test results	MRR 0.581360	H@1 0.510800	H@3 0.624900	H@5 0.662600	H@10 0.705400
INFO:kbc-cli.py:Epoch 100/100	Loss 7.0456 ± 0.1262
INFO:kbc-cli.py:Final 	dev results	MRR 0.579274	H@1 0.509300	H@3 0.622900	H@5 0.657600	H@10 0.704800
INFO:kbc-cli.py:Final 	test results	MRR 0.581188	H@1 0.510700	H@3 0.625300	H@5 0.662200	H@10 0.705800
INFO:kbc-cli.py:Training finished
