./bin/kbc-cli.py --train data/yago3-10/train.tsv --dev data/yago3-10/dev.tsv --test data/yago3-10/test.tsv -m complex -k 500 -b 1000 -e 100 --F2 0 --N3 0.01 -l 0.1 -I reciprocal -V 3 -o adagrad -q
{'F2': 0.0,
 'N3': 0.01,
 'batch_size': 1000,
 'dev': 'data/yago3-10/dev.tsv',
 'embedding_size': 500,
 'epochs': 100,
 'eval_batch_size': None,
 'input_type': 'reciprocal',
 'learning_rate': 0.1,
 'load': None,
 'model': 'complex',
 'optimizer': 'adagrad',
 'quiet': True,
 'save': None,
 'seed': 0,
 'test': 'data/yago3-10/test.tsv',
 'test_i': None,
 'test_ii': None,
 'train': 'data/yago3-10/train.tsv',
 'validate_every': 3}
INFO:kbc-cli.py:Device: cuda
INFO:kbc-cli.py:Model state:
INFO:kbc-cli.py:	entities.weight	torch.Size([123182, 1000])
INFO:kbc-cli.py:	predicates.weight	torch.Size([74, 1000])
INFO:kbc-cli.py:Epoch 1/100	Loss 13.8539 ± 3.0447
INFO:kbc-cli.py:Epoch 2/100	Loss 9.1150 ± 0.1134
INFO:kbc-cli.py:Epoch 3/100	Loss 8.5591 ± 0.1182
INFO:kbc-cli.py:Epoch 3/100	dev results	MRR 0.496398	H@1 0.409600	H@3 0.542600	H@5 0.595000	H@10 0.662400
INFO:kbc-cli.py:Epoch 3/100	test results	MRR 0.495286	H@1 0.410800	H@3 0.536700	H@5 0.593100	H@10 0.659100
INFO:kbc-cli.py:Epoch 4/100	Loss 8.3149 ± 0.1344
INFO:kbc-cli.py:Epoch 5/100	Loss 8.1676 ± 0.1395
INFO:kbc-cli.py:Epoch 6/100	Loss 8.0653 ± 0.1401
INFO:kbc-cli.py:Epoch 6/100	dev results	MRR 0.539254	H@1 0.459300	H@3 0.584100	H@5 0.633400	H@10 0.688600
INFO:kbc-cli.py:Epoch 6/100	test results	MRR 0.532706	H@1 0.450100	H@3 0.581100	H@5 0.630500	H@10 0.690200
INFO:kbc-cli.py:Epoch 7/100	Loss 7.9886 ± 0.1404
INFO:kbc-cli.py:Epoch 8/100	Loss 7.9280 ± 0.1403
INFO:kbc-cli.py:Epoch 9/100	Loss 7.8783 ± 0.1414
INFO:kbc-cli.py:Epoch 9/100	dev results	MRR 0.554073	H@1 0.474000	H@3 0.602800	H@5 0.648500	H@10 0.700300
INFO:kbc-cli.py:Epoch 9/100	test results	MRR 0.549108	H@1 0.467700	H@3 0.597200	H@5 0.643500	H@10 0.695500
INFO:kbc-cli.py:Epoch 10/100	Loss 7.8370 ± 0.1404
INFO:kbc-cli.py:Epoch 11/100	Loss 7.8016 ± 0.1403
INFO:kbc-cli.py:Epoch 12/100	Loss 7.7709 ± 0.1372
INFO:kbc-cli.py:Epoch 12/100	dev results	MRR 0.564531	H@1 0.488400	H@3 0.609500	H@5 0.653800	H@10 0.701300
INFO:kbc-cli.py:Epoch 12/100	test results	MRR 0.558705	H@1 0.480400	H@3 0.605300	H@5 0.649200	H@10 0.698000
INFO:kbc-cli.py:Epoch 13/100	Loss 7.7437 ± 0.1365
INFO:kbc-cli.py:Epoch 14/100	Loss 7.7196 ± 0.1344
INFO:kbc-cli.py:Epoch 15/100	Loss 7.6980 ± 0.1342
INFO:kbc-cli.py:Epoch 15/100	dev results	MRR 0.567971	H@1 0.492900	H@3 0.613300	H@5 0.655600	H@10 0.705400
INFO:kbc-cli.py:Epoch 15/100	test results	MRR 0.562639	H@1 0.485200	H@3 0.610700	H@5 0.654500	H@10 0.701300
INFO:kbc-cli.py:Epoch 16/100	Loss 7.6792 ± 0.1337
INFO:kbc-cli.py:Epoch 17/100	Loss 7.6615 ± 0.1311
INFO:kbc-cli.py:Epoch 18/100	Loss 7.6451 ± 0.1317
INFO:kbc-cli.py:Epoch 18/100	dev results	MRR 0.568842	H@1 0.493200	H@3 0.614700	H@5 0.657600	H@10 0.706800
INFO:kbc-cli.py:Epoch 18/100	test results	MRR 0.565884	H@1 0.488500	H@3 0.613000	H@5 0.655700	H@10 0.700100
INFO:kbc-cli.py:Epoch 19/100	Loss 7.6299 ± 0.1304
INFO:kbc-cli.py:Epoch 20/100	Loss 7.6165 ± 0.1271
INFO:kbc-cli.py:Epoch 21/100	Loss 7.6042 ± 0.1312
INFO:kbc-cli.py:Epoch 21/100	dev results	MRR 0.571589	H@1 0.496300	H@3 0.617000	H@5 0.659700	H@10 0.706400
INFO:kbc-cli.py:Epoch 21/100	test results	MRR 0.571122	H@1 0.496000	H@3 0.617100	H@5 0.657900	H@10 0.702500
INFO:kbc-cli.py:Epoch 22/100	Loss 7.5921 ± 0.1265
INFO:kbc-cli.py:Epoch 23/100	Loss 7.5811 ± 0.1279
INFO:kbc-cli.py:Epoch 24/100	Loss 7.5709 ± 0.1257
INFO:kbc-cli.py:Epoch 24/100	dev results	MRR 0.572786	H@1 0.498600	H@3 0.617800	H@5 0.660000	H@10 0.707700
INFO:kbc-cli.py:Epoch 24/100	test results	MRR 0.571994	H@1 0.498500	H@3 0.615700	H@5 0.656000	H@10 0.703500
INFO:kbc-cli.py:Epoch 25/100	Loss 7.5611 ± 0.1281
INFO:kbc-cli.py:Epoch 26/100	Loss 7.5520 ± 0.1256
INFO:kbc-cli.py:Epoch 27/100	Loss 7.5435 ± 0.1255
INFO:kbc-cli.py:Epoch 27/100	dev results	MRR 0.575720	H@1 0.502000	H@3 0.619600	H@5 0.661800	H@10 0.707000
INFO:kbc-cli.py:Epoch 27/100	test results	MRR 0.572518	H@1 0.497700	H@3 0.619400	H@5 0.658800	H@10 0.705800
INFO:kbc-cli.py:Epoch 28/100	Loss 7.5353 ± 0.1239
INFO:kbc-cli.py:Epoch 29/100	Loss 7.5275 ± 0.1213
INFO:kbc-cli.py:Epoch 30/100	Loss 7.5205 ± 0.1217
INFO:kbc-cli.py:Epoch 30/100	dev results	MRR 0.575308	H@1 0.502500	H@3 0.618600	H@5 0.659500	H@10 0.708000
INFO:kbc-cli.py:Epoch 30/100	test results	MRR 0.572836	H@1 0.497300	H@3 0.619800	H@5 0.661500	H@10 0.703900
INFO:kbc-cli.py:Epoch 31/100	Loss 7.5132 ± 0.1242
INFO:kbc-cli.py:Epoch 32/100	Loss 7.5067 ± 0.1175
INFO:kbc-cli.py:Epoch 33/100	Loss 7.5005 ± 0.1218
INFO:kbc-cli.py:Epoch 33/100	dev results	MRR 0.577069	H@1 0.505000	H@3 0.619600	H@5 0.659200	H@10 0.708900
INFO:kbc-cli.py:Epoch 33/100	test results	MRR 0.575678	H@1 0.502200	H@3 0.619700	H@5 0.658100	H@10 0.704200
INFO:kbc-cli.py:Epoch 34/100	Loss 7.4943 ± 0.1190
INFO:kbc-cli.py:Epoch 35/100	Loss 7.4885 ± 0.1197
INFO:kbc-cli.py:Epoch 36/100	Loss 7.4831 ± 0.1162
INFO:kbc-cli.py:Epoch 36/100	dev results	MRR 0.577904	H@1 0.506800	H@3 0.618400	H@5 0.661300	H@10 0.708600
INFO:kbc-cli.py:Epoch 36/100	test results	MRR 0.576732	H@1 0.503600	H@3 0.619300	H@5 0.664300	H@10 0.706500
INFO:kbc-cli.py:Epoch 37/100	Loss 7.4778 ± 0.1196
INFO:kbc-cli.py:Epoch 38/100	Loss 7.4728 ± 0.1200
INFO:kbc-cli.py:Epoch 39/100	Loss 7.4679 ± 0.1171
INFO:kbc-cli.py:Epoch 39/100	dev results	MRR 0.577146	H@1 0.504800	H@3 0.618700	H@5 0.661800	H@10 0.707800
INFO:kbc-cli.py:Epoch 39/100	test results	MRR 0.575390	H@1 0.501700	H@3 0.620600	H@5 0.660900	H@10 0.706100
INFO:kbc-cli.py:Epoch 40/100	Loss 7.4630 ± 0.1169
INFO:kbc-cli.py:Epoch 41/100	Loss 7.4586 ± 0.1160
INFO:kbc-cli.py:Epoch 42/100	Loss 7.4543 ± 0.1169
INFO:kbc-cli.py:Epoch 42/100	dev results	MRR 0.576737	H@1 0.503700	H@3 0.620600	H@5 0.662800	H@10 0.707400
INFO:kbc-cli.py:Epoch 42/100	test results	MRR 0.575027	H@1 0.500000	H@3 0.620600	H@5 0.662100	H@10 0.705300
INFO:kbc-cli.py:Epoch 43/100	Loss 7.4503 ± 0.1170
INFO:kbc-cli.py:Epoch 44/100	Loss 7.4461 ± 0.1176
INFO:kbc-cli.py:Epoch 45/100	Loss 7.4420 ± 0.1146
INFO:kbc-cli.py:Epoch 45/100	dev results	MRR 0.579277	H@1 0.507200	H@3 0.621300	H@5 0.664500	H@10 0.710300
INFO:kbc-cli.py:Epoch 45/100	test results	MRR 0.576724	H@1 0.504000	H@3 0.621000	H@5 0.662300	H@10 0.707500
INFO:kbc-cli.py:Epoch 46/100	Loss 7.4383 ± 0.1140
INFO:kbc-cli.py:Epoch 47/100	Loss 7.4344 ± 0.1114
INFO:kbc-cli.py:Epoch 48/100	Loss 7.4312 ± 0.1132
INFO:kbc-cli.py:Epoch 48/100	dev results	MRR 0.577924	H@1 0.505400	H@3 0.619600	H@5 0.663600	H@10 0.708600
INFO:kbc-cli.py:Epoch 48/100	test results	MRR 0.576444	H@1 0.503400	H@3 0.619900	H@5 0.661300	H@10 0.706400
INFO:kbc-cli.py:Epoch 49/100	Loss 7.4276 ± 0.1140
INFO:kbc-cli.py:Epoch 50/100	Loss 7.4242 ± 0.1118
INFO:kbc-cli.py:Epoch 51/100	Loss 7.4212 ± 0.1118
INFO:kbc-cli.py:Epoch 51/100	dev results	MRR 0.577018	H@1 0.504100	H@3 0.620200	H@5 0.661700	H@10 0.708400
INFO:kbc-cli.py:Epoch 51/100	test results	MRR 0.576469	H@1 0.502900	H@3 0.621600	H@5 0.663100	H@10 0.707300
INFO:kbc-cli.py:Epoch 52/100	Loss 7.4178 ± 0.1132
INFO:kbc-cli.py:Epoch 53/100	Loss 7.4147 ± 0.1115
INFO:kbc-cli.py:Epoch 54/100	Loss 7.4117 ± 0.1110
INFO:kbc-cli.py:Epoch 54/100	dev results	MRR 0.578143	H@1 0.506400	H@3 0.619000	H@5 0.662500	H@10 0.709000
INFO:kbc-cli.py:Epoch 54/100	test results	MRR 0.576327	H@1 0.503700	H@3 0.619300	H@5 0.662100	H@10 0.707900
INFO:kbc-cli.py:Epoch 55/100	Loss 7.4092 ± 0.1114
INFO:kbc-cli.py:Epoch 56/100	Loss 7.4063 ± 0.1124
INFO:kbc-cli.py:Epoch 57/100	Loss 7.4034 ± 0.1094
INFO:kbc-cli.py:Epoch 57/100	dev results	MRR 0.578540	H@1 0.507100	H@3 0.620000	H@5 0.663800	H@10 0.709100
INFO:kbc-cli.py:Epoch 57/100	test results	MRR 0.577014	H@1 0.503700	H@3 0.620500	H@5 0.662800	H@10 0.706900
INFO:kbc-cli.py:Epoch 58/100	Loss 7.4007 ± 0.1076
INFO:kbc-cli.py:Epoch 59/100	Loss 7.3979 ± 0.1081
INFO:kbc-cli.py:Epoch 60/100	Loss 7.3956 ± 0.1099
INFO:kbc-cli.py:Epoch 60/100	dev results	MRR 0.578477	H@1 0.506700	H@3 0.620500	H@5 0.662100	H@10 0.708500
INFO:kbc-cli.py:Epoch 60/100	test results	MRR 0.578260	H@1 0.505700	H@3 0.621800	H@5 0.661400	H@10 0.706900
INFO:kbc-cli.py:Epoch 61/100	Loss 7.3929 ± 0.1052
INFO:kbc-cli.py:Epoch 62/100	Loss 7.3908 ± 0.1101
INFO:kbc-cli.py:Epoch 63/100	Loss 7.3883 ± 0.1099
INFO:kbc-cli.py:Epoch 63/100	dev results	MRR 0.577392	H@1 0.504600	H@3 0.621600	H@5 0.662300	H@10 0.708300
INFO:kbc-cli.py:Epoch 63/100	test results	MRR 0.576802	H@1 0.503000	H@3 0.622500	H@5 0.662700	H@10 0.706700
INFO:kbc-cli.py:Epoch 64/100	Loss 7.3860 ± 0.1074
INFO:kbc-cli.py:Epoch 65/100	Loss 7.3838 ± 0.1071
INFO:kbc-cli.py:Epoch 66/100	Loss 7.3815 ± 0.1060
INFO:kbc-cli.py:Epoch 66/100	dev results	MRR 0.578251	H@1 0.505500	H@3 0.620700	H@5 0.663800	H@10 0.708500
INFO:kbc-cli.py:Epoch 66/100	test results	MRR 0.578175	H@1 0.504900	H@3 0.623100	H@5 0.661600	H@10 0.707300
INFO:kbc-cli.py:Epoch 67/100	Loss 7.3793 ± 0.1061
INFO:kbc-cli.py:Epoch 68/100	Loss 7.3773 ± 0.1064
INFO:kbc-cli.py:Epoch 69/100	Loss 7.3753 ± 0.1061
INFO:kbc-cli.py:Epoch 69/100	dev results	MRR 0.578427	H@1 0.507000	H@3 0.618800	H@5 0.662800	H@10 0.709400
INFO:kbc-cli.py:Epoch 69/100	test results	MRR 0.576830	H@1 0.503500	H@3 0.619300	H@5 0.662500	H@10 0.708000
INFO:kbc-cli.py:Epoch 70/100	Loss 7.3733 ± 0.1053
INFO:kbc-cli.py:Epoch 71/100	Loss 7.3713 ± 0.1031
INFO:kbc-cli.py:Epoch 72/100	Loss 7.3693 ± 0.1069
INFO:kbc-cli.py:Epoch 72/100	dev results	MRR 0.577784	H@1 0.506000	H@3 0.619900	H@5 0.663100	H@10 0.707600
INFO:kbc-cli.py:Epoch 72/100	test results	MRR 0.576853	H@1 0.504600	H@3 0.620100	H@5 0.661400	H@10 0.708800
INFO:kbc-cli.py:Epoch 73/100	Loss 7.3676 ± 0.1047
INFO:kbc-cli.py:Epoch 74/100	Loss 7.3657 ± 0.1061
INFO:kbc-cli.py:Epoch 75/100	Loss 7.3640 ± 0.1065
INFO:kbc-cli.py:Epoch 75/100	dev results	MRR 0.579415	H@1 0.508500	H@3 0.619700	H@5 0.662200	H@10 0.709300
INFO:kbc-cli.py:Epoch 75/100	test results	MRR 0.576723	H@1 0.503600	H@3 0.622100	H@5 0.660600	H@10 0.707700
INFO:kbc-cli.py:Epoch 76/100	Loss 7.3622 ± 0.1050
INFO:kbc-cli.py:Epoch 77/100	Loss 7.3603 ± 0.1025
INFO:kbc-cli.py:Epoch 78/100	Loss 7.3586 ± 0.1030
INFO:kbc-cli.py:Epoch 78/100	dev results	MRR 0.579299	H@1 0.508100	H@3 0.621100	H@5 0.663100	H@10 0.709500
INFO:kbc-cli.py:Epoch 78/100	test results	MRR 0.576620	H@1 0.503100	H@3 0.620000	H@5 0.662900	H@10 0.708400
INFO:kbc-cli.py:Epoch 79/100	Loss 7.3571 ± 0.1024
INFO:kbc-cli.py:Epoch 80/100	Loss 7.3554 ± 0.1038
INFO:kbc-cli.py:Epoch 81/100	Loss 7.3537 ± 0.1064
INFO:kbc-cli.py:Epoch 81/100	dev results	MRR 0.578056	H@1 0.506200	H@3 0.618500	H@5 0.662900	H@10 0.709300
INFO:kbc-cli.py:Epoch 81/100	test results	MRR 0.576534	H@1 0.503400	H@3 0.620100	H@5 0.662300	H@10 0.708800
INFO:kbc-cli.py:Epoch 82/100	Loss 7.3525 ± 0.1015
INFO:kbc-cli.py:Epoch 83/100	Loss 7.3506 ± 0.1049
INFO:kbc-cli.py:Epoch 84/100	Loss 7.3490 ± 0.1020
INFO:kbc-cli.py:Epoch 84/100	dev results	MRR 0.579189	H@1 0.508300	H@3 0.619200	H@5 0.661800	H@10 0.708500
INFO:kbc-cli.py:Epoch 84/100	test results	MRR 0.576009	H@1 0.502400	H@3 0.619100	H@5 0.661700	H@10 0.707500
INFO:kbc-cli.py:Epoch 85/100	Loss 7.3475 ± 0.1019
INFO:kbc-cli.py:Epoch 86/100	Loss 7.3460 ± 0.1017
INFO:kbc-cli.py:Epoch 87/100	Loss 7.3446 ± 0.1008
INFO:kbc-cli.py:Epoch 87/100	dev results	MRR 0.577495	H@1 0.505700	H@3 0.617700	H@5 0.662500	H@10 0.708900
INFO:kbc-cli.py:Epoch 87/100	test results	MRR 0.576054	H@1 0.502000	H@3 0.619200	H@5 0.661700	H@10 0.707500
INFO:kbc-cli.py:Epoch 88/100	Loss 7.3434 ± 0.1033
INFO:kbc-cli.py:Epoch 89/100	Loss 7.3420 ± 0.1037
INFO:kbc-cli.py:Epoch 90/100	Loss 7.3405 ± 0.1013
INFO:kbc-cli.py:Epoch 90/100	dev results	MRR 0.578003	H@1 0.506400	H@3 0.619300	H@5 0.661700	H@10 0.708000
INFO:kbc-cli.py:Epoch 90/100	test results	MRR 0.577351	H@1 0.504000	H@3 0.620900	H@5 0.662000	H@10 0.708100
INFO:kbc-cli.py:Epoch 91/100	Loss 7.3391 ± 0.1020
INFO:kbc-cli.py:Epoch 92/100	Loss 7.3380 ± 0.1027
INFO:kbc-cli.py:Epoch 93/100	Loss 7.3363 ± 0.1033
INFO:kbc-cli.py:Epoch 93/100	dev results	MRR 0.577633	H@1 0.506100	H@3 0.618200	H@5 0.662700	H@10 0.708100
INFO:kbc-cli.py:Epoch 93/100	test results	MRR 0.576723	H@1 0.503800	H@3 0.618300	H@5 0.661700	H@10 0.707800
INFO:kbc-cli.py:Epoch 94/100	Loss 7.3353 ± 0.0988
INFO:kbc-cli.py:Epoch 95/100	Loss 7.3340 ± 0.1019
INFO:kbc-cli.py:Epoch 96/100	Loss 7.3327 ± 0.1015
INFO:kbc-cli.py:Epoch 96/100	dev results	MRR 0.578520	H@1 0.506700	H@3 0.619300	H@5 0.661400	H@10 0.708200
INFO:kbc-cli.py:Epoch 96/100	test results	MRR 0.577289	H@1 0.505000	H@3 0.619500	H@5 0.661900	H@10 0.708400
INFO:kbc-cli.py:Epoch 97/100	Loss 7.3315 ± 0.1002
INFO:kbc-cli.py:Epoch 98/100	Loss 7.3303 ± 0.0986
INFO:kbc-cli.py:Epoch 99/100	Loss 7.3291 ± 0.1005
INFO:kbc-cli.py:Epoch 99/100	dev results	MRR 0.578196	H@1 0.506800	H@3 0.619000	H@5 0.662600	H@10 0.707800
INFO:kbc-cli.py:Epoch 99/100	test results	MRR 0.575660	H@1 0.502200	H@3 0.619700	H@5 0.661000	H@10 0.707600
INFO:kbc-cli.py:Epoch 100/100	Loss 7.3277 ± 0.0995
INFO:kbc-cli.py:Final 	dev results	MRR 0.576876	H@1 0.504800	H@3 0.619500	H@5 0.661000	H@10 0.707800
INFO:kbc-cli.py:Final 	test results	MRR 0.575397	H@1 0.501400	H@3 0.618700	H@5 0.661000	H@10 0.709000
INFO:kbc-cli.py:Training finished
