./bin/kbc-cli.py --train data/yago3-10/train.tsv --dev data/yago3-10/dev.tsv --test data/yago3-10/test.tsv -m complex -k 1000 -b 1000 -e 100 --F2 0.001 --N3 0 -l 0.1 -I reciprocal -V 3 -o adagrad -q
{'F2': 0.001,
 'N3': 0.0,
 'batch_size': 1000,
 'dev': 'data/yago3-10/dev.tsv',
 'embedding_size': 1000,
 'epochs': 100,
 'eval_batch_size': None,
 'input_type': 'reciprocal',
 'learning_rate': 0.1,
 'load': None,
 'model': 'complex',
 'optimizer': 'adagrad',
 'quiet': True,
 'save': None,
 'seed': 0,
 'test': 'data/yago3-10/test.tsv',
 'test_i': None,
 'test_ii': None,
 'train': 'data/yago3-10/train.tsv',
 'validate_every': 3}
INFO:kbc-cli.py:Device: cuda
INFO:kbc-cli.py:Model state:
INFO:kbc-cli.py:	entities.weight	torch.Size([123182, 2000])
INFO:kbc-cli.py:	predicates.weight	torch.Size([74, 2000])
INFO:kbc-cli.py:Epoch 1/100	Loss 12.8550 ± 3.0653
INFO:kbc-cli.py:Epoch 2/100	Loss 8.2471 ± 0.1128
INFO:kbc-cli.py:Epoch 3/100	Loss 7.7631 ± 0.1252
INFO:kbc-cli.py:Epoch 3/100	dev results	MRR 0.500883	H@1 0.415100	H@3 0.546800	H@5 0.597400	H@10 0.667200
INFO:kbc-cli.py:Epoch 3/100	test results	MRR 0.498244	H@1 0.412900	H@3 0.543300	H@5 0.597800	H@10 0.662900
INFO:kbc-cli.py:Epoch 4/100	Loss 7.5504 ± 0.1401
INFO:kbc-cli.py:Epoch 5/100	Loss 7.4225 ± 0.1445
INFO:kbc-cli.py:Epoch 6/100	Loss 7.3341 ± 0.1449
INFO:kbc-cli.py:Epoch 6/100	dev results	MRR 0.543763	H@1 0.465100	H@3 0.588900	H@5 0.636500	H@10 0.690800
INFO:kbc-cli.py:Epoch 6/100	test results	MRR 0.538113	H@1 0.455400	H@3 0.588000	H@5 0.634400	H@10 0.689900
INFO:kbc-cli.py:Epoch 7/100	Loss 7.2676 ± 0.1455
INFO:kbc-cli.py:Epoch 8/100	Loss 7.2149 ± 0.1451
INFO:kbc-cli.py:Epoch 9/100	Loss 7.1716 ± 0.1463
INFO:kbc-cli.py:Epoch 9/100	dev results	MRR 0.559816	H@1 0.482200	H@3 0.609000	H@5 0.650300	H@10 0.699700
INFO:kbc-cli.py:Epoch 9/100	test results	MRR 0.553244	H@1 0.472700	H@3 0.604300	H@5 0.647200	H@10 0.695700
INFO:kbc-cli.py:Epoch 10/100	Loss 7.1355 ± 0.1454
INFO:kbc-cli.py:Epoch 11/100	Loss 7.1045 ± 0.1452
INFO:kbc-cli.py:Epoch 12/100	Loss 7.0775 ± 0.1425
INFO:kbc-cli.py:Epoch 12/100	dev results	MRR 0.566489	H@1 0.491000	H@3 0.611100	H@5 0.654800	H@10 0.703100
INFO:kbc-cli.py:Epoch 12/100	test results	MRR 0.561712	H@1 0.485400	H@3 0.607900	H@5 0.650700	H@10 0.699300
INFO:kbc-cli.py:Epoch 13/100	Loss 7.0535 ± 0.1412
INFO:kbc-cli.py:Epoch 14/100	Loss 7.0323 ± 0.1392
INFO:kbc-cli.py:Epoch 15/100	Loss 7.0132 ± 0.1392
INFO:kbc-cli.py:Epoch 15/100	dev results	MRR 0.571022	H@1 0.496900	H@3 0.615700	H@5 0.655700	H@10 0.703300
INFO:kbc-cli.py:Epoch 15/100	test results	MRR 0.566327	H@1 0.490000	H@3 0.613400	H@5 0.655900	H@10 0.701000
INFO:kbc-cli.py:Epoch 16/100	Loss 6.9966 ± 0.1384
INFO:kbc-cli.py:Epoch 17/100	Loss 6.9809 ± 0.1359
INFO:kbc-cli.py:Epoch 18/100	Loss 6.9663 ± 0.1366
INFO:kbc-cli.py:Epoch 18/100	dev results	MRR 0.570793	H@1 0.494900	H@3 0.619300	H@5 0.659000	H@10 0.702700
INFO:kbc-cli.py:Epoch 18/100	test results	MRR 0.566988	H@1 0.490700	H@3 0.614100	H@5 0.655100	H@10 0.703100
INFO:kbc-cli.py:Epoch 19/100	Loss 6.9527 ± 0.1349
INFO:kbc-cli.py:Epoch 20/100	Loss 6.9409 ± 0.1318
INFO:kbc-cli.py:Epoch 21/100	Loss 6.9298 ± 0.1359
INFO:kbc-cli.py:Epoch 21/100	dev results	MRR 0.572960	H@1 0.498900	H@3 0.618900	H@5 0.657300	H@10 0.704800
INFO:kbc-cli.py:Epoch 21/100	test results	MRR 0.571537	H@1 0.497100	H@3 0.616500	H@5 0.655800	H@10 0.702700
INFO:kbc-cli.py:Epoch 22/100	Loss 6.9190 ± 0.1310
INFO:kbc-cli.py:Epoch 23/100	Loss 6.9091 ± 0.1324
INFO:kbc-cli.py:Epoch 24/100	Loss 6.9000 ± 0.1301
INFO:kbc-cli.py:Epoch 24/100	dev results	MRR 0.574666	H@1 0.501900	H@3 0.619600	H@5 0.659600	H@10 0.704800
INFO:kbc-cli.py:Epoch 24/100	test results	MRR 0.570974	H@1 0.497500	H@3 0.614700	H@5 0.656000	H@10 0.704300
INFO:kbc-cli.py:Epoch 25/100	Loss 6.8912 ± 0.1326
INFO:kbc-cli.py:Epoch 26/100	Loss 6.8830 ± 0.1303
INFO:kbc-cli.py:Epoch 27/100	Loss 6.8753 ± 0.1299
INFO:kbc-cli.py:Epoch 27/100	dev results	MRR 0.574848	H@1 0.500900	H@3 0.622000	H@5 0.659100	H@10 0.704400
INFO:kbc-cli.py:Epoch 27/100	test results	MRR 0.571317	H@1 0.496300	H@3 0.616200	H@5 0.656400	H@10 0.704700
INFO:kbc-cli.py:Epoch 28/100	Loss 6.8680 ± 0.1284
INFO:kbc-cli.py:Epoch 29/100	Loss 6.8609 ± 0.1257
INFO:kbc-cli.py:Epoch 30/100	Loss 6.8546 ± 0.1257
INFO:kbc-cli.py:Epoch 30/100	dev results	MRR 0.575332	H@1 0.502400	H@3 0.620900	H@5 0.659400	H@10 0.705200
INFO:kbc-cli.py:Epoch 30/100	test results	MRR 0.572590	H@1 0.498600	H@3 0.617400	H@5 0.659300	H@10 0.703900
INFO:kbc-cli.py:Epoch 31/100	Loss 6.8479 ± 0.1281
INFO:kbc-cli.py:Epoch 32/100	Loss 6.8421 ± 0.1216
INFO:kbc-cli.py:Epoch 33/100	Loss 6.8366 ± 0.1258
INFO:kbc-cli.py:Epoch 33/100	dev results	MRR 0.576510	H@1 0.504100	H@3 0.621800	H@5 0.658900	H@10 0.704100
INFO:kbc-cli.py:Epoch 33/100	test results	MRR 0.574266	H@1 0.501300	H@3 0.618700	H@5 0.658200	H@10 0.705800
INFO:kbc-cli.py:Epoch 34/100	Loss 6.8309 ± 0.1230
INFO:kbc-cli.py:Epoch 35/100	Loss 6.8256 ± 0.1238
INFO:kbc-cli.py:Epoch 36/100	Loss 6.8208 ± 0.1201
INFO:kbc-cli.py:Epoch 36/100	dev results	MRR 0.576222	H@1 0.503800	H@3 0.620300	H@5 0.658600	H@10 0.704300
INFO:kbc-cli.py:Epoch 36/100	test results	MRR 0.575094	H@1 0.502300	H@3 0.619600	H@5 0.659300	H@10 0.705000
INFO:kbc-cli.py:Epoch 37/100	Loss 6.8159 ± 0.1235
INFO:kbc-cli.py:Epoch 38/100	Loss 6.8114 ± 0.1239
INFO:kbc-cli.py:Epoch 39/100	Loss 6.8069 ± 0.1211
INFO:kbc-cli.py:Epoch 39/100	dev results	MRR 0.576410	H@1 0.504600	H@3 0.620200	H@5 0.658800	H@10 0.705000
INFO:kbc-cli.py:Epoch 39/100	test results	MRR 0.574177	H@1 0.501700	H@3 0.617000	H@5 0.656400	H@10 0.706000
INFO:kbc-cli.py:Epoch 40/100	Loss 6.8025 ± 0.1208
INFO:kbc-cli.py:Epoch 41/100	Loss 6.7985 ± 0.1196
INFO:kbc-cli.py:Epoch 42/100	Loss 6.7945 ± 0.1207
INFO:kbc-cli.py:Epoch 42/100	dev results	MRR 0.577442	H@1 0.506600	H@3 0.619500	H@5 0.658900	H@10 0.705800
INFO:kbc-cli.py:Epoch 42/100	test results	MRR 0.575539	H@1 0.503900	H@3 0.618500	H@5 0.658700	H@10 0.704500
INFO:kbc-cli.py:Epoch 43/100	Loss 6.7910 ± 0.1204
INFO:kbc-cli.py:Epoch 44/100	Loss 6.7871 ± 0.1213
INFO:kbc-cli.py:Epoch 45/100	Loss 6.7833 ± 0.1182
INFO:kbc-cli.py:Epoch 45/100	dev results	MRR 0.577729	H@1 0.506600	H@3 0.619400	H@5 0.659300	H@10 0.705400
INFO:kbc-cli.py:Epoch 45/100	test results	MRR 0.574580	H@1 0.501500	H@3 0.619700	H@5 0.658200	H@10 0.706400
INFO:kbc-cli.py:Epoch 46/100	Loss 6.7800 ± 0.1176
INFO:kbc-cli.py:Epoch 47/100	Loss 6.7764 ± 0.1148
INFO:kbc-cli.py:Epoch 48/100	Loss 6.7735 ± 0.1168
INFO:kbc-cli.py:Epoch 48/100	dev results	MRR 0.577014	H@1 0.505900	H@3 0.618300	H@5 0.659700	H@10 0.705600
INFO:kbc-cli.py:Epoch 48/100	test results	MRR 0.574366	H@1 0.501700	H@3 0.615800	H@5 0.656900	H@10 0.705400
INFO:kbc-cli.py:Epoch 49/100	Loss 6.7702 ± 0.1175
INFO:kbc-cli.py:Epoch 50/100	Loss 6.7671 ± 0.1152
INFO:kbc-cli.py:Epoch 51/100	Loss 6.7644 ± 0.1151
INFO:kbc-cli.py:Epoch 51/100	dev results	MRR 0.576026	H@1 0.504300	H@3 0.619000	H@5 0.656900	H@10 0.705100
INFO:kbc-cli.py:Epoch 51/100	test results	MRR 0.575635	H@1 0.503900	H@3 0.616500	H@5 0.660000	H@10 0.706000
INFO:kbc-cli.py:Epoch 52/100	Loss 6.7612 ± 0.1165
INFO:kbc-cli.py:Epoch 53/100	Loss 6.7584 ± 0.1145
INFO:kbc-cli.py:Epoch 54/100	Loss 6.7556 ± 0.1142
INFO:kbc-cli.py:Epoch 54/100	dev results	MRR 0.577449	H@1 0.506900	H@3 0.618400	H@5 0.660100	H@10 0.705800
INFO:kbc-cli.py:Epoch 54/100	test results	MRR 0.575753	H@1 0.504100	H@3 0.616700	H@5 0.659500	H@10 0.704900
INFO:kbc-cli.py:Epoch 55/100	Loss 6.7534 ± 0.1143
INFO:kbc-cli.py:Epoch 56/100	Loss 6.7507 ± 0.1154
INFO:kbc-cli.py:Epoch 57/100	Loss 6.7480 ± 0.1122
INFO:kbc-cli.py:Epoch 57/100	dev results	MRR 0.577558	H@1 0.506200	H@3 0.619000	H@5 0.657700	H@10 0.705300
INFO:kbc-cli.py:Epoch 57/100	test results	MRR 0.576050	H@1 0.504500	H@3 0.616900	H@5 0.657300	H@10 0.704700
INFO:kbc-cli.py:Epoch 58/100	Loss 6.7455 ± 0.1104
INFO:kbc-cli.py:Epoch 59/100	Loss 6.7430 ± 0.1111
INFO:kbc-cli.py:Epoch 60/100	Loss 6.7409 ± 0.1129
INFO:kbc-cli.py:Epoch 60/100	dev results	MRR 0.577480	H@1 0.506600	H@3 0.619500	H@5 0.657900	H@10 0.704100
INFO:kbc-cli.py:Epoch 60/100	test results	MRR 0.577154	H@1 0.506100	H@3 0.618900	H@5 0.658200	H@10 0.705300
INFO:kbc-cli.py:Epoch 61/100	Loss 6.7383 ± 0.1081
INFO:kbc-cli.py:Epoch 62/100	Loss 6.7364 ± 0.1127
INFO:kbc-cli.py:Epoch 63/100	Loss 6.7341 ± 0.1129
INFO:kbc-cli.py:Epoch 63/100	dev results	MRR 0.576061	H@1 0.504600	H@3 0.617700	H@5 0.657800	H@10 0.705100
INFO:kbc-cli.py:Epoch 63/100	test results	MRR 0.576056	H@1 0.504700	H@3 0.617800	H@5 0.656600	H@10 0.705500
INFO:kbc-cli.py:Epoch 64/100	Loss 6.7320 ± 0.1103
INFO:kbc-cli.py:Epoch 65/100	Loss 6.7300 ± 0.1098
INFO:kbc-cli.py:Epoch 66/100	Loss 6.7278 ± 0.1086
INFO:kbc-cli.py:Epoch 66/100	dev results	MRR 0.576753	H@1 0.505500	H@3 0.618300	H@5 0.659100	H@10 0.704200
INFO:kbc-cli.py:Epoch 66/100	test results	MRR 0.576785	H@1 0.505500	H@3 0.617800	H@5 0.657900	H@10 0.706100
INFO:kbc-cli.py:Epoch 67/100	Loss 6.7258 ± 0.1088
INFO:kbc-cli.py:Epoch 68/100	Loss 6.7239 ± 0.1088
INFO:kbc-cli.py:Epoch 69/100	Loss 6.7221 ± 0.1086
INFO:kbc-cli.py:Epoch 69/100	dev results	MRR 0.577578	H@1 0.507400	H@3 0.616500	H@5 0.659300	H@10 0.703800
INFO:kbc-cli.py:Epoch 69/100	test results	MRR 0.575894	H@1 0.504100	H@3 0.616900	H@5 0.658400	H@10 0.705800
INFO:kbc-cli.py:Epoch 70/100	Loss 6.7202 ± 0.1077
INFO:kbc-cli.py:Epoch 71/100	Loss 6.7183 ± 0.1057
INFO:kbc-cli.py:Epoch 72/100	Loss 6.7165 ± 0.1095
INFO:kbc-cli.py:Epoch 72/100	dev results	MRR 0.576646	H@1 0.505400	H@3 0.617900	H@5 0.659800	H@10 0.704100
INFO:kbc-cli.py:Epoch 72/100	test results	MRR 0.576012	H@1 0.504300	H@3 0.618600	H@5 0.658000	H@10 0.706600
INFO:kbc-cli.py:Epoch 73/100	Loss 6.7149 ± 0.1073
INFO:kbc-cli.py:Epoch 74/100	Loss 6.7131 ± 0.1087
INFO:kbc-cli.py:Epoch 75/100	Loss 6.7116 ± 0.1090
INFO:kbc-cli.py:Epoch 75/100	dev results	MRR 0.577189	H@1 0.506100	H@3 0.618300	H@5 0.657800	H@10 0.704300
INFO:kbc-cli.py:Epoch 75/100	test results	MRR 0.577110	H@1 0.506200	H@3 0.616800	H@5 0.658900	H@10 0.706600
INFO:kbc-cli.py:Epoch 76/100	Loss 6.7099 ± 0.1073
INFO:kbc-cli.py:Epoch 77/100	Loss 6.7082 ± 0.1049
INFO:kbc-cli.py:Epoch 78/100	Loss 6.7066 ± 0.1053
INFO:kbc-cli.py:Epoch 78/100	dev results	MRR 0.576931	H@1 0.506300	H@3 0.617400	H@5 0.659000	H@10 0.703500
INFO:kbc-cli.py:Epoch 78/100	test results	MRR 0.576275	H@1 0.504800	H@3 0.617500	H@5 0.657600	H@10 0.706100
INFO:kbc-cli.py:Epoch 79/100	Loss 6.7052 ± 0.1047
INFO:kbc-cli.py:Epoch 80/100	Loss 6.7036 ± 0.1061
INFO:kbc-cli.py:Epoch 81/100	Loss 6.7020 ± 0.1086
INFO:kbc-cli.py:Epoch 81/100	dev results	MRR 0.575565	H@1 0.504200	H@3 0.617600	H@5 0.658800	H@10 0.703900
INFO:kbc-cli.py:Epoch 81/100	test results	MRR 0.576082	H@1 0.504600	H@3 0.616900	H@5 0.658300	H@10 0.707600
INFO:kbc-cli.py:Epoch 82/100	Loss 6.7009 ± 0.1038
INFO:kbc-cli.py:Epoch 83/100	Loss 6.6991 ± 0.1071
INFO:kbc-cli.py:Epoch 84/100	Loss 6.6976 ± 0.1043
INFO:kbc-cli.py:Epoch 84/100	dev results	MRR 0.576363	H@1 0.505400	H@3 0.617700	H@5 0.657200	H@10 0.703900
INFO:kbc-cli.py:Epoch 84/100	test results	MRR 0.575262	H@1 0.503300	H@3 0.617400	H@5 0.658800	H@10 0.707100
INFO:kbc-cli.py:Epoch 85/100	Loss 6.6962 ± 0.1043
INFO:kbc-cli.py:Epoch 86/100	Loss 6.6948 ± 0.1039
INFO:kbc-cli.py:Epoch 87/100	Loss 6.6935 ± 0.1031
INFO:kbc-cli.py:Epoch 87/100	dev results	MRR 0.576227	H@1 0.505600	H@3 0.616700	H@5 0.656900	H@10 0.704100
INFO:kbc-cli.py:Epoch 87/100	test results	MRR 0.575328	H@1 0.503700	H@3 0.616900	H@5 0.658500	H@10 0.705000
INFO:kbc-cli.py:Epoch 88/100	Loss 6.6925 ± 0.1056
INFO:kbc-cli.py:Epoch 89/100	Loss 6.6911 ± 0.1057
INFO:kbc-cli.py:Epoch 90/100	Loss 6.6897 ± 0.1035
INFO:kbc-cli.py:Epoch 90/100	dev results	MRR 0.577133	H@1 0.507200	H@3 0.617600	H@5 0.656900	H@10 0.703800
INFO:kbc-cli.py:Epoch 90/100	test results	MRR 0.576171	H@1 0.504500	H@3 0.616900	H@5 0.658900	H@10 0.706500
INFO:kbc-cli.py:Epoch 91/100	Loss 6.6884 ± 0.1041
INFO:kbc-cli.py:Epoch 92/100	Loss 6.6873 ± 0.1046
INFO:kbc-cli.py:Epoch 93/100	Loss 6.6857 ± 0.1053
INFO:kbc-cli.py:Epoch 93/100	dev results	MRR 0.576367	H@1 0.505300	H@3 0.616300	H@5 0.658400	H@10 0.705000
INFO:kbc-cli.py:Epoch 93/100	test results	MRR 0.575867	H@1 0.503900	H@3 0.617300	H@5 0.658500	H@10 0.707500
INFO:kbc-cli.py:Epoch 94/100	Loss 6.6848 ± 0.1009
INFO:kbc-cli.py:Epoch 95/100	Loss 6.6836 ± 0.1039
INFO:kbc-cli.py:Epoch 96/100	Loss 6.6824 ± 0.1036
INFO:kbc-cli.py:Epoch 96/100	dev results	MRR 0.576287	H@1 0.505700	H@3 0.616300	H@5 0.657700	H@10 0.703900
INFO:kbc-cli.py:Epoch 96/100	test results	MRR 0.576072	H@1 0.504000	H@3 0.617400	H@5 0.658300	H@10 0.706800
INFO:kbc-cli.py:Epoch 97/100	Loss 6.6812 ± 0.1021
INFO:kbc-cli.py:Epoch 98/100	Loss 6.6801 ± 0.1007
INFO:kbc-cli.py:Epoch 99/100	Loss 6.6790 ± 0.1025
INFO:kbc-cli.py:Epoch 99/100	dev results	MRR 0.576631	H@1 0.506100	H@3 0.617600	H@5 0.659100	H@10 0.704200
INFO:kbc-cli.py:Epoch 99/100	test results	MRR 0.575827	H@1 0.503700	H@3 0.617600	H@5 0.658900	H@10 0.706700
INFO:kbc-cli.py:Epoch 100/100	Loss 6.6777 ± 0.1014
INFO:kbc-cli.py:Final 	dev results	MRR 0.576017	H@1 0.505200	H@3 0.617100	H@5 0.657800	H@10 0.703800
INFO:kbc-cli.py:Final 	test results	MRR 0.575463	H@1 0.503200	H@3 0.616900	H@5 0.659900	H@10 0.707000
INFO:kbc-cli.py:Training finished
