./bin/kbc-cli.py --train data/yago3-10/train.tsv --dev data/yago3-10/dev.tsv --test data/yago3-10/test.tsv -m complex -k 1000 -b 1000 -e 100 --F2 0 --N3 0.01 -l 0.1 -I standard -V 3 -o adagrad -q
{'F2': 0.0,
 'N3': 0.01,
 'batch_size': 1000,
 'dev': 'data/yago3-10/dev.tsv',
 'embedding_size': 1000,
 'epochs': 100,
 'eval_batch_size': None,
 'input_type': 'standard',
 'learning_rate': 0.1,
 'load': None,
 'model': 'complex',
 'optimizer': 'adagrad',
 'quiet': True,
 'save': None,
 'seed': 0,
 'test': 'data/yago3-10/test.tsv',
 'test_i': None,
 'test_ii': None,
 'train': 'data/yago3-10/train.tsv',
 'validate_every': 3}
INFO:kbc-cli.py:Device: cuda
INFO:kbc-cli.py:Model state:
INFO:kbc-cli.py:	entities.weight	torch.Size([123182, 2000])
INFO:kbc-cli.py:	predicates.weight	torch.Size([37, 2000])
INFO:kbc-cli.py:Epoch 1/100	Loss 16.6914 ± 2.3984
INFO:kbc-cli.py:Epoch 2/100	Loss 10.7380 ± 0.1488
INFO:kbc-cli.py:Epoch 3/100	Loss 9.4228 ± 0.2650
INFO:kbc-cli.py:Epoch 3/100	dev results	MRR 0.451244	H@1 0.359100	H@3 0.497300	H@5 0.553400	H@10 0.625200
INFO:kbc-cli.py:Epoch 3/100	test results	MRR 0.450728	H@1 0.357600	H@3 0.498600	H@5 0.554000	H@10 0.624100
INFO:kbc-cli.py:Epoch 4/100	Loss 8.9740 ± 0.2732
INFO:kbc-cli.py:Epoch 5/100	Loss 8.7251 ± 0.2728
INFO:kbc-cli.py:Epoch 6/100	Loss 8.5617 ± 0.2644
INFO:kbc-cli.py:Epoch 6/100	dev results	MRR 0.504531	H@1 0.415700	H@3 0.553500	H@5 0.604800	H@10 0.671500
INFO:kbc-cli.py:Epoch 6/100	test results	MRR 0.500434	H@1 0.412500	H@3 0.547000	H@5 0.600200	H@10 0.668900
INFO:kbc-cli.py:Epoch 7/100	Loss 8.4430 ± 0.2588
INFO:kbc-cli.py:Epoch 8/100	Loss 8.3493 ± 0.2551
INFO:kbc-cli.py:Epoch 9/100	Loss 8.2745 ± 0.2493
INFO:kbc-cli.py:Epoch 9/100	dev results	MRR 0.534772	H@1 0.449100	H@3 0.586600	H@5 0.635400	H@10 0.693300
INFO:kbc-cli.py:Epoch 9/100	test results	MRR 0.526818	H@1 0.440900	H@3 0.574500	H@5 0.626900	H@10 0.689600
INFO:kbc-cli.py:Epoch 10/100	Loss 8.2117 ± 0.2458
INFO:kbc-cli.py:Epoch 11/100	Loss 8.1584 ± 0.2370
INFO:kbc-cli.py:Epoch 12/100	Loss 8.1132 ± 0.2315
INFO:kbc-cli.py:Epoch 12/100	dev results	MRR 0.547380	H@1 0.462700	H@3 0.597700	H@5 0.645500	H@10 0.699100
INFO:kbc-cli.py:Epoch 12/100	test results	MRR 0.546244	H@1 0.464600	H@3 0.593400	H@5 0.640500	H@10 0.696700
INFO:kbc-cli.py:Epoch 13/100	Loss 8.0729 ± 0.2330
INFO:kbc-cli.py:Epoch 14/100	Loss 8.0364 ± 0.2253
INFO:kbc-cli.py:Epoch 15/100	Loss 8.0047 ± 0.2227
INFO:kbc-cli.py:Epoch 15/100	dev results	MRR 0.560757	H@1 0.479800	H@3 0.611200	H@5 0.654200	H@10 0.704100
INFO:kbc-cli.py:Epoch 15/100	test results	MRR 0.553543	H@1 0.472100	H@3 0.600800	H@5 0.649200	H@10 0.699200
INFO:kbc-cli.py:Epoch 16/100	Loss 7.9762 ± 0.2216
INFO:kbc-cli.py:Epoch 17/100	Loss 7.9495 ± 0.2149
INFO:kbc-cli.py:Epoch 18/100	Loss 7.9251 ± 0.2146
INFO:kbc-cli.py:Epoch 18/100	dev results	MRR 0.565867	H@1 0.487800	H@3 0.612900	H@5 0.657700	H@10 0.705500
INFO:kbc-cli.py:Epoch 18/100	test results	MRR 0.559992	H@1 0.480600	H@3 0.605800	H@5 0.653200	H@10 0.702700
INFO:kbc-cli.py:Epoch 19/100	Loss 7.9036 ± 0.2124
INFO:kbc-cli.py:Epoch 20/100	Loss 7.8837 ± 0.2114
INFO:kbc-cli.py:Epoch 21/100	Loss 7.8633 ± 0.2062
INFO:kbc-cli.py:Epoch 21/100	dev results	MRR 0.567557	H@1 0.487400	H@3 0.617500	H@5 0.660900	H@10 0.708200
INFO:kbc-cli.py:Epoch 21/100	test results	MRR 0.564857	H@1 0.487200	H@3 0.610700	H@5 0.654700	H@10 0.704300
INFO:kbc-cli.py:Epoch 22/100	Loss 7.8466 ± 0.2100
INFO:kbc-cli.py:Epoch 23/100	Loss 7.8302 ± 0.2011
INFO:kbc-cli.py:Epoch 24/100	Loss 7.8143 ± 0.1983
INFO:kbc-cli.py:Epoch 24/100	dev results	MRR 0.572524	H@1 0.494900	H@3 0.621700	H@5 0.662300	H@10 0.708900
INFO:kbc-cli.py:Epoch 24/100	test results	MRR 0.568549	H@1 0.491500	H@3 0.613700	H@5 0.659400	H@10 0.705700
INFO:kbc-cli.py:Epoch 25/100	Loss 7.8002 ± 0.1968
INFO:kbc-cli.py:Epoch 26/100	Loss 7.7859 ± 0.1930
INFO:kbc-cli.py:Epoch 27/100	Loss 7.7734 ± 0.1992
INFO:kbc-cli.py:Epoch 27/100	dev results	MRR 0.572545	H@1 0.496000	H@3 0.620800	H@5 0.662400	H@10 0.709300
INFO:kbc-cli.py:Epoch 27/100	test results	MRR 0.569401	H@1 0.492100	H@3 0.615200	H@5 0.658300	H@10 0.706600
INFO:kbc-cli.py:Epoch 28/100	Loss 7.7607 ± 0.1926
INFO:kbc-cli.py:Epoch 29/100	Loss 7.7496 ± 0.1903
INFO:kbc-cli.py:Epoch 30/100	Loss 7.7387 ± 0.1910
INFO:kbc-cli.py:Epoch 30/100	dev results	MRR 0.575590	H@1 0.499300	H@3 0.622600	H@5 0.665000	H@10 0.711100
INFO:kbc-cli.py:Epoch 30/100	test results	MRR 0.571059	H@1 0.494600	H@3 0.617000	H@5 0.658500	H@10 0.708300
INFO:kbc-cli.py:Epoch 31/100	Loss 7.7274 ± 0.1895
INFO:kbc-cli.py:Epoch 32/100	Loss 7.7182 ± 0.1854
INFO:kbc-cli.py:Epoch 33/100	Loss 7.7080 ± 0.1813
INFO:kbc-cli.py:Epoch 33/100	dev results	MRR 0.577547	H@1 0.502100	H@3 0.623600	H@5 0.664800	H@10 0.711600
INFO:kbc-cli.py:Epoch 33/100	test results	MRR 0.573473	H@1 0.498100	H@3 0.617400	H@5 0.659900	H@10 0.708500
INFO:kbc-cli.py:Epoch 34/100	Loss 7.6991 ± 0.1821
INFO:kbc-cli.py:Epoch 35/100	Loss 7.6904 ± 0.1813
INFO:kbc-cli.py:Epoch 36/100	Loss 7.6812 ± 0.1799
INFO:kbc-cli.py:Epoch 36/100	dev results	MRR 0.578105	H@1 0.503900	H@3 0.623800	H@5 0.665100	H@10 0.709400
INFO:kbc-cli.py:Epoch 36/100	test results	MRR 0.574462	H@1 0.498400	H@3 0.621500	H@5 0.662000	H@10 0.708900
INFO:kbc-cli.py:Epoch 37/100	Loss 7.6740 ± 0.1775
INFO:kbc-cli.py:Epoch 38/100	Loss 7.6664 ± 0.1784
INFO:kbc-cli.py:Epoch 39/100	Loss 7.6596 ± 0.1754
INFO:kbc-cli.py:Epoch 39/100	dev results	MRR 0.580158	H@1 0.506100	H@3 0.626200	H@5 0.665100	H@10 0.711100
INFO:kbc-cli.py:Epoch 39/100	test results	MRR 0.574528	H@1 0.497800	H@3 0.623200	H@5 0.663600	H@10 0.708700
INFO:kbc-cli.py:Epoch 40/100	Loss 7.6515 ± 0.1742
INFO:kbc-cli.py:Epoch 41/100	Loss 7.6445 ± 0.1762
INFO:kbc-cli.py:Epoch 42/100	Loss 7.6374 ± 0.1714
INFO:kbc-cli.py:Epoch 42/100	dev results	MRR 0.578829	H@1 0.504900	H@3 0.624100	H@5 0.663200	H@10 0.709600
INFO:kbc-cli.py:Epoch 42/100	test results	MRR 0.575522	H@1 0.500000	H@3 0.620300	H@5 0.661400	H@10 0.710100
INFO:kbc-cli.py:Epoch 43/100	Loss 7.6311 ± 0.1726
INFO:kbc-cli.py:Epoch 44/100	Loss 7.6261 ± 0.1712
INFO:kbc-cli.py:Epoch 45/100	Loss 7.6186 ± 0.1685
INFO:kbc-cli.py:Epoch 45/100	dev results	MRR 0.579634	H@1 0.506000	H@3 0.623700	H@5 0.667100	H@10 0.711700
INFO:kbc-cli.py:Epoch 45/100	test results	MRR 0.576690	H@1 0.501500	H@3 0.621200	H@5 0.664900	H@10 0.711300
INFO:kbc-cli.py:Epoch 46/100	Loss 7.6141 ± 0.1667
INFO:kbc-cli.py:Epoch 47/100	Loss 7.6078 ± 0.1640
INFO:kbc-cli.py:Epoch 48/100	Loss 7.6024 ± 0.1662
INFO:kbc-cli.py:Epoch 48/100	dev results	MRR 0.580836	H@1 0.508700	H@3 0.623500	H@5 0.666200	H@10 0.711500
INFO:kbc-cli.py:Epoch 48/100	test results	MRR 0.576507	H@1 0.500500	H@3 0.621700	H@5 0.662200	H@10 0.710600
INFO:kbc-cli.py:Epoch 49/100	Loss 7.5977 ± 0.1693
INFO:kbc-cli.py:Epoch 50/100	Loss 7.5917 ± 0.1657
INFO:kbc-cli.py:Epoch 51/100	Loss 7.5872 ± 0.1655
INFO:kbc-cli.py:Epoch 51/100	dev results	MRR 0.581484	H@1 0.509200	H@3 0.625200	H@5 0.665400	H@10 0.711100
INFO:kbc-cli.py:Epoch 51/100	test results	MRR 0.575863	H@1 0.499000	H@3 0.622100	H@5 0.662700	H@10 0.711000
INFO:kbc-cli.py:Epoch 52/100	Loss 7.5817 ± 0.1635
INFO:kbc-cli.py:Epoch 53/100	Loss 7.5778 ± 0.1598
INFO:kbc-cli.py:Epoch 54/100	Loss 7.5729 ± 0.1595
INFO:kbc-cli.py:Epoch 54/100	dev results	MRR 0.581206	H@1 0.508700	H@3 0.625300	H@5 0.666500	H@10 0.711300
INFO:kbc-cli.py:Epoch 54/100	test results	MRR 0.578185	H@1 0.502900	H@3 0.623400	H@5 0.663800	H@10 0.711400
INFO:kbc-cli.py:Epoch 55/100	Loss 7.5684 ± 0.1591
INFO:kbc-cli.py:Epoch 56/100	Loss 7.5637 ± 0.1567
INFO:kbc-cli.py:Epoch 57/100	Loss 7.5598 ± 0.1563
INFO:kbc-cli.py:Epoch 57/100	dev results	MRR 0.582068	H@1 0.510100	H@3 0.624900	H@5 0.664900	H@10 0.712100
INFO:kbc-cli.py:Epoch 57/100	test results	MRR 0.576675	H@1 0.500400	H@3 0.621500	H@5 0.665000	H@10 0.710300
INFO:kbc-cli.py:Epoch 58/100	Loss 7.5556 ± 0.1567
INFO:kbc-cli.py:Epoch 59/100	Loss 7.5516 ± 0.1536
INFO:kbc-cli.py:Epoch 60/100	Loss 7.5490 ± 0.1618
INFO:kbc-cli.py:Epoch 60/100	dev results	MRR 0.583491	H@1 0.513100	H@3 0.625000	H@5 0.664500	H@10 0.711000
INFO:kbc-cli.py:Epoch 60/100	test results	MRR 0.578547	H@1 0.504700	H@3 0.622900	H@5 0.663100	H@10 0.711400
INFO:kbc-cli.py:Epoch 61/100	Loss 7.5437 ± 0.1560
INFO:kbc-cli.py:Epoch 62/100	Loss 7.5400 ± 0.1561
INFO:kbc-cli.py:Epoch 63/100	Loss 7.5369 ± 0.1538
INFO:kbc-cli.py:Epoch 63/100	dev results	MRR 0.582214	H@1 0.510900	H@3 0.625600	H@5 0.664600	H@10 0.711900
INFO:kbc-cli.py:Epoch 63/100	test results	MRR 0.578709	H@1 0.504700	H@3 0.621100	H@5 0.661000	H@10 0.710200
INFO:kbc-cli.py:Epoch 64/100	Loss 7.5332 ± 0.1472
INFO:kbc-cli.py:Epoch 65/100	Loss 7.5297 ± 0.1493
INFO:kbc-cli.py:Epoch 66/100	Loss 7.5255 ± 0.1538
INFO:kbc-cli.py:Epoch 66/100	dev results	MRR 0.582371	H@1 0.510500	H@3 0.624600	H@5 0.665300	H@10 0.712800
INFO:kbc-cli.py:Epoch 66/100	test results	MRR 0.578228	H@1 0.503200	H@3 0.623200	H@5 0.664100	H@10 0.711600
INFO:kbc-cli.py:Epoch 67/100	Loss 7.5230 ± 0.1552
INFO:kbc-cli.py:Epoch 68/100	Loss 7.5191 ± 0.1508
INFO:kbc-cli.py:Epoch 69/100	Loss 7.5172 ± 0.1523
INFO:kbc-cli.py:Epoch 69/100	dev results	MRR 0.580876	H@1 0.508800	H@3 0.625200	H@5 0.663900	H@10 0.711600
INFO:kbc-cli.py:Epoch 69/100	test results	MRR 0.579619	H@1 0.504900	H@3 0.625700	H@5 0.664800	H@10 0.712700
INFO:kbc-cli.py:Epoch 70/100	Loss 7.5133 ± 0.1484
INFO:kbc-cli.py:Epoch 71/100	Loss 7.5099 ± 0.1463
INFO:kbc-cli.py:Epoch 72/100	Loss 7.5078 ± 0.1466
INFO:kbc-cli.py:Epoch 72/100	dev results	MRR 0.581735	H@1 0.509900	H@3 0.624600	H@5 0.665100	H@10 0.712200
INFO:kbc-cli.py:Epoch 72/100	test results	MRR 0.579509	H@1 0.504600	H@3 0.625100	H@5 0.665500	H@10 0.714500
INFO:kbc-cli.py:Epoch 73/100	Loss 7.5039 ± 0.1502
INFO:kbc-cli.py:Epoch 74/100	Loss 7.5020 ± 0.1479
INFO:kbc-cli.py:Epoch 75/100	Loss 7.4982 ± 0.1513
INFO:kbc-cli.py:Epoch 75/100	dev results	MRR 0.582165	H@1 0.510400	H@3 0.625700	H@5 0.664600	H@10 0.712700
INFO:kbc-cli.py:Epoch 75/100	test results	MRR 0.578069	H@1 0.501700	H@3 0.623800	H@5 0.665500	H@10 0.713400
INFO:kbc-cli.py:Epoch 76/100	Loss 7.4963 ± 0.1468
INFO:kbc-cli.py:Epoch 77/100	Loss 7.4937 ± 0.1475
INFO:kbc-cli.py:Epoch 78/100	Loss 7.4911 ± 0.1493
INFO:kbc-cli.py:Epoch 78/100	dev results	MRR 0.582036	H@1 0.510500	H@3 0.625700	H@5 0.662900	H@10 0.710500
INFO:kbc-cli.py:Epoch 78/100	test results	MRR 0.579749	H@1 0.505300	H@3 0.623200	H@5 0.665400	H@10 0.712700
INFO:kbc-cli.py:Epoch 79/100	Loss 7.4880 ± 0.1410
INFO:kbc-cli.py:Epoch 80/100	Loss 7.4860 ± 0.1445
INFO:kbc-cli.py:Epoch 81/100	Loss 7.4834 ± 0.1422
INFO:kbc-cli.py:Epoch 81/100	dev results	MRR 0.581622	H@1 0.509900	H@3 0.624400	H@5 0.664400	H@10 0.712900
INFO:kbc-cli.py:Epoch 81/100	test results	MRR 0.578179	H@1 0.502300	H@3 0.622600	H@5 0.664900	H@10 0.713000
INFO:kbc-cli.py:Epoch 82/100	Loss 7.4806 ± 0.1448
INFO:kbc-cli.py:Epoch 83/100	Loss 7.4779 ± 0.1441
INFO:kbc-cli.py:Epoch 84/100	Loss 7.4760 ± 0.1410
INFO:kbc-cli.py:Epoch 84/100	dev results	MRR 0.583663	H@1 0.513400	H@3 0.625800	H@5 0.665200	H@10 0.712100
INFO:kbc-cli.py:Epoch 84/100	test results	MRR 0.578555	H@1 0.503400	H@3 0.622400	H@5 0.664100	H@10 0.711500
INFO:kbc-cli.py:Epoch 85/100	Loss 7.4739 ± 0.1417
INFO:kbc-cli.py:Epoch 86/100	Loss 7.4709 ± 0.1375
INFO:kbc-cli.py:Epoch 87/100	Loss 7.4690 ± 0.1433
INFO:kbc-cli.py:Epoch 87/100	dev results	MRR 0.581862	H@1 0.510800	H@3 0.624200	H@5 0.665700	H@10 0.713300
INFO:kbc-cli.py:Epoch 87/100	test results	MRR 0.579242	H@1 0.505900	H@3 0.621300	H@5 0.665800	H@10 0.712000
INFO:kbc-cli.py:Epoch 88/100	Loss 7.4673 ± 0.1467
INFO:kbc-cli.py:Epoch 89/100	Loss 7.4645 ± 0.1417
INFO:kbc-cli.py:Epoch 90/100	Loss 7.4624 ± 0.1406
INFO:kbc-cli.py:Epoch 90/100	dev results	MRR 0.581799	H@1 0.510500	H@3 0.625000	H@5 0.666000	H@10 0.712100
INFO:kbc-cli.py:Epoch 90/100	test results	MRR 0.578460	H@1 0.504100	H@3 0.622000	H@5 0.664400	H@10 0.712400
INFO:kbc-cli.py:Epoch 91/100	Loss 7.4606 ± 0.1376
INFO:kbc-cli.py:Epoch 92/100	Loss 7.4581 ± 0.1399
INFO:kbc-cli.py:Epoch 93/100	Loss 7.4565 ± 0.1398
INFO:kbc-cli.py:Epoch 93/100	dev results	MRR 0.581879	H@1 0.510700	H@3 0.624500	H@5 0.666400	H@10 0.712500
INFO:kbc-cli.py:Epoch 93/100	test results	MRR 0.579840	H@1 0.506700	H@3 0.622300	H@5 0.665300	H@10 0.712000
INFO:kbc-cli.py:Epoch 94/100	Loss 7.4545 ± 0.1373
INFO:kbc-cli.py:Epoch 95/100	Loss 7.4521 ± 0.1395
INFO:kbc-cli.py:Epoch 96/100	Loss 7.4505 ± 0.1351
INFO:kbc-cli.py:Epoch 96/100	dev results	MRR 0.581743	H@1 0.510500	H@3 0.624100	H@5 0.664500	H@10 0.713200
INFO:kbc-cli.py:Epoch 96/100	test results	MRR 0.578472	H@1 0.503600	H@3 0.622000	H@5 0.664500	H@10 0.712100
INFO:kbc-cli.py:Epoch 97/100	Loss 7.4490 ± 0.1385
INFO:kbc-cli.py:Epoch 98/100	Loss 7.4471 ± 0.1358
INFO:kbc-cli.py:Epoch 99/100	Loss 7.4447 ± 0.1374
INFO:kbc-cli.py:Epoch 99/100	dev results	MRR 0.582231	H@1 0.511400	H@3 0.624100	H@5 0.665500	H@10 0.711400
INFO:kbc-cli.py:Epoch 99/100	test results	MRR 0.580001	H@1 0.506100	H@3 0.622800	H@5 0.665400	H@10 0.713000
INFO:kbc-cli.py:Epoch 100/100	Loss 7.4429 ± 0.1344
INFO:kbc-cli.py:Final 	dev results	MRR 0.583332	H@1 0.513900	H@3 0.623300	H@5 0.665100	H@10 0.711800
INFO:kbc-cli.py:Final 	test results	MRR 0.580303	H@1 0.506600	H@3 0.621600	H@5 0.665800	H@10 0.712100
INFO:kbc-cli.py:Training finished
