./bin/kbc-cli.py --train data/yago3-10/train.tsv --dev data/yago3-10/dev.tsv --test data/yago3-10/test.tsv -m complex -k 500 -b 1000 -e 100 --F2 0 --N3 0.005 -l 0.1 -I reciprocal -V 3 -o adagrad -q
{'F2': 0.0,
 'N3': 0.005,
 'batch_size': 1000,
 'dev': 'data/yago3-10/dev.tsv',
 'embedding_size': 500,
 'epochs': 100,
 'eval_batch_size': None,
 'input_type': 'reciprocal',
 'learning_rate': 0.1,
 'load': None,
 'model': 'complex',
 'optimizer': 'adagrad',
 'quiet': True,
 'save': None,
 'seed': 0,
 'test': 'data/yago3-10/test.tsv',
 'test_i': None,
 'test_ii': None,
 'train': 'data/yago3-10/train.tsv',
 'validate_every': 3}
INFO:kbc-cli.py:Device: cuda
INFO:kbc-cli.py:Model state:
INFO:kbc-cli.py:	entities.weight	torch.Size([123182, 1000])
INFO:kbc-cli.py:	predicates.weight	torch.Size([74, 1000])
INFO:kbc-cli.py:Epoch 1/100	Loss 13.3798 ± 3.0331
INFO:kbc-cli.py:Epoch 2/100	Loss 8.6583 ± 0.1137
INFO:kbc-cli.py:Epoch 3/100	Loss 8.1252 ± 0.1211
INFO:kbc-cli.py:Epoch 3/100	dev results	MRR 0.500487	H@1 0.416100	H@3 0.544900	H@5 0.600100	H@10 0.663800
INFO:kbc-cli.py:Epoch 3/100	test results	MRR 0.498444	H@1 0.413800	H@3 0.542500	H@5 0.595600	H@10 0.657900
INFO:kbc-cli.py:Epoch 4/100	Loss 7.8924 ± 0.1366
INFO:kbc-cli.py:Epoch 5/100	Loss 7.7525 ± 0.1417
INFO:kbc-cli.py:Epoch 6/100	Loss 7.6554 ± 0.1420
INFO:kbc-cli.py:Epoch 6/100	dev results	MRR 0.542884	H@1 0.465100	H@3 0.586800	H@5 0.635700	H@10 0.689300
INFO:kbc-cli.py:Epoch 6/100	test results	MRR 0.538626	H@1 0.457500	H@3 0.587000	H@5 0.633500	H@10 0.688100
INFO:kbc-cli.py:Epoch 7/100	Loss 7.5825 ± 0.1423
INFO:kbc-cli.py:Epoch 8/100	Loss 7.5249 ± 0.1421
INFO:kbc-cli.py:Epoch 9/100	Loss 7.4776 ± 0.1433
INFO:kbc-cli.py:Epoch 9/100	dev results	MRR 0.559483	H@1 0.482400	H@3 0.607500	H@5 0.649300	H@10 0.697400
INFO:kbc-cli.py:Epoch 9/100	test results	MRR 0.551916	H@1 0.472600	H@3 0.602500	H@5 0.645700	H@10 0.694300
INFO:kbc-cli.py:Epoch 10/100	Loss 7.4383 ± 0.1422
INFO:kbc-cli.py:Epoch 11/100	Loss 7.4045 ± 0.1419
INFO:kbc-cli.py:Epoch 12/100	Loss 7.3751 ± 0.1392
INFO:kbc-cli.py:Epoch 12/100	dev results	MRR 0.567799	H@1 0.495100	H@3 0.610500	H@5 0.652400	H@10 0.699700
INFO:kbc-cli.py:Epoch 12/100	test results	MRR 0.562277	H@1 0.485900	H@3 0.610100	H@5 0.651700	H@10 0.698200
INFO:kbc-cli.py:Epoch 13/100	Loss 7.3490 ± 0.1382
INFO:kbc-cli.py:Epoch 14/100	Loss 7.3259 ± 0.1362
INFO:kbc-cli.py:Epoch 15/100	Loss 7.3051 ± 0.1360
INFO:kbc-cli.py:Epoch 15/100	dev results	MRR 0.569484	H@1 0.496200	H@3 0.613100	H@5 0.653200	H@10 0.703300
INFO:kbc-cli.py:Epoch 15/100	test results	MRR 0.565411	H@1 0.489700	H@3 0.612800	H@5 0.652900	H@10 0.699800
INFO:kbc-cli.py:Epoch 16/100	Loss 7.2871 ± 0.1354
INFO:kbc-cli.py:Epoch 17/100	Loss 7.2700 ± 0.1329
INFO:kbc-cli.py:Epoch 18/100	Loss 7.2541 ± 0.1334
INFO:kbc-cli.py:Epoch 18/100	dev results	MRR 0.572792	H@1 0.501400	H@3 0.614600	H@5 0.654800	H@10 0.703200
INFO:kbc-cli.py:Epoch 18/100	test results	MRR 0.569108	H@1 0.493800	H@3 0.616900	H@5 0.654100	H@10 0.700300
INFO:kbc-cli.py:Epoch 19/100	Loss 7.2394 ± 0.1321
INFO:kbc-cli.py:Epoch 20/100	Loss 7.2265 ± 0.1289
INFO:kbc-cli.py:Epoch 21/100	Loss 7.2145 ± 0.1329
INFO:kbc-cli.py:Epoch 21/100	dev results	MRR 0.573162	H@1 0.500100	H@3 0.617000	H@5 0.658800	H@10 0.705200
INFO:kbc-cli.py:Epoch 21/100	test results	MRR 0.573956	H@1 0.501800	H@3 0.616200	H@5 0.657000	H@10 0.701600
INFO:kbc-cli.py:Epoch 22/100	Loss 7.2028 ± 0.1281
INFO:kbc-cli.py:Epoch 23/100	Loss 7.1921 ± 0.1294
INFO:kbc-cli.py:Epoch 24/100	Loss 7.1821 ± 0.1273
INFO:kbc-cli.py:Epoch 24/100	dev results	MRR 0.575405	H@1 0.503700	H@3 0.619500	H@5 0.657400	H@10 0.704400
INFO:kbc-cli.py:Epoch 24/100	test results	MRR 0.570494	H@1 0.496500	H@3 0.615900	H@5 0.657000	H@10 0.701500
INFO:kbc-cli.py:Epoch 25/100	Loss 7.1726 ± 0.1298
INFO:kbc-cli.py:Epoch 26/100	Loss 7.1636 ± 0.1273
INFO:kbc-cli.py:Epoch 27/100	Loss 7.1554 ± 0.1271
INFO:kbc-cli.py:Epoch 27/100	dev results	MRR 0.575448	H@1 0.504300	H@3 0.619100	H@5 0.657900	H@10 0.705500
INFO:kbc-cli.py:Epoch 27/100	test results	MRR 0.572771	H@1 0.498900	H@3 0.617800	H@5 0.658500	H@10 0.702400
INFO:kbc-cli.py:Epoch 28/100	Loss 7.1474 ± 0.1255
INFO:kbc-cli.py:Epoch 29/100	Loss 7.1397 ± 0.1228
INFO:kbc-cli.py:Epoch 30/100	Loss 7.1329 ± 0.1230
INFO:kbc-cli.py:Epoch 30/100	dev results	MRR 0.576370	H@1 0.506400	H@3 0.615800	H@5 0.657600	H@10 0.705600
INFO:kbc-cli.py:Epoch 30/100	test results	MRR 0.574271	H@1 0.501400	H@3 0.619800	H@5 0.658100	H@10 0.702000
INFO:kbc-cli.py:Epoch 31/100	Loss 7.1256 ± 0.1256
INFO:kbc-cli.py:Epoch 32/100	Loss 7.1192 ± 0.1190
INFO:kbc-cli.py:Epoch 33/100	Loss 7.1132 ± 0.1233
INFO:kbc-cli.py:Epoch 33/100	dev results	MRR 0.575974	H@1 0.505200	H@3 0.618800	H@5 0.656900	H@10 0.707500
INFO:kbc-cli.py:Epoch 33/100	test results	MRR 0.574065	H@1 0.501500	H@3 0.617900	H@5 0.658400	H@10 0.702600
INFO:kbc-cli.py:Epoch 34/100	Loss 7.1071 ± 0.1204
INFO:kbc-cli.py:Epoch 35/100	Loss 7.1014 ± 0.1210
INFO:kbc-cli.py:Epoch 36/100	Loss 7.0961 ± 0.1177
INFO:kbc-cli.py:Epoch 36/100	dev results	MRR 0.578383	H@1 0.509200	H@3 0.619000	H@5 0.655300	H@10 0.706400
INFO:kbc-cli.py:Epoch 36/100	test results	MRR 0.575432	H@1 0.504800	H@3 0.616400	H@5 0.659700	H@10 0.701900
INFO:kbc-cli.py:Epoch 37/100	Loss 7.0907 ± 0.1210
INFO:kbc-cli.py:Epoch 38/100	Loss 7.0858 ± 0.1214
INFO:kbc-cli.py:Epoch 39/100	Loss 7.0810 ± 0.1184
INFO:kbc-cli.py:Epoch 39/100	dev results	MRR 0.576373	H@1 0.505900	H@3 0.618000	H@5 0.656200	H@10 0.706000
INFO:kbc-cli.py:Epoch 39/100	test results	MRR 0.574522	H@1 0.502500	H@3 0.617500	H@5 0.658800	H@10 0.702900
INFO:kbc-cli.py:Epoch 40/100	Loss 7.0762 ± 0.1185
INFO:kbc-cli.py:Epoch 41/100	Loss 7.0718 ± 0.1173
INFO:kbc-cli.py:Epoch 42/100	Loss 7.0675 ± 0.1181
INFO:kbc-cli.py:Epoch 42/100	dev results	MRR 0.576751	H@1 0.506700	H@3 0.619100	H@5 0.656000	H@10 0.705300
INFO:kbc-cli.py:Epoch 42/100	test results	MRR 0.574091	H@1 0.500800	H@3 0.618300	H@5 0.660100	H@10 0.701700
INFO:kbc-cli.py:Epoch 43/100	Loss 7.0636 ± 0.1182
INFO:kbc-cli.py:Epoch 44/100	Loss 7.0594 ± 0.1189
INFO:kbc-cli.py:Epoch 45/100	Loss 7.0553 ± 0.1158
INFO:kbc-cli.py:Epoch 45/100	dev results	MRR 0.578588	H@1 0.510100	H@3 0.618200	H@5 0.657600	H@10 0.704800
INFO:kbc-cli.py:Epoch 45/100	test results	MRR 0.574736	H@1 0.502600	H@3 0.618100	H@5 0.659800	H@10 0.702800
INFO:kbc-cli.py:Epoch 46/100	Loss 7.0517 ± 0.1153
INFO:kbc-cli.py:Epoch 47/100	Loss 7.0478 ± 0.1126
INFO:kbc-cli.py:Epoch 48/100	Loss 7.0446 ± 0.1145
INFO:kbc-cli.py:Epoch 48/100	dev results	MRR 0.577582	H@1 0.508700	H@3 0.617700	H@5 0.656800	H@10 0.705200
INFO:kbc-cli.py:Epoch 48/100	test results	MRR 0.575012	H@1 0.503200	H@3 0.617400	H@5 0.657500	H@10 0.702300
INFO:kbc-cli.py:Epoch 49/100	Loss 7.0411 ± 0.1153
INFO:kbc-cli.py:Epoch 50/100	Loss 7.0377 ± 0.1131
INFO:kbc-cli.py:Epoch 51/100	Loss 7.0347 ± 0.1130
INFO:kbc-cli.py:Epoch 51/100	dev results	MRR 0.576826	H@1 0.507400	H@3 0.617500	H@5 0.656300	H@10 0.704200
INFO:kbc-cli.py:Epoch 51/100	test results	MRR 0.575557	H@1 0.502900	H@3 0.620500	H@5 0.659700	H@10 0.702600
INFO:kbc-cli.py:Epoch 52/100	Loss 7.0312 ± 0.1144
INFO:kbc-cli.py:Epoch 53/100	Loss 7.0282 ± 0.1126
INFO:kbc-cli.py:Epoch 54/100	Loss 7.0252 ± 0.1122
INFO:kbc-cli.py:Epoch 54/100	dev results	MRR 0.578005	H@1 0.509600	H@3 0.617300	H@5 0.655500	H@10 0.704900
INFO:kbc-cli.py:Epoch 54/100	test results	MRR 0.575192	H@1 0.503300	H@3 0.618600	H@5 0.657400	H@10 0.702700
INFO:kbc-cli.py:Epoch 55/100	Loss 7.0227 ± 0.1124
INFO:kbc-cli.py:Epoch 56/100	Loss 7.0198 ± 0.1135
INFO:kbc-cli.py:Epoch 57/100	Loss 7.0169 ± 0.1104
INFO:kbc-cli.py:Epoch 57/100	dev results	MRR 0.578074	H@1 0.508800	H@3 0.617900	H@5 0.657100	H@10 0.703600
INFO:kbc-cli.py:Epoch 57/100	test results	MRR 0.574794	H@1 0.503000	H@3 0.617200	H@5 0.657500	H@10 0.702600
INFO:kbc-cli.py:Epoch 58/100	Loss 7.0142 ± 0.1087
INFO:kbc-cli.py:Epoch 59/100	Loss 7.0114 ± 0.1091
INFO:kbc-cli.py:Epoch 60/100	Loss 7.0091 ± 0.1111
INFO:kbc-cli.py:Epoch 60/100	dev results	MRR 0.576812	H@1 0.507100	H@3 0.616700	H@5 0.658100	H@10 0.704500
INFO:kbc-cli.py:Epoch 60/100	test results	MRR 0.576040	H@1 0.504800	H@3 0.618600	H@5 0.658500	H@10 0.703500
INFO:kbc-cli.py:Epoch 61/100	Loss 7.0064 ± 0.1063
INFO:kbc-cli.py:Epoch 62/100	Loss 7.0043 ± 0.1110
INFO:kbc-cli.py:Epoch 63/100	Loss 7.0018 ± 0.1110
INFO:kbc-cli.py:Epoch 63/100	dev results	MRR 0.576922	H@1 0.507200	H@3 0.616500	H@5 0.654900	H@10 0.704100
INFO:kbc-cli.py:Epoch 63/100	test results	MRR 0.575954	H@1 0.504500	H@3 0.618200	H@5 0.659100	H@10 0.702500
INFO:kbc-cli.py:Epoch 64/100	Loss 6.9995 ± 0.1085
INFO:kbc-cli.py:Epoch 65/100	Loss 6.9973 ± 0.1081
INFO:kbc-cli.py:Epoch 66/100	Loss 6.9950 ± 0.1069
INFO:kbc-cli.py:Epoch 66/100	dev results	MRR 0.576554	H@1 0.506200	H@3 0.617600	H@5 0.658000	H@10 0.704300
INFO:kbc-cli.py:Epoch 66/100	test results	MRR 0.576063	H@1 0.505300	H@3 0.616600	H@5 0.659100	H@10 0.701100
INFO:kbc-cli.py:Epoch 67/100	Loss 6.9928 ± 0.1071
INFO:kbc-cli.py:Epoch 68/100	Loss 6.9908 ± 0.1073
INFO:kbc-cli.py:Epoch 69/100	Loss 6.9888 ± 0.1070
INFO:kbc-cli.py:Epoch 69/100	dev results	MRR 0.577023	H@1 0.507400	H@3 0.617900	H@5 0.655900	H@10 0.704500
INFO:kbc-cli.py:Epoch 69/100	test results	MRR 0.574532	H@1 0.503000	H@3 0.615600	H@5 0.658600	H@10 0.702700
INFO:kbc-cli.py:Epoch 70/100	Loss 6.9868 ± 0.1061
INFO:kbc-cli.py:Epoch 71/100	Loss 6.9847 ± 0.1040
INFO:kbc-cli.py:Epoch 72/100	Loss 6.9828 ± 0.1078
INFO:kbc-cli.py:Epoch 72/100	dev results	MRR 0.577178	H@1 0.508800	H@3 0.616800	H@5 0.656200	H@10 0.703200
INFO:kbc-cli.py:Epoch 72/100	test results	MRR 0.574642	H@1 0.502100	H@3 0.616700	H@5 0.659200	H@10 0.703500
INFO:kbc-cli.py:Epoch 73/100	Loss 6.9810 ± 0.1058
INFO:kbc-cli.py:Epoch 74/100	Loss 6.9791 ± 0.1071
INFO:kbc-cli.py:Epoch 75/100	Loss 6.9774 ± 0.1075
INFO:kbc-cli.py:Epoch 75/100	dev results	MRR 0.576824	H@1 0.507200	H@3 0.616600	H@5 0.655300	H@10 0.705100
INFO:kbc-cli.py:Epoch 75/100	test results	MRR 0.575251	H@1 0.503800	H@3 0.617200	H@5 0.659200	H@10 0.703200
INFO:kbc-cli.py:Epoch 76/100	Loss 6.9756 ± 0.1059
INFO:kbc-cli.py:Epoch 77/100	Loss 6.9738 ± 0.1034
INFO:kbc-cli.py:Epoch 78/100	Loss 6.9720 ± 0.1039
INFO:kbc-cli.py:Epoch 78/100	dev results	MRR 0.577917	H@1 0.509800	H@3 0.615700	H@5 0.654600	H@10 0.704200
INFO:kbc-cli.py:Epoch 78/100	test results	MRR 0.576141	H@1 0.505100	H@3 0.617400	H@5 0.657800	H@10 0.702500
INFO:kbc-cli.py:Epoch 79/100	Loss 6.9705 ± 0.1032
INFO:kbc-cli.py:Epoch 80/100	Loss 6.9688 ± 0.1046
INFO:kbc-cli.py:Epoch 81/100	Loss 6.9671 ± 0.1073
INFO:kbc-cli.py:Epoch 81/100	dev results	MRR 0.575917	H@1 0.506300	H@3 0.615800	H@5 0.653200	H@10 0.705200
INFO:kbc-cli.py:Epoch 81/100	test results	MRR 0.575064	H@1 0.502900	H@3 0.617300	H@5 0.659300	H@10 0.703600
INFO:kbc-cli.py:Epoch 82/100	Loss 6.9659 ± 0.1025
INFO:kbc-cli.py:Epoch 83/100	Loss 6.9639 ± 0.1058
INFO:kbc-cli.py:Epoch 84/100	Loss 6.9623 ± 0.1029
INFO:kbc-cli.py:Epoch 84/100	dev results	MRR 0.576226	H@1 0.506900	H@3 0.615500	H@5 0.653700	H@10 0.704900
INFO:kbc-cli.py:Epoch 84/100	test results	MRR 0.574199	H@1 0.501500	H@3 0.617300	H@5 0.658300	H@10 0.703100
INFO:kbc-cli.py:Epoch 85/100	Loss 6.9609 ± 0.1029
INFO:kbc-cli.py:Epoch 86/100	Loss 6.9593 ± 0.1026
INFO:kbc-cli.py:Epoch 87/100	Loss 6.9580 ± 0.1018
INFO:kbc-cli.py:Epoch 87/100	dev results	MRR 0.575746	H@1 0.506600	H@3 0.614800	H@5 0.653900	H@10 0.704400
INFO:kbc-cli.py:Epoch 87/100	test results	MRR 0.574265	H@1 0.502100	H@3 0.616900	H@5 0.657600	H@10 0.703500
INFO:kbc-cli.py:Epoch 88/100	Loss 6.9568 ± 0.1042
INFO:kbc-cli.py:Epoch 89/100	Loss 6.9553 ± 0.1045
INFO:kbc-cli.py:Epoch 90/100	Loss 6.9539 ± 0.1023
INFO:kbc-cli.py:Epoch 90/100	dev results	MRR 0.576878	H@1 0.508100	H@3 0.617100	H@5 0.654000	H@10 0.703500
INFO:kbc-cli.py:Epoch 90/100	test results	MRR 0.574785	H@1 0.502500	H@3 0.616400	H@5 0.658700	H@10 0.701600
INFO:kbc-cli.py:Epoch 91/100	Loss 6.9525 ± 0.1028
INFO:kbc-cli.py:Epoch 92/100	Loss 6.9513 ± 0.1035
INFO:kbc-cli.py:Epoch 93/100	Loss 6.9496 ± 0.1041
INFO:kbc-cli.py:Epoch 93/100	dev results	MRR 0.575019	H@1 0.504400	H@3 0.615600	H@5 0.654100	H@10 0.704500
INFO:kbc-cli.py:Epoch 93/100	test results	MRR 0.574891	H@1 0.503400	H@3 0.615700	H@5 0.658500	H@10 0.704200
INFO:kbc-cli.py:Epoch 94/100	Loss 6.9486 ± 0.0996
INFO:kbc-cli.py:Epoch 95/100	Loss 6.9473 ± 0.1027
INFO:kbc-cli.py:Epoch 96/100	Loss 6.9460 ± 0.1024
INFO:kbc-cli.py:Epoch 96/100	dev results	MRR 0.575283	H@1 0.505000	H@3 0.615000	H@5 0.655800	H@10 0.704000
INFO:kbc-cli.py:Epoch 96/100	test results	MRR 0.573589	H@1 0.500900	H@3 0.615500	H@5 0.658800	H@10 0.703600
INFO:kbc-cli.py:Epoch 97/100	Loss 6.9448 ± 0.1009
INFO:kbc-cli.py:Epoch 98/100	Loss 6.9436 ± 0.0995
INFO:kbc-cli.py:Epoch 99/100	Loss 6.9424 ± 0.1013
INFO:kbc-cli.py:Epoch 99/100	dev results	MRR 0.575709	H@1 0.506600	H@3 0.615100	H@5 0.655700	H@10 0.703900
INFO:kbc-cli.py:Epoch 99/100	test results	MRR 0.575053	H@1 0.503900	H@3 0.617300	H@5 0.657300	H@10 0.702600
INFO:kbc-cli.py:Epoch 100/100	Loss 6.9410 ± 0.1003
INFO:kbc-cli.py:Final 	dev results	MRR 0.575724	H@1 0.506100	H@3 0.615000	H@5 0.654400	H@10 0.703700
INFO:kbc-cli.py:Final 	test results	MRR 0.573965	H@1 0.501100	H@3 0.616700	H@5 0.656900	H@10 0.702200
INFO:kbc-cli.py:Training finished
