./bin/kbc-cli.py --train data/yago3-10/train.tsv --dev data/yago3-10/dev.tsv --test data/yago3-10/test.tsv -m complex -k 1000 -b 1000 -e 100 --F2 0 --N3 0.5 -l 0.1 -I standard -V 3 -o adagrad -q
{'F2': 0.0,
 'N3': 0.5,
 'batch_size': 1000,
 'dev': 'data/yago3-10/dev.tsv',
 'embedding_size': 1000,
 'epochs': 100,
 'eval_batch_size': None,
 'input_type': 'standard',
 'learning_rate': 0.1,
 'load': None,
 'model': 'complex',
 'optimizer': 'adagrad',
 'quiet': True,
 'save': None,
 'seed': 0,
 'test': 'data/yago3-10/test.tsv',
 'test_i': None,
 'test_ii': None,
 'train': 'data/yago3-10/train.tsv',
 'validate_every': 3}
INFO:kbc-cli.py:Device: cuda
INFO:kbc-cli.py:Model state:
INFO:kbc-cli.py:	entities.weight	torch.Size([123182, 2000])
INFO:kbc-cli.py:	predicates.weight	torch.Size([37, 2000])
INFO:kbc-cli.py:Epoch 1/100	Loss 37.7886 ± 8.4797
INFO:kbc-cli.py:Epoch 2/100	Loss 27.4993 ± 0.6520
INFO:kbc-cli.py:Epoch 3/100	Loss 25.9572 ± 0.4444
INFO:kbc-cli.py:Epoch 3/100	dev results	MRR 0.013305	H@1 0.002700	H@3 0.009700	H@5 0.016100	H@10 0.033900
INFO:kbc-cli.py:Epoch 3/100	test results	MRR 0.013363	H@1 0.003000	H@3 0.009800	H@5 0.015700	H@10 0.032500
INFO:kbc-cli.py:Epoch 4/100	Loss 25.2486 ± 0.3709
INFO:kbc-cli.py:Epoch 5/100	Loss 24.8319 ± 0.3371
INFO:kbc-cli.py:Epoch 6/100	Loss 24.5525 ± 0.3037
INFO:kbc-cli.py:Epoch 6/100	dev results	MRR 0.015606	H@1 0.004000	H@3 0.011500	H@5 0.018200	H@10 0.031900
INFO:kbc-cli.py:Epoch 6/100	test results	MRR 0.015562	H@1 0.003900	H@3 0.011400	H@5 0.016900	H@10 0.032300
INFO:kbc-cli.py:Epoch 7/100	Loss 24.3456 ± 0.2717
INFO:kbc-cli.py:Epoch 8/100	Loss 24.1730 ± 0.2608
INFO:kbc-cli.py:Epoch 9/100	Loss 24.0335 ± 0.2528
INFO:kbc-cli.py:Epoch 9/100	dev results	MRR 0.030224	H@1 0.008900	H@3 0.026900	H@5 0.040800	H@10 0.065400
INFO:kbc-cli.py:Epoch 9/100	test results	MRR 0.029818	H@1 0.008600	H@3 0.026000	H@5 0.039600	H@10 0.066800
INFO:kbc-cli.py:Epoch 10/100	Loss 23.9236 ± 0.2300
INFO:kbc-cli.py:Epoch 11/100	Loss 23.8305 ± 0.2216
INFO:kbc-cli.py:Epoch 12/100	Loss 23.7527 ± 0.2132
INFO:kbc-cli.py:Epoch 12/100	dev results	MRR 0.040195	H@1 0.015000	H@3 0.038500	H@5 0.053300	H@10 0.080500
INFO:kbc-cli.py:Epoch 12/100	test results	MRR 0.040893	H@1 0.015700	H@3 0.036700	H@5 0.053100	H@10 0.084300
INFO:kbc-cli.py:Epoch 13/100	Loss 23.6855 ± 0.2152
INFO:kbc-cli.py:Epoch 14/100	Loss 23.6271 ± 0.1916
INFO:kbc-cli.py:Epoch 15/100	Loss 23.5769 ± 0.1930
INFO:kbc-cli.py:Epoch 15/100	dev results	MRR 0.047123	H@1 0.019600	H@3 0.044600	H@5 0.060500	H@10 0.094200
INFO:kbc-cli.py:Epoch 15/100	test results	MRR 0.047510	H@1 0.019600	H@3 0.042500	H@5 0.062200	H@10 0.096800
INFO:kbc-cli.py:Epoch 16/100	Loss 23.5308 ± 0.1914
INFO:kbc-cli.py:Epoch 17/100	Loss 23.4888 ± 0.1874
INFO:kbc-cli.py:Epoch 18/100	Loss 23.4517 ± 0.1802
INFO:kbc-cli.py:Epoch 18/100	dev results	MRR 0.053859	H@1 0.023400	H@3 0.050200	H@5 0.070400	H@10 0.107800
INFO:kbc-cli.py:Epoch 18/100	test results	MRR 0.054183	H@1 0.023200	H@3 0.051900	H@5 0.071600	H@10 0.108500
INFO:kbc-cli.py:Epoch 19/100	Loss 23.4181 ± 0.1721
INFO:kbc-cli.py:Epoch 20/100	Loss 23.3877 ± 0.1652
INFO:kbc-cli.py:Epoch 21/100	Loss 23.3604 ± 0.1708
INFO:kbc-cli.py:Epoch 21/100	dev results	MRR 0.056857	H@1 0.025800	H@3 0.053100	H@5 0.073600	H@10 0.111500
INFO:kbc-cli.py:Epoch 21/100	test results	MRR 0.058354	H@1 0.026700	H@3 0.055800	H@5 0.075500	H@10 0.115600
INFO:kbc-cli.py:Epoch 22/100	Loss 23.3353 ± 0.1628
INFO:kbc-cli.py:Epoch 23/100	Loss 23.3130 ± 0.1560
INFO:kbc-cli.py:Epoch 24/100	Loss 23.2912 ± 0.1577
INFO:kbc-cli.py:Epoch 24/100	dev results	MRR 0.061906	H@1 0.029600	H@3 0.060000	H@5 0.078400	H@10 0.119000
INFO:kbc-cli.py:Epoch 24/100	test results	MRR 0.061694	H@1 0.027400	H@3 0.061100	H@5 0.084000	H@10 0.121700
INFO:kbc-cli.py:Epoch 25/100	Loss 23.2728 ± 0.1537
INFO:kbc-cli.py:Epoch 26/100	Loss 23.2538 ± 0.1462
INFO:kbc-cli.py:Epoch 27/100	Loss 23.2369 ± 0.1482
INFO:kbc-cli.py:Epoch 27/100	dev results	MRR 0.061962	H@1 0.028500	H@3 0.060400	H@5 0.080700	H@10 0.122700
INFO:kbc-cli.py:Epoch 27/100	test results	MRR 0.061801	H@1 0.027300	H@3 0.059500	H@5 0.082300	H@10 0.123000
INFO:kbc-cli.py:Epoch 28/100	Loss 23.2221 ± 0.1472
INFO:kbc-cli.py:Epoch 29/100	Loss 23.2070 ± 0.1437
INFO:kbc-cli.py:Epoch 30/100	Loss 23.1932 ± 0.1383
INFO:kbc-cli.py:Epoch 30/100	dev results	MRR 0.063734	H@1 0.030900	H@3 0.059600	H@5 0.079400	H@10 0.123500
INFO:kbc-cli.py:Epoch 30/100	test results	MRR 0.064581	H@1 0.030600	H@3 0.062100	H@5 0.085900	H@10 0.125200
INFO:kbc-cli.py:Epoch 31/100	Loss 23.1841 ± 0.1824
INFO:kbc-cli.py:Epoch 32/100	Loss 23.1685 ± 0.1326
INFO:kbc-cli.py:Epoch 33/100	Loss 23.1607 ± 0.1736
INFO:kbc-cli.py:Epoch 33/100	dev results	MRR 0.065321	H@1 0.031100	H@3 0.063100	H@5 0.084100	H@10 0.125200
INFO:kbc-cli.py:Epoch 33/100	test results	MRR 0.066765	H@1 0.031800	H@3 0.064100	H@5 0.085400	H@10 0.128500
INFO:kbc-cli.py:Epoch 34/100	Loss 23.1463 ± 0.1364
INFO:kbc-cli.py:Epoch 35/100	Loss 23.1369 ± 0.1291
INFO:kbc-cli.py:Epoch 36/100	Loss 23.1270 ± 0.1239
INFO:kbc-cli.py:Epoch 36/100	dev results	MRR 0.068309	H@1 0.033900	H@3 0.064900	H@5 0.088000	H@10 0.130600
INFO:kbc-cli.py:Epoch 36/100	test results	MRR 0.068531	H@1 0.033300	H@3 0.066200	H@5 0.088500	H@10 0.132100
INFO:kbc-cli.py:Epoch 37/100	Loss 23.1192 ± 0.1310
INFO:kbc-cli.py:Epoch 38/100	Loss 23.1092 ± 0.1253
INFO:kbc-cli.py:Epoch 39/100	Loss 23.1010 ± 0.1288
INFO:kbc-cli.py:Epoch 39/100	dev results	MRR 0.069829	H@1 0.035400	H@3 0.066200	H@5 0.089700	H@10 0.133900
INFO:kbc-cli.py:Epoch 39/100	test results	MRR 0.068900	H@1 0.033800	H@3 0.066200	H@5 0.088400	H@10 0.131100
INFO:kbc-cli.py:Epoch 40/100	Loss 23.0942 ± 0.1276
INFO:kbc-cli.py:Epoch 41/100	Loss 23.0862 ± 0.1182
INFO:kbc-cli.py:Epoch 42/100	Loss 23.0791 ± 0.1203
INFO:kbc-cli.py:Epoch 42/100	dev results	MRR 0.069653	H@1 0.034400	H@3 0.066800	H@5 0.088800	H@10 0.132700
INFO:kbc-cli.py:Epoch 42/100	test results	MRR 0.069215	H@1 0.033500	H@3 0.066300	H@5 0.089500	H@10 0.134200
INFO:kbc-cli.py:Epoch 43/100	Loss 23.0725 ± 0.1217
INFO:kbc-cli.py:Epoch 44/100	Loss 23.0657 ± 0.1179
INFO:kbc-cli.py:Epoch 45/100	Loss 23.0597 ± 0.1128
INFO:kbc-cli.py:Epoch 45/100	dev results	MRR 0.068752	H@1 0.033800	H@3 0.064800	H@5 0.087200	H@10 0.133300
INFO:kbc-cli.py:Epoch 45/100	test results	MRR 0.069254	H@1 0.033400	H@3 0.067000	H@5 0.089600	H@10 0.134300
INFO:kbc-cli.py:Epoch 46/100	Loss 23.0538 ± 0.1123
INFO:kbc-cli.py:Epoch 47/100	Loss 23.0479 ± 0.1135
INFO:kbc-cli.py:Epoch 48/100	Loss 23.0427 ± 0.1111
INFO:kbc-cli.py:Epoch 48/100	dev results	MRR 0.071088	H@1 0.035700	H@3 0.067700	H@5 0.090200	H@10 0.135000
INFO:kbc-cli.py:Epoch 48/100	test results	MRR 0.070444	H@1 0.034300	H@3 0.068000	H@5 0.090400	H@10 0.136100
INFO:kbc-cli.py:Epoch 49/100	Loss 23.0377 ± 0.1129
INFO:kbc-cli.py:Epoch 50/100	Loss 23.0324 ± 0.1121
INFO:kbc-cli.py:Epoch 51/100	Loss 23.0274 ± 0.1121
INFO:kbc-cli.py:Epoch 51/100	dev results	MRR 0.070199	H@1 0.035200	H@3 0.066900	H@5 0.088100	H@10 0.133300
INFO:kbc-cli.py:Epoch 51/100	test results	MRR 0.071527	H@1 0.035100	H@3 0.069900	H@5 0.091800	H@10 0.135000
INFO:kbc-cli.py:Epoch 52/100	Loss 23.0230 ± 0.1050
INFO:kbc-cli.py:Epoch 53/100	Loss 23.0186 ± 0.1086
INFO:kbc-cli.py:Epoch 54/100	Loss 23.0156 ± 0.1092
INFO:kbc-cli.py:Epoch 54/100	dev results	MRR 0.073417	H@1 0.038400	H@3 0.068900	H@5 0.093500	H@10 0.138000
INFO:kbc-cli.py:Epoch 54/100	test results	MRR 0.072168	H@1 0.035400	H@3 0.070900	H@5 0.092700	H@10 0.139300
INFO:kbc-cli.py:Epoch 55/100	Loss 23.0100 ± 0.1068
INFO:kbc-cli.py:Epoch 56/100	Loss 23.0063 ± 0.1054
INFO:kbc-cli.py:Epoch 57/100	Loss 23.0024 ± 0.1090
INFO:kbc-cli.py:Epoch 57/100	dev results	MRR 0.072937	H@1 0.037400	H@3 0.069800	H@5 0.091600	H@10 0.138800
INFO:kbc-cli.py:Epoch 57/100	test results	MRR 0.072273	H@1 0.035700	H@3 0.070200	H@5 0.092500	H@10 0.142000
INFO:kbc-cli.py:Epoch 58/100	Loss 22.9986 ± 0.1005
INFO:kbc-cli.py:Epoch 59/100	Loss 22.9952 ± 0.1027
INFO:kbc-cli.py:Epoch 60/100	Loss 22.9927 ± 0.1085
INFO:kbc-cli.py:Epoch 60/100	dev results	MRR 0.071608	H@1 0.035800	H@3 0.067600	H@5 0.091700	H@10 0.136000
INFO:kbc-cli.py:Epoch 60/100	test results	MRR 0.073786	H@1 0.037400	H@3 0.070400	H@5 0.094900	H@10 0.141100
INFO:kbc-cli.py:Epoch 61/100	Loss 22.9882 ± 0.0960
INFO:kbc-cli.py:Epoch 62/100	Loss 22.9849 ± 0.0995
INFO:kbc-cli.py:Epoch 63/100	Loss 22.9817 ± 0.0982
INFO:kbc-cli.py:Epoch 63/100	dev results	MRR 0.072511	H@1 0.035900	H@3 0.069500	H@5 0.094700	H@10 0.138900
INFO:kbc-cli.py:Epoch 63/100	test results	MRR 0.073013	H@1 0.036600	H@3 0.070700	H@5 0.092700	H@10 0.136500
INFO:kbc-cli.py:Epoch 64/100	Loss 22.9789 ± 0.0967
INFO:kbc-cli.py:Epoch 65/100	Loss 22.9756 ± 0.0976
INFO:kbc-cli.py:Epoch 66/100	Loss 22.9736 ± 0.0995
INFO:kbc-cli.py:Epoch 66/100	dev results	MRR 0.072817	H@1 0.037100	H@3 0.068500	H@5 0.091500	H@10 0.139600
INFO:kbc-cli.py:Epoch 66/100	test results	MRR 0.074260	H@1 0.037600	H@3 0.071600	H@5 0.093800	H@10 0.141900
INFO:kbc-cli.py:Epoch 67/100	Loss 22.9701 ± 0.0894
INFO:kbc-cli.py:Epoch 68/100	Loss 22.9676 ± 0.0997
INFO:kbc-cli.py:Epoch 69/100	Loss 22.9650 ± 0.0937
INFO:kbc-cli.py:Epoch 69/100	dev results	MRR 0.073590	H@1 0.038400	H@3 0.067700	H@5 0.091500	H@10 0.140000
INFO:kbc-cli.py:Epoch 69/100	test results	MRR 0.074201	H@1 0.037400	H@3 0.071200	H@5 0.093500	H@10 0.141900
INFO:kbc-cli.py:Epoch 70/100	Loss 22.9626 ± 0.0938
INFO:kbc-cli.py:Epoch 71/100	Loss 22.9600 ± 0.0903
INFO:kbc-cli.py:Epoch 72/100	Loss 22.9573 ± 0.0954
INFO:kbc-cli.py:Epoch 72/100	dev results	MRR 0.073323	H@1 0.037400	H@3 0.068800	H@5 0.094500	H@10 0.141800
INFO:kbc-cli.py:Epoch 72/100	test results	MRR 0.074195	H@1 0.037500	H@3 0.070600	H@5 0.095200	H@10 0.142100
INFO:kbc-cli.py:Epoch 73/100	Loss 22.9551 ± 0.0867
INFO:kbc-cli.py:Epoch 74/100	Loss 22.9527 ± 0.0881
INFO:kbc-cli.py:Epoch 75/100	Loss 22.9505 ± 0.0916
INFO:kbc-cli.py:Epoch 75/100	dev results	MRR 0.074922	H@1 0.039200	H@3 0.069800	H@5 0.096700	H@10 0.142100
INFO:kbc-cli.py:Epoch 75/100	test results	MRR 0.075084	H@1 0.038900	H@3 0.071500	H@5 0.095600	H@10 0.143200
INFO:kbc-cli.py:Epoch 76/100	Loss 22.9484 ± 0.0899
INFO:kbc-cli.py:Epoch 77/100	Loss 22.9463 ± 0.0905
INFO:kbc-cli.py:Epoch 78/100	Loss 22.9443 ± 0.0894
INFO:kbc-cli.py:Epoch 78/100	dev results	MRR 0.074009	H@1 0.037800	H@3 0.069800	H@5 0.094900	H@10 0.142500
INFO:kbc-cli.py:Epoch 78/100	test results	MRR 0.075508	H@1 0.038400	H@3 0.071600	H@5 0.097300	H@10 0.144900
INFO:kbc-cli.py:Epoch 79/100	Loss 22.9420 ± 0.0877
INFO:kbc-cli.py:Epoch 80/100	Loss 22.9403 ± 0.0893
INFO:kbc-cli.py:Epoch 81/100	Loss 22.9385 ± 0.0834
INFO:kbc-cli.py:Epoch 81/100	dev results	MRR 0.073966	H@1 0.037700	H@3 0.070300	H@5 0.096800	H@10 0.140100
INFO:kbc-cli.py:Epoch 81/100	test results	MRR 0.074914	H@1 0.038400	H@3 0.071800	H@5 0.095500	H@10 0.142600
INFO:kbc-cli.py:Epoch 82/100	Loss 22.9365 ± 0.0867
INFO:kbc-cli.py:Epoch 83/100	Loss 22.9349 ± 0.0835
INFO:kbc-cli.py:Epoch 84/100	Loss 22.9329 ± 0.0857
INFO:kbc-cli.py:Epoch 84/100	dev results	MRR 0.074653	H@1 0.038700	H@3 0.070500	H@5 0.094500	H@10 0.142900
INFO:kbc-cli.py:Epoch 84/100	test results	MRR 0.075346	H@1 0.038200	H@3 0.072200	H@5 0.096300	H@10 0.144700
INFO:kbc-cli.py:Epoch 85/100	Loss 22.9314 ± 0.0847
INFO:kbc-cli.py:Epoch 86/100	Loss 22.9294 ± 0.0849
INFO:kbc-cli.py:Epoch 87/100	Loss 22.9277 ± 0.0833
INFO:kbc-cli.py:Epoch 87/100	dev results	MRR 0.074780	H@1 0.037900	H@3 0.071200	H@5 0.097100	H@10 0.144400
INFO:kbc-cli.py:Epoch 87/100	test results	MRR 0.075984	H@1 0.038700	H@3 0.073700	H@5 0.096800	H@10 0.145100
INFO:kbc-cli.py:Epoch 88/100	Loss 22.9263 ± 0.0832
INFO:kbc-cli.py:Epoch 89/100	Loss 22.9247 ± 0.0854
INFO:kbc-cli.py:Epoch 90/100	Loss 22.9231 ± 0.0815
INFO:kbc-cli.py:Epoch 90/100	dev results	MRR 0.074675	H@1 0.038300	H@3 0.071200	H@5 0.095800	H@10 0.142600
INFO:kbc-cli.py:Epoch 90/100	test results	MRR 0.075274	H@1 0.037200	H@3 0.072400	H@5 0.097500	H@10 0.145700
INFO:kbc-cli.py:Epoch 91/100	Loss 22.9215 ± 0.0790
INFO:kbc-cli.py:Epoch 92/100	Loss 22.9202 ± 0.0803
INFO:kbc-cli.py:Epoch 93/100	Loss 22.9186 ± 0.0822
INFO:kbc-cli.py:Epoch 93/100	dev results	MRR 0.075073	H@1 0.038200	H@3 0.071900	H@5 0.096900	H@10 0.145300
INFO:kbc-cli.py:Epoch 93/100	test results	MRR 0.075206	H@1 0.037800	H@3 0.072300	H@5 0.095500	H@10 0.143400
INFO:kbc-cli.py:Epoch 94/100	Loss 22.9173 ± 0.0793
INFO:kbc-cli.py:Epoch 95/100	Loss 22.9159 ± 0.0801
INFO:kbc-cli.py:Epoch 96/100	Loss 22.9151 ± 0.0847
INFO:kbc-cli.py:Epoch 96/100	dev results	MRR 0.074565	H@1 0.037300	H@3 0.071700	H@5 0.096800	H@10 0.145000
INFO:kbc-cli.py:Epoch 96/100	test results	MRR 0.076105	H@1 0.038600	H@3 0.074200	H@5 0.096300	H@10 0.145800
INFO:kbc-cli.py:Epoch 97/100	Loss 22.9131 ± 0.0774
INFO:kbc-cli.py:Epoch 98/100	Loss 22.9119 ± 0.0747
INFO:kbc-cli.py:Epoch 99/100	Loss 22.9104 ± 0.0815
INFO:kbc-cli.py:Epoch 99/100	dev results	MRR 0.073993	H@1 0.036400	H@3 0.071300	H@5 0.097200	H@10 0.144700
INFO:kbc-cli.py:Epoch 99/100	test results	MRR 0.076178	H@1 0.038200	H@3 0.073400	H@5 0.099100	H@10 0.147600
INFO:kbc-cli.py:Epoch 100/100	Loss 22.9095 ± 0.0768
INFO:kbc-cli.py:Final 	dev results	MRR 0.074756	H@1 0.037700	H@3 0.072100	H@5 0.097900	H@10 0.144300
INFO:kbc-cli.py:Final 	test results	MRR 0.076292	H@1 0.039100	H@3 0.072700	H@5 0.097100	H@10 0.147500
INFO:kbc-cli.py:Training finished
