./bin/kbc-cli.py --train data/yago3-10/train.tsv --dev data/yago3-10/dev.tsv --test data/yago3-10/test.tsv -m complex -k 1000 -b 500 -e 100 --F2 0.001 --N3 0 -l 0.1 -I standard -V 3 -o adagrad -q
{'F2': 0.001,
 'N3': 0.0,
 'batch_size': 500,
 'dev': 'data/yago3-10/dev.tsv',
 'embedding_size': 1000,
 'epochs': 100,
 'eval_batch_size': None,
 'input_type': 'standard',
 'learning_rate': 0.1,
 'load': None,
 'model': 'complex',
 'optimizer': 'adagrad',
 'quiet': True,
 'save': None,
 'seed': 0,
 'test': 'data/yago3-10/test.tsv',
 'test_i': None,
 'test_ii': None,
 'train': 'data/yago3-10/train.tsv',
 'validate_every': 3}
INFO:kbc-cli.py:Device: cuda
INFO:kbc-cli.py:Model state:
INFO:kbc-cli.py:	entities.weight	torch.Size([123182, 2000])
INFO:kbc-cli.py:	predicates.weight	torch.Size([37, 2000])
INFO:kbc-cli.py:Epoch 1/100	Loss 15.9707 ± 2.3413
INFO:kbc-cli.py:Epoch 2/100	Loss 9.8665 ± 0.1764
INFO:kbc-cli.py:Epoch 3/100	Loss 8.5673 ± 0.2780
INFO:kbc-cli.py:Epoch 3/100	dev results	MRR 0.455782	H@1 0.368000	H@3 0.496900	H@5 0.552500	H@10 0.626500
INFO:kbc-cli.py:Epoch 3/100	test results	MRR 0.456389	H@1 0.370000	H@3 0.498000	H@5 0.553500	H@10 0.621400
INFO:kbc-cli.py:Epoch 4/100	Loss 8.1445 ± 0.2851
INFO:kbc-cli.py:Epoch 5/100	Loss 7.9160 ± 0.2828
INFO:kbc-cli.py:Epoch 6/100	Loss 7.7674 ± 0.2750
INFO:kbc-cli.py:Epoch 6/100	dev results	MRR 0.502414	H@1 0.417700	H@3 0.545100	H@5 0.599400	H@10 0.666600
INFO:kbc-cli.py:Epoch 6/100	test results	MRR 0.499243	H@1 0.415900	H@3 0.541600	H@5 0.591800	H@10 0.659400
INFO:kbc-cli.py:Epoch 7/100	Loss 7.6604 ± 0.2679
INFO:kbc-cli.py:Epoch 8/100	Loss 7.5769 ± 0.2642
INFO:kbc-cli.py:Epoch 9/100	Loss 7.5105 ± 0.2585
INFO:kbc-cli.py:Epoch 9/100	dev results	MRR 0.527053	H@1 0.443700	H@3 0.573200	H@5 0.626200	H@10 0.685700
INFO:kbc-cli.py:Epoch 9/100	test results	MRR 0.521283	H@1 0.437200	H@3 0.569800	H@5 0.616800	H@10 0.678900
INFO:kbc-cli.py:Epoch 10/100	Loss 7.4547 ± 0.2543
INFO:kbc-cli.py:Epoch 11/100	Loss 7.4077 ± 0.2464
INFO:kbc-cli.py:Epoch 12/100	Loss 7.3676 ± 0.2397
INFO:kbc-cli.py:Epoch 12/100	dev results	MRR 0.540646	H@1 0.458500	H@3 0.590200	H@5 0.636800	H@10 0.691700
INFO:kbc-cli.py:Epoch 12/100	test results	MRR 0.541135	H@1 0.460900	H@3 0.587300	H@5 0.633800	H@10 0.688900
INFO:kbc-cli.py:Epoch 13/100	Loss 7.3319 ± 0.2416
INFO:kbc-cli.py:Epoch 14/100	Loss 7.2999 ± 0.2344
INFO:kbc-cli.py:Epoch 15/100	Loss 7.2718 ± 0.2321
INFO:kbc-cli.py:Epoch 15/100	dev results	MRR 0.553915	H@1 0.474000	H@3 0.603000	H@5 0.646600	H@10 0.698900
INFO:kbc-cli.py:Epoch 15/100	test results	MRR 0.549896	H@1 0.469700	H@3 0.599500	H@5 0.638500	H@10 0.694500
INFO:kbc-cli.py:Epoch 16/100	Loss 7.2464 ± 0.2305
INFO:kbc-cli.py:Epoch 17/100	Loss 7.2230 ± 0.2247
INFO:kbc-cli.py:Epoch 18/100	Loss 7.2017 ± 0.2241
INFO:kbc-cli.py:Epoch 18/100	dev results	MRR 0.560879	H@1 0.483600	H@3 0.609500	H@5 0.651700	H@10 0.701600
INFO:kbc-cli.py:Epoch 18/100	test results	MRR 0.556769	H@1 0.478700	H@3 0.603200	H@5 0.646900	H@10 0.697900
INFO:kbc-cli.py:Epoch 19/100	Loss 7.1824 ± 0.2216
INFO:kbc-cli.py:Epoch 20/100	Loss 7.1646 ± 0.2204
INFO:kbc-cli.py:Epoch 21/100	Loss 7.1471 ± 0.2159
INFO:kbc-cli.py:Epoch 21/100	dev results	MRR 0.563907	H@1 0.486000	H@3 0.611400	H@5 0.654500	H@10 0.703700
INFO:kbc-cli.py:Epoch 21/100	test results	MRR 0.560216	H@1 0.482400	H@3 0.606900	H@5 0.648300	H@10 0.698800
INFO:kbc-cli.py:Epoch 22/100	Loss 7.1320 ± 0.2195
INFO:kbc-cli.py:Epoch 23/100	Loss 7.1174 ± 0.2112
INFO:kbc-cli.py:Epoch 24/100	Loss 7.1036 ± 0.2087
INFO:kbc-cli.py:Epoch 24/100	dev results	MRR 0.568272	H@1 0.491500	H@3 0.616200	H@5 0.658000	H@10 0.704500
INFO:kbc-cli.py:Epoch 24/100	test results	MRR 0.564612	H@1 0.487600	H@3 0.612200	H@5 0.651300	H@10 0.701500
INFO:kbc-cli.py:Epoch 25/100	Loss 7.0907 ± 0.2064
INFO:kbc-cli.py:Epoch 26/100	Loss 7.0784 ± 0.2031
INFO:kbc-cli.py:Epoch 27/100	Loss 7.0671 ± 0.2092
INFO:kbc-cli.py:Epoch 27/100	dev results	MRR 0.571080	H@1 0.497000	H@3 0.616200	H@5 0.656000	H@10 0.704000
INFO:kbc-cli.py:Epoch 27/100	test results	MRR 0.566943	H@1 0.491100	H@3 0.613700	H@5 0.653400	H@10 0.701400
INFO:kbc-cli.py:Epoch 28/100	Loss 7.0561 ± 0.2021
INFO:kbc-cli.py:Epoch 29/100	Loss 7.0461 ± 0.2005
INFO:kbc-cli.py:Epoch 30/100	Loss 7.0364 ± 0.2006
INFO:kbc-cli.py:Epoch 30/100	dev results	MRR 0.570789	H@1 0.497000	H@3 0.615500	H@5 0.657800	H@10 0.704400
INFO:kbc-cli.py:Epoch 30/100	test results	MRR 0.568385	H@1 0.493300	H@3 0.614200	H@5 0.654600	H@10 0.702300
INFO:kbc-cli.py:Epoch 31/100	Loss 7.0268 ± 0.2003
INFO:kbc-cli.py:Epoch 32/100	Loss 7.0183 ± 0.1959
INFO:kbc-cli.py:Epoch 33/100	Loss 7.0095 ± 0.1916
INFO:kbc-cli.py:Epoch 33/100	dev results	MRR 0.571094	H@1 0.496000	H@3 0.617900	H@5 0.658300	H@10 0.706700
INFO:kbc-cli.py:Epoch 33/100	test results	MRR 0.568714	H@1 0.493900	H@3 0.614200	H@5 0.655200	H@10 0.702900
INFO:kbc-cli.py:Epoch 34/100	Loss 7.0016 ± 0.1915
INFO:kbc-cli.py:Epoch 35/100	Loss 6.9939 ± 0.1912
INFO:kbc-cli.py:Epoch 36/100	Loss 6.9863 ± 0.1906
INFO:kbc-cli.py:Epoch 36/100	dev results	MRR 0.572921	H@1 0.500400	H@3 0.617300	H@5 0.658200	H@10 0.704900
INFO:kbc-cli.py:Epoch 36/100	test results	MRR 0.570636	H@1 0.496600	H@3 0.615200	H@5 0.653100	H@10 0.701900
INFO:kbc-cli.py:Epoch 37/100	Loss 6.9794 ± 0.1881
INFO:kbc-cli.py:Epoch 38/100	Loss 6.9727 ± 0.1878
INFO:kbc-cli.py:Epoch 39/100	Loss 6.9665 ± 0.1849
INFO:kbc-cli.py:Epoch 39/100	dev results	MRR 0.574182	H@1 0.500500	H@3 0.619100	H@5 0.659900	H@10 0.705300
INFO:kbc-cli.py:Epoch 39/100	test results	MRR 0.570127	H@1 0.495300	H@3 0.616200	H@5 0.656200	H@10 0.702600
INFO:kbc-cli.py:Epoch 40/100	Loss 6.9598 ± 0.1850
INFO:kbc-cli.py:Epoch 41/100	Loss 6.9537 ± 0.1868
INFO:kbc-cli.py:Epoch 42/100	Loss 6.9477 ± 0.1819
INFO:kbc-cli.py:Epoch 42/100	dev results	MRR 0.574059	H@1 0.501300	H@3 0.617800	H@5 0.658100	H@10 0.705800
INFO:kbc-cli.py:Epoch 42/100	test results	MRR 0.571507	H@1 0.496900	H@3 0.615900	H@5 0.656400	H@10 0.702600
INFO:kbc-cli.py:Epoch 43/100	Loss 6.9420 ± 0.1833
INFO:kbc-cli.py:Epoch 44/100	Loss 6.9373 ± 0.1813
INFO:kbc-cli.py:Epoch 45/100	Loss 6.9313 ± 0.1792
INFO:kbc-cli.py:Epoch 45/100	dev results	MRR 0.574005	H@1 0.500700	H@3 0.618500	H@5 0.660200	H@10 0.706400
INFO:kbc-cli.py:Epoch 45/100	test results	MRR 0.571940	H@1 0.497200	H@3 0.615900	H@5 0.655900	H@10 0.703500
INFO:kbc-cli.py:Epoch 46/100	Loss 6.9268 ± 0.1777
INFO:kbc-cli.py:Epoch 47/100	Loss 6.9215 ± 0.1749
INFO:kbc-cli.py:Epoch 48/100	Loss 6.9168 ± 0.1780
INFO:kbc-cli.py:Epoch 48/100	dev results	MRR 0.574130	H@1 0.501800	H@3 0.618000	H@5 0.658900	H@10 0.705300
INFO:kbc-cli.py:Epoch 48/100	test results	MRR 0.571663	H@1 0.497100	H@3 0.617300	H@5 0.656900	H@10 0.703300
INFO:kbc-cli.py:Epoch 49/100	Loss 6.9125 ± 0.1799
INFO:kbc-cli.py:Epoch 50/100	Loss 6.9077 ± 0.1767
INFO:kbc-cli.py:Epoch 51/100	Loss 6.9037 ± 0.1761
INFO:kbc-cli.py:Epoch 51/100	dev results	MRR 0.574299	H@1 0.501300	H@3 0.618800	H@5 0.659900	H@10 0.704100
INFO:kbc-cli.py:Epoch 51/100	test results	MRR 0.571899	H@1 0.497300	H@3 0.618100	H@5 0.657000	H@10 0.702300
INFO:kbc-cli.py:Epoch 52/100	Loss 6.8991 ± 0.1762
INFO:kbc-cli.py:Epoch 53/100	Loss 6.8954 ± 0.1704
INFO:kbc-cli.py:Epoch 54/100	Loss 6.8912 ± 0.1718
INFO:kbc-cli.py:Epoch 54/100	dev results	MRR 0.574795	H@1 0.502600	H@3 0.618100	H@5 0.661200	H@10 0.705500
INFO:kbc-cli.py:Epoch 54/100	test results	MRR 0.575297	H@1 0.503000	H@3 0.619700	H@5 0.658700	H@10 0.702400
INFO:kbc-cli.py:Epoch 55/100	Loss 6.8874 ± 0.1708
INFO:kbc-cli.py:Epoch 56/100	Loss 6.8834 ± 0.1669
INFO:kbc-cli.py:Epoch 57/100	Loss 6.8799 ± 0.1685
INFO:kbc-cli.py:Epoch 57/100	dev results	MRR 0.574625	H@1 0.502500	H@3 0.617900	H@5 0.658400	H@10 0.704700
INFO:kbc-cli.py:Epoch 57/100	test results	MRR 0.573578	H@1 0.500100	H@3 0.620300	H@5 0.658600	H@10 0.702700
INFO:kbc-cli.py:Epoch 58/100	Loss 6.8763 ± 0.1670
INFO:kbc-cli.py:Epoch 59/100	Loss 6.8727 ± 0.1645
INFO:kbc-cli.py:Epoch 60/100	Loss 6.8700 ± 0.1711
INFO:kbc-cli.py:Epoch 60/100	dev results	MRR 0.577069	H@1 0.507200	H@3 0.619300	H@5 0.659500	H@10 0.705100
INFO:kbc-cli.py:Epoch 60/100	test results	MRR 0.573949	H@1 0.500600	H@3 0.618700	H@5 0.656100	H@10 0.703700
INFO:kbc-cli.py:Epoch 61/100	Loss 6.8660 ± 0.1669
INFO:kbc-cli.py:Epoch 62/100	Loss 6.8628 ± 0.1664
INFO:kbc-cli.py:Epoch 63/100	Loss 6.8599 ± 0.1651
INFO:kbc-cli.py:Epoch 63/100	dev results	MRR 0.575070	H@1 0.503000	H@3 0.619400	H@5 0.657600	H@10 0.704500
INFO:kbc-cli.py:Epoch 63/100	test results	MRR 0.574051	H@1 0.500600	H@3 0.617700	H@5 0.657700	H@10 0.703100
INFO:kbc-cli.py:Epoch 64/100	Loss 6.8567 ± 0.1600
INFO:kbc-cli.py:Epoch 65/100	Loss 6.8538 ± 0.1617
INFO:kbc-cli.py:Epoch 66/100	Loss 6.8505 ± 0.1656
INFO:kbc-cli.py:Epoch 66/100	dev results	MRR 0.574865	H@1 0.502400	H@3 0.620100	H@5 0.659200	H@10 0.704300
INFO:kbc-cli.py:Epoch 66/100	test results	MRR 0.573385	H@1 0.500300	H@3 0.618100	H@5 0.656000	H@10 0.704200
INFO:kbc-cli.py:Epoch 67/100	Loss 6.8479 ± 0.1678
INFO:kbc-cli.py:Epoch 68/100	Loss 6.8449 ± 0.1635
INFO:kbc-cli.py:Epoch 69/100	Loss 6.8427 ± 0.1648
INFO:kbc-cli.py:Epoch 69/100	dev results	MRR 0.575436	H@1 0.504700	H@3 0.617600	H@5 0.658000	H@10 0.703500
INFO:kbc-cli.py:Epoch 69/100	test results	MRR 0.573281	H@1 0.499200	H@3 0.620200	H@5 0.657300	H@10 0.703700
INFO:kbc-cli.py:Epoch 70/100	Loss 6.8396 ± 0.1605
INFO:kbc-cli.py:Epoch 71/100	Loss 6.8369 ± 0.1597
INFO:kbc-cli.py:Epoch 72/100	Loss 6.8347 ± 0.1586
INFO:kbc-cli.py:Epoch 72/100	dev results	MRR 0.574365	H@1 0.502600	H@3 0.617900	H@5 0.659300	H@10 0.703200
INFO:kbc-cli.py:Epoch 72/100	test results	MRR 0.573913	H@1 0.500500	H@3 0.619000	H@5 0.657500	H@10 0.704400
INFO:kbc-cli.py:Epoch 73/100	Loss 6.8318 ± 0.1627
INFO:kbc-cli.py:Epoch 74/100	Loss 6.8297 ± 0.1596
INFO:kbc-cli.py:Epoch 75/100	Loss 6.8268 ± 0.1635
INFO:kbc-cli.py:Epoch 75/100	dev results	MRR 0.574450	H@1 0.502300	H@3 0.617400	H@5 0.660100	H@10 0.704100
INFO:kbc-cli.py:Epoch 75/100	test results	MRR 0.572672	H@1 0.497400	H@3 0.620300	H@5 0.656500	H@10 0.705000
INFO:kbc-cli.py:Epoch 76/100	Loss 6.8248 ± 0.1587
INFO:kbc-cli.py:Epoch 77/100	Loss 6.8225 ± 0.1617
INFO:kbc-cli.py:Epoch 78/100	Loss 6.8202 ± 0.1622
INFO:kbc-cli.py:Epoch 78/100	dev results	MRR 0.574404	H@1 0.503300	H@3 0.618100	H@5 0.658100	H@10 0.703800
INFO:kbc-cli.py:Epoch 78/100	test results	MRR 0.574575	H@1 0.501400	H@3 0.619700	H@5 0.658000	H@10 0.704100
INFO:kbc-cli.py:Epoch 79/100	Loss 6.8178 ± 0.1544
INFO:kbc-cli.py:Epoch 80/100	Loss 6.8159 ± 0.1565
INFO:kbc-cli.py:Epoch 81/100	Loss 6.8137 ± 0.1550
INFO:kbc-cli.py:Epoch 81/100	dev results	MRR 0.575986	H@1 0.504900	H@3 0.618500	H@5 0.658400	H@10 0.703600
INFO:kbc-cli.py:Epoch 81/100	test results	MRR 0.574113	H@1 0.500900	H@3 0.617500	H@5 0.658200	H@10 0.703400
INFO:kbc-cli.py:Epoch 82/100	Loss 6.8114 ± 0.1578
INFO:kbc-cli.py:Epoch 83/100	Loss 6.8092 ± 0.1574
INFO:kbc-cli.py:Epoch 84/100	Loss 6.8073 ± 0.1536
INFO:kbc-cli.py:Epoch 84/100	dev results	MRR 0.574361	H@1 0.502500	H@3 0.618900	H@5 0.658200	H@10 0.703400
INFO:kbc-cli.py:Epoch 84/100	test results	MRR 0.573698	H@1 0.500400	H@3 0.619700	H@5 0.658200	H@10 0.703400
INFO:kbc-cli.py:Epoch 85/100	Loss 6.8054 ± 0.1538
INFO:kbc-cli.py:Epoch 86/100	Loss 6.8031 ± 0.1507
INFO:kbc-cli.py:Epoch 87/100	Loss 6.8013 ± 0.1549
INFO:kbc-cli.py:Epoch 87/100	dev results	MRR 0.575315	H@1 0.504400	H@3 0.617600	H@5 0.658200	H@10 0.701800
INFO:kbc-cli.py:Epoch 87/100	test results	MRR 0.573785	H@1 0.499200	H@3 0.621000	H@5 0.658400	H@10 0.703500
INFO:kbc-cli.py:Epoch 88/100	Loss 6.7996 ± 0.1585
INFO:kbc-cli.py:Epoch 89/100	Loss 6.7975 ± 0.1551
INFO:kbc-cli.py:Epoch 90/100	Loss 6.7957 ± 0.1551
INFO:kbc-cli.py:Epoch 90/100	dev results	MRR 0.575167	H@1 0.504600	H@3 0.617300	H@5 0.659600	H@10 0.702000
INFO:kbc-cli.py:Epoch 90/100	test results	MRR 0.575036	H@1 0.502200	H@3 0.620100	H@5 0.659100	H@10 0.704500
INFO:kbc-cli.py:Epoch 91/100	Loss 6.7940 ± 0.1513
INFO:kbc-cli.py:Epoch 92/100	Loss 6.7920 ± 0.1529
INFO:kbc-cli.py:Epoch 93/100	Loss 6.7905 ± 0.1531
INFO:kbc-cli.py:Epoch 93/100	dev results	MRR 0.574154	H@1 0.502700	H@3 0.617900	H@5 0.658900	H@10 0.703500
INFO:kbc-cli.py:Epoch 93/100	test results	MRR 0.574652	H@1 0.501800	H@3 0.619800	H@5 0.657200	H@10 0.704600
INFO:kbc-cli.py:Epoch 94/100	Loss 6.7888 ± 0.1501
INFO:kbc-cli.py:Epoch 95/100	Loss 6.7868 ± 0.1526
INFO:kbc-cli.py:Epoch 96/100	Loss 6.7853 ± 0.1485
INFO:kbc-cli.py:Epoch 96/100	dev results	MRR 0.575358	H@1 0.504800	H@3 0.618200	H@5 0.658500	H@10 0.702300
INFO:kbc-cli.py:Epoch 96/100	test results	MRR 0.574564	H@1 0.501000	H@3 0.620300	H@5 0.658500	H@10 0.704000
INFO:kbc-cli.py:Epoch 97/100	Loss 6.7838 ± 0.1516
INFO:kbc-cli.py:Epoch 98/100	Loss 6.7822 ± 0.1485
INFO:kbc-cli.py:Epoch 99/100	Loss 6.7804 ± 0.1513
INFO:kbc-cli.py:Epoch 99/100	dev results	MRR 0.574824	H@1 0.502500	H@3 0.619800	H@5 0.659100	H@10 0.703200
INFO:kbc-cli.py:Epoch 99/100	test results	MRR 0.576150	H@1 0.503400	H@3 0.621600	H@5 0.657100	H@10 0.704500
INFO:kbc-cli.py:Epoch 100/100	Loss 6.7788 ± 0.1484
INFO:kbc-cli.py:Final 	dev results	MRR 0.575483	H@1 0.504300	H@3 0.618100	H@5 0.659200	H@10 0.702400
INFO:kbc-cli.py:Final 	test results	MRR 0.575738	H@1 0.503000	H@3 0.620700	H@5 0.657600	H@10 0.703900
INFO:kbc-cli.py:Training finished
