./bin/kbc-cli.py --train data/yago3-10/train.tsv --dev data/yago3-10/dev.tsv --test data/yago3-10/test.tsv -m complex -k 1000 -b 500 -e 100 --F2 0 --N3 0.1 -l 0.1 -I reciprocal -V 3 -o adagrad -q
{'F2': 0.0,
 'N3': 0.1,
 'batch_size': 500,
 'dev': 'data/yago3-10/dev.tsv',
 'embedding_size': 1000,
 'epochs': 100,
 'eval_batch_size': None,
 'input_type': 'reciprocal',
 'learning_rate': 0.1,
 'load': None,
 'model': 'complex',
 'optimizer': 'adagrad',
 'quiet': True,
 'save': None,
 'seed': 0,
 'test': 'data/yago3-10/test.tsv',
 'test_i': None,
 'test_ii': None,
 'train': 'data/yago3-10/train.tsv',
 'validate_every': 3}
INFO:kbc-cli.py:Device: cuda
INFO:kbc-cli.py:Model state:
INFO:kbc-cli.py:	entities.weight	torch.Size([123182, 2000])
INFO:kbc-cli.py:	predicates.weight	torch.Size([74, 2000])
INFO:kbc-cli.py:Epoch 1/100	Loss 24.5613 ± 5.8318
INFO:kbc-cli.py:Epoch 2/100	Loss 16.4520 ± 0.4363
INFO:kbc-cli.py:Epoch 3/100	Loss 14.9705 ± 0.1432
INFO:kbc-cli.py:Epoch 3/100	dev results	MRR 0.388953	H@1 0.291300	H@3 0.435600	H@5 0.496700	H@10 0.574700
INFO:kbc-cli.py:Epoch 3/100	test results	MRR 0.396044	H@1 0.298600	H@3 0.444000	H@5 0.503200	H@10 0.583000
INFO:kbc-cli.py:Epoch 4/100	Loss 14.3170 ± 0.1284
INFO:kbc-cli.py:Epoch 5/100	Loss 13.9419 ± 0.1405
INFO:kbc-cli.py:Epoch 6/100	Loss 13.6970 ± 0.1477
INFO:kbc-cli.py:Epoch 6/100	dev results	MRR 0.422061	H@1 0.324200	H@3 0.468400	H@5 0.532500	H@10 0.607800
INFO:kbc-cli.py:Epoch 6/100	test results	MRR 0.426870	H@1 0.327400	H@3 0.476800	H@5 0.537500	H@10 0.611900
INFO:kbc-cli.py:Epoch 7/100	Loss 13.5240 ± 0.1505
INFO:kbc-cli.py:Epoch 8/100	Loss 13.3951 ± 0.1534
INFO:kbc-cli.py:Epoch 9/100	Loss 13.2947 ± 0.1567
INFO:kbc-cli.py:Epoch 9/100	dev results	MRR 0.433708	H@1 0.335900	H@3 0.483900	H@5 0.540200	H@10 0.620800
INFO:kbc-cli.py:Epoch 9/100	test results	MRR 0.438257	H@1 0.342000	H@3 0.485600	H@5 0.545200	H@10 0.620800
INFO:kbc-cli.py:Epoch 10/100	Loss 13.2151 ± 0.1575
INFO:kbc-cli.py:Epoch 11/100	Loss 13.1498 ± 0.1570
INFO:kbc-cli.py:Epoch 12/100	Loss 13.0954 ± 0.1558
INFO:kbc-cli.py:Epoch 12/100	dev results	MRR 0.439591	H@1 0.342800	H@3 0.484800	H@5 0.546500	H@10 0.628700
INFO:kbc-cli.py:Epoch 12/100	test results	MRR 0.443324	H@1 0.345800	H@3 0.493100	H@5 0.552000	H@10 0.625400
INFO:kbc-cli.py:Epoch 13/100	Loss 13.0491 ± 0.1537
INFO:kbc-cli.py:Epoch 14/100	Loss 13.0095 ± 0.1541
INFO:kbc-cli.py:Epoch 15/100	Loss 12.9749 ± 0.1522
INFO:kbc-cli.py:Epoch 15/100	dev results	MRR 0.442016	H@1 0.343200	H@3 0.492400	H@5 0.554000	H@10 0.629000
INFO:kbc-cli.py:Epoch 15/100	test results	MRR 0.444419	H@1 0.346500	H@3 0.494700	H@5 0.554900	H@10 0.626400
INFO:kbc-cli.py:Epoch 16/100	Loss 12.9451 ± 0.1527
INFO:kbc-cli.py:Epoch 17/100	Loss 12.9183 ± 0.1493
INFO:kbc-cli.py:Epoch 18/100	Loss 12.8942 ± 0.1517
INFO:kbc-cli.py:Epoch 18/100	dev results	MRR 0.443877	H@1 0.345600	H@3 0.492600	H@5 0.554800	H@10 0.631400
INFO:kbc-cli.py:Epoch 18/100	test results	MRR 0.448222	H@1 0.350500	H@3 0.499600	H@5 0.556900	H@10 0.631400
INFO:kbc-cli.py:Epoch 19/100	Loss 12.8726 ± 0.1497
INFO:kbc-cli.py:Epoch 20/100	Loss 12.8534 ± 0.1461
INFO:kbc-cli.py:Epoch 21/100	Loss 12.8359 ± 0.1499
INFO:kbc-cli.py:Epoch 21/100	dev results	MRR 0.446044	H@1 0.347800	H@3 0.495500	H@5 0.556500	H@10 0.633800
INFO:kbc-cli.py:Epoch 21/100	test results	MRR 0.451458	H@1 0.354800	H@3 0.499200	H@5 0.559800	H@10 0.633300
INFO:kbc-cli.py:Epoch 22/100	Loss 12.8196 ± 0.1478
INFO:kbc-cli.py:Epoch 23/100	Loss 12.8048 ± 0.1492
INFO:kbc-cli.py:Epoch 24/100	Loss 12.7912 ± 0.1464
INFO:kbc-cli.py:Epoch 24/100	dev results	MRR 0.448746	H@1 0.352000	H@3 0.496100	H@5 0.558700	H@10 0.633400
INFO:kbc-cli.py:Epoch 24/100	test results	MRR 0.451589	H@1 0.354800	H@3 0.500900	H@5 0.560300	H@10 0.631300
INFO:kbc-cli.py:Epoch 25/100	Loss 12.7785 ± 0.1473
INFO:kbc-cli.py:Epoch 26/100	Loss 12.7667 ± 0.1442
INFO:kbc-cli.py:Epoch 27/100	Loss 12.7557 ± 0.1458
INFO:kbc-cli.py:Epoch 27/100	dev results	MRR 0.453440	H@1 0.357500	H@3 0.503200	H@5 0.560400	H@10 0.634800
INFO:kbc-cli.py:Epoch 27/100	test results	MRR 0.451798	H@1 0.355200	H@3 0.499200	H@5 0.562400	H@10 0.635000
INFO:kbc-cli.py:Epoch 28/100	Loss 12.7457 ± 0.1435
INFO:kbc-cli.py:Epoch 29/100	Loss 12.7360 ± 0.1428
INFO:kbc-cli.py:Epoch 30/100	Loss 12.7272 ± 0.1421
INFO:kbc-cli.py:Epoch 30/100	dev results	MRR 0.453958	H@1 0.357700	H@3 0.500700	H@5 0.562500	H@10 0.637600
INFO:kbc-cli.py:Epoch 30/100	test results	MRR 0.452604	H@1 0.355800	H@3 0.501300	H@5 0.563400	H@10 0.635600
INFO:kbc-cli.py:Epoch 31/100	Loss 12.7185 ± 0.1449
INFO:kbc-cli.py:Epoch 32/100	Loss 12.7105 ± 0.1396
INFO:kbc-cli.py:Epoch 33/100	Loss 12.7029 ± 0.1425
INFO:kbc-cli.py:Epoch 33/100	dev results	MRR 0.452849	H@1 0.357000	H@3 0.500700	H@5 0.560300	H@10 0.635900
INFO:kbc-cli.py:Epoch 33/100	test results	MRR 0.454690	H@1 0.359300	H@3 0.501300	H@5 0.560300	H@10 0.634000
INFO:kbc-cli.py:Epoch 34/100	Loss 12.6957 ± 0.1411
INFO:kbc-cli.py:Epoch 35/100	Loss 12.6889 ± 0.1412
INFO:kbc-cli.py:Epoch 36/100	Loss 12.6825 ± 0.1375
INFO:kbc-cli.py:Epoch 36/100	dev results	MRR 0.452411	H@1 0.355400	H@3 0.500300	H@5 0.559900	H@10 0.637200
INFO:kbc-cli.py:Epoch 36/100	test results	MRR 0.454675	H@1 0.356100	H@3 0.505700	H@5 0.568000	H@10 0.638200
INFO:kbc-cli.py:Epoch 37/100	Loss 12.6763 ± 0.1414
INFO:kbc-cli.py:Epoch 38/100	Loss 12.6703 ± 0.1401
INFO:kbc-cli.py:Epoch 39/100	Loss 12.6648 ± 0.1377
INFO:kbc-cli.py:Epoch 39/100	dev results	MRR 0.453223	H@1 0.356500	H@3 0.499700	H@5 0.563000	H@10 0.638400
INFO:kbc-cli.py:Epoch 39/100	test results	MRR 0.454493	H@1 0.357600	H@3 0.502600	H@5 0.563900	H@10 0.637800
INFO:kbc-cli.py:Epoch 40/100	Loss 12.6593 ± 0.1377
INFO:kbc-cli.py:Epoch 41/100	Loss 12.6541 ± 0.1368
INFO:kbc-cli.py:Epoch 42/100	Loss 12.6492 ± 0.1362
INFO:kbc-cli.py:Epoch 42/100	dev results	MRR 0.455433	H@1 0.359200	H@3 0.505400	H@5 0.561600	H@10 0.639900
INFO:kbc-cli.py:Epoch 42/100	test results	MRR 0.455130	H@1 0.357700	H@3 0.505900	H@5 0.564800	H@10 0.637600
INFO:kbc-cli.py:Epoch 43/100	Loss 12.6446 ± 0.1378
INFO:kbc-cli.py:Epoch 44/100	Loss 12.6400 ± 0.1385
INFO:kbc-cli.py:Epoch 45/100	Loss 12.6355 ± 0.1349
INFO:kbc-cli.py:Epoch 45/100	dev results	MRR 0.455949	H@1 0.360400	H@3 0.501400	H@5 0.561500	H@10 0.639200
INFO:kbc-cli.py:Epoch 45/100	test results	MRR 0.455917	H@1 0.360900	H@3 0.501900	H@5 0.565700	H@10 0.637700
INFO:kbc-cli.py:Epoch 46/100	Loss 12.6313 ± 0.1355
INFO:kbc-cli.py:Epoch 47/100	Loss 12.6271 ± 0.1346
INFO:kbc-cli.py:Epoch 48/100	Loss 12.6233 ± 0.1331
INFO:kbc-cli.py:Epoch 48/100	dev results	MRR 0.456693	H@1 0.360200	H@3 0.506400	H@5 0.563900	H@10 0.639100
INFO:kbc-cli.py:Epoch 48/100	test results	MRR 0.457587	H@1 0.362400	H@3 0.504600	H@5 0.565900	H@10 0.638700
INFO:kbc-cli.py:Epoch 49/100	Loss 12.6195 ± 0.1349
INFO:kbc-cli.py:Epoch 50/100	Loss 12.6158 ± 0.1326
INFO:kbc-cli.py:Epoch 51/100	Loss 12.6123 ± 0.1342
INFO:kbc-cli.py:Epoch 51/100	dev results	MRR 0.455628	H@1 0.360100	H@3 0.503400	H@5 0.561300	H@10 0.639700
INFO:kbc-cli.py:Epoch 51/100	test results	MRR 0.459380	H@1 0.364700	H@3 0.506800	H@5 0.567100	H@10 0.641400
INFO:kbc-cli.py:Epoch 52/100	Loss 12.6087 ± 0.1344
INFO:kbc-cli.py:Epoch 53/100	Loss 12.6054 ± 0.1343
INFO:kbc-cli.py:Epoch 54/100	Loss 12.6021 ± 0.1331
INFO:kbc-cli.py:Epoch 54/100	dev results	MRR 0.457344	H@1 0.362600	H@3 0.504900	H@5 0.562500	H@10 0.639300
INFO:kbc-cli.py:Epoch 54/100	test results	MRR 0.456933	H@1 0.361300	H@3 0.503600	H@5 0.563800	H@10 0.641600
INFO:kbc-cli.py:Epoch 55/100	Loss 12.5992 ± 0.1333
INFO:kbc-cli.py:Epoch 56/100	Loss 12.5960 ± 0.1318
INFO:kbc-cli.py:Epoch 57/100	Loss 12.5931 ± 0.1305
INFO:kbc-cli.py:Epoch 57/100	dev results	MRR 0.456654	H@1 0.360500	H@3 0.505700	H@5 0.562000	H@10 0.638800
INFO:kbc-cli.py:Epoch 57/100	test results	MRR 0.458057	H@1 0.361100	H@3 0.506400	H@5 0.565700	H@10 0.638000
INFO:kbc-cli.py:Epoch 58/100	Loss 12.5902 ± 0.1298
INFO:kbc-cli.py:Epoch 59/100	Loss 12.5873 ± 0.1312
INFO:kbc-cli.py:Epoch 60/100	Loss 12.5847 ± 0.1300
INFO:kbc-cli.py:Epoch 60/100	dev results	MRR 0.458830	H@1 0.363600	H@3 0.507200	H@5 0.562900	H@10 0.640600
INFO:kbc-cli.py:Epoch 60/100	test results	MRR 0.460404	H@1 0.363700	H@3 0.508000	H@5 0.567600	H@10 0.642000
INFO:kbc-cli.py:Epoch 61/100	Loss 12.5819 ± 0.1288
INFO:kbc-cli.py:Epoch 62/100	Loss 12.5795 ± 0.1325
INFO:kbc-cli.py:Epoch 63/100	Loss 12.5769 ± 0.1322
INFO:kbc-cli.py:Epoch 63/100	dev results	MRR 0.457408	H@1 0.362400	H@3 0.504000	H@5 0.563300	H@10 0.640000
INFO:kbc-cli.py:Epoch 63/100	test results	MRR 0.458340	H@1 0.361900	H@3 0.504800	H@5 0.568300	H@10 0.642300
INFO:kbc-cli.py:Epoch 64/100	Loss 12.5745 ± 0.1274
INFO:kbc-cli.py:Epoch 65/100	Loss 12.5721 ± 0.1288
INFO:kbc-cli.py:Epoch 66/100	Loss 12.5697 ± 0.1288
INFO:kbc-cli.py:Epoch 66/100	dev results	MRR 0.458665	H@1 0.363600	H@3 0.507000	H@5 0.565000	H@10 0.642000
INFO:kbc-cli.py:Epoch 66/100	test results	MRR 0.458976	H@1 0.362400	H@3 0.507400	H@5 0.566500	H@10 0.641900
INFO:kbc-cli.py:Epoch 67/100	Loss 12.5675 ± 0.1274
INFO:kbc-cli.py:Epoch 68/100	Loss 12.5653 ± 0.1288
INFO:kbc-cli.py:Epoch 69/100	Loss 12.5632 ± 0.1286
INFO:kbc-cli.py:Epoch 69/100	dev results	MRR 0.460474	H@1 0.366000	H@3 0.507000	H@5 0.566000	H@10 0.640400
INFO:kbc-cli.py:Epoch 69/100	test results	MRR 0.460219	H@1 0.364400	H@3 0.507800	H@5 0.567600	H@10 0.642500
INFO:kbc-cli.py:Epoch 70/100	Loss 12.5611 ± 0.1287
INFO:kbc-cli.py:Epoch 71/100	Loss 12.5589 ± 0.1274
INFO:kbc-cli.py:Epoch 72/100	Loss 12.5569 ± 0.1292
INFO:kbc-cli.py:Epoch 72/100	dev results	MRR 0.458951	H@1 0.364000	H@3 0.505700	H@5 0.563900	H@10 0.642200
INFO:kbc-cli.py:Epoch 72/100	test results	MRR 0.459584	H@1 0.364000	H@3 0.506300	H@5 0.566900	H@10 0.640900
INFO:kbc-cli.py:Epoch 73/100	Loss 12.5550 ± 0.1270
INFO:kbc-cli.py:Epoch 74/100	Loss 12.5530 ± 0.1282
INFO:kbc-cli.py:Epoch 75/100	Loss 12.5512 ± 0.1302
INFO:kbc-cli.py:Epoch 75/100	dev results	MRR 0.459778	H@1 0.364800	H@3 0.507600	H@5 0.565200	H@10 0.640000
INFO:kbc-cli.py:Epoch 75/100	test results	MRR 0.458840	H@1 0.361700	H@3 0.506400	H@5 0.568000	H@10 0.641200
INFO:kbc-cli.py:Epoch 76/100	Loss 12.5494 ± 0.1279
INFO:kbc-cli.py:Epoch 77/100	Loss 12.5474 ± 0.1264
INFO:kbc-cli.py:Epoch 78/100	Loss 12.5457 ± 0.1256
INFO:kbc-cli.py:Epoch 78/100	dev results	MRR 0.459386	H@1 0.364400	H@3 0.506600	H@5 0.563400	H@10 0.641700
INFO:kbc-cli.py:Epoch 78/100	test results	MRR 0.459959	H@1 0.363200	H@3 0.507900	H@5 0.568300	H@10 0.643300
INFO:kbc-cli.py:Epoch 79/100	Loss 12.5440 ± 0.1269
INFO:kbc-cli.py:Epoch 80/100	Loss 12.5423 ± 0.1270
INFO:kbc-cli.py:Epoch 81/100	Loss 12.5406 ± 0.1288
INFO:kbc-cli.py:Epoch 81/100	dev results	MRR 0.459361	H@1 0.365100	H@3 0.505100	H@5 0.564400	H@10 0.640600
INFO:kbc-cli.py:Epoch 81/100	test results	MRR 0.458408	H@1 0.361000	H@3 0.507100	H@5 0.568000	H@10 0.642500
INFO:kbc-cli.py:Epoch 82/100	Loss 12.5391 ± 0.1244
INFO:kbc-cli.py:Epoch 83/100	Loss 12.5373 ± 0.1282
INFO:kbc-cli.py:Epoch 84/100	Loss 12.5357 ± 0.1242
INFO:kbc-cli.py:Epoch 84/100	dev results	MRR 0.460263	H@1 0.366000	H@3 0.506000	H@5 0.563600	H@10 0.640400
INFO:kbc-cli.py:Epoch 84/100	test results	MRR 0.459393	H@1 0.362300	H@3 0.508400	H@5 0.568900	H@10 0.641300
INFO:kbc-cli.py:Epoch 85/100	Loss 12.5342 ± 0.1245
INFO:kbc-cli.py:Epoch 86/100	Loss 12.5326 ± 0.1262
INFO:kbc-cli.py:Epoch 87/100	Loss 12.5312 ± 0.1234
INFO:kbc-cli.py:Epoch 87/100	dev results	MRR 0.459305	H@1 0.364300	H@3 0.505500	H@5 0.564200	H@10 0.640200
INFO:kbc-cli.py:Epoch 87/100	test results	MRR 0.460992	H@1 0.366000	H@3 0.507100	H@5 0.569700	H@10 0.643900
INFO:kbc-cli.py:Epoch 88/100	Loss 12.5298 ± 0.1258
INFO:kbc-cli.py:Epoch 89/100	Loss 12.5283 ± 0.1251
INFO:kbc-cli.py:Epoch 90/100	Loss 12.5269 ± 0.1249
INFO:kbc-cli.py:Epoch 90/100	dev results	MRR 0.458672	H@1 0.363500	H@3 0.505000	H@5 0.565500	H@10 0.642000
INFO:kbc-cli.py:Epoch 90/100	test results	MRR 0.461795	H@1 0.366700	H@3 0.507800	H@5 0.569000	H@10 0.641500
INFO:kbc-cli.py:Epoch 91/100	Loss 12.5255 ± 0.1243
INFO:kbc-cli.py:Epoch 92/100	Loss 12.5242 ± 0.1252
INFO:kbc-cli.py:Epoch 93/100	Loss 12.5227 ± 0.1248
INFO:kbc-cli.py:Epoch 93/100	dev results	MRR 0.461128	H@1 0.368100	H@3 0.505200	H@5 0.565100	H@10 0.643200
INFO:kbc-cli.py:Epoch 93/100	test results	MRR 0.460502	H@1 0.363700	H@3 0.507700	H@5 0.570400	H@10 0.641900
INFO:kbc-cli.py:Epoch 94/100	Loss 12.5215 ± 0.1232
INFO:kbc-cli.py:Epoch 95/100	Loss 12.5202 ± 0.1252
INFO:kbc-cli.py:Epoch 96/100	Loss 12.5189 ± 0.1254
INFO:kbc-cli.py:Epoch 96/100	dev results	MRR 0.460821	H@1 0.366900	H@3 0.507100	H@5 0.565300	H@10 0.644200
INFO:kbc-cli.py:Epoch 96/100	test results	MRR 0.460922	H@1 0.365300	H@3 0.507100	H@5 0.568900	H@10 0.643300
INFO:kbc-cli.py:Epoch 97/100	Loss 12.5176 ± 0.1228
INFO:kbc-cli.py:Epoch 98/100	Loss 12.5164 ± 0.1222
INFO:kbc-cli.py:Epoch 99/100	Loss 12.5151 ± 0.1243
INFO:kbc-cli.py:Epoch 99/100	dev results	MRR 0.461396	H@1 0.368000	H@3 0.507400	H@5 0.564200	H@10 0.642200
INFO:kbc-cli.py:Epoch 99/100	test results	MRR 0.459672	H@1 0.363200	H@3 0.506800	H@5 0.569800	H@10 0.642400
INFO:kbc-cli.py:Epoch 100/100	Loss 12.5138 ± 0.1233
INFO:kbc-cli.py:Final 	dev results	MRR 0.460619	H@1 0.366900	H@3 0.506300	H@5 0.565500	H@10 0.642000
INFO:kbc-cli.py:Final 	test results	MRR 0.461563	H@1 0.366600	H@3 0.507800	H@5 0.568900	H@10 0.643300
INFO:kbc-cli.py:Training finished
