./bin/kbc-cli.py --train data/yago3-10/train.tsv --dev data/yago3-10/dev.tsv --test data/yago3-10/test.tsv -m complex -k 500 -b 500 -e 100 --F2 0 --N3 0.001 -l 0.1 -I reciprocal -V 3 -o adagrad -q
{'F2': 0.0,
 'N3': 0.001,
 'batch_size': 500,
 'dev': 'data/yago3-10/dev.tsv',
 'embedding_size': 500,
 'epochs': 100,
 'eval_batch_size': None,
 'input_type': 'reciprocal',
 'learning_rate': 0.1,
 'load': None,
 'model': 'complex',
 'optimizer': 'adagrad',
 'quiet': True,
 'save': None,
 'seed': 0,
 'test': 'data/yago3-10/test.tsv',
 'test_i': None,
 'test_ii': None,
 'train': 'data/yago3-10/train.tsv',
 'validate_every': 3}
INFO:kbc-cli.py:Device: cuda
INFO:kbc-cli.py:Model state:
INFO:kbc-cli.py:	entities.weight	torch.Size([123182, 1000])
INFO:kbc-cli.py:	predicates.weight	torch.Size([74, 1000])
INFO:kbc-cli.py:Epoch 1/100	Loss 12.8266 ± 3.0288
INFO:kbc-cli.py:Epoch 2/100	Loss 8.1596 ± 0.1374
INFO:kbc-cli.py:Epoch 3/100	Loss 7.6618 ± 0.1468
INFO:kbc-cli.py:Epoch 3/100	dev results	MRR 0.499680	H@1 0.415300	H@3 0.541900	H@5 0.596400	H@10 0.663400
INFO:kbc-cli.py:Epoch 3/100	test results	MRR 0.500060	H@1 0.416100	H@3 0.544900	H@5 0.597700	H@10 0.661800
INFO:kbc-cli.py:Epoch 4/100	Loss 7.4470 ± 0.1579
INFO:kbc-cli.py:Epoch 5/100	Loss 7.3189 ± 0.1626
INFO:kbc-cli.py:Epoch 6/100	Loss 7.2310 ± 0.1625
INFO:kbc-cli.py:Epoch 6/100	dev results	MRR 0.539344	H@1 0.460100	H@3 0.584300	H@5 0.635400	H@10 0.687200
INFO:kbc-cli.py:Epoch 6/100	test results	MRR 0.536883	H@1 0.455000	H@3 0.586400	H@5 0.632200	H@10 0.687700
INFO:kbc-cli.py:Epoch 7/100	Loss 7.1652 ± 0.1630
INFO:kbc-cli.py:Epoch 8/100	Loss 7.1131 ± 0.1622
INFO:kbc-cli.py:Epoch 9/100	Loss 7.0706 ± 0.1625
INFO:kbc-cli.py:Epoch 9/100	dev results	MRR 0.552682	H@1 0.473400	H@3 0.600100	H@5 0.647500	H@10 0.696300
INFO:kbc-cli.py:Epoch 9/100	test results	MRR 0.551216	H@1 0.472100	H@3 0.599400	H@5 0.644400	H@10 0.694400
INFO:kbc-cli.py:Epoch 10/100	Loss 7.0353 ± 0.1616
INFO:kbc-cli.py:Epoch 11/100	Loss 7.0049 ± 0.1618
INFO:kbc-cli.py:Epoch 12/100	Loss 6.9785 ± 0.1600
INFO:kbc-cli.py:Epoch 12/100	dev results	MRR 0.563733	H@1 0.490100	H@3 0.608000	H@5 0.648300	H@10 0.697600
INFO:kbc-cli.py:Epoch 12/100	test results	MRR 0.557963	H@1 0.479800	H@3 0.607100	H@5 0.648100	H@10 0.697900
INFO:kbc-cli.py:Epoch 13/100	Loss 6.9552 ± 0.1576
INFO:kbc-cli.py:Epoch 14/100	Loss 6.9344 ± 0.1559
INFO:kbc-cli.py:Epoch 15/100	Loss 6.9159 ± 0.1560
INFO:kbc-cli.py:Epoch 15/100	dev results	MRR 0.567064	H@1 0.494300	H@3 0.611100	H@5 0.654200	H@10 0.699100
INFO:kbc-cli.py:Epoch 15/100	test results	MRR 0.564928	H@1 0.489800	H@3 0.612200	H@5 0.653400	H@10 0.699300
INFO:kbc-cli.py:Epoch 16/100	Loss 6.8996 ± 0.1553
INFO:kbc-cli.py:Epoch 17/100	Loss 6.8843 ± 0.1530
INFO:kbc-cli.py:Epoch 18/100	Loss 6.8701 ± 0.1533
INFO:kbc-cli.py:Epoch 18/100	dev results	MRR 0.566943	H@1 0.493200	H@3 0.611500	H@5 0.654400	H@10 0.698200
INFO:kbc-cli.py:Epoch 18/100	test results	MRR 0.566321	H@1 0.490600	H@3 0.614600	H@5 0.652700	H@10 0.699300
INFO:kbc-cli.py:Epoch 19/100	Loss 6.8571 ± 0.1515
INFO:kbc-cli.py:Epoch 20/100	Loss 6.8454 ± 0.1489
INFO:kbc-cli.py:Epoch 21/100	Loss 6.8345 ± 0.1530
INFO:kbc-cli.py:Epoch 21/100	dev results	MRR 0.568181	H@1 0.494500	H@3 0.611900	H@5 0.655400	H@10 0.699900
INFO:kbc-cli.py:Epoch 21/100	test results	MRR 0.569867	H@1 0.496000	H@3 0.614800	H@5 0.654900	H@10 0.700000
INFO:kbc-cli.py:Epoch 22/100	Loss 6.8241 ± 0.1487
INFO:kbc-cli.py:Epoch 23/100	Loss 6.8145 ± 0.1505
INFO:kbc-cli.py:Epoch 24/100	Loss 6.8055 ± 0.1474
INFO:kbc-cli.py:Epoch 24/100	dev results	MRR 0.570139	H@1 0.497400	H@3 0.614600	H@5 0.654400	H@10 0.701200
INFO:kbc-cli.py:Epoch 24/100	test results	MRR 0.569784	H@1 0.496700	H@3 0.614500	H@5 0.652800	H@10 0.701300
INFO:kbc-cli.py:Epoch 25/100	Loss 6.7971 ± 0.1494
INFO:kbc-cli.py:Epoch 26/100	Loss 6.7890 ± 0.1463
INFO:kbc-cli.py:Epoch 27/100	Loss 6.7815 ± 0.1479
INFO:kbc-cli.py:Epoch 27/100	dev results	MRR 0.571822	H@1 0.500000	H@3 0.615600	H@5 0.655400	H@10 0.701000
INFO:kbc-cli.py:Epoch 27/100	test results	MRR 0.571723	H@1 0.500100	H@3 0.613400	H@5 0.656000	H@10 0.702900
INFO:kbc-cli.py:Epoch 28/100	Loss 6.7744 ± 0.1461
INFO:kbc-cli.py:Epoch 29/100	Loss 6.7676 ± 0.1441
INFO:kbc-cli.py:Epoch 30/100	Loss 6.7613 ± 0.1433
INFO:kbc-cli.py:Epoch 30/100	dev results	MRR 0.572349	H@1 0.501900	H@3 0.614100	H@5 0.656100	H@10 0.699000
INFO:kbc-cli.py:Epoch 30/100	test results	MRR 0.571995	H@1 0.499600	H@3 0.615100	H@5 0.656700	H@10 0.703500
INFO:kbc-cli.py:Epoch 31/100	Loss 6.7549 ± 0.1456
INFO:kbc-cli.py:Epoch 32/100	Loss 6.7491 ± 0.1406
INFO:kbc-cli.py:Epoch 33/100	Loss 6.7436 ± 0.1436
INFO:kbc-cli.py:Epoch 33/100	dev results	MRR 0.571473	H@1 0.499900	H@3 0.613300	H@5 0.656600	H@10 0.700800
INFO:kbc-cli.py:Epoch 33/100	test results	MRR 0.573268	H@1 0.501300	H@3 0.615400	H@5 0.657100	H@10 0.702600
INFO:kbc-cli.py:Epoch 34/100	Loss 6.7381 ± 0.1421
INFO:kbc-cli.py:Epoch 35/100	Loss 6.7330 ± 0.1427
INFO:kbc-cli.py:Epoch 36/100	Loss 6.7282 ± 0.1395
INFO:kbc-cli.py:Epoch 36/100	dev results	MRR 0.572890	H@1 0.502400	H@3 0.614400	H@5 0.656500	H@10 0.700700
INFO:kbc-cli.py:Epoch 36/100	test results	MRR 0.573921	H@1 0.502800	H@3 0.614400	H@5 0.657300	H@10 0.703800
INFO:kbc-cli.py:Epoch 37/100	Loss 6.7234 ± 0.1424
INFO:kbc-cli.py:Epoch 38/100	Loss 6.7189 ± 0.1419
INFO:kbc-cli.py:Epoch 39/100	Loss 6.7146 ± 0.1397
INFO:kbc-cli.py:Epoch 39/100	dev results	MRR 0.572129	H@1 0.501200	H@3 0.613600	H@5 0.655200	H@10 0.700700
INFO:kbc-cli.py:Epoch 39/100	test results	MRR 0.573469	H@1 0.501400	H@3 0.615700	H@5 0.657400	H@10 0.703800
INFO:kbc-cli.py:Epoch 40/100	Loss 6.7103 ± 0.1400
INFO:kbc-cli.py:Epoch 41/100	Loss 6.7063 ± 0.1386
INFO:kbc-cli.py:Epoch 42/100	Loss 6.7023 ± 0.1393
INFO:kbc-cli.py:Epoch 42/100	dev results	MRR 0.572930	H@1 0.502100	H@3 0.615600	H@5 0.655500	H@10 0.699300
INFO:kbc-cli.py:Epoch 42/100	test results	MRR 0.573344	H@1 0.500800	H@3 0.617100	H@5 0.658600	H@10 0.703100
INFO:kbc-cli.py:Epoch 43/100	Loss 6.6987 ± 0.1395
INFO:kbc-cli.py:Epoch 44/100	Loss 6.6951 ± 0.1400
INFO:kbc-cli.py:Epoch 45/100	Loss 6.6914 ± 0.1374
INFO:kbc-cli.py:Epoch 45/100	dev results	MRR 0.573566	H@1 0.503500	H@3 0.614000	H@5 0.656000	H@10 0.701500
INFO:kbc-cli.py:Epoch 45/100	test results	MRR 0.575296	H@1 0.504500	H@3 0.616300	H@5 0.657000	H@10 0.703900
INFO:kbc-cli.py:Epoch 46/100	Loss 6.6881 ± 0.1376
INFO:kbc-cli.py:Epoch 47/100	Loss 6.6846 ± 0.1355
INFO:kbc-cli.py:Epoch 48/100	Loss 6.6816 ± 0.1353
INFO:kbc-cli.py:Epoch 48/100	dev results	MRR 0.573444	H@1 0.503800	H@3 0.612600	H@5 0.655400	H@10 0.700900
INFO:kbc-cli.py:Epoch 48/100	test results	MRR 0.575289	H@1 0.504900	H@3 0.616800	H@5 0.656400	H@10 0.704500
INFO:kbc-cli.py:Epoch 49/100	Loss 6.6784 ± 0.1372
INFO:kbc-cli.py:Epoch 50/100	Loss 6.6754 ± 0.1344
INFO:kbc-cli.py:Epoch 51/100	Loss 6.6725 ± 0.1350
INFO:kbc-cli.py:Epoch 51/100	dev results	MRR 0.573977	H@1 0.504900	H@3 0.614200	H@5 0.653100	H@10 0.701400
INFO:kbc-cli.py:Epoch 51/100	test results	MRR 0.575855	H@1 0.506300	H@3 0.613600	H@5 0.658900	H@10 0.703900
INFO:kbc-cli.py:Epoch 52/100	Loss 6.6695 ± 0.1373
INFO:kbc-cli.py:Epoch 53/100	Loss 6.6668 ± 0.1351
INFO:kbc-cli.py:Epoch 54/100	Loss 6.6640 ± 0.1344
INFO:kbc-cli.py:Epoch 54/100	dev results	MRR 0.573904	H@1 0.505100	H@3 0.614200	H@5 0.654400	H@10 0.700900
INFO:kbc-cli.py:Epoch 54/100	test results	MRR 0.574309	H@1 0.503300	H@3 0.616200	H@5 0.657000	H@10 0.703800
INFO:kbc-cli.py:Epoch 55/100	Loss 6.6616 ± 0.1344
INFO:kbc-cli.py:Epoch 56/100	Loss 6.6589 ± 0.1333
INFO:kbc-cli.py:Epoch 57/100	Loss 6.6564 ± 0.1311
INFO:kbc-cli.py:Epoch 57/100	dev results	MRR 0.572753	H@1 0.502400	H@3 0.614700	H@5 0.654400	H@10 0.701200
INFO:kbc-cli.py:Epoch 57/100	test results	MRR 0.574838	H@1 0.503700	H@3 0.616300	H@5 0.657700	H@10 0.704100
INFO:kbc-cli.py:Epoch 58/100	Loss 6.6540 ± 0.1316
INFO:kbc-cli.py:Epoch 59/100	Loss 6.6515 ± 0.1325
INFO:kbc-cli.py:Epoch 60/100	Loss 6.6493 ± 0.1327
INFO:kbc-cli.py:Epoch 60/100	dev results	MRR 0.572395	H@1 0.501200	H@3 0.613900	H@5 0.655300	H@10 0.700100
INFO:kbc-cli.py:Epoch 60/100	test results	MRR 0.575640	H@1 0.505200	H@3 0.616900	H@5 0.657000	H@10 0.704000
INFO:kbc-cli.py:Epoch 61/100	Loss 6.6470 ± 0.1298
INFO:kbc-cli.py:Epoch 62/100	Loss 6.6449 ± 0.1333
INFO:kbc-cli.py:Epoch 63/100	Loss 6.6427 ± 0.1339
INFO:kbc-cli.py:Epoch 63/100	dev results	MRR 0.572937	H@1 0.503500	H@3 0.612800	H@5 0.654700	H@10 0.700900
INFO:kbc-cli.py:Epoch 63/100	test results	MRR 0.576512	H@1 0.506700	H@3 0.615900	H@5 0.658900	H@10 0.703900
INFO:kbc-cli.py:Epoch 64/100	Loss 6.6406 ± 0.1301
INFO:kbc-cli.py:Epoch 65/100	Loss 6.6386 ± 0.1300
INFO:kbc-cli.py:Epoch 66/100	Loss 6.6365 ± 0.1291
INFO:kbc-cli.py:Epoch 66/100	dev results	MRR 0.574234	H@1 0.505000	H@3 0.614400	H@5 0.656200	H@10 0.699400
INFO:kbc-cli.py:Epoch 66/100	test results	MRR 0.576123	H@1 0.506000	H@3 0.615300	H@5 0.657700	H@10 0.704200
INFO:kbc-cli.py:Epoch 67/100	Loss 6.6345 ± 0.1291
INFO:kbc-cli.py:Epoch 68/100	Loss 6.6327 ± 0.1296
INFO:kbc-cli.py:Epoch 69/100	Loss 6.6308 ± 0.1296
INFO:kbc-cli.py:Epoch 69/100	dev results	MRR 0.574326	H@1 0.505600	H@3 0.614600	H@5 0.653400	H@10 0.701000
INFO:kbc-cli.py:Epoch 69/100	test results	MRR 0.576144	H@1 0.506300	H@3 0.616800	H@5 0.657700	H@10 0.703600
INFO:kbc-cli.py:Epoch 70/100	Loss 6.6290 ± 0.1279
INFO:kbc-cli.py:Epoch 71/100	Loss 6.6271 ± 0.1277
INFO:kbc-cli.py:Epoch 72/100	Loss 6.6254 ± 0.1306
INFO:kbc-cli.py:Epoch 72/100	dev results	MRR 0.573283	H@1 0.503700	H@3 0.614600	H@5 0.652700	H@10 0.700400
INFO:kbc-cli.py:Epoch 72/100	test results	MRR 0.575830	H@1 0.505700	H@3 0.615200	H@5 0.659100	H@10 0.704400
INFO:kbc-cli.py:Epoch 73/100	Loss 6.6237 ± 0.1286
INFO:kbc-cli.py:Epoch 74/100	Loss 6.6220 ± 0.1287
INFO:kbc-cli.py:Epoch 75/100	Loss 6.6204 ± 0.1307
INFO:kbc-cli.py:Epoch 75/100	dev results	MRR 0.573133	H@1 0.503000	H@3 0.615400	H@5 0.653500	H@10 0.700200
INFO:kbc-cli.py:Epoch 75/100	test results	MRR 0.575757	H@1 0.505000	H@3 0.617000	H@5 0.657900	H@10 0.703100
INFO:kbc-cli.py:Epoch 76/100	Loss 6.6187 ± 0.1291
INFO:kbc-cli.py:Epoch 77/100	Loss 6.6170 ± 0.1272
INFO:kbc-cli.py:Epoch 78/100	Loss 6.6155 ± 0.1269
INFO:kbc-cli.py:Epoch 78/100	dev results	MRR 0.573582	H@1 0.504300	H@3 0.614100	H@5 0.653400	H@10 0.699500
INFO:kbc-cli.py:Epoch 78/100	test results	MRR 0.576389	H@1 0.505900	H@3 0.619000	H@5 0.657300	H@10 0.704900
INFO:kbc-cli.py:Epoch 79/100	Loss 6.6140 ± 0.1265
INFO:kbc-cli.py:Epoch 80/100	Loss 6.6125 ± 0.1282
INFO:kbc-cli.py:Epoch 81/100	Loss 6.6110 ± 0.1304
INFO:kbc-cli.py:Epoch 81/100	dev results	MRR 0.571853	H@1 0.501800	H@3 0.612500	H@5 0.652900	H@10 0.700700
INFO:kbc-cli.py:Epoch 81/100	test results	MRR 0.575919	H@1 0.505600	H@3 0.616400	H@5 0.658400	H@10 0.703800
INFO:kbc-cli.py:Epoch 82/100	Loss 6.6097 ± 0.1251
INFO:kbc-cli.py:Epoch 83/100	Loss 6.6081 ± 0.1289
INFO:kbc-cli.py:Epoch 84/100	Loss 6.6067 ± 0.1252
INFO:kbc-cli.py:Epoch 84/100	dev results	MRR 0.574334	H@1 0.505200	H@3 0.614200	H@5 0.652700	H@10 0.701000
INFO:kbc-cli.py:Epoch 84/100	test results	MRR 0.574780	H@1 0.503900	H@3 0.616600	H@5 0.657300	H@10 0.704600
INFO:kbc-cli.py:Epoch 85/100	Loss 6.6053 ± 0.1258
INFO:kbc-cli.py:Epoch 86/100	Loss 6.6039 ± 0.1270
INFO:kbc-cli.py:Epoch 87/100	Loss 6.6026 ± 0.1251
INFO:kbc-cli.py:Epoch 87/100	dev results	MRR 0.572228	H@1 0.501800	H@3 0.614300	H@5 0.652900	H@10 0.700500
INFO:kbc-cli.py:Epoch 87/100	test results	MRR 0.575594	H@1 0.504700	H@3 0.617200	H@5 0.657800	H@10 0.704000
INFO:kbc-cli.py:Epoch 88/100	Loss 6.6014 ± 0.1281
INFO:kbc-cli.py:Epoch 89/100	Loss 6.6001 ± 0.1254
INFO:kbc-cli.py:Epoch 90/100	Loss 6.5988 ± 0.1262
INFO:kbc-cli.py:Epoch 90/100	dev results	MRR 0.572815	H@1 0.503000	H@3 0.614400	H@5 0.653600	H@10 0.700100
INFO:kbc-cli.py:Epoch 90/100	test results	MRR 0.577086	H@1 0.507200	H@3 0.617800	H@5 0.658500	H@10 0.703800
INFO:kbc-cli.py:Epoch 91/100	Loss 6.5975 ± 0.1253
INFO:kbc-cli.py:Epoch 92/100	Loss 6.5963 ± 0.1267
INFO:kbc-cli.py:Epoch 93/100	Loss 6.5949 ± 0.1269
INFO:kbc-cli.py:Epoch 93/100	dev results	MRR 0.573549	H@1 0.504700	H@3 0.613800	H@5 0.653800	H@10 0.701000
INFO:kbc-cli.py:Epoch 93/100	test results	MRR 0.576793	H@1 0.507400	H@3 0.616100	H@5 0.657900	H@10 0.704700
INFO:kbc-cli.py:Epoch 94/100	Loss 6.5939 ± 0.1246
INFO:kbc-cli.py:Epoch 95/100	Loss 6.5927 ± 0.1262
INFO:kbc-cli.py:Epoch 96/100	Loss 6.5915 ± 0.1276
INFO:kbc-cli.py:Epoch 96/100	dev results	MRR 0.572918	H@1 0.503200	H@3 0.613100	H@5 0.655000	H@10 0.700900
INFO:kbc-cli.py:Epoch 96/100	test results	MRR 0.575628	H@1 0.505000	H@3 0.616900	H@5 0.658500	H@10 0.704400
INFO:kbc-cli.py:Epoch 97/100	Loss 6.5904 ± 0.1242
INFO:kbc-cli.py:Epoch 98/100	Loss 6.5893 ± 0.1230
INFO:kbc-cli.py:Epoch 99/100	Loss 6.5881 ± 0.1250
INFO:kbc-cli.py:Epoch 99/100	dev results	MRR 0.572575	H@1 0.503000	H@3 0.613300	H@5 0.654500	H@10 0.700400
INFO:kbc-cli.py:Epoch 99/100	test results	MRR 0.576085	H@1 0.505900	H@3 0.617200	H@5 0.657300	H@10 0.704200
INFO:kbc-cli.py:Epoch 100/100	Loss 6.5870 ± 0.1239
INFO:kbc-cli.py:Final 	dev results	MRR 0.571944	H@1 0.501800	H@3 0.612800	H@5 0.652800	H@10 0.699600
INFO:kbc-cli.py:Final 	test results	MRR 0.575285	H@1 0.504600	H@3 0.616500	H@5 0.658300	H@10 0.704600
INFO:kbc-cli.py:Training finished
