./bin/kbc-cli.py --train data/yago3-10/train.tsv --dev data/yago3-10/dev.tsv --test data/yago3-10/test.tsv -m complex -k 1000 -b 100 -e 100 --F2 0.005 --N3 0 -l 0.1 -I reciprocal -V 3 -o adagrad -q
{'F2': 0.005,
 'N3': 0.0,
 'batch_size': 100,
 'dev': 'data/yago3-10/dev.tsv',
 'embedding_size': 1000,
 'epochs': 100,
 'eval_batch_size': None,
 'input_type': 'reciprocal',
 'learning_rate': 0.1,
 'load': None,
 'model': 'complex',
 'optimizer': 'adagrad',
 'quiet': True,
 'save': None,
 'seed': 0,
 'test': 'data/yago3-10/test.tsv',
 'test_i': None,
 'test_ii': None,
 'train': 'data/yago3-10/train.tsv',
 'validate_every': 3}
INFO:kbc-cli.py:Device: cuda
INFO:kbc-cli.py:Model state:
INFO:kbc-cli.py:	entities.weight	torch.Size([123182, 2000])
INFO:kbc-cli.py:	predicates.weight	torch.Size([74, 2000])
INFO:kbc-cli.py:Epoch 1/100	Loss 14.4461 ± 3.0403
INFO:kbc-cli.py:Epoch 2/100	Loss 9.8429 ± 0.2435
INFO:kbc-cli.py:Epoch 3/100	Loss 9.2709 ± 0.2286
INFO:kbc-cli.py:Epoch 3/100	dev results	MRR 0.497244	H@1 0.409700	H@3 0.542300	H@5 0.598000	H@10 0.665800
INFO:kbc-cli.py:Epoch 3/100	test results	MRR 0.496801	H@1 0.408700	H@3 0.544900	H@5 0.596900	H@10 0.663200
INFO:kbc-cli.py:Epoch 4/100	Loss 8.9976 ± 0.2310
INFO:kbc-cli.py:Epoch 5/100	Loss 8.8234 ± 0.2350
INFO:kbc-cli.py:Epoch 6/100	Loss 8.6978 ± 0.2350
INFO:kbc-cli.py:Epoch 6/100	dev results	MRR 0.535408	H@1 0.452000	H@3 0.583500	H@5 0.633600	H@10 0.691700
INFO:kbc-cli.py:Epoch 6/100	test results	MRR 0.532398	H@1 0.448000	H@3 0.582300	H@5 0.628300	H@10 0.691400
INFO:kbc-cli.py:Epoch 7/100	Loss 8.6001 ± 0.2349
INFO:kbc-cli.py:Epoch 8/100	Loss 8.5209 ± 0.2339
INFO:kbc-cli.py:Epoch 9/100	Loss 8.4543 ± 0.2340
INFO:kbc-cli.py:Epoch 9/100	dev results	MRR 0.553271	H@1 0.471300	H@3 0.602400	H@5 0.651500	H@10 0.704100
INFO:kbc-cli.py:Epoch 9/100	test results	MRR 0.548347	H@1 0.465300	H@3 0.598400	H@5 0.645400	H@10 0.699100
INFO:kbc-cli.py:Epoch 10/100	Loss 8.3978 ± 0.2342
INFO:kbc-cli.py:Epoch 11/100	Loss 8.3482 ± 0.2326
INFO:kbc-cli.py:Epoch 12/100	Loss 8.3044 ± 0.2334
INFO:kbc-cli.py:Epoch 12/100	dev results	MRR 0.565095	H@1 0.486200	H@3 0.614200	H@5 0.657800	H@10 0.707000
INFO:kbc-cli.py:Epoch 12/100	test results	MRR 0.559793	H@1 0.480200	H@3 0.609500	H@5 0.652700	H@10 0.701900
INFO:kbc-cli.py:Epoch 13/100	Loss 8.2652 ± 0.2324
INFO:kbc-cli.py:Epoch 14/100	Loss 8.2298 ± 0.2321
INFO:kbc-cli.py:Epoch 15/100	Loss 8.1976 ± 0.2319
INFO:kbc-cli.py:Epoch 15/100	dev results	MRR 0.568162	H@1 0.489300	H@3 0.618400	H@5 0.659700	H@10 0.710200
INFO:kbc-cli.py:Epoch 15/100	test results	MRR 0.564893	H@1 0.486100	H@3 0.613600	H@5 0.659200	H@10 0.707400
INFO:kbc-cli.py:Epoch 16/100	Loss 8.1684 ± 0.2307
INFO:kbc-cli.py:Epoch 17/100	Loss 8.1413 ± 0.2302
INFO:kbc-cli.py:Epoch 18/100	Loss 8.1160 ± 0.2311
INFO:kbc-cli.py:Epoch 18/100	dev results	MRR 0.569081	H@1 0.490400	H@3 0.619600	H@5 0.662300	H@10 0.708300
INFO:kbc-cli.py:Epoch 18/100	test results	MRR 0.568061	H@1 0.489400	H@3 0.620000	H@5 0.658800	H@10 0.705900
INFO:kbc-cli.py:Epoch 19/100	Loss 8.0926 ± 0.2309
INFO:kbc-cli.py:Epoch 20/100	Loss 8.0709 ± 0.2272
INFO:kbc-cli.py:Epoch 21/100	Loss 8.0504 ± 0.2297
INFO:kbc-cli.py:Epoch 21/100	dev results	MRR 0.573447	H@1 0.496800	H@3 0.622300	H@5 0.665000	H@10 0.710400
INFO:kbc-cli.py:Epoch 21/100	test results	MRR 0.573778	H@1 0.498100	H@3 0.621300	H@5 0.661500	H@10 0.706000
INFO:kbc-cli.py:Epoch 22/100	Loss 8.0313 ± 0.2299
INFO:kbc-cli.py:Epoch 23/100	Loss 8.0130 ± 0.2290
INFO:kbc-cli.py:Epoch 24/100	Loss 7.9959 ± 0.2267
INFO:kbc-cli.py:Epoch 24/100	dev results	MRR 0.575884	H@1 0.500400	H@3 0.624300	H@5 0.663700	H@10 0.711200
INFO:kbc-cli.py:Epoch 24/100	test results	MRR 0.571136	H@1 0.494500	H@3 0.618900	H@5 0.661400	H@10 0.706100
INFO:kbc-cli.py:Epoch 25/100	Loss 7.9797 ± 0.2293
INFO:kbc-cli.py:Epoch 26/100	Loss 7.9642 ± 0.2276
INFO:kbc-cli.py:Epoch 27/100	Loss 7.9494 ± 0.2288
INFO:kbc-cli.py:Epoch 27/100	dev results	MRR 0.577249	H@1 0.502800	H@3 0.624400	H@5 0.664800	H@10 0.711400
INFO:kbc-cli.py:Epoch 27/100	test results	MRR 0.574688	H@1 0.500200	H@3 0.619900	H@5 0.662500	H@10 0.707500
INFO:kbc-cli.py:Epoch 28/100	Loss 7.9356 ± 0.2277
INFO:kbc-cli.py:Epoch 29/100	Loss 7.9221 ± 0.2258
INFO:kbc-cli.py:Epoch 30/100	Loss 7.9094 ± 0.2252
INFO:kbc-cli.py:Epoch 30/100	dev results	MRR 0.577688	H@1 0.505400	H@3 0.621600	H@5 0.662400	H@10 0.711400
INFO:kbc-cli.py:Epoch 30/100	test results	MRR 0.574104	H@1 0.498200	H@3 0.621400	H@5 0.663700	H@10 0.706800
INFO:kbc-cli.py:Epoch 31/100	Loss 7.8970 ± 0.2273
INFO:kbc-cli.py:Epoch 32/100	Loss 7.8853 ± 0.2223
INFO:kbc-cli.py:Epoch 33/100	Loss 7.8740 ± 0.2263
INFO:kbc-cli.py:Epoch 33/100	dev results	MRR 0.577444	H@1 0.504200	H@3 0.623000	H@5 0.663100	H@10 0.709700
INFO:kbc-cli.py:Epoch 33/100	test results	MRR 0.575292	H@1 0.501200	H@3 0.620100	H@5 0.660800	H@10 0.707100
INFO:kbc-cli.py:Epoch 34/100	Loss 7.8630 ± 0.2254
INFO:kbc-cli.py:Epoch 35/100	Loss 7.8526 ± 0.2247
