./bin/kbc-cli.py --train data/yago3-10/train.tsv --dev data/yago3-10/dev.tsv --test data/yago3-10/test.tsv -m complex -k 500 -b 100 -e 100 --F2 0 --N3 0.005 -l 0.1 -I reciprocal -V 3 -o adagrad -q
{'F2': 0.0,
 'N3': 0.005,
 'batch_size': 100,
 'dev': 'data/yago3-10/dev.tsv',
 'embedding_size': 500,
 'epochs': 100,
 'eval_batch_size': None,
 'input_type': 'reciprocal',
 'learning_rate': 0.1,
 'load': None,
 'model': 'complex',
 'optimizer': 'adagrad',
 'quiet': True,
 'save': None,
 'seed': 0,
 'test': 'data/yago3-10/test.tsv',
 'test_i': None,
 'test_ii': None,
 'train': 'data/yago3-10/train.tsv',
 'validate_every': 3}
INFO:kbc-cli.py:Device: cuda
INFO:kbc-cli.py:Model state:
INFO:kbc-cli.py:	entities.weight	torch.Size([123182, 1000])
INFO:kbc-cli.py:	predicates.weight	torch.Size([74, 1000])
INFO:kbc-cli.py:Epoch 1/100	Loss 14.3644 ± 3.1674
INFO:kbc-cli.py:Epoch 2/100	Loss 9.4348 ± 0.2504
INFO:kbc-cli.py:Epoch 3/100	Loss 8.7856 ± 0.2268
INFO:kbc-cli.py:Epoch 3/100	dev results	MRR 0.502335	H@1 0.416000	H@3 0.549600	H@5 0.602000	H@10 0.667100
INFO:kbc-cli.py:Epoch 3/100	test results	MRR 0.501809	H@1 0.416100	H@3 0.549500	H@5 0.599600	H@10 0.662800
INFO:kbc-cli.py:Epoch 4/100	Loss 8.4688 ± 0.2300
INFO:kbc-cli.py:Epoch 5/100	Loss 8.2661 ± 0.2357
INFO:kbc-cli.py:Epoch 6/100	Loss 8.1202 ± 0.2374
INFO:kbc-cli.py:Epoch 6/100	dev results	MRR 0.542516	H@1 0.462700	H@3 0.587400	H@5 0.637000	H@10 0.693500
INFO:kbc-cli.py:Epoch 6/100	test results	MRR 0.536653	H@1 0.451600	H@3 0.588000	H@5 0.635400	H@10 0.688300
INFO:kbc-cli.py:Epoch 7/100	Loss 8.0077 ± 0.2384
INFO:kbc-cli.py:Epoch 8/100	Loss 7.9172 ± 0.2384
INFO:kbc-cli.py:Epoch 9/100	Loss 7.8422 ± 0.2393
INFO:kbc-cli.py:Epoch 9/100	dev results	MRR 0.556945	H@1 0.477100	H@3 0.607600	H@5 0.651200	H@10 0.700900
INFO:kbc-cli.py:Epoch 9/100	test results	MRR 0.551374	H@1 0.469600	H@3 0.601400	H@5 0.647500	H@10 0.695200
INFO:kbc-cli.py:Epoch 10/100	Loss 7.7790 ± 0.2401
INFO:kbc-cli.py:Epoch 11/100	Loss 7.7244 ± 0.2389
INFO:kbc-cli.py:Epoch 12/100	Loss 7.6767 ± 0.2406
INFO:kbc-cli.py:Epoch 12/100	dev results	MRR 0.566152	H@1 0.490900	H@3 0.609700	H@5 0.654800	H@10 0.702000
INFO:kbc-cli.py:Epoch 12/100	test results	MRR 0.562161	H@1 0.485300	H@3 0.609200	H@5 0.649400	H@10 0.699600
INFO:kbc-cli.py:Epoch 13/100	Loss 7.6345 ± 0.2400
INFO:kbc-cli.py:Epoch 14/100	Loss 7.5969 ± 0.2402
INFO:kbc-cli.py:Epoch 15/100	Loss 7.5632 ± 0.2401
INFO:kbc-cli.py:Epoch 15/100	dev results	MRR 0.569763	H@1 0.494800	H@3 0.615300	H@5 0.656200	H@10 0.704100
INFO:kbc-cli.py:Epoch 15/100	test results	MRR 0.566809	H@1 0.490500	H@3 0.613900	H@5 0.655800	H@10 0.700900
INFO:kbc-cli.py:Epoch 16/100	Loss 7.5329 ± 0.2393
INFO:kbc-cli.py:Epoch 17/100	Loss 7.5051 ± 0.2391
INFO:kbc-cli.py:Epoch 18/100	Loss 7.4795 ± 0.2405
INFO:kbc-cli.py:Epoch 18/100	dev results	MRR 0.570187	H@1 0.495700	H@3 0.614700	H@5 0.659300	H@10 0.705600
INFO:kbc-cli.py:Epoch 18/100	test results	MRR 0.568417	H@1 0.492700	H@3 0.616400	H@5 0.655100	H@10 0.702000
INFO:kbc-cli.py:Epoch 19/100	Loss 7.4561 ± 0.2402
INFO:kbc-cli.py:Epoch 20/100	Loss 7.4346 ± 0.2369
INFO:kbc-cli.py:Epoch 21/100	Loss 7.4147 ± 0.2395
INFO:kbc-cli.py:Epoch 21/100	dev results	MRR 0.573003	H@1 0.498300	H@3 0.617800	H@5 0.659900	H@10 0.707200
INFO:kbc-cli.py:Epoch 21/100	test results	MRR 0.572371	H@1 0.496400	H@3 0.621600	H@5 0.658900	H@10 0.702300
INFO:kbc-cli.py:Epoch 22/100	Loss 7.3960 ± 0.2402
INFO:kbc-cli.py:Epoch 23/100	Loss 7.3786 ± 0.2393
INFO:kbc-cli.py:Epoch 24/100	Loss 7.3623 ± 0.2370
INFO:kbc-cli.py:Epoch 24/100	dev results	MRR 0.573808	H@1 0.499600	H@3 0.618400	H@5 0.659700	H@10 0.707200
INFO:kbc-cli.py:Epoch 24/100	test results	MRR 0.571900	H@1 0.497200	H@3 0.617200	H@5 0.657600	H@10 0.703900
INFO:kbc-cli.py:Epoch 25/100	Loss 7.3471 ± 0.2399
INFO:kbc-cli.py:Epoch 26/100	Loss 7.3327 ± 0.2381
INFO:kbc-cli.py:Epoch 27/100	Loss 7.3191 ± 0.2397
INFO:kbc-cli.py:Epoch 27/100	dev results	MRR 0.575788	H@1 0.503800	H@3 0.618400	H@5 0.659300	H@10 0.707600
INFO:kbc-cli.py:Epoch 27/100	test results	MRR 0.574792	H@1 0.501100	H@3 0.621600	H@5 0.658200	H@10 0.704900
INFO:kbc-cli.py:Epoch 28/100	Loss 7.3064 ± 0.2387
INFO:kbc-cli.py:Epoch 29/100	Loss 7.2943 ± 0.2366
INFO:kbc-cli.py:Epoch 30/100	Loss 7.2829 ± 0.2361
INFO:kbc-cli.py:Epoch 30/100	dev results	MRR 0.577552	H@1 0.506700	H@3 0.619100	H@5 0.659100	H@10 0.706500
INFO:kbc-cli.py:Epoch 30/100	test results	MRR 0.574564	H@1 0.500200	H@3 0.621700	H@5 0.660600	H@10 0.705300
INFO:kbc-cli.py:Epoch 31/100	Loss 7.2719 ± 0.2384
INFO:kbc-cli.py:Epoch 32/100	Loss 7.2615 ± 0.2333
INFO:kbc-cli.py:Epoch 33/100	Loss 7.2517 ± 0.2376
INFO:kbc-cli.py:Epoch 33/100	dev results	MRR 0.577569	H@1 0.506400	H@3 0.618300	H@5 0.659800	H@10 0.707100
INFO:kbc-cli.py:Epoch 33/100	test results	MRR 0.576367	H@1 0.504100	H@3 0.621100	H@5 0.658100	H@10 0.705100
INFO:kbc-cli.py:Epoch 34/100	Loss 7.2422 ± 0.2369
INFO:kbc-cli.py:Epoch 35/100	Loss 7.2333 ± 0.2360
INFO:kbc-cli.py:Epoch 36/100	Loss 7.2248 ± 0.2358
INFO:kbc-cli.py:Epoch 36/100	dev results	MRR 0.578770	H@1 0.508800	H@3 0.618500	H@5 0.658900	H@10 0.706700
INFO:kbc-cli.py:Epoch 36/100	test results	MRR 0.577417	H@1 0.505200	H@3 0.621800	H@5 0.659800	H@10 0.705500
INFO:kbc-cli.py:Epoch 37/100	Loss 7.2164 ± 0.2375
INFO:kbc-cli.py:Epoch 38/100	Loss 7.2085 ± 0.2380
INFO:kbc-cli.py:Epoch 39/100	Loss 7.2010 ± 0.2359
INFO:kbc-cli.py:Epoch 39/100	dev results	MRR 0.577027	H@1 0.506000	H@3 0.617700	H@5 0.661200	H@10 0.706400
INFO:kbc-cli.py:Epoch 39/100	test results	MRR 0.576298	H@1 0.503400	H@3 0.620500	H@5 0.660500	H@10 0.705200
INFO:kbc-cli.py:Epoch 40/100	Loss 7.1937 ± 0.2365
INFO:kbc-cli.py:Epoch 41/100	Loss 7.1866 ± 0.2366
INFO:kbc-cli.py:Epoch 42/100	Loss 7.1798 ± 0.2369
INFO:kbc-cli.py:Epoch 42/100	dev results	MRR 0.577086	H@1 0.505800	H@3 0.619500	H@5 0.660000	H@10 0.705100
INFO:kbc-cli.py:Epoch 42/100	test results	MRR 0.575538	H@1 0.502100	H@3 0.620600	H@5 0.657600	H@10 0.705700
INFO:kbc-cli.py:Epoch 43/100	Loss 7.1734 ± 0.2371
INFO:kbc-cli.py:Epoch 44/100	Loss 7.1671 ± 0.2385
INFO:kbc-cli.py:Epoch 45/100	Loss 7.1610 ± 0.2374
INFO:kbc-cli.py:Epoch 45/100	dev results	MRR 0.578152	H@1 0.507800	H@3 0.620200	H@5 0.660100	H@10 0.706800
INFO:kbc-cli.py:Epoch 45/100	test results	MRR 0.576687	H@1 0.503400	H@3 0.622400	H@5 0.662300	H@10 0.706200
INFO:kbc-cli.py:Epoch 46/100	Loss 7.1552 ± 0.2342
INFO:kbc-cli.py:Epoch 47/100	Loss 7.1495 ± 0.2345
INFO:kbc-cli.py:Epoch 48/100	Loss 7.1440 ± 0.2351
INFO:kbc-cli.py:Epoch 48/100	dev results	MRR 0.577331	H@1 0.506200	H@3 0.619000	H@5 0.660300	H@10 0.708600
INFO:kbc-cli.py:Epoch 48/100	test results	MRR 0.576723	H@1 0.504400	H@3 0.620400	H@5 0.660100	H@10 0.705600
INFO:kbc-cli.py:Epoch 49/100	Loss 7.1388 ± 0.2356
INFO:kbc-cli.py:Epoch 50/100	Loss 7.1335 ± 0.2343
INFO:kbc-cli.py:Epoch 51/100	Loss 7.1286 ± 0.2344
INFO:kbc-cli.py:Epoch 51/100	dev results	MRR 0.577207	H@1 0.506800	H@3 0.617900	H@5 0.659300	H@10 0.706600
INFO:kbc-cli.py:Epoch 51/100	test results	MRR 0.576980	H@1 0.504000	H@3 0.621900	H@5 0.662300	H@10 0.705400
INFO:kbc-cli.py:Epoch 52/100	Loss 7.1237 ± 0.2359
INFO:kbc-cli.py:Epoch 53/100	Loss 7.1191 ± 0.2354
INFO:kbc-cli.py:Epoch 54/100	Loss 7.1145 ± 0.2359
INFO:kbc-cli.py:Epoch 54/100	dev results	MRR 0.578782	H@1 0.509700	H@3 0.617300	H@5 0.659100	H@10 0.706600
INFO:kbc-cli.py:Epoch 54/100	test results	MRR 0.575926	H@1 0.502600	H@3 0.621000	H@5 0.661400	H@10 0.706400
INFO:kbc-cli.py:Epoch 55/100	Loss 7.1102 ± 0.2352
INFO:kbc-cli.py:Epoch 56/100	Loss 7.1058 ± 0.2340
INFO:kbc-cli.py:Epoch 57/100	Loss 7.1017 ± 0.2349
INFO:kbc-cli.py:Epoch 57/100	dev results	MRR 0.577558	H@1 0.507700	H@3 0.617100	H@5 0.659200	H@10 0.706900
INFO:kbc-cli.py:Epoch 57/100	test results	MRR 0.575665	H@1 0.501700	H@3 0.620500	H@5 0.661800	H@10 0.706000
INFO:kbc-cli.py:Epoch 58/100	Loss 7.0977 ± 0.2338
INFO:kbc-cli.py:Epoch 59/100	Loss 7.0937 ± 0.2347
INFO:kbc-cli.py:Epoch 60/100	Loss 7.0898 ± 0.2347
INFO:kbc-cli.py:Epoch 60/100	dev results	MRR 0.577867	H@1 0.508000	H@3 0.616900	H@5 0.659400	H@10 0.705300
INFO:kbc-cli.py:Epoch 60/100	test results	MRR 0.578074	H@1 0.505600	H@3 0.621400	H@5 0.661600	H@10 0.706100
INFO:kbc-cli.py:Epoch 61/100	Loss 7.0861 ± 0.2349
INFO:kbc-cli.py:Epoch 62/100	Loss 7.0825 ± 0.2364
INFO:kbc-cli.py:Epoch 63/100	Loss 7.0789 ± 0.2358
INFO:kbc-cli.py:Epoch 63/100	dev results	MRR 0.577628	H@1 0.507600	H@3 0.617200	H@5 0.658300	H@10 0.706000
INFO:kbc-cli.py:Epoch 63/100	test results	MRR 0.576536	H@1 0.503400	H@3 0.620100	H@5 0.661700	H@10 0.707200
INFO:kbc-cli.py:Epoch 64/100	Loss 7.0755 ± 0.2322
INFO:kbc-cli.py:Epoch 65/100	Loss 7.0721 ± 0.2329
INFO:kbc-cli.py:Epoch 66/100	Loss 7.0688 ± 0.2331
INFO:kbc-cli.py:Epoch 66/100	dev results	MRR 0.577684	H@1 0.507200	H@3 0.618500	H@5 0.660600	H@10 0.706400
INFO:kbc-cli.py:Epoch 66/100	test results	MRR 0.577096	H@1 0.504600	H@3 0.620600	H@5 0.661800	H@10 0.707300
INFO:kbc-cli.py:Epoch 67/100	Loss 7.0655 ± 0.2336
INFO:kbc-cli.py:Epoch 68/100	Loss 7.0624 ± 0.2331
INFO:kbc-cli.py:Epoch 69/100	Loss 7.0593 ± 0.2339
INFO:kbc-cli.py:Epoch 69/100	dev results	MRR 0.577977	H@1 0.507800	H@3 0.617600	H@5 0.660300	H@10 0.705500
INFO:kbc-cli.py:Epoch 69/100	test results	MRR 0.576423	H@1 0.504000	H@3 0.619600	H@5 0.662200	H@10 0.707000
INFO:kbc-cli.py:Epoch 70/100	Loss 7.0563 ± 0.2327
INFO:kbc-cli.py:Epoch 71/100	Loss 7.0533 ± 0.2331
INFO:kbc-cli.py:Epoch 72/100	Loss 7.0505 ± 0.2349
INFO:kbc-cli.py:Epoch 72/100	dev results	MRR 0.576649	H@1 0.506400	H@3 0.617600	H@5 0.659100	H@10 0.705100
INFO:kbc-cli.py:Epoch 72/100	test results	MRR 0.576526	H@1 0.504400	H@3 0.620200	H@5 0.661100	H@10 0.705200
INFO:kbc-cli.py:Epoch 73/100	Loss 7.0477 ± 0.2321
INFO:kbc-cli.py:Epoch 74/100	Loss 7.0450 ± 0.2344
INFO:kbc-cli.py:Epoch 75/100	Loss 7.0422 ± 0.2338
INFO:kbc-cli.py:Epoch 75/100	dev results	MRR 0.576263	H@1 0.505800	H@3 0.616500	H@5 0.659100	H@10 0.705600
INFO:kbc-cli.py:Epoch 75/100	test results	MRR 0.576187	H@1 0.503500	H@3 0.620200	H@5 0.661300	H@10 0.706700
INFO:kbc-cli.py:Epoch 76/100	Loss 7.0396 ± 0.2333
INFO:kbc-cli.py:Epoch 77/100	Loss 7.0370 ± 0.2339
INFO:kbc-cli.py:Epoch 78/100	Loss 7.0345 ± 0.2340
INFO:kbc-cli.py:Epoch 78/100	dev results	MRR 0.577973	H@1 0.508400	H@3 0.616800	H@5 0.659900	H@10 0.705300
INFO:kbc-cli.py:Epoch 78/100	test results	MRR 0.576211	H@1 0.503000	H@3 0.619900	H@5 0.661100	H@10 0.707700
INFO:kbc-cli.py:Epoch 79/100	Loss 7.0320 ± 0.2355
INFO:kbc-cli.py:Epoch 80/100	Loss 7.0296 ± 0.2325
INFO:kbc-cli.py:Epoch 81/100	Loss 7.0272 ± 0.2354
INFO:kbc-cli.py:Epoch 81/100	dev results	MRR 0.577213	H@1 0.507300	H@3 0.616500	H@5 0.659100	H@10 0.705500
INFO:kbc-cli.py:Epoch 81/100	test results	MRR 0.575061	H@1 0.501500	H@3 0.619400	H@5 0.661500	H@10 0.707300
INFO:kbc-cli.py:Epoch 82/100	Loss 7.0250 ± 0.2322
INFO:kbc-cli.py:Epoch 83/100	Loss 7.0226 ± 0.2354
INFO:kbc-cli.py:Epoch 84/100	Loss 7.0204 ± 0.2350
INFO:kbc-cli.py:Epoch 84/100	dev results	MRR 0.578245	H@1 0.509100	H@3 0.617100	H@5 0.659200	H@10 0.705000
INFO:kbc-cli.py:Epoch 84/100	test results	MRR 0.575871	H@1 0.502900	H@3 0.620000	H@5 0.660600	H@10 0.706800
INFO:kbc-cli.py:Epoch 85/100	Loss 7.0182 ± 0.2334
INFO:kbc-cli.py:Epoch 86/100	Loss 7.0160 ± 0.2346
INFO:kbc-cli.py:Epoch 87/100	Loss 7.0139 ± 0.2331
INFO:kbc-cli.py:Epoch 87/100	dev results	MRR 0.576692	H@1 0.506800	H@3 0.616500	H@5 0.658100	H@10 0.704700
INFO:kbc-cli.py:Epoch 87/100	test results	MRR 0.574796	H@1 0.500700	H@3 0.619800	H@5 0.661800	H@10 0.707100
INFO:kbc-cli.py:Epoch 88/100	Loss 7.0118 ± 0.2322
INFO:kbc-cli.py:Epoch 89/100	Loss 7.0098 ± 0.2345
INFO:kbc-cli.py:Epoch 90/100	Loss 7.0078 ± 0.2337
INFO:kbc-cli.py:Epoch 90/100	dev results	MRR 0.576505	H@1 0.506400	H@3 0.615800	H@5 0.657000	H@10 0.705400
INFO:kbc-cli.py:Epoch 90/100	test results	MRR 0.576184	H@1 0.502900	H@3 0.620100	H@5 0.661800	H@10 0.707600
INFO:kbc-cli.py:Epoch 91/100	Loss 7.0057 ± 0.2317
INFO:kbc-cli.py:Epoch 92/100	Loss 7.0039 ± 0.2337
INFO:kbc-cli.py:Epoch 93/100	Loss 7.0019 ± 0.2333
INFO:kbc-cli.py:Epoch 93/100	dev results	MRR 0.576860	H@1 0.506700	H@3 0.617000	H@5 0.657800	H@10 0.705400
INFO:kbc-cli.py:Epoch 93/100	test results	MRR 0.575924	H@1 0.502900	H@3 0.619400	H@5 0.660700	H@10 0.706900
INFO:kbc-cli.py:Epoch 94/100	Loss 7.0001 ± 0.2343
INFO:kbc-cli.py:Epoch 95/100	Loss 6.9982 ± 0.2358
INFO:kbc-cli.py:Epoch 96/100	Loss 6.9964 ± 0.2324
INFO:kbc-cli.py:Epoch 96/100	dev results	MRR 0.576437	H@1 0.506300	H@3 0.615600	H@5 0.656800	H@10 0.704600
INFO:kbc-cli.py:Epoch 96/100	test results	MRR 0.576242	H@1 0.502500	H@3 0.620200	H@5 0.661500	H@10 0.706900
INFO:kbc-cli.py:Epoch 97/100	Loss 6.9946 ± 0.2317
INFO:kbc-cli.py:Epoch 98/100	Loss 6.9929 ± 0.2329
INFO:kbc-cli.py:Epoch 99/100	Loss 6.9911 ± 0.2332
INFO:kbc-cli.py:Epoch 99/100	dev results	MRR 0.576385	H@1 0.507000	H@3 0.615200	H@5 0.657200	H@10 0.705600
INFO:kbc-cli.py:Epoch 99/100	test results	MRR 0.576537	H@1 0.504000	H@3 0.618000	H@5 0.660600	H@10 0.706400
INFO:kbc-cli.py:Epoch 100/100	Loss 6.9894 ± 0.2342
INFO:kbc-cli.py:Final 	dev results	MRR 0.576511	H@1 0.506700	H@3 0.615500	H@5 0.657000	H@10 0.704500
INFO:kbc-cli.py:Final 	test results	MRR 0.575955	H@1 0.503200	H@3 0.618900	H@5 0.660600	H@10 0.706200
INFO:kbc-cli.py:Training finished
