./bin/kbc-cli.py --train data/yago3-10/train.tsv --dev data/yago3-10/dev.tsv --test data/yago3-10/test.tsv -m complex -k 1000 -b 500 -e 100 --F2 0 --N3 0.05 -l 0.1 -I standard -V 3 -o adagrad -q
{'F2': 0.0,
 'N3': 0.05,
 'batch_size': 500,
 'dev': 'data/yago3-10/dev.tsv',
 'embedding_size': 1000,
 'epochs': 100,
 'eval_batch_size': None,
 'input_type': 'standard',
 'learning_rate': 0.1,
 'load': None,
 'model': 'complex',
 'optimizer': 'adagrad',
 'quiet': True,
 'save': None,
 'seed': 0,
 'test': 'data/yago3-10/test.tsv',
 'test_i': None,
 'test_ii': None,
 'train': 'data/yago3-10/train.tsv',
 'validate_every': 3}
INFO:kbc-cli.py:Device: cuda
INFO:kbc-cli.py:Model state:
INFO:kbc-cli.py:	entities.weight	torch.Size([123182, 2000])
INFO:kbc-cli.py:	predicates.weight	torch.Size([37, 2000])
INFO:kbc-cli.py:Epoch 1/100	Loss 22.3603 ± 3.3423
INFO:kbc-cli.py:Epoch 2/100	Loss 15.3256 ± 0.2327
INFO:kbc-cli.py:Epoch 3/100	Loss 13.4052 ± 0.2014
INFO:kbc-cli.py:Epoch 3/100	dev results	MRR 0.403890	H@1 0.303900	H@3 0.454900	H@5 0.515100	H@10 0.594100
INFO:kbc-cli.py:Epoch 3/100	test results	MRR 0.410452	H@1 0.310800	H@3 0.462500	H@5 0.521900	H@10 0.599400
INFO:kbc-cli.py:Epoch 4/100	Loss 12.5976 ± 0.2343
INFO:kbc-cli.py:Epoch 5/100	Loss 12.1259 ± 0.2527
INFO:kbc-cli.py:Epoch 6/100	Loss 11.8079 ± 0.2522
INFO:kbc-cli.py:Epoch 6/100	dev results	MRR 0.457791	H@1 0.363100	H@3 0.504300	H@5 0.562500	H@10 0.636800
INFO:kbc-cli.py:Epoch 6/100	test results	MRR 0.457846	H@1 0.363500	H@3 0.502100	H@5 0.563600	H@10 0.641200
INFO:kbc-cli.py:Epoch 7/100	Loss 11.5759 ± 0.2544
INFO:kbc-cli.py:Epoch 8/100	Loss 11.3964 ± 0.2534
INFO:kbc-cli.py:Epoch 9/100	Loss 11.2540 ± 0.2491
INFO:kbc-cli.py:Epoch 9/100	dev results	MRR 0.470742	H@1 0.378500	H@3 0.513700	H@5 0.573500	H@10 0.649800
INFO:kbc-cli.py:Epoch 9/100	test results	MRR 0.468647	H@1 0.375200	H@3 0.513900	H@5 0.572200	H@10 0.647500
INFO:kbc-cli.py:Epoch 10/100	Loss 11.1368 ± 0.2473
INFO:kbc-cli.py:Epoch 11/100	Loss 11.0389 ± 0.2421
INFO:kbc-cli.py:Epoch 12/100	Loss 10.9564 ± 0.2365
INFO:kbc-cli.py:Epoch 12/100	dev results	MRR 0.473617	H@1 0.381900	H@3 0.518100	H@5 0.572500	H@10 0.649400
INFO:kbc-cli.py:Epoch 12/100	test results	MRR 0.477128	H@1 0.384800	H@3 0.522300	H@5 0.579800	H@10 0.655300
INFO:kbc-cli.py:Epoch 13/100	Loss 10.8847 ± 0.2394
INFO:kbc-cli.py:Epoch 14/100	Loss 10.8218 ± 0.2315
INFO:kbc-cli.py:Epoch 15/100	Loss 10.7671 ± 0.2314
INFO:kbc-cli.py:Epoch 15/100	dev results	MRR 0.480667	H@1 0.389300	H@3 0.524800	H@5 0.577900	H@10 0.654100
INFO:kbc-cli.py:Epoch 15/100	test results	MRR 0.480574	H@1 0.390400	H@3 0.521000	H@5 0.581800	H@10 0.657800
INFO:kbc-cli.py:Epoch 16/100	Loss 10.7183 ± 0.2279
INFO:kbc-cli.py:Epoch 17/100	Loss 10.6744 ± 0.2242
INFO:kbc-cli.py:Epoch 18/100	Loss 10.6351 ± 0.2237
INFO:kbc-cli.py:Epoch 18/100	dev results	MRR 0.482662	H@1 0.392800	H@3 0.526500	H@5 0.579000	H@10 0.654100
INFO:kbc-cli.py:Epoch 18/100	test results	MRR 0.482151	H@1 0.392200	H@3 0.525600	H@5 0.584100	H@10 0.655300
INFO:kbc-cli.py:Epoch 19/100	Loss 10.5996 ± 0.2208
INFO:kbc-cli.py:Epoch 20/100	Loss 10.5672 ± 0.2196
INFO:kbc-cli.py:Epoch 21/100	Loss 10.5369 ± 0.2150
INFO:kbc-cli.py:Epoch 21/100	dev results	MRR 0.484962	H@1 0.393000	H@3 0.531200	H@5 0.583700	H@10 0.658200
INFO:kbc-cli.py:Epoch 21/100	test results	MRR 0.487218	H@1 0.397600	H@3 0.530800	H@5 0.588800	H@10 0.661600
INFO:kbc-cli.py:Epoch 22/100	Loss 10.5100 ± 0.2181
INFO:kbc-cli.py:Epoch 23/100	Loss 10.4847 ± 0.2107
INFO:kbc-cli.py:Epoch 24/100	Loss 10.4612 ± 0.2084
INFO:kbc-cli.py:Epoch 24/100	dev results	MRR 0.487731	H@1 0.395400	H@3 0.535000	H@5 0.590900	H@10 0.665500
INFO:kbc-cli.py:Epoch 24/100	test results	MRR 0.489583	H@1 0.398000	H@3 0.535000	H@5 0.591700	H@10 0.665900
INFO:kbc-cli.py:Epoch 25/100	Loss 10.4396 ± 0.2086
INFO:kbc-cli.py:Epoch 26/100	Loss 10.4190 ± 0.2044
INFO:kbc-cli.py:Epoch 27/100	Loss 10.4002 ± 0.2098
INFO:kbc-cli.py:Epoch 27/100	dev results	MRR 0.492501	H@1 0.401300	H@3 0.538700	H@5 0.593700	H@10 0.665000
INFO:kbc-cli.py:Epoch 27/100	test results	MRR 0.492487	H@1 0.402100	H@3 0.536400	H@5 0.593400	H@10 0.666800
INFO:kbc-cli.py:Epoch 28/100	Loss 10.3824 ± 0.2022
INFO:kbc-cli.py:Epoch 29/100	Loss 10.3660 ± 0.2004
INFO:kbc-cli.py:Epoch 30/100	Loss 10.3503 ± 0.2015
INFO:kbc-cli.py:Epoch 30/100	dev results	MRR 0.496047	H@1 0.407300	H@3 0.538900	H@5 0.594400	H@10 0.668500
INFO:kbc-cli.py:Epoch 30/100	test results	MRR 0.495496	H@1 0.406900	H@3 0.540100	H@5 0.595000	H@10 0.667600
INFO:kbc-cli.py:Epoch 31/100	Loss 10.3353 ± 0.2009
INFO:kbc-cli.py:Epoch 32/100	Loss 10.3217 ± 0.1965
INFO:kbc-cli.py:Epoch 33/100	Loss 10.3081 ± 0.1931
INFO:kbc-cli.py:Epoch 33/100	dev results	MRR 0.497751	H@1 0.407900	H@3 0.542500	H@5 0.597600	H@10 0.672500
INFO:kbc-cli.py:Epoch 33/100	test results	MRR 0.500375	H@1 0.411700	H@3 0.545500	H@5 0.599000	H@10 0.670600
INFO:kbc-cli.py:Epoch 34/100	Loss 10.2957 ± 0.1925
INFO:kbc-cli.py:Epoch 35/100	Loss 10.2838 ± 0.1927
INFO:kbc-cli.py:Epoch 36/100	Loss 10.2724 ± 0.1917
INFO:kbc-cli.py:Epoch 36/100	dev results	MRR 0.500980	H@1 0.412500	H@3 0.546100	H@5 0.600000	H@10 0.673200
INFO:kbc-cli.py:Epoch 36/100	test results	MRR 0.503020	H@1 0.413300	H@3 0.549400	H@5 0.603100	H@10 0.672800
INFO:kbc-cli.py:Epoch 37/100	Loss 10.2617 ± 0.1897
INFO:kbc-cli.py:Epoch 38/100	Loss 10.2515 ± 0.1892
INFO:kbc-cli.py:Epoch 39/100	Loss 10.2420 ± 0.1860
INFO:kbc-cli.py:Epoch 39/100	dev results	MRR 0.502955	H@1 0.413000	H@3 0.549700	H@5 0.605000	H@10 0.674700
INFO:kbc-cli.py:Epoch 39/100	test results	MRR 0.502879	H@1 0.413600	H@3 0.546200	H@5 0.603000	H@10 0.676200
INFO:kbc-cli.py:Epoch 40/100	Loss 10.2323 ± 0.1852
INFO:kbc-cli.py:Epoch 41/100	Loss 10.2233 ± 0.1891
INFO:kbc-cli.py:Epoch 42/100	Loss 10.2145 ± 0.1834
INFO:kbc-cli.py:Epoch 42/100	dev results	MRR 0.506846	H@1 0.417400	H@3 0.552200	H@5 0.607000	H@10 0.677000
INFO:kbc-cli.py:Epoch 42/100	test results	MRR 0.508474	H@1 0.420600	H@3 0.553300	H@5 0.606500	H@10 0.677100
INFO:kbc-cli.py:Epoch 43/100	Loss 10.2062 ± 0.1847
INFO:kbc-cli.py:Epoch 44/100	Loss 10.1988 ± 0.1818
INFO:kbc-cli.py:Epoch 45/100	Loss 10.1905 ± 0.1799
INFO:kbc-cli.py:Epoch 45/100	dev results	MRR 0.509419	H@1 0.419800	H@3 0.558000	H@5 0.611200	H@10 0.678700
INFO:kbc-cli.py:Epoch 45/100	test results	MRR 0.510062	H@1 0.421900	H@3 0.555300	H@5 0.610600	H@10 0.680900
INFO:kbc-cli.py:Epoch 46/100	Loss 10.1838 ± 0.1790
INFO:kbc-cli.py:Epoch 47/100	Loss 10.1763 ± 0.1765
INFO:kbc-cli.py:Epoch 48/100	Loss 10.1696 ± 0.1787
INFO:kbc-cli.py:Epoch 48/100	dev results	MRR 0.509036	H@1 0.418400	H@3 0.556800	H@5 0.610900	H@10 0.681100
INFO:kbc-cli.py:Epoch 48/100	test results	MRR 0.513215	H@1 0.426000	H@3 0.557100	H@5 0.612500	H@10 0.681700
INFO:kbc-cli.py:Epoch 49/100	Loss 10.1634 ± 0.1815
INFO:kbc-cli.py:Epoch 50/100	Loss 10.1567 ± 0.1785
INFO:kbc-cli.py:Epoch 51/100	Loss 10.1508 ± 0.1775
INFO:kbc-cli.py:Epoch 51/100	dev results	MRR 0.511553	H@1 0.419800	H@3 0.563200	H@5 0.614500	H@10 0.683000
INFO:kbc-cli.py:Epoch 51/100	test results	MRR 0.514469	H@1 0.426900	H@3 0.558900	H@5 0.610800	H@10 0.684000
INFO:kbc-cli.py:Epoch 52/100	Loss 10.1446 ± 0.1785
INFO:kbc-cli.py:Epoch 53/100	Loss 10.1393 ± 0.1724
INFO:kbc-cli.py:Epoch 54/100	Loss 10.1336 ± 0.1734
INFO:kbc-cli.py:Epoch 54/100	dev results	MRR 0.515217	H@1 0.425400	H@3 0.564300	H@5 0.619000	H@10 0.681800
INFO:kbc-cli.py:Epoch 54/100	test results	MRR 0.517439	H@1 0.429100	H@3 0.563700	H@5 0.615700	H@10 0.683900
INFO:kbc-cli.py:Epoch 55/100	Loss 10.1282 ± 0.1724
INFO:kbc-cli.py:Epoch 56/100	Loss 10.1228 ± 0.1693
INFO:kbc-cli.py:Epoch 57/100	Loss 10.1179 ± 0.1709
INFO:kbc-cli.py:Epoch 57/100	dev results	MRR 0.516326	H@1 0.426700	H@3 0.565200	H@5 0.617400	H@10 0.684100
INFO:kbc-cli.py:Epoch 57/100	test results	MRR 0.516596	H@1 0.429000	H@3 0.560700	H@5 0.615700	H@10 0.685200
INFO:kbc-cli.py:Epoch 58/100	Loss 10.1130 ± 0.1693
INFO:kbc-cli.py:Epoch 59/100	Loss 10.1081 ± 0.1673
INFO:kbc-cli.py:Epoch 60/100	Loss 10.1043 ± 0.1726
INFO:kbc-cli.py:Epoch 60/100	dev results	MRR 0.519827	H@1 0.431900	H@3 0.567400	H@5 0.619600	H@10 0.686500
INFO:kbc-cli.py:Epoch 60/100	test results	MRR 0.520587	H@1 0.433400	H@3 0.565700	H@5 0.619300	H@10 0.686700
INFO:kbc-cli.py:Epoch 61/100	Loss 10.0991 ± 0.1691
INFO:kbc-cli.py:Epoch 62/100	Loss 10.0948 ± 0.1682
INFO:kbc-cli.py:Epoch 63/100	Loss 10.0907 ± 0.1670
INFO:kbc-cli.py:Epoch 63/100	dev results	MRR 0.520263	H@1 0.432300	H@3 0.568400	H@5 0.620100	H@10 0.685800
INFO:kbc-cli.py:Epoch 63/100	test results	MRR 0.519361	H@1 0.431100	H@3 0.567300	H@5 0.618100	H@10 0.685300
INFO:kbc-cli.py:Epoch 64/100	Loss 10.0867 ± 0.1630
INFO:kbc-cli.py:Epoch 65/100	Loss 10.0826 ± 0.1636
INFO:kbc-cli.py:Epoch 66/100	Loss 10.0783 ± 0.1676
INFO:kbc-cli.py:Epoch 66/100	dev results	MRR 0.522961	H@1 0.433500	H@3 0.573500	H@5 0.623600	H@10 0.687200
INFO:kbc-cli.py:Epoch 66/100	test results	MRR 0.521070	H@1 0.433500	H@3 0.567900	H@5 0.617600	H@10 0.687500
INFO:kbc-cli.py:Epoch 67/100	Loss 10.0749 ± 0.1692
INFO:kbc-cli.py:Epoch 68/100	Loss 10.0709 ± 0.1657
INFO:kbc-cli.py:Epoch 69/100	Loss 10.0678 ± 0.1659
INFO:kbc-cli.py:Epoch 69/100	dev results	MRR 0.523573	H@1 0.436100	H@3 0.570200	H@5 0.623000	H@10 0.688600
INFO:kbc-cli.py:Epoch 69/100	test results	MRR 0.523392	H@1 0.436200	H@3 0.571000	H@5 0.621500	H@10 0.689300
INFO:kbc-cli.py:Epoch 70/100	Loss 10.0639 ± 0.1618
INFO:kbc-cli.py:Epoch 71/100	Loss 10.0605 ± 0.1618
INFO:kbc-cli.py:Epoch 72/100	Loss 10.0574 ± 0.1610
INFO:kbc-cli.py:Epoch 72/100	dev results	MRR 0.523309	H@1 0.433700	H@3 0.574400	H@5 0.626900	H@10 0.688900
INFO:kbc-cli.py:Epoch 72/100	test results	MRR 0.523416	H@1 0.434800	H@3 0.572500	H@5 0.624600	H@10 0.691500
INFO:kbc-cli.py:Epoch 73/100	Loss 10.0537 ± 0.1642
INFO:kbc-cli.py:Epoch 74/100	Loss 10.0509 ± 0.1616
INFO:kbc-cli.py:Epoch 75/100	Loss 10.0473 ± 0.1661
INFO:kbc-cli.py:Epoch 75/100	dev results	MRR 0.526579	H@1 0.438900	H@3 0.575000	H@5 0.627100	H@10 0.688500
INFO:kbc-cli.py:Epoch 75/100	test results	MRR 0.525840	H@1 0.439400	H@3 0.572700	H@5 0.624700	H@10 0.691800
INFO:kbc-cli.py:Epoch 76/100	Loss 10.0446 ± 0.1603
INFO:kbc-cli.py:Epoch 77/100	Loss 10.0416 ± 0.1634
INFO:kbc-cli.py:Epoch 78/100	Loss 10.0387 ± 0.1635
INFO:kbc-cli.py:Epoch 78/100	dev results	MRR 0.526775	H@1 0.438900	H@3 0.575500	H@5 0.626500	H@10 0.691100
INFO:kbc-cli.py:Epoch 78/100	test results	MRR 0.526317	H@1 0.439900	H@3 0.571800	H@5 0.623300	H@10 0.691900
INFO:kbc-cli.py:Epoch 79/100	Loss 10.0357 ± 0.1564
INFO:kbc-cli.py:Epoch 80/100	Loss 10.0331 ± 0.1572
INFO:kbc-cli.py:Epoch 81/100	Loss 10.0304 ± 0.1569
INFO:kbc-cli.py:Epoch 81/100	dev results	MRR 0.529226	H@1 0.442900	H@3 0.575300	H@5 0.626200	H@10 0.690800
INFO:kbc-cli.py:Epoch 81/100	test results	MRR 0.526611	H@1 0.439300	H@3 0.574400	H@5 0.623400	H@10 0.692200
INFO:kbc-cli.py:Epoch 82/100	Loss 10.0274 ± 0.1594
INFO:kbc-cli.py:Epoch 83/100	Loss 10.0247 ± 0.1588
INFO:kbc-cli.py:Epoch 84/100	Loss 10.0223 ± 0.1560
INFO:kbc-cli.py:Epoch 84/100	dev results	MRR 0.529942	H@1 0.442600	H@3 0.579100	H@5 0.630300	H@10 0.690400
INFO:kbc-cli.py:Epoch 84/100	test results	MRR 0.526933	H@1 0.439100	H@3 0.573700	H@5 0.627000	H@10 0.691900
INFO:kbc-cli.py:Epoch 85/100	Loss 10.0198 ± 0.1563
INFO:kbc-cli.py:Epoch 86/100	Loss 10.0170 ± 0.1525
INFO:kbc-cli.py:Epoch 87/100	Loss 10.0147 ± 0.1575
INFO:kbc-cli.py:Epoch 87/100	dev results	MRR 0.531094	H@1 0.443700	H@3 0.580600	H@5 0.629400	H@10 0.691900
INFO:kbc-cli.py:Epoch 87/100	test results	MRR 0.530126	H@1 0.444100	H@3 0.576500	H@5 0.628100	H@10 0.693200
INFO:kbc-cli.py:Epoch 88/100	Loss 10.0126 ± 0.1608
INFO:kbc-cli.py:Epoch 89/100	Loss 10.0100 ± 0.1569
INFO:kbc-cli.py:Epoch 90/100	Loss 10.0077 ± 0.1574
INFO:kbc-cli.py:Epoch 90/100	dev results	MRR 0.531894	H@1 0.444300	H@3 0.582100	H@5 0.631400	H@10 0.693700
INFO:kbc-cli.py:Epoch 90/100	test results	MRR 0.530896	H@1 0.444500	H@3 0.577900	H@5 0.629100	H@10 0.695200
INFO:kbc-cli.py:Epoch 91/100	Loss 10.0055 ± 0.1537
INFO:kbc-cli.py:Epoch 92/100	Loss 10.0031 ± 0.1546
INFO:kbc-cli.py:Epoch 93/100	Loss 10.0011 ± 0.1552
INFO:kbc-cli.py:Epoch 93/100	dev results	MRR 0.533718	H@1 0.446900	H@3 0.583000	H@5 0.633700	H@10 0.693600
INFO:kbc-cli.py:Epoch 93/100	test results	MRR 0.531062	H@1 0.444400	H@3 0.577800	H@5 0.630000	H@10 0.695100
INFO:kbc-cli.py:Epoch 94/100	Loss 9.9990 ± 0.1528
INFO:kbc-cli.py:Epoch 95/100	Loss 9.9967 ± 0.1543
INFO:kbc-cli.py:Epoch 96/100	Loss 9.9947 ± 0.1500
INFO:kbc-cli.py:Epoch 96/100	dev results	MRR 0.534015	H@1 0.447300	H@3 0.582600	H@5 0.632500	H@10 0.693200
INFO:kbc-cli.py:Epoch 96/100	test results	MRR 0.531742	H@1 0.445900	H@3 0.578100	H@5 0.628700	H@10 0.695900
INFO:kbc-cli.py:Epoch 97/100	Loss 9.9929 ± 0.1535
INFO:kbc-cli.py:Epoch 98/100	Loss 9.9909 ± 0.1499
INFO:kbc-cli.py:Epoch 99/100	Loss 9.9886 ± 0.1518
INFO:kbc-cli.py:Epoch 99/100	dev results	MRR 0.532757	H@1 0.444800	H@3 0.583500	H@5 0.634200	H@10 0.694400
INFO:kbc-cli.py:Epoch 99/100	test results	MRR 0.533078	H@1 0.446300	H@3 0.580700	H@5 0.632800	H@10 0.695300
INFO:kbc-cli.py:Epoch 100/100	Loss 9.9867 ± 0.1502
INFO:kbc-cli.py:Final 	dev results	MRR 0.534514	H@1 0.448200	H@3 0.582700	H@5 0.633400	H@10 0.692600
INFO:kbc-cli.py:Final 	test results	MRR 0.534805	H@1 0.449400	H@3 0.580300	H@5 0.632300	H@10 0.695700
INFO:kbc-cli.py:Training finished
