./bin/kbc-cli.py --train data/yago3-10/train.tsv --dev data/yago3-10/dev.tsv --test data/yago3-10/test.tsv -m complex -k 500 -b 100 -e 100 --F2 0.001 --N3 0 -l 0.1 -I reciprocal -V 3 -o adagrad -q
{'F2': 0.001,
 'N3': 0.0,
 'batch_size': 100,
 'dev': 'data/yago3-10/dev.tsv',
 'embedding_size': 500,
 'epochs': 100,
 'eval_batch_size': None,
 'input_type': 'reciprocal',
 'learning_rate': 0.1,
 'load': None,
 'model': 'complex',
 'optimizer': 'adagrad',
 'quiet': True,
 'save': None,
 'seed': 0,
 'test': 'data/yago3-10/test.tsv',
 'test_i': None,
 'test_ii': None,
 'train': 'data/yago3-10/train.tsv',
 'validate_every': 3}
INFO:kbc-cli.py:Device: cuda
INFO:kbc-cli.py:Model state:
INFO:kbc-cli.py:	entities.weight	torch.Size([123182, 1000])
INFO:kbc-cli.py:	predicates.weight	torch.Size([74, 1000])
INFO:kbc-cli.py:Epoch 1/100	Loss 12.9129 ± 3.0399
INFO:kbc-cli.py:Epoch 2/100	Loss 8.2953 ± 0.2615
INFO:kbc-cli.py:Epoch 3/100	Loss 7.8096 ± 0.2578
INFO:kbc-cli.py:Epoch 3/100	dev results	MRR 0.504193	H@1 0.419600	H@3 0.549900	H@5 0.599800	H@10 0.665400
INFO:kbc-cli.py:Epoch 3/100	test results	MRR 0.502746	H@1 0.418500	H@3 0.549600	H@5 0.597600	H@10 0.663000
INFO:kbc-cli.py:Epoch 4/100	Loss 7.5979 ± 0.2600
INFO:kbc-cli.py:Epoch 5/100	Loss 7.4713 ± 0.2634
INFO:kbc-cli.py:Epoch 6/100	Loss 7.3840 ± 0.2625
INFO:kbc-cli.py:Epoch 6/100	dev results	MRR 0.540173	H@1 0.460000	H@3 0.586600	H@5 0.636400	H@10 0.688800
INFO:kbc-cli.py:Epoch 6/100	test results	MRR 0.537443	H@1 0.455100	H@3 0.585100	H@5 0.633000	H@10 0.688900
INFO:kbc-cli.py:Epoch 7/100	Loss 7.3184 ± 0.2613
INFO:kbc-cli.py:Epoch 8/100	Loss 7.2664 ± 0.2595
INFO:kbc-cli.py:Epoch 9/100	Loss 7.2237 ± 0.2586
INFO:kbc-cli.py:Epoch 9/100	dev results	MRR 0.553878	H@1 0.472700	H@3 0.607500	H@5 0.650300	H@10 0.698400
INFO:kbc-cli.py:Epoch 9/100	test results	MRR 0.548906	H@1 0.468900	H@3 0.598200	H@5 0.642600	H@10 0.696000
INFO:kbc-cli.py:Epoch 10/100	Loss 7.1882 ± 0.2582
INFO:kbc-cli.py:Epoch 11/100	Loss 7.1572 ± 0.2562
INFO:kbc-cli.py:Epoch 12/100	Loss 7.1304 ± 0.2570
INFO:kbc-cli.py:Epoch 12/100	dev results	MRR 0.564157	H@1 0.488700	H@3 0.610600	H@5 0.652700	H@10 0.698300
INFO:kbc-cli.py:Epoch 12/100	test results	MRR 0.557834	H@1 0.479200	H@3 0.606600	H@5 0.647700	H@10 0.698100
INFO:kbc-cli.py:Epoch 13/100	Loss 7.1065 ± 0.2555
INFO:kbc-cli.py:Epoch 14/100	Loss 7.0851 ± 0.2548
INFO:kbc-cli.py:Epoch 15/100	Loss 7.0660 ± 0.2544
INFO:kbc-cli.py:Epoch 15/100	dev results	MRR 0.568831	H@1 0.494500	H@3 0.614300	H@5 0.656900	H@10 0.700400
INFO:kbc-cli.py:Epoch 15/100	test results	MRR 0.562569	H@1 0.485200	H@3 0.612300	H@5 0.652800	H@10 0.699200
INFO:kbc-cli.py:Epoch 16/100	Loss 7.0489 ± 0.2528
INFO:kbc-cli.py:Epoch 17/100	Loss 7.0331 ± 0.2521
INFO:kbc-cli.py:Epoch 18/100	Loss 7.0183 ± 0.2527
INFO:kbc-cli.py:Epoch 18/100	dev results	MRR 0.568300	H@1 0.493500	H@3 0.616900	H@5 0.656900	H@10 0.701900
INFO:kbc-cli.py:Epoch 18/100	test results	MRR 0.564948	H@1 0.487500	H@3 0.615100	H@5 0.655100	H@10 0.699100
INFO:kbc-cli.py:Epoch 19/100	Loss 7.0048 ± 0.2521
INFO:kbc-cli.py:Epoch 20/100	Loss 6.9925 ± 0.2482
INFO:kbc-cli.py:Epoch 21/100	Loss 6.9810 ± 0.2506
INFO:kbc-cli.py:Epoch 21/100	dev results	MRR 0.569630	H@1 0.493500	H@3 0.619100	H@5 0.658000	H@10 0.702700
INFO:kbc-cli.py:Epoch 21/100	test results	MRR 0.569276	H@1 0.494000	H@3 0.616000	H@5 0.656900	H@10 0.699600
INFO:kbc-cli.py:Epoch 22/100	Loss 6.9702 ± 0.2509
INFO:kbc-cli.py:Epoch 23/100	Loss 6.9600 ± 0.2496
INFO:kbc-cli.py:Epoch 24/100	Loss 6.9505 ± 0.2469
INFO:kbc-cli.py:Epoch 24/100	dev results	MRR 0.572543	H@1 0.499800	H@3 0.618700	H@5 0.656600	H@10 0.702400
INFO:kbc-cli.py:Epoch 24/100	test results	MRR 0.570205	H@1 0.497400	H@3 0.614300	H@5 0.654500	H@10 0.699900
INFO:kbc-cli.py:Epoch 25/100	Loss 6.9416 ± 0.2493
INFO:kbc-cli.py:Epoch 26/100	Loss 6.9331 ± 0.2475
INFO:kbc-cli.py:Epoch 27/100	Loss 6.9251 ± 0.2487
INFO:kbc-cli.py:Epoch 27/100	dev results	MRR 0.573366	H@1 0.501200	H@3 0.618900	H@5 0.658300	H@10 0.704200
INFO:kbc-cli.py:Epoch 27/100	test results	MRR 0.570644	H@1 0.496500	H@3 0.616000	H@5 0.657500	H@10 0.700400
INFO:kbc-cli.py:Epoch 28/100	Loss 6.9176 ± 0.2475
INFO:kbc-cli.py:Epoch 29/100	Loss 6.9104 ± 0.2449
INFO:kbc-cli.py:Epoch 30/100	Loss 6.9036 ± 0.2443
INFO:kbc-cli.py:Epoch 30/100	dev results	MRR 0.574551	H@1 0.502100	H@3 0.619900	H@5 0.657800	H@10 0.702800
INFO:kbc-cli.py:Epoch 30/100	test results	MRR 0.571485	H@1 0.497800	H@3 0.616200	H@5 0.656500	H@10 0.701500
INFO:kbc-cli.py:Epoch 31/100	Loss 6.8970 ± 0.2463
INFO:kbc-cli.py:Epoch 32/100	Loss 6.8908 ± 0.2409
INFO:kbc-cli.py:Epoch 33/100	Loss 6.8849 ± 0.2448
INFO:kbc-cli.py:Epoch 33/100	dev results	MRR 0.574653	H@1 0.502900	H@3 0.618300	H@5 0.656400	H@10 0.703300
INFO:kbc-cli.py:Epoch 33/100	test results	MRR 0.573937	H@1 0.502100	H@3 0.616600	H@5 0.657600	H@10 0.700800
INFO:kbc-cli.py:Epoch 34/100	Loss 6.8791 ± 0.2441
INFO:kbc-cli.py:Epoch 35/100	Loss 6.8737 ± 0.2430
INFO:kbc-cli.py:Epoch 36/100	Loss 6.8686 ± 0.2426
INFO:kbc-cli.py:Epoch 36/100	dev results	MRR 0.575474	H@1 0.504700	H@3 0.618800	H@5 0.657000	H@10 0.702600
INFO:kbc-cli.py:Epoch 36/100	test results	MRR 0.572917	H@1 0.500500	H@3 0.617100	H@5 0.656600	H@10 0.702500
INFO:kbc-cli.py:Epoch 37/100	Loss 6.8635 ± 0.2441
INFO:kbc-cli.py:Epoch 38/100	Loss 6.8586 ± 0.2443
INFO:kbc-cli.py:Epoch 39/100	Loss 6.8541 ± 0.2422
INFO:kbc-cli.py:Epoch 39/100	dev results	MRR 0.573471	H@1 0.500200	H@3 0.618900	H@5 0.656100	H@10 0.704400
INFO:kbc-cli.py:Epoch 39/100	test results	MRR 0.573041	H@1 0.500200	H@3 0.617100	H@5 0.657800	H@10 0.703100
INFO:kbc-cli.py:Epoch 40/100	Loss 6.8495 ± 0.2426
INFO:kbc-cli.py:Epoch 41/100	Loss 6.8452 ± 0.2424
INFO:kbc-cli.py:Epoch 42/100	Loss 6.8409 ± 0.2427
INFO:kbc-cli.py:Epoch 42/100	dev results	MRR 0.573108	H@1 0.500500	H@3 0.617300	H@5 0.656500	H@10 0.702700
INFO:kbc-cli.py:Epoch 42/100	test results	MRR 0.572289	H@1 0.498600	H@3 0.617900	H@5 0.656800	H@10 0.701300
INFO:kbc-cli.py:Epoch 43/100	Loss 6.8370 ± 0.2427
INFO:kbc-cli.py:Epoch 44/100	Loss 6.8331 ± 0.2441
INFO:kbc-cli.py:Epoch 45/100	Loss 6.8293 ± 0.2426
INFO:kbc-cli.py:Epoch 45/100	dev results	MRR 0.574880	H@1 0.503500	H@3 0.618400	H@5 0.657800	H@10 0.702700
INFO:kbc-cli.py:Epoch 45/100	test results	MRR 0.574214	H@1 0.502600	H@3 0.615200	H@5 0.658100	H@10 0.702400
INFO:kbc-cli.py:Epoch 46/100	Loss 6.8256 ± 0.2393
INFO:kbc-cli.py:Epoch 47/100	Loss 6.8220 ± 0.2395
INFO:kbc-cli.py:Epoch 48/100	Loss 6.8185 ± 0.2399
INFO:kbc-cli.py:Epoch 48/100	dev results	MRR 0.575768	H@1 0.504800	H@3 0.619700	H@5 0.658300	H@10 0.703600
INFO:kbc-cli.py:Epoch 48/100	test results	MRR 0.573043	H@1 0.500600	H@3 0.615800	H@5 0.657600	H@10 0.702000
INFO:kbc-cli.py:Epoch 49/100	Loss 6.8152 ± 0.2404
INFO:kbc-cli.py:Epoch 50/100	Loss 6.8119 ± 0.2390
INFO:kbc-cli.py:Epoch 51/100	Loss 6.8088 ± 0.2389
INFO:kbc-cli.py:Epoch 51/100	dev results	MRR 0.573427	H@1 0.502100	H@3 0.617700	H@5 0.656000	H@10 0.702800
INFO:kbc-cli.py:Epoch 51/100	test results	MRR 0.573199	H@1 0.500300	H@3 0.616400	H@5 0.658100	H@10 0.702100
INFO:kbc-cli.py:Epoch 52/100	Loss 6.8056 ± 0.2403
INFO:kbc-cli.py:Epoch 53/100	Loss 6.8027 ± 0.2398
INFO:kbc-cli.py:Epoch 54/100	Loss 6.7997 ± 0.2402
INFO:kbc-cli.py:Epoch 54/100	dev results	MRR 0.574528	H@1 0.503900	H@3 0.617100	H@5 0.656700	H@10 0.702800
INFO:kbc-cli.py:Epoch 54/100	test results	MRR 0.574296	H@1 0.502400	H@3 0.617200	H@5 0.655400	H@10 0.701200
INFO:kbc-cli.py:Epoch 55/100	Loss 6.7970 ± 0.2391
INFO:kbc-cli.py:Epoch 56/100	Loss 6.7941 ± 0.2380
INFO:kbc-cli.py:Epoch 57/100	Loss 6.7914 ± 0.2386
INFO:kbc-cli.py:Epoch 57/100	dev results	MRR 0.573742	H@1 0.503000	H@3 0.616200	H@5 0.657000	H@10 0.701600
INFO:kbc-cli.py:Epoch 57/100	test results	MRR 0.573371	H@1 0.501000	H@3 0.615800	H@5 0.657800	H@10 0.702100
INFO:kbc-cli.py:Epoch 58/100	Loss 6.7889 ± 0.2376
INFO:kbc-cli.py:Epoch 59/100	Loss 6.7862 ± 0.2384
INFO:kbc-cli.py:Epoch 60/100	Loss 6.7837 ± 0.2382
INFO:kbc-cli.py:Epoch 60/100	dev results	MRR 0.574181	H@1 0.502700	H@3 0.618000	H@5 0.656700	H@10 0.702900
INFO:kbc-cli.py:Epoch 60/100	test results	MRR 0.574436	H@1 0.502700	H@3 0.616400	H@5 0.657300	H@10 0.702200
INFO:kbc-cli.py:Epoch 61/100	Loss 6.7813 ± 0.2384
INFO:kbc-cli.py:Epoch 62/100	Loss 6.7789 ± 0.2398
INFO:kbc-cli.py:Epoch 63/100	Loss 6.7766 ± 0.2390
INFO:kbc-cli.py:Epoch 63/100	dev results	MRR 0.573574	H@1 0.501800	H@3 0.617500	H@5 0.658000	H@10 0.702700
INFO:kbc-cli.py:Epoch 63/100	test results	MRR 0.573460	H@1 0.501800	H@3 0.615800	H@5 0.658300	H@10 0.702900
INFO:kbc-cli.py:Epoch 64/100	Loss 6.7743 ± 0.2354
INFO:kbc-cli.py:Epoch 65/100	Loss 6.7721 ± 0.2359
INFO:kbc-cli.py:Epoch 66/100	Loss 6.7699 ± 0.2363
INFO:kbc-cli.py:Epoch 66/100	dev results	MRR 0.574170	H@1 0.502500	H@3 0.618600	H@5 0.657000	H@10 0.703600
INFO:kbc-cli.py:Epoch 66/100	test results	MRR 0.573782	H@1 0.501400	H@3 0.616800	H@5 0.658500	H@10 0.702200
INFO:kbc-cli.py:Epoch 67/100	Loss 6.7677 ± 0.2366
INFO:kbc-cli.py:Epoch 68/100	Loss 6.7656 ± 0.2360
INFO:kbc-cli.py:Epoch 69/100	Loss 6.7636 ± 0.2367
INFO:kbc-cli.py:Epoch 69/100	dev results	MRR 0.574360	H@1 0.503500	H@3 0.617600	H@5 0.656000	H@10 0.703100
INFO:kbc-cli.py:Epoch 69/100	test results	MRR 0.573337	H@1 0.501100	H@3 0.615800	H@5 0.658800	H@10 0.700800
INFO:kbc-cli.py:Epoch 70/100	Loss 6.7616 ± 0.2354
INFO:kbc-cli.py:Epoch 71/100	Loss 6.7595 ± 0.2359
INFO:kbc-cli.py:Epoch 72/100	Loss 6.7577 ± 0.2376
INFO:kbc-cli.py:Epoch 72/100	dev results	MRR 0.573051	H@1 0.501500	H@3 0.616800	H@5 0.655900	H@10 0.700900
INFO:kbc-cli.py:Epoch 72/100	test results	MRR 0.574074	H@1 0.501900	H@3 0.616000	H@5 0.658900	H@10 0.700600
INFO:kbc-cli.py:Epoch 73/100	Loss 6.7557 ± 0.2348
INFO:kbc-cli.py:Epoch 74/100	Loss 6.7539 ± 0.2368
INFO:kbc-cli.py:Epoch 75/100	Loss 6.7521 ± 0.2362
INFO:kbc-cli.py:Epoch 75/100	dev results	MRR 0.574168	H@1 0.503400	H@3 0.616600	H@5 0.656400	H@10 0.702200
INFO:kbc-cli.py:Epoch 75/100	test results	MRR 0.574166	H@1 0.501700	H@3 0.615900	H@5 0.659700	H@10 0.702200
INFO:kbc-cli.py:Epoch 76/100	Loss 6.7503 ± 0.2357
INFO:kbc-cli.py:Epoch 77/100	Loss 6.7484 ± 0.2362
INFO:kbc-cli.py:Epoch 78/100	Loss 6.7468 ± 0.2362
INFO:kbc-cli.py:Epoch 78/100	dev results	MRR 0.574443	H@1 0.504000	H@3 0.618400	H@5 0.656100	H@10 0.701100
INFO:kbc-cli.py:Epoch 78/100	test results	MRR 0.574020	H@1 0.502300	H@3 0.616800	H@5 0.658800	H@10 0.702000
INFO:kbc-cli.py:Epoch 79/100	Loss 6.7451 ± 0.2376
INFO:kbc-cli.py:Epoch 80/100	Loss 6.7434 ± 0.2346
INFO:kbc-cli.py:Epoch 81/100	Loss 6.7417 ± 0.2375
INFO:kbc-cli.py:Epoch 81/100	dev results	MRR 0.574606	H@1 0.503800	H@3 0.617500	H@5 0.656700	H@10 0.701800
INFO:kbc-cli.py:Epoch 81/100	test results	MRR 0.573628	H@1 0.501500	H@3 0.615000	H@5 0.658800	H@10 0.703000
INFO:kbc-cli.py:Epoch 82/100	Loss 6.7402 ± 0.2344
INFO:kbc-cli.py:Epoch 83/100	Loss 6.7386 ± 0.2374
INFO:kbc-cli.py:Epoch 84/100	Loss 6.7370 ± 0.2370
INFO:kbc-cli.py:Epoch 84/100	dev results	MRR 0.574409	H@1 0.504100	H@3 0.617200	H@5 0.654900	H@10 0.702100
INFO:kbc-cli.py:Epoch 84/100	test results	MRR 0.574154	H@1 0.502600	H@3 0.615200	H@5 0.659100	H@10 0.701800
INFO:kbc-cli.py:Epoch 85/100	Loss 6.7355 ± 0.2353
INFO:kbc-cli.py:Epoch 86/100	Loss 6.7340 ± 0.2366
INFO:kbc-cli.py:Epoch 87/100	Loss 6.7325 ± 0.2349
INFO:kbc-cli.py:Epoch 87/100	dev results	MRR 0.573176	H@1 0.502100	H@3 0.615200	H@5 0.655800	H@10 0.701400
INFO:kbc-cli.py:Epoch 87/100	test results	MRR 0.573707	H@1 0.501500	H@3 0.615400	H@5 0.658100	H@10 0.701000
INFO:kbc-cli.py:Epoch 88/100	Loss 6.7311 ± 0.2338
INFO:kbc-cli.py:Epoch 89/100	Loss 6.7296 ± 0.2361
INFO:kbc-cli.py:Epoch 90/100	Loss 6.7283 ± 0.2355
INFO:kbc-cli.py:Epoch 90/100	dev results	MRR 0.574107	H@1 0.503300	H@3 0.615700	H@5 0.656000	H@10 0.701600
INFO:kbc-cli.py:Epoch 90/100	test results	MRR 0.574991	H@1 0.503900	H@3 0.616000	H@5 0.658600	H@10 0.701700
INFO:kbc-cli.py:Epoch 91/100	Loss 6.7268 ± 0.2334
INFO:kbc-cli.py:Epoch 92/100	Loss 6.7255 ± 0.2354
