./bin/kbc-cli.py --train data/yago3-10/train.tsv --dev data/yago3-10/dev.tsv --test data/yago3-10/test.tsv -m complex -k 1000 -b 500 -e 100 --F2 0 --N3 0.005 -l 0.1 -I standard -V 3 -o adagrad -q
{'F2': 0.0,
 'N3': 0.005,
 'batch_size': 500,
 'dev': 'data/yago3-10/dev.tsv',
 'embedding_size': 1000,
 'epochs': 100,
 'eval_batch_size': None,
 'input_type': 'standard',
 'learning_rate': 0.1,
 'load': None,
 'model': 'complex',
 'optimizer': 'adagrad',
 'quiet': True,
 'save': None,
 'seed': 0,
 'test': 'data/yago3-10/test.tsv',
 'test_i': None,
 'test_ii': None,
 'train': 'data/yago3-10/train.tsv',
 'validate_every': 3}
INFO:kbc-cli.py:Device: cuda
INFO:kbc-cli.py:Model state:
INFO:kbc-cli.py:	entities.weight	torch.Size([123182, 2000])
INFO:kbc-cli.py:	predicates.weight	torch.Size([37, 2000])
INFO:kbc-cli.py:Epoch 1/100	Loss 16.5873 ± 2.3459
INFO:kbc-cli.py:Epoch 2/100	Loss 10.4840 ± 0.1661
INFO:kbc-cli.py:Epoch 3/100	Loss 9.1383 ± 0.2692
INFO:kbc-cli.py:Epoch 3/100	dev results	MRR 0.456524	H@1 0.366100	H@3 0.500900	H@5 0.557900	H@10 0.628400
INFO:kbc-cli.py:Epoch 3/100	test results	MRR 0.457381	H@1 0.368800	H@3 0.499100	H@5 0.557900	H@10 0.625000
INFO:kbc-cli.py:Epoch 4/100	Loss 8.6778 ± 0.2784
INFO:kbc-cli.py:Epoch 5/100	Loss 8.4215 ± 0.2778
INFO:kbc-cli.py:Epoch 6/100	Loss 8.2520 ± 0.2706
INFO:kbc-cli.py:Epoch 6/100	dev results	MRR 0.511971	H@1 0.424700	H@3 0.561100	H@5 0.613000	H@10 0.675600
INFO:kbc-cli.py:Epoch 6/100	test results	MRR 0.508479	H@1 0.422200	H@3 0.556800	H@5 0.609200	H@10 0.666500
INFO:kbc-cli.py:Epoch 7/100	Loss 8.1281 ± 0.2651
INFO:kbc-cli.py:Epoch 8/100	Loss 8.0309 ± 0.2614
INFO:kbc-cli.py:Epoch 9/100	Loss 7.9529 ± 0.2562
INFO:kbc-cli.py:Epoch 9/100	dev results	MRR 0.539378	H@1 0.455300	H@3 0.589100	H@5 0.640700	H@10 0.695400
INFO:kbc-cli.py:Epoch 9/100	test results	MRR 0.532231	H@1 0.446800	H@3 0.582300	H@5 0.633500	H@10 0.687100
INFO:kbc-cli.py:Epoch 10/100	Loss 7.8872 ± 0.2525
INFO:kbc-cli.py:Epoch 11/100	Loss 7.8316 ± 0.2448
INFO:kbc-cli.py:Epoch 12/100	Loss 7.7841 ± 0.2383
INFO:kbc-cli.py:Epoch 12/100	dev results	MRR 0.552776	H@1 0.472500	H@3 0.601800	H@5 0.646000	H@10 0.700800
INFO:kbc-cli.py:Epoch 12/100	test results	MRR 0.550037	H@1 0.470600	H@3 0.598400	H@5 0.643200	H@10 0.693300
INFO:kbc-cli.py:Epoch 13/100	Loss 7.7417 ± 0.2404
INFO:kbc-cli.py:Epoch 14/100	Loss 7.7038 ± 0.2334
INFO:kbc-cli.py:Epoch 15/100	Loss 7.6704 ± 0.2313
INFO:kbc-cli.py:Epoch 15/100	dev results	MRR 0.563200	H@1 0.485800	H@3 0.611500	H@5 0.653400	H@10 0.701200
INFO:kbc-cli.py:Epoch 15/100	test results	MRR 0.555531	H@1 0.475400	H@3 0.604400	H@5 0.648700	H@10 0.696000
INFO:kbc-cli.py:Epoch 16/100	Loss 7.6403 ± 0.2298
INFO:kbc-cli.py:Epoch 17/100	Loss 7.6125 ± 0.2243
INFO:kbc-cli.py:Epoch 18/100	Loss 7.5872 ± 0.2238
INFO:kbc-cli.py:Epoch 18/100	dev results	MRR 0.568956	H@1 0.494000	H@3 0.616000	H@5 0.657800	H@10 0.701700
INFO:kbc-cli.py:Epoch 18/100	test results	MRR 0.562888	H@1 0.484700	H@3 0.610400	H@5 0.655700	H@10 0.698300
INFO:kbc-cli.py:Epoch 19/100	Loss 7.5641 ± 0.2214
INFO:kbc-cli.py:Epoch 20/100	Loss 7.5429 ± 0.2200
INFO:kbc-cli.py:Epoch 21/100	Loss 7.5224 ± 0.2158
INFO:kbc-cli.py:Epoch 21/100	dev results	MRR 0.570317	H@1 0.493500	H@3 0.619200	H@5 0.659000	H@10 0.707000
INFO:kbc-cli.py:Epoch 21/100	test results	MRR 0.566501	H@1 0.489800	H@3 0.614200	H@5 0.655100	H@10 0.702300
INFO:kbc-cli.py:Epoch 22/100	Loss 7.5043 ± 0.2193
INFO:kbc-cli.py:Epoch 23/100	Loss 7.4869 ± 0.2111
INFO:kbc-cli.py:Epoch 24/100	Loss 7.4705 ± 0.2089
INFO:kbc-cli.py:Epoch 24/100	dev results	MRR 0.575006	H@1 0.500300	H@3 0.622000	H@5 0.662100	H@10 0.706500
INFO:kbc-cli.py:Epoch 24/100	test results	MRR 0.569808	H@1 0.493700	H@3 0.616900	H@5 0.656200	H@10 0.701200
INFO:kbc-cli.py:Epoch 25/100	Loss 7.4552 ± 0.2069
INFO:kbc-cli.py:Epoch 26/100	Loss 7.4406 ± 0.2036
INFO:kbc-cli.py:Epoch 27/100	Loss 7.4272 ± 0.2095
INFO:kbc-cli.py:Epoch 27/100	dev results	MRR 0.573614	H@1 0.498800	H@3 0.621100	H@5 0.661700	H@10 0.706400
INFO:kbc-cli.py:Epoch 27/100	test results	MRR 0.571295	H@1 0.495300	H@3 0.617700	H@5 0.659000	H@10 0.701800
INFO:kbc-cli.py:Epoch 28/100	Loss 7.4141 ± 0.2026
INFO:kbc-cli.py:Epoch 29/100	Loss 7.4021 ± 0.2009
INFO:kbc-cli.py:Epoch 30/100	Loss 7.3906 ± 0.2013
INFO:kbc-cli.py:Epoch 30/100	dev results	MRR 0.575082	H@1 0.500500	H@3 0.620900	H@5 0.661200	H@10 0.707000
INFO:kbc-cli.py:Epoch 30/100	test results	MRR 0.572443	H@1 0.496800	H@3 0.621400	H@5 0.658800	H@10 0.703700
INFO:kbc-cli.py:Epoch 31/100	Loss 7.3791 ± 0.2011
INFO:kbc-cli.py:Epoch 32/100	Loss 7.3689 ± 0.1966
INFO:kbc-cli.py:Epoch 33/100	Loss 7.3585 ± 0.1926
INFO:kbc-cli.py:Epoch 33/100	dev results	MRR 0.577490	H@1 0.503300	H@3 0.623900	H@5 0.661700	H@10 0.707100
INFO:kbc-cli.py:Epoch 33/100	test results	MRR 0.573995	H@1 0.499100	H@3 0.620200	H@5 0.659700	H@10 0.704500
INFO:kbc-cli.py:Epoch 34/100	Loss 7.3490 ± 0.1922
INFO:kbc-cli.py:Epoch 35/100	Loss 7.3397 ± 0.1924
INFO:kbc-cli.py:Epoch 36/100	Loss 7.3307 ± 0.1916
INFO:kbc-cli.py:Epoch 36/100	dev results	MRR 0.577329	H@1 0.505100	H@3 0.621500	H@5 0.660500	H@10 0.707100
INFO:kbc-cli.py:Epoch 36/100	test results	MRR 0.575277	H@1 0.500500	H@3 0.622600	H@5 0.661200	H@10 0.704900
INFO:kbc-cli.py:Epoch 37/100	Loss 7.3223 ± 0.1893
INFO:kbc-cli.py:Epoch 38/100	Loss 7.3143 ± 0.1890
INFO:kbc-cli.py:Epoch 39/100	Loss 7.3067 ± 0.1861
INFO:kbc-cli.py:Epoch 39/100	dev results	MRR 0.577581	H@1 0.503900	H@3 0.624100	H@5 0.662400	H@10 0.708500
INFO:kbc-cli.py:Epoch 39/100	test results	MRR 0.575909	H@1 0.501700	H@3 0.621400	H@5 0.661500	H@10 0.704600
INFO:kbc-cli.py:Epoch 40/100	Loss 7.2987 ± 0.1858
INFO:kbc-cli.py:Epoch 41/100	Loss 7.2914 ± 0.1881
INFO:kbc-cli.py:Epoch 42/100	Loss 7.2842 ± 0.1830
INFO:kbc-cli.py:Epoch 42/100	dev results	MRR 0.578233	H@1 0.505800	H@3 0.621100	H@5 0.661800	H@10 0.707700
INFO:kbc-cli.py:Epoch 42/100	test results	MRR 0.578818	H@1 0.506600	H@3 0.624000	H@5 0.661800	H@10 0.704600
INFO:kbc-cli.py:Epoch 43/100	Loss 7.2774 ± 0.1847
INFO:kbc-cli.py:Epoch 44/100	Loss 7.2715 ± 0.1826
INFO:kbc-cli.py:Epoch 45/100	Loss 7.2644 ± 0.1805
INFO:kbc-cli.py:Epoch 45/100	dev results	MRR 0.579207	H@1 0.507100	H@3 0.622800	H@5 0.662700	H@10 0.707900
INFO:kbc-cli.py:Epoch 45/100	test results	MRR 0.578530	H@1 0.505400	H@3 0.623800	H@5 0.662200	H@10 0.706900
INFO:kbc-cli.py:Epoch 46/100	Loss 7.2588 ± 0.1791
INFO:kbc-cli.py:Epoch 47/100	Loss 7.2524 ± 0.1764
INFO:kbc-cli.py:Epoch 48/100	Loss 7.2468 ± 0.1792
INFO:kbc-cli.py:Epoch 48/100	dev results	MRR 0.578880	H@1 0.507400	H@3 0.620500	H@5 0.660900	H@10 0.706600
INFO:kbc-cli.py:Epoch 48/100	test results	MRR 0.578625	H@1 0.506000	H@3 0.623300	H@5 0.660600	H@10 0.706600
INFO:kbc-cli.py:Epoch 49/100	Loss 7.2415 ± 0.1815
INFO:kbc-cli.py:Epoch 50/100	Loss 7.2357 ± 0.1783
INFO:kbc-cli.py:Epoch 51/100	Loss 7.2307 ± 0.1773
INFO:kbc-cli.py:Epoch 51/100	dev results	MRR 0.580537	H@1 0.509800	H@3 0.622600	H@5 0.662100	H@10 0.708600
INFO:kbc-cli.py:Epoch 51/100	test results	MRR 0.577738	H@1 0.504100	H@3 0.623700	H@5 0.661700	H@10 0.707200
INFO:kbc-cli.py:Epoch 52/100	Loss 7.2252 ± 0.1777
INFO:kbc-cli.py:Epoch 53/100	Loss 7.2207 ± 0.1719
INFO:kbc-cli.py:Epoch 54/100	Loss 7.2156 ± 0.1734
INFO:kbc-cli.py:Epoch 54/100	dev results	MRR 0.579291	H@1 0.507800	H@3 0.621500	H@5 0.663000	H@10 0.707600
INFO:kbc-cli.py:Epoch 54/100	test results	MRR 0.578482	H@1 0.504900	H@3 0.625100	H@5 0.664400	H@10 0.706100
INFO:kbc-cli.py:Epoch 55/100	Loss 7.2109 ± 0.1723
INFO:kbc-cli.py:Epoch 56/100	Loss 7.2061 ± 0.1686
INFO:kbc-cli.py:Epoch 57/100	Loss 7.2018 ± 0.1702
INFO:kbc-cli.py:Epoch 57/100	dev results	MRR 0.579476	H@1 0.508200	H@3 0.622300	H@5 0.660700	H@10 0.708200
INFO:kbc-cli.py:Epoch 57/100	test results	MRR 0.577951	H@1 0.504400	H@3 0.622500	H@5 0.663300	H@10 0.706500
INFO:kbc-cli.py:Epoch 58/100	Loss 7.1974 ± 0.1689
INFO:kbc-cli.py:Epoch 59/100	Loss 7.1931 ± 0.1665
INFO:kbc-cli.py:Epoch 60/100	Loss 7.1897 ± 0.1729
INFO:kbc-cli.py:Epoch 60/100	dev results	MRR 0.579602	H@1 0.508300	H@3 0.622600	H@5 0.661500	H@10 0.706100
INFO:kbc-cli.py:Epoch 60/100	test results	MRR 0.578379	H@1 0.505900	H@3 0.623700	H@5 0.662200	H@10 0.706400
INFO:kbc-cli.py:Epoch 61/100	Loss 7.1849 ± 0.1688
INFO:kbc-cli.py:Epoch 62/100	Loss 7.1810 ± 0.1682
INFO:kbc-cli.py:Epoch 63/100	Loss 7.1773 ± 0.1671
INFO:kbc-cli.py:Epoch 63/100	dev results	MRR 0.579392	H@1 0.507900	H@3 0.622600	H@5 0.662300	H@10 0.708500
INFO:kbc-cli.py:Epoch 63/100	test results	MRR 0.578333	H@1 0.505300	H@3 0.623400	H@5 0.663000	H@10 0.707000
INFO:kbc-cli.py:Epoch 64/100	Loss 7.1735 ± 0.1621
INFO:kbc-cli.py:Epoch 65/100	Loss 7.1699 ± 0.1633
INFO:kbc-cli.py:Epoch 66/100	Loss 7.1659 ± 0.1677
INFO:kbc-cli.py:Epoch 66/100	dev results	MRR 0.579746	H@1 0.508600	H@3 0.621900	H@5 0.661500	H@10 0.707800
INFO:kbc-cli.py:Epoch 66/100	test results	MRR 0.578514	H@1 0.505800	H@3 0.624300	H@5 0.662800	H@10 0.706300
INFO:kbc-cli.py:Epoch 67/100	Loss 7.1628 ± 0.1698
INFO:kbc-cli.py:Epoch 68/100	Loss 7.1591 ± 0.1654
INFO:kbc-cli.py:Epoch 69/100	Loss 7.1562 ± 0.1666
INFO:kbc-cli.py:Epoch 69/100	dev results	MRR 0.578951	H@1 0.508700	H@3 0.619700	H@5 0.660900	H@10 0.706700
INFO:kbc-cli.py:Epoch 69/100	test results	MRR 0.579288	H@1 0.507700	H@3 0.622900	H@5 0.662100	H@10 0.706700
INFO:kbc-cli.py:Epoch 70/100	Loss 7.1526 ± 0.1626
INFO:kbc-cli.py:Epoch 71/100	Loss 7.1492 ± 0.1616
INFO:kbc-cli.py:Epoch 72/100	Loss 7.1465 ± 0.1606
INFO:kbc-cli.py:Epoch 72/100	dev results	MRR 0.580445	H@1 0.510500	H@3 0.621100	H@5 0.661900	H@10 0.706800
INFO:kbc-cli.py:Epoch 72/100	test results	MRR 0.579619	H@1 0.507000	H@3 0.625200	H@5 0.663300	H@10 0.706300
INFO:kbc-cli.py:Epoch 73/100	Loss 7.1430 ± 0.1645
INFO:kbc-cli.py:Epoch 74/100	Loss 7.1404 ± 0.1615
INFO:kbc-cli.py:Epoch 75/100	Loss 7.1369 ± 0.1657
INFO:kbc-cli.py:Epoch 75/100	dev results	MRR 0.580256	H@1 0.508900	H@3 0.621400	H@5 0.662700	H@10 0.707100
INFO:kbc-cli.py:Epoch 75/100	test results	MRR 0.579683	H@1 0.507700	H@3 0.623700	H@5 0.662100	H@10 0.708200
INFO:kbc-cli.py:Epoch 76/100	Loss 7.1344 ± 0.1609
INFO:kbc-cli.py:Epoch 77/100	Loss 7.1315 ± 0.1639
INFO:kbc-cli.py:Epoch 78/100	Loss 7.1287 ± 0.1642
INFO:kbc-cli.py:Epoch 78/100	dev results	MRR 0.579733	H@1 0.509500	H@3 0.621500	H@5 0.662000	H@10 0.706400
INFO:kbc-cli.py:Epoch 78/100	test results	MRR 0.579892	H@1 0.508100	H@3 0.623500	H@5 0.662100	H@10 0.707700
INFO:kbc-cli.py:Epoch 79/100	Loss 7.1258 ± 0.1565
INFO:kbc-cli.py:Epoch 80/100	Loss 7.1234 ± 0.1586
INFO:kbc-cli.py:Epoch 81/100	Loss 7.1207 ± 0.1570
INFO:kbc-cli.py:Epoch 81/100	dev results	MRR 0.579816	H@1 0.509200	H@3 0.621600	H@5 0.661600	H@10 0.706200
INFO:kbc-cli.py:Epoch 81/100	test results	MRR 0.579478	H@1 0.507700	H@3 0.622700	H@5 0.662200	H@10 0.707200
INFO:kbc-cli.py:Epoch 82/100	Loss 7.1179 ± 0.1599
INFO:kbc-cli.py:Epoch 83/100	Loss 7.1152 ± 0.1596
INFO:kbc-cli.py:Epoch 84/100	Loss 7.1129 ± 0.1558
INFO:kbc-cli.py:Epoch 84/100	dev results	MRR 0.579626	H@1 0.508300	H@3 0.621100	H@5 0.661900	H@10 0.705600
INFO:kbc-cli.py:Epoch 84/100	test results	MRR 0.579986	H@1 0.508100	H@3 0.624500	H@5 0.662400	H@10 0.707400
INFO:kbc-cli.py:Epoch 85/100	Loss 7.1105 ± 0.1562
INFO:kbc-cli.py:Epoch 86/100	Loss 7.1078 ± 0.1528
INFO:kbc-cli.py:Epoch 87/100	Loss 7.1055 ± 0.1572
INFO:kbc-cli.py:Epoch 87/100	dev results	MRR 0.580391	H@1 0.510100	H@3 0.621700	H@5 0.661700	H@10 0.706700
INFO:kbc-cli.py:Epoch 87/100	test results	MRR 0.579572	H@1 0.507700	H@3 0.623800	H@5 0.664100	H@10 0.707300
INFO:kbc-cli.py:Epoch 88/100	Loss 7.1034 ± 0.1608
INFO:kbc-cli.py:Epoch 89/100	Loss 7.1009 ± 0.1575
INFO:kbc-cli.py:Epoch 90/100	Loss 7.0986 ± 0.1573
INFO:kbc-cli.py:Epoch 90/100	dev results	MRR 0.579118	H@1 0.508200	H@3 0.620400	H@5 0.661400	H@10 0.706400
INFO:kbc-cli.py:Epoch 90/100	test results	MRR 0.579676	H@1 0.507500	H@3 0.623700	H@5 0.663100	H@10 0.708300
INFO:kbc-cli.py:Epoch 91/100	Loss 7.0965 ± 0.1535
INFO:kbc-cli.py:Epoch 92/100	Loss 7.0942 ± 0.1551
INFO:kbc-cli.py:Epoch 93/100	Loss 7.0922 ± 0.1554
INFO:kbc-cli.py:Epoch 93/100	dev results	MRR 0.579727	H@1 0.508700	H@3 0.621600	H@5 0.661100	H@10 0.706500
INFO:kbc-cli.py:Epoch 93/100	test results	MRR 0.580186	H@1 0.508700	H@3 0.623600	H@5 0.661900	H@10 0.707400
INFO:kbc-cli.py:Epoch 94/100	Loss 7.0901 ± 0.1525
INFO:kbc-cli.py:Epoch 95/100	Loss 7.0878 ± 0.1550
INFO:kbc-cli.py:Epoch 96/100	Loss 7.0858 ± 0.1507
INFO:kbc-cli.py:Epoch 96/100	dev results	MRR 0.579614	H@1 0.509000	H@3 0.621200	H@5 0.661500	H@10 0.706700
INFO:kbc-cli.py:Epoch 96/100	test results	MRR 0.579378	H@1 0.507300	H@3 0.622700	H@5 0.662900	H@10 0.708500
INFO:kbc-cli.py:Epoch 97/100	Loss 7.0840 ± 0.1539
INFO:kbc-cli.py:Epoch 98/100	Loss 7.0820 ± 0.1507
INFO:kbc-cli.py:Epoch 99/100	Loss 7.0798 ± 0.1535
INFO:kbc-cli.py:Epoch 99/100	dev results	MRR 0.580179	H@1 0.509600	H@3 0.621800	H@5 0.660500	H@10 0.705500
INFO:kbc-cli.py:Epoch 99/100	test results	MRR 0.579930	H@1 0.507600	H@3 0.624900	H@5 0.662800	H@10 0.706500
INFO:kbc-cli.py:Epoch 100/100	Loss 7.0779 ± 0.1506
INFO:kbc-cli.py:Final 	dev results	MRR 0.579531	H@1 0.508600	H@3 0.620800	H@5 0.661200	H@10 0.705200
INFO:kbc-cli.py:Final 	test results	MRR 0.581042	H@1 0.509900	H@3 0.623800	H@5 0.661400	H@10 0.707400
INFO:kbc-cli.py:Training finished
