./bin/kbc-cli.py --train data/yago3-10/train.tsv --dev data/yago3-10/dev.tsv --test data/yago3-10/test.tsv -m complex -k 500 -b 500 -e 100 --F2 0 --N3 0.1 -l 0.1 -I standard -V 3 -o adagrad -q
{'F2': 0.0,
 'N3': 0.1,
 'batch_size': 500,
 'dev': 'data/yago3-10/dev.tsv',
 'embedding_size': 500,
 'epochs': 100,
 'eval_batch_size': None,
 'input_type': 'standard',
 'learning_rate': 0.1,
 'load': None,
 'model': 'complex',
 'optimizer': 'adagrad',
 'quiet': True,
 'save': None,
 'seed': 0,
 'test': 'data/yago3-10/test.tsv',
 'test_i': None,
 'test_ii': None,
 'train': 'data/yago3-10/train.tsv',
 'validate_every': 3}
INFO:kbc-cli.py:Device: cuda
INFO:kbc-cli.py:Model state:
INFO:kbc-cli.py:	entities.weight	torch.Size([123182, 1000])
INFO:kbc-cli.py:	predicates.weight	torch.Size([37, 1000])
INFO:kbc-cli.py:Epoch 1/100	Loss 27.7459 ± 5.6554
INFO:kbc-cli.py:Epoch 2/100	Loss 18.5329 ± 0.5479
INFO:kbc-cli.py:Epoch 3/100	Loss 16.1128 ± 0.1500
INFO:kbc-cli.py:Epoch 3/100	dev results	MRR 0.313692	H@1 0.219900	H@3 0.354100	H@5 0.413200	H@10 0.492900
INFO:kbc-cli.py:Epoch 3/100	test results	MRR 0.316567	H@1 0.222900	H@3 0.358800	H@5 0.418700	H@10 0.497400
INFO:kbc-cli.py:Epoch 4/100	Loss 15.0867 ± 0.1952
INFO:kbc-cli.py:Epoch 5/100	Loss 14.5354 ± 0.2256
INFO:kbc-cli.py:Epoch 6/100	Loss 14.1912 ± 0.2283
INFO:kbc-cli.py:Epoch 6/100	dev results	MRR 0.382261	H@1 0.283600	H@3 0.429600	H@5 0.490500	H@10 0.569000
INFO:kbc-cli.py:Epoch 6/100	test results	MRR 0.382732	H@1 0.283000	H@3 0.431900	H@5 0.496900	H@10 0.573800
INFO:kbc-cli.py:Epoch 7/100	Loss 13.9551 ± 0.2315
INFO:kbc-cli.py:Epoch 8/100	Loss 13.7812 ± 0.2292
INFO:kbc-cli.py:Epoch 9/100	Loss 13.6483 ± 0.2258
INFO:kbc-cli.py:Epoch 9/100	dev results	MRR 0.405852	H@1 0.306000	H@3 0.457200	H@5 0.516800	H@10 0.592200
INFO:kbc-cli.py:Epoch 9/100	test results	MRR 0.405394	H@1 0.303400	H@3 0.458500	H@5 0.519800	H@10 0.594200
INFO:kbc-cli.py:Epoch 10/100	Loss 13.5428 ± 0.2234
INFO:kbc-cli.py:Epoch 11/100	Loss 13.4567 ± 0.2171
INFO:kbc-cli.py:Epoch 12/100	Loss 13.3858 ± 0.2116
INFO:kbc-cli.py:Epoch 12/100	dev results	MRR 0.415271	H@1 0.315300	H@3 0.464800	H@5 0.526000	H@10 0.604200
INFO:kbc-cli.py:Epoch 12/100	test results	MRR 0.420804	H@1 0.320000	H@3 0.472500	H@5 0.536000	H@10 0.608300
INFO:kbc-cli.py:Epoch 13/100	Loss 13.3254 ± 0.2154
INFO:kbc-cli.py:Epoch 14/100	Loss 13.2733 ± 0.2081
INFO:kbc-cli.py:Epoch 15/100	Loss 13.2285 ± 0.2067
INFO:kbc-cli.py:Epoch 15/100	dev results	MRR 0.423587	H@1 0.325300	H@3 0.473000	H@5 0.535000	H@10 0.611300
INFO:kbc-cli.py:Epoch 15/100	test results	MRR 0.427021	H@1 0.327000	H@3 0.478100	H@5 0.539300	H@10 0.615000
INFO:kbc-cli.py:Epoch 16/100	Loss 13.1893 ± 0.2038
INFO:kbc-cli.py:Epoch 17/100	Loss 13.1541 ± 0.1986
INFO:kbc-cli.py:Epoch 18/100	Loss 13.1229 ± 0.1991
INFO:kbc-cli.py:Epoch 18/100	dev results	MRR 0.428041	H@1 0.329700	H@3 0.476800	H@5 0.536500	H@10 0.615300
INFO:kbc-cli.py:Epoch 18/100	test results	MRR 0.432838	H@1 0.333400	H@3 0.484500	H@5 0.546100	H@10 0.617800
INFO:kbc-cli.py:Epoch 19/100	Loss 13.0951 ± 0.1960
INFO:kbc-cli.py:Epoch 20/100	Loss 13.0698 ± 0.1948
INFO:kbc-cli.py:Epoch 21/100	Loss 13.0463 ± 0.1887
INFO:kbc-cli.py:Epoch 21/100	dev results	MRR 0.432648	H@1 0.335200	H@3 0.481200	H@5 0.543000	H@10 0.618400
INFO:kbc-cli.py:Epoch 21/100	test results	MRR 0.437093	H@1 0.338300	H@3 0.488800	H@5 0.549500	H@10 0.620500
INFO:kbc-cli.py:Epoch 22/100	Loss 13.0256 ± 0.1923
INFO:kbc-cli.py:Epoch 23/100	Loss 13.0061 ± 0.1853
INFO:kbc-cli.py:Epoch 24/100	Loss 12.9879 ± 0.1831
INFO:kbc-cli.py:Epoch 24/100	dev results	MRR 0.434420	H@1 0.335300	H@3 0.483400	H@5 0.545400	H@10 0.622400
INFO:kbc-cli.py:Epoch 24/100	test results	MRR 0.438905	H@1 0.339000	H@3 0.489600	H@5 0.549800	H@10 0.623900
INFO:kbc-cli.py:Epoch 25/100	Loss 12.9718 ± 0.1849
INFO:kbc-cli.py:Epoch 26/100	Loss 12.9559 ± 0.1803
INFO:kbc-cli.py:Epoch 27/100	Loss 12.9415 ± 0.1851
INFO:kbc-cli.py:Epoch 27/100	dev results	MRR 0.436930	H@1 0.339100	H@3 0.484300	H@5 0.547400	H@10 0.625500
INFO:kbc-cli.py:Epoch 27/100	test results	MRR 0.439906	H@1 0.341600	H@3 0.490400	H@5 0.550600	H@10 0.621900
INFO:kbc-cli.py:Epoch 28/100	Loss 12.9281 ± 0.1773
INFO:kbc-cli.py:Epoch 29/100	Loss 12.9158 ± 0.1759
INFO:kbc-cli.py:Epoch 30/100	Loss 12.9038 ± 0.1771
INFO:kbc-cli.py:Epoch 30/100	dev results	MRR 0.439548	H@1 0.342100	H@3 0.486600	H@5 0.546900	H@10 0.625800
INFO:kbc-cli.py:Epoch 30/100	test results	MRR 0.442237	H@1 0.344300	H@3 0.494300	H@5 0.552100	H@10 0.624700
INFO:kbc-cli.py:Epoch 31/100	Loss 12.8926 ± 0.1771
INFO:kbc-cli.py:Epoch 32/100	Loss 12.8823 ± 0.1729
INFO:kbc-cli.py:Epoch 33/100	Loss 12.8720 ± 0.1703
INFO:kbc-cli.py:Epoch 33/100	dev results	MRR 0.440582	H@1 0.343900	H@3 0.486900	H@5 0.551100	H@10 0.628600
INFO:kbc-cli.py:Epoch 33/100	test results	MRR 0.444171	H@1 0.345800	H@3 0.495200	H@5 0.555800	H@10 0.625000
INFO:kbc-cli.py:Epoch 34/100	Loss 12.8625 ± 0.1694
INFO:kbc-cli.py:Epoch 35/100	Loss 12.8537 ± 0.1692
INFO:kbc-cli.py:Epoch 36/100	Loss 12.8450 ± 0.1686
INFO:kbc-cli.py:Epoch 36/100	dev results	MRR 0.442803	H@1 0.346600	H@3 0.488900	H@5 0.550000	H@10 0.629200
INFO:kbc-cli.py:Epoch 36/100	test results	MRR 0.444287	H@1 0.345300	H@3 0.496600	H@5 0.558200	H@10 0.626800
INFO:kbc-cli.py:Epoch 37/100	Loss 12.8370 ± 0.1678
INFO:kbc-cli.py:Epoch 38/100	Loss 12.8292 ± 0.1662
INFO:kbc-cli.py:Epoch 39/100	Loss 12.8221 ± 0.1634
INFO:kbc-cli.py:Epoch 39/100	dev results	MRR 0.442802	H@1 0.346400	H@3 0.490100	H@5 0.550500	H@10 0.627800
INFO:kbc-cli.py:Epoch 39/100	test results	MRR 0.445103	H@1 0.347300	H@3 0.495300	H@5 0.556900	H@10 0.625100
INFO:kbc-cli.py:Epoch 40/100	Loss 12.8147 ± 0.1619
INFO:kbc-cli.py:Epoch 41/100	Loss 12.8080 ± 0.1674
INFO:kbc-cli.py:Epoch 42/100	Loss 12.8011 ± 0.1611
INFO:kbc-cli.py:Epoch 42/100	dev results	MRR 0.444658	H@1 0.348900	H@3 0.488800	H@5 0.551700	H@10 0.631500
INFO:kbc-cli.py:Epoch 42/100	test results	MRR 0.447767	H@1 0.350200	H@3 0.498900	H@5 0.556400	H@10 0.626600
INFO:kbc-cli.py:Epoch 43/100	Loss 12.7949 ± 0.1619
INFO:kbc-cli.py:Epoch 44/100	Loss 12.7894 ± 0.1595
INFO:kbc-cli.py:Epoch 45/100	Loss 12.7830 ± 0.1580
INFO:kbc-cli.py:Epoch 45/100	dev results	MRR 0.443974	H@1 0.347600	H@3 0.490600	H@5 0.553500	H@10 0.631000
INFO:kbc-cli.py:Epoch 45/100	test results	MRR 0.448454	H@1 0.351400	H@3 0.498700	H@5 0.557700	H@10 0.628700
INFO:kbc-cli.py:Epoch 46/100	Loss 12.7780 ± 0.1573
INFO:kbc-cli.py:Epoch 47/100	Loss 12.7722 ± 0.1545
INFO:kbc-cli.py:Epoch 48/100	Loss 12.7671 ± 0.1568
INFO:kbc-cli.py:Epoch 48/100	dev results	MRR 0.444334	H@1 0.347600	H@3 0.491400	H@5 0.553300	H@10 0.632200
INFO:kbc-cli.py:Epoch 48/100	test results	MRR 0.448482	H@1 0.351600	H@3 0.498100	H@5 0.558100	H@10 0.629100
INFO:kbc-cli.py:Epoch 49/100	Loss 12.7624 ± 0.1604
INFO:kbc-cli.py:Epoch 50/100	Loss 12.7572 ± 0.1575
INFO:kbc-cli.py:Epoch 51/100	Loss 12.7527 ± 0.1568
INFO:kbc-cli.py:Epoch 51/100	dev results	MRR 0.445417	H@1 0.348900	H@3 0.493000	H@5 0.551800	H@10 0.631600
INFO:kbc-cli.py:Epoch 51/100	test results	MRR 0.448386	H@1 0.350300	H@3 0.499100	H@5 0.559200	H@10 0.630000
INFO:kbc-cli.py:Epoch 52/100	Loss 12.7479 ± 0.1582
INFO:kbc-cli.py:Epoch 53/100	Loss 12.7439 ± 0.1523
INFO:kbc-cli.py:Epoch 54/100	Loss 12.7394 ± 0.1527
INFO:kbc-cli.py:Epoch 54/100	dev results	MRR 0.445453	H@1 0.349600	H@3 0.490900	H@5 0.554300	H@10 0.632000
INFO:kbc-cli.py:Epoch 54/100	test results	MRR 0.450168	H@1 0.353400	H@3 0.498900	H@5 0.560700	H@10 0.627700
INFO:kbc-cli.py:Epoch 55/100	Loss 12.7352 ± 0.1518
INFO:kbc-cli.py:Epoch 56/100	Loss 12.7310 ± 0.1488
INFO:kbc-cli.py:Epoch 57/100	Loss 12.7272 ± 0.1520
INFO:kbc-cli.py:Epoch 57/100	dev results	MRR 0.446109	H@1 0.350100	H@3 0.491600	H@5 0.553100	H@10 0.632400
INFO:kbc-cli.py:Epoch 57/100	test results	MRR 0.449485	H@1 0.352300	H@3 0.498700	H@5 0.560300	H@10 0.631400
INFO:kbc-cli.py:Epoch 58/100	Loss 12.7235 ± 0.1497
INFO:kbc-cli.py:Epoch 59/100	Loss 12.7197 ± 0.1475
INFO:kbc-cli.py:Epoch 60/100	Loss 12.7168 ± 0.1534
INFO:kbc-cli.py:Epoch 60/100	dev results	MRR 0.446117	H@1 0.349500	H@3 0.495300	H@5 0.552700	H@10 0.631600
INFO:kbc-cli.py:Epoch 60/100	test results	MRR 0.451018	H@1 0.353600	H@3 0.501500	H@5 0.561300	H@10 0.631300
INFO:kbc-cli.py:Epoch 61/100	Loss 12.7127 ± 0.1496
INFO:kbc-cli.py:Epoch 62/100	Loss 12.7093 ± 0.1487
INFO:kbc-cli.py:Epoch 63/100	Loss 12.7062 ± 0.1482
INFO:kbc-cli.py:Epoch 63/100	dev results	MRR 0.447285	H@1 0.351000	H@3 0.495100	H@5 0.553600	H@10 0.632800
INFO:kbc-cli.py:Epoch 63/100	test results	MRR 0.450966	H@1 0.354000	H@3 0.501300	H@5 0.559500	H@10 0.630500
INFO:kbc-cli.py:Epoch 64/100	Loss 12.7030 ± 0.1448
INFO:kbc-cli.py:Epoch 65/100	Loss 12.6997 ± 0.1451
INFO:kbc-cli.py:Epoch 66/100	Loss 12.6964 ± 0.1487
INFO:kbc-cli.py:Epoch 66/100	dev results	MRR 0.447675	H@1 0.351400	H@3 0.495400	H@5 0.554100	H@10 0.632500
INFO:kbc-cli.py:Epoch 66/100	test results	MRR 0.451560	H@1 0.354900	H@3 0.500300	H@5 0.561000	H@10 0.631800
INFO:kbc-cli.py:Epoch 67/100	Loss 12.6937 ± 0.1495
INFO:kbc-cli.py:Epoch 68/100	Loss 12.6905 ± 0.1479
INFO:kbc-cli.py:Epoch 69/100	Loss 12.6881 ± 0.1467
INFO:kbc-cli.py:Epoch 69/100	dev results	MRR 0.448389	H@1 0.353300	H@3 0.494100	H@5 0.553200	H@10 0.633700
INFO:kbc-cli.py:Epoch 69/100	test results	MRR 0.451795	H@1 0.355100	H@3 0.500800	H@5 0.561300	H@10 0.632700
INFO:kbc-cli.py:Epoch 70/100	Loss 12.6851 ± 0.1432
INFO:kbc-cli.py:Epoch 71/100	Loss 12.6824 ± 0.1440
INFO:kbc-cli.py:Epoch 72/100	Loss 12.6799 ± 0.1429
INFO:kbc-cli.py:Epoch 72/100	dev results	MRR 0.448383	H@1 0.352300	H@3 0.495500	H@5 0.553500	H@10 0.633900
INFO:kbc-cli.py:Epoch 72/100	test results	MRR 0.451616	H@1 0.354100	H@3 0.501600	H@5 0.561800	H@10 0.633500
INFO:kbc-cli.py:Epoch 73/100	Loss 12.6769 ± 0.1458
INFO:kbc-cli.py:Epoch 74/100	Loss 12.6748 ± 0.1431
INFO:kbc-cli.py:Epoch 75/100	Loss 12.6718 ± 0.1482
INFO:kbc-cli.py:Epoch 75/100	dev results	MRR 0.449347	H@1 0.354000	H@3 0.495500	H@5 0.555500	H@10 0.635100
INFO:kbc-cli.py:Epoch 75/100	test results	MRR 0.452502	H@1 0.356600	H@3 0.501300	H@5 0.560600	H@10 0.631800
INFO:kbc-cli.py:Epoch 76/100	Loss 12.6697 ± 0.1428
INFO:kbc-cli.py:Epoch 77/100	Loss 12.6674 ± 0.1447
INFO:kbc-cli.py:Epoch 78/100	Loss 12.6651 ± 0.1446
INFO:kbc-cli.py:Epoch 78/100	dev results	MRR 0.449164	H@1 0.353300	H@3 0.494300	H@5 0.555400	H@10 0.635000
INFO:kbc-cli.py:Epoch 78/100	test results	MRR 0.452299	H@1 0.355500	H@3 0.500100	H@5 0.563900	H@10 0.633000
INFO:kbc-cli.py:Epoch 79/100	Loss 12.6626 ± 0.1385
INFO:kbc-cli.py:Epoch 80/100	Loss 12.6605 ± 0.1383
INFO:kbc-cli.py:Epoch 81/100	Loss 12.6584 ± 0.1389
INFO:kbc-cli.py:Epoch 81/100	dev results	MRR 0.449960	H@1 0.354500	H@3 0.495400	H@5 0.554500	H@10 0.635500
INFO:kbc-cli.py:Epoch 81/100	test results	MRR 0.452061	H@1 0.355900	H@3 0.500800	H@5 0.562900	H@10 0.633000
INFO:kbc-cli.py:Epoch 82/100	Loss 12.6559 ± 0.1413
INFO:kbc-cli.py:Epoch 83/100	Loss 12.6538 ± 0.1402
INFO:kbc-cli.py:Epoch 84/100	Loss 12.6518 ± 0.1395
INFO:kbc-cli.py:Epoch 84/100	dev results	MRR 0.449756	H@1 0.354100	H@3 0.496700	H@5 0.555700	H@10 0.635800
INFO:kbc-cli.py:Epoch 84/100	test results	MRR 0.452359	H@1 0.355400	H@3 0.501800	H@5 0.562400	H@10 0.633000
INFO:kbc-cli.py:Epoch 85/100	Loss 12.6499 ± 0.1383
INFO:kbc-cli.py:Epoch 86/100	Loss 12.6476 ± 0.1359
INFO:kbc-cli.py:Epoch 87/100	Loss 12.6457 ± 0.1404
INFO:kbc-cli.py:Epoch 87/100	dev results	MRR 0.450995	H@1 0.355900	H@3 0.496600	H@5 0.556300	H@10 0.636700
INFO:kbc-cli.py:Epoch 87/100	test results	MRR 0.453537	H@1 0.356900	H@3 0.503500	H@5 0.563300	H@10 0.634100
INFO:kbc-cli.py:Epoch 88/100	Loss 12.6441 ± 0.1433
INFO:kbc-cli.py:Epoch 89/100	Loss 12.6419 ± 0.1399
INFO:kbc-cli.py:Epoch 90/100	Loss 12.6401 ± 0.1408
INFO:kbc-cli.py:Epoch 90/100	dev results	MRR 0.450147	H@1 0.354700	H@3 0.496200	H@5 0.556900	H@10 0.637000
INFO:kbc-cli.py:Epoch 90/100	test results	MRR 0.453940	H@1 0.357300	H@3 0.502200	H@5 0.564000	H@10 0.633600
INFO:kbc-cli.py:Epoch 91/100	Loss 12.6382 ± 0.1372
INFO:kbc-cli.py:Epoch 92/100	Loss 12.6363 ± 0.1377
INFO:kbc-cli.py:Epoch 93/100	Loss 12.6347 ± 0.1392
INFO:kbc-cli.py:Epoch 93/100	dev results	MRR 0.451504	H@1 0.357400	H@3 0.496500	H@5 0.555300	H@10 0.636400
INFO:kbc-cli.py:Epoch 93/100	test results	MRR 0.453213	H@1 0.356100	H@3 0.501800	H@5 0.563600	H@10 0.633700
INFO:kbc-cli.py:Epoch 94/100	Loss 12.6330 ± 0.1363
INFO:kbc-cli.py:Epoch 95/100	Loss 12.6310 ± 0.1372
INFO:kbc-cli.py:Epoch 96/100	Loss 12.6294 ± 0.1332
INFO:kbc-cli.py:Epoch 96/100	dev results	MRR 0.451272	H@1 0.356600	H@3 0.496200	H@5 0.558200	H@10 0.634900
INFO:kbc-cli.py:Epoch 96/100	test results	MRR 0.454826	H@1 0.359500	H@3 0.502500	H@5 0.564300	H@10 0.633600
INFO:kbc-cli.py:Epoch 97/100	Loss 12.6280 ± 0.1362
INFO:kbc-cli.py:Epoch 98/100	Loss 12.6264 ± 0.1337
INFO:kbc-cli.py:Epoch 99/100	Loss 12.6244 ± 0.1353
INFO:kbc-cli.py:Epoch 99/100	dev results	MRR 0.450982	H@1 0.355700	H@3 0.496900	H@5 0.557500	H@10 0.636300
INFO:kbc-cli.py:Epoch 99/100	test results	MRR 0.454165	H@1 0.357200	H@3 0.503200	H@5 0.565100	H@10 0.633800
INFO:kbc-cli.py:Epoch 100/100	Loss 12.6228 ± 0.1340
INFO:kbc-cli.py:Final 	dev results	MRR 0.451944	H@1 0.357200	H@3 0.498000	H@5 0.557700	H@10 0.635200
INFO:kbc-cli.py:Final 	test results	MRR 0.454545	H@1 0.357600	H@3 0.502500	H@5 0.566200	H@10 0.634200
INFO:kbc-cli.py:Training finished
