./bin/kbc-cli.py --train data/yago3-10/train.tsv --dev data/yago3-10/dev.tsv --test data/yago3-10/test.tsv -m complex -k 1000 -b 100 -e 100 --F2 0 --N3 0.005 -l 0.1 -I reciprocal -V 3 -o adagrad -q
{'F2': 0.0,
 'N3': 0.005,
 'batch_size': 100,
 'dev': 'data/yago3-10/dev.tsv',
 'embedding_size': 1000,
 'epochs': 100,
 'eval_batch_size': None,
 'input_type': 'reciprocal',
 'learning_rate': 0.1,
 'load': None,
 'model': 'complex',
 'optimizer': 'adagrad',
 'quiet': True,
 'save': None,
 'seed': 0,
 'test': 'data/yago3-10/test.tsv',
 'test_i': None,
 'test_ii': None,
 'train': 'data/yago3-10/train.tsv',
 'validate_every': 3}
INFO:kbc-cli.py:Device: cuda
INFO:kbc-cli.py:Model state:
INFO:kbc-cli.py:	entities.weight	torch.Size([123182, 2000])
INFO:kbc-cli.py:	predicates.weight	torch.Size([74, 2000])
INFO:kbc-cli.py:Epoch 1/100	Loss 14.0648 ± 3.1933
INFO:kbc-cli.py:Epoch 2/100	Loss 9.2376 ± 0.2526
INFO:kbc-cli.py:Epoch 3/100	Loss 8.6085 ± 0.2311
INFO:kbc-cli.py:Epoch 3/100	dev results	MRR 0.505745	H@1 0.419300	H@3 0.553500	H@5 0.605900	H@10 0.670400
INFO:kbc-cli.py:Epoch 3/100	test results	MRR 0.502002	H@1 0.415200	H@3 0.549100	H@5 0.602200	H@10 0.666700
INFO:kbc-cli.py:Epoch 4/100	Loss 8.3033 ± 0.2354
INFO:kbc-cli.py:Epoch 5/100	Loss 8.1104 ± 0.2415
INFO:kbc-cli.py:Epoch 6/100	Loss 7.9733 ± 0.2434
INFO:kbc-cli.py:Epoch 6/100	dev results	MRR 0.545128	H@1 0.465400	H@3 0.591000	H@5 0.639200	H@10 0.694700
INFO:kbc-cli.py:Epoch 6/100	test results	MRR 0.539065	H@1 0.455500	H@3 0.587900	H@5 0.636700	H@10 0.694700
INFO:kbc-cli.py:Epoch 7/100	Loss 7.8687 ± 0.2447
INFO:kbc-cli.py:Epoch 8/100	Loss 7.7852 ± 0.2446
INFO:kbc-cli.py:Epoch 9/100	Loss 7.7167 ± 0.2458
INFO:kbc-cli.py:Epoch 9/100	dev results	MRR 0.558102	H@1 0.476800	H@3 0.607300	H@5 0.654900	H@10 0.705600
INFO:kbc-cli.py:Epoch 9/100	test results	MRR 0.553404	H@1 0.471100	H@3 0.603000	H@5 0.648500	H@10 0.700600
INFO:kbc-cli.py:Epoch 10/100	Loss 7.6596 ± 0.2464
INFO:kbc-cli.py:Epoch 11/100	Loss 7.6102 ± 0.2454
INFO:kbc-cli.py:Epoch 12/100	Loss 7.5676 ± 0.2471
INFO:kbc-cli.py:Epoch 12/100	dev results	MRR 0.569595	H@1 0.494600	H@3 0.612600	H@5 0.656800	H@10 0.707700
INFO:kbc-cli.py:Epoch 12/100	test results	MRR 0.561470	H@1 0.481000	H@3 0.610300	H@5 0.653100	H@10 0.704300
INFO:kbc-cli.py:Epoch 13/100	Loss 7.5300 ± 0.2464
INFO:kbc-cli.py:Epoch 14/100	Loss 7.4965 ± 0.2465
INFO:kbc-cli.py:Epoch 15/100	Loss 7.4667 ± 0.2464
INFO:kbc-cli.py:Epoch 15/100	dev results	MRR 0.572708	H@1 0.496900	H@3 0.617700	H@5 0.661000	H@10 0.709900
INFO:kbc-cli.py:Epoch 15/100	test results	MRR 0.567115	H@1 0.488900	H@3 0.617500	H@5 0.659000	H@10 0.704400
INFO:kbc-cli.py:Epoch 16/100	Loss 7.4401 ± 0.2456
INFO:kbc-cli.py:Epoch 17/100	Loss 7.4157 ± 0.2454
INFO:kbc-cli.py:Epoch 18/100	Loss 7.3932 ± 0.2467
INFO:kbc-cli.py:Epoch 18/100	dev results	MRR 0.574669	H@1 0.499200	H@3 0.619200	H@5 0.664500	H@10 0.709500
INFO:kbc-cli.py:Epoch 18/100	test results	MRR 0.569348	H@1 0.491200	H@3 0.620100	H@5 0.659200	H@10 0.706600
INFO:kbc-cli.py:Epoch 19/100	Loss 7.3726 ± 0.2464
INFO:kbc-cli.py:Epoch 20/100	Loss 7.3539 ± 0.2429
INFO:kbc-cli.py:Epoch 21/100	Loss 7.3366 ± 0.2457
INFO:kbc-cli.py:Epoch 21/100	dev results	MRR 0.575013	H@1 0.499000	H@3 0.621800	H@5 0.664300	H@10 0.710200
INFO:kbc-cli.py:Epoch 21/100	test results	MRR 0.573561	H@1 0.498200	H@3 0.621900	H@5 0.660600	H@10 0.706400
INFO:kbc-cli.py:Epoch 22/100	Loss 7.3204 ± 0.2463
INFO:kbc-cli.py:Epoch 23/100	Loss 7.3052 ± 0.2452
INFO:kbc-cli.py:Epoch 24/100	Loss 7.2911 ± 0.2429
INFO:kbc-cli.py:Epoch 24/100	dev results	MRR 0.579553	H@1 0.507000	H@3 0.623600	H@5 0.664400	H@10 0.711900
INFO:kbc-cli.py:Epoch 24/100	test results	MRR 0.575659	H@1 0.501200	H@3 0.620800	H@5 0.661600	H@10 0.707900
INFO:kbc-cli.py:Epoch 25/100	Loss 7.2779 ± 0.2458
INFO:kbc-cli.py:Epoch 26/100	Loss 7.2654 ± 0.2441
INFO:kbc-cli.py:Epoch 27/100	Loss 7.2537 ± 0.2456
INFO:kbc-cli.py:Epoch 27/100	dev results	MRR 0.580262	H@1 0.507400	H@3 0.623600	H@5 0.665800	H@10 0.711400
INFO:kbc-cli.py:Epoch 27/100	test results	MRR 0.576559	H@1 0.501800	H@3 0.621600	H@5 0.664400	H@10 0.708600
INFO:kbc-cli.py:Epoch 28/100	Loss 7.2428 ± 0.2445
INFO:kbc-cli.py:Epoch 29/100	Loss 7.2323 ± 0.2424
INFO:kbc-cli.py:Epoch 30/100	Loss 7.2225 ± 0.2418
INFO:kbc-cli.py:Epoch 30/100	dev results	MRR 0.580431	H@1 0.508800	H@3 0.621500	H@5 0.663800	H@10 0.711500
INFO:kbc-cli.py:Epoch 30/100	test results	MRR 0.576364	H@1 0.500000	H@3 0.625000	H@5 0.664000	H@10 0.709600
INFO:kbc-cli.py:Epoch 31/100	Loss 7.2130 ± 0.2442
INFO:kbc-cli.py:Epoch 32/100	Loss 7.2041 ± 0.2388
INFO:kbc-cli.py:Epoch 33/100	Loss 7.1956 ± 0.2432
INFO:kbc-cli.py:Epoch 33/100	dev results	MRR 0.582908	H@1 0.512100	H@3 0.624100	H@5 0.663600	H@10 0.712300
INFO:kbc-cli.py:Epoch 33/100	test results	MRR 0.577807	H@1 0.503100	H@3 0.625100	H@5 0.663500	H@10 0.708100
INFO:kbc-cli.py:Epoch 34/100	Loss 7.1874 ± 0.2424
INFO:kbc-cli.py:Epoch 35/100	Loss 7.1797 ± 0.2415
INFO:kbc-cli.py:Epoch 36/100	Loss 7.1725 ± 0.2411
INFO:kbc-cli.py:Epoch 36/100	dev results	MRR 0.582603	H@1 0.512000	H@3 0.623800	H@5 0.664700	H@10 0.712200
INFO:kbc-cli.py:Epoch 36/100	test results	MRR 0.578993	H@1 0.505100	H@3 0.624200	H@5 0.665100	H@10 0.710600
INFO:kbc-cli.py:Epoch 37/100	Loss 7.1652 ± 0.2429
INFO:kbc-cli.py:Epoch 38/100	Loss 7.1584 ± 0.2433
