./bin/kbc-cli.py --train data/yago3-10/train.tsv --dev data/yago3-10/dev.tsv --test data/yago3-10/test.tsv -m complex -k 1000 -b 100 -e 100 --F2 0 --N3 0.001 -l 0.1 -I reciprocal -V 3 -o adagrad -q
{'F2': 0.0,
 'N3': 0.001,
 'batch_size': 100,
 'dev': 'data/yago3-10/dev.tsv',
 'embedding_size': 1000,
 'epochs': 100,
 'eval_batch_size': None,
 'input_type': 'reciprocal',
 'learning_rate': 0.1,
 'load': None,
 'model': 'complex',
 'optimizer': 'adagrad',
 'quiet': True,
 'save': None,
 'seed': 0,
 'test': 'data/yago3-10/test.tsv',
 'test_i': None,
 'test_ii': None,
 'train': 'data/yago3-10/train.tsv',
 'validate_every': 3}
INFO:kbc-cli.py:Device: cuda
INFO:kbc-cli.py:Model state:
INFO:kbc-cli.py:	entities.weight	torch.Size([123182, 2000])
INFO:kbc-cli.py:	predicates.weight	torch.Size([74, 2000])
INFO:kbc-cli.py:Epoch 1/100	Loss 12.8718 ± 3.0499
INFO:kbc-cli.py:Epoch 2/100	Loss 8.3198 ± 0.2591
INFO:kbc-cli.py:Epoch 3/100	Loss 7.8286 ± 0.2546
INFO:kbc-cli.py:Epoch 3/100	dev results	MRR 0.506294	H@1 0.420800	H@3 0.551100	H@5 0.605800	H@10 0.671200
INFO:kbc-cli.py:Epoch 3/100	test results	MRR 0.506005	H@1 0.418900	H@3 0.554200	H@5 0.607600	H@10 0.669500
INFO:kbc-cli.py:Epoch 4/100	Loss 7.6074 ± 0.2572
INFO:kbc-cli.py:Epoch 5/100	Loss 7.4725 ± 0.2607
INFO:kbc-cli.py:Epoch 6/100	Loss 7.3781 ± 0.2603
INFO:kbc-cli.py:Epoch 6/100	dev results	MRR 0.544160	H@1 0.463200	H@3 0.590200	H@5 0.642200	H@10 0.693100
INFO:kbc-cli.py:Epoch 6/100	test results	MRR 0.544261	H@1 0.461700	H@3 0.593400	H@5 0.641100	H@10 0.693900
INFO:kbc-cli.py:Epoch 7/100	Loss 7.3063 ± 0.2597
INFO:kbc-cli.py:Epoch 8/100	Loss 7.2490 ± 0.2581
INFO:kbc-cli.py:Epoch 9/100	Loss 7.2018 ± 0.2578
INFO:kbc-cli.py:Epoch 9/100	dev results	MRR 0.557229	H@1 0.476700	H@3 0.608300	H@5 0.653100	H@10 0.701900
INFO:kbc-cli.py:Epoch 9/100	test results	MRR 0.553546	H@1 0.471500	H@3 0.604700	H@5 0.650300	H@10 0.698900
INFO:kbc-cli.py:Epoch 10/100	Loss 7.1621 ± 0.2576
INFO:kbc-cli.py:Epoch 11/100	Loss 7.1277 ± 0.2557
INFO:kbc-cli.py:Epoch 12/100	Loss 7.0976 ± 0.2567
INFO:kbc-cli.py:Epoch 12/100	dev results	MRR 0.566724	H@1 0.489300	H@3 0.615900	H@5 0.656900	H@10 0.702900
INFO:kbc-cli.py:Epoch 12/100	test results	MRR 0.561401	H@1 0.481800	H@3 0.611800	H@5 0.652100	H@10 0.702600
INFO:kbc-cli.py:Epoch 13/100	Loss 7.0707 ± 0.2552
INFO:kbc-cli.py:Epoch 14/100	Loss 7.0467 ± 0.2549
INFO:kbc-cli.py:Epoch 15/100	Loss 7.0252 ± 0.2545
INFO:kbc-cli.py:Epoch 15/100	dev results	MRR 0.568881	H@1 0.492900	H@3 0.615900	H@5 0.659800	H@10 0.706100
INFO:kbc-cli.py:Epoch 15/100	test results	MRR 0.565205	H@1 0.487700	H@3 0.612000	H@5 0.655400	H@10 0.702900
INFO:kbc-cli.py:Epoch 16/100	Loss 7.0059 ± 0.2531
INFO:kbc-cli.py:Epoch 17/100	Loss 6.9879 ± 0.2525
INFO:kbc-cli.py:Epoch 18/100	Loss 6.9712 ± 0.2534
INFO:kbc-cli.py:Epoch 18/100	dev results	MRR 0.569042	H@1 0.492300	H@3 0.615500	H@5 0.659900	H@10 0.706000
INFO:kbc-cli.py:Epoch 18/100	test results	MRR 0.568292	H@1 0.490600	H@3 0.617200	H@5 0.658000	H@10 0.703500
INFO:kbc-cli.py:Epoch 19/100	Loss 6.9560 ± 0.2528
INFO:kbc-cli.py:Epoch 20/100	Loss 6.9420 ± 0.2489
INFO:kbc-cli.py:Epoch 21/100	Loss 6.9289 ± 0.2513
INFO:kbc-cli.py:Epoch 21/100	dev results	MRR 0.569597	H@1 0.492100	H@3 0.617500	H@5 0.660100	H@10 0.706100
INFO:kbc-cli.py:Epoch 21/100	test results	MRR 0.572245	H@1 0.497000	H@3 0.618300	H@5 0.659100	H@10 0.702600
INFO:kbc-cli.py:Epoch 22/100	Loss 6.9166 ± 0.2517
INFO:kbc-cli.py:Epoch 23/100	Loss 6.9050 ± 0.2506
INFO:kbc-cli.py:Epoch 24/100	Loss 6.8942 ± 0.2479
INFO:kbc-cli.py:Epoch 24/100	dev results	MRR 0.572205	H@1 0.496700	H@3 0.619600	H@5 0.660700	H@10 0.707200
INFO:kbc-cli.py:Epoch 24/100	test results	MRR 0.571504	H@1 0.495100	H@3 0.620500	H@5 0.657900	H@10 0.704700
INFO:kbc-cli.py:Epoch 25/100	Loss 6.8840 ± 0.2506
INFO:kbc-cli.py:Epoch 26/100	Loss 6.8743 ± 0.2486
INFO:kbc-cli.py:Epoch 27/100	Loss 6.8652 ± 0.2499
INFO:kbc-cli.py:Epoch 27/100	dev results	MRR 0.573209	H@1 0.498600	H@3 0.617900	H@5 0.661400	H@10 0.707400
INFO:kbc-cli.py:Epoch 27/100	test results	MRR 0.573676	H@1 0.498200	H@3 0.619500	H@5 0.660600	H@10 0.705100
INFO:kbc-cli.py:Epoch 28/100	Loss 6.8567 ± 0.2488
INFO:kbc-cli.py:Epoch 29/100	Loss 6.8484 ± 0.2464
INFO:kbc-cli.py:Epoch 30/100	Loss 6.8407 ± 0.2457
INFO:kbc-cli.py:Epoch 30/100	dev results	MRR 0.575244	H@1 0.502200	H@3 0.619500	H@5 0.661800	H@10 0.706400
INFO:kbc-cli.py:Epoch 30/100	test results	MRR 0.573930	H@1 0.497400	H@3 0.623000	H@5 0.661500	H@10 0.706500
INFO:kbc-cli.py:Epoch 31/100	Loss 6.8331 ± 0.2478
INFO:kbc-cli.py:Epoch 32/100	Loss 6.8260 ± 0.2425
INFO:kbc-cli.py:Epoch 33/100	Loss 6.8193 ± 0.2465
INFO:kbc-cli.py:Epoch 33/100	dev results	MRR 0.575209	H@1 0.501300	H@3 0.620500	H@5 0.662500	H@10 0.708200
INFO:kbc-cli.py:Epoch 33/100	test results	MRR 0.574971	H@1 0.499200	H@3 0.621900	H@5 0.661300	H@10 0.705300
INFO:kbc-cli.py:Epoch 34/100	Loss 6.8127 ± 0.2458
INFO:kbc-cli.py:Epoch 35/100	Loss 6.8064 ± 0.2447
INFO:kbc-cli.py:Epoch 36/100	Loss 6.8006 ± 0.2445
INFO:kbc-cli.py:Epoch 36/100	dev results	MRR 0.576032	H@1 0.503200	H@3 0.620400	H@5 0.660300	H@10 0.706800
INFO:kbc-cli.py:Epoch 36/100	test results	MRR 0.575769	H@1 0.501000	H@3 0.622100	H@5 0.662400	H@10 0.706500
INFO:kbc-cli.py:Epoch 37/100	Loss 6.7947 ± 0.2460
INFO:kbc-cli.py:Epoch 38/100	Loss 6.7891 ± 0.2464
