./bin/kbc-cli.py --train data/yago3-10/train.tsv --dev data/yago3-10/dev.tsv --test data/yago3-10/test.tsv -m complex -k 2000 -b 100 -e 100 --F2 0 --N3 0.005 -l 0.1 -I standard -V 3 -o adagrad -q
{'F2': 0.0,
 'N3': 0.005,
 'batch_size': 100,
 'dev': 'data/yago3-10/dev.tsv',
 'embedding_size': 2000,
 'epochs': 100,
 'eval_batch_size': None,
 'input_type': 'standard',
 'learning_rate': 0.1,
 'load': None,
 'model': 'complex',
 'optimizer': 'adagrad',
 'quiet': True,
 'save': None,
 'seed': 0,
 'test': 'data/yago3-10/test.tsv',
 'test_i': None,
 'test_ii': None,
 'train': 'data/yago3-10/train.tsv',
 'validate_every': 3}
INFO:kbc-cli.py:Device: cuda
INFO:kbc-cli.py:Model state:
INFO:kbc-cli.py:	entities.weight	torch.Size([123182, 4000])
INFO:kbc-cli.py:	predicates.weight	torch.Size([37, 4000])
INFO:kbc-cli.py:Epoch 1/100	Loss 17.3731 ± 2.4714
INFO:kbc-cli.py:Epoch 2/100	Loss 11.1664 ± 0.2762
INFO:kbc-cli.py:Epoch 3/100	Loss 9.7658 ± 0.3088
INFO:kbc-cli.py:Epoch 3/100	dev results	MRR 0.463106	H@1 0.372900	H@3 0.507500	H@5 0.564500	H@10 0.635000
INFO:kbc-cli.py:Epoch 3/100	test results	MRR 0.465033	H@1 0.377000	H@3 0.506800	H@5 0.561700	H@10 0.635200
INFO:kbc-cli.py:Epoch 4/100	Loss 9.2388 ± 0.3178
INFO:kbc-cli.py:Epoch 5/100	Loss 8.9278 ± 0.3207
INFO:kbc-cli.py:Epoch 6/100	Loss 8.7138 ± 0.3162
INFO:kbc-cli.py:Epoch 6/100	dev results	MRR 0.519982	H@1 0.432800	H@3 0.569600	H@5 0.624000	H@10 0.684100
INFO:kbc-cli.py:Epoch 6/100	test results	MRR 0.515635	H@1 0.429000	H@3 0.566200	H@5 0.615800	H@10 0.677000
INFO:kbc-cli.py:Epoch 7/100	Loss 8.5528 ± 0.3148
INFO:kbc-cli.py:Epoch 8/100	Loss 8.4250 ± 0.3120
INFO:kbc-cli.py:Epoch 9/100	Loss 8.3210 ± 0.3087
INFO:kbc-cli.py:Epoch 9/100	dev results	MRR 0.542672	H@1 0.457900	H@3 0.592500	H@5 0.643700	H@10 0.698400
INFO:kbc-cli.py:Epoch 9/100	test results	MRR 0.535825	H@1 0.450200	H@3 0.585700	H@5 0.637000	H@10 0.693400
INFO:kbc-cli.py:Epoch 10/100	Loss 8.2328 ± 0.3082
INFO:kbc-cli.py:Epoch 11/100	Loss 8.1575 ± 0.3017
INFO:kbc-cli.py:Epoch 12/100	Loss 8.0926 ± 0.2965
INFO:kbc-cli.py:Epoch 12/100	dev results	MRR 0.553664	H@1 0.471400	H@3 0.603800	H@5 0.648400	H@10 0.703800
INFO:kbc-cli.py:Epoch 12/100	test results	MRR 0.553445	H@1 0.472600	H@3 0.603800	H@5 0.648400	H@10 0.700100
INFO:kbc-cli.py:Epoch 13/100	Loss 8.0350 ± 0.3002
INFO:kbc-cli.py:Epoch 14/100	Loss 7.9834 ± 0.2958
INFO:kbc-cli.py:Epoch 15/100	Loss 7.9375 ± 0.2948
INFO:kbc-cli.py:Epoch 15/100	dev results	MRR 0.563703	H@1 0.483100	H@3 0.614200	H@5 0.659100	H@10 0.707300
INFO:kbc-cli.py:Epoch 15/100	test results	MRR 0.558002	H@1 0.476900	H@3 0.609400	H@5 0.653400	H@10 0.702500
INFO:kbc-cli.py:Epoch 16/100	Loss 7.8960 ± 0.2943
INFO:kbc-cli.py:Epoch 17/100	Loss 7.8581 ± 0.2886
INFO:kbc-cli.py:Epoch 18/100	Loss 7.8235 ± 0.2874
INFO:kbc-cli.py:Epoch 18/100	dev results	MRR 0.567618	H@1 0.490600	H@3 0.614800	H@5 0.659500	H@10 0.708900
INFO:kbc-cli.py:Epoch 18/100	test results	MRR 0.562498	H@1 0.484000	H@3 0.610700	H@5 0.656000	H@10 0.704300
INFO:kbc-cli.py:Epoch 19/100	Loss 7.7915 ± 0.2893
INFO:kbc-cli.py:Epoch 20/100	Loss 7.7622 ± 0.2876
INFO:kbc-cli.py:Epoch 21/100	Loss 7.7348 ± 0.2835
INFO:kbc-cli.py:Epoch 21/100	dev results	MRR 0.569800	H@1 0.490600	H@3 0.619000	H@5 0.662000	H@10 0.711400
INFO:kbc-cli.py:Epoch 21/100	test results	MRR 0.567123	H@1 0.488100	H@3 0.617300	H@5 0.659200	H@10 0.706200
INFO:kbc-cli.py:Epoch 22/100	Loss 7.7093 ± 0.2865
INFO:kbc-cli.py:Epoch 23/100	Loss 7.6856 ± 0.2825
INFO:kbc-cli.py:Epoch 24/100	Loss 7.6633 ± 0.2823
INFO:kbc-cli.py:Epoch 24/100	dev results	MRR 0.571872	H@1 0.493000	H@3 0.621900	H@5 0.664200	H@10 0.710300
INFO:kbc-cli.py:Epoch 24/100	test results	MRR 0.569183	H@1 0.490200	H@3 0.618300	H@5 0.660100	H@10 0.706800
INFO:kbc-cli.py:Epoch 25/100	Loss 7.6422 ± 0.2777
INFO:kbc-cli.py:Epoch 26/100	Loss 7.6226 ± 0.2777
INFO:kbc-cli.py:Epoch 27/100	Loss 7.6039 ± 0.2816
INFO:kbc-cli.py:Epoch 27/100	dev results	MRR 0.573216	H@1 0.495400	H@3 0.624100	H@5 0.663800	H@10 0.709400
INFO:kbc-cli.py:Epoch 27/100	test results	MRR 0.571856	H@1 0.494300	H@3 0.620700	H@5 0.662800	H@10 0.707200
INFO:kbc-cli.py:Epoch 28/100	Loss 7.5863 ± 0.2782
INFO:kbc-cli.py:Epoch 29/100	Loss 7.5696 ± 0.2735
INFO:kbc-cli.py:Epoch 30/100	Loss 7.5539 ± 0.2756
INFO:kbc-cli.py:Epoch 30/100	dev results	MRR 0.575584	H@1 0.499900	H@3 0.622100	H@5 0.663600	H@10 0.711900
INFO:kbc-cli.py:Epoch 30/100	test results	MRR 0.573043	H@1 0.495700	H@3 0.622400	H@5 0.664100	H@10 0.707900
INFO:kbc-cli.py:Epoch 31/100	Loss 7.5387 ± 0.2758
INFO:kbc-cli.py:Epoch 32/100	Loss 7.5243 ± 0.2731
INFO:kbc-cli.py:Epoch 33/100	Loss 7.5105 ± 0.2712
INFO:kbc-cli.py:Epoch 33/100	dev results	MRR 0.577730	H@1 0.502100	H@3 0.625900	H@5 0.665700	H@10 0.713000
INFO:kbc-cli.py:Epoch 33/100	test results	MRR 0.573968	H@1 0.496900	H@3 0.622600	H@5 0.664100	H@10 0.710200
INFO:kbc-cli.py:Epoch 34/100	Loss 7.4975 ± 0.2695
INFO:kbc-cli.py:Epoch 35/100	Loss 7.4849 ± 0.2706
INFO:kbc-cli.py:Epoch 36/100	Loss 7.4731 ± 0.2724
INFO:kbc-cli.py:Epoch 36/100	dev results	MRR 0.578188	H@1 0.503900	H@3 0.624100	H@5 0.664300	H@10 0.712000
INFO:kbc-cli.py:Epoch 36/100	test results	MRR 0.574938	H@1 0.498500	H@3 0.623500	H@5 0.663300	H@10 0.709000
INFO:kbc-cli.py:Epoch 37/100	Loss 7.4613 ± 0.2700
INFO:kbc-cli.py:Epoch 38/100	Loss 7.4504 ± 0.2701
