./bin/kbc-cli.py --train data/yago3-10/train.tsv --dev data/yago3-10/dev.tsv --test data/yago3-10/test.tsv -m complex -k 1000 -b 100 -e 100 --F2 0 --N3 0.005 -l 0.1 -I standard -V 3 -o adagrad -q
{'F2': 0.0,
 'N3': 0.005,
 'batch_size': 100,
 'dev': 'data/yago3-10/dev.tsv',
 'embedding_size': 1000,
 'epochs': 100,
 'eval_batch_size': None,
 'input_type': 'standard',
 'learning_rate': 0.1,
 'load': None,
 'model': 'complex',
 'optimizer': 'adagrad',
 'quiet': True,
 'save': None,
 'seed': 0,
 'test': 'data/yago3-10/test.tsv',
 'test_i': None,
 'test_ii': None,
 'train': 'data/yago3-10/train.tsv',
 'validate_every': 3}
INFO:kbc-cli.py:Device: cuda
INFO:kbc-cli.py:Model state:
INFO:kbc-cli.py:	entities.weight	torch.Size([123182, 2000])
INFO:kbc-cli.py:	predicates.weight	torch.Size([37, 2000])
INFO:kbc-cli.py:Epoch 1/100	Loss 17.2109 ± 2.4828
INFO:kbc-cli.py:Epoch 2/100	Loss 10.9376 ± 0.2724
INFO:kbc-cli.py:Epoch 3/100	Loss 9.5288 ± 0.3141
INFO:kbc-cli.py:Epoch 3/100	dev results	MRR 0.463923	H@1 0.373400	H@3 0.510200	H@5 0.565800	H@10 0.636700
INFO:kbc-cli.py:Epoch 3/100	test results	MRR 0.465532	H@1 0.377900	H@3 0.508200	H@5 0.561700	H@10 0.635800
INFO:kbc-cli.py:Epoch 4/100	Loss 9.0172 ± 0.3230
INFO:kbc-cli.py:Epoch 5/100	Loss 8.7229 ± 0.3240
INFO:kbc-cli.py:Epoch 6/100	Loss 8.5238 ± 0.3188
INFO:kbc-cli.py:Epoch 6/100	dev results	MRR 0.520888	H@1 0.435200	H@3 0.568800	H@5 0.619200	H@10 0.677800
INFO:kbc-cli.py:Epoch 6/100	test results	MRR 0.516518	H@1 0.431400	H@3 0.563500	H@5 0.613700	H@10 0.677100
INFO:kbc-cli.py:Epoch 7/100	Loss 8.3757 ± 0.3165
INFO:kbc-cli.py:Epoch 8/100	Loss 8.2594 ± 0.3129
INFO:kbc-cli.py:Epoch 9/100	Loss 8.1652 ± 0.3094
INFO:kbc-cli.py:Epoch 9/100	dev results	MRR 0.542237	H@1 0.458400	H@3 0.592000	H@5 0.640000	H@10 0.695700
INFO:kbc-cli.py:Epoch 9/100	test results	MRR 0.535457	H@1 0.450700	H@3 0.584000	H@5 0.635400	H@10 0.690500
INFO:kbc-cli.py:Epoch 10/100	Loss 8.0859 ± 0.3083
INFO:kbc-cli.py:Epoch 11/100	Loss 8.0185 ± 0.3011
INFO:kbc-cli.py:Epoch 12/100	Loss 7.9605 ± 0.2958
INFO:kbc-cli.py:Epoch 12/100	dev results	MRR 0.550664	H@1 0.467100	H@3 0.603400	H@5 0.647100	H@10 0.699500
INFO:kbc-cli.py:Epoch 12/100	test results	MRR 0.551058	H@1 0.470600	H@3 0.600000	H@5 0.643600	H@10 0.696100
INFO:kbc-cli.py:Epoch 13/100	Loss 7.9091 ± 0.2990
INFO:kbc-cli.py:Epoch 14/100	Loss 7.8634 ± 0.2950
INFO:kbc-cli.py:Epoch 15/100	Loss 7.8228 ± 0.2933
INFO:kbc-cli.py:Epoch 15/100	dev results	MRR 0.562290	H@1 0.482900	H@3 0.612900	H@5 0.653300	H@10 0.701200
INFO:kbc-cli.py:Epoch 15/100	test results	MRR 0.555788	H@1 0.475000	H@3 0.604900	H@5 0.648600	H@10 0.700100
INFO:kbc-cli.py:Epoch 16/100	Loss 7.7860 ± 0.2926
INFO:kbc-cli.py:Epoch 17/100	Loss 7.7525 ± 0.2868
INFO:kbc-cli.py:Epoch 18/100	Loss 7.7220 ± 0.2854
INFO:kbc-cli.py:Epoch 18/100	dev results	MRR 0.565619	H@1 0.487500	H@3 0.613500	H@5 0.657100	H@10 0.703300
INFO:kbc-cli.py:Epoch 18/100	test results	MRR 0.561092	H@1 0.483100	H@3 0.607000	H@5 0.652700	H@10 0.701800
INFO:kbc-cli.py:Epoch 19/100	Loss 7.6936 ± 0.2871
INFO:kbc-cli.py:Epoch 20/100	Loss 7.6678 ± 0.2857
INFO:kbc-cli.py:Epoch 21/100	Loss 7.6436 ± 0.2814
INFO:kbc-cli.py:Epoch 21/100	dev results	MRR 0.568415	H@1 0.490100	H@3 0.618000	H@5 0.660500	H@10 0.708300
INFO:kbc-cli.py:Epoch 21/100	test results	MRR 0.564955	H@1 0.487500	H@3 0.611100	H@5 0.655500	H@10 0.704400
INFO:kbc-cli.py:Epoch 22/100	Loss 7.6211 ± 0.2841
INFO:kbc-cli.py:Epoch 23/100	Loss 7.6001 ± 0.2804
INFO:kbc-cli.py:Epoch 24/100	Loss 7.5805 ± 0.2799
INFO:kbc-cli.py:Epoch 24/100	dev results	MRR 0.572149	H@1 0.494400	H@3 0.622900	H@5 0.662200	H@10 0.707800
INFO:kbc-cli.py:Epoch 24/100	test results	MRR 0.568948	H@1 0.492200	H@3 0.613700	H@5 0.656200	H@10 0.705100
INFO:kbc-cli.py:Epoch 25/100	Loss 7.5618 ± 0.2755
INFO:kbc-cli.py:Epoch 26/100	Loss 7.5444 ± 0.2755
INFO:kbc-cli.py:Epoch 27/100	Loss 7.5279 ± 0.2793
INFO:kbc-cli.py:Epoch 27/100	dev results	MRR 0.572757	H@1 0.497200	H@3 0.619300	H@5 0.661500	H@10 0.706700
INFO:kbc-cli.py:Epoch 27/100	test results	MRR 0.568715	H@1 0.491000	H@3 0.614700	H@5 0.659400	H@10 0.707000
INFO:kbc-cli.py:Epoch 28/100	Loss 7.5123 ± 0.2761
INFO:kbc-cli.py:Epoch 29/100	Loss 7.4975 ± 0.2712
INFO:kbc-cli.py:Epoch 30/100	Loss 7.4836 ± 0.2734
INFO:kbc-cli.py:Epoch 30/100	dev results	MRR 0.574686	H@1 0.498900	H@3 0.623300	H@5 0.661600	H@10 0.707800
INFO:kbc-cli.py:Epoch 30/100	test results	MRR 0.571619	H@1 0.494900	H@3 0.618900	H@5 0.660900	H@10 0.707100
INFO:kbc-cli.py:Epoch 31/100	Loss 7.4701 ± 0.2735
INFO:kbc-cli.py:Epoch 32/100	Loss 7.4573 ± 0.2709
INFO:kbc-cli.py:Epoch 33/100	Loss 7.4451 ± 0.2688
INFO:kbc-cli.py:Epoch 33/100	dev results	MRR 0.577025	H@1 0.501900	H@3 0.623700	H@5 0.665100	H@10 0.708800
INFO:kbc-cli.py:Epoch 33/100	test results	MRR 0.573806	H@1 0.497800	H@3 0.620300	H@5 0.660500	H@10 0.708000
INFO:kbc-cli.py:Epoch 34/100	Loss 7.4335 ± 0.2669
INFO:kbc-cli.py:Epoch 35/100	Loss 7.4223 ± 0.2682
INFO:kbc-cli.py:Epoch 36/100	Loss 7.4118 ± 0.2701
INFO:kbc-cli.py:Epoch 36/100	dev results	MRR 0.577875	H@1 0.505500	H@3 0.623900	H@5 0.661900	H@10 0.707200
INFO:kbc-cli.py:Epoch 36/100	test results	MRR 0.575306	H@1 0.500500	H@3 0.620700	H@5 0.661800	H@10 0.708600
INFO:kbc-cli.py:Epoch 37/100	Loss 7.4013 ± 0.2677
INFO:kbc-cli.py:Epoch 38/100	Loss 7.3916 ± 0.2678
INFO:kbc-cli.py:Epoch 39/100	Loss 7.3822 ± 0.2632
INFO:kbc-cli.py:Epoch 39/100	dev results	MRR 0.578671	H@1 0.504800	H@3 0.624400	H@5 0.663600	H@10 0.708400
INFO:kbc-cli.py:Epoch 39/100	test results	MRR 0.575329	H@1 0.499500	H@3 0.622000	H@5 0.663500	H@10 0.709000
INFO:kbc-cli.py:Epoch 40/100	Loss 7.3730 ± 0.2661
INFO:kbc-cli.py:Epoch 41/100	Loss 7.3643 ± 0.2671
INFO:kbc-cli.py:Epoch 42/100	Loss 7.3558 ± 0.2626
INFO:kbc-cli.py:Epoch 42/100	dev results	MRR 0.578270	H@1 0.504300	H@3 0.622800	H@5 0.663300	H@10 0.708800
INFO:kbc-cli.py:Epoch 42/100	test results	MRR 0.577558	H@1 0.503200	H@3 0.622500	H@5 0.663400	H@10 0.708200
INFO:kbc-cli.py:Epoch 43/100	Loss 7.3475 ± 0.2659
INFO:kbc-cli.py:Epoch 44/100	Loss 7.3398 ± 0.2632
INFO:kbc-cli.py:Epoch 45/100	Loss 7.3321 ± 0.2617
INFO:kbc-cli.py:Epoch 45/100	dev results	MRR 0.579786	H@1 0.506400	H@3 0.624600	H@5 0.665300	H@10 0.709400
INFO:kbc-cli.py:Epoch 45/100	test results	MRR 0.578792	H@1 0.504100	H@3 0.623900	H@5 0.664100	H@10 0.710300
INFO:kbc-cli.py:Epoch 46/100	Loss 7.3248 ± 0.2609
INFO:kbc-cli.py:Epoch 47/100	Loss 7.3175 ± 0.2614
INFO:kbc-cli.py:Epoch 48/100	Loss 7.3106 ± 0.2611
INFO:kbc-cli.py:Epoch 48/100	dev results	MRR 0.579428	H@1 0.507200	H@3 0.621100	H@5 0.664600	H@10 0.709600
INFO:kbc-cli.py:Epoch 48/100	test results	MRR 0.578005	H@1 0.502900	H@3 0.623200	H@5 0.662300	H@10 0.710600
INFO:kbc-cli.py:Epoch 49/100	Loss 7.3040 ± 0.2612
INFO:kbc-cli.py:Epoch 50/100	Loss 7.2974 ± 0.2597
INFO:kbc-cli.py:Epoch 51/100	Loss 7.2912 ± 0.2598
INFO:kbc-cli.py:Epoch 51/100	dev results	MRR 0.580958	H@1 0.509800	H@3 0.622300	H@5 0.663000	H@10 0.709600
INFO:kbc-cli.py:Epoch 51/100	test results	MRR 0.578053	H@1 0.503500	H@3 0.622000	H@5 0.664000	H@10 0.710500
INFO:kbc-cli.py:Epoch 52/100	Loss 7.2850 ± 0.2622
INFO:kbc-cli.py:Epoch 53/100	Loss 7.2792 ± 0.2555
INFO:kbc-cli.py:Epoch 54/100	Loss 7.2734 ± 0.2582
INFO:kbc-cli.py:Epoch 54/100	dev results	MRR 0.579373	H@1 0.507500	H@3 0.621900	H@5 0.662500	H@10 0.709200
INFO:kbc-cli.py:Epoch 54/100	test results	MRR 0.580438	H@1 0.507600	H@3 0.623700	H@5 0.665400	H@10 0.711200
INFO:kbc-cli.py:Epoch 55/100	Loss 7.2677 ± 0.2563
INFO:kbc-cli.py:Epoch 56/100	Loss 7.2623 ± 0.2545
INFO:kbc-cli.py:Epoch 57/100	Loss 7.2569 ± 0.2562
INFO:kbc-cli.py:Epoch 57/100	dev results	MRR 0.580469	H@1 0.509300	H@3 0.622100	H@5 0.664200	H@10 0.710000
INFO:kbc-cli.py:Epoch 57/100	test results	MRR 0.578157	H@1 0.503800	H@3 0.621200	H@5 0.665600	H@10 0.710100
INFO:kbc-cli.py:Epoch 58/100	Loss 7.2517 ± 0.2557
INFO:kbc-cli.py:Epoch 59/100	Loss 7.2465 ± 0.2564
INFO:kbc-cli.py:Epoch 60/100	Loss 7.2418 ± 0.2567
INFO:kbc-cli.py:Epoch 60/100	dev results	MRR 0.581841	H@1 0.510700	H@3 0.623800	H@5 0.665100	H@10 0.708300
INFO:kbc-cli.py:Epoch 60/100	test results	MRR 0.578779	H@1 0.504400	H@3 0.622900	H@5 0.664600	H@10 0.711500
INFO:kbc-cli.py:Epoch 61/100	Loss 7.2368 ± 0.2554
INFO:kbc-cli.py:Epoch 62/100	Loss 7.2322 ± 0.2580
INFO:kbc-cli.py:Epoch 63/100	Loss 7.2276 ± 0.2544
INFO:kbc-cli.py:Epoch 63/100	dev results	MRR 0.581346	H@1 0.510100	H@3 0.623300	H@5 0.663200	H@10 0.708400
INFO:kbc-cli.py:Epoch 63/100	test results	MRR 0.578248	H@1 0.504100	H@3 0.622500	H@5 0.664100	H@10 0.709900
INFO:kbc-cli.py:Epoch 64/100	Loss 7.2231 ± 0.2504
INFO:kbc-cli.py:Epoch 65/100	Loss 7.2189 ± 0.2516
INFO:kbc-cli.py:Epoch 66/100	Loss 7.2145 ± 0.2538
INFO:kbc-cli.py:Epoch 66/100	dev results	MRR 0.582346	H@1 0.512200	H@3 0.624300	H@5 0.663500	H@10 0.708200
INFO:kbc-cli.py:Epoch 66/100	test results	MRR 0.580109	H@1 0.506600	H@3 0.624300	H@5 0.664600	H@10 0.709900
INFO:kbc-cli.py:Epoch 67/100	Loss 7.2103 ± 0.2542
INFO:kbc-cli.py:Epoch 68/100	Loss 7.2063 ± 0.2543
