./bin/kbc-cli.py --train data/yago3-10/train.tsv --dev data/yago3-10/dev.tsv --test data/yago3-10/test.tsv -m complex -k 500 -b 100 -e 100 --F2 0 --N3 0.5 -l 0.1 -I standard -V 3 -o adagrad -q
{'F2': 0.0,
 'N3': 0.5,
 'batch_size': 100,
 'dev': 'data/yago3-10/dev.tsv',
 'embedding_size': 500,
 'epochs': 100,
 'eval_batch_size': None,
 'input_type': 'standard',
 'learning_rate': 0.1,
 'load': None,
 'model': 'complex',
 'optimizer': 'adagrad',
 'quiet': True,
 'save': None,
 'seed': 0,
 'test': 'data/yago3-10/test.tsv',
 'test_i': None,
 'test_ii': None,
 'train': 'data/yago3-10/train.tsv',
 'validate_every': 3}
INFO:kbc-cli.py:Device: cuda
INFO:kbc-cli.py:Model state:
INFO:kbc-cli.py:	entities.weight	torch.Size([123182, 1000])
INFO:kbc-cli.py:	predicates.weight	torch.Size([37, 1000])
INFO:kbc-cli.py:Epoch 1/100	Loss 346.1204 ± 78.7703
INFO:kbc-cli.py:Epoch 2/100	Loss 201.1336 ± 22.7526
INFO:kbc-cli.py:Epoch 3/100	Loss 150.9261 ± 14.3014
INFO:kbc-cli.py:Epoch 3/100	dev results	MRR 0.047813	H@1 0.037300	H@3 0.048200	H@5 0.054500	H@10 0.065400
INFO:kbc-cli.py:Epoch 3/100	test results	MRR 0.047820	H@1 0.037500	H@3 0.048300	H@5 0.053700	H@10 0.064300
INFO:kbc-cli.py:Epoch 4/100	Loss 122.7159 ± 11.0384
INFO:kbc-cli.py:Epoch 5/100	Loss 104.3024 ± 9.2197
INFO:kbc-cli.py:Epoch 6/100	Loss 91.2623 ± 8.0467
INFO:kbc-cli.py:Epoch 6/100	dev results	MRR 0.048425	H@1 0.038000	H@3 0.049100	H@5 0.054900	H@10 0.063900
INFO:kbc-cli.py:Epoch 6/100	test results	MRR 0.048099	H@1 0.037800	H@3 0.048700	H@5 0.053000	H@10 0.063300
INFO:kbc-cli.py:Epoch 7/100	Loss 81.5276 ± 7.1969
INFO:kbc-cli.py:Epoch 8/100	Loss 73.9713 ± 6.4919
INFO:kbc-cli.py:Epoch 9/100	Loss 67.9472 ± 6.0046
INFO:kbc-cli.py:Epoch 9/100	dev results	MRR 0.053186	H@1 0.038700	H@3 0.053500	H@5 0.061900	H@10 0.076900
INFO:kbc-cli.py:Epoch 9/100	test results	MRR 0.053988	H@1 0.039900	H@3 0.054200	H@5 0.060800	H@10 0.076900
INFO:kbc-cli.py:Epoch 10/100	Loss 63.0468 ± 5.5810
INFO:kbc-cli.py:Epoch 11/100	Loss 58.9865 ± 5.2520
INFO:kbc-cli.py:Epoch 12/100	Loss 55.5725 ± 4.9375
INFO:kbc-cli.py:Epoch 12/100	dev results	MRR 0.057867	H@1 0.040200	H@3 0.057700	H@5 0.069400	H@10 0.087100
INFO:kbc-cli.py:Epoch 12/100	test results	MRR 0.059580	H@1 0.041800	H@3 0.060000	H@5 0.070000	H@10 0.087700
INFO:kbc-cli.py:Epoch 13/100	Loss 52.6662 ± 4.6825
INFO:kbc-cli.py:Epoch 14/100	Loss 50.1662 ± 4.4248
INFO:kbc-cli.py:Epoch 15/100	Loss 47.9967 ± 4.2176
INFO:kbc-cli.py:Epoch 15/100	dev results	MRR 0.063497	H@1 0.041300	H@3 0.064400	H@5 0.078000	H@10 0.097900
INFO:kbc-cli.py:Epoch 15/100	test results	MRR 0.065748	H@1 0.044100	H@3 0.067000	H@5 0.077800	H@10 0.099000
INFO:kbc-cli.py:Epoch 16/100	Loss 46.0983 ± 4.0298
INFO:kbc-cli.py:Epoch 17/100	Loss 44.4266 ± 3.8295
INFO:kbc-cli.py:Epoch 18/100	Loss 42.9448 ± 3.6492
INFO:kbc-cli.py:Epoch 18/100	dev results	MRR 0.067856	H@1 0.041400	H@3 0.070200	H@5 0.085900	H@10 0.111000
INFO:kbc-cli.py:Epoch 18/100	test results	MRR 0.070920	H@1 0.046300	H@3 0.071600	H@5 0.084800	H@10 0.109900
INFO:kbc-cli.py:Epoch 19/100	Loss 41.6238 ± 3.5142
INFO:kbc-cli.py:Epoch 20/100	Loss 40.4411 ± 3.4720
INFO:kbc-cli.py:Epoch 21/100	Loss 39.3768 ± 3.3037
INFO:kbc-cli.py:Epoch 21/100	dev results	MRR 0.069364	H@1 0.037500	H@3 0.076300	H@5 0.090100	H@10 0.120300
INFO:kbc-cli.py:Epoch 21/100	test results	MRR 0.072507	H@1 0.041000	H@3 0.078500	H@5 0.092100	H@10 0.122000
INFO:kbc-cli.py:Epoch 22/100	Loss 38.4141 ± 3.1655
INFO:kbc-cli.py:Epoch 23/100	Loss 37.5408 ± 3.0449
INFO:kbc-cli.py:Epoch 24/100	Loss 36.7456 ± 2.9857
INFO:kbc-cli.py:Epoch 24/100	dev results	MRR 0.070144	H@1 0.032100	H@3 0.082800	H@5 0.096800	H@10 0.127000
INFO:kbc-cli.py:Epoch 24/100	test results	MRR 0.072567	H@1 0.034900	H@3 0.082700	H@5 0.098500	H@10 0.129800
INFO:kbc-cli.py:Epoch 25/100	Loss 36.0192 ± 2.8942
INFO:kbc-cli.py:Epoch 26/100	Loss 35.3529 ± 2.8194
INFO:kbc-cli.py:Epoch 27/100	Loss 34.7409 ± 2.7285
INFO:kbc-cli.py:Epoch 27/100	dev results	MRR 0.071107	H@1 0.030200	H@3 0.084500	H@5 0.099200	H@10 0.131300
INFO:kbc-cli.py:Epoch 27/100	test results	MRR 0.074017	H@1 0.033600	H@3 0.086400	H@5 0.102100	H@10 0.135600
INFO:kbc-cli.py:Epoch 28/100	Loss 34.1767 ± 2.6393
INFO:kbc-cli.py:Epoch 29/100	Loss 33.6547 ± 2.5412
INFO:kbc-cli.py:Epoch 30/100	Loss 33.1711 ± 2.5248
INFO:kbc-cli.py:Epoch 30/100	dev results	MRR 0.073122	H@1 0.031000	H@3 0.087300	H@5 0.102000	H@10 0.135100
INFO:kbc-cli.py:Epoch 30/100	test results	MRR 0.075776	H@1 0.033900	H@3 0.089000	H@5 0.105500	H@10 0.142500
INFO:kbc-cli.py:Epoch 31/100	Loss 32.7227 ± 2.4447
INFO:kbc-cli.py:Epoch 32/100	Loss 32.3042 ± 2.3690
INFO:kbc-cli.py:Epoch 33/100	Loss 31.9147 ± 2.3028
INFO:kbc-cli.py:Epoch 33/100	dev results	MRR 0.075339	H@1 0.032600	H@3 0.089400	H@5 0.104700	H@10 0.139100
INFO:kbc-cli.py:Epoch 33/100	test results	MRR 0.079265	H@1 0.036700	H@3 0.092000	H@5 0.109400	H@10 0.146500
INFO:kbc-cli.py:Epoch 34/100	Loss 31.5503 ± 2.2301
INFO:kbc-cli.py:Epoch 35/100	Loss 31.2097 ± 2.1832
INFO:kbc-cli.py:Epoch 36/100	Loss 30.8901 ± 2.1342
INFO:kbc-cli.py:Epoch 36/100	dev results	MRR 0.076640	H@1 0.034100	H@3 0.090100	H@5 0.106900	H@10 0.141800
INFO:kbc-cli.py:Epoch 36/100	test results	MRR 0.080366	H@1 0.038000	H@3 0.092400	H@5 0.111400	H@10 0.150700
INFO:kbc-cli.py:Epoch 37/100	Loss 30.5902 ± 2.0849
INFO:kbc-cli.py:Epoch 38/100	Loss 30.3077 ± 2.0347
INFO:kbc-cli.py:Epoch 39/100	Loss 30.0420 ± 2.0141
INFO:kbc-cli.py:Epoch 39/100	dev results	MRR 0.077131	H@1 0.034800	H@3 0.087500	H@5 0.107900	H@10 0.145700
INFO:kbc-cli.py:Epoch 39/100	test results	MRR 0.080972	H@1 0.038700	H@3 0.091000	H@5 0.112700	H@10 0.150300
INFO:kbc-cli.py:Epoch 40/100	Loss 29.7919 ± 1.9847
INFO:kbc-cli.py:Epoch 41/100	Loss 29.5546 ± 1.9329
INFO:kbc-cli.py:Epoch 42/100	Loss 29.3307 ± 1.8536
INFO:kbc-cli.py:Epoch 42/100	dev results	MRR 0.078021	H@1 0.036500	H@3 0.086500	H@5 0.109800	H@10 0.147100
INFO:kbc-cli.py:Epoch 42/100	test results	MRR 0.081007	H@1 0.039100	H@3 0.088800	H@5 0.114900	H@10 0.152800
INFO:kbc-cli.py:Epoch 43/100	Loss 29.1188 ± 1.8335
INFO:kbc-cli.py:Epoch 44/100	Loss 28.9174 ± 1.8251
INFO:kbc-cli.py:Epoch 45/100	Loss 28.7267 ± 1.7853
INFO:kbc-cli.py:Epoch 45/100	dev results	MRR 0.077573	H@1 0.036800	H@3 0.084200	H@5 0.110700	H@10 0.149400
INFO:kbc-cli.py:Epoch 45/100	test results	MRR 0.080900	H@1 0.039600	H@3 0.084700	H@5 0.116400	H@10 0.155900
INFO:kbc-cli.py:Epoch 46/100	Loss 28.5453 ± 1.7649
INFO:kbc-cli.py:Epoch 47/100	Loss 28.3731 ± 1.7194
INFO:kbc-cli.py:Epoch 48/100	Loss 28.2091 ± 1.6909
INFO:kbc-cli.py:Epoch 48/100	dev results	MRR 0.078162	H@1 0.038100	H@3 0.081600	H@5 0.111500	H@10 0.151000
INFO:kbc-cli.py:Epoch 48/100	test results	MRR 0.080855	H@1 0.039100	H@3 0.084700	H@5 0.118400	H@10 0.159300
INFO:kbc-cli.py:Epoch 49/100	Loss 28.0530 ± 1.6439
INFO:kbc-cli.py:Epoch 50/100	Loss 27.9038 ± 1.6296
INFO:kbc-cli.py:Epoch 51/100	Loss 27.7615 ± 1.6022
INFO:kbc-cli.py:Epoch 51/100	dev results	MRR 0.078195	H@1 0.037900	H@3 0.081400	H@5 0.111300	H@10 0.152300
INFO:kbc-cli.py:Epoch 51/100	test results	MRR 0.081835	H@1 0.039900	H@3 0.085500	H@5 0.117900	H@10 0.159900
INFO:kbc-cli.py:Epoch 52/100	Loss 27.6256 ± 1.5865
INFO:kbc-cli.py:Epoch 53/100	Loss 27.4957 ± 1.5231
INFO:kbc-cli.py:Epoch 54/100	Loss 27.3718 ± 1.4973
INFO:kbc-cli.py:Epoch 54/100	dev results	MRR 0.078737	H@1 0.038800	H@3 0.081300	H@5 0.110500	H@10 0.154600
INFO:kbc-cli.py:Epoch 54/100	test results	MRR 0.081478	H@1 0.040500	H@3 0.082900	H@5 0.117100	H@10 0.160300
INFO:kbc-cli.py:Epoch 55/100	Loss 27.2523 ± 1.4889
INFO:kbc-cli.py:Epoch 56/100	Loss 27.1383 ± 1.4519
INFO:kbc-cli.py:Epoch 57/100	Loss 27.0289 ± 1.4420
INFO:kbc-cli.py:Epoch 57/100	dev results	MRR 0.078692	H@1 0.038000	H@3 0.081200	H@5 0.109300	H@10 0.156200
INFO:kbc-cli.py:Epoch 57/100	test results	MRR 0.081905	H@1 0.040800	H@3 0.084200	H@5 0.115800	H@10 0.160300
INFO:kbc-cli.py:Epoch 58/100	Loss 26.9237 ± 1.4136
INFO:kbc-cli.py:Epoch 59/100	Loss 26.8230 ± 1.4037
INFO:kbc-cli.py:Epoch 60/100	Loss 26.7263 ± 1.3815
INFO:kbc-cli.py:Epoch 60/100	dev results	MRR 0.079204	H@1 0.039100	H@3 0.080500	H@5 0.110300	H@10 0.155700
INFO:kbc-cli.py:Epoch 60/100	test results	MRR 0.083182	H@1 0.042100	H@3 0.084500	H@5 0.116400	H@10 0.163400
INFO:kbc-cli.py:Epoch 61/100	Loss 26.6329 ± 1.3638
INFO:kbc-cli.py:Epoch 62/100	Loss 26.5430 ± 1.3428
INFO:kbc-cli.py:Epoch 63/100	Loss 26.4566 ± 1.3183
INFO:kbc-cli.py:Epoch 63/100	dev results	MRR 0.080619	H@1 0.041000	H@3 0.081300	H@5 0.111500	H@10 0.154700
INFO:kbc-cli.py:Epoch 63/100	test results	MRR 0.083466	H@1 0.043100	H@3 0.083600	H@5 0.115000	H@10 0.160900
INFO:kbc-cli.py:Epoch 64/100	Loss 26.3735 ± 1.3067
INFO:kbc-cli.py:Epoch 65/100	Loss 26.2933 ± 1.2711
INFO:kbc-cli.py:Epoch 66/100	Loss 26.2163 ± 1.2513
INFO:kbc-cli.py:Epoch 66/100	dev results	MRR 0.081484	H@1 0.042600	H@3 0.081300	H@5 0.111500	H@10 0.155900
INFO:kbc-cli.py:Epoch 66/100	test results	MRR 0.083948	H@1 0.043000	H@3 0.086600	H@5 0.117400	H@10 0.160900
INFO:kbc-cli.py:Epoch 67/100	Loss 26.1414 ± 1.2337
INFO:kbc-cli.py:Epoch 68/100	Loss 26.0693 ± 1.2510
INFO:kbc-cli.py:Epoch 69/100	Loss 25.9998 ± 1.2207
INFO:kbc-cli.py:Epoch 69/100	dev results	MRR 0.081920	H@1 0.043500	H@3 0.081100	H@5 0.109600	H@10 0.154600
INFO:kbc-cli.py:Epoch 69/100	test results	MRR 0.083660	H@1 0.042300	H@3 0.084800	H@5 0.117600	H@10 0.160800
INFO:kbc-cli.py:Epoch 70/100	Loss 25.9324 ± 1.1968
INFO:kbc-cli.py:Epoch 71/100	Loss 25.8675 ± 1.1665
INFO:kbc-cli.py:Epoch 72/100	Loss 25.8045 ± 1.1658
INFO:kbc-cli.py:Epoch 72/100	dev results	MRR 0.082839	H@1 0.044600	H@3 0.081200	H@5 0.109500	H@10 0.154200
INFO:kbc-cli.py:Epoch 72/100	test results	MRR 0.085389	H@1 0.045400	H@3 0.085400	H@5 0.116700	H@10 0.160700
INFO:kbc-cli.py:Epoch 73/100	Loss 25.7440 ± 1.1497
INFO:kbc-cli.py:Epoch 74/100	Loss 25.6848 ± 1.1224
INFO:kbc-cli.py:Epoch 75/100	Loss 25.6278 ± 1.1164
INFO:kbc-cli.py:Epoch 75/100	dev results	MRR 0.083924	H@1 0.045800	H@3 0.083000	H@5 0.110800	H@10 0.156400
INFO:kbc-cli.py:Epoch 75/100	test results	MRR 0.085530	H@1 0.045700	H@3 0.085200	H@5 0.116900	H@10 0.160500
INFO:kbc-cli.py:Epoch 76/100	Loss 25.5725 ± 1.0981
INFO:kbc-cli.py:Epoch 77/100	Loss 25.5189 ± 1.0963
INFO:kbc-cli.py:Epoch 78/100	Loss 25.4670 ± 1.0722
INFO:kbc-cli.py:Epoch 78/100	dev results	MRR 0.083952	H@1 0.045900	H@3 0.083500	H@5 0.110500	H@10 0.156400
INFO:kbc-cli.py:Epoch 78/100	test results	MRR 0.085020	H@1 0.044800	H@3 0.084800	H@5 0.115800	H@10 0.160400
INFO:kbc-cli.py:Epoch 79/100	Loss 25.4167 ± 1.0796
INFO:kbc-cli.py:Epoch 80/100	Loss 25.3678 ± 1.0611
INFO:kbc-cli.py:Epoch 81/100	Loss 25.3204 ± 1.0340
INFO:kbc-cli.py:Epoch 81/100	dev results	MRR 0.084207	H@1 0.046300	H@3 0.082900	H@5 0.110200	H@10 0.154600
INFO:kbc-cli.py:Epoch 81/100	test results	MRR 0.084754	H@1 0.044400	H@3 0.085000	H@5 0.117200	H@10 0.160200
INFO:kbc-cli.py:Epoch 82/100	Loss 25.2745 ± 1.0265
INFO:kbc-cli.py:Epoch 83/100	Loss 25.2297 ± 1.0200
INFO:kbc-cli.py:Epoch 84/100	Loss 25.1863 ± 1.0071
INFO:kbc-cli.py:Epoch 84/100	dev results	MRR 0.083695	H@1 0.045400	H@3 0.083100	H@5 0.109300	H@10 0.154700
INFO:kbc-cli.py:Epoch 84/100	test results	MRR 0.086338	H@1 0.046900	H@3 0.086000	H@5 0.116900	H@10 0.161800
INFO:kbc-cli.py:Epoch 85/100	Loss 25.1440 ± 0.9921
INFO:kbc-cli.py:Epoch 86/100	Loss 25.1030 ± 0.9778
INFO:kbc-cli.py:Epoch 87/100	Loss 25.0635 ± 0.9881
INFO:kbc-cli.py:Epoch 87/100	dev results	MRR 0.083703	H@1 0.045300	H@3 0.082900	H@5 0.108800	H@10 0.156100
INFO:kbc-cli.py:Epoch 87/100	test results	MRR 0.085606	H@1 0.046100	H@3 0.084100	H@5 0.116500	H@10 0.162600
INFO:kbc-cli.py:Epoch 88/100	Loss 25.0242 ± 0.9568
INFO:kbc-cli.py:Epoch 89/100	Loss 24.9864 ± 0.9543
INFO:kbc-cli.py:Epoch 90/100	Loss 24.9498 ± 0.9495
INFO:kbc-cli.py:Epoch 90/100	dev results	MRR 0.083330	H@1 0.045000	H@3 0.082500	H@5 0.109000	H@10 0.155100
INFO:kbc-cli.py:Epoch 90/100	test results	MRR 0.085112	H@1 0.045400	H@3 0.084100	H@5 0.114100	H@10 0.160900
INFO:kbc-cli.py:Epoch 91/100	Loss 24.9139 ± 0.9275
INFO:kbc-cli.py:Epoch 92/100	Loss 24.8790 ± 0.9215
INFO:kbc-cli.py:Epoch 93/100	Loss 24.8451 ± 0.9093
INFO:kbc-cli.py:Epoch 93/100	dev results	MRR 0.083060	H@1 0.044800	H@3 0.081400	H@5 0.108300	H@10 0.153100
INFO:kbc-cli.py:Epoch 93/100	test results	MRR 0.084641	H@1 0.045100	H@3 0.082000	H@5 0.113700	H@10 0.159800
INFO:kbc-cli.py:Epoch 94/100	Loss 24.8120 ± 0.8947
INFO:kbc-cli.py:Epoch 95/100	Loss 24.7797 ± 0.8938
INFO:kbc-cli.py:Epoch 96/100	Loss 24.7483 ± 0.8840
INFO:kbc-cli.py:Epoch 96/100	dev results	MRR 0.083986	H@1 0.045700	H@3 0.082000	H@5 0.109700	H@10 0.155900
INFO:kbc-cli.py:Epoch 96/100	test results	MRR 0.085038	H@1 0.045900	H@3 0.082400	H@5 0.112300	H@10 0.159500
INFO:kbc-cli.py:Epoch 97/100	Loss 24.7177 ± 0.8659
INFO:kbc-cli.py:Epoch 98/100	Loss 24.6878 ± 0.8631
INFO:kbc-cli.py:Epoch 99/100	Loss 24.6586 ± 0.8521
INFO:kbc-cli.py:Epoch 99/100	dev results	MRR 0.082816	H@1 0.043800	H@3 0.082400	H@5 0.108900	H@10 0.155300
INFO:kbc-cli.py:Epoch 99/100	test results	MRR 0.084766	H@1 0.045400	H@3 0.081100	H@5 0.113200	H@10 0.161000
INFO:kbc-cli.py:Epoch 100/100	Loss 24.6302 ± 0.8493
INFO:kbc-cli.py:Final 	dev results	MRR 0.083032	H@1 0.044700	H@3 0.081700	H@5 0.106700	H@10 0.155300
INFO:kbc-cli.py:Final 	test results	MRR 0.084309	H@1 0.044600	H@3 0.082600	H@5 0.113500	H@10 0.161300
INFO:kbc-cli.py:Training finished
