./bin/kbc-cli.py --train data/yago3-10/train.tsv --dev data/yago3-10/dev.tsv --test data/yago3-10/test.tsv -m complex -k 1000 -b 1000 -e 100 --F2 0 --N3 0.1 -l 0.1 -I reciprocal -V 3 -o adagrad -q
{'F2': 0.0,
 'N3': 0.1,
 'batch_size': 1000,
 'dev': 'data/yago3-10/dev.tsv',
 'embedding_size': 1000,
 'epochs': 100,
 'eval_batch_size': None,
 'input_type': 'reciprocal',
 'learning_rate': 0.1,
 'load': None,
 'model': 'complex',
 'optimizer': 'adagrad',
 'quiet': True,
 'save': None,
 'seed': 0,
 'test': 'data/yago3-10/test.tsv',
 'test_i': None,
 'test_ii': None,
 'train': 'data/yago3-10/train.tsv',
 'validate_every': 3}
INFO:kbc-cli.py:Device: cuda
INFO:kbc-cli.py:Model state:
INFO:kbc-cli.py:	entities.weight	torch.Size([123182, 2000])
INFO:kbc-cli.py:	predicates.weight	torch.Size([74, 2000])
INFO:kbc-cli.py:Epoch 1/100	Loss 20.8480 ± 3.7439
INFO:kbc-cli.py:Epoch 2/100	Loss 15.3015 ± 0.2138
INFO:kbc-cli.py:Epoch 3/100	Loss 14.3293 ± 0.1024
INFO:kbc-cli.py:Epoch 3/100	dev results	MRR 0.386946	H@1 0.288000	H@3 0.435300	H@5 0.495800	H@10 0.571600
INFO:kbc-cli.py:Epoch 3/100	test results	MRR 0.391707	H@1 0.292400	H@3 0.440000	H@5 0.500400	H@10 0.580400
INFO:kbc-cli.py:Epoch 4/100	Loss 13.8983 ± 0.1269
INFO:kbc-cli.py:Epoch 5/100	Loss 13.6441 ± 0.1386
INFO:kbc-cli.py:Epoch 6/100	Loss 13.4731 ± 0.1422
INFO:kbc-cli.py:Epoch 6/100	dev results	MRR 0.421663	H@1 0.324800	H@3 0.468400	H@5 0.529400	H@10 0.609600
INFO:kbc-cli.py:Epoch 6/100	test results	MRR 0.425104	H@1 0.325200	H@3 0.474800	H@5 0.538400	H@10 0.613300
INFO:kbc-cli.py:Epoch 7/100	Loss 13.3488 ± 0.1435
INFO:kbc-cli.py:Epoch 8/100	Loss 13.2543 ± 0.1445
INFO:kbc-cli.py:Epoch 9/100	Loss 13.1787 ± 0.1462
INFO:kbc-cli.py:Epoch 9/100	dev results	MRR 0.432754	H@1 0.334500	H@3 0.482600	H@5 0.542100	H@10 0.618900
INFO:kbc-cli.py:Epoch 9/100	test results	MRR 0.437421	H@1 0.339800	H@3 0.487000	H@5 0.546600	H@10 0.622700
INFO:kbc-cli.py:Epoch 10/100	Loss 13.1178 ± 0.1450
INFO:kbc-cli.py:Epoch 11/100	Loss 13.0669 ± 0.1441
INFO:kbc-cli.py:Epoch 12/100	Loss 13.0238 ± 0.1413
INFO:kbc-cli.py:Epoch 12/100	dev results	MRR 0.438288	H@1 0.340400	H@3 0.487100	H@5 0.545800	H@10 0.626500
INFO:kbc-cli.py:Epoch 12/100	test results	MRR 0.442657	H@1 0.344500	H@3 0.490800	H@5 0.554000	H@10 0.627400
INFO:kbc-cli.py:Epoch 13/100	Loss 12.9866 ± 0.1392
INFO:kbc-cli.py:Epoch 14/100	Loss 12.9545 ± 0.1387
INFO:kbc-cli.py:Epoch 15/100	Loss 12.9259 ± 0.1366
INFO:kbc-cli.py:Epoch 15/100	dev results	MRR 0.441976	H@1 0.344100	H@3 0.491500	H@5 0.552200	H@10 0.630600
INFO:kbc-cli.py:Epoch 15/100	test results	MRR 0.444706	H@1 0.347100	H@3 0.494300	H@5 0.555300	H@10 0.630100
INFO:kbc-cli.py:Epoch 16/100	Loss 12.9015 ± 0.1371
INFO:kbc-cli.py:Epoch 17/100	Loss 12.8790 ± 0.1329
INFO:kbc-cli.py:Epoch 18/100	Loss 12.8585 ± 0.1343
INFO:kbc-cli.py:Epoch 18/100	dev results	MRR 0.443261	H@1 0.345400	H@3 0.491100	H@5 0.552700	H@10 0.632000
INFO:kbc-cli.py:Epoch 18/100	test results	MRR 0.448202	H@1 0.348800	H@3 0.500900	H@5 0.560900	H@10 0.631500
INFO:kbc-cli.py:Epoch 19/100	Loss 12.8400 ± 0.1333
INFO:kbc-cli.py:Epoch 20/100	Loss 12.8237 ± 0.1293
INFO:kbc-cli.py:Epoch 21/100	Loss 12.8087 ± 0.1328
INFO:kbc-cli.py:Epoch 21/100	dev results	MRR 0.445359	H@1 0.346800	H@3 0.494900	H@5 0.553700	H@10 0.634900
INFO:kbc-cli.py:Epoch 21/100	test results	MRR 0.451801	H@1 0.354600	H@3 0.500000	H@5 0.560500	H@10 0.634200
INFO:kbc-cli.py:Epoch 22/100	Loss 12.7944 ± 0.1296
INFO:kbc-cli.py:Epoch 23/100	Loss 12.7815 ± 0.1302
INFO:kbc-cli.py:Epoch 24/100	Loss 12.7697 ± 0.1281
INFO:kbc-cli.py:Epoch 24/100	dev results	MRR 0.447154	H@1 0.349700	H@3 0.494800	H@5 0.558500	H@10 0.633700
INFO:kbc-cli.py:Epoch 24/100	test results	MRR 0.451514	H@1 0.354600	H@3 0.498900	H@5 0.561000	H@10 0.633000
INFO:kbc-cli.py:Epoch 25/100	Loss 12.7584 ± 0.1295
INFO:kbc-cli.py:Epoch 26/100	Loss 12.7480 ± 0.1269
INFO:kbc-cli.py:Epoch 27/100	Loss 12.7383 ± 0.1265
INFO:kbc-cli.py:Epoch 27/100	dev results	MRR 0.451024	H@1 0.354700	H@3 0.500200	H@5 0.559500	H@10 0.635000
INFO:kbc-cli.py:Epoch 27/100	test results	MRR 0.452017	H@1 0.355200	H@3 0.500100	H@5 0.560900	H@10 0.635100
INFO:kbc-cli.py:Epoch 28/100	Loss 12.7293 ± 0.1250
INFO:kbc-cli.py:Epoch 29/100	Loss 12.7207 ± 0.1229
INFO:kbc-cli.py:Epoch 30/100	Loss 12.7129 ± 0.1235
INFO:kbc-cli.py:Epoch 30/100	dev results	MRR 0.452689	H@1 0.356600	H@3 0.501300	H@5 0.561000	H@10 0.637300
INFO:kbc-cli.py:Epoch 30/100	test results	MRR 0.453029	H@1 0.355800	H@3 0.502600	H@5 0.563300	H@10 0.637000
INFO:kbc-cli.py:Epoch 31/100	Loss 12.7049 ± 0.1260
INFO:kbc-cli.py:Epoch 32/100	Loss 12.6977 ± 0.1195
INFO:kbc-cli.py:Epoch 33/100	Loss 12.6909 ± 0.1233
INFO:kbc-cli.py:Epoch 33/100	dev results	MRR 0.450940	H@1 0.354400	H@3 0.498500	H@5 0.559100	H@10 0.636300
INFO:kbc-cli.py:Epoch 33/100	test results	MRR 0.456521	H@1 0.361700	H@3 0.503200	H@5 0.561700	H@10 0.636700
INFO:kbc-cli.py:Epoch 34/100	Loss 12.6843 ± 0.1209
INFO:kbc-cli.py:Epoch 35/100	Loss 12.6780 ± 0.1206
INFO:kbc-cli.py:Epoch 36/100	Loss 12.6722 ± 0.1169
INFO:kbc-cli.py:Epoch 36/100	dev results	MRR 0.451844	H@1 0.355600	H@3 0.499400	H@5 0.557900	H@10 0.635800
INFO:kbc-cli.py:Epoch 36/100	test results	MRR 0.454939	H@1 0.356800	H@3 0.505800	H@5 0.566700	H@10 0.639100
INFO:kbc-cli.py:Epoch 37/100	Loss 12.6666 ± 0.1210
INFO:kbc-cli.py:Epoch 38/100	Loss 12.6612 ± 0.1207
INFO:kbc-cli.py:Epoch 39/100	Loss 12.6561 ± 0.1173
INFO:kbc-cli.py:Epoch 39/100	dev results	MRR 0.451917	H@1 0.354800	H@3 0.499000	H@5 0.559000	H@10 0.638100
INFO:kbc-cli.py:Epoch 39/100	test results	MRR 0.455519	H@1 0.359200	H@3 0.502700	H@5 0.565000	H@10 0.637900
INFO:kbc-cli.py:Epoch 40/100	Loss 12.6508 ± 0.1167
INFO:kbc-cli.py:Epoch 41/100	Loss 12.6462 ± 0.1163
INFO:kbc-cli.py:Epoch 42/100	Loss 12.6417 ± 0.1165
INFO:kbc-cli.py:Epoch 42/100	dev results	MRR 0.452486	H@1 0.355100	H@3 0.501600	H@5 0.561800	H@10 0.637300
INFO:kbc-cli.py:Epoch 42/100	test results	MRR 0.456100	H@1 0.359800	H@3 0.505500	H@5 0.564300	H@10 0.635800
INFO:kbc-cli.py:Epoch 43/100	Loss 12.6375 ± 0.1175
INFO:kbc-cli.py:Epoch 44/100	Loss 12.6331 ± 0.1179
INFO:kbc-cli.py:Epoch 45/100	Loss 12.6288 ± 0.1147
INFO:kbc-cli.py:Epoch 45/100	dev results	MRR 0.454263	H@1 0.358100	H@3 0.501900	H@5 0.561200	H@10 0.638100
INFO:kbc-cli.py:Epoch 45/100	test results	MRR 0.455641	H@1 0.359700	H@3 0.501700	H@5 0.565400	H@10 0.638800
INFO:kbc-cli.py:Epoch 46/100	Loss 12.6250 ± 0.1130
INFO:kbc-cli.py:Epoch 47/100	Loss 12.6210 ± 0.1121
INFO:kbc-cli.py:Epoch 48/100	Loss 12.6177 ± 0.1124
INFO:kbc-cli.py:Epoch 48/100	dev results	MRR 0.456390	H@1 0.361200	H@3 0.504200	H@5 0.561800	H@10 0.640100
INFO:kbc-cli.py:Epoch 48/100	test results	MRR 0.457261	H@1 0.362000	H@3 0.504100	H@5 0.564500	H@10 0.640300
INFO:kbc-cli.py:Epoch 49/100	Loss 12.6140 ± 0.1131
INFO:kbc-cli.py:Epoch 50/100	Loss 12.6105 ± 0.1112
INFO:kbc-cli.py:Epoch 51/100	Loss 12.6074 ± 0.1120
INFO:kbc-cli.py:Epoch 51/100	dev results	MRR 0.455387	H@1 0.359800	H@3 0.503000	H@5 0.562700	H@10 0.638600
INFO:kbc-cli.py:Epoch 51/100	test results	MRR 0.458997	H@1 0.363600	H@3 0.505300	H@5 0.566200	H@10 0.640800
INFO:kbc-cli.py:Epoch 52/100	Loss 12.6040 ± 0.1117
INFO:kbc-cli.py:Epoch 53/100	Loss 12.6007 ± 0.1122
INFO:kbc-cli.py:Epoch 54/100	Loss 12.5977 ± 0.1111
INFO:kbc-cli.py:Epoch 54/100	dev results	MRR 0.455845	H@1 0.360000	H@3 0.503200	H@5 0.563400	H@10 0.638900
INFO:kbc-cli.py:Epoch 54/100	test results	MRR 0.458269	H@1 0.362900	H@3 0.505200	H@5 0.563200	H@10 0.641100
INFO:kbc-cli.py:Epoch 55/100	Loss 12.5951 ± 0.1117
INFO:kbc-cli.py:Epoch 56/100	Loss 12.5921 ± 0.1118
INFO:kbc-cli.py:Epoch 57/100	Loss 12.5892 ± 0.1093
INFO:kbc-cli.py:Epoch 57/100	dev results	MRR 0.456453	H@1 0.361600	H@3 0.502400	H@5 0.561700	H@10 0.639000
INFO:kbc-cli.py:Epoch 57/100	test results	MRR 0.458801	H@1 0.362600	H@3 0.506300	H@5 0.564700	H@10 0.638200
INFO:kbc-cli.py:Epoch 58/100	Loss 12.5866 ± 0.1074
INFO:kbc-cli.py:Epoch 59/100	Loss 12.5838 ± 0.1088
INFO:kbc-cli.py:Epoch 60/100	Loss 12.5813 ± 0.1089
INFO:kbc-cli.py:Epoch 60/100	dev results	MRR 0.457218	H@1 0.361800	H@3 0.505100	H@5 0.561000	H@10 0.639400
INFO:kbc-cli.py:Epoch 60/100	test results	MRR 0.460435	H@1 0.364100	H@3 0.507600	H@5 0.566600	H@10 0.641300
INFO:kbc-cli.py:Epoch 61/100	Loss 12.5786 ± 0.1055
INFO:kbc-cli.py:Epoch 62/100	Loss 12.5765 ± 0.1105
INFO:kbc-cli.py:Epoch 63/100	Loss 12.5739 ± 0.1100
INFO:kbc-cli.py:Epoch 63/100	dev results	MRR 0.456020	H@1 0.360200	H@3 0.503400	H@5 0.562700	H@10 0.639000
INFO:kbc-cli.py:Epoch 63/100	test results	MRR 0.458855	H@1 0.362700	H@3 0.506200	H@5 0.566900	H@10 0.641500
INFO:kbc-cli.py:Epoch 64/100	Loss 12.5716 ± 0.1063
INFO:kbc-cli.py:Epoch 65/100	Loss 12.5695 ± 0.1068
INFO:kbc-cli.py:Epoch 66/100	Loss 12.5670 ± 0.1062
INFO:kbc-cli.py:Epoch 66/100	dev results	MRR 0.458509	H@1 0.364800	H@3 0.504400	H@5 0.564600	H@10 0.640800
INFO:kbc-cli.py:Epoch 66/100	test results	MRR 0.459525	H@1 0.362800	H@3 0.506400	H@5 0.568100	H@10 0.641100
INFO:kbc-cli.py:Epoch 67/100	Loss 12.5649 ± 0.1057
INFO:kbc-cli.py:Epoch 68/100	Loss 12.5629 ± 0.1061
INFO:kbc-cli.py:Epoch 69/100	Loss 12.5609 ± 0.1060
INFO:kbc-cli.py:Epoch 69/100	dev results	MRR 0.458121	H@1 0.363700	H@3 0.505300	H@5 0.564500	H@10 0.640700
INFO:kbc-cli.py:Epoch 69/100	test results	MRR 0.460584	H@1 0.365200	H@3 0.506800	H@5 0.568500	H@10 0.641300
INFO:kbc-cli.py:Epoch 70/100	Loss 12.5589 ± 0.1061
INFO:kbc-cli.py:Epoch 71/100	Loss 12.5568 ± 0.1035
INFO:kbc-cli.py:Epoch 72/100	Loss 12.5548 ± 0.1064
INFO:kbc-cli.py:Epoch 72/100	dev results	MRR 0.456748	H@1 0.361400	H@3 0.502500	H@5 0.561400	H@10 0.640900
INFO:kbc-cli.py:Epoch 72/100	test results	MRR 0.459484	H@1 0.363100	H@3 0.505900	H@5 0.566800	H@10 0.640000
INFO:kbc-cli.py:Epoch 73/100	Loss 12.5531 ± 0.1044
INFO:kbc-cli.py:Epoch 74/100	Loss 12.5511 ± 0.1060
INFO:kbc-cli.py:Epoch 75/100	Loss 12.5495 ± 0.1061
INFO:kbc-cli.py:Epoch 75/100	dev results	MRR 0.458177	H@1 0.362700	H@3 0.506400	H@5 0.564100	H@10 0.640400
INFO:kbc-cli.py:Epoch 75/100	test results	MRR 0.459815	H@1 0.363500	H@3 0.507500	H@5 0.566800	H@10 0.640900
INFO:kbc-cli.py:Epoch 76/100	Loss 12.5477 ± 0.1046
INFO:kbc-cli.py:Epoch 77/100	Loss 12.5458 ± 0.1024
INFO:kbc-cli.py:Epoch 78/100	Loss 12.5441 ± 0.1021
INFO:kbc-cli.py:Epoch 78/100	dev results	MRR 0.458120	H@1 0.363900	H@3 0.504300	H@5 0.561800	H@10 0.640600
INFO:kbc-cli.py:Epoch 78/100	test results	MRR 0.460877	H@1 0.364700	H@3 0.508900	H@5 0.568200	H@10 0.642700
INFO:kbc-cli.py:Epoch 79/100	Loss 12.5425 ± 0.1027
INFO:kbc-cli.py:Epoch 80/100	Loss 12.5409 ± 0.1037
INFO:kbc-cli.py:Epoch 81/100	Loss 12.5392 ± 0.1056
INFO:kbc-cli.py:Epoch 81/100	dev results	MRR 0.457802	H@1 0.363500	H@3 0.502800	H@5 0.562100	H@10 0.640100
INFO:kbc-cli.py:Epoch 81/100	test results	MRR 0.459525	H@1 0.362800	H@3 0.506500	H@5 0.566900	H@10 0.643200
INFO:kbc-cli.py:Epoch 82/100	Loss 12.5379 ± 0.1010
INFO:kbc-cli.py:Epoch 83/100	Loss 12.5360 ± 0.1046
INFO:kbc-cli.py:Epoch 84/100	Loss 12.5345 ± 0.1012
INFO:kbc-cli.py:Epoch 84/100	dev results	MRR 0.458696	H@1 0.364200	H@3 0.504900	H@5 0.564300	H@10 0.639700
INFO:kbc-cli.py:Epoch 84/100	test results	MRR 0.459842	H@1 0.363300	H@3 0.508500	H@5 0.568200	H@10 0.641700
INFO:kbc-cli.py:Epoch 85/100	Loss 12.5329 ± 0.1013
INFO:kbc-cli.py:Epoch 86/100	Loss 12.5315 ± 0.1013
INFO:kbc-cli.py:Epoch 87/100	Loss 12.5301 ± 0.0996
INFO:kbc-cli.py:Epoch 87/100	dev results	MRR 0.457655	H@1 0.362500	H@3 0.503900	H@5 0.561400	H@10 0.639600
INFO:kbc-cli.py:Epoch 87/100	test results	MRR 0.460282	H@1 0.364100	H@3 0.505900	H@5 0.567600	H@10 0.641500
INFO:kbc-cli.py:Epoch 88/100	Loss 12.5288 ± 0.1020
INFO:kbc-cli.py:Epoch 89/100	Loss 12.5274 ± 0.1029
INFO:kbc-cli.py:Epoch 90/100	Loss 12.5260 ± 0.1007
INFO:kbc-cli.py:Epoch 90/100	dev results	MRR 0.458590	H@1 0.363700	H@3 0.504300	H@5 0.563800	H@10 0.642000
INFO:kbc-cli.py:Epoch 90/100	test results	MRR 0.462545	H@1 0.368300	H@3 0.506700	H@5 0.566700	H@10 0.640700
INFO:kbc-cli.py:Epoch 91/100	Loss 12.5246 ± 0.1014
INFO:kbc-cli.py:Epoch 92/100	Loss 12.5235 ± 0.1021
