./bin/kbc-cli.py --train data/yago3-10/train.tsv --dev data/yago3-10/dev.tsv --test data/yago3-10/test.tsv -m complex -k 1000 -b 500 -e 100 --F2 0.01 --N3 0 -l 0.1 -I reciprocal -V 3 -o adagrad -q
{'F2': 0.01,
 'N3': 0.0,
 'batch_size': 500,
 'dev': 'data/yago3-10/dev.tsv',
 'embedding_size': 1000,
 'epochs': 100,
 'eval_batch_size': None,
 'input_type': 'reciprocal',
 'learning_rate': 0.1,
 'load': None,
 'model': 'complex',
 'optimizer': 'adagrad',
 'quiet': True,
 'save': None,
 'seed': 0,
 'test': 'data/yago3-10/test.tsv',
 'test_i': None,
 'test_ii': None,
 'train': 'data/yago3-10/train.tsv',
 'validate_every': 3}
INFO:kbc-cli.py:Device: cuda
INFO:kbc-cli.py:Model state:
INFO:kbc-cli.py:	entities.weight	torch.Size([123182, 2000])
INFO:kbc-cli.py:	predicates.weight	torch.Size([74, 2000])
INFO:kbc-cli.py:Epoch 1/100	Loss 14.9889 ± 2.9904
INFO:kbc-cli.py:Epoch 2/100	Loss 10.3358 ± 0.1367
INFO:kbc-cli.py:Epoch 3/100	Loss 9.7240 ± 0.1278
INFO:kbc-cli.py:Epoch 3/100	dev results	MRR 0.481605	H@1 0.395600	H@3 0.523300	H@5 0.577100	H@10 0.647900
INFO:kbc-cli.py:Epoch 3/100	test results	MRR 0.481213	H@1 0.394200	H@3 0.523400	H@5 0.577700	H@10 0.646300
INFO:kbc-cli.py:Epoch 4/100	Loss 9.4442 ± 0.1400
INFO:kbc-cli.py:Epoch 5/100	Loss 9.2681 ± 0.1454
INFO:kbc-cli.py:Epoch 6/100	Loss 9.1418 ± 0.1461
INFO:kbc-cli.py:Epoch 6/100	dev results	MRR 0.509711	H@1 0.427000	H@3 0.550200	H@5 0.603600	H@10 0.671600
INFO:kbc-cli.py:Epoch 6/100	test results	MRR 0.508721	H@1 0.423500	H@3 0.552700	H@5 0.607200	H@10 0.676000
INFO:kbc-cli.py:Epoch 7/100	Loss 9.0439 ± 0.1467
INFO:kbc-cli.py:Epoch 8/100	Loss 8.9646 ± 0.1462
INFO:kbc-cli.py:Epoch 9/100	Loss 8.8980 ± 0.1468
INFO:kbc-cli.py:Epoch 9/100	dev results	MRR 0.529836	H@1 0.446500	H@3 0.574900	H@5 0.628600	H@10 0.688600
INFO:kbc-cli.py:Epoch 9/100	test results	MRR 0.528635	H@1 0.444000	H@3 0.577900	H@5 0.627800	H@10 0.685800
INFO:kbc-cli.py:Epoch 10/100	Loss 8.8413 ± 0.1459
INFO:kbc-cli.py:Epoch 11/100	Loss 8.7916 ± 0.1459
INFO:kbc-cli.py:Epoch 12/100	Loss 8.7476 ± 0.1436
INFO:kbc-cli.py:Epoch 12/100	dev results	MRR 0.548251	H@1 0.468100	H@3 0.594600	H@5 0.645000	H@10 0.698300
INFO:kbc-cli.py:Epoch 12/100	test results	MRR 0.540673	H@1 0.456900	H@3 0.589700	H@5 0.638300	H@10 0.695200
INFO:kbc-cli.py:Epoch 13/100	Loss 8.7081 ± 0.1419
INFO:kbc-cli.py:Epoch 14/100	Loss 8.6724 ± 0.1405
INFO:kbc-cli.py:Epoch 15/100	Loss 8.6398 ± 0.1401
INFO:kbc-cli.py:Epoch 15/100	dev results	MRR 0.553126	H@1 0.472200	H@3 0.600400	H@5 0.649900	H@10 0.699700
INFO:kbc-cli.py:Epoch 15/100	test results	MRR 0.550587	H@1 0.469100	H@3 0.600200	H@5 0.648000	H@10 0.697600
INFO:kbc-cli.py:Epoch 16/100	Loss 8.6103 ± 0.1398
INFO:kbc-cli.py:Epoch 17/100	Loss 8.5827 ± 0.1370
INFO:kbc-cli.py:Epoch 18/100	Loss 8.5569 ± 0.1380
INFO:kbc-cli.py:Epoch 18/100	dev results	MRR 0.558074	H@1 0.478100	H@3 0.606300	H@5 0.653200	H@10 0.701800
INFO:kbc-cli.py:Epoch 18/100	test results	MRR 0.555721	H@1 0.475300	H@3 0.602800	H@5 0.653300	H@10 0.700900
INFO:kbc-cli.py:Epoch 19/100	Loss 8.5328 ± 0.1361
INFO:kbc-cli.py:Epoch 20/100	Loss 8.5107 ± 0.1332
INFO:kbc-cli.py:Epoch 21/100	Loss 8.4898 ± 0.1370
INFO:kbc-cli.py:Epoch 21/100	dev results	MRR 0.560614	H@1 0.481300	H@3 0.609900	H@5 0.656000	H@10 0.704400
INFO:kbc-cli.py:Epoch 21/100	test results	MRR 0.562678	H@1 0.485500	H@3 0.610400	H@5 0.653900	H@10 0.701000
INFO:kbc-cli.py:Epoch 22/100	Loss 8.4699 ± 0.1334
INFO:kbc-cli.py:Epoch 23/100	Loss 8.4512 ± 0.1351
INFO:kbc-cli.py:Epoch 24/100	Loss 8.4335 ± 0.1321
INFO:kbc-cli.py:Epoch 24/100	dev results	MRR 0.563109	H@1 0.483600	H@3 0.613600	H@5 0.657100	H@10 0.704900
INFO:kbc-cli.py:Epoch 24/100	test results	MRR 0.563366	H@1 0.486400	H@3 0.610600	H@5 0.656700	H@10 0.699900
INFO:kbc-cli.py:Epoch 25/100	Loss 8.4167 ± 0.1338
INFO:kbc-cli.py:Epoch 26/100	Loss 8.4006 ± 0.1309
INFO:kbc-cli.py:Epoch 27/100	Loss 8.3853 ± 0.1324
INFO:kbc-cli.py:Epoch 27/100	dev results	MRR 0.565743	H@1 0.487700	H@3 0.614100	H@5 0.658900	H@10 0.705100
INFO:kbc-cli.py:Epoch 27/100	test results	MRR 0.564498	H@1 0.487200	H@3 0.612700	H@5 0.655500	H@10 0.702200
INFO:kbc-cli.py:Epoch 28/100	Loss 8.3707 ± 0.1304
INFO:kbc-cli.py:Epoch 29/100	Loss 8.3567 ± 0.1287
INFO:kbc-cli.py:Epoch 30/100	Loss 8.3435 ± 0.1281
INFO:kbc-cli.py:Epoch 30/100	dev results	MRR 0.567796	H@1 0.491200	H@3 0.616100	H@5 0.656700	H@10 0.704300
INFO:kbc-cli.py:Epoch 30/100	test results	MRR 0.567928	H@1 0.492100	H@3 0.617100	H@5 0.657100	H@10 0.701000
INFO:kbc-cli.py:Epoch 31/100	Loss 8.3304 ± 0.1305
INFO:kbc-cli.py:Epoch 32/100	Loss 8.3181 ± 0.1256
INFO:kbc-cli.py:Epoch 33/100	Loss 8.3063 ± 0.1286
INFO:kbc-cli.py:Epoch 33/100	dev results	MRR 0.567691	H@1 0.491400	H@3 0.613900	H@5 0.659600	H@10 0.703900
INFO:kbc-cli.py:Epoch 33/100	test results	MRR 0.567806	H@1 0.492400	H@3 0.613000	H@5 0.656100	H@10 0.701600
INFO:kbc-cli.py:Epoch 34/100	Loss 8.2948 ± 0.1267
INFO:kbc-cli.py:Epoch 35/100	Loss 8.2837 ± 0.1274
INFO:kbc-cli.py:Epoch 36/100	Loss 8.2732 ± 0.1244
INFO:kbc-cli.py:Epoch 36/100	dev results	MRR 0.568928	H@1 0.492300	H@3 0.615800	H@5 0.657500	H@10 0.704700
INFO:kbc-cli.py:Epoch 36/100	test results	MRR 0.568327	H@1 0.492600	H@3 0.614800	H@5 0.658400	H@10 0.702100
INFO:kbc-cli.py:Epoch 37/100	Loss 8.2629 ± 0.1273
INFO:kbc-cli.py:Epoch 38/100	Loss 8.2529 ± 0.1266
INFO:kbc-cli.py:Epoch 39/100	Loss 8.2434 ± 0.1244
INFO:kbc-cli.py:Epoch 39/100	dev results	MRR 0.568356	H@1 0.491300	H@3 0.616500	H@5 0.658800	H@10 0.704100
INFO:kbc-cli.py:Epoch 39/100	test results	MRR 0.568043	H@1 0.492300	H@3 0.614400	H@5 0.657900	H@10 0.703500
INFO:kbc-cli.py:Epoch 40/100	Loss 8.2340 ± 0.1248
INFO:kbc-cli.py:Epoch 41/100	Loss 8.2249 ± 0.1234
INFO:kbc-cli.py:Epoch 42/100	Loss 8.2161 ± 0.1243
INFO:kbc-cli.py:Epoch 42/100	dev results	MRR 0.568975	H@1 0.493400	H@3 0.613100	H@5 0.658200	H@10 0.703500
INFO:kbc-cli.py:Epoch 42/100	test results	MRR 0.567862	H@1 0.492400	H@3 0.612500	H@5 0.655800	H@10 0.701100
INFO:kbc-cli.py:Epoch 43/100	Loss 8.2078 ± 0.1248
INFO:kbc-cli.py:Epoch 44/100	Loss 8.1994 ± 0.1247
INFO:kbc-cli.py:Epoch 45/100	Loss 8.1913 ± 0.1222
INFO:kbc-cli.py:Epoch 45/100	dev results	MRR 0.570809	H@1 0.496100	H@3 0.616000	H@5 0.657500	H@10 0.703100
INFO:kbc-cli.py:Epoch 45/100	test results	MRR 0.569167	H@1 0.494100	H@3 0.614900	H@5 0.656500	H@10 0.702800
INFO:kbc-cli.py:Epoch 46/100	Loss nan ± nan
INFO:kbc-cli.py:Epoch 47/100	Loss nan ± nan
INFO:kbc-cli.py:Epoch 48/100	Loss nan ± nan
INFO:kbc-cli.py:Epoch 48/100	dev results	MRR 0.000096	H@1 0.000000	H@3 0.000000	H@5 0.000100	H@10 0.000100
INFO:kbc-cli.py:Epoch 48/100	test results	MRR 0.000081	H@1 0.000000	H@3 0.000000	H@5 0.000000	H@10 0.000000
INFO:kbc-cli.py:Epoch 49/100	Loss nan ± nan
INFO:kbc-cli.py:Epoch 50/100	Loss nan ± nan
INFO:kbc-cli.py:Epoch 51/100	Loss nan ± nan
INFO:kbc-cli.py:Epoch 51/100	dev results	MRR 0.000096	H@1 0.000000	H@3 0.000000	H@5 0.000100	H@10 0.000100
INFO:kbc-cli.py:Epoch 51/100	test results	MRR 0.000081	H@1 0.000000	H@3 0.000000	H@5 0.000000	H@10 0.000000
INFO:kbc-cli.py:Epoch 52/100	Loss nan ± nan
INFO:kbc-cli.py:Epoch 53/100	Loss nan ± nan
INFO:kbc-cli.py:Epoch 54/100	Loss nan ± nan
INFO:kbc-cli.py:Epoch 54/100	dev results	MRR 0.000096	H@1 0.000000	H@3 0.000000	H@5 0.000100	H@10 0.000100
INFO:kbc-cli.py:Epoch 54/100	test results	MRR 0.000081	H@1 0.000000	H@3 0.000000	H@5 0.000000	H@10 0.000000
INFO:kbc-cli.py:Epoch 55/100	Loss nan ± nan
INFO:kbc-cli.py:Epoch 56/100	Loss nan ± nan
INFO:kbc-cli.py:Epoch 57/100	Loss nan ± nan
INFO:kbc-cli.py:Epoch 57/100	dev results	MRR 0.000096	H@1 0.000000	H@3 0.000000	H@5 0.000100	H@10 0.000100
INFO:kbc-cli.py:Epoch 57/100	test results	MRR 0.000081	H@1 0.000000	H@3 0.000000	H@5 0.000000	H@10 0.000000
INFO:kbc-cli.py:Epoch 58/100	Loss nan ± nan
INFO:kbc-cli.py:Epoch 59/100	Loss nan ± nan
INFO:kbc-cli.py:Epoch 60/100	Loss nan ± nan
INFO:kbc-cli.py:Epoch 60/100	dev results	MRR 0.000096	H@1 0.000000	H@3 0.000000	H@5 0.000100	H@10 0.000100
INFO:kbc-cli.py:Epoch 60/100	test results	MRR 0.000081	H@1 0.000000	H@3 0.000000	H@5 0.000000	H@10 0.000000
INFO:kbc-cli.py:Epoch 61/100	Loss nan ± nan
INFO:kbc-cli.py:Epoch 62/100	Loss nan ± nan
INFO:kbc-cli.py:Epoch 63/100	Loss nan ± nan
INFO:kbc-cli.py:Epoch 63/100	dev results	MRR 0.000096	H@1 0.000000	H@3 0.000000	H@5 0.000100	H@10 0.000100
INFO:kbc-cli.py:Epoch 63/100	test results	MRR 0.000081	H@1 0.000000	H@3 0.000000	H@5 0.000000	H@10 0.000000
INFO:kbc-cli.py:Epoch 64/100	Loss nan ± nan
INFO:kbc-cli.py:Epoch 65/100	Loss nan ± nan
INFO:kbc-cli.py:Epoch 66/100	Loss nan ± nan
INFO:kbc-cli.py:Epoch 66/100	dev results	MRR 0.000096	H@1 0.000000	H@3 0.000000	H@5 0.000100	H@10 0.000100
INFO:kbc-cli.py:Epoch 66/100	test results	MRR 0.000081	H@1 0.000000	H@3 0.000000	H@5 0.000000	H@10 0.000000
INFO:kbc-cli.py:Epoch 67/100	Loss nan ± nan
INFO:kbc-cli.py:Epoch 68/100	Loss nan ± nan
INFO:kbc-cli.py:Epoch 69/100	Loss nan ± nan
INFO:kbc-cli.py:Epoch 69/100	dev results	MRR 0.000096	H@1 0.000000	H@3 0.000000	H@5 0.000100	H@10 0.000100
INFO:kbc-cli.py:Epoch 69/100	test results	MRR 0.000081	H@1 0.000000	H@3 0.000000	H@5 0.000000	H@10 0.000000
INFO:kbc-cli.py:Epoch 70/100	Loss nan ± nan
INFO:kbc-cli.py:Epoch 71/100	Loss nan ± nan
INFO:kbc-cli.py:Epoch 72/100	Loss nan ± nan
INFO:kbc-cli.py:Epoch 72/100	dev results	MRR 0.000096	H@1 0.000000	H@3 0.000000	H@5 0.000100	H@10 0.000100
INFO:kbc-cli.py:Epoch 72/100	test results	MRR 0.000081	H@1 0.000000	H@3 0.000000	H@5 0.000000	H@10 0.000000
INFO:kbc-cli.py:Epoch 73/100	Loss nan ± nan
INFO:kbc-cli.py:Epoch 74/100	Loss nan ± nan
INFO:kbc-cli.py:Epoch 75/100	Loss nan ± nan
INFO:kbc-cli.py:Epoch 75/100	dev results	MRR 0.000096	H@1 0.000000	H@3 0.000000	H@5 0.000100	H@10 0.000100
INFO:kbc-cli.py:Epoch 75/100	test results	MRR 0.000081	H@1 0.000000	H@3 0.000000	H@5 0.000000	H@10 0.000000
INFO:kbc-cli.py:Epoch 76/100	Loss nan ± nan
INFO:kbc-cli.py:Epoch 77/100	Loss nan ± nan
INFO:kbc-cli.py:Epoch 78/100	Loss nan ± nan
INFO:kbc-cli.py:Epoch 78/100	dev results	MRR 0.000096	H@1 0.000000	H@3 0.000000	H@5 0.000100	H@10 0.000100
INFO:kbc-cli.py:Epoch 78/100	test results	MRR 0.000081	H@1 0.000000	H@3 0.000000	H@5 0.000000	H@10 0.000000
INFO:kbc-cli.py:Epoch 79/100	Loss nan ± nan
INFO:kbc-cli.py:Epoch 80/100	Loss nan ± nan
INFO:kbc-cli.py:Epoch 81/100	Loss nan ± nan
INFO:kbc-cli.py:Epoch 81/100	dev results	MRR 0.000096	H@1 0.000000	H@3 0.000000	H@5 0.000100	H@10 0.000100
INFO:kbc-cli.py:Epoch 81/100	test results	MRR 0.000081	H@1 0.000000	H@3 0.000000	H@5 0.000000	H@10 0.000000
INFO:kbc-cli.py:Epoch 82/100	Loss nan ± nan
INFO:kbc-cli.py:Epoch 83/100	Loss nan ± nan
INFO:kbc-cli.py:Epoch 84/100	Loss nan ± nan
INFO:kbc-cli.py:Epoch 84/100	dev results	MRR 0.000096	H@1 0.000000	H@3 0.000000	H@5 0.000100	H@10 0.000100
INFO:kbc-cli.py:Epoch 84/100	test results	MRR 0.000081	H@1 0.000000	H@3 0.000000	H@5 0.000000	H@10 0.000000
INFO:kbc-cli.py:Epoch 85/100	Loss nan ± nan
