./bin/kbc-cli.py --train data/yago3-10/train.tsv --dev data/yago3-10/dev.tsv --test data/yago3-10/test.tsv -m complex -k 500 -b 100 -e 100 --F2 0 --N3 0.001 -l 0.1 -I reciprocal -V 3 -o adagrad -q
{'F2': 0.0,
 'N3': 0.001,
 'batch_size': 100,
 'dev': 'data/yago3-10/dev.tsv',
 'embedding_size': 500,
 'epochs': 100,
 'eval_batch_size': None,
 'input_type': 'reciprocal',
 'learning_rate': 0.1,
 'load': None,
 'model': 'complex',
 'optimizer': 'adagrad',
 'quiet': True,
 'save': None,
 'seed': 0,
 'test': 'data/yago3-10/test.tsv',
 'test_i': None,
 'test_ii': None,
 'train': 'data/yago3-10/train.tsv',
 'validate_every': 3}
INFO:kbc-cli.py:Device: cuda
INFO:kbc-cli.py:Model state:
INFO:kbc-cli.py:	entities.weight	torch.Size([123182, 1000])
INFO:kbc-cli.py:	predicates.weight	torch.Size([74, 1000])
INFO:kbc-cli.py:Epoch 1/100	Loss 12.9217 ± 3.0501
INFO:kbc-cli.py:Epoch 2/100	Loss 8.2903 ± 0.2602
INFO:kbc-cli.py:Epoch 3/100	Loss 7.7913 ± 0.2547
INFO:kbc-cli.py:Epoch 3/100	dev results	MRR 0.509113	H@1 0.423500	H@3 0.554900	H@5 0.609600	H@10 0.671900
INFO:kbc-cli.py:Epoch 3/100	test results	MRR 0.506005	H@1 0.418900	H@3 0.554500	H@5 0.608100	H@10 0.669800
INFO:kbc-cli.py:Epoch 4/100	Loss 7.5697 ± 0.2572
INFO:kbc-cli.py:Epoch 5/100	Loss 7.4358 ± 0.2608
INFO:kbc-cli.py:Epoch 6/100	Loss 7.3426 ± 0.2603
INFO:kbc-cli.py:Epoch 6/100	dev results	MRR 0.541629	H@1 0.460900	H@3 0.589500	H@5 0.638800	H@10 0.691000
INFO:kbc-cli.py:Epoch 6/100	test results	MRR 0.538760	H@1 0.455300	H@3 0.587600	H@5 0.637200	H@10 0.691300
INFO:kbc-cli.py:Epoch 7/100	Loss 7.2725 ± 0.2594
INFO:kbc-cli.py:Epoch 8/100	Loss 7.2166 ± 0.2578
INFO:kbc-cli.py:Epoch 9/100	Loss 7.1706 ± 0.2574
INFO:kbc-cli.py:Epoch 9/100	dev results	MRR 0.555930	H@1 0.478000	H@3 0.603600	H@5 0.649100	H@10 0.697400
INFO:kbc-cli.py:Epoch 9/100	test results	MRR 0.550290	H@1 0.468400	H@3 0.601100	H@5 0.645700	H@10 0.696800
INFO:kbc-cli.py:Epoch 10/100	Loss 7.1323 ± 0.2569
INFO:kbc-cli.py:Epoch 11/100	Loss 7.0991 ± 0.2552
INFO:kbc-cli.py:Epoch 12/100	Loss 7.0700 ± 0.2562
INFO:kbc-cli.py:Epoch 12/100	dev results	MRR 0.563505	H@1 0.488000	H@3 0.608500	H@5 0.651700	H@10 0.697900
INFO:kbc-cli.py:Epoch 12/100	test results	MRR 0.559232	H@1 0.481700	H@3 0.607700	H@5 0.649800	H@10 0.698600
INFO:kbc-cli.py:Epoch 13/100	Loss 7.0443 ± 0.2547
INFO:kbc-cli.py:Epoch 14/100	Loss 7.0212 ± 0.2543
INFO:kbc-cli.py:Epoch 15/100	Loss 7.0005 ± 0.2539
INFO:kbc-cli.py:Epoch 15/100	dev results	MRR 0.566882	H@1 0.491200	H@3 0.613800	H@5 0.655600	H@10 0.701600
INFO:kbc-cli.py:Epoch 15/100	test results	MRR 0.561366	H@1 0.483200	H@3 0.611000	H@5 0.653000	H@10 0.700700
INFO:kbc-cli.py:Epoch 16/100	Loss 6.9819 ± 0.2525
INFO:kbc-cli.py:Epoch 17/100	Loss 6.9647 ± 0.2519
INFO:kbc-cli.py:Epoch 18/100	Loss 6.9487 ± 0.2526
INFO:kbc-cli.py:Epoch 18/100	dev results	MRR 0.567698	H@1 0.492700	H@3 0.613900	H@5 0.657100	H@10 0.700800
INFO:kbc-cli.py:Epoch 18/100	test results	MRR 0.563382	H@1 0.484600	H@3 0.614100	H@5 0.655400	H@10 0.702000
INFO:kbc-cli.py:Epoch 19/100	Loss 6.9339 ± 0.2522
INFO:kbc-cli.py:Epoch 20/100	Loss 6.9205 ± 0.2483
INFO:kbc-cli.py:Epoch 21/100	Loss 6.9079 ± 0.2508
INFO:kbc-cli.py:Epoch 21/100	dev results	MRR 0.569034	H@1 0.494700	H@3 0.614700	H@5 0.657200	H@10 0.702600
INFO:kbc-cli.py:Epoch 21/100	test results	MRR 0.569434	H@1 0.494000	H@3 0.616900	H@5 0.655800	H@10 0.702000
INFO:kbc-cli.py:Epoch 22/100	Loss 6.8961 ± 0.2512
INFO:kbc-cli.py:Epoch 23/100	Loss 6.8850 ± 0.2501
INFO:kbc-cli.py:Epoch 24/100	Loss 6.8746 ± 0.2472
INFO:kbc-cli.py:Epoch 24/100	dev results	MRR 0.571368	H@1 0.497900	H@3 0.616400	H@5 0.659100	H@10 0.702500
INFO:kbc-cli.py:Epoch 24/100	test results	MRR 0.568720	H@1 0.493800	H@3 0.615300	H@5 0.655100	H@10 0.703400
INFO:kbc-cli.py:Epoch 25/100	Loss 6.8648 ± 0.2501
INFO:kbc-cli.py:Epoch 26/100	Loss 6.8555 ± 0.2482
INFO:kbc-cli.py:Epoch 27/100	Loss 6.8468 ± 0.2495
INFO:kbc-cli.py:Epoch 27/100	dev results	MRR 0.572243	H@1 0.497800	H@3 0.620300	H@5 0.660000	H@10 0.704600
INFO:kbc-cli.py:Epoch 27/100	test results	MRR 0.569262	H@1 0.493100	H@3 0.616800	H@5 0.656600	H@10 0.704200
INFO:kbc-cli.py:Epoch 28/100	Loss 6.8385 ± 0.2483
INFO:kbc-cli.py:Epoch 29/100	Loss 6.8306 ± 0.2459
INFO:kbc-cli.py:Epoch 30/100	Loss 6.8232 ± 0.2454
INFO:kbc-cli.py:Epoch 30/100	dev results	MRR 0.572326	H@1 0.499200	H@3 0.615300	H@5 0.659000	H@10 0.702900
INFO:kbc-cli.py:Epoch 30/100	test results	MRR 0.571933	H@1 0.497300	H@3 0.619000	H@5 0.657800	H@10 0.705700
INFO:kbc-cli.py:Epoch 31/100	Loss 6.8159 ± 0.2473
INFO:kbc-cli.py:Epoch 32/100	Loss 6.8091 ± 0.2421
INFO:kbc-cli.py:Epoch 33/100	Loss 6.8027 ± 0.2460
INFO:kbc-cli.py:Epoch 33/100	dev results	MRR 0.572404	H@1 0.498800	H@3 0.618600	H@5 0.659500	H@10 0.702600
INFO:kbc-cli.py:Epoch 33/100	test results	MRR 0.571846	H@1 0.497900	H@3 0.618200	H@5 0.658500	H@10 0.705900
INFO:kbc-cli.py:Epoch 34/100	Loss 6.7963 ± 0.2453
INFO:kbc-cli.py:Epoch 35/100	Loss 6.7904 ± 0.2442
INFO:kbc-cli.py:Epoch 36/100	Loss 6.7848 ± 0.2437
INFO:kbc-cli.py:Epoch 36/100	dev results	MRR 0.573830	H@1 0.502700	H@3 0.616500	H@5 0.657700	H@10 0.701700
INFO:kbc-cli.py:Epoch 36/100	test results	MRR 0.573637	H@1 0.499300	H@3 0.618900	H@5 0.660300	H@10 0.706600
INFO:kbc-cli.py:Epoch 37/100	Loss 6.7792 ± 0.2454
INFO:kbc-cli.py:Epoch 38/100	Loss 6.7738 ± 0.2457
INFO:kbc-cli.py:Epoch 39/100	Loss 6.7688 ± 0.2435
INFO:kbc-cli.py:Epoch 39/100	dev results	MRR 0.573836	H@1 0.501400	H@3 0.617800	H@5 0.658500	H@10 0.703400
INFO:kbc-cli.py:Epoch 39/100	test results	MRR 0.573409	H@1 0.499100	H@3 0.618900	H@5 0.659200	H@10 0.705700
INFO:kbc-cli.py:Epoch 40/100	Loss 6.7639 ± 0.2441
INFO:kbc-cli.py:Epoch 41/100	Loss 6.7591 ± 0.2440
INFO:kbc-cli.py:Epoch 42/100	Loss 6.7545 ± 0.2442
INFO:kbc-cli.py:Epoch 42/100	dev results	MRR 0.574043	H@1 0.502200	H@3 0.619600	H@5 0.659500	H@10 0.702100
INFO:kbc-cli.py:Epoch 42/100	test results	MRR 0.572511	H@1 0.498200	H@3 0.617100	H@5 0.658200	H@10 0.706900
INFO:kbc-cli.py:Epoch 43/100	Loss 6.7502 ± 0.2441
INFO:kbc-cli.py:Epoch 44/100	Loss 6.7459 ± 0.2457
INFO:kbc-cli.py:Epoch 45/100	Loss 6.7417 ± 0.2443
INFO:kbc-cli.py:Epoch 45/100	dev results	MRR 0.576420	H@1 0.506200	H@3 0.618700	H@5 0.659400	H@10 0.701400
INFO:kbc-cli.py:Epoch 45/100	test results	MRR 0.575166	H@1 0.502000	H@3 0.619400	H@5 0.658700	H@10 0.707300
INFO:kbc-cli.py:Epoch 46/100	Loss 6.7377 ± 0.2408
INFO:kbc-cli.py:Epoch 47/100	Loss 6.7338 ± 0.2411
INFO:kbc-cli.py:Epoch 48/100	Loss 6.7300 ± 0.2415
INFO:kbc-cli.py:Epoch 48/100	dev results	MRR 0.575860	H@1 0.505100	H@3 0.618400	H@5 0.660400	H@10 0.702100
INFO:kbc-cli.py:Epoch 48/100	test results	MRR 0.573551	H@1 0.499800	H@3 0.618000	H@5 0.658700	H@10 0.705300
INFO:kbc-cli.py:Epoch 49/100	Loss 6.7264 ± 0.2420
INFO:kbc-cli.py:Epoch 50/100	Loss 6.7228 ± 0.2407
INFO:kbc-cli.py:Epoch 51/100	Loss 6.7194 ± 0.2405
INFO:kbc-cli.py:Epoch 51/100	dev results	MRR 0.574236	H@1 0.503500	H@3 0.616200	H@5 0.657300	H@10 0.702800
INFO:kbc-cli.py:Epoch 51/100	test results	MRR 0.574432	H@1 0.500800	H@3 0.619400	H@5 0.659500	H@10 0.706100
INFO:kbc-cli.py:Epoch 52/100	Loss 6.7160 ± 0.2421
INFO:kbc-cli.py:Epoch 53/100	Loss 6.7128 ± 0.2416
INFO:kbc-cli.py:Epoch 54/100	Loss 6.7096 ± 0.2419
INFO:kbc-cli.py:Epoch 54/100	dev results	MRR 0.576425	H@1 0.506500	H@3 0.618900	H@5 0.657500	H@10 0.702900
INFO:kbc-cli.py:Epoch 54/100	test results	MRR 0.574636	H@1 0.500800	H@3 0.621800	H@5 0.658600	H@10 0.706200
INFO:kbc-cli.py:Epoch 55/100	Loss 6.7066 ± 0.2410
INFO:kbc-cli.py:Epoch 56/100	Loss 6.7034 ± 0.2399
INFO:kbc-cli.py:Epoch 57/100	Loss 6.7006 ± 0.2406
INFO:kbc-cli.py:Epoch 57/100	dev results	MRR 0.575371	H@1 0.505600	H@3 0.615900	H@5 0.658700	H@10 0.701900
INFO:kbc-cli.py:Epoch 57/100	test results	MRR 0.574792	H@1 0.501400	H@3 0.619800	H@5 0.659200	H@10 0.707200
INFO:kbc-cli.py:Epoch 58/100	Loss 6.6978 ± 0.2394
INFO:kbc-cli.py:Epoch 59/100	Loss 6.6949 ± 0.2402
INFO:kbc-cli.py:Epoch 60/100	Loss 6.6922 ± 0.2400
INFO:kbc-cli.py:Epoch 60/100	dev results	MRR 0.575048	H@1 0.504300	H@3 0.617800	H@5 0.657800	H@10 0.701700
INFO:kbc-cli.py:Epoch 60/100	test results	MRR 0.576384	H@1 0.503900	H@3 0.622000	H@5 0.658700	H@10 0.706400
INFO:kbc-cli.py:Epoch 61/100	Loss 6.6896 ± 0.2403
INFO:kbc-cli.py:Epoch 62/100	Loss 6.6870 ± 0.2417
INFO:kbc-cli.py:Epoch 63/100	Loss 6.6845 ± 0.2411
INFO:kbc-cli.py:Epoch 63/100	dev results	MRR 0.575861	H@1 0.506400	H@3 0.615000	H@5 0.658000	H@10 0.701300
INFO:kbc-cli.py:Epoch 63/100	test results	MRR 0.576212	H@1 0.503800	H@3 0.619400	H@5 0.659100	H@10 0.706800
INFO:kbc-cli.py:Epoch 64/100	Loss 6.6820 ± 0.2374
INFO:kbc-cli.py:Epoch 65/100	Loss 6.6796 ± 0.2379
INFO:kbc-cli.py:Epoch 66/100	Loss 6.6772 ± 0.2382
INFO:kbc-cli.py:Epoch 66/100	dev results	MRR 0.576259	H@1 0.506500	H@3 0.617500	H@5 0.659300	H@10 0.702300
INFO:kbc-cli.py:Epoch 66/100	test results	MRR 0.575373	H@1 0.502200	H@3 0.620600	H@5 0.660500	H@10 0.707200
INFO:kbc-cli.py:Epoch 67/100	Loss 6.6749 ± 0.2386
INFO:kbc-cli.py:Epoch 68/100	Loss 6.6727 ± 0.2380
