./bin/kbc-cli.py --train data/yago3-10/train.tsv --dev data/yago3-10/dev.tsv --test data/yago3-10/test.tsv -m complex -k 1000 -b 1000 -e 100 --F2 0 --N3 0.005 -l 0.1 -I reciprocal -V 3 -o adagrad -q
{'F2': 0.0,
 'N3': 0.005,
 'batch_size': 1000,
 'dev': 'data/yago3-10/dev.tsv',
 'embedding_size': 1000,
 'epochs': 100,
 'eval_batch_size': None,
 'input_type': 'reciprocal',
 'learning_rate': 0.1,
 'load': None,
 'model': 'complex',
 'optimizer': 'adagrad',
 'quiet': True,
 'save': None,
 'seed': 0,
 'test': 'data/yago3-10/test.tsv',
 'test_i': None,
 'test_ii': None,
 'train': 'data/yago3-10/train.tsv',
 'validate_every': 3}
INFO:kbc-cli.py:Device: cuda
INFO:kbc-cli.py:Model state:
INFO:kbc-cli.py:	entities.weight	torch.Size([123182, 2000])
INFO:kbc-cli.py:	predicates.weight	torch.Size([74, 2000])
INFO:kbc-cli.py:Epoch 1/100	Loss 13.3255 ± 3.0533
INFO:kbc-cli.py:Epoch 2/100	Loss 8.7003 ± 0.1138
INFO:kbc-cli.py:Epoch 3/100	Loss 8.1824 ± 0.1202
INFO:kbc-cli.py:Epoch 3/100	dev results	MRR 0.499380	H@1 0.412600	H@3 0.544500	H@5 0.602300	H@10 0.667400
INFO:kbc-cli.py:Epoch 3/100	test results	MRR 0.500395	H@1 0.415000	H@3 0.542500	H@5 0.597400	H@10 0.663900
INFO:kbc-cli.py:Epoch 4/100	Loss 7.9478 ± 0.1360
INFO:kbc-cli.py:Epoch 5/100	Loss 7.8045 ± 0.1415
INFO:kbc-cli.py:Epoch 6/100	Loss 7.7043 ± 0.1425
INFO:kbc-cli.py:Epoch 6/100	dev results	MRR 0.542490	H@1 0.462600	H@3 0.587600	H@5 0.638000	H@10 0.691200
INFO:kbc-cli.py:Epoch 6/100	test results	MRR 0.539362	H@1 0.456700	H@3 0.587500	H@5 0.636200	H@10 0.694000
INFO:kbc-cli.py:Epoch 7/100	Loss 7.6287 ± 0.1433
INFO:kbc-cli.py:Epoch 8/100	Loss 7.5684 ± 0.1434
INFO:kbc-cli.py:Epoch 9/100	Loss 7.5190 ± 0.1450
INFO:kbc-cli.py:Epoch 9/100	dev results	MRR 0.559554	H@1 0.481200	H@3 0.607800	H@5 0.652300	H@10 0.704200
INFO:kbc-cli.py:Epoch 9/100	test results	MRR 0.554040	H@1 0.473800	H@3 0.602000	H@5 0.649100	H@10 0.700000
INFO:kbc-cli.py:Epoch 10/100	Loss 7.4776 ± 0.1442
INFO:kbc-cli.py:Epoch 11/100	Loss 7.4422 ± 0.1443
INFO:kbc-cli.py:Epoch 12/100	Loss 7.4112 ± 0.1417
INFO:kbc-cli.py:Epoch 12/100	dev results	MRR 0.568979	H@1 0.494700	H@3 0.613300	H@5 0.656700	H@10 0.705100
INFO:kbc-cli.py:Epoch 12/100	test results	MRR 0.562854	H@1 0.484400	H@3 0.608800	H@5 0.652900	H@10 0.702600
INFO:kbc-cli.py:Epoch 13/100	Loss 7.3837 ± 0.1409
INFO:kbc-cli.py:Epoch 14/100	Loss 7.3594 ± 0.1389
INFO:kbc-cli.py:Epoch 15/100	Loss 7.3375 ± 0.1390
INFO:kbc-cli.py:Epoch 15/100	dev results	MRR 0.571312	H@1 0.497000	H@3 0.615200	H@5 0.658800	H@10 0.707100
INFO:kbc-cli.py:Epoch 15/100	test results	MRR 0.566887	H@1 0.489100	H@3 0.615600	H@5 0.657100	H@10 0.704900
INFO:kbc-cli.py:Epoch 16/100	Loss 7.3183 ± 0.1386
INFO:kbc-cli.py:Epoch 17/100	Loss 7.3003 ± 0.1361
INFO:kbc-cli.py:Epoch 18/100	Loss 7.2834 ± 0.1368
INFO:kbc-cli.py:Epoch 18/100	dev results	MRR 0.572903	H@1 0.498300	H@3 0.618000	H@5 0.660600	H@10 0.706600
INFO:kbc-cli.py:Epoch 18/100	test results	MRR 0.569714	H@1 0.491900	H@3 0.619000	H@5 0.658000	H@10 0.706400
INFO:kbc-cli.py:Epoch 19/100	Loss 7.2679 ± 0.1354
INFO:kbc-cli.py:Epoch 20/100	Loss 7.2542 ± 0.1325
INFO:kbc-cli.py:Epoch 21/100	Loss 7.2415 ± 0.1365
INFO:kbc-cli.py:Epoch 21/100	dev results	MRR 0.576168	H@1 0.502600	H@3 0.619500	H@5 0.663600	H@10 0.707300
INFO:kbc-cli.py:Epoch 21/100	test results	MRR 0.574700	H@1 0.500100	H@3 0.619300	H@5 0.659700	H@10 0.707700
INFO:kbc-cli.py:Epoch 22/100	Loss 7.2291 ± 0.1316
INFO:kbc-cli.py:Epoch 23/100	Loss 7.2177 ± 0.1331
INFO:kbc-cli.py:Epoch 24/100	Loss 7.2072 ± 0.1310
INFO:kbc-cli.py:Epoch 24/100	dev results	MRR 0.577677	H@1 0.505600	H@3 0.619600	H@5 0.661600	H@10 0.710500
INFO:kbc-cli.py:Epoch 24/100	test results	MRR 0.574317	H@1 0.501000	H@3 0.617700	H@5 0.656700	H@10 0.706600
INFO:kbc-cli.py:Epoch 25/100	Loss 7.1971 ± 0.1336
INFO:kbc-cli.py:Epoch 26/100	Loss 7.1876 ± 0.1311
INFO:kbc-cli.py:Epoch 27/100	Loss 7.1788 ± 0.1309
INFO:kbc-cli.py:Epoch 27/100	dev results	MRR 0.578390	H@1 0.506300	H@3 0.620100	H@5 0.663100	H@10 0.709400
INFO:kbc-cli.py:Epoch 27/100	test results	MRR 0.575271	H@1 0.500800	H@3 0.619500	H@5 0.661300	H@10 0.709700
INFO:kbc-cli.py:Epoch 28/100	Loss 7.1703 ± 0.1295
INFO:kbc-cli.py:Epoch 29/100	Loss 7.1622 ± 0.1268
INFO:kbc-cli.py:Epoch 30/100	Loss 7.1549 ± 0.1270
INFO:kbc-cli.py:Epoch 30/100	dev results	MRR 0.579047	H@1 0.508800	H@3 0.618800	H@5 0.661600	H@10 0.708900
INFO:kbc-cli.py:Epoch 30/100	test results	MRR 0.577785	H@1 0.504700	H@3 0.620900	H@5 0.661000	H@10 0.709000
INFO:kbc-cli.py:Epoch 31/100	Loss 7.1472 ± 0.1295
INFO:kbc-cli.py:Epoch 32/100	Loss 7.1405 ± 0.1229
INFO:kbc-cli.py:Epoch 33/100	Loss 7.1340 ± 0.1272
INFO:kbc-cli.py:Epoch 33/100	dev results	MRR 0.580576	H@1 0.510200	H@3 0.621300	H@5 0.661200	H@10 0.709500
INFO:kbc-cli.py:Epoch 33/100	test results	MRR 0.577097	H@1 0.504300	H@3 0.620500	H@5 0.660100	H@10 0.709200
INFO:kbc-cli.py:Epoch 34/100	Loss 7.1275 ± 0.1244
INFO:kbc-cli.py:Epoch 35/100	Loss 7.1215 ± 0.1250
INFO:kbc-cli.py:Epoch 36/100	Loss 7.1159 ± 0.1217
INFO:kbc-cli.py:Epoch 36/100	dev results	MRR 0.580108	H@1 0.509800	H@3 0.621200	H@5 0.661400	H@10 0.710200
INFO:kbc-cli.py:Epoch 36/100	test results	MRR 0.577731	H@1 0.503900	H@3 0.621100	H@5 0.661900	H@10 0.709900
INFO:kbc-cli.py:Epoch 37/100	Loss 7.1102 ± 0.1250
INFO:kbc-cli.py:Epoch 38/100	Loss 7.1050 ± 0.1254
INFO:kbc-cli.py:Epoch 39/100	Loss 7.0999 ± 0.1225
INFO:kbc-cli.py:Epoch 39/100	dev results	MRR 0.580881	H@1 0.510900	H@3 0.621600	H@5 0.663200	H@10 0.708000
INFO:kbc-cli.py:Epoch 39/100	test results	MRR 0.576197	H@1 0.502200	H@3 0.621900	H@5 0.660900	H@10 0.710200
INFO:kbc-cli.py:Epoch 40/100	Loss 7.0948 ± 0.1223
INFO:kbc-cli.py:Epoch 41/100	Loss 7.0901 ± 0.1214
INFO:kbc-cli.py:Epoch 42/100	Loss 7.0855 ± 0.1222
INFO:kbc-cli.py:Epoch 42/100	dev results	MRR 0.578703	H@1 0.506800	H@3 0.621600	H@5 0.662900	H@10 0.709400
INFO:kbc-cli.py:Epoch 42/100	test results	MRR 0.576089	H@1 0.501300	H@3 0.621900	H@5 0.662600	H@10 0.709700
INFO:kbc-cli.py:Epoch 43/100	Loss 7.0814 ± 0.1221
INFO:kbc-cli.py:Epoch 44/100	Loss 7.0769 ± 0.1229
INFO:kbc-cli.py:Epoch 45/100	Loss 7.0726 ± 0.1199
INFO:kbc-cli.py:Epoch 45/100	dev results	MRR 0.580756	H@1 0.510300	H@3 0.623000	H@5 0.662200	H@10 0.708400
INFO:kbc-cli.py:Epoch 45/100	test results	MRR 0.579668	H@1 0.508100	H@3 0.622000	H@5 0.662000	H@10 0.709900
INFO:kbc-cli.py:Epoch 46/100	Loss 7.0687 ± 0.1194
INFO:kbc-cli.py:Epoch 47/100	Loss 7.0647 ± 0.1166
INFO:kbc-cli.py:Epoch 48/100	Loss 7.0612 ± 0.1186
INFO:kbc-cli.py:Epoch 48/100	dev results	MRR 0.580117	H@1 0.509400	H@3 0.621200	H@5 0.663200	H@10 0.709100
INFO:kbc-cli.py:Epoch 48/100	test results	MRR 0.579081	H@1 0.507400	H@3 0.621400	H@5 0.659600	H@10 0.710600
INFO:kbc-cli.py:Epoch 49/100	Loss 7.0575 ± 0.1193
INFO:kbc-cli.py:Epoch 50/100	Loss 7.0539 ± 0.1171
INFO:kbc-cli.py:Epoch 51/100	Loss 7.0507 ± 0.1171
INFO:kbc-cli.py:Epoch 51/100	dev results	MRR 0.578373	H@1 0.507100	H@3 0.620700	H@5 0.662600	H@10 0.710000
INFO:kbc-cli.py:Epoch 51/100	test results	MRR 0.578077	H@1 0.505100	H@3 0.622400	H@5 0.662500	H@10 0.711800
INFO:kbc-cli.py:Epoch 52/100	Loss 7.0470 ± 0.1184
INFO:kbc-cli.py:Epoch 53/100	Loss 7.0438 ± 0.1164
INFO:kbc-cli.py:Epoch 54/100	Loss 7.0406 ± 0.1161
INFO:kbc-cli.py:Epoch 54/100	dev results	MRR 0.580324	H@1 0.511100	H@3 0.621800	H@5 0.662400	H@10 0.710000
INFO:kbc-cli.py:Epoch 54/100	test results	MRR 0.578720	H@1 0.506400	H@3 0.621300	H@5 0.661100	H@10 0.710100
INFO:kbc-cli.py:Epoch 55/100	Loss 7.0379 ± 0.1164
INFO:kbc-cli.py:Epoch 56/100	Loss 7.0348 ± 0.1174
INFO:kbc-cli.py:Epoch 57/100	Loss 7.0318 ± 0.1144
INFO:kbc-cli.py:Epoch 57/100	dev results	MRR 0.579857	H@1 0.509700	H@3 0.619800	H@5 0.661900	H@10 0.710300
INFO:kbc-cli.py:Epoch 57/100	test results	MRR 0.578248	H@1 0.505500	H@3 0.620600	H@5 0.659200	H@10 0.710600
INFO:kbc-cli.py:Epoch 58/100	Loss 7.0289 ± 0.1126
INFO:kbc-cli.py:Epoch 59/100	Loss 7.0260 ± 0.1131
INFO:kbc-cli.py:Epoch 60/100	Loss 7.0235 ± 0.1150
INFO:kbc-cli.py:Epoch 60/100	dev results	MRR 0.580669	H@1 0.510900	H@3 0.622600	H@5 0.663500	H@10 0.709000
INFO:kbc-cli.py:Epoch 60/100	test results	MRR 0.579986	H@1 0.508200	H@3 0.621300	H@5 0.660700	H@10 0.709300
INFO:kbc-cli.py:Epoch 61/100	Loss 7.0206 ± 0.1102
INFO:kbc-cli.py:Epoch 62/100	Loss 7.0184 ± 0.1148
INFO:kbc-cli.py:Epoch 63/100	Loss 7.0157 ± 0.1150
INFO:kbc-cli.py:Epoch 63/100	dev results	MRR 0.577846	H@1 0.506600	H@3 0.619500	H@5 0.662400	H@10 0.709900
INFO:kbc-cli.py:Epoch 63/100	test results	MRR 0.578603	H@1 0.506900	H@3 0.621900	H@5 0.661500	H@10 0.711500
INFO:kbc-cli.py:Epoch 64/100	Loss 7.0133 ± 0.1125
INFO:kbc-cli.py:Epoch 65/100	Loss 7.0110 ± 0.1118
INFO:kbc-cli.py:Epoch 66/100	Loss 7.0085 ± 0.1107
INFO:kbc-cli.py:Epoch 66/100	dev results	MRR 0.579639	H@1 0.509200	H@3 0.620500	H@5 0.664400	H@10 0.708200
INFO:kbc-cli.py:Epoch 66/100	test results	MRR 0.579226	H@1 0.506900	H@3 0.621400	H@5 0.661800	H@10 0.710300
INFO:kbc-cli.py:Epoch 67/100	Loss 7.0062 ± 0.1109
INFO:kbc-cli.py:Epoch 68/100	Loss 7.0040 ± 0.1110
INFO:kbc-cli.py:Epoch 69/100	Loss 7.0019 ± 0.1108
INFO:kbc-cli.py:Epoch 69/100	dev results	MRR 0.580487	H@1 0.511300	H@3 0.620000	H@5 0.661500	H@10 0.708700
INFO:kbc-cli.py:Epoch 69/100	test results	MRR 0.578350	H@1 0.505900	H@3 0.619800	H@5 0.661300	H@10 0.709500
INFO:kbc-cli.py:Epoch 70/100	Loss 6.9997 ± 0.1099
INFO:kbc-cli.py:Epoch 71/100	Loss 6.9976 ± 0.1079
INFO:kbc-cli.py:Epoch 72/100	Loss 6.9955 ± 0.1118
INFO:kbc-cli.py:Epoch 72/100	dev results	MRR 0.578875	H@1 0.508700	H@3 0.618900	H@5 0.661300	H@10 0.709000
INFO:kbc-cli.py:Epoch 72/100	test results	MRR 0.578129	H@1 0.505100	H@3 0.620300	H@5 0.659900	H@10 0.710700
INFO:kbc-cli.py:Epoch 73/100	Loss 6.9936 ± 0.1095
INFO:kbc-cli.py:Epoch 74/100	Loss 6.9916 ± 0.1109
INFO:kbc-cli.py:Epoch 75/100	Loss 6.9898 ± 0.1113
INFO:kbc-cli.py:Epoch 75/100	dev results	MRR 0.580128	H@1 0.510500	H@3 0.619900	H@5 0.660900	H@10 0.709300
INFO:kbc-cli.py:Epoch 75/100	test results	MRR 0.578437	H@1 0.505300	H@3 0.621400	H@5 0.660900	H@10 0.710200
INFO:kbc-cli.py:Epoch 76/100	Loss 6.9879 ± 0.1097
INFO:kbc-cli.py:Epoch 77/100	Loss 6.9859 ± 0.1073
INFO:kbc-cli.py:Epoch 78/100	Loss 6.9840 ± 0.1076
INFO:kbc-cli.py:Epoch 78/100	dev results	MRR 0.579436	H@1 0.509600	H@3 0.619900	H@5 0.659900	H@10 0.708900
INFO:kbc-cli.py:Epoch 78/100	test results	MRR 0.578613	H@1 0.506000	H@3 0.621900	H@5 0.661300	H@10 0.710200
INFO:kbc-cli.py:Epoch 79/100	Loss 6.9824 ± 0.1070
INFO:kbc-cli.py:Epoch 80/100	Loss 6.9806 ± 0.1084
INFO:kbc-cli.py:Epoch 81/100	Loss 6.9788 ± 0.1110
INFO:kbc-cli.py:Epoch 81/100	dev results	MRR 0.579316	H@1 0.509300	H@3 0.619800	H@5 0.662700	H@10 0.709200
INFO:kbc-cli.py:Epoch 81/100	test results	MRR 0.577912	H@1 0.504900	H@3 0.619800	H@5 0.661000	H@10 0.710600
INFO:kbc-cli.py:Epoch 82/100	Loss 6.9775 ± 0.1061
INFO:kbc-cli.py:Epoch 83/100	Loss 6.9754 ± 0.1095
INFO:kbc-cli.py:Epoch 84/100	Loss 6.9738 ± 0.1065
INFO:kbc-cli.py:Epoch 84/100	dev results	MRR 0.580790	H@1 0.512100	H@3 0.618400	H@5 0.661200	H@10 0.709400
INFO:kbc-cli.py:Epoch 84/100	test results	MRR 0.578184	H@1 0.505300	H@3 0.620700	H@5 0.661100	H@10 0.709600
INFO:kbc-cli.py:Epoch 85/100	Loss 6.9722 ± 0.1067
INFO:kbc-cli.py:Epoch 86/100	Loss 6.9705 ± 0.1063
INFO:kbc-cli.py:Epoch 87/100	Loss 6.9691 ± 0.1053
INFO:kbc-cli.py:Epoch 87/100	dev results	MRR 0.577753	H@1 0.507300	H@3 0.618100	H@5 0.659800	H@10 0.707600
INFO:kbc-cli.py:Epoch 87/100	test results	MRR 0.576800	H@1 0.502900	H@3 0.620200	H@5 0.660700	H@10 0.710000
INFO:kbc-cli.py:Epoch 88/100	Loss 6.9678 ± 0.1080
INFO:kbc-cli.py:Epoch 89/100	Loss 6.9662 ± 0.1080
INFO:kbc-cli.py:Epoch 90/100	Loss 6.9647 ± 0.1058
INFO:kbc-cli.py:Epoch 90/100	dev results	MRR 0.578893	H@1 0.508900	H@3 0.617900	H@5 0.661100	H@10 0.708000
INFO:kbc-cli.py:Epoch 90/100	test results	MRR 0.578121	H@1 0.505800	H@3 0.621400	H@5 0.659300	H@10 0.709300
INFO:kbc-cli.py:Epoch 91/100	Loss 6.9632 ± 0.1065
