./bin/kbc-cli.py --train data/yago3-10/train.tsv --dev data/yago3-10/dev.tsv --test data/yago3-10/test.tsv -m complex -k 500 -b 1000 -e 100 --F2 0 --N3 0.1 -l 0.1 -I standard -V 3 -o adagrad -q
{'F2': 0.0,
 'N3': 0.1,
 'batch_size': 1000,
 'dev': 'data/yago3-10/dev.tsv',
 'embedding_size': 500,
 'epochs': 100,
 'eval_batch_size': None,
 'input_type': 'standard',
 'learning_rate': 0.1,
 'load': None,
 'model': 'complex',
 'optimizer': 'adagrad',
 'quiet': True,
 'save': None,
 'seed': 0,
 'test': 'data/yago3-10/test.tsv',
 'test_i': None,
 'test_ii': None,
 'train': 'data/yago3-10/train.tsv',
 'validate_every': 3}
INFO:kbc-cli.py:Device: cuda
INFO:kbc-cli.py:Model state:
INFO:kbc-cli.py:	entities.weight	torch.Size([123182, 1000])
INFO:kbc-cli.py:	predicates.weight	torch.Size([37, 1000])
INFO:kbc-cli.py:Epoch 1/100	Loss 23.9820 ± 3.0597
INFO:kbc-cli.py:Epoch 2/100	Loss 17.7428 ± 0.3094
INFO:kbc-cli.py:Epoch 3/100	Loss 15.8503 ± 0.1558
INFO:kbc-cli.py:Epoch 3/100	dev results	MRR 0.310181	H@1 0.214000	H@3 0.354200	H@5 0.414200	H@10 0.494200
INFO:kbc-cli.py:Epoch 3/100	test results	MRR 0.314595	H@1 0.217300	H@3 0.358800	H@5 0.420400	H@10 0.497700
INFO:kbc-cli.py:Epoch 4/100	Loss 15.0177 ± 0.2070
INFO:kbc-cli.py:Epoch 5/100	Loss 14.5491 ± 0.2291
INFO:kbc-cli.py:Epoch 6/100	Loss 14.2438 ± 0.2248
INFO:kbc-cli.py:Epoch 6/100	dev results	MRR 0.380026	H@1 0.278700	H@3 0.433300	H@5 0.492600	H@10 0.569200
INFO:kbc-cli.py:Epoch 6/100	test results	MRR 0.383332	H@1 0.283000	H@3 0.432800	H@5 0.495000	H@10 0.574800
INFO:kbc-cli.py:Epoch 7/100	Loss 14.0261 ± 0.2246
INFO:kbc-cli.py:Epoch 8/100	Loss 13.8593 ± 0.2209
INFO:kbc-cli.py:Epoch 9/100	Loss 13.7286 ± 0.2147
INFO:kbc-cli.py:Epoch 9/100	dev results	MRR 0.405002	H@1 0.304500	H@3 0.456000	H@5 0.516800	H@10 0.596600
INFO:kbc-cli.py:Epoch 9/100	test results	MRR 0.407133	H@1 0.307100	H@3 0.458800	H@5 0.518100	H@10 0.597200
INFO:kbc-cli.py:Epoch 10/100	Loss 13.6224 ± 0.2124
INFO:kbc-cli.py:Epoch 11/100	Loss 13.5337 ± 0.2061
INFO:kbc-cli.py:Epoch 12/100	Loss 13.4596 ± 0.1994
INFO:kbc-cli.py:Epoch 12/100	dev results	MRR 0.415163	H@1 0.316000	H@3 0.463700	H@5 0.526700	H@10 0.602600
INFO:kbc-cli.py:Epoch 12/100	test results	MRR 0.422593	H@1 0.323300	H@3 0.473400	H@5 0.535100	H@10 0.609700
INFO:kbc-cli.py:Epoch 13/100	Loss 13.3957 ± 0.2021
INFO:kbc-cli.py:Epoch 14/100	Loss 13.3393 ± 0.1926
INFO:kbc-cli.py:Epoch 15/100	Loss 13.2911 ± 0.1927
INFO:kbc-cli.py:Epoch 15/100	dev results	MRR 0.423658	H@1 0.324200	H@3 0.473800	H@5 0.536100	H@10 0.613900
INFO:kbc-cli.py:Epoch 15/100	test results	MRR 0.428993	H@1 0.331000	H@3 0.480000	H@5 0.539200	H@10 0.615800
INFO:kbc-cli.py:Epoch 16/100	Loss 13.2484 ± 0.1890
INFO:kbc-cli.py:Epoch 17/100	Loss 13.2099 ± 0.1836
INFO:kbc-cli.py:Epoch 18/100	Loss 13.1752 ± 0.1841
INFO:kbc-cli.py:Epoch 18/100	dev results	MRR 0.428740	H@1 0.329000	H@3 0.477900	H@5 0.537700	H@10 0.614800
INFO:kbc-cli.py:Epoch 18/100	test results	MRR 0.434125	H@1 0.335300	H@3 0.488800	H@5 0.544400	H@10 0.617700
INFO:kbc-cli.py:Epoch 19/100	Loss 13.1447 ± 0.1817
INFO:kbc-cli.py:Epoch 20/100	Loss 13.1165 ± 0.1796
INFO:kbc-cli.py:Epoch 21/100	Loss 13.0899 ± 0.1733
INFO:kbc-cli.py:Epoch 21/100	dev results	MRR 0.432817	H@1 0.334400	H@3 0.482200	H@5 0.543600	H@10 0.619300
INFO:kbc-cli.py:Epoch 21/100	test results	MRR 0.438596	H@1 0.341100	H@3 0.489300	H@5 0.548400	H@10 0.623200
INFO:kbc-cli.py:Epoch 22/100	Loss 13.0671 ± 0.1777
INFO:kbc-cli.py:Epoch 23/100	Loss 13.0452 ± 0.1696
INFO:kbc-cli.py:Epoch 24/100	Loss 13.0245 ± 0.1660
INFO:kbc-cli.py:Epoch 24/100	dev results	MRR 0.435038	H@1 0.335600	H@3 0.485500	H@5 0.546000	H@10 0.622400
INFO:kbc-cli.py:Epoch 24/100	test results	MRR 0.439687	H@1 0.342000	H@3 0.489200	H@5 0.550700	H@10 0.624200
INFO:kbc-cli.py:Epoch 25/100	Loss 13.0070 ± 0.1700
INFO:kbc-cli.py:Epoch 26/100	Loss 12.9887 ± 0.1630
INFO:kbc-cli.py:Epoch 27/100	Loss 12.9727 ± 0.1682
INFO:kbc-cli.py:Epoch 27/100	dev results	MRR 0.437471	H@1 0.339800	H@3 0.483900	H@5 0.546700	H@10 0.625600
INFO:kbc-cli.py:Epoch 27/100	test results	MRR 0.441685	H@1 0.344900	H@3 0.491400	H@5 0.551800	H@10 0.626400
INFO:kbc-cli.py:Epoch 28/100	Loss 12.9575 ± 0.1616
INFO:kbc-cli.py:Epoch 29/100	Loss 12.9441 ± 0.1596
INFO:kbc-cli.py:Epoch 30/100	Loss 12.9304 ± 0.1607
INFO:kbc-cli.py:Epoch 30/100	dev results	MRR 0.440121	H@1 0.342700	H@3 0.487600	H@5 0.549900	H@10 0.626000
INFO:kbc-cli.py:Epoch 30/100	test results	MRR 0.442672	H@1 0.345300	H@3 0.493700	H@5 0.551400	H@10 0.624600
INFO:kbc-cli.py:Epoch 31/100	Loss 12.9176 ± 0.1594
INFO:kbc-cli.py:Epoch 32/100	Loss 12.9064 ± 0.1551
INFO:kbc-cli.py:Epoch 33/100	Loss 12.8947 ± 0.1520
INFO:kbc-cli.py:Epoch 33/100	dev results	MRR 0.441990	H@1 0.345000	H@3 0.488200	H@5 0.551500	H@10 0.627500
INFO:kbc-cli.py:Epoch 33/100	test results	MRR 0.444957	H@1 0.347900	H@3 0.495000	H@5 0.553300	H@10 0.626700
INFO:kbc-cli.py:Epoch 34/100	Loss 12.8840 ± 0.1529
INFO:kbc-cli.py:Epoch 35/100	Loss 12.8743 ± 0.1523
INFO:kbc-cli.py:Epoch 36/100	Loss 12.8642 ± 0.1506
INFO:kbc-cli.py:Epoch 36/100	dev results	MRR 0.444330	H@1 0.347800	H@3 0.490000	H@5 0.550000	H@10 0.628600
INFO:kbc-cli.py:Epoch 36/100	test results	MRR 0.446143	H@1 0.348500	H@3 0.497500	H@5 0.558100	H@10 0.628400
INFO:kbc-cli.py:Epoch 37/100	Loss 12.8557 ± 0.1490
INFO:kbc-cli.py:Epoch 38/100	Loss 12.8470 ± 0.1496
INFO:kbc-cli.py:Epoch 39/100	Loss 12.8394 ± 0.1463
INFO:kbc-cli.py:Epoch 39/100	dev results	MRR 0.443787	H@1 0.346900	H@3 0.492000	H@5 0.552500	H@10 0.628700
INFO:kbc-cli.py:Epoch 39/100	test results	MRR 0.445573	H@1 0.348100	H@3 0.494800	H@5 0.555000	H@10 0.626100
INFO:kbc-cli.py:Epoch 40/100	Loss 12.8310 ± 0.1449
INFO:kbc-cli.py:Epoch 41/100	Loss 12.8235 ± 0.1490
INFO:kbc-cli.py:Epoch 42/100	Loss 12.8156 ± 0.1434
INFO:kbc-cli.py:Epoch 42/100	dev results	MRR 0.445804	H@1 0.349500	H@3 0.492600	H@5 0.553100	H@10 0.628700
INFO:kbc-cli.py:Epoch 42/100	test results	MRR 0.448601	H@1 0.352600	H@3 0.497700	H@5 0.556100	H@10 0.629000
INFO:kbc-cli.py:Epoch 43/100	Loss 12.8089 ± 0.1434
INFO:kbc-cli.py:Epoch 44/100	Loss 12.8032 ± 0.1412
INFO:kbc-cli.py:Epoch 45/100	Loss 12.7955 ± 0.1394
INFO:kbc-cli.py:Epoch 45/100	dev results	MRR 0.445510	H@1 0.348100	H@3 0.494800	H@5 0.554200	H@10 0.630900
INFO:kbc-cli.py:Epoch 45/100	test results	MRR 0.449182	H@1 0.352100	H@3 0.498300	H@5 0.558900	H@10 0.630600
INFO:kbc-cli.py:Epoch 46/100	Loss 12.7906 ± 0.1385
INFO:kbc-cli.py:Epoch 47/100	Loss 12.7839 ± 0.1367
INFO:kbc-cli.py:Epoch 48/100	Loss 12.7784 ± 0.1377
INFO:kbc-cli.py:Epoch 48/100	dev results	MRR 0.446944	H@1 0.351400	H@3 0.491300	H@5 0.554000	H@10 0.632100
INFO:kbc-cli.py:Epoch 48/100	test results	MRR 0.450103	H@1 0.353700	H@3 0.497500	H@5 0.560100	H@10 0.630200
INFO:kbc-cli.py:Epoch 49/100	Loss 12.7735 ± 0.1421
INFO:kbc-cli.py:Epoch 50/100	Loss 12.7675 ± 0.1387
INFO:kbc-cli.py:Epoch 51/100	Loss 12.7627 ± 0.1379
INFO:kbc-cli.py:Epoch 51/100	dev results	MRR 0.447475	H@1 0.350700	H@3 0.495400	H@5 0.555600	H@10 0.630700
INFO:kbc-cli.py:Epoch 51/100	test results	MRR 0.449214	H@1 0.351900	H@3 0.498900	H@5 0.559800	H@10 0.631100
INFO:kbc-cli.py:Epoch 52/100	Loss 12.7572 ± 0.1379
INFO:kbc-cli.py:Epoch 53/100	Loss 12.7532 ± 0.1336
INFO:kbc-cli.py:Epoch 54/100	Loss 12.7482 ± 0.1329
INFO:kbc-cli.py:Epoch 54/100	dev results	MRR 0.448169	H@1 0.352100	H@3 0.495300	H@5 0.555100	H@10 0.630800
INFO:kbc-cli.py:Epoch 54/100	test results	MRR 0.451038	H@1 0.354600	H@3 0.500500	H@5 0.560600	H@10 0.631600
INFO:kbc-cli.py:Epoch 55/100	Loss 12.7434 ± 0.1316
INFO:kbc-cli.py:Epoch 56/100	Loss 12.7388 ± 0.1313
INFO:kbc-cli.py:Epoch 57/100	Loss 12.7348 ± 0.1309
INFO:kbc-cli.py:Epoch 57/100	dev results	MRR 0.448643	H@1 0.353000	H@3 0.494100	H@5 0.553700	H@10 0.632400
INFO:kbc-cli.py:Epoch 57/100	test results	MRR 0.450509	H@1 0.354300	H@3 0.501000	H@5 0.560600	H@10 0.631300
INFO:kbc-cli.py:Epoch 58/100	Loss 12.7309 ± 0.1309
INFO:kbc-cli.py:Epoch 59/100	Loss 12.7267 ± 0.1290
INFO:kbc-cli.py:Epoch 60/100	Loss 12.7241 ± 0.1348
INFO:kbc-cli.py:Epoch 60/100	dev results	MRR 0.449458	H@1 0.353700	H@3 0.497300	H@5 0.555400	H@10 0.632100
INFO:kbc-cli.py:Epoch 60/100	test results	MRR 0.452837	H@1 0.356500	H@3 0.502500	H@5 0.561400	H@10 0.633400
INFO:kbc-cli.py:Epoch 61/100	Loss 12.7193 ± 0.1307
INFO:kbc-cli.py:Epoch 62/100	Loss 12.7154 ± 0.1298
INFO:kbc-cli.py:Epoch 63/100	Loss 12.7125 ± 0.1287
INFO:kbc-cli.py:Epoch 63/100	dev results	MRR 0.450045	H@1 0.354500	H@3 0.496800	H@5 0.556800	H@10 0.632300
INFO:kbc-cli.py:Epoch 63/100	test results	MRR 0.452054	H@1 0.355300	H@3 0.502100	H@5 0.559700	H@10 0.632100
INFO:kbc-cli.py:Epoch 64/100	Loss 12.7090 ± 0.1235
INFO:kbc-cli.py:Epoch 65/100	Loss 12.7053 ± 0.1251
INFO:kbc-cli.py:Epoch 66/100	Loss 12.7014 ± 0.1296
INFO:kbc-cli.py:Epoch 66/100	dev results	MRR 0.450945	H@1 0.356000	H@3 0.498300	H@5 0.556600	H@10 0.632600
INFO:kbc-cli.py:Epoch 66/100	test results	MRR 0.452562	H@1 0.356300	H@3 0.501200	H@5 0.562500	H@10 0.633400
INFO:kbc-cli.py:Epoch 67/100	Loss 12.6990 ± 0.1289
INFO:kbc-cli.py:Epoch 68/100	Loss 12.6952 ± 0.1273
INFO:kbc-cli.py:Epoch 69/100	Loss 12.6930 ± 0.1259
INFO:kbc-cli.py:Epoch 69/100	dev results	MRR 0.451572	H@1 0.357000	H@3 0.496900	H@5 0.556200	H@10 0.632000
INFO:kbc-cli.py:Epoch 69/100	test results	MRR 0.453654	H@1 0.357500	H@3 0.503800	H@5 0.562200	H@10 0.634000
INFO:kbc-cli.py:Epoch 70/100	Loss 12.6898 ± 0.1234
INFO:kbc-cli.py:Epoch 71/100	Loss 12.6869 ± 0.1221
INFO:kbc-cli.py:Epoch 72/100	Loss 12.6843 ± 0.1229
INFO:kbc-cli.py:Epoch 72/100	dev results	MRR 0.451160	H@1 0.355800	H@3 0.498100	H@5 0.557700	H@10 0.633400
INFO:kbc-cli.py:Epoch 72/100	test results	MRR 0.453216	H@1 0.356300	H@3 0.502500	H@5 0.560300	H@10 0.634900
INFO:kbc-cli.py:Epoch 73/100	Loss 12.6807 ± 0.1257
INFO:kbc-cli.py:Epoch 74/100	Loss 12.6789 ± 0.1239
INFO:kbc-cli.py:Epoch 75/100	Loss 12.6753 ± 0.1283
INFO:kbc-cli.py:Epoch 75/100	dev results	MRR 0.451650	H@1 0.355900	H@3 0.499100	H@5 0.558500	H@10 0.634200
INFO:kbc-cli.py:Epoch 75/100	test results	MRR 0.453706	H@1 0.357500	H@3 0.501400	H@5 0.563500	H@10 0.635600
INFO:kbc-cli.py:Epoch 76/100	Loss 12.6736 ± 0.1228
INFO:kbc-cli.py:Epoch 77/100	Loss 12.6711 ± 0.1218
INFO:kbc-cli.py:Epoch 78/100	Loss 12.6689 ± 0.1243
INFO:kbc-cli.py:Epoch 78/100	dev results	MRR 0.452084	H@1 0.356700	H@3 0.499200	H@5 0.557900	H@10 0.633000
INFO:kbc-cli.py:Epoch 78/100	test results	MRR 0.454495	H@1 0.358600	H@3 0.502400	H@5 0.561600	H@10 0.634000
INFO:kbc-cli.py:Epoch 79/100	Loss 12.6660 ± 0.1174
INFO:kbc-cli.py:Epoch 80/100	Loss 12.6638 ± 0.1186
INFO:kbc-cli.py:Epoch 81/100	Loss 12.6618 ± 0.1191
INFO:kbc-cli.py:Epoch 81/100	dev results	MRR 0.451547	H@1 0.356200	H@3 0.498100	H@5 0.556900	H@10 0.634800
INFO:kbc-cli.py:Epoch 81/100	test results	MRR 0.453945	H@1 0.357300	H@3 0.502300	H@5 0.562600	H@10 0.634600
INFO:kbc-cli.py:Epoch 82/100	Loss 12.6588 ± 0.1205
INFO:kbc-cli.py:Epoch 83/100	Loss 12.6565 ± 0.1192
INFO:kbc-cli.py:Epoch 84/100	Loss 12.6545 ± 0.1180
INFO:kbc-cli.py:Epoch 84/100	dev results	MRR 0.451481	H@1 0.355300	H@3 0.499600	H@5 0.558700	H@10 0.634600
INFO:kbc-cli.py:Epoch 84/100	test results	MRR 0.454446	H@1 0.358600	H@3 0.503300	H@5 0.562400	H@10 0.636000
INFO:kbc-cli.py:Epoch 85/100	Loss 12.6527 ± 0.1178
INFO:kbc-cli.py:Epoch 86/100	Loss 12.6500 ± 0.1149
INFO:kbc-cli.py:Epoch 87/100	Loss 12.6480 ± 0.1213
INFO:kbc-cli.py:Epoch 87/100	dev results	MRR 0.452825	H@1 0.357000	H@3 0.502100	H@5 0.558900	H@10 0.635400
INFO:kbc-cli.py:Epoch 87/100	test results	MRR 0.455397	H@1 0.358800	H@3 0.504000	H@5 0.564300	H@10 0.635200
INFO:kbc-cli.py:Epoch 88/100	Loss 12.6468 ± 0.1240
INFO:kbc-cli.py:Epoch 89/100	Loss 12.6441 ± 0.1176
INFO:kbc-cli.py:Epoch 90/100	Loss 12.6423 ± 0.1184
INFO:kbc-cli.py:Epoch 90/100	dev results	MRR 0.453438	H@1 0.359100	H@3 0.499300	H@5 0.558600	H@10 0.636100
INFO:kbc-cli.py:Epoch 90/100	test results	MRR 0.455455	H@1 0.360200	H@3 0.502700	H@5 0.562500	H@10 0.637200
INFO:kbc-cli.py:Epoch 91/100	Loss 12.6403 ± 0.1155
INFO:kbc-cli.py:Epoch 92/100	Loss 12.6382 ± 0.1171
INFO:kbc-cli.py:Epoch 93/100	Loss 12.6366 ± 0.1178
INFO:kbc-cli.py:Epoch 93/100	dev results	MRR 0.453234	H@1 0.358200	H@3 0.499600	H@5 0.558600	H@10 0.636200
INFO:kbc-cli.py:Epoch 93/100	test results	MRR 0.455558	H@1 0.359400	H@3 0.502600	H@5 0.564500	H@10 0.634800
INFO:kbc-cli.py:Epoch 94/100	Loss 12.6349 ± 0.1153
INFO:kbc-cli.py:Epoch 95/100	Loss 12.6326 ± 0.1156
INFO:kbc-cli.py:Epoch 96/100	Loss 12.6311 ± 0.1112
INFO:kbc-cli.py:Epoch 96/100	dev results	MRR 0.454509	H@1 0.359900	H@3 0.499700	H@5 0.558200	H@10 0.634500
INFO:kbc-cli.py:Epoch 96/100	test results	MRR 0.456003	H@1 0.359700	H@3 0.503700	H@5 0.564100	H@10 0.635800
INFO:kbc-cli.py:Epoch 97/100	Loss 12.6300 ± 0.1155
INFO:kbc-cli.py:Epoch 98/100	Loss 12.6283 ± 0.1131
INFO:kbc-cli.py:Epoch 99/100	Loss 12.6257 ± 0.1141
INFO:kbc-cli.py:Epoch 99/100	dev results	MRR 0.453440	H@1 0.358300	H@3 0.500000	H@5 0.558600	H@10 0.635400
INFO:kbc-cli.py:Epoch 99/100	test results	MRR 0.456067	H@1 0.359200	H@3 0.505900	H@5 0.564000	H@10 0.638500
INFO:kbc-cli.py:Epoch 100/100	Loss 12.6242 ± 0.1116
INFO:kbc-cli.py:Final 	dev results	MRR 0.454344	H@1 0.360100	H@3 0.499700	H@5 0.558000	H@10 0.634200
INFO:kbc-cli.py:Final 	test results	MRR 0.457054	H@1 0.361400	H@3 0.505400	H@5 0.564400	H@10 0.636800
INFO:kbc-cli.py:Training finished
