./bin/kbc-cli.py --train data/yago3-10/train.tsv --dev data/yago3-10/dev.tsv --test data/yago3-10/test.tsv -m complex -k 500 -b 1000 -e 100 --F2 0.01 --N3 0 -l 0.1 -I reciprocal -V 3 -o adagrad -q
{'F2': 0.01,
 'N3': 0.0,
 'batch_size': 1000,
 'dev': 'data/yago3-10/dev.tsv',
 'embedding_size': 500,
 'epochs': 100,
 'eval_batch_size': None,
 'input_type': 'reciprocal',
 'learning_rate': 0.1,
 'load': None,
 'model': 'complex',
 'optimizer': 'adagrad',
 'quiet': True,
 'save': None,
 'seed': 0,
 'test': 'data/yago3-10/test.tsv',
 'test_i': None,
 'test_ii': None,
 'train': 'data/yago3-10/train.tsv',
 'validate_every': 3}
INFO:kbc-cli.py:Device: cuda
INFO:kbc-cli.py:Model state:
INFO:kbc-cli.py:	entities.weight	torch.Size([123182, 1000])
INFO:kbc-cli.py:	predicates.weight	torch.Size([74, 1000])
INFO:kbc-cli.py:Epoch 1/100	Loss 14.5688 ± 2.9559
INFO:kbc-cli.py:Epoch 2/100	Loss 9.9296 ± 0.1119
INFO:kbc-cli.py:Epoch 3/100	Loss 9.3559 ± 0.1158
INFO:kbc-cli.py:Epoch 3/100	dev results	MRR 0.482650	H@1 0.397000	H@3 0.524200	H@5 0.577100	H@10 0.650500
INFO:kbc-cli.py:Epoch 3/100	test results	MRR 0.480361	H@1 0.391600	H@3 0.524900	H@5 0.581100	H@10 0.649600
INFO:kbc-cli.py:Epoch 4/100	Loss 9.1068 ± 0.1311
INFO:kbc-cli.py:Epoch 5/100	Loss 8.9547 ± 0.1354
INFO:kbc-cli.py:Epoch 6/100	Loss 8.8473 ± 0.1347
INFO:kbc-cli.py:Epoch 6/100	dev results	MRR 0.522056	H@1 0.439400	H@3 0.565300	H@5 0.617700	H@10 0.680800
INFO:kbc-cli.py:Epoch 6/100	test results	MRR 0.519851	H@1 0.434400	H@3 0.566700	H@5 0.616900	H@10 0.684200
INFO:kbc-cli.py:Epoch 7/100	Loss 8.7653 ± 0.1346
INFO:kbc-cli.py:Epoch 8/100	Loss 8.6996 ± 0.1336
INFO:kbc-cli.py:Epoch 9/100	Loss 8.6450 ± 0.1342
INFO:kbc-cli.py:Epoch 9/100	dev results	MRR 0.543091	H@1 0.459800	H@3 0.593500	H@5 0.640600	H@10 0.696100
INFO:kbc-cli.py:Epoch 9/100	test results	MRR 0.537229	H@1 0.452200	H@3 0.588100	H@5 0.638000	H@10 0.693300
INFO:kbc-cli.py:Epoch 10/100	Loss 8.5988 ± 0.1327
INFO:kbc-cli.py:Epoch 11/100	Loss 8.5586 ± 0.1322
INFO:kbc-cli.py:Epoch 12/100	Loss 8.5234 ± 0.1289
INFO:kbc-cli.py:Epoch 12/100	dev results	MRR 0.558622	H@1 0.479200	H@3 0.607500	H@5 0.649400	H@10 0.701800
INFO:kbc-cli.py:Epoch 12/100	test results	MRR 0.549782	H@1 0.467200	H@3 0.600100	H@5 0.645100	H@10 0.700200
INFO:kbc-cli.py:Epoch 13/100	Loss 8.4918 ± 0.1279
INFO:kbc-cli.py:Epoch 14/100	Loss 8.4637 ± 0.1257
INFO:kbc-cli.py:Epoch 15/100	Loss 8.4379 ± 0.1250
INFO:kbc-cli.py:Epoch 15/100	dev results	MRR 0.561841	H@1 0.483900	H@3 0.609900	H@5 0.652600	H@10 0.702700
INFO:kbc-cli.py:Epoch 15/100	test results	MRR 0.557225	H@1 0.477000	H@3 0.604500	H@5 0.652600	H@10 0.701200
INFO:kbc-cli.py:Epoch 16/100	Loss 8.4152 ± 0.1246
INFO:kbc-cli.py:Epoch 17/100	Loss 8.3937 ± 0.1216
INFO:kbc-cli.py:Epoch 18/100	Loss 8.3737 ± 0.1221
INFO:kbc-cli.py:Epoch 18/100	dev results	MRR 0.565299	H@1 0.486700	H@3 0.614100	H@5 0.655400	H@10 0.704900
INFO:kbc-cli.py:Epoch 18/100	test results	MRR 0.559964	H@1 0.479700	H@3 0.610100	H@5 0.652900	H@10 0.702400
INFO:kbc-cli.py:Epoch 19/100	Loss 8.3550 ± 0.1209
INFO:kbc-cli.py:Epoch 20/100	Loss 8.3382 ± 0.1172
INFO:kbc-cli.py:Epoch 21/100	Loss 8.3224 ± 0.1210
INFO:kbc-cli.py:Epoch 21/100	dev results	MRR 0.566538	H@1 0.489100	H@3 0.614400	H@5 0.657500	H@10 0.705800
INFO:kbc-cli.py:Epoch 21/100	test results	MRR 0.565343	H@1 0.487200	H@3 0.611300	H@5 0.656900	H@10 0.703600
INFO:kbc-cli.py:Epoch 22/100	Loss 8.3071 ± 0.1164
INFO:kbc-cli.py:Epoch 23/100	Loss 8.2929 ± 0.1178
INFO:kbc-cli.py:Epoch 24/100	Loss 8.2797 ± 0.1154
INFO:kbc-cli.py:Epoch 24/100	dev results	MRR 0.571337	H@1 0.496000	H@3 0.617700	H@5 0.657800	H@10 0.704900
INFO:kbc-cli.py:Epoch 24/100	test results	MRR 0.567547	H@1 0.491200	H@3 0.613100	H@5 0.655100	H@10 0.705700
INFO:kbc-cli.py:Epoch 25/100	Loss 8.2669 ± 0.1176
INFO:kbc-cli.py:Epoch 26/100	Loss 8.2548 ± 0.1152
INFO:kbc-cli.py:Epoch 27/100	Loss 8.2434 ± 0.1149
INFO:kbc-cli.py:Epoch 27/100	dev results	MRR 0.570986	H@1 0.494400	H@3 0.619900	H@5 0.659300	H@10 0.706800
INFO:kbc-cli.py:Epoch 27/100	test results	MRR 0.567918	H@1 0.490800	H@3 0.614600	H@5 0.657100	H@10 0.705800
INFO:kbc-cli.py:Epoch 28/100	Loss 8.2325 ± 0.1134
INFO:kbc-cli.py:Epoch 29/100	Loss 8.2219 ± 0.1109
INFO:kbc-cli.py:Epoch 30/100	Loss 8.2122 ± 0.1111
INFO:kbc-cli.py:Epoch 30/100	dev results	MRR 0.574386	H@1 0.499200	H@3 0.620100	H@5 0.658700	H@10 0.706200
INFO:kbc-cli.py:Epoch 30/100	test results	MRR 0.569011	H@1 0.491800	H@3 0.615400	H@5 0.657700	H@10 0.706400
INFO:kbc-cli.py:Epoch 31/100	Loss 8.2022 ± 0.1136
INFO:kbc-cli.py:Epoch 32/100	Loss 8.1931 ± 0.1072
INFO:kbc-cli.py:Epoch 33/100	Loss 8.1844 ± 0.1111
INFO:kbc-cli.py:Epoch 33/100	dev results	MRR 0.574408	H@1 0.499900	H@3 0.619800	H@5 0.659600	H@10 0.706700
INFO:kbc-cli.py:Epoch 33/100	test results	MRR 0.570029	H@1 0.493400	H@3 0.615900	H@5 0.657400	H@10 0.707500
INFO:kbc-cli.py:Epoch 34/100	Loss 8.1757 ± 0.1084
INFO:kbc-cli.py:Epoch 35/100	Loss 8.1674 ± 0.1089
INFO:kbc-cli.py:Epoch 36/100	Loss 8.1596 ± 0.1053
INFO:kbc-cli.py:Epoch 36/100	dev results	MRR 0.575003	H@1 0.500600	H@3 0.620500	H@5 0.659500	H@10 0.707400
INFO:kbc-cli.py:Epoch 36/100	test results	MRR 0.573490	H@1 0.498700	H@3 0.617800	H@5 0.659800	H@10 0.707300
INFO:kbc-cli.py:Epoch 37/100	Loss 8.1519 ± 0.1086
INFO:kbc-cli.py:Epoch 38/100	Loss 8.1445 ± 0.1090
INFO:kbc-cli.py:Epoch 39/100	Loss 8.1373 ± 0.1062
INFO:kbc-cli.py:Epoch 39/100	dev results	MRR 0.576141	H@1 0.501600	H@3 0.622600	H@5 0.660700	H@10 0.706900
INFO:kbc-cli.py:Epoch 39/100	test results	MRR 0.571580	H@1 0.495800	H@3 0.616200	H@5 0.659600	H@10 0.708300
INFO:kbc-cli.py:Epoch 40/100	Loss 8.1302 ± 0.1061
INFO:kbc-cli.py:Epoch 41/100	Loss 8.1234 ± 0.1049
INFO:kbc-cli.py:Epoch 42/100	Loss 8.1169 ± 0.1058
INFO:kbc-cli.py:Epoch 42/100	dev results	MRR 0.574578	H@1 0.499800	H@3 0.621400	H@5 0.660600	H@10 0.705600
INFO:kbc-cli.py:Epoch 42/100	test results	MRR 0.570489	H@1 0.493300	H@3 0.615000	H@5 0.658300	H@10 0.708000
INFO:kbc-cli.py:Epoch 43/100	Loss 8.1108 ± 0.1063
INFO:kbc-cli.py:Epoch 44/100	Loss 8.1044 ± 0.1065
INFO:kbc-cli.py:Epoch 45/100	Loss 8.0982 ± 0.1035
INFO:kbc-cli.py:Epoch 45/100	dev results	MRR 0.578162	H@1 0.505900	H@3 0.621100	H@5 0.661300	H@10 0.705200
INFO:kbc-cli.py:Epoch 45/100	test results	MRR 0.571502	H@1 0.495900	H@3 0.617000	H@5 0.659800	H@10 0.706700
INFO:kbc-cli.py:Epoch 46/100	Loss 8.0925 ± 0.1029
INFO:kbc-cli.py:Epoch 47/100	Loss 8.0866 ± 0.1009
INFO:kbc-cli.py:Epoch 48/100	Loss 8.0813 ± 0.1024
INFO:kbc-cli.py:Epoch 48/100	dev results	MRR 0.576139	H@1 0.502200	H@3 0.621700	H@5 0.660700	H@10 0.707100
INFO:kbc-cli.py:Epoch 48/100	test results	MRR 0.573579	H@1 0.499300	H@3 0.616400	H@5 0.659600	H@10 0.708700
INFO:kbc-cli.py:Epoch 49/100	Loss 8.0757 ± 0.1029
INFO:kbc-cli.py:Epoch 50/100	Loss 8.0703 ± 0.1008
INFO:kbc-cli.py:Epoch 51/100	Loss 8.0653 ± 0.1009
INFO:kbc-cli.py:Epoch 51/100	dev results	MRR 0.576031	H@1 0.501600	H@3 0.621500	H@5 0.661000	H@10 0.706400
INFO:kbc-cli.py:Epoch 51/100	test results	MRR 0.574219	H@1 0.499900	H@3 0.619100	H@5 0.660800	H@10 0.706800
INFO:kbc-cli.py:Epoch 52/100	Loss 8.0600 ± 0.1021
INFO:kbc-cli.py:Epoch 53/100	Loss 8.0550 ± 0.1005
INFO:kbc-cli.py:Epoch 54/100	Loss 8.0501 ± 0.1002
INFO:kbc-cli.py:Epoch 54/100	dev results	MRR 0.577029	H@1 0.503200	H@3 0.623500	H@5 0.661400	H@10 0.706500
INFO:kbc-cli.py:Epoch 54/100	test results	MRR 0.572635	H@1 0.497600	H@3 0.617700	H@5 0.658700	H@10 0.706000
INFO:kbc-cli.py:Epoch 55/100	Loss 8.0457 ± 0.1004
INFO:kbc-cli.py:Epoch 56/100	Loss 8.0410 ± 0.1015
INFO:kbc-cli.py:Epoch 57/100	Loss 8.0363 ± 0.0985
INFO:kbc-cli.py:Epoch 57/100	dev results	MRR 0.578065	H@1 0.505600	H@3 0.622400	H@5 0.660700	H@10 0.706000
INFO:kbc-cli.py:Epoch 57/100	test results	MRR 0.573488	H@1 0.498900	H@3 0.616100	H@5 0.657700	H@10 0.708200
INFO:kbc-cli.py:Epoch 58/100	Loss 8.0318 ± 0.0967
INFO:kbc-cli.py:Epoch 59/100	Loss 8.0273 ± 0.0973
INFO:kbc-cli.py:Epoch 60/100	Loss 8.0232 ± 0.0990
INFO:kbc-cli.py:Epoch 60/100	dev results	MRR 0.577634	H@1 0.505300	H@3 0.622400	H@5 0.659800	H@10 0.706000
INFO:kbc-cli.py:Epoch 60/100	test results	MRR 0.575177	H@1 0.501500	H@3 0.618900	H@5 0.658000	H@10 0.707300
INFO:kbc-cli.py:Epoch 61/100	Loss 8.0188 ± 0.0945
INFO:kbc-cli.py:Epoch 62/100	Loss 8.0149 ± 0.0990
INFO:kbc-cli.py:Epoch 63/100	Loss 8.0107 ± 0.0989
INFO:kbc-cli.py:Epoch 63/100	dev results	MRR 0.577200	H@1 0.505000	H@3 0.620700	H@5 0.660500	H@10 0.705000
INFO:kbc-cli.py:Epoch 63/100	test results	MRR 0.574710	H@1 0.500700	H@3 0.617900	H@5 0.658300	H@10 0.707200
INFO:kbc-cli.py:Epoch 64/100	Loss 8.0068 ± 0.0965
INFO:kbc-cli.py:Epoch 65/100	Loss 8.0030 ± 0.0963
INFO:kbc-cli.py:Epoch 66/100	Loss 7.9990 ± 0.0952
INFO:kbc-cli.py:Epoch 66/100	dev results	MRR 0.577433	H@1 0.504600	H@3 0.620800	H@5 0.661800	H@10 0.706300
INFO:kbc-cli.py:Epoch 66/100	test results	MRR 0.574583	H@1 0.500100	H@3 0.618300	H@5 0.659300	H@10 0.707700
INFO:kbc-cli.py:Epoch 67/100	Loss 7.9952 ± 0.0954
INFO:kbc-cli.py:Epoch 68/100	Loss 7.9916 ± 0.0957
INFO:kbc-cli.py:Epoch 69/100	Loss 7.9880 ± 0.0953
INFO:kbc-cli.py:Epoch 69/100	dev results	MRR 0.577406	H@1 0.505300	H@3 0.620300	H@5 0.660300	H@10 0.704300
INFO:kbc-cli.py:Epoch 69/100	test results	MRR 0.574240	H@1 0.500700	H@3 0.617600	H@5 0.657800	H@10 0.706400
INFO:kbc-cli.py:Epoch 70/100	Loss 7.9844 ± 0.0946
INFO:kbc-cli.py:Epoch 71/100	Loss 7.9809 ± 0.0927
INFO:kbc-cli.py:Epoch 72/100	Loss 7.9774 ± 0.0959
INFO:kbc-cli.py:Epoch 72/100	dev results	MRR 0.577667	H@1 0.505400	H@3 0.621300	H@5 0.660800	H@10 0.704900
INFO:kbc-cli.py:Epoch 72/100	test results	MRR 0.575204	H@1 0.502300	H@3 0.616100	H@5 0.658300	H@10 0.706400
INFO:kbc-cli.py:Epoch 73/100	Loss 7.9741 ± 0.0939
INFO:kbc-cli.py:Epoch 74/100	Loss 7.9707 ± 0.0953
INFO:kbc-cli.py:Epoch 75/100	Loss 7.9675 ± 0.0954
INFO:kbc-cli.py:Epoch 75/100	dev results	MRR 0.577479	H@1 0.506100	H@3 0.620200	H@5 0.660200	H@10 0.705300
INFO:kbc-cli.py:Epoch 75/100	test results	MRR 0.574373	H@1 0.500000	H@3 0.617300	H@5 0.658300	H@10 0.706600
INFO:kbc-cli.py:Epoch 76/100	Loss 7.9643 ± 0.0940
INFO:kbc-cli.py:Epoch 77/100	Loss 7.9610 ± 0.0916
INFO:kbc-cli.py:Epoch 78/100	Loss 7.9578 ± 0.0926
INFO:kbc-cli.py:Epoch 78/100	dev results	MRR 0.577280	H@1 0.506100	H@3 0.620400	H@5 0.659400	H@10 0.705200
INFO:kbc-cli.py:Epoch 78/100	test results	MRR 0.574492	H@1 0.500900	H@3 0.619100	H@5 0.659000	H@10 0.706600
INFO:kbc-cli.py:Epoch 79/100	Loss 7.9548 ± 0.0920
INFO:kbc-cli.py:Epoch 80/100	Loss 7.9518 ± 0.0930
INFO:kbc-cli.py:Epoch 81/100	Loss 7.9487 ± 0.0955
INFO:kbc-cli.py:Epoch 81/100	dev results	MRR 0.577196	H@1 0.504900	H@3 0.620800	H@5 0.660800	H@10 0.704800
INFO:kbc-cli.py:Epoch 81/100	test results	MRR 0.574899	H@1 0.501000	H@3 0.618000	H@5 0.656000	H@10 0.707600
INFO:kbc-cli.py:Epoch 82/100	Loss 7.9461 ± 0.0911
INFO:kbc-cli.py:Epoch 83/100	Loss 7.9428 ± 0.0943
INFO:kbc-cli.py:Epoch 84/100	Loss 7.9398 ± 0.0916
INFO:kbc-cli.py:Epoch 84/100	dev results	MRR 0.577638	H@1 0.506200	H@3 0.620600	H@5 0.660000	H@10 0.704900
INFO:kbc-cli.py:Epoch 84/100	test results	MRR 0.574885	H@1 0.501700	H@3 0.617500	H@5 0.658100	H@10 0.706100
INFO:kbc-cli.py:Epoch 85/100	Loss 7.9370 ± 0.0912
INFO:kbc-cli.py:Epoch 86/100	Loss 7.9341 ± 0.0913
INFO:kbc-cli.py:Epoch 87/100	Loss 7.9314 ± 0.0903
INFO:kbc-cli.py:Epoch 87/100	dev results	MRR 0.575683	H@1 0.502900	H@3 0.619600	H@5 0.659700	H@10 0.704500
INFO:kbc-cli.py:Epoch 87/100	test results	MRR 0.575333	H@1 0.503100	H@3 0.616400	H@5 0.657400	H@10 0.706300
INFO:kbc-cli.py:Epoch 88/100	Loss 7.9289 ± 0.0926
INFO:kbc-cli.py:Epoch 89/100	Loss 7.9262 ± 0.0933
INFO:kbc-cli.py:Epoch 90/100	Loss 7.9234 ± 0.0910
INFO:kbc-cli.py:Epoch 90/100	dev results	MRR 0.575830	H@1 0.503400	H@3 0.619900	H@5 0.660300	H@10 0.704200
INFO:kbc-cli.py:Epoch 90/100	test results	MRR 0.574741	H@1 0.501200	H@3 0.616800	H@5 0.658500	H@10 0.705400
INFO:kbc-cli.py:Epoch 91/100	Loss 7.9208 ± 0.0913
INFO:kbc-cli.py:Epoch 92/100	Loss 7.9183 ± 0.0922
INFO:kbc-cli.py:Epoch 93/100	Loss 7.9154 ± 0.0927
INFO:kbc-cli.py:Epoch 93/100	dev results	MRR 0.575942	H@1 0.503700	H@3 0.619600	H@5 0.659500	H@10 0.705200
INFO:kbc-cli.py:Epoch 93/100	test results	MRR 0.576091	H@1 0.504300	H@3 0.617000	H@5 0.656100	H@10 0.705500
INFO:kbc-cli.py:Epoch 94/100	Loss 7.9132 ± 0.0882
INFO:kbc-cli.py:Epoch 95/100	Loss 7.9107 ± 0.0913
INFO:kbc-cli.py:Epoch 96/100	Loss 7.9081 ± 0.0912
INFO:kbc-cli.py:Epoch 96/100	dev results	MRR 0.576815	H@1 0.505400	H@3 0.620200	H@5 0.659300	H@10 0.705300
INFO:kbc-cli.py:Epoch 96/100	test results	MRR 0.575597	H@1 0.503100	H@3 0.618100	H@5 0.657200	H@10 0.707000
INFO:kbc-cli.py:Epoch 97/100	Loss 7.9057 ± 0.0898
INFO:kbc-cli.py:Epoch 98/100	Loss 7.9033 ± 0.0883
INFO:kbc-cli.py:Epoch 99/100	Loss 7.9009 ± 0.0901
INFO:kbc-cli.py:Epoch 99/100	dev results	MRR 0.576148	H@1 0.504600	H@3 0.618800	H@5 0.660200	H@10 0.704700
INFO:kbc-cli.py:Epoch 99/100	test results	MRR 0.575614	H@1 0.503700	H@3 0.617400	H@5 0.656800	H@10 0.705700
INFO:kbc-cli.py:Epoch 100/100	Loss 7.8984 ± 0.0893
INFO:kbc-cli.py:Final 	dev results	MRR 0.575989	H@1 0.504600	H@3 0.619000	H@5 0.658500	H@10 0.704000
INFO:kbc-cli.py:Final 	test results	MRR 0.575118	H@1 0.502500	H@3 0.617400	H@5 0.658100	H@10 0.705700
INFO:kbc-cli.py:Training finished
