./bin/kbc-cli.py --train data/yago3-10/train.tsv --dev data/yago3-10/dev.tsv --test data/yago3-10/test.tsv -m complex -k 1000 -b 1000 -e 100 --F2 0.01 --N3 0 -l 0.1 -I standard -V 3 -o adagrad -q
{'F2': 0.01,
 'N3': 0.0,
 'batch_size': 1000,
 'dev': 'data/yago3-10/dev.tsv',
 'embedding_size': 1000,
 'epochs': 100,
 'eval_batch_size': None,
 'input_type': 'standard',
 'learning_rate': 0.1,
 'load': None,
 'model': 'complex',
 'optimizer': 'adagrad',
 'quiet': True,
 'save': None,
 'seed': 0,
 'test': 'data/yago3-10/test.tsv',
 'test_i': None,
 'test_ii': None,
 'train': 'data/yago3-10/train.tsv',
 'validate_every': 3}
INFO:kbc-cli.py:Device: cuda
INFO:kbc-cli.py:Model state:
INFO:kbc-cli.py:	entities.weight	torch.Size([123182, 2000])
INFO:kbc-cli.py:	predicates.weight	torch.Size([37, 2000])
INFO:kbc-cli.py:Epoch 1/100	Loss 17.4645 ± 2.3001
INFO:kbc-cli.py:Epoch 2/100	Loss 11.8048 ± 0.1134
INFO:kbc-cli.py:Epoch 3/100	Loss 10.3036 ± 0.2519
INFO:kbc-cli.py:Epoch 3/100	dev results	MRR 0.437149	H@1 0.343200	H@3 0.481500	H@5 0.542000	H@10 0.616200
INFO:kbc-cli.py:Epoch 3/100	test results	MRR 0.441650	H@1 0.348300	H@3 0.487200	H@5 0.544700	H@10 0.619600
INFO:kbc-cli.py:Epoch 4/100	Loss 9.7951 ± 0.2610
INFO:kbc-cli.py:Epoch 5/100	Loss 9.5240 ± 0.2584
INFO:kbc-cli.py:Epoch 6/100	Loss 9.3481 ± 0.2484
INFO:kbc-cli.py:Epoch 6/100	dev results	MRR 0.492332	H@1 0.405700	H@3 0.537300	H@5 0.589700	H@10 0.661800
INFO:kbc-cli.py:Epoch 6/100	test results	MRR 0.490499	H@1 0.402400	H@3 0.535700	H@5 0.590000	H@10 0.658700
INFO:kbc-cli.py:Epoch 7/100	Loss 9.2213 ± 0.2411
INFO:kbc-cli.py:Epoch 8/100	Loss 9.1215 ± 0.2361
INFO:kbc-cli.py:Epoch 9/100	Loss 9.0417 ± 0.2290
INFO:kbc-cli.py:Epoch 9/100	dev results	MRR 0.521551	H@1 0.436100	H@3 0.569700	H@5 0.619900	H@10 0.684200
INFO:kbc-cli.py:Epoch 9/100	test results	MRR 0.514894	H@1 0.427600	H@3 0.561400	H@5 0.615500	H@10 0.679800
INFO:kbc-cli.py:Epoch 10/100	Loss 8.9746 ± 0.2251
INFO:kbc-cli.py:Epoch 11/100	Loss 8.9175 ± 0.2151
INFO:kbc-cli.py:Epoch 12/100	Loss 8.8687 ± 0.2092
INFO:kbc-cli.py:Epoch 12/100	dev results	MRR 0.535925	H@1 0.450900	H@3 0.587100	H@5 0.634300	H@10 0.692400
INFO:kbc-cli.py:Epoch 12/100	test results	MRR 0.535620	H@1 0.452800	H@3 0.584300	H@5 0.634500	H@10 0.689500
INFO:kbc-cli.py:Epoch 13/100	Loss 8.8252 ± 0.2103
INFO:kbc-cli.py:Epoch 14/100	Loss 8.7858 ± 0.2020
INFO:kbc-cli.py:Epoch 15/100	Loss 8.7511 ± 0.1991
INFO:kbc-cli.py:Epoch 15/100	dev results	MRR 0.550707	H@1 0.470300	H@3 0.600500	H@5 0.645200	H@10 0.697900
INFO:kbc-cli.py:Epoch 15/100	test results	MRR 0.546624	H@1 0.466200	H@3 0.595600	H@5 0.640300	H@10 0.693400
INFO:kbc-cli.py:Epoch 16/100	Loss 8.7199 ± 0.1973
INFO:kbc-cli.py:Epoch 17/100	Loss 8.6906 ± 0.1904
INFO:kbc-cli.py:Epoch 18/100	Loss 8.6636 ± 0.1900
INFO:kbc-cli.py:Epoch 18/100	dev results	MRR 0.555948	H@1 0.476700	H@3 0.604300	H@5 0.647700	H@10 0.699600
INFO:kbc-cli.py:Epoch 18/100	test results	MRR 0.551451	H@1 0.470900	H@3 0.601200	H@5 0.646400	H@10 0.695500
INFO:kbc-cli.py:Epoch 19/100	Loss 8.6397 ± 0.1874
INFO:kbc-cli.py:Epoch 20/100	Loss 8.6173 ± 0.1864
INFO:kbc-cli.py:Epoch 21/100	Loss 8.5947 ± 0.1806
INFO:kbc-cli.py:Epoch 21/100	dev results	MRR 0.560123	H@1 0.481600	H@3 0.610900	H@5 0.651100	H@10 0.701400
INFO:kbc-cli.py:Epoch 21/100	test results	MRR 0.555870	H@1 0.476400	H@3 0.605200	H@5 0.647800	H@10 0.696300
INFO:kbc-cli.py:Epoch 22/100	Loss 8.5755 ± 0.1839
INFO:kbc-cli.py:Epoch 23/100	Loss 8.5569 ± 0.1754
INFO:kbc-cli.py:Epoch 24/100	Loss 8.5388 ± 0.1722
INFO:kbc-cli.py:Epoch 24/100	dev results	MRR 0.562112	H@1 0.482400	H@3 0.612800	H@5 0.653600	H@10 0.703800
INFO:kbc-cli.py:Epoch 24/100	test results	MRR 0.559466	H@1 0.480800	H@3 0.608000	H@5 0.649700	H@10 0.700300
INFO:kbc-cli.py:Epoch 25/100	Loss 8.5226 ± 0.1712
INFO:kbc-cli.py:Epoch 26/100	Loss 8.5061 ± 0.1671
INFO:kbc-cli.py:Epoch 27/100	Loss 8.4916 ± 0.1729
INFO:kbc-cli.py:Epoch 27/100	dev results	MRR 0.565350	H@1 0.487900	H@3 0.613200	H@5 0.656000	H@10 0.702600
INFO:kbc-cli.py:Epoch 27/100	test results	MRR 0.560412	H@1 0.481600	H@3 0.608900	H@5 0.652600	H@10 0.699000
INFO:kbc-cli.py:Epoch 28/100	Loss 8.4769 ± 0.1664
INFO:kbc-cli.py:Epoch 29/100	Loss 8.4637 ± 0.1641
INFO:kbc-cli.py:Epoch 30/100	Loss 8.4508 ± 0.1651
INFO:kbc-cli.py:Epoch 30/100	dev results	MRR 0.566091	H@1 0.490200	H@3 0.613200	H@5 0.654100	H@10 0.703500
INFO:kbc-cli.py:Epoch 30/100	test results	MRR 0.563317	H@1 0.484900	H@3 0.613600	H@5 0.652100	H@10 0.700000
INFO:kbc-cli.py:Epoch 31/100	Loss 8.4376 ± 0.1630
INFO:kbc-cli.py:Epoch 32/100	Loss 8.4265 ± 0.1594
INFO:kbc-cli.py:Epoch 33/100	Loss 8.4145 ± 0.1552
INFO:kbc-cli.py:Epoch 33/100	dev results	MRR 0.566460	H@1 0.489700	H@3 0.613000	H@5 0.655600	H@10 0.704800
INFO:kbc-cli.py:Epoch 33/100	test results	MRR 0.566304	H@1 0.490200	H@3 0.614600	H@5 0.654200	H@10 0.701700
INFO:kbc-cli.py:Epoch 34/100	Loss 8.4036 ± 0.1554
INFO:kbc-cli.py:Epoch 35/100	Loss 8.3930 ± 0.1550
INFO:kbc-cli.py:Epoch 36/100	Loss 8.3821 ± 0.1536
INFO:kbc-cli.py:Epoch 36/100	dev results	MRR 0.568540	H@1 0.493000	H@3 0.616400	H@5 0.655900	H@10 0.703600
INFO:kbc-cli.py:Epoch 36/100	test results	MRR 0.566193	H@1 0.488300	H@3 0.616300	H@5 0.655400	H@10 0.700500
INFO:kbc-cli.py:Epoch 37/100	Loss 8.3729 ± 0.1508
INFO:kbc-cli.py:Epoch 38/100	Loss 8.3636 ± 0.1515
INFO:kbc-cli.py:Epoch 39/100	Loss 8.3550 ± 0.1488
INFO:kbc-cli.py:Epoch 39/100	dev results	MRR 0.571632	H@1 0.496900	H@3 0.617600	H@5 0.657500	H@10 0.704500
INFO:kbc-cli.py:Epoch 39/100	test results	MRR 0.565350	H@1 0.486300	H@3 0.615900	H@5 0.655700	H@10 0.701300
INFO:kbc-cli.py:Epoch 40/100	Loss 8.3453 ± 0.1478
INFO:kbc-cli.py:Epoch 41/100	Loss 8.3366 ± 0.1497
INFO:kbc-cli.py:Epoch 42/100	Loss 8.3278 ± 0.1452
INFO:kbc-cli.py:Epoch 42/100	dev results	MRR 0.570436	H@1 0.495600	H@3 0.616600	H@5 0.657200	H@10 0.704400
INFO:kbc-cli.py:Epoch 42/100	test results	MRR 0.567606	H@1 0.491300	H@3 0.616400	H@5 0.656700	H@10 0.702400
INFO:kbc-cli.py:Epoch 43/100	Loss 8.3199 ± 0.1461
INFO:kbc-cli.py:Epoch 44/100	Loss 8.3131 ± 0.1447
INFO:kbc-cli.py:Epoch 45/100	Loss 8.3042 ± 0.1420
INFO:kbc-cli.py:Epoch 45/100	dev results	MRR 0.571896	H@1 0.497500	H@3 0.617700	H@5 0.658200	H@10 0.705300
INFO:kbc-cli.py:Epoch 45/100	test results	MRR 0.568097	H@1 0.491700	H@3 0.616500	H@5 0.656600	H@10 0.703400
INFO:kbc-cli.py:Epoch 46/100	Loss 8.2979 ± 0.1408
INFO:kbc-cli.py:Epoch 47/100	Loss 8.2899 ± 0.1381
INFO:kbc-cli.py:Epoch 48/100	Loss 8.2831 ± 0.1399
INFO:kbc-cli.py:Epoch 48/100	dev results	MRR 0.569556	H@1 0.493400	H@3 0.616800	H@5 0.657600	H@10 0.704100
INFO:kbc-cli.py:Epoch 48/100	test results	MRR 0.568701	H@1 0.492000	H@3 0.617800	H@5 0.657700	H@10 0.704500
INFO:kbc-cli.py:Epoch 49/100	Loss 8.2769 ± 0.1430
INFO:kbc-cli.py:Epoch 50/100	Loss 8.2695 ± 0.1396
INFO:kbc-cli.py:Epoch 51/100	Loss nan ± nan
INFO:kbc-cli.py:Epoch 51/100	dev results	MRR 0.000096	H@1 0.000000	H@3 0.000000	H@5 0.000100	H@10 0.000100
INFO:kbc-cli.py:Epoch 51/100	test results	MRR 0.000081	H@1 0.000000	H@3 0.000000	H@5 0.000000	H@10 0.000000
INFO:kbc-cli.py:Epoch 52/100	Loss nan ± nan
INFO:kbc-cli.py:Epoch 53/100	Loss nan ± nan
INFO:kbc-cli.py:Epoch 54/100	Loss nan ± nan
INFO:kbc-cli.py:Epoch 54/100	dev results	MRR 0.000096	H@1 0.000000	H@3 0.000000	H@5 0.000100	H@10 0.000100
INFO:kbc-cli.py:Epoch 54/100	test results	MRR 0.000081	H@1 0.000000	H@3 0.000000	H@5 0.000000	H@10 0.000000
INFO:kbc-cli.py:Epoch 55/100	Loss nan ± nan
INFO:kbc-cli.py:Epoch 56/100	Loss nan ± nan
INFO:kbc-cli.py:Epoch 57/100	Loss nan ± nan
INFO:kbc-cli.py:Epoch 57/100	dev results	MRR 0.000096	H@1 0.000000	H@3 0.000000	H@5 0.000100	H@10 0.000100
INFO:kbc-cli.py:Epoch 57/100	test results	MRR 0.000081	H@1 0.000000	H@3 0.000000	H@5 0.000000	H@10 0.000000
INFO:kbc-cli.py:Epoch 58/100	Loss nan ± nan
INFO:kbc-cli.py:Epoch 59/100	Loss nan ± nan
INFO:kbc-cli.py:Epoch 60/100	Loss nan ± nan
INFO:kbc-cli.py:Epoch 60/100	dev results	MRR 0.000096	H@1 0.000000	H@3 0.000000	H@5 0.000100	H@10 0.000100
INFO:kbc-cli.py:Epoch 60/100	test results	MRR 0.000081	H@1 0.000000	H@3 0.000000	H@5 0.000000	H@10 0.000000
INFO:kbc-cli.py:Epoch 61/100	Loss nan ± nan
INFO:kbc-cli.py:Epoch 62/100	Loss nan ± nan
INFO:kbc-cli.py:Epoch 63/100	Loss nan ± nan
INFO:kbc-cli.py:Epoch 63/100	dev results	MRR 0.000096	H@1 0.000000	H@3 0.000000	H@5 0.000100	H@10 0.000100
INFO:kbc-cli.py:Epoch 63/100	test results	MRR 0.000081	H@1 0.000000	H@3 0.000000	H@5 0.000000	H@10 0.000000
INFO:kbc-cli.py:Epoch 64/100	Loss nan ± nan
INFO:kbc-cli.py:Epoch 65/100	Loss nan ± nan
INFO:kbc-cli.py:Epoch 66/100	Loss nan ± nan
INFO:kbc-cli.py:Epoch 66/100	dev results	MRR 0.000096	H@1 0.000000	H@3 0.000000	H@5 0.000100	H@10 0.000100
INFO:kbc-cli.py:Epoch 66/100	test results	MRR 0.000081	H@1 0.000000	H@3 0.000000	H@5 0.000000	H@10 0.000000
INFO:kbc-cli.py:Epoch 67/100	Loss nan ± nan
INFO:kbc-cli.py:Epoch 68/100	Loss nan ± nan
INFO:kbc-cli.py:Epoch 69/100	Loss nan ± nan
INFO:kbc-cli.py:Epoch 69/100	dev results	MRR 0.000096	H@1 0.000000	H@3 0.000000	H@5 0.000100	H@10 0.000100
INFO:kbc-cli.py:Epoch 69/100	test results	MRR 0.000081	H@1 0.000000	H@3 0.000000	H@5 0.000000	H@10 0.000000
INFO:kbc-cli.py:Epoch 70/100	Loss nan ± nan
INFO:kbc-cli.py:Epoch 71/100	Loss nan ± nan
INFO:kbc-cli.py:Epoch 72/100	Loss nan ± nan
INFO:kbc-cli.py:Epoch 72/100	dev results	MRR 0.000096	H@1 0.000000	H@3 0.000000	H@5 0.000100	H@10 0.000100
INFO:kbc-cli.py:Epoch 72/100	test results	MRR 0.000081	H@1 0.000000	H@3 0.000000	H@5 0.000000	H@10 0.000000
INFO:kbc-cli.py:Epoch 73/100	Loss nan ± nan
INFO:kbc-cli.py:Epoch 74/100	Loss nan ± nan
INFO:kbc-cli.py:Epoch 75/100	Loss nan ± nan
INFO:kbc-cli.py:Epoch 75/100	dev results	MRR 0.000096	H@1 0.000000	H@3 0.000000	H@5 0.000100	H@10 0.000100
INFO:kbc-cli.py:Epoch 75/100	test results	MRR 0.000081	H@1 0.000000	H@3 0.000000	H@5 0.000000	H@10 0.000000
INFO:kbc-cli.py:Epoch 76/100	Loss nan ± nan
INFO:kbc-cli.py:Epoch 77/100	Loss nan ± nan
INFO:kbc-cli.py:Epoch 78/100	Loss nan ± nan
INFO:kbc-cli.py:Epoch 78/100	dev results	MRR 0.000096	H@1 0.000000	H@3 0.000000	H@5 0.000100	H@10 0.000100
INFO:kbc-cli.py:Epoch 78/100	test results	MRR 0.000081	H@1 0.000000	H@3 0.000000	H@5 0.000000	H@10 0.000000
INFO:kbc-cli.py:Epoch 79/100	Loss nan ± nan
INFO:kbc-cli.py:Epoch 80/100	Loss nan ± nan
INFO:kbc-cli.py:Epoch 81/100	Loss nan ± nan
INFO:kbc-cli.py:Epoch 81/100	dev results	MRR 0.000096	H@1 0.000000	H@3 0.000000	H@5 0.000100	H@10 0.000100
INFO:kbc-cli.py:Epoch 81/100	test results	MRR 0.000081	H@1 0.000000	H@3 0.000000	H@5 0.000000	H@10 0.000000
INFO:kbc-cli.py:Epoch 82/100	Loss nan ± nan
INFO:kbc-cli.py:Epoch 83/100	Loss nan ± nan
INFO:kbc-cli.py:Epoch 84/100	Loss nan ± nan
INFO:kbc-cli.py:Epoch 84/100	dev results	MRR 0.000096	H@1 0.000000	H@3 0.000000	H@5 0.000100	H@10 0.000100
INFO:kbc-cli.py:Epoch 84/100	test results	MRR 0.000081	H@1 0.000000	H@3 0.000000	H@5 0.000000	H@10 0.000000
INFO:kbc-cli.py:Epoch 85/100	Loss nan ± nan
INFO:kbc-cli.py:Epoch 86/100	Loss nan ± nan
INFO:kbc-cli.py:Epoch 87/100	Loss nan ± nan
INFO:kbc-cli.py:Epoch 87/100	dev results	MRR 0.000096	H@1 0.000000	H@3 0.000000	H@5 0.000100	H@10 0.000100
INFO:kbc-cli.py:Epoch 87/100	test results	MRR 0.000081	H@1 0.000000	H@3 0.000000	H@5 0.000000	H@10 0.000000
INFO:kbc-cli.py:Epoch 88/100	Loss nan ± nan
INFO:kbc-cli.py:Epoch 89/100	Loss nan ± nan
INFO:kbc-cli.py:Epoch 90/100	Loss nan ± nan
INFO:kbc-cli.py:Epoch 90/100	dev results	MRR 0.000096	H@1 0.000000	H@3 0.000000	H@5 0.000100	H@10 0.000100
INFO:kbc-cli.py:Epoch 90/100	test results	MRR 0.000081	H@1 0.000000	H@3 0.000000	H@5 0.000000	H@10 0.000000
INFO:kbc-cli.py:Epoch 91/100	Loss nan ± nan
INFO:kbc-cli.py:Epoch 92/100	Loss nan ± nan
INFO:kbc-cli.py:Epoch 93/100	Loss nan ± nan
INFO:kbc-cli.py:Epoch 93/100	dev results	MRR 0.000096	H@1 0.000000	H@3 0.000000	H@5 0.000100	H@10 0.000100
INFO:kbc-cli.py:Epoch 93/100	test results	MRR 0.000081	H@1 0.000000	H@3 0.000000	H@5 0.000000	H@10 0.000000
INFO:kbc-cli.py:Epoch 94/100	Loss nan ± nan
INFO:kbc-cli.py:Epoch 95/100	Loss nan ± nan
INFO:kbc-cli.py:Epoch 96/100	Loss nan ± nan
INFO:kbc-cli.py:Epoch 96/100	dev results	MRR 0.000096	H@1 0.000000	H@3 0.000000	H@5 0.000100	H@10 0.000100
INFO:kbc-cli.py:Epoch 96/100	test results	MRR 0.000081	H@1 0.000000	H@3 0.000000	H@5 0.000000	H@10 0.000000
INFO:kbc-cli.py:Epoch 97/100	Loss nan ± nan
INFO:kbc-cli.py:Epoch 98/100	Loss nan ± nan
INFO:kbc-cli.py:Epoch 99/100	Loss nan ± nan
INFO:kbc-cli.py:Epoch 99/100	dev results	MRR 0.000096	H@1 0.000000	H@3 0.000000	H@5 0.000100	H@10 0.000100
INFO:kbc-cli.py:Epoch 99/100	test results	MRR 0.000081	H@1 0.000000	H@3 0.000000	H@5 0.000000	H@10 0.000000
INFO:kbc-cli.py:Epoch 100/100	Loss nan ± nan
INFO:kbc-cli.py:Final 	dev results	MRR 0.000096	H@1 0.000000	H@3 0.000000	H@5 0.000100	H@10 0.000100
INFO:kbc-cli.py:Final 	test results	MRR 0.000081	H@1 0.000000	H@3 0.000000	H@5 0.000000	H@10 0.000000
INFO:kbc-cli.py:Training finished
