./bin/kbc-cli.py --train data/yago3-10/train.tsv --dev data/yago3-10/dev.tsv --test data/yago3-10/test.tsv -m complex -k 1000 -b 1000 -e 100 --F2 0.001 --N3 0 -l 0.1 -I standard -V 3 -o adagrad -q
{'F2': 0.001,
 'N3': 0.0,
 'batch_size': 1000,
 'dev': 'data/yago3-10/dev.tsv',
 'embedding_size': 1000,
 'epochs': 100,
 'eval_batch_size': None,
 'input_type': 'standard',
 'learning_rate': 0.1,
 'load': None,
 'model': 'complex',
 'optimizer': 'adagrad',
 'quiet': True,
 'save': None,
 'seed': 0,
 'test': 'data/yago3-10/test.tsv',
 'test_i': None,
 'test_ii': None,
 'train': 'data/yago3-10/train.tsv',
 'validate_every': 3}
INFO:kbc-cli.py:Device: cuda
INFO:kbc-cli.py:Model state:
INFO:kbc-cli.py:	entities.weight	torch.Size([123182, 2000])
INFO:kbc-cli.py:	predicates.weight	torch.Size([37, 2000])
INFO:kbc-cli.py:Epoch 1/100	Loss 15.9127 ± 2.3938
INFO:kbc-cli.py:Epoch 2/100	Loss 9.8118 ± 0.1542
INFO:kbc-cli.py:Epoch 3/100	Loss 8.5130 ± 0.2676
INFO:kbc-cli.py:Epoch 3/100	dev results	MRR 0.454414	H@1 0.366000	H@3 0.494200	H@5 0.552600	H@10 0.627100
INFO:kbc-cli.py:Epoch 3/100	test results	MRR 0.454987	H@1 0.367100	H@3 0.497300	H@5 0.552700	H@10 0.622100
INFO:kbc-cli.py:Epoch 4/100	Loss 8.0923 ± 0.2751
INFO:kbc-cli.py:Epoch 5/100	Loss 7.8646 ± 0.2730
INFO:kbc-cli.py:Epoch 6/100	Loss 7.7169 ± 0.2644
INFO:kbc-cli.py:Epoch 6/100	dev results	MRR 0.502023	H@1 0.416600	H@3 0.547500	H@5 0.601500	H@10 0.667800
INFO:kbc-cli.py:Epoch 6/100	test results	MRR 0.497517	H@1 0.411600	H@3 0.541700	H@5 0.597300	H@10 0.661700
INFO:kbc-cli.py:Epoch 7/100	Loss 7.6112 ± 0.2579
INFO:kbc-cli.py:Epoch 8/100	Loss 7.5281 ± 0.2542
INFO:kbc-cli.py:Epoch 9/100	Loss 7.4622 ± 0.2479
INFO:kbc-cli.py:Epoch 9/100	dev results	MRR 0.533102	H@1 0.449000	H@3 0.584000	H@5 0.631900	H@10 0.688600
INFO:kbc-cli.py:Epoch 9/100	test results	MRR 0.521858	H@1 0.436300	H@3 0.571600	H@5 0.620200	H@10 0.682600
INFO:kbc-cli.py:Epoch 10/100	Loss 7.4070 ± 0.2441
INFO:kbc-cli.py:Epoch 11/100	Loss 7.3606 ± 0.2354
INFO:kbc-cli.py:Epoch 12/100	Loss 7.3214 ± 0.2296
INFO:kbc-cli.py:Epoch 12/100	dev results	MRR 0.545983	H@1 0.464300	H@3 0.596000	H@5 0.642600	H@10 0.697800
INFO:kbc-cli.py:Epoch 12/100	test results	MRR 0.545538	H@1 0.464500	H@3 0.595900	H@5 0.639200	H@10 0.690200
INFO:kbc-cli.py:Epoch 13/100	Loss 7.2863 ± 0.2308
INFO:kbc-cli.py:Epoch 14/100	Loss 7.2547 ± 0.2229
INFO:kbc-cli.py:Epoch 15/100	Loss 7.2273 ± 0.2200
INFO:kbc-cli.py:Epoch 15/100	dev results	MRR 0.559979	H@1 0.482600	H@3 0.609300	H@5 0.652700	H@10 0.699900
INFO:kbc-cli.py:Epoch 15/100	test results	MRR 0.553002	H@1 0.472300	H@3 0.604300	H@5 0.646700	H@10 0.694900
INFO:kbc-cli.py:Epoch 16/100	Loss 7.2028 ± 0.2191
INFO:kbc-cli.py:Epoch 17/100	Loss 7.1799 ± 0.2123
INFO:kbc-cli.py:Epoch 18/100	Loss 7.1589 ± 0.2118
INFO:kbc-cli.py:Epoch 18/100	dev results	MRR 0.564204	H@1 0.486400	H@3 0.614100	H@5 0.655400	H@10 0.700200
INFO:kbc-cli.py:Epoch 18/100	test results	MRR 0.560761	H@1 0.484000	H@3 0.605200	H@5 0.650500	H@10 0.698500
INFO:kbc-cli.py:Epoch 19/100	Loss 7.1405 ± 0.2091
INFO:kbc-cli.py:Epoch 20/100	Loss 7.1236 ± 0.2084
INFO:kbc-cli.py:Epoch 21/100	Loss 7.1060 ± 0.2033
INFO:kbc-cli.py:Epoch 21/100	dev results	MRR 0.566210	H@1 0.488300	H@3 0.616400	H@5 0.658000	H@10 0.705300
INFO:kbc-cli.py:Epoch 21/100	test results	MRR 0.562237	H@1 0.484600	H@3 0.610100	H@5 0.651500	H@10 0.699300
INFO:kbc-cli.py:Epoch 22/100	Loss 7.0919 ± 0.2072
INFO:kbc-cli.py:Epoch 23/100	Loss 7.0778 ± 0.1979
INFO:kbc-cli.py:Epoch 24/100	Loss 7.0643 ± 0.1948
INFO:kbc-cli.py:Epoch 24/100	dev results	MRR 0.571209	H@1 0.495400	H@3 0.620300	H@5 0.659800	H@10 0.705000
INFO:kbc-cli.py:Epoch 24/100	test results	MRR 0.566188	H@1 0.490100	H@3 0.612900	H@5 0.652800	H@10 0.699800
INFO:kbc-cli.py:Epoch 25/100	Loss 7.0522 ± 0.1931
INFO:kbc-cli.py:Epoch 26/100	Loss 7.0400 ± 0.1892
INFO:kbc-cli.py:Epoch 27/100	Loss 7.0295 ± 0.1956
INFO:kbc-cli.py:Epoch 27/100	dev results	MRR 0.571943	H@1 0.495700	H@3 0.620600	H@5 0.661000	H@10 0.704900
INFO:kbc-cli.py:Epoch 27/100	test results	MRR 0.567694	H@1 0.491400	H@3 0.614700	H@5 0.657000	H@10 0.699800
INFO:kbc-cli.py:Epoch 28/100	Loss 7.0186 ± 0.1891
INFO:kbc-cli.py:Epoch 29/100	Loss 7.0093 ± 0.1871
INFO:kbc-cli.py:Epoch 30/100	Loss 7.0000 ± 0.1875
INFO:kbc-cli.py:Epoch 30/100	dev results	MRR 0.571471	H@1 0.496600	H@3 0.619400	H@5 0.659400	H@10 0.706000
INFO:kbc-cli.py:Epoch 30/100	test results	MRR 0.568360	H@1 0.491300	H@3 0.617700	H@5 0.656800	H@10 0.700900
INFO:kbc-cli.py:Epoch 31/100	Loss 6.9902 ± 0.1860
INFO:kbc-cli.py:Epoch 32/100	Loss 6.9825 ± 0.1820
INFO:kbc-cli.py:Epoch 33/100	Loss 6.9737 ± 0.1775
INFO:kbc-cli.py:Epoch 33/100	dev results	MRR 0.574042	H@1 0.498700	H@3 0.622200	H@5 0.662300	H@10 0.707700
INFO:kbc-cli.py:Epoch 33/100	test results	MRR 0.570711	H@1 0.495300	H@3 0.620300	H@5 0.656800	H@10 0.700900
INFO:kbc-cli.py:Epoch 34/100	Loss 6.9662 ± 0.1785
INFO:kbc-cli.py:Epoch 35/100	Loss 6.9589 ± 0.1776
INFO:kbc-cli.py:Epoch 36/100	Loss 6.9508 ± 0.1764
INFO:kbc-cli.py:Epoch 36/100	dev results	MRR 0.573621	H@1 0.498400	H@3 0.622100	H@5 0.659700	H@10 0.705900
INFO:kbc-cli.py:Epoch 36/100	test results	MRR 0.571430	H@1 0.496600	H@3 0.618500	H@5 0.660100	H@10 0.703500
INFO:kbc-cli.py:Epoch 37/100	Loss 6.9447 ± 0.1737
INFO:kbc-cli.py:Epoch 38/100	Loss 6.9383 ± 0.1746
INFO:kbc-cli.py:Epoch 39/100	Loss 6.9326 ± 0.1720
INFO:kbc-cli.py:Epoch 39/100	dev results	MRR 0.576464	H@1 0.502100	H@3 0.624600	H@5 0.663700	H@10 0.707400
INFO:kbc-cli.py:Epoch 39/100	test results	MRR 0.571005	H@1 0.494200	H@3 0.621100	H@5 0.659200	H@10 0.702800
INFO:kbc-cli.py:Epoch 40/100	Loss 6.9256 ± 0.1709
INFO:kbc-cli.py:Epoch 41/100	Loss 6.9196 ± 0.1721
INFO:kbc-cli.py:Epoch 42/100	Loss 6.9135 ± 0.1678
INFO:kbc-cli.py:Epoch 42/100	dev results	MRR 0.574966	H@1 0.500000	H@3 0.622000	H@5 0.662200	H@10 0.707800
INFO:kbc-cli.py:Epoch 42/100	test results	MRR 0.572887	H@1 0.497500	H@3 0.621000	H@5 0.659800	H@10 0.701900
INFO:kbc-cli.py:Epoch 43/100	Loss 6.9081 ± 0.1692
INFO:kbc-cli.py:Epoch 44/100	Loss 6.9041 ± 0.1678
INFO:kbc-cli.py:Epoch 45/100	Loss 6.8975 ± 0.1652
INFO:kbc-cli.py:Epoch 45/100	dev results	MRR 0.576433	H@1 0.502300	H@3 0.624300	H@5 0.662600	H@10 0.707300
INFO:kbc-cli.py:Epoch 45/100	test results	MRR 0.575822	H@1 0.502300	H@3 0.623500	H@5 0.660400	H@10 0.702400
INFO:kbc-cli.py:Epoch 46/100	Loss 6.8938 ± 0.1632
INFO:kbc-cli.py:Epoch 47/100	Loss 6.8883 ± 0.1605
INFO:kbc-cli.py:Epoch 48/100	Loss 6.8839 ± 0.1629
INFO:kbc-cli.py:Epoch 48/100	dev results	MRR 0.574559	H@1 0.499200	H@3 0.623000	H@5 0.661800	H@10 0.707500
INFO:kbc-cli.py:Epoch 48/100	test results	MRR 0.574818	H@1 0.500900	H@3 0.622000	H@5 0.660600	H@10 0.703800
INFO:kbc-cli.py:Epoch 49/100	Loss 6.8799 ± 0.1657
INFO:kbc-cli.py:Epoch 50/100	Loss 6.8748 ± 0.1621
INFO:kbc-cli.py:Epoch 51/100	Loss 6.8710 ± 0.1620
INFO:kbc-cli.py:Epoch 51/100	dev results	MRR 0.577351	H@1 0.503900	H@3 0.623700	H@5 0.661800	H@10 0.708200
INFO:kbc-cli.py:Epoch 51/100	test results	MRR 0.574411	H@1 0.499500	H@3 0.622100	H@5 0.659900	H@10 0.704100
INFO:kbc-cli.py:Epoch 52/100	Loss 6.8662 ± 0.1598
INFO:kbc-cli.py:Epoch 53/100	Loss 6.8631 ± 0.1562
INFO:kbc-cli.py:Epoch 54/100	Loss 6.8588 ± 0.1556
INFO:kbc-cli.py:Epoch 54/100	dev results	MRR 0.575601	H@1 0.500900	H@3 0.623700	H@5 0.662200	H@10 0.707600
INFO:kbc-cli.py:Epoch 54/100	test results	MRR 0.577060	H@1 0.504500	H@3 0.621400	H@5 0.660500	H@10 0.703800
INFO:kbc-cli.py:Epoch 55/100	Loss 6.8549 ± 0.1553
INFO:kbc-cli.py:Epoch 56/100	Loss 6.8510 ± 0.1530
INFO:kbc-cli.py:Epoch 57/100	Loss 6.8477 ± 0.1529
INFO:kbc-cli.py:Epoch 57/100	dev results	MRR 0.576008	H@1 0.502200	H@3 0.621400	H@5 0.661900	H@10 0.706700
INFO:kbc-cli.py:Epoch 57/100	test results	MRR 0.575393	H@1 0.501100	H@3 0.622200	H@5 0.660800	H@10 0.704500
INFO:kbc-cli.py:Epoch 58/100	Loss 6.8442 ± 0.1529
INFO:kbc-cli.py:Epoch 59/100	Loss 6.8407 ± 0.1497
INFO:kbc-cli.py:Epoch 60/100	Loss 6.8388 ± 0.1584
INFO:kbc-cli.py:Epoch 60/100	dev results	MRR 0.577180	H@1 0.504100	H@3 0.620800	H@5 0.662600	H@10 0.707300
INFO:kbc-cli.py:Epoch 60/100	test results	MRR 0.574906	H@1 0.500700	H@3 0.620800	H@5 0.661300	H@10 0.704100
INFO:kbc-cli.py:Epoch 61/100	Loss 6.8342 ± 0.1519
INFO:kbc-cli.py:Epoch 62/100	Loss 6.8309 ± 0.1524
INFO:kbc-cli.py:Epoch 63/100	Loss 6.8285 ± 0.1500
INFO:kbc-cli.py:Epoch 63/100	dev results	MRR 0.577077	H@1 0.504000	H@3 0.622300	H@5 0.661900	H@10 0.707200
INFO:kbc-cli.py:Epoch 63/100	test results	MRR 0.576670	H@1 0.503700	H@3 0.622400	H@5 0.659600	H@10 0.704000
INFO:kbc-cli.py:Epoch 64/100	Loss 6.8254 ± 0.1432
INFO:kbc-cli.py:Epoch 65/100	Loss 6.8224 ± 0.1457
INFO:kbc-cli.py:Epoch 66/100	Loss 6.8188 ± 0.1499
INFO:kbc-cli.py:Epoch 66/100	dev results	MRR 0.577456	H@1 0.504900	H@3 0.621500	H@5 0.662600	H@10 0.707900
INFO:kbc-cli.py:Epoch 66/100	test results	MRR 0.575267	H@1 0.501800	H@3 0.622100	H@5 0.660000	H@10 0.704600
INFO:kbc-cli.py:Epoch 67/100	Loss 6.8167 ± 0.1516
INFO:kbc-cli.py:Epoch 68/100	Loss 6.8133 ± 0.1471
INFO:kbc-cli.py:Epoch 69/100	Loss 6.8119 ± 0.1489
INFO:kbc-cli.py:Epoch 69/100	dev results	MRR 0.577232	H@1 0.504300	H@3 0.621300	H@5 0.661400	H@10 0.707000
INFO:kbc-cli.py:Epoch 69/100	test results	MRR 0.576275	H@1 0.503400	H@3 0.620900	H@5 0.661800	H@10 0.705100
INFO:kbc-cli.py:Epoch 70/100	Loss 6.8086 ± 0.1447
INFO:kbc-cli.py:Epoch 71/100	Loss 6.8056 ± 0.1425
INFO:kbc-cli.py:Epoch 72/100	Loss 6.8040 ± 0.1428
INFO:kbc-cli.py:Epoch 72/100	dev results	MRR 0.576943	H@1 0.504200	H@3 0.621400	H@5 0.660300	H@10 0.707600
INFO:kbc-cli.py:Epoch 72/100	test results	MRR 0.577426	H@1 0.504600	H@3 0.623600	H@5 0.662000	H@10 0.704600
INFO:kbc-cli.py:Epoch 73/100	Loss 6.8007 ± 0.1463
INFO:kbc-cli.py:Epoch 74/100	Loss 6.7991 ± 0.1440
INFO:kbc-cli.py:Epoch 75/100	Loss 6.7959 ± 0.1474
INFO:kbc-cli.py:Epoch 75/100	dev results	MRR 0.577367	H@1 0.504900	H@3 0.621000	H@5 0.661900	H@10 0.707300
INFO:kbc-cli.py:Epoch 75/100	test results	MRR 0.576733	H@1 0.503500	H@3 0.622600	H@5 0.661700	H@10 0.705400
INFO:kbc-cli.py:Epoch 76/100	Loss 6.7943 ± 0.1430
INFO:kbc-cli.py:Epoch 77/100	Loss 6.7921 ± 0.1436
INFO:kbc-cli.py:Epoch 78/100	Loss 6.7900 ± 0.1457
INFO:kbc-cli.py:Epoch 78/100	dev results	MRR 0.577057	H@1 0.505300	H@3 0.620000	H@5 0.659800	H@10 0.707400
INFO:kbc-cli.py:Epoch 78/100	test results	MRR 0.577962	H@1 0.505800	H@3 0.621900	H@5 0.661600	H@10 0.704500
INFO:kbc-cli.py:Epoch 79/100	Loss 6.7874 ± 0.1370
INFO:kbc-cli.py:Epoch 80/100	Loss 6.7858 ± 0.1411
INFO:kbc-cli.py:Epoch 81/100	Loss 6.7836 ± 0.1382
INFO:kbc-cli.py:Epoch 81/100	dev results	MRR 0.577070	H@1 0.504100	H@3 0.622200	H@5 0.660300	H@10 0.707300
INFO:kbc-cli.py:Epoch 81/100	test results	MRR 0.577016	H@1 0.504600	H@3 0.621300	H@5 0.661900	H@10 0.704400
INFO:kbc-cli.py:Epoch 82/100	Loss 6.7812 ± 0.1411
INFO:kbc-cli.py:Epoch 83/100	Loss 6.7789 ± 0.1406
INFO:kbc-cli.py:Epoch 84/100	Loss 6.7773 ± 0.1370
INFO:kbc-cli.py:Epoch 84/100	dev results	MRR 0.578143	H@1 0.506800	H@3 0.621400	H@5 0.661600	H@10 0.707300
INFO:kbc-cli.py:Epoch 84/100	test results	MRR 0.576802	H@1 0.503300	H@3 0.623200	H@5 0.660700	H@10 0.704900
INFO:kbc-cli.py:Epoch 85/100	Loss 6.7756 ± 0.1377
INFO:kbc-cli.py:Epoch 86/100	Loss 6.7730 ± 0.1340
INFO:kbc-cli.py:Epoch 87/100	Loss 6.7714 ± 0.1392
INFO:kbc-cli.py:Epoch 87/100	dev results	MRR 0.577395	H@1 0.505200	H@3 0.620500	H@5 0.660700	H@10 0.706500
INFO:kbc-cli.py:Epoch 87/100	test results	MRR 0.577891	H@1 0.505200	H@3 0.622700	H@5 0.662300	H@10 0.703700
INFO:kbc-cli.py:Epoch 88/100	Loss 6.7702 ± 0.1426
INFO:kbc-cli.py:Epoch 89/100	Loss 6.7678 ± 0.1379
INFO:kbc-cli.py:Epoch 90/100	Loss 6.7660 ± 0.1365
INFO:kbc-cli.py:Epoch 90/100	dev results	MRR 0.578386	H@1 0.507600	H@3 0.620200	H@5 0.661100	H@10 0.706900
INFO:kbc-cli.py:Epoch 90/100	test results	MRR 0.578106	H@1 0.505800	H@3 0.621800	H@5 0.661800	H@10 0.705100
INFO:kbc-cli.py:Epoch 91/100	Loss 6.7645 ± 0.1339
INFO:kbc-cli.py:Epoch 92/100	Loss 6.7623 ± 0.1360
INFO:kbc-cli.py:Epoch 93/100	Loss 6.7611 ± 0.1361
INFO:kbc-cli.py:Epoch 93/100	dev results	MRR 0.577265	H@1 0.505500	H@3 0.619500	H@5 0.660000	H@10 0.707500
INFO:kbc-cli.py:Epoch 93/100	test results	MRR 0.577993	H@1 0.505800	H@3 0.622200	H@5 0.661100	H@10 0.704800
INFO:kbc-cli.py:Epoch 94/100	Loss 6.7594 ± 0.1331
INFO:kbc-cli.py:Epoch 95/100	Loss 6.7574 ± 0.1358
INFO:kbc-cli.py:Epoch 96/100	Loss 6.7560 ± 0.1315
INFO:kbc-cli.py:Epoch 96/100	dev results	MRR 0.578082	H@1 0.506900	H@3 0.620100	H@5 0.661000	H@10 0.707500
INFO:kbc-cli.py:Epoch 96/100	test results	MRR 0.578408	H@1 0.506000	H@3 0.623600	H@5 0.661000	H@10 0.704300
INFO:kbc-cli.py:Epoch 97/100	Loss 6.7549 ± 0.1347
INFO:kbc-cli.py:Epoch 98/100	Loss 6.7533 ± 0.1320
INFO:kbc-cli.py:Epoch 99/100	Loss 6.7512 ± 0.1339
INFO:kbc-cli.py:Epoch 99/100	dev results	MRR 0.578120	H@1 0.506800	H@3 0.619600	H@5 0.660400	H@10 0.706200
INFO:kbc-cli.py:Epoch 99/100	test results	MRR 0.578556	H@1 0.506300	H@3 0.623200	H@5 0.661500	H@10 0.704800
INFO:kbc-cli.py:Epoch 100/100	Loss 6.7497 ± 0.1305
INFO:kbc-cli.py:Final 	dev results	MRR 0.578212	H@1 0.506500	H@3 0.621400	H@5 0.660900	H@10 0.706400
INFO:kbc-cli.py:Final 	test results	MRR 0.579423	H@1 0.507700	H@3 0.623100	H@5 0.662100	H@10 0.704000
INFO:kbc-cli.py:Training finished
