./bin/kbc-cli.py --train data/yago3-10/train.tsv --dev data/yago3-10/dev.tsv --test data/yago3-10/test.tsv -m complex -k 500 -b 100 -e 100 --F2 0 --N3 0.05 -l 0.1 -I standard -V 3 -o adagrad -q
{'F2': 0.0,
 'N3': 0.05,
 'batch_size': 100,
 'dev': 'data/yago3-10/dev.tsv',
 'embedding_size': 500,
 'epochs': 100,
 'eval_batch_size': None,
 'input_type': 'standard',
 'learning_rate': 0.1,
 'load': None,
 'model': 'complex',
 'optimizer': 'adagrad',
 'quiet': True,
 'save': None,
 'seed': 0,
 'test': 'data/yago3-10/test.tsv',
 'test_i': None,
 'test_ii': None,
 'train': 'data/yago3-10/train.tsv',
 'validate_every': 3}
INFO:kbc-cli.py:Device: cuda
INFO:kbc-cli.py:Model state:
INFO:kbc-cli.py:	entities.weight	torch.Size([123182, 1000])
INFO:kbc-cli.py:	predicates.weight	torch.Size([37, 1000])
INFO:kbc-cli.py:Epoch 1/100	Loss 36.5499 ± 5.2065
INFO:kbc-cli.py:Epoch 2/100	Loss 24.8860 ± 1.3109
INFO:kbc-cli.py:Epoch 3/100	Loss 20.9511 ± 0.7872
INFO:kbc-cli.py:Epoch 3/100	dev results	MRR 0.407506	H@1 0.310100	H@3 0.455000	H@5 0.516000	H@10 0.593300
INFO:kbc-cli.py:Epoch 3/100	test results	MRR 0.411557	H@1 0.313400	H@3 0.462100	H@5 0.520600	H@10 0.597300
INFO:kbc-cli.py:Epoch 4/100	Loss 18.9117 ± 0.6503
INFO:kbc-cli.py:Epoch 5/100	Loss 17.5817 ± 0.5834
INFO:kbc-cli.py:Epoch 6/100	Loss 16.6160 ± 0.5266
INFO:kbc-cli.py:Epoch 6/100	dev results	MRR 0.458199	H@1 0.365500	H@3 0.505400	H@5 0.562000	H@10 0.634900
INFO:kbc-cli.py:Epoch 6/100	test results	MRR 0.458977	H@1 0.364700	H@3 0.505600	H@5 0.566400	H@10 0.639100
INFO:kbc-cli.py:Epoch 7/100	Loss 15.8721 ± 0.4943
INFO:kbc-cli.py:Epoch 8/100	Loss 15.2765 ± 0.4653
INFO:kbc-cli.py:Epoch 9/100	Loss 14.7872 ± 0.4383
INFO:kbc-cli.py:Epoch 9/100	dev results	MRR 0.473821	H@1 0.382400	H@3 0.520000	H@5 0.579400	H@10 0.649800
INFO:kbc-cli.py:Epoch 9/100	test results	MRR 0.471530	H@1 0.377200	H@3 0.519900	H@5 0.576000	H@10 0.649000
INFO:kbc-cli.py:Epoch 10/100	Loss 14.3761 ± 0.4142
INFO:kbc-cli.py:Epoch 11/100	Loss 14.0254 ± 0.4045
INFO:kbc-cli.py:Epoch 12/100	Loss 13.7227 ± 0.3874
INFO:kbc-cli.py:Epoch 12/100	dev results	MRR 0.478937	H@1 0.386500	H@3 0.525500	H@5 0.581400	H@10 0.657200
INFO:kbc-cli.py:Epoch 12/100	test results	MRR 0.483766	H@1 0.392200	H@3 0.530800	H@5 0.584900	H@10 0.658600
INFO:kbc-cli.py:Epoch 13/100	Loss 13.4581 ± 0.3749
INFO:kbc-cli.py:Epoch 14/100	Loss 13.2246 ± 0.3589
INFO:kbc-cli.py:Epoch 15/100	Loss 13.0174 ± 0.3509
INFO:kbc-cli.py:Epoch 15/100	dev results	MRR 0.488852	H@1 0.398100	H@3 0.535400	H@5 0.590600	H@10 0.662200
INFO:kbc-cli.py:Epoch 15/100	test results	MRR 0.488973	H@1 0.399000	H@3 0.533300	H@5 0.589800	H@10 0.662200
INFO:kbc-cli.py:Epoch 16/100	Loss 12.8318 ± 0.3403
INFO:kbc-cli.py:Epoch 17/100	Loss 12.6650 ± 0.3344
INFO:kbc-cli.py:Epoch 18/100	Loss 12.5139 ± 0.3221
INFO:kbc-cli.py:Epoch 18/100	dev results	MRR 0.491511	H@1 0.400800	H@3 0.539000	H@5 0.594000	H@10 0.666400
INFO:kbc-cli.py:Epoch 18/100	test results	MRR 0.494512	H@1 0.406300	H@3 0.538500	H@5 0.591600	H@10 0.666400
INFO:kbc-cli.py:Epoch 19/100	Loss 12.3765 ± 0.3154
INFO:kbc-cli.py:Epoch 20/100	Loss 12.2511 ± 0.3081
INFO:kbc-cli.py:Epoch 21/100	Loss 12.1362 ± 0.3073
INFO:kbc-cli.py:Epoch 21/100	dev results	MRR 0.496681	H@1 0.405900	H@3 0.545700	H@5 0.600100	H@10 0.671200
INFO:kbc-cli.py:Epoch 21/100	test results	MRR 0.500335	H@1 0.412200	H@3 0.546000	H@5 0.598100	H@10 0.668400
INFO:kbc-cli.py:Epoch 22/100	Loss 12.0304 ± 0.2995
INFO:kbc-cli.py:Epoch 23/100	Loss 11.9328 ± 0.2908
INFO:kbc-cli.py:Epoch 24/100	Loss 11.8424 ± 0.2894
INFO:kbc-cli.py:Epoch 24/100	dev results	MRR 0.501088	H@1 0.409800	H@3 0.549000	H@5 0.606400	H@10 0.677000
INFO:kbc-cli.py:Epoch 24/100	test results	MRR 0.503516	H@1 0.413800	H@3 0.552900	H@5 0.603800	H@10 0.671800
INFO:kbc-cli.py:Epoch 25/100	Loss 11.7586 ± 0.2838
INFO:kbc-cli.py:Epoch 26/100	Loss 11.6805 ± 0.2798
INFO:kbc-cli.py:Epoch 27/100	Loss 11.6078 ± 0.2757
INFO:kbc-cli.py:Epoch 27/100	dev results	MRR 0.505103	H@1 0.414500	H@3 0.554400	H@5 0.607900	H@10 0.676500
INFO:kbc-cli.py:Epoch 27/100	test results	MRR 0.505600	H@1 0.416600	H@3 0.549500	H@5 0.606200	H@10 0.674200
INFO:kbc-cli.py:Epoch 28/100	Loss 11.5399 ± 0.2732
INFO:kbc-cli.py:Epoch 29/100	Loss 11.4762 ± 0.2655
INFO:kbc-cli.py:Epoch 30/100	Loss 11.4165 ± 0.2658
INFO:kbc-cli.py:Epoch 30/100	dev results	MRR 0.508582	H@1 0.419300	H@3 0.555300	H@5 0.609600	H@10 0.679000
INFO:kbc-cli.py:Epoch 30/100	test results	MRR 0.509010	H@1 0.420400	H@3 0.557200	H@5 0.610100	H@10 0.674700
INFO:kbc-cli.py:Epoch 31/100	Loss 11.3604 ± 0.2665
INFO:kbc-cli.py:Epoch 32/100	Loss 11.3075 ± 0.2623
INFO:kbc-cli.py:Epoch 33/100	Loss 11.2576 ± 0.2561
INFO:kbc-cli.py:Epoch 33/100	dev results	MRR 0.510051	H@1 0.420300	H@3 0.559700	H@5 0.613000	H@10 0.680600
INFO:kbc-cli.py:Epoch 33/100	test results	MRR 0.511738	H@1 0.424300	H@3 0.558200	H@5 0.610800	H@10 0.676500
INFO:kbc-cli.py:Epoch 34/100	Loss 11.2106 ± 0.2571
INFO:kbc-cli.py:Epoch 35/100	Loss 11.1662 ± 0.2520
INFO:kbc-cli.py:Epoch 36/100	Loss 11.1242 ± 0.2542
INFO:kbc-cli.py:Epoch 36/100	dev results	MRR 0.513385	H@1 0.425700	H@3 0.560800	H@5 0.613600	H@10 0.681300
INFO:kbc-cli.py:Epoch 36/100	test results	MRR 0.514706	H@1 0.427400	H@3 0.564600	H@5 0.613300	H@10 0.679300
INFO:kbc-cli.py:Epoch 37/100	Loss 11.0840 ± 0.2527
INFO:kbc-cli.py:Epoch 38/100	Loss 11.0462 ± 0.2503
INFO:kbc-cli.py:Epoch 39/100	Loss 11.0103 ± 0.2482
INFO:kbc-cli.py:Epoch 39/100	dev results	MRR 0.515783	H@1 0.427000	H@3 0.565300	H@5 0.616100	H@10 0.681800
INFO:kbc-cli.py:Epoch 39/100	test results	MRR 0.515671	H@1 0.428200	H@3 0.562900	H@5 0.614900	H@10 0.679000
INFO:kbc-cli.py:Epoch 40/100	Loss 10.9759 ± 0.2449
INFO:kbc-cli.py:Epoch 41/100	Loss 10.9433 ± 0.2472
INFO:kbc-cli.py:Epoch 42/100	Loss 10.9122 ± 0.2443
INFO:kbc-cli.py:Epoch 42/100	dev results	MRR 0.519255	H@1 0.432100	H@3 0.566400	H@5 0.616700	H@10 0.683700
INFO:kbc-cli.py:Epoch 42/100	test results	MRR 0.519917	H@1 0.435000	H@3 0.564300	H@5 0.615000	H@10 0.680000
INFO:kbc-cli.py:Epoch 43/100	Loss 10.8825 ± 0.2474
INFO:kbc-cli.py:Epoch 44/100	Loss 10.8542 ± 0.2423
INFO:kbc-cli.py:Epoch 45/100	Loss 10.8271 ± 0.2395
INFO:kbc-cli.py:Epoch 45/100	dev results	MRR 0.520583	H@1 0.433000	H@3 0.568800	H@5 0.620500	H@10 0.684000
INFO:kbc-cli.py:Epoch 45/100	test results	MRR 0.521310	H@1 0.435400	H@3 0.566500	H@5 0.619900	H@10 0.683000
INFO:kbc-cli.py:Epoch 46/100	Loss 10.8012 ± 0.2408
INFO:kbc-cli.py:Epoch 47/100	Loss 10.7763 ± 0.2391
INFO:kbc-cli.py:Epoch 48/100	Loss 10.7525 ± 0.2389
INFO:kbc-cli.py:Epoch 48/100	dev results	MRR 0.520949	H@1 0.433100	H@3 0.568900	H@5 0.620800	H@10 0.687400
INFO:kbc-cli.py:Epoch 48/100	test results	MRR 0.521902	H@1 0.435500	H@3 0.569900	H@5 0.620400	H@10 0.683300
INFO:kbc-cli.py:Epoch 49/100	Loss 10.7298 ± 0.2384
INFO:kbc-cli.py:Epoch 50/100	Loss 10.7078 ± 0.2356
INFO:kbc-cli.py:Epoch 51/100	Loss 10.6868 ± 0.2394
INFO:kbc-cli.py:Epoch 51/100	dev results	MRR 0.522163	H@1 0.434300	H@3 0.571000	H@5 0.621700	H@10 0.687600
INFO:kbc-cli.py:Epoch 51/100	test results	MRR 0.522497	H@1 0.436100	H@3 0.569000	H@5 0.619700	H@10 0.683400
INFO:kbc-cli.py:Epoch 52/100	Loss 10.6666 ± 0.2397
INFO:kbc-cli.py:Epoch 53/100	Loss 10.6472 ± 0.2352
INFO:kbc-cli.py:Epoch 54/100	Loss 10.6285 ± 0.2354
INFO:kbc-cli.py:Epoch 54/100	dev results	MRR 0.524117	H@1 0.436400	H@3 0.572800	H@5 0.623300	H@10 0.687700
INFO:kbc-cli.py:Epoch 54/100	test results	MRR 0.524431	H@1 0.438500	H@3 0.570300	H@5 0.620600	H@10 0.683600
INFO:kbc-cli.py:Epoch 55/100	Loss 10.6104 ± 0.2332
INFO:kbc-cli.py:Epoch 56/100	Loss 10.5931 ± 0.2302
INFO:kbc-cli.py:Epoch 57/100	Loss 10.5763 ± 0.2343
INFO:kbc-cli.py:Epoch 57/100	dev results	MRR 0.523852	H@1 0.435500	H@3 0.573200	H@5 0.624100	H@10 0.688000
INFO:kbc-cli.py:Epoch 57/100	test results	MRR 0.524155	H@1 0.438000	H@3 0.570600	H@5 0.620700	H@10 0.684300
INFO:kbc-cli.py:Epoch 58/100	Loss 10.5602 ± 0.2320
INFO:kbc-cli.py:Epoch 59/100	Loss 10.5445 ± 0.2332
INFO:kbc-cli.py:Epoch 60/100	Loss 10.5297 ± 0.2341
INFO:kbc-cli.py:Epoch 60/100	dev results	MRR 0.526533	H@1 0.439700	H@3 0.576200	H@5 0.625700	H@10 0.689200
INFO:kbc-cli.py:Epoch 60/100	test results	MRR 0.525440	H@1 0.438500	H@3 0.573200	H@5 0.620900	H@10 0.686600
INFO:kbc-cli.py:Epoch 61/100	Loss 10.5149 ± 0.2315
INFO:kbc-cli.py:Epoch 62/100	Loss 10.5009 ± 0.2351
INFO:kbc-cli.py:Epoch 63/100	Loss 10.4873 ± 0.2310
INFO:kbc-cli.py:Epoch 63/100	dev results	MRR 0.526945	H@1 0.440700	H@3 0.572700	H@5 0.626900	H@10 0.688500
INFO:kbc-cli.py:Epoch 63/100	test results	MRR 0.525453	H@1 0.439000	H@3 0.572500	H@5 0.621400	H@10 0.684700
INFO:kbc-cli.py:Epoch 64/100	Loss 10.4742 ± 0.2280
INFO:kbc-cli.py:Epoch 65/100	Loss 10.4615 ± 0.2313
INFO:kbc-cli.py:Epoch 66/100	Loss 10.4491 ± 0.2311
INFO:kbc-cli.py:Epoch 66/100	dev results	MRR 0.528460	H@1 0.441400	H@3 0.577600	H@5 0.627600	H@10 0.691200
INFO:kbc-cli.py:Epoch 66/100	test results	MRR 0.526483	H@1 0.440700	H@3 0.572700	H@5 0.621300	H@10 0.687400
INFO:kbc-cli.py:Epoch 67/100	Loss 10.4372 ± 0.2312
INFO:kbc-cli.py:Epoch 68/100	Loss 10.4256 ± 0.2301
INFO:kbc-cli.py:Epoch 69/100	Loss 10.4144 ± 0.2334
INFO:kbc-cli.py:Epoch 69/100	dev results	MRR 0.527736	H@1 0.441500	H@3 0.573400	H@5 0.626500	H@10 0.690600
INFO:kbc-cli.py:Epoch 69/100	test results	MRR 0.528538	H@1 0.442800	H@3 0.577200	H@5 0.623600	H@10 0.686100
INFO:kbc-cli.py:Epoch 70/100	Loss 10.4034 ± 0.2301
INFO:kbc-cli.py:Epoch 71/100	Loss 10.3928 ± 0.2299
INFO:kbc-cli.py:Epoch 72/100	Loss 10.3826 ± 0.2284
INFO:kbc-cli.py:Epoch 72/100	dev results	MRR 0.527927	H@1 0.440500	H@3 0.577600	H@5 0.628700	H@10 0.689200
INFO:kbc-cli.py:Epoch 72/100	test results	MRR 0.529655	H@1 0.444200	H@3 0.577300	H@5 0.625500	H@10 0.688700
INFO:kbc-cli.py:Epoch 73/100	Loss 10.3726 ± 0.2328
INFO:kbc-cli.py:Epoch 74/100	Loss 10.3630 ± 0.2275
INFO:kbc-cli.py:Epoch 75/100	Loss 10.3534 ± 0.2324
INFO:kbc-cli.py:Epoch 75/100	dev results	MRR 0.530201	H@1 0.444100	H@3 0.576700	H@5 0.630200	H@10 0.689700
INFO:kbc-cli.py:Epoch 75/100	test results	MRR 0.530311	H@1 0.445300	H@3 0.576900	H@5 0.625600	H@10 0.689000
INFO:kbc-cli.py:Epoch 76/100	Loss 10.3443 ± 0.2299
INFO:kbc-cli.py:Epoch 77/100	Loss 10.3354 ± 0.2323
INFO:kbc-cli.py:Epoch 78/100	Loss 10.3267 ± 0.2312
INFO:kbc-cli.py:Epoch 78/100	dev results	MRR 0.531448	H@1 0.445700	H@3 0.579600	H@5 0.628100	H@10 0.690400
INFO:kbc-cli.py:Epoch 78/100	test results	MRR 0.530264	H@1 0.445300	H@3 0.577700	H@5 0.623900	H@10 0.688400
INFO:kbc-cli.py:Epoch 79/100	Loss 10.3182 ± 0.2280
INFO:kbc-cli.py:Epoch 80/100	Loss 10.3101 ± 0.2290
INFO:kbc-cli.py:Epoch 81/100	Loss 10.3020 ± 0.2286
INFO:kbc-cli.py:Epoch 81/100	dev results	MRR 0.531038	H@1 0.444500	H@3 0.579300	H@5 0.627900	H@10 0.690900
INFO:kbc-cli.py:Epoch 81/100	test results	MRR 0.531445	H@1 0.446600	H@3 0.578200	H@5 0.625600	H@10 0.688700
INFO:kbc-cli.py:Epoch 82/100	Loss 10.2942 ± 0.2302
INFO:kbc-cli.py:Epoch 83/100	Loss 10.2866 ± 0.2292
INFO:kbc-cli.py:Epoch 84/100	Loss 10.2792 ± 0.2280
