./bin/kbc-cli.py --train data/yago3-10/train.tsv --dev data/yago3-10/dev.tsv --test data/yago3-10/test.tsv -m complex -k 500 -b 1000 -e 100 --F2 0 --N3 0.001 -l 0.1 -I standard -V 3 -o adagrad -q
{'F2': 0.0,
 'N3': 0.001,
 'batch_size': 1000,
 'dev': 'data/yago3-10/dev.tsv',
 'embedding_size': 500,
 'epochs': 100,
 'eval_batch_size': None,
 'input_type': 'standard',
 'learning_rate': 0.1,
 'load': None,
 'model': 'complex',
 'optimizer': 'adagrad',
 'quiet': True,
 'save': None,
 'seed': 0,
 'test': 'data/yago3-10/test.tsv',
 'test_i': None,
 'test_ii': None,
 'train': 'data/yago3-10/train.tsv',
 'validate_every': 3}
INFO:kbc-cli.py:Device: cuda
INFO:kbc-cli.py:Model state:
INFO:kbc-cli.py:	entities.weight	torch.Size([123182, 1000])
INFO:kbc-cli.py:	predicates.weight	torch.Size([37, 1000])
INFO:kbc-cli.py:Epoch 1/100	Loss 15.8242 ± 2.3459
INFO:kbc-cli.py:Epoch 2/100	Loss 9.7607 ± 0.1369
INFO:kbc-cli.py:Epoch 3/100	Loss 8.4090 ± 0.2669
INFO:kbc-cli.py:Epoch 3/100	dev results	MRR 0.449525	H@1 0.359400	H@3 0.495100	H@5 0.550700	H@10 0.619100
INFO:kbc-cli.py:Epoch 3/100	test results	MRR 0.452887	H@1 0.364900	H@3 0.494400	H@5 0.549900	H@10 0.621900
INFO:kbc-cli.py:Epoch 4/100	Loss 7.9709 ± 0.2751
INFO:kbc-cli.py:Epoch 5/100	Loss 7.7376 ± 0.2724
INFO:kbc-cli.py:Epoch 6/100	Loss 7.5883 ± 0.2637
INFO:kbc-cli.py:Epoch 6/100	dev results	MRR 0.515132	H@1 0.429100	H@3 0.561700	H@5 0.614300	H@10 0.672900
INFO:kbc-cli.py:Epoch 6/100	test results	MRR 0.511527	H@1 0.426100	H@3 0.559500	H@5 0.610700	H@10 0.670900
INFO:kbc-cli.py:Epoch 7/100	Loss 7.4824 ± 0.2570
INFO:kbc-cli.py:Epoch 8/100	Loss 7.4001 ± 0.2529
INFO:kbc-cli.py:Epoch 9/100	Loss 7.3353 ± 0.2463
INFO:kbc-cli.py:Epoch 9/100	dev results	MRR 0.541562	H@1 0.458700	H@3 0.593600	H@5 0.641000	H@10 0.693400
INFO:kbc-cli.py:Epoch 9/100	test results	MRR 0.533234	H@1 0.449200	H@3 0.583200	H@5 0.631500	H@10 0.686200
INFO:kbc-cli.py:Epoch 10/100	Loss 7.2814 ± 0.2423
INFO:kbc-cli.py:Epoch 11/100	Loss 7.2362 ± 0.2334
INFO:kbc-cli.py:Epoch 12/100	Loss 7.1983 ± 0.2276
INFO:kbc-cli.py:Epoch 12/100	dev results	MRR 0.552067	H@1 0.471700	H@3 0.600800	H@5 0.646500	H@10 0.697100
INFO:kbc-cli.py:Epoch 12/100	test results	MRR 0.550765	H@1 0.472000	H@3 0.598700	H@5 0.640800	H@10 0.689600
INFO:kbc-cli.py:Epoch 13/100	Loss 7.1646 ± 0.2287
INFO:kbc-cli.py:Epoch 14/100	Loss 7.1341 ± 0.2208
INFO:kbc-cli.py:Epoch 15/100	Loss 7.1079 ± 0.2174
INFO:kbc-cli.py:Epoch 15/100	dev results	MRR 0.563007	H@1 0.486500	H@3 0.611600	H@5 0.653900	H@10 0.696800
INFO:kbc-cli.py:Epoch 15/100	test results	MRR 0.554861	H@1 0.475700	H@3 0.605400	H@5 0.646500	H@10 0.692400
INFO:kbc-cli.py:Epoch 16/100	Loss 7.0844 ± 0.2165
INFO:kbc-cli.py:Epoch 17/100	Loss 7.0625 ± 0.2097
INFO:kbc-cli.py:Epoch 18/100	Loss 7.0425 ± 0.2094
INFO:kbc-cli.py:Epoch 18/100	dev results	MRR 0.567734	H@1 0.494300	H@3 0.612600	H@5 0.655300	H@10 0.700100
INFO:kbc-cli.py:Epoch 18/100	test results	MRR 0.561373	H@1 0.484900	H@3 0.608600	H@5 0.649800	H@10 0.695300
INFO:kbc-cli.py:Epoch 19/100	Loss 7.0251 ± 0.2067
INFO:kbc-cli.py:Epoch 20/100	Loss 7.0090 ± 0.2059
INFO:kbc-cli.py:Epoch 21/100	Loss 6.9922 ± 0.2008
INFO:kbc-cli.py:Epoch 21/100	dev results	MRR 0.569307	H@1 0.495400	H@3 0.616700	H@5 0.656200	H@10 0.700600
INFO:kbc-cli.py:Epoch 21/100	test results	MRR 0.564582	H@1 0.489000	H@3 0.610800	H@5 0.650400	H@10 0.696400
INFO:kbc-cli.py:Epoch 22/100	Loss 6.9788 ± 0.2047
INFO:kbc-cli.py:Epoch 23/100	Loss 6.9655 ± 0.1955
INFO:kbc-cli.py:Epoch 24/100	Loss 6.9527 ± 0.1920
INFO:kbc-cli.py:Epoch 24/100	dev results	MRR 0.570843	H@1 0.495300	H@3 0.619600	H@5 0.660600	H@10 0.703800
INFO:kbc-cli.py:Epoch 24/100	test results	MRR 0.566578	H@1 0.492100	H@3 0.612000	H@5 0.651300	H@10 0.697200
INFO:kbc-cli.py:Epoch 25/100	Loss 6.9412 ± 0.1903
INFO:kbc-cli.py:Epoch 26/100	Loss 6.9296 ± 0.1866
INFO:kbc-cli.py:Epoch 27/100	Loss 6.9196 ± 0.1930
INFO:kbc-cli.py:Epoch 27/100	dev results	MRR 0.572679	H@1 0.499100	H@3 0.618300	H@5 0.659500	H@10 0.702400
INFO:kbc-cli.py:Epoch 27/100	test results	MRR 0.568092	H@1 0.493600	H@3 0.614400	H@5 0.653500	H@10 0.697100
INFO:kbc-cli.py:Epoch 28/100	Loss 6.9094 ± 0.1867
INFO:kbc-cli.py:Epoch 29/100	Loss 6.9006 ± 0.1844
INFO:kbc-cli.py:Epoch 30/100	Loss 6.8918 ± 0.1847
INFO:kbc-cli.py:Epoch 30/100	dev results	MRR 0.572808	H@1 0.500000	H@3 0.618800	H@5 0.659300	H@10 0.702200
INFO:kbc-cli.py:Epoch 30/100	test results	MRR 0.570218	H@1 0.496700	H@3 0.615400	H@5 0.654800	H@10 0.699600
INFO:kbc-cli.py:Epoch 31/100	Loss 6.8826 ± 0.1834
INFO:kbc-cli.py:Epoch 32/100	Loss 6.8753 ± 0.1792
INFO:kbc-cli.py:Epoch 33/100	Loss 6.8672 ± 0.1745
INFO:kbc-cli.py:Epoch 33/100	dev results	MRR 0.574662	H@1 0.502100	H@3 0.621900	H@5 0.660400	H@10 0.704100
INFO:kbc-cli.py:Epoch 33/100	test results	MRR 0.571151	H@1 0.497600	H@3 0.618400	H@5 0.654500	H@10 0.700300
INFO:kbc-cli.py:Epoch 34/100	Loss 6.8600 ± 0.1756
INFO:kbc-cli.py:Epoch 35/100	Loss 6.8531 ± 0.1748
INFO:kbc-cli.py:Epoch 36/100	Loss 6.8455 ± 0.1736
INFO:kbc-cli.py:Epoch 36/100	dev results	MRR 0.574848	H@1 0.503300	H@3 0.619700	H@5 0.659300	H@10 0.702400
INFO:kbc-cli.py:Epoch 36/100	test results	MRR 0.570742	H@1 0.496500	H@3 0.618600	H@5 0.655400	H@10 0.700200
INFO:kbc-cli.py:Epoch 37/100	Loss 6.8400 ± 0.1707
INFO:kbc-cli.py:Epoch 38/100	Loss 6.8340 ± 0.1716
INFO:kbc-cli.py:Epoch 39/100	Loss 6.8286 ± 0.1689
INFO:kbc-cli.py:Epoch 39/100	dev results	MRR 0.574494	H@1 0.500900	H@3 0.623000	H@5 0.661000	H@10 0.703500
INFO:kbc-cli.py:Epoch 39/100	test results	MRR 0.570998	H@1 0.496600	H@3 0.618800	H@5 0.657400	H@10 0.699600
INFO:kbc-cli.py:Epoch 40/100	Loss 6.8221 ± 0.1679
INFO:kbc-cli.py:Epoch 41/100	Loss 6.8164 ± 0.1691
INFO:kbc-cli.py:Epoch 42/100	Loss 6.8108 ± 0.1648
INFO:kbc-cli.py:Epoch 42/100	dev results	MRR 0.573016	H@1 0.499900	H@3 0.622000	H@5 0.658500	H@10 0.703400
INFO:kbc-cli.py:Epoch 42/100	test results	MRR 0.573032	H@1 0.500500	H@3 0.619300	H@5 0.655500	H@10 0.699800
INFO:kbc-cli.py:Epoch 43/100	Loss 6.8057 ± 0.1662
INFO:kbc-cli.py:Epoch 44/100	Loss 6.8021 ± 0.1649
INFO:kbc-cli.py:Epoch 45/100	Loss 6.7958 ± 0.1618
INFO:kbc-cli.py:Epoch 45/100	dev results	MRR 0.574934	H@1 0.502500	H@3 0.620500	H@5 0.660900	H@10 0.702700
INFO:kbc-cli.py:Epoch 45/100	test results	MRR 0.573270	H@1 0.500300	H@3 0.618700	H@5 0.655900	H@10 0.701400
INFO:kbc-cli.py:Epoch 46/100	Loss 6.7924 ± 0.1600
INFO:kbc-cli.py:Epoch 47/100	Loss 6.7872 ± 0.1576
INFO:kbc-cli.py:Epoch 48/100	Loss 6.7831 ± 0.1598
INFO:kbc-cli.py:Epoch 48/100	dev results	MRR 0.573750	H@1 0.501400	H@3 0.620000	H@5 0.659400	H@10 0.703300
INFO:kbc-cli.py:Epoch 48/100	test results	MRR 0.572998	H@1 0.499300	H@3 0.619000	H@5 0.656600	H@10 0.702800
INFO:kbc-cli.py:Epoch 49/100	Loss 6.7795 ± 0.1628
INFO:kbc-cli.py:Epoch 50/100	Loss 6.7746 ± 0.1590
INFO:kbc-cli.py:Epoch 51/100	Loss 6.7712 ± 0.1589
INFO:kbc-cli.py:Epoch 51/100	dev results	MRR 0.575847	H@1 0.504500	H@3 0.621200	H@5 0.659100	H@10 0.702700
INFO:kbc-cli.py:Epoch 51/100	test results	MRR 0.571869	H@1 0.498400	H@3 0.618300	H@5 0.654700	H@10 0.701800
INFO:kbc-cli.py:Epoch 52/100	Loss 6.7667 ± 0.1568
INFO:kbc-cli.py:Epoch 53/100	Loss 6.7637 ± 0.1531
INFO:kbc-cli.py:Epoch 54/100	Loss 6.7597 ± 0.1528
INFO:kbc-cli.py:Epoch 54/100	dev results	MRR 0.574798	H@1 0.503000	H@3 0.618600	H@5 0.659800	H@10 0.702500
INFO:kbc-cli.py:Epoch 54/100	test results	MRR 0.574293	H@1 0.501800	H@3 0.618400	H@5 0.656200	H@10 0.701400
INFO:kbc-cli.py:Epoch 55/100	Loss 6.7561 ± 0.1522
INFO:kbc-cli.py:Epoch 56/100	Loss 6.7523 ± 0.1501
INFO:kbc-cli.py:Epoch 57/100	Loss 6.7493 ± 0.1499
INFO:kbc-cli.py:Epoch 57/100	dev results	MRR 0.573971	H@1 0.501700	H@3 0.619500	H@5 0.658400	H@10 0.703300
INFO:kbc-cli.py:Epoch 57/100	test results	MRR 0.573393	H@1 0.500200	H@3 0.620300	H@5 0.656900	H@10 0.701400
INFO:kbc-cli.py:Epoch 58/100	Loss 6.7460 ± 0.1501
INFO:kbc-cli.py:Epoch 59/100	Loss 6.7428 ± 0.1467
INFO:kbc-cli.py:Epoch 60/100	Loss 6.7411 ± 0.1558
INFO:kbc-cli.py:Epoch 60/100	dev results	MRR 0.575590	H@1 0.504200	H@3 0.620000	H@5 0.659000	H@10 0.703700
INFO:kbc-cli.py:Epoch 60/100	test results	MRR 0.573134	H@1 0.499800	H@3 0.619900	H@5 0.656600	H@10 0.701600
INFO:kbc-cli.py:Epoch 61/100	Loss 6.7367 ± 0.1492
INFO:kbc-cli.py:Epoch 62/100	Loss 6.7336 ± 0.1496
INFO:kbc-cli.py:Epoch 63/100	Loss 6.7314 ± 0.1471
INFO:kbc-cli.py:Epoch 63/100	dev results	MRR 0.575378	H@1 0.503700	H@3 0.620400	H@5 0.658700	H@10 0.703800
INFO:kbc-cli.py:Epoch 63/100	test results	MRR 0.573525	H@1 0.500100	H@3 0.619600	H@5 0.657400	H@10 0.701000
INFO:kbc-cli.py:Epoch 64/100	Loss 6.7284 ± 0.1403
INFO:kbc-cli.py:Epoch 65/100	Loss 6.7256 ± 0.1428
INFO:kbc-cli.py:Epoch 66/100	Loss 6.7222 ± 0.1471
INFO:kbc-cli.py:Epoch 66/100	dev results	MRR 0.574723	H@1 0.503100	H@3 0.618900	H@5 0.659700	H@10 0.704300
INFO:kbc-cli.py:Epoch 66/100	test results	MRR 0.574993	H@1 0.503300	H@3 0.620200	H@5 0.656200	H@10 0.701200
INFO:kbc-cli.py:Epoch 67/100	Loss 6.7202 ± 0.1488
INFO:kbc-cli.py:Epoch 68/100	Loss 6.7171 ± 0.1445
INFO:kbc-cli.py:Epoch 69/100	Loss 6.7158 ± 0.1463
INFO:kbc-cli.py:Epoch 69/100	dev results	MRR 0.575950	H@1 0.505300	H@3 0.619700	H@5 0.658700	H@10 0.703100
INFO:kbc-cli.py:Epoch 69/100	test results	MRR 0.574807	H@1 0.502800	H@3 0.619400	H@5 0.656500	H@10 0.701900
INFO:kbc-cli.py:Epoch 70/100	Loss 6.7127 ± 0.1419
INFO:kbc-cli.py:Epoch 71/100	Loss 6.7098 ± 0.1400
INFO:kbc-cli.py:Epoch 72/100	Loss 6.7084 ± 0.1405
INFO:kbc-cli.py:Epoch 72/100	dev results	MRR 0.574628	H@1 0.502800	H@3 0.620200	H@5 0.659600	H@10 0.703100
INFO:kbc-cli.py:Epoch 72/100	test results	MRR 0.575262	H@1 0.503600	H@3 0.621000	H@5 0.657500	H@10 0.701200
INFO:kbc-cli.py:Epoch 73/100	Loss 6.7053 ± 0.1438
INFO:kbc-cli.py:Epoch 74/100	Loss 6.7037 ± 0.1416
INFO:kbc-cli.py:Epoch 75/100	Loss 6.7006 ± 0.1449
INFO:kbc-cli.py:Epoch 75/100	dev results	MRR 0.575227	H@1 0.503700	H@3 0.618600	H@5 0.658800	H@10 0.703900
INFO:kbc-cli.py:Epoch 75/100	test results	MRR 0.573642	H@1 0.500800	H@3 0.620100	H@5 0.656500	H@10 0.701900
INFO:kbc-cli.py:Epoch 76/100	Loss 6.6992 ± 0.1407
INFO:kbc-cli.py:Epoch 77/100	Loss 6.6972 ± 0.1412
INFO:kbc-cli.py:Epoch 78/100	Loss 6.6951 ± 0.1432
INFO:kbc-cli.py:Epoch 78/100	dev results	MRR 0.575718	H@1 0.505200	H@3 0.619700	H@5 0.658000	H@10 0.702400
INFO:kbc-cli.py:Epoch 78/100	test results	MRR 0.574301	H@1 0.502300	H@3 0.619200	H@5 0.655900	H@10 0.701900
INFO:kbc-cli.py:Epoch 79/100	Loss 6.6927 ± 0.1348
INFO:kbc-cli.py:Epoch 80/100	Loss 6.6912 ± 0.1386
INFO:kbc-cli.py:Epoch 81/100	Loss 6.6891 ± 0.1360
Traceback (most recent call last):
  File "./bin/kbc-cli.py", line 247, in <module>
    main(sys.argv[1:])
  File "./bin/kbc-cli.py", line 228, in main
    model=model, batch_size=eval_batch_size, device=device)
  File "/home/pminervi/workspace/meta-kbc/metakbc/evaluation/base.py", line 80, in evaluate
    scores_sp, scores_po = scores[0].cpu().numpy(), scores[1].cpu().numpy()
RuntimeError: [enforce fail at CPUAllocator.cpp:56] posix_memalign(&data, gAlignment, nbytes) == 0. 12 vs 0

