./bin/kbc-cli.py --train data/yago3-10/train.tsv --dev data/yago3-10/dev.tsv --test data/yago3-10/test.tsv -m complex -k 500 -b 100 -e 100 --F2 0 --N3 0.1 -l 0.1 -I standard -V 3 -o adagrad -q
{'F2': 0.0,
 'N3': 0.1,
 'batch_size': 100,
 'dev': 'data/yago3-10/dev.tsv',
 'embedding_size': 500,
 'epochs': 100,
 'eval_batch_size': None,
 'input_type': 'standard',
 'learning_rate': 0.1,
 'load': None,
 'model': 'complex',
 'optimizer': 'adagrad',
 'quiet': True,
 'save': None,
 'seed': 0,
 'test': 'data/yago3-10/test.tsv',
 'test_i': None,
 'test_ii': None,
 'train': 'data/yago3-10/train.tsv',
 'validate_every': 3}
INFO:kbc-cli.py:Device: cuda
INFO:kbc-cli.py:Model state:
INFO:kbc-cli.py:	entities.weight	torch.Size([123182, 1000])
INFO:kbc-cli.py:	predicates.weight	torch.Size([37, 1000])
INFO:kbc-cli.py:Epoch 1/100	Loss 69.7681 ± 10.1578
INFO:kbc-cli.py:Epoch 2/100	Loss 47.7590 ± 3.9862
INFO:kbc-cli.py:Epoch 3/100	Loss 39.7161 ± 2.8154
INFO:kbc-cli.py:Epoch 3/100	dev results	MRR 0.319874	H@1 0.225700	H@3 0.361100	H@5 0.419700	H@10 0.501300
INFO:kbc-cli.py:Epoch 3/100	test results	MRR 0.325406	H@1 0.231400	H@3 0.368800	H@5 0.428400	H@10 0.504100
INFO:kbc-cli.py:Epoch 4/100	Loss 35.1426 ± 2.3820
INFO:kbc-cli.py:Epoch 5/100	Loss 32.0596 ± 2.1325
INFO:kbc-cli.py:Epoch 6/100	Loss 29.7808 ± 1.9236
INFO:kbc-cli.py:Epoch 6/100	dev results	MRR 0.386143	H@1 0.287500	H@3 0.436100	H@5 0.495300	H@10 0.574200
INFO:kbc-cli.py:Epoch 6/100	test results	MRR 0.386945	H@1 0.286400	H@3 0.437400	H@5 0.498200	H@10 0.577600
INFO:kbc-cli.py:Epoch 7/100	Loss 28.0029 ± 1.7807
INFO:kbc-cli.py:Epoch 8/100	Loss 26.5651 ± 1.6623
INFO:kbc-cli.py:Epoch 9/100	Loss 25.3734 ± 1.5631
INFO:kbc-cli.py:Epoch 9/100	dev results	MRR 0.409316	H@1 0.308700	H@3 0.461400	H@5 0.521900	H@10 0.598800
INFO:kbc-cli.py:Epoch 9/100	test results	MRR 0.411109	H@1 0.311000	H@3 0.462600	H@5 0.520600	H@10 0.597900
INFO:kbc-cli.py:Epoch 10/100	Loss 24.3654 ± 1.4765
INFO:kbc-cli.py:Epoch 11/100	Loss 23.4993 ± 1.4042
INFO:kbc-cli.py:Epoch 12/100	Loss 22.7463 ± 1.3394
INFO:kbc-cli.py:Epoch 12/100	dev results	MRR 0.420038	H@1 0.321100	H@3 0.466900	H@5 0.529900	H@10 0.607600
INFO:kbc-cli.py:Epoch 12/100	test results	MRR 0.426724	H@1 0.328000	H@3 0.477400	H@5 0.538100	H@10 0.609700
INFO:kbc-cli.py:Epoch 13/100	Loss 22.0844 ± 1.2859
INFO:kbc-cli.py:Epoch 14/100	Loss 21.4971 ± 1.2244
INFO:kbc-cli.py:Epoch 15/100	Loss 20.9728 ± 1.1711
INFO:kbc-cli.py:Epoch 15/100	dev results	MRR 0.430675	H@1 0.334300	H@3 0.479100	H@5 0.538900	H@10 0.612200
INFO:kbc-cli.py:Epoch 15/100	test results	MRR 0.431826	H@1 0.333000	H@3 0.482100	H@5 0.542800	H@10 0.617600
INFO:kbc-cli.py:Epoch 16/100	Loss 20.5011 ± 1.1354
INFO:kbc-cli.py:Epoch 17/100	Loss 20.0747 ± 1.0924
INFO:kbc-cli.py:Epoch 18/100	Loss 19.6871 ± 1.0397
INFO:kbc-cli.py:Epoch 18/100	dev results	MRR 0.433933	H@1 0.336500	H@3 0.482800	H@5 0.541400	H@10 0.615700
INFO:kbc-cli.py:Epoch 18/100	test results	MRR 0.435886	H@1 0.337500	H@3 0.486700	H@5 0.548200	H@10 0.619900
INFO:kbc-cli.py:Epoch 19/100	Loss 19.3328 ± 1.0095
INFO:kbc-cli.py:Epoch 20/100	Loss 19.0084 ± 0.9910
INFO:kbc-cli.py:Epoch 21/100	Loss 18.7099 ± 0.9592
INFO:kbc-cli.py:Epoch 21/100	dev results	MRR 0.436683	H@1 0.339400	H@3 0.485200	H@5 0.546500	H@10 0.620300
INFO:kbc-cli.py:Epoch 21/100	test results	MRR 0.440510	H@1 0.342300	H@3 0.491500	H@5 0.552500	H@10 0.621300
INFO:kbc-cli.py:Epoch 22/100	Loss 18.4342 ± 0.9206
INFO:kbc-cli.py:Epoch 23/100	Loss 18.1790 ± 0.8851
INFO:kbc-cli.py:Epoch 24/100	Loss 17.9420 ± 0.8693
INFO:kbc-cli.py:Epoch 24/100	dev results	MRR 0.439125	H@1 0.341000	H@3 0.488300	H@5 0.550000	H@10 0.622700
INFO:kbc-cli.py:Epoch 24/100	test results	MRR 0.443365	H@1 0.345200	H@3 0.494600	H@5 0.555500	H@10 0.624600
INFO:kbc-cli.py:Epoch 25/100	Loss 17.7215 ± 0.8410
INFO:kbc-cli.py:Epoch 26/100	Loss 17.5155 ± 0.8219
INFO:kbc-cli.py:Epoch 27/100	Loss 17.3232 ± 0.7943
INFO:kbc-cli.py:Epoch 27/100	dev results	MRR 0.441522	H@1 0.344900	H@3 0.488900	H@5 0.551500	H@10 0.625100
INFO:kbc-cli.py:Epoch 27/100	test results	MRR 0.446118	H@1 0.350200	H@3 0.495400	H@5 0.554400	H@10 0.625800
INFO:kbc-cli.py:Epoch 28/100	Loss 17.1431 ± 0.7781
INFO:kbc-cli.py:Epoch 29/100	Loss 16.9738 ± 0.7501
INFO:kbc-cli.py:Epoch 30/100	Loss 16.8146 ± 0.7463
INFO:kbc-cli.py:Epoch 30/100	dev results	MRR 0.444660	H@1 0.348000	H@3 0.494300	H@5 0.553700	H@10 0.625500
INFO:kbc-cli.py:Epoch 30/100	test results	MRR 0.447809	H@1 0.352200	H@3 0.496800	H@5 0.556900	H@10 0.628600
INFO:kbc-cli.py:Epoch 31/100	Loss 16.6649 ± 0.7226
INFO:kbc-cli.py:Epoch 32/100	Loss 16.5234 ± 0.7022
INFO:kbc-cli.py:Epoch 33/100	Loss 16.3899 ± 0.6808
INFO:kbc-cli.py:Epoch 33/100	dev results	MRR 0.444656	H@1 0.348400	H@3 0.493700	H@5 0.552800	H@10 0.625700
INFO:kbc-cli.py:Epoch 33/100	test results	MRR 0.448772	H@1 0.352800	H@3 0.497600	H@5 0.557900	H@10 0.629700
INFO:kbc-cli.py:Epoch 34/100	Loss 16.2635 ± 0.6646
INFO:kbc-cli.py:Epoch 35/100	Loss 16.1439 ± 0.6480
INFO:kbc-cli.py:Epoch 36/100	Loss 16.0304 ± 0.6398
INFO:kbc-cli.py:Epoch 36/100	dev results	MRR 0.446716	H@1 0.350900	H@3 0.494400	H@5 0.554400	H@10 0.629500
INFO:kbc-cli.py:Epoch 36/100	test results	MRR 0.448722	H@1 0.352200	H@3 0.499200	H@5 0.561900	H@10 0.629800
INFO:kbc-cli.py:Epoch 37/100	Loss 15.9224 ± 0.6309
INFO:kbc-cli.py:Epoch 38/100	Loss 15.8199 ± 0.6105
INFO:kbc-cli.py:Epoch 39/100	Loss 15.7224 ± 0.6116
INFO:kbc-cli.py:Epoch 39/100	dev results	MRR 0.446930	H@1 0.350500	H@3 0.495800	H@5 0.557400	H@10 0.626900
INFO:kbc-cli.py:Epoch 39/100	test results	MRR 0.449563	H@1 0.353500	H@3 0.498800	H@5 0.559900	H@10 0.630100
INFO:kbc-cli.py:Epoch 40/100	Loss 15.6295 ± 0.5866
INFO:kbc-cli.py:Epoch 41/100	Loss 15.5407 ± 0.5785
INFO:kbc-cli.py:Epoch 42/100	Loss 15.4561 ± 0.5605
INFO:kbc-cli.py:Epoch 42/100	dev results	MRR 0.449194	H@1 0.354600	H@3 0.495400	H@5 0.557500	H@10 0.630000
INFO:kbc-cli.py:Epoch 42/100	test results	MRR 0.452166	H@1 0.357800	H@3 0.500100	H@5 0.560400	H@10 0.630300
INFO:kbc-cli.py:Epoch 43/100	Loss 15.3751 ± 0.5605
INFO:kbc-cli.py:Epoch 44/100	Loss 15.2977 ± 0.5541
INFO:kbc-cli.py:Epoch 45/100	Loss 15.2235 ± 0.5380
INFO:kbc-cli.py:Epoch 45/100	dev results	MRR 0.448063	H@1 0.351700	H@3 0.497800	H@5 0.558500	H@10 0.630500
INFO:kbc-cli.py:Epoch 45/100	test results	MRR 0.451657	H@1 0.355700	H@3 0.501200	H@5 0.562600	H@10 0.632000
INFO:kbc-cli.py:Epoch 46/100	Loss 15.1525 ± 0.5361
INFO:kbc-cli.py:Epoch 47/100	Loss 15.0844 ± 0.5254
INFO:kbc-cli.py:Epoch 48/100	Loss 15.0191 ± 0.5175
INFO:kbc-cli.py:Epoch 48/100	dev results	MRR 0.447678	H@1 0.351500	H@3 0.495500	H@5 0.555900	H@10 0.631400
INFO:kbc-cli.py:Epoch 48/100	test results	MRR 0.451645	H@1 0.356000	H@3 0.500500	H@5 0.561500	H@10 0.633800
INFO:kbc-cli.py:Epoch 49/100	Loss 14.9565 ± 0.5044
INFO:kbc-cli.py:Epoch 50/100	Loss 14.8961 ± 0.4974
INFO:kbc-cli.py:Epoch 51/100	Loss 14.8381 ± 0.4986
INFO:kbc-cli.py:Epoch 51/100	dev results	MRR 0.447975	H@1 0.351200	H@3 0.497300	H@5 0.558900	H@10 0.630400
INFO:kbc-cli.py:Epoch 51/100	test results	MRR 0.451468	H@1 0.354400	H@3 0.501000	H@5 0.561000	H@10 0.634300
INFO:kbc-cli.py:Epoch 52/100	Loss 14.7823 ± 0.4858
INFO:kbc-cli.py:Epoch 53/100	Loss 14.7287 ± 0.4750
INFO:kbc-cli.py:Epoch 54/100	Loss 14.6770 ± 0.4644
INFO:kbc-cli.py:Epoch 54/100	dev results	MRR 0.449140	H@1 0.353200	H@3 0.496700	H@5 0.558700	H@10 0.632800
INFO:kbc-cli.py:Epoch 54/100	test results	MRR 0.453720	H@1 0.358000	H@3 0.502200	H@5 0.562500	H@10 0.634800
INFO:kbc-cli.py:Epoch 55/100	Loss 14.6270 ± 0.4627
INFO:kbc-cli.py:Epoch 56/100	Loss 14.5789 ± 0.4502
INFO:kbc-cli.py:Epoch 57/100	Loss 14.5325 ± 0.4483
INFO:kbc-cli.py:Epoch 57/100	dev results	MRR 0.449922	H@1 0.353900	H@3 0.496200	H@5 0.556800	H@10 0.633000
INFO:kbc-cli.py:Epoch 57/100	test results	MRR 0.451970	H@1 0.355600	H@3 0.501300	H@5 0.563000	H@10 0.633800
INFO:kbc-cli.py:Epoch 58/100	Loss 14.4876 ± 0.4398
INFO:kbc-cli.py:Epoch 59/100	Loss 14.4443 ± 0.4393
INFO:kbc-cli.py:Epoch 60/100	Loss 14.4027 ± 0.4328
INFO:kbc-cli.py:Epoch 60/100	dev results	MRR 0.450264	H@1 0.353900	H@3 0.498600	H@5 0.558900	H@10 0.631900
INFO:kbc-cli.py:Epoch 60/100	test results	MRR 0.453603	H@1 0.358000	H@3 0.501300	H@5 0.564200	H@10 0.634900
INFO:kbc-cli.py:Epoch 61/100	Loss 14.3621 ± 0.4251
INFO:kbc-cli.py:Epoch 62/100	Loss 14.3229 ± 0.4228
INFO:kbc-cli.py:Epoch 63/100	Loss 14.2851 ± 0.4157
INFO:kbc-cli.py:Epoch 63/100	dev results	MRR 0.450552	H@1 0.354900	H@3 0.499900	H@5 0.557900	H@10 0.631900
INFO:kbc-cli.py:Epoch 63/100	test results	MRR 0.453196	H@1 0.358300	H@3 0.501600	H@5 0.562800	H@10 0.635000
INFO:kbc-cli.py:Epoch 64/100	Loss 14.2485 ± 0.4075
INFO:kbc-cli.py:Epoch 65/100	Loss 14.2130 ± 0.4057
INFO:kbc-cli.py:Epoch 66/100	Loss 14.1786 ± 0.3992
INFO:kbc-cli.py:Epoch 66/100	dev results	MRR 0.451592	H@1 0.356300	H@3 0.498700	H@5 0.558700	H@10 0.633200
INFO:kbc-cli.py:Epoch 66/100	test results	MRR 0.452851	H@1 0.356300	H@3 0.501000	H@5 0.562100	H@10 0.634600
INFO:kbc-cli.py:Epoch 67/100	Loss 14.1453 ± 0.3939
INFO:kbc-cli.py:Epoch 68/100	Loss 14.1129 ± 0.3905
INFO:kbc-cli.py:Epoch 69/100	Loss 14.0816 ± 0.3880
INFO:kbc-cli.py:Epoch 69/100	dev results	MRR 0.450129	H@1 0.353900	H@3 0.497800	H@5 0.556500	H@10 0.633900
INFO:kbc-cli.py:Epoch 69/100	test results	MRR 0.453602	H@1 0.356900	H@3 0.503600	H@5 0.564300	H@10 0.634800
INFO:kbc-cli.py:Epoch 70/100	Loss 14.0511 ± 0.3825
INFO:kbc-cli.py:Epoch 71/100	Loss 14.0216 ± 0.3770
INFO:kbc-cli.py:Epoch 72/100	Loss 13.9929 ± 0.3760
INFO:kbc-cli.py:Epoch 72/100	dev results	MRR 0.450958	H@1 0.355600	H@3 0.497600	H@5 0.557600	H@10 0.632700
INFO:kbc-cli.py:Epoch 72/100	test results	MRR 0.453315	H@1 0.356100	H@3 0.503600	H@5 0.564400	H@10 0.635600
INFO:kbc-cli.py:Epoch 73/100	Loss 13.9651 ± 0.3755
INFO:kbc-cli.py:Epoch 74/100	Loss 13.9381 ± 0.3623
INFO:kbc-cli.py:Epoch 75/100	Loss 13.9117 ± 0.3664
INFO:kbc-cli.py:Epoch 75/100	dev results	MRR 0.451328	H@1 0.356000	H@3 0.497900	H@5 0.558500	H@10 0.635200
INFO:kbc-cli.py:Epoch 75/100	test results	MRR 0.455159	H@1 0.360500	H@3 0.503200	H@5 0.563400	H@10 0.635700
INFO:kbc-cli.py:Epoch 76/100	Loss 13.8862 ± 0.3589
INFO:kbc-cli.py:Epoch 77/100	Loss 13.8613 ± 0.3617
INFO:kbc-cli.py:Epoch 78/100	Loss 13.8371 ± 0.3532
INFO:kbc-cli.py:Epoch 78/100	dev results	MRR 0.451056	H@1 0.355000	H@3 0.498900	H@5 0.558000	H@10 0.633800
INFO:kbc-cli.py:Epoch 78/100	test results	MRR 0.454163	H@1 0.358000	H@3 0.504400	H@5 0.564000	H@10 0.635300
INFO:kbc-cli.py:Epoch 79/100	Loss 13.8135 ± 0.3493
INFO:kbc-cli.py:Epoch 80/100	Loss 13.7906 ± 0.3486
INFO:kbc-cli.py:Epoch 81/100	Loss 13.7683 ± 0.3410
INFO:kbc-cli.py:Epoch 81/100	dev results	MRR 0.451073	H@1 0.355400	H@3 0.497300	H@5 0.557700	H@10 0.635100
INFO:kbc-cli.py:Epoch 81/100	test results	MRR 0.454451	H@1 0.358100	H@3 0.503300	H@5 0.565500	H@10 0.636000
INFO:kbc-cli.py:Epoch 82/100	Loss 13.7466 ± 0.3424
INFO:kbc-cli.py:Epoch 83/100	Loss 13.7254 ± 0.3372
INFO:kbc-cli.py:Epoch 84/100	Loss 13.7047 ± 0.3337
INFO:kbc-cli.py:Epoch 84/100	dev results	MRR 0.452672	H@1 0.357300	H@3 0.500200	H@5 0.559000	H@10 0.634700
INFO:kbc-cli.py:Epoch 84/100	test results	MRR 0.454440	H@1 0.357800	H@3 0.504400	H@5 0.564700	H@10 0.636000
INFO:kbc-cli.py:Epoch 85/100	Loss 13.6846 ± 0.3316
INFO:kbc-cli.py:Epoch 86/100	Loss 13.6650 ± 0.3311
INFO:kbc-cli.py:Epoch 87/100	Loss 13.6458 ± 0.3260
INFO:kbc-cli.py:Epoch 87/100	dev results	MRR 0.452295	H@1 0.356300	H@3 0.500900	H@5 0.559200	H@10 0.635400
INFO:kbc-cli.py:Epoch 87/100	test results	MRR 0.455755	H@1 0.359400	H@3 0.505300	H@5 0.564800	H@10 0.635900
INFO:kbc-cli.py:Epoch 88/100	Loss 13.6272 ± 0.3258
INFO:kbc-cli.py:Epoch 89/100	Loss 13.6090 ± 0.3239
INFO:kbc-cli.py:Epoch 90/100	Loss 13.5912 ± 0.3243
INFO:kbc-cli.py:Epoch 90/100	dev results	MRR 0.452386	H@1 0.356600	H@3 0.500300	H@5 0.558200	H@10 0.635900
INFO:kbc-cli.py:Epoch 90/100	test results	MRR 0.455558	H@1 0.360000	H@3 0.503400	H@5 0.565800	H@10 0.636900
INFO:kbc-cli.py:Epoch 91/100	Loss 13.5738 ± 0.3163
INFO:kbc-cli.py:Epoch 92/100	Loss 13.5569 ± 0.3175
INFO:kbc-cli.py:Epoch 93/100	Loss 13.5404 ± 0.3127
INFO:kbc-cli.py:Epoch 93/100	dev results	MRR 0.452215	H@1 0.356800	H@3 0.499400	H@5 0.558600	H@10 0.634500
INFO:kbc-cli.py:Epoch 93/100	test results	MRR 0.456318	H@1 0.361400	H@3 0.503200	H@5 0.564500	H@10 0.637300
INFO:kbc-cli.py:Epoch 94/100	Loss 13.5242 ± 0.3109
INFO:kbc-cli.py:Epoch 95/100	Loss 13.5084 ± 0.3097
INFO:kbc-cli.py:Epoch 96/100	Loss 13.4930 ± 0.3070
INFO:kbc-cli.py:Epoch 96/100	dev results	MRR 0.453500	H@1 0.358100	H@3 0.500800	H@5 0.560400	H@10 0.635100
INFO:kbc-cli.py:Epoch 96/100	test results	MRR 0.456573	H@1 0.361700	H@3 0.504400	H@5 0.565900	H@10 0.636600
INFO:kbc-cli.py:Epoch 97/100	Loss 13.4779 ± 0.3062
INFO:kbc-cli.py:Epoch 98/100	Loss 13.4631 ± 0.3037
INFO:kbc-cli.py:Epoch 99/100	Loss 13.4487 ± 0.3000
INFO:kbc-cli.py:Epoch 99/100	dev results	MRR 0.452028	H@1 0.355700	H@3 0.500400	H@5 0.559700	H@10 0.637000
INFO:kbc-cli.py:Epoch 99/100	test results	MRR 0.455804	H@1 0.359500	H@3 0.505700	H@5 0.566100	H@10 0.638000
INFO:kbc-cli.py:Epoch 100/100	Loss 13.4346 ± 0.3004
INFO:kbc-cli.py:Final 	dev results	MRR 0.453169	H@1 0.357900	H@3 0.500100	H@5 0.559700	H@10 0.635700
INFO:kbc-cli.py:Final 	test results	MRR 0.456839	H@1 0.361500	H@3 0.505000	H@5 0.566800	H@10 0.637900
INFO:kbc-cli.py:Training finished
