./bin/kbc-cli.py --train data/yago3-10/train.tsv --dev data/yago3-10/dev.tsv --test data/yago3-10/test.tsv -m complex -k 500 -b 500 -e 100 --F2 0 --N3 0.5 -l 0.1 -I reciprocal -V 3 -o adagrad -q
{'F2': 0.0,
 'N3': 0.5,
 'batch_size': 500,
 'dev': 'data/yago3-10/dev.tsv',
 'embedding_size': 500,
 'epochs': 100,
 'eval_batch_size': None,
 'input_type': 'reciprocal',
 'learning_rate': 0.1,
 'load': None,
 'model': 'complex',
 'optimizer': 'adagrad',
 'quiet': True,
 'save': None,
 'seed': 0,
 'test': 'data/yago3-10/test.tsv',
 'test_i': None,
 'test_ii': None,
 'train': 'data/yago3-10/train.tsv',
 'validate_every': 3}
INFO:kbc-cli.py:Device: cuda
INFO:kbc-cli.py:Model state:
INFO:kbc-cli.py:	entities.weight	torch.Size([123182, 1000])
INFO:kbc-cli.py:	predicates.weight	torch.Size([74, 1000])
INFO:kbc-cli.py:Epoch 1/100	Loss 56.5248 ± 19.7531
INFO:kbc-cli.py:Epoch 2/100	Loss 33.3940 ± 2.2225
INFO:kbc-cli.py:Epoch 3/100	Loss 29.8009 ± 1.5228
INFO:kbc-cli.py:Epoch 3/100	dev results	MRR 0.044200	H@1 0.024800	H@3 0.043400	H@5 0.061000	H@10 0.079600
INFO:kbc-cli.py:Epoch 3/100	test results	MRR 0.046149	H@1 0.026800	H@3 0.044100	H@5 0.061000	H@10 0.083400
INFO:kbc-cli.py:Epoch 4/100	Loss 28.1932 ± 1.2744
INFO:kbc-cli.py:Epoch 5/100	Loss 27.2520 ± 1.1048
INFO:kbc-cli.py:Epoch 6/100	Loss 26.6210 ± 1.0183
INFO:kbc-cli.py:Epoch 6/100	dev results	MRR 0.043674	H@1 0.018700	H@3 0.039600	H@5 0.058000	H@10 0.086800
INFO:kbc-cli.py:Epoch 6/100	test results	MRR 0.043104	H@1 0.017900	H@3 0.038500	H@5 0.055000	H@10 0.088100
INFO:kbc-cli.py:Epoch 7/100	Loss 26.1641 ± 0.9546
INFO:kbc-cli.py:Epoch 8/100	Loss 25.8134 ± 0.8887
INFO:kbc-cli.py:Epoch 9/100	Loss 25.5328 ± 0.8274
INFO:kbc-cli.py:Epoch 9/100	dev results	MRR 0.047471	H@1 0.020600	H@3 0.044000	H@5 0.060200	H@10 0.090900
INFO:kbc-cli.py:Epoch 9/100	test results	MRR 0.048799	H@1 0.022100	H@3 0.044200	H@5 0.061800	H@10 0.093900
INFO:kbc-cli.py:Epoch 10/100	Loss 25.3047 ± 0.7720
INFO:kbc-cli.py:Epoch 11/100	Loss 25.1144 ± 0.7341
INFO:kbc-cli.py:Epoch 12/100	Loss 24.9527 ± 0.7055
INFO:kbc-cli.py:Epoch 12/100	dev results	MRR 0.050344	H@1 0.023400	H@3 0.045500	H@5 0.063800	H@10 0.096000
INFO:kbc-cli.py:Epoch 12/100	test results	MRR 0.052220	H@1 0.024100	H@3 0.048400	H@5 0.066500	H@10 0.099200
INFO:kbc-cli.py:Epoch 13/100	Loss 24.8119 ± 0.6822
INFO:kbc-cli.py:Epoch 14/100	Loss 24.6889 ± 0.6431
INFO:kbc-cli.py:Epoch 15/100	Loss 24.5794 ± 0.6275
INFO:kbc-cli.py:Epoch 15/100	dev results	MRR 0.054277	H@1 0.025000	H@3 0.050400	H@5 0.068500	H@10 0.105700
INFO:kbc-cli.py:Epoch 15/100	test results	MRR 0.056118	H@1 0.025900	H@3 0.052100	H@5 0.071600	H@10 0.111200
INFO:kbc-cli.py:Epoch 16/100	Loss 24.4802 ± 0.5978
INFO:kbc-cli.py:Epoch 17/100	Loss 24.3917 ± 0.5709
INFO:kbc-cli.py:Epoch 18/100	Loss 24.3123 ± 0.5589
INFO:kbc-cli.py:Epoch 18/100	dev results	MRR 0.056256	H@1 0.025800	H@3 0.052100	H@5 0.072700	H@10 0.109100
INFO:kbc-cli.py:Epoch 18/100	test results	MRR 0.057260	H@1 0.025700	H@3 0.051100	H@5 0.075200	H@10 0.117700
INFO:kbc-cli.py:Epoch 19/100	Loss 24.2402 ± 0.5427
INFO:kbc-cli.py:Epoch 20/100	Loss 24.1742 ± 0.5113
INFO:kbc-cli.py:Epoch 21/100	Loss 24.1131 ± 0.5098
INFO:kbc-cli.py:Epoch 21/100	dev results	MRR 0.060338	H@1 0.029400	H@3 0.055700	H@5 0.077800	H@10 0.113900
INFO:kbc-cli.py:Epoch 21/100	test results	MRR 0.061616	H@1 0.028600	H@3 0.058200	H@5 0.079900	H@10 0.123400
INFO:kbc-cli.py:Epoch 22/100	Loss 24.0571 ± 0.4883
INFO:kbc-cli.py:Epoch 23/100	Loss 24.0055 ± 0.4739
INFO:kbc-cli.py:Epoch 24/100	Loss 23.9580 ± 0.4553
INFO:kbc-cli.py:Epoch 24/100	dev results	MRR 0.061579	H@1 0.027800	H@3 0.059400	H@5 0.081800	H@10 0.119400
INFO:kbc-cli.py:Epoch 24/100	test results	MRR 0.062662	H@1 0.028300	H@3 0.059600	H@5 0.084000	H@10 0.123700
INFO:kbc-cli.py:Epoch 25/100	Loss 23.9140 ± 0.4420
INFO:kbc-cli.py:Epoch 26/100	Loss 23.8726 ± 0.4345
INFO:kbc-cli.py:Epoch 27/100	Loss 23.8340 ± 0.4240
INFO:kbc-cli.py:Epoch 27/100	dev results	MRR 0.064067	H@1 0.030800	H@3 0.059700	H@5 0.082300	H@10 0.124900
INFO:kbc-cli.py:Epoch 27/100	test results	MRR 0.065864	H@1 0.031300	H@3 0.062900	H@5 0.085400	H@10 0.128500
INFO:kbc-cli.py:Epoch 28/100	Loss 23.7978 ± 0.4140
INFO:kbc-cli.py:Epoch 29/100	Loss 23.7631 ± 0.4015
INFO:kbc-cli.py:Epoch 30/100	Loss 23.7309 ± 0.3914
INFO:kbc-cli.py:Epoch 30/100	dev results	MRR 0.067177	H@1 0.032500	H@3 0.065100	H@5 0.087100	H@10 0.130100
INFO:kbc-cli.py:Epoch 30/100	test results	MRR 0.069127	H@1 0.033200	H@3 0.067000	H@5 0.090400	H@10 0.133500
INFO:kbc-cli.py:Epoch 31/100	Loss 23.6999 ± 0.3886
INFO:kbc-cli.py:Epoch 32/100	Loss 23.6712 ± 0.3902
INFO:kbc-cli.py:Epoch 33/100	Loss 23.6443 ± 0.3758
INFO:kbc-cli.py:Epoch 33/100	dev results	MRR 0.068433	H@1 0.034700	H@3 0.063600	H@5 0.088000	H@10 0.129900
INFO:kbc-cli.py:Epoch 33/100	test results	MRR 0.070049	H@1 0.034500	H@3 0.066800	H@5 0.090700	H@10 0.134100
INFO:kbc-cli.py:Epoch 34/100	Loss 23.6189 ± 0.3632
INFO:kbc-cli.py:Epoch 35/100	Loss 23.5947 ± 0.3527
INFO:kbc-cli.py:Epoch 36/100	Loss 23.5719 ± 0.3536
INFO:kbc-cli.py:Epoch 36/100	dev results	MRR 0.069787	H@1 0.035700	H@3 0.066100	H@5 0.087800	H@10 0.132700
INFO:kbc-cli.py:Epoch 36/100	test results	MRR 0.071339	H@1 0.035400	H@3 0.068300	H@5 0.092600	H@10 0.133900
INFO:kbc-cli.py:Epoch 37/100	Loss 23.5502 ± 0.3420
INFO:kbc-cli.py:Epoch 38/100	Loss 23.5297 ± 0.3318
INFO:kbc-cli.py:Epoch 39/100	Loss 23.5101 ± 0.3285
INFO:kbc-cli.py:Epoch 39/100	dev results	MRR 0.069337	H@1 0.035300	H@3 0.064700	H@5 0.086300	H@10 0.132500
INFO:kbc-cli.py:Epoch 39/100	test results	MRR 0.070135	H@1 0.034500	H@3 0.068100	H@5 0.089700	H@10 0.132600
INFO:kbc-cli.py:Epoch 40/100	Loss 23.4913 ± 0.3241
INFO:kbc-cli.py:Epoch 41/100	Loss 23.4740 ± 0.3173
INFO:kbc-cli.py:Epoch 42/100	Loss 23.4565 ± 0.3157
INFO:kbc-cli.py:Epoch 42/100	dev results	MRR 0.070907	H@1 0.037200	H@3 0.065500	H@5 0.088500	H@10 0.133300
INFO:kbc-cli.py:Epoch 42/100	test results	MRR 0.072254	H@1 0.036500	H@3 0.070500	H@5 0.092700	H@10 0.134600
INFO:kbc-cli.py:Epoch 43/100	Loss 23.4402 ± 0.3041
INFO:kbc-cli.py:Epoch 44/100	Loss 23.4246 ± 0.2966
INFO:kbc-cli.py:Epoch 45/100	Loss 23.4098 ± 0.2938
INFO:kbc-cli.py:Epoch 45/100	dev results	MRR 0.070208	H@1 0.034900	H@3 0.066100	H@5 0.091000	H@10 0.136000
INFO:kbc-cli.py:Epoch 45/100	test results	MRR 0.072647	H@1 0.036700	H@3 0.070400	H@5 0.095200	H@10 0.135300
INFO:kbc-cli.py:Epoch 46/100	Loss 23.3956 ± 0.2855
INFO:kbc-cli.py:Epoch 47/100	Loss 23.3818 ± 0.2851
INFO:kbc-cli.py:Epoch 48/100	Loss 23.3685 ± 0.2680
INFO:kbc-cli.py:Epoch 48/100	dev results	MRR 0.070285	H@1 0.035000	H@3 0.066600	H@5 0.089300	H@10 0.135500
INFO:kbc-cli.py:Epoch 48/100	test results	MRR 0.072589	H@1 0.036600	H@3 0.069600	H@5 0.094300	H@10 0.139500
INFO:kbc-cli.py:Epoch 49/100	Loss 23.3559 ± 0.2751
INFO:kbc-cli.py:Epoch 50/100	Loss 23.3438 ± 0.2674
INFO:kbc-cli.py:Epoch 51/100	Loss 23.3319 ± 0.2673
INFO:kbc-cli.py:Epoch 51/100	dev results	MRR 0.072800	H@1 0.038000	H@3 0.068500	H@5 0.090600	H@10 0.136800
INFO:kbc-cli.py:Epoch 51/100	test results	MRR 0.072989	H@1 0.037100	H@3 0.069300	H@5 0.094200	H@10 0.136900
INFO:kbc-cli.py:Epoch 52/100	Loss 23.3206 ± 0.2654
INFO:kbc-cli.py:Epoch 53/100	Loss 23.3097 ± 0.2584
INFO:kbc-cli.py:Epoch 54/100	Loss 23.2990 ± 0.2558
INFO:kbc-cli.py:Epoch 54/100	dev results	MRR 0.072583	H@1 0.037400	H@3 0.069300	H@5 0.090200	H@10 0.137200
INFO:kbc-cli.py:Epoch 54/100	test results	MRR 0.073541	H@1 0.037300	H@3 0.071000	H@5 0.094200	H@10 0.139000
INFO:kbc-cli.py:Epoch 55/100	Loss 23.2888 ± 0.2515
INFO:kbc-cli.py:Epoch 56/100	Loss 23.2793 ± 0.2481
INFO:kbc-cli.py:Epoch 57/100	Loss 23.2694 ± 0.2388
INFO:kbc-cli.py:Epoch 57/100	dev results	MRR 0.072030	H@1 0.035900	H@3 0.069500	H@5 0.091700	H@10 0.139000
INFO:kbc-cli.py:Epoch 57/100	test results	MRR 0.073528	H@1 0.036400	H@3 0.072500	H@5 0.095500	H@10 0.140200
INFO:kbc-cli.py:Epoch 58/100	Loss 23.2602 ± 0.2386
INFO:kbc-cli.py:Epoch 59/100	Loss 23.2513 ± 0.2402
INFO:kbc-cli.py:Epoch 60/100	Loss 23.2427 ± 0.2354
INFO:kbc-cli.py:Epoch 60/100	dev results	MRR 0.072313	H@1 0.037000	H@3 0.068400	H@5 0.092200	H@10 0.137800
INFO:kbc-cli.py:Epoch 60/100	test results	MRR 0.075020	H@1 0.039100	H@3 0.071100	H@5 0.094800	H@10 0.141200
INFO:kbc-cli.py:Epoch 61/100	Loss 23.2345 ± 0.2339
INFO:kbc-cli.py:Epoch 62/100	Loss 23.2262 ± 0.2328
INFO:kbc-cli.py:Epoch 63/100	Loss 23.2185 ± 0.2315
INFO:kbc-cli.py:Epoch 63/100	dev results	MRR 0.073087	H@1 0.037100	H@3 0.068800	H@5 0.093200	H@10 0.139500
INFO:kbc-cli.py:Epoch 63/100	test results	MRR 0.074218	H@1 0.037400	H@3 0.070800	H@5 0.094200	H@10 0.140000
INFO:kbc-cli.py:Epoch 64/100	Loss 23.2107 ± 0.2240
INFO:kbc-cli.py:Epoch 65/100	Loss 23.2034 ± 0.2219
INFO:kbc-cli.py:Epoch 66/100	Loss 23.1962 ± 0.2139
INFO:kbc-cli.py:Epoch 66/100	dev results	MRR 0.073560	H@1 0.037700	H@3 0.069500	H@5 0.094000	H@10 0.139800
INFO:kbc-cli.py:Epoch 66/100	test results	MRR 0.076183	H@1 0.039200	H@3 0.073300	H@5 0.095800	H@10 0.141600
INFO:kbc-cli.py:Epoch 67/100	Loss 23.1894 ± 0.2200
INFO:kbc-cli.py:Epoch 68/100	Loss 23.1825 ± 0.2120
INFO:kbc-cli.py:Epoch 69/100	Loss 23.1759 ± 0.2120
INFO:kbc-cli.py:Epoch 69/100	dev results	MRR 0.074193	H@1 0.039100	H@3 0.068300	H@5 0.093500	H@10 0.140700
INFO:kbc-cli.py:Epoch 69/100	test results	MRR 0.074584	H@1 0.037200	H@3 0.072100	H@5 0.096300	H@10 0.143200
INFO:kbc-cli.py:Epoch 70/100	Loss 23.1697 ± 0.2084
INFO:kbc-cli.py:Epoch 71/100	Loss 23.1634 ± 0.2037
INFO:kbc-cli.py:Epoch 72/100	Loss 23.1577 ± 0.1989
INFO:kbc-cli.py:Epoch 72/100	dev results	MRR 0.074858	H@1 0.039300	H@3 0.070200	H@5 0.095100	H@10 0.141000
INFO:kbc-cli.py:Epoch 72/100	test results	MRR 0.074781	H@1 0.037400	H@3 0.072600	H@5 0.097400	H@10 0.142300
INFO:kbc-cli.py:Epoch 73/100	Loss 23.1515 ± 0.2012
INFO:kbc-cli.py:Epoch 74/100	Loss 23.1458 ± 0.1996
INFO:kbc-cli.py:Epoch 75/100	Loss 23.1404 ± 0.1972
INFO:kbc-cli.py:Epoch 75/100	dev results	MRR 0.073766	H@1 0.037900	H@3 0.069100	H@5 0.094400	H@10 0.140100
INFO:kbc-cli.py:Epoch 75/100	test results	MRR 0.075219	H@1 0.038200	H@3 0.072200	H@5 0.096400	H@10 0.142800
INFO:kbc-cli.py:Epoch 76/100	Loss 23.1349 ± 0.1944
INFO:kbc-cli.py:Epoch 77/100	Loss 23.1296 ± 0.1890
INFO:kbc-cli.py:Epoch 78/100	Loss 23.1245 ± 0.1888
INFO:kbc-cli.py:Epoch 78/100	dev results	MRR 0.073626	H@1 0.037500	H@3 0.070600	H@5 0.093400	H@10 0.141100
INFO:kbc-cli.py:Epoch 78/100	test results	MRR 0.075608	H@1 0.038100	H@3 0.072300	H@5 0.097600	H@10 0.142400
INFO:kbc-cli.py:Epoch 79/100	Loss 23.1195 ± 0.1894
INFO:kbc-cli.py:Epoch 80/100	Loss 23.1148 ± 0.1874
INFO:kbc-cli.py:Epoch 81/100	Loss 23.1098 ± 0.1844
INFO:kbc-cli.py:Epoch 81/100	dev results	MRR 0.074902	H@1 0.039100	H@3 0.070400	H@5 0.094000	H@10 0.139400
INFO:kbc-cli.py:Epoch 81/100	test results	MRR 0.075152	H@1 0.038700	H@3 0.072000	H@5 0.095200	H@10 0.141900
INFO:kbc-cli.py:Epoch 82/100	Loss 23.1053 ± 0.1826
INFO:kbc-cli.py:Epoch 83/100	Loss 23.1007 ± 0.1808
INFO:kbc-cli.py:Epoch 84/100	Loss 23.0962 ± 0.1807
INFO:kbc-cli.py:Epoch 84/100	dev results	MRR 0.075466	H@1 0.039700	H@3 0.071600	H@5 0.094400	H@10 0.141200
INFO:kbc-cli.py:Epoch 84/100	test results	MRR 0.075830	H@1 0.038500	H@3 0.071600	H@5 0.098400	H@10 0.144000
INFO:kbc-cli.py:Epoch 85/100	Loss 23.0919 ± 0.1750
INFO:kbc-cli.py:Epoch 86/100	Loss 23.0877 ± 0.1740
INFO:kbc-cli.py:Epoch 87/100	Loss 23.0835 ± 0.1747
INFO:kbc-cli.py:Epoch 87/100	dev results	MRR 0.074565	H@1 0.038600	H@3 0.070000	H@5 0.094000	H@10 0.142700
INFO:kbc-cli.py:Epoch 87/100	test results	MRR 0.076001	H@1 0.039500	H@3 0.071300	H@5 0.096700	H@10 0.143900
INFO:kbc-cli.py:Epoch 88/100	Loss 23.0795 ± 0.1736
INFO:kbc-cli.py:Epoch 89/100	Loss 23.0756 ± 0.1722
INFO:kbc-cli.py:Epoch 90/100	Loss 23.0718 ± 0.1691
INFO:kbc-cli.py:Epoch 90/100	dev results	MRR 0.075360	H@1 0.039300	H@3 0.071500	H@5 0.095600	H@10 0.142000
INFO:kbc-cli.py:Epoch 90/100	test results	MRR 0.075750	H@1 0.038200	H@3 0.073100	H@5 0.099000	H@10 0.144900
INFO:kbc-cli.py:Epoch 91/100	Loss 23.0680 ± 0.1664
INFO:kbc-cli.py:Epoch 92/100	Loss 23.0644 ± 0.1656
INFO:kbc-cli.py:Epoch 93/100	Loss 23.0607 ± 0.1629
INFO:kbc-cli.py:Epoch 93/100	dev results	MRR 0.075186	H@1 0.039500	H@3 0.070200	H@5 0.094500	H@10 0.141700
INFO:kbc-cli.py:Epoch 93/100	test results	MRR 0.076214	H@1 0.038500	H@3 0.073200	H@5 0.097500	H@10 0.144900
INFO:kbc-cli.py:Epoch 94/100	Loss 23.0572 ± 0.1606
INFO:kbc-cli.py:Epoch 95/100	Loss 23.0537 ± 0.1614
INFO:kbc-cli.py:Epoch 96/100	Loss 23.0505 ± 0.1582
INFO:kbc-cli.py:Epoch 96/100	dev results	MRR 0.075345	H@1 0.039100	H@3 0.071600	H@5 0.095400	H@10 0.142200
INFO:kbc-cli.py:Epoch 96/100	test results	MRR 0.076852	H@1 0.039600	H@3 0.073900	H@5 0.099700	H@10 0.146100
INFO:kbc-cli.py:Epoch 97/100	Loss 23.0471 ± 0.1589
INFO:kbc-cli.py:Epoch 98/100	Loss 23.0439 ± 0.1572
INFO:kbc-cli.py:Epoch 99/100	Loss 23.0407 ± 0.1566
INFO:kbc-cli.py:Epoch 99/100	dev results	MRR 0.074360	H@1 0.038100	H@3 0.069500	H@5 0.092800	H@10 0.142000
INFO:kbc-cli.py:Epoch 99/100	test results	MRR 0.075774	H@1 0.038200	H@3 0.073300	H@5 0.096500	H@10 0.144400
INFO:kbc-cli.py:Epoch 100/100	Loss 23.0377 ± 0.1558
INFO:kbc-cli.py:Final 	dev results	MRR 0.075214	H@1 0.039300	H@3 0.070300	H@5 0.096000	H@10 0.142300
INFO:kbc-cli.py:Final 	test results	MRR 0.076360	H@1 0.039200	H@3 0.073800	H@5 0.096700	H@10 0.144700
INFO:kbc-cli.py:Training finished
