./bin/kbc-cli.py --train data/yago3-10/train.tsv --dev data/yago3-10/dev.tsv --test data/yago3-10/test.tsv -m complex -k 1000 -b 100 -e 100 --F2 0.01 --N3 0 -l 0.1 -I standard -V 3 -o adagrad -q
{'F2': 0.01,
 'N3': 0.0,
 'batch_size': 100,
 'dev': 'data/yago3-10/dev.tsv',
 'embedding_size': 1000,
 'epochs': 100,
 'eval_batch_size': None,
 'input_type': 'standard',
 'learning_rate': 0.1,
 'load': None,
 'model': 'complex',
 'optimizer': 'adagrad',
 'quiet': True,
 'save': None,
 'seed': 0,
 'test': 'data/yago3-10/test.tsv',
 'test_i': None,
 'test_ii': None,
 'train': 'data/yago3-10/train.tsv',
 'validate_every': 3}
INFO:kbc-cli.py:Device: cuda
INFO:kbc-cli.py:Model state:
INFO:kbc-cli.py:	entities.weight	torch.Size([123182, 2000])
INFO:kbc-cli.py:	predicates.weight	torch.Size([37, 2000])
INFO:kbc-cli.py:Epoch 1/100	Loss 18.3389 ± 2.2522
INFO:kbc-cli.py:Epoch 2/100	Loss 12.5675 ± 0.2909
INFO:kbc-cli.py:Epoch 3/100	Loss 10.8809 ± 0.2980
INFO:kbc-cli.py:Epoch 3/100	dev results	MRR 0.434278	H@1 0.342200	H@3 0.480100	H@5 0.536600	H@10 0.606800
INFO:kbc-cli.py:Epoch 3/100	test results	MRR 0.437902	H@1 0.345000	H@3 0.485400	H@5 0.539500	H@10 0.611900
INFO:kbc-cli.py:Epoch 4/100	Loss 10.2890 ± 0.3034
INFO:kbc-cli.py:Epoch 5/100	Loss 9.9804 ± 0.3012
INFO:kbc-cli.py:Epoch 6/100	Loss 9.7803 ± 0.2929
INFO:kbc-cli.py:Epoch 6/100	dev results	MRR 0.502084	H@1 0.417000	H@3 0.547600	H@5 0.598400	H@10 0.662700
INFO:kbc-cli.py:Epoch 6/100	test results	MRR 0.499117	H@1 0.413600	H@3 0.545400	H@5 0.593300	H@10 0.658100
INFO:kbc-cli.py:Epoch 7/100	Loss 9.6348 ± 0.2882
INFO:kbc-cli.py:Epoch 8/100	Loss 9.5216 ± 0.2823
INFO:kbc-cli.py:Epoch 9/100	Loss 9.4302 ± 0.2776
INFO:kbc-cli.py:Epoch 9/100	dev results	MRR 0.525018	H@1 0.440500	H@3 0.573000	H@5 0.620400	H@10 0.684200
INFO:kbc-cli.py:Epoch 9/100	test results	MRR 0.517907	H@1 0.432500	H@3 0.565600	H@5 0.613600	H@10 0.676100
INFO:kbc-cli.py:Epoch 10/100	Loss 9.3531 ± 0.2750
INFO:kbc-cli.py:Epoch 11/100	Loss 9.2872 ± 0.2673
INFO:kbc-cli.py:Epoch 12/100	Loss 9.2301 ± 0.2616
INFO:kbc-cli.py:Epoch 12/100	dev results	MRR 0.538381	H@1 0.455400	H@3 0.587800	H@5 0.635800	H@10 0.690100
INFO:kbc-cli.py:Epoch 12/100	test results	MRR 0.535568	H@1 0.453700	H@3 0.584400	H@5 0.629100	H@10 0.688400
INFO:kbc-cli.py:Epoch 13/100	Loss 9.1794 ± 0.2635
INFO:kbc-cli.py:Epoch 14/100	Loss 9.1339 ± 0.2588
INFO:kbc-cli.py:Epoch 15/100	Loss 9.0930 ± 0.2574
INFO:kbc-cli.py:Epoch 15/100	dev results	MRR 0.550431	H@1 0.469000	H@3 0.600300	H@5 0.643700	H@10 0.696900
INFO:kbc-cli.py:Epoch 15/100	test results	MRR 0.542596	H@1 0.460700	H@3 0.591600	H@5 0.637400	H@10 0.690700
INFO:kbc-cli.py:Epoch 16/100	Loss 9.0557 ± 0.2555
INFO:kbc-cli.py:Epoch 17/100	Loss 9.0215 ± 0.2497
INFO:kbc-cli.py:Epoch 18/100	Loss 8.9899 ± 0.2485
INFO:kbc-cli.py:Epoch 18/100	dev results	MRR 0.554742	H@1 0.474800	H@3 0.602300	H@5 0.647400	H@10 0.700500
INFO:kbc-cli.py:Epoch 18/100	test results	MRR 0.549287	H@1 0.468500	H@3 0.598200	H@5 0.643000	H@10 0.694600
INFO:kbc-cli.py:Epoch 19/100	Loss 8.9606 ± 0.2497
INFO:kbc-cli.py:Epoch 20/100	Loss 8.9335 ± 0.2480
INFO:kbc-cli.py:Epoch 21/100	Loss 8.9080 ± 0.2439
INFO:kbc-cli.py:Epoch 21/100	dev results	MRR 0.559440	H@1 0.480000	H@3 0.607000	H@5 0.652100	H@10 0.703000
INFO:kbc-cli.py:Epoch 21/100	test results	MRR 0.555570	H@1 0.477000	H@3 0.603900	H@5 0.646500	H@10 0.698700
INFO:kbc-cli.py:Epoch 22/100	Loss 8.8840 ± 0.2463
INFO:kbc-cli.py:Epoch 23/100	Loss 8.8615 ± 0.2427
INFO:kbc-cli.py:Epoch 24/100	Loss 8.8402 ± 0.2423
INFO:kbc-cli.py:Epoch 24/100	dev results	MRR 0.562135	H@1 0.482900	H@3 0.609600	H@5 0.653200	H@10 0.703900
INFO:kbc-cli.py:Epoch 24/100	test results	MRR 0.559016	H@1 0.480900	H@3 0.606900	H@5 0.650000	H@10 0.699300
INFO:kbc-cli.py:Epoch 25/100	Loss 8.8200 ± 0.2380
INFO:kbc-cli.py:Epoch 26/100	Loss 8.8008 ± 0.2384
INFO:kbc-cli.py:Epoch 27/100	Loss 8.7826 ± 0.2414
INFO:kbc-cli.py:Epoch 27/100	dev results	MRR 0.564164	H@1 0.487000	H@3 0.611100	H@5 0.654700	H@10 0.702600
INFO:kbc-cli.py:Epoch 27/100	test results	MRR 0.559577	H@1 0.480400	H@3 0.609600	H@5 0.649300	H@10 0.698800
INFO:kbc-cli.py:Epoch 28/100	Loss 8.7653 ± 0.2385
INFO:kbc-cli.py:Epoch 29/100	Loss 8.7486 ± 0.2337
INFO:kbc-cli.py:Epoch 30/100	Loss 8.7328 ± 0.2362
INFO:kbc-cli.py:Epoch 30/100	dev results	MRR 0.565135	H@1 0.487400	H@3 0.613700	H@5 0.654100	H@10 0.703600
INFO:kbc-cli.py:Epoch 30/100	test results	MRR 0.561100	H@1 0.482700	H@3 0.610200	H@5 0.651000	H@10 0.699900
INFO:kbc-cli.py:Epoch 31/100	Loss 8.7176 ± 0.2359
INFO:kbc-cli.py:Epoch 32/100	Loss 8.7030 ± 0.2336
INFO:kbc-cli.py:Epoch 33/100	Loss 8.6889 ± 0.2317
INFO:kbc-cli.py:Epoch 33/100	dev results	MRR 0.567715	H@1 0.491100	H@3 0.614600	H@5 0.654400	H@10 0.705200
INFO:kbc-cli.py:Epoch 33/100	test results	MRR 0.562560	H@1 0.484700	H@3 0.612500	H@5 0.652000	H@10 0.700600
INFO:kbc-cli.py:Epoch 34/100	Loss 8.6754 ± 0.2300
INFO:kbc-cli.py:Epoch 35/100	Loss 8.6624 ± 0.2311
INFO:kbc-cli.py:Epoch 36/100	Loss 8.6499 ± 0.2332
INFO:kbc-cli.py:Epoch 36/100	dev results	MRR 0.568373	H@1 0.493400	H@3 0.613500	H@5 0.654100	H@10 0.703900
INFO:kbc-cli.py:Epoch 36/100	test results	MRR 0.564013	H@1 0.486300	H@3 0.613100	H@5 0.654300	H@10 0.701400
INFO:kbc-cli.py:Epoch 37/100	Loss nan ± nan
INFO:kbc-cli.py:Epoch 38/100	Loss nan ± nan
INFO:kbc-cli.py:Epoch 39/100	Loss nan ± nan
INFO:kbc-cli.py:Epoch 39/100	dev results	MRR 0.000096	H@1 0.000000	H@3 0.000000	H@5 0.000100	H@10 0.000100
INFO:kbc-cli.py:Epoch 39/100	test results	MRR 0.000081	H@1 0.000000	H@3 0.000000	H@5 0.000000	H@10 0.000000
INFO:kbc-cli.py:Epoch 40/100	Loss nan ± nan
INFO:kbc-cli.py:Epoch 41/100	Loss nan ± nan
INFO:kbc-cli.py:Epoch 42/100	Loss nan ± nan
INFO:kbc-cli.py:Epoch 42/100	dev results	MRR 0.000096	H@1 0.000000	H@3 0.000000	H@5 0.000100	H@10 0.000100
INFO:kbc-cli.py:Epoch 42/100	test results	MRR 0.000081	H@1 0.000000	H@3 0.000000	H@5 0.000000	H@10 0.000000
INFO:kbc-cli.py:Epoch 43/100	Loss nan ± nan
INFO:kbc-cli.py:Epoch 44/100	Loss nan ± nan
INFO:kbc-cli.py:Epoch 45/100	Loss nan ± nan
INFO:kbc-cli.py:Epoch 45/100	dev results	MRR 0.000096	H@1 0.000000	H@3 0.000000	H@5 0.000100	H@10 0.000100
INFO:kbc-cli.py:Epoch 45/100	test results	MRR 0.000081	H@1 0.000000	H@3 0.000000	H@5 0.000000	H@10 0.000000
INFO:kbc-cli.py:Epoch 46/100	Loss nan ± nan
INFO:kbc-cli.py:Epoch 47/100	Loss nan ± nan
INFO:kbc-cli.py:Epoch 48/100	Loss nan ± nan
INFO:kbc-cli.py:Epoch 48/100	dev results	MRR 0.000096	H@1 0.000000	H@3 0.000000	H@5 0.000100	H@10 0.000100
INFO:kbc-cli.py:Epoch 48/100	test results	MRR 0.000081	H@1 0.000000	H@3 0.000000	H@5 0.000000	H@10 0.000000
INFO:kbc-cli.py:Epoch 49/100	Loss nan ± nan
INFO:kbc-cli.py:Epoch 50/100	Loss nan ± nan
INFO:kbc-cli.py:Epoch 51/100	Loss nan ± nan
INFO:kbc-cli.py:Epoch 51/100	dev results	MRR 0.000096	H@1 0.000000	H@3 0.000000	H@5 0.000100	H@10 0.000100
INFO:kbc-cli.py:Epoch 51/100	test results	MRR 0.000081	H@1 0.000000	H@3 0.000000	H@5 0.000000	H@10 0.000000
INFO:kbc-cli.py:Epoch 52/100	Loss nan ± nan
INFO:kbc-cli.py:Epoch 53/100	Loss nan ± nan
INFO:kbc-cli.py:Epoch 54/100	Loss nan ± nan
INFO:kbc-cli.py:Epoch 54/100	dev results	MRR 0.000096	H@1 0.000000	H@3 0.000000	H@5 0.000100	H@10 0.000100
INFO:kbc-cli.py:Epoch 54/100	test results	MRR 0.000081	H@1 0.000000	H@3 0.000000	H@5 0.000000	H@10 0.000000
INFO:kbc-cli.py:Epoch 55/100	Loss nan ± nan
INFO:kbc-cli.py:Epoch 56/100	Loss nan ± nan
INFO:kbc-cli.py:Epoch 57/100	Loss nan ± nan
INFO:kbc-cli.py:Epoch 57/100	dev results	MRR 0.000096	H@1 0.000000	H@3 0.000000	H@5 0.000100	H@10 0.000100
INFO:kbc-cli.py:Epoch 57/100	test results	MRR 0.000081	H@1 0.000000	H@3 0.000000	H@5 0.000000	H@10 0.000000
INFO:kbc-cli.py:Epoch 58/100	Loss nan ± nan
INFO:kbc-cli.py:Epoch 59/100	Loss nan ± nan
INFO:kbc-cli.py:Epoch 60/100	Loss nan ± nan
INFO:kbc-cli.py:Epoch 60/100	dev results	MRR 0.000096	H@1 0.000000	H@3 0.000000	H@5 0.000100	H@10 0.000100
INFO:kbc-cli.py:Epoch 60/100	test results	MRR 0.000081	H@1 0.000000	H@3 0.000000	H@5 0.000000	H@10 0.000000
INFO:kbc-cli.py:Epoch 61/100	Loss nan ± nan
INFO:kbc-cli.py:Epoch 62/100	Loss nan ± nan
INFO:kbc-cli.py:Epoch 63/100	Loss nan ± nan
INFO:kbc-cli.py:Epoch 63/100	dev results	MRR 0.000096	H@1 0.000000	H@3 0.000000	H@5 0.000100	H@10 0.000100
INFO:kbc-cli.py:Epoch 63/100	test results	MRR 0.000081	H@1 0.000000	H@3 0.000000	H@5 0.000000	H@10 0.000000
INFO:kbc-cli.py:Epoch 64/100	Loss nan ± nan
INFO:kbc-cli.py:Epoch 65/100	Loss nan ± nan
INFO:kbc-cli.py:Epoch 66/100	Loss nan ± nan
INFO:kbc-cli.py:Epoch 66/100	dev results	MRR 0.000096	H@1 0.000000	H@3 0.000000	H@5 0.000100	H@10 0.000100
INFO:kbc-cli.py:Epoch 66/100	test results	MRR 0.000081	H@1 0.000000	H@3 0.000000	H@5 0.000000	H@10 0.000000
INFO:kbc-cli.py:Epoch 67/100	Loss nan ± nan
INFO:kbc-cli.py:Epoch 68/100	Loss nan ± nan
INFO:kbc-cli.py:Epoch 69/100	Loss nan ± nan
INFO:kbc-cli.py:Epoch 69/100	dev results	MRR 0.000096	H@1 0.000000	H@3 0.000000	H@5 0.000100	H@10 0.000100
INFO:kbc-cli.py:Epoch 69/100	test results	MRR 0.000081	H@1 0.000000	H@3 0.000000	H@5 0.000000	H@10 0.000000
INFO:kbc-cli.py:Epoch 70/100	Loss nan ± nan
