./bin/kbc-cli.py --train data/yago3-10/train.tsv --dev data/yago3-10/dev.tsv --test data/yago3-10/test.tsv -m complex -k 500 -b 1000 -e 100 --F2 0.01 --N3 0 -l 0.1 -I standard -V 3 -o adagrad -q
{'F2': 0.01,
 'N3': 0.0,
 'batch_size': 1000,
 'dev': 'data/yago3-10/dev.tsv',
 'embedding_size': 500,
 'epochs': 100,
 'eval_batch_size': None,
 'input_type': 'standard',
 'learning_rate': 0.1,
 'load': None,
 'model': 'complex',
 'optimizer': 'adagrad',
 'quiet': True,
 'save': None,
 'seed': 0,
 'test': 'data/yago3-10/test.tsv',
 'test_i': None,
 'test_ii': None,
 'train': 'data/yago3-10/train.tsv',
 'validate_every': 3}
INFO:kbc-cli.py:Device: cuda
INFO:kbc-cli.py:Model state:
INFO:kbc-cli.py:	entities.weight	torch.Size([123182, 1000])
INFO:kbc-cli.py:	predicates.weight	torch.Size([37, 1000])
INFO:kbc-cli.py:Epoch 1/100	Loss 17.3595 ± 2.2728
INFO:kbc-cli.py:Epoch 2/100	Loss 11.6839 ± 0.1078
INFO:kbc-cli.py:Epoch 3/100	Loss 10.1242 ± 0.2457
INFO:kbc-cli.py:Epoch 3/100	dev results	MRR 0.433569	H@1 0.341200	H@3 0.479800	H@5 0.535900	H@10 0.608400
INFO:kbc-cli.py:Epoch 3/100	test results	MRR 0.433111	H@1 0.340200	H@3 0.478700	H@5 0.536300	H@10 0.608700
INFO:kbc-cli.py:Epoch 4/100	Loss 9.6006 ± 0.2570
INFO:kbc-cli.py:Epoch 5/100	Loss 9.3299 ± 0.2548
INFO:kbc-cli.py:Epoch 6/100	Loss 9.1575 ± 0.2444
INFO:kbc-cli.py:Epoch 6/100	dev results	MRR 0.486498	H@1 0.400500	H@3 0.529300	H@5 0.583700	H@10 0.649700
INFO:kbc-cli.py:Epoch 6/100	test results	MRR 0.483868	H@1 0.398800	H@3 0.523800	H@5 0.577800	H@10 0.652800
INFO:kbc-cli.py:Epoch 7/100	Loss 9.0353 ± 0.2372
INFO:kbc-cli.py:Epoch 8/100	Loss 8.9402 ± 0.2320
INFO:kbc-cli.py:Epoch 9/100	Loss 8.8649 ± 0.2247
INFO:kbc-cli.py:Epoch 9/100	dev results	MRR 0.507904	H@1 0.420700	H@3 0.555400	H@5 0.607400	H@10 0.672700
INFO:kbc-cli.py:Epoch 9/100	test results	MRR 0.504781	H@1 0.419900	H@3 0.547100	H@5 0.602000	H@10 0.667800
INFO:kbc-cli.py:Epoch 10/100	Loss 8.8020 ± 0.2206
INFO:kbc-cli.py:Epoch 11/100	Loss 8.7489 ± 0.2106
INFO:kbc-cli.py:Epoch 12/100	Loss 8.7038 ± 0.2048
INFO:kbc-cli.py:Epoch 12/100	dev results	MRR 0.523404	H@1 0.438000	H@3 0.571400	H@5 0.621300	H@10 0.683600
INFO:kbc-cli.py:Epoch 12/100	test results	MRR 0.525143	H@1 0.442100	H@3 0.569500	H@5 0.621000	H@10 0.681700
INFO:kbc-cli.py:Epoch 13/100	Loss 8.6637 ± 0.2058
INFO:kbc-cli.py:Epoch 14/100	Loss 8.6276 ± 0.1976
INFO:kbc-cli.py:Epoch 15/100	Loss 8.5960 ± 0.1947
INFO:kbc-cli.py:Epoch 15/100	dev results	MRR 0.539578	H@1 0.455900	H@3 0.590300	H@5 0.635800	H@10 0.694700
INFO:kbc-cli.py:Epoch 15/100	test results	MRR 0.535033	H@1 0.450800	H@3 0.583200	H@5 0.632700	H@10 0.692300
INFO:kbc-cli.py:Epoch 16/100	Loss 8.5676 ± 0.1931
INFO:kbc-cli.py:Epoch 17/100	Loss 8.5412 ± 0.1859
INFO:kbc-cli.py:Epoch 18/100	Loss 8.5167 ± 0.1859
INFO:kbc-cli.py:Epoch 18/100	dev results	MRR 0.547115	H@1 0.466000	H@3 0.597500	H@5 0.643000	H@10 0.698400
INFO:kbc-cli.py:Epoch 18/100	test results	MRR 0.543936	H@1 0.462500	H@3 0.588100	H@5 0.641800	H@10 0.697600
INFO:kbc-cli.py:Epoch 19/100	Loss 8.4954 ± 0.1829
INFO:kbc-cli.py:Epoch 20/100	Loss 8.4754 ± 0.1820
INFO:kbc-cli.py:Epoch 21/100	Loss 8.4552 ± 0.1764
INFO:kbc-cli.py:Epoch 21/100	dev results	MRR 0.553940	H@1 0.472200	H@3 0.605100	H@5 0.649800	H@10 0.701800
INFO:kbc-cli.py:Epoch 21/100	test results	MRR 0.549687	H@1 0.469000	H@3 0.595300	H@5 0.641900	H@10 0.701300
INFO:kbc-cli.py:Epoch 22/100	Loss 8.4381 ± 0.1796
INFO:kbc-cli.py:Epoch 23/100	Loss 8.4216 ± 0.1711
INFO:kbc-cli.py:Epoch 24/100	Loss 8.4055 ± 0.1681
INFO:kbc-cli.py:Epoch 24/100	dev results	MRR 0.558968	H@1 0.478300	H@3 0.610700	H@5 0.653000	H@10 0.703700
INFO:kbc-cli.py:Epoch 24/100	test results	MRR 0.554105	H@1 0.474300	H@3 0.601000	H@5 0.646800	H@10 0.702800
INFO:kbc-cli.py:Epoch 25/100	Loss 8.3913 ± 0.1670
INFO:kbc-cli.py:Epoch 26/100	Loss 8.3767 ± 0.1628
INFO:kbc-cli.py:Epoch 27/100	Loss 8.3639 ± 0.1688
INFO:kbc-cli.py:Epoch 27/100	dev results	MRR 0.561670	H@1 0.482400	H@3 0.613000	H@5 0.655600	H@10 0.704100
INFO:kbc-cli.py:Epoch 27/100	test results	MRR 0.556823	H@1 0.475800	H@3 0.605800	H@5 0.652200	H@10 0.702600
INFO:kbc-cli.py:Epoch 28/100	Loss 8.3511 ± 0.1623
INFO:kbc-cli.py:Epoch 29/100	Loss 8.3396 ± 0.1600
INFO:kbc-cli.py:Epoch 30/100	Loss 8.3283 ± 0.1612
INFO:kbc-cli.py:Epoch 30/100	dev results	MRR 0.563636	H@1 0.485700	H@3 0.612700	H@5 0.655800	H@10 0.704700
INFO:kbc-cli.py:Epoch 30/100	test results	MRR 0.560309	H@1 0.481600	H@3 0.607400	H@5 0.651800	H@10 0.703100
INFO:kbc-cli.py:Epoch 31/100	Loss 8.3168 ± 0.1591
INFO:kbc-cli.py:Epoch 32/100	Loss 8.3071 ± 0.1558
INFO:kbc-cli.py:Epoch 33/100	Loss 8.2966 ± 0.1512
INFO:kbc-cli.py:Epoch 33/100	dev results	MRR 0.566493	H@1 0.490000	H@3 0.615100	H@5 0.656500	H@10 0.703800
INFO:kbc-cli.py:Epoch 33/100	test results	MRR 0.560850	H@1 0.480700	H@3 0.609900	H@5 0.654200	H@10 0.702900
INFO:kbc-cli.py:Epoch 34/100	Loss 8.2872 ± 0.1517
INFO:kbc-cli.py:Epoch 35/100	Loss 8.2781 ± 0.1513
INFO:kbc-cli.py:Epoch 36/100	Loss 8.2685 ± 0.1501
INFO:kbc-cli.py:Epoch 36/100	dev results	MRR 0.568375	H@1 0.493100	H@3 0.615100	H@5 0.656900	H@10 0.704800
INFO:kbc-cli.py:Epoch 36/100	test results	MRR 0.562129	H@1 0.483400	H@3 0.611500	H@5 0.656400	H@10 0.703400
INFO:kbc-cli.py:Epoch 37/100	Loss 8.2607 ± 0.1473
INFO:kbc-cli.py:Epoch 38/100	Loss 8.2527 ± 0.1481
INFO:kbc-cli.py:Epoch 39/100	Loss 8.2454 ± 0.1454
INFO:kbc-cli.py:Epoch 39/100	dev results	MRR 0.569825	H@1 0.492900	H@3 0.619400	H@5 0.659500	H@10 0.705100
INFO:kbc-cli.py:Epoch 39/100	test results	MRR 0.563127	H@1 0.483800	H@3 0.611900	H@5 0.655600	H@10 0.704100
INFO:kbc-cli.py:Epoch 40/100	Loss 8.2370 ± 0.1442
INFO:kbc-cli.py:Epoch 41/100	Loss 8.2295 ± 0.1463
INFO:kbc-cli.py:Epoch 42/100	Loss 8.2218 ± 0.1421
INFO:kbc-cli.py:Epoch 42/100	dev results	MRR 0.568140	H@1 0.490900	H@3 0.618300	H@5 0.656700	H@10 0.705500
INFO:kbc-cli.py:Epoch 42/100	test results	MRR 0.565972	H@1 0.488300	H@3 0.613800	H@5 0.656100	H@10 0.704400
INFO:kbc-cli.py:Epoch 43/100	Loss 8.2150 ± 0.1430
INFO:kbc-cli.py:Epoch 44/100	Loss 8.2095 ± 0.1411
INFO:kbc-cli.py:Epoch 45/100	Loss 8.2016 ± 0.1388
INFO:kbc-cli.py:Epoch 45/100	dev results	MRR 0.569701	H@1 0.492800	H@3 0.619200	H@5 0.659300	H@10 0.705500
INFO:kbc-cli.py:Epoch 45/100	test results	MRR 0.566837	H@1 0.488400	H@3 0.615600	H@5 0.657500	H@10 0.706100
INFO:kbc-cli.py:Epoch 46/100	Loss 8.1964 ± 0.1375
INFO:kbc-cli.py:Epoch 47/100	Loss 8.1896 ± 0.1350
INFO:kbc-cli.py:Epoch 48/100	Loss 8.1838 ± 0.1369
INFO:kbc-cli.py:Epoch 48/100	dev results	MRR 0.569865	H@1 0.494100	H@3 0.616900	H@5 0.657900	H@10 0.706800
INFO:kbc-cli.py:Epoch 48/100	test results	MRR 0.567319	H@1 0.489600	H@3 0.614300	H@5 0.656000	H@10 0.707000
INFO:kbc-cli.py:Epoch 49/100	Loss 8.1786 ± 0.1402
INFO:kbc-cli.py:Epoch 50/100	Loss 8.1722 ± 0.1367
INFO:kbc-cli.py:Epoch 51/100	Loss 8.1671 ± 0.1361
INFO:kbc-cli.py:Epoch 51/100	dev results	MRR 0.568974	H@1 0.491700	H@3 0.617500	H@5 0.658700	H@10 0.705200
INFO:kbc-cli.py:Epoch 51/100	test results	MRR 0.566988	H@1 0.489100	H@3 0.616000	H@5 0.656800	H@10 0.705400
INFO:kbc-cli.py:Epoch 52/100	Loss 8.1611 ± 0.1348
INFO:kbc-cli.py:Epoch 53/100	Loss 8.1567 ± 0.1311
INFO:kbc-cli.py:Epoch 54/100	Loss 8.1510 ± 0.1308
INFO:kbc-cli.py:Epoch 54/100	dev results	MRR 0.570616	H@1 0.494900	H@3 0.617600	H@5 0.658700	H@10 0.705200
INFO:kbc-cli.py:Epoch 54/100	test results	MRR 0.567834	H@1 0.490200	H@3 0.617200	H@5 0.657500	H@10 0.705200
INFO:kbc-cli.py:Epoch 55/100	Loss 8.1461 ± 0.1299
INFO:kbc-cli.py:Epoch 56/100	Loss 8.1409 ± 0.1285
INFO:kbc-cli.py:Epoch 57/100	Loss 8.1364 ± 0.1280
INFO:kbc-cli.py:Epoch 57/100	dev results	MRR 0.570698	H@1 0.494800	H@3 0.618300	H@5 0.660400	H@10 0.706000
INFO:kbc-cli.py:Epoch 57/100	test results	MRR 0.567322	H@1 0.489600	H@3 0.615800	H@5 0.657100	H@10 0.706500
INFO:kbc-cli.py:Epoch 58/100	Loss 8.1318 ± 0.1280
INFO:kbc-cli.py:Epoch 59/100	Loss 8.1271 ± 0.1258
INFO:kbc-cli.py:Epoch 60/100	Loss 8.1239 ± 0.1331
INFO:kbc-cli.py:Epoch 60/100	dev results	MRR 0.571176	H@1 0.496200	H@3 0.617900	H@5 0.658600	H@10 0.706000
INFO:kbc-cli.py:Epoch 60/100	test results	MRR 0.568720	H@1 0.491500	H@3 0.617600	H@5 0.658000	H@10 0.707500
INFO:kbc-cli.py:Epoch 61/100	Loss 8.1183 ± 0.1274
INFO:kbc-cli.py:Epoch 62/100	Loss 8.1139 ± 0.1279
INFO:kbc-cli.py:Epoch 63/100	Loss 8.1104 ± 0.1259
INFO:kbc-cli.py:Epoch 63/100	dev results	MRR 0.571285	H@1 0.495500	H@3 0.618500	H@5 0.659000	H@10 0.705400
INFO:kbc-cli.py:Epoch 63/100	test results	MRR 0.569084	H@1 0.492500	H@3 0.615600	H@5 0.657600	H@10 0.705700
INFO:kbc-cli.py:Epoch 64/100	Loss 8.1062 ± 0.1199
INFO:kbc-cli.py:Epoch 65/100	Loss 8.1021 ± 0.1218
INFO:kbc-cli.py:Epoch 66/100	Loss 8.0974 ± 0.1264
INFO:kbc-cli.py:Epoch 66/100	dev results	MRR 0.570896	H@1 0.494800	H@3 0.618900	H@5 0.659000	H@10 0.706300
INFO:kbc-cli.py:Epoch 66/100	test results	MRR 0.567792	H@1 0.491100	H@3 0.614200	H@5 0.656000	H@10 0.705900
INFO:kbc-cli.py:Epoch 67/100	Loss 8.0943 ± 0.1270
INFO:kbc-cli.py:Epoch 68/100	Loss 8.0899 ± 0.1234
INFO:kbc-cli.py:Epoch 69/100	Loss 8.0872 ± 0.1247
INFO:kbc-cli.py:Epoch 69/100	dev results	MRR 0.570604	H@1 0.494800	H@3 0.617600	H@5 0.659000	H@10 0.706400
INFO:kbc-cli.py:Epoch 69/100	test results	MRR 0.568603	H@1 0.491200	H@3 0.617700	H@5 0.657600	H@10 0.705800
INFO:kbc-cli.py:Epoch 70/100	Loss 8.0831 ± 0.1207
INFO:kbc-cli.py:Epoch 71/100	Loss 8.0792 ± 0.1192
INFO:kbc-cli.py:Epoch 72/100	Loss 8.0764 ± 0.1196
INFO:kbc-cli.py:Epoch 72/100	dev results	MRR 0.570804	H@1 0.494600	H@3 0.620000	H@5 0.659000	H@10 0.705700
INFO:kbc-cli.py:Epoch 72/100	test results	MRR 0.568130	H@1 0.490600	H@3 0.616300	H@5 0.659000	H@10 0.704400
INFO:kbc-cli.py:Epoch 73/100	Loss 8.0721 ± 0.1222
INFO:kbc-cli.py:Epoch 74/100	Loss 8.0695 ± 0.1208
INFO:kbc-cli.py:Epoch 75/100	Loss 8.0654 ± 0.1239
INFO:kbc-cli.py:Epoch 75/100	dev results	MRR 0.570987	H@1 0.494900	H@3 0.617200	H@5 0.659400	H@10 0.705900
INFO:kbc-cli.py:Epoch 75/100	test results	MRR 0.567201	H@1 0.488600	H@3 0.616300	H@5 0.658300	H@10 0.706300
INFO:kbc-cli.py:Epoch 76/100	Loss 8.0628 ± 0.1196
INFO:kbc-cli.py:Epoch 77/100	Loss 8.0597 ± 0.1200
INFO:kbc-cli.py:Epoch 78/100	Loss 8.0566 ± 0.1219
INFO:kbc-cli.py:Epoch 78/100	dev results	MRR 0.571557	H@1 0.495700	H@3 0.620900	H@5 0.656400	H@10 0.705000
INFO:kbc-cli.py:Epoch 78/100	test results	MRR 0.568212	H@1 0.489900	H@3 0.618400	H@5 0.657100	H@10 0.705500
INFO:kbc-cli.py:Epoch 79/100	Loss 8.0531 ± 0.1140
INFO:kbc-cli.py:Epoch 80/100	Loss 8.0504 ± 0.1172
INFO:kbc-cli.py:Epoch 81/100	Loss 8.0475 ± 0.1162
INFO:kbc-cli.py:Epoch 81/100	dev results	MRR 0.570727	H@1 0.494500	H@3 0.618700	H@5 0.657500	H@10 0.704900
INFO:kbc-cli.py:Epoch 81/100	test results	MRR 0.570089	H@1 0.494000	H@3 0.617200	H@5 0.658400	H@10 0.705400
INFO:kbc-cli.py:Epoch 82/100	Loss 8.0441 ± 0.1176
INFO:kbc-cli.py:Epoch 83/100	Loss 8.0408 ± 0.1175
INFO:kbc-cli.py:Epoch 84/100	Loss 8.0383 ± 0.1143
INFO:kbc-cli.py:Epoch 84/100	dev results	MRR 0.570772	H@1 0.494700	H@3 0.618900	H@5 0.658700	H@10 0.705800
INFO:kbc-cli.py:Epoch 84/100	test results	MRR 0.569323	H@1 0.491800	H@3 0.618500	H@5 0.657700	H@10 0.706100
INFO:kbc-cli.py:Epoch 85/100	Loss 8.0357 ± 0.1150
INFO:kbc-cli.py:Epoch 86/100	Loss 8.0323 ± 0.1119
INFO:kbc-cli.py:Epoch 87/100	Loss 8.0298 ± 0.1170
INFO:kbc-cli.py:Epoch 87/100	dev results	MRR 0.571565	H@1 0.496600	H@3 0.619500	H@5 0.658700	H@10 0.704900
INFO:kbc-cli.py:Epoch 87/100	test results	MRR 0.569632	H@1 0.492400	H@3 0.618000	H@5 0.658000	H@10 0.706200
INFO:kbc-cli.py:Epoch 88/100	Loss 8.0277 ± 0.1204
INFO:kbc-cli.py:Epoch 89/100	Loss 8.0244 ± 0.1151
INFO:kbc-cli.py:Epoch 90/100	Loss 8.0218 ± 0.1145
INFO:kbc-cli.py:Epoch 90/100	dev results	MRR 0.571573	H@1 0.496100	H@3 0.619600	H@5 0.658000	H@10 0.705500
INFO:kbc-cli.py:Epoch 90/100	test results	MRR 0.569690	H@1 0.492200	H@3 0.619100	H@5 0.658800	H@10 0.706000
INFO:kbc-cli.py:Epoch 91/100	Loss 8.0193 ± 0.1119
INFO:kbc-cli.py:Epoch 92/100	Loss 8.0164 ± 0.1139
INFO:kbc-cli.py:Epoch 93/100	Loss 8.0142 ± 0.1140
INFO:kbc-cli.py:Epoch 93/100	dev results	MRR 0.570824	H@1 0.495200	H@3 0.619400	H@5 0.658100	H@10 0.705500
INFO:kbc-cli.py:Epoch 93/100	test results	MRR 0.569903	H@1 0.493200	H@3 0.618300	H@5 0.658500	H@10 0.704800
INFO:kbc-cli.py:Epoch 94/100	Loss 8.0118 ± 0.1113
INFO:kbc-cli.py:Epoch 95/100	Loss 8.0089 ± 0.1133
INFO:kbc-cli.py:Epoch 96/100	Loss 8.0067 ± 0.1094
INFO:kbc-cli.py:Epoch 96/100	dev results	MRR 0.571972	H@1 0.496700	H@3 0.620000	H@5 0.658500	H@10 0.705500
INFO:kbc-cli.py:Epoch 96/100	test results	MRR 0.569773	H@1 0.492500	H@3 0.620700	H@5 0.657400	H@10 0.705400
INFO:kbc-cli.py:Epoch 97/100	Loss 8.0047 ± 0.1128
INFO:kbc-cli.py:Epoch 98/100	Loss 8.0024 ± 0.1102
INFO:kbc-cli.py:Epoch 99/100	Loss 7.9995 ± 0.1118
INFO:kbc-cli.py:Epoch 99/100	dev results	MRR 0.572373	H@1 0.497300	H@3 0.621400	H@5 0.658600	H@10 0.705200
INFO:kbc-cli.py:Epoch 99/100	test results	MRR 0.570064	H@1 0.492600	H@3 0.621000	H@5 0.660400	H@10 0.705400
INFO:kbc-cli.py:Epoch 100/100	Loss 7.9971 ± 0.1091
INFO:kbc-cli.py:Final 	dev results	MRR 0.572498	H@1 0.497800	H@3 0.620000	H@5 0.658700	H@10 0.705300
INFO:kbc-cli.py:Final 	test results	MRR 0.570891	H@1 0.494100	H@3 0.619900	H@5 0.660000	H@10 0.705800
INFO:kbc-cli.py:Training finished
