./bin/kbc-cli.py --train data/yago3-10/train.tsv --dev data/yago3-10/dev.tsv --test data/yago3-10/test.tsv -m complex -k 1000 -b 100 -e 100 --F2 0 --N3 0.05 -l 0.1 -I reciprocal -V 3 -o adagrad -q
{'F2': 0.0,
 'N3': 0.05,
 'batch_size': 100,
 'dev': 'data/yago3-10/dev.tsv',
 'embedding_size': 1000,
 'epochs': 100,
 'eval_batch_size': None,
 'input_type': 'reciprocal',
 'learning_rate': 0.1,
 'load': None,
 'model': 'complex',
 'optimizer': 'adagrad',
 'quiet': True,
 'save': None,
 'seed': 0,
 'test': 'data/yago3-10/test.tsv',
 'test_i': None,
 'test_ii': None,
 'train': 'data/yago3-10/train.tsv',
 'validate_every': 3}
INFO:kbc-cli.py:Device: cuda
INFO:kbc-cli.py:Model state:
INFO:kbc-cli.py:	entities.weight	torch.Size([123182, 2000])
INFO:kbc-cli.py:	predicates.weight	torch.Size([74, 2000])
INFO:kbc-cli.py:Epoch 1/100	Loss 35.8914 ± 8.7359
INFO:kbc-cli.py:Epoch 2/100	Loss 21.7733 ± 1.5483
INFO:kbc-cli.py:Epoch 3/100	Loss 18.0076 ± 0.8414
INFO:kbc-cli.py:Epoch 3/100	dev results	MRR 0.451838	H@1 0.356800	H@3 0.499200	H@5 0.557500	H@10 0.631500
INFO:kbc-cli.py:Epoch 3/100	test results	MRR 0.454487	H@1 0.359600	H@3 0.502600	H@5 0.562700	H@10 0.635500
INFO:kbc-cli.py:Epoch 4/100	Loss 16.0241 ± 0.5920
INFO:kbc-cli.py:Epoch 5/100	Loss 14.7777 ± 0.4666
INFO:kbc-cli.py:Epoch 6/100	Loss 13.9188 ± 0.3951
INFO:kbc-cli.py:Epoch 6/100	dev results	MRR 0.474739	H@1 0.384400	H@3 0.517500	H@5 0.576100	H@10 0.649200
INFO:kbc-cli.py:Epoch 6/100	test results	MRR 0.473796	H@1 0.379600	H@3 0.520100	H@5 0.579400	H@10 0.657500
INFO:kbc-cli.py:Epoch 7/100	Loss 13.2912 ± 0.3481
INFO:kbc-cli.py:Epoch 8/100	Loss 12.8132 ± 0.3178
INFO:kbc-cli.py:Epoch 9/100	Loss 12.4377 ± 0.2975
INFO:kbc-cli.py:Epoch 9/100	dev results	MRR 0.482983	H@1 0.391100	H@3 0.530000	H@5 0.583400	H@10 0.656900
INFO:kbc-cli.py:Epoch 9/100	test results	MRR 0.484870	H@1 0.394800	H@3 0.527800	H@5 0.586700	H@10 0.659200
INFO:kbc-cli.py:Epoch 10/100	Loss 12.1360 ± 0.2808
INFO:kbc-cli.py:Epoch 11/100	Loss 11.8883 ± 0.2682
INFO:kbc-cli.py:Epoch 12/100	Loss 11.6823 ± 0.2586
INFO:kbc-cli.py:Epoch 12/100	dev results	MRR 0.486603	H@1 0.395000	H@3 0.533000	H@5 0.588900	H@10 0.663700
INFO:kbc-cli.py:Epoch 12/100	test results	MRR 0.488624	H@1 0.397700	H@3 0.533700	H@5 0.590400	H@10 0.666400
INFO:kbc-cli.py:Epoch 13/100	Loss 11.5082 ± 0.2532
INFO:kbc-cli.py:Epoch 14/100	Loss 11.3597 ± 0.2479
INFO:kbc-cli.py:Epoch 15/100	Loss 11.2319 ± 0.2418
INFO:kbc-cli.py:Epoch 15/100	dev results	MRR 0.493499	H@1 0.402300	H@3 0.540900	H@5 0.595500	H@10 0.668600
INFO:kbc-cli.py:Epoch 15/100	test results	MRR 0.492611	H@1 0.401500	H@3 0.539000	H@5 0.593700	H@10 0.670200
INFO:kbc-cli.py:Epoch 16/100	Loss 11.1211 ± 0.2388
INFO:kbc-cli.py:Epoch 17/100	Loss 11.0240 ± 0.2368
INFO:kbc-cli.py:Epoch 18/100	Loss 10.9382 ± 0.2368
INFO:kbc-cli.py:Epoch 18/100	dev results	MRR 0.494393	H@1 0.402900	H@3 0.540800	H@5 0.600500	H@10 0.671700
INFO:kbc-cli.py:Epoch 18/100	test results	MRR 0.498915	H@1 0.407000	H@3 0.547200	H@5 0.601700	H@10 0.673700
INFO:kbc-cli.py:Epoch 19/100	Loss 10.8623 ± 0.2348
INFO:kbc-cli.py:Epoch 20/100	Loss 10.7949 ± 0.2304
INFO:kbc-cli.py:Epoch 21/100	Loss 10.7345 ± 0.2335
INFO:kbc-cli.py:Epoch 21/100	dev results	MRR 0.502819	H@1 0.412500	H@3 0.551000	H@5 0.603600	H@10 0.675300
INFO:kbc-cli.py:Epoch 21/100	test results	MRR 0.507439	H@1 0.418800	H@3 0.551800	H@5 0.606600	H@10 0.677500
INFO:kbc-cli.py:Epoch 22/100	Loss 10.6800 ± 0.2320
INFO:kbc-cli.py:Epoch 23/100	Loss 10.6307 ± 0.2311
INFO:kbc-cli.py:Epoch 24/100	Loss 10.5861 ± 0.2296
INFO:kbc-cli.py:Epoch 24/100	dev results	MRR 0.506140	H@1 0.413700	H@3 0.555200	H@5 0.609200	H@10 0.680300
INFO:kbc-cli.py:Epoch 24/100	test results	MRR 0.507701	H@1 0.418000	H@3 0.555100	H@5 0.608700	H@10 0.679800
INFO:kbc-cli.py:Epoch 25/100	Loss 10.5454 ± 0.2318
INFO:kbc-cli.py:Epoch 26/100	Loss 10.5082 ± 0.2305
INFO:kbc-cli.py:Epoch 27/100	Loss 10.4740 ± 0.2310
INFO:kbc-cli.py:Epoch 27/100	dev results	MRR 0.512848	H@1 0.424600	H@3 0.560800	H@5 0.611800	H@10 0.681600
INFO:kbc-cli.py:Epoch 27/100	test results	MRR 0.509986	H@1 0.420900	H@3 0.557400	H@5 0.613300	H@10 0.680400
INFO:kbc-cli.py:Epoch 28/100	Loss 10.4428 ± 0.2306
INFO:kbc-cli.py:Epoch 29/100	Loss 10.4138 ± 0.2298
INFO:kbc-cli.py:Epoch 30/100	Loss 10.3871 ± 0.2289
INFO:kbc-cli.py:Epoch 30/100	dev results	MRR 0.516289	H@1 0.427200	H@3 0.566000	H@5 0.617300	H@10 0.685300
INFO:kbc-cli.py:Epoch 30/100	test results	MRR 0.512945	H@1 0.422600	H@3 0.564100	H@5 0.614800	H@10 0.685500
INFO:kbc-cli.py:Epoch 31/100	Loss 10.3621 ± 0.2317
INFO:kbc-cli.py:Epoch 32/100	Loss 10.3391 ± 0.2270
INFO:kbc-cli.py:Epoch 33/100	Loss 10.3175 ± 0.2317
INFO:kbc-cli.py:Epoch 33/100	dev results	MRR 0.516659	H@1 0.426800	H@3 0.567500	H@5 0.617700	H@10 0.687100
INFO:kbc-cli.py:Epoch 33/100	test results	MRR 0.516052	H@1 0.428600	H@3 0.561900	H@5 0.616100	H@10 0.685100
INFO:kbc-cli.py:Epoch 34/100	Loss 10.2974 ± 0.2315
INFO:kbc-cli.py:Epoch 35/100	Loss 10.2787 ± 0.2309
INFO:kbc-cli.py:Epoch 36/100	Loss 10.2612 ± 0.2302
INFO:kbc-cli.py:Epoch 36/100	dev results	MRR 0.520716	H@1 0.431300	H@3 0.569900	H@5 0.622900	H@10 0.687600
INFO:kbc-cli.py:Epoch 36/100	test results	MRR 0.520757	H@1 0.430200	H@3 0.573400	H@5 0.625000	H@10 0.689500
INFO:kbc-cli.py:Epoch 37/100	Loss 10.2445 ± 0.2321
INFO:kbc-cli.py:Epoch 38/100	Loss 10.2289 ± 0.2327
