./bin/kbc-cli.py --train data/yago3-10/train.tsv --dev data/yago3-10/dev.tsv --test data/yago3-10/test.tsv -m complex -k 1000 -b 500 -e 100 --F2 0 --N3 0.01 -l 0.1 -I reciprocal -V 3 -o adagrad -q
{'F2': 0.0,
 'N3': 0.01,
 'batch_size': 500,
 'dev': 'data/yago3-10/dev.tsv',
 'embedding_size': 1000,
 'epochs': 100,
 'eval_batch_size': None,
 'input_type': 'reciprocal',
 'learning_rate': 0.1,
 'load': None,
 'model': 'complex',
 'optimizer': 'adagrad',
 'quiet': True,
 'save': None,
 'seed': 0,
 'test': 'data/yago3-10/test.tsv',
 'test_i': None,
 'test_ii': None,
 'train': 'data/yago3-10/train.tsv',
 'validate_every': 3}
INFO:kbc-cli.py:Device: cuda
INFO:kbc-cli.py:Model state:
INFO:kbc-cli.py:	entities.weight	torch.Size([123182, 2000])
INFO:kbc-cli.py:	predicates.weight	torch.Size([74, 2000])
INFO:kbc-cli.py:Epoch 1/100	Loss 14.1930 ± 3.1144
INFO:kbc-cli.py:Epoch 2/100	Loss 9.4715 ± 0.1427
INFO:kbc-cli.py:Epoch 3/100	Loss 8.8717 ± 0.1302
INFO:kbc-cli.py:Epoch 3/100	dev results	MRR 0.495395	H@1 0.407500	H@3 0.539400	H@5 0.598500	H@10 0.665500
INFO:kbc-cli.py:Epoch 3/100	test results	MRR 0.494961	H@1 0.407100	H@3 0.540200	H@5 0.595600	H@10 0.663700
INFO:kbc-cli.py:Epoch 4/100	Loss 8.5860 ± 0.1436
INFO:kbc-cli.py:Epoch 5/100	Loss 8.4065 ± 0.1513
INFO:kbc-cli.py:Epoch 6/100	Loss 8.2793 ± 0.1538
INFO:kbc-cli.py:Epoch 6/100	dev results	MRR 0.534816	H@1 0.451800	H@3 0.582700	H@5 0.633300	H@10 0.691700
INFO:kbc-cli.py:Epoch 6/100	test results	MRR 0.532543	H@1 0.446500	H@3 0.583800	H@5 0.633400	H@10 0.695900
INFO:kbc-cli.py:Epoch 7/100	Loss 8.1824 ± 0.1557
INFO:kbc-cli.py:Epoch 8/100	Loss 8.1052 ± 0.1564
INFO:kbc-cli.py:Epoch 9/100	Loss 8.0416 ± 0.1579
INFO:kbc-cli.py:Epoch 9/100	dev results	MRR 0.554302	H@1 0.473100	H@3 0.602900	H@5 0.652400	H@10 0.703000
INFO:kbc-cli.py:Epoch 9/100	test results	MRR 0.551361	H@1 0.469000	H@3 0.601200	H@5 0.648200	H@10 0.700300
INFO:kbc-cli.py:Epoch 10/100	Loss 7.9887 ± 0.1579
INFO:kbc-cli.py:Epoch 11/100	Loss 7.9429 ± 0.1587
INFO:kbc-cli.py:Epoch 12/100	Loss 7.9033 ± 0.1571
INFO:kbc-cli.py:Epoch 12/100	dev results	MRR 0.564876	H@1 0.487300	H@3 0.611700	H@5 0.656100	H@10 0.706000
INFO:kbc-cli.py:Epoch 12/100	test results	MRR 0.560588	H@1 0.480600	H@3 0.608500	H@5 0.652600	H@10 0.705600
INFO:kbc-cli.py:Epoch 13/100	Loss 7.8683 ± 0.1556
INFO:kbc-cli.py:Epoch 14/100	Loss 7.8372 ± 0.1545
INFO:kbc-cli.py:Epoch 15/100	Loss 7.8094 ± 0.1546
INFO:kbc-cli.py:Epoch 15/100	dev results	MRR 0.568799	H@1 0.491700	H@3 0.616100	H@5 0.656800	H@10 0.709500
INFO:kbc-cli.py:Epoch 15/100	test results	MRR 0.567405	H@1 0.489100	H@3 0.616700	H@5 0.658800	H@10 0.706700
INFO:kbc-cli.py:Epoch 16/100	Loss 7.7847 ± 0.1545
INFO:kbc-cli.py:Epoch 17/100	Loss 7.7620 ± 0.1522
INFO:kbc-cli.py:Epoch 18/100	Loss 7.7410 ± 0.1531
INFO:kbc-cli.py:Epoch 18/100	dev results	MRR 0.569336	H@1 0.490700	H@3 0.618800	H@5 0.659600	H@10 0.708900
INFO:kbc-cli.py:Epoch 18/100	test results	MRR 0.567861	H@1 0.489000	H@3 0.616000	H@5 0.660900	H@10 0.707000
INFO:kbc-cli.py:Epoch 19/100	Loss 7.7217 ± 0.1516
INFO:kbc-cli.py:Epoch 20/100	Loss 7.7043 ± 0.1490
INFO:kbc-cli.py:Epoch 21/100	Loss 7.6883 ± 0.1531
INFO:kbc-cli.py:Epoch 21/100	dev results	MRR 0.572120	H@1 0.494900	H@3 0.620900	H@5 0.663700	H@10 0.711700
INFO:kbc-cli.py:Epoch 21/100	test results	MRR 0.574691	H@1 0.499500	H@3 0.620800	H@5 0.662600	H@10 0.707300
INFO:kbc-cli.py:Epoch 22/100	Loss 7.6730 ± 0.1493
INFO:kbc-cli.py:Epoch 23/100	Loss 7.6588 ± 0.1510
INFO:kbc-cli.py:Epoch 24/100	Loss 7.6457 ± 0.1483
INFO:kbc-cli.py:Epoch 24/100	dev results	MRR 0.575679	H@1 0.500800	H@3 0.621100	H@5 0.663500	H@10 0.712400
INFO:kbc-cli.py:Epoch 24/100	test results	MRR 0.573716	H@1 0.497900	H@3 0.620700	H@5 0.661100	H@10 0.710100
INFO:kbc-cli.py:Epoch 25/100	Loss 7.6333 ± 0.1503
INFO:kbc-cli.py:Epoch 26/100	Loss 7.6216 ± 0.1475
INFO:kbc-cli.py:Epoch 27/100	Loss 7.6107 ± 0.1490
INFO:kbc-cli.py:Epoch 27/100	dev results	MRR 0.575304	H@1 0.499800	H@3 0.623100	H@5 0.662900	H@10 0.712000
INFO:kbc-cli.py:Epoch 27/100	test results	MRR 0.575000	H@1 0.499900	H@3 0.619800	H@5 0.662100	H@10 0.710600
INFO:kbc-cli.py:Epoch 28/100	Loss 7.6005 ± 0.1471
INFO:kbc-cli.py:Epoch 29/100	Loss 7.5906 ± 0.1453
INFO:kbc-cli.py:Epoch 30/100	Loss 7.5816 ± 0.1446
INFO:kbc-cli.py:Epoch 30/100	dev results	MRR 0.577704	H@1 0.504500	H@3 0.621400	H@5 0.664100	H@10 0.711300
INFO:kbc-cli.py:Epoch 30/100	test results	MRR 0.575329	H@1 0.499400	H@3 0.622300	H@5 0.664100	H@10 0.710300
INFO:kbc-cli.py:Epoch 31/100	Loss 7.5726 ± 0.1470
INFO:kbc-cli.py:Epoch 32/100	Loss 7.5642 ± 0.1419
INFO:kbc-cli.py:Epoch 33/100	Loss 7.5563 ± 0.1452
INFO:kbc-cli.py:Epoch 33/100	dev results	MRR 0.578168	H@1 0.504500	H@3 0.620500	H@5 0.663200	H@10 0.711300
INFO:kbc-cli.py:Epoch 33/100	test results	MRR 0.577036	H@1 0.501200	H@3 0.623800	H@5 0.663700	H@10 0.710000
INFO:kbc-cli.py:Epoch 34/100	Loss 7.5486 ± 0.1435
INFO:kbc-cli.py:Epoch 35/100	Loss 7.5414 ± 0.1440
INFO:kbc-cli.py:Epoch 36/100	Loss 7.5346 ± 0.1410
INFO:kbc-cli.py:Epoch 36/100	dev results	MRR 0.580125	H@1 0.507600	H@3 0.620600	H@5 0.664000	H@10 0.713200
INFO:kbc-cli.py:Epoch 36/100	test results	MRR 0.576858	H@1 0.500500	H@3 0.623500	H@5 0.664700	H@10 0.712600
INFO:kbc-cli.py:Epoch 37/100	Loss 7.5278 ± 0.1441
INFO:kbc-cli.py:Epoch 38/100	Loss 7.5215 ± 0.1434
INFO:kbc-cli.py:Epoch 39/100	Loss 7.5154 ± 0.1413
INFO:kbc-cli.py:Epoch 39/100	dev results	MRR 0.577664	H@1 0.503500	H@3 0.622500	H@5 0.663100	H@10 0.711900
INFO:kbc-cli.py:Epoch 39/100	test results	MRR 0.577955	H@1 0.503500	H@3 0.623500	H@5 0.662500	H@10 0.712900
INFO:kbc-cli.py:Epoch 40/100	Loss 7.5095 ± 0.1417
INFO:kbc-cli.py:Epoch 41/100	Loss 7.5038 ± 0.1402
INFO:kbc-cli.py:Epoch 42/100	Loss 7.4983 ± 0.1409
INFO:kbc-cli.py:Epoch 42/100	dev results	MRR 0.577295	H@1 0.503000	H@3 0.621300	H@5 0.664400	H@10 0.712900
INFO:kbc-cli.py:Epoch 42/100	test results	MRR 0.575897	H@1 0.499900	H@3 0.622400	H@5 0.665100	H@10 0.710900
INFO:kbc-cli.py:Epoch 43/100	Loss 7.4933 ± 0.1411
INFO:kbc-cli.py:Epoch 44/100	Loss 7.4882 ± 0.1418
INFO:kbc-cli.py:Epoch 45/100	Loss 7.4832 ± 0.1391
INFO:kbc-cli.py:Epoch 45/100	dev results	MRR 0.580585	H@1 0.508300	H@3 0.623400	H@5 0.664000	H@10 0.711600
INFO:kbc-cli.py:Epoch 45/100	test results	MRR 0.579161	H@1 0.505500	H@3 0.623900	H@5 0.665200	H@10 0.712600
INFO:kbc-cli.py:Epoch 46/100	Loss 7.4785 ± 0.1393
INFO:kbc-cli.py:Epoch 47/100	Loss 7.4739 ± 0.1372
INFO:kbc-cli.py:Epoch 48/100	Loss 7.4696 ± 0.1370
INFO:kbc-cli.py:Epoch 48/100	dev results	MRR 0.579587	H@1 0.506400	H@3 0.624900	H@5 0.664200	H@10 0.714100
INFO:kbc-cli.py:Epoch 48/100	test results	MRR 0.578416	H@1 0.504600	H@3 0.623300	H@5 0.663600	H@10 0.711600
INFO:kbc-cli.py:Epoch 49/100	Loss 7.4653 ± 0.1389
INFO:kbc-cli.py:Epoch 50/100	Loss 7.4611 ± 0.1362
INFO:kbc-cli.py:Epoch 51/100	Loss 7.4572 ± 0.1369
INFO:kbc-cli.py:Epoch 51/100	dev results	MRR 0.578190	H@1 0.504200	H@3 0.622000	H@5 0.663500	H@10 0.713400
INFO:kbc-cli.py:Epoch 51/100	test results	MRR 0.578486	H@1 0.504500	H@3 0.624500	H@5 0.666000	H@10 0.712200
INFO:kbc-cli.py:Epoch 52/100	Loss 7.4532 ± 0.1390
INFO:kbc-cli.py:Epoch 53/100	Loss 7.4494 ± 0.1370
INFO:kbc-cli.py:Epoch 54/100	Loss 7.4457 ± 0.1363
INFO:kbc-cli.py:Epoch 54/100	dev results	MRR 0.578900	H@1 0.506000	H@3 0.620700	H@5 0.663600	H@10 0.713800
INFO:kbc-cli.py:Epoch 54/100	test results	MRR 0.578862	H@1 0.505600	H@3 0.622500	H@5 0.663600	H@10 0.711300
INFO:kbc-cli.py:Epoch 55/100	Loss 7.4424 ± 0.1363
INFO:kbc-cli.py:Epoch 56/100	Loss 7.4388 ± 0.1354
INFO:kbc-cli.py:Epoch 57/100	Loss 7.4354 ± 0.1333
INFO:kbc-cli.py:Epoch 57/100	dev results	MRR 0.580289	H@1 0.507400	H@3 0.623200	H@5 0.663700	H@10 0.712000
INFO:kbc-cli.py:Epoch 57/100	test results	MRR 0.577353	H@1 0.502300	H@3 0.622000	H@5 0.663600	H@10 0.713100
INFO:kbc-cli.py:Epoch 58/100	Loss 7.4321 ± 0.1335
INFO:kbc-cli.py:Epoch 59/100	Loss 7.4288 ± 0.1345
INFO:kbc-cli.py:Epoch 60/100	Loss 7.4258 ± 0.1346
INFO:kbc-cli.py:Epoch 60/100	dev results	MRR 0.580123	H@1 0.508200	H@3 0.621200	H@5 0.664200	H@10 0.710300
INFO:kbc-cli.py:Epoch 60/100	test results	MRR 0.579313	H@1 0.505100	H@3 0.623600	H@5 0.665500	H@10 0.711600
INFO:kbc-cli.py:Epoch 61/100	Loss 7.4227 ± 0.1318
INFO:kbc-cli.py:Epoch 62/100	Loss 7.4199 ± 0.1354
INFO:kbc-cli.py:Epoch 63/100	Loss 7.4169 ± 0.1359
INFO:kbc-cli.py:Epoch 63/100	dev results	MRR 0.578600	H@1 0.505400	H@3 0.620400	H@5 0.665500	H@10 0.711700
INFO:kbc-cli.py:Epoch 63/100	test results	MRR 0.578496	H@1 0.504200	H@3 0.621900	H@5 0.662600	H@10 0.711200
INFO:kbc-cli.py:Epoch 64/100	Loss 7.4142 ± 0.1319
INFO:kbc-cli.py:Epoch 65/100	Loss 7.4115 ± 0.1319
INFO:kbc-cli.py:Epoch 66/100	Loss 7.4087 ± 0.1313
INFO:kbc-cli.py:Epoch 66/100	dev results	MRR 0.578866	H@1 0.505000	H@3 0.623200	H@5 0.666100	H@10 0.711000
INFO:kbc-cli.py:Epoch 66/100	test results	MRR 0.578361	H@1 0.504400	H@3 0.623700	H@5 0.663700	H@10 0.711600
INFO:kbc-cli.py:Epoch 67/100	Loss 7.4061 ± 0.1310
INFO:kbc-cli.py:Epoch 68/100	Loss 7.4036 ± 0.1318
INFO:kbc-cli.py:Epoch 69/100	Loss 7.4011 ± 0.1317
INFO:kbc-cli.py:Epoch 69/100	dev results	MRR 0.579015	H@1 0.506200	H@3 0.622100	H@5 0.664600	H@10 0.713300
INFO:kbc-cli.py:Epoch 69/100	test results	MRR 0.577206	H@1 0.502500	H@3 0.622300	H@5 0.663400	H@10 0.711600
INFO:kbc-cli.py:Epoch 70/100	Loss 7.3987 ± 0.1303
INFO:kbc-cli.py:Epoch 71/100	Loss 7.3962 ± 0.1298
INFO:kbc-cli.py:Epoch 72/100	Loss 7.3939 ± 0.1327
INFO:kbc-cli.py:Epoch 72/100	dev results	MRR 0.577498	H@1 0.504100	H@3 0.620600	H@5 0.664300	H@10 0.711600
INFO:kbc-cli.py:Epoch 72/100	test results	MRR 0.577389	H@1 0.503100	H@3 0.622500	H@5 0.663700	H@10 0.711900
INFO:kbc-cli.py:Epoch 73/100	Loss 7.3917 ± 0.1307
INFO:kbc-cli.py:Epoch 74/100	Loss 7.3895 ± 0.1308
INFO:kbc-cli.py:Epoch 75/100	Loss 7.3873 ± 0.1329
INFO:kbc-cli.py:Epoch 75/100	dev results	MRR 0.578006	H@1 0.505000	H@3 0.619300	H@5 0.665300	H@10 0.712200
INFO:kbc-cli.py:Epoch 75/100	test results	MRR 0.577682	H@1 0.502100	H@3 0.622800	H@5 0.664000	H@10 0.712100
INFO:kbc-cli.py:Epoch 76/100	Loss 7.3851 ± 0.1312
INFO:kbc-cli.py:Epoch 77/100	Loss 7.3830 ± 0.1293
INFO:kbc-cli.py:Epoch 78/100	Loss 7.3809 ± 0.1291
INFO:kbc-cli.py:Epoch 78/100	dev results	MRR 0.579029	H@1 0.507000	H@3 0.621000	H@5 0.664300	H@10 0.712600
INFO:kbc-cli.py:Epoch 78/100	test results	MRR 0.578091	H@1 0.504000	H@3 0.622300	H@5 0.664400	H@10 0.711300
INFO:kbc-cli.py:Epoch 79/100	Loss 7.3790 ± 0.1287
INFO:kbc-cli.py:Epoch 80/100	Loss 7.3770 ± 0.1302
INFO:kbc-cli.py:Epoch 81/100	Loss 7.3750 ± 0.1326
INFO:kbc-cli.py:Epoch 81/100	dev results	MRR 0.577692	H@1 0.504700	H@3 0.622100	H@5 0.662900	H@10 0.711600
INFO:kbc-cli.py:Epoch 81/100	test results	MRR 0.578684	H@1 0.504900	H@3 0.622300	H@5 0.663700	H@10 0.711700
INFO:kbc-cli.py:Epoch 82/100	Loss 7.3733 ± 0.1272
INFO:kbc-cli.py:Epoch 83/100	Loss 7.3712 ± 0.1311
INFO:kbc-cli.py:Epoch 84/100	Loss 7.3694 ± 0.1273
INFO:kbc-cli.py:Epoch 84/100	dev results	MRR 0.579289	H@1 0.507000	H@3 0.621000	H@5 0.663900	H@10 0.711500
INFO:kbc-cli.py:Epoch 84/100	test results	MRR 0.578327	H@1 0.504300	H@3 0.622200	H@5 0.662400	H@10 0.712100
INFO:kbc-cli.py:Epoch 85/100	Loss 7.3676 ± 0.1279
INFO:kbc-cli.py:Epoch 86/100	Loss 7.3658 ± 0.1292
INFO:kbc-cli.py:Epoch 87/100	Loss 7.3641 ± 0.1270
INFO:kbc-cli.py:Epoch 87/100	dev results	MRR 0.576563	H@1 0.502800	H@3 0.620500	H@5 0.662800	H@10 0.710600
INFO:kbc-cli.py:Epoch 87/100	test results	MRR 0.576978	H@1 0.501900	H@3 0.621600	H@5 0.661700	H@10 0.711000
INFO:kbc-cli.py:Epoch 88/100	Loss 7.3625 ± 0.1301
INFO:kbc-cli.py:Epoch 89/100	Loss 7.3608 ± 0.1276
INFO:kbc-cli.py:Epoch 90/100	Loss 7.3592 ± 0.1282
INFO:kbc-cli.py:Epoch 90/100	dev results	MRR 0.578382	H@1 0.505200	H@3 0.621400	H@5 0.663900	H@10 0.710300
INFO:kbc-cli.py:Epoch 90/100	test results	MRR 0.578185	H@1 0.503000	H@3 0.624400	H@5 0.663600	H@10 0.711800
INFO:kbc-cli.py:Epoch 91/100	Loss 7.3575 ± 0.1273
INFO:kbc-cli.py:Epoch 92/100	Loss 7.3560 ± 0.1287
INFO:kbc-cli.py:Epoch 93/100	Loss 7.3542 ± 0.1289
INFO:kbc-cli.py:Epoch 93/100	dev results	MRR 0.578152	H@1 0.505300	H@3 0.618900	H@5 0.665200	H@10 0.711500
INFO:kbc-cli.py:Epoch 93/100	test results	MRR 0.577849	H@1 0.503200	H@3 0.620800	H@5 0.663100	H@10 0.712000
INFO:kbc-cli.py:Epoch 94/100	Loss 7.3529 ± 0.1266
INFO:kbc-cli.py:Epoch 95/100	Loss 7.3513 ± 0.1284
INFO:kbc-cli.py:Epoch 96/100	Loss 7.3498 ± 0.1296
INFO:kbc-cli.py:Epoch 96/100	dev results	MRR 0.578693	H@1 0.506600	H@3 0.619600	H@5 0.664600	H@10 0.710900
INFO:kbc-cli.py:Epoch 96/100	test results	MRR 0.576752	H@1 0.501100	H@3 0.621300	H@5 0.662600	H@10 0.711600
INFO:kbc-cli.py:Epoch 97/100	Loss 7.3483 ± 0.1262
INFO:kbc-cli.py:Epoch 98/100	Loss 7.3469 ± 0.1251
INFO:kbc-cli.py:Epoch 99/100	Loss 7.3455 ± 0.1271
INFO:kbc-cli.py:Epoch 99/100	dev results	MRR 0.578781	H@1 0.506900	H@3 0.619700	H@5 0.663600	H@10 0.710400
INFO:kbc-cli.py:Epoch 99/100	test results	MRR 0.576560	H@1 0.501400	H@3 0.621500	H@5 0.663000	H@10 0.710900
INFO:kbc-cli.py:Epoch 100/100	Loss 7.3440 ± 0.1261
INFO:kbc-cli.py:Final 	dev results	MRR 0.576960	H@1 0.503700	H@3 0.619500	H@5 0.663800	H@10 0.710700
INFO:kbc-cli.py:Final 	test results	MRR 0.577154	H@1 0.502000	H@3 0.622000	H@5 0.662300	H@10 0.712100
INFO:kbc-cli.py:Training finished
