./bin/kbc-cli.py --train data/yago3-10/train.tsv --dev data/yago3-10/dev.tsv --test data/yago3-10/test.tsv -m complex -k 1000 -b 1000 -e 100 --F2 0.005 --N3 0 -l 0.1 -I reciprocal -V 3 -o adagrad -q
{'F2': 0.005,
 'N3': 0.0,
 'batch_size': 1000,
 'dev': 'data/yago3-10/dev.tsv',
 'embedding_size': 1000,
 'epochs': 100,
 'eval_batch_size': None,
 'input_type': 'reciprocal',
 'learning_rate': 0.1,
 'load': None,
 'model': 'complex',
 'optimizer': 'adagrad',
 'quiet': True,
 'save': None,
 'seed': 0,
 'test': 'data/yago3-10/test.tsv',
 'test_i': None,
 'test_ii': None,
 'train': 'data/yago3-10/train.tsv',
 'validate_every': 3}
INFO:kbc-cli.py:Device: cuda
INFO:kbc-cli.py:Model state:
INFO:kbc-cli.py:	entities.weight	torch.Size([123182, 2000])
INFO:kbc-cli.py:	predicates.weight	torch.Size([74, 2000])
INFO:kbc-cli.py:Epoch 1/100	Loss 13.8257 ± 3.0139
INFO:kbc-cli.py:Epoch 2/100	Loss 9.2447 ± 0.1126
INFO:kbc-cli.py:Epoch 3/100	Loss 8.7111 ± 0.1187
INFO:kbc-cli.py:Epoch 3/100	dev results	MRR 0.493242	H@1 0.407700	H@3 0.536000	H@5 0.592600	H@10 0.661600
INFO:kbc-cli.py:Epoch 3/100	test results	MRR 0.490424	H@1 0.403300	H@3 0.535400	H@5 0.590000	H@10 0.659800
INFO:kbc-cli.py:Epoch 4/100	Loss 8.4700 ± 0.1343
INFO:kbc-cli.py:Epoch 5/100	Loss 8.3218 ± 0.1397
INFO:kbc-cli.py:Epoch 6/100	Loss 8.2176 ± 0.1400
INFO:kbc-cli.py:Epoch 6/100	dev results	MRR 0.535336	H@1 0.453200	H@3 0.580800	H@5 0.633900	H@10 0.693600
INFO:kbc-cli.py:Epoch 6/100	test results	MRR 0.533715	H@1 0.450300	H@3 0.580600	H@5 0.630500	H@10 0.692600
INFO:kbc-cli.py:Epoch 7/100	Loss 8.1385 ± 0.1404
INFO:kbc-cli.py:Epoch 8/100	Loss 8.0751 ± 0.1401
INFO:kbc-cli.py:Epoch 9/100	Loss 8.0227 ± 0.1412
INFO:kbc-cli.py:Epoch 9/100	dev results	MRR 0.554484	H@1 0.473600	H@3 0.602600	H@5 0.653300	H@10 0.701300
INFO:kbc-cli.py:Epoch 9/100	test results	MRR 0.549682	H@1 0.468200	H@3 0.596200	H@5 0.647500	H@10 0.698500
INFO:kbc-cli.py:Epoch 10/100	Loss 7.9787 ± 0.1401
INFO:kbc-cli.py:Epoch 11/100	Loss 7.9406 ± 0.1400
INFO:kbc-cli.py:Epoch 12/100	Loss 7.9071 ± 0.1370
INFO:kbc-cli.py:Epoch 12/100	dev results	MRR 0.565312	H@1 0.488800	H@3 0.611500	H@5 0.654400	H@10 0.703400
INFO:kbc-cli.py:Epoch 12/100	test results	MRR 0.557160	H@1 0.476000	H@3 0.608600	H@5 0.650200	H@10 0.703500
INFO:kbc-cli.py:Epoch 13/100	Loss 7.8772 ± 0.1360
INFO:kbc-cli.py:Epoch 14/100	Loss 7.8506 ± 0.1339
INFO:kbc-cli.py:Epoch 15/100	Loss 7.8264 ± 0.1336
INFO:kbc-cli.py:Epoch 15/100	dev results	MRR 0.567211	H@1 0.489800	H@3 0.613400	H@5 0.658200	H@10 0.708000
INFO:kbc-cli.py:Epoch 15/100	test results	MRR 0.563877	H@1 0.485900	H@3 0.610800	H@5 0.657500	H@10 0.705400
INFO:kbc-cli.py:Epoch 16/100	Loss 7.8051 ± 0.1331
INFO:kbc-cli.py:Epoch 17/100	Loss 7.7849 ± 0.1303
INFO:kbc-cli.py:Epoch 18/100	Loss 7.7661 ± 0.1309
INFO:kbc-cli.py:Epoch 18/100	dev results	MRR 0.570455	H@1 0.494200	H@3 0.618100	H@5 0.660100	H@10 0.707200
INFO:kbc-cli.py:Epoch 18/100	test results	MRR 0.567464	H@1 0.490900	H@3 0.615200	H@5 0.657800	H@10 0.704000
INFO:kbc-cli.py:Epoch 19/100	Loss 7.7486 ± 0.1294
INFO:kbc-cli.py:Epoch 20/100	Loss 7.7330 ± 0.1262
INFO:kbc-cli.py:Epoch 21/100	Loss 7.7183 ± 0.1301
INFO:kbc-cli.py:Epoch 21/100	dev results	MRR 0.571486	H@1 0.495700	H@3 0.616500	H@5 0.658800	H@10 0.708800
INFO:kbc-cli.py:Epoch 21/100	test results	MRR 0.571329	H@1 0.496200	H@3 0.618300	H@5 0.660300	H@10 0.705400
INFO:kbc-cli.py:Epoch 22/100	Loss 7.7042 ± 0.1251
INFO:kbc-cli.py:Epoch 23/100	Loss 7.6910 ± 0.1267
INFO:kbc-cli.py:Epoch 24/100	Loss 7.6788 ± 0.1244
INFO:kbc-cli.py:Epoch 24/100	dev results	MRR 0.575629	H@1 0.502400	H@3 0.620200	H@5 0.660100	H@10 0.708700
INFO:kbc-cli.py:Epoch 24/100	test results	MRR 0.572339	H@1 0.498400	H@3 0.618400	H@5 0.658500	H@10 0.704500
INFO:kbc-cli.py:Epoch 25/100	Loss 7.6670 ± 0.1267
INFO:kbc-cli.py:Epoch 26/100	Loss 7.6559 ± 0.1244
INFO:kbc-cli.py:Epoch 27/100	Loss 7.6455 ± 0.1239
INFO:kbc-cli.py:Epoch 27/100	dev results	MRR 0.575294	H@1 0.501200	H@3 0.620900	H@5 0.660100	H@10 0.708900
INFO:kbc-cli.py:Epoch 27/100	test results	MRR 0.572471	H@1 0.497200	H@3 0.618300	H@5 0.659800	H@10 0.706100
INFO:kbc-cli.py:Epoch 28/100	Loss 7.6355 ± 0.1223
INFO:kbc-cli.py:Epoch 29/100	Loss 7.6258 ± 0.1198
INFO:kbc-cli.py:Epoch 30/100	Loss 7.6170 ± 0.1198
INFO:kbc-cli.py:Epoch 30/100	dev results	MRR 0.576456	H@1 0.503900	H@3 0.620500	H@5 0.661100	H@10 0.708100
INFO:kbc-cli.py:Epoch 30/100	test results	MRR 0.574326	H@1 0.499800	H@3 0.620200	H@5 0.659600	H@10 0.705800
INFO:kbc-cli.py:Epoch 31/100	Loss 7.6079 ± 0.1223
INFO:kbc-cli.py:Epoch 32/100	Loss 7.5997 ± 0.1159
INFO:kbc-cli.py:Epoch 33/100	Loss 7.5919 ± 0.1199
INFO:kbc-cli.py:Epoch 33/100	dev results	MRR 0.576728	H@1 0.503700	H@3 0.620700	H@5 0.659500	H@10 0.708300
INFO:kbc-cli.py:Epoch 33/100	test results	MRR 0.574195	H@1 0.500300	H@3 0.619000	H@5 0.659200	H@10 0.705800
INFO:kbc-cli.py:Epoch 34/100	Loss 7.5840 ± 0.1171
INFO:kbc-cli.py:Epoch 35/100	Loss 7.5766 ± 0.1177
INFO:kbc-cli.py:Epoch 36/100	Loss 7.5697 ± 0.1141
INFO:kbc-cli.py:Epoch 36/100	dev results	MRR 0.577501	H@1 0.505800	H@3 0.619800	H@5 0.660900	H@10 0.708100
INFO:kbc-cli.py:Epoch 36/100	test results	MRR 0.575299	H@1 0.501300	H@3 0.619400	H@5 0.661500	H@10 0.707200
INFO:kbc-cli.py:Epoch 37/100	Loss 7.5627 ± 0.1174
INFO:kbc-cli.py:Epoch 38/100	Loss 7.5562 ± 0.1177
INFO:kbc-cli.py:Epoch 39/100	Loss 7.5498 ± 0.1147
INFO:kbc-cli.py:Epoch 39/100	dev results	MRR 0.576567	H@1 0.503800	H@3 0.619900	H@5 0.661500	H@10 0.707200
INFO:kbc-cli.py:Epoch 39/100	test results	MRR 0.575150	H@1 0.501500	H@3 0.619600	H@5 0.661300	H@10 0.707200
INFO:kbc-cli.py:Epoch 40/100	Loss 7.5435 ± 0.1148
INFO:kbc-cli.py:Epoch 41/100	Loss 7.5376 ± 0.1135
INFO:kbc-cli.py:Epoch 42/100	Loss 7.5319 ± 0.1145
INFO:kbc-cli.py:Epoch 42/100	dev results	MRR 0.576759	H@1 0.503700	H@3 0.620400	H@5 0.661900	H@10 0.706600
INFO:kbc-cli.py:Epoch 42/100	test results	MRR 0.573253	H@1 0.498000	H@3 0.618200	H@5 0.660900	H@10 0.707300
INFO:kbc-cli.py:Epoch 43/100	Loss 7.5265 ± 0.1144
INFO:kbc-cli.py:Epoch 44/100	Loss 7.5209 ± 0.1149
INFO:kbc-cli.py:Epoch 45/100	Loss 7.5155 ± 0.1120
INFO:kbc-cli.py:Epoch 45/100	dev results	MRR 0.578752	H@1 0.507000	H@3 0.621700	H@5 0.661800	H@10 0.707700
INFO:kbc-cli.py:Epoch 45/100	test results	MRR 0.574744	H@1 0.500800	H@3 0.619500	H@5 0.661100	H@10 0.707400
INFO:kbc-cli.py:Epoch 46/100	Loss 7.5105 ± 0.1115
INFO:kbc-cli.py:Epoch 47/100	Loss 7.5053 ± 0.1088
INFO:kbc-cli.py:Epoch 48/100	Loss 7.5008 ± 0.1106
INFO:kbc-cli.py:Epoch 48/100	dev results	MRR 0.577477	H@1 0.504500	H@3 0.619400	H@5 0.660400	H@10 0.707900
INFO:kbc-cli.py:Epoch 48/100	test results	MRR 0.574322	H@1 0.499900	H@3 0.620500	H@5 0.659600	H@10 0.706400
INFO:kbc-cli.py:Epoch 49/100	Loss 7.4959 ± 0.1113
INFO:kbc-cli.py:Epoch 50/100	Loss 7.4913 ± 0.1090
INFO:kbc-cli.py:Epoch 51/100	Loss 7.4871 ± 0.1090
INFO:kbc-cli.py:Epoch 51/100	dev results	MRR 0.576078	H@1 0.502900	H@3 0.620900	H@5 0.661000	H@10 0.707400
INFO:kbc-cli.py:Epoch 51/100	test results	MRR 0.576043	H@1 0.502500	H@3 0.622200	H@5 0.661000	H@10 0.707200
INFO:kbc-cli.py:Epoch 52/100	Loss 7.4824 ± 0.1103
INFO:kbc-cli.py:Epoch 53/100	Loss 7.4782 ± 0.1085
INFO:kbc-cli.py:Epoch 54/100	Loss 7.4740 ± 0.1082
INFO:kbc-cli.py:Epoch 54/100	dev results	MRR 0.577913	H@1 0.506200	H@3 0.620600	H@5 0.660600	H@10 0.707900
INFO:kbc-cli.py:Epoch 54/100	test results	MRR 0.575523	H@1 0.502000	H@3 0.620200	H@5 0.660000	H@10 0.707100
INFO:kbc-cli.py:Epoch 55/100	Loss 7.4703 ± 0.1084
INFO:kbc-cli.py:Epoch 56/100	Loss 7.4662 ± 0.1093
INFO:kbc-cli.py:Epoch 57/100	Loss 7.4622 ± 0.1061
INFO:kbc-cli.py:Epoch 57/100	dev results	MRR 0.577186	H@1 0.504800	H@3 0.620300	H@5 0.660400	H@10 0.708200
INFO:kbc-cli.py:Epoch 57/100	test results	MRR 0.574646	H@1 0.500300	H@3 0.618400	H@5 0.661200	H@10 0.706900
INFO:kbc-cli.py:Epoch 58/100	Loss 7.4584 ± 0.1047
INFO:kbc-cli.py:Epoch 59/100	Loss 7.4546 ± 0.1050
INFO:kbc-cli.py:Epoch 60/100	Loss 7.4512 ± 0.1068
INFO:kbc-cli.py:Epoch 60/100	dev results	MRR 0.578176	H@1 0.506100	H@3 0.620400	H@5 0.661200	H@10 0.707000
INFO:kbc-cli.py:Epoch 60/100	test results	MRR 0.576788	H@1 0.503600	H@3 0.622100	H@5 0.660000	H@10 0.706800
INFO:kbc-cli.py:Epoch 61/100	Loss 7.4474 ± 0.1021
INFO:kbc-cli.py:Epoch 62/100	Loss 7.4442 ± 0.1066
INFO:kbc-cli.py:Epoch 63/100	Loss 7.4406 ± 0.1067
INFO:kbc-cli.py:Epoch 63/100	dev results	MRR 0.576805	H@1 0.504400	H@3 0.619900	H@5 0.660800	H@10 0.708100
INFO:kbc-cli.py:Epoch 63/100	test results	MRR 0.575109	H@1 0.501200	H@3 0.619800	H@5 0.661000	H@10 0.706700
INFO:kbc-cli.py:Epoch 64/100	Loss 7.4374 ± 0.1043
INFO:kbc-cli.py:Epoch 65/100	Loss 7.4342 ± 0.1038
INFO:kbc-cli.py:Epoch 66/100	Loss 7.4308 ± 0.1026
INFO:kbc-cli.py:Epoch 66/100	dev results	MRR 0.576946	H@1 0.504600	H@3 0.619600	H@5 0.661400	H@10 0.707200
INFO:kbc-cli.py:Epoch 66/100	test results	MRR 0.574975	H@1 0.500800	H@3 0.619500	H@5 0.661300	H@10 0.706800
INFO:kbc-cli.py:Epoch 67/100	Loss 7.4276 ± 0.1028
INFO:kbc-cli.py:Epoch 68/100	Loss 7.4247 ± 0.1029
INFO:kbc-cli.py:Epoch 69/100	Loss 7.4217 ± 0.1026
INFO:kbc-cli.py:Epoch 69/100	dev results	MRR 0.577097	H@1 0.504300	H@3 0.620000	H@5 0.660400	H@10 0.707600
INFO:kbc-cli.py:Epoch 69/100	test results	MRR 0.575039	H@1 0.502300	H@3 0.619000	H@5 0.659700	H@10 0.707000
INFO:kbc-cli.py:Epoch 70/100	Loss 7.4187 ± 0.1019
INFO:kbc-cli.py:Epoch 71/100	Loss 7.4158 ± 0.0998
INFO:kbc-cli.py:Epoch 72/100	Loss 7.4128 ± 0.1035
INFO:kbc-cli.py:Epoch 72/100	dev results	MRR 0.578416	H@1 0.508000	H@3 0.619700	H@5 0.658900	H@10 0.707100
INFO:kbc-cli.py:Epoch 72/100	test results	MRR 0.575194	H@1 0.501500	H@3 0.619300	H@5 0.659400	H@10 0.706000
INFO:kbc-cli.py:Epoch 73/100	Loss 7.4102 ± 0.1012
INFO:kbc-cli.py:Epoch 74/100	Loss 7.4074 ± 0.1027
INFO:kbc-cli.py:Epoch 75/100	Loss 7.4048 ± 0.1030
INFO:kbc-cli.py:Epoch 75/100	dev results	MRR 0.576478	H@1 0.504300	H@3 0.618500	H@5 0.660300	H@10 0.706800
INFO:kbc-cli.py:Epoch 75/100	test results	MRR 0.576494	H@1 0.503900	H@3 0.620800	H@5 0.661200	H@10 0.706900
INFO:kbc-cli.py:Epoch 76/100	Loss 7.4021 ± 0.1013
INFO:kbc-cli.py:Epoch 77/100	Loss 7.3994 ± 0.0990
INFO:kbc-cli.py:Epoch 78/100	Loss 7.3967 ± 0.0995
INFO:kbc-cli.py:Epoch 78/100	dev results	MRR 0.577063	H@1 0.505800	H@3 0.619500	H@5 0.659700	H@10 0.705200
INFO:kbc-cli.py:Epoch 78/100	test results	MRR 0.575345	H@1 0.501300	H@3 0.621800	H@5 0.659200	H@10 0.707000
INFO:kbc-cli.py:Epoch 79/100	Loss 7.3943 ± 0.0989
INFO:kbc-cli.py:Epoch 80/100	Loss 7.3918 ± 0.1002
INFO:kbc-cli.py:Epoch 81/100	Loss 7.3893 ± 0.1026
INFO:kbc-cli.py:Epoch 81/100	dev results	MRR 0.576793	H@1 0.505300	H@3 0.619500	H@5 0.661100	H@10 0.707800
INFO:kbc-cli.py:Epoch 81/100	test results	MRR 0.574529	H@1 0.500100	H@3 0.619500	H@5 0.660500	H@10 0.706100
INFO:kbc-cli.py:Epoch 82/100	Loss 7.3872 ± 0.0980
INFO:kbc-cli.py:Epoch 83/100	Loss 7.3844 ± 0.1013
INFO:kbc-cli.py:Epoch 84/100	Loss 7.3820 ± 0.0984
INFO:kbc-cli.py:Epoch 84/100	dev results	MRR 0.576182	H@1 0.504000	H@3 0.619100	H@5 0.659500	H@10 0.706900
INFO:kbc-cli.py:Epoch 84/100	test results	MRR 0.575465	H@1 0.502900	H@3 0.618900	H@5 0.659500	H@10 0.706100
INFO:kbc-cli.py:Epoch 85/100	Loss 7.3797 ± 0.0983
INFO:kbc-cli.py:Epoch 86/100	Loss 7.3774 ± 0.0981
INFO:kbc-cli.py:Epoch 87/100	Loss 7.3752 ± 0.0972
INFO:kbc-cli.py:Epoch 87/100	dev results	MRR 0.575425	H@1 0.502900	H@3 0.619500	H@5 0.658600	H@10 0.706900
INFO:kbc-cli.py:Epoch 87/100	test results	MRR 0.573796	H@1 0.499700	H@3 0.619600	H@5 0.660200	H@10 0.705000
INFO:kbc-cli.py:Epoch 88/100	Loss 7.3732 ± 0.0994
INFO:kbc-cli.py:Epoch 89/100	Loss 7.3710 ± 0.1000
INFO:kbc-cli.py:Epoch 90/100	Loss 7.3688 ± 0.0977
INFO:kbc-cli.py:Epoch 90/100	dev results	MRR 0.576798	H@1 0.505400	H@3 0.618400	H@5 0.658800	H@10 0.705700
INFO:kbc-cli.py:Epoch 90/100	test results	MRR 0.574014	H@1 0.499600	H@3 0.620200	H@5 0.659000	H@10 0.705100
INFO:kbc-cli.py:Epoch 91/100	Loss 7.3666 ± 0.0981
INFO:kbc-cli.py:Epoch 92/100	Loss 7.3647 ± 0.0989
INFO:kbc-cli.py:Epoch 93/100	Loss 7.3622 ± 0.0994
INFO:kbc-cli.py:Epoch 93/100	dev results	MRR 0.576128	H@1 0.504200	H@3 0.618700	H@5 0.658800	H@10 0.706500
INFO:kbc-cli.py:Epoch 93/100	test results	MRR 0.574104	H@1 0.499700	H@3 0.619700	H@5 0.659300	H@10 0.706400
INFO:kbc-cli.py:Epoch 94/100	Loss 7.3605 ± 0.0951
INFO:kbc-cli.py:Epoch 95/100	Loss 7.3585 ± 0.0981
INFO:kbc-cli.py:Epoch 96/100	Loss 7.3564 ± 0.0978
INFO:kbc-cli.py:Epoch 96/100	dev results	MRR 0.575984	H@1 0.504100	H@3 0.618000	H@5 0.659100	H@10 0.706700
INFO:kbc-cli.py:Epoch 96/100	test results	MRR 0.574276	H@1 0.500600	H@3 0.619200	H@5 0.658900	H@10 0.705800
INFO:kbc-cli.py:Epoch 97/100	Loss 7.3544 ± 0.0963
INFO:kbc-cli.py:Epoch 98/100	Loss 7.3526 ± 0.0949
INFO:kbc-cli.py:Epoch 99/100	Loss 7.3506 ± 0.0966
INFO:kbc-cli.py:Epoch 99/100	dev results	MRR 0.575419	H@1 0.503300	H@3 0.619000	H@5 0.660000	H@10 0.707200
INFO:kbc-cli.py:Epoch 99/100	test results	MRR 0.573288	H@1 0.498800	H@3 0.618900	H@5 0.658800	H@10 0.705700
INFO:kbc-cli.py:Epoch 100/100	Loss 7.3485 ± 0.0956
INFO:kbc-cli.py:Final 	dev results	MRR 0.575312	H@1 0.503200	H@3 0.616900	H@5 0.659200	H@10 0.705800
INFO:kbc-cli.py:Final 	test results	MRR 0.573457	H@1 0.498900	H@3 0.619700	H@5 0.658800	H@10 0.706000
INFO:kbc-cli.py:Training finished
