./bin/kbc-cli.py --train data/yago3-10/train.tsv --dev data/yago3-10/dev.tsv --test data/yago3-10/test.tsv -m complex -k 1000 -b 500 -e 100 --F2 0.01 --N3 0 -l 0.1 -I standard -V 3 -o adagrad -q
{'F2': 0.01,
 'N3': 0.0,
 'batch_size': 500,
 'dev': 'data/yago3-10/dev.tsv',
 'embedding_size': 1000,
 'epochs': 100,
 'eval_batch_size': None,
 'input_type': 'standard',
 'learning_rate': 0.1,
 'load': None,
 'model': 'complex',
 'optimizer': 'adagrad',
 'quiet': True,
 'save': None,
 'seed': 0,
 'test': 'data/yago3-10/test.tsv',
 'test_i': None,
 'test_ii': None,
 'train': 'data/yago3-10/train.tsv',
 'validate_every': 3}
INFO:kbc-cli.py:Device: cuda
INFO:kbc-cli.py:Model state:
INFO:kbc-cli.py:	entities.weight	torch.Size([123182, 2000])
INFO:kbc-cli.py:	predicates.weight	torch.Size([37, 2000])
INFO:kbc-cli.py:Epoch 1/100	Loss 17.8171 ± 2.3346
INFO:kbc-cli.py:Epoch 2/100	Loss 12.0958 ± 0.1398
INFO:kbc-cli.py:Epoch 3/100	Loss 10.5315 ± 0.2520
INFO:kbc-cli.py:Epoch 3/100	dev results	MRR 0.442352	H@1 0.348900	H@3 0.491700	H@5 0.546100	H@10 0.619000
INFO:kbc-cli.py:Epoch 3/100	test results	MRR 0.443549	H@1 0.352400	H@3 0.488200	H@5 0.545900	H@10 0.617000
INFO:kbc-cli.py:Epoch 4/100	Loss 9.9900 ± 0.2636
INFO:kbc-cli.py:Epoch 5/100	Loss 9.7002 ± 0.2619
INFO:kbc-cli.py:Epoch 6/100	Loss 9.5103 ± 0.2538
INFO:kbc-cli.py:Epoch 6/100	dev results	MRR 0.498254	H@1 0.410000	H@3 0.545500	H@5 0.599300	H@10 0.664200
INFO:kbc-cli.py:Epoch 6/100	test results	MRR 0.493984	H@1 0.407700	H@3 0.537400	H@5 0.594600	H@10 0.657800
INFO:kbc-cli.py:Epoch 7/100	Loss 9.3721 ± 0.2469
INFO:kbc-cli.py:Epoch 8/100	Loss 9.2638 ± 0.2419
INFO:kbc-cli.py:Epoch 9/100	Loss 9.1765 ± 0.2359
INFO:kbc-cli.py:Epoch 9/100	dev results	MRR 0.525039	H@1 0.438300	H@3 0.576300	H@5 0.630600	H@10 0.683300
INFO:kbc-cli.py:Epoch 9/100	test results	MRR 0.518184	H@1 0.434000	H@3 0.563900	H@5 0.616900	H@10 0.676900
INFO:kbc-cli.py:Epoch 10/100	Loss 9.1030 ± 0.2315
INFO:kbc-cli.py:Epoch 11/100	Loss 9.0403 ± 0.2229
INFO:kbc-cli.py:Epoch 12/100	Loss 8.9863 ± 0.2164
INFO:kbc-cli.py:Epoch 12/100	dev results	MRR 0.539029	H@1 0.454300	H@3 0.591600	H@5 0.638800	H@10 0.693600
INFO:kbc-cli.py:Epoch 12/100	test results	MRR 0.535716	H@1 0.452800	H@3 0.585300	H@5 0.633700	H@10 0.686100
INFO:kbc-cli.py:Epoch 13/100	Loss 8.9382 ± 0.2180
INFO:kbc-cli.py:Epoch 14/100	Loss 8.8950 ± 0.2105
INFO:kbc-cli.py:Epoch 15/100	Loss 8.8565 ± 0.2084
INFO:kbc-cli.py:Epoch 15/100	dev results	MRR 0.552876	H@1 0.471400	H@3 0.604200	H@5 0.646900	H@10 0.699700
INFO:kbc-cli.py:Epoch 15/100	test results	MRR 0.544566	H@1 0.462900	H@3 0.595900	H@5 0.640000	H@10 0.691600
INFO:kbc-cli.py:Epoch 16/100	Loss 8.8216 ± 0.2062
INFO:kbc-cli.py:Epoch 17/100	Loss 8.7893 ± 0.2001
INFO:kbc-cli.py:Epoch 18/100	Loss 8.7596 ± 0.1999
INFO:kbc-cli.py:Epoch 18/100	dev results	MRR 0.558908	H@1 0.480900	H@3 0.606100	H@5 0.652400	H@10 0.703000
INFO:kbc-cli.py:Epoch 18/100	test results	MRR 0.550505	H@1 0.470100	H@3 0.600000	H@5 0.646900	H@10 0.695600
INFO:kbc-cli.py:Epoch 19/100	Loss 8.7325 ± 0.1970
INFO:kbc-cli.py:Epoch 20/100	Loss 8.7073 ± 0.1956
INFO:kbc-cli.py:Epoch 21/100	Loss 8.6831 ± 0.1908
INFO:kbc-cli.py:Epoch 21/100	dev results	MRR 0.561465	H@1 0.480200	H@3 0.612900	H@5 0.656600	H@10 0.705000
INFO:kbc-cli.py:Epoch 21/100	test results	MRR 0.556723	H@1 0.478700	H@3 0.601900	H@5 0.647400	H@10 0.698700
INFO:kbc-cli.py:Epoch 22/100	Loss 8.6612 ± 0.1939
INFO:kbc-cli.py:Epoch 23/100	Loss 8.6403 ± 0.1864
INFO:kbc-cli.py:Epoch 24/100	Loss 8.6205 ± 0.1841
INFO:kbc-cli.py:Epoch 24/100	dev results	MRR 0.566126	H@1 0.487800	H@3 0.614600	H@5 0.660700	H@10 0.705100
INFO:kbc-cli.py:Epoch 24/100	test results	MRR 0.560205	H@1 0.482500	H@3 0.608200	H@5 0.651800	H@10 0.700200
INFO:kbc-cli.py:Epoch 25/100	Loss 8.6020 ± 0.1822
INFO:kbc-cli.py:Epoch 26/100	Loss 8.5840 ± 0.1790
INFO:kbc-cli.py:Epoch 27/100	Loss 8.5675 ± 0.1843
INFO:kbc-cli.py:Epoch 27/100	dev results	MRR 0.566745	H@1 0.489000	H@3 0.615100	H@5 0.658400	H@10 0.703700
INFO:kbc-cli.py:Epoch 27/100	test results	MRR 0.560945	H@1 0.482600	H@3 0.607000	H@5 0.653100	H@10 0.700700
INFO:kbc-cli.py:Epoch 28/100	Loss 8.5513 ± 0.1776
INFO:kbc-cli.py:Epoch 29/100	Loss 8.5364 ± 0.1758
INFO:kbc-cli.py:Epoch 30/100	Loss 8.5219 ± 0.1766
INFO:kbc-cli.py:Epoch 30/100	dev results	MRR 0.569270	H@1 0.493100	H@3 0.618000	H@5 0.659100	H@10 0.705900
INFO:kbc-cli.py:Epoch 30/100	test results	MRR 0.562657	H@1 0.484600	H@3 0.609500	H@5 0.652600	H@10 0.701500
INFO:kbc-cli.py:Epoch 31/100	Loss 8.5076 ± 0.1758
INFO:kbc-cli.py:Epoch 32/100	Loss 8.4946 ± 0.1718
INFO:kbc-cli.py:Epoch 33/100	Loss 8.4814 ± 0.1679
INFO:kbc-cli.py:Epoch 33/100	dev results	MRR 0.570671	H@1 0.493600	H@3 0.618800	H@5 0.661800	H@10 0.707400
INFO:kbc-cli.py:Epoch 33/100	test results	MRR 0.565790	H@1 0.489200	H@3 0.612100	H@5 0.654000	H@10 0.703800
INFO:kbc-cli.py:Epoch 34/100	Loss 8.4692 ± 0.1670
INFO:kbc-cli.py:Epoch 35/100	Loss 8.4574 ± 0.1675
INFO:kbc-cli.py:Epoch 36/100	Loss 8.4458 ± 0.1669
INFO:kbc-cli.py:Epoch 36/100	dev results	MRR 0.571983	H@1 0.496700	H@3 0.618600	H@5 0.662900	H@10 0.707100
INFO:kbc-cli.py:Epoch 36/100	test results	MRR 0.565926	H@1 0.488500	H@3 0.613200	H@5 0.655700	H@10 0.702900
INFO:kbc-cli.py:Epoch 37/100	Loss 8.4349 ± 0.1643
INFO:kbc-cli.py:Epoch 38/100	Loss 8.4244 ± 0.1640
INFO:kbc-cli.py:Epoch 39/100	Loss 8.4144 ± 0.1614
INFO:kbc-cli.py:Epoch 39/100	dev results	MRR 0.572553	H@1 0.495900	H@3 0.619900	H@5 0.663900	H@10 0.706200
INFO:kbc-cli.py:Epoch 39/100	test results	MRR 0.566016	H@1 0.488600	H@3 0.614000	H@5 0.656000	H@10 0.703400
INFO:kbc-cli.py:Epoch 40/100	Loss nan ± nan
INFO:kbc-cli.py:Epoch 41/100	Loss nan ± nan
INFO:kbc-cli.py:Epoch 42/100	Loss nan ± nan
INFO:kbc-cli.py:Epoch 42/100	dev results	MRR 0.000096	H@1 0.000000	H@3 0.000000	H@5 0.000100	H@10 0.000100
INFO:kbc-cli.py:Epoch 42/100	test results	MRR 0.000081	H@1 0.000000	H@3 0.000000	H@5 0.000000	H@10 0.000000
INFO:kbc-cli.py:Epoch 43/100	Loss nan ± nan
INFO:kbc-cli.py:Epoch 44/100	Loss nan ± nan
INFO:kbc-cli.py:Epoch 45/100	Loss nan ± nan
INFO:kbc-cli.py:Epoch 45/100	dev results	MRR 0.000096	H@1 0.000000	H@3 0.000000	H@5 0.000100	H@10 0.000100
INFO:kbc-cli.py:Epoch 45/100	test results	MRR 0.000081	H@1 0.000000	H@3 0.000000	H@5 0.000000	H@10 0.000000
INFO:kbc-cli.py:Epoch 46/100	Loss nan ± nan
INFO:kbc-cli.py:Epoch 47/100	Loss nan ± nan
INFO:kbc-cli.py:Epoch 48/100	Loss nan ± nan
INFO:kbc-cli.py:Epoch 48/100	dev results	MRR 0.000096	H@1 0.000000	H@3 0.000000	H@5 0.000100	H@10 0.000100
INFO:kbc-cli.py:Epoch 48/100	test results	MRR 0.000081	H@1 0.000000	H@3 0.000000	H@5 0.000000	H@10 0.000000
INFO:kbc-cli.py:Epoch 49/100	Loss nan ± nan
INFO:kbc-cli.py:Epoch 50/100	Loss nan ± nan
INFO:kbc-cli.py:Epoch 51/100	Loss nan ± nan
INFO:kbc-cli.py:Epoch 51/100	dev results	MRR 0.000096	H@1 0.000000	H@3 0.000000	H@5 0.000100	H@10 0.000100
INFO:kbc-cli.py:Epoch 51/100	test results	MRR 0.000081	H@1 0.000000	H@3 0.000000	H@5 0.000000	H@10 0.000000
INFO:kbc-cli.py:Epoch 52/100	Loss nan ± nan
INFO:kbc-cli.py:Epoch 53/100	Loss nan ± nan
INFO:kbc-cli.py:Epoch 54/100	Loss nan ± nan
INFO:kbc-cli.py:Epoch 54/100	dev results	MRR 0.000096	H@1 0.000000	H@3 0.000000	H@5 0.000100	H@10 0.000100
INFO:kbc-cli.py:Epoch 54/100	test results	MRR 0.000081	H@1 0.000000	H@3 0.000000	H@5 0.000000	H@10 0.000000
INFO:kbc-cli.py:Epoch 55/100	Loss nan ± nan
INFO:kbc-cli.py:Epoch 56/100	Loss nan ± nan
INFO:kbc-cli.py:Epoch 57/100	Loss nan ± nan
INFO:kbc-cli.py:Epoch 57/100	dev results	MRR 0.000096	H@1 0.000000	H@3 0.000000	H@5 0.000100	H@10 0.000100
INFO:kbc-cli.py:Epoch 57/100	test results	MRR 0.000081	H@1 0.000000	H@3 0.000000	H@5 0.000000	H@10 0.000000
INFO:kbc-cli.py:Epoch 58/100	Loss nan ± nan
INFO:kbc-cli.py:Epoch 59/100	Loss nan ± nan
INFO:kbc-cli.py:Epoch 60/100	Loss nan ± nan
INFO:kbc-cli.py:Epoch 60/100	dev results	MRR 0.000096	H@1 0.000000	H@3 0.000000	H@5 0.000100	H@10 0.000100
INFO:kbc-cli.py:Epoch 60/100	test results	MRR 0.000081	H@1 0.000000	H@3 0.000000	H@5 0.000000	H@10 0.000000
INFO:kbc-cli.py:Epoch 61/100	Loss nan ± nan
INFO:kbc-cli.py:Epoch 62/100	Loss nan ± nan
INFO:kbc-cli.py:Epoch 63/100	Loss nan ± nan
INFO:kbc-cli.py:Epoch 63/100	dev results	MRR 0.000096	H@1 0.000000	H@3 0.000000	H@5 0.000100	H@10 0.000100
INFO:kbc-cli.py:Epoch 63/100	test results	MRR 0.000081	H@1 0.000000	H@3 0.000000	H@5 0.000000	H@10 0.000000
INFO:kbc-cli.py:Epoch 64/100	Loss nan ± nan
INFO:kbc-cli.py:Epoch 65/100	Loss nan ± nan
INFO:kbc-cli.py:Epoch 66/100	Loss nan ± nan
INFO:kbc-cli.py:Epoch 66/100	dev results	MRR 0.000096	H@1 0.000000	H@3 0.000000	H@5 0.000100	H@10 0.000100
INFO:kbc-cli.py:Epoch 66/100	test results	MRR 0.000081	H@1 0.000000	H@3 0.000000	H@5 0.000000	H@10 0.000000
INFO:kbc-cli.py:Epoch 67/100	Loss nan ± nan
INFO:kbc-cli.py:Epoch 68/100	Loss nan ± nan
INFO:kbc-cli.py:Epoch 69/100	Loss nan ± nan
INFO:kbc-cli.py:Epoch 69/100	dev results	MRR 0.000096	H@1 0.000000	H@3 0.000000	H@5 0.000100	H@10 0.000100
INFO:kbc-cli.py:Epoch 69/100	test results	MRR 0.000081	H@1 0.000000	H@3 0.000000	H@5 0.000000	H@10 0.000000
INFO:kbc-cli.py:Epoch 70/100	Loss nan ± nan
INFO:kbc-cli.py:Epoch 71/100	Loss nan ± nan
INFO:kbc-cli.py:Epoch 72/100	Loss nan ± nan
INFO:kbc-cli.py:Epoch 72/100	dev results	MRR 0.000096	H@1 0.000000	H@3 0.000000	H@5 0.000100	H@10 0.000100
INFO:kbc-cli.py:Epoch 72/100	test results	MRR 0.000081	H@1 0.000000	H@3 0.000000	H@5 0.000000	H@10 0.000000
INFO:kbc-cli.py:Epoch 73/100	Loss nan ± nan
INFO:kbc-cli.py:Epoch 74/100	Loss nan ± nan
INFO:kbc-cli.py:Epoch 75/100	Loss nan ± nan
INFO:kbc-cli.py:Epoch 75/100	dev results	MRR 0.000096	H@1 0.000000	H@3 0.000000	H@5 0.000100	H@10 0.000100
INFO:kbc-cli.py:Epoch 75/100	test results	MRR 0.000081	H@1 0.000000	H@3 0.000000	H@5 0.000000	H@10 0.000000
INFO:kbc-cli.py:Epoch 76/100	Loss nan ± nan
INFO:kbc-cli.py:Epoch 77/100	Loss nan ± nan
INFO:kbc-cli.py:Epoch 78/100	Loss nan ± nan
INFO:kbc-cli.py:Epoch 78/100	dev results	MRR 0.000096	H@1 0.000000	H@3 0.000000	H@5 0.000100	H@10 0.000100
INFO:kbc-cli.py:Epoch 78/100	test results	MRR 0.000081	H@1 0.000000	H@3 0.000000	H@5 0.000000	H@10 0.000000
INFO:kbc-cli.py:Epoch 79/100	Loss nan ± nan
INFO:kbc-cli.py:Epoch 80/100	Loss nan ± nan
INFO:kbc-cli.py:Epoch 81/100	Loss nan ± nan
INFO:kbc-cli.py:Epoch 81/100	dev results	MRR 0.000096	H@1 0.000000	H@3 0.000000	H@5 0.000100	H@10 0.000100
INFO:kbc-cli.py:Epoch 81/100	test results	MRR 0.000081	H@1 0.000000	H@3 0.000000	H@5 0.000000	H@10 0.000000
INFO:kbc-cli.py:Epoch 82/100	Loss nan ± nan
INFO:kbc-cli.py:Epoch 83/100	Loss nan ± nan
INFO:kbc-cli.py:Epoch 84/100	Loss nan ± nan
INFO:kbc-cli.py:Epoch 84/100	dev results	MRR 0.000096	H@1 0.000000	H@3 0.000000	H@5 0.000100	H@10 0.000100
INFO:kbc-cli.py:Epoch 84/100	test results	MRR 0.000081	H@1 0.000000	H@3 0.000000	H@5 0.000000	H@10 0.000000
INFO:kbc-cli.py:Epoch 85/100	Loss nan ± nan
INFO:kbc-cli.py:Epoch 86/100	Loss nan ± nan
INFO:kbc-cli.py:Epoch 87/100	Loss nan ± nan
INFO:kbc-cli.py:Epoch 87/100	dev results	MRR 0.000096	H@1 0.000000	H@3 0.000000	H@5 0.000100	H@10 0.000100
INFO:kbc-cli.py:Epoch 87/100	test results	MRR 0.000081	H@1 0.000000	H@3 0.000000	H@5 0.000000	H@10 0.000000
INFO:kbc-cli.py:Epoch 88/100	Loss nan ± nan
INFO:kbc-cli.py:Epoch 89/100	Loss nan ± nan
INFO:kbc-cli.py:Epoch 90/100	Loss nan ± nan
INFO:kbc-cli.py:Epoch 90/100	dev results	MRR 0.000096	H@1 0.000000	H@3 0.000000	H@5 0.000100	H@10 0.000100
INFO:kbc-cli.py:Epoch 90/100	test results	MRR 0.000081	H@1 0.000000	H@3 0.000000	H@5 0.000000	H@10 0.000000
INFO:kbc-cli.py:Epoch 91/100	Loss nan ± nan
INFO:kbc-cli.py:Epoch 92/100	Loss nan ± nan
INFO:kbc-cli.py:Epoch 93/100	Loss nan ± nan
INFO:kbc-cli.py:Epoch 93/100	dev results	MRR 0.000096	H@1 0.000000	H@3 0.000000	H@5 0.000100	H@10 0.000100
INFO:kbc-cli.py:Epoch 93/100	test results	MRR 0.000081	H@1 0.000000	H@3 0.000000	H@5 0.000000	H@10 0.000000
INFO:kbc-cli.py:Epoch 94/100	Loss nan ± nan
INFO:kbc-cli.py:Epoch 95/100	Loss nan ± nan
INFO:kbc-cli.py:Epoch 96/100	Loss nan ± nan
INFO:kbc-cli.py:Epoch 96/100	dev results	MRR 0.000096	H@1 0.000000	H@3 0.000000	H@5 0.000100	H@10 0.000100
INFO:kbc-cli.py:Epoch 96/100	test results	MRR 0.000081	H@1 0.000000	H@3 0.000000	H@5 0.000000	H@10 0.000000
INFO:kbc-cli.py:Epoch 97/100	Loss nan ± nan
INFO:kbc-cli.py:Epoch 98/100	Loss nan ± nan
INFO:kbc-cli.py:Epoch 99/100	Loss nan ± nan
INFO:kbc-cli.py:Epoch 99/100	dev results	MRR 0.000096	H@1 0.000000	H@3 0.000000	H@5 0.000100	H@10 0.000100
INFO:kbc-cli.py:Epoch 99/100	test results	MRR 0.000081	H@1 0.000000	H@3 0.000000	H@5 0.000000	H@10 0.000000
INFO:kbc-cli.py:Epoch 100/100	Loss nan ± nan
INFO:kbc-cli.py:Final 	dev results	MRR 0.000096	H@1 0.000000	H@3 0.000000	H@5 0.000100	H@10 0.000100
INFO:kbc-cli.py:Final 	test results	MRR 0.000081	H@1 0.000000	H@3 0.000000	H@5 0.000000	H@10 0.000000
INFO:kbc-cli.py:Training finished
