./bin/kbc-cli.py --train data/yago3-10/train.tsv --dev data/yago3-10/dev.tsv --test data/yago3-10/test.tsv -m complex -k 1000 -b 500 -e 100 --F2 0.001 --N3 0 -l 0.1 -I reciprocal -V 3 -o adagrad -q
{'F2': 0.001,
 'N3': 0.0,
 'batch_size': 500,
 'dev': 'data/yago3-10/dev.tsv',
 'embedding_size': 1000,
 'epochs': 100,
 'eval_batch_size': None,
 'input_type': 'reciprocal',
 'learning_rate': 0.1,
 'load': None,
 'model': 'complex',
 'optimizer': 'adagrad',
 'quiet': True,
 'save': None,
 'seed': 0,
 'test': 'data/yago3-10/test.tsv',
 'test_i': None,
 'test_ii': None,
 'train': 'data/yago3-10/train.tsv',
 'validate_every': 3}
INFO:kbc-cli.py:Device: cuda
INFO:kbc-cli.py:Model state:
INFO:kbc-cli.py:	entities.weight	torch.Size([123182, 2000])
INFO:kbc-cli.py:	predicates.weight	torch.Size([74, 2000])
INFO:kbc-cli.py:Epoch 1/100	Loss 12.8895 ± 3.0532
INFO:kbc-cli.py:Epoch 2/100	Loss 8.2854 ± 0.1367
INFO:kbc-cli.py:Epoch 3/100	Loss 7.8024 ± 0.1462
INFO:kbc-cli.py:Epoch 3/100	dev results	MRR 0.502951	H@1 0.417500	H@3 0.548100	H@5 0.603000	H@10 0.668900
INFO:kbc-cli.py:Epoch 3/100	test results	MRR 0.502685	H@1 0.417500	H@3 0.547900	H@5 0.601300	H@10 0.664200
INFO:kbc-cli.py:Epoch 4/100	Loss 7.5894 ± 0.1575
INFO:kbc-cli.py:Epoch 5/100	Loss 7.4611 ± 0.1624
INFO:kbc-cli.py:Epoch 6/100	Loss 7.3719 ± 0.1625
INFO:kbc-cli.py:Epoch 6/100	dev results	MRR 0.544422	H@1 0.465100	H@3 0.591500	H@5 0.640400	H@10 0.692200
INFO:kbc-cli.py:Epoch 6/100	test results	MRR 0.539482	H@1 0.456900	H@3 0.585800	H@5 0.635200	H@10 0.693100
INFO:kbc-cli.py:Epoch 7/100	Loss 7.3046 ± 0.1630
INFO:kbc-cli.py:Epoch 8/100	Loss 7.2510 ± 0.1624
INFO:kbc-cli.py:Epoch 9/100	Loss 7.2070 ± 0.1629
INFO:kbc-cli.py:Epoch 9/100	dev results	MRR 0.559735	H@1 0.481800	H@3 0.607800	H@5 0.652600	H@10 0.702700
INFO:kbc-cli.py:Epoch 9/100	test results	MRR 0.554922	H@1 0.475200	H@3 0.603500	H@5 0.647400	H@10 0.697900
INFO:kbc-cli.py:Epoch 10/100	Loss 7.1703 ± 0.1621
INFO:kbc-cli.py:Epoch 11/100	Loss 7.1384 ± 0.1624
INFO:kbc-cli.py:Epoch 12/100	Loss 7.1107 ± 0.1606
INFO:kbc-cli.py:Epoch 12/100	dev results	MRR 0.568550	H@1 0.494000	H@3 0.612500	H@5 0.657400	H@10 0.703700
INFO:kbc-cli.py:Epoch 12/100	test results	MRR 0.561303	H@1 0.484300	H@3 0.606700	H@5 0.651400	H@10 0.699600
INFO:kbc-cli.py:Epoch 13/100	Loss 7.0861 ± 0.1583
INFO:kbc-cli.py:Epoch 14/100	Loss 7.0642 ± 0.1566
INFO:kbc-cli.py:Epoch 15/100	Loss 7.0445 ± 0.1567
INFO:kbc-cli.py:Epoch 15/100	dev results	MRR 0.569781	H@1 0.494100	H@3 0.616000	H@5 0.657800	H@10 0.706300
INFO:kbc-cli.py:Epoch 15/100	test results	MRR 0.566106	H@1 0.488800	H@3 0.614900	H@5 0.656500	H@10 0.703800
INFO:kbc-cli.py:Epoch 16/100	Loss 7.0272 ± 0.1562
INFO:kbc-cli.py:Epoch 17/100	Loss 7.0108 ± 0.1537
INFO:kbc-cli.py:Epoch 18/100	Loss 6.9957 ± 0.1543
INFO:kbc-cli.py:Epoch 18/100	dev results	MRR 0.571211	H@1 0.496400	H@3 0.616200	H@5 0.661800	H@10 0.704000
INFO:kbc-cli.py:Epoch 18/100	test results	MRR 0.568340	H@1 0.492100	H@3 0.616700	H@5 0.656700	H@10 0.701800
INFO:kbc-cli.py:Epoch 19/100	Loss 6.9818 ± 0.1524
INFO:kbc-cli.py:Epoch 20/100	Loss 6.9693 ± 0.1498
INFO:kbc-cli.py:Epoch 21/100	Loss 6.9577 ± 0.1540
INFO:kbc-cli.py:Epoch 21/100	dev results	MRR 0.572263	H@1 0.496600	H@3 0.618200	H@5 0.661500	H@10 0.705100
INFO:kbc-cli.py:Epoch 21/100	test results	MRR 0.573675	H@1 0.500300	H@3 0.617200	H@5 0.658300	H@10 0.705000
INFO:kbc-cli.py:Epoch 22/100	Loss 6.9465 ± 0.1497
INFO:kbc-cli.py:Epoch 23/100	Loss 6.9361 ± 0.1515
INFO:kbc-cli.py:Epoch 24/100	Loss 6.9265 ± 0.1484
INFO:kbc-cli.py:Epoch 24/100	dev results	MRR 0.574873	H@1 0.501400	H@3 0.619800	H@5 0.660700	H@10 0.706300
INFO:kbc-cli.py:Epoch 24/100	test results	MRR 0.573019	H@1 0.499500	H@3 0.618100	H@5 0.656200	H@10 0.703900
INFO:kbc-cli.py:Epoch 25/100	Loss 6.9174 ± 0.1504
INFO:kbc-cli.py:Epoch 26/100	Loss 6.9087 ± 0.1476
INFO:kbc-cli.py:Epoch 27/100	Loss 6.9007 ± 0.1491
INFO:kbc-cli.py:Epoch 27/100	dev results	MRR 0.575662	H@1 0.502100	H@3 0.621600	H@5 0.664000	H@10 0.707700
INFO:kbc-cli.py:Epoch 27/100	test results	MRR 0.573433	H@1 0.499300	H@3 0.618800	H@5 0.658600	H@10 0.704200
INFO:kbc-cli.py:Epoch 28/100	Loss 6.8930 ± 0.1470
INFO:kbc-cli.py:Epoch 29/100	Loss 6.8856 ± 0.1449
INFO:kbc-cli.py:Epoch 30/100	Loss 6.8789 ± 0.1442
INFO:kbc-cli.py:Epoch 30/100	dev results	MRR 0.575304	H@1 0.502300	H@3 0.619900	H@5 0.661500	H@10 0.706700
INFO:kbc-cli.py:Epoch 30/100	test results	MRR 0.573304	H@1 0.498700	H@3 0.619800	H@5 0.658900	H@10 0.705400
INFO:kbc-cli.py:Epoch 31/100	Loss 6.8720 ± 0.1465
INFO:kbc-cli.py:Epoch 32/100	Loss 6.8658 ± 0.1415
INFO:kbc-cli.py:Epoch 33/100	Loss 6.8599 ± 0.1445
INFO:kbc-cli.py:Epoch 33/100	dev results	MRR 0.576080	H@1 0.503000	H@3 0.620000	H@5 0.661200	H@10 0.707500
INFO:kbc-cli.py:Epoch 33/100	test results	MRR 0.574389	H@1 0.500200	H@3 0.619200	H@5 0.657900	H@10 0.707000
INFO:kbc-cli.py:Epoch 34/100	Loss 6.8540 ± 0.1429
INFO:kbc-cli.py:Epoch 35/100	Loss 6.8485 ± 0.1435
INFO:kbc-cli.py:Epoch 36/100	Loss 6.8434 ± 0.1404
INFO:kbc-cli.py:Epoch 36/100	dev results	MRR 0.576880	H@1 0.504600	H@3 0.619700	H@5 0.660800	H@10 0.707300
INFO:kbc-cli.py:Epoch 36/100	test results	MRR 0.575739	H@1 0.502100	H@3 0.621100	H@5 0.659100	H@10 0.706300
INFO:kbc-cli.py:Epoch 37/100	Loss 6.8382 ± 0.1432
INFO:kbc-cli.py:Epoch 38/100	Loss 6.8333 ± 0.1427
INFO:kbc-cli.py:Epoch 39/100	Loss 6.8287 ± 0.1404
INFO:kbc-cli.py:Epoch 39/100	dev results	MRR 0.576820	H@1 0.503900	H@3 0.620000	H@5 0.662700	H@10 0.707100
INFO:kbc-cli.py:Epoch 39/100	test results	MRR 0.575354	H@1 0.502300	H@3 0.618300	H@5 0.657100	H@10 0.707700
INFO:kbc-cli.py:Epoch 40/100	Loss 6.8241 ± 0.1407
INFO:kbc-cli.py:Epoch 41/100	Loss 6.8198 ± 0.1391
INFO:kbc-cli.py:Epoch 42/100	Loss 6.8155 ± 0.1400
INFO:kbc-cli.py:Epoch 42/100	dev results	MRR 0.576678	H@1 0.503700	H@3 0.621100	H@5 0.661300	H@10 0.708100
INFO:kbc-cli.py:Epoch 42/100	test results	MRR 0.574430	H@1 0.499600	H@3 0.621300	H@5 0.658100	H@10 0.705700
INFO:kbc-cli.py:Epoch 43/100	Loss 6.8117 ± 0.1401
INFO:kbc-cli.py:Epoch 44/100	Loss 6.8077 ± 0.1406
INFO:kbc-cli.py:Epoch 45/100	Loss 6.8038 ± 0.1380
INFO:kbc-cli.py:Epoch 45/100	dev results	MRR 0.578397	H@1 0.506700	H@3 0.622800	H@5 0.662700	H@10 0.706600
INFO:kbc-cli.py:Epoch 45/100	test results	MRR 0.577029	H@1 0.504800	H@3 0.619500	H@5 0.659900	H@10 0.706500
INFO:kbc-cli.py:Epoch 46/100	Loss 6.8002 ± 0.1382
INFO:kbc-cli.py:Epoch 47/100	Loss 6.7966 ± 0.1360
INFO:kbc-cli.py:Epoch 48/100	Loss 6.7932 ± 0.1358
INFO:kbc-cli.py:Epoch 48/100	dev results	MRR 0.577798	H@1 0.504500	H@3 0.620600	H@5 0.663700	H@10 0.706300
INFO:kbc-cli.py:Epoch 48/100	test results	MRR 0.575078	H@1 0.501600	H@3 0.617700	H@5 0.657100	H@10 0.705400
INFO:kbc-cli.py:Epoch 49/100	Loss 6.7899 ± 0.1377
INFO:kbc-cli.py:Epoch 50/100	Loss 6.7866 ± 0.1350
INFO:kbc-cli.py:Epoch 51/100	Loss 6.7836 ± 0.1355
INFO:kbc-cli.py:Epoch 51/100	dev results	MRR 0.576329	H@1 0.502800	H@3 0.620500	H@5 0.660800	H@10 0.707900
INFO:kbc-cli.py:Epoch 51/100	test results	MRR 0.576635	H@1 0.503700	H@3 0.622600	H@5 0.659000	H@10 0.706200
INFO:kbc-cli.py:Epoch 52/100	Loss 6.7803 ± 0.1377
INFO:kbc-cli.py:Epoch 53/100	Loss 6.7774 ± 0.1355
INFO:kbc-cli.py:Epoch 54/100	Loss 6.7744 ± 0.1348
INFO:kbc-cli.py:Epoch 54/100	dev results	MRR 0.577335	H@1 0.504500	H@3 0.621700	H@5 0.662400	H@10 0.708500
INFO:kbc-cli.py:Epoch 54/100	test results	MRR 0.577093	H@1 0.505300	H@3 0.619300	H@5 0.656400	H@10 0.705200
INFO:kbc-cli.py:Epoch 55/100	Loss 6.7719 ± 0.1347
INFO:kbc-cli.py:Epoch 56/100	Loss 6.7690 ± 0.1337
INFO:kbc-cli.py:Epoch 57/100	Loss 6.7663 ± 0.1316
INFO:kbc-cli.py:Epoch 57/100	dev results	MRR 0.578109	H@1 0.505700	H@3 0.621400	H@5 0.662700	H@10 0.706300
INFO:kbc-cli.py:Epoch 57/100	test results	MRR 0.575742	H@1 0.502800	H@3 0.619000	H@5 0.657800	H@10 0.706200
INFO:kbc-cli.py:Epoch 58/100	Loss 6.7637 ± 0.1320
INFO:kbc-cli.py:Epoch 59/100	Loss 6.7611 ± 0.1328
INFO:kbc-cli.py:Epoch 60/100	Loss 6.7587 ± 0.1329
INFO:kbc-cli.py:Epoch 60/100	dev results	MRR 0.577864	H@1 0.505600	H@3 0.621700	H@5 0.663100	H@10 0.706500
INFO:kbc-cli.py:Epoch 60/100	test results	MRR 0.576749	H@1 0.503300	H@3 0.621400	H@5 0.659000	H@10 0.706500
INFO:kbc-cli.py:Epoch 61/100	Loss 6.7562 ± 0.1300
INFO:kbc-cli.py:Epoch 62/100	Loss 6.7540 ± 0.1337
INFO:kbc-cli.py:Epoch 63/100	Loss 6.7516 ± 0.1342
INFO:kbc-cli.py:Epoch 63/100	dev results	MRR 0.577989	H@1 0.505800	H@3 0.619900	H@5 0.662200	H@10 0.707800
INFO:kbc-cli.py:Epoch 63/100	test results	MRR 0.575910	H@1 0.502700	H@3 0.620100	H@5 0.657700	H@10 0.707900
INFO:kbc-cli.py:Epoch 64/100	Loss 6.7494 ± 0.1303
INFO:kbc-cli.py:Epoch 65/100	Loss 6.7472 ± 0.1302
INFO:kbc-cli.py:Epoch 66/100	Loss 6.7450 ± 0.1294
INFO:kbc-cli.py:Epoch 66/100	dev results	MRR 0.578608	H@1 0.506700	H@3 0.622200	H@5 0.662800	H@10 0.707300
INFO:kbc-cli.py:Epoch 66/100	test results	MRR 0.575910	H@1 0.502400	H@3 0.621000	H@5 0.658900	H@10 0.707000
INFO:kbc-cli.py:Epoch 67/100	Loss 6.7428 ± 0.1294
INFO:kbc-cli.py:Epoch 68/100	Loss 6.7408 ± 0.1299
INFO:kbc-cli.py:Epoch 69/100	Loss 6.7389 ± 0.1299
INFO:kbc-cli.py:Epoch 69/100	dev results	MRR 0.579097	H@1 0.508000	H@3 0.620500	H@5 0.663300	H@10 0.706700
INFO:kbc-cli.py:Epoch 69/100	test results	MRR 0.576681	H@1 0.503900	H@3 0.620200	H@5 0.658100	H@10 0.706400
INFO:kbc-cli.py:Epoch 70/100	Loss 6.7369 ± 0.1282
INFO:kbc-cli.py:Epoch 71/100	Loss 6.7349 ± 0.1280
INFO:kbc-cli.py:Epoch 72/100	Loss 6.7330 ± 0.1308
INFO:kbc-cli.py:Epoch 72/100	dev results	MRR 0.577390	H@1 0.505400	H@3 0.620200	H@5 0.663300	H@10 0.706100
INFO:kbc-cli.py:Epoch 72/100	test results	MRR 0.576024	H@1 0.503000	H@3 0.618900	H@5 0.658300	H@10 0.704200
INFO:kbc-cli.py:Epoch 73/100	Loss 6.7312 ± 0.1289
INFO:kbc-cli.py:Epoch 74/100	Loss 6.7294 ± 0.1289
INFO:kbc-cli.py:Epoch 75/100	Loss 6.7277 ± 0.1309
INFO:kbc-cli.py:Epoch 75/100	dev results	MRR 0.578581	H@1 0.507500	H@3 0.621300	H@5 0.662800	H@10 0.707000
INFO:kbc-cli.py:Epoch 75/100	test results	MRR 0.576988	H@1 0.503600	H@3 0.619900	H@5 0.659100	H@10 0.706900
INFO:kbc-cli.py:Epoch 76/100	Loss 6.7259 ± 0.1292
INFO:kbc-cli.py:Epoch 77/100	Loss 6.7241 ± 0.1274
INFO:kbc-cli.py:Epoch 78/100	Loss 6.7224 ± 0.1271
INFO:kbc-cli.py:Epoch 78/100	dev results	MRR 0.577583	H@1 0.505600	H@3 0.620400	H@5 0.662400	H@10 0.707700
INFO:kbc-cli.py:Epoch 78/100	test results	MRR 0.577056	H@1 0.503800	H@3 0.622000	H@5 0.657600	H@10 0.706900
INFO:kbc-cli.py:Epoch 79/100	Loss 6.7208 ± 0.1266
INFO:kbc-cli.py:Epoch 80/100	Loss 6.7192 ± 0.1283
INFO:kbc-cli.py:Epoch 81/100	Loss 6.7176 ± 0.1306
INFO:kbc-cli.py:Epoch 81/100	dev results	MRR 0.577100	H@1 0.505100	H@3 0.619600	H@5 0.663300	H@10 0.707900
INFO:kbc-cli.py:Epoch 81/100	test results	MRR 0.576010	H@1 0.502400	H@3 0.619300	H@5 0.659200	H@10 0.705800
