./bin/kbc-cli.py --train data/yago3-10/train.tsv --dev data/yago3-10/dev.tsv --test data/yago3-10/test.tsv -m complex -k 500 -b 500 -e 100 --F2 0.001 --N3 0 -l 0.1 -I standard -V 3 -o adagrad -q
{'F2': 0.001,
 'N3': 0.0,
 'batch_size': 500,
 'dev': 'data/yago3-10/dev.tsv',
 'embedding_size': 500,
 'epochs': 100,
 'eval_batch_size': None,
 'input_type': 'standard',
 'learning_rate': 0.1,
 'load': None,
 'model': 'complex',
 'optimizer': 'adagrad',
 'quiet': True,
 'save': None,
 'seed': 0,
 'test': 'data/yago3-10/test.tsv',
 'test_i': None,
 'test_ii': None,
 'train': 'data/yago3-10/train.tsv',
 'validate_every': 3}
INFO:kbc-cli.py:Device: cuda
INFO:kbc-cli.py:Model state:
INFO:kbc-cli.py:	entities.weight	torch.Size([123182, 1000])
INFO:kbc-cli.py:	predicates.weight	torch.Size([37, 1000])
INFO:kbc-cli.py:Epoch 1/100	Loss 16.0328 ± 2.3266
INFO:kbc-cli.py:Epoch 2/100	Loss 9.9778 ± 0.1524
INFO:kbc-cli.py:Epoch 3/100	Loss 8.5725 ± 0.2752
INFO:kbc-cli.py:Epoch 3/100	dev results	MRR 0.448230	H@1 0.360000	H@3 0.491100	H@5 0.545900	H@10 0.616900
INFO:kbc-cli.py:Epoch 3/100	test results	MRR 0.450064	H@1 0.362400	H@3 0.491700	H@5 0.548500	H@10 0.618500
INFO:kbc-cli.py:Epoch 4/100	Loss 8.1218 ± 0.2839
INFO:kbc-cli.py:Epoch 5/100	Loss 7.8842 ± 0.2813
INFO:kbc-cli.py:Epoch 6/100	Loss 7.7318 ± 0.2730
INFO:kbc-cli.py:Epoch 6/100	dev results	MRR 0.511182	H@1 0.425400	H@3 0.559100	H@5 0.610300	H@10 0.672000
INFO:kbc-cli.py:Epoch 6/100	test results	MRR 0.507634	H@1 0.421800	H@3 0.553400	H@5 0.605800	H@10 0.668700
INFO:kbc-cli.py:Epoch 7/100	Loss 7.6229 ± 0.2659
INFO:kbc-cli.py:Epoch 8/100	Loss 7.5387 ± 0.2613
INFO:kbc-cli.py:Epoch 9/100	Loss 7.4720 ± 0.2557
INFO:kbc-cli.py:Epoch 9/100	dev results	MRR 0.540509	H@1 0.458100	H@3 0.592000	H@5 0.639300	H@10 0.690900
INFO:kbc-cli.py:Epoch 9/100	test results	MRR 0.533027	H@1 0.449800	H@3 0.580200	H@5 0.632200	H@10 0.685900
INFO:kbc-cli.py:Epoch 10/100	Loss 7.4163 ± 0.2512
INFO:kbc-cli.py:Epoch 11/100	Loss 7.3696 ± 0.2430
INFO:kbc-cli.py:Epoch 12/100	Loss 7.3300 ± 0.2360
INFO:kbc-cli.py:Epoch 12/100	dev results	MRR 0.551394	H@1 0.470900	H@3 0.601700	H@5 0.645500	H@10 0.694300
INFO:kbc-cli.py:Epoch 12/100	test results	MRR 0.549557	H@1 0.470400	H@3 0.598600	H@5 0.641700	H@10 0.691800
INFO:kbc-cli.py:Epoch 13/100	Loss 7.2947 ± 0.2380
INFO:kbc-cli.py:Epoch 14/100	Loss 7.2633 ± 0.2305
INFO:kbc-cli.py:Epoch 15/100	Loss 7.2356 ± 0.2281
INFO:kbc-cli.py:Epoch 15/100	dev results	MRR 0.559342	H@1 0.481500	H@3 0.608800	H@5 0.649900	H@10 0.697100
INFO:kbc-cli.py:Epoch 15/100	test results	MRR 0.555936	H@1 0.477900	H@3 0.604700	H@5 0.645700	H@10 0.693500
INFO:kbc-cli.py:Epoch 16/100	Loss 7.2109 ± 0.2264
INFO:kbc-cli.py:Epoch 17/100	Loss 7.1880 ± 0.2204
INFO:kbc-cli.py:Epoch 18/100	Loss 7.1671 ± 0.2199
INFO:kbc-cli.py:Epoch 18/100	dev results	MRR 0.564329	H@1 0.487800	H@3 0.613800	H@5 0.653500	H@10 0.700100
INFO:kbc-cli.py:Epoch 18/100	test results	MRR 0.560973	H@1 0.484700	H@3 0.608100	H@5 0.651900	H@10 0.695700
INFO:kbc-cli.py:Epoch 19/100	Loss 7.1483 ± 0.2172
INFO:kbc-cli.py:Epoch 20/100	Loss 7.1309 ± 0.2157
INFO:kbc-cli.py:Epoch 21/100	Loss 7.1140 ± 0.2114
INFO:kbc-cli.py:Epoch 21/100	dev results	MRR 0.566236	H@1 0.489400	H@3 0.613900	H@5 0.655900	H@10 0.701100
INFO:kbc-cli.py:Epoch 21/100	test results	MRR 0.563840	H@1 0.488500	H@3 0.610300	H@5 0.652600	H@10 0.698700
INFO:kbc-cli.py:Epoch 22/100	Loss 7.0993 ± 0.2149
INFO:kbc-cli.py:Epoch 23/100	Loss 7.0851 ± 0.2067
INFO:kbc-cli.py:Epoch 24/100	Loss 7.0717 ± 0.2040
INFO:kbc-cli.py:Epoch 24/100	dev results	MRR 0.568953	H@1 0.492600	H@3 0.618200	H@5 0.658300	H@10 0.701300
INFO:kbc-cli.py:Epoch 24/100	test results	MRR 0.565993	H@1 0.491300	H@3 0.611500	H@5 0.653600	H@10 0.698700
INFO:kbc-cli.py:Epoch 25/100	Loss 7.0592 ± 0.2016
INFO:kbc-cli.py:Epoch 26/100	Loss 7.0472 ± 0.1982
INFO:kbc-cli.py:Epoch 27/100	Loss 7.0364 ± 0.2044
INFO:kbc-cli.py:Epoch 27/100	dev results	MRR 0.569877	H@1 0.495600	H@3 0.616300	H@5 0.659300	H@10 0.700400
INFO:kbc-cli.py:Epoch 27/100	test results	MRR 0.569010	H@1 0.495100	H@3 0.614200	H@5 0.655400	H@10 0.698400
INFO:kbc-cli.py:Epoch 28/100	Loss 7.0256 ± 0.1974
INFO:kbc-cli.py:Epoch 29/100	Loss 7.0159 ± 0.1958
INFO:kbc-cli.py:Epoch 30/100	Loss 7.0066 ± 0.1960
INFO:kbc-cli.py:Epoch 30/100	dev results	MRR 0.571397	H@1 0.497700	H@3 0.618600	H@5 0.657700	H@10 0.702000
INFO:kbc-cli.py:Epoch 30/100	test results	MRR 0.567596	H@1 0.491700	H@3 0.615700	H@5 0.657200	H@10 0.698800
INFO:kbc-cli.py:Epoch 31/100	Loss 6.9972 ± 0.1958
INFO:kbc-cli.py:Epoch 32/100	Loss 6.9889 ± 0.1913
INFO:kbc-cli.py:Epoch 33/100	Loss 6.9804 ± 0.1870
INFO:kbc-cli.py:Epoch 33/100	dev results	MRR 0.573247	H@1 0.499300	H@3 0.621400	H@5 0.659600	H@10 0.702000
INFO:kbc-cli.py:Epoch 33/100	test results	MRR 0.569948	H@1 0.496100	H@3 0.615900	H@5 0.656800	H@10 0.699300
INFO:kbc-cli.py:Epoch 34/100	Loss 6.9727 ± 0.1864
INFO:kbc-cli.py:Epoch 35/100	Loss 6.9653 ± 0.1865
INFO:kbc-cli.py:Epoch 36/100	Loss 6.9578 ± 0.1860
INFO:kbc-cli.py:Epoch 36/100	dev results	MRR 0.572441	H@1 0.498900	H@3 0.620200	H@5 0.659700	H@10 0.702300
INFO:kbc-cli.py:Epoch 36/100	test results	MRR 0.569926	H@1 0.494700	H@3 0.617700	H@5 0.658400	H@10 0.699200
INFO:kbc-cli.py:Epoch 37/100	Loss 6.9511 ± 0.1833
INFO:kbc-cli.py:Epoch 38/100	Loss 6.9446 ± 0.1833
INFO:kbc-cli.py:Epoch 39/100	Loss 6.9385 ± 0.1803
INFO:kbc-cli.py:Epoch 39/100	dev results	MRR 0.573371	H@1 0.498700	H@3 0.621400	H@5 0.658900	H@10 0.701400
INFO:kbc-cli.py:Epoch 39/100	test results	MRR 0.570601	H@1 0.496200	H@3 0.616900	H@5 0.658400	H@10 0.701600
INFO:kbc-cli.py:Epoch 40/100	Loss 6.9320 ± 0.1802
INFO:kbc-cli.py:Epoch 41/100	Loss 6.9261 ± 0.1821
INFO:kbc-cli.py:Epoch 42/100	Loss 6.9202 ± 0.1773
INFO:kbc-cli.py:Epoch 42/100	dev results	MRR 0.571729	H@1 0.496900	H@3 0.620600	H@5 0.660600	H@10 0.702500
INFO:kbc-cli.py:Epoch 42/100	test results	MRR 0.572009	H@1 0.498100	H@3 0.618700	H@5 0.658000	H@10 0.701000
INFO:kbc-cli.py:Epoch 43/100	Loss 6.9146 ± 0.1788
INFO:kbc-cli.py:Epoch 44/100	Loss 6.9100 ± 0.1769
INFO:kbc-cli.py:Epoch 45/100	Loss 6.9042 ± 0.1748
INFO:kbc-cli.py:Epoch 45/100	dev results	MRR 0.573502	H@1 0.499900	H@3 0.620600	H@5 0.659600	H@10 0.702500
INFO:kbc-cli.py:Epoch 45/100	test results	MRR 0.572240	H@1 0.498000	H@3 0.618200	H@5 0.657700	H@10 0.702000
INFO:kbc-cli.py:Epoch 46/100	Loss 6.8997 ± 0.1733
INFO:kbc-cli.py:Epoch 47/100	Loss 6.8944 ± 0.1708
INFO:kbc-cli.py:Epoch 48/100	Loss 6.8899 ± 0.1737
INFO:kbc-cli.py:Epoch 48/100	dev results	MRR 0.572808	H@1 0.499000	H@3 0.619700	H@5 0.658700	H@10 0.703700
INFO:kbc-cli.py:Epoch 48/100	test results	MRR 0.572118	H@1 0.497600	H@3 0.619800	H@5 0.659200	H@10 0.700800
INFO:kbc-cli.py:Epoch 49/100	Loss 6.8857 ± 0.1756
INFO:kbc-cli.py:Epoch 50/100	Loss 6.8809 ± 0.1723
INFO:kbc-cli.py:Epoch 51/100	Loss 6.8770 ± 0.1716
INFO:kbc-cli.py:Epoch 51/100	dev results	MRR 0.574778	H@1 0.502700	H@3 0.620100	H@5 0.659600	H@10 0.702500
INFO:kbc-cli.py:Epoch 51/100	test results	MRR 0.571885	H@1 0.497100	H@3 0.620300	H@5 0.657400	H@10 0.700800
INFO:kbc-cli.py:Epoch 52/100	Loss 6.8725 ± 0.1720
INFO:kbc-cli.py:Epoch 53/100	Loss 6.8688 ± 0.1659
INFO:kbc-cli.py:Epoch 54/100	Loss 6.8647 ± 0.1674
INFO:kbc-cli.py:Epoch 54/100	dev results	MRR 0.573788	H@1 0.500200	H@3 0.620900	H@5 0.659500	H@10 0.702700
INFO:kbc-cli.py:Epoch 54/100	test results	MRR 0.574634	H@1 0.501800	H@3 0.620200	H@5 0.659500	H@10 0.700300
INFO:kbc-cli.py:Epoch 55/100	Loss 6.8609 ± 0.1665
INFO:kbc-cli.py:Epoch 56/100	Loss 6.8569 ± 0.1624
INFO:kbc-cli.py:Epoch 57/100	Loss 6.8534 ± 0.1645
INFO:kbc-cli.py:Epoch 57/100	dev results	MRR 0.572866	H@1 0.499200	H@3 0.620100	H@5 0.659400	H@10 0.702800
INFO:kbc-cli.py:Epoch 57/100	test results	MRR 0.572165	H@1 0.497200	H@3 0.619900	H@5 0.657800	H@10 0.701700
INFO:kbc-cli.py:Epoch 58/100	Loss 6.8499 ± 0.1628
INFO:kbc-cli.py:Epoch 59/100	Loss 6.8463 ± 0.1604
INFO:kbc-cli.py:Epoch 60/100	Loss 6.8437 ± 0.1671
INFO:kbc-cli.py:Epoch 60/100	dev results	MRR 0.574135	H@1 0.502100	H@3 0.619900	H@5 0.657100	H@10 0.703600
INFO:kbc-cli.py:Epoch 60/100	test results	MRR 0.572568	H@1 0.498300	H@3 0.619100	H@5 0.657900	H@10 0.701300
INFO:kbc-cli.py:Epoch 61/100	Loss 6.8398 ± 0.1627
INFO:kbc-cli.py:Epoch 62/100	Loss 6.8365 ± 0.1623
INFO:kbc-cli.py:Epoch 63/100	Loss 6.8336 ± 0.1611
INFO:kbc-cli.py:Epoch 63/100	dev results	MRR 0.575325	H@1 0.503500	H@3 0.620100	H@5 0.659000	H@10 0.704300
INFO:kbc-cli.py:Epoch 63/100	test results	MRR 0.574222	H@1 0.500900	H@3 0.620900	H@5 0.658800	H@10 0.701000
INFO:kbc-cli.py:Epoch 64/100	Loss 6.8305 ± 0.1562
INFO:kbc-cli.py:Epoch 65/100	Loss 6.8276 ± 0.1578
INFO:kbc-cli.py:Epoch 66/100	Loss 6.8243 ± 0.1619
INFO:kbc-cli.py:Epoch 66/100	dev results	MRR 0.574420	H@1 0.501900	H@3 0.621800	H@5 0.659400	H@10 0.703400
INFO:kbc-cli.py:Epoch 66/100	test results	MRR 0.573426	H@1 0.499900	H@3 0.618600	H@5 0.658300	H@10 0.701400
INFO:kbc-cli.py:Epoch 67/100	Loss 6.8217 ± 0.1641
INFO:kbc-cli.py:Epoch 68/100	Loss 6.8187 ± 0.1598
INFO:kbc-cli.py:Epoch 69/100	Loss 6.8165 ± 0.1610
INFO:kbc-cli.py:Epoch 69/100	dev results	MRR 0.575542	H@1 0.504900	H@3 0.620400	H@5 0.658500	H@10 0.703100
INFO:kbc-cli.py:Epoch 69/100	test results	MRR 0.574829	H@1 0.501900	H@3 0.620500	H@5 0.656800	H@10 0.701600
INFO:kbc-cli.py:Epoch 70/100	Loss 6.8135 ± 0.1568
INFO:kbc-cli.py:Epoch 71/100	Loss 6.8107 ± 0.1560
INFO:kbc-cli.py:Epoch 72/100	Loss 6.8085 ± 0.1550
INFO:kbc-cli.py:Epoch 72/100	dev results	MRR 0.574777	H@1 0.502800	H@3 0.620200	H@5 0.658200	H@10 0.702200
INFO:kbc-cli.py:Epoch 72/100	test results	MRR 0.575037	H@1 0.502300	H@3 0.620300	H@5 0.658600	H@10 0.702200
INFO:kbc-cli.py:Epoch 73/100	Loss 6.8056 ± 0.1590
INFO:kbc-cli.py:Epoch 74/100	Loss 6.8035 ± 0.1558
INFO:kbc-cli.py:Epoch 75/100	Loss 6.8007 ± 0.1598
INFO:kbc-cli.py:Epoch 75/100	dev results	MRR 0.574608	H@1 0.502200	H@3 0.618400	H@5 0.657900	H@10 0.702500
INFO:kbc-cli.py:Epoch 75/100	test results	MRR 0.574823	H@1 0.501600	H@3 0.619900	H@5 0.657400	H@10 0.702200
INFO:kbc-cli.py:Epoch 76/100	Loss 6.7986 ± 0.1551
INFO:kbc-cli.py:Epoch 77/100	Loss 6.7963 ± 0.1582
INFO:kbc-cli.py:Epoch 78/100	Loss 6.7941 ± 0.1586
INFO:kbc-cli.py:Epoch 78/100	dev results	MRR 0.575379	H@1 0.504400	H@3 0.618600	H@5 0.657900	H@10 0.702600
INFO:kbc-cli.py:Epoch 78/100	test results	MRR 0.574907	H@1 0.502500	H@3 0.620500	H@5 0.657600	H@10 0.700900
INFO:kbc-cli.py:Epoch 79/100	Loss 6.7916 ± 0.1506
INFO:kbc-cli.py:Epoch 80/100	Loss 6.7897 ± 0.1530
INFO:kbc-cli.py:Epoch 81/100	Loss 6.7875 ± 0.1514
INFO:kbc-cli.py:Epoch 81/100	dev results	MRR 0.574621	H@1 0.502300	H@3 0.619500	H@5 0.657400	H@10 0.702500
INFO:kbc-cli.py:Epoch 81/100	test results	MRR 0.574791	H@1 0.501900	H@3 0.620600	H@5 0.658100	H@10 0.701200
INFO:kbc-cli.py:Epoch 82/100	Loss 6.7852 ± 0.1542
INFO:kbc-cli.py:Epoch 83/100	Loss 6.7830 ± 0.1540
INFO:kbc-cli.py:Epoch 84/100	Loss 6.7811 ± 0.1501
INFO:kbc-cli.py:Epoch 84/100	dev results	MRR 0.573934	H@1 0.501000	H@3 0.618900	H@5 0.658400	H@10 0.701900
INFO:kbc-cli.py:Epoch 84/100	test results	MRR 0.574722	H@1 0.502100	H@3 0.619400	H@5 0.657900	H@10 0.700600
INFO:kbc-cli.py:Epoch 85/100	Loss 6.7791 ± 0.1502
INFO:kbc-cli.py:Epoch 86/100	Loss 6.7768 ± 0.1473
INFO:kbc-cli.py:Epoch 87/100	Loss 6.7751 ± 0.1513
INFO:kbc-cli.py:Epoch 87/100	dev results	MRR 0.574734	H@1 0.502600	H@3 0.619700	H@5 0.658400	H@10 0.702800
INFO:kbc-cli.py:Epoch 87/100	test results	MRR 0.574651	H@1 0.501000	H@3 0.621400	H@5 0.659200	H@10 0.701100
INFO:kbc-cli.py:Epoch 88/100	Loss 6.7734 ± 0.1550
INFO:kbc-cli.py:Epoch 89/100	Loss 6.7713 ± 0.1519
INFO:kbc-cli.py:Epoch 90/100	Loss 6.7694 ± 0.1516
INFO:kbc-cli.py:Epoch 90/100	dev results	MRR 0.575521	H@1 0.504200	H@3 0.618800	H@5 0.657700	H@10 0.702300
INFO:kbc-cli.py:Epoch 90/100	test results	MRR 0.574780	H@1 0.502000	H@3 0.621300	H@5 0.657800	H@10 0.702600
INFO:kbc-cli.py:Epoch 91/100	Loss 6.7677 ± 0.1481
INFO:kbc-cli.py:Epoch 92/100	Loss 6.7657 ± 0.1496
INFO:kbc-cli.py:Epoch 93/100	Loss 6.7642 ± 0.1498
INFO:kbc-cli.py:Epoch 93/100	dev results	MRR 0.575397	H@1 0.503700	H@3 0.619200	H@5 0.658000	H@10 0.702400
INFO:kbc-cli.py:Epoch 93/100	test results	MRR 0.575335	H@1 0.503300	H@3 0.620900	H@5 0.657300	H@10 0.701600
INFO:kbc-cli.py:Epoch 94/100	Loss 6.7624 ± 0.1468
INFO:kbc-cli.py:Epoch 95/100	Loss 6.7605 ± 0.1492
INFO:kbc-cli.py:Epoch 96/100	Loss 6.7589 ± 0.1452
INFO:kbc-cli.py:Epoch 96/100	dev results	MRR 0.575711	H@1 0.504300	H@3 0.619800	H@5 0.658400	H@10 0.701800
INFO:kbc-cli.py:Epoch 96/100	test results	MRR 0.574359	H@1 0.502400	H@3 0.618700	H@5 0.657700	H@10 0.701300
INFO:kbc-cli.py:Epoch 97/100	Loss 6.7575 ± 0.1483
INFO:kbc-cli.py:Epoch 98/100	Loss 6.7559 ± 0.1453
INFO:kbc-cli.py:Epoch 99/100	Loss 6.7540 ± 0.1482
INFO:kbc-cli.py:Epoch 99/100	dev results	MRR 0.574586	H@1 0.502400	H@3 0.619600	H@5 0.657100	H@10 0.701200
INFO:kbc-cli.py:Epoch 99/100	test results	MRR 0.575647	H@1 0.503800	H@3 0.619000	H@5 0.659300	H@10 0.701700
INFO:kbc-cli.py:Epoch 100/100	Loss 6.7524 ± 0.1450
INFO:kbc-cli.py:Final 	dev results	MRR 0.575655	H@1 0.504300	H@3 0.620400	H@5 0.658400	H@10 0.701300
INFO:kbc-cli.py:Final 	test results	MRR 0.575378	H@1 0.502900	H@3 0.619600	H@5 0.659000	H@10 0.700800
INFO:kbc-cli.py:Training finished
