./bin/meta-cli.py --train data/wn18rr/train.tsv --dev data/wn18rr/dev.tsv --test data/wn18rr/test.tsv -m complex -k 2000 -b 500 -e 100 --F2 0 --N3 0.1 -l 0.1 -I reciprocal -V 3 -o adagrad -q
{'F2': 0.0,
 'N3': 0.1,
 'batch_size': 500,
 'dev': 'data/wn18rr/dev.tsv',
 'embedding_size': 2000,
 'epochs': 100,
 'eval_batch_size': None,
 'input_type': 'reciprocal',
 'learning_rate': 0.1,
 'load': None,
 'model': 'complex',
 'optimizer': 'adagrad',
 'quiet': True,
 'save': None,
 'seed': 0,
 'test': 'data/wn18rr/test.tsv',
 'test_i': None,
 'test_ii': None,
 'train': 'data/wn18rr/train.tsv',
 'validate_every': 3}
INFO:meta-cli.py:Device: cuda
INFO:meta-cli.py:Model state:
INFO:meta-cli.py:	entities.weight	torch.Size([40943, 4000])
INFO:meta-cli.py:	predicates.weight	torch.Size([22, 4000])
INFO:meta-cli.py:Epoch 1/100	Loss 20.8584 ± 3.0648
INFO:meta-cli.py:Epoch 2/100	Loss 11.6548 ± 0.5114
INFO:meta-cli.py:Epoch 3/100	Loss 9.8320 ± 0.1396
INFO:meta-cli.py:Epoch 3/100	dev results	MRR 0.462474	H@1 0.420402	H@3 0.479400	H@5 0.508075	H@10 0.538893
INFO:meta-cli.py:Epoch 3/100	test results	MRR 0.460652	H@1 0.418953	H@3 0.478622	H@5 0.502074	H@10 0.538130
INFO:meta-cli.py:Epoch 4/100	Loss 9.1087 ± 0.1137
INFO:meta-cli.py:Epoch 5/100	Loss 8.6869 ± 0.1151
INFO:meta-cli.py:Epoch 6/100	Loss 8.4021 ± 0.1138
INFO:meta-cli.py:Epoch 6/100	dev results	MRR 0.475146	H@1 0.435893	H@3 0.487475	H@5 0.514338	H@10 0.554548
INFO:meta-cli.py:Epoch 6/100	test results	MRR 0.473314	H@1 0.432514	H@3 0.489789	H@5 0.516273	H@10 0.552489
INFO:meta-cli.py:Epoch 7/100	Loss 8.1973 ± 0.1210
INFO:meta-cli.py:Epoch 8/100	Loss 8.0406 ± 0.1314
INFO:meta-cli.py:Epoch 9/100	Loss 7.9168 ± 0.1181
INFO:meta-cli.py:Epoch 9/100	dev results	MRR 0.478322	H@1 0.438530	H@3 0.493738	H@5 0.520600	H@10 0.557680
INFO:meta-cli.py:Epoch 9/100	test results	MRR 0.479319	H@1 0.437460	H@3 0.496490	H@5 0.523931	H@10 0.559030
INFO:meta-cli.py:Epoch 10/100	Loss 7.8152 ± 0.1253
INFO:meta-cli.py:Epoch 11/100	Loss 7.7335 ± 0.1303
INFO:meta-cli.py:Epoch 12/100	Loss 7.6632 ± 0.1274
INFO:meta-cli.py:Epoch 12/100	dev results	MRR 0.481609	H@1 0.441826	H@3 0.493078	H@5 0.525379	H@10 0.560646
INFO:meta-cli.py:Epoch 12/100	test results	MRR 0.480207	H@1 0.437620	H@3 0.495852	H@5 0.525526	H@10 0.565093
INFO:meta-cli.py:Epoch 13/100	Loss 7.6028 ± 0.1209
INFO:meta-cli.py:Epoch 14/100	Loss 7.5527 ± 0.1232
INFO:meta-cli.py:Epoch 15/100	Loss 7.5077 ± 0.1294
INFO:meta-cli.py:Epoch 15/100	dev results	MRR 0.481240	H@1 0.441002	H@3 0.495550	H@5 0.524555	H@10 0.561140
INFO:meta-cli.py:Epoch 15/100	test results	MRR 0.480237	H@1 0.437620	H@3 0.495852	H@5 0.523772	H@10 0.566050
INFO:meta-cli.py:Epoch 16/100	Loss 7.4682 ± 0.1263
INFO:meta-cli.py:Epoch 17/100	Loss 7.4329 ± 0.1238
INFO:meta-cli.py:Epoch 18/100	Loss 7.4009 ± 0.1235
INFO:meta-cli.py:Epoch 18/100	dev results	MRR 0.480807	H@1 0.438365	H@3 0.495880	H@5 0.523072	H@10 0.565096
INFO:meta-cli.py:Epoch 18/100	test results	MRR 0.481972	H@1 0.439375	H@3 0.497447	H@5 0.525048	H@10 0.567805
INFO:meta-cli.py:Epoch 19/100	Loss 7.3733 ± 0.1214
INFO:meta-cli.py:Epoch 20/100	Loss 7.3469 ± 0.1220
INFO:meta-cli.py:Epoch 21/100	Loss 7.3235 ± 0.1191
INFO:meta-cli.py:Epoch 21/100	dev results	MRR 0.482544	H@1 0.440013	H@3 0.497198	H@5 0.526533	H@10 0.566579
INFO:meta-cli.py:Epoch 21/100	test results	MRR 0.481562	H@1 0.438417	H@3 0.495533	H@5 0.526005	H@10 0.569081
INFO:meta-cli.py:Epoch 22/100	Loss 7.3023 ± 0.1264
INFO:meta-cli.py:Epoch 23/100	Loss 7.2832 ± 0.1226
INFO:meta-cli.py:Epoch 24/100	Loss 7.2660 ± 0.1259
INFO:meta-cli.py:Epoch 24/100	dev results	MRR 0.482371	H@1 0.440013	H@3 0.496539	H@5 0.524390	H@10 0.566744
INFO:meta-cli.py:Epoch 24/100	test results	MRR 0.483083	H@1 0.439215	H@3 0.499043	H@5 0.526005	H@10 0.569241
INFO:meta-cli.py:Epoch 25/100	Loss 7.2480 ± 0.1190
INFO:meta-cli.py:Epoch 26/100	Loss 7.2321 ± 0.1204
INFO:meta-cli.py:Epoch 27/100	Loss 7.2186 ± 0.1151
INFO:meta-cli.py:Epoch 27/100	dev results	MRR 0.482904	H@1 0.440672	H@3 0.496374	H@5 0.525709	H@10 0.567897
INFO:meta-cli.py:Epoch 27/100	test results	MRR 0.482604	H@1 0.438417	H@3 0.496809	H@5 0.527760	H@10 0.569241
INFO:meta-cli.py:Epoch 28/100	Loss 7.2049 ± 0.1230
INFO:meta-cli.py:Epoch 29/100	Loss 7.1924 ± 0.1217
INFO:meta-cli.py:Epoch 30/100	Loss 7.1813 ± 0.1121
INFO:meta-cli.py:Epoch 30/100	dev results	MRR 0.483004	H@1 0.440178	H@3 0.498846	H@5 0.526203	H@10 0.567238
INFO:meta-cli.py:Epoch 30/100	test results	MRR 0.483683	H@1 0.440013	H@3 0.499681	H@5 0.526484	H@10 0.570836
INFO:meta-cli.py:Epoch 31/100	Loss 7.1700 ± 0.1268
INFO:meta-cli.py:Epoch 32/100	Loss 7.1589 ± 0.1213
INFO:meta-cli.py:Epoch 33/100	Loss 7.1491 ± 0.1174
INFO:meta-cli.py:Epoch 33/100	dev results	MRR 0.482906	H@1 0.439848	H@3 0.497034	H@5 0.527192	H@10 0.566908
INFO:meta-cli.py:Epoch 33/100	test results	MRR 0.481833	H@1 0.437301	H@3 0.496011	H@5 0.528079	H@10 0.571953
INFO:meta-cli.py:Epoch 34/100	Loss 7.1399 ± 0.1194
INFO:meta-cli.py:Epoch 35/100	Loss 7.1313 ± 0.1159
INFO:meta-cli.py:Epoch 36/100	Loss 7.1228 ± 0.1150
INFO:meta-cli.py:Epoch 36/100	dev results	MRR 0.483433	H@1 0.442156	H@3 0.495550	H@5 0.524720	H@10 0.566744
INFO:meta-cli.py:Epoch 36/100	test results	MRR 0.481940	H@1 0.437779	H@3 0.496490	H@5 0.526962	H@10 0.571315
INFO:meta-cli.py:Epoch 37/100	Loss 7.1153 ± 0.1178
INFO:meta-cli.py:Epoch 38/100	Loss 7.1070 ± 0.1190
INFO:meta-cli.py:Epoch 39/100	Loss 7.1000 ± 0.1192
INFO:meta-cli.py:Epoch 39/100	dev results	MRR 0.482683	H@1 0.440013	H@3 0.496210	H@5 0.525049	H@10 0.568556
INFO:meta-cli.py:Epoch 39/100	test results	MRR 0.481767	H@1 0.437301	H@3 0.496969	H@5 0.527281	H@10 0.572272
INFO:meta-cli.py:Epoch 40/100	Loss 7.0929 ± 0.1113
INFO:meta-cli.py:Epoch 41/100	Loss 7.0867 ± 0.1121
INFO:meta-cli.py:Epoch 42/100	Loss 7.0806 ± 0.1208
INFO:meta-cli.py:Epoch 42/100	dev results	MRR 0.483625	H@1 0.441496	H@3 0.496704	H@5 0.525873	H@10 0.566084
INFO:meta-cli.py:Epoch 42/100	test results	MRR 0.483457	H@1 0.440172	H@3 0.496969	H@5 0.527760	H@10 0.571474
INFO:meta-cli.py:Epoch 43/100	Loss 7.0748 ± 0.1214
INFO:meta-cli.py:Epoch 44/100	Loss 7.0682 ± 0.1090
INFO:meta-cli.py:Epoch 45/100	Loss 7.0616 ± 0.1109
INFO:meta-cli.py:Epoch 45/100	dev results	MRR 0.484610	H@1 0.442485	H@3 0.497528	H@5 0.529169	H@10 0.567238
INFO:meta-cli.py:Epoch 45/100	test results	MRR 0.482831	H@1 0.437460	H@3 0.498564	H@5 0.529036	H@10 0.572750
INFO:meta-cli.py:Epoch 46/100	Loss 7.0572 ± 0.1151
INFO:meta-cli.py:Epoch 47/100	Loss 7.0520 ± 0.1179
INFO:meta-cli.py:Epoch 48/100	Loss 7.0468 ± 0.1141
INFO:meta-cli.py:Epoch 48/100	dev results	MRR 0.482127	H@1 0.439189	H@3 0.495386	H@5 0.527027	H@10 0.567403
INFO:meta-cli.py:Epoch 48/100	test results	MRR 0.482419	H@1 0.438577	H@3 0.495852	H@5 0.527441	H@10 0.570836
INFO:meta-cli.py:Epoch 49/100	Loss 7.0421 ± 0.1132
INFO:meta-cli.py:Epoch 50/100	Loss 7.0374 ± 0.1129
INFO:meta-cli.py:Epoch 51/100	Loss 7.0325 ± 0.1107
INFO:meta-cli.py:Epoch 51/100	dev results	MRR 0.484077	H@1 0.441991	H@3 0.496045	H@5 0.529005	H@10 0.567897
INFO:meta-cli.py:Epoch 51/100	test results	MRR 0.481437	H@1 0.436024	H@3 0.497447	H@5 0.528877	H@10 0.571474
INFO:meta-cli.py:Epoch 52/100	Loss 7.0289 ± 0.1032
INFO:meta-cli.py:Epoch 53/100	Loss 7.0250 ± 0.1093
INFO:meta-cli.py:Epoch 54/100	Loss 7.0200 ± 0.1149
INFO:meta-cli.py:Epoch 54/100	dev results	MRR 0.483303	H@1 0.440508	H@3 0.496210	H@5 0.528181	H@10 0.568886
INFO:meta-cli.py:Epoch 54/100	test results	MRR 0.482274	H@1 0.437939	H@3 0.495533	H@5 0.527281	H@10 0.573229
INFO:meta-cli.py:Epoch 55/100	Loss 7.0163 ± 0.1119
INFO:meta-cli.py:Epoch 56/100	Loss 7.0130 ± 0.1081
INFO:meta-cli.py:Epoch 57/100	Loss 7.0083 ± 0.1040
INFO:meta-cli.py:Epoch 57/100	dev results	MRR 0.482689	H@1 0.440013	H@3 0.496045	H@5 0.524885	H@10 0.568227
INFO:meta-cli.py:Epoch 57/100	test results	MRR 0.481635	H@1 0.437460	H@3 0.494576	H@5 0.526643	H@10 0.571315
INFO:meta-cli.py:Epoch 58/100	Loss 7.0051 ± 0.1096
INFO:meta-cli.py:Epoch 59/100	Loss 7.0015 ± 0.1080
INFO:meta-cli.py:Epoch 60/100	Loss 6.9984 ± 0.1100
INFO:meta-cli.py:Epoch 60/100	dev results	MRR 0.481988	H@1 0.439354	H@3 0.493243	H@5 0.527686	H@10 0.568062
INFO:meta-cli.py:Epoch 60/100	test results	MRR 0.481572	H@1 0.437141	H@3 0.496490	H@5 0.526962	H@10 0.572272
INFO:meta-cli.py:Epoch 61/100	Loss 6.9955 ± 0.1079
INFO:meta-cli.py:Epoch 62/100	Loss 6.9923 ± 0.1080
INFO:meta-cli.py:Epoch 63/100	Loss 6.9892 ± 0.1111
INFO:meta-cli.py:Epoch 63/100	dev results	MRR 0.482999	H@1 0.440343	H@3 0.493738	H@5 0.527686	H@10 0.569216
INFO:meta-cli.py:Epoch 63/100	test results	MRR 0.482284	H@1 0.437939	H@3 0.497128	H@5 0.527920	H@10 0.573070
INFO:meta-cli.py:Epoch 64/100	Loss 6.9856 ± 0.1067
INFO:meta-cli.py:Epoch 65/100	Loss 6.9828 ± 0.1123
INFO:meta-cli.py:Epoch 66/100	Loss 6.9798 ± 0.1094
INFO:meta-cli.py:Epoch 66/100	dev results	MRR 0.483043	H@1 0.439848	H@3 0.495715	H@5 0.527521	H@10 0.568227
INFO:meta-cli.py:Epoch 66/100	test results	MRR 0.481096	H@1 0.435705	H@3 0.496650	H@5 0.529036	H@10 0.573708
INFO:meta-cli.py:Epoch 67/100	Loss 6.9769 ± 0.1084
INFO:meta-cli.py:Epoch 68/100	Loss 6.9742 ± 0.1126
INFO:meta-cli.py:Epoch 69/100	Loss 6.9717 ± 0.1081
INFO:meta-cli.py:Epoch 69/100	dev results	MRR 0.482972	H@1 0.440837	H@3 0.494726	H@5 0.527851	H@10 0.570369
INFO:meta-cli.py:Epoch 69/100	test results	MRR 0.481341	H@1 0.436503	H@3 0.494416	H@5 0.527760	H@10 0.573229
INFO:meta-cli.py:Epoch 70/100	Loss 6.9693 ± 0.1056
INFO:meta-cli.py:Epoch 71/100	Loss 6.9667 ± 0.1078
INFO:meta-cli.py:Epoch 72/100	Loss 6.9641 ± 0.1049
INFO:meta-cli.py:Epoch 72/100	dev results	MRR 0.484390	H@1 0.443144	H@3 0.495221	H@5 0.526697	H@10 0.569380
INFO:meta-cli.py:Epoch 72/100	test results	MRR 0.481766	H@1 0.436822	H@3 0.496650	H@5 0.526165	H@10 0.572591
INFO:meta-cli.py:Epoch 73/100	Loss 6.9616 ± 0.1038
INFO:meta-cli.py:Epoch 74/100	Loss 6.9593 ± 0.1094
INFO:meta-cli.py:Epoch 75/100	Loss 6.9569 ± 0.1079
INFO:meta-cli.py:Epoch 75/100	dev results	MRR 0.482675	H@1 0.440178	H@3 0.492749	H@5 0.527851	H@10 0.570040
INFO:meta-cli.py:Epoch 75/100	test results	MRR 0.482118	H@1 0.437620	H@3 0.495373	H@5 0.528717	H@10 0.573070
INFO:meta-cli.py:Epoch 76/100	Loss 6.9550 ± 0.1046
INFO:meta-cli.py:Epoch 77/100	Loss 6.9520 ± 0.1009
INFO:meta-cli.py:Epoch 78/100	Loss 6.9506 ± 0.1000
INFO:meta-cli.py:Epoch 78/100	dev results	MRR 0.481958	H@1 0.438530	H@3 0.494232	H@5 0.528675	H@10 0.569051
INFO:meta-cli.py:Epoch 78/100	test results	MRR 0.481215	H@1 0.435546	H@3 0.496650	H@5 0.528079	H@10 0.574665
INFO:meta-cli.py:Epoch 79/100	Loss 6.9480 ± 0.1068
INFO:meta-cli.py:Epoch 80/100	Loss 6.9460 ± 0.0998
INFO:meta-cli.py:Epoch 81/100	Loss 6.9436 ± 0.1109
INFO:meta-cli.py:Epoch 81/100	dev results	MRR 0.481220	H@1 0.438200	H@3 0.492914	H@5 0.525873	H@10 0.569051
INFO:meta-cli.py:Epoch 81/100	test results	MRR 0.480772	H@1 0.435705	H@3 0.494895	H@5 0.528239	H@10 0.571953
INFO:meta-cli.py:Epoch 82/100	Loss 6.9413 ± 0.1085
INFO:meta-cli.py:Epoch 83/100	Loss 6.9398 ± 0.1066
INFO:meta-cli.py:Epoch 84/100	Loss 6.9375 ± 0.1067
INFO:meta-cli.py:Epoch 84/100	dev results	MRR 0.482951	H@1 0.440178	H@3 0.495386	H@5 0.526862	H@10 0.569380
INFO:meta-cli.py:Epoch 84/100	test results	MRR 0.481594	H@1 0.436343	H@3 0.497288	H@5 0.528877	H@10 0.571953
INFO:meta-cli.py:Epoch 85/100	Loss 6.9357 ± 0.1031
INFO:meta-cli.py:Epoch 86/100	Loss 6.9342 ± 0.1062
INFO:meta-cli.py:Epoch 87/100	Loss 6.9321 ± 0.1042
INFO:meta-cli.py:Epoch 87/100	dev results	MRR 0.481982	H@1 0.438860	H@3 0.494891	H@5 0.526533	H@10 0.569875
INFO:meta-cli.py:Epoch 87/100	test results	MRR 0.481142	H@1 0.436024	H@3 0.494257	H@5 0.526803	H@10 0.574984
INFO:meta-cli.py:Epoch 88/100	Loss 6.9302 ± 0.1100
INFO:meta-cli.py:Epoch 89/100	Loss 6.9282 ± 0.1039
INFO:meta-cli.py:Epoch 90/100	Loss 6.9270 ± 0.1034
INFO:meta-cli.py:Epoch 90/100	dev results	MRR 0.482286	H@1 0.439354	H@3 0.494232	H@5 0.527027	H@10 0.568721
INFO:meta-cli.py:Epoch 90/100	test results	MRR 0.481859	H@1 0.436822	H@3 0.496969	H@5 0.527920	H@10 0.572591
INFO:meta-cli.py:Epoch 91/100	Loss 6.9251 ± 0.1031
INFO:meta-cli.py:Epoch 92/100	Loss 6.9234 ± 0.1083
INFO:meta-cli.py:Epoch 93/100	Loss 6.9222 ± 0.0990
INFO:meta-cli.py:Epoch 93/100	dev results	MRR 0.481376	H@1 0.438036	H@3 0.492749	H@5 0.526368	H@10 0.570369
INFO:meta-cli.py:Epoch 93/100	test results	MRR 0.481917	H@1 0.436503	H@3 0.498405	H@5 0.526962	H@10 0.574186
INFO:meta-cli.py:Epoch 94/100	Loss 6.9205 ± 0.0991
INFO:meta-cli.py:Epoch 95/100	Loss 6.9184 ± 0.1049
INFO:meta-cli.py:Epoch 96/100	Loss 6.9169 ± 0.1033
INFO:meta-cli.py:Epoch 96/100	dev results	MRR 0.481467	H@1 0.438036	H@3 0.493243	H@5 0.526038	H@10 0.568556
INFO:meta-cli.py:Epoch 96/100	test results	MRR 0.481437	H@1 0.436503	H@3 0.497607	H@5 0.526643	H@10 0.571793
INFO:meta-cli.py:Epoch 97/100	Loss 6.9155 ± 0.1054
INFO:meta-cli.py:Epoch 98/100	Loss 6.9135 ± 0.1098
INFO:meta-cli.py:Epoch 99/100	Loss 6.9124 ± 0.1029
INFO:meta-cli.py:Epoch 99/100	dev results	MRR 0.481341	H@1 0.437376	H@3 0.495056	H@5 0.527192	H@10 0.569380
INFO:meta-cli.py:Epoch 99/100	test results	MRR 0.481262	H@1 0.435546	H@3 0.497607	H@5 0.528079	H@10 0.574825
INFO:meta-cli.py:Epoch 100/100	Loss 6.9106 ± 0.1057
INFO:meta-cli.py:Final 	dev results	MRR 0.481401	H@1 0.437706	H@3 0.494397	H@5 0.526203	H@10 0.570040
INFO:meta-cli.py:Final 	test results	MRR 0.481021	H@1 0.435386	H@3 0.498245	H@5 0.527122	H@10 0.571634
INFO:meta-cli.py:Training finished
