./bin/meta-cli.py --train data/wn18rr/train.tsv --dev data/wn18rr/dev.tsv --test data/wn18rr/test.tsv -m complex -k 1000 -b 1000 -e 100 --F2 0 --N3 0.05 -l 0.1 -I reciprocal -V 3 -o adagrad -q
{'F2': 0.0,
 'N3': 0.05,
 'batch_size': 1000,
 'dev': 'data/wn18rr/dev.tsv',
 'embedding_size': 1000,
 'epochs': 100,
 'eval_batch_size': None,
 'input_type': 'reciprocal',
 'learning_rate': 0.1,
 'load': None,
 'model': 'complex',
 'optimizer': 'adagrad',
 'quiet': True,
 'save': None,
 'seed': 0,
 'test': 'data/wn18rr/test.tsv',
 'test_i': None,
 'test_ii': None,
 'train': 'data/wn18rr/train.tsv',
 'validate_every': 3}
INFO:meta-cli.py:Device: cuda
INFO:meta-cli.py:Model state:
INFO:meta-cli.py:	entities.weight	torch.Size([40943, 2000])
INFO:meta-cli.py:	predicates.weight	torch.Size([22, 2000])
INFO:meta-cli.py:Epoch 1/100	Loss 17.4677 ± 4.0118
INFO:meta-cli.py:Epoch 2/100	Loss 7.6970 ± 0.3510
INFO:meta-cli.py:Epoch 3/100	Loss 6.4366 ± 0.0920
INFO:meta-cli.py:Epoch 3/100	dev results	MRR 0.452136	H@1 0.426170	H@3 0.462261	H@5 0.478411	H@10 0.500330
INFO:meta-cli.py:Epoch 3/100	test results	MRR 0.450180	H@1 0.423740	H@3 0.458360	H@5 0.477345	H@10 0.505424
INFO:meta-cli.py:Epoch 4/100	Loss 6.0266 ± 0.0944
INFO:meta-cli.py:Epoch 5/100	Loss 5.8024 ± 0.0985
INFO:meta-cli.py:Epoch 6/100	Loss 5.6546 ± 0.1085
INFO:meta-cli.py:Epoch 6/100	dev results	MRR 0.464978	H@1 0.436717	H@3 0.473632	H@5 0.495550	H@10 0.519611
INFO:meta-cli.py:Epoch 6/100	test results	MRR 0.462824	H@1 0.434110	H@3 0.470645	H@5 0.492980	H@10 0.523133
INFO:meta-cli.py:Epoch 7/100	Loss 5.5495 ± 0.1072
INFO:meta-cli.py:Epoch 8/100	Loss 5.4675 ± 0.1156
INFO:meta-cli.py:Epoch 9/100	Loss 5.4039 ± 0.1055
INFO:meta-cli.py:Epoch 9/100	dev results	MRR 0.467961	H@1 0.437376	H@3 0.480059	H@5 0.500824	H@10 0.523731
INFO:meta-cli.py:Epoch 9/100	test results	MRR 0.468115	H@1 0.436024	H@3 0.479738	H@5 0.502872	H@10 0.531908
INFO:meta-cli.py:Epoch 10/100	Loss 5.3489 ± 0.1096
INFO:meta-cli.py:Epoch 11/100	Loss 5.3054 ± 0.1145
INFO:meta-cli.py:Epoch 12/100	Loss 5.2680 ± 0.1108
INFO:meta-cli.py:Epoch 12/100	dev results	MRR 0.471693	H@1 0.440672	H@3 0.482696	H@5 0.504614	H@10 0.530488
INFO:meta-cli.py:Epoch 12/100	test results	MRR 0.471331	H@1 0.439534	H@3 0.480536	H@5 0.504627	H@10 0.536216
INFO:meta-cli.py:Epoch 13/100	Loss 5.2338 ± 0.1019
INFO:meta-cli.py:Epoch 14/100	Loss 5.2056 ± 0.1064
INFO:meta-cli.py:Epoch 15/100	Loss 5.1798 ± 0.1141
INFO:meta-cli.py:Epoch 15/100	dev results	MRR 0.473655	H@1 0.443474	H@3 0.481378	H@5 0.504944	H@10 0.534608
INFO:meta-cli.py:Epoch 15/100	test results	MRR 0.471150	H@1 0.437620	H@3 0.483248	H@5 0.505265	H@10 0.538928
INFO:meta-cli.py:Epoch 16/100	Loss 5.1569 ± 0.1095
INFO:meta-cli.py:Epoch 17/100	Loss 5.1359 ± 0.1080
INFO:meta-cli.py:Epoch 18/100	Loss 5.1165 ± 0.1084
INFO:meta-cli.py:Epoch 18/100	dev results	MRR 0.473214	H@1 0.439519	H@3 0.485827	H@5 0.509064	H@10 0.536585
INFO:meta-cli.py:Epoch 18/100	test results	MRR 0.473583	H@1 0.438896	H@3 0.485801	H@5 0.509094	H@10 0.541161
INFO:meta-cli.py:Epoch 19/100	Loss 5.1002 ± 0.1067
INFO:meta-cli.py:Epoch 20/100	Loss 5.0834 ± 0.1065
INFO:meta-cli.py:Epoch 21/100	Loss 5.0687 ± 0.1022
INFO:meta-cli.py:Epoch 21/100	dev results	MRR 0.474461	H@1 0.440178	H@3 0.486816	H@5 0.509558	H@10 0.539717
INFO:meta-cli.py:Epoch 21/100	test results	MRR 0.473568	H@1 0.438736	H@3 0.486120	H@5 0.510530	H@10 0.543076
INFO:meta-cli.py:Epoch 22/100	Loss 5.0556 ± 0.1061
INFO:meta-cli.py:Epoch 23/100	Loss 5.0429 ± 0.1027
INFO:meta-cli.py:Epoch 24/100	Loss 5.0317 ± 0.1058
INFO:meta-cli.py:Epoch 24/100	dev results	MRR 0.475192	H@1 0.440343	H@3 0.488134	H@5 0.510053	H@10 0.541694
INFO:meta-cli.py:Epoch 24/100	test results	MRR 0.474116	H@1 0.437460	H@3 0.490108	H@5 0.511168	H@10 0.546905
INFO:meta-cli.py:Epoch 25/100	Loss 5.0200 ± 0.1013
INFO:meta-cli.py:Epoch 26/100	Loss 5.0090 ± 0.1022
INFO:meta-cli.py:Epoch 27/100	Loss 4.9998 ± 0.0975
INFO:meta-cli.py:Epoch 27/100	dev results	MRR 0.476231	H@1 0.441167	H@3 0.489618	H@5 0.511866	H@10 0.541529
INFO:meta-cli.py:Epoch 27/100	test results	MRR 0.473998	H@1 0.436662	H@3 0.487875	H@5 0.513242	H@10 0.548022
INFO:meta-cli.py:Epoch 28/100	Loss 4.9904 ± 0.1046
INFO:meta-cli.py:Epoch 29/100	Loss 4.9816 ± 0.1029
INFO:meta-cli.py:Epoch 30/100	Loss 4.9737 ± 0.0928
INFO:meta-cli.py:Epoch 30/100	dev results	MRR 0.475924	H@1 0.441332	H@3 0.488794	H@5 0.510712	H@10 0.542848
INFO:meta-cli.py:Epoch 30/100	test results	MRR 0.474244	H@1 0.436662	H@3 0.487875	H@5 0.514040	H@10 0.548181
INFO:meta-cli.py:Epoch 31/100	Loss 4.9656 ± 0.1054
INFO:meta-cli.py:Epoch 32/100	Loss 4.9582 ± 0.1023
INFO:meta-cli.py:Epoch 33/100	Loss 4.9508 ± 0.0996
INFO:meta-cli.py:Epoch 33/100	dev results	MRR 0.475840	H@1 0.440178	H@3 0.487146	H@5 0.513349	H@10 0.542848
INFO:meta-cli.py:Epoch 33/100	test results	MRR 0.474209	H@1 0.436343	H@3 0.490428	H@5 0.515156	H@10 0.549298
INFO:meta-cli.py:Epoch 34/100	Loss 4.9440 ± 0.1021
INFO:meta-cli.py:Epoch 35/100	Loss 4.9376 ± 0.0955
INFO:meta-cli.py:Epoch 36/100	Loss 4.9314 ± 0.0943
INFO:meta-cli.py:Epoch 36/100	dev results	MRR 0.476875	H@1 0.441826	H@3 0.488464	H@5 0.510877	H@10 0.542189
INFO:meta-cli.py:Epoch 36/100	test results	MRR 0.475277	H@1 0.437460	H@3 0.489151	H@5 0.515316	H@10 0.549936
INFO:meta-cli.py:Epoch 37/100	Loss 4.9257 ± 0.0970
INFO:meta-cli.py:Epoch 38/100	Loss 4.9198 ± 0.0982
INFO:meta-cli.py:Epoch 39/100	Loss 4.9143 ± 0.1015
INFO:meta-cli.py:Epoch 39/100	dev results	MRR 0.476249	H@1 0.440343	H@3 0.487805	H@5 0.511866	H@10 0.544990
INFO:meta-cli.py:Epoch 39/100	test results	MRR 0.474860	H@1 0.437141	H@3 0.489151	H@5 0.515156	H@10 0.550893
INFO:meta-cli.py:Epoch 40/100	Loss 4.9091 ± 0.0937
INFO:meta-cli.py:Epoch 41/100	Loss 4.9037 ± 0.0960
INFO:meta-cli.py:Epoch 42/100	Loss 4.8994 ± 0.0989
INFO:meta-cli.py:Epoch 42/100	dev results	MRR 0.477191	H@1 0.441991	H@3 0.488464	H@5 0.512195	H@10 0.543177
INFO:meta-cli.py:Epoch 42/100	test results	MRR 0.476360	H@1 0.439056	H@3 0.490108	H@5 0.515954	H@10 0.551372
INFO:meta-cli.py:Epoch 43/100	Loss 4.8946 ± 0.0997
INFO:meta-cli.py:Epoch 44/100	Loss 4.8897 ± 0.0891
INFO:meta-cli.py:Epoch 45/100	Loss 4.8848 ± 0.0880
INFO:meta-cli.py:Epoch 45/100	dev results	MRR 0.477174	H@1 0.441496	H@3 0.488299	H@5 0.512854	H@10 0.545320
INFO:meta-cli.py:Epoch 45/100	test results	MRR 0.476086	H@1 0.437620	H@3 0.491704	H@5 0.516592	H@10 0.552329
INFO:meta-cli.py:Epoch 46/100	Loss 4.8806 ± 0.0943
INFO:meta-cli.py:Epoch 47/100	Loss 4.8770 ± 0.0985
INFO:meta-cli.py:Epoch 48/100	Loss 4.8729 ± 0.0974
INFO:meta-cli.py:Epoch 48/100	dev results	MRR 0.475715	H@1 0.439024	H@3 0.488134	H@5 0.513678	H@10 0.544166
INFO:meta-cli.py:Epoch 48/100	test results	MRR 0.475651	H@1 0.437141	H@3 0.490268	H@5 0.516114	H@10 0.551372
INFO:meta-cli.py:Epoch 49/100	Loss 4.8690 ± 0.0929
INFO:meta-cli.py:Epoch 50/100	Loss 4.8653 ± 0.0903
INFO:meta-cli.py:Epoch 51/100	Loss 4.8615 ± 0.0911
INFO:meta-cli.py:Epoch 51/100	dev results	MRR 0.477695	H@1 0.441661	H@3 0.489947	H@5 0.513678	H@10 0.546309
INFO:meta-cli.py:Epoch 51/100	test results	MRR 0.475734	H@1 0.436822	H@3 0.489789	H@5 0.517071	H@10 0.551851
INFO:meta-cli.py:Epoch 52/100	Loss 4.8582 ± 0.0839
INFO:meta-cli.py:Epoch 53/100	Loss 4.8551 ± 0.0878
INFO:meta-cli.py:Epoch 54/100	Loss 4.8511 ± 0.0931
INFO:meta-cli.py:Epoch 54/100	dev results	MRR 0.477155	H@1 0.440837	H@3 0.489618	H@5 0.512690	H@10 0.548616
INFO:meta-cli.py:Epoch 54/100	test results	MRR 0.476690	H@1 0.438417	H@3 0.491066	H@5 0.515156	H@10 0.552489
INFO:meta-cli.py:Epoch 55/100	Loss 4.8479 ± 0.0899
INFO:meta-cli.py:Epoch 56/100	Loss 4.8449 ± 0.0864
INFO:meta-cli.py:Epoch 57/100	Loss 4.8416 ± 0.0830
INFO:meta-cli.py:Epoch 57/100	dev results	MRR 0.475950	H@1 0.439354	H@3 0.486981	H@5 0.511536	H@10 0.547627
INFO:meta-cli.py:Epoch 57/100	test results	MRR 0.475717	H@1 0.436981	H@3 0.490108	H@5 0.514997	H@10 0.552170
INFO:meta-cli.py:Epoch 58/100	Loss 4.8389 ± 0.0891
INFO:meta-cli.py:Epoch 59/100	Loss 4.8359 ± 0.0887
INFO:meta-cli.py:Epoch 60/100	Loss 4.8332 ± 0.0918
INFO:meta-cli.py:Epoch 60/100	dev results	MRR 0.476369	H@1 0.439684	H@3 0.486651	H@5 0.513184	H@10 0.548945
INFO:meta-cli.py:Epoch 60/100	test results	MRR 0.475852	H@1 0.437141	H@3 0.488194	H@5 0.515795	H@10 0.554563
INFO:meta-cli.py:Epoch 61/100	Loss 4.8307 ± 0.0864
INFO:meta-cli.py:Epoch 62/100	Loss 4.8281 ± 0.0848
INFO:meta-cli.py:Epoch 63/100	Loss 4.8251 ± 0.0910
INFO:meta-cli.py:Epoch 63/100	dev results	MRR 0.477648	H@1 0.441826	H@3 0.488629	H@5 0.513514	H@10 0.549275
INFO:meta-cli.py:Epoch 63/100	test results	MRR 0.475315	H@1 0.435546	H@3 0.490747	H@5 0.516433	H@10 0.555520
INFO:meta-cli.py:Epoch 64/100	Loss 4.8224 ± 0.0874
INFO:meta-cli.py:Epoch 65/100	Loss 4.8200 ± 0.0934
INFO:meta-cli.py:Epoch 66/100	Loss 4.8174 ± 0.0875
INFO:meta-cli.py:Epoch 66/100	dev results	MRR 0.476671	H@1 0.439189	H@3 0.488958	H@5 0.514338	H@10 0.550099
INFO:meta-cli.py:Epoch 66/100	test results	MRR 0.475378	H@1 0.435386	H@3 0.491066	H@5 0.516592	H@10 0.555839
INFO:meta-cli.py:Epoch 67/100	Loss 4.8149 ± 0.0855
INFO:meta-cli.py:Epoch 68/100	Loss 4.8131 ± 0.0902
INFO:meta-cli.py:Epoch 69/100	Loss 4.8106 ± 0.0874
INFO:meta-cli.py:Epoch 69/100	dev results	MRR 0.477387	H@1 0.440343	H@3 0.488794	H@5 0.514338	H@10 0.550099
INFO:meta-cli.py:Epoch 69/100	test results	MRR 0.476092	H@1 0.436343	H@3 0.490587	H@5 0.517869	H@10 0.555999
INFO:meta-cli.py:Epoch 70/100	Loss 4.8085 ± 0.0852
INFO:meta-cli.py:Epoch 71/100	Loss 4.8064 ± 0.0858
INFO:meta-cli.py:Epoch 72/100	Loss 4.8042 ± 0.0840
INFO:meta-cli.py:Epoch 72/100	dev results	MRR 0.477131	H@1 0.439519	H@3 0.489288	H@5 0.514502	H@10 0.549604
INFO:meta-cli.py:Epoch 72/100	test results	MRR 0.476211	H@1 0.436343	H@3 0.490268	H@5 0.517071	H@10 0.556637
INFO:meta-cli.py:Epoch 73/100	Loss 4.8016 ± 0.0826
INFO:meta-cli.py:Epoch 74/100	Loss 4.7996 ± 0.0885
INFO:meta-cli.py:Epoch 75/100	Loss 4.7976 ± 0.0857
INFO:meta-cli.py:Epoch 75/100	dev results	MRR 0.476940	H@1 0.439189	H@3 0.488464	H@5 0.514667	H@10 0.550923
INFO:meta-cli.py:Epoch 75/100	test results	MRR 0.475499	H@1 0.435227	H@3 0.491066	H@5 0.517390	H@10 0.556477
INFO:meta-cli.py:Epoch 76/100	Loss 4.7959 ± 0.0821
INFO:meta-cli.py:Epoch 77/100	Loss 4.7940 ± 0.0815
INFO:meta-cli.py:Epoch 78/100	Loss 4.7920 ± 0.0759
INFO:meta-cli.py:Epoch 78/100	dev results	MRR 0.475729	H@1 0.436882	H@3 0.489288	H@5 0.514338	H@10 0.549604
INFO:meta-cli.py:Epoch 78/100	test results	MRR 0.475767	H@1 0.435227	H@3 0.490587	H@5 0.516911	H@10 0.556956
INFO:meta-cli.py:Epoch 79/100	Loss 4.7902 ± 0.0835
INFO:meta-cli.py:Epoch 80/100	Loss 4.7885 ± 0.0792
INFO:meta-cli.py:Epoch 81/100	Loss 4.7862 ± 0.0887
INFO:meta-cli.py:Epoch 81/100	dev results	MRR 0.477203	H@1 0.439684	H@3 0.489453	H@5 0.514338	H@10 0.551912
INFO:meta-cli.py:Epoch 81/100	test results	MRR 0.476739	H@1 0.437460	H@3 0.489949	H@5 0.517230	H@10 0.556637
INFO:meta-cli.py:Epoch 82/100	Loss 4.7845 ± 0.0862
INFO:meta-cli.py:Epoch 83/100	Loss 4.7830 ± 0.0859
INFO:meta-cli.py:Epoch 84/100	Loss 4.7809 ± 0.0878
INFO:meta-cli.py:Epoch 84/100	dev results	MRR 0.477876	H@1 0.440178	H@3 0.490277	H@5 0.515326	H@10 0.550758
INFO:meta-cli.py:Epoch 84/100	test results	MRR 0.477035	H@1 0.437301	H@3 0.492183	H@5 0.517390	H@10 0.557754
INFO:meta-cli.py:Epoch 85/100	Loss 4.7795 ± 0.0803
INFO:meta-cli.py:Epoch 86/100	Loss 4.7779 ± 0.0812
INFO:meta-cli.py:Epoch 87/100	Loss 4.7765 ± 0.0841
INFO:meta-cli.py:Epoch 87/100	dev results	MRR 0.477002	H@1 0.438695	H@3 0.490277	H@5 0.514502	H@10 0.552076
INFO:meta-cli.py:Epoch 87/100	test results	MRR 0.476353	H@1 0.436503	H@3 0.492023	H@5 0.517230	H@10 0.557913
INFO:meta-cli.py:Epoch 88/100	Loss 4.7748 ± 0.0889
INFO:meta-cli.py:Epoch 89/100	Loss 4.7731 ± 0.0819
INFO:meta-cli.py:Epoch 90/100	Loss 4.7718 ± 0.0834
INFO:meta-cli.py:Epoch 90/100	dev results	MRR 0.476746	H@1 0.438036	H@3 0.490112	H@5 0.515326	H@10 0.551252
INFO:meta-cli.py:Epoch 90/100	test results	MRR 0.476642	H@1 0.436343	H@3 0.490747	H@5 0.518507	H@10 0.558711
INFO:meta-cli.py:Epoch 91/100	Loss 4.7704 ± 0.0833
INFO:meta-cli.py:Epoch 92/100	Loss 4.7691 ± 0.0895
INFO:meta-cli.py:Epoch 93/100	Loss 4.7678 ± 0.0777
INFO:meta-cli.py:Epoch 93/100	dev results	MRR 0.477020	H@1 0.439024	H@3 0.490112	H@5 0.515656	H@10 0.551582
INFO:meta-cli.py:Epoch 93/100	test results	MRR 0.476620	H@1 0.436343	H@3 0.490108	H@5 0.518028	H@10 0.557435
INFO:meta-cli.py:Epoch 94/100	Loss 4.7660 ± 0.0794
INFO:meta-cli.py:Epoch 95/100	Loss 4.7644 ± 0.0854
INFO:meta-cli.py:Epoch 96/100	Loss 4.7632 ± 0.0811
INFO:meta-cli.py:Epoch 96/100	dev results	MRR 0.477012	H@1 0.439189	H@3 0.489618	H@5 0.514502	H@10 0.549934
INFO:meta-cli.py:Epoch 96/100	test results	MRR 0.476672	H@1 0.435865	H@3 0.492183	H@5 0.518028	H@10 0.558392
INFO:meta-cli.py:Epoch 97/100	Loss 4.7617 ± 0.0851
INFO:meta-cli.py:Epoch 98/100	Loss 4.7603 ± 0.0865
INFO:meta-cli.py:Epoch 99/100	Loss 4.7591 ± 0.0841
INFO:meta-cli.py:Epoch 99/100	dev results	MRR 0.477380	H@1 0.439024	H@3 0.491430	H@5 0.514667	H@10 0.551252
INFO:meta-cli.py:Epoch 99/100	test results	MRR 0.476707	H@1 0.436503	H@3 0.492183	H@5 0.518347	H@10 0.558870
INFO:meta-cli.py:Epoch 100/100	Loss 4.7576 ± 0.0825
INFO:meta-cli.py:Final 	dev results	MRR 0.476882	H@1 0.438365	H@3 0.489947	H@5 0.514832	H@10 0.553065
INFO:meta-cli.py:Final 	test results	MRR 0.476435	H@1 0.435865	H@3 0.490906	H@5 0.518347	H@10 0.556318
INFO:meta-cli.py:Training finished
