./bin/meta-cli.py --train data/wn18rr/train.tsv --dev data/wn18rr/dev.tsv --test data/wn18rr/test.tsv -m complex -k 500 -b 1000 -e 100 --F2 0 --N3 0.05 -l 0.1 -I reciprocal -V 3 -o adagrad -q
{'F2': 0.0,
 'N3': 0.05,
 'batch_size': 1000,
 'dev': 'data/wn18rr/dev.tsv',
 'embedding_size': 500,
 'epochs': 100,
 'eval_batch_size': None,
 'input_type': 'reciprocal',
 'learning_rate': 0.1,
 'load': None,
 'model': 'complex',
 'optimizer': 'adagrad',
 'quiet': True,
 'save': None,
 'seed': 0,
 'test': 'data/wn18rr/test.tsv',
 'test_i': None,
 'test_ii': None,
 'train': 'data/wn18rr/train.tsv',
 'validate_every': 3}
INFO:meta-cli.py:Device: cuda
INFO:meta-cli.py:Model state:
INFO:meta-cli.py:	entities.weight	torch.Size([40943, 1000])
INFO:meta-cli.py:	predicates.weight	torch.Size([22, 1000])
INFO:meta-cli.py:Epoch 1/100	Loss 18.3105 ± 3.7846
INFO:meta-cli.py:Epoch 2/100	Loss 7.9828 ± 0.4373
INFO:meta-cli.py:Epoch 3/100	Loss 6.4829 ± 0.0863
INFO:meta-cli.py:Epoch 3/100	dev results	MRR 0.448291	H@1 0.423368	H@3 0.456987	H@5 0.475280	H@10 0.494232
INFO:meta-cli.py:Epoch 3/100	test results	MRR 0.446521	H@1 0.419113	H@3 0.456286	H@5 0.475431	H@10 0.498086
INFO:meta-cli.py:Epoch 4/100	Loss 6.0479 ± 0.0876
INFO:meta-cli.py:Epoch 5/100	Loss 5.8124 ± 0.0926
INFO:meta-cli.py:Epoch 6/100	Loss 5.6588 ± 0.1021
INFO:meta-cli.py:Epoch 6/100	dev results	MRR 0.460257	H@1 0.434245	H@3 0.469018	H@5 0.485992	H@10 0.510218
INFO:meta-cli.py:Epoch 6/100	test results	MRR 0.458172	H@1 0.428526	H@3 0.468251	H@5 0.489789	H@10 0.515475
INFO:meta-cli.py:Epoch 7/100	Loss 5.5499 ± 0.1021
INFO:meta-cli.py:Epoch 8/100	Loss 5.4660 ± 0.1104
INFO:meta-cli.py:Epoch 9/100	Loss 5.4009 ± 0.1007
INFO:meta-cli.py:Epoch 9/100	dev results	MRR 0.463484	H@1 0.435893	H@3 0.472808	H@5 0.491925	H@10 0.518128
INFO:meta-cli.py:Epoch 9/100	test results	MRR 0.466832	H@1 0.436822	H@3 0.476548	H@5 0.497766	H@10 0.527601
INFO:meta-cli.py:Epoch 10/100	Loss 5.3458 ± 0.1041
INFO:meta-cli.py:Epoch 11/100	Loss 5.3016 ± 0.1089
INFO:meta-cli.py:Epoch 12/100	Loss 5.2640 ± 0.1058
INFO:meta-cli.py:Epoch 12/100	dev results	MRR 0.466157	H@1 0.437212	H@3 0.474621	H@5 0.494067	H@10 0.525049
INFO:meta-cli.py:Epoch 12/100	test results	MRR 0.469033	H@1 0.438896	H@3 0.478143	H@5 0.499681	H@10 0.529355
INFO:meta-cli.py:Epoch 13/100	Loss 5.2302 ± 0.0965
INFO:meta-cli.py:Epoch 14/100	Loss 5.2019 ± 0.1011
INFO:meta-cli.py:Epoch 15/100	Loss 5.1763 ± 0.1082
INFO:meta-cli.py:Epoch 15/100	dev results	MRR 0.467739	H@1 0.438860	H@3 0.475775	H@5 0.497198	H@10 0.527521
INFO:meta-cli.py:Epoch 15/100	test results	MRR 0.469484	H@1 0.437460	H@3 0.479579	H@5 0.500160	H@10 0.534301
INFO:meta-cli.py:Epoch 16/100	Loss 5.1535 ± 0.1045
INFO:meta-cli.py:Epoch 17/100	Loss 5.1328 ± 0.1026
INFO:meta-cli.py:Epoch 18/100	Loss 5.1139 ± 0.1027
INFO:meta-cli.py:Epoch 18/100	dev results	MRR 0.468791	H@1 0.438200	H@3 0.479400	H@5 0.501648	H@10 0.530817
INFO:meta-cli.py:Epoch 18/100	test results	MRR 0.470455	H@1 0.437141	H@3 0.482291	H@5 0.503829	H@10 0.540523
INFO:meta-cli.py:Epoch 19/100	Loss 5.0978 ± 0.1006
INFO:meta-cli.py:Epoch 20/100	Loss 5.0815 ± 0.1006
INFO:meta-cli.py:Epoch 21/100	Loss 5.0670 ± 0.0962
INFO:meta-cli.py:Epoch 21/100	dev results	MRR 0.469818	H@1 0.438200	H@3 0.480719	H@5 0.503131	H@10 0.533289
INFO:meta-cli.py:Epoch 21/100	test results	MRR 0.470843	H@1 0.437460	H@3 0.483408	H@5 0.505743	H@10 0.541481
INFO:meta-cli.py:Epoch 22/100	Loss 5.0541 ± 0.1001
INFO:meta-cli.py:Epoch 23/100	Loss 5.0418 ± 0.0967
INFO:meta-cli.py:Epoch 24/100	Loss 5.0308 ± 0.1000
INFO:meta-cli.py:Epoch 24/100	dev results	MRR 0.469744	H@1 0.437047	H@3 0.481707	H@5 0.504779	H@10 0.534278
INFO:meta-cli.py:Epoch 24/100	test results	MRR 0.471340	H@1 0.436184	H@3 0.486280	H@5 0.506222	H@10 0.542597
INFO:meta-cli.py:Epoch 25/100	Loss 5.0194 ± 0.0953
INFO:meta-cli.py:Epoch 26/100	Loss 5.0090 ± 0.0958
INFO:meta-cli.py:Epoch 27/100	Loss 4.9998 ± 0.0916
INFO:meta-cli.py:Epoch 27/100	dev results	MRR 0.470434	H@1 0.436882	H@3 0.483520	H@5 0.504614	H@10 0.533784
INFO:meta-cli.py:Epoch 27/100	test results	MRR 0.472121	H@1 0.436981	H@3 0.486120	H@5 0.509253	H@10 0.543395
INFO:meta-cli.py:Epoch 28/100	Loss 4.9908 ± 0.0986
INFO:meta-cli.py:Epoch 29/100	Loss 4.9822 ± 0.0968
INFO:meta-cli.py:Epoch 30/100	Loss 4.9745 ± 0.0870
INFO:meta-cli.py:Epoch 30/100	dev results	MRR 0.469751	H@1 0.436223	H@3 0.482531	H@5 0.504450	H@10 0.534608
INFO:meta-cli.py:Epoch 30/100	test results	MRR 0.471247	H@1 0.435705	H@3 0.485482	H@5 0.507339	H@10 0.544033
INFO:meta-cli.py:Epoch 31/100	Loss 4.9668 ± 0.0990
INFO:meta-cli.py:Epoch 32/100	Loss 4.9596 ± 0.0961
INFO:meta-cli.py:Epoch 33/100	Loss 4.9524 ± 0.0932
INFO:meta-cli.py:Epoch 33/100	dev results	MRR 0.470506	H@1 0.436717	H@3 0.482861	H@5 0.505603	H@10 0.535926
INFO:meta-cli.py:Epoch 33/100	test results	MRR 0.471485	H@1 0.436184	H@3 0.483886	H@5 0.507817	H@10 0.544512
INFO:meta-cli.py:Epoch 34/100	Loss 4.9459 ± 0.0956
INFO:meta-cli.py:Epoch 35/100	Loss 4.9396 ± 0.0893
INFO:meta-cli.py:Epoch 36/100	Loss 4.9336 ± 0.0878
INFO:meta-cli.py:Epoch 36/100	dev results	MRR 0.470965	H@1 0.437376	H@3 0.482531	H@5 0.505438	H@10 0.534937
INFO:meta-cli.py:Epoch 36/100	test results	MRR 0.471888	H@1 0.436024	H@3 0.486280	H@5 0.508775	H@10 0.545310
INFO:meta-cli.py:Epoch 37/100	Loss 4.9281 ± 0.0912
INFO:meta-cli.py:Epoch 38/100	Loss 4.9223 ± 0.0917
INFO:meta-cli.py:Epoch 39/100	Loss 4.9170 ± 0.0950
INFO:meta-cli.py:Epoch 39/100	dev results	MRR 0.470197	H@1 0.435728	H@3 0.484015	H@5 0.507086	H@10 0.537904
INFO:meta-cli.py:Epoch 39/100	test results	MRR 0.471199	H@1 0.434269	H@3 0.486120	H@5 0.510211	H@10 0.547064
INFO:meta-cli.py:Epoch 40/100	Loss 4.9120 ± 0.0880
INFO:meta-cli.py:Epoch 41/100	Loss 4.9068 ± 0.0895
INFO:meta-cli.py:Epoch 42/100	Loss 4.9026 ± 0.0924
INFO:meta-cli.py:Epoch 42/100	dev results	MRR 0.470812	H@1 0.436388	H@3 0.484344	H@5 0.506592	H@10 0.536256
INFO:meta-cli.py:Epoch 42/100	test results	MRR 0.471883	H@1 0.435546	H@3 0.486758	H@5 0.510051	H@10 0.547384
INFO:meta-cli.py:Epoch 43/100	Loss 4.8980 ± 0.0934
INFO:meta-cli.py:Epoch 44/100	Loss 4.8933 ± 0.0828
INFO:meta-cli.py:Epoch 45/100	Loss 4.8886 ± 0.0815
INFO:meta-cli.py:Epoch 45/100	dev results	MRR 0.471194	H@1 0.436717	H@3 0.484674	H@5 0.506922	H@10 0.537904
INFO:meta-cli.py:Epoch 45/100	test results	MRR 0.471662	H@1 0.434429	H@3 0.486599	H@5 0.509892	H@10 0.547703
INFO:meta-cli.py:Epoch 46/100	Loss 4.8846 ± 0.0877
INFO:meta-cli.py:Epoch 47/100	Loss 4.8810 ± 0.0920
INFO:meta-cli.py:Epoch 48/100	Loss 4.8770 ± 0.0906
INFO:meta-cli.py:Epoch 48/100	dev results	MRR 0.470820	H@1 0.435893	H@3 0.483520	H@5 0.507416	H@10 0.537904
INFO:meta-cli.py:Epoch 48/100	test results	MRR 0.472075	H@1 0.435546	H@3 0.486599	H@5 0.510689	H@10 0.546905
INFO:meta-cli.py:Epoch 49/100	Loss 4.8733 ± 0.0864
INFO:meta-cli.py:Epoch 50/100	Loss 4.8697 ± 0.0836
INFO:meta-cli.py:Epoch 51/100	Loss 4.8661 ± 0.0846
INFO:meta-cli.py:Epoch 51/100	dev results	MRR 0.472074	H@1 0.437212	H@3 0.484015	H@5 0.509229	H@10 0.539387
INFO:meta-cli.py:Epoch 51/100	test results	MRR 0.471440	H@1 0.433631	H@3 0.486918	H@5 0.511646	H@10 0.548341
INFO:meta-cli.py:Epoch 52/100	Loss 4.8629 ± 0.0779
INFO:meta-cli.py:Epoch 53/100	Loss 4.8598 ± 0.0812
INFO:meta-cli.py:Epoch 54/100	Loss 4.8561 ± 0.0866
INFO:meta-cli.py:Epoch 54/100	dev results	MRR 0.471912	H@1 0.437047	H@3 0.484015	H@5 0.507746	H@10 0.540541
INFO:meta-cli.py:Epoch 54/100	test results	MRR 0.471872	H@1 0.434588	H@3 0.486439	H@5 0.511327	H@10 0.548819
INFO:meta-cli.py:Epoch 55/100	Loss 4.8529 ± 0.0833
INFO:meta-cli.py:Epoch 56/100	Loss 4.8500 ± 0.0803
INFO:meta-cli.py:Epoch 57/100	Loss 4.8469 ± 0.0769
INFO:meta-cli.py:Epoch 57/100	dev results	MRR 0.471399	H@1 0.436223	H@3 0.483850	H@5 0.507251	H@10 0.539717
INFO:meta-cli.py:Epoch 57/100	test results	MRR 0.471754	H@1 0.434269	H@3 0.486439	H@5 0.510689	H@10 0.548819
INFO:meta-cli.py:Epoch 58/100	Loss 4.8443 ± 0.0829
INFO:meta-cli.py:Epoch 59/100	Loss 4.8414 ± 0.0825
INFO:meta-cli.py:Epoch 60/100	Loss 4.8388 ± 0.0853
INFO:meta-cli.py:Epoch 60/100	dev results	MRR 0.471152	H@1 0.435728	H@3 0.482696	H@5 0.509558	H@10 0.540376
INFO:meta-cli.py:Epoch 60/100	test results	MRR 0.471398	H@1 0.433472	H@3 0.487237	H@5 0.511168	H@10 0.548819
INFO:meta-cli.py:Epoch 61/100	Loss 4.8362 ± 0.0804
INFO:meta-cli.py:Epoch 62/100	Loss 4.8337 ± 0.0787
INFO:meta-cli.py:Epoch 63/100	Loss 4.8309 ± 0.0844
INFO:meta-cli.py:Epoch 63/100	dev results	MRR 0.472361	H@1 0.437212	H@3 0.484179	H@5 0.510547	H@10 0.540046
INFO:meta-cli.py:Epoch 63/100	test results	MRR 0.471733	H@1 0.433472	H@3 0.487715	H@5 0.511168	H@10 0.551213
INFO:meta-cli.py:Epoch 64/100	Loss 4.8283 ± 0.0811
INFO:meta-cli.py:Epoch 65/100	Loss 4.8260 ± 0.0873
INFO:meta-cli.py:Epoch 66/100	Loss 4.8235 ± 0.0812
INFO:meta-cli.py:Epoch 66/100	dev results	MRR 0.472207	H@1 0.436717	H@3 0.485168	H@5 0.509558	H@10 0.541859
INFO:meta-cli.py:Epoch 66/100	test results	MRR 0.471672	H@1 0.433631	H@3 0.485641	H@5 0.513082	H@10 0.549936
INFO:meta-cli.py:Epoch 67/100	Loss 4.8212 ± 0.0793
INFO:meta-cli.py:Epoch 68/100	Loss 4.8193 ± 0.0838
INFO:meta-cli.py:Epoch 69/100	Loss 4.8170 ± 0.0814
INFO:meta-cli.py:Epoch 69/100	dev results	MRR 0.471944	H@1 0.435728	H@3 0.484674	H@5 0.509888	H@10 0.540705
INFO:meta-cli.py:Epoch 69/100	test results	MRR 0.472243	H@1 0.433950	H@3 0.486439	H@5 0.514199	H@10 0.550415
INFO:meta-cli.py:Epoch 70/100	Loss 4.8148 ± 0.0790
INFO:meta-cli.py:Epoch 71/100	Loss 4.8128 ± 0.0795
INFO:meta-cli.py:Epoch 72/100	Loss 4.8107 ± 0.0775
INFO:meta-cli.py:Epoch 72/100	dev results	MRR 0.472553	H@1 0.436717	H@3 0.485168	H@5 0.510218	H@10 0.541529
INFO:meta-cli.py:Epoch 72/100	test results	MRR 0.472488	H@1 0.434907	H@3 0.485641	H@5 0.512285	H@10 0.552808
INFO:meta-cli.py:Epoch 73/100	Loss 4.8083 ± 0.0761
INFO:meta-cli.py:Epoch 74/100	Loss 4.8063 ± 0.0823
INFO:meta-cli.py:Epoch 75/100	Loss 4.8044 ± 0.0796
INFO:meta-cli.py:Epoch 75/100	dev results	MRR 0.472572	H@1 0.436717	H@3 0.485168	H@5 0.510547	H@10 0.542024
INFO:meta-cli.py:Epoch 75/100	test results	MRR 0.472538	H@1 0.434429	H@3 0.486280	H@5 0.513242	H@10 0.552010
INFO:meta-cli.py:Epoch 76/100	Loss 4.8028 ± 0.0758
INFO:meta-cli.py:Epoch 77/100	Loss 4.8009 ± 0.0752
INFO:meta-cli.py:Epoch 78/100	Loss 4.7989 ± 0.0706
INFO:meta-cli.py:Epoch 78/100	dev results	MRR 0.472025	H@1 0.435234	H@3 0.485662	H@5 0.510877	H@10 0.542518
INFO:meta-cli.py:Epoch 78/100	test results	MRR 0.472511	H@1 0.434429	H@3 0.486280	H@5 0.512444	H@10 0.552010
INFO:meta-cli.py:Epoch 79/100	Loss 4.7972 ± 0.0774
INFO:meta-cli.py:Epoch 80/100	Loss 4.7955 ± 0.0730
INFO:meta-cli.py:Epoch 81/100	Loss 4.7934 ± 0.0826
INFO:meta-cli.py:Epoch 81/100	dev results	MRR 0.471759	H@1 0.435564	H@3 0.483685	H@5 0.509558	H@10 0.542024
INFO:meta-cli.py:Epoch 81/100	test results	MRR 0.472791	H@1 0.435067	H@3 0.486439	H@5 0.512923	H@10 0.553127
INFO:meta-cli.py:Epoch 82/100	Loss 4.7917 ± 0.0801
INFO:meta-cli.py:Epoch 83/100	Loss 4.7902 ± 0.0793
INFO:meta-cli.py:Epoch 84/100	Loss 4.7883 ± 0.0814
INFO:meta-cli.py:Epoch 84/100	dev results	MRR 0.472557	H@1 0.435893	H@3 0.485992	H@5 0.511042	H@10 0.541694
INFO:meta-cli.py:Epoch 84/100	test results	MRR 0.472298	H@1 0.433472	H@3 0.486918	H@5 0.514518	H@10 0.552648
INFO:meta-cli.py:Epoch 85/100	Loss 4.7869 ± 0.0739
INFO:meta-cli.py:Epoch 86/100	Loss 4.7853 ± 0.0753
INFO:meta-cli.py:Epoch 87/100	Loss 4.7839 ± 0.0776
INFO:meta-cli.py:Epoch 87/100	dev results	MRR 0.471969	H@1 0.434740	H@3 0.486486	H@5 0.511206	H@10 0.542848
INFO:meta-cli.py:Epoch 87/100	test results	MRR 0.473098	H@1 0.434907	H@3 0.487715	H@5 0.513242	H@10 0.552489
INFO:meta-cli.py:Epoch 88/100	Loss 4.7822 ± 0.0828
INFO:meta-cli.py:Epoch 89/100	Loss 4.7807 ± 0.0758
INFO:meta-cli.py:Epoch 90/100	Loss 4.7793 ± 0.0771
INFO:meta-cli.py:Epoch 90/100	dev results	MRR 0.471637	H@1 0.434245	H@3 0.485498	H@5 0.510712	H@10 0.542353
INFO:meta-cli.py:Epoch 90/100	test results	MRR 0.472828	H@1 0.434748	H@3 0.486120	H@5 0.514518	H@10 0.553446
INFO:meta-cli.py:Epoch 91/100	Loss 4.7780 ± 0.0768
INFO:meta-cli.py:Epoch 92/100	Loss 4.7767 ± 0.0834
INFO:meta-cli.py:Epoch 93/100	Loss 4.7754 ± 0.0718
INFO:meta-cli.py:Epoch 93/100	dev results	MRR 0.471649	H@1 0.434575	H@3 0.485992	H@5 0.511536	H@10 0.543342
INFO:meta-cli.py:Epoch 93/100	test results	MRR 0.473164	H@1 0.434907	H@3 0.487237	H@5 0.514359	H@10 0.553127
INFO:meta-cli.py:Epoch 94/100	Loss 4.7737 ± 0.0736
INFO:meta-cli.py:Epoch 95/100	Loss 4.7722 ± 0.0795
INFO:meta-cli.py:Epoch 96/100	Loss 4.7710 ± 0.0750
INFO:meta-cli.py:Epoch 96/100	dev results	MRR 0.471544	H@1 0.434245	H@3 0.485827	H@5 0.509229	H@10 0.543342
INFO:meta-cli.py:Epoch 96/100	test results	MRR 0.472374	H@1 0.432993	H@3 0.488832	H@5 0.514518	H@10 0.552489
INFO:meta-cli.py:Epoch 97/100	Loss 4.7695 ± 0.0787
INFO:meta-cli.py:Epoch 98/100	Loss 4.7683 ± 0.0807
INFO:meta-cli.py:Epoch 99/100	Loss 4.7670 ± 0.0784
INFO:meta-cli.py:Epoch 99/100	dev results	MRR 0.471796	H@1 0.434410	H@3 0.485498	H@5 0.511206	H@10 0.542353
INFO:meta-cli.py:Epoch 99/100	test results	MRR 0.473132	H@1 0.434588	H@3 0.486758	H@5 0.514837	H@10 0.552648
INFO:meta-cli.py:Epoch 100/100	Loss 4.7656 ± 0.0765
INFO:meta-cli.py:Final 	dev results	MRR 0.471571	H@1 0.434080	H@3 0.485168	H@5 0.510712	H@10 0.542683
INFO:meta-cli.py:Final 	test results	MRR 0.472768	H@1 0.434269	H@3 0.486758	H@5 0.514040	H@10 0.553287
INFO:meta-cli.py:Training finished
