./bin/meta-cli.py --train data/wn18rr/train.tsv --dev data/wn18rr/dev.tsv --test data/wn18rr/test.tsv -m complex -k 500 -b 1000 -e 100 --F2 0.001 --N3 0 -l 0.1 -I reciprocal -V 3 -o adagrad -q
{'F2': 0.001,
 'N3': 0.0,
 'batch_size': 1000,
 'dev': 'data/wn18rr/dev.tsv',
 'embedding_size': 500,
 'epochs': 100,
 'eval_batch_size': None,
 'input_type': 'reciprocal',
 'learning_rate': 0.1,
 'load': None,
 'model': 'complex',
 'optimizer': 'adagrad',
 'quiet': True,
 'save': None,
 'seed': 0,
 'test': 'data/wn18rr/test.tsv',
 'test_i': None,
 'test_ii': None,
 'train': 'data/wn18rr/train.tsv',
 'validate_every': 3}
INFO:meta-cli.py:Device: cuda
INFO:meta-cli.py:Model state:
INFO:meta-cli.py:	entities.weight	torch.Size([40943, 1000])
INFO:meta-cli.py:	predicates.weight	torch.Size([22, 1000])
INFO:meta-cli.py:Epoch 1/100	Loss 13.6484 ± 4.1945
INFO:meta-cli.py:Epoch 2/100	Loss 4.1434 ± 0.2303
INFO:meta-cli.py:Epoch 3/100	Loss 3.3650 ± 0.0947
INFO:meta-cli.py:Epoch 3/100	dev results	MRR 0.432767	H@1 0.411503	H@3 0.441002	H@5 0.453032	H@10 0.471490
INFO:meta-cli.py:Epoch 3/100	test results	MRR 0.429434	H@1 0.408105	H@3 0.434269	H@5 0.451021	H@10 0.472240
INFO:meta-cli.py:Epoch 4/100	Loss 3.1312 ± 0.0997
INFO:meta-cli.py:Epoch 5/100	Loss 3.0083 ± 0.1012
INFO:meta-cli.py:Epoch 6/100	Loss 2.9273 ± 0.1082
INFO:meta-cli.py:Epoch 6/100	dev results	MRR 0.441829	H@1 0.420402	H@3 0.449242	H@5 0.460778	H@10 0.482696
INFO:meta-cli.py:Epoch 6/100	test results	MRR 0.437394	H@1 0.414646	H@3 0.445916	H@5 0.458519	H@10 0.481972
INFO:meta-cli.py:Epoch 7/100	Loss 2.8693 ± 0.1062
INFO:meta-cli.py:Epoch 8/100	Loss 2.8226 ± 0.1130
INFO:meta-cli.py:Epoch 9/100	Loss 2.7879 ± 0.1047
INFO:meta-cli.py:Epoch 9/100	dev results	MRR 0.443239	H@1 0.421391	H@3 0.451384	H@5 0.463744	H@10 0.484179
INFO:meta-cli.py:Epoch 9/100	test results	MRR 0.442448	H@1 0.419911	H@3 0.448468	H@5 0.464901	H@10 0.487875
INFO:meta-cli.py:Epoch 10/100	Loss 2.7551 ± 0.1086
INFO:meta-cli.py:Epoch 11/100	Loss 2.7293 ± 0.1118
INFO:meta-cli.py:Epoch 12/100	Loss 2.7076 ± 0.1086
INFO:meta-cli.py:Epoch 12/100	dev results	MRR 0.444843	H@1 0.422380	H@3 0.453032	H@5 0.465392	H@10 0.487146
INFO:meta-cli.py:Epoch 12/100	test results	MRR 0.444369	H@1 0.421027	H@3 0.452297	H@5 0.465858	H@10 0.490906
INFO:meta-cli.py:Epoch 13/100	Loss 2.6872 ± 0.1019
INFO:meta-cli.py:Epoch 14/100	Loss 2.6704 ± 0.1053
INFO:meta-cli.py:Epoch 15/100	Loss 2.6547 ± 0.1123
INFO:meta-cli.py:Epoch 15/100	dev results	MRR 0.448241	H@1 0.426005	H@3 0.455834	H@5 0.469512	H@10 0.488134
INFO:meta-cli.py:Epoch 15/100	test results	MRR 0.446612	H@1 0.423261	H@3 0.452776	H@5 0.467932	H@10 0.494576
INFO:meta-cli.py:Epoch 16/100	Loss 2.6404 ± 0.1084
INFO:meta-cli.py:Epoch 17/100	Loss 2.6279 ± 0.1081
INFO:meta-cli.py:Epoch 18/100	Loss 2.6158 ± 0.1099
INFO:meta-cli.py:Epoch 18/100	dev results	MRR 0.448978	H@1 0.426994	H@3 0.456658	H@5 0.470831	H@10 0.490606
INFO:meta-cli.py:Epoch 18/100	test results	MRR 0.448533	H@1 0.425175	H@3 0.453893	H@5 0.470804	H@10 0.496809
INFO:meta-cli.py:Epoch 19/100	Loss 2.6059 ± 0.1035
INFO:meta-cli.py:Epoch 20/100	Loss 2.5953 ± 0.1047
INFO:meta-cli.py:Epoch 21/100	Loss 2.5859 ± 0.1007
INFO:meta-cli.py:Epoch 21/100	dev results	MRR 0.450826	H@1 0.428477	H@3 0.459130	H@5 0.472479	H@10 0.491101
INFO:meta-cli.py:Epoch 21/100	test results	MRR 0.449501	H@1 0.425335	H@3 0.457562	H@5 0.472719	H@10 0.500798
INFO:meta-cli.py:Epoch 22/100	Loss 2.5778 ± 0.1042
INFO:meta-cli.py:Epoch 23/100	Loss 2.5700 ± 0.1016
INFO:meta-cli.py:Epoch 24/100	Loss 2.5627 ± 0.1031
INFO:meta-cli.py:Epoch 24/100	dev results	MRR 0.451584	H@1 0.429466	H@3 0.460283	H@5 0.471819	H@10 0.492419
INFO:meta-cli.py:Epoch 24/100	test results	MRR 0.451635	H@1 0.428526	H@3 0.457881	H@5 0.473357	H@10 0.499521
INFO:meta-cli.py:Epoch 25/100	Loss 2.5551 ± 0.1002
INFO:meta-cli.py:Epoch 26/100	Loss 2.5478 ± 0.0994
INFO:meta-cli.py:Epoch 27/100	Loss 2.5423 ± 0.0943
INFO:meta-cli.py:Epoch 27/100	dev results	MRR 0.453157	H@1 0.430949	H@3 0.461767	H@5 0.474951	H@10 0.493243
INFO:meta-cli.py:Epoch 27/100	test results	MRR 0.452128	H@1 0.428685	H@3 0.458998	H@5 0.475271	H@10 0.500638
INFO:meta-cli.py:Epoch 28/100	Loss 2.5361 ± 0.1019
INFO:meta-cli.py:Epoch 29/100	Loss 2.5307 ± 0.1005
INFO:meta-cli.py:Epoch 30/100	Loss 2.5255 ± 0.0900
INFO:meta-cli.py:Epoch 30/100	dev results	MRR 0.453026	H@1 0.430949	H@3 0.460943	H@5 0.474127	H@10 0.492914
INFO:meta-cli.py:Epoch 30/100	test results	MRR 0.452958	H@1 0.429962	H@3 0.459636	H@5 0.475431	H@10 0.500638
INFO:meta-cli.py:Epoch 31/100	Loss 2.5201 ± 0.1001
INFO:meta-cli.py:Epoch 32/100	Loss 2.5154 ± 0.0983
INFO:meta-cli.py:Epoch 33/100	Loss 2.5106 ± 0.0953
INFO:meta-cli.py:Epoch 33/100	dev results	MRR 0.454007	H@1 0.432103	H@3 0.461767	H@5 0.475445	H@10 0.494067
INFO:meta-cli.py:Epoch 33/100	test results	MRR 0.452690	H@1 0.428845	H@3 0.459955	H@5 0.475271	H@10 0.502234
INFO:meta-cli.py:Epoch 34/100	Loss 2.5060 ± 0.0988
INFO:meta-cli.py:Epoch 35/100	Loss 2.5019 ± 0.0913
INFO:meta-cli.py:Epoch 36/100	Loss 2.4976 ± 0.0906
INFO:meta-cli.py:Epoch 36/100	dev results	MRR 0.453618	H@1 0.431114	H@3 0.462096	H@5 0.476104	H@10 0.494726
INFO:meta-cli.py:Epoch 36/100	test results	MRR 0.453720	H@1 0.429324	H@3 0.461870	H@5 0.478462	H@10 0.501914
INFO:meta-cli.py:Epoch 37/100	Loss 2.4940 ± 0.0951
INFO:meta-cli.py:Epoch 38/100	Loss 2.4901 ± 0.0941
INFO:meta-cli.py:Epoch 39/100	Loss 2.4864 ± 0.0964
INFO:meta-cli.py:Epoch 39/100	dev results	MRR 0.454037	H@1 0.431938	H@3 0.461107	H@5 0.475610	H@10 0.495221
INFO:meta-cli.py:Epoch 39/100	test results	MRR 0.453226	H@1 0.429164	H@3 0.461391	H@5 0.477026	H@10 0.502872
INFO:meta-cli.py:Epoch 40/100	Loss 2.4830 ± 0.0892
INFO:meta-cli.py:Epoch 41/100	Loss 2.4793 ± 0.0921
INFO:meta-cli.py:Epoch 42/100	Loss 2.4766 ± 0.0951
INFO:meta-cli.py:Epoch 42/100	dev results	MRR 0.454270	H@1 0.431938	H@3 0.461272	H@5 0.476434	H@10 0.495550
INFO:meta-cli.py:Epoch 42/100	test results	MRR 0.455494	H@1 0.431717	H@3 0.462668	H@5 0.479260	H@10 0.503989
INFO:meta-cli.py:Epoch 43/100	Loss 2.4733 ± 0.0959
INFO:meta-cli.py:Epoch 44/100	Loss 2.4700 ± 0.0867
INFO:meta-cli.py:Epoch 45/100	Loss 2.4664 ± 0.0844
INFO:meta-cli.py:Epoch 45/100	dev results	MRR 0.455035	H@1 0.432927	H@3 0.462591	H@5 0.476928	H@10 0.495550
INFO:meta-cli.py:Epoch 45/100	test results	MRR 0.455053	H@1 0.430759	H@3 0.462668	H@5 0.480696	H@10 0.504148
INFO:meta-cli.py:Epoch 46/100	Loss 2.4637 ± 0.0914
INFO:meta-cli.py:Epoch 47/100	Loss 2.4612 ± 0.0930
INFO:meta-cli.py:Epoch 48/100	Loss 2.4584 ± 0.0927
INFO:meta-cli.py:Epoch 48/100	dev results	MRR 0.455333	H@1 0.433092	H@3 0.463250	H@5 0.477258	H@10 0.497034
INFO:meta-cli.py:Epoch 48/100	test results	MRR 0.454931	H@1 0.430759	H@3 0.463146	H@5 0.479579	H@10 0.504627
INFO:meta-cli.py:Epoch 49/100	Loss 2.4558 ± 0.0903
INFO:meta-cli.py:Epoch 50/100	Loss 2.4534 ± 0.0861
INFO:meta-cli.py:Epoch 51/100	Loss 2.4507 ± 0.0858
INFO:meta-cli.py:Epoch 51/100	dev results	MRR 0.455592	H@1 0.433421	H@3 0.462096	H@5 0.476599	H@10 0.497034
INFO:meta-cli.py:Epoch 51/100	test results	MRR 0.455342	H@1 0.430440	H@3 0.464582	H@5 0.480536	H@10 0.505743
INFO:meta-cli.py:Epoch 52/100	Loss 2.4483 ± 0.0798
INFO:meta-cli.py:Epoch 53/100	Loss 2.4462 ± 0.0831
INFO:meta-cli.py:Epoch 54/100	Loss 2.4434 ± 0.0882
INFO:meta-cli.py:Epoch 54/100	dev results	MRR 0.455272	H@1 0.433256	H@3 0.463250	H@5 0.476434	H@10 0.497198
INFO:meta-cli.py:Epoch 54/100	test results	MRR 0.455952	H@1 0.431078	H@3 0.464582	H@5 0.481972	H@10 0.505424
INFO:meta-cli.py:Epoch 55/100	Loss 2.4412 ± 0.0851
INFO:meta-cli.py:Epoch 56/100	Loss 2.4391 ± 0.0829
INFO:meta-cli.py:Epoch 57/100	Loss 2.4368 ± 0.0784
INFO:meta-cli.py:Epoch 57/100	dev results	MRR 0.455585	H@1 0.433092	H@3 0.464403	H@5 0.477917	H@10 0.496704
INFO:meta-cli.py:Epoch 57/100	test results	MRR 0.456054	H@1 0.430759	H@3 0.465061	H@5 0.481334	H@10 0.505584
INFO:meta-cli.py:Epoch 58/100	Loss 2.4349 ± 0.0848
INFO:meta-cli.py:Epoch 59/100	Loss 2.4328 ± 0.0841
INFO:meta-cli.py:Epoch 60/100	Loss 2.4309 ± 0.0870
INFO:meta-cli.py:Epoch 60/100	dev results	MRR 0.455049	H@1 0.432432	H@3 0.463909	H@5 0.476928	H@10 0.496374
INFO:meta-cli.py:Epoch 60/100	test results	MRR 0.456506	H@1 0.431398	H@3 0.466018	H@5 0.482291	H@10 0.505584
INFO:meta-cli.py:Epoch 61/100	Loss 2.4291 ± 0.0810
INFO:meta-cli.py:Epoch 62/100	Loss 2.4273 ± 0.0801
INFO:meta-cli.py:Epoch 63/100	Loss 2.4252 ± 0.0862
INFO:meta-cli.py:Epoch 63/100	dev results	MRR 0.456235	H@1 0.434080	H@3 0.464403	H@5 0.478411	H@10 0.497198
INFO:meta-cli.py:Epoch 63/100	test results	MRR 0.457080	H@1 0.432036	H@3 0.466496	H@5 0.483886	H@10 0.506382
INFO:meta-cli.py:Epoch 64/100	Loss 2.4233 ± 0.0828
INFO:meta-cli.py:Epoch 65/100	Loss 2.4215 ± 0.0894
INFO:meta-cli.py:Epoch 66/100	Loss 2.4197 ± 0.0816
INFO:meta-cli.py:Epoch 66/100	dev results	MRR 0.456361	H@1 0.433916	H@3 0.464733	H@5 0.476928	H@10 0.498022
INFO:meta-cli.py:Epoch 66/100	test results	MRR 0.456650	H@1 0.431557	H@3 0.465220	H@5 0.484046	H@10 0.507179
INFO:meta-cli.py:Epoch 67/100	Loss 2.4179 ± 0.0799
INFO:meta-cli.py:Epoch 68/100	Loss 2.4167 ± 0.0852
INFO:meta-cli.py:Epoch 69/100	Loss 2.4148 ± 0.0821
INFO:meta-cli.py:Epoch 69/100	dev results	MRR 0.456595	H@1 0.434080	H@3 0.464733	H@5 0.477423	H@10 0.498187
INFO:meta-cli.py:Epoch 69/100	test results	MRR 0.457181	H@1 0.432514	H@3 0.466337	H@5 0.482610	H@10 0.507498
INFO:meta-cli.py:Epoch 70/100	Loss 2.4134 ± 0.0805
INFO:meta-cli.py:Epoch 71/100	Loss 2.4119 ± 0.0812
INFO:meta-cli.py:Epoch 72/100	Loss 2.4103 ± 0.0789
INFO:meta-cli.py:Epoch 72/100	dev results	MRR 0.456831	H@1 0.434410	H@3 0.465722	H@5 0.478411	H@10 0.498846
INFO:meta-cli.py:Epoch 72/100	test results	MRR 0.458286	H@1 0.433472	H@3 0.467135	H@5 0.484365	H@10 0.507020
INFO:meta-cli.py:Epoch 73/100	Loss 2.4084 ± 0.0793
INFO:meta-cli.py:Epoch 74/100	Loss 2.4069 ± 0.0837
INFO:meta-cli.py:Epoch 75/100	Loss 2.4056 ± 0.0813
INFO:meta-cli.py:Epoch 75/100	dev results	MRR 0.457056	H@1 0.434740	H@3 0.464733	H@5 0.478082	H@10 0.499011
INFO:meta-cli.py:Epoch 75/100	test results	MRR 0.458334	H@1 0.433472	H@3 0.467613	H@5 0.483408	H@10 0.508456
INFO:meta-cli.py:Epoch 76/100	Loss 2.4043 ± 0.0779
INFO:meta-cli.py:Epoch 77/100	Loss 2.4031 ± 0.0775
INFO:meta-cli.py:Epoch 78/100	Loss 2.4015 ± 0.0708
INFO:meta-cli.py:Epoch 78/100	dev results	MRR 0.456350	H@1 0.433256	H@3 0.465227	H@5 0.477093	H@10 0.500165
INFO:meta-cli.py:Epoch 78/100	test results	MRR 0.458331	H@1 0.433312	H@3 0.466975	H@5 0.483727	H@10 0.509253
INFO:meta-cli.py:Epoch 79/100	Loss 2.4002 ± 0.0792
INFO:meta-cli.py:Epoch 80/100	Loss 2.3990 ± 0.0740
INFO:meta-cli.py:Epoch 81/100	Loss 2.3972 ± 0.0822
INFO:meta-cli.py:Epoch 81/100	dev results	MRR 0.456942	H@1 0.434410	H@3 0.465063	H@5 0.476599	H@10 0.499506
INFO:meta-cli.py:Epoch 81/100	test results	MRR 0.458045	H@1 0.432355	H@3 0.468092	H@5 0.485163	H@10 0.508137
INFO:meta-cli.py:Epoch 82/100	Loss 2.3960 ± 0.0808
INFO:meta-cli.py:Epoch 83/100	Loss 2.3949 ± 0.0804
INFO:meta-cli.py:Epoch 84/100	Loss 2.3933 ± 0.0828
INFO:meta-cli.py:Epoch 84/100	dev results	MRR 0.457361	H@1 0.434904	H@3 0.464733	H@5 0.479071	H@10 0.499670
INFO:meta-cli.py:Epoch 84/100	test results	MRR 0.458686	H@1 0.433472	H@3 0.468092	H@5 0.484844	H@10 0.508775
INFO:meta-cli.py:Epoch 85/100	Loss 2.3924 ± 0.0753
INFO:meta-cli.py:Epoch 86/100	Loss 2.3912 ± 0.0762
INFO:meta-cli.py:Epoch 87/100	Loss 2.3901 ± 0.0786
INFO:meta-cli.py:Epoch 87/100	dev results	MRR 0.457795	H@1 0.435564	H@3 0.464733	H@5 0.479235	H@10 0.500494
INFO:meta-cli.py:Epoch 87/100	test results	MRR 0.458469	H@1 0.432833	H@3 0.468251	H@5 0.485641	H@10 0.509413
INFO:meta-cli.py:Epoch 88/100	Loss 2.3889 ± 0.0826
INFO:meta-cli.py:Epoch 89/100	Loss 2.3876 ± 0.0758
INFO:meta-cli.py:Epoch 90/100	Loss 2.3867 ± 0.0778
INFO:meta-cli.py:Epoch 90/100	dev results	MRR 0.457173	H@1 0.434245	H@3 0.465227	H@5 0.478906	H@10 0.500000
INFO:meta-cli.py:Epoch 90/100	test results	MRR 0.458895	H@1 0.433472	H@3 0.468571	H@5 0.485003	H@10 0.510370
INFO:meta-cli.py:Epoch 91/100	Loss 2.3857 ± 0.0787
INFO:meta-cli.py:Epoch 92/100	Loss 2.3847 ± 0.0831
INFO:meta-cli.py:Epoch 93/100	Loss 2.3837 ± 0.0725
INFO:meta-cli.py:Epoch 93/100	dev results	MRR 0.457016	H@1 0.433916	H@3 0.465392	H@5 0.479565	H@10 0.500989
INFO:meta-cli.py:Epoch 93/100	test results	MRR 0.458639	H@1 0.432674	H@3 0.469368	H@5 0.486439	H@10 0.510849
INFO:meta-cli.py:Epoch 94/100	Loss 2.3824 ± 0.0746
INFO:meta-cli.py:Epoch 95/100	Loss 2.3812 ± 0.0805
INFO:meta-cli.py:Epoch 96/100	Loss 2.3803 ± 0.0767
INFO:meta-cli.py:Epoch 96/100	dev results	MRR 0.457861	H@1 0.435234	H@3 0.465887	H@5 0.479895	H@10 0.500659
INFO:meta-cli.py:Epoch 96/100	test results	MRR 0.459408	H@1 0.434110	H@3 0.469209	H@5 0.486599	H@10 0.510530
INFO:meta-cli.py:Epoch 97/100	Loss 2.3792 ± 0.0787
INFO:meta-cli.py:Epoch 98/100	Loss 2.3782 ± 0.0822
INFO:meta-cli.py:Epoch 99/100	Loss 2.3772 ± 0.0782
INFO:meta-cli.py:Epoch 99/100	dev results	MRR 0.457125	H@1 0.434245	H@3 0.465063	H@5 0.479071	H@10 0.500000
INFO:meta-cli.py:Epoch 99/100	test results	MRR 0.458547	H@1 0.432195	H@3 0.470166	H@5 0.485960	H@10 0.510849
INFO:meta-cli.py:Epoch 100/100	Loss 2.3761 ± 0.0762
INFO:meta-cli.py:Final 	dev results	MRR 0.457533	H@1 0.434904	H@3 0.465392	H@5 0.480389	H@10 0.500330
INFO:meta-cli.py:Final 	test results	MRR 0.459164	H@1 0.433153	H@3 0.469687	H@5 0.486918	H@10 0.510849
INFO:meta-cli.py:Training finished
