./bin/meta-cli.py --train data/wn18rr/train.tsv --dev data/wn18rr/dev.tsv --test data/wn18rr/test.tsv -m complex -k 2000 -b 100 -e 100 --F2 0 --N3 0.05 -l 0.1 -I standard -V 3 -o adagrad -q
{'F2': 0.0,
 'N3': 0.05,
 'batch_size': 100,
 'dev': 'data/wn18rr/dev.tsv',
 'embedding_size': 2000,
 'epochs': 100,
 'eval_batch_size': None,
 'input_type': 'standard',
 'learning_rate': 0.1,
 'load': None,
 'model': 'complex',
 'optimizer': 'adagrad',
 'quiet': True,
 'save': None,
 'seed': 0,
 'test': 'data/wn18rr/test.tsv',
 'test_i': None,
 'test_ii': None,
 'train': 'data/wn18rr/train.tsv',
 'validate_every': 3}
INFO:meta-cli.py:Device: cuda
INFO:meta-cli.py:Model state:
INFO:meta-cli.py:	entities.weight	torch.Size([40943, 4000])
INFO:meta-cli.py:	predicates.weight	torch.Size([11, 4000])
INFO:meta-cli.py:Epoch 1/100	Loss 32.1943 ± 3.3973
INFO:meta-cli.py:Epoch 2/100	Loss 20.2574 ± 0.8427
INFO:meta-cli.py:Epoch 3/100	Loss 13.6413 ± 0.4164
INFO:meta-cli.py:Epoch 3/100	dev results	MRR 0.442455	H@1 0.409031	H@3 0.455834	H@5 0.476269	H@10 0.503131
INFO:meta-cli.py:Epoch 3/100	test results	MRR 0.443854	H@1 0.411455	H@3 0.457243	H@5 0.475431	H@10 0.503669
INFO:meta-cli.py:Epoch 4/100	Loss 11.4162 ± 0.3218
INFO:meta-cli.py:Epoch 5/100	Loss 10.1567 ± 0.2924
INFO:meta-cli.py:Epoch 6/100	Loss 9.3313 ± 0.2946
INFO:meta-cli.py:Epoch 6/100	dev results	MRR 0.458360	H@1 0.424357	H@3 0.470995	H@5 0.494067	H@10 0.520600
INFO:meta-cli.py:Epoch 6/100	test results	MRR 0.457900	H@1 0.422463	H@3 0.471921	H@5 0.494735	H@10 0.526005
INFO:meta-cli.py:Epoch 7/100	Loss 8.7232 ± 0.2931
INFO:meta-cli.py:Epoch 8/100	Loss 8.2570 ± 0.2813
INFO:meta-cli.py:Epoch 9/100	Loss 7.8826 ± 0.2771
INFO:meta-cli.py:Epoch 9/100	dev results	MRR 0.465705	H@1 0.429960	H@3 0.478741	H@5 0.501154	H@10 0.532630
INFO:meta-cli.py:Epoch 9/100	test results	MRR 0.468077	H@1 0.431398	H@3 0.481972	H@5 0.502872	H@10 0.537332
INFO:meta-cli.py:Epoch 10/100	Loss 7.5759 ± 0.2785
INFO:meta-cli.py:Epoch 11/100	Loss 7.3205 ± 0.2678
INFO:meta-cli.py:Epoch 12/100	Loss 7.1065 ± 0.2680
INFO:meta-cli.py:Epoch 12/100	dev results	MRR 0.467564	H@1 0.432268	H@3 0.477917	H@5 0.503296	H@10 0.535432
INFO:meta-cli.py:Epoch 12/100	test results	MRR 0.469416	H@1 0.430919	H@3 0.483408	H@5 0.509413	H@10 0.543395
INFO:meta-cli.py:Epoch 13/100	Loss 6.9186 ± 0.2656
INFO:meta-cli.py:Epoch 14/100	Loss 6.7568 ± 0.2694
INFO:meta-cli.py:Epoch 15/100	Loss 6.6156 ± 0.2614
INFO:meta-cli.py:Epoch 15/100	dev results	MRR 0.470087	H@1 0.434575	H@3 0.482037	H@5 0.507581	H@10 0.539222
INFO:meta-cli.py:Epoch 15/100	test results	MRR 0.473308	H@1 0.434429	H@3 0.489151	H@5 0.512923	H@10 0.550255
INFO:meta-cli.py:Epoch 16/100	Loss 6.4926 ± 0.2577
INFO:meta-cli.py:Epoch 17/100	Loss 6.3812 ± 0.2492
INFO:meta-cli.py:Epoch 18/100	Loss 6.2826 ± 0.2460
INFO:meta-cli.py:Epoch 18/100	dev results	MRR 0.471876	H@1 0.435728	H@3 0.482696	H@5 0.508899	H@10 0.543837
INFO:meta-cli.py:Epoch 18/100	test results	MRR 0.475184	H@1 0.434748	H@3 0.491704	H@5 0.517390	H@10 0.553287
INFO:meta-cli.py:Epoch 19/100	Loss 6.1932 ± 0.2519
INFO:meta-cli.py:Epoch 20/100	Loss 6.1143 ± 0.2434
INFO:meta-cli.py:Epoch 21/100	Loss 6.0408 ± 0.2447
INFO:meta-cli.py:Epoch 21/100	dev results	MRR 0.473492	H@1 0.435893	H@3 0.484015	H@5 0.511042	H@10 0.546144
INFO:meta-cli.py:Epoch 21/100	test results	MRR 0.476413	H@1 0.436503	H@3 0.490428	H@5 0.517709	H@10 0.553287
INFO:meta-cli.py:Epoch 22/100	Loss 5.9745 ± 0.2503
INFO:meta-cli.py:Epoch 23/100	Loss 5.9126 ± 0.2425
INFO:meta-cli.py:Epoch 24/100	Loss 5.8590 ± 0.2443
INFO:meta-cli.py:Epoch 24/100	dev results	MRR 0.475227	H@1 0.438036	H@3 0.486981	H@5 0.513514	H@10 0.549604
INFO:meta-cli.py:Epoch 24/100	test results	MRR 0.478045	H@1 0.437460	H@3 0.493618	H@5 0.521538	H@10 0.555839
INFO:meta-cli.py:Epoch 25/100	Loss 5.8064 ± 0.2369
INFO:meta-cli.py:Epoch 26/100	Loss 5.7594 ± 0.2404
INFO:meta-cli.py:Epoch 27/100	Loss 5.7158 ± 0.2476
INFO:meta-cli.py:Epoch 27/100	dev results	MRR 0.475878	H@1 0.437376	H@3 0.489618	H@5 0.515656	H@10 0.552736
INFO:meta-cli.py:Epoch 27/100	test results	MRR 0.477056	H@1 0.435067	H@3 0.493459	H@5 0.521059	H@10 0.555999
INFO:meta-cli.py:Epoch 28/100	Loss 5.6750 ± 0.2356
INFO:meta-cli.py:Epoch 29/100	Loss 5.6373 ± 0.2398
INFO:meta-cli.py:Epoch 30/100	Loss 5.6035 ± 0.2287
INFO:meta-cli.py:Epoch 30/100	dev results	MRR 0.476934	H@1 0.438200	H@3 0.490277	H@5 0.517469	H@10 0.554219
INFO:meta-cli.py:Epoch 30/100	test results	MRR 0.480316	H@1 0.438736	H@3 0.498086	H@5 0.521857	H@10 0.558711
INFO:meta-cli.py:Epoch 31/100	Loss 5.5701 ± 0.2380
INFO:meta-cli.py:Epoch 32/100	Loss 5.5389 ± 0.2320
INFO:meta-cli.py:Epoch 33/100	Loss 5.5107 ± 0.2314
INFO:meta-cli.py:Epoch 33/100	dev results	MRR 0.478242	H@1 0.439848	H@3 0.491760	H@5 0.518457	H@10 0.555702
INFO:meta-cli.py:Epoch 33/100	test results	MRR 0.479878	H@1 0.438417	H@3 0.496331	H@5 0.523452	H@10 0.559987
INFO:meta-cli.py:Epoch 34/100	Loss 5.4840 ± 0.2229
INFO:meta-cli.py:Epoch 35/100	Loss 5.4589 ± 0.2335
INFO:meta-cli.py:Epoch 36/100	Loss 5.4344 ± 0.2271
INFO:meta-cli.py:Epoch 36/100	dev results	MRR 0.478029	H@1 0.439024	H@3 0.491101	H@5 0.518952	H@10 0.556361
INFO:meta-cli.py:Epoch 36/100	test results	MRR 0.481559	H@1 0.440013	H@3 0.498883	H@5 0.525686	H@10 0.559828
INFO:meta-cli.py:Epoch 37/100	Loss 5.4119 ± 0.2299
INFO:meta-cli.py:Epoch 38/100	Loss 5.3905 ± 0.2398
INFO:meta-cli.py:Epoch 39/100	Loss 5.3703 ± 0.2301
INFO:meta-cli.py:Epoch 39/100	dev results	MRR 0.478876	H@1 0.439684	H@3 0.493078	H@5 0.520600	H@10 0.556361
INFO:meta-cli.py:Epoch 39/100	test results	MRR 0.481084	H@1 0.438896	H@3 0.497926	H@5 0.526005	H@10 0.561264
INFO:meta-cli.py:Epoch 40/100	Loss 5.3518 ± 0.2213
INFO:meta-cli.py:Epoch 41/100	Loss 5.3335 ± 0.2220
INFO:meta-cli.py:Epoch 42/100	Loss 5.3168 ± 0.2179
INFO:meta-cli.py:Epoch 42/100	dev results	MRR 0.479377	H@1 0.439848	H@3 0.493573	H@5 0.520600	H@10 0.559987
INFO:meta-cli.py:Epoch 42/100	test results	MRR 0.481386	H@1 0.438577	H@3 0.499043	H@5 0.526962	H@10 0.562699
INFO:meta-cli.py:Epoch 43/100	Loss 5.3004 ± 0.2215
INFO:meta-cli.py:Epoch 44/100	Loss 5.2846 ± 0.2176
INFO:meta-cli.py:Epoch 45/100	Loss 5.2704 ± 0.2131
INFO:meta-cli.py:Epoch 45/100	dev results	MRR 0.478753	H@1 0.438695	H@3 0.493408	H@5 0.521424	H@10 0.558339
INFO:meta-cli.py:Epoch 45/100	test results	MRR 0.481528	H@1 0.438896	H@3 0.498086	H@5 0.526324	H@10 0.562859
INFO:meta-cli.py:Epoch 46/100	Loss 5.2555 ± 0.2189
INFO:meta-cli.py:Epoch 47/100	Loss 5.2427 ± 0.2237
INFO:meta-cli.py:Epoch 48/100	Loss 5.2301 ± 0.2210
INFO:meta-cli.py:Epoch 48/100	dev results	MRR 0.479217	H@1 0.438365	H@3 0.495221	H@5 0.523072	H@10 0.559657
INFO:meta-cli.py:Epoch 48/100	test results	MRR 0.481014	H@1 0.437779	H@3 0.498086	H@5 0.525846	H@10 0.563976
INFO:meta-cli.py:Epoch 49/100	Loss 5.2169 ± 0.2140
INFO:meta-cli.py:Epoch 50/100	Loss 5.2051 ± 0.2177
INFO:meta-cli.py:Epoch 51/100	Loss 5.1939 ± 0.2122
INFO:meta-cli.py:Epoch 51/100	dev results	MRR 0.479278	H@1 0.439684	H@3 0.492749	H@5 0.521589	H@10 0.560811
INFO:meta-cli.py:Epoch 51/100	test results	MRR 0.481194	H@1 0.438098	H@3 0.498724	H@5 0.525207	H@10 0.564295
INFO:meta-cli.py:Epoch 52/100	Loss 5.1831 ± 0.2228
INFO:meta-cli.py:Epoch 53/100	Loss 5.1724 ± 0.2134
INFO:meta-cli.py:Epoch 54/100	Loss 5.1624 ± 0.2229
INFO:meta-cli.py:Epoch 54/100	dev results	MRR 0.481117	H@1 0.441167	H@3 0.494397	H@5 0.524555	H@10 0.561964
INFO:meta-cli.py:Epoch 54/100	test results	MRR 0.481940	H@1 0.438577	H@3 0.498405	H@5 0.526643	H@10 0.564295
INFO:meta-cli.py:Epoch 55/100	Loss 5.1530 ± 0.2228
INFO:meta-cli.py:Epoch 56/100	Loss 5.1434 ± 0.2102
INFO:meta-cli.py:Epoch 57/100	Loss 5.1349 ± 0.2244
INFO:meta-cli.py:Epoch 57/100	dev results	MRR 0.481040	H@1 0.441002	H@3 0.494726	H@5 0.523237	H@10 0.559657
INFO:meta-cli.py:Epoch 57/100	test results	MRR 0.481650	H@1 0.437779	H@3 0.500000	H@5 0.527920	H@10 0.566847
INFO:meta-cli.py:Epoch 58/100	Loss 5.1257 ± 0.2149
INFO:meta-cli.py:Epoch 59/100	Loss 5.1178 ± 0.2193
INFO:meta-cli.py:Epoch 60/100	Loss 5.1095 ± 0.2098
INFO:meta-cli.py:Epoch 60/100	dev results	MRR 0.479175	H@1 0.438036	H@3 0.493408	H@5 0.523072	H@10 0.560646
INFO:meta-cli.py:Epoch 60/100	test results	MRR 0.482164	H@1 0.438417	H@3 0.497926	H@5 0.526643	H@10 0.565890
INFO:meta-cli.py:Epoch 61/100	Loss 5.1018 ± 0.2187
INFO:meta-cli.py:Epoch 62/100	Loss 5.0938 ± 0.2124
INFO:meta-cli.py:Epoch 63/100	Loss 5.0873 ± 0.2063
INFO:meta-cli.py:Epoch 63/100	dev results	MRR 0.480723	H@1 0.439189	H@3 0.496869	H@5 0.524225	H@10 0.561140
INFO:meta-cli.py:Epoch 63/100	test results	MRR 0.482393	H@1 0.438577	H@3 0.500000	H@5 0.526484	H@10 0.567167
INFO:meta-cli.py:Epoch 64/100	Loss 5.0807 ± 0.2101
INFO:meta-cli.py:Epoch 65/100	Loss 5.0729 ± 0.2139
INFO:meta-cli.py:Epoch 66/100	Loss 5.0666 ± 0.2022
INFO:meta-cli.py:Epoch 66/100	dev results	MRR 0.480854	H@1 0.440013	H@3 0.494397	H@5 0.523896	H@10 0.561635
INFO:meta-cli.py:Epoch 66/100	test results	MRR 0.483134	H@1 0.439694	H@3 0.498724	H@5 0.526643	H@10 0.567964
INFO:meta-cli.py:Epoch 67/100	Loss 5.0601 ± 0.2131
INFO:meta-cli.py:Epoch 68/100	Loss 5.0543 ± 0.2141
INFO:meta-cli.py:Epoch 69/100	Loss 5.0482 ± 0.2128
INFO:meta-cli.py:Epoch 69/100	dev results	MRR 0.481303	H@1 0.440837	H@3 0.494397	H@5 0.523237	H@10 0.561635
INFO:meta-cli.py:Epoch 69/100	test results	MRR 0.482164	H@1 0.438098	H@3 0.499521	H@5 0.528239	H@10 0.566688
INFO:meta-cli.py:Epoch 70/100	Loss 5.0424 ± 0.2127
INFO:meta-cli.py:Epoch 71/100	Loss 5.0368 ± 0.2090
INFO:meta-cli.py:Epoch 72/100	Loss 5.0317 ± 0.2076
INFO:meta-cli.py:Epoch 72/100	dev results	MRR 0.481622	H@1 0.441002	H@3 0.494397	H@5 0.525709	H@10 0.563942
INFO:meta-cli.py:Epoch 72/100	test results	MRR 0.483188	H@1 0.440013	H@3 0.496969	H@5 0.528558	H@10 0.568762
INFO:meta-cli.py:Epoch 73/100	Loss 5.0262 ± 0.2088
INFO:meta-cli.py:Epoch 74/100	Loss 5.0204 ± 0.2078
INFO:meta-cli.py:Epoch 75/100	Loss 5.0156 ± 0.2028
INFO:meta-cli.py:Epoch 75/100	dev results	MRR 0.481184	H@1 0.440013	H@3 0.495386	H@5 0.523566	H@10 0.560316
INFO:meta-cli.py:Epoch 75/100	test results	MRR 0.483373	H@1 0.440013	H@3 0.500000	H@5 0.528558	H@10 0.568124
INFO:meta-cli.py:Epoch 76/100	Loss 5.0110 ± 0.2096
INFO:meta-cli.py:Epoch 77/100	Loss 5.0062 ± 0.2041
INFO:meta-cli.py:Epoch 78/100	Loss 5.0011 ± 0.2028
INFO:meta-cli.py:Epoch 78/100	dev results	MRR 0.480663	H@1 0.439024	H@3 0.494726	H@5 0.525049	H@10 0.561470
INFO:meta-cli.py:Epoch 78/100	test results	MRR 0.482878	H@1 0.439056	H@3 0.498724	H@5 0.527122	H@10 0.568443
INFO:meta-cli.py:Epoch 79/100	Loss 4.9964 ± 0.2029
INFO:meta-cli.py:Epoch 80/100	Loss 4.9926 ± 0.2044
INFO:meta-cli.py:Epoch 81/100	Loss 4.9877 ± 0.2072
INFO:meta-cli.py:Epoch 81/100	dev results	MRR 0.480774	H@1 0.440178	H@3 0.493243	H@5 0.525049	H@10 0.563118
INFO:meta-cli.py:Epoch 81/100	test results	MRR 0.483193	H@1 0.439056	H@3 0.500798	H@5 0.528877	H@10 0.568124
INFO:meta-cli.py:Epoch 82/100	Loss 4.9842 ± 0.2021
INFO:meta-cli.py:Epoch 83/100	Loss 4.9795 ± 0.2014
INFO:meta-cli.py:Epoch 84/100	Loss 4.9755 ± 0.2050
INFO:meta-cli.py:Epoch 84/100	dev results	MRR 0.481123	H@1 0.440178	H@3 0.494232	H@5 0.525873	H@10 0.563777
INFO:meta-cli.py:Epoch 84/100	test results	MRR 0.483562	H@1 0.440013	H@3 0.499521	H@5 0.527281	H@10 0.568443
INFO:meta-cli.py:Epoch 85/100	Loss 4.9718 ± 0.2040
INFO:meta-cli.py:Epoch 86/100	Loss 4.9683 ± 0.2020
INFO:meta-cli.py:Epoch 87/100	Loss 4.9647 ± 0.2038
INFO:meta-cli.py:Epoch 87/100	dev results	MRR 0.480461	H@1 0.438200	H@3 0.494232	H@5 0.525049	H@10 0.564601
INFO:meta-cli.py:Epoch 87/100	test results	MRR 0.482834	H@1 0.439215	H@3 0.498883	H@5 0.526962	H@10 0.570198
INFO:meta-cli.py:Epoch 88/100	Loss 4.9604 ± 0.2044
INFO:meta-cli.py:Epoch 89/100	Loss 4.9570 ± 0.1994
INFO:meta-cli.py:Epoch 90/100	Loss 4.9536 ± 0.2122
INFO:meta-cli.py:Epoch 90/100	dev results	MRR 0.480236	H@1 0.438365	H@3 0.492419	H@5 0.526697	H@10 0.564931
INFO:meta-cli.py:Epoch 90/100	test results	MRR 0.483171	H@1 0.439215	H@3 0.499840	H@5 0.528079	H@10 0.570517
INFO:meta-cli.py:Epoch 91/100	Loss 4.9500 ± 0.2025
INFO:meta-cli.py:Epoch 92/100	Loss 4.9469 ± 0.2070
INFO:meta-cli.py:Epoch 93/100	Loss 4.9441 ± 0.2024
INFO:meta-cli.py:Epoch 93/100	dev results	MRR 0.480388	H@1 0.438695	H@3 0.492749	H@5 0.526697	H@10 0.563283
INFO:meta-cli.py:Epoch 93/100	test results	MRR 0.482879	H@1 0.439056	H@3 0.498883	H@5 0.529196	H@10 0.569400
INFO:meta-cli.py:Epoch 94/100	Loss 4.9410 ± 0.2023
INFO:meta-cli.py:Epoch 95/100	Loss 4.9375 ± 0.1999
INFO:meta-cli.py:Epoch 96/100	Loss 4.9342 ± 0.1986
INFO:meta-cli.py:Epoch 96/100	dev results	MRR 0.480275	H@1 0.438365	H@3 0.492914	H@5 0.527192	H@10 0.564436
INFO:meta-cli.py:Epoch 96/100	test results	MRR 0.483592	H@1 0.440332	H@3 0.498564	H@5 0.528239	H@10 0.570038
INFO:meta-cli.py:Epoch 97/100	Loss 4.9314 ± 0.1972
INFO:meta-cli.py:Epoch 98/100	Loss 4.9283 ± 0.2034
INFO:meta-cli.py:Epoch 99/100	Loss 4.9255 ± 0.1872
INFO:meta-cli.py:Epoch 99/100	dev results	MRR 0.480868	H@1 0.439848	H@3 0.492914	H@5 0.525214	H@10 0.564107
INFO:meta-cli.py:Epoch 99/100	test results	MRR 0.482282	H@1 0.437620	H@3 0.498245	H@5 0.527441	H@10 0.570836
INFO:meta-cli.py:Epoch 100/100	Loss 4.9225 ± 0.2011
INFO:meta-cli.py:Final 	dev results	MRR 0.481247	H@1 0.440178	H@3 0.492914	H@5 0.527192	H@10 0.564931
INFO:meta-cli.py:Final 	test results	MRR 0.482650	H@1 0.438896	H@3 0.497607	H@5 0.527441	H@10 0.570676
INFO:meta-cli.py:Training finished
