./bin/meta-cli.py --train data/wn18rr/train.tsv --dev data/wn18rr/dev.tsv --test data/wn18rr/test.tsv -m complex -k 2000 -b 1000 -e 100 --F2 0 --N3 0.1 -l 0.1 -I standard -V 3 -o adagrad -q
{'F2': 0.0,
 'N3': 0.1,
 'batch_size': 1000,
 'dev': 'data/wn18rr/dev.tsv',
 'embedding_size': 2000,
 'epochs': 100,
 'eval_batch_size': None,
 'input_type': 'standard',
 'learning_rate': 0.1,
 'load': None,
 'model': 'complex',
 'optimizer': 'adagrad',
 'quiet': True,
 'save': None,
 'seed': 0,
 'test': 'data/wn18rr/test.tsv',
 'test_i': None,
 'test_ii': None,
 'train': 'data/wn18rr/train.tsv',
 'validate_every': 3}
INFO:meta-cli.py:Device: cuda
INFO:meta-cli.py:Model state:
INFO:meta-cli.py:	entities.weight	torch.Size([40943, 4000])
INFO:meta-cli.py:	predicates.weight	torch.Size([11, 4000])
INFO:meta-cli.py:Epoch 1/100	Loss 22.7118 ± 1.3436
INFO:meta-cli.py:Epoch 2/100	Loss 16.7877 ± 0.3232
INFO:meta-cli.py:Epoch 3/100	Loss 11.5387 ± 0.4652
INFO:meta-cli.py:Epoch 3/100	dev results	MRR 0.444171	H@1 0.413151	H@3 0.456823	H@5 0.475775	H@10 0.501318
INFO:meta-cli.py:Epoch 3/100	test results	MRR 0.446232	H@1 0.414327	H@3 0.459955	H@5 0.479579	H@10 0.504308
INFO:meta-cli.py:Epoch 4/100	Loss 9.8651 ± 0.3275
INFO:meta-cli.py:Epoch 5/100	Loss 9.1809 ± 0.3299
INFO:meta-cli.py:Epoch 6/100	Loss 8.8046 ± 0.3022
INFO:meta-cli.py:Epoch 6/100	dev results	MRR 0.467941	H@1 0.436552	H@3 0.478906	H@5 0.499670	H@10 0.528016
INFO:meta-cli.py:Epoch 6/100	test results	MRR 0.465579	H@1 0.431078	H@3 0.477186	H@5 0.502553	H@10 0.531110
INFO:meta-cli.py:Epoch 7/100	Loss 8.5471 ± 0.3035
INFO:meta-cli.py:Epoch 8/100	Loss 8.3652 ± 0.2981
INFO:meta-cli.py:Epoch 9/100	Loss 8.2224 ± 0.2833
INFO:meta-cli.py:Epoch 9/100	dev results	MRR 0.471720	H@1 0.437871	H@3 0.485498	H@5 0.506757	H@10 0.537904
INFO:meta-cli.py:Epoch 9/100	test results	MRR 0.472382	H@1 0.437301	H@3 0.487237	H@5 0.510211	H@10 0.540523
INFO:meta-cli.py:Epoch 10/100	Loss 8.1107 ± 0.2729
INFO:meta-cli.py:Epoch 11/100	Loss 8.0189 ± 0.2618
INFO:meta-cli.py:Epoch 12/100	Loss 7.9423 ± 0.2696
INFO:meta-cli.py:Epoch 12/100	dev results	MRR 0.474673	H@1 0.439848	H@3 0.487475	H@5 0.508899	H@10 0.541529
INFO:meta-cli.py:Epoch 12/100	test results	MRR 0.477020	H@1 0.440810	H@3 0.491225	H@5 0.514359	H@10 0.547703
INFO:meta-cli.py:Epoch 13/100	Loss 7.8746 ± 0.2503
INFO:meta-cli.py:Epoch 14/100	Loss 7.8171 ± 0.2551
INFO:meta-cli.py:Epoch 15/100	Loss 7.7661 ± 0.2485
INFO:meta-cli.py:Epoch 15/100	dev results	MRR 0.476889	H@1 0.441496	H@3 0.489123	H@5 0.510218	H@10 0.545649
INFO:meta-cli.py:Epoch 15/100	test results	MRR 0.477842	H@1 0.439375	H@3 0.494416	H@5 0.517390	H@10 0.552329
INFO:meta-cli.py:Epoch 16/100	Loss 7.7219 ± 0.2451
INFO:meta-cli.py:Epoch 17/100	Loss 7.6815 ± 0.2384
INFO:meta-cli.py:Epoch 18/100	Loss 7.6457 ± 0.2252
INFO:meta-cli.py:Epoch 18/100	dev results	MRR 0.476848	H@1 0.439354	H@3 0.491925	H@5 0.514832	H@10 0.547956
INFO:meta-cli.py:Epoch 18/100	test results	MRR 0.478265	H@1 0.439056	H@3 0.493778	H@5 0.518826	H@10 0.554882
INFO:meta-cli.py:Epoch 19/100	Loss 7.6132 ± 0.2231
INFO:meta-cli.py:Epoch 20/100	Loss 7.5839 ± 0.2177
INFO:meta-cli.py:Epoch 21/100	Loss 7.5563 ± 0.2119
INFO:meta-cli.py:Epoch 21/100	dev results	MRR 0.478374	H@1 0.441002	H@3 0.490771	H@5 0.514338	H@10 0.552406
INFO:meta-cli.py:Epoch 21/100	test results	MRR 0.479090	H@1 0.440172	H@3 0.493299	H@5 0.519145	H@10 0.557116
INFO:meta-cli.py:Epoch 22/100	Loss 7.5311 ± 0.2266
INFO:meta-cli.py:Epoch 23/100	Loss 7.5072 ± 0.2140
INFO:meta-cli.py:Epoch 24/100	Loss 7.4871 ± 0.2150
INFO:meta-cli.py:Epoch 24/100	dev results	MRR 0.478745	H@1 0.440508	H@3 0.492090	H@5 0.517469	H@10 0.552736
INFO:meta-cli.py:Epoch 24/100	test results	MRR 0.479280	H@1 0.438896	H@3 0.493937	H@5 0.519304	H@10 0.556796
INFO:meta-cli.py:Epoch 25/100	Loss 7.4659 ± 0.2088
INFO:meta-cli.py:Epoch 26/100	Loss 7.4468 ± 0.2032
INFO:meta-cli.py:Epoch 27/100	Loss 7.4296 ± 0.2084
INFO:meta-cli.py:Epoch 27/100	dev results	MRR 0.477522	H@1 0.438860	H@3 0.490442	H@5 0.517304	H@10 0.554713
INFO:meta-cli.py:Epoch 27/100	test results	MRR 0.479810	H@1 0.439056	H@3 0.494576	H@5 0.520740	H@10 0.557913
INFO:meta-cli.py:Epoch 28/100	Loss 7.4131 ± 0.2055
INFO:meta-cli.py:Epoch 29/100	Loss 7.3974 ± 0.2039
INFO:meta-cli.py:Epoch 30/100	Loss 7.3833 ± 0.1845
INFO:meta-cli.py:Epoch 30/100	dev results	MRR 0.479512	H@1 0.441332	H@3 0.490771	H@5 0.517633	H@10 0.554548
INFO:meta-cli.py:Epoch 30/100	test results	MRR 0.481059	H@1 0.441449	H@3 0.494576	H@5 0.520102	H@10 0.561423
INFO:meta-cli.py:Epoch 31/100	Loss 7.3688 ± 0.2000
INFO:meta-cli.py:Epoch 32/100	Loss 7.3557 ± 0.1976
INFO:meta-cli.py:Epoch 33/100	Loss 7.3433 ± 0.1929
INFO:meta-cli.py:Epoch 33/100	dev results	MRR 0.478221	H@1 0.438860	H@3 0.490606	H@5 0.519281	H@10 0.555208
INFO:meta-cli.py:Epoch 33/100	test results	MRR 0.480342	H@1 0.439215	H@3 0.496331	H@5 0.521857	H@10 0.561104
INFO:meta-cli.py:Epoch 34/100	Loss 7.3321 ± 0.1859
INFO:meta-cli.py:Epoch 35/100	Loss 7.3202 ± 0.1888
INFO:meta-cli.py:Epoch 36/100	Loss 7.3093 ± 0.1793
INFO:meta-cli.py:Epoch 36/100	dev results	MRR 0.478383	H@1 0.439189	H@3 0.490442	H@5 0.517633	H@10 0.553230
INFO:meta-cli.py:Epoch 36/100	test results	MRR 0.480304	H@1 0.438577	H@3 0.494895	H@5 0.523452	H@10 0.562061
INFO:meta-cli.py:Epoch 37/100	Loss 7.2990 ± 0.1850
INFO:meta-cli.py:Epoch 38/100	Loss 7.2893 ± 0.1885
INFO:meta-cli.py:Epoch 39/100	Loss 7.2798 ± 0.1858
INFO:meta-cli.py:Epoch 39/100	dev results	MRR 0.478511	H@1 0.439024	H@3 0.491101	H@5 0.517963	H@10 0.554054
INFO:meta-cli.py:Epoch 39/100	test results	MRR 0.481397	H@1 0.440491	H@3 0.495214	H@5 0.522655	H@10 0.562221
INFO:meta-cli.py:Epoch 40/100	Loss 7.2714 ± 0.1768
INFO:meta-cli.py:Epoch 41/100	Loss 7.2629 ± 0.1776
INFO:meta-cli.py:Epoch 42/100	Loss 7.2538 ± 0.1719
INFO:meta-cli.py:Epoch 42/100	dev results	MRR 0.479627	H@1 0.440013	H@3 0.491595	H@5 0.519117	H@10 0.556856
INFO:meta-cli.py:Epoch 42/100	test results	MRR 0.481596	H@1 0.440332	H@3 0.495533	H@5 0.524729	H@10 0.561902
INFO:meta-cli.py:Epoch 43/100	Loss 7.2459 ± 0.1730
INFO:meta-cli.py:Epoch 44/100	Loss 7.2384 ± 0.1696
INFO:meta-cli.py:Epoch 45/100	Loss 7.2314 ± 0.1611
INFO:meta-cli.py:Epoch 45/100	dev results	MRR 0.479920	H@1 0.441167	H@3 0.490606	H@5 0.517633	H@10 0.555208
INFO:meta-cli.py:Epoch 45/100	test results	MRR 0.481049	H@1 0.439694	H@3 0.496650	H@5 0.522495	H@10 0.562859
INFO:meta-cli.py:Epoch 46/100	Loss 7.2238 ± 0.1665
INFO:meta-cli.py:Epoch 47/100	Loss 7.2172 ± 0.1732
INFO:meta-cli.py:Epoch 48/100	Loss 7.2106 ± 0.1742
INFO:meta-cli.py:Epoch 48/100	dev results	MRR 0.478771	H@1 0.438695	H@3 0.490606	H@5 0.519776	H@10 0.557515
INFO:meta-cli.py:Epoch 48/100	test results	MRR 0.481218	H@1 0.440013	H@3 0.495692	H@5 0.520421	H@10 0.564454
INFO:meta-cli.py:Epoch 49/100	Loss 7.2038 ± 0.1577
INFO:meta-cli.py:Epoch 50/100	Loss 7.1978 ± 0.1705
INFO:meta-cli.py:Epoch 51/100	Loss 7.1919 ± 0.1603
INFO:meta-cli.py:Epoch 51/100	dev results	MRR 0.479038	H@1 0.439354	H@3 0.488299	H@5 0.519281	H@10 0.556361
INFO:meta-cli.py:Epoch 51/100	test results	MRR 0.480465	H@1 0.438258	H@3 0.494416	H@5 0.522336	H@10 0.565890
INFO:meta-cli.py:Epoch 52/100	Loss 7.1861 ± 0.1725
INFO:meta-cli.py:Epoch 53/100	Loss 7.1801 ± 0.1628
INFO:meta-cli.py:Epoch 54/100	Loss 7.1754 ± 0.1715
INFO:meta-cli.py:Epoch 54/100	dev results	MRR 0.479604	H@1 0.438530	H@3 0.492090	H@5 0.519281	H@10 0.559163
INFO:meta-cli.py:Epoch 54/100	test results	MRR 0.480651	H@1 0.438577	H@3 0.494257	H@5 0.523452	H@10 0.563338
INFO:meta-cli.py:Epoch 55/100	Loss 7.1697 ± 0.1712
INFO:meta-cli.py:Epoch 56/100	Loss 7.1644 ± 0.1597
INFO:meta-cli.py:Epoch 57/100	Loss 7.1598 ± 0.1686
INFO:meta-cli.py:Epoch 57/100	dev results	MRR 0.478627	H@1 0.437541	H@3 0.490771	H@5 0.517633	H@10 0.558174
INFO:meta-cli.py:Epoch 57/100	test results	MRR 0.480827	H@1 0.438896	H@3 0.494735	H@5 0.523133	H@10 0.564614
INFO:meta-cli.py:Epoch 58/100	Loss 7.1544 ± 0.1608
INFO:meta-cli.py:Epoch 59/100	Loss 7.1501 ± 0.1601
INFO:meta-cli.py:Epoch 60/100	Loss 7.1451 ± 0.1554
INFO:meta-cli.py:Epoch 60/100	dev results	MRR 0.478262	H@1 0.437706	H@3 0.488958	H@5 0.517963	H@10 0.557350
INFO:meta-cli.py:Epoch 60/100	test results	MRR 0.481249	H@1 0.439215	H@3 0.493299	H@5 0.524250	H@10 0.564614
INFO:meta-cli.py:Epoch 61/100	Loss 7.1405 ± 0.1694
INFO:meta-cli.py:Epoch 62/100	Loss 7.1360 ± 0.1517
INFO:meta-cli.py:Epoch 63/100	Loss 7.1323 ± 0.1389
INFO:meta-cli.py:Epoch 63/100	dev results	MRR 0.478704	H@1 0.437706	H@3 0.490442	H@5 0.520105	H@10 0.557680
INFO:meta-cli.py:Epoch 63/100	test results	MRR 0.480558	H@1 0.437939	H@3 0.495533	H@5 0.524569	H@10 0.564614
INFO:meta-cli.py:Epoch 64/100	Loss 7.1281 ± 0.1473
INFO:meta-cli.py:Epoch 65/100	Loss 7.1236 ± 0.1558
INFO:meta-cli.py:Epoch 66/100	Loss 7.1198 ± 0.1472
INFO:meta-cli.py:Epoch 66/100	dev results	MRR 0.479014	H@1 0.438200	H@3 0.490112	H@5 0.519941	H@10 0.558833
INFO:meta-cli.py:Epoch 66/100	test results	MRR 0.481063	H@1 0.439215	H@3 0.494576	H@5 0.523293	H@10 0.563657
INFO:meta-cli.py:Epoch 67/100	Loss 7.1162 ± 0.1563
INFO:meta-cli.py:Epoch 68/100	Loss 7.1126 ± 0.1502
INFO:meta-cli.py:Epoch 69/100	Loss 7.1086 ± 0.1566
INFO:meta-cli.py:Epoch 69/100	dev results	MRR 0.479675	H@1 0.440343	H@3 0.489618	H@5 0.518622	H@10 0.558339
INFO:meta-cli.py:Epoch 69/100	test results	MRR 0.479564	H@1 0.436343	H@3 0.494895	H@5 0.523452	H@10 0.562540
INFO:meta-cli.py:Epoch 70/100	Loss 7.1049 ± 0.1533
INFO:meta-cli.py:Epoch 71/100	Loss 7.1013 ± 0.1445
INFO:meta-cli.py:Epoch 72/100	Loss 7.0984 ± 0.1479
INFO:meta-cli.py:Epoch 72/100	dev results	MRR 0.479577	H@1 0.439684	H@3 0.488464	H@5 0.518128	H@10 0.560976
INFO:meta-cli.py:Epoch 72/100	test results	MRR 0.480454	H@1 0.438577	H@3 0.493459	H@5 0.522495	H@10 0.566369
INFO:meta-cli.py:Epoch 73/100	Loss 7.0951 ± 0.1435
INFO:meta-cli.py:Epoch 74/100	Loss 7.0915 ± 0.1436
INFO:meta-cli.py:Epoch 75/100	Loss 7.0883 ± 0.1390
INFO:meta-cli.py:Epoch 75/100	dev results	MRR 0.478601	H@1 0.437376	H@3 0.489782	H@5 0.519281	H@10 0.558833
INFO:meta-cli.py:Epoch 75/100	test results	MRR 0.480260	H@1 0.437141	H@3 0.493778	H@5 0.524091	H@10 0.563976
INFO:meta-cli.py:Epoch 76/100	Loss 7.0851 ± 0.1451
INFO:meta-cli.py:Epoch 77/100	Loss 7.0818 ± 0.1419
INFO:meta-cli.py:Epoch 78/100	Loss 7.0792 ± 0.1480
INFO:meta-cli.py:Epoch 78/100	dev results	MRR 0.477754	H@1 0.436388	H@3 0.489123	H@5 0.518293	H@10 0.560811
INFO:meta-cli.py:Epoch 78/100	test results	MRR 0.480428	H@1 0.437939	H@3 0.491544	H@5 0.524250	H@10 0.566528
INFO:meta-cli.py:Epoch 79/100	Loss 7.0757 ± 0.1379
INFO:meta-cli.py:Epoch 80/100	Loss 7.0727 ± 0.1409
INFO:meta-cli.py:Epoch 81/100	Loss 7.0703 ± 0.1457
INFO:meta-cli.py:Epoch 81/100	dev results	MRR 0.479040	H@1 0.438695	H@3 0.489123	H@5 0.519941	H@10 0.560316
INFO:meta-cli.py:Epoch 81/100	test results	MRR 0.480450	H@1 0.437141	H@3 0.495373	H@5 0.524410	H@10 0.564933
INFO:meta-cli.py:Epoch 82/100	Loss 7.0677 ± 0.1399
INFO:meta-cli.py:Epoch 83/100	Loss 7.0646 ± 0.1390
INFO:meta-cli.py:Epoch 84/100	Loss 7.0620 ± 0.1416
INFO:meta-cli.py:Epoch 84/100	dev results	MRR 0.478491	H@1 0.437376	H@3 0.489453	H@5 0.519117	H@10 0.560481
INFO:meta-cli.py:Epoch 84/100	test results	MRR 0.481278	H@1 0.438736	H@3 0.494257	H@5 0.524410	H@10 0.565571
INFO:meta-cli.py:Epoch 85/100	Loss 7.0593 ± 0.1405
INFO:meta-cli.py:Epoch 86/100	Loss 7.0570 ± 0.1432
INFO:meta-cli.py:Epoch 87/100	Loss 7.0544 ± 0.1340
INFO:meta-cli.py:Epoch 87/100	dev results	MRR 0.478029	H@1 0.436552	H@3 0.489288	H@5 0.519446	H@10 0.560316
INFO:meta-cli.py:Epoch 87/100	test results	MRR 0.480423	H@1 0.437301	H@3 0.494895	H@5 0.524569	H@10 0.566688
INFO:meta-cli.py:Epoch 88/100	Loss 7.0518 ± 0.1342
INFO:meta-cli.py:Epoch 89/100	Loss 7.0495 ± 0.1296
INFO:meta-cli.py:Epoch 90/100	Loss 7.0472 ± 0.1525
INFO:meta-cli.py:Epoch 90/100	dev results	MRR 0.479193	H@1 0.438695	H@3 0.489782	H@5 0.520435	H@10 0.560316
INFO:meta-cli.py:Epoch 90/100	test results	MRR 0.481222	H@1 0.438258	H@3 0.493937	H@5 0.525207	H@10 0.567326
INFO:meta-cli.py:Epoch 91/100	Loss 7.0445 ± 0.1333
INFO:meta-cli.py:Epoch 92/100	Loss 7.0422 ± 0.1421
INFO:meta-cli.py:Epoch 93/100	Loss 7.0402 ± 0.1381
INFO:meta-cli.py:Epoch 93/100	dev results	MRR 0.478484	H@1 0.437212	H@3 0.489618	H@5 0.518457	H@10 0.559328
INFO:meta-cli.py:Epoch 93/100	test results	MRR 0.480243	H@1 0.436662	H@3 0.494257	H@5 0.524888	H@10 0.565890
INFO:meta-cli.py:Epoch 94/100	Loss 7.0381 ± 0.1313
INFO:meta-cli.py:Epoch 95/100	Loss 7.0357 ± 0.1357
INFO:meta-cli.py:Epoch 96/100	Loss 7.0334 ± 0.1304
INFO:meta-cli.py:Epoch 96/100	dev results	MRR 0.477496	H@1 0.436223	H@3 0.487805	H@5 0.517633	H@10 0.560811
INFO:meta-cli.py:Epoch 96/100	test results	MRR 0.480256	H@1 0.436503	H@3 0.496331	H@5 0.524410	H@10 0.567645
INFO:meta-cli.py:Epoch 97/100	Loss 7.0313 ± 0.1291
INFO:meta-cli.py:Epoch 98/100	Loss 7.0294 ± 0.1437
INFO:meta-cli.py:Epoch 99/100	Loss 7.0269 ± 0.1211
INFO:meta-cli.py:Epoch 99/100	dev results	MRR 0.478742	H@1 0.438530	H@3 0.489453	H@5 0.518457	H@10 0.560316
INFO:meta-cli.py:Epoch 99/100	test results	MRR 0.480975	H@1 0.438417	H@3 0.494257	H@5 0.523452	H@10 0.567007
INFO:meta-cli.py:Epoch 100/100	Loss 7.0251 ± 0.1428
INFO:meta-cli.py:Final 	dev results	MRR 0.478964	H@1 0.438530	H@3 0.488958	H@5 0.520435	H@10 0.559657
INFO:meta-cli.py:Final 	test results	MRR 0.480635	H@1 0.437779	H@3 0.493140	H@5 0.523293	H@10 0.567326
INFO:meta-cli.py:Training finished
