./bin/meta-cli.py --train data/wn18rr/train.tsv --dev data/wn18rr/dev.tsv --test data/wn18rr/test.tsv -m complex -k 1000 -b 500 -e 100 --F2 0 --N3 0.01 -l 0.1 -I standard -V 3 -o adagrad -q
{'F2': 0.0,
 'N3': 0.01,
 'batch_size': 500,
 'dev': 'data/wn18rr/dev.tsv',
 'embedding_size': 1000,
 'epochs': 100,
 'eval_batch_size': None,
 'input_type': 'standard',
 'learning_rate': 0.1,
 'load': None,
 'model': 'complex',
 'optimizer': 'adagrad',
 'quiet': True,
 'save': None,
 'seed': 0,
 'test': 'data/wn18rr/test.tsv',
 'test_i': None,
 'test_ii': None,
 'train': 'data/wn18rr/train.tsv',
 'validate_every': 3}
INFO:meta-cli.py:Device: cuda
INFO:meta-cli.py:Model state:
INFO:meta-cli.py:	entities.weight	torch.Size([40943, 2000])
INFO:meta-cli.py:	predicates.weight	torch.Size([11, 2000])
INFO:meta-cli.py:Epoch 1/100	Loss 19.6023 ± 1.4358
INFO:meta-cli.py:Epoch 2/100	Loss 10.4165 ± 0.3043
INFO:meta-cli.py:Epoch 3/100	Loss 5.7892 ± 0.3201
INFO:meta-cli.py:Epoch 3/100	dev results	MRR 0.426988	H@1 0.403922	H@3 0.435069	H@5 0.449572	H@10 0.469018
INFO:meta-cli.py:Epoch 3/100	test results	MRR 0.431559	H@1 0.409541	H@3 0.437460	H@5 0.453255	H@10 0.471761
INFO:meta-cli.py:Epoch 4/100	Loss 4.8956 ± 0.2544
INFO:meta-cli.py:Epoch 5/100	Loss 4.5028 ± 0.2503
INFO:meta-cli.py:Epoch 6/100	Loss 4.2807 ± 0.2448
INFO:meta-cli.py:Epoch 6/100	dev results	MRR 0.439333	H@1 0.414634	H@3 0.449572	H@5 0.462591	H@10 0.482696
INFO:meta-cli.py:Epoch 6/100	test results	MRR 0.442061	H@1 0.415922	H@3 0.452297	H@5 0.468571	H@10 0.489949
INFO:meta-cli.py:Epoch 7/100	Loss 4.1214 ± 0.2326
INFO:meta-cli.py:Epoch 8/100	Loss 4.0045 ± 0.2384
INFO:meta-cli.py:Epoch 9/100	Loss 3.9095 ± 0.2275
INFO:meta-cli.py:Epoch 9/100	dev results	MRR 0.446250	H@1 0.421061	H@3 0.454186	H@5 0.470995	H@10 0.492749
INFO:meta-cli.py:Epoch 9/100	test results	MRR 0.451041	H@1 0.425335	H@3 0.459317	H@5 0.476069	H@10 0.498405
INFO:meta-cli.py:Epoch 10/100	Loss 3.8301 ± 0.2192
INFO:meta-cli.py:Epoch 11/100	Loss 3.7651 ± 0.2184
INFO:meta-cli.py:Epoch 12/100	Loss 3.7102 ± 0.2214
INFO:meta-cli.py:Epoch 12/100	dev results	MRR 0.448581	H@1 0.422544	H@3 0.456328	H@5 0.475280	H@10 0.497363
INFO:meta-cli.py:Epoch 12/100	test results	MRR 0.452652	H@1 0.425175	H@3 0.462508	H@5 0.480217	H@10 0.504148
INFO:meta-cli.py:Epoch 13/100	Loss 3.6595 ± 0.2086
INFO:meta-cli.py:Epoch 14/100	Loss 3.6157 ± 0.2142
INFO:meta-cli.py:Epoch 15/100	Loss 3.5762 ± 0.2090
INFO:meta-cli.py:Epoch 15/100	dev results	MRR 0.452498	H@1 0.426005	H@3 0.462755	H@5 0.478906	H@10 0.501813
INFO:meta-cli.py:Epoch 15/100	test results	MRR 0.454938	H@1 0.426292	H@3 0.465061	H@5 0.483248	H@10 0.509732
INFO:meta-cli.py:Epoch 16/100	Loss 3.5424 ± 0.2058
INFO:meta-cli.py:Epoch 17/100	Loss 3.5100 ± 0.2035
INFO:meta-cli.py:Epoch 18/100	Loss 3.4816 ± 0.1913
INFO:meta-cli.py:Epoch 18/100	dev results	MRR 0.453536	H@1 0.425181	H@3 0.464239	H@5 0.482367	H@10 0.505109
INFO:meta-cli.py:Epoch 18/100	test results	MRR 0.456196	H@1 0.425973	H@3 0.467773	H@5 0.487396	H@10 0.512285
INFO:meta-cli.py:Epoch 19/100	Loss 3.4552 ± 0.1953
INFO:meta-cli.py:Epoch 20/100	Loss 3.4315 ± 0.1929
INFO:meta-cli.py:Epoch 21/100	Loss 3.4091 ± 0.1857
INFO:meta-cli.py:Epoch 21/100	dev results	MRR 0.455988	H@1 0.427488	H@3 0.466875	H@5 0.484015	H@10 0.506757
INFO:meta-cli.py:Epoch 21/100	test results	MRR 0.458215	H@1 0.427250	H@3 0.470006	H@5 0.488992	H@10 0.514040
INFO:meta-cli.py:Epoch 22/100	Loss 3.3880 ± 0.1978
INFO:meta-cli.py:Epoch 23/100	Loss 3.3679 ± 0.1856
INFO:meta-cli.py:Epoch 24/100	Loss 3.3513 ± 0.1913
INFO:meta-cli.py:Epoch 24/100	dev results	MRR 0.457245	H@1 0.428312	H@3 0.468523	H@5 0.484838	H@10 0.508075
INFO:meta-cli.py:Epoch 24/100	test results	MRR 0.460493	H@1 0.428526	H@3 0.472878	H@5 0.494097	H@10 0.518028
INFO:meta-cli.py:Epoch 25/100	Loss 3.3335 ± 0.1847
INFO:meta-cli.py:Epoch 26/100	Loss 3.3173 ± 0.1840
INFO:meta-cli.py:Epoch 27/100	Loss 3.3025 ± 0.1870
INFO:meta-cli.py:Epoch 27/100	dev results	MRR 0.459445	H@1 0.430949	H@3 0.468688	H@5 0.487970	H@10 0.512525
INFO:meta-cli.py:Epoch 27/100	test results	MRR 0.460326	H@1 0.427888	H@3 0.472559	H@5 0.494416	H@10 0.520581
INFO:meta-cli.py:Epoch 28/100	Loss 3.2887 ± 0.1840
INFO:meta-cli.py:Epoch 29/100	Loss 3.2753 ± 0.1848
INFO:meta-cli.py:Epoch 30/100	Loss 3.2633 ± 0.1688
INFO:meta-cli.py:Epoch 30/100	dev results	MRR 0.460653	H@1 0.431773	H@3 0.472643	H@5 0.489453	H@10 0.514502
INFO:meta-cli.py:Epoch 30/100	test results	MRR 0.463579	H@1 0.431876	H@3 0.475112	H@5 0.495852	H@10 0.520421
INFO:meta-cli.py:Epoch 31/100	Loss 3.2506 ± 0.1778
INFO:meta-cli.py:Epoch 32/100	Loss 3.2393 ± 0.1800
INFO:meta-cli.py:Epoch 33/100	Loss 3.2285 ± 0.1778
INFO:meta-cli.py:Epoch 33/100	dev results	MRR 0.461523	H@1 0.432597	H@3 0.472808	H@5 0.490112	H@10 0.515162
INFO:meta-cli.py:Epoch 33/100	test results	MRR 0.463224	H@1 0.430440	H@3 0.475431	H@5 0.496969	H@10 0.523452
INFO:meta-cli.py:Epoch 34/100	Loss 3.2186 ± 0.1683
INFO:meta-cli.py:Epoch 35/100	Loss 3.2086 ± 0.1727
INFO:meta-cli.py:Epoch 36/100	Loss 3.1992 ± 0.1663
INFO:meta-cli.py:Epoch 36/100	dev results	MRR 0.462463	H@1 0.433586	H@3 0.471655	H@5 0.491266	H@10 0.518457
INFO:meta-cli.py:Epoch 36/100	test results	MRR 0.463747	H@1 0.431398	H@3 0.475590	H@5 0.498245	H@10 0.524410
INFO:meta-cli.py:Epoch 37/100	Loss 3.1900 ± 0.1660
INFO:meta-cli.py:Epoch 38/100	Loss 3.1818 ± 0.1746
INFO:meta-cli.py:Epoch 39/100	Loss 3.1731 ± 0.1685
INFO:meta-cli.py:Epoch 39/100	dev results	MRR 0.462067	H@1 0.431773	H@3 0.472479	H@5 0.492584	H@10 0.518457
INFO:meta-cli.py:Epoch 39/100	test results	MRR 0.465533	H@1 0.432355	H@3 0.478622	H@5 0.498883	H@10 0.527441
INFO:meta-cli.py:Epoch 40/100	Loss 3.1656 ± 0.1620
INFO:meta-cli.py:Epoch 41/100	Loss 3.1581 ± 0.1660
INFO:meta-cli.py:Epoch 42/100	Loss 3.1506 ± 0.1597
INFO:meta-cli.py:Epoch 42/100	dev results	MRR 0.463678	H@1 0.433751	H@3 0.474291	H@5 0.492749	H@10 0.520765
INFO:meta-cli.py:Epoch 42/100	test results	MRR 0.465720	H@1 0.432036	H@3 0.480217	H@5 0.500479	H@10 0.528558
INFO:meta-cli.py:Epoch 43/100	Loss 3.1436 ± 0.1600
INFO:meta-cli.py:Epoch 44/100	Loss 3.1370 ± 0.1608
INFO:meta-cli.py:Epoch 45/100	Loss 3.1306 ± 0.1503
INFO:meta-cli.py:Epoch 45/100	dev results	MRR 0.462601	H@1 0.432597	H@3 0.471655	H@5 0.493078	H@10 0.520435
INFO:meta-cli.py:Epoch 45/100	test results	MRR 0.466176	H@1 0.432674	H@3 0.479260	H@5 0.501117	H@10 0.527601
INFO:meta-cli.py:Epoch 46/100	Loss 3.1240 ± 0.1542
INFO:meta-cli.py:Epoch 47/100	Loss 3.1180 ± 0.1622
INFO:meta-cli.py:Epoch 48/100	Loss 3.1122 ± 0.1605
INFO:meta-cli.py:Epoch 48/100	dev results	MRR 0.462940	H@1 0.432597	H@3 0.472149	H@5 0.493902	H@10 0.521094
INFO:meta-cli.py:Epoch 48/100	test results	MRR 0.466771	H@1 0.433153	H@3 0.479738	H@5 0.499681	H@10 0.528558
INFO:meta-cli.py:Epoch 49/100	Loss 3.1060 ± 0.1509
INFO:meta-cli.py:Epoch 50/100	Loss 3.1007 ± 0.1616
INFO:meta-cli.py:Epoch 51/100	Loss 3.0954 ± 0.1495
INFO:meta-cli.py:Epoch 51/100	dev results	MRR 0.464189	H@1 0.434080	H@3 0.472973	H@5 0.493902	H@10 0.522742
INFO:meta-cli.py:Epoch 51/100	test results	MRR 0.466276	H@1 0.431717	H@3 0.479419	H@5 0.502234	H@10 0.530951
INFO:meta-cli.py:Epoch 52/100	Loss 3.0904 ± 0.1606
INFO:meta-cli.py:Epoch 53/100	Loss 3.0850 ± 0.1510
INFO:meta-cli.py:Epoch 54/100	Loss 3.0810 ± 0.1578
INFO:meta-cli.py:Epoch 54/100	dev results	MRR 0.464650	H@1 0.434410	H@3 0.474456	H@5 0.495056	H@10 0.523237
INFO:meta-cli.py:Epoch 54/100	test results	MRR 0.467274	H@1 0.432833	H@3 0.480536	H@5 0.502393	H@10 0.530951
INFO:meta-cli.py:Epoch 55/100	Loss 3.0758 ± 0.1617
INFO:meta-cli.py:Epoch 56/100	Loss 3.0711 ± 0.1503
INFO:meta-cli.py:Epoch 57/100	Loss 3.0668 ± 0.1608
INFO:meta-cli.py:Epoch 57/100	dev results	MRR 0.464144	H@1 0.433256	H@3 0.473138	H@5 0.495221	H@10 0.525379
INFO:meta-cli.py:Epoch 57/100	test results	MRR 0.467431	H@1 0.432993	H@3 0.480057	H@5 0.503510	H@10 0.529994
INFO:meta-cli.py:Epoch 58/100	Loss 3.0622 ± 0.1496
INFO:meta-cli.py:Epoch 59/100	Loss 3.0583 ± 0.1507
INFO:meta-cli.py:Epoch 60/100	Loss 3.0540 ± 0.1502
INFO:meta-cli.py:Epoch 60/100	dev results	MRR 0.464922	H@1 0.434080	H@3 0.473797	H@5 0.497528	H@10 0.525379
INFO:meta-cli.py:Epoch 60/100	test results	MRR 0.468510	H@1 0.434269	H@3 0.481972	H@5 0.503510	H@10 0.532068
INFO:meta-cli.py:Epoch 61/100	Loss 3.0497 ± 0.1561
INFO:meta-cli.py:Epoch 62/100	Loss 3.0459 ± 0.1462
INFO:meta-cli.py:Epoch 63/100	Loss 3.0421 ± 0.1369
INFO:meta-cli.py:Epoch 63/100	dev results	MRR 0.464960	H@1 0.434245	H@3 0.473467	H@5 0.496539	H@10 0.525544
INFO:meta-cli.py:Epoch 63/100	test results	MRR 0.468687	H@1 0.434588	H@3 0.481493	H@5 0.503191	H@10 0.533663
INFO:meta-cli.py:Epoch 64/100	Loss 3.0388 ± 0.1403
INFO:meta-cli.py:Epoch 65/100	Loss 3.0346 ± 0.1437
INFO:meta-cli.py:Epoch 66/100	Loss 3.0314 ± 0.1404
INFO:meta-cli.py:Epoch 66/100	dev results	MRR 0.465749	H@1 0.435399	H@3 0.473962	H@5 0.497198	H@10 0.525709
INFO:meta-cli.py:Epoch 66/100	test results	MRR 0.468936	H@1 0.434429	H@3 0.482770	H@5 0.505265	H@10 0.534142
INFO:meta-cli.py:Epoch 67/100	Loss 3.0280 ± 0.1464
INFO:meta-cli.py:Epoch 68/100	Loss 3.0245 ± 0.1454
INFO:meta-cli.py:Epoch 69/100	Loss 3.0212 ± 0.1486
INFO:meta-cli.py:Epoch 69/100	dev results	MRR 0.465248	H@1 0.434245	H@3 0.473632	H@5 0.497693	H@10 0.526368
INFO:meta-cli.py:Epoch 69/100	test results	MRR 0.468241	H@1 0.433312	H@3 0.481812	H@5 0.504627	H@10 0.532865
INFO:meta-cli.py:Epoch 70/100	Loss 3.0177 ± 0.1454
INFO:meta-cli.py:Epoch 71/100	Loss 3.0147 ± 0.1404
INFO:meta-cli.py:Epoch 72/100	Loss 3.0120 ± 0.1417
INFO:meta-cli.py:Epoch 72/100	dev results	MRR 0.466276	H@1 0.435564	H@3 0.474291	H@5 0.498352	H@10 0.525873
INFO:meta-cli.py:Epoch 72/100	test results	MRR 0.469032	H@1 0.434269	H@3 0.483727	H@5 0.505105	H@10 0.534939
INFO:meta-cli.py:Epoch 73/100	Loss 3.0087 ± 0.1395
INFO:meta-cli.py:Epoch 74/100	Loss 3.0057 ± 0.1390
INFO:meta-cli.py:Epoch 75/100	Loss 3.0029 ± 0.1358
INFO:meta-cli.py:Epoch 75/100	dev results	MRR 0.465854	H@1 0.434080	H@3 0.474621	H@5 0.500659	H@10 0.527521
INFO:meta-cli.py:Epoch 75/100	test results	MRR 0.469153	H@1 0.434110	H@3 0.483567	H@5 0.504786	H@10 0.534620
INFO:meta-cli.py:Epoch 76/100	Loss 2.9999 ± 0.1421
INFO:meta-cli.py:Epoch 77/100	Loss 2.9973 ± 0.1374
INFO:meta-cli.py:Epoch 78/100	Loss 2.9946 ± 0.1382
INFO:meta-cli.py:Epoch 78/100	dev results	MRR 0.466193	H@1 0.434575	H@3 0.474127	H@5 0.499341	H@10 0.528181
INFO:meta-cli.py:Epoch 78/100	test results	MRR 0.468512	H@1 0.433153	H@3 0.482929	H@5 0.505743	H@10 0.534461
INFO:meta-cli.py:Epoch 79/100	Loss 2.9916 ± 0.1282
INFO:meta-cli.py:Epoch 80/100	Loss 2.9889 ± 0.1356
INFO:meta-cli.py:Epoch 81/100	Loss 2.9867 ± 0.1421
INFO:meta-cli.py:Epoch 81/100	dev results	MRR 0.466733	H@1 0.435399	H@3 0.475610	H@5 0.499341	H@10 0.527851
INFO:meta-cli.py:Epoch 81/100	test results	MRR 0.469672	H@1 0.434588	H@3 0.483886	H@5 0.505105	H@10 0.534939
INFO:meta-cli.py:Epoch 82/100	Loss 2.9844 ± 0.1344
INFO:meta-cli.py:Epoch 83/100	Loss 2.9819 ± 0.1327
INFO:meta-cli.py:Epoch 84/100	Loss 2.9793 ± 0.1389
INFO:meta-cli.py:Epoch 84/100	dev results	MRR 0.466617	H@1 0.434904	H@3 0.475939	H@5 0.500000	H@10 0.528181
INFO:meta-cli.py:Epoch 84/100	test results	MRR 0.469768	H@1 0.435067	H@3 0.483567	H@5 0.505265	H@10 0.536216
INFO:meta-cli.py:Epoch 85/100	Loss 2.9770 ± 0.1388
INFO:meta-cli.py:Epoch 86/100	Loss 2.9748 ± 0.1360
INFO:meta-cli.py:Epoch 87/100	Loss 2.9725 ± 0.1308
INFO:meta-cli.py:Epoch 87/100	dev results	MRR 0.466771	H@1 0.435234	H@3 0.475280	H@5 0.499011	H@10 0.528840
INFO:meta-cli.py:Epoch 87/100	test results	MRR 0.468864	H@1 0.433153	H@3 0.483248	H@5 0.505903	H@10 0.537332
INFO:meta-cli.py:Epoch 88/100	Loss 2.9699 ± 0.1298
INFO:meta-cli.py:Epoch 89/100	Loss 2.9680 ± 0.1265
INFO:meta-cli.py:Epoch 90/100	Loss 2.9659 ± 0.1441
INFO:meta-cli.py:Epoch 90/100	dev results	MRR 0.466559	H@1 0.434410	H@3 0.475280	H@5 0.501648	H@10 0.528840
INFO:meta-cli.py:Epoch 90/100	test results	MRR 0.469643	H@1 0.433950	H@3 0.483248	H@5 0.506222	H@10 0.538290
INFO:meta-cli.py:Epoch 91/100	Loss 2.9635 ± 0.1294
INFO:meta-cli.py:Epoch 92/100	Loss 2.9616 ± 0.1358
INFO:meta-cli.py:Epoch 93/100	Loss 2.9597 ± 0.1326
INFO:meta-cli.py:Epoch 93/100	dev results	MRR 0.466420	H@1 0.434245	H@3 0.476434	H@5 0.500165	H@10 0.529829
INFO:meta-cli.py:Epoch 93/100	test results	MRR 0.469268	H@1 0.433312	H@3 0.483567	H@5 0.505584	H@10 0.538130
INFO:meta-cli.py:Epoch 94/100	Loss 2.9580 ± 0.1313
INFO:meta-cli.py:Epoch 95/100	Loss 2.9557 ± 0.1303
INFO:meta-cli.py:Epoch 96/100	Loss 2.9535 ± 0.1296
INFO:meta-cli.py:Epoch 96/100	dev results	MRR 0.466888	H@1 0.434740	H@3 0.476104	H@5 0.500494	H@10 0.530817
INFO:meta-cli.py:Epoch 96/100	test results	MRR 0.469222	H@1 0.433791	H@3 0.482770	H@5 0.505105	H@10 0.537811
INFO:meta-cli.py:Epoch 97/100	Loss 2.9518 ± 0.1294
INFO:meta-cli.py:Epoch 98/100	Loss 2.9499 ± 0.1381
INFO:meta-cli.py:Epoch 99/100	Loss 2.9480 ± 0.1183
INFO:meta-cli.py:Epoch 99/100	dev results	MRR 0.467197	H@1 0.435069	H@3 0.478082	H@5 0.500824	H@10 0.529829
INFO:meta-cli.py:Epoch 99/100	test results	MRR 0.469942	H@1 0.434429	H@3 0.484365	H@5 0.505265	H@10 0.538449
INFO:meta-cli.py:Epoch 100/100	Loss 2.9462 ± 0.1354
INFO:meta-cli.py:Final 	dev results	MRR 0.467305	H@1 0.435069	H@3 0.477093	H@5 0.500330	H@10 0.529993
INFO:meta-cli.py:Final 	test results	MRR 0.470105	H@1 0.434588	H@3 0.483567	H@5 0.506701	H@10 0.539087
INFO:meta-cli.py:Training finished
