./bin/meta-cli.py --train data/wn18rr/train.tsv --dev data/wn18rr/dev.tsv --test data/wn18rr/test.tsv -m complex -k 2000 -b 1000 -e 100 --F2 0.01 --N3 0 -l 0.1 -I standard -V 3 -o adagrad -q
{'F2': 0.01,
 'N3': 0.0,
 'batch_size': 1000,
 'dev': 'data/wn18rr/dev.tsv',
 'embedding_size': 2000,
 'epochs': 100,
 'eval_batch_size': None,
 'input_type': 'standard',
 'learning_rate': 0.1,
 'load': None,
 'model': 'complex',
 'optimizer': 'adagrad',
 'quiet': True,
 'save': None,
 'seed': 0,
 'test': 'data/wn18rr/test.tsv',
 'test_i': None,
 'test_ii': None,
 'train': 'data/wn18rr/train.tsv',
 'validate_every': 3}
INFO:meta-cli.py:Device: cuda
INFO:meta-cli.py:Model state:
INFO:meta-cli.py:	entities.weight	torch.Size([40943, 4000])
INFO:meta-cli.py:	predicates.weight	torch.Size([11, 4000])
INFO:meta-cli.py:Epoch 1/100	Loss 20.7713 ± 1.2977
INFO:meta-cli.py:Epoch 2/100	Loss 12.9434 ± 0.3002
INFO:meta-cli.py:Epoch 3/100	Loss 7.6395 ± 0.3546
INFO:meta-cli.py:Epoch 3/100	dev results	MRR 0.429256	H@1 0.406559	H@3 0.437541	H@5 0.450725	H@10 0.469018
INFO:meta-cli.py:Epoch 3/100	test results	MRR 0.431488	H@1 0.408424	H@3 0.439853	H@5 0.453733	H@10 0.473197
INFO:meta-cli.py:Epoch 4/100	Loss 6.4690 ± 0.2437
INFO:meta-cli.py:Epoch 5/100	Loss 5.9693 ± 0.2453
INFO:meta-cli.py:Epoch 6/100	Loss 5.6949 ± 0.2336
INFO:meta-cli.py:Epoch 6/100	dev results	MRR 0.441792	H@1 0.416941	H@3 0.450396	H@5 0.466875	H@10 0.487310
INFO:meta-cli.py:Epoch 6/100	test results	MRR 0.443991	H@1 0.418794	H@3 0.451978	H@5 0.469528	H@10 0.492023
INFO:meta-cli.py:Epoch 7/100	Loss 5.4971 ± 0.2259
INFO:meta-cli.py:Epoch 8/100	Loss 5.3485 ± 0.2270
INFO:meta-cli.py:Epoch 9/100	Loss 5.2262 ± 0.2186
INFO:meta-cli.py:Epoch 9/100	dev results	MRR 0.449032	H@1 0.423698	H@3 0.458306	H@5 0.472149	H@10 0.495880
INFO:meta-cli.py:Epoch 9/100	test results	MRR 0.451562	H@1 0.426452	H@3 0.458839	H@5 0.476069	H@10 0.501595
INFO:meta-cli.py:Epoch 10/100	Loss 5.1233 ± 0.2090
INFO:meta-cli.py:Epoch 11/100	Loss 5.0357 ± 0.2067
INFO:meta-cli.py:Epoch 12/100	Loss 4.9597 ± 0.2103
INFO:meta-cli.py:Epoch 12/100	dev results	MRR 0.450317	H@1 0.426170	H@3 0.456328	H@5 0.475775	H@10 0.499011
INFO:meta-cli.py:Epoch 12/100	test results	MRR 0.453146	H@1 0.425654	H@3 0.462029	H@5 0.480057	H@10 0.503989
INFO:meta-cli.py:Epoch 13/100	Loss 4.8902 ± 0.1968
INFO:meta-cli.py:Epoch 14/100	Loss 4.8281 ± 0.2029
INFO:meta-cli.py:Epoch 15/100	Loss 4.7720 ± 0.1942
INFO:meta-cli.py:Epoch 15/100	dev results	MRR 0.453165	H@1 0.427324	H@3 0.461107	H@5 0.480883	H@10 0.500824
INFO:meta-cli.py:Epoch 15/100	test results	MRR 0.455970	H@1 0.428047	H@3 0.465539	H@5 0.485003	H@10 0.511008
INFO:meta-cli.py:Epoch 16/100	Loss 4.7213 ± 0.1930
INFO:meta-cli.py:Epoch 17/100	Loss 4.6734 ± 0.1880
INFO:meta-cli.py:Epoch 18/100	Loss 4.6299 ± 0.1750
INFO:meta-cli.py:Epoch 18/100	dev results	MRR 0.454746	H@1 0.428148	H@3 0.462920	H@5 0.481707	H@10 0.505603
INFO:meta-cli.py:Epoch 18/100	test results	MRR 0.456499	H@1 0.427569	H@3 0.466177	H@5 0.486918	H@10 0.509572
INFO:meta-cli.py:Epoch 19/100	Loss 4.5897 ± 0.1772
INFO:meta-cli.py:Epoch 20/100	Loss 4.5520 ± 0.1750
INFO:meta-cli.py:Epoch 21/100	Loss 4.5161 ± 0.1676
INFO:meta-cli.py:Epoch 21/100	dev results	MRR 0.454817	H@1 0.427488	H@3 0.463415	H@5 0.482861	H@10 0.505933
INFO:meta-cli.py:Epoch 21/100	test results	MRR 0.456986	H@1 0.428366	H@3 0.466337	H@5 0.487237	H@10 0.511327
INFO:meta-cli.py:Epoch 22/100	Loss 4.4827 ± 0.1808
INFO:meta-cli.py:Epoch 23/100	Loss 4.4506 ± 0.1672
INFO:meta-cli.py:Epoch 24/100	Loss 4.4218 ± 0.1730
INFO:meta-cli.py:Epoch 24/100	dev results	MRR 0.456969	H@1 0.429796	H@3 0.465557	H@5 0.484344	H@10 0.509064
INFO:meta-cli.py:Epoch 24/100	test results	MRR 0.459276	H@1 0.429643	H@3 0.470645	H@5 0.490108	H@10 0.514199
INFO:meta-cli.py:Epoch 25/100	Loss 4.3921 ± 0.1656
INFO:meta-cli.py:Epoch 26/100	Loss 4.3651 ± 0.1641
INFO:meta-cli.py:Epoch 27/100	Loss 4.3393 ± 0.1655
INFO:meta-cli.py:Epoch 27/100	dev results	MRR 0.457174	H@1 0.429466	H@3 0.468359	H@5 0.485498	H@10 0.509888
INFO:meta-cli.py:Epoch 27/100	test results	MRR 0.459149	H@1 0.428845	H@3 0.471442	H@5 0.491863	H@10 0.514837
INFO:meta-cli.py:Epoch 28/100	Loss 4.3146 ± 0.1640
INFO:meta-cli.py:Epoch 29/100	Loss 4.2910 ± 0.1619
INFO:meta-cli.py:Epoch 30/100	Loss 4.2686 ± 0.1471
INFO:meta-cli.py:Epoch 30/100	dev results	MRR 0.458051	H@1 0.429960	H@3 0.468194	H@5 0.487475	H@10 0.510547
INFO:meta-cli.py:Epoch 30/100	test results	MRR 0.460461	H@1 0.430281	H@3 0.472399	H@5 0.492023	H@10 0.517869
INFO:meta-cli.py:Epoch 31/100	Loss 4.2461 ± 0.1564
INFO:meta-cli.py:Epoch 32/100	Loss 4.2254 ± 0.1565
INFO:meta-cli.py:Epoch 33/100	Loss 4.2051 ± 0.1541
INFO:meta-cli.py:Epoch 33/100	dev results	MRR 0.458279	H@1 0.430784	H@3 0.470666	H@5 0.486981	H@10 0.511701
INFO:meta-cli.py:Epoch 33/100	test results	MRR 0.460966	H@1 0.430121	H@3 0.473835	H@5 0.493778	H@10 0.517869
INFO:meta-cli.py:Epoch 34/100	Loss 4.1862 ± 0.1449
INFO:meta-cli.py:Epoch 35/100	Loss 4.1670 ± 0.1500
INFO:meta-cli.py:Epoch 36/100	Loss 4.1488 ± 0.1399
INFO:meta-cli.py:Epoch 36/100	dev results	MRR 0.457812	H@1 0.429466	H@3 0.468523	H@5 0.487640	H@10 0.512195
INFO:meta-cli.py:Epoch 36/100	test results	MRR 0.460872	H@1 0.430440	H@3 0.473995	H@5 0.494735	H@10 0.518347
INFO:meta-cli.py:Epoch 37/100	Loss 4.1314 ± 0.1443
INFO:meta-cli.py:Epoch 38/100	Loss 4.1146 ± 0.1476
INFO:meta-cli.py:Epoch 39/100	Loss 4.0979 ± 0.1441
INFO:meta-cli.py:Epoch 39/100	dev results	MRR 0.458148	H@1 0.430125	H@3 0.468359	H@5 0.488134	H@10 0.512030
INFO:meta-cli.py:Epoch 39/100	test results	MRR 0.461515	H@1 0.430600	H@3 0.473995	H@5 0.494895	H@10 0.518826
INFO:meta-cli.py:Epoch 40/100	Loss 4.0823 ± 0.1388
INFO:meta-cli.py:Epoch 41/100	Loss 4.0671 ± 0.1398
INFO:meta-cli.py:Epoch 42/100	Loss 4.0514 ± 0.1360
INFO:meta-cli.py:Epoch 42/100	dev results	MRR 0.457718	H@1 0.429631	H@3 0.469018	H@5 0.487146	H@10 0.511536
INFO:meta-cli.py:Epoch 42/100	test results	MRR 0.460807	H@1 0.429802	H@3 0.472399	H@5 0.494895	H@10 0.520740
INFO:meta-cli.py:Epoch 43/100	Loss 4.0372 ± 0.1351
INFO:meta-cli.py:Epoch 44/100	Loss 4.0232 ± 0.1338
INFO:meta-cli.py:Epoch 45/100	Loss 4.0096 ± 0.1260
INFO:meta-cli.py:Epoch 45/100	dev results	MRR 0.457721	H@1 0.429466	H@3 0.468523	H@5 0.487475	H@10 0.512854
INFO:meta-cli.py:Epoch 45/100	test results	MRR 0.461037	H@1 0.430600	H@3 0.470964	H@5 0.492980	H@10 0.519943
INFO:meta-cli.py:Epoch 46/100	Loss 3.9960 ± 0.1283
INFO:meta-cli.py:Epoch 47/100	Loss 3.9831 ± 0.1367
INFO:meta-cli.py:Epoch 48/100	Loss 3.9704 ± 0.1354
INFO:meta-cli.py:Epoch 48/100	dev results	MRR 0.457090	H@1 0.428642	H@3 0.468194	H@5 0.486651	H@10 0.511371
INFO:meta-cli.py:Epoch 48/100	test results	MRR 0.460713	H@1 0.430281	H@3 0.471123	H@5 0.493937	H@10 0.521857
INFO:meta-cli.py:Epoch 49/100	Loss 3.9578 ± 0.1231
INFO:meta-cli.py:Epoch 50/100	Loss 3.9460 ± 0.1353
INFO:meta-cli.py:Epoch 51/100	Loss 3.9344 ± 0.1250
INFO:meta-cli.py:Epoch 51/100	dev results	MRR 0.457772	H@1 0.429631	H@3 0.468359	H@5 0.487146	H@10 0.512195
INFO:meta-cli.py:Epoch 51/100	test results	MRR 0.460646	H@1 0.429962	H@3 0.471442	H@5 0.493778	H@10 0.521378
INFO:meta-cli.py:Epoch 52/100	Loss 3.9230 ± 0.1319
INFO:meta-cli.py:Epoch 53/100	Loss 3.9115 ± 0.1243
INFO:meta-cli.py:Epoch 54/100	Loss 3.9011 ± 0.1308
INFO:meta-cli.py:Epoch 54/100	dev results	MRR 0.457467	H@1 0.429301	H@3 0.468029	H@5 0.487475	H@10 0.511701
INFO:meta-cli.py:Epoch 54/100	test results	MRR 0.460733	H@1 0.430440	H@3 0.471602	H@5 0.493618	H@10 0.520421
INFO:meta-cli.py:Epoch 55/100	Loss 3.8901 ± 0.1326
INFO:meta-cli.py:Epoch 56/100	Loss 3.8797 ± 0.1231
INFO:meta-cli.py:Epoch 57/100	Loss 3.8697 ± 0.1307
INFO:meta-cli.py:Epoch 57/100	dev results	MRR 0.457117	H@1 0.428312	H@3 0.469018	H@5 0.487146	H@10 0.511701
INFO:meta-cli.py:Epoch 57/100	test results	MRR 0.461138	H@1 0.430919	H@3 0.471123	H@5 0.493778	H@10 0.521378
INFO:meta-cli.py:Epoch 58/100	Loss 3.8595 ± 0.1242
INFO:meta-cli.py:Epoch 59/100	Loss 3.8499 ± 0.1236
INFO:meta-cli.py:Epoch 60/100	Loss 3.8403 ± 0.1198
INFO:meta-cli.py:Epoch 60/100	dev results	MRR 0.457211	H@1 0.428972	H@3 0.468029	H@5 0.485827	H@10 0.512030
INFO:meta-cli.py:Epoch 60/100	test results	MRR 0.460501	H@1 0.429324	H@3 0.472719	H@5 0.495373	H@10 0.522495
INFO:meta-cli.py:Epoch 61/100	Loss 3.8309 ± 0.1301
INFO:meta-cli.py:Epoch 62/100	Loss 3.8217 ± 0.1186
INFO:meta-cli.py:Epoch 63/100	Loss 3.8130 ± 0.1066
INFO:meta-cli.py:Epoch 63/100	dev results	MRR 0.457105	H@1 0.428477	H@3 0.468359	H@5 0.486816	H@10 0.511042
INFO:meta-cli.py:Epoch 63/100	test results	MRR 0.460097	H@1 0.428526	H@3 0.471921	H@5 0.494416	H@10 0.522336
INFO:meta-cli.py:Epoch 64/100	Loss 3.8042 ± 0.1100
INFO:meta-cli.py:Epoch 65/100	Loss 3.7954 ± 0.1160
INFO:meta-cli.py:Epoch 66/100	Loss 3.7871 ± 0.1117
INFO:meta-cli.py:Epoch 66/100	dev results	MRR 0.456798	H@1 0.428312	H@3 0.467205	H@5 0.485498	H@10 0.511866
INFO:meta-cli.py:Epoch 66/100	test results	MRR 0.459880	H@1 0.428685	H@3 0.470964	H@5 0.492661	H@10 0.522814
INFO:meta-cli.py:Epoch 67/100	Loss 3.7789 ± 0.1186
INFO:meta-cli.py:Epoch 68/100	Loss 3.7710 ± 0.1165
INFO:meta-cli.py:Epoch 69/100	Loss 3.7628 ± 0.1195
INFO:meta-cli.py:Epoch 69/100	dev results	MRR 0.456455	H@1 0.427983	H@3 0.467535	H@5 0.485827	H@10 0.511536
INFO:meta-cli.py:Epoch 69/100	test results	MRR 0.459831	H@1 0.428685	H@3 0.470804	H@5 0.492980	H@10 0.522655
INFO:meta-cli.py:Epoch 70/100	Loss 3.7550 ± 0.1160
INFO:meta-cli.py:Epoch 71/100	Loss 3.7473 ± 0.1092
INFO:meta-cli.py:Epoch 72/100	Loss 3.7401 ± 0.1126
INFO:meta-cli.py:Epoch 72/100	dev results	MRR 0.456364	H@1 0.427818	H@3 0.468029	H@5 0.484674	H@10 0.510218
INFO:meta-cli.py:Epoch 72/100	test results	MRR 0.459513	H@1 0.428366	H@3 0.470325	H@5 0.491704	H@10 0.522655
INFO:meta-cli.py:Epoch 73/100	Loss 3.7328 ± 0.1100
INFO:meta-cli.py:Epoch 74/100	Loss 3.7254 ± 0.1102
INFO:meta-cli.py:Epoch 75/100	Loss 3.7183 ± 0.1080
INFO:meta-cli.py:Epoch 75/100	dev results	MRR 0.455922	H@1 0.427324	H@3 0.467535	H@5 0.484015	H@10 0.509723
INFO:meta-cli.py:Epoch 75/100	test results	MRR 0.459139	H@1 0.428207	H@3 0.470804	H@5 0.492502	H@10 0.522336
INFO:meta-cli.py:Epoch 76/100	Loss 3.7112 ± 0.1095
INFO:meta-cli.py:Epoch 77/100	Loss 3.7044 ± 0.1073
INFO:meta-cli.py:Epoch 78/100	Loss 3.6979 ± 0.1094
INFO:meta-cli.py:Epoch 78/100	dev results	MRR 0.455561	H@1 0.426994	H@3 0.467370	H@5 0.484344	H@10 0.509394
INFO:meta-cli.py:Epoch 78/100	test results	MRR 0.459578	H@1 0.429164	H@3 0.469687	H@5 0.491704	H@10 0.522495
INFO:meta-cli.py:Epoch 79/100	Loss 3.6908 ± 0.0997
INFO:meta-cli.py:Epoch 80/100	Loss 3.6843 ± 0.1050
INFO:meta-cli.py:Epoch 81/100	Loss 3.6782 ± 0.1117
INFO:meta-cli.py:Epoch 81/100	dev results	MRR 0.455278	H@1 0.426335	H@3 0.467535	H@5 0.483850	H@10 0.508734
INFO:meta-cli.py:Epoch 81/100	test results	MRR 0.459463	H@1 0.428685	H@3 0.469528	H@5 0.492661	H@10 0.521538
INFO:meta-cli.py:Epoch 82/100	Loss 3.6720 ± 0.1052
INFO:meta-cli.py:Epoch 83/100	Loss 3.6656 ± 0.1012
INFO:meta-cli.py:Epoch 84/100	Loss 3.6596 ± 0.1077
INFO:meta-cli.py:Epoch 84/100	dev results	MRR 0.455395	H@1 0.426829	H@3 0.467205	H@5 0.483850	H@10 0.509888
INFO:meta-cli.py:Epoch 84/100	test results	MRR 0.459521	H@1 0.429324	H@3 0.469368	H@5 0.491225	H@10 0.522655
INFO:meta-cli.py:Epoch 85/100	Loss 3.6535 ± 0.1050
INFO:meta-cli.py:Epoch 86/100	Loss 3.6478 ± 0.1060
INFO:meta-cli.py:Epoch 87/100	Loss 3.6419 ± 0.0992
INFO:meta-cli.py:Epoch 87/100	dev results	MRR 0.454513	H@1 0.425511	H@3 0.465887	H@5 0.483355	H@10 0.507910
INFO:meta-cli.py:Epoch 87/100	test results	MRR 0.459050	H@1 0.428685	H@3 0.469049	H@5 0.490747	H@10 0.521857
INFO:meta-cli.py:Epoch 88/100	Loss 3.6363 ± 0.0992
INFO:meta-cli.py:Epoch 89/100	Loss 3.6308 ± 0.0958
INFO:meta-cli.py:Epoch 90/100	Loss 3.6253 ± 0.1133
INFO:meta-cli.py:Epoch 90/100	dev results	MRR 0.454561	H@1 0.425346	H@3 0.466546	H@5 0.483355	H@10 0.508899
INFO:meta-cli.py:Epoch 90/100	test results	MRR 0.458770	H@1 0.428526	H@3 0.469049	H@5 0.490428	H@10 0.521059
INFO:meta-cli.py:Epoch 91/100	Loss 3.6196 ± 0.0989
INFO:meta-cli.py:Epoch 92/100	Loss 3.6143 ± 0.1053
INFO:meta-cli.py:Epoch 93/100	Loss 3.6090 ± 0.1022
INFO:meta-cli.py:Epoch 93/100	dev results	MRR 0.454265	H@1 0.425016	H@3 0.467205	H@5 0.484015	H@10 0.508405
INFO:meta-cli.py:Epoch 93/100	test results	MRR 0.458791	H@1 0.428526	H@3 0.469049	H@5 0.490268	H@10 0.519943
INFO:meta-cli.py:Epoch 94/100	Loss 3.6040 ± 0.0986
INFO:meta-cli.py:Epoch 95/100	Loss 3.5987 ± 0.0992
INFO:meta-cli.py:Epoch 96/100	Loss 3.5936 ± 0.0979
INFO:meta-cli.py:Epoch 96/100	dev results	MRR 0.453996	H@1 0.424852	H@3 0.466051	H@5 0.482861	H@10 0.507581
INFO:meta-cli.py:Epoch 96/100	test results	MRR 0.458536	H@1 0.428207	H@3 0.467773	H@5 0.489470	H@10 0.519145
INFO:meta-cli.py:Epoch 97/100	Loss 3.5887 ± 0.0970
INFO:meta-cli.py:Epoch 98/100	Loss 3.5838 ± 0.1072
INFO:meta-cli.py:Epoch 99/100	Loss 3.5788 ± 0.0857
INFO:meta-cli.py:Epoch 99/100	dev results	MRR 0.454220	H@1 0.425511	H@3 0.466051	H@5 0.482531	H@10 0.506922
INFO:meta-cli.py:Epoch 99/100	test results	MRR 0.458059	H@1 0.427409	H@3 0.468571	H@5 0.489630	H@10 0.518666
INFO:meta-cli.py:Epoch 100/100	Loss 3.5741 ± 0.1053
INFO:meta-cli.py:Final 	dev results	MRR 0.454096	H@1 0.425346	H@3 0.466051	H@5 0.482202	H@10 0.506922
INFO:meta-cli.py:Final 	test results	MRR 0.458044	H@1 0.427888	H@3 0.468251	H@5 0.489151	H@10 0.518985
INFO:meta-cli.py:Training finished
