./bin/meta-cli.py --train data/wn18rr/train.tsv --dev data/wn18rr/dev.tsv --test data/wn18rr/test.tsv -m complex -k 4000 -b 1000 -e 100 --F2 0 --N3 0.05 -l 0.1 -I reciprocal -V 3 -o adagrad -q
{'F2': 0.0,
 'N3': 0.05,
 'batch_size': 1000,
 'dev': 'data/wn18rr/dev.tsv',
 'embedding_size': 4000,
 'epochs': 100,
 'eval_batch_size': None,
 'input_type': 'reciprocal',
 'learning_rate': 0.1,
 'load': None,
 'model': 'complex',
 'optimizer': 'adagrad',
 'quiet': True,
 'save': None,
 'seed': 0,
 'test': 'data/wn18rr/test.tsv',
 'test_i': None,
 'test_ii': None,
 'train': 'data/wn18rr/train.tsv',
 'validate_every': 3}
INFO:meta-cli.py:Device: cuda
INFO:meta-cli.py:Model state:
INFO:meta-cli.py:	entities.weight	torch.Size([40943, 8000])
INFO:meta-cli.py:	predicates.weight	torch.Size([22, 8000])
INFO:meta-cli.py:Epoch 1/100	Loss 17.5443 ± 4.1089
INFO:meta-cli.py:Epoch 2/100	Loss 8.2065 ± 0.4211
INFO:meta-cli.py:Epoch 3/100	Loss 6.7531 ± 0.1051
INFO:meta-cli.py:Epoch 3/100	dev results	MRR 0.460400	H@1 0.429796	H@3 0.471655	H@5 0.491595	H@10 0.517798
INFO:meta-cli.py:Epoch 3/100	test results	MRR 0.459388	H@1 0.426771	H@3 0.470006	H@5 0.491385	H@10 0.523772
INFO:meta-cli.py:Epoch 4/100	Loss 6.2334 ± 0.0976
INFO:meta-cli.py:Epoch 5/100	Loss 5.9558 ± 0.1015
INFO:meta-cli.py:Epoch 6/100	Loss 5.7766 ± 0.1117
INFO:meta-cli.py:Epoch 6/100	dev results	MRR 0.471327	H@1 0.437212	H@3 0.482696	H@5 0.507086	H@10 0.537574
INFO:meta-cli.py:Epoch 6/100	test results	MRR 0.472082	H@1 0.436503	H@3 0.485163	H@5 0.508296	H@10 0.540204
INFO:meta-cli.py:Epoch 7/100	Loss 5.6523 ± 0.1110
INFO:meta-cli.py:Epoch 8/100	Loss 5.5557 ± 0.1199
INFO:meta-cli.py:Epoch 9/100	Loss 5.4819 ± 0.1088
INFO:meta-cli.py:Epoch 9/100	dev results	MRR 0.474714	H@1 0.439684	H@3 0.486981	H@5 0.511206	H@10 0.543672
INFO:meta-cli.py:Epoch 9/100	test results	MRR 0.476837	H@1 0.437779	H@3 0.493459	H@5 0.516592	H@10 0.548819
INFO:meta-cli.py:Epoch 10/100	Loss 5.4176 ± 0.1142
INFO:meta-cli.py:Epoch 11/100	Loss 5.3681 ± 0.1199
INFO:meta-cli.py:Epoch 12/100	Loss 5.3253 ± 0.1150
INFO:meta-cli.py:Epoch 12/100	dev results	MRR 0.476129	H@1 0.440672	H@3 0.485333	H@5 0.514832	H@10 0.548451
INFO:meta-cli.py:Epoch 12/100	test results	MRR 0.477943	H@1 0.439694	H@3 0.491544	H@5 0.517709	H@10 0.555680
INFO:meta-cli.py:Epoch 13/100	Loss 5.2863 ± 0.1071
INFO:meta-cli.py:Epoch 14/100	Loss 5.2542 ± 0.1109
INFO:meta-cli.py:Epoch 15/100	Loss 5.2252 ± 0.1192
INFO:meta-cli.py:Epoch 15/100	dev results	MRR 0.477769	H@1 0.441991	H@3 0.489618	H@5 0.514832	H@10 0.547956
INFO:meta-cli.py:Epoch 15/100	test results	MRR 0.478083	H@1 0.438417	H@3 0.492342	H@5 0.516114	H@10 0.555361
INFO:meta-cli.py:Epoch 16/100	Loss 5.1995 ± 0.1145
INFO:meta-cli.py:Epoch 17/100	Loss 5.1758 ± 0.1131
INFO:meta-cli.py:Epoch 18/100	Loss 5.1538 ± 0.1137
INFO:meta-cli.py:Epoch 18/100	dev results	MRR 0.476241	H@1 0.437541	H@3 0.488134	H@5 0.516645	H@10 0.550923
INFO:meta-cli.py:Epoch 18/100	test results	MRR 0.479952	H@1 0.440491	H@3 0.492661	H@5 0.519943	H@10 0.558870
INFO:meta-cli.py:Epoch 19/100	Loss 5.1357 ± 0.1125
INFO:meta-cli.py:Epoch 20/100	Loss 5.1170 ± 0.1126
INFO:meta-cli.py:Epoch 21/100	Loss 5.1006 ± 0.1082
INFO:meta-cli.py:Epoch 21/100	dev results	MRR 0.476862	H@1 0.437706	H@3 0.491595	H@5 0.515985	H@10 0.551088
INFO:meta-cli.py:Epoch 21/100	test results	MRR 0.479041	H@1 0.438417	H@3 0.492502	H@5 0.518028	H@10 0.561423
INFO:meta-cli.py:Epoch 22/100	Loss 5.0861 ± 0.1125
INFO:meta-cli.py:Epoch 23/100	Loss 5.0719 ± 0.1093
INFO:meta-cli.py:Epoch 24/100	Loss 5.0597 ± 0.1122
INFO:meta-cli.py:Epoch 24/100	dev results	MRR 0.477714	H@1 0.439684	H@3 0.488794	H@5 0.516150	H@10 0.552241
INFO:meta-cli.py:Epoch 24/100	test results	MRR 0.480263	H@1 0.439215	H@3 0.495373	H@5 0.522176	H@10 0.561423
INFO:meta-cli.py:Epoch 25/100	Loss 5.0465 ± 0.1078
INFO:meta-cli.py:Epoch 26/100	Loss 5.0340 ± 0.1092
INFO:meta-cli.py:Epoch 27/100	Loss 5.0242 ± 0.1037
INFO:meta-cli.py:Epoch 27/100	dev results	MRR 0.476462	H@1 0.436223	H@3 0.490277	H@5 0.515821	H@10 0.552241
INFO:meta-cli.py:Epoch 27/100	test results	MRR 0.479426	H@1 0.437620	H@3 0.494735	H@5 0.521378	H@10 0.561423
INFO:meta-cli.py:Epoch 28/100	Loss 5.0139 ± 0.1111
INFO:meta-cli.py:Epoch 29/100	Loss 5.0044 ± 0.1097
INFO:meta-cli.py:Epoch 30/100	Loss 4.9960 ± 0.0993
INFO:meta-cli.py:Epoch 30/100	dev results	MRR 0.476524	H@1 0.436388	H@3 0.489782	H@5 0.517469	H@10 0.554878
INFO:meta-cli.py:Epoch 30/100	test results	MRR 0.479375	H@1 0.438417	H@3 0.495054	H@5 0.520900	H@10 0.563497
INFO:meta-cli.py:Epoch 31/100	Loss 4.9867 ± 0.1125
INFO:meta-cli.py:Epoch 32/100	Loss 4.9786 ± 0.1095
INFO:meta-cli.py:Epoch 33/100	Loss 4.9707 ± 0.1064
INFO:meta-cli.py:Epoch 33/100	dev results	MRR 0.477008	H@1 0.436223	H@3 0.489782	H@5 0.519446	H@10 0.555537
INFO:meta-cli.py:Epoch 33/100	test results	MRR 0.479937	H@1 0.438258	H@3 0.496171	H@5 0.521698	H@10 0.563816
INFO:meta-cli.py:Epoch 34/100	Loss 4.9632 ± 0.1097
INFO:meta-cli.py:Epoch 35/100	Loss 4.9563 ± 0.1031
INFO:meta-cli.py:Epoch 36/100	Loss 4.9496 ± 0.1023
INFO:meta-cli.py:Epoch 36/100	dev results	MRR 0.478395	H@1 0.439848	H@3 0.490277	H@5 0.516315	H@10 0.553889
INFO:meta-cli.py:Epoch 36/100	test results	MRR 0.478884	H@1 0.436822	H@3 0.494895	H@5 0.520581	H@10 0.563976
INFO:meta-cli.py:Epoch 37/100	Loss 4.9434 ± 0.1040
INFO:meta-cli.py:Epoch 38/100	Loss 4.9370 ± 0.1057
INFO:meta-cli.py:Epoch 39/100	Loss 4.9312 ± 0.1091
INFO:meta-cli.py:Epoch 39/100	dev results	MRR 0.476068	H@1 0.435234	H@3 0.487475	H@5 0.518293	H@10 0.556856
INFO:meta-cli.py:Epoch 39/100	test results	MRR 0.478348	H@1 0.436184	H@3 0.492661	H@5 0.522017	H@10 0.564295
INFO:meta-cli.py:Epoch 40/100	Loss 4.9252 ± 0.1005
INFO:meta-cli.py:Epoch 41/100	Loss 4.9195 ± 0.1032
INFO:meta-cli.py:Epoch 42/100	Loss 4.9149 ± 0.1061
INFO:meta-cli.py:Epoch 42/100	dev results	MRR 0.478382	H@1 0.438365	H@3 0.489288	H@5 0.519941	H@10 0.556856
INFO:meta-cli.py:Epoch 42/100	test results	MRR 0.480576	H@1 0.439694	H@3 0.494576	H@5 0.522336	H@10 0.564454
INFO:meta-cli.py:Epoch 43/100	Loss 4.9098 ± 0.1070
INFO:meta-cli.py:Epoch 44/100	Loss 4.9043 ± 0.0966
INFO:meta-cli.py:Epoch 45/100	Loss 4.8989 ± 0.0962
INFO:meta-cli.py:Epoch 45/100	dev results	MRR 0.477802	H@1 0.437541	H@3 0.490936	H@5 0.520600	H@10 0.557020
INFO:meta-cli.py:Epoch 45/100	test results	MRR 0.480134	H@1 0.437460	H@3 0.495692	H@5 0.522814	H@10 0.564454
INFO:meta-cli.py:Epoch 46/100	Loss 4.8944 ± 0.1024
INFO:meta-cli.py:Epoch 47/100	Loss 4.8908 ± 0.1062
INFO:meta-cli.py:Epoch 48/100	Loss 4.8864 ± 0.1054
INFO:meta-cli.py:Epoch 48/100	dev results	MRR 0.476430	H@1 0.435069	H@3 0.490112	H@5 0.517963	H@10 0.558504
INFO:meta-cli.py:Epoch 48/100	test results	MRR 0.479592	H@1 0.437301	H@3 0.494097	H@5 0.523612	H@10 0.565731
INFO:meta-cli.py:Epoch 49/100	Loss 4.8822 ± 0.1008
INFO:meta-cli.py:Epoch 50/100	Loss 4.8781 ± 0.0982
INFO:meta-cli.py:Epoch 51/100	Loss 4.8739 ± 0.0991
INFO:meta-cli.py:Epoch 51/100	dev results	MRR 0.479172	H@1 0.439354	H@3 0.490771	H@5 0.521918	H@10 0.559492
INFO:meta-cli.py:Epoch 51/100	test results	MRR 0.478740	H@1 0.435067	H@3 0.496171	H@5 0.524888	H@10 0.566528
INFO:meta-cli.py:Epoch 52/100	Loss 4.8705 ± 0.0918
INFO:meta-cli.py:Epoch 53/100	Loss 4.8672 ± 0.0958
INFO:meta-cli.py:Epoch 54/100	Loss 4.8628 ± 0.1009
INFO:meta-cli.py:Epoch 54/100	dev results	MRR 0.478676	H@1 0.439024	H@3 0.490771	H@5 0.520435	H@10 0.557020
INFO:meta-cli.py:Epoch 54/100	test results	MRR 0.478472	H@1 0.435067	H@3 0.492980	H@5 0.521538	H@10 0.565093
INFO:meta-cli.py:Epoch 55/100	Loss 4.8595 ± 0.0981
INFO:meta-cli.py:Epoch 56/100	Loss 4.8563 ± 0.0939
INFO:meta-cli.py:Epoch 57/100	Loss 4.8526 ± 0.0910
INFO:meta-cli.py:Epoch 57/100	dev results	MRR 0.477327	H@1 0.436882	H@3 0.488958	H@5 0.518952	H@10 0.557350
INFO:meta-cli.py:Epoch 57/100	test results	MRR 0.479051	H@1 0.436343	H@3 0.494097	H@5 0.521698	H@10 0.565571
INFO:meta-cli.py:Epoch 58/100	Loss 4.8497 ± 0.0972
INFO:meta-cli.py:Epoch 59/100	Loss 4.8465 ± 0.0965
INFO:meta-cli.py:Epoch 60/100	Loss 4.8436 ± 0.0999
INFO:meta-cli.py:Epoch 60/100	dev results	MRR 0.475915	H@1 0.434575	H@3 0.490112	H@5 0.519446	H@10 0.559987
INFO:meta-cli.py:Epoch 60/100	test results	MRR 0.478603	H@1 0.435546	H@3 0.492342	H@5 0.522655	H@10 0.565571
INFO:meta-cli.py:Epoch 61/100	Loss 4.8411 ± 0.0937
INFO:meta-cli.py:Epoch 62/100	Loss 4.8384 ± 0.0925
INFO:meta-cli.py:Epoch 63/100	Loss 4.8350 ± 0.0994
INFO:meta-cli.py:Epoch 63/100	dev results	MRR 0.477787	H@1 0.436552	H@3 0.489947	H@5 0.520105	H@10 0.560152
INFO:meta-cli.py:Epoch 63/100	test results	MRR 0.479220	H@1 0.436343	H@3 0.493459	H@5 0.522336	H@10 0.565252
INFO:meta-cli.py:Epoch 64/100	Loss 4.8320 ± 0.0956
INFO:meta-cli.py:Epoch 65/100	Loss 4.8295 ± 0.1014
INFO:meta-cli.py:Epoch 66/100	Loss 4.8269 ± 0.0955
INFO:meta-cli.py:Epoch 66/100	dev results	MRR 0.478703	H@1 0.438036	H@3 0.492090	H@5 0.520105	H@10 0.558174
INFO:meta-cli.py:Epoch 66/100	test results	MRR 0.478645	H@1 0.435227	H@3 0.494895	H@5 0.523612	H@10 0.565731
INFO:meta-cli.py:Epoch 67/100	Loss 4.8241 ± 0.0938
INFO:meta-cli.py:Epoch 68/100	Loss 4.8223 ± 0.0985
INFO:meta-cli.py:Epoch 69/100	Loss 4.8195 ± 0.0950
INFO:meta-cli.py:Epoch 69/100	dev results	MRR 0.478303	H@1 0.437706	H@3 0.489123	H@5 0.520600	H@10 0.558833
INFO:meta-cli.py:Epoch 69/100	test results	MRR 0.478379	H@1 0.434748	H@3 0.492661	H@5 0.524250	H@10 0.566688
INFO:meta-cli.py:Epoch 70/100	Loss 4.8173 ± 0.0932
INFO:meta-cli.py:Epoch 71/100	Loss 4.8152 ± 0.0936
INFO:meta-cli.py:Epoch 72/100	Loss 4.8129 ± 0.0923
INFO:meta-cli.py:Epoch 72/100	dev results	MRR 0.479956	H@1 0.439189	H@3 0.493078	H@5 0.522413	H@10 0.558998
INFO:meta-cli.py:Epoch 72/100	test results	MRR 0.479024	H@1 0.435865	H@3 0.493778	H@5 0.523452	H@10 0.566050
INFO:meta-cli.py:Epoch 73/100	Loss 4.8098 ± 0.0912
INFO:meta-cli.py:Epoch 74/100	Loss 4.8077 ± 0.0967
INFO:meta-cli.py:Epoch 75/100	Loss 4.8057 ± 0.0933
INFO:meta-cli.py:Epoch 75/100	dev results	MRR 0.478394	H@1 0.437706	H@3 0.490771	H@5 0.521424	H@10 0.559163
INFO:meta-cli.py:Epoch 75/100	test results	MRR 0.478877	H@1 0.435546	H@3 0.493937	H@5 0.524410	H@10 0.566050
INFO:meta-cli.py:Epoch 76/100	Loss 4.8039 ± 0.0903
INFO:meta-cli.py:Epoch 77/100	Loss 4.8019 ± 0.0898
INFO:meta-cli.py:Epoch 78/100	Loss 4.7998 ± 0.0831
INFO:meta-cli.py:Epoch 78/100	dev results	MRR 0.477616	H@1 0.436058	H@3 0.490936	H@5 0.521918	H@10 0.560316
INFO:meta-cli.py:Epoch 78/100	test results	MRR 0.479127	H@1 0.436343	H@3 0.493299	H@5 0.522814	H@10 0.565731
INFO:meta-cli.py:Epoch 79/100	Loss 4.7977 ± 0.0916
INFO:meta-cli.py:Epoch 80/100	Loss 4.7962 ± 0.0873
INFO:meta-cli.py:Epoch 81/100	Loss 4.7934 ± 0.0968
INFO:meta-cli.py:Epoch 81/100	dev results	MRR 0.477196	H@1 0.435893	H@3 0.489782	H@5 0.521259	H@10 0.559822
INFO:meta-cli.py:Epoch 81/100	test results	MRR 0.478889	H@1 0.436184	H@3 0.492502	H@5 0.522495	H@10 0.565412
INFO:meta-cli.py:Epoch 82/100	Loss 4.7917 ± 0.0944
INFO:meta-cli.py:Epoch 83/100	Loss 4.7902 ± 0.0944
INFO:meta-cli.py:Epoch 84/100	Loss 4.7878 ± 0.0963
INFO:meta-cli.py:Epoch 84/100	dev results	MRR 0.477964	H@1 0.435893	H@3 0.492749	H@5 0.522083	H@10 0.561140
INFO:meta-cli.py:Epoch 84/100	test results	MRR 0.479204	H@1 0.436184	H@3 0.493140	H@5 0.524250	H@10 0.563497
INFO:meta-cli.py:Epoch 85/100	Loss 4.7864 ± 0.0888
INFO:meta-cli.py:Epoch 86/100	Loss 4.7847 ± 0.0892
INFO:meta-cli.py:Epoch 87/100	Loss 4.7832 ± 0.0927
INFO:meta-cli.py:Epoch 87/100	dev results	MRR 0.478361	H@1 0.437541	H@3 0.489618	H@5 0.522083	H@10 0.560316
INFO:meta-cli.py:Epoch 87/100	test results	MRR 0.479585	H@1 0.436662	H@3 0.493299	H@5 0.523452	H@10 0.567326
INFO:meta-cli.py:Epoch 88/100	Loss 4.7815 ± 0.0969
INFO:meta-cli.py:Epoch 89/100	Loss 4.7797 ± 0.0900
INFO:meta-cli.py:Epoch 90/100	Loss 4.7783 ± 0.0917
INFO:meta-cli.py:Epoch 90/100	dev results	MRR 0.477670	H@1 0.436058	H@3 0.490277	H@5 0.522083	H@10 0.561470
INFO:meta-cli.py:Epoch 90/100	test results	MRR 0.478525	H@1 0.434588	H@3 0.493618	H@5 0.524091	H@10 0.566688
INFO:meta-cli.py:Epoch 91/100	Loss 4.7769 ± 0.0916
INFO:meta-cli.py:Epoch 92/100	Loss 4.7754 ± 0.0975
INFO:meta-cli.py:Epoch 93/100	Loss 4.7741 ± 0.0856
INFO:meta-cli.py:Epoch 93/100	dev results	MRR 0.477310	H@1 0.435564	H@3 0.489288	H@5 0.518952	H@10 0.560316
INFO:meta-cli.py:Epoch 93/100	test results	MRR 0.478800	H@1 0.434429	H@3 0.492821	H@5 0.523931	H@10 0.567167
INFO:meta-cli.py:Epoch 94/100	Loss 4.7723 ± 0.0874
INFO:meta-cli.py:Epoch 95/100	Loss 4.7704 ± 0.0931
INFO:meta-cli.py:Epoch 96/100	Loss 4.7692 ± 0.0890
INFO:meta-cli.py:Epoch 96/100	dev results	MRR 0.477532	H@1 0.435893	H@3 0.491595	H@5 0.518952	H@10 0.560316
INFO:meta-cli.py:Epoch 96/100	test results	MRR 0.477601	H@1 0.432514	H@3 0.494097	H@5 0.522495	H@10 0.565093
INFO:meta-cli.py:Epoch 97/100	Loss 4.7675 ± 0.0935
INFO:meta-cli.py:Epoch 98/100	Loss 4.7660 ± 0.0944
INFO:meta-cli.py:Epoch 99/100	Loss 4.7649 ± 0.0917
INFO:meta-cli.py:Epoch 99/100	dev results	MRR 0.478185	H@1 0.436388	H@3 0.491430	H@5 0.521094	H@10 0.560152
INFO:meta-cli.py:Epoch 99/100	test results	MRR 0.478744	H@1 0.434907	H@3 0.492980	H@5 0.524410	H@10 0.567167
INFO:meta-cli.py:Epoch 100/100	Loss 4.7632 ± 0.0907
INFO:meta-cli.py:Final 	dev results	MRR 0.478450	H@1 0.436882	H@3 0.492914	H@5 0.520435	H@10 0.560481
INFO:meta-cli.py:Final 	test results	MRR 0.478518	H@1 0.434110	H@3 0.493299	H@5 0.524569	H@10 0.565890
INFO:meta-cli.py:Training finished
