./bin/meta-cli.py --train data/wn18rr/train.tsv --dev data/wn18rr/dev.tsv --test data/wn18rr/test.tsv -m complex -k 4000 -b 100 -e 100 --F2 0 --N3 0.5 -l 0.1 -I standard -V 3 -o adagrad -q
{'F2': 0.0,
 'N3': 0.5,
 'batch_size': 100,
 'dev': 'data/wn18rr/dev.tsv',
 'embedding_size': 4000,
 'epochs': 100,
 'eval_batch_size': None,
 'input_type': 'standard',
 'learning_rate': 0.1,
 'load': None,
 'model': 'complex',
 'optimizer': 'adagrad',
 'quiet': True,
 'save': None,
 'seed': 0,
 'test': 'data/wn18rr/test.tsv',
 'test_i': None,
 'test_ii': None,
 'train': 'data/wn18rr/train.tsv',
 'validate_every': 3}
INFO:meta-cli.py:Device: cuda
INFO:meta-cli.py:Model state:
INFO:meta-cli.py:	entities.weight	torch.Size([40943, 8000])
INFO:meta-cli.py:	predicates.weight	torch.Size([11, 8000])
INFO:meta-cli.py:Epoch 1/100	Loss 212.6032 ± 44.3477
INFO:meta-cli.py:Epoch 2/100	Loss 140.3985 ± 10.6992
INFO:meta-cli.py:Epoch 3/100	Loss 110.0360 ± 7.2868
INFO:meta-cli.py:Epoch 3/100	dev results	MRR 0.020505	H@1 0.011042	H@3 0.019446	H@5 0.026038	H@10 0.039222
INFO:meta-cli.py:Epoch 3/100	test results	MRR 0.023327	H@1 0.014359	H@3 0.023133	H@5 0.027122	H@10 0.041161
INFO:meta-cli.py:Epoch 4/100	Loss 92.4110 ± 5.8383
INFO:meta-cli.py:Epoch 5/100	Loss 80.5177 ± 4.8391
INFO:meta-cli.py:Epoch 6/100	Loss 71.8711 ± 4.3120
INFO:meta-cli.py:Epoch 6/100	dev results	MRR 0.022196	H@1 0.013184	H@3 0.020435	H@5 0.028181	H@10 0.039552
INFO:meta-cli.py:Epoch 6/100	test results	MRR 0.022398	H@1 0.012604	H@3 0.020421	H@5 0.027441	H@10 0.041481
INFO:meta-cli.py:Epoch 7/100	Loss 65.2862 ± 4.0286
INFO:meta-cli.py:Epoch 8/100	Loss 60.0715 ± 3.5488
INFO:meta-cli.py:Epoch 9/100	Loss 55.8312 ± 3.1725
INFO:meta-cli.py:Epoch 9/100	dev results	MRR 0.029427	H@1 0.014997	H@3 0.030158	H@5 0.039387	H@10 0.055702
INFO:meta-cli.py:Epoch 9/100	test results	MRR 0.032095	H@1 0.017709	H@3 0.034142	H@5 0.041002	H@10 0.056796
INFO:meta-cli.py:Epoch 10/100	Loss 52.3356 ± 2.9691
INFO:meta-cli.py:Epoch 11/100	Loss 49.3685 ± 2.8352
INFO:meta-cli.py:Epoch 12/100	Loss 46.8269 ± 2.5412
INFO:meta-cli.py:Epoch 12/100	dev results	MRR 0.095944	H@1 0.052406	H@3 0.106295	H@5 0.141397	H@10 0.185069
INFO:meta-cli.py:Epoch 12/100	test results	MRR 0.094269	H@1 0.050734	H@3 0.105297	H@5 0.137683	H@10 0.184269
INFO:meta-cli.py:Epoch 13/100	Loss 44.6019 ± 2.3355
INFO:meta-cli.py:Epoch 14/100	Loss 42.6303 ± 2.0877
INFO:meta-cli.py:Epoch 15/100	Loss 40.8656 ± 2.1792
INFO:meta-cli.py:Epoch 15/100	dev results	MRR 0.189678	H@1 0.106625	H@3 0.219512	H@5 0.281971	H@10 0.363546
INFO:meta-cli.py:Epoch 15/100	test results	MRR 0.191144	H@1 0.108488	H@3 0.220645	H@5 0.287173	H@10 0.369177
INFO:meta-cli.py:Epoch 16/100	Loss 39.3030 ± 2.0515
INFO:meta-cli.py:Epoch 17/100	Loss 37.9264 ± 1.9055
INFO:meta-cli.py:Epoch 18/100	Loss 36.6980 ± 1.8787
INFO:meta-cli.py:Epoch 18/100	dev results	MRR 0.223861	H@1 0.126895	H@3 0.268293	H@5 0.338003	H@10 0.426005
INFO:meta-cli.py:Epoch 18/100	test results	MRR 0.221458	H@1 0.123325	H@3 0.262444	H@5 0.340140	H@10 0.426452
INFO:meta-cli.py:Epoch 19/100	Loss 35.6113 ± 1.6345
INFO:meta-cli.py:Epoch 20/100	Loss 34.6352 ± 1.6426
INFO:meta-cli.py:Epoch 21/100	Loss 33.7592 ± 1.5542
INFO:meta-cli.py:Epoch 21/100	dev results	MRR 0.232513	H@1 0.131180	H@3 0.278840	H@5 0.353659	H@10 0.441002
INFO:meta-cli.py:Epoch 21/100	test results	MRR 0.234856	H@1 0.132738	H@3 0.281429	H@5 0.358966	H@10 0.447192
INFO:meta-cli.py:Epoch 22/100	Loss 32.9587 ± 1.5598
INFO:meta-cli.py:Epoch 23/100	Loss 32.2318 ± 1.4063
INFO:meta-cli.py:Epoch 24/100	Loss 31.5673 ± 1.3749
INFO:meta-cli.py:Epoch 24/100	dev results	MRR 0.238522	H@1 0.133817	H@3 0.287739	H@5 0.366513	H@10 0.456823
INFO:meta-cli.py:Epoch 24/100	test results	MRR 0.242370	H@1 0.138322	H@3 0.287173	H@5 0.370772	H@10 0.462827
INFO:meta-cli.py:Epoch 25/100	Loss 30.9597 ± 1.2899
INFO:meta-cli.py:Epoch 26/100	Loss 30.4002 ± 1.2473
INFO:meta-cli.py:Epoch 27/100	Loss 29.8850 ± 1.1824
INFO:meta-cli.py:Epoch 27/100	dev results	MRR 0.244479	H@1 0.137278	H@3 0.296803	H@5 0.376566	H@10 0.462920
INFO:meta-cli.py:Epoch 27/100	test results	MRR 0.245525	H@1 0.137843	H@3 0.296107	H@5 0.378590	H@10 0.471123
INFO:meta-cli.py:Epoch 28/100	Loss 29.4071 ± 1.1802
INFO:meta-cli.py:Epoch 29/100	Loss 28.9658 ± 1.1001
INFO:meta-cli.py:Epoch 30/100	Loss 28.5539 ± 1.0940
INFO:meta-cli.py:Epoch 30/100	dev results	MRR 0.246329	H@1 0.135794	H@3 0.301912	H@5 0.381674	H@10 0.469347
INFO:meta-cli.py:Epoch 30/100	test results	MRR 0.250310	H@1 0.140555	H@3 0.302808	H@5 0.385450	H@10 0.475750
INFO:meta-cli.py:Epoch 31/100	Loss 28.1702 ± 1.0639
INFO:meta-cli.py:Epoch 32/100	Loss 27.8143 ± 0.9950
INFO:meta-cli.py:Epoch 33/100	Loss 27.4787 ± 1.0453
INFO:meta-cli.py:Epoch 33/100	dev results	MRR 0.248539	H@1 0.136948	H@3 0.305208	H@5 0.386454	H@10 0.474291
INFO:meta-cli.py:Epoch 33/100	test results	MRR 0.254584	H@1 0.143746	H@3 0.309987	H@5 0.394544	H@10 0.481493
INFO:meta-cli.py:Epoch 34/100	Loss 27.1665 ± 0.9617
INFO:meta-cli.py:Epoch 35/100	Loss 26.8748 ± 0.9557
INFO:meta-cli.py:Epoch 36/100	Loss 26.5995 ± 0.8850
INFO:meta-cli.py:Epoch 36/100	dev results	MRR 0.252458	H@1 0.140409	H@3 0.311305	H@5 0.391892	H@10 0.478247
INFO:meta-cli.py:Epoch 36/100	test results	MRR 0.256329	H@1 0.142789	H@3 0.315093	H@5 0.397096	H@10 0.486120
INFO:meta-cli.py:Epoch 37/100	Loss 26.3406 ± 0.9138
INFO:meta-cli.py:Epoch 38/100	Loss 26.0974 ± 0.8485
INFO:meta-cli.py:Epoch 39/100	Loss 25.8658 ± 0.8331
INFO:meta-cli.py:Epoch 39/100	dev results	MRR 0.254251	H@1 0.140574	H@3 0.316249	H@5 0.395517	H@10 0.482367
INFO:meta-cli.py:Epoch 39/100	test results	MRR 0.259748	H@1 0.145501	H@3 0.320517	H@5 0.402202	H@10 0.489311
INFO:meta-cli.py:Epoch 40/100	Loss 25.6507 ± 0.8250
INFO:meta-cli.py:Epoch 41/100	Loss 25.4457 ± 0.7889
INFO:meta-cli.py:Epoch 42/100	Loss 25.2523 ± 0.7785
INFO:meta-cli.py:Epoch 42/100	dev results	MRR 0.258887	H@1 0.144693	H@3 0.321028	H@5 0.401615	H@10 0.484674
INFO:meta-cli.py:Epoch 42/100	test results	MRR 0.262211	H@1 0.146139	H@3 0.324665	H@5 0.405392	H@10 0.493299
INFO:meta-cli.py:Epoch 43/100	Loss 25.0682 ± 0.7298
INFO:meta-cli.py:Epoch 44/100	Loss 24.8924 ± 0.7362
INFO:meta-cli.py:Epoch 45/100	Loss 24.7271 ± 0.7049
INFO:meta-cli.py:Epoch 45/100	dev results	MRR 0.274529	H@1 0.161173	H@3 0.338662	H@5 0.411338	H@10 0.488958
INFO:meta-cli.py:Epoch 45/100	test results	MRR 0.275867	H@1 0.160817	H@3 0.341576	H@5 0.415922	H@10 0.498724
INFO:meta-cli.py:Epoch 46/100	Loss 24.5639 ± 0.7017
INFO:meta-cli.py:Epoch 47/100	Loss 24.4103 ± 0.6648
INFO:meta-cli.py:Epoch 48/100	Loss 24.2611 ± 0.6575
INFO:meta-cli.py:Epoch 48/100	dev results	MRR 0.313639	H@1 0.212426	H@3 0.366513	H@5 0.431608	H@10 0.500165
INFO:meta-cli.py:Epoch 48/100	test results	MRR 0.312681	H@1 0.208041	H@3 0.370772	H@5 0.435546	H@10 0.507498
INFO:meta-cli.py:Epoch 49/100	Loss 24.1206 ± 0.6665
INFO:meta-cli.py:Epoch 50/100	Loss 23.9891 ± 0.6267
INFO:meta-cli.py:Epoch 51/100	Loss 23.8624 ± 0.6226
INFO:meta-cli.py:Epoch 51/100	dev results	MRR 0.333060	H@1 0.237970	H@3 0.383487	H@5 0.442156	H@10 0.505274
INFO:meta-cli.py:Epoch 51/100	test results	MRR 0.338140	H@1 0.242023	H@3 0.390715	H@5 0.447990	H@10 0.515635
INFO:meta-cli.py:Epoch 52/100	Loss 23.7434 ± 0.6105
INFO:meta-cli.py:Epoch 53/100	Loss 23.6297 ± 0.6042
INFO:meta-cli.py:Epoch 54/100	Loss 23.5194 ± 0.5842
INFO:meta-cli.py:Epoch 54/100	dev results	MRR 0.345227	H@1 0.254779	H@3 0.391892	H@5 0.445781	H@10 0.511866
INFO:meta-cli.py:Epoch 54/100	test results	MRR 0.346969	H@1 0.253669	H@3 0.399330	H@5 0.454690	H@10 0.518507
INFO:meta-cli.py:Epoch 55/100	Loss 23.4157 ± 0.5996
INFO:meta-cli.py:Epoch 56/100	Loss 23.3186 ± 0.5902
INFO:meta-cli.py:Epoch 57/100	Loss 23.2224 ± 0.5520
INFO:meta-cli.py:Epoch 57/100	dev results	MRR 0.350272	H@1 0.260877	H@3 0.397660	H@5 0.448418	H@10 0.512525
INFO:meta-cli.py:Epoch 57/100	test results	MRR 0.354983	H@1 0.264997	H@3 0.402999	H@5 0.460115	H@10 0.522017
INFO:meta-cli.py:Epoch 58/100	Loss 23.1303 ± 0.5221
INFO:meta-cli.py:Epoch 59/100	Loss 23.0419 ± 0.5274
INFO:meta-cli.py:Epoch 60/100	Loss 22.9573 ± 0.5495
INFO:meta-cli.py:Epoch 60/100	dev results	MRR 0.352784	H@1 0.264502	H@3 0.399473	H@5 0.450231	H@10 0.514008
INFO:meta-cli.py:Epoch 60/100	test results	MRR 0.358896	H@1 0.270421	H@3 0.407147	H@5 0.462189	H@10 0.523612
INFO:meta-cli.py:Epoch 61/100	Loss 22.8762 ± 0.5076
INFO:meta-cli.py:Epoch 62/100	Loss 22.7993 ± 0.5262
INFO:meta-cli.py:Epoch 63/100	Loss 22.7238 ± 0.4988
INFO:meta-cli.py:Epoch 63/100	dev results	MRR 0.355870	H@1 0.267798	H@3 0.401945	H@5 0.453527	H@10 0.514832
INFO:meta-cli.py:Epoch 63/100	test results	MRR 0.360199	H@1 0.270740	H@3 0.411136	H@5 0.463146	H@10 0.524729
INFO:meta-cli.py:Epoch 64/100	Loss 22.6516 ± 0.4916
INFO:meta-cli.py:Epoch 65/100	Loss 22.5827 ± 0.4682
INFO:meta-cli.py:Epoch 66/100	Loss 22.5151 ± 0.4694
INFO:meta-cli.py:Epoch 66/100	dev results	MRR 0.358059	H@1 0.269941	H@3 0.405735	H@5 0.456163	H@10 0.516645
INFO:meta-cli.py:Epoch 66/100	test results	MRR 0.362855	H@1 0.273452	H@3 0.415124	H@5 0.466496	H@10 0.526165
INFO:meta-cli.py:Epoch 67/100	Loss 22.4510 ± 0.4843
INFO:meta-cli.py:Epoch 68/100	Loss 22.3883 ± 0.4522
INFO:meta-cli.py:Epoch 69/100	Loss 22.3286 ± 0.4424
INFO:meta-cli.py:Epoch 69/100	dev results	MRR 0.362551	H@1 0.276697	H@3 0.408537	H@5 0.459130	H@10 0.516480
INFO:meta-cli.py:Epoch 69/100	test results	MRR 0.365063	H@1 0.275686	H@3 0.415922	H@5 0.468092	H@10 0.526643
INFO:meta-cli.py:Epoch 70/100	Loss 22.2702 ± 0.4334
INFO:meta-cli.py:Epoch 71/100	Loss 22.2154 ± 0.4158
INFO:meta-cli.py:Epoch 72/100	Loss 22.1615 ± 0.4298
INFO:meta-cli.py:Epoch 72/100	dev results	MRR 0.364921	H@1 0.279664	H@3 0.408372	H@5 0.461602	H@10 0.517963
INFO:meta-cli.py:Epoch 72/100	test results	MRR 0.368531	H@1 0.280951	H@3 0.418794	H@5 0.468571	H@10 0.528239
INFO:meta-cli.py:Epoch 73/100	Loss 22.1083 ± 0.4136
INFO:meta-cli.py:Epoch 74/100	Loss 22.0581 ± 0.4262
INFO:meta-cli.py:Epoch 75/100	Loss 22.0098 ± 0.4172
INFO:meta-cli.py:Epoch 75/100	dev results	MRR 0.368552	H@1 0.284773	H@3 0.411833	H@5 0.463250	H@10 0.519446
INFO:meta-cli.py:Epoch 75/100	test results	MRR 0.371995	H@1 0.285578	H@3 0.419911	H@5 0.470006	H@10 0.529355
INFO:meta-cli.py:Epoch 76/100	Loss 21.9616 ± 0.4022
INFO:meta-cli.py:Epoch 77/100	Loss 21.9153 ± 0.3861
INFO:meta-cli.py:Epoch 78/100	Loss 21.8700 ± 0.3823
INFO:meta-cli.py:Epoch 78/100	dev results	MRR 0.374701	H@1 0.294001	H@3 0.415623	H@5 0.466216	H@10 0.519611
INFO:meta-cli.py:Epoch 78/100	test results	MRR 0.377477	H@1 0.291321	H@3 0.425335	H@5 0.474314	H@10 0.533344
INFO:meta-cli.py:Epoch 79/100	Loss 21.8267 ± 0.4041
INFO:meta-cli.py:Epoch 80/100	Loss 21.7831 ± 0.3931
INFO:meta-cli.py:Epoch 81/100	Loss 21.7418 ± 0.3917
INFO:meta-cli.py:Epoch 81/100	dev results	MRR 0.380630	H@1 0.302241	H@3 0.421061	H@5 0.470171	H@10 0.523896
INFO:meta-cli.py:Epoch 81/100	test results	MRR 0.384737	H@1 0.302489	H@3 0.428047	H@5 0.477026	H@10 0.535897
INFO:meta-cli.py:Epoch 82/100	Loss 21.7013 ± 0.3870
INFO:meta-cli.py:Epoch 83/100	Loss 21.6625 ± 0.3763
INFO:meta-cli.py:Epoch 84/100	Loss 21.6241 ± 0.3586
INFO:meta-cli.py:Epoch 84/100	dev results	MRR 0.386162	H@1 0.309822	H@3 0.423368	H@5 0.474291	H@10 0.525049
INFO:meta-cli.py:Epoch 84/100	test results	MRR 0.389565	H@1 0.309828	H@3 0.431398	H@5 0.479898	H@10 0.536216
INFO:meta-cli.py:Epoch 85/100	Loss 21.5873 ± 0.3747
INFO:meta-cli.py:Epoch 86/100	Loss 21.5516 ± 0.3514
INFO:meta-cli.py:Epoch 87/100	Loss 21.5175 ± 0.3540
INFO:meta-cli.py:Epoch 87/100	dev results	MRR 0.389173	H@1 0.314107	H@3 0.425676	H@5 0.475280	H@10 0.527686
INFO:meta-cli.py:Epoch 87/100	test results	MRR 0.392640	H@1 0.312859	H@3 0.435705	H@5 0.482929	H@10 0.537332
INFO:meta-cli.py:Epoch 88/100	Loss 21.4854 ± 0.3434
INFO:meta-cli.py:Epoch 89/100	Loss 21.4534 ± 0.3670
INFO:meta-cli.py:Epoch 90/100	Loss 21.4205 ± 0.3378
INFO:meta-cli.py:Epoch 90/100	dev results	MRR 0.392466	H@1 0.319216	H@3 0.426664	H@5 0.478082	H@10 0.527521
INFO:meta-cli.py:Epoch 90/100	test results	MRR 0.395229	H@1 0.317167	H@3 0.437779	H@5 0.484046	H@10 0.538290
INFO:meta-cli.py:Epoch 91/100	Loss 21.3904 ± 0.3396
INFO:meta-cli.py:Epoch 92/100	Loss 21.3602 ± 0.3380
INFO:meta-cli.py:Epoch 93/100	Loss 21.3317 ± 0.3322
INFO:meta-cli.py:Epoch 93/100	dev results	MRR 0.393679	H@1 0.320699	H@3 0.428642	H@5 0.477423	H@10 0.529005
INFO:meta-cli.py:Epoch 93/100	test results	MRR 0.396039	H@1 0.317326	H@3 0.439534	H@5 0.484684	H@10 0.539087
INFO:meta-cli.py:Epoch 94/100	Loss 21.3034 ± 0.3312
INFO:meta-cli.py:Epoch 95/100	Loss 21.2761 ± 0.3019
INFO:meta-cli.py:Epoch 96/100	Loss 21.2497 ± 0.3218
INFO:meta-cli.py:Epoch 96/100	dev results	MRR 0.395652	H@1 0.322017	H@3 0.431279	H@5 0.480883	H@10 0.528345
INFO:meta-cli.py:Epoch 96/100	test results	MRR 0.398153	H@1 0.319560	H@3 0.441289	H@5 0.485482	H@10 0.538449
INFO:meta-cli.py:Epoch 97/100	Loss 21.2236 ± 0.3116
INFO:meta-cli.py:Epoch 98/100	Loss 21.1987 ± 0.3291
INFO:meta-cli.py:Epoch 99/100	Loss 21.1744 ± 0.3145
INFO:meta-cli.py:Epoch 99/100	dev results	MRR 0.398121	H@1 0.326961	H@3 0.430784	H@5 0.480224	H@10 0.529334
INFO:meta-cli.py:Epoch 99/100	test results	MRR 0.398866	H@1 0.320198	H@3 0.442406	H@5 0.485801	H@10 0.540204
INFO:meta-cli.py:Epoch 100/100	Loss 21.1500 ± 0.3131
INFO:meta-cli.py:Final 	dev results	MRR 0.398605	H@1 0.326961	H@3 0.432432	H@5 0.482367	H@10 0.530982
INFO:meta-cli.py:Final 	test results	MRR 0.399013	H@1 0.321155	H@3 0.441927	H@5 0.485482	H@10 0.540842
INFO:meta-cli.py:Training finished
