./bin/meta-cli.py --train data/wn18rr/train.tsv --dev data/wn18rr/dev.tsv --test data/wn18rr/test.tsv -m complex -k 2000 -b 500 -e 100 --F2 0 --N3 0.005 -l 0.1 -I reciprocal -V 3 -o adagrad -q
{'F2': 0.0,
 'N3': 0.005,
 'batch_size': 500,
 'dev': 'data/wn18rr/dev.tsv',
 'embedding_size': 2000,
 'epochs': 100,
 'eval_batch_size': None,
 'input_type': 'reciprocal',
 'learning_rate': 0.1,
 'load': None,
 'model': 'complex',
 'optimizer': 'adagrad',
 'quiet': True,
 'save': None,
 'seed': 0,
 'test': 'data/wn18rr/test.tsv',
 'test_i': None,
 'test_ii': None,
 'train': 'data/wn18rr/train.tsv',
 'validate_every': 3}
INFO:meta-cli.py:Device: cuda
INFO:meta-cli.py:Model state:
INFO:meta-cli.py:	entities.weight	torch.Size([40943, 4000])
INFO:meta-cli.py:	predicates.weight	torch.Size([22, 4000])
INFO:meta-cli.py:Epoch 1/100	Loss 14.0070 ± 4.1675
INFO:meta-cli.py:Epoch 2/100	Loss 4.9679 ± 0.2657
INFO:meta-cli.py:Epoch 3/100	Loss 4.1352 ± 0.1096
INFO:meta-cli.py:Epoch 3/100	dev results	MRR 0.437111	H@1 0.414469	H@3 0.443968	H@5 0.459130	H@10 0.478247
INFO:meta-cli.py:Epoch 3/100	test results	MRR 0.434626	H@1 0.411934	H@3 0.440651	H@5 0.458360	H@10 0.477824
INFO:meta-cli.py:Epoch 4/100	Loss 3.8241 ± 0.1053
INFO:meta-cli.py:Epoch 5/100	Loss 3.6415 ± 0.1068
INFO:meta-cli.py:Epoch 6/100	Loss 3.5119 ± 0.1108
INFO:meta-cli.py:Epoch 6/100	dev results	MRR 0.446912	H@1 0.422874	H@3 0.454351	H@5 0.469183	H@10 0.493902
INFO:meta-cli.py:Epoch 6/100	test results	MRR 0.443404	H@1 0.417996	H@3 0.450542	H@5 0.467454	H@10 0.491066
INFO:meta-cli.py:Epoch 7/100	Loss 3.4144 ± 0.1115
INFO:meta-cli.py:Epoch 8/100	Loss 3.3352 ± 0.1217
INFO:meta-cli.py:Epoch 9/100	Loss 3.2732 ± 0.1104
INFO:meta-cli.py:Epoch 9/100	dev results	MRR 0.451081	H@1 0.426335	H@3 0.460943	H@5 0.473632	H@10 0.496539
INFO:meta-cli.py:Epoch 9/100	test results	MRR 0.450253	H@1 0.423899	H@3 0.460274	H@5 0.475271	H@10 0.498883
INFO:meta-cli.py:Epoch 10/100	Loss 3.2159 ± 0.1171
INFO:meta-cli.py:Epoch 11/100	Loss 3.1701 ± 0.1210
INFO:meta-cli.py:Epoch 12/100	Loss 3.1294 ± 0.1183
INFO:meta-cli.py:Epoch 12/100	dev results	MRR 0.454567	H@1 0.428312	H@3 0.464403	H@5 0.480224	H@10 0.504779
INFO:meta-cli.py:Epoch 12/100	test results	MRR 0.454284	H@1 0.428207	H@3 0.461870	H@5 0.480536	H@10 0.503989
INFO:meta-cli.py:Epoch 13/100	Loss 3.0935 ± 0.1164
INFO:meta-cli.py:Epoch 14/100	Loss 3.0631 ± 0.1176
INFO:meta-cli.py:Epoch 15/100	Loss 3.0345 ± 0.1231
INFO:meta-cli.py:Epoch 15/100	dev results	MRR 0.456531	H@1 0.429631	H@3 0.464898	H@5 0.483685	H@10 0.508240
INFO:meta-cli.py:Epoch 15/100	test results	MRR 0.457177	H@1 0.429962	H@3 0.466018	H@5 0.486758	H@10 0.509892
INFO:meta-cli.py:Epoch 16/100	Loss 3.0088 ± 0.1200
INFO:meta-cli.py:Epoch 17/100	Loss 2.9862 ± 0.1192
INFO:meta-cli.py:Epoch 18/100	Loss 2.9646 ± 0.1216
INFO:meta-cli.py:Epoch 18/100	dev results	MRR 0.459108	H@1 0.431444	H@3 0.468688	H@5 0.486322	H@10 0.512854
INFO:meta-cli.py:Epoch 18/100	test results	MRR 0.459271	H@1 0.431078	H@3 0.469049	H@5 0.487077	H@10 0.514199
INFO:meta-cli.py:Epoch 19/100	Loss 2.9463 ± 0.1151
INFO:meta-cli.py:Epoch 20/100	Loss 2.9279 ± 0.1168
INFO:meta-cli.py:Epoch 21/100	Loss 2.9112 ± 0.1142
INFO:meta-cli.py:Epoch 21/100	dev results	MRR 0.460962	H@1 0.432432	H@3 0.469183	H@5 0.489947	H@10 0.515162
INFO:meta-cli.py:Epoch 21/100	test results	MRR 0.461850	H@1 0.433312	H@3 0.471602	H@5 0.490268	H@10 0.516592
INFO:meta-cli.py:Epoch 22/100	Loss 2.8962 ± 0.1211
INFO:meta-cli.py:Epoch 23/100	Loss 2.8826 ± 0.1170
INFO:meta-cli.py:Epoch 24/100	Loss 2.8703 ± 0.1203
INFO:meta-cli.py:Epoch 24/100	dev results	MRR 0.463134	H@1 0.434904	H@3 0.472479	H@5 0.491266	H@10 0.517469
INFO:meta-cli.py:Epoch 24/100	test results	MRR 0.463275	H@1 0.433950	H@3 0.473676	H@5 0.493618	H@10 0.519464
INFO:meta-cli.py:Epoch 25/100	Loss 2.8566 ± 0.1162
INFO:meta-cli.py:Epoch 26/100	Loss 2.8446 ± 0.1154
INFO:meta-cli.py:Epoch 27/100	Loss 2.8348 ± 0.1098
INFO:meta-cli.py:Epoch 27/100	dev results	MRR 0.464422	H@1 0.435893	H@3 0.474291	H@5 0.493078	H@10 0.516974
INFO:meta-cli.py:Epoch 27/100	test results	MRR 0.463167	H@1 0.431876	H@3 0.476388	H@5 0.496171	H@10 0.519623
INFO:meta-cli.py:Epoch 28/100	Loss 2.8242 ± 0.1172
INFO:meta-cli.py:Epoch 29/100	Loss 2.8148 ± 0.1188
INFO:meta-cli.py:Epoch 30/100	Loss 2.8064 ± 0.1073
INFO:meta-cli.py:Epoch 30/100	dev results	MRR 0.465020	H@1 0.436058	H@3 0.474786	H@5 0.493078	H@10 0.519281
INFO:meta-cli.py:Epoch 30/100	test results	MRR 0.464817	H@1 0.433950	H@3 0.476548	H@5 0.497288	H@10 0.523452
INFO:meta-cli.py:Epoch 31/100	Loss 2.7974 ± 0.1186
INFO:meta-cli.py:Epoch 32/100	Loss 2.7886 ± 0.1153
INFO:meta-cli.py:Epoch 33/100	Loss 2.7812 ± 0.1113
INFO:meta-cli.py:Epoch 33/100	dev results	MRR 0.465561	H@1 0.435728	H@3 0.475610	H@5 0.495386	H@10 0.522083
INFO:meta-cli.py:Epoch 33/100	test results	MRR 0.465373	H@1 0.434269	H@3 0.477345	H@5 0.500000	H@10 0.524888
INFO:meta-cli.py:Epoch 34/100	Loss 2.7736 ± 0.1160
INFO:meta-cli.py:Epoch 35/100	Loss 2.7668 ± 0.1094
INFO:meta-cli.py:Epoch 36/100	Loss 2.7597 ± 0.1104
INFO:meta-cli.py:Epoch 36/100	dev results	MRR 0.465984	H@1 0.435728	H@3 0.477093	H@5 0.495221	H@10 0.522083
INFO:meta-cli.py:Epoch 36/100	test results	MRR 0.467095	H@1 0.435865	H@3 0.479738	H@5 0.500638	H@10 0.525526
INFO:meta-cli.py:Epoch 37/100	Loss 2.7539 ± 0.1140
INFO:meta-cli.py:Epoch 38/100	Loss 2.7472 ± 0.1130
INFO:meta-cli.py:Epoch 39/100	Loss 2.7414 ± 0.1141
INFO:meta-cli.py:Epoch 39/100	dev results	MRR 0.466876	H@1 0.437376	H@3 0.475445	H@5 0.495221	H@10 0.523566
INFO:meta-cli.py:Epoch 39/100	test results	MRR 0.466662	H@1 0.434907	H@3 0.478941	H@5 0.501117	H@10 0.525367
INFO:meta-cli.py:Epoch 40/100	Loss 2.7357 ± 0.1052
INFO:meta-cli.py:Epoch 41/100	Loss 2.7305 ± 0.1084
INFO:meta-cli.py:Epoch 42/100	Loss 2.7254 ± 0.1157
INFO:meta-cli.py:Epoch 42/100	dev results	MRR 0.468365	H@1 0.438860	H@3 0.477917	H@5 0.497858	H@10 0.524225
INFO:meta-cli.py:Epoch 42/100	test results	MRR 0.468441	H@1 0.436822	H@3 0.480057	H@5 0.502234	H@10 0.529036
INFO:meta-cli.py:Epoch 43/100	Loss 2.7205 ± 0.1170
INFO:meta-cli.py:Epoch 44/100	Loss 2.7152 ± 0.1056
INFO:meta-cli.py:Epoch 45/100	Loss 2.7094 ± 0.1063
INFO:meta-cli.py:Epoch 45/100	dev results	MRR 0.467820	H@1 0.437871	H@3 0.477423	H@5 0.496704	H@10 0.526862
INFO:meta-cli.py:Epoch 45/100	test results	MRR 0.469036	H@1 0.436822	H@3 0.482610	H@5 0.504148	H@10 0.528877
INFO:meta-cli.py:Epoch 46/100	Loss 2.7059 ± 0.1119
INFO:meta-cli.py:Epoch 47/100	Loss 2.7014 ± 0.1126
INFO:meta-cli.py:Epoch 48/100	Loss 2.6971 ± 0.1098
INFO:meta-cli.py:Epoch 48/100	dev results	MRR 0.467679	H@1 0.437871	H@3 0.476599	H@5 0.497858	H@10 0.527357
INFO:meta-cli.py:Epoch 48/100	test results	MRR 0.468408	H@1 0.436024	H@3 0.481015	H@5 0.502872	H@10 0.532068
INFO:meta-cli.py:Epoch 49/100	Loss 2.6928 ± 0.1104
INFO:meta-cli.py:Epoch 50/100	Loss 2.6892 ± 0.1085
INFO:meta-cli.py:Epoch 51/100	Loss 2.6847 ± 0.1059
INFO:meta-cli.py:Epoch 51/100	dev results	MRR 0.468439	H@1 0.438036	H@3 0.478576	H@5 0.497858	H@10 0.528181
INFO:meta-cli.py:Epoch 51/100	test results	MRR 0.469475	H@1 0.437141	H@3 0.482291	H@5 0.503669	H@10 0.532546
INFO:meta-cli.py:Epoch 52/100	Loss 2.6817 ± 0.0991
INFO:meta-cli.py:Epoch 53/100	Loss 2.6784 ± 0.1040
INFO:meta-cli.py:Epoch 54/100	Loss 2.6741 ± 0.1084
INFO:meta-cli.py:Epoch 54/100	dev results	MRR 0.468253	H@1 0.437871	H@3 0.475939	H@5 0.498846	H@10 0.527357
INFO:meta-cli.py:Epoch 54/100	test results	MRR 0.469588	H@1 0.437141	H@3 0.482291	H@5 0.504467	H@10 0.531429
INFO:meta-cli.py:Epoch 55/100	Loss 2.6709 ± 0.1070
INFO:meta-cli.py:Epoch 56/100	Loss 2.6682 ± 0.1053
INFO:meta-cli.py:Epoch 57/100	Loss 2.6639 ± 0.0993
INFO:meta-cli.py:Epoch 57/100	dev results	MRR 0.468533	H@1 0.437871	H@3 0.477258	H@5 0.499670	H@10 0.528840
INFO:meta-cli.py:Epoch 57/100	test results	MRR 0.470793	H@1 0.438258	H@3 0.483408	H@5 0.505743	H@10 0.532387
INFO:meta-cli.py:Epoch 58/100	Loss 2.6613 ± 0.1063
INFO:meta-cli.py:Epoch 59/100	Loss 2.6582 ± 0.1035
INFO:meta-cli.py:Epoch 60/100	Loss 2.6554 ± 0.1055
INFO:meta-cli.py:Epoch 60/100	dev results	MRR 0.468389	H@1 0.437871	H@3 0.477752	H@5 0.498846	H@10 0.530158
INFO:meta-cli.py:Epoch 60/100	test results	MRR 0.469588	H@1 0.436343	H@3 0.483089	H@5 0.505743	H@10 0.532546
INFO:meta-cli.py:Epoch 61/100	Loss 2.6530 ± 0.1023
INFO:meta-cli.py:Epoch 62/100	Loss 2.6503 ± 0.1024
INFO:meta-cli.py:Epoch 63/100	Loss 2.6474 ± 0.1076
INFO:meta-cli.py:Epoch 63/100	dev results	MRR 0.469163	H@1 0.438036	H@3 0.479565	H@5 0.501318	H@10 0.530817
INFO:meta-cli.py:Epoch 63/100	test results	MRR 0.470153	H@1 0.436343	H@3 0.483089	H@5 0.504946	H@10 0.534142
INFO:meta-cli.py:Epoch 64/100	Loss 2.6442 ± 0.1020
INFO:meta-cli.py:Epoch 65/100	Loss 2.6417 ± 0.1090
INFO:meta-cli.py:Epoch 66/100	Loss 2.6392 ± 0.1033
INFO:meta-cli.py:Epoch 66/100	dev results	MRR 0.469158	H@1 0.438365	H@3 0.477587	H@5 0.500989	H@10 0.532630
INFO:meta-cli.py:Epoch 66/100	test results	MRR 0.469603	H@1 0.435705	H@3 0.481493	H@5 0.506860	H@10 0.533663
INFO:meta-cli.py:Epoch 67/100	Loss 2.6366 ± 0.1032
INFO:meta-cli.py:Epoch 68/100	Loss 2.6345 ± 0.1075
INFO:meta-cli.py:Epoch 69/100	Loss 2.6318 ± 0.1031
INFO:meta-cli.py:Epoch 69/100	dev results	MRR 0.469531	H@1 0.438860	H@3 0.477587	H@5 0.501154	H@10 0.531641
INFO:meta-cli.py:Epoch 69/100	test results	MRR 0.470781	H@1 0.437301	H@3 0.483567	H@5 0.506701	H@10 0.534461
INFO:meta-cli.py:Epoch 70/100	Loss 2.6300 ± 0.1019
INFO:meta-cli.py:Epoch 71/100	Loss 2.6277 ± 0.1033
INFO:meta-cli.py:Epoch 72/100	Loss 2.6254 ± 0.0998
INFO:meta-cli.py:Epoch 72/100	dev results	MRR 0.470658	H@1 0.440013	H@3 0.479400	H@5 0.501813	H@10 0.532960
INFO:meta-cli.py:Epoch 72/100	test results	MRR 0.471309	H@1 0.437460	H@3 0.485163	H@5 0.507020	H@10 0.535099
INFO:meta-cli.py:Epoch 73/100	Loss 2.6231 ± 0.1016
INFO:meta-cli.py:Epoch 74/100	Loss 2.6212 ± 0.1063
INFO:meta-cli.py:Epoch 75/100	Loss 2.6192 ± 0.1043
INFO:meta-cli.py:Epoch 75/100	dev results	MRR 0.470616	H@1 0.439848	H@3 0.479235	H@5 0.501978	H@10 0.531641
INFO:meta-cli.py:Epoch 75/100	test results	MRR 0.471396	H@1 0.437460	H@3 0.484205	H@5 0.507339	H@10 0.535897
INFO:meta-cli.py:Epoch 76/100	Loss 2.6171 ± 0.1000
INFO:meta-cli.py:Epoch 77/100	Loss 2.6148 ± 0.0969
INFO:meta-cli.py:Epoch 78/100	Loss 2.6134 ± 0.0953
INFO:meta-cli.py:Epoch 78/100	dev results	MRR 0.470290	H@1 0.438860	H@3 0.480224	H@5 0.502802	H@10 0.533289
INFO:meta-cli.py:Epoch 78/100	test results	MRR 0.471452	H@1 0.437620	H@3 0.484046	H@5 0.507179	H@10 0.537013
INFO:meta-cli.py:Epoch 79/100	Loss 2.6112 ± 0.1032
INFO:meta-cli.py:Epoch 80/100	Loss 2.6093 ± 0.0958
INFO:meta-cli.py:Epoch 81/100	Loss 2.6071 ± 0.1037
INFO:meta-cli.py:Epoch 81/100	dev results	MRR 0.470361	H@1 0.439519	H@3 0.477093	H@5 0.502142	H@10 0.533289
INFO:meta-cli.py:Epoch 81/100	test results	MRR 0.471038	H@1 0.437141	H@3 0.483727	H@5 0.508775	H@10 0.536854
INFO:meta-cli.py:Epoch 82/100	Loss 2.6052 ± 0.1031
INFO:meta-cli.py:Epoch 83/100	Loss 2.6039 ± 0.1010
INFO:meta-cli.py:Epoch 84/100	Loss 2.6019 ± 0.1028
INFO:meta-cli.py:Epoch 84/100	dev results	MRR 0.470994	H@1 0.439848	H@3 0.479235	H@5 0.502472	H@10 0.533619
INFO:meta-cli.py:Epoch 84/100	test results	MRR 0.471774	H@1 0.436981	H@3 0.486439	H@5 0.508615	H@10 0.536216
INFO:meta-cli.py:Epoch 85/100	Loss 2.6002 ± 0.0985
INFO:meta-cli.py:Epoch 86/100	Loss 2.5989 ± 0.1004
INFO:meta-cli.py:Epoch 87/100	Loss 2.5969 ± 0.0991
INFO:meta-cli.py:Epoch 87/100	dev results	MRR 0.470992	H@1 0.440178	H@3 0.478741	H@5 0.503955	H@10 0.535926
INFO:meta-cli.py:Epoch 87/100	test results	MRR 0.472207	H@1 0.437620	H@3 0.486599	H@5 0.508615	H@10 0.539247
INFO:meta-cli.py:Epoch 88/100	Loss 2.5954 ± 0.1039
INFO:meta-cli.py:Epoch 89/100	Loss 2.5935 ± 0.0982
INFO:meta-cli.py:Epoch 90/100	Loss 2.5925 ± 0.0986
INFO:meta-cli.py:Epoch 90/100	dev results	MRR 0.470874	H@1 0.439519	H@3 0.479730	H@5 0.503626	H@10 0.534443
INFO:meta-cli.py:Epoch 90/100	test results	MRR 0.472518	H@1 0.437939	H@3 0.487237	H@5 0.508615	H@10 0.537811
INFO:meta-cli.py:Epoch 91/100	Loss 2.5909 ± 0.0997
INFO:meta-cli.py:Epoch 92/100	Loss 2.5894 ± 0.1019
INFO:meta-cli.py:Epoch 93/100	Loss 2.5882 ± 0.0944
INFO:meta-cli.py:Epoch 93/100	dev results	MRR 0.470798	H@1 0.439519	H@3 0.480389	H@5 0.502966	H@10 0.534608
INFO:meta-cli.py:Epoch 93/100	test results	MRR 0.472091	H@1 0.437460	H@3 0.485482	H@5 0.509413	H@10 0.537811
INFO:meta-cli.py:Epoch 94/100	Loss 2.5867 ± 0.0964
INFO:meta-cli.py:Epoch 95/100	Loss 2.5849 ± 0.1015
INFO:meta-cli.py:Epoch 96/100	Loss 2.5832 ± 0.0993
INFO:meta-cli.py:Epoch 96/100	dev results	MRR 0.471050	H@1 0.439848	H@3 0.479071	H@5 0.503131	H@10 0.534608
INFO:meta-cli.py:Epoch 96/100	test results	MRR 0.472920	H@1 0.438258	H@3 0.487077	H@5 0.510530	H@10 0.538130
INFO:meta-cli.py:Epoch 97/100	Loss 2.5823 ± 0.1007
INFO:meta-cli.py:Epoch 98/100	Loss 2.5806 ± 0.1059
INFO:meta-cli.py:Epoch 99/100	Loss 2.5795 ± 0.0972
INFO:meta-cli.py:Epoch 99/100	dev results	MRR 0.470501	H@1 0.438695	H@3 0.479071	H@5 0.503131	H@10 0.534113
INFO:meta-cli.py:Epoch 99/100	test results	MRR 0.472383	H@1 0.437460	H@3 0.485801	H@5 0.509892	H@10 0.539726
INFO:meta-cli.py:Epoch 100/100	Loss 2.5779 ± 0.0991
INFO:meta-cli.py:Final 	dev results	MRR 0.470946	H@1 0.439024	H@3 0.479071	H@5 0.503296	H@10 0.534443
INFO:meta-cli.py:Final 	test results	MRR 0.472676	H@1 0.437460	H@3 0.486918	H@5 0.510689	H@10 0.539726
INFO:meta-cli.py:Training finished
