./bin/meta-cli.py --train data/wn18rr/train.tsv --dev data/wn18rr/dev.tsv --test data/wn18rr/test.tsv -m complex -k 500 -b 500 -e 100 --F2 0 --N3 0.1 -l 0.1 -I reciprocal -V 3 -o adagrad -q
{'F2': 0.0,
 'N3': 0.1,
 'batch_size': 500,
 'dev': 'data/wn18rr/dev.tsv',
 'embedding_size': 500,
 'epochs': 100,
 'eval_batch_size': None,
 'input_type': 'reciprocal',
 'learning_rate': 0.1,
 'load': None,
 'model': 'complex',
 'optimizer': 'adagrad',
 'quiet': True,
 'save': None,
 'seed': 0,
 'test': 'data/wn18rr/test.tsv',
 'test_i': None,
 'test_ii': None,
 'train': 'data/wn18rr/train.tsv',
 'validate_every': 3}
INFO:meta-cli.py:Device: cuda
INFO:meta-cli.py:Model state:
INFO:meta-cli.py:	entities.weight	torch.Size([40943, 1000])
INFO:meta-cli.py:	predicates.weight	torch.Size([22, 1000])
INFO:meta-cli.py:Epoch 1/100	Loss 24.5388 ± 4.8693
INFO:meta-cli.py:Epoch 2/100	Loss 12.1685 ± 0.7359
INFO:meta-cli.py:Epoch 3/100	Loss 9.7075 ± 0.1472
INFO:meta-cli.py:Epoch 3/100	dev results	MRR 0.441356	H@1 0.397825	H@3 0.461931	H@5 0.489123	H@10 0.516315
INFO:meta-cli.py:Epoch 3/100	test results	MRR 0.439549	H@1 0.394065	H@3 0.462348	H@5 0.485641	H@10 0.521378
INFO:meta-cli.py:Epoch 4/100	Loss 8.8804 ± 0.0971
INFO:meta-cli.py:Epoch 5/100	Loss 8.4345 ± 0.1031
INFO:meta-cli.py:Epoch 6/100	Loss 8.1548 ± 0.1085
INFO:meta-cli.py:Epoch 6/100	dev results	MRR 0.460579	H@1 0.424852	H@3 0.471655	H@5 0.494891	H@10 0.532795
INFO:meta-cli.py:Epoch 6/100	test results	MRR 0.460164	H@1 0.422463	H@3 0.472240	H@5 0.498724	H@10 0.533025
INFO:meta-cli.py:Epoch 7/100	Loss 7.9641 ± 0.1152
INFO:meta-cli.py:Epoch 8/100	Loss 7.8252 ± 0.1262
INFO:meta-cli.py:Epoch 9/100	Loss 7.7199 ± 0.1147
INFO:meta-cli.py:Epoch 9/100	dev results	MRR 0.463215	H@1 0.426005	H@3 0.474291	H@5 0.498352	H@10 0.535432
INFO:meta-cli.py:Epoch 9/100	test results	MRR 0.464298	H@1 0.424059	H@3 0.478143	H@5 0.507977	H@10 0.543555
INFO:meta-cli.py:Epoch 10/100	Loss 7.6364 ± 0.1192
INFO:meta-cli.py:Epoch 11/100	Loss 7.5696 ± 0.1241
INFO:meta-cli.py:Epoch 12/100	Loss 7.5141 ± 0.1230
INFO:meta-cli.py:Epoch 12/100	dev results	MRR 0.465783	H@1 0.428642	H@3 0.475280	H@5 0.503626	H@10 0.540211
INFO:meta-cli.py:Epoch 12/100	test results	MRR 0.466994	H@1 0.427569	H@3 0.478941	H@5 0.509892	H@10 0.546745
INFO:meta-cli.py:Epoch 13/100	Loss 7.4668 ± 0.1149
INFO:meta-cli.py:Epoch 14/100	Loss 7.4281 ± 0.1197
INFO:meta-cli.py:Epoch 15/100	Loss 7.3934 ± 0.1226
INFO:meta-cli.py:Epoch 15/100	dev results	MRR 0.467010	H@1 0.429631	H@3 0.477258	H@5 0.504285	H@10 0.542683
INFO:meta-cli.py:Epoch 15/100	test results	MRR 0.467325	H@1 0.426930	H@3 0.479260	H@5 0.507020	H@10 0.548819
INFO:meta-cli.py:Epoch 16/100	Loss 7.3632 ± 0.1203
INFO:meta-cli.py:Epoch 17/100	Loss 7.3362 ± 0.1188
INFO:meta-cli.py:Epoch 18/100	Loss 7.3121 ± 0.1165
INFO:meta-cli.py:Epoch 18/100	dev results	MRR 0.468608	H@1 0.430290	H@3 0.479235	H@5 0.508075	H@10 0.541859
INFO:meta-cli.py:Epoch 18/100	test results	MRR 0.470484	H@1 0.430121	H@3 0.484525	H@5 0.509732	H@10 0.551213
INFO:meta-cli.py:Epoch 19/100	Loss 7.2912 ± 0.1141
INFO:meta-cli.py:Epoch 20/100	Loss 7.2712 ± 0.1156
INFO:meta-cli.py:Epoch 21/100	Loss 7.2533 ± 0.1126
INFO:meta-cli.py:Epoch 21/100	dev results	MRR 0.469421	H@1 0.430455	H@3 0.480719	H@5 0.509723	H@10 0.544990
INFO:meta-cli.py:Epoch 21/100	test results	MRR 0.469167	H@1 0.428526	H@3 0.481493	H@5 0.511806	H@10 0.552648
INFO:meta-cli.py:Epoch 22/100	Loss 7.2373 ± 0.1179
INFO:meta-cli.py:Epoch 23/100	Loss 7.2227 ± 0.1154
INFO:meta-cli.py:Epoch 24/100	Loss 7.2096 ± 0.1193
INFO:meta-cli.py:Epoch 24/100	dev results	MRR 0.469538	H@1 0.430455	H@3 0.480719	H@5 0.508075	H@10 0.544661
INFO:meta-cli.py:Epoch 24/100	test results	MRR 0.470120	H@1 0.428366	H@3 0.484684	H@5 0.512604	H@10 0.551691
INFO:meta-cli.py:Epoch 25/100	Loss 7.1958 ± 0.1109
INFO:meta-cli.py:Epoch 26/100	Loss 7.1838 ± 0.1125
INFO:meta-cli.py:Epoch 27/100	Loss 7.1732 ± 0.1088
INFO:meta-cli.py:Epoch 27/100	dev results	MRR 0.471071	H@1 0.432103	H@3 0.482202	H@5 0.510547	H@10 0.546968
INFO:meta-cli.py:Epoch 27/100	test results	MRR 0.471497	H@1 0.430281	H@3 0.484365	H@5 0.512923	H@10 0.555041
INFO:meta-cli.py:Epoch 28/100	Loss 7.1627 ± 0.1146
INFO:meta-cli.py:Epoch 29/100	Loss 7.1527 ± 0.1132
INFO:meta-cli.py:Epoch 30/100	Loss 7.1440 ± 0.1046
INFO:meta-cli.py:Epoch 30/100	dev results	MRR 0.470887	H@1 0.431279	H@3 0.482531	H@5 0.508240	H@10 0.549769
INFO:meta-cli.py:Epoch 30/100	test results	MRR 0.471084	H@1 0.430121	H@3 0.485322	H@5 0.511327	H@10 0.552808
INFO:meta-cli.py:Epoch 31/100	Loss 7.1355 ± 0.1181
INFO:meta-cli.py:Epoch 32/100	Loss 7.1267 ± 0.1131
INFO:meta-cli.py:Epoch 33/100	Loss 7.1189 ± 0.1083
INFO:meta-cli.py:Epoch 33/100	dev results	MRR 0.469677	H@1 0.429631	H@3 0.483191	H@5 0.509723	H@10 0.548286
INFO:meta-cli.py:Epoch 33/100	test results	MRR 0.471596	H@1 0.429802	H@3 0.485482	H@5 0.513561	H@10 0.554722
INFO:meta-cli.py:Epoch 34/100	Loss 7.1116 ± 0.1097
INFO:meta-cli.py:Epoch 35/100	Loss 7.1048 ± 0.1069
INFO:meta-cli.py:Epoch 36/100	Loss 7.0980 ± 0.1050
INFO:meta-cli.py:Epoch 36/100	dev results	MRR 0.470645	H@1 0.431114	H@3 0.483191	H@5 0.507416	H@10 0.547297
INFO:meta-cli.py:Epoch 36/100	test results	MRR 0.471825	H@1 0.430281	H@3 0.484684	H@5 0.512923	H@10 0.553925
INFO:meta-cli.py:Epoch 37/100	Loss 7.0920 ± 0.1090
INFO:meta-cli.py:Epoch 38/100	Loss 7.0853 ± 0.1090
INFO:meta-cli.py:Epoch 39/100	Loss 7.0795 ± 0.1100
INFO:meta-cli.py:Epoch 39/100	dev results	MRR 0.470971	H@1 0.431444	H@3 0.483026	H@5 0.508734	H@10 0.550099
INFO:meta-cli.py:Epoch 39/100	test results	MRR 0.472420	H@1 0.431078	H@3 0.485801	H@5 0.513720	H@10 0.556318
INFO:meta-cli.py:Epoch 40/100	Loss 7.0740 ± 0.1027
INFO:meta-cli.py:Epoch 41/100	Loss 7.0690 ± 0.1034
INFO:meta-cli.py:Epoch 42/100	Loss 7.0639 ± 0.1118
INFO:meta-cli.py:Epoch 42/100	dev results	MRR 0.471983	H@1 0.432597	H@3 0.483355	H@5 0.510053	H@10 0.549604
INFO:meta-cli.py:Epoch 42/100	test results	MRR 0.472682	H@1 0.430759	H@3 0.486758	H@5 0.514040	H@10 0.557275
INFO:meta-cli.py:Epoch 43/100	Loss 7.0592 ± 0.1124
INFO:meta-cli.py:Epoch 44/100	Loss 7.0539 ± 0.1000
INFO:meta-cli.py:Epoch 45/100	Loss 7.0485 ± 0.1016
INFO:meta-cli.py:Epoch 45/100	dev results	MRR 0.472257	H@1 0.432927	H@3 0.485662	H@5 0.510547	H@10 0.550923
INFO:meta-cli.py:Epoch 45/100	test results	MRR 0.473532	H@1 0.431876	H@3 0.488034	H@5 0.515635	H@10 0.558073
INFO:meta-cli.py:Epoch 46/100	Loss 7.0448 ± 0.1059
INFO:meta-cli.py:Epoch 47/100	Loss 7.0404 ± 0.1079
INFO:meta-cli.py:Epoch 48/100	Loss 7.0360 ± 0.1036
INFO:meta-cli.py:Epoch 48/100	dev results	MRR 0.471883	H@1 0.432103	H@3 0.484838	H@5 0.510712	H@10 0.551912
INFO:meta-cli.py:Epoch 48/100	test results	MRR 0.473415	H@1 0.432036	H@3 0.486599	H@5 0.515156	H@10 0.557594
INFO:meta-cli.py:Epoch 49/100	Loss 7.0323 ± 0.1036
INFO:meta-cli.py:Epoch 50/100	Loss 7.0283 ± 0.1036
INFO:meta-cli.py:Epoch 51/100	Loss 7.0243 ± 0.1017
INFO:meta-cli.py:Epoch 51/100	dev results	MRR 0.473742	H@1 0.434904	H@3 0.486157	H@5 0.511701	H@10 0.550428
INFO:meta-cli.py:Epoch 51/100	test results	MRR 0.472959	H@1 0.430600	H@3 0.488513	H@5 0.515475	H@10 0.557116
INFO:meta-cli.py:Epoch 52/100	Loss 7.0210 ± 0.0940
INFO:meta-cli.py:Epoch 53/100	Loss 7.0178 ± 0.0998
INFO:meta-cli.py:Epoch 54/100	Loss 7.0136 ± 0.1054
INFO:meta-cli.py:Epoch 54/100	dev results	MRR 0.472676	H@1 0.432927	H@3 0.484509	H@5 0.513514	H@10 0.552900
INFO:meta-cli.py:Epoch 54/100	test results	MRR 0.473781	H@1 0.432195	H@3 0.486758	H@5 0.516114	H@10 0.557594
INFO:meta-cli.py:Epoch 55/100	Loss 7.0105 ± 0.1019
INFO:meta-cli.py:Epoch 56/100	Loss 7.0076 ± 0.0991
INFO:meta-cli.py:Epoch 57/100	Loss 7.0037 ± 0.0947
INFO:meta-cli.py:Epoch 57/100	dev results	MRR 0.473420	H@1 0.434575	H@3 0.483850	H@5 0.512030	H@10 0.552406
INFO:meta-cli.py:Epoch 57/100	test results	MRR 0.474229	H@1 0.433153	H@3 0.487715	H@5 0.515635	H@10 0.557594
INFO:meta-cli.py:Epoch 58/100	Loss 7.0011 ± 0.0997
INFO:meta-cli.py:Epoch 59/100	Loss 6.9981 ± 0.0985
INFO:meta-cli.py:Epoch 60/100	Loss 6.9953 ± 0.1002
INFO:meta-cli.py:Epoch 60/100	dev results	MRR 0.472748	H@1 0.433092	H@3 0.484838	H@5 0.513349	H@10 0.552076
INFO:meta-cli.py:Epoch 60/100	test results	MRR 0.473435	H@1 0.431717	H@3 0.486439	H@5 0.516752	H@10 0.557913
INFO:meta-cli.py:Epoch 61/100	Loss 6.9927 ± 0.0992
INFO:meta-cli.py:Epoch 62/100	Loss 6.9900 ± 0.0982
INFO:meta-cli.py:Epoch 63/100	Loss 6.9874 ± 0.1012
INFO:meta-cli.py:Epoch 63/100	dev results	MRR 0.472817	H@1 0.433092	H@3 0.484509	H@5 0.514173	H@10 0.552241
INFO:meta-cli.py:Epoch 63/100	test results	MRR 0.473246	H@1 0.430759	H@3 0.488194	H@5 0.515316	H@10 0.559190
INFO:meta-cli.py:Epoch 64/100	Loss 6.9845 ± 0.0968
INFO:meta-cli.py:Epoch 65/100	Loss 6.9820 ± 0.1028
INFO:meta-cli.py:Epoch 66/100	Loss 6.9791 ± 0.1000
INFO:meta-cli.py:Epoch 66/100	dev results	MRR 0.473785	H@1 0.434080	H@3 0.484179	H@5 0.512854	H@10 0.552571
INFO:meta-cli.py:Epoch 66/100	test results	MRR 0.473440	H@1 0.430919	H@3 0.488354	H@5 0.517869	H@10 0.559349
INFO:meta-cli.py:Epoch 67/100	Loss 6.9769 ± 0.0990
INFO:meta-cli.py:Epoch 68/100	Loss 6.9743 ± 0.1030
INFO:meta-cli.py:Epoch 69/100	Loss 6.9723 ± 0.0989
INFO:meta-cli.py:Epoch 69/100	dev results	MRR 0.473974	H@1 0.434740	H@3 0.484509	H@5 0.513843	H@10 0.553065
INFO:meta-cli.py:Epoch 69/100	test results	MRR 0.473370	H@1 0.430919	H@3 0.487396	H@5 0.516273	H@10 0.558870
INFO:meta-cli.py:Epoch 70/100	Loss 6.9701 ± 0.0960
INFO:meta-cli.py:Epoch 71/100	Loss 6.9678 ± 0.0986
INFO:meta-cli.py:Epoch 72/100	Loss 6.9656 ± 0.0954
INFO:meta-cli.py:Epoch 72/100	dev results	MRR 0.474272	H@1 0.434245	H@3 0.485498	H@5 0.515326	H@10 0.553230
INFO:meta-cli.py:Epoch 72/100	test results	MRR 0.474485	H@1 0.432514	H@3 0.488194	H@5 0.517549	H@10 0.558711
INFO:meta-cli.py:Epoch 73/100	Loss 6.9636 ± 0.0939
INFO:meta-cli.py:Epoch 74/100	Loss 6.9614 ± 0.0992
INFO:meta-cli.py:Epoch 75/100	Loss 6.9593 ± 0.0987
INFO:meta-cli.py:Epoch 75/100	dev results	MRR 0.474331	H@1 0.434740	H@3 0.484509	H@5 0.516315	H@10 0.553560
INFO:meta-cli.py:Epoch 75/100	test results	MRR 0.473762	H@1 0.431078	H@3 0.488194	H@5 0.518507	H@10 0.560147
INFO:meta-cli.py:Epoch 76/100	Loss 6.9578 ± 0.0954
INFO:meta-cli.py:Epoch 77/100	Loss 6.9550 ± 0.0908
INFO:meta-cli.py:Epoch 78/100	Loss 6.9537 ± 0.0921
INFO:meta-cli.py:Epoch 78/100	dev results	MRR 0.473923	H@1 0.433916	H@3 0.485827	H@5 0.514338	H@10 0.553724
INFO:meta-cli.py:Epoch 78/100	test results	MRR 0.474378	H@1 0.431717	H@3 0.489311	H@5 0.518507	H@10 0.560147
INFO:meta-cli.py:Epoch 79/100	Loss 6.9515 ± 0.0974
INFO:meta-cli.py:Epoch 80/100	Loss 6.9495 ± 0.0902
INFO:meta-cli.py:Epoch 81/100	Loss 6.9477 ± 0.1010
INFO:meta-cli.py:Epoch 81/100	dev results	MRR 0.473570	H@1 0.433916	H@3 0.484344	H@5 0.514173	H@10 0.553230
INFO:meta-cli.py:Epoch 81/100	test results	MRR 0.472647	H@1 0.429802	H@3 0.485960	H@5 0.517869	H@10 0.558870
INFO:meta-cli.py:Epoch 82/100	Loss 6.9456 ± 0.0989
INFO:meta-cli.py:Epoch 83/100	Loss 6.9442 ± 0.0960
INFO:meta-cli.py:Epoch 84/100	Loss 6.9423 ± 0.0966
INFO:meta-cli.py:Epoch 84/100	dev results	MRR 0.474768	H@1 0.434575	H@3 0.486322	H@5 0.515656	H@10 0.554054
INFO:meta-cli.py:Epoch 84/100	test results	MRR 0.473828	H@1 0.430600	H@3 0.489151	H@5 0.518347	H@10 0.559509
INFO:meta-cli.py:Epoch 85/100	Loss 6.9406 ± 0.0934
INFO:meta-cli.py:Epoch 86/100	Loss 6.9393 ± 0.0975
INFO:meta-cli.py:Epoch 87/100	Loss 6.9374 ± 0.0940
INFO:meta-cli.py:Epoch 87/100	dev results	MRR 0.474443	H@1 0.434410	H@3 0.486157	H@5 0.515656	H@10 0.554548
INFO:meta-cli.py:Epoch 87/100	test results	MRR 0.473914	H@1 0.431238	H@3 0.488194	H@5 0.516592	H@10 0.559828
INFO:meta-cli.py:Epoch 88/100	Loss 6.9357 ± 0.1001
INFO:meta-cli.py:Epoch 89/100	Loss 6.9339 ± 0.0945
INFO:meta-cli.py:Epoch 90/100	Loss 6.9328 ± 0.0934
INFO:meta-cli.py:Epoch 90/100	dev results	MRR 0.474465	H@1 0.434245	H@3 0.485498	H@5 0.515162	H@10 0.553889
INFO:meta-cli.py:Epoch 90/100	test results	MRR 0.474435	H@1 0.431557	H@3 0.488832	H@5 0.518507	H@10 0.559987
INFO:meta-cli.py:Epoch 91/100	Loss 6.9310 ± 0.0932
INFO:meta-cli.py:Epoch 92/100	Loss 6.9295 ± 0.0985
INFO:meta-cli.py:Epoch 93/100	Loss 6.9284 ± 0.0897
INFO:meta-cli.py:Epoch 93/100	dev results	MRR 0.474006	H@1 0.433586	H@3 0.486322	H@5 0.515656	H@10 0.554054
INFO:meta-cli.py:Epoch 93/100	test results	MRR 0.474017	H@1 0.430440	H@3 0.489789	H@5 0.519623	H@10 0.561902
INFO:meta-cli.py:Epoch 94/100	Loss 6.9268 ± 0.0895
INFO:meta-cli.py:Epoch 95/100	Loss 6.9251 ± 0.0959
INFO:meta-cli.py:Epoch 96/100	Loss 6.9237 ± 0.0942
INFO:meta-cli.py:Epoch 96/100	dev results	MRR 0.474970	H@1 0.435234	H@3 0.485827	H@5 0.515821	H@10 0.553724
INFO:meta-cli.py:Epoch 96/100	test results	MRR 0.473920	H@1 0.430440	H@3 0.489151	H@5 0.518188	H@10 0.560466
INFO:meta-cli.py:Epoch 97/100	Loss 6.9225 ± 0.0954
INFO:meta-cli.py:Epoch 98/100	Loss 6.9208 ± 0.1006
INFO:meta-cli.py:Epoch 99/100	Loss 6.9196 ± 0.0933
INFO:meta-cli.py:Epoch 99/100	dev results	MRR 0.474934	H@1 0.434904	H@3 0.485498	H@5 0.515162	H@10 0.553395
INFO:meta-cli.py:Epoch 99/100	test results	MRR 0.474093	H@1 0.430600	H@3 0.490108	H@5 0.519145	H@10 0.561583
INFO:meta-cli.py:Epoch 100/100	Loss 6.9181 ± 0.0962
INFO:meta-cli.py:Final 	dev results	MRR 0.474248	H@1 0.433421	H@3 0.486981	H@5 0.514008	H@10 0.553230
INFO:meta-cli.py:Final 	test results	MRR 0.474077	H@1 0.430759	H@3 0.489630	H@5 0.518666	H@10 0.560944
INFO:meta-cli.py:Training finished
