./bin/meta-cli.py --train data/wn18rr/train.tsv --dev data/wn18rr/dev.tsv --test data/wn18rr/test.tsv -m complex -k 500 -b 500 -e 100 --F2 0.001 --N3 0 -l 0.1 -I standard -V 3 -o adagrad -q
{'F2': 0.001,
 'N3': 0.0,
 'batch_size': 500,
 'dev': 'data/wn18rr/dev.tsv',
 'embedding_size': 500,
 'epochs': 100,
 'eval_batch_size': None,
 'input_type': 'standard',
 'learning_rate': 0.1,
 'load': None,
 'model': 'complex',
 'optimizer': 'adagrad',
 'quiet': True,
 'save': None,
 'seed': 0,
 'test': 'data/wn18rr/test.tsv',
 'test_i': None,
 'test_ii': None,
 'train': 'data/wn18rr/train.tsv',
 'validate_every': 3}
INFO:meta-cli.py:Device: cuda
INFO:meta-cli.py:Model state:
INFO:meta-cli.py:	entities.weight	torch.Size([40943, 1000])
INFO:meta-cli.py:	predicates.weight	torch.Size([11, 1000])
INFO:meta-cli.py:Epoch 1/100	Loss 18.5347 ± 1.5168
INFO:meta-cli.py:Epoch 2/100	Loss 9.2210 ± 0.2902
INFO:meta-cli.py:Epoch 3/100	Loss 4.6478 ± 0.3232
INFO:meta-cli.py:Epoch 3/100	dev results	MRR 0.425721	H@1 0.399143	H@3 0.438036	H@5 0.452208	H@10 0.470831
INFO:meta-cli.py:Epoch 3/100	test results	MRR 0.426557	H@1 0.400447	H@3 0.438417	H@5 0.452138	H@10 0.470645
INFO:meta-cli.py:Epoch 4/100	Loss 3.8200 ± 0.2620
INFO:meta-cli.py:Epoch 5/100	Loss 3.5010 ± 0.2581
INFO:meta-cli.py:Epoch 6/100	Loss 3.3329 ± 0.2524
INFO:meta-cli.py:Epoch 6/100	dev results	MRR 0.437130	H@1 0.414140	H@3 0.444628	H@5 0.458141	H@10 0.479235
INFO:meta-cli.py:Epoch 6/100	test results	MRR 0.438563	H@1 0.413529	H@3 0.447033	H@5 0.463306	H@10 0.485482
INFO:meta-cli.py:Epoch 7/100	Loss 3.2177 ± 0.2361
INFO:meta-cli.py:Epoch 8/100	Loss 3.1374 ± 0.2408
INFO:meta-cli.py:Epoch 9/100	Loss 3.0738 ± 0.2297
INFO:meta-cli.py:Epoch 9/100	dev results	MRR 0.440071	H@1 0.414799	H@3 0.450066	H@5 0.463085	H@10 0.487146
INFO:meta-cli.py:Epoch 9/100	test results	MRR 0.444266	H@1 0.418953	H@3 0.453733	H@5 0.468092	H@10 0.491385
INFO:meta-cli.py:Epoch 10/100	Loss 3.0213 ± 0.2188
INFO:meta-cli.py:Epoch 11/100	Loss 2.9795 ± 0.2176
INFO:meta-cli.py:Epoch 12/100	Loss 2.9452 ± 0.2195
INFO:meta-cli.py:Epoch 12/100	dev results	MRR 0.441390	H@1 0.415788	H@3 0.451384	H@5 0.464733	H@10 0.489288
INFO:meta-cli.py:Epoch 12/100	test results	MRR 0.445761	H@1 0.419592	H@3 0.454052	H@5 0.470325	H@10 0.495533
INFO:meta-cli.py:Epoch 13/100	Loss 2.9129 ± 0.2052
INFO:meta-cli.py:Epoch 14/100	Loss 2.8855 ± 0.2096
INFO:meta-cli.py:Epoch 15/100	Loss 2.8607 ± 0.2048
INFO:meta-cli.py:Epoch 15/100	dev results	MRR 0.443774	H@1 0.418260	H@3 0.453032	H@5 0.468523	H@10 0.491595
INFO:meta-cli.py:Epoch 15/100	test results	MRR 0.447748	H@1 0.421506	H@3 0.456765	H@5 0.473835	H@10 0.498405
INFO:meta-cli.py:Epoch 16/100	Loss 2.8398 ± 0.2008
INFO:meta-cli.py:Epoch 17/100	Loss 2.8198 ± 0.1990
INFO:meta-cli.py:Epoch 18/100	Loss 2.8019 ± 0.1851
INFO:meta-cli.py:Epoch 18/100	dev results	MRR 0.444953	H@1 0.418754	H@3 0.455010	H@5 0.469183	H@10 0.493573
INFO:meta-cli.py:Epoch 18/100	test results	MRR 0.448389	H@1 0.421347	H@3 0.456765	H@5 0.476069	H@10 0.500638
INFO:meta-cli.py:Epoch 19/100	Loss 2.7856 ± 0.1897
INFO:meta-cli.py:Epoch 20/100	Loss 2.7708 ± 0.1864
INFO:meta-cli.py:Epoch 21/100	Loss 2.7570 ± 0.1779
INFO:meta-cli.py:Epoch 21/100	dev results	MRR 0.445840	H@1 0.419743	H@3 0.456823	H@5 0.472314	H@10 0.495221
INFO:meta-cli.py:Epoch 21/100	test results	MRR 0.449471	H@1 0.422623	H@3 0.457562	H@5 0.477345	H@10 0.501755
INFO:meta-cli.py:Epoch 22/100	Loss 2.7437 ± 0.1902
INFO:meta-cli.py:Epoch 23/100	Loss 2.7311 ± 0.1776
INFO:meta-cli.py:Epoch 24/100	Loss 2.7208 ± 0.1833
INFO:meta-cli.py:Epoch 24/100	dev results	MRR 0.446578	H@1 0.420073	H@3 0.456823	H@5 0.472643	H@10 0.496045
INFO:meta-cli.py:Epoch 24/100	test results	MRR 0.450883	H@1 0.424378	H@3 0.458519	H@5 0.478781	H@10 0.504467
INFO:meta-cli.py:Epoch 25/100	Loss 2.7094 ± 0.1764
INFO:meta-cli.py:Epoch 26/100	Loss 2.6992 ± 0.1756
INFO:meta-cli.py:Epoch 27/100	Loss 2.6899 ± 0.1778
INFO:meta-cli.py:Epoch 27/100	dev results	MRR 0.447351	H@1 0.421061	H@3 0.457152	H@5 0.472479	H@10 0.497693
INFO:meta-cli.py:Epoch 27/100	test results	MRR 0.450544	H@1 0.422942	H@3 0.459158	H@5 0.477983	H@10 0.505265
INFO:meta-cli.py:Epoch 28/100	Loss 2.6811 ± 0.1749
INFO:meta-cli.py:Epoch 29/100	Loss 2.6729 ± 0.1755
INFO:meta-cli.py:Epoch 30/100	Loss 2.6652 ± 0.1598
INFO:meta-cli.py:Epoch 30/100	dev results	MRR 0.448858	H@1 0.423039	H@3 0.458141	H@5 0.474621	H@10 0.498517
INFO:meta-cli.py:Epoch 30/100	test results	MRR 0.452657	H@1 0.425814	H@3 0.460593	H@5 0.481812	H@10 0.504627
INFO:meta-cli.py:Epoch 31/100	Loss 2.6568 ± 0.1678
INFO:meta-cli.py:Epoch 32/100	Loss 2.6498 ± 0.1707
INFO:meta-cli.py:Epoch 33/100	Loss 2.6428 ± 0.1684
INFO:meta-cli.py:Epoch 33/100	dev results	MRR 0.448219	H@1 0.421885	H@3 0.457482	H@5 0.474456	H@10 0.497034
INFO:meta-cli.py:Epoch 33/100	test results	MRR 0.452149	H@1 0.423740	H@3 0.462668	H@5 0.479738	H@10 0.505584
INFO:meta-cli.py:Epoch 34/100	Loss 2.6366 ± 0.1583
INFO:meta-cli.py:Epoch 35/100	Loss 2.6300 ± 0.1628
INFO:meta-cli.py:Epoch 36/100	Loss 2.6241 ± 0.1557
INFO:meta-cli.py:Epoch 36/100	dev results	MRR 0.448666	H@1 0.421885	H@3 0.457976	H@5 0.473632	H@10 0.498517
INFO:meta-cli.py:Epoch 36/100	test results	MRR 0.453205	H@1 0.425016	H@3 0.462987	H@5 0.481493	H@10 0.505903
INFO:meta-cli.py:Epoch 37/100	Loss 2.6180 ± 0.1547
INFO:meta-cli.py:Epoch 38/100	Loss 2.6130 ± 0.1634
INFO:meta-cli.py:Epoch 39/100	Loss 2.6072 ± 0.1570
INFO:meta-cli.py:Epoch 39/100	dev results	MRR 0.449329	H@1 0.422544	H@3 0.458965	H@5 0.474951	H@10 0.499341
INFO:meta-cli.py:Epoch 39/100	test results	MRR 0.453069	H@1 0.423899	H@3 0.464103	H@5 0.481334	H@10 0.508615
INFO:meta-cli.py:Epoch 40/100	Loss 2.6024 ± 0.1512
INFO:meta-cli.py:Epoch 41/100	Loss 2.5975 ± 0.1552
INFO:meta-cli.py:Epoch 42/100	Loss 2.5926 ± 0.1493
INFO:meta-cli.py:Epoch 42/100	dev results	MRR 0.450343	H@1 0.423368	H@3 0.460119	H@5 0.476599	H@10 0.500989
INFO:meta-cli.py:Epoch 42/100	test results	MRR 0.453715	H@1 0.425175	H@3 0.462029	H@5 0.483248	H@10 0.508137
INFO:meta-cli.py:Epoch 43/100	Loss 2.5881 ± 0.1482
INFO:meta-cli.py:Epoch 44/100	Loss 2.5838 ± 0.1500
INFO:meta-cli.py:Epoch 45/100	Loss 2.5796 ± 0.1393
INFO:meta-cli.py:Epoch 45/100	dev results	MRR 0.450334	H@1 0.423368	H@3 0.460943	H@5 0.476434	H@10 0.500824
INFO:meta-cli.py:Epoch 45/100	test results	MRR 0.453706	H@1 0.424856	H@3 0.464263	H@5 0.483089	H@10 0.508137
INFO:meta-cli.py:Epoch 46/100	Loss 2.5751 ± 0.1427
INFO:meta-cli.py:Epoch 47/100	Loss 2.5713 ± 0.1512
INFO:meta-cli.py:Epoch 48/100	Loss 2.5674 ± 0.1484
INFO:meta-cli.py:Epoch 48/100	dev results	MRR 0.450355	H@1 0.423204	H@3 0.461272	H@5 0.476104	H@10 0.501318
INFO:meta-cli.py:Epoch 48/100	test results	MRR 0.454426	H@1 0.426292	H@3 0.463625	H@5 0.483248	H@10 0.507817
INFO:meta-cli.py:Epoch 49/100	Loss 2.5632 ± 0.1399
INFO:meta-cli.py:Epoch 50/100	Loss 2.5598 ± 0.1499
INFO:meta-cli.py:Epoch 51/100	Loss 2.5563 ± 0.1376
INFO:meta-cli.py:Epoch 51/100	dev results	MRR 0.450369	H@1 0.422544	H@3 0.461272	H@5 0.477587	H@10 0.502307
INFO:meta-cli.py:Epoch 51/100	test results	MRR 0.454369	H@1 0.425016	H@3 0.463625	H@5 0.484844	H@10 0.509253
INFO:meta-cli.py:Epoch 52/100	Loss 2.5531 ± 0.1487
INFO:meta-cli.py:Epoch 53/100	Loss 2.5494 ± 0.1394
INFO:meta-cli.py:Epoch 54/100	Loss 2.5468 ± 0.1450
INFO:meta-cli.py:Epoch 54/100	dev results	MRR 0.450892	H@1 0.423368	H@3 0.461272	H@5 0.477423	H@10 0.502472
INFO:meta-cli.py:Epoch 54/100	test results	MRR 0.454420	H@1 0.425335	H@3 0.463465	H@5 0.483727	H@10 0.508934
INFO:meta-cli.py:Epoch 55/100	Loss 2.5433 ± 0.1496
INFO:meta-cli.py:Epoch 56/100	Loss 2.5401 ± 0.1377
INFO:meta-cli.py:Epoch 57/100	Loss 2.5371 ± 0.1481
INFO:meta-cli.py:Epoch 57/100	dev results	MRR 0.450759	H@1 0.422874	H@3 0.461767	H@5 0.476763	H@10 0.503131
INFO:meta-cli.py:Epoch 57/100	test results	MRR 0.454842	H@1 0.425335	H@3 0.465061	H@5 0.484844	H@10 0.510211
INFO:meta-cli.py:Epoch 58/100	Loss 2.5340 ± 0.1373
INFO:meta-cli.py:Epoch 59/100	Loss 2.5314 ± 0.1392
INFO:meta-cli.py:Epoch 60/100	Loss 2.5286 ± 0.1385
INFO:meta-cli.py:Epoch 60/100	dev results	MRR 0.451089	H@1 0.422544	H@3 0.462426	H@5 0.478576	H@10 0.503626
INFO:meta-cli.py:Epoch 60/100	test results	MRR 0.455717	H@1 0.426611	H@3 0.465858	H@5 0.485641	H@10 0.510051
INFO:meta-cli.py:Epoch 61/100	Loss 2.5256 ± 0.1434
INFO:meta-cli.py:Epoch 62/100	Loss 2.5231 ± 0.1347
INFO:meta-cli.py:Epoch 63/100	Loss 2.5204 ± 0.1256
INFO:meta-cli.py:Epoch 63/100	dev results	MRR 0.451543	H@1 0.423204	H@3 0.463579	H@5 0.477423	H@10 0.504120
INFO:meta-cli.py:Epoch 63/100	test results	MRR 0.455844	H@1 0.426611	H@3 0.465380	H@5 0.486120	H@10 0.511646
INFO:meta-cli.py:Epoch 64/100	Loss 2.5182 ± 0.1279
INFO:meta-cli.py:Epoch 65/100	Loss 2.5154 ± 0.1312
INFO:meta-cli.py:Epoch 66/100	Loss 2.5132 ± 0.1291
INFO:meta-cli.py:Epoch 66/100	dev results	MRR 0.451952	H@1 0.424028	H@3 0.462096	H@5 0.478576	H@10 0.505768
INFO:meta-cli.py:Epoch 66/100	test results	MRR 0.456132	H@1 0.427090	H@3 0.466496	H@5 0.486120	H@10 0.511327
INFO:meta-cli.py:Epoch 67/100	Loss 2.5108 ± 0.1342
INFO:meta-cli.py:Epoch 68/100	Loss 2.5083 ± 0.1335
INFO:meta-cli.py:Epoch 69/100	Loss 2.5061 ± 0.1369
INFO:meta-cli.py:Epoch 69/100	dev results	MRR 0.452140	H@1 0.424357	H@3 0.462755	H@5 0.478247	H@10 0.504779
INFO:meta-cli.py:Epoch 69/100	test results	MRR 0.455766	H@1 0.425973	H@3 0.466177	H@5 0.485801	H@10 0.511806
INFO:meta-cli.py:Epoch 70/100	Loss 2.5036 ± 0.1335
INFO:meta-cli.py:Epoch 71/100	Loss 2.5015 ± 0.1284
INFO:meta-cli.py:Epoch 72/100	Loss 2.4998 ± 0.1297
INFO:meta-cli.py:Epoch 72/100	dev results	MRR 0.452019	H@1 0.423698	H@3 0.463415	H@5 0.478576	H@10 0.505109
INFO:meta-cli.py:Epoch 72/100	test results	MRR 0.456443	H@1 0.426930	H@3 0.466496	H@5 0.486280	H@10 0.512285
INFO:meta-cli.py:Epoch 73/100	Loss 2.4974 ± 0.1275
INFO:meta-cli.py:Epoch 74/100	Loss 2.4953 ± 0.1268
INFO:meta-cli.py:Epoch 75/100	Loss 2.4934 ± 0.1251
INFO:meta-cli.py:Epoch 75/100	dev results	MRR 0.452760	H@1 0.424192	H@3 0.464403	H@5 0.478247	H@10 0.505603
INFO:meta-cli.py:Epoch 75/100	test results	MRR 0.456417	H@1 0.426611	H@3 0.466656	H@5 0.486280	H@10 0.512125
INFO:meta-cli.py:Epoch 76/100	Loss 2.4913 ± 0.1296
INFO:meta-cli.py:Epoch 77/100	Loss 2.4896 ± 0.1252
INFO:meta-cli.py:Epoch 78/100	Loss 2.4876 ± 0.1257
INFO:meta-cli.py:Epoch 78/100	dev results	MRR 0.452413	H@1 0.424028	H@3 0.463744	H@5 0.477752	H@10 0.504120
INFO:meta-cli.py:Epoch 78/100	test results	MRR 0.456342	H@1 0.426930	H@3 0.465858	H@5 0.485960	H@10 0.512604
INFO:meta-cli.py:Epoch 79/100	Loss 2.4855 ± 0.1155
INFO:meta-cli.py:Epoch 80/100	Loss 2.4835 ± 0.1235
INFO:meta-cli.py:Epoch 81/100	Loss 2.4821 ± 0.1306
INFO:meta-cli.py:Epoch 81/100	dev results	MRR 0.453086	H@1 0.424852	H@3 0.463250	H@5 0.478411	H@10 0.505438
INFO:meta-cli.py:Epoch 81/100	test results	MRR 0.457009	H@1 0.426930	H@3 0.467613	H@5 0.487715	H@10 0.513561
INFO:meta-cli.py:Epoch 82/100	Loss 2.4804 ± 0.1220
INFO:meta-cli.py:Epoch 83/100	Loss 2.4788 ± 0.1202
INFO:meta-cli.py:Epoch 84/100	Loss 2.4769 ± 0.1269
INFO:meta-cli.py:Epoch 84/100	dev results	MRR 0.453670	H@1 0.425676	H@3 0.464568	H@5 0.478576	H@10 0.504779
INFO:meta-cli.py:Epoch 84/100	test results	MRR 0.457083	H@1 0.427409	H@3 0.467454	H@5 0.486918	H@10 0.512604
INFO:meta-cli.py:Epoch 85/100	Loss 2.4752 ± 0.1261
INFO:meta-cli.py:Epoch 86/100	Loss 2.4737 ± 0.1235
INFO:meta-cli.py:Epoch 87/100	Loss 2.4721 ± 0.1188
INFO:meta-cli.py:Epoch 87/100	dev results	MRR 0.453342	H@1 0.425181	H@3 0.464733	H@5 0.478411	H@10 0.504285
INFO:meta-cli.py:Epoch 87/100	test results	MRR 0.456889	H@1 0.426611	H@3 0.467932	H@5 0.487077	H@10 0.512604
INFO:meta-cli.py:Epoch 88/100	Loss 2.4701 ± 0.1180
INFO:meta-cli.py:Epoch 89/100	Loss 2.4689 ± 0.1143
INFO:meta-cli.py:Epoch 90/100	Loss 2.4673 ± 0.1311
INFO:meta-cli.py:Epoch 90/100	dev results	MRR 0.453381	H@1 0.425181	H@3 0.464568	H@5 0.478906	H@10 0.504450
INFO:meta-cli.py:Epoch 90/100	test results	MRR 0.457408	H@1 0.427250	H@3 0.468251	H@5 0.488673	H@10 0.513401
INFO:meta-cli.py:Epoch 91/100	Loss 2.4655 ± 0.1176
INFO:meta-cli.py:Epoch 92/100	Loss 2.4643 ± 0.1236
INFO:meta-cli.py:Epoch 93/100	Loss 2.4630 ± 0.1201
INFO:meta-cli.py:Epoch 93/100	dev results	MRR 0.453537	H@1 0.425346	H@3 0.464733	H@5 0.478411	H@10 0.504614
INFO:meta-cli.py:Epoch 93/100	test results	MRR 0.457436	H@1 0.427250	H@3 0.468251	H@5 0.488354	H@10 0.512604
INFO:meta-cli.py:Epoch 94/100	Loss 2.4617 ± 0.1193
INFO:meta-cli.py:Epoch 95/100	Loss 2.4601 ± 0.1179
INFO:meta-cli.py:Epoch 96/100	Loss 2.4585 ± 0.1180
INFO:meta-cli.py:Epoch 96/100	dev results	MRR 0.453332	H@1 0.424687	H@3 0.464898	H@5 0.479400	H@10 0.505109
INFO:meta-cli.py:Epoch 96/100	test results	MRR 0.457593	H@1 0.427728	H@3 0.467932	H@5 0.488673	H@10 0.512285
INFO:meta-cli.py:Epoch 97/100	Loss 2.4573 ± 0.1180
INFO:meta-cli.py:Epoch 98/100	Loss 2.4558 ± 0.1258
INFO:meta-cli.py:Epoch 99/100	Loss 2.4544 ± 0.1059
INFO:meta-cli.py:Epoch 99/100	dev results	MRR 0.453644	H@1 0.425346	H@3 0.464568	H@5 0.479565	H@10 0.504450
INFO:meta-cli.py:Epoch 99/100	test results	MRR 0.457488	H@1 0.427569	H@3 0.467613	H@5 0.488992	H@10 0.513720
INFO:meta-cli.py:Epoch 100/100	Loss 2.4532 ± 0.1228
INFO:meta-cli.py:Final 	dev results	MRR 0.453598	H@1 0.425676	H@3 0.463909	H@5 0.478576	H@10 0.504779
INFO:meta-cli.py:Final 	test results	MRR 0.457569	H@1 0.427409	H@3 0.467932	H@5 0.488513	H@10 0.513242
INFO:meta-cli.py:Training finished
