./bin/meta-cli.py --train data/wn18rr/train.tsv --dev data/wn18rr/dev.tsv --test data/wn18rr/test.tsv -m complex -k 500 -b 100 -e 100 --F2 0 --N3 0.005 -l 0.1 -I standard -V 3 -o adagrad -q
{'F2': 0.0,
 'N3': 0.005,
 'batch_size': 100,
 'dev': 'data/wn18rr/dev.tsv',
 'embedding_size': 500,
 'epochs': 100,
 'eval_batch_size': None,
 'input_type': 'standard',
 'learning_rate': 0.1,
 'load': None,
 'model': 'complex',
 'optimizer': 'adagrad',
 'quiet': True,
 'save': None,
 'seed': 0,
 'test': 'data/wn18rr/test.tsv',
 'test_i': None,
 'test_ii': None,
 'train': 'data/wn18rr/train.tsv',
 'validate_every': 3}
INFO:meta-cli.py:Device: cuda
INFO:meta-cli.py:Model state:
INFO:meta-cli.py:	entities.weight	torch.Size([40943, 1000])
INFO:meta-cli.py:	predicates.weight	torch.Size([11, 1000])
INFO:meta-cli.py:Epoch 1/100	Loss 19.7459 ± 1.4900
INFO:meta-cli.py:Epoch 2/100	Loss 10.1023 ± 0.5142
INFO:meta-cli.py:Epoch 3/100	Loss 5.7901 ± 0.3667
INFO:meta-cli.py:Epoch 3/100	dev results	MRR 0.420630	H@1 0.389585	H@3 0.435893	H@5 0.450231	H@10 0.473632
INFO:meta-cli.py:Epoch 3/100	test results	MRR 0.423185	H@1 0.395501	H@3 0.435546	H@5 0.448149	H@10 0.471123
INFO:meta-cli.py:Epoch 4/100	Loss 4.9655 ± 0.3034
INFO:meta-cli.py:Epoch 5/100	Loss 4.5921 ± 0.2984
INFO:meta-cli.py:Epoch 6/100	Loss 4.3683 ± 0.2861
INFO:meta-cli.py:Epoch 6/100	dev results	MRR 0.437448	H@1 0.412327	H@3 0.446276	H@5 0.461272	H@10 0.484509
INFO:meta-cli.py:Epoch 6/100	test results	MRR 0.437363	H@1 0.413210	H@3 0.442087	H@5 0.460753	H@10 0.484525
INFO:meta-cli.py:Epoch 7/100	Loss 4.2046 ± 0.2757
INFO:meta-cli.py:Epoch 8/100	Loss 4.0810 ± 0.2765
INFO:meta-cli.py:Epoch 9/100	Loss 3.9784 ± 0.2635
INFO:meta-cli.py:Epoch 9/100	dev results	MRR 0.441595	H@1 0.415953	H@3 0.450396	H@5 0.464568	H@10 0.491266
INFO:meta-cli.py:Epoch 9/100	test results	MRR 0.441442	H@1 0.414965	H@3 0.449904	H@5 0.466337	H@10 0.491863
INFO:meta-cli.py:Epoch 10/100	Loss 3.8915 ± 0.2539
INFO:meta-cli.py:Epoch 11/100	Loss 3.8178 ± 0.2533
INFO:meta-cli.py:Epoch 12/100	Loss 3.7551 ± 0.2535
INFO:meta-cli.py:Epoch 12/100	dev results	MRR 0.442780	H@1 0.416117	H@3 0.452868	H@5 0.467370	H@10 0.492090
INFO:meta-cli.py:Epoch 12/100	test results	MRR 0.443369	H@1 0.416720	H@3 0.451340	H@5 0.468092	H@10 0.496650
INFO:meta-cli.py:Epoch 13/100	Loss 3.6959 ± 0.2474
INFO:meta-cli.py:Epoch 14/100	Loss 3.6444 ± 0.2476
INFO:meta-cli.py:Epoch 15/100	Loss 3.5979 ± 0.2478
INFO:meta-cli.py:Epoch 15/100	dev results	MRR 0.444647	H@1 0.417106	H@3 0.455339	H@5 0.470336	H@10 0.495386
INFO:meta-cli.py:Epoch 15/100	test results	MRR 0.445563	H@1 0.418315	H@3 0.453095	H@5 0.472240	H@10 0.498405
INFO:meta-cli.py:Epoch 16/100	Loss 3.5570 ± 0.2446
INFO:meta-cli.py:Epoch 17/100	Loss 3.5175 ± 0.2354
INFO:meta-cli.py:Epoch 18/100	Loss 3.4821 ± 0.2297
INFO:meta-cli.py:Epoch 18/100	dev results	MRR 0.447142	H@1 0.419908	H@3 0.456328	H@5 0.474291	H@10 0.496539
INFO:meta-cli.py:Epoch 18/100	test results	MRR 0.447784	H@1 0.420868	H@3 0.455807	H@5 0.473835	H@10 0.502553
INFO:meta-cli.py:Epoch 19/100	Loss 3.4488 ± 0.2350
INFO:meta-cli.py:Epoch 20/100	Loss 3.4190 ± 0.2268
INFO:meta-cli.py:Epoch 21/100	Loss 3.3899 ± 0.2247
INFO:meta-cli.py:Epoch 21/100	dev results	MRR 0.447433	H@1 0.419249	H@3 0.458471	H@5 0.472479	H@10 0.498187
INFO:meta-cli.py:Epoch 21/100	test results	MRR 0.448637	H@1 0.420868	H@3 0.457881	H@5 0.476867	H@10 0.502712
INFO:meta-cli.py:Epoch 22/100	Loss 3.3635 ± 0.2321
INFO:meta-cli.py:Epoch 23/100	Loss 3.3379 ± 0.2247
INFO:meta-cli.py:Epoch 24/100	Loss 3.3155 ± 0.2245
INFO:meta-cli.py:Epoch 24/100	dev results	MRR 0.448107	H@1 0.420073	H@3 0.457482	H@5 0.474621	H@10 0.500659
INFO:meta-cli.py:Epoch 24/100	test results	MRR 0.448679	H@1 0.419432	H@3 0.458839	H@5 0.477664	H@10 0.507658
INFO:meta-cli.py:Epoch 25/100	Loss 3.2928 ± 0.2204
INFO:meta-cli.py:Epoch 26/100	Loss 3.2719 ± 0.2214
INFO:meta-cli.py:Epoch 27/100	Loss 3.2518 ± 0.2262
INFO:meta-cli.py:Epoch 27/100	dev results	MRR 0.448370	H@1 0.420073	H@3 0.458306	H@5 0.475445	H@10 0.501483
INFO:meta-cli.py:Epoch 27/100	test results	MRR 0.449616	H@1 0.420708	H@3 0.458998	H@5 0.479579	H@10 0.508137
INFO:meta-cli.py:Epoch 28/100	Loss 3.2329 ± 0.2202
INFO:meta-cli.py:Epoch 29/100	Loss 3.2152 ± 0.2207
INFO:meta-cli.py:Epoch 30/100	Loss 3.1990 ± 0.2129
INFO:meta-cli.py:Epoch 30/100	dev results	MRR 0.449377	H@1 0.420897	H@3 0.459789	H@5 0.475775	H@10 0.502307
INFO:meta-cli.py:Epoch 30/100	test results	MRR 0.450517	H@1 0.420708	H@3 0.461232	H@5 0.479898	H@10 0.508615
INFO:meta-cli.py:Epoch 31/100	Loss 3.1822 ± 0.2187
INFO:meta-cli.py:Epoch 32/100	Loss 3.1667 ± 0.2160
INFO:meta-cli.py:Epoch 33/100	Loss 3.1521 ± 0.2145
INFO:meta-cli.py:Epoch 33/100	dev results	MRR 0.449575	H@1 0.420897	H@3 0.459295	H@5 0.476434	H@10 0.504285
INFO:meta-cli.py:Epoch 33/100	test results	MRR 0.451022	H@1 0.421187	H@3 0.461870	H@5 0.481812	H@10 0.509732
INFO:meta-cli.py:Epoch 34/100	Loss 3.1383 ± 0.2053
INFO:meta-cli.py:Epoch 35/100	Loss 3.1251 ± 0.2171
INFO:meta-cli.py:Epoch 36/100	Loss 3.1115 ± 0.2103
INFO:meta-cli.py:Epoch 36/100	dev results	MRR 0.451151	H@1 0.423039	H@3 0.461437	H@5 0.477752	H@10 0.505768
INFO:meta-cli.py:Epoch 36/100	test results	MRR 0.452625	H@1 0.423101	H@3 0.463146	H@5 0.482770	H@10 0.511966
INFO:meta-cli.py:Epoch 37/100	Loss 3.0992 ± 0.2093
INFO:meta-cli.py:Epoch 38/100	Loss 3.0872 ± 0.2186
INFO:meta-cli.py:Epoch 39/100	Loss 3.0758 ± 0.2098
INFO:meta-cli.py:Epoch 39/100	dev results	MRR 0.451342	H@1 0.422215	H@3 0.460778	H@5 0.479730	H@10 0.505603
INFO:meta-cli.py:Epoch 39/100	test results	MRR 0.452761	H@1 0.422782	H@3 0.463306	H@5 0.481653	H@10 0.513720
INFO:meta-cli.py:Epoch 40/100	Loss 3.0650 ± 0.2026
INFO:meta-cli.py:Epoch 41/100	Loss 3.0541 ± 0.2055
INFO:meta-cli.py:Epoch 42/100	Loss 3.0443 ± 0.2012
INFO:meta-cli.py:Epoch 42/100	dev results	MRR 0.451898	H@1 0.422544	H@3 0.461437	H@5 0.481048	H@10 0.506757
INFO:meta-cli.py:Epoch 42/100	test results	MRR 0.454163	H@1 0.424537	H@3 0.464422	H@5 0.484205	H@10 0.513880
INFO:meta-cli.py:Epoch 43/100	Loss 3.0346 ± 0.2033
INFO:meta-cli.py:Epoch 44/100	Loss 3.0247 ± 0.1982
INFO:meta-cli.py:Epoch 45/100	Loss 3.0159 ± 0.1964
INFO:meta-cli.py:Epoch 45/100	dev results	MRR 0.452287	H@1 0.423698	H@3 0.461602	H@5 0.479730	H@10 0.507416
INFO:meta-cli.py:Epoch 45/100	test results	MRR 0.453219	H@1 0.423421	H@3 0.462029	H@5 0.484365	H@10 0.515156
INFO:meta-cli.py:Epoch 46/100	Loss 3.0063 ± 0.1994
INFO:meta-cli.py:Epoch 47/100	Loss 2.9983 ± 0.2041
INFO:meta-cli.py:Epoch 48/100	Loss 2.9901 ± 0.2021
INFO:meta-cli.py:Epoch 48/100	dev results	MRR 0.451759	H@1 0.422215	H@3 0.461931	H@5 0.480883	H@10 0.506592
INFO:meta-cli.py:Epoch 48/100	test results	MRR 0.454166	H@1 0.424218	H@3 0.464263	H@5 0.484684	H@10 0.515954
INFO:meta-cli.py:Epoch 49/100	Loss 2.9815 ± 0.1978
INFO:meta-cli.py:Epoch 50/100	Loss 2.9736 ± 0.1995
INFO:meta-cli.py:Epoch 51/100	Loss 2.9661 ± 0.1937
INFO:meta-cli.py:Epoch 51/100	dev results	MRR 0.452514	H@1 0.423039	H@3 0.462591	H@5 0.480554	H@10 0.508075
INFO:meta-cli.py:Epoch 51/100	test results	MRR 0.455075	H@1 0.425335	H@3 0.464582	H@5 0.485482	H@10 0.515316
INFO:meta-cli.py:Epoch 52/100	Loss 2.9586 ± 0.2036
INFO:meta-cli.py:Epoch 53/100	Loss 2.9513 ± 0.1941
INFO:meta-cli.py:Epoch 54/100	Loss 2.9443 ± 0.2007
INFO:meta-cli.py:Epoch 54/100	dev results	MRR 0.453289	H@1 0.423863	H@3 0.464074	H@5 0.481543	H@10 0.507910
INFO:meta-cli.py:Epoch 54/100	test results	MRR 0.455314	H@1 0.425016	H@3 0.465220	H@5 0.485003	H@10 0.515316
INFO:meta-cli.py:Epoch 55/100	Loss 2.9376 ± 0.2029
INFO:meta-cli.py:Epoch 56/100	Loss 2.9309 ± 0.1901
INFO:meta-cli.py:Epoch 57/100	Loss 2.9246 ± 0.2044
INFO:meta-cli.py:Epoch 57/100	dev results	MRR 0.452906	H@1 0.423368	H@3 0.463250	H@5 0.483026	H@10 0.508405
INFO:meta-cli.py:Epoch 57/100	test results	MRR 0.455487	H@1 0.425175	H@3 0.465220	H@5 0.486758	H@10 0.516752
INFO:meta-cli.py:Epoch 58/100	Loss 2.9181 ± 0.1967
INFO:meta-cli.py:Epoch 59/100	Loss 2.9122 ± 0.2016
INFO:meta-cli.py:Epoch 60/100	Loss 2.9063 ± 0.1921
INFO:meta-cli.py:Epoch 60/100	dev results	MRR 0.453251	H@1 0.423368	H@3 0.464074	H@5 0.482367	H@10 0.509229
INFO:meta-cli.py:Epoch 60/100	test results	MRR 0.456059	H@1 0.425654	H@3 0.464901	H@5 0.487077	H@10 0.517071
INFO:meta-cli.py:Epoch 61/100	Loss 2.9004 ± 0.1985
INFO:meta-cli.py:Epoch 62/100	Loss 2.8944 ± 0.1972
INFO:meta-cli.py:Epoch 63/100	Loss 2.8894 ± 0.1888
INFO:meta-cli.py:Epoch 63/100	dev results	MRR 0.454225	H@1 0.425016	H@3 0.463909	H@5 0.483520	H@10 0.508899
INFO:meta-cli.py:Epoch 63/100	test results	MRR 0.456202	H@1 0.425973	H@3 0.465858	H@5 0.487556	H@10 0.517709
INFO:meta-cli.py:Epoch 64/100	Loss 2.8844 ± 0.1912
INFO:meta-cli.py:Epoch 65/100	Loss 2.8786 ± 0.1931
INFO:meta-cli.py:Epoch 66/100	Loss 2.8736 ± 0.1832
INFO:meta-cli.py:Epoch 66/100	dev results	MRR 0.453914	H@1 0.424357	H@3 0.462920	H@5 0.483026	H@10 0.508570
INFO:meta-cli.py:Epoch 66/100	test results	MRR 0.456437	H@1 0.425814	H@3 0.466177	H@5 0.488194	H@10 0.517390
INFO:meta-cli.py:Epoch 67/100	Loss 2.8683 ± 0.1926
INFO:meta-cli.py:Epoch 68/100	Loss 2.8637 ± 0.1955
INFO:meta-cli.py:Epoch 69/100	Loss 2.8589 ± 0.1938
INFO:meta-cli.py:Epoch 69/100	dev results	MRR 0.454138	H@1 0.424357	H@3 0.463415	H@5 0.482367	H@10 0.509723
INFO:meta-cli.py:Epoch 69/100	test results	MRR 0.456586	H@1 0.425973	H@3 0.466975	H@5 0.487077	H@10 0.518666
INFO:meta-cli.py:Epoch 70/100	Loss 2.8542 ± 0.1924
INFO:meta-cli.py:Epoch 71/100	Loss 2.8498 ± 0.1893
INFO:meta-cli.py:Epoch 72/100	Loss 2.8454 ± 0.1894
INFO:meta-cli.py:Epoch 72/100	dev results	MRR 0.454795	H@1 0.425346	H@3 0.463579	H@5 0.484015	H@10 0.510712
INFO:meta-cli.py:Epoch 72/100	test results	MRR 0.457083	H@1 0.426292	H@3 0.467932	H@5 0.488034	H@10 0.518188
INFO:meta-cli.py:Epoch 73/100	Loss 2.8411 ± 0.1908
INFO:meta-cli.py:Epoch 74/100	Loss 2.8362 ± 0.1901
INFO:meta-cli.py:Epoch 75/100	Loss 2.8323 ± 0.1856
INFO:meta-cli.py:Epoch 75/100	dev results	MRR 0.455413	H@1 0.426005	H@3 0.464733	H@5 0.484015	H@10 0.510712
INFO:meta-cli.py:Epoch 75/100	test results	MRR 0.457188	H@1 0.426611	H@3 0.467613	H@5 0.488673	H@10 0.518028
INFO:meta-cli.py:Epoch 76/100	Loss 2.8284 ± 0.1908
INFO:meta-cli.py:Epoch 77/100	Loss 2.8246 ± 0.1850
INFO:meta-cli.py:Epoch 78/100	Loss 2.8202 ± 0.1826
INFO:meta-cli.py:Epoch 78/100	dev results	MRR 0.454824	H@1 0.424687	H@3 0.464074	H@5 0.483685	H@10 0.510382
INFO:meta-cli.py:Epoch 78/100	test results	MRR 0.457556	H@1 0.426611	H@3 0.468411	H@5 0.488513	H@10 0.519145
INFO:meta-cli.py:Epoch 79/100	Loss 2.8162 ± 0.1825
INFO:meta-cli.py:Epoch 80/100	Loss 2.8130 ± 0.1866
INFO:meta-cli.py:Epoch 81/100	Loss 2.8088 ± 0.1897
INFO:meta-cli.py:Epoch 81/100	dev results	MRR 0.455254	H@1 0.425511	H@3 0.464898	H@5 0.484179	H@10 0.511536
INFO:meta-cli.py:Epoch 81/100	test results	MRR 0.458056	H@1 0.426930	H@3 0.469049	H@5 0.488832	H@10 0.519943
INFO:meta-cli.py:Epoch 82/100	Loss 2.8055 ± 0.1843
INFO:meta-cli.py:Epoch 83/100	Loss 2.8016 ± 0.1810
INFO:meta-cli.py:Epoch 84/100	Loss 2.7980 ± 0.1864
INFO:meta-cli.py:Epoch 84/100	dev results	MRR 0.455323	H@1 0.425181	H@3 0.465557	H@5 0.483850	H@10 0.512195
INFO:meta-cli.py:Epoch 84/100	test results	MRR 0.457910	H@1 0.426930	H@3 0.468571	H@5 0.488832	H@10 0.519623
INFO:meta-cli.py:Epoch 85/100	Loss 2.7949 ± 0.1845
INFO:meta-cli.py:Epoch 86/100	Loss 2.7916 ± 0.1831
INFO:meta-cli.py:Epoch 87/100	Loss 2.7884 ± 0.1860
INFO:meta-cli.py:Epoch 87/100	dev results	MRR 0.456077	H@1 0.426335	H@3 0.465722	H@5 0.484838	H@10 0.512195
INFO:meta-cli.py:Epoch 87/100	test results	MRR 0.458009	H@1 0.426611	H@3 0.468571	H@5 0.489630	H@10 0.521059
INFO:meta-cli.py:Epoch 88/100	Loss 2.7846 ± 0.1863
INFO:meta-cli.py:Epoch 89/100	Loss 2.7816 ± 0.1813
INFO:meta-cli.py:Epoch 90/100	Loss 2.7785 ± 0.1931
INFO:meta-cli.py:Epoch 90/100	dev results	MRR 0.455996	H@1 0.426170	H@3 0.466216	H@5 0.484509	H@10 0.511042
INFO:meta-cli.py:Epoch 90/100	test results	MRR 0.458556	H@1 0.427409	H@3 0.468890	H@5 0.490108	H@10 0.519623
INFO:meta-cli.py:Epoch 91/100	Loss 2.7752 ± 0.1858
INFO:meta-cli.py:Epoch 92/100	Loss 2.7726 ± 0.1887
INFO:meta-cli.py:Epoch 93/100	Loss 2.7697 ± 0.1835
INFO:meta-cli.py:Epoch 93/100	dev results	MRR 0.457027	H@1 0.427653	H@3 0.466381	H@5 0.484344	H@10 0.512360
INFO:meta-cli.py:Epoch 93/100	test results	MRR 0.459313	H@1 0.428526	H@3 0.469049	H@5 0.491066	H@10 0.520740
INFO:meta-cli.py:Epoch 94/100	Loss 2.7669 ± 0.1860
INFO:meta-cli.py:Epoch 95/100	Loss 2.7636 ± 0.1809
INFO:meta-cli.py:Epoch 96/100	Loss 2.7609 ± 0.1812
INFO:meta-cli.py:Epoch 96/100	dev results	MRR 0.456659	H@1 0.426994	H@3 0.466051	H@5 0.485333	H@10 0.513019
INFO:meta-cli.py:Epoch 96/100	test results	MRR 0.459065	H@1 0.428207	H@3 0.468730	H@5 0.491225	H@10 0.521378
INFO:meta-cli.py:Epoch 97/100	Loss 2.7581 ± 0.1808
INFO:meta-cli.py:Epoch 98/100	Loss 2.7552 ± 0.1850
INFO:meta-cli.py:Epoch 99/100	Loss 2.7527 ± 0.1689
INFO:meta-cli.py:Epoch 99/100	dev results	MRR 0.456801	H@1 0.426500	H@3 0.466875	H@5 0.486816	H@10 0.513019
INFO:meta-cli.py:Epoch 99/100	test results	MRR 0.458541	H@1 0.426771	H@3 0.469368	H@5 0.491544	H@10 0.520421
INFO:meta-cli.py:Epoch 100/100	Loss 2.7499 ± 0.1816
INFO:meta-cli.py:Final 	dev results	MRR 0.457118	H@1 0.427159	H@3 0.466875	H@5 0.485827	H@10 0.513019
INFO:meta-cli.py:Final 	test results	MRR 0.458483	H@1 0.426930	H@3 0.467932	H@5 0.491704	H@10 0.521219
INFO:meta-cli.py:Training finished
