./bin/meta-cli.py --train data/wn18rr/train.tsv --dev data/wn18rr/dev.tsv --test data/wn18rr/test.tsv -m complex -k 1000 -b 100 -e 100 --F2 0 --N3 0.001 -l 0.1 -I reciprocal -V 3 -o adagrad -q
{'F2': 0.0,
 'N3': 0.001,
 'batch_size': 100,
 'dev': 'data/wn18rr/dev.tsv',
 'embedding_size': 1000,
 'epochs': 100,
 'eval_batch_size': None,
 'input_type': 'reciprocal',
 'learning_rate': 0.1,
 'load': None,
 'model': 'complex',
 'optimizer': 'adagrad',
 'quiet': True,
 'save': None,
 'seed': 0,
 'test': 'data/wn18rr/test.tsv',
 'test_i': None,
 'test_ii': None,
 'train': 'data/wn18rr/train.tsv',
 'validate_every': 3}
INFO:meta-cli.py:Device: cuda
INFO:meta-cli.py:Model state:
INFO:meta-cli.py:	entities.weight	torch.Size([40943, 2000])
INFO:meta-cli.py:	predicates.weight	torch.Size([22, 2000])
INFO:meta-cli.py:Epoch 1/100	Loss 13.0898 ± 4.2497
INFO:meta-cli.py:Epoch 2/100	Loss 4.1152 ± 0.3198
INFO:meta-cli.py:Epoch 3/100	Loss 3.4429 ± 0.2192
INFO:meta-cli.py:Epoch 3/100	dev results	MRR 0.431890	H@1 0.410020	H@3 0.438860	H@5 0.452373	H@10 0.472973
INFO:meta-cli.py:Epoch 3/100	test results	MRR 0.430639	H@1 0.409860	H@3 0.435705	H@5 0.449266	H@10 0.471921
INFO:meta-cli.py:Epoch 4/100	Loss 3.2153 ± 0.2102
INFO:meta-cli.py:Epoch 5/100	Loss 3.0910 ± 0.2039
INFO:meta-cli.py:Epoch 6/100	Loss 3.0069 ± 0.2030
INFO:meta-cli.py:Epoch 6/100	dev results	MRR 0.440608	H@1 0.416447	H@3 0.449407	H@5 0.464568	H@10 0.484674
INFO:meta-cli.py:Epoch 6/100	test results	MRR 0.437751	H@1 0.414965	H@3 0.444799	H@5 0.459158	H@10 0.481653
INFO:meta-cli.py:Epoch 7/100	Loss 2.9449 ± 0.1969
INFO:meta-cli.py:Epoch 8/100	Loss 2.8943 ± 0.2028
INFO:meta-cli.py:Epoch 9/100	Loss 2.8556 ± 0.1908
INFO:meta-cli.py:Epoch 9/100	dev results	MRR 0.442537	H@1 0.418754	H@3 0.451055	H@5 0.462591	H@10 0.488134
INFO:meta-cli.py:Epoch 9/100	test results	MRR 0.441714	H@1 0.417677	H@3 0.448468	H@5 0.465061	H@10 0.486758
INFO:meta-cli.py:Epoch 10/100	Loss 2.8189 ± 0.1915
INFO:meta-cli.py:Epoch 11/100	Loss 2.7903 ± 0.1939
INFO:meta-cli.py:Epoch 12/100	Loss 2.7648 ± 0.1952
INFO:meta-cli.py:Epoch 12/100	dev results	MRR 0.446104	H@1 0.421391	H@3 0.454515	H@5 0.469512	H@10 0.494232
INFO:meta-cli.py:Epoch 12/100	test results	MRR 0.444805	H@1 0.420070	H@3 0.453893	H@5 0.470006	H@10 0.490587
INFO:meta-cli.py:Epoch 13/100	Loss 2.7421 ± 0.1906
INFO:meta-cli.py:Epoch 14/100	Loss 2.7224 ± 0.1892
INFO:meta-cli.py:Epoch 15/100	Loss 2.7039 ± 0.1929
INFO:meta-cli.py:Epoch 15/100	dev results	MRR 0.449716	H@1 0.425346	H@3 0.458141	H@5 0.474291	H@10 0.496210
INFO:meta-cli.py:Epoch 15/100	test results	MRR 0.448228	H@1 0.424059	H@3 0.455648	H@5 0.472878	H@10 0.495373
INFO:meta-cli.py:Epoch 16/100	Loss 2.6864 ± 0.1860
INFO:meta-cli.py:Epoch 17/100	Loss 2.6718 ± 0.1867
INFO:meta-cli.py:Epoch 18/100	Loss 2.6571 ± 0.1933
INFO:meta-cli.py:Epoch 18/100	dev results	MRR 0.450384	H@1 0.424357	H@3 0.461107	H@5 0.477423	H@10 0.499670
INFO:meta-cli.py:Epoch 18/100	test results	MRR 0.449845	H@1 0.424378	H@3 0.458839	H@5 0.476867	H@10 0.497288
INFO:meta-cli.py:Epoch 19/100	Loss 2.6448 ± 0.1804
INFO:meta-cli.py:Epoch 20/100	Loss 2.6320 ± 0.1861
INFO:meta-cli.py:Epoch 21/100	Loss 2.6205 ± 0.1829
INFO:meta-cli.py:Epoch 21/100	dev results	MRR 0.451713	H@1 0.426335	H@3 0.460778	H@5 0.474456	H@10 0.501318
INFO:meta-cli.py:Epoch 21/100	test results	MRR 0.451336	H@1 0.426292	H@3 0.459317	H@5 0.476548	H@10 0.500638
INFO:meta-cli.py:Epoch 22/100	Loss 2.6102 ± 0.1870
INFO:meta-cli.py:Epoch 23/100	Loss 2.6003 ± 0.1846
INFO:meta-cli.py:Epoch 24/100	Loss 2.5910 ± 0.1859
INFO:meta-cli.py:Epoch 24/100	dev results	MRR 0.453375	H@1 0.427488	H@3 0.463579	H@5 0.478906	H@10 0.502307
INFO:meta-cli.py:Epoch 24/100	test results	MRR 0.452780	H@1 0.427728	H@3 0.460115	H@5 0.479100	H@10 0.500160
INFO:meta-cli.py:Epoch 25/100	Loss 2.5814 ± 0.1849
INFO:meta-cli.py:Epoch 26/100	Loss 2.5728 ± 0.1816
INFO:meta-cli.py:Epoch 27/100	Loss 2.5652 ± 0.1777
INFO:meta-cli.py:Epoch 27/100	dev results	MRR 0.455540	H@1 0.429796	H@3 0.465227	H@5 0.480554	H@10 0.503296
INFO:meta-cli.py:Epoch 27/100	test results	MRR 0.453842	H@1 0.427569	H@3 0.462668	H@5 0.478781	H@10 0.502393
INFO:meta-cli.py:Epoch 28/100	Loss 2.5576 ± 0.1827
INFO:meta-cli.py:Epoch 29/100	Loss 2.5506 ± 0.1856
INFO:meta-cli.py:Epoch 30/100	Loss 2.5437 ± 0.1762
INFO:meta-cli.py:Epoch 30/100	dev results	MRR 0.455378	H@1 0.429301	H@3 0.465557	H@5 0.481872	H@10 0.502637
INFO:meta-cli.py:Epoch 30/100	test results	MRR 0.454274	H@1 0.428845	H@3 0.462029	H@5 0.481174	H@10 0.502234
INFO:meta-cli.py:Epoch 31/100	Loss 2.5368 ± 0.1822
INFO:meta-cli.py:Epoch 32/100	Loss 2.5306 ± 0.1836
INFO:meta-cli.py:Epoch 33/100	Loss 2.5244 ± 0.1784
INFO:meta-cli.py:Epoch 33/100	dev results	MRR 0.456227	H@1 0.430620	H@3 0.466051	H@5 0.483850	H@10 0.505768
INFO:meta-cli.py:Epoch 33/100	test results	MRR 0.454681	H@1 0.428366	H@3 0.463465	H@5 0.482451	H@10 0.504786
INFO:meta-cli.py:Epoch 34/100	Loss 2.5185 ± 0.1805
INFO:meta-cli.py:Epoch 35/100	Loss 2.5132 ± 0.1761
INFO:meta-cli.py:Epoch 36/100	Loss 2.5075 ± 0.1800
INFO:meta-cli.py:Epoch 36/100	dev results	MRR 0.457000	H@1 0.431608	H@3 0.465063	H@5 0.482696	H@10 0.506262
INFO:meta-cli.py:Epoch 36/100	test results	MRR 0.456220	H@1 0.429802	H@3 0.465539	H@5 0.482770	H@10 0.506222
INFO:meta-cli.py:Epoch 37/100	Loss 2.5028 ± 0.1776
INFO:meta-cli.py:Epoch 38/100	Loss 2.4973 ± 0.1761
INFO:meta-cli.py:Epoch 39/100	Loss 2.4928 ± 0.1777
INFO:meta-cli.py:Epoch 39/100	dev results	MRR 0.456763	H@1 0.431773	H@3 0.464898	H@5 0.482367	H@10 0.506592
INFO:meta-cli.py:Epoch 39/100	test results	MRR 0.456265	H@1 0.430121	H@3 0.463784	H@5 0.483408	H@10 0.506063
INFO:meta-cli.py:Epoch 40/100	Loss 2.4878 ± 0.1736
INFO:meta-cli.py:Epoch 41/100	Loss 2.4834 ± 0.1786
INFO:meta-cli.py:Epoch 42/100	Loss 2.4791 ± 0.1824
INFO:meta-cli.py:Epoch 42/100	dev results	MRR 0.457385	H@1 0.431938	H@3 0.466216	H@5 0.483850	H@10 0.506427
INFO:meta-cli.py:Epoch 42/100	test results	MRR 0.457234	H@1 0.431238	H@3 0.466496	H@5 0.481972	H@10 0.506063
INFO:meta-cli.py:Epoch 43/100	Loss 2.4748 ± 0.1795
INFO:meta-cli.py:Epoch 44/100	Loss 2.4706 ± 0.1761
INFO:meta-cli.py:Epoch 45/100	Loss 2.4660 ± 0.1723
INFO:meta-cli.py:Epoch 45/100	dev results	MRR 0.457910	H@1 0.432762	H@3 0.465887	H@5 0.483685	H@10 0.507086
INFO:meta-cli.py:Epoch 45/100	test results	MRR 0.457888	H@1 0.431398	H@3 0.467135	H@5 0.484525	H@10 0.509572
INFO:meta-cli.py:Epoch 46/100	Loss 2.4625 ± 0.1729
INFO:meta-cli.py:Epoch 47/100	Loss 2.4591 ± 0.1750
INFO:meta-cli.py:Epoch 48/100	Loss 2.4555 ± 0.1784
INFO:meta-cli.py:Epoch 48/100	dev results	MRR 0.458037	H@1 0.432268	H@3 0.467040	H@5 0.483850	H@10 0.506757
INFO:meta-cli.py:Epoch 48/100	test results	MRR 0.457939	H@1 0.431876	H@3 0.466337	H@5 0.483886	H@10 0.508137
INFO:meta-cli.py:Epoch 49/100	Loss 2.4517 ± 0.1787
INFO:meta-cli.py:Epoch 50/100	Loss 2.4484 ± 0.1697
INFO:meta-cli.py:Epoch 51/100	Loss 2.4444 ± 0.1774
INFO:meta-cli.py:Epoch 51/100	dev results	MRR 0.459035	H@1 0.433256	H@3 0.468194	H@5 0.485003	H@10 0.507746
INFO:meta-cli.py:Epoch 51/100	test results	MRR 0.458408	H@1 0.431876	H@3 0.468092	H@5 0.484046	H@10 0.509732
INFO:meta-cli.py:Epoch 52/100	Loss 2.4416 ± 0.1687
INFO:meta-cli.py:Epoch 53/100	Loss 2.4383 ± 0.1712
INFO:meta-cli.py:Epoch 54/100	Loss 2.4350 ± 0.1738
INFO:meta-cli.py:Epoch 54/100	dev results	MRR 0.458498	H@1 0.432762	H@3 0.467040	H@5 0.483685	H@10 0.508075
INFO:meta-cli.py:Epoch 54/100	test results	MRR 0.458627	H@1 0.432036	H@3 0.467454	H@5 0.483408	H@10 0.510211
INFO:meta-cli.py:Epoch 55/100	Loss 2.4322 ± 0.1740
INFO:meta-cli.py:Epoch 56/100	Loss 2.4293 ± 0.1740
INFO:meta-cli.py:Epoch 57/100	Loss 2.4261 ± 0.1652
INFO:meta-cli.py:Epoch 57/100	dev results	MRR 0.458610	H@1 0.433092	H@3 0.467864	H@5 0.484179	H@10 0.508075
INFO:meta-cli.py:Epoch 57/100	test results	MRR 0.459507	H@1 0.432833	H@3 0.468411	H@5 0.484844	H@10 0.511327
INFO:meta-cli.py:Epoch 58/100	Loss 2.4233 ± 0.1728
INFO:meta-cli.py:Epoch 59/100	Loss 2.4206 ± 0.1731
INFO:meta-cli.py:Epoch 60/100	Loss 2.4179 ± 0.1666
INFO:meta-cli.py:Epoch 60/100	dev results	MRR 0.458136	H@1 0.431608	H@3 0.467535	H@5 0.485168	H@10 0.508899
INFO:meta-cli.py:Epoch 60/100	test results	MRR 0.459398	H@1 0.432833	H@3 0.466816	H@5 0.485960	H@10 0.511646
INFO:meta-cli.py:Epoch 61/100	Loss 2.4158 ± 0.1693
INFO:meta-cli.py:Epoch 62/100	Loss 2.4130 ± 0.1652
INFO:meta-cli.py:Epoch 63/100	Loss 2.4104 ± 0.1704
INFO:meta-cli.py:Epoch 63/100	dev results	MRR 0.459239	H@1 0.432762	H@3 0.469347	H@5 0.485498	H@10 0.510712
INFO:meta-cli.py:Epoch 63/100	test results	MRR 0.460401	H@1 0.433631	H@3 0.469049	H@5 0.484365	H@10 0.513720
INFO:meta-cli.py:Epoch 64/100	Loss 2.4077 ± 0.1701
INFO:meta-cli.py:Epoch 65/100	Loss 2.4052 ± 0.1760
INFO:meta-cli.py:Epoch 66/100	Loss 2.4032 ± 0.1699
INFO:meta-cli.py:Epoch 66/100	dev results	MRR 0.459479	H@1 0.432927	H@3 0.469677	H@5 0.485992	H@10 0.512360
INFO:meta-cli.py:Epoch 66/100	test results	MRR 0.460138	H@1 0.433312	H@3 0.468411	H@5 0.485322	H@10 0.514518
INFO:meta-cli.py:Epoch 67/100	Loss 2.4006 ± 0.1719
INFO:meta-cli.py:Epoch 68/100	Loss 2.3986 ± 0.1726
INFO:meta-cli.py:Epoch 69/100	Loss 2.3962 ± 0.1698
INFO:meta-cli.py:Epoch 69/100	dev results	MRR 0.459343	H@1 0.432432	H@3 0.469842	H@5 0.485992	H@10 0.511042
INFO:meta-cli.py:Epoch 69/100	test results	MRR 0.460369	H@1 0.433312	H@3 0.467932	H@5 0.486120	H@10 0.513720
INFO:meta-cli.py:Epoch 70/100	Loss 2.3942 ± 0.1672
INFO:meta-cli.py:Epoch 71/100	Loss 2.3921 ± 0.1678
INFO:meta-cli.py:Epoch 72/100	Loss 2.3899 ± 0.1694
INFO:meta-cli.py:Epoch 72/100	dev results	MRR 0.460012	H@1 0.433256	H@3 0.469842	H@5 0.486486	H@10 0.511042
INFO:meta-cli.py:Epoch 72/100	test results	MRR 0.460723	H@1 0.433472	H@3 0.469368	H@5 0.486439	H@10 0.515475
INFO:meta-cli.py:Epoch 73/100	Loss 2.3876 ± 0.1691
INFO:meta-cli.py:Epoch 74/100	Loss 2.3859 ± 0.1706
INFO:meta-cli.py:Epoch 75/100	Loss 2.3838 ± 0.1696
INFO:meta-cli.py:Epoch 75/100	dev results	MRR 0.460054	H@1 0.434080	H@3 0.468853	H@5 0.485827	H@10 0.510218
INFO:meta-cli.py:Epoch 75/100	test results	MRR 0.460732	H@1 0.433153	H@3 0.469847	H@5 0.486439	H@10 0.515635
INFO:meta-cli.py:Epoch 76/100	Loss 2.3819 ± 0.1671
INFO:meta-cli.py:Epoch 77/100	Loss 2.3799 ± 0.1658
INFO:meta-cli.py:Epoch 78/100	Loss 2.3782 ± 0.1634
INFO:meta-cli.py:Epoch 78/100	dev results	MRR 0.459840	H@1 0.432762	H@3 0.469512	H@5 0.488464	H@10 0.510547
INFO:meta-cli.py:Epoch 78/100	test results	MRR 0.460979	H@1 0.433153	H@3 0.469687	H@5 0.488673	H@10 0.515954
INFO:meta-cli.py:Epoch 79/100	Loss 2.3762 ± 0.1694
INFO:meta-cli.py:Epoch 80/100	Loss 2.3745 ± 0.1663
INFO:meta-cli.py:Epoch 81/100	Loss 2.3724 ± 0.1678
INFO:meta-cli.py:Epoch 81/100	dev results	MRR 0.460174	H@1 0.433751	H@3 0.469183	H@5 0.485498	H@10 0.511536
INFO:meta-cli.py:Epoch 81/100	test results	MRR 0.461222	H@1 0.433631	H@3 0.469368	H@5 0.486918	H@10 0.516592
INFO:meta-cli.py:Epoch 82/100	Loss 2.3707 ± 0.1653
INFO:meta-cli.py:Epoch 83/100	Loss 2.3692 ± 0.1692
INFO:meta-cli.py:Epoch 84/100	Loss 2.3673 ± 0.1675
INFO:meta-cli.py:Epoch 84/100	dev results	MRR 0.460497	H@1 0.433751	H@3 0.470171	H@5 0.487970	H@10 0.511371
INFO:meta-cli.py:Epoch 84/100	test results	MRR 0.462138	H@1 0.434748	H@3 0.470325	H@5 0.488992	H@10 0.517071
INFO:meta-cli.py:Epoch 85/100	Loss 2.3658 ± 0.1660
INFO:meta-cli.py:Epoch 86/100	Loss 2.3641 ± 0.1698
INFO:meta-cli.py:Epoch 87/100	Loss 2.3626 ± 0.1685
INFO:meta-cli.py:Epoch 87/100	dev results	MRR 0.461102	H@1 0.434575	H@3 0.471655	H@5 0.488794	H@10 0.511206
INFO:meta-cli.py:Epoch 87/100	test results	MRR 0.462295	H@1 0.434588	H@3 0.471283	H@5 0.490747	H@10 0.517869
INFO:meta-cli.py:Epoch 88/100	Loss 2.3610 ± 0.1663
INFO:meta-cli.py:Epoch 89/100	Loss 2.3593 ± 0.1671
INFO:meta-cli.py:Epoch 90/100	Loss 2.3580 ± 0.1679
INFO:meta-cli.py:Epoch 90/100	dev results	MRR 0.460717	H@1 0.434080	H@3 0.470501	H@5 0.487146	H@10 0.511866
INFO:meta-cli.py:Epoch 90/100	test results	MRR 0.462542	H@1 0.435227	H@3 0.470804	H@5 0.489789	H@10 0.517709
INFO:meta-cli.py:Epoch 91/100	Loss 2.3564 ± 0.1682
INFO:meta-cli.py:Epoch 92/100	Loss 2.3549 ± 0.1698
INFO:meta-cli.py:Epoch 93/100	Loss 2.3535 ± 0.1630
INFO:meta-cli.py:Epoch 93/100	dev results	MRR 0.461341	H@1 0.434410	H@3 0.471325	H@5 0.488299	H@10 0.513019
INFO:meta-cli.py:Epoch 93/100	test results	MRR 0.462617	H@1 0.434588	H@3 0.470325	H@5 0.490587	H@10 0.518347
INFO:meta-cli.py:Epoch 94/100	Loss 2.3522 ± 0.1667
INFO:meta-cli.py:Epoch 95/100	Loss 2.3506 ± 0.1679
INFO:meta-cli.py:Epoch 96/100	Loss 2.3491 ± 0.1698
INFO:meta-cli.py:Epoch 96/100	dev results	MRR 0.461733	H@1 0.435234	H@3 0.471490	H@5 0.487970	H@10 0.513184
INFO:meta-cli.py:Epoch 96/100	test results	MRR 0.462923	H@1 0.435067	H@3 0.471921	H@5 0.489789	H@10 0.518347
INFO:meta-cli.py:Epoch 97/100	Loss 2.3479 ± 0.1660
INFO:meta-cli.py:Epoch 98/100	Loss 2.3463 ± 0.1682
INFO:meta-cli.py:Epoch 99/100	Loss 2.3452 ± 0.1678
INFO:meta-cli.py:Epoch 99/100	dev results	MRR 0.461402	H@1 0.434410	H@3 0.471160	H@5 0.489947	H@10 0.512690
INFO:meta-cli.py:Epoch 99/100	test results	MRR 0.462892	H@1 0.434907	H@3 0.471761	H@5 0.492023	H@10 0.518347
INFO:meta-cli.py:Epoch 100/100	Loss 2.3438 ± 0.1679
INFO:meta-cli.py:Final 	dev results	MRR 0.461920	H@1 0.435399	H@3 0.471655	H@5 0.488299	H@10 0.512854
INFO:meta-cli.py:Final 	test results	MRR 0.462951	H@1 0.435067	H@3 0.471602	H@5 0.490268	H@10 0.518188
INFO:meta-cli.py:Training finished
