./bin/meta-cli.py --train data/wn18rr/train.tsv --dev data/wn18rr/dev.tsv --test data/wn18rr/test.tsv -m complex -k 2000 -b 1000 -e 100 --F2 0 --N3 0.005 -l 0.1 -I reciprocal -V 3 -o adagrad -q
{'F2': 0.0,
 'N3': 0.005,
 'batch_size': 1000,
 'dev': 'data/wn18rr/dev.tsv',
 'embedding_size': 2000,
 'epochs': 100,
 'eval_batch_size': None,
 'input_type': 'reciprocal',
 'learning_rate': 0.1,
 'load': None,
 'model': 'complex',
 'optimizer': 'adagrad',
 'quiet': True,
 'save': None,
 'seed': 0,
 'test': 'data/wn18rr/test.tsv',
 'test_i': None,
 'test_ii': None,
 'train': 'data/wn18rr/train.tsv',
 'validate_every': 3}
INFO:meta-cli.py:Device: cuda
INFO:meta-cli.py:Model state:
INFO:meta-cli.py:	entities.weight	torch.Size([40943, 4000])
INFO:meta-cli.py:	predicates.weight	torch.Size([22, 4000])
INFO:meta-cli.py:Epoch 1/100	Loss 14.0187 ± 4.2108
INFO:meta-cli.py:Epoch 2/100	Loss 4.8323 ± 0.2532
INFO:meta-cli.py:Epoch 3/100	Loss 3.9921 ± 0.0899
INFO:meta-cli.py:Epoch 3/100	dev results	MRR 0.435256	H@1 0.412821	H@3 0.442485	H@5 0.456823	H@10 0.474786
INFO:meta-cli.py:Epoch 3/100	test results	MRR 0.435348	H@1 0.414646	H@3 0.441289	H@5 0.454371	H@10 0.474793
INFO:meta-cli.py:Epoch 4/100	Loss 3.6985 ± 0.0908
INFO:meta-cli.py:Epoch 5/100	Loss 3.5309 ± 0.0931
INFO:meta-cli.py:Epoch 6/100	Loss 3.4137 ± 0.1020
INFO:meta-cli.py:Epoch 6/100	dev results	MRR 0.445903	H@1 0.422709	H@3 0.452703	H@5 0.470007	H@10 0.491760
INFO:meta-cli.py:Epoch 6/100	test results	MRR 0.444250	H@1 0.420708	H@3 0.451021	H@5 0.466337	H@10 0.489470
INFO:meta-cli.py:Epoch 7/100	Loss 3.3268 ± 0.1009
INFO:meta-cli.py:Epoch 8/100	Loss 3.2548 ± 0.1097
INFO:meta-cli.py:Epoch 9/100	Loss 3.2001 ± 0.1010
INFO:meta-cli.py:Epoch 9/100	dev results	MRR 0.449384	H@1 0.425346	H@3 0.458141	H@5 0.473632	H@10 0.492749
INFO:meta-cli.py:Epoch 9/100	test results	MRR 0.451588	H@1 0.427409	H@3 0.459158	H@5 0.476867	H@10 0.498086
INFO:meta-cli.py:Epoch 10/100	Loss 3.1488 ± 0.1070
INFO:meta-cli.py:Epoch 11/100	Loss 3.1078 ± 0.1119
INFO:meta-cli.py:Epoch 12/100	Loss 3.0728 ± 0.1077
INFO:meta-cli.py:Epoch 12/100	dev results	MRR 0.452284	H@1 0.427818	H@3 0.460448	H@5 0.478247	H@10 0.498517
INFO:meta-cli.py:Epoch 12/100	test results	MRR 0.455590	H@1 0.430600	H@3 0.463944	H@5 0.479738	H@10 0.503191
INFO:meta-cli.py:Epoch 13/100	Loss 3.0404 ± 0.1023
INFO:meta-cli.py:Epoch 14/100	Loss 3.0130 ± 0.1060
INFO:meta-cli.py:Epoch 15/100	Loss 2.9877 ± 0.1138
INFO:meta-cli.py:Epoch 15/100	dev results	MRR 0.455315	H@1 0.430455	H@3 0.463744	H@5 0.480224	H@10 0.502307
INFO:meta-cli.py:Epoch 15/100	test results	MRR 0.457912	H@1 0.431876	H@3 0.467135	H@5 0.483248	H@10 0.506382
INFO:meta-cli.py:Epoch 16/100	Loss 2.9649 ± 0.1099
INFO:meta-cli.py:Epoch 17/100	Loss 2.9446 ± 0.1101
INFO:meta-cli.py:Epoch 18/100	Loss 2.9252 ± 0.1119
INFO:meta-cli.py:Epoch 18/100	dev results	MRR 0.457092	H@1 0.431114	H@3 0.467370	H@5 0.482861	H@10 0.505603
INFO:meta-cli.py:Epoch 18/100	test results	MRR 0.460274	H@1 0.433631	H@3 0.469368	H@5 0.486918	H@10 0.510689
INFO:meta-cli.py:Epoch 19/100	Loss 2.9092 ± 0.1070
INFO:meta-cli.py:Epoch 20/100	Loss 2.8926 ± 0.1082
INFO:meta-cli.py:Epoch 21/100	Loss 2.8777 ± 0.1045
INFO:meta-cli.py:Epoch 21/100	dev results	MRR 0.458590	H@1 0.432103	H@3 0.468359	H@5 0.484509	H@10 0.508075
INFO:meta-cli.py:Epoch 21/100	test results	MRR 0.462821	H@1 0.436981	H@3 0.470485	H@5 0.488832	H@10 0.512285
INFO:meta-cli.py:Epoch 22/100	Loss 2.8648 ± 0.1088
INFO:meta-cli.py:Epoch 23/100	Loss 2.8523 ± 0.1060
INFO:meta-cli.py:Epoch 24/100	Loss 2.8410 ± 0.1076
INFO:meta-cli.py:Epoch 24/100	dev results	MRR 0.459951	H@1 0.433586	H@3 0.469512	H@5 0.488629	H@10 0.509723
INFO:meta-cli.py:Epoch 24/100	test results	MRR 0.464914	H@1 0.438577	H@3 0.473995	H@5 0.492661	H@10 0.512285
INFO:meta-cli.py:Epoch 25/100	Loss 2.8292 ± 0.1050
INFO:meta-cli.py:Epoch 26/100	Loss 2.8179 ± 0.1044
INFO:meta-cli.py:Epoch 27/100	Loss 2.8091 ± 0.0993
INFO:meta-cli.py:Epoch 27/100	dev results	MRR 0.461854	H@1 0.435564	H@3 0.469677	H@5 0.489288	H@10 0.512525
INFO:meta-cli.py:Epoch 27/100	test results	MRR 0.464506	H@1 0.436822	H@3 0.475271	H@5 0.494097	H@10 0.515954
INFO:meta-cli.py:Epoch 28/100	Loss 2.7997 ± 0.1071
INFO:meta-cli.py:Epoch 29/100	Loss 2.7912 ± 0.1062
INFO:meta-cli.py:Epoch 30/100	Loss 2.7833 ± 0.0955
INFO:meta-cli.py:Epoch 30/100	dev results	MRR 0.462940	H@1 0.437047	H@3 0.470831	H@5 0.488629	H@10 0.511866
INFO:meta-cli.py:Epoch 30/100	test results	MRR 0.465516	H@1 0.438098	H@3 0.475750	H@5 0.494257	H@10 0.516433
INFO:meta-cli.py:Epoch 31/100	Loss 2.7750 ± 0.1064
INFO:meta-cli.py:Epoch 32/100	Loss 2.7678 ± 0.1045
INFO:meta-cli.py:Epoch 33/100	Loss 2.7607 ± 0.1015
INFO:meta-cli.py:Epoch 33/100	dev results	MRR 0.463333	H@1 0.437047	H@3 0.471819	H@5 0.490606	H@10 0.516480
INFO:meta-cli.py:Epoch 33/100	test results	MRR 0.466380	H@1 0.437620	H@3 0.478622	H@5 0.496331	H@10 0.520262
INFO:meta-cli.py:Epoch 34/100	Loss 2.7537 ± 0.1054
INFO:meta-cli.py:Epoch 35/100	Loss 2.7476 ± 0.0981
INFO:meta-cli.py:Epoch 36/100	Loss 2.7412 ± 0.0980
INFO:meta-cli.py:Epoch 36/100	dev results	MRR 0.464287	H@1 0.438036	H@3 0.471655	H@5 0.491430	H@10 0.515985
INFO:meta-cli.py:Epoch 36/100	test results	MRR 0.468128	H@1 0.440332	H@3 0.477505	H@5 0.497607	H@10 0.519783
INFO:meta-cli.py:Epoch 37/100	Loss 2.7357 ± 0.1012
INFO:meta-cli.py:Epoch 38/100	Loss 2.7301 ± 0.1012
INFO:meta-cli.py:Epoch 39/100	Loss 2.7248 ± 0.1037
INFO:meta-cli.py:Epoch 39/100	dev results	MRR 0.464280	H@1 0.437706	H@3 0.473138	H@5 0.491925	H@10 0.516480
INFO:meta-cli.py:Epoch 39/100	test results	MRR 0.467299	H@1 0.438577	H@3 0.478462	H@5 0.497926	H@10 0.519783
INFO:meta-cli.py:Epoch 40/100	Loss 2.7194 ± 0.0960
INFO:meta-cli.py:Epoch 41/100	Loss 2.7142 ± 0.0990
INFO:meta-cli.py:Epoch 42/100	Loss 2.7100 ± 0.1023
INFO:meta-cli.py:Epoch 42/100	dev results	MRR 0.465138	H@1 0.437541	H@3 0.474127	H@5 0.493902	H@10 0.518952
INFO:meta-cli.py:Epoch 42/100	test results	MRR 0.469543	H@1 0.441130	H@3 0.480377	H@5 0.499362	H@10 0.522814
INFO:meta-cli.py:Epoch 43/100	Loss 2.7052 ± 0.1031
INFO:meta-cli.py:Epoch 44/100	Loss 2.7005 ± 0.0938
INFO:meta-cli.py:Epoch 45/100	Loss 2.6954 ± 0.0923
INFO:meta-cli.py:Epoch 45/100	dev results	MRR 0.465728	H@1 0.437871	H@3 0.474951	H@5 0.494397	H@10 0.520105
INFO:meta-cli.py:Epoch 45/100	test results	MRR 0.469209	H@1 0.440013	H@3 0.480057	H@5 0.502074	H@10 0.522974
INFO:meta-cli.py:Epoch 46/100	Loss 2.6915 ± 0.0990
INFO:meta-cli.py:Epoch 47/100	Loss 2.6880 ± 0.1008
INFO:meta-cli.py:Epoch 48/100	Loss 2.6841 ± 0.1010
INFO:meta-cli.py:Epoch 48/100	dev results	MRR 0.466312	H@1 0.438860	H@3 0.476269	H@5 0.494891	H@10 0.520270
INFO:meta-cli.py:Epoch 48/100	test results	MRR 0.469426	H@1 0.440332	H@3 0.480377	H@5 0.500160	H@10 0.523452
INFO:meta-cli.py:Epoch 49/100	Loss 2.6801 ± 0.0979
INFO:meta-cli.py:Epoch 50/100	Loss 2.6768 ± 0.0942
INFO:meta-cli.py:Epoch 51/100	Loss 2.6728 ± 0.0942
INFO:meta-cli.py:Epoch 51/100	dev results	MRR 0.467591	H@1 0.439848	H@3 0.475445	H@5 0.496374	H@10 0.521424
INFO:meta-cli.py:Epoch 51/100	test results	MRR 0.469977	H@1 0.440491	H@3 0.481493	H@5 0.500160	H@10 0.525526
INFO:meta-cli.py:Epoch 52/100	Loss 2.6696 ± 0.0878
INFO:meta-cli.py:Epoch 53/100	Loss 2.6666 ± 0.0916
INFO:meta-cli.py:Epoch 54/100	Loss 2.6627 ± 0.0964
INFO:meta-cli.py:Epoch 54/100	dev results	MRR 0.467597	H@1 0.439519	H@3 0.476599	H@5 0.495221	H@10 0.519446
INFO:meta-cli.py:Epoch 54/100	test results	MRR 0.470252	H@1 0.440651	H@3 0.481174	H@5 0.502074	H@10 0.524569
INFO:meta-cli.py:Epoch 55/100	Loss 2.6596 ± 0.0937
INFO:meta-cli.py:Epoch 56/100	Loss 2.6568 ± 0.0907
INFO:meta-cli.py:Epoch 57/100	Loss 2.6534 ± 0.0866
INFO:meta-cli.py:Epoch 57/100	dev results	MRR 0.467942	H@1 0.440178	H@3 0.477258	H@5 0.496869	H@10 0.520765
INFO:meta-cli.py:Epoch 57/100	test results	MRR 0.469824	H@1 0.440013	H@3 0.480855	H@5 0.501595	H@10 0.525526
INFO:meta-cli.py:Epoch 58/100	Loss 2.6507 ± 0.0932
INFO:meta-cli.py:Epoch 59/100	Loss 2.6480 ± 0.0923
INFO:meta-cli.py:Epoch 60/100	Loss 2.6453 ± 0.0954
INFO:meta-cli.py:Epoch 60/100	dev results	MRR 0.467941	H@1 0.439684	H@3 0.476928	H@5 0.496704	H@10 0.522577
INFO:meta-cli.py:Epoch 60/100	test results	MRR 0.469602	H@1 0.438896	H@3 0.481334	H@5 0.502872	H@10 0.525367
INFO:meta-cli.py:Epoch 61/100	Loss 2.6430 ± 0.0892
INFO:meta-cli.py:Epoch 62/100	Loss 2.6404 ± 0.0881
INFO:meta-cli.py:Epoch 63/100	Loss 2.6374 ± 0.0954
INFO:meta-cli.py:Epoch 63/100	dev results	MRR 0.469458	H@1 0.441826	H@3 0.478741	H@5 0.498352	H@10 0.524720
INFO:meta-cli.py:Epoch 63/100	test results	MRR 0.470700	H@1 0.440013	H@3 0.481972	H@5 0.504786	H@10 0.527601
INFO:meta-cli.py:Epoch 64/100	Loss 2.6348 ± 0.0912
INFO:meta-cli.py:Epoch 65/100	Loss 2.6323 ± 0.0979
INFO:meta-cli.py:Epoch 66/100	Loss 2.6301 ± 0.0905
INFO:meta-cli.py:Epoch 66/100	dev results	MRR 0.468110	H@1 0.439189	H@3 0.477917	H@5 0.498187	H@10 0.524555
INFO:meta-cli.py:Epoch 66/100	test results	MRR 0.470265	H@1 0.439534	H@3 0.482291	H@5 0.503350	H@10 0.526484
INFO:meta-cli.py:Epoch 67/100	Loss 2.6276 ± 0.0888
INFO:meta-cli.py:Epoch 68/100	Loss 2.6260 ± 0.0938
INFO:meta-cli.py:Epoch 69/100	Loss 2.6233 ± 0.0905
INFO:meta-cli.py:Epoch 69/100	dev results	MRR 0.469191	H@1 0.440672	H@3 0.478741	H@5 0.499506	H@10 0.525379
INFO:meta-cli.py:Epoch 69/100	test results	MRR 0.470373	H@1 0.439375	H@3 0.482451	H@5 0.504467	H@10 0.528239
INFO:meta-cli.py:Epoch 70/100	Loss 2.6214 ± 0.0893
INFO:meta-cli.py:Epoch 71/100	Loss 2.6195 ± 0.0897
INFO:meta-cli.py:Epoch 72/100	Loss 2.6173 ± 0.0882
INFO:meta-cli.py:Epoch 72/100	dev results	MRR 0.470044	H@1 0.441496	H@3 0.479235	H@5 0.499506	H@10 0.524885
INFO:meta-cli.py:Epoch 72/100	test results	MRR 0.471375	H@1 0.440810	H@3 0.483408	H@5 0.505265	H@10 0.528239
INFO:meta-cli.py:Epoch 73/100	Loss 2.6147 ± 0.0883
INFO:meta-cli.py:Epoch 74/100	Loss 2.6127 ± 0.0928
INFO:meta-cli.py:Epoch 75/100	Loss 2.6110 ± 0.0898
INFO:meta-cli.py:Epoch 75/100	dev results	MRR 0.470088	H@1 0.441496	H@3 0.479565	H@5 0.499176	H@10 0.526368
INFO:meta-cli.py:Epoch 75/100	test results	MRR 0.471413	H@1 0.440810	H@3 0.483248	H@5 0.504148	H@10 0.528398
INFO:meta-cli.py:Epoch 76/100	Loss 2.6092 ± 0.0868
INFO:meta-cli.py:Epoch 77/100	Loss 2.6075 ± 0.0864
INFO:meta-cli.py:Epoch 78/100	Loss 2.6056 ± 0.0790
INFO:meta-cli.py:Epoch 78/100	dev results	MRR 0.469652	H@1 0.440343	H@3 0.478741	H@5 0.500165	H@10 0.526862
INFO:meta-cli.py:Epoch 78/100	test results	MRR 0.471198	H@1 0.440332	H@3 0.482929	H@5 0.505265	H@10 0.530632
INFO:meta-cli.py:Epoch 79/100	Loss 2.6037 ± 0.0880
INFO:meta-cli.py:Epoch 80/100	Loss 2.6023 ± 0.0831
INFO:meta-cli.py:Epoch 81/100	Loss 2.5998 ± 0.0914
INFO:meta-cli.py:Epoch 81/100	dev results	MRR 0.470164	H@1 0.441167	H@3 0.479400	H@5 0.499835	H@10 0.526862
INFO:meta-cli.py:Epoch 81/100	test results	MRR 0.471577	H@1 0.440810	H@3 0.483567	H@5 0.504627	H@10 0.529515
INFO:meta-cli.py:Epoch 82/100	Loss 2.5982 ± 0.0899
INFO:meta-cli.py:Epoch 83/100	Loss 2.5969 ± 0.0900
INFO:meta-cli.py:Epoch 84/100	Loss 2.5947 ± 0.0922
INFO:meta-cli.py:Epoch 84/100	dev results	MRR 0.469826	H@1 0.439848	H@3 0.480224	H@5 0.500659	H@10 0.527521
INFO:meta-cli.py:Epoch 84/100	test results	MRR 0.471869	H@1 0.440172	H@3 0.485163	H@5 0.505424	H@10 0.529355
INFO:meta-cli.py:Epoch 85/100	Loss 2.5935 ± 0.0846
INFO:meta-cli.py:Epoch 86/100	Loss 2.5919 ± 0.0850
INFO:meta-cli.py:Epoch 87/100	Loss 2.5905 ± 0.0883
INFO:meta-cli.py:Epoch 87/100	dev results	MRR 0.469799	H@1 0.440178	H@3 0.480554	H@5 0.500330	H@10 0.527521
INFO:meta-cli.py:Epoch 87/100	test results	MRR 0.472607	H@1 0.441927	H@3 0.484844	H@5 0.505105	H@10 0.529834
INFO:meta-cli.py:Epoch 88/100	Loss 2.5890 ± 0.0920
INFO:meta-cli.py:Epoch 89/100	Loss 2.5873 ± 0.0849
INFO:meta-cli.py:Epoch 90/100	Loss 2.5861 ± 0.0873
INFO:meta-cli.py:Epoch 90/100	dev results	MRR 0.469786	H@1 0.439848	H@3 0.480719	H@5 0.500330	H@10 0.527357
INFO:meta-cli.py:Epoch 90/100	test results	MRR 0.472463	H@1 0.441289	H@3 0.484205	H@5 0.505584	H@10 0.529994
INFO:meta-cli.py:Epoch 91/100	Loss 2.5848 ± 0.0881
INFO:meta-cli.py:Epoch 92/100	Loss 2.5835 ± 0.0923
INFO:meta-cli.py:Epoch 93/100	Loss 2.5822 ± 0.0818
INFO:meta-cli.py:Epoch 93/100	dev results	MRR 0.469905	H@1 0.440508	H@3 0.480883	H@5 0.500494	H@10 0.527851
INFO:meta-cli.py:Epoch 93/100	test results	MRR 0.472213	H@1 0.440810	H@3 0.484046	H@5 0.505105	H@10 0.530472
INFO:meta-cli.py:Epoch 94/100	Loss 2.5807 ± 0.0836
INFO:meta-cli.py:Epoch 95/100	Loss 2.5790 ± 0.0894
INFO:meta-cli.py:Epoch 96/100	Loss 2.5778 ± 0.0857
INFO:meta-cli.py:Epoch 96/100	dev results	MRR 0.470517	H@1 0.441332	H@3 0.481213	H@5 0.501154	H@10 0.528181
INFO:meta-cli.py:Epoch 96/100	test results	MRR 0.472637	H@1 0.440970	H@3 0.484205	H@5 0.506063	H@10 0.530951
INFO:meta-cli.py:Epoch 97/100	Loss 2.5764 ± 0.0884
INFO:meta-cli.py:Epoch 98/100	Loss 2.5751 ± 0.0912
INFO:meta-cli.py:Epoch 99/100	Loss 2.5739 ± 0.0870
INFO:meta-cli.py:Epoch 99/100	dev results	MRR 0.469893	H@1 0.439519	H@3 0.482202	H@5 0.500989	H@10 0.527686
INFO:meta-cli.py:Epoch 99/100	test results	MRR 0.471945	H@1 0.439853	H@3 0.485003	H@5 0.506063	H@10 0.532706
INFO:meta-cli.py:Epoch 100/100	Loss 2.5725 ± 0.0858
INFO:meta-cli.py:Final 	dev results	MRR 0.470011	H@1 0.439848	H@3 0.480719	H@5 0.500165	H@10 0.527851
INFO:meta-cli.py:Final 	test results	MRR 0.472154	H@1 0.440332	H@3 0.484844	H@5 0.505743	H@10 0.532227
INFO:meta-cli.py:Training finished
