./bin/meta-cli.py --train data/wn18rr/train.tsv --dev data/wn18rr/dev.tsv --test data/wn18rr/test.tsv -m complex -k 2000 -b 500 -e 100 --F2 0.005 --N3 0 -l 0.1 -I reciprocal -V 3 -o adagrad -q
{'F2': 0.005,
 'N3': 0.0,
 'batch_size': 500,
 'dev': 'data/wn18rr/dev.tsv',
 'embedding_size': 2000,
 'epochs': 100,
 'eval_batch_size': None,
 'input_type': 'reciprocal',
 'learning_rate': 0.1,
 'load': None,
 'model': 'complex',
 'optimizer': 'adagrad',
 'quiet': True,
 'save': None,
 'seed': 0,
 'test': 'data/wn18rr/test.tsv',
 'test_i': None,
 'test_ii': None,
 'train': 'data/wn18rr/train.tsv',
 'validate_every': 3}
INFO:meta-cli.py:Device: cuda
INFO:meta-cli.py:Model state:
INFO:meta-cli.py:	entities.weight	torch.Size([40943, 4000])
INFO:meta-cli.py:	predicates.weight	torch.Size([22, 4000])
INFO:meta-cli.py:Epoch 1/100	Loss 15.0363 ± 3.9876
INFO:meta-cli.py:Epoch 2/100	Loss 6.0716 ± 0.2740
INFO:meta-cli.py:Epoch 3/100	Loss 5.1777 ± 0.1072
INFO:meta-cli.py:Epoch 3/100	dev results	MRR 0.439306	H@1 0.416941	H@3 0.445452	H@5 0.460448	H@10 0.482696
INFO:meta-cli.py:Epoch 3/100	test results	MRR 0.436110	H@1 0.413848	H@3 0.442246	H@5 0.457562	H@10 0.479898
INFO:meta-cli.py:Epoch 4/100	Loss 4.8315 ± 0.1016
INFO:meta-cli.py:Epoch 5/100	Loss 4.6174 ± 0.1023
INFO:meta-cli.py:Epoch 6/100	Loss 4.4594 ± 0.1055
INFO:meta-cli.py:Epoch 6/100	dev results	MRR 0.450313	H@1 0.425840	H@3 0.459295	H@5 0.474456	H@10 0.496210
INFO:meta-cli.py:Epoch 6/100	test results	MRR 0.446826	H@1 0.422463	H@3 0.453733	H@5 0.471283	H@10 0.494735
INFO:meta-cli.py:Epoch 7/100	Loss 4.3364 ± 0.1061
INFO:meta-cli.py:Epoch 8/100	Loss 4.2345 ± 0.1168
INFO:meta-cli.py:Epoch 9/100	Loss 4.1505 ± 0.1055
INFO:meta-cli.py:Epoch 9/100	dev results	MRR 0.453963	H@1 0.428972	H@3 0.464239	H@5 0.479400	H@10 0.497858
INFO:meta-cli.py:Epoch 9/100	test results	MRR 0.454049	H@1 0.427569	H@3 0.462987	H@5 0.481653	H@10 0.503031
INFO:meta-cli.py:Epoch 10/100	Loss 4.0745 ± 0.1113
INFO:meta-cli.py:Epoch 11/100	Loss 4.0112 ± 0.1151
INFO:meta-cli.py:Epoch 12/100	Loss 3.9538 ± 0.1122
INFO:meta-cli.py:Epoch 12/100	dev results	MRR 0.457170	H@1 0.430455	H@3 0.466711	H@5 0.484179	H@10 0.507746
INFO:meta-cli.py:Epoch 12/100	test results	MRR 0.458047	H@1 0.431557	H@3 0.466496	H@5 0.484525	H@10 0.508775
INFO:meta-cli.py:Epoch 13/100	Loss 3.9027 ± 0.1105
INFO:meta-cli.py:Epoch 14/100	Loss 3.8579 ± 0.1109
INFO:meta-cli.py:Epoch 15/100	Loss 3.8159 ± 0.1164
INFO:meta-cli.py:Epoch 15/100	dev results	MRR 0.460402	H@1 0.434245	H@3 0.469183	H@5 0.485992	H@10 0.510382
INFO:meta-cli.py:Epoch 15/100	test results	MRR 0.459734	H@1 0.431557	H@3 0.469687	H@5 0.485801	H@10 0.515475
INFO:meta-cli.py:Epoch 16/100	Loss 3.7775 ± 0.1136
INFO:meta-cli.py:Epoch 17/100	Loss 3.7427 ± 0.1122
INFO:meta-cli.py:Epoch 18/100	Loss 3.7097 ± 0.1147
INFO:meta-cli.py:Epoch 18/100	dev results	MRR 0.460540	H@1 0.431938	H@3 0.470666	H@5 0.490277	H@10 0.515821
INFO:meta-cli.py:Epoch 18/100	test results	MRR 0.461743	H@1 0.433153	H@3 0.469528	H@5 0.491863	H@10 0.515954
INFO:meta-cli.py:Epoch 19/100	Loss 3.6803 ± 0.1083
INFO:meta-cli.py:Epoch 20/100	Loss 3.6514 ± 0.1101
INFO:meta-cli.py:Epoch 21/100	Loss 3.6247 ± 0.1073
INFO:meta-cli.py:Epoch 21/100	dev results	MRR 0.462230	H@1 0.433916	H@3 0.471490	H@5 0.491101	H@10 0.518622
INFO:meta-cli.py:Epoch 21/100	test results	MRR 0.462948	H@1 0.433950	H@3 0.473516	H@5 0.492023	H@10 0.519783
INFO:meta-cli.py:Epoch 22/100	Loss 3.6000 ± 0.1138
INFO:meta-cli.py:Epoch 23/100	Loss 3.5770 ± 0.1100
INFO:meta-cli.py:Epoch 24/100	Loss 3.5558 ± 0.1130
INFO:meta-cli.py:Epoch 24/100	dev results	MRR 0.463314	H@1 0.434740	H@3 0.473303	H@5 0.491760	H@10 0.520270
INFO:meta-cli.py:Epoch 24/100	test results	MRR 0.464544	H@1 0.435386	H@3 0.474952	H@5 0.496011	H@10 0.521698
INFO:meta-cli.py:Epoch 25/100	Loss 3.5336 ± 0.1087
INFO:meta-cli.py:Epoch 26/100	Loss 3.5134 ± 0.1083
INFO:meta-cli.py:Epoch 27/100	Loss 3.4952 ± 0.1026
INFO:meta-cli.py:Epoch 27/100	dev results	MRR 0.463505	H@1 0.433421	H@3 0.474951	H@5 0.491595	H@10 0.522083
INFO:meta-cli.py:Epoch 27/100	test results	MRR 0.464232	H@1 0.433791	H@3 0.476548	H@5 0.496331	H@10 0.523133
INFO:meta-cli.py:Epoch 28/100	Loss 3.4770 ± 0.1102
INFO:meta-cli.py:Epoch 29/100	Loss 3.4599 ± 0.1112
INFO:meta-cli.py:Epoch 30/100	Loss 3.4440 ± 0.1002
INFO:meta-cli.py:Epoch 30/100	dev results	MRR 0.463504	H@1 0.433421	H@3 0.474951	H@5 0.493243	H@10 0.521918
INFO:meta-cli.py:Epoch 30/100	test results	MRR 0.464786	H@1 0.434907	H@3 0.476069	H@5 0.494895	H@10 0.523612
INFO:meta-cli.py:Epoch 31/100	Loss 3.4281 ± 0.1110
INFO:meta-cli.py:Epoch 32/100	Loss 3.4125 ± 0.1079
INFO:meta-cli.py:Epoch 33/100	Loss 3.3983 ± 0.1040
INFO:meta-cli.py:Epoch 33/100	dev results	MRR 0.463590	H@1 0.433421	H@3 0.473797	H@5 0.494067	H@10 0.523237
INFO:meta-cli.py:Epoch 33/100	test results	MRR 0.463201	H@1 0.431557	H@3 0.476228	H@5 0.496490	H@10 0.525846
INFO:meta-cli.py:Epoch 34/100	Loss 3.3841 ± 0.1081
INFO:meta-cli.py:Epoch 35/100	Loss 3.3710 ± 0.1017
INFO:meta-cli.py:Epoch 36/100	Loss 3.3577 ± 0.1020
INFO:meta-cli.py:Epoch 36/100	dev results	MRR 0.463154	H@1 0.432268	H@3 0.475280	H@5 0.492914	H@10 0.523237
INFO:meta-cli.py:Epoch 36/100	test results	MRR 0.464718	H@1 0.433312	H@3 0.476388	H@5 0.497447	H@10 0.526643
INFO:meta-cli.py:Epoch 37/100	Loss 3.3458 ± 0.1067
INFO:meta-cli.py:Epoch 38/100	Loss 3.3333 ± 0.1049
INFO:meta-cli.py:Epoch 39/100	Loss 3.3217 ± 0.1056
INFO:meta-cli.py:Epoch 39/100	dev results	MRR 0.463049	H@1 0.432103	H@3 0.473797	H@5 0.494232	H@10 0.523896
INFO:meta-cli.py:Epoch 39/100	test results	MRR 0.463696	H@1 0.431717	H@3 0.476069	H@5 0.496969	H@10 0.526324
INFO:meta-cli.py:Epoch 40/100	Loss 3.3106 ± 0.0976
INFO:meta-cli.py:Epoch 41/100	Loss 3.3000 ± 0.1002
INFO:meta-cli.py:Epoch 42/100	Loss 3.2894 ± 0.1072
INFO:meta-cli.py:Epoch 42/100	dev results	MRR 0.462799	H@1 0.431114	H@3 0.474786	H@5 0.494891	H@10 0.523566
INFO:meta-cli.py:Epoch 42/100	test results	MRR 0.464229	H@1 0.432355	H@3 0.475590	H@5 0.497128	H@10 0.526643
INFO:meta-cli.py:Epoch 43/100	Loss 3.2794 ± 0.1084
INFO:meta-cli.py:Epoch 44/100	Loss 3.2692 ± 0.0973
INFO:meta-cli.py:Epoch 45/100	Loss 3.2586 ± 0.0979
INFO:meta-cli.py:Epoch 45/100	dev results	MRR 0.463968	H@1 0.433256	H@3 0.475115	H@5 0.495386	H@10 0.525379
INFO:meta-cli.py:Epoch 45/100	test results	MRR 0.464154	H@1 0.432195	H@3 0.475909	H@5 0.496809	H@10 0.527441
INFO:meta-cli.py:Epoch 46/100	Loss 3.2502 ± 0.1031
INFO:meta-cli.py:Epoch 47/100	Loss 3.2409 ± 0.1037
INFO:meta-cli.py:Epoch 48/100	Loss 3.2319 ± 0.1008
INFO:meta-cli.py:Epoch 48/100	dev results	MRR 0.462482	H@1 0.430620	H@3 0.474291	H@5 0.493902	H@10 0.525709
INFO:meta-cli.py:Epoch 48/100	test results	MRR 0.463762	H@1 0.431717	H@3 0.476069	H@5 0.497128	H@10 0.527760
INFO:meta-cli.py:Epoch 49/100	Loss 3.2233 ± 0.1015
INFO:meta-cli.py:Epoch 50/100	Loss 3.2151 ± 0.0994
INFO:meta-cli.py:Epoch 51/100	Loss 3.2066 ± 0.0967
INFO:meta-cli.py:Epoch 51/100	dev results	MRR 0.463656	H@1 0.432268	H@3 0.475939	H@5 0.494397	H@10 0.524390
INFO:meta-cli.py:Epoch 51/100	test results	MRR 0.463741	H@1 0.431557	H@3 0.475750	H@5 0.495852	H@10 0.524729
INFO:meta-cli.py:Epoch 52/100	Loss 3.1991 ± 0.0909
INFO:meta-cli.py:Epoch 53/100	Loss 3.1916 ± 0.0952
INFO:meta-cli.py:Epoch 54/100	Loss 3.1834 ± 0.0990
INFO:meta-cli.py:Epoch 54/100	dev results	MRR 0.462566	H@1 0.430620	H@3 0.473797	H@5 0.494891	H@10 0.525214
INFO:meta-cli.py:Epoch 54/100	test results	MRR 0.462313	H@1 0.429324	H@3 0.474633	H@5 0.494895	H@10 0.527122
INFO:meta-cli.py:Epoch 55/100	Loss 3.1763 ± 0.0977
INFO:meta-cli.py:Epoch 56/100	Loss 3.1695 ± 0.0964
INFO:meta-cli.py:Epoch 57/100	Loss 3.1617 ± 0.0904
INFO:meta-cli.py:Epoch 57/100	dev results	MRR 0.462465	H@1 0.430620	H@3 0.473632	H@5 0.494562	H@10 0.525873
INFO:meta-cli.py:Epoch 57/100	test results	MRR 0.462128	H@1 0.429164	H@3 0.474633	H@5 0.494735	H@10 0.525367
INFO:meta-cli.py:Epoch 58/100	Loss 3.1553 ± 0.0972
INFO:meta-cli.py:Epoch 59/100	Loss 3.1485 ± 0.0942
INFO:meta-cli.py:Epoch 60/100	Loss 3.1421 ± 0.0957
INFO:meta-cli.py:Epoch 60/100	dev results	MRR 0.461539	H@1 0.429466	H@3 0.473138	H@5 0.494891	H@10 0.524390
INFO:meta-cli.py:Epoch 60/100	test results	MRR 0.461220	H@1 0.427728	H@3 0.474474	H@5 0.495692	H@10 0.525686
INFO:meta-cli.py:Epoch 61/100	Loss 3.1360 ± 0.0931
INFO:meta-cli.py:Epoch 62/100	Loss 3.1299 ± 0.0934
INFO:meta-cli.py:Epoch 63/100	Loss 3.1237 ± 0.0974
INFO:meta-cli.py:Epoch 63/100	dev results	MRR 0.462467	H@1 0.430455	H@3 0.474456	H@5 0.496210	H@10 0.525873
INFO:meta-cli.py:Epoch 63/100	test results	MRR 0.461414	H@1 0.427888	H@3 0.475431	H@5 0.492980	H@10 0.526643
INFO:meta-cli.py:Epoch 64/100	Loss 3.1174 ± 0.0926
INFO:meta-cli.py:Epoch 65/100	Loss 3.1115 ± 0.0990
INFO:meta-cli.py:Epoch 66/100	Loss 3.1057 ± 0.0934
INFO:meta-cli.py:Epoch 66/100	dev results	MRR 0.462259	H@1 0.430620	H@3 0.473632	H@5 0.494726	H@10 0.526038
INFO:meta-cli.py:Epoch 66/100	test results	MRR 0.461359	H@1 0.428526	H@3 0.472719	H@5 0.495214	H@10 0.525367
INFO:meta-cli.py:Epoch 67/100	Loss 3.1001 ± 0.0935
INFO:meta-cli.py:Epoch 68/100	Loss 3.0947 ± 0.0978
INFO:meta-cli.py:Epoch 69/100	Loss 3.0893 ± 0.0937
INFO:meta-cli.py:Epoch 69/100	dev results	MRR 0.461766	H@1 0.429631	H@3 0.474291	H@5 0.494726	H@10 0.525544
INFO:meta-cli.py:Epoch 69/100	test results	MRR 0.460648	H@1 0.427728	H@3 0.473038	H@5 0.494576	H@10 0.525526
INFO:meta-cli.py:Epoch 70/100	Loss 3.0843 ± 0.0921
INFO:meta-cli.py:Epoch 71/100	Loss 3.0790 ± 0.0937
INFO:meta-cli.py:Epoch 72/100	Loss 3.0739 ± 0.0895
INFO:meta-cli.py:Epoch 72/100	dev results	MRR 0.461290	H@1 0.428972	H@3 0.473467	H@5 0.495386	H@10 0.524720
INFO:meta-cli.py:Epoch 72/100	test results	MRR 0.460401	H@1 0.427250	H@3 0.471921	H@5 0.494257	H@10 0.524569
INFO:meta-cli.py:Epoch 73/100	Loss 3.0689 ± 0.0911
INFO:meta-cli.py:Epoch 74/100	Loss 3.0641 ± 0.0962
INFO:meta-cli.py:Epoch 75/100	Loss 3.0594 ± 0.0946
INFO:meta-cli.py:Epoch 75/100	dev results	MRR 0.461260	H@1 0.429136	H@3 0.472149	H@5 0.494232	H@10 0.525873
INFO:meta-cli.py:Epoch 75/100	test results	MRR 0.460558	H@1 0.427888	H@3 0.471602	H@5 0.493459	H@10 0.524410
INFO:meta-cli.py:Epoch 76/100	Loss 3.0548 ± 0.0901
INFO:meta-cli.py:Epoch 77/100	Loss 3.0497 ± 0.0866
INFO:meta-cli.py:Epoch 78/100	Loss 3.0456 ± 0.0863
INFO:meta-cli.py:Epoch 78/100	dev results	MRR 0.460832	H@1 0.428807	H@3 0.471325	H@5 0.495056	H@10 0.525214
INFO:meta-cli.py:Epoch 78/100	test results	MRR 0.460136	H@1 0.427250	H@3 0.471602	H@5 0.492821	H@10 0.523612
INFO:meta-cli.py:Epoch 79/100	Loss 3.0410 ± 0.0932
INFO:meta-cli.py:Epoch 80/100	Loss 3.0364 ± 0.0860
INFO:meta-cli.py:Epoch 81/100	Loss 3.0321 ± 0.0930
INFO:meta-cli.py:Epoch 81/100	dev results	MRR 0.460088	H@1 0.427983	H@3 0.471160	H@5 0.492584	H@10 0.525709
INFO:meta-cli.py:Epoch 81/100	test results	MRR 0.459425	H@1 0.426133	H@3 0.471761	H@5 0.492502	H@10 0.522974
INFO:meta-cli.py:Epoch 82/100	Loss 3.0276 ± 0.0926
INFO:meta-cli.py:Epoch 83/100	Loss 3.0238 ± 0.0899
INFO:meta-cli.py:Epoch 84/100	Loss 3.0195 ± 0.0921
INFO:meta-cli.py:Epoch 84/100	dev results	MRR 0.460072	H@1 0.427653	H@3 0.471819	H@5 0.494232	H@10 0.525214
INFO:meta-cli.py:Epoch 84/100	test results	MRR 0.458524	H@1 0.425016	H@3 0.471761	H@5 0.491544	H@10 0.522655
INFO:meta-cli.py:Epoch 85/100	Loss 3.0156 ± 0.0882
INFO:meta-cli.py:Epoch 86/100	Loss 3.0119 ± 0.0905
INFO:meta-cli.py:Epoch 87/100	Loss 3.0077 ± 0.0882
INFO:meta-cli.py:Epoch 87/100	dev results	MRR 0.459686	H@1 0.427488	H@3 0.471490	H@5 0.493408	H@10 0.525214
INFO:meta-cli.py:Epoch 87/100	test results	MRR 0.458483	H@1 0.424697	H@3 0.472080	H@5 0.492661	H@10 0.522336
INFO:meta-cli.py:Epoch 88/100	Loss 3.0039 ± 0.0932
INFO:meta-cli.py:Epoch 89/100	Loss 3.0000 ± 0.0879
INFO:meta-cli.py:Epoch 90/100	Loss 2.9966 ± 0.0876
INFO:meta-cli.py:Epoch 90/100	dev results	MRR 0.459376	H@1 0.427488	H@3 0.469677	H@5 0.492419	H@10 0.523896
INFO:meta-cli.py:Epoch 90/100	test results	MRR 0.459014	H@1 0.425973	H@3 0.471283	H@5 0.492821	H@10 0.522495
INFO:meta-cli.py:Epoch 91/100	Loss 2.9929 ± 0.0889
INFO:meta-cli.py:Epoch 92/100	Loss 2.9893 ± 0.0912
INFO:meta-cli.py:Epoch 93/100	Loss 2.9861 ± 0.0838
INFO:meta-cli.py:Epoch 93/100	dev results	MRR 0.459020	H@1 0.426994	H@3 0.470007	H@5 0.490936	H@10 0.523566
INFO:meta-cli.py:Epoch 93/100	test results	MRR 0.458085	H@1 0.424218	H@3 0.470804	H@5 0.492661	H@10 0.522974
INFO:meta-cli.py:Epoch 94/100	Loss 2.9825 ± 0.0860
INFO:meta-cli.py:Epoch 95/100	Loss 2.9788 ± 0.0910
INFO:meta-cli.py:Epoch 96/100	Loss 2.9753 ± 0.0888
INFO:meta-cli.py:Epoch 96/100	dev results	MRR 0.458685	H@1 0.426829	H@3 0.469512	H@5 0.491266	H@10 0.523237
INFO:meta-cli.py:Epoch 96/100	test results	MRR 0.458280	H@1 0.425175	H@3 0.470645	H@5 0.492502	H@10 0.521857
INFO:meta-cli.py:Epoch 97/100	Loss 2.9723 ± 0.0896
INFO:meta-cli.py:Epoch 98/100	Loss 2.9688 ± 0.0951
INFO:meta-cli.py:Epoch 99/100	Loss 2.9657 ± 0.0865
INFO:meta-cli.py:Epoch 99/100	dev results	MRR 0.457593	H@1 0.425346	H@3 0.468359	H@5 0.490277	H@10 0.523896
INFO:meta-cli.py:Epoch 99/100	test results	MRR 0.457615	H@1 0.424378	H@3 0.470325	H@5 0.492661	H@10 0.520900
INFO:meta-cli.py:Epoch 100/100	Loss 2.9623 ± 0.0884
INFO:meta-cli.py:Final 	dev results	MRR 0.458183	H@1 0.426664	H@3 0.468359	H@5 0.491266	H@10 0.522413
INFO:meta-cli.py:Final 	test results	MRR 0.457898	H@1 0.424537	H@3 0.469528	H@5 0.492502	H@10 0.521698
INFO:meta-cli.py:Training finished
