./bin/meta-cli.py --train data/wn18rr/train.tsv --dev data/wn18rr/dev.tsv --test data/wn18rr/test.tsv -m complex -k 1000 -b 500 -e 100 --F2 0.01 --N3 0 -l 0.1 -I standard -V 3 -o adagrad -q
{'F2': 0.01,
 'N3': 0.0,
 'batch_size': 500,
 'dev': 'data/wn18rr/dev.tsv',
 'embedding_size': 1000,
 'epochs': 100,
 'eval_batch_size': None,
 'input_type': 'standard',
 'learning_rate': 0.1,
 'load': None,
 'model': 'complex',
 'optimizer': 'adagrad',
 'quiet': True,
 'save': None,
 'seed': 0,
 'test': 'data/wn18rr/test.tsv',
 'test_i': None,
 'test_ii': None,
 'train': 'data/wn18rr/train.tsv',
 'validate_every': 3}
INFO:meta-cli.py:Device: cuda
INFO:meta-cli.py:Model state:
INFO:meta-cli.py:	entities.weight	torch.Size([40943, 2000])
INFO:meta-cli.py:	predicates.weight	torch.Size([11, 2000])
INFO:meta-cli.py:Epoch 1/100	Loss 20.5740 ± 1.2646
INFO:meta-cli.py:Epoch 2/100	Loss 12.5959 ± 0.3440
INFO:meta-cli.py:Epoch 3/100	Loss 7.2820 ± 0.3597
INFO:meta-cli.py:Epoch 3/100	dev results	MRR 0.430703	H@1 0.406229	H@3 0.440343	H@5 0.454515	H@10 0.474291
INFO:meta-cli.py:Epoch 3/100	test results	MRR 0.432477	H@1 0.409700	H@3 0.441608	H@5 0.454531	H@10 0.473038
INFO:meta-cli.py:Epoch 4/100	Loss 6.1772 ± 0.2506
INFO:meta-cli.py:Epoch 5/100	Loss 5.7276 ± 0.2471
INFO:meta-cli.py:Epoch 6/100	Loss 5.4805 ± 0.2380
INFO:meta-cli.py:Epoch 6/100	dev results	MRR 0.444086	H@1 0.418095	H@3 0.453691	H@5 0.470007	H@10 0.494397
INFO:meta-cli.py:Epoch 6/100	test results	MRR 0.445447	H@1 0.419751	H@3 0.453574	H@5 0.469528	H@10 0.494895
INFO:meta-cli.py:Epoch 7/100	Loss 5.3039 ± 0.2252
INFO:meta-cli.py:Epoch 8/100	Loss 5.1718 ± 0.2288
INFO:meta-cli.py:Epoch 9/100	Loss 5.0632 ± 0.2169
INFO:meta-cli.py:Epoch 9/100	dev results	MRR 0.450275	H@1 0.423368	H@3 0.459624	H@5 0.478082	H@10 0.501648
INFO:meta-cli.py:Epoch 9/100	test results	MRR 0.452089	H@1 0.424537	H@3 0.460593	H@5 0.477983	H@10 0.505265
INFO:meta-cli.py:Epoch 10/100	Loss 4.9721 ± 0.2078
INFO:meta-cli.py:Epoch 11/100	Loss 4.8953 ± 0.2053
INFO:meta-cli.py:Epoch 12/100	Loss 4.8292 ± 0.2085
INFO:meta-cli.py:Epoch 12/100	dev results	MRR 0.452386	H@1 0.424522	H@3 0.461767	H@5 0.481378	H@10 0.505603
INFO:meta-cli.py:Epoch 12/100	test results	MRR 0.454202	H@1 0.426133	H@3 0.461551	H@5 0.480696	H@10 0.510211
INFO:meta-cli.py:Epoch 13/100	Loss 4.7682 ± 0.1944
INFO:meta-cli.py:Epoch 14/100	Loss 4.7144 ± 0.1999
INFO:meta-cli.py:Epoch 15/100	Loss 4.6656 ± 0.1939
INFO:meta-cli.py:Epoch 15/100	dev results	MRR 0.455105	H@1 0.426170	H@3 0.466546	H@5 0.487310	H@10 0.509064
INFO:meta-cli.py:Epoch 15/100	test results	MRR 0.456075	H@1 0.427090	H@3 0.464742	H@5 0.485482	H@10 0.515635
INFO:meta-cli.py:Epoch 16/100	Loss 4.6218 ± 0.1905
INFO:meta-cli.py:Epoch 17/100	Loss 4.5807 ± 0.1866
INFO:meta-cli.py:Epoch 18/100	Loss 4.5435 ± 0.1739
INFO:meta-cli.py:Epoch 18/100	dev results	MRR 0.456491	H@1 0.427324	H@3 0.466051	H@5 0.486651	H@10 0.512195
INFO:meta-cli.py:Epoch 18/100	test results	MRR 0.456993	H@1 0.426292	H@3 0.466337	H@5 0.491225	H@10 0.518188
INFO:meta-cli.py:Epoch 19/100	Loss 4.5089 ± 0.1773
INFO:meta-cli.py:Epoch 20/100	Loss 4.4768 ± 0.1750
INFO:meta-cli.py:Epoch 21/100	Loss 4.4466 ± 0.1681
INFO:meta-cli.py:Epoch 21/100	dev results	MRR 0.457540	H@1 0.427818	H@3 0.467040	H@5 0.489782	H@10 0.511866
INFO:meta-cli.py:Epoch 21/100	test results	MRR 0.458178	H@1 0.427250	H@3 0.468092	H@5 0.493459	H@10 0.520262
INFO:meta-cli.py:Epoch 22/100	Loss 4.4178 ± 0.1794
INFO:meta-cli.py:Epoch 23/100	Loss 4.3903 ± 0.1668
INFO:meta-cli.py:Epoch 24/100	Loss 4.3660 ± 0.1733
INFO:meta-cli.py:Epoch 24/100	dev results	MRR 0.459411	H@1 0.429796	H@3 0.469347	H@5 0.489453	H@10 0.515162
INFO:meta-cli.py:Epoch 24/100	test results	MRR 0.460115	H@1 0.429324	H@3 0.470006	H@5 0.494257	H@10 0.523772
INFO:meta-cli.py:Epoch 25/100	Loss 4.3413 ± 0.1655
INFO:meta-cli.py:Epoch 26/100	Loss 4.3181 ± 0.1655
INFO:meta-cli.py:Epoch 27/100	Loss 4.2964 ± 0.1683
INFO:meta-cli.py:Epoch 27/100	dev results	MRR 0.459562	H@1 0.429796	H@3 0.469512	H@5 0.490442	H@10 0.516645
INFO:meta-cli.py:Epoch 27/100	test results	MRR 0.460645	H@1 0.429483	H@3 0.470485	H@5 0.493140	H@10 0.523133
INFO:meta-cli.py:Epoch 28/100	Loss 4.2757 ± 0.1645
INFO:meta-cli.py:Epoch 29/100	Loss 4.2558 ± 0.1653
INFO:meta-cli.py:Epoch 30/100	Loss 4.2373 ± 0.1502
INFO:meta-cli.py:Epoch 30/100	dev results	MRR 0.460656	H@1 0.430620	H@3 0.471160	H@5 0.491760	H@10 0.518952
INFO:meta-cli.py:Epoch 30/100	test results	MRR 0.462172	H@1 0.431238	H@3 0.472240	H@5 0.494576	H@10 0.525686
INFO:meta-cli.py:Epoch 31/100	Loss 4.2181 ± 0.1590
INFO:meta-cli.py:Epoch 32/100	Loss 4.2006 ± 0.1600
INFO:meta-cli.py:Epoch 33/100	Loss 4.1838 ± 0.1589
INFO:meta-cli.py:Epoch 33/100	dev results	MRR 0.460686	H@1 0.430784	H@3 0.470171	H@5 0.491595	H@10 0.519611
INFO:meta-cli.py:Epoch 33/100	test results	MRR 0.461825	H@1 0.430600	H@3 0.472240	H@5 0.495054	H@10 0.526005
INFO:meta-cli.py:Epoch 34/100	Loss 4.1678 ± 0.1492
INFO:meta-cli.py:Epoch 35/100	Loss 4.1520 ± 0.1530
INFO:meta-cli.py:Epoch 36/100	Loss 4.1366 ± 0.1472
INFO:meta-cli.py:Epoch 36/100	dev results	MRR 0.460925	H@1 0.430784	H@3 0.470007	H@5 0.491266	H@10 0.519446
INFO:meta-cli.py:Epoch 36/100	test results	MRR 0.462212	H@1 0.429643	H@3 0.474154	H@5 0.496331	H@10 0.525526
INFO:meta-cli.py:Epoch 37/100	Loss 4.1219 ± 0.1470
INFO:meta-cli.py:Epoch 38/100	Loss 4.1079 ± 0.1547
INFO:meta-cli.py:Epoch 39/100	Loss 4.0939 ± 0.1485
INFO:meta-cli.py:Epoch 39/100	dev results	MRR 0.460903	H@1 0.430455	H@3 0.470171	H@5 0.492914	H@10 0.521424
INFO:meta-cli.py:Epoch 39/100	test results	MRR 0.461888	H@1 0.429004	H@3 0.473835	H@5 0.496809	H@10 0.526962
INFO:meta-cli.py:Epoch 40/100	Loss 4.0808 ± 0.1425
INFO:meta-cli.py:Epoch 41/100	Loss 4.0679 ± 0.1462
INFO:meta-cli.py:Epoch 42/100	Loss 4.0552 ± 0.1401
INFO:meta-cli.py:Epoch 42/100	dev results	MRR 0.461540	H@1 0.430949	H@3 0.470501	H@5 0.493573	H@10 0.521918
INFO:meta-cli.py:Epoch 42/100	test results	MRR 0.462649	H@1 0.430281	H@3 0.473835	H@5 0.496011	H@10 0.525686
INFO:meta-cli.py:Epoch 43/100	Loss 4.0431 ± 0.1409
INFO:meta-cli.py:Epoch 44/100	Loss 4.0313 ± 0.1410
INFO:meta-cli.py:Epoch 45/100	Loss 4.0199 ± 0.1312
INFO:meta-cli.py:Epoch 45/100	dev results	MRR 0.461396	H@1 0.431279	H@3 0.470995	H@5 0.491595	H@10 0.522577
INFO:meta-cli.py:Epoch 45/100	test results	MRR 0.462238	H@1 0.429324	H@3 0.474314	H@5 0.496171	H@10 0.527441
INFO:meta-cli.py:Epoch 46/100	Loss 4.0082 ± 0.1350
INFO:meta-cli.py:Epoch 47/100	Loss 3.9975 ± 0.1424
INFO:meta-cli.py:Epoch 48/100	Loss 3.9867 ± 0.1400
INFO:meta-cli.py:Epoch 48/100	dev results	MRR 0.461714	H@1 0.431938	H@3 0.470666	H@5 0.494562	H@10 0.522907
INFO:meta-cli.py:Epoch 48/100	test results	MRR 0.462472	H@1 0.429643	H@3 0.474793	H@5 0.496650	H@10 0.526803
INFO:meta-cli.py:Epoch 49/100	Loss 3.9759 ± 0.1324
INFO:meta-cli.py:Epoch 50/100	Loss 3.9659 ± 0.1417
INFO:meta-cli.py:Epoch 51/100	Loss 3.9561 ± 0.1299
INFO:meta-cli.py:Epoch 51/100	dev results	MRR 0.461954	H@1 0.431773	H@3 0.470171	H@5 0.493902	H@10 0.523896
INFO:meta-cli.py:Epoch 51/100	test results	MRR 0.462632	H@1 0.428845	H@3 0.475431	H@5 0.497926	H@10 0.526962
INFO:meta-cli.py:Epoch 52/100	Loss 3.9465 ± 0.1404
INFO:meta-cli.py:Epoch 53/100	Loss 3.9368 ± 0.1310
INFO:meta-cli.py:Epoch 54/100	Loss 3.9282 ± 0.1382
INFO:meta-cli.py:Epoch 54/100	dev results	MRR 0.462624	H@1 0.432597	H@3 0.472808	H@5 0.494232	H@10 0.525379
INFO:meta-cli.py:Epoch 54/100	test results	MRR 0.462817	H@1 0.429483	H@3 0.475431	H@5 0.497128	H@10 0.527441
INFO:meta-cli.py:Epoch 55/100	Loss 3.9187 ± 0.1417
INFO:meta-cli.py:Epoch 56/100	Loss 3.9097 ± 0.1308
INFO:meta-cli.py:Epoch 57/100	Loss 3.9011 ± 0.1405
INFO:meta-cli.py:Epoch 57/100	dev results	MRR 0.462309	H@1 0.432268	H@3 0.471325	H@5 0.495715	H@10 0.525214
INFO:meta-cli.py:Epoch 57/100	test results	MRR 0.462245	H@1 0.428207	H@3 0.475431	H@5 0.496331	H@10 0.528239
INFO:meta-cli.py:Epoch 58/100	Loss 3.8924 ± 0.1303
INFO:meta-cli.py:Epoch 59/100	Loss 3.8843 ± 0.1308
INFO:meta-cli.py:Epoch 60/100	Loss 3.8760 ± 0.1303
INFO:meta-cli.py:Epoch 60/100	dev results	MRR 0.462548	H@1 0.432432	H@3 0.471655	H@5 0.494232	H@10 0.526038
INFO:meta-cli.py:Epoch 60/100	test results	MRR 0.462535	H@1 0.428845	H@3 0.474314	H@5 0.497926	H@10 0.528239
INFO:meta-cli.py:Epoch 61/100	Loss 3.8678 ± 0.1354
INFO:meta-cli.py:Epoch 62/100	Loss 3.8601 ± 0.1268
INFO:meta-cli.py:Epoch 63/100	Loss 3.8524 ± 0.1187
INFO:meta-cli.py:Epoch 63/100	dev results	MRR 0.462431	H@1 0.432432	H@3 0.471160	H@5 0.493902	H@10 0.525709
INFO:meta-cli.py:Epoch 63/100	test results	MRR 0.462595	H@1 0.428845	H@3 0.474952	H@5 0.498564	H@10 0.527601
INFO:meta-cli.py:Epoch 64/100	Loss 3.8450 ± 0.1204
INFO:meta-cli.py:Epoch 65/100	Loss 3.8373 ± 0.1237
INFO:meta-cli.py:Epoch 66/100	Loss 3.8302 ± 0.1208
INFO:meta-cli.py:Epoch 66/100	dev results	MRR 0.462551	H@1 0.432597	H@3 0.472314	H@5 0.494067	H@10 0.524885
INFO:meta-cli.py:Epoch 66/100	test results	MRR 0.462996	H@1 0.429643	H@3 0.474793	H@5 0.497766	H@10 0.528239
INFO:meta-cli.py:Epoch 67/100	Loss 3.8231 ± 0.1265
INFO:meta-cli.py:Epoch 68/100	Loss 3.8159 ± 0.1252
INFO:meta-cli.py:Epoch 69/100	Loss 3.8090 ± 0.1290
INFO:meta-cli.py:Epoch 69/100	dev results	MRR 0.461841	H@1 0.431279	H@3 0.472149	H@5 0.493078	H@10 0.525873
INFO:meta-cli.py:Epoch 69/100	test results	MRR 0.462840	H@1 0.428845	H@3 0.476388	H@5 0.497926	H@10 0.528717
INFO:meta-cli.py:Epoch 70/100	Loss 3.8020 ± 0.1251
INFO:meta-cli.py:Epoch 71/100	Loss 3.7954 ± 0.1207
INFO:meta-cli.py:Epoch 72/100	Loss 3.7891 ± 0.1214
INFO:meta-cli.py:Epoch 72/100	dev results	MRR 0.462343	H@1 0.431938	H@3 0.472808	H@5 0.492914	H@10 0.525379
INFO:meta-cli.py:Epoch 72/100	test results	MRR 0.462259	H@1 0.428207	H@3 0.475590	H@5 0.496809	H@10 0.527760
INFO:meta-cli.py:Epoch 73/100	Loss 3.7825 ± 0.1197
INFO:meta-cli.py:Epoch 74/100	Loss 3.7761 ± 0.1192
INFO:meta-cli.py:Epoch 75/100	Loss 3.7699 ± 0.1159
INFO:meta-cli.py:Epoch 75/100	dev results	MRR 0.461744	H@1 0.430949	H@3 0.472808	H@5 0.493078	H@10 0.525709
INFO:meta-cli.py:Epoch 75/100	test results	MRR 0.462350	H@1 0.428207	H@3 0.475750	H@5 0.496171	H@10 0.527601
INFO:meta-cli.py:Epoch 76/100	Loss 3.7636 ± 0.1218
INFO:meta-cli.py:Epoch 77/100	Loss 3.7578 ± 0.1168
INFO:meta-cli.py:Epoch 78/100	Loss 3.7517 ± 0.1176
INFO:meta-cli.py:Epoch 78/100	dev results	MRR 0.461818	H@1 0.431444	H@3 0.471819	H@5 0.492090	H@10 0.524720
INFO:meta-cli.py:Epoch 78/100	test results	MRR 0.462553	H@1 0.428845	H@3 0.474952	H@5 0.496969	H@10 0.527760
INFO:meta-cli.py:Epoch 79/100	Loss 3.7456 ± 0.1086
INFO:meta-cli.py:Epoch 80/100	Loss 3.7397 ± 0.1157
INFO:meta-cli.py:Epoch 81/100	Loss 3.7343 ± 0.1223
INFO:meta-cli.py:Epoch 81/100	dev results	MRR 0.461964	H@1 0.431773	H@3 0.473138	H@5 0.491925	H@10 0.523072
INFO:meta-cli.py:Epoch 81/100	test results	MRR 0.462422	H@1 0.428526	H@3 0.475909	H@5 0.496969	H@10 0.528398
INFO:meta-cli.py:Epoch 82/100	Loss 3.7288 ± 0.1142
INFO:meta-cli.py:Epoch 83/100	Loss 3.7234 ± 0.1130
INFO:meta-cli.py:Epoch 84/100	Loss 3.7177 ± 0.1194
INFO:meta-cli.py:Epoch 84/100	dev results	MRR 0.461792	H@1 0.431938	H@3 0.471819	H@5 0.492419	H@10 0.523072
INFO:meta-cli.py:Epoch 84/100	test results	MRR 0.462440	H@1 0.429004	H@3 0.475271	H@5 0.496171	H@10 0.527281
INFO:meta-cli.py:Epoch 85/100	Loss 3.7123 ± 0.1181
INFO:meta-cli.py:Epoch 86/100	Loss 3.7071 ± 0.1160
INFO:meta-cli.py:Epoch 87/100	Loss 3.7018 ± 0.1104
INFO:meta-cli.py:Epoch 87/100	dev results	MRR 0.461513	H@1 0.431444	H@3 0.472643	H@5 0.491760	H@10 0.523237
INFO:meta-cli.py:Epoch 87/100	test results	MRR 0.461943	H@1 0.428047	H@3 0.475431	H@5 0.496331	H@10 0.527601
INFO:meta-cli.py:Epoch 88/100	Loss 3.6964 ± 0.1108
INFO:meta-cli.py:Epoch 89/100	Loss 3.6916 ± 0.1071
INFO:meta-cli.py:Epoch 90/100	Loss 3.6866 ± 0.1226
INFO:meta-cli.py:Epoch 90/100	dev results	MRR 0.460628	H@1 0.430125	H@3 0.472314	H@5 0.491925	H@10 0.523731
INFO:meta-cli.py:Epoch 90/100	test results	MRR 0.461652	H@1 0.427728	H@3 0.475431	H@5 0.495852	H@10 0.527760
INFO:meta-cli.py:Epoch 91/100	Loss 3.6813 ± 0.1089
INFO:meta-cli.py:Epoch 92/100	Loss 3.6767 ± 0.1154
INFO:meta-cli.py:Epoch 93/100	Loss 3.6719 ± 0.1122
INFO:meta-cli.py:Epoch 93/100	dev results	MRR 0.460825	H@1 0.430455	H@3 0.471655	H@5 0.492254	H@10 0.522742
INFO:meta-cli.py:Epoch 93/100	test results	MRR 0.461668	H@1 0.428207	H@3 0.474154	H@5 0.495852	H@10 0.526803
INFO:meta-cli.py:Epoch 94/100	Loss 3.6674 ± 0.1107
INFO:meta-cli.py:Epoch 95/100	Loss 3.6625 ± 0.1101
INFO:meta-cli.py:Epoch 96/100	Loss 3.6577 ± 0.1097
INFO:meta-cli.py:Epoch 96/100	dev results	MRR 0.460105	H@1 0.429301	H@3 0.471655	H@5 0.491430	H@10 0.523237
INFO:meta-cli.py:Epoch 96/100	test results	MRR 0.460991	H@1 0.427250	H@3 0.474314	H@5 0.494576	H@10 0.527281
INFO:meta-cli.py:Epoch 97/100	Loss 3.6532 ± 0.1101
INFO:meta-cli.py:Epoch 98/100	Loss 3.6486 ± 0.1166
INFO:meta-cli.py:Epoch 99/100	Loss 3.6441 ± 0.0981
INFO:meta-cli.py:Epoch 99/100	dev results	MRR 0.459769	H@1 0.428807	H@3 0.471819	H@5 0.492090	H@10 0.523237
INFO:meta-cli.py:Epoch 99/100	test results	MRR 0.460242	H@1 0.426292	H@3 0.473995	H@5 0.494257	H@10 0.526165
INFO:meta-cli.py:Epoch 100/100	Loss 3.6398 ± 0.1151
INFO:meta-cli.py:Final 	dev results	MRR 0.459632	H@1 0.428642	H@3 0.471984	H@5 0.491760	H@10 0.522742
INFO:meta-cli.py:Final 	test results	MRR 0.460250	H@1 0.426133	H@3 0.473676	H@5 0.494576	H@10 0.525686
INFO:meta-cli.py:Training finished
