./bin/meta-cli.py --train data/wn18rr/train.tsv --dev data/wn18rr/dev.tsv --test data/wn18rr/test.tsv -m complex -k 500 -b 1000 -e 100 --F2 0.05 --N3 0 -l 0.1 -I standard -V 3 -o adagrad -q
{'F2': 0.05,
 'N3': 0.0,
 'batch_size': 1000,
 'dev': 'data/wn18rr/dev.tsv',
 'embedding_size': 500,
 'epochs': 100,
 'eval_batch_size': None,
 'input_type': 'standard',
 'learning_rate': 0.1,
 'load': None,
 'model': 'complex',
 'optimizer': 'adagrad',
 'quiet': True,
 'save': None,
 'seed': 0,
 'test': 'data/wn18rr/test.tsv',
 'test_i': None,
 'test_ii': None,
 'train': 'data/wn18rr/train.tsv',
 'validate_every': 3}
INFO:meta-cli.py:Device: cuda
INFO:meta-cli.py:Model state:
INFO:meta-cli.py:	entities.weight	torch.Size([40943, 1000])
INFO:meta-cli.py:	predicates.weight	torch.Size([11, 1000])
INFO:meta-cli.py:Epoch 1/100	Loss 23.3131 ± 1.3366
INFO:meta-cli.py:Epoch 2/100	Loss 20.5288 ± 0.1885
INFO:meta-cli.py:Epoch 3/100	Loss 18.5033 ± 0.3233
INFO:meta-cli.py:Epoch 3/100	dev results	MRR 0.091407	H@1 0.063612	H@3 0.098550	H@5 0.117172	H@10 0.137607
INFO:meta-cli.py:Epoch 3/100	test results	MRR 0.085994	H@1 0.060944	H@3 0.089183	H@5 0.105775	H@10 0.133376
INFO:meta-cli.py:Epoch 4/100	Loss 14.8517 ± 0.4366
INFO:meta-cli.py:Epoch 5/100	Loss 11.2553 ± 0.1206
INFO:meta-cli.py:Epoch 6/100	Loss 9.2073 ± 0.1797
INFO:meta-cli.py:Epoch 6/100	dev results	MRR 0.404665	H@1 0.377719	H@3 0.419084	H@5 0.432762	H@10 0.451220
INFO:meta-cli.py:Epoch 6/100	test results	MRR 0.398063	H@1 0.369177	H@3 0.412891	H@5 0.428526	H@10 0.447990
INFO:meta-cli.py:Epoch 7/100	Loss 8.2307 ± 0.2009
INFO:meta-cli.py:Epoch 8/100	Loss 7.7535 ± 0.1989
INFO:meta-cli.py:Epoch 9/100	Loss 7.4850 ± 0.1806
INFO:meta-cli.py:Epoch 9/100	dev results	MRR 0.428281	H@1 0.408537	H@3 0.435399	H@5 0.447100	H@10 0.463744
INFO:meta-cli.py:Epoch 9/100	test results	MRR 0.424611	H@1 0.404595	H@3 0.430600	H@5 0.445278	H@10 0.463306
INFO:meta-cli.py:Epoch 10/100	Loss 7.3110 ± 0.1718
INFO:meta-cli.py:Epoch 11/100	Loss 7.1861 ± 0.1602
INFO:meta-cli.py:Epoch 12/100	Loss 7.0899 ± 0.1634
INFO:meta-cli.py:Epoch 12/100	dev results	MRR 0.432669	H@1 0.413151	H@3 0.437871	H@5 0.452044	H@10 0.468853
INFO:meta-cli.py:Epoch 12/100	test results	MRR 0.427952	H@1 0.407466	H@3 0.433312	H@5 0.449745	H@10 0.467932
INFO:meta-cli.py:Epoch 13/100	Loss 7.0124 ± 0.1462
INFO:meta-cli.py:Epoch 14/100	Loss 6.9475 ± 0.1482
INFO:meta-cli.py:Epoch 15/100	Loss 6.8918 ± 0.1416
INFO:meta-cli.py:Epoch 15/100	dev results	MRR 0.435136	H@1 0.415293	H@3 0.442156	H@5 0.454021	H@10 0.471160
INFO:meta-cli.py:Epoch 15/100	test results	MRR 0.431004	H@1 0.410338	H@3 0.437141	H@5 0.451819	H@10 0.470964
INFO:meta-cli.py:Epoch 16/100	Loss 6.8433 ± 0.1410
INFO:meta-cli.py:Epoch 17/100	Loss 6.7999 ± 0.1333
INFO:meta-cli.py:Epoch 18/100	Loss 6.7607 ± 0.1237
INFO:meta-cli.py:Epoch 18/100	dev results	MRR 0.436471	H@1 0.416612	H@3 0.442815	H@5 0.455834	H@10 0.471655
INFO:meta-cli.py:Epoch 18/100	test results	MRR 0.431878	H@1 0.410976	H@3 0.438577	H@5 0.453095	H@10 0.473038
INFO:meta-cli.py:Epoch 19/100	Loss 6.7257 ± 0.1211
INFO:meta-cli.py:Epoch 20/100	Loss nan ± nan
INFO:meta-cli.py:Epoch 21/100	Loss nan ± nan
INFO:meta-cli.py:Epoch 21/100	dev results	MRR 0.000634	H@1 0.000165	H@3 0.000659	H@5 0.000989	H@10 0.000989
INFO:meta-cli.py:Epoch 21/100	test results	MRR 0.000383	H@1 0.000160	H@3 0.000160	H@5 0.000160	H@10 0.000160
INFO:meta-cli.py:Epoch 22/100	Loss nan ± nan
INFO:meta-cli.py:Epoch 23/100	Loss nan ± nan
INFO:meta-cli.py:Epoch 24/100	Loss nan ± nan
INFO:meta-cli.py:Epoch 24/100	dev results	MRR 0.000634	H@1 0.000165	H@3 0.000659	H@5 0.000989	H@10 0.000989
INFO:meta-cli.py:Epoch 24/100	test results	MRR 0.000383	H@1 0.000160	H@3 0.000160	H@5 0.000160	H@10 0.000160
INFO:meta-cli.py:Epoch 25/100	Loss nan ± nan
INFO:meta-cli.py:Epoch 26/100	Loss nan ± nan
INFO:meta-cli.py:Epoch 27/100	Loss nan ± nan
INFO:meta-cli.py:Epoch 27/100	dev results	MRR 0.000634	H@1 0.000165	H@3 0.000659	H@5 0.000989	H@10 0.000989
INFO:meta-cli.py:Epoch 27/100	test results	MRR 0.000383	H@1 0.000160	H@3 0.000160	H@5 0.000160	H@10 0.000160
INFO:meta-cli.py:Epoch 28/100	Loss nan ± nan
INFO:meta-cli.py:Epoch 29/100	Loss nan ± nan
INFO:meta-cli.py:Epoch 30/100	Loss nan ± nan
INFO:meta-cli.py:Epoch 30/100	dev results	MRR 0.000634	H@1 0.000165	H@3 0.000659	H@5 0.000989	H@10 0.000989
INFO:meta-cli.py:Epoch 30/100	test results	MRR 0.000383	H@1 0.000160	H@3 0.000160	H@5 0.000160	H@10 0.000160
INFO:meta-cli.py:Epoch 31/100	Loss nan ± nan
INFO:meta-cli.py:Epoch 32/100	Loss nan ± nan
INFO:meta-cli.py:Epoch 33/100	Loss nan ± nan
INFO:meta-cli.py:Epoch 33/100	dev results	MRR 0.000634	H@1 0.000165	H@3 0.000659	H@5 0.000989	H@10 0.000989
INFO:meta-cli.py:Epoch 33/100	test results	MRR 0.000383	H@1 0.000160	H@3 0.000160	H@5 0.000160	H@10 0.000160
INFO:meta-cli.py:Epoch 34/100	Loss nan ± nan
INFO:meta-cli.py:Epoch 35/100	Loss nan ± nan
INFO:meta-cli.py:Epoch 36/100	Loss nan ± nan
INFO:meta-cli.py:Epoch 36/100	dev results	MRR 0.000634	H@1 0.000165	H@3 0.000659	H@5 0.000989	H@10 0.000989
INFO:meta-cli.py:Epoch 36/100	test results	MRR 0.000383	H@1 0.000160	H@3 0.000160	H@5 0.000160	H@10 0.000160
INFO:meta-cli.py:Epoch 37/100	Loss nan ± nan
INFO:meta-cli.py:Epoch 38/100	Loss nan ± nan
INFO:meta-cli.py:Epoch 39/100	Loss nan ± nan
INFO:meta-cli.py:Epoch 39/100	dev results	MRR 0.000634	H@1 0.000165	H@3 0.000659	H@5 0.000989	H@10 0.000989
INFO:meta-cli.py:Epoch 39/100	test results	MRR 0.000383	H@1 0.000160	H@3 0.000160	H@5 0.000160	H@10 0.000160
INFO:meta-cli.py:Epoch 40/100	Loss nan ± nan
INFO:meta-cli.py:Epoch 41/100	Loss nan ± nan
INFO:meta-cli.py:Epoch 42/100	Loss nan ± nan
INFO:meta-cli.py:Epoch 42/100	dev results	MRR 0.000634	H@1 0.000165	H@3 0.000659	H@5 0.000989	H@10 0.000989
INFO:meta-cli.py:Epoch 42/100	test results	MRR 0.000383	H@1 0.000160	H@3 0.000160	H@5 0.000160	H@10 0.000160
INFO:meta-cli.py:Epoch 43/100	Loss nan ± nan
INFO:meta-cli.py:Epoch 44/100	Loss nan ± nan
INFO:meta-cli.py:Epoch 45/100	Loss nan ± nan
INFO:meta-cli.py:Epoch 45/100	dev results	MRR 0.000634	H@1 0.000165	H@3 0.000659	H@5 0.000989	H@10 0.000989
INFO:meta-cli.py:Epoch 45/100	test results	MRR 0.000383	H@1 0.000160	H@3 0.000160	H@5 0.000160	H@10 0.000160
INFO:meta-cli.py:Epoch 46/100	Loss nan ± nan
INFO:meta-cli.py:Epoch 47/100	Loss nan ± nan
INFO:meta-cli.py:Epoch 48/100	Loss nan ± nan
INFO:meta-cli.py:Epoch 48/100	dev results	MRR 0.000634	H@1 0.000165	H@3 0.000659	H@5 0.000989	H@10 0.000989
INFO:meta-cli.py:Epoch 48/100	test results	MRR 0.000383	H@1 0.000160	H@3 0.000160	H@5 0.000160	H@10 0.000160
INFO:meta-cli.py:Epoch 49/100	Loss nan ± nan
INFO:meta-cli.py:Epoch 50/100	Loss nan ± nan
INFO:meta-cli.py:Epoch 51/100	Loss nan ± nan
INFO:meta-cli.py:Epoch 51/100	dev results	MRR 0.000634	H@1 0.000165	H@3 0.000659	H@5 0.000989	H@10 0.000989
INFO:meta-cli.py:Epoch 51/100	test results	MRR 0.000383	H@1 0.000160	H@3 0.000160	H@5 0.000160	H@10 0.000160
INFO:meta-cli.py:Epoch 52/100	Loss nan ± nan
INFO:meta-cli.py:Epoch 53/100	Loss nan ± nan
INFO:meta-cli.py:Epoch 54/100	Loss nan ± nan
INFO:meta-cli.py:Epoch 54/100	dev results	MRR 0.000634	H@1 0.000165	H@3 0.000659	H@5 0.000989	H@10 0.000989
INFO:meta-cli.py:Epoch 54/100	test results	MRR 0.000383	H@1 0.000160	H@3 0.000160	H@5 0.000160	H@10 0.000160
INFO:meta-cli.py:Epoch 55/100	Loss nan ± nan
INFO:meta-cli.py:Epoch 56/100	Loss nan ± nan
INFO:meta-cli.py:Epoch 57/100	Loss nan ± nan
INFO:meta-cli.py:Epoch 57/100	dev results	MRR 0.000634	H@1 0.000165	H@3 0.000659	H@5 0.000989	H@10 0.000989
INFO:meta-cli.py:Epoch 57/100	test results	MRR 0.000383	H@1 0.000160	H@3 0.000160	H@5 0.000160	H@10 0.000160
INFO:meta-cli.py:Epoch 58/100	Loss nan ± nan
INFO:meta-cli.py:Epoch 59/100	Loss nan ± nan
INFO:meta-cli.py:Epoch 60/100	Loss nan ± nan
INFO:meta-cli.py:Epoch 60/100	dev results	MRR 0.000634	H@1 0.000165	H@3 0.000659	H@5 0.000989	H@10 0.000989
INFO:meta-cli.py:Epoch 60/100	test results	MRR 0.000383	H@1 0.000160	H@3 0.000160	H@5 0.000160	H@10 0.000160
INFO:meta-cli.py:Epoch 61/100	Loss nan ± nan
INFO:meta-cli.py:Epoch 62/100	Loss nan ± nan
INFO:meta-cli.py:Epoch 63/100	Loss nan ± nan
INFO:meta-cli.py:Epoch 63/100	dev results	MRR 0.000634	H@1 0.000165	H@3 0.000659	H@5 0.000989	H@10 0.000989
INFO:meta-cli.py:Epoch 63/100	test results	MRR 0.000383	H@1 0.000160	H@3 0.000160	H@5 0.000160	H@10 0.000160
INFO:meta-cli.py:Epoch 64/100	Loss nan ± nan
INFO:meta-cli.py:Epoch 65/100	Loss nan ± nan
INFO:meta-cli.py:Epoch 66/100	Loss nan ± nan
INFO:meta-cli.py:Epoch 66/100	dev results	MRR 0.000634	H@1 0.000165	H@3 0.000659	H@5 0.000989	H@10 0.000989
INFO:meta-cli.py:Epoch 66/100	test results	MRR 0.000383	H@1 0.000160	H@3 0.000160	H@5 0.000160	H@10 0.000160
INFO:meta-cli.py:Epoch 67/100	Loss nan ± nan
INFO:meta-cli.py:Epoch 68/100	Loss nan ± nan
INFO:meta-cli.py:Epoch 69/100	Loss nan ± nan
INFO:meta-cli.py:Epoch 69/100	dev results	MRR 0.000634	H@1 0.000165	H@3 0.000659	H@5 0.000989	H@10 0.000989
INFO:meta-cli.py:Epoch 69/100	test results	MRR 0.000383	H@1 0.000160	H@3 0.000160	H@5 0.000160	H@10 0.000160
INFO:meta-cli.py:Epoch 70/100	Loss nan ± nan
INFO:meta-cli.py:Epoch 71/100	Loss nan ± nan
INFO:meta-cli.py:Epoch 72/100	Loss nan ± nan
INFO:meta-cli.py:Epoch 72/100	dev results	MRR 0.000634	H@1 0.000165	H@3 0.000659	H@5 0.000989	H@10 0.000989
INFO:meta-cli.py:Epoch 72/100	test results	MRR 0.000383	H@1 0.000160	H@3 0.000160	H@5 0.000160	H@10 0.000160
INFO:meta-cli.py:Epoch 73/100	Loss nan ± nan
INFO:meta-cli.py:Epoch 74/100	Loss nan ± nan
INFO:meta-cli.py:Epoch 75/100	Loss nan ± nan
INFO:meta-cli.py:Epoch 75/100	dev results	MRR 0.000634	H@1 0.000165	H@3 0.000659	H@5 0.000989	H@10 0.000989
INFO:meta-cli.py:Epoch 75/100	test results	MRR 0.000383	H@1 0.000160	H@3 0.000160	H@5 0.000160	H@10 0.000160
INFO:meta-cli.py:Epoch 76/100	Loss nan ± nan
INFO:meta-cli.py:Epoch 77/100	Loss nan ± nan
INFO:meta-cli.py:Epoch 78/100	Loss nan ± nan
INFO:meta-cli.py:Epoch 78/100	dev results	MRR 0.000634	H@1 0.000165	H@3 0.000659	H@5 0.000989	H@10 0.000989
INFO:meta-cli.py:Epoch 78/100	test results	MRR 0.000383	H@1 0.000160	H@3 0.000160	H@5 0.000160	H@10 0.000160
INFO:meta-cli.py:Epoch 79/100	Loss nan ± nan
INFO:meta-cli.py:Epoch 80/100	Loss nan ± nan
INFO:meta-cli.py:Epoch 81/100	Loss nan ± nan
INFO:meta-cli.py:Epoch 81/100	dev results	MRR 0.000634	H@1 0.000165	H@3 0.000659	H@5 0.000989	H@10 0.000989
INFO:meta-cli.py:Epoch 81/100	test results	MRR 0.000383	H@1 0.000160	H@3 0.000160	H@5 0.000160	H@10 0.000160
INFO:meta-cli.py:Epoch 82/100	Loss nan ± nan
INFO:meta-cli.py:Epoch 83/100	Loss nan ± nan
INFO:meta-cli.py:Epoch 84/100	Loss nan ± nan
INFO:meta-cli.py:Epoch 84/100	dev results	MRR 0.000634	H@1 0.000165	H@3 0.000659	H@5 0.000989	H@10 0.000989
INFO:meta-cli.py:Epoch 84/100	test results	MRR 0.000383	H@1 0.000160	H@3 0.000160	H@5 0.000160	H@10 0.000160
INFO:meta-cli.py:Epoch 85/100	Loss nan ± nan
INFO:meta-cli.py:Epoch 86/100	Loss nan ± nan
INFO:meta-cli.py:Epoch 87/100	Loss nan ± nan
INFO:meta-cli.py:Epoch 87/100	dev results	MRR 0.000634	H@1 0.000165	H@3 0.000659	H@5 0.000989	H@10 0.000989
INFO:meta-cli.py:Epoch 87/100	test results	MRR 0.000383	H@1 0.000160	H@3 0.000160	H@5 0.000160	H@10 0.000160
INFO:meta-cli.py:Epoch 88/100	Loss nan ± nan
INFO:meta-cli.py:Epoch 89/100	Loss nan ± nan
INFO:meta-cli.py:Epoch 90/100	Loss nan ± nan
INFO:meta-cli.py:Epoch 90/100	dev results	MRR 0.000634	H@1 0.000165	H@3 0.000659	H@5 0.000989	H@10 0.000989
INFO:meta-cli.py:Epoch 90/100	test results	MRR 0.000383	H@1 0.000160	H@3 0.000160	H@5 0.000160	H@10 0.000160
INFO:meta-cli.py:Epoch 91/100	Loss nan ± nan
INFO:meta-cli.py:Epoch 92/100	Loss nan ± nan
INFO:meta-cli.py:Epoch 93/100	Loss nan ± nan
INFO:meta-cli.py:Epoch 93/100	dev results	MRR 0.000634	H@1 0.000165	H@3 0.000659	H@5 0.000989	H@10 0.000989
INFO:meta-cli.py:Epoch 93/100	test results	MRR 0.000383	H@1 0.000160	H@3 0.000160	H@5 0.000160	H@10 0.000160
INFO:meta-cli.py:Epoch 94/100	Loss nan ± nan
INFO:meta-cli.py:Epoch 95/100	Loss nan ± nan
INFO:meta-cli.py:Epoch 96/100	Loss nan ± nan
INFO:meta-cli.py:Epoch 96/100	dev results	MRR 0.000634	H@1 0.000165	H@3 0.000659	H@5 0.000989	H@10 0.000989
INFO:meta-cli.py:Epoch 96/100	test results	MRR 0.000383	H@1 0.000160	H@3 0.000160	H@5 0.000160	H@10 0.000160
INFO:meta-cli.py:Epoch 97/100	Loss nan ± nan
INFO:meta-cli.py:Epoch 98/100	Loss nan ± nan
INFO:meta-cli.py:Epoch 99/100	Loss nan ± nan
INFO:meta-cli.py:Epoch 99/100	dev results	MRR 0.000634	H@1 0.000165	H@3 0.000659	H@5 0.000989	H@10 0.000989
INFO:meta-cli.py:Epoch 99/100	test results	MRR 0.000383	H@1 0.000160	H@3 0.000160	H@5 0.000160	H@10 0.000160
INFO:meta-cli.py:Epoch 100/100	Loss nan ± nan
INFO:meta-cli.py:Final 	dev results	MRR 0.000634	H@1 0.000165	H@3 0.000659	H@5 0.000989	H@10 0.000989
INFO:meta-cli.py:Final 	test results	MRR 0.000383	H@1 0.000160	H@3 0.000160	H@5 0.000160	H@10 0.000160
INFO:meta-cli.py:Training finished
