./bin/meta-cli.py --train data/wn18rr/train.tsv --dev data/wn18rr/dev.tsv --test data/wn18rr/test.tsv -m complex -k 4000 -b 100 -e 100 --F2 0 --N3 0.01 -l 0.1 -I standard -V 3 -o adagrad -q
{'F2': 0.0,
 'N3': 0.01,
 'batch_size': 100,
 'dev': 'data/wn18rr/dev.tsv',
 'embedding_size': 4000,
 'epochs': 100,
 'eval_batch_size': None,
 'input_type': 'standard',
 'learning_rate': 0.1,
 'load': None,
 'model': 'complex',
 'optimizer': 'adagrad',
 'quiet': True,
 'save': None,
 'seed': 0,
 'test': 'data/wn18rr/test.tsv',
 'test_i': None,
 'test_ii': None,
 'train': 'data/wn18rr/train.tsv',
 'validate_every': 3}
INFO:meta-cli.py:Device: cuda
INFO:meta-cli.py:Model state:
INFO:meta-cli.py:	entities.weight	torch.Size([40943, 8000])
INFO:meta-cli.py:	predicates.weight	torch.Size([11, 8000])
INFO:meta-cli.py:Epoch 1/100	Loss 21.1111 ± 1.4566
INFO:meta-cli.py:Epoch 2/100	Loss 11.8293 ± 0.6313
INFO:meta-cli.py:Epoch 3/100	Loss 7.1489 ± 0.3678
INFO:meta-cli.py:Epoch 3/100	dev results	MRR 0.423629	H@1 0.394199	H@3 0.436388	H@5 0.452703	H@10 0.475445
INFO:meta-cli.py:Epoch 3/100	test results	MRR 0.426525	H@1 0.399968	H@3 0.436503	H@5 0.451181	H@10 0.472878
INFO:meta-cli.py:Epoch 4/100	Loss 6.1061 ± 0.2895
INFO:meta-cli.py:Epoch 5/100	Loss 5.5441 ± 0.2845
INFO:meta-cli.py:Epoch 6/100	Loss 5.1941 ± 0.2792
INFO:meta-cli.py:Epoch 6/100	dev results	MRR 0.439309	H@1 0.411668	H@3 0.449407	H@5 0.467205	H@10 0.492419
INFO:meta-cli.py:Epoch 6/100	test results	MRR 0.438700	H@1 0.411615	H@3 0.445756	H@5 0.465061	H@10 0.491704
INFO:meta-cli.py:Epoch 7/100	Loss 4.9346 ± 0.2758
INFO:meta-cli.py:Epoch 8/100	Loss 4.7369 ± 0.2788
INFO:meta-cli.py:Epoch 9/100	Loss 4.5754 ± 0.2691
INFO:meta-cli.py:Epoch 9/100	dev results	MRR 0.445109	H@1 0.415788	H@3 0.456163	H@5 0.473138	H@10 0.500989
INFO:meta-cli.py:Epoch 9/100	test results	MRR 0.447248	H@1 0.418953	H@3 0.456605	H@5 0.473357	H@10 0.502393
INFO:meta-cli.py:Epoch 10/100	Loss 4.4403 ± 0.2633
INFO:meta-cli.py:Epoch 11/100	Loss 4.3267 ± 0.2645
INFO:meta-cli.py:Epoch 12/100	Loss 4.2321 ± 0.2656
INFO:meta-cli.py:Epoch 12/100	dev results	MRR 0.447309	H@1 0.416612	H@3 0.458141	H@5 0.479895	H@10 0.504944
INFO:meta-cli.py:Epoch 12/100	test results	MRR 0.449258	H@1 0.419592	H@3 0.458839	H@5 0.477824	H@10 0.508137
INFO:meta-cli.py:Epoch 13/100	Loss 4.1451 ± 0.2615
INFO:meta-cli.py:Epoch 14/100	Loss 4.0698 ± 0.2638
INFO:meta-cli.py:Epoch 15/100	Loss 4.0031 ± 0.2636
INFO:meta-cli.py:Epoch 15/100	dev results	MRR 0.451915	H@1 0.420732	H@3 0.463579	H@5 0.482861	H@10 0.509723
INFO:meta-cli.py:Epoch 15/100	test results	MRR 0.453397	H@1 0.421825	H@3 0.464901	H@5 0.484205	H@10 0.514518
INFO:meta-cli.py:Epoch 16/100	Loss 3.9463 ± 0.2615
INFO:meta-cli.py:Epoch 17/100	Loss 3.8912 ± 0.2537
INFO:meta-cli.py:Epoch 18/100	Loss 3.8429 ± 0.2478
INFO:meta-cli.py:Epoch 18/100	dev results	MRR 0.452841	H@1 0.421226	H@3 0.464403	H@5 0.485992	H@10 0.512525
INFO:meta-cli.py:Epoch 18/100	test results	MRR 0.454786	H@1 0.421825	H@3 0.466337	H@5 0.488832	H@10 0.517230
INFO:meta-cli.py:Epoch 19/100	Loss 3.7984 ± 0.2535
INFO:meta-cli.py:Epoch 20/100	Loss 3.7592 ± 0.2454
INFO:meta-cli.py:Epoch 21/100	Loss 3.7216 ± 0.2442
INFO:meta-cli.py:Epoch 21/100	dev results	MRR 0.454265	H@1 0.422380	H@3 0.466216	H@5 0.485662	H@10 0.514173
INFO:meta-cli.py:Epoch 21/100	test results	MRR 0.457962	H@1 0.426133	H@3 0.467454	H@5 0.489789	H@10 0.522176
INFO:meta-cli.py:Epoch 22/100	Loss 3.6873 ± 0.2516
INFO:meta-cli.py:Epoch 23/100	Loss 3.6544 ± 0.2449
INFO:meta-cli.py:Epoch 24/100	Loss 3.6271 ± 0.2452
INFO:meta-cli.py:Epoch 24/100	dev results	MRR 0.456401	H@1 0.424687	H@3 0.466875	H@5 0.486157	H@10 0.516809
INFO:meta-cli.py:Epoch 24/100	test results	MRR 0.458439	H@1 0.424697	H@3 0.470804	H@5 0.492342	H@10 0.524410
INFO:meta-cli.py:Epoch 25/100	Loss 3.5981 ± 0.2411
INFO:meta-cli.py:Epoch 26/100	Loss 3.5726 ± 0.2427
INFO:meta-cli.py:Epoch 27/100	Loss 3.5483 ± 0.2475
INFO:meta-cli.py:Epoch 27/100	dev results	MRR 0.456690	H@1 0.424357	H@3 0.467864	H@5 0.487475	H@10 0.519281
INFO:meta-cli.py:Epoch 27/100	test results	MRR 0.460272	H@1 0.426930	H@3 0.470964	H@5 0.493778	H@10 0.524888
INFO:meta-cli.py:Epoch 28/100	Loss 3.5257 ± 0.2413
INFO:meta-cli.py:Epoch 29/100	Loss 3.5044 ± 0.2422
INFO:meta-cli.py:Epoch 30/100	Loss 3.4855 ± 0.2328
INFO:meta-cli.py:Epoch 30/100	dev results	MRR 0.457730	H@1 0.424522	H@3 0.470171	H@5 0.490936	H@10 0.520270
INFO:meta-cli.py:Epoch 30/100	test results	MRR 0.462048	H@1 0.428366	H@3 0.472878	H@5 0.496011	H@10 0.528877
INFO:meta-cli.py:Epoch 31/100	Loss 3.4658 ± 0.2406
INFO:meta-cli.py:Epoch 32/100	Loss 3.4476 ± 0.2375
INFO:meta-cli.py:Epoch 33/100	Loss 3.4309 ± 0.2350
INFO:meta-cli.py:Epoch 33/100	dev results	MRR 0.458522	H@1 0.425511	H@3 0.470171	H@5 0.489782	H@10 0.521589
INFO:meta-cli.py:Epoch 33/100	test results	MRR 0.462733	H@1 0.428207	H@3 0.474314	H@5 0.496809	H@10 0.529994
INFO:meta-cli.py:Epoch 34/100	Loss 3.4153 ± 0.2261
INFO:meta-cli.py:Epoch 35/100	Loss 3.4000 ± 0.2363
INFO:meta-cli.py:Epoch 36/100	Loss 3.3850 ± 0.2308
INFO:meta-cli.py:Epoch 36/100	dev results	MRR 0.459549	H@1 0.426170	H@3 0.471490	H@5 0.492254	H@10 0.521259
INFO:meta-cli.py:Epoch 36/100	test results	MRR 0.463571	H@1 0.429164	H@3 0.473676	H@5 0.501276	H@10 0.529994
INFO:meta-cli.py:Epoch 37/100	Loss 3.3712 ± 0.2307
INFO:meta-cli.py:Epoch 38/100	Loss 3.3576 ± 0.2404
INFO:meta-cli.py:Epoch 39/100	Loss 3.3449 ± 0.2312
INFO:meta-cli.py:Epoch 39/100	dev results	MRR 0.460672	H@1 0.427159	H@3 0.472643	H@5 0.492584	H@10 0.523237
INFO:meta-cli.py:Epoch 39/100	test results	MRR 0.464488	H@1 0.429483	H@3 0.476548	H@5 0.499840	H@10 0.534142
INFO:meta-cli.py:Epoch 40/100	Loss 3.3333 ± 0.2230
INFO:meta-cli.py:Epoch 41/100	Loss 3.3215 ± 0.2257
INFO:meta-cli.py:Epoch 42/100	Loss 3.3107 ± 0.2210
INFO:meta-cli.py:Epoch 42/100	dev results	MRR 0.461707	H@1 0.428312	H@3 0.472808	H@5 0.494067	H@10 0.523896
INFO:meta-cli.py:Epoch 42/100	test results	MRR 0.465573	H@1 0.430121	H@3 0.478143	H@5 0.502872	H@10 0.535418
INFO:meta-cli.py:Epoch 43/100	Loss 3.3003 ± 0.2231
INFO:meta-cli.py:Epoch 44/100	Loss 3.2896 ± 0.2184
INFO:meta-cli.py:Epoch 45/100	Loss 3.2804 ± 0.2160
INFO:meta-cli.py:Epoch 45/100	dev results	MRR 0.461068	H@1 0.426829	H@3 0.472973	H@5 0.493573	H@10 0.525379
INFO:meta-cli.py:Epoch 45/100	test results	MRR 0.465197	H@1 0.429643	H@3 0.477664	H@5 0.501755	H@10 0.535258
INFO:meta-cli.py:Epoch 46/100	Loss 3.2701 ± 0.2196
INFO:meta-cli.py:Epoch 47/100	Loss 3.2615 ± 0.2235
INFO:meta-cli.py:Epoch 48/100	Loss 3.2531 ± 0.2219
INFO:meta-cli.py:Epoch 48/100	dev results	MRR 0.461638	H@1 0.427324	H@3 0.472808	H@5 0.494232	H@10 0.524720
INFO:meta-cli.py:Epoch 48/100	test results	MRR 0.466104	H@1 0.430600	H@3 0.478462	H@5 0.504627	H@10 0.535099
INFO:meta-cli.py:Epoch 49/100	Loss 3.2438 ± 0.2160
INFO:meta-cli.py:Epoch 50/100	Loss 3.2356 ± 0.2191
INFO:meta-cli.py:Epoch 51/100	Loss 3.2278 ± 0.2131
INFO:meta-cli.py:Epoch 51/100	dev results	MRR 0.462057	H@1 0.427983	H@3 0.471984	H@5 0.496045	H@10 0.526533
INFO:meta-cli.py:Epoch 51/100	test results	MRR 0.466171	H@1 0.428845	H@3 0.480696	H@5 0.505584	H@10 0.537013
INFO:meta-cli.py:Epoch 52/100	Loss 3.2199 ± 0.2228
INFO:meta-cli.py:Epoch 53/100	Loss 3.2124 ± 0.2131
INFO:meta-cli.py:Epoch 54/100	Loss 3.2052 ± 0.2208
INFO:meta-cli.py:Epoch 54/100	dev results	MRR 0.463581	H@1 0.429960	H@3 0.473632	H@5 0.495056	H@10 0.527686
INFO:meta-cli.py:Epoch 54/100	test results	MRR 0.466734	H@1 0.430121	H@3 0.480377	H@5 0.505743	H@10 0.535258
INFO:meta-cli.py:Epoch 55/100	Loss 3.1985 ± 0.2224
INFO:meta-cli.py:Epoch 56/100	Loss 3.1915 ± 0.2092
INFO:meta-cli.py:Epoch 57/100	Loss 3.1851 ± 0.2243
INFO:meta-cli.py:Epoch 57/100	dev results	MRR 0.463194	H@1 0.429136	H@3 0.474127	H@5 0.495221	H@10 0.530158
INFO:meta-cli.py:Epoch 57/100	test results	MRR 0.467354	H@1 0.431238	H@3 0.480057	H@5 0.505105	H@10 0.538290
INFO:meta-cli.py:Epoch 58/100	Loss 3.1787 ± 0.2146
INFO:meta-cli.py:Epoch 59/100	Loss 3.1727 ± 0.2191
INFO:meta-cli.py:Epoch 60/100	Loss 3.1664 ± 0.2104
INFO:meta-cli.py:Epoch 60/100	dev results	MRR 0.463517	H@1 0.429466	H@3 0.473467	H@5 0.495221	H@10 0.530323
INFO:meta-cli.py:Epoch 60/100	test results	MRR 0.467044	H@1 0.430121	H@3 0.479419	H@5 0.507020	H@10 0.537811
INFO:meta-cli.py:Epoch 61/100	Loss 3.1606 ± 0.2179
INFO:meta-cli.py:Epoch 62/100	Loss 3.1545 ± 0.2136
INFO:meta-cli.py:Epoch 63/100	Loss 3.1496 ± 0.2055
INFO:meta-cli.py:Epoch 63/100	dev results	MRR 0.464153	H@1 0.430125	H@3 0.473303	H@5 0.495880	H@10 0.532301
INFO:meta-cli.py:Epoch 63/100	test results	MRR 0.467222	H@1 0.429802	H@3 0.480217	H@5 0.506541	H@10 0.539566
INFO:meta-cli.py:Epoch 64/100	Loss 3.1448 ± 0.2077
INFO:meta-cli.py:Epoch 65/100	Loss 3.1385 ± 0.2111
INFO:meta-cli.py:Epoch 66/100	Loss 3.1337 ± 0.2004
INFO:meta-cli.py:Epoch 66/100	dev results	MRR 0.464177	H@1 0.430125	H@3 0.474291	H@5 0.496704	H@10 0.530158
INFO:meta-cli.py:Epoch 66/100	test results	MRR 0.467745	H@1 0.431078	H@3 0.481493	H@5 0.505743	H@10 0.538928
INFO:meta-cli.py:Epoch 67/100	Loss 3.1286 ± 0.2110
INFO:meta-cli.py:Epoch 68/100	Loss 3.1241 ± 0.2127
INFO:meta-cli.py:Epoch 69/100	Loss 3.1192 ± 0.2107
INFO:meta-cli.py:Epoch 69/100	dev results	MRR 0.464486	H@1 0.430949	H@3 0.474786	H@5 0.495715	H@10 0.532301
INFO:meta-cli.py:Epoch 69/100	test results	MRR 0.467643	H@1 0.431557	H@3 0.480696	H@5 0.505424	H@10 0.539247
INFO:meta-cli.py:Epoch 70/100	Loss 3.1146 ± 0.2097
INFO:meta-cli.py:Epoch 71/100	Loss 3.1103 ± 0.2067
INFO:meta-cli.py:Epoch 72/100	Loss 3.1062 ± 0.2065
INFO:meta-cli.py:Epoch 72/100	dev results	MRR 0.464688	H@1 0.430290	H@3 0.475280	H@5 0.497034	H@10 0.532795
INFO:meta-cli.py:Epoch 72/100	test results	MRR 0.468153	H@1 0.431398	H@3 0.482929	H@5 0.506382	H@10 0.541321
INFO:meta-cli.py:Epoch 73/100	Loss 3.1018 ± 0.2076
INFO:meta-cli.py:Epoch 74/100	Loss 3.0969 ± 0.2065
INFO:meta-cli.py:Epoch 75/100	Loss 3.0931 ± 0.2017
INFO:meta-cli.py:Epoch 75/100	dev results	MRR 0.464413	H@1 0.429631	H@3 0.475939	H@5 0.498517	H@10 0.532630
INFO:meta-cli.py:Epoch 75/100	test results	MRR 0.468245	H@1 0.431078	H@3 0.482131	H@5 0.506701	H@10 0.539726
INFO:meta-cli.py:Epoch 76/100	Loss 3.0895 ± 0.2079
INFO:meta-cli.py:Epoch 77/100	Loss 3.0855 ± 0.2021
INFO:meta-cli.py:Epoch 78/100	Loss 3.0813 ± 0.1997
INFO:meta-cli.py:Epoch 78/100	dev results	MRR 0.464765	H@1 0.430125	H@3 0.475775	H@5 0.497034	H@10 0.532301
INFO:meta-cli.py:Epoch 78/100	test results	MRR 0.467848	H@1 0.430600	H@3 0.481653	H@5 0.508137	H@10 0.541481
INFO:meta-cli.py:Epoch 79/100	Loss 3.0773 ± 0.1987
INFO:meta-cli.py:Epoch 80/100	Loss 3.0743 ± 0.2022
INFO:meta-cli.py:Epoch 81/100	Loss 3.0702 ± 0.2057
INFO:meta-cli.py:Epoch 81/100	dev results	MRR 0.465130	H@1 0.430949	H@3 0.475939	H@5 0.499011	H@10 0.533289
INFO:meta-cli.py:Epoch 81/100	test results	MRR 0.468585	H@1 0.430919	H@3 0.482291	H@5 0.507658	H@10 0.541959
INFO:meta-cli.py:Epoch 82/100	Loss 3.0673 ± 0.1999
INFO:meta-cli.py:Epoch 83/100	Loss 3.0632 ± 0.1972
INFO:meta-cli.py:Epoch 84/100	Loss 3.0599 ± 0.2024
INFO:meta-cli.py:Epoch 84/100	dev results	MRR 0.466023	H@1 0.432268	H@3 0.474786	H@5 0.498682	H@10 0.533619
INFO:meta-cli.py:Epoch 84/100	test results	MRR 0.469428	H@1 0.432355	H@3 0.483248	H@5 0.507658	H@10 0.542119
INFO:meta-cli.py:Epoch 85/100	Loss 3.0568 ± 0.2010
INFO:meta-cli.py:Epoch 86/100	Loss 3.0538 ± 0.1991
INFO:meta-cli.py:Epoch 87/100	Loss 3.0508 ± 0.2017
INFO:meta-cli.py:Epoch 87/100	dev results	MRR 0.466247	H@1 0.432268	H@3 0.475939	H@5 0.499670	H@10 0.533784
INFO:meta-cli.py:Epoch 87/100	test results	MRR 0.468585	H@1 0.430759	H@3 0.482929	H@5 0.507498	H@10 0.543714
INFO:meta-cli.py:Epoch 88/100	Loss 3.0470 ± 0.2009
INFO:meta-cli.py:Epoch 89/100	Loss 3.0442 ± 0.1960
INFO:meta-cli.py:Epoch 90/100	Loss 3.0412 ± 0.2093
INFO:meta-cli.py:Epoch 90/100	dev results	MRR 0.465369	H@1 0.429960	H@3 0.476599	H@5 0.500659	H@10 0.534937
INFO:meta-cli.py:Epoch 90/100	test results	MRR 0.469417	H@1 0.432036	H@3 0.481972	H@5 0.508296	H@10 0.544512
INFO:meta-cli.py:Epoch 91/100	Loss 3.0381 ± 0.2004
INFO:meta-cli.py:Epoch 92/100	Loss 3.0354 ± 0.2043
INFO:meta-cli.py:Epoch 93/100	Loss 3.0330 ± 0.1996
INFO:meta-cli.py:Epoch 93/100	dev results	MRR 0.465796	H@1 0.431279	H@3 0.475445	H@5 0.500330	H@10 0.534937
INFO:meta-cli.py:Epoch 93/100	test results	MRR 0.469609	H@1 0.432355	H@3 0.481493	H@5 0.509413	H@10 0.545150
INFO:meta-cli.py:Epoch 94/100	Loss 3.0304 ± 0.2003
INFO:meta-cli.py:Epoch 95/100	Loss 3.0270 ± 0.1967
INFO:meta-cli.py:Epoch 96/100	Loss 3.0243 ± 0.1958
INFO:meta-cli.py:Epoch 96/100	dev results	MRR 0.466328	H@1 0.431608	H@3 0.476928	H@5 0.499506	H@10 0.534443
INFO:meta-cli.py:Epoch 96/100	test results	MRR 0.469346	H@1 0.432036	H@3 0.481972	H@5 0.508137	H@10 0.545948
INFO:meta-cli.py:Epoch 97/100	Loss 3.0218 ± 0.1948
INFO:meta-cli.py:Epoch 98/100	Loss 3.0190 ± 0.2006
INFO:meta-cli.py:Epoch 99/100	Loss 3.0167 ± 0.1836
INFO:meta-cli.py:Epoch 99/100	dev results	MRR 0.467230	H@1 0.432927	H@3 0.477587	H@5 0.500989	H@10 0.535761
INFO:meta-cli.py:Epoch 99/100	test results	MRR 0.469657	H@1 0.431876	H@3 0.482291	H@5 0.510370	H@10 0.545629
INFO:meta-cli.py:Epoch 100/100	Loss 3.0139 ± 0.1970
INFO:meta-cli.py:Final 	dev results	MRR 0.466494	H@1 0.431608	H@3 0.476928	H@5 0.501154	H@10 0.536091
INFO:meta-cli.py:Final 	test results	MRR 0.470006	H@1 0.432514	H@3 0.482929	H@5 0.509253	H@10 0.545469
INFO:meta-cli.py:Training finished
