./bin/meta-cli.py --train data/wn18rr/train.tsv --dev data/wn18rr/dev.tsv --test data/wn18rr/test.tsv -m complex -k 500 -b 100 -e 100 --F2 0 --N3 0.001 -l 0.1 -I reciprocal -V 3 -o adagrad -q
{'F2': 0.0,
 'N3': 0.001,
 'batch_size': 100,
 'dev': 'data/wn18rr/dev.tsv',
 'embedding_size': 500,
 'epochs': 100,
 'eval_batch_size': None,
 'input_type': 'reciprocal',
 'learning_rate': 0.1,
 'load': None,
 'model': 'complex',
 'optimizer': 'adagrad',
 'quiet': True,
 'save': None,
 'seed': 0,
 'test': 'data/wn18rr/test.tsv',
 'test_i': None,
 'test_ii': None,
 'train': 'data/wn18rr/train.tsv',
 'validate_every': 3}
INFO:meta-cli.py:Device: cuda
INFO:meta-cli.py:Model state:
INFO:meta-cli.py:	entities.weight	torch.Size([40943, 1000])
INFO:meta-cli.py:	predicates.weight	torch.Size([22, 1000])
INFO:meta-cli.py:Epoch 1/100	Loss 13.0722 ± 4.2518
INFO:meta-cli.py:Epoch 2/100	Loss 4.0165 ± 0.3085
INFO:meta-cli.py:Epoch 3/100	Loss 3.3573 ± 0.2187
INFO:meta-cli.py:Epoch 3/100	dev results	MRR 0.432986	H@1 0.409690	H@3 0.441332	H@5 0.456328	H@10 0.475115
INFO:meta-cli.py:Epoch 3/100	test results	MRR 0.430134	H@1 0.407945	H@3 0.436503	H@5 0.450223	H@10 0.472719
INFO:meta-cli.py:Epoch 4/100	Loss 3.1350 ± 0.2107
INFO:meta-cli.py:Epoch 5/100	Loss 3.0144 ± 0.2034
INFO:meta-cli.py:Epoch 6/100	Loss 2.9326 ± 0.2036
INFO:meta-cli.py:Epoch 6/100	dev results	MRR 0.440750	H@1 0.415953	H@3 0.450231	H@5 0.465227	H@10 0.486981
INFO:meta-cli.py:Epoch 6/100	test results	MRR 0.437872	H@1 0.414646	H@3 0.444639	H@5 0.458360	H@10 0.483248
INFO:meta-cli.py:Epoch 7/100	Loss 2.8730 ± 0.1972
INFO:meta-cli.py:Epoch 8/100	Loss 2.8249 ± 0.2025
INFO:meta-cli.py:Epoch 9/100	Loss 2.7879 ± 0.1907
INFO:meta-cli.py:Epoch 9/100	dev results	MRR 0.443129	H@1 0.418589	H@3 0.452044	H@5 0.465722	H@10 0.488464
INFO:meta-cli.py:Epoch 9/100	test results	MRR 0.441436	H@1 0.417039	H@3 0.449426	H@5 0.463784	H@10 0.486599
INFO:meta-cli.py:Epoch 10/100	Loss 2.7532 ± 0.1913
INFO:meta-cli.py:Epoch 11/100	Loss 2.7261 ± 0.1936
INFO:meta-cli.py:Epoch 12/100	Loss 2.7019 ± 0.1949
INFO:meta-cli.py:Epoch 12/100	dev results	MRR 0.445583	H@1 0.419908	H@3 0.455339	H@5 0.471160	H@10 0.492419
INFO:meta-cli.py:Epoch 12/100	test results	MRR 0.445055	H@1 0.420708	H@3 0.453893	H@5 0.468890	H@10 0.490428
INFO:meta-cli.py:Epoch 13/100	Loss 2.6805 ± 0.1900
INFO:meta-cli.py:Epoch 14/100	Loss 2.6620 ± 0.1887
INFO:meta-cli.py:Epoch 15/100	Loss 2.6447 ± 0.1920
INFO:meta-cli.py:Epoch 15/100	dev results	MRR 0.447710	H@1 0.423039	H@3 0.454845	H@5 0.470995	H@10 0.496210
INFO:meta-cli.py:Epoch 15/100	test results	MRR 0.446353	H@1 0.421825	H@3 0.453574	H@5 0.469687	H@10 0.495214
INFO:meta-cli.py:Epoch 16/100	Loss 2.6286 ± 0.1855
INFO:meta-cli.py:Epoch 17/100	Loss 2.6150 ± 0.1862
INFO:meta-cli.py:Epoch 18/100	Loss 2.6015 ± 0.1925
INFO:meta-cli.py:Epoch 18/100	dev results	MRR 0.448349	H@1 0.422050	H@3 0.458141	H@5 0.473797	H@10 0.497858
INFO:meta-cli.py:Epoch 18/100	test results	MRR 0.448597	H@1 0.423740	H@3 0.457084	H@5 0.472878	H@10 0.498564
INFO:meta-cli.py:Epoch 19/100	Loss 2.5901 ± 0.1797
INFO:meta-cli.py:Epoch 20/100	Loss 2.5785 ± 0.1853
INFO:meta-cli.py:Epoch 21/100	Loss 2.5678 ± 0.1820
INFO:meta-cli.py:Epoch 21/100	dev results	MRR 0.450333	H@1 0.424192	H@3 0.459624	H@5 0.475115	H@10 0.500000
INFO:meta-cli.py:Epoch 21/100	test results	MRR 0.450294	H@1 0.425175	H@3 0.458679	H@5 0.473995	H@10 0.501595
INFO:meta-cli.py:Epoch 22/100	Loss 2.5585 ± 0.1861
INFO:meta-cli.py:Epoch 23/100	Loss 2.5494 ± 0.1838
INFO:meta-cli.py:Epoch 24/100	Loss 2.5410 ± 0.1851
INFO:meta-cli.py:Epoch 24/100	dev results	MRR 0.451331	H@1 0.425181	H@3 0.460778	H@5 0.476763	H@10 0.500165
INFO:meta-cli.py:Epoch 24/100	test results	MRR 0.450318	H@1 0.424537	H@3 0.458041	H@5 0.476548	H@10 0.501914
INFO:meta-cli.py:Epoch 25/100	Loss 2.5323 ± 0.1840
INFO:meta-cli.py:Epoch 26/100	Loss 2.5245 ± 0.1805
INFO:meta-cli.py:Epoch 27/100	Loss 2.5177 ± 0.1768
INFO:meta-cli.py:Epoch 27/100	dev results	MRR 0.452594	H@1 0.425840	H@3 0.461602	H@5 0.480059	H@10 0.502142
INFO:meta-cli.py:Epoch 27/100	test results	MRR 0.452187	H@1 0.426133	H@3 0.460274	H@5 0.479100	H@10 0.502234
INFO:meta-cli.py:Epoch 28/100	Loss 2.5108 ± 0.1817
INFO:meta-cli.py:Epoch 29/100	Loss 2.5046 ± 0.1844
INFO:meta-cli.py:Epoch 30/100	Loss 2.4984 ± 0.1752
INFO:meta-cli.py:Epoch 30/100	dev results	MRR 0.452851	H@1 0.427159	H@3 0.460613	H@5 0.477587	H@10 0.502966
INFO:meta-cli.py:Epoch 30/100	test results	MRR 0.452227	H@1 0.426611	H@3 0.459796	H@5 0.478462	H@10 0.503031
INFO:meta-cli.py:Epoch 31/100	Loss 2.4923 ± 0.1813
INFO:meta-cli.py:Epoch 32/100	Loss 2.4866 ± 0.1826
INFO:meta-cli.py:Epoch 33/100	Loss 2.4811 ± 0.1776
INFO:meta-cli.py:Epoch 33/100	dev results	MRR 0.453671	H@1 0.426829	H@3 0.464074	H@5 0.479730	H@10 0.502307
INFO:meta-cli.py:Epoch 33/100	test results	MRR 0.452291	H@1 0.425495	H@3 0.461870	H@5 0.481174	H@10 0.504467
INFO:meta-cli.py:Epoch 34/100	Loss 2.4759 ± 0.1794
INFO:meta-cli.py:Epoch 35/100	Loss 2.4711 ± 0.1751
INFO:meta-cli.py:Epoch 36/100	Loss 2.4661 ± 0.1789
INFO:meta-cli.py:Epoch 36/100	dev results	MRR 0.454411	H@1 0.428148	H@3 0.463085	H@5 0.479400	H@10 0.502966
INFO:meta-cli.py:Epoch 36/100	test results	MRR 0.453402	H@1 0.426611	H@3 0.462668	H@5 0.481334	H@10 0.503989
INFO:meta-cli.py:Epoch 37/100	Loss 2.4618 ± 0.1767
INFO:meta-cli.py:Epoch 38/100	Loss 2.4570 ± 0.1749
INFO:meta-cli.py:Epoch 39/100	Loss 2.4530 ± 0.1767
INFO:meta-cli.py:Epoch 39/100	dev results	MRR 0.454373	H@1 0.428148	H@3 0.463744	H@5 0.479895	H@10 0.502472
INFO:meta-cli.py:Epoch 39/100	test results	MRR 0.453374	H@1 0.426452	H@3 0.463306	H@5 0.481174	H@10 0.505265
INFO:meta-cli.py:Epoch 40/100	Loss 2.4486 ± 0.1726
INFO:meta-cli.py:Epoch 41/100	Loss 2.4447 ± 0.1774
INFO:meta-cli.py:Epoch 42/100	Loss 2.4408 ± 0.1814
INFO:meta-cli.py:Epoch 42/100	dev results	MRR 0.454127	H@1 0.427488	H@3 0.463909	H@5 0.480719	H@10 0.504614
INFO:meta-cli.py:Epoch 42/100	test results	MRR 0.454065	H@1 0.427250	H@3 0.464103	H@5 0.483727	H@10 0.505743
INFO:meta-cli.py:Epoch 43/100	Loss 2.4370 ± 0.1784
INFO:meta-cli.py:Epoch 44/100	Loss 2.4334 ± 0.1751
INFO:meta-cli.py:Epoch 45/100	Loss 2.4292 ± 0.1712
INFO:meta-cli.py:Epoch 45/100	dev results	MRR 0.455217	H@1 0.428642	H@3 0.464403	H@5 0.480059	H@10 0.505603
INFO:meta-cli.py:Epoch 45/100	test results	MRR 0.454832	H@1 0.427728	H@3 0.464901	H@5 0.483408	H@10 0.507020
INFO:meta-cli.py:Epoch 46/100	Loss 2.4262 ± 0.1717
INFO:meta-cli.py:Epoch 47/100	Loss 2.4232 ± 0.1739
INFO:meta-cli.py:Epoch 48/100	Loss 2.4200 ± 0.1771
INFO:meta-cli.py:Epoch 48/100	dev results	MRR 0.455092	H@1 0.429136	H@3 0.462755	H@5 0.480389	H@10 0.504614
INFO:meta-cli.py:Epoch 48/100	test results	MRR 0.454440	H@1 0.427250	H@3 0.463784	H@5 0.481972	H@10 0.506701
INFO:meta-cli.py:Epoch 49/100	Loss 2.4167 ± 0.1777
INFO:meta-cli.py:Epoch 50/100	Loss 2.4137 ± 0.1686
INFO:meta-cli.py:Epoch 51/100	Loss 2.4103 ± 0.1763
INFO:meta-cli.py:Epoch 51/100	dev results	MRR 0.456294	H@1 0.429960	H@3 0.465063	H@5 0.482202	H@10 0.506427
INFO:meta-cli.py:Epoch 51/100	test results	MRR 0.455153	H@1 0.428207	H@3 0.466656	H@5 0.484365	H@10 0.507339
INFO:meta-cli.py:Epoch 52/100	Loss 2.4078 ± 0.1676
INFO:meta-cli.py:Epoch 53/100	Loss 2.4049 ± 0.1703
INFO:meta-cli.py:Epoch 54/100	Loss 2.4020 ± 0.1727
INFO:meta-cli.py:Epoch 54/100	dev results	MRR 0.455990	H@1 0.430125	H@3 0.464239	H@5 0.479895	H@10 0.504450
INFO:meta-cli.py:Epoch 54/100	test results	MRR 0.455611	H@1 0.428526	H@3 0.465539	H@5 0.483727	H@10 0.508456
INFO:meta-cli.py:Epoch 55/100	Loss 2.3995 ± 0.1728
INFO:meta-cli.py:Epoch 56/100	Loss 2.3969 ± 0.1730
INFO:meta-cli.py:Epoch 57/100	Loss 2.3942 ± 0.1642
INFO:meta-cli.py:Epoch 57/100	dev results	MRR 0.456554	H@1 0.430949	H@3 0.464239	H@5 0.480554	H@10 0.506098
INFO:meta-cli.py:Epoch 57/100	test results	MRR 0.455920	H@1 0.428366	H@3 0.465220	H@5 0.485003	H@10 0.509572
INFO:meta-cli.py:Epoch 58/100	Loss 2.3917 ± 0.1717
INFO:meta-cli.py:Epoch 59/100	Loss 2.3893 ± 0.1722
INFO:meta-cli.py:Epoch 60/100	Loss 2.3870 ± 0.1654
INFO:meta-cli.py:Epoch 60/100	dev results	MRR 0.456678	H@1 0.430949	H@3 0.464898	H@5 0.480224	H@10 0.506262
INFO:meta-cli.py:Epoch 60/100	test results	MRR 0.456023	H@1 0.428526	H@3 0.466496	H@5 0.483886	H@10 0.509253
INFO:meta-cli.py:Epoch 61/100	Loss 2.3851 ± 0.1684
INFO:meta-cli.py:Epoch 62/100	Loss 2.3827 ± 0.1642
INFO:meta-cli.py:Epoch 63/100	Loss 2.3804 ± 0.1691
INFO:meta-cli.py:Epoch 63/100	dev results	MRR 0.456842	H@1 0.430290	H@3 0.466546	H@5 0.480224	H@10 0.507086
INFO:meta-cli.py:Epoch 63/100	test results	MRR 0.456571	H@1 0.428845	H@3 0.466975	H@5 0.484684	H@10 0.510530
INFO:meta-cli.py:Epoch 64/100	Loss 2.3781 ± 0.1690
INFO:meta-cli.py:Epoch 65/100	Loss 2.3759 ± 0.1749
INFO:meta-cli.py:Epoch 66/100	Loss 2.3741 ± 0.1688
INFO:meta-cli.py:Epoch 66/100	dev results	MRR 0.457101	H@1 0.430620	H@3 0.465392	H@5 0.482861	H@10 0.507086
INFO:meta-cli.py:Epoch 66/100	test results	MRR 0.456306	H@1 0.428207	H@3 0.466816	H@5 0.486918	H@10 0.510530
INFO:meta-cli.py:Epoch 67/100	Loss 2.3717 ± 0.1708
INFO:meta-cli.py:Epoch 68/100	Loss 2.3700 ± 0.1716
INFO:meta-cli.py:Epoch 69/100	Loss 2.3679 ± 0.1689
INFO:meta-cli.py:Epoch 69/100	dev results	MRR 0.457625	H@1 0.431608	H@3 0.465722	H@5 0.482861	H@10 0.507746
INFO:meta-cli.py:Epoch 69/100	test results	MRR 0.456758	H@1 0.428845	H@3 0.468411	H@5 0.486120	H@10 0.510849
INFO:meta-cli.py:Epoch 70/100	Loss 2.3662 ± 0.1661
INFO:meta-cli.py:Epoch 71/100	Loss 2.3644 ± 0.1667
INFO:meta-cli.py:Epoch 72/100	Loss 2.3624 ± 0.1682
INFO:meta-cli.py:Epoch 72/100	dev results	MRR 0.457302	H@1 0.430784	H@3 0.465887	H@5 0.482367	H@10 0.507416
INFO:meta-cli.py:Epoch 72/100	test results	MRR 0.456911	H@1 0.428526	H@3 0.467773	H@5 0.487237	H@10 0.511327
INFO:meta-cli.py:Epoch 73/100	Loss 2.3604 ± 0.1681
INFO:meta-cli.py:Epoch 74/100	Loss 2.3589 ± 0.1694
INFO:meta-cli.py:Epoch 75/100	Loss 2.3571 ± 0.1686
INFO:meta-cli.py:Epoch 75/100	dev results	MRR 0.457636	H@1 0.430784	H@3 0.467205	H@5 0.482861	H@10 0.508405
INFO:meta-cli.py:Epoch 75/100	test results	MRR 0.457149	H@1 0.428845	H@3 0.467932	H@5 0.486599	H@10 0.511168
INFO:meta-cli.py:Epoch 76/100	Loss 2.3554 ± 0.1661
INFO:meta-cli.py:Epoch 77/100	Loss 2.3537 ± 0.1647
INFO:meta-cli.py:Epoch 78/100	Loss 2.3522 ± 0.1625
INFO:meta-cli.py:Epoch 78/100	dev results	MRR 0.458158	H@1 0.431938	H@3 0.466711	H@5 0.482531	H@10 0.509229
INFO:meta-cli.py:Epoch 78/100	test results	MRR 0.457785	H@1 0.429643	H@3 0.469049	H@5 0.486918	H@10 0.511966
INFO:meta-cli.py:Epoch 79/100	Loss 2.3505 ± 0.1685
INFO:meta-cli.py:Epoch 80/100	Loss 2.3490 ± 0.1654
INFO:meta-cli.py:Epoch 81/100	Loss 2.3471 ± 0.1668
INFO:meta-cli.py:Epoch 81/100	dev results	MRR 0.457566	H@1 0.431114	H@3 0.467040	H@5 0.482531	H@10 0.508899
INFO:meta-cli.py:Epoch 81/100	test results	MRR 0.457848	H@1 0.429643	H@3 0.468890	H@5 0.489151	H@10 0.511168
INFO:meta-cli.py:Epoch 82/100	Loss 2.3456 ± 0.1641
INFO:meta-cli.py:Epoch 83/100	Loss 2.3443 ± 0.1680
INFO:meta-cli.py:Epoch 84/100	Loss 2.3427 ± 0.1664
INFO:meta-cli.py:Epoch 84/100	dev results	MRR 0.458594	H@1 0.432268	H@3 0.466875	H@5 0.483685	H@10 0.509229
INFO:meta-cli.py:Epoch 84/100	test results	MRR 0.457809	H@1 0.429324	H@3 0.469687	H@5 0.488034	H@10 0.511487
INFO:meta-cli.py:Epoch 85/100	Loss 2.3413 ± 0.1649
INFO:meta-cli.py:Epoch 86/100	Loss 2.3399 ± 0.1688
INFO:meta-cli.py:Epoch 87/100	Loss 2.3385 ± 0.1673
INFO:meta-cli.py:Epoch 87/100	dev results	MRR 0.458911	H@1 0.432762	H@3 0.467699	H@5 0.483355	H@10 0.509723
INFO:meta-cli.py:Epoch 87/100	test results	MRR 0.457830	H@1 0.428526	H@3 0.470485	H@5 0.489789	H@10 0.512444
INFO:meta-cli.py:Epoch 88/100	Loss 2.3372 ± 0.1651
INFO:meta-cli.py:Epoch 89/100	Loss 2.3357 ± 0.1661
INFO:meta-cli.py:Epoch 90/100	Loss 2.3345 ± 0.1668
INFO:meta-cli.py:Epoch 90/100	dev results	MRR 0.458487	H@1 0.432103	H@3 0.467205	H@5 0.483355	H@10 0.508734
INFO:meta-cli.py:Epoch 90/100	test results	MRR 0.458506	H@1 0.429962	H@3 0.470166	H@5 0.488673	H@10 0.512923
INFO:meta-cli.py:Epoch 91/100	Loss 2.3331 ± 0.1672
INFO:meta-cli.py:Epoch 92/100	Loss 2.3318 ± 0.1688
INFO:meta-cli.py:Epoch 93/100	Loss 2.3306 ± 0.1619
INFO:meta-cli.py:Epoch 93/100	dev results	MRR 0.459117	H@1 0.432927	H@3 0.466711	H@5 0.483355	H@10 0.509394
INFO:meta-cli.py:Epoch 93/100	test results	MRR 0.458391	H@1 0.429324	H@3 0.469847	H@5 0.488832	H@10 0.513880
INFO:meta-cli.py:Epoch 94/100	Loss 2.3294 ± 0.1657
INFO:meta-cli.py:Epoch 95/100	Loss 2.3280 ± 0.1671
INFO:meta-cli.py:Epoch 96/100	Loss 2.3267 ± 0.1688
INFO:meta-cli.py:Epoch 96/100	dev results	MRR 0.459361	H@1 0.433092	H@3 0.467040	H@5 0.482696	H@10 0.510218
INFO:meta-cli.py:Epoch 96/100	test results	MRR 0.458535	H@1 0.429483	H@3 0.470964	H@5 0.488513	H@10 0.514359
INFO:meta-cli.py:Epoch 97/100	Loss 2.3256 ± 0.1650
INFO:meta-cli.py:Epoch 98/100	Loss 2.3243 ± 0.1670
INFO:meta-cli.py:Epoch 99/100	Loss 2.3234 ± 0.1668
INFO:meta-cli.py:Epoch 99/100	dev results	MRR 0.459043	H@1 0.432432	H@3 0.467535	H@5 0.484015	H@10 0.509888
INFO:meta-cli.py:Epoch 99/100	test results	MRR 0.458505	H@1 0.429643	H@3 0.470166	H@5 0.488354	H@10 0.513561
INFO:meta-cli.py:Epoch 100/100	Loss 2.3220 ± 0.1667
INFO:meta-cli.py:Final 	dev results	MRR 0.458948	H@1 0.432268	H@3 0.466875	H@5 0.483685	H@10 0.511042
INFO:meta-cli.py:Final 	test results	MRR 0.458809	H@1 0.429962	H@3 0.470645	H@5 0.488354	H@10 0.514199
INFO:meta-cli.py:Training finished
