./bin/meta-cli.py --train data/wn18rr/train.tsv --dev data/wn18rr/dev.tsv --test data/wn18rr/test.tsv -m complex -k 1000 -b 1000 -e 100 --F2 0 --N3 0.005 -l 0.1 -I standard -V 3 -o adagrad -q
{'F2': 0.0,
 'N3': 0.005,
 'batch_size': 1000,
 'dev': 'data/wn18rr/dev.tsv',
 'embedding_size': 1000,
 'epochs': 100,
 'eval_batch_size': None,
 'input_type': 'standard',
 'learning_rate': 0.1,
 'load': None,
 'model': 'complex',
 'optimizer': 'adagrad',
 'quiet': True,
 'save': None,
 'seed': 0,
 'test': 'data/wn18rr/test.tsv',
 'test_i': None,
 'test_ii': None,
 'train': 'data/wn18rr/train.tsv',
 'validate_every': 3}
INFO:meta-cli.py:Device: cuda
INFO:meta-cli.py:Model state:
INFO:meta-cli.py:	entities.weight	torch.Size([40943, 2000])
INFO:meta-cli.py:	predicates.weight	torch.Size([11, 2000])
INFO:meta-cli.py:Epoch 1/100	Loss 19.0197 ± 1.4951
INFO:meta-cli.py:Epoch 2/100	Loss 9.6824 ± 0.2592
INFO:meta-cli.py:Epoch 3/100	Loss 5.1281 ± 0.3121
INFO:meta-cli.py:Epoch 3/100	dev results	MRR 0.426823	H@1 0.404087	H@3 0.436223	H@5 0.447429	H@10 0.466711
INFO:meta-cli.py:Epoch 3/100	test results	MRR 0.427869	H@1 0.405712	H@3 0.435546	H@5 0.447352	H@10 0.468092
INFO:meta-cli.py:Epoch 4/100	Loss 4.2873 ± 0.2563
INFO:meta-cli.py:Epoch 5/100	Loss 3.9428 ± 0.2530
INFO:meta-cli.py:Epoch 6/100	Loss 3.7570 ± 0.2425
INFO:meta-cli.py:Epoch 6/100	dev results	MRR 0.438733	H@1 0.416612	H@3 0.446111	H@5 0.460119	H@10 0.478576
INFO:meta-cli.py:Epoch 6/100	test results	MRR 0.438842	H@1 0.415763	H@3 0.445756	H@5 0.459636	H@10 0.484205
INFO:meta-cli.py:Epoch 7/100	Loss 3.6269 ± 0.2304
INFO:meta-cli.py:Epoch 8/100	Loss 3.5331 ± 0.2331
INFO:meta-cli.py:Epoch 9/100	Loss 3.4581 ± 0.2253
INFO:meta-cli.py:Epoch 9/100	dev results	MRR 0.442351	H@1 0.418260	H@3 0.451384	H@5 0.466875	H@10 0.485498
INFO:meta-cli.py:Epoch 9/100	test results	MRR 0.445459	H@1 0.421666	H@3 0.452457	H@5 0.470006	H@10 0.489630
INFO:meta-cli.py:Epoch 10/100	Loss 3.3957 ± 0.2147
INFO:meta-cli.py:Epoch 11/100	Loss 3.3446 ± 0.2154
INFO:meta-cli.py:Epoch 12/100	Loss 3.3012 ± 0.2165
INFO:meta-cli.py:Epoch 12/100	dev results	MRR 0.444890	H@1 0.420732	H@3 0.453197	H@5 0.468359	H@10 0.488629
INFO:meta-cli.py:Epoch 12/100	test results	MRR 0.448291	H@1 0.422782	H@3 0.456924	H@5 0.471602	H@10 0.495214
INFO:meta-cli.py:Epoch 13/100	Loss 3.2615 ± 0.2038
INFO:meta-cli.py:Epoch 14/100	Loss 3.2269 ± 0.2101
INFO:meta-cli.py:Epoch 15/100	Loss 3.1956 ± 0.2029
INFO:meta-cli.py:Epoch 15/100	dev results	MRR 0.449138	H@1 0.424687	H@3 0.458800	H@5 0.472973	H@10 0.493078
INFO:meta-cli.py:Epoch 15/100	test results	MRR 0.451236	H@1 0.425335	H@3 0.461232	H@5 0.474154	H@10 0.500798
INFO:meta-cli.py:Epoch 16/100	Loss 3.1690 ± 0.2015
INFO:meta-cli.py:Epoch 17/100	Loss 3.1426 ± 0.1978
INFO:meta-cli.py:Epoch 18/100	Loss 3.1197 ± 0.1853
INFO:meta-cli.py:Epoch 18/100	dev results	MRR 0.450569	H@1 0.425346	H@3 0.458800	H@5 0.474951	H@10 0.496210
INFO:meta-cli.py:Epoch 18/100	test results	MRR 0.452477	H@1 0.425654	H@3 0.463625	H@5 0.479260	H@10 0.501276
INFO:meta-cli.py:Epoch 19/100	Loss 3.0990 ± 0.1889
INFO:meta-cli.py:Epoch 20/100	Loss 3.0791 ± 0.1863
INFO:meta-cli.py:Epoch 21/100	Loss 3.0610 ± 0.1786
INFO:meta-cli.py:Epoch 21/100	dev results	MRR 0.451852	H@1 0.426500	H@3 0.460613	H@5 0.476269	H@10 0.498022
INFO:meta-cli.py:Epoch 21/100	test results	MRR 0.454206	H@1 0.428047	H@3 0.462508	H@5 0.479100	H@10 0.505105
INFO:meta-cli.py:Epoch 22/100	Loss 3.0441 ± 0.1922
INFO:meta-cli.py:Epoch 23/100	Loss 3.0278 ± 0.1797
INFO:meta-cli.py:Epoch 24/100	Loss 3.0142 ± 0.1852
INFO:meta-cli.py:Epoch 24/100	dev results	MRR 0.453834	H@1 0.428477	H@3 0.463085	H@5 0.477917	H@10 0.498682
INFO:meta-cli.py:Epoch 24/100	test results	MRR 0.456176	H@1 0.429483	H@3 0.464901	H@5 0.482131	H@10 0.507020
INFO:meta-cli.py:Epoch 25/100	Loss 2.9993 ± 0.1792
INFO:meta-cli.py:Epoch 26/100	Loss 2.9859 ± 0.1766
INFO:meta-cli.py:Epoch 27/100	Loss 2.9738 ± 0.1784
INFO:meta-cli.py:Epoch 27/100	dev results	MRR 0.454612	H@1 0.429136	H@3 0.463085	H@5 0.480224	H@10 0.500989
INFO:meta-cli.py:Epoch 27/100	test results	MRR 0.456301	H@1 0.428526	H@3 0.466656	H@5 0.484365	H@10 0.510211
INFO:meta-cli.py:Epoch 28/100	Loss 2.9620 ± 0.1783
INFO:meta-cli.py:Epoch 29/100	Loss 2.9510 ± 0.1759
INFO:meta-cli.py:Epoch 30/100	Loss 2.9405 ± 0.1611
INFO:meta-cli.py:Epoch 30/100	dev results	MRR 0.455707	H@1 0.430290	H@3 0.464074	H@5 0.481378	H@10 0.502637
INFO:meta-cli.py:Epoch 30/100	test results	MRR 0.457675	H@1 0.429324	H@3 0.468890	H@5 0.485163	H@10 0.512285
INFO:meta-cli.py:Epoch 31/100	Loss 2.9299 ± 0.1698
INFO:meta-cli.py:Epoch 32/100	Loss 2.9206 ± 0.1717
INFO:meta-cli.py:Epoch 33/100	Loss 2.9110 ± 0.1685
INFO:meta-cli.py:Epoch 33/100	dev results	MRR 0.456406	H@1 0.430620	H@3 0.464898	H@5 0.480389	H@10 0.504944
INFO:meta-cli.py:Epoch 33/100	test results	MRR 0.458484	H@1 0.429643	H@3 0.470006	H@5 0.487237	H@10 0.512285
INFO:meta-cli.py:Epoch 34/100	Loss 2.9030 ± 0.1590
INFO:meta-cli.py:Epoch 35/100	Loss 2.8941 ± 0.1654
INFO:meta-cli.py:Epoch 36/100	Loss 2.8862 ± 0.1543
INFO:meta-cli.py:Epoch 36/100	dev results	MRR 0.457128	H@1 0.430949	H@3 0.466051	H@5 0.481707	H@10 0.505933
INFO:meta-cli.py:Epoch 36/100	test results	MRR 0.459778	H@1 0.431078	H@3 0.470645	H@5 0.488673	H@10 0.515156
INFO:meta-cli.py:Epoch 37/100	Loss 2.8785 ± 0.1591
INFO:meta-cli.py:Epoch 38/100	Loss 2.8712 ± 0.1634
INFO:meta-cli.py:Epoch 39/100	Loss 2.8638 ± 0.1597
INFO:meta-cli.py:Epoch 39/100	dev results	MRR 0.457379	H@1 0.430290	H@3 0.467370	H@5 0.482202	H@10 0.505603
INFO:meta-cli.py:Epoch 39/100	test results	MRR 0.459957	H@1 0.430440	H@3 0.470804	H@5 0.489630	H@10 0.516592
INFO:meta-cli.py:Epoch 40/100	Loss 2.8575 ± 0.1541
INFO:meta-cli.py:Epoch 41/100	Loss 2.8510 ± 0.1558
INFO:meta-cli.py:Epoch 42/100	Loss 2.8437 ± 0.1518
INFO:meta-cli.py:Epoch 42/100	dev results	MRR 0.457074	H@1 0.429960	H@3 0.466546	H@5 0.484179	H@10 0.506757
INFO:meta-cli.py:Epoch 42/100	test results	MRR 0.461360	H@1 0.432195	H@3 0.471921	H@5 0.490747	H@10 0.517230
INFO:meta-cli.py:Epoch 43/100	Loss 2.8381 ± 0.1507
INFO:meta-cli.py:Epoch 44/100	Loss 2.8323 ± 0.1510
INFO:meta-cli.py:Epoch 45/100	Loss 2.8269 ± 0.1422
INFO:meta-cli.py:Epoch 45/100	dev results	MRR 0.458508	H@1 0.431608	H@3 0.467535	H@5 0.484179	H@10 0.510382
INFO:meta-cli.py:Epoch 45/100	test results	MRR 0.460976	H@1 0.430919	H@3 0.471761	H@5 0.492183	H@10 0.517549
INFO:meta-cli.py:Epoch 46/100	Loss 2.8209 ± 0.1439
INFO:meta-cli.py:Epoch 47/100	Loss 2.8156 ± 0.1539
INFO:meta-cli.py:Epoch 48/100	Loss 2.8105 ± 0.1521
INFO:meta-cli.py:Epoch 48/100	dev results	MRR 0.458971	H@1 0.431773	H@3 0.467864	H@5 0.485662	H@10 0.510547
INFO:meta-cli.py:Epoch 48/100	test results	MRR 0.461133	H@1 0.430600	H@3 0.472399	H@5 0.493618	H@10 0.518826
INFO:meta-cli.py:Epoch 49/100	Loss 2.8052 ± 0.1394
INFO:meta-cli.py:Epoch 50/100	Loss 2.8006 ± 0.1530
INFO:meta-cli.py:Epoch 51/100	Loss 2.7959 ± 0.1418
INFO:meta-cli.py:Epoch 51/100	dev results	MRR 0.459653	H@1 0.432268	H@3 0.469018	H@5 0.485333	H@10 0.510712
INFO:meta-cli.py:Epoch 51/100	test results	MRR 0.462217	H@1 0.431398	H@3 0.473038	H@5 0.493937	H@10 0.520102
INFO:meta-cli.py:Epoch 52/100	Loss 2.7913 ± 0.1505
INFO:meta-cli.py:Epoch 53/100	Loss 2.7865 ± 0.1419
INFO:meta-cli.py:Epoch 54/100	Loss 2.7828 ± 0.1482
INFO:meta-cli.py:Epoch 54/100	dev results	MRR 0.460312	H@1 0.433092	H@3 0.469018	H@5 0.486486	H@10 0.511701
INFO:meta-cli.py:Epoch 54/100	test results	MRR 0.462217	H@1 0.431398	H@3 0.473357	H@5 0.494257	H@10 0.520102
INFO:meta-cli.py:Epoch 55/100	Loss 2.7782 ± 0.1511
INFO:meta-cli.py:Epoch 56/100	Loss 2.7741 ± 0.1406
INFO:meta-cli.py:Epoch 57/100	Loss 2.7703 ± 0.1494
INFO:meta-cli.py:Epoch 57/100	dev results	MRR 0.459954	H@1 0.432103	H@3 0.469677	H@5 0.486157	H@10 0.513349
INFO:meta-cli.py:Epoch 57/100	test results	MRR 0.462572	H@1 0.431876	H@3 0.473516	H@5 0.494257	H@10 0.520421
INFO:meta-cli.py:Epoch 58/100	Loss 2.7662 ± 0.1410
INFO:meta-cli.py:Epoch 59/100	Loss 2.7625 ± 0.1422
INFO:meta-cli.py:Epoch 60/100	Loss 2.7587 ± 0.1382
INFO:meta-cli.py:Epoch 60/100	dev results	MRR 0.460304	H@1 0.431938	H@3 0.470501	H@5 0.486651	H@10 0.514832
INFO:meta-cli.py:Epoch 60/100	test results	MRR 0.463917	H@1 0.433631	H@3 0.474633	H@5 0.494576	H@10 0.521219
INFO:meta-cli.py:Epoch 61/100	Loss 2.7549 ± 0.1491
INFO:meta-cli.py:Epoch 62/100	Loss 2.7513 ± 0.1371
INFO:meta-cli.py:Epoch 63/100	Loss 2.7482 ± 0.1238
INFO:meta-cli.py:Epoch 63/100	dev results	MRR 0.460621	H@1 0.432103	H@3 0.471160	H@5 0.487970	H@10 0.515326
INFO:meta-cli.py:Epoch 63/100	test results	MRR 0.463376	H@1 0.432195	H@3 0.474633	H@5 0.495852	H@10 0.522336
INFO:meta-cli.py:Epoch 64/100	Loss 2.7449 ± 0.1291
INFO:meta-cli.py:Epoch 65/100	Loss 2.7412 ± 0.1349
INFO:meta-cli.py:Epoch 66/100	Loss 2.7382 ± 0.1301
INFO:meta-cli.py:Epoch 66/100	dev results	MRR 0.460918	H@1 0.432597	H@3 0.470007	H@5 0.488299	H@10 0.516150
INFO:meta-cli.py:Epoch 66/100	test results	MRR 0.464435	H@1 0.433791	H@3 0.476069	H@5 0.495533	H@10 0.522974
INFO:meta-cli.py:Epoch 67/100	Loss 2.7351 ± 0.1374
INFO:meta-cli.py:Epoch 68/100	Loss 2.7322 ± 0.1359
INFO:meta-cli.py:Epoch 69/100	Loss 2.7290 ± 0.1382
INFO:meta-cli.py:Epoch 69/100	dev results	MRR 0.461130	H@1 0.432597	H@3 0.470831	H@5 0.488794	H@10 0.515985
INFO:meta-cli.py:Epoch 69/100	test results	MRR 0.464665	H@1 0.434110	H@3 0.475909	H@5 0.495692	H@10 0.522655
INFO:meta-cli.py:Epoch 70/100	Loss 2.7261 ± 0.1356
INFO:meta-cli.py:Epoch 71/100	Loss 2.7230 ± 0.1286
INFO:meta-cli.py:Epoch 72/100	Loss 2.7206 ± 0.1325
INFO:meta-cli.py:Epoch 72/100	dev results	MRR 0.461877	H@1 0.433256	H@3 0.472149	H@5 0.489453	H@10 0.516480
INFO:meta-cli.py:Epoch 72/100	test results	MRR 0.464991	H@1 0.434110	H@3 0.476228	H@5 0.496171	H@10 0.523931
INFO:meta-cli.py:Epoch 73/100	Loss 2.7179 ± 0.1291
INFO:meta-cli.py:Epoch 74/100	Loss 2.7150 ± 0.1298
INFO:meta-cli.py:Epoch 75/100	Loss 2.7123 ± 0.1277
INFO:meta-cli.py:Epoch 75/100	dev results	MRR 0.462498	H@1 0.433916	H@3 0.472973	H@5 0.489288	H@10 0.517798
INFO:meta-cli.py:Epoch 75/100	test results	MRR 0.464859	H@1 0.433631	H@3 0.476867	H@5 0.497288	H@10 0.524729
INFO:meta-cli.py:Epoch 76/100	Loss 2.7097 ± 0.1296
INFO:meta-cli.py:Epoch 77/100	Loss 2.7070 ± 0.1275
INFO:meta-cli.py:Epoch 78/100	Loss 2.7049 ± 0.1297
INFO:meta-cli.py:Epoch 78/100	dev results	MRR 0.462101	H@1 0.432927	H@3 0.473303	H@5 0.489453	H@10 0.517633
INFO:meta-cli.py:Epoch 78/100	test results	MRR 0.464920	H@1 0.433472	H@3 0.476867	H@5 0.497288	H@10 0.525207
INFO:meta-cli.py:Epoch 79/100	Loss 2.7018 ± 0.1190
INFO:meta-cli.py:Epoch 80/100	Loss 2.6996 ± 0.1250
INFO:meta-cli.py:Epoch 81/100	Loss 2.6975 ± 0.1317
INFO:meta-cli.py:Epoch 81/100	dev results	MRR 0.462443	H@1 0.433751	H@3 0.472643	H@5 0.490277	H@10 0.519281
INFO:meta-cli.py:Epoch 81/100	test results	MRR 0.465145	H@1 0.433631	H@3 0.476707	H@5 0.496809	H@10 0.526005
INFO:meta-cli.py:Epoch 82/100	Loss 2.6953 ± 0.1252
INFO:meta-cli.py:Epoch 83/100	Loss 2.6927 ± 0.1217
INFO:meta-cli.py:Epoch 84/100	Loss 2.6907 ± 0.1277
INFO:meta-cli.py:Epoch 84/100	dev results	MRR 0.463005	H@1 0.433916	H@3 0.473632	H@5 0.490771	H@10 0.518622
INFO:meta-cli.py:Epoch 84/100	test results	MRR 0.465928	H@1 0.434907	H@3 0.476867	H@5 0.497447	H@10 0.525686
INFO:meta-cli.py:Epoch 85/100	Loss 2.6884 ± 0.1265
INFO:meta-cli.py:Epoch 86/100	Loss 2.6864 ± 0.1260
INFO:meta-cli.py:Epoch 87/100	Loss 2.6843 ± 0.1204
INFO:meta-cli.py:Epoch 87/100	dev results	MRR 0.463027	H@1 0.434245	H@3 0.473138	H@5 0.490277	H@10 0.519941
INFO:meta-cli.py:Epoch 87/100	test results	MRR 0.466508	H@1 0.435386	H@3 0.477186	H@5 0.497926	H@10 0.527281
INFO:meta-cli.py:Epoch 88/100	Loss 2.6822 ± 0.1186
INFO:meta-cli.py:Epoch 89/100	Loss 2.6803 ± 0.1159
INFO:meta-cli.py:Epoch 90/100	Loss 2.6783 ± 0.1348
INFO:meta-cli.py:Epoch 90/100	dev results	MRR 0.462854	H@1 0.433421	H@3 0.473138	H@5 0.490606	H@10 0.520765
INFO:meta-cli.py:Epoch 90/100	test results	MRR 0.466339	H@1 0.434588	H@3 0.477505	H@5 0.498883	H@10 0.526643
INFO:meta-cli.py:Epoch 91/100	Loss 2.6762 ± 0.1195
INFO:meta-cli.py:Epoch 92/100	Loss 2.6742 ± 0.1262
INFO:meta-cli.py:Epoch 93/100	Loss 2.6724 ± 0.1231
INFO:meta-cli.py:Epoch 93/100	dev results	MRR 0.463510	H@1 0.435069	H@3 0.473467	H@5 0.490606	H@10 0.520600
INFO:meta-cli.py:Epoch 93/100	test results	MRR 0.466569	H@1 0.435067	H@3 0.476548	H@5 0.499043	H@10 0.526165
INFO:meta-cli.py:Epoch 94/100	Loss 2.6708 ± 0.1201
INFO:meta-cli.py:Epoch 95/100	Loss 2.6686 ± 0.1200
INFO:meta-cli.py:Epoch 96/100	Loss 2.6667 ± 0.1194
INFO:meta-cli.py:Epoch 96/100	dev results	MRR 0.464000	H@1 0.434904	H@3 0.473797	H@5 0.491266	H@10 0.520435
INFO:meta-cli.py:Epoch 96/100	test results	MRR 0.466588	H@1 0.434907	H@3 0.476548	H@5 0.499521	H@10 0.526484
INFO:meta-cli.py:Epoch 97/100	Loss 2.6651 ± 0.1171
INFO:meta-cli.py:Epoch 98/100	Loss 2.6634 ± 0.1290
INFO:meta-cli.py:Epoch 99/100	Loss 2.6614 ± 0.1071
INFO:meta-cli.py:Epoch 99/100	dev results	MRR 0.463619	H@1 0.434410	H@3 0.473303	H@5 0.491101	H@10 0.520600
INFO:meta-cli.py:Epoch 99/100	test results	MRR 0.466940	H@1 0.435227	H@3 0.477345	H@5 0.499521	H@10 0.527760
INFO:meta-cli.py:Epoch 100/100	Loss 2.6599 ± 0.1258
INFO:meta-cli.py:Final 	dev results	MRR 0.464294	H@1 0.435564	H@3 0.473303	H@5 0.491430	H@10 0.520765
INFO:meta-cli.py:Final 	test results	MRR 0.467327	H@1 0.435865	H@3 0.477345	H@5 0.500479	H@10 0.527920
INFO:meta-cli.py:Training finished
