./bin/meta-cli.py --train data/wn18rr/train.tsv --dev data/wn18rr/dev.tsv --test data/wn18rr/test.tsv -m complex -k 1000 -b 500 -e 100 --F2 0.005 --N3 0 -l 0.1 -I reciprocal -V 3 -o adagrad -q
{'F2': 0.005,
 'N3': 0.0,
 'batch_size': 500,
 'dev': 'data/wn18rr/dev.tsv',
 'embedding_size': 1000,
 'epochs': 100,
 'eval_batch_size': None,
 'input_type': 'reciprocal',
 'learning_rate': 0.1,
 'load': None,
 'model': 'complex',
 'optimizer': 'adagrad',
 'quiet': True,
 'save': None,
 'seed': 0,
 'test': 'data/wn18rr/test.tsv',
 'test_i': None,
 'test_ii': None,
 'train': 'data/wn18rr/train.tsv',
 'validate_every': 3}
INFO:meta-cli.py:Device: cuda
INFO:meta-cli.py:Model state:
INFO:meta-cli.py:	entities.weight	torch.Size([40943, 2000])
INFO:meta-cli.py:	predicates.weight	torch.Size([22, 2000])
INFO:meta-cli.py:Epoch 1/100	Loss 14.6873 ± 4.0520
INFO:meta-cli.py:Epoch 2/100	Loss 5.4670 ± 0.2547
INFO:meta-cli.py:Epoch 3/100	Loss 4.6504 ± 0.1089
INFO:meta-cli.py:Epoch 3/100	dev results	MRR 0.436351	H@1 0.413481	H@3 0.444298	H@5 0.459624	H@10 0.478741
INFO:meta-cli.py:Epoch 3/100	test results	MRR 0.432921	H@1 0.409541	H@3 0.440810	H@5 0.457722	H@10 0.479100
INFO:meta-cli.py:Epoch 4/100	Loss 4.3777 ± 0.1081
INFO:meta-cli.py:Epoch 5/100	Loss 4.2203 ± 0.1090
INFO:meta-cli.py:Epoch 6/100	Loss 4.1074 ± 0.1122
INFO:meta-cli.py:Epoch 6/100	dev results	MRR 0.445581	H@1 0.420897	H@3 0.455010	H@5 0.469842	H@10 0.490442
INFO:meta-cli.py:Epoch 6/100	test results	MRR 0.442149	H@1 0.417039	H@3 0.451500	H@5 0.467613	H@10 0.490268
INFO:meta-cli.py:Epoch 7/100	Loss 4.0214 ± 0.1115
INFO:meta-cli.py:Epoch 8/100	Loss 3.9502 ± 0.1207
INFO:meta-cli.py:Epoch 9/100	Loss 3.8918 ± 0.1092
INFO:meta-cli.py:Epoch 9/100	dev results	MRR 0.450415	H@1 0.426500	H@3 0.459459	H@5 0.471984	H@10 0.493408
INFO:meta-cli.py:Epoch 9/100	test results	MRR 0.448885	H@1 0.422463	H@3 0.460434	H@5 0.476069	H@10 0.498883
INFO:meta-cli.py:Epoch 10/100	Loss 3.8384 ± 0.1141
INFO:meta-cli.py:Epoch 11/100	Loss 3.7939 ± 0.1170
INFO:meta-cli.py:Epoch 12/100	Loss 3.7533 ± 0.1143
INFO:meta-cli.py:Epoch 12/100	dev results	MRR 0.451330	H@1 0.426335	H@3 0.460119	H@5 0.475610	H@10 0.497528
INFO:meta-cli.py:Epoch 12/100	test results	MRR 0.452462	H@1 0.426611	H@3 0.461870	H@5 0.478462	H@10 0.503031
INFO:meta-cli.py:Epoch 13/100	Loss 3.7171 ± 0.1117
INFO:meta-cli.py:Epoch 14/100	Loss 3.6854 ± 0.1123
INFO:meta-cli.py:Epoch 15/100	Loss 3.6553 ± 0.1176
INFO:meta-cli.py:Epoch 15/100	dev results	MRR 0.455162	H@1 0.430455	H@3 0.464733	H@5 0.477423	H@10 0.502802
INFO:meta-cli.py:Epoch 15/100	test results	MRR 0.456092	H@1 0.429643	H@3 0.466018	H@5 0.481015	H@10 0.508456
INFO:meta-cli.py:Epoch 16/100	Loss 3.6277 ± 0.1144
INFO:meta-cli.py:Epoch 17/100	Loss 3.6027 ± 0.1127
INFO:meta-cli.py:Epoch 18/100	Loss 3.5788 ± 0.1152
INFO:meta-cli.py:Epoch 18/100	dev results	MRR 0.455901	H@1 0.429631	H@3 0.467535	H@5 0.482037	H@10 0.504120
INFO:meta-cli.py:Epoch 18/100	test results	MRR 0.457973	H@1 0.430759	H@3 0.468730	H@5 0.484525	H@10 0.508775
INFO:meta-cli.py:Epoch 19/100	Loss 3.5577 ± 0.1081
INFO:meta-cli.py:Epoch 20/100	Loss 3.5365 ± 0.1099
INFO:meta-cli.py:Epoch 21/100	Loss 3.5170 ± 0.1071
INFO:meta-cli.py:Epoch 21/100	dev results	MRR 0.456314	H@1 0.429466	H@3 0.467699	H@5 0.480719	H@10 0.505933
INFO:meta-cli.py:Epoch 21/100	test results	MRR 0.459609	H@1 0.431876	H@3 0.469847	H@5 0.486599	H@10 0.512763
INFO:meta-cli.py:Epoch 22/100	Loss 3.4990 ± 0.1133
INFO:meta-cli.py:Epoch 23/100	Loss 3.4822 ± 0.1094
INFO:meta-cli.py:Epoch 24/100	Loss 3.4668 ± 0.1125
INFO:meta-cli.py:Epoch 24/100	dev results	MRR 0.458844	H@1 0.433256	H@3 0.468688	H@5 0.482861	H@10 0.508405
INFO:meta-cli.py:Epoch 24/100	test results	MRR 0.460896	H@1 0.432833	H@3 0.472399	H@5 0.488992	H@10 0.514199
INFO:meta-cli.py:Epoch 25/100	Loss 3.4502 ± 0.1080
INFO:meta-cli.py:Epoch 26/100	Loss 3.4353 ± 0.1078
INFO:meta-cli.py:Epoch 27/100	Loss 3.4220 ± 0.1019
INFO:meta-cli.py:Epoch 27/100	dev results	MRR 0.459368	H@1 0.432597	H@3 0.469677	H@5 0.486486	H@10 0.509558
INFO:meta-cli.py:Epoch 27/100	test results	MRR 0.461705	H@1 0.433312	H@3 0.473835	H@5 0.489151	H@10 0.515795
INFO:meta-cli.py:Epoch 28/100	Loss 3.4084 ± 0.1094
INFO:meta-cli.py:Epoch 29/100	Loss 3.3958 ± 0.1103
INFO:meta-cli.py:Epoch 30/100	Loss 3.3841 ± 0.0996
INFO:meta-cli.py:Epoch 30/100	dev results	MRR 0.459905	H@1 0.433092	H@3 0.471490	H@5 0.486816	H@10 0.510382
INFO:meta-cli.py:Epoch 30/100	test results	MRR 0.461966	H@1 0.434110	H@3 0.472399	H@5 0.489151	H@10 0.516114
INFO:meta-cli.py:Epoch 31/100	Loss 3.3722 ± 0.1101
INFO:meta-cli.py:Epoch 32/100	Loss 3.3603 ± 0.1070
INFO:meta-cli.py:Epoch 33/100	Loss 3.3498 ± 0.1032
INFO:meta-cli.py:Epoch 33/100	dev results	MRR 0.460205	H@1 0.433256	H@3 0.469842	H@5 0.488134	H@10 0.510218
INFO:meta-cli.py:Epoch 33/100	test results	MRR 0.462146	H@1 0.433153	H@3 0.474793	H@5 0.490108	H@10 0.517709
INFO:meta-cli.py:Epoch 34/100	Loss 3.3391 ± 0.1072
INFO:meta-cli.py:Epoch 35/100	Loss 3.3293 ± 0.1006
INFO:meta-cli.py:Epoch 36/100	Loss 3.3192 ± 0.1009
INFO:meta-cli.py:Epoch 36/100	dev results	MRR 0.461405	H@1 0.435069	H@3 0.470995	H@5 0.487475	H@10 0.511701
INFO:meta-cli.py:Epoch 36/100	test results	MRR 0.463065	H@1 0.434110	H@3 0.475112	H@5 0.491544	H@10 0.518985
INFO:meta-cli.py:Epoch 37/100	Loss 3.3103 ± 0.1057
INFO:meta-cli.py:Epoch 38/100	Loss 3.3007 ± 0.1040
INFO:meta-cli.py:Epoch 39/100	Loss 3.2919 ± 0.1047
INFO:meta-cli.py:Epoch 39/100	dev results	MRR 0.461064	H@1 0.434740	H@3 0.470007	H@5 0.486157	H@10 0.512854
INFO:meta-cli.py:Epoch 39/100	test results	MRR 0.462771	H@1 0.433153	H@3 0.475112	H@5 0.491704	H@10 0.519304
INFO:meta-cli.py:Epoch 40/100	Loss 3.2835 ± 0.0966
INFO:meta-cli.py:Epoch 41/100	Loss 3.2754 ± 0.0992
INFO:meta-cli.py:Epoch 42/100	Loss 3.2674 ± 0.1063
INFO:meta-cli.py:Epoch 42/100	dev results	MRR 0.460781	H@1 0.433586	H@3 0.470831	H@5 0.488299	H@10 0.514008
INFO:meta-cli.py:Epoch 42/100	test results	MRR 0.462961	H@1 0.432833	H@3 0.476069	H@5 0.493778	H@10 0.520900
INFO:meta-cli.py:Epoch 43/100	Loss 3.2597 ± 0.1076
INFO:meta-cli.py:Epoch 44/100	Loss 3.2517 ± 0.0964
INFO:meta-cli.py:Epoch 45/100	Loss 3.2434 ± 0.0968
INFO:meta-cli.py:Epoch 45/100	dev results	MRR 0.461141	H@1 0.433916	H@3 0.471325	H@5 0.489123	H@10 0.514008
INFO:meta-cli.py:Epoch 45/100	test results	MRR 0.463388	H@1 0.433312	H@3 0.476069	H@5 0.495214	H@10 0.521538
INFO:meta-cli.py:Epoch 46/100	Loss 3.2371 ± 0.1021
INFO:meta-cli.py:Epoch 47/100	Loss 3.2297 ± 0.1028
INFO:meta-cli.py:Epoch 48/100	Loss 3.2228 ± 0.0997
INFO:meta-cli.py:Epoch 48/100	dev results	MRR 0.461059	H@1 0.434080	H@3 0.470666	H@5 0.489123	H@10 0.513843
INFO:meta-cli.py:Epoch 48/100	test results	MRR 0.463288	H@1 0.433631	H@3 0.475112	H@5 0.494416	H@10 0.521219
INFO:meta-cli.py:Epoch 49/100	Loss 3.2160 ± 0.1007
INFO:meta-cli.py:Epoch 50/100	Loss 3.2097 ± 0.0987
INFO:meta-cli.py:Epoch 51/100	Loss 3.2029 ± 0.0959
INFO:meta-cli.py:Epoch 51/100	dev results	MRR 0.461597	H@1 0.434904	H@3 0.470336	H@5 0.488958	H@10 0.513184
INFO:meta-cli.py:Epoch 51/100	test results	MRR 0.462955	H@1 0.432993	H@3 0.474633	H@5 0.495054	H@10 0.520262
INFO:meta-cli.py:Epoch 52/100	Loss 3.1970 ± 0.0901
INFO:meta-cli.py:Epoch 53/100	Loss 3.1912 ± 0.0942
INFO:meta-cli.py:Epoch 54/100	Loss 3.1845 ± 0.0984
INFO:meta-cli.py:Epoch 54/100	dev results	MRR 0.461548	H@1 0.434740	H@3 0.471490	H@5 0.487805	H@10 0.514008
INFO:meta-cli.py:Epoch 54/100	test results	MRR 0.463340	H@1 0.432993	H@3 0.475431	H@5 0.495214	H@10 0.520740
INFO:meta-cli.py:Epoch 55/100	Loss 3.1789 ± 0.0970
INFO:meta-cli.py:Epoch 56/100	Loss 3.1736 ± 0.0957
INFO:meta-cli.py:Epoch 57/100	Loss 3.1671 ± 0.0896
INFO:meta-cli.py:Epoch 57/100	dev results	MRR 0.461080	H@1 0.433751	H@3 0.470336	H@5 0.487640	H@10 0.514338
INFO:meta-cli.py:Epoch 57/100	test results	MRR 0.463178	H@1 0.432514	H@3 0.475271	H@5 0.496650	H@10 0.521698
INFO:meta-cli.py:Epoch 58/100	Loss 3.1621 ± 0.0964
INFO:meta-cli.py:Epoch 59/100	Loss 3.1566 ± 0.0936
INFO:meta-cli.py:Epoch 60/100	Loss 3.1514 ± 0.0950
INFO:meta-cli.py:Epoch 60/100	dev results	MRR 0.460635	H@1 0.433586	H@3 0.470171	H@5 0.487310	H@10 0.514502
INFO:meta-cli.py:Epoch 60/100	test results	MRR 0.462855	H@1 0.432514	H@3 0.474154	H@5 0.494735	H@10 0.522176
INFO:meta-cli.py:Epoch 61/100	Loss 3.1465 ± 0.0925
INFO:meta-cli.py:Epoch 62/100	Loss 3.1415 ± 0.0926
INFO:meta-cli.py:Epoch 63/100	Loss 3.1365 ± 0.0966
INFO:meta-cli.py:Epoch 63/100	dev results	MRR 0.461261	H@1 0.433916	H@3 0.471490	H@5 0.489288	H@10 0.515162
INFO:meta-cli.py:Epoch 63/100	test results	MRR 0.463002	H@1 0.432036	H@3 0.475112	H@5 0.496011	H@10 0.523293
INFO:meta-cli.py:Epoch 64/100	Loss 3.1313 ± 0.0920
INFO:meta-cli.py:Epoch 65/100	Loss 3.1264 ± 0.0984
INFO:meta-cli.py:Epoch 66/100	Loss 3.1216 ± 0.0929
INFO:meta-cli.py:Epoch 66/100	dev results	MRR 0.460907	H@1 0.433421	H@3 0.471325	H@5 0.488629	H@10 0.514667
INFO:meta-cli.py:Epoch 66/100	test results	MRR 0.462725	H@1 0.432195	H@3 0.474474	H@5 0.493459	H@10 0.522495
INFO:meta-cli.py:Epoch 67/100	Loss 3.1170 ± 0.0930
INFO:meta-cli.py:Epoch 68/100	Loss 3.1126 ± 0.0972
INFO:meta-cli.py:Epoch 69/100	Loss 3.1080 ± 0.0932
INFO:meta-cli.py:Epoch 69/100	dev results	MRR 0.460818	H@1 0.433421	H@3 0.470171	H@5 0.487640	H@10 0.514008
INFO:meta-cli.py:Epoch 69/100	test results	MRR 0.462601	H@1 0.431557	H@3 0.474633	H@5 0.492661	H@10 0.522814
INFO:meta-cli.py:Epoch 70/100	Loss 3.1039 ± 0.0914
INFO:meta-cli.py:Epoch 71/100	Loss 3.0994 ± 0.0931
INFO:meta-cli.py:Epoch 72/100	Loss 3.0951 ± 0.0892
INFO:meta-cli.py:Epoch 72/100	dev results	MRR 0.460692	H@1 0.433421	H@3 0.469347	H@5 0.487970	H@10 0.514338
INFO:meta-cli.py:Epoch 72/100	test results	MRR 0.463033	H@1 0.432355	H@3 0.475112	H@5 0.493937	H@10 0.522495
INFO:meta-cli.py:Epoch 73/100	Loss 3.0909 ± 0.0905
INFO:meta-cli.py:Epoch 74/100	Loss 3.0868 ± 0.0958
INFO:meta-cli.py:Epoch 75/100	Loss 3.0828 ± 0.0941
INFO:meta-cli.py:Epoch 75/100	dev results	MRR 0.459830	H@1 0.431608	H@3 0.469677	H@5 0.487970	H@10 0.515162
INFO:meta-cli.py:Epoch 75/100	test results	MRR 0.461843	H@1 0.430759	H@3 0.473835	H@5 0.493459	H@10 0.522814
INFO:meta-cli.py:Epoch 76/100	Loss 3.0789 ± 0.0896
INFO:meta-cli.py:Epoch 77/100	Loss 3.0746 ± 0.0861
INFO:meta-cli.py:Epoch 78/100	Loss 3.0711 ± 0.0858
INFO:meta-cli.py:Epoch 78/100	dev results	MRR 0.459604	H@1 0.431114	H@3 0.470666	H@5 0.488134	H@10 0.514173
INFO:meta-cli.py:Epoch 78/100	test results	MRR 0.461582	H@1 0.430440	H@3 0.474314	H@5 0.492661	H@10 0.522176
INFO:meta-cli.py:Epoch 79/100	Loss 3.0671 ± 0.0927
INFO:meta-cli.py:Epoch 80/100	Loss 3.0632 ± 0.0857
INFO:meta-cli.py:Epoch 81/100	Loss 3.0593 ± 0.0927
INFO:meta-cli.py:Epoch 81/100	dev results	MRR 0.458988	H@1 0.430620	H@3 0.468688	H@5 0.487805	H@10 0.513514
INFO:meta-cli.py:Epoch 81/100	test results	MRR 0.461731	H@1 0.430600	H@3 0.474154	H@5 0.492661	H@10 0.522176
INFO:meta-cli.py:Epoch 82/100	Loss 3.0555 ± 0.0921
INFO:meta-cli.py:Epoch 83/100	Loss 3.0521 ± 0.0895
INFO:meta-cli.py:Epoch 84/100	Loss 3.0484 ± 0.0917
INFO:meta-cli.py:Epoch 84/100	dev results	MRR 0.459090	H@1 0.430455	H@3 0.469347	H@5 0.486816	H@10 0.513349
INFO:meta-cli.py:Epoch 84/100	test results	MRR 0.461540	H@1 0.429802	H@3 0.474633	H@5 0.493140	H@10 0.522655
INFO:meta-cli.py:Epoch 85/100	Loss 3.0449 ± 0.0878
INFO:meta-cli.py:Epoch 86/100	Loss 3.0418 ± 0.0901
INFO:meta-cli.py:Epoch 87/100	Loss 3.0380 ± 0.0878
INFO:meta-cli.py:Epoch 87/100	dev results	MRR 0.459086	H@1 0.431114	H@3 0.468029	H@5 0.486816	H@10 0.512690
INFO:meta-cli.py:Epoch 87/100	test results	MRR 0.461661	H@1 0.429962	H@3 0.474314	H@5 0.493459	H@10 0.522974
INFO:meta-cli.py:Epoch 88/100	Loss 3.0347 ± 0.0928
INFO:meta-cli.py:Epoch 89/100	Loss 3.0311 ± 0.0876
INFO:meta-cli.py:Epoch 90/100	Loss 3.0282 ± 0.0874
INFO:meta-cli.py:Epoch 90/100	dev results	MRR 0.458639	H@1 0.429631	H@3 0.468523	H@5 0.487475	H@10 0.512525
INFO:meta-cli.py:Epoch 90/100	test results	MRR 0.461765	H@1 0.430440	H@3 0.473676	H@5 0.492183	H@10 0.522655
INFO:meta-cli.py:Epoch 91/100	Loss 3.0249 ± 0.0886
INFO:meta-cli.py:Epoch 92/100	Loss 3.0216 ± 0.0909
INFO:meta-cli.py:Epoch 93/100	Loss 3.0187 ± 0.0835
INFO:meta-cli.py:Epoch 93/100	dev results	MRR 0.457938	H@1 0.429136	H@3 0.466546	H@5 0.486486	H@10 0.511536
INFO:meta-cli.py:Epoch 93/100	test results	MRR 0.460767	H@1 0.428366	H@3 0.473357	H@5 0.492502	H@10 0.523452
INFO:meta-cli.py:Epoch 94/100	Loss 3.0156 ± 0.0859
INFO:meta-cli.py:Epoch 95/100	Loss 3.0122 ± 0.0907
INFO:meta-cli.py:Epoch 96/100	Loss 3.0089 ± 0.0885
INFO:meta-cli.py:Epoch 96/100	dev results	MRR 0.458499	H@1 0.430290	H@3 0.467205	H@5 0.485498	H@10 0.513184
INFO:meta-cli.py:Epoch 96/100	test results	MRR 0.460449	H@1 0.428207	H@3 0.472719	H@5 0.492821	H@10 0.523293
INFO:meta-cli.py:Epoch 97/100	Loss 3.0063 ± 0.0894
INFO:meta-cli.py:Epoch 98/100	Loss 3.0031 ± 0.0949
INFO:meta-cli.py:Epoch 99/100	Loss 3.0002 ± 0.0863
INFO:meta-cli.py:Epoch 99/100	dev results	MRR 0.457830	H@1 0.429301	H@3 0.466216	H@5 0.485498	H@10 0.513184
INFO:meta-cli.py:Epoch 99/100	test results	MRR 0.460815	H@1 0.428845	H@3 0.472719	H@5 0.492342	H@10 0.522974
INFO:meta-cli.py:Epoch 100/100	Loss 2.9971 ± 0.0880
INFO:meta-cli.py:Final 	dev results	MRR 0.457639	H@1 0.428807	H@3 0.467040	H@5 0.485003	H@10 0.512690
INFO:meta-cli.py:Final 	test results	MRR 0.460499	H@1 0.428366	H@3 0.473357	H@5 0.492980	H@10 0.523772
INFO:meta-cli.py:Training finished
