./bin/meta-cli.py --train data/wn18rr/train.tsv --dev data/wn18rr/dev.tsv --test data/wn18rr/test.tsv -m complex -k 500 -b 1000 -e 100 --F2 0 --N3 0.001 -l 0.1 -I reciprocal -V 3 -o adagrad -q
{'F2': 0.0,
 'N3': 0.001,
 'batch_size': 1000,
 'dev': 'data/wn18rr/dev.tsv',
 'embedding_size': 500,
 'epochs': 100,
 'eval_batch_size': None,
 'input_type': 'reciprocal',
 'learning_rate': 0.1,
 'load': None,
 'model': 'complex',
 'optimizer': 'adagrad',
 'quiet': True,
 'save': None,
 'seed': 0,
 'test': 'data/wn18rr/test.tsv',
 'test_i': None,
 'test_ii': None,
 'train': 'data/wn18rr/train.tsv',
 'validate_every': 3}
INFO:meta-cli.py:Device: cuda
INFO:meta-cli.py:Model state:
INFO:meta-cli.py:	entities.weight	torch.Size([40943, 1000])
INFO:meta-cli.py:	predicates.weight	torch.Size([22, 1000])
INFO:meta-cli.py:Epoch 1/100	Loss 13.4370 ± 4.2437
INFO:meta-cli.py:Epoch 2/100	Loss 4.0118 ± 0.2212
INFO:meta-cli.py:Epoch 3/100	Loss 3.2578 ± 0.0945
INFO:meta-cli.py:Epoch 3/100	dev results	MRR 0.434563	H@1 0.412986	H@3 0.441332	H@5 0.454186	H@10 0.477423
INFO:meta-cli.py:Epoch 3/100	test results	MRR 0.433487	H@1 0.412093	H@3 0.440013	H@5 0.454212	H@10 0.476388
INFO:meta-cli.py:Epoch 4/100	Loss 3.0260 ± 0.0988
INFO:meta-cli.py:Epoch 5/100	Loss 2.9031 ± 0.1007
INFO:meta-cli.py:Epoch 6/100	Loss 2.8223 ± 0.1076
INFO:meta-cli.py:Epoch 6/100	dev results	MRR 0.441975	H@1 0.418754	H@3 0.450890	H@5 0.464403	H@10 0.487146
INFO:meta-cli.py:Epoch 6/100	test results	MRR 0.441095	H@1 0.418315	H@3 0.449107	H@5 0.464103	H@10 0.484844
INFO:meta-cli.py:Epoch 7/100	Loss 2.7641 ± 0.1058
INFO:meta-cli.py:Epoch 8/100	Loss 2.7172 ± 0.1131
INFO:meta-cli.py:Epoch 9/100	Loss 2.6824 ± 0.1047
INFO:meta-cli.py:Epoch 9/100	dev results	MRR 0.444523	H@1 0.422050	H@3 0.452208	H@5 0.466381	H@10 0.486981
INFO:meta-cli.py:Epoch 9/100	test results	MRR 0.445248	H@1 0.421187	H@3 0.452936	H@5 0.469687	H@10 0.490747
INFO:meta-cli.py:Epoch 10/100	Loss 2.6493 ± 0.1082
INFO:meta-cli.py:Epoch 11/100	Loss 2.6237 ± 0.1119
INFO:meta-cli.py:Epoch 12/100	Loss 2.6019 ± 0.1085
INFO:meta-cli.py:Epoch 12/100	dev results	MRR 0.446521	H@1 0.423039	H@3 0.454186	H@5 0.469677	H@10 0.492254
INFO:meta-cli.py:Epoch 12/100	test results	MRR 0.448953	H@1 0.425654	H@3 0.456924	H@5 0.472080	H@10 0.493618
INFO:meta-cli.py:Epoch 13/100	Loss 2.5814 ± 0.1021
INFO:meta-cli.py:Epoch 14/100	Loss 2.5646 ± 0.1053
INFO:meta-cli.py:Epoch 15/100	Loss 2.5488 ± 0.1123
INFO:meta-cli.py:Epoch 15/100	dev results	MRR 0.449847	H@1 0.426829	H@3 0.457647	H@5 0.471655	H@10 0.494726
INFO:meta-cli.py:Epoch 15/100	test results	MRR 0.449751	H@1 0.426292	H@3 0.455967	H@5 0.471921	H@10 0.497766
INFO:meta-cli.py:Epoch 16/100	Loss 2.5347 ± 0.1087
INFO:meta-cli.py:Epoch 17/100	Loss 2.5220 ± 0.1082
INFO:meta-cli.py:Epoch 18/100	Loss 2.5100 ± 0.1102
INFO:meta-cli.py:Epoch 18/100	dev results	MRR 0.450431	H@1 0.426170	H@3 0.458800	H@5 0.474456	H@10 0.498352
INFO:meta-cli.py:Epoch 18/100	test results	MRR 0.451390	H@1 0.426771	H@3 0.459477	H@5 0.476069	H@10 0.500160
INFO:meta-cli.py:Epoch 19/100	Loss 2.5001 ± 0.1038
INFO:meta-cli.py:Epoch 20/100	Loss 2.4895 ± 0.1049
INFO:meta-cli.py:Epoch 21/100	Loss 2.4802 ± 0.1010
INFO:meta-cli.py:Epoch 21/100	dev results	MRR 0.451309	H@1 0.426994	H@3 0.460119	H@5 0.473632	H@10 0.498846
INFO:meta-cli.py:Epoch 21/100	test results	MRR 0.453512	H@1 0.429962	H@3 0.460434	H@5 0.477664	H@10 0.502712
INFO:meta-cli.py:Epoch 22/100	Loss 2.4721 ± 0.1047
INFO:meta-cli.py:Epoch 23/100	Loss 2.4643 ± 0.1020
INFO:meta-cli.py:Epoch 24/100	Loss 2.4571 ± 0.1035
INFO:meta-cli.py:Epoch 24/100	dev results	MRR 0.452847	H@1 0.428807	H@3 0.461767	H@5 0.476434	H@10 0.498846
INFO:meta-cli.py:Epoch 24/100	test results	MRR 0.452963	H@1 0.427888	H@3 0.459796	H@5 0.478781	H@10 0.502393
INFO:meta-cli.py:Epoch 25/100	Loss 2.4495 ± 0.1008
INFO:meta-cli.py:Epoch 26/100	Loss 2.4423 ± 0.0999
INFO:meta-cli.py:Epoch 27/100	Loss 2.4368 ± 0.0946
INFO:meta-cli.py:Epoch 27/100	dev results	MRR 0.454102	H@1 0.429136	H@3 0.463744	H@5 0.477917	H@10 0.500494
INFO:meta-cli.py:Epoch 27/100	test results	MRR 0.455064	H@1 0.430281	H@3 0.461870	H@5 0.480057	H@10 0.505584
INFO:meta-cli.py:Epoch 28/100	Loss 2.4307 ± 0.1024
INFO:meta-cli.py:Epoch 29/100	Loss 2.4252 ± 0.1010
INFO:meta-cli.py:Epoch 30/100	Loss 2.4202 ± 0.0904
INFO:meta-cli.py:Epoch 30/100	dev results	MRR 0.454164	H@1 0.429960	H@3 0.462096	H@5 0.477258	H@10 0.500824
INFO:meta-cli.py:Epoch 30/100	test results	MRR 0.454838	H@1 0.429802	H@3 0.462348	H@5 0.480377	H@10 0.504467
INFO:meta-cli.py:Epoch 31/100	Loss 2.4149 ± 0.1006
INFO:meta-cli.py:Epoch 32/100	Loss 2.4101 ± 0.0989
INFO:meta-cli.py:Epoch 33/100	Loss 2.4055 ± 0.0958
INFO:meta-cli.py:Epoch 33/100	dev results	MRR 0.455157	H@1 0.430125	H@3 0.464074	H@5 0.478906	H@10 0.501978
INFO:meta-cli.py:Epoch 33/100	test results	MRR 0.456231	H@1 0.431238	H@3 0.463146	H@5 0.481493	H@10 0.506860
INFO:meta-cli.py:Epoch 34/100	Loss 2.4009 ± 0.0995
INFO:meta-cli.py:Epoch 35/100	Loss 2.3968 ± 0.0919
INFO:meta-cli.py:Epoch 36/100	Loss 2.3927 ± 0.0912
INFO:meta-cli.py:Epoch 36/100	dev results	MRR 0.455387	H@1 0.430784	H@3 0.463909	H@5 0.480059	H@10 0.504120
INFO:meta-cli.py:Epoch 36/100	test results	MRR 0.457191	H@1 0.432355	H@3 0.462987	H@5 0.484046	H@10 0.507339
INFO:meta-cli.py:Epoch 37/100	Loss 2.3892 ± 0.0958
INFO:meta-cli.py:Epoch 38/100	Loss 2.3853 ± 0.0948
INFO:meta-cli.py:Epoch 39/100	Loss 2.3817 ± 0.0971
INFO:meta-cli.py:Epoch 39/100	dev results	MRR 0.455276	H@1 0.430620	H@3 0.464568	H@5 0.479730	H@10 0.503626
INFO:meta-cli.py:Epoch 39/100	test results	MRR 0.457032	H@1 0.432036	H@3 0.464103	H@5 0.482770	H@10 0.507498
INFO:meta-cli.py:Epoch 40/100	Loss 2.3783 ± 0.0898
INFO:meta-cli.py:Epoch 41/100	Loss 2.3747 ± 0.0927
INFO:meta-cli.py:Epoch 42/100	Loss 2.3721 ± 0.0959
INFO:meta-cli.py:Epoch 42/100	dev results	MRR 0.455932	H@1 0.430949	H@3 0.465722	H@5 0.480059	H@10 0.504779
INFO:meta-cli.py:Epoch 42/100	test results	MRR 0.458459	H@1 0.432993	H@3 0.466337	H@5 0.485003	H@10 0.508137
INFO:meta-cli.py:Epoch 43/100	Loss 2.3688 ± 0.0966
INFO:meta-cli.py:Epoch 44/100	Loss 2.3657 ± 0.0874
INFO:meta-cli.py:Epoch 45/100	Loss 2.3621 ± 0.0850
INFO:meta-cli.py:Epoch 45/100	dev results	MRR 0.457218	H@1 0.432927	H@3 0.465722	H@5 0.480883	H@10 0.504944
INFO:meta-cli.py:Epoch 45/100	test results	MRR 0.458814	H@1 0.433472	H@3 0.466656	H@5 0.483886	H@10 0.509094
INFO:meta-cli.py:Epoch 46/100	Loss 2.3595 ± 0.0923
INFO:meta-cli.py:Epoch 47/100	Loss 2.3571 ± 0.0938
INFO:meta-cli.py:Epoch 48/100	Loss 2.3544 ± 0.0935
INFO:meta-cli.py:Epoch 48/100	dev results	MRR 0.457347	H@1 0.432103	H@3 0.467699	H@5 0.482367	H@10 0.505438
INFO:meta-cli.py:Epoch 48/100	test results	MRR 0.458434	H@1 0.432514	H@3 0.466975	H@5 0.484844	H@10 0.509094
INFO:meta-cli.py:Epoch 49/100	Loss 2.3518 ± 0.0910
INFO:meta-cli.py:Epoch 50/100	Loss 2.3495 ± 0.0870
INFO:meta-cli.py:Epoch 51/100	Loss 2.3469 ± 0.0867
INFO:meta-cli.py:Epoch 51/100	dev results	MRR 0.458091	H@1 0.433092	H@3 0.467370	H@5 0.482861	H@10 0.505933
INFO:meta-cli.py:Epoch 51/100	test results	MRR 0.459316	H@1 0.433631	H@3 0.467613	H@5 0.485322	H@10 0.509094
INFO:meta-cli.py:Epoch 52/100	Loss 2.3447 ± 0.0806
INFO:meta-cli.py:Epoch 53/100	Loss 2.3425 ± 0.0839
INFO:meta-cli.py:Epoch 54/100	Loss 2.3399 ± 0.0891
INFO:meta-cli.py:Epoch 54/100	dev results	MRR 0.457497	H@1 0.432597	H@3 0.467370	H@5 0.482202	H@10 0.506427
INFO:meta-cli.py:Epoch 54/100	test results	MRR 0.459146	H@1 0.433472	H@3 0.466816	H@5 0.485482	H@10 0.510211
INFO:meta-cli.py:Epoch 55/100	Loss 2.3377 ± 0.0860
INFO:meta-cli.py:Epoch 56/100	Loss 2.3357 ± 0.0838
INFO:meta-cli.py:Epoch 57/100	Loss 2.3334 ± 0.0793
INFO:meta-cli.py:Epoch 57/100	dev results	MRR 0.457591	H@1 0.432762	H@3 0.466051	H@5 0.482531	H@10 0.506262
INFO:meta-cli.py:Epoch 57/100	test results	MRR 0.459703	H@1 0.434429	H@3 0.466975	H@5 0.485641	H@10 0.510211
INFO:meta-cli.py:Epoch 58/100	Loss 2.3317 ± 0.0856
INFO:meta-cli.py:Epoch 59/100	Loss 2.3296 ± 0.0849
INFO:meta-cli.py:Epoch 60/100	Loss 2.3278 ± 0.0879
INFO:meta-cli.py:Epoch 60/100	dev results	MRR 0.458168	H@1 0.433092	H@3 0.467370	H@5 0.482696	H@10 0.506922
INFO:meta-cli.py:Epoch 60/100	test results	MRR 0.459279	H@1 0.433312	H@3 0.467932	H@5 0.485163	H@10 0.510051
INFO:meta-cli.py:Epoch 61/100	Loss 2.3262 ± 0.0819
INFO:meta-cli.py:Epoch 62/100	Loss 2.3244 ± 0.0810
INFO:meta-cli.py:Epoch 63/100	Loss 2.3223 ± 0.0872
INFO:meta-cli.py:Epoch 63/100	dev results	MRR 0.458699	H@1 0.433092	H@3 0.468853	H@5 0.483355	H@10 0.507251
INFO:meta-cli.py:Epoch 63/100	test results	MRR 0.460192	H@1 0.434429	H@3 0.468251	H@5 0.486599	H@10 0.511327
INFO:meta-cli.py:Epoch 64/100	Loss 2.3205 ± 0.0837
INFO:meta-cli.py:Epoch 65/100	Loss 2.3188 ± 0.0904
INFO:meta-cli.py:Epoch 66/100	Loss 2.3171 ± 0.0825
INFO:meta-cli.py:Epoch 66/100	dev results	MRR 0.459079	H@1 0.433916	H@3 0.468194	H@5 0.484015	H@10 0.507251
INFO:meta-cli.py:Epoch 66/100	test results	MRR 0.460043	H@1 0.434269	H@3 0.467773	H@5 0.486918	H@10 0.510849
INFO:meta-cli.py:Epoch 67/100	Loss 2.3154 ± 0.0808
INFO:meta-cli.py:Epoch 68/100	Loss 2.3143 ± 0.0861
INFO:meta-cli.py:Epoch 69/100	Loss 2.3124 ± 0.0830
INFO:meta-cli.py:Epoch 69/100	dev results	MRR 0.459198	H@1 0.433916	H@3 0.468688	H@5 0.483850	H@10 0.507086
INFO:meta-cli.py:Epoch 69/100	test results	MRR 0.460987	H@1 0.435386	H@3 0.469368	H@5 0.487077	H@10 0.510370
INFO:meta-cli.py:Epoch 70/100	Loss 2.3111 ± 0.0815
INFO:meta-cli.py:Epoch 71/100	Loss 2.3097 ± 0.0821
INFO:meta-cli.py:Epoch 72/100	Loss 2.3082 ± 0.0800
INFO:meta-cli.py:Epoch 72/100	dev results	MRR 0.459620	H@1 0.434575	H@3 0.469347	H@5 0.484179	H@10 0.507581
INFO:meta-cli.py:Epoch 72/100	test results	MRR 0.461700	H@1 0.436184	H@3 0.469847	H@5 0.487556	H@10 0.511327
INFO:meta-cli.py:Epoch 73/100	Loss 2.3064 ± 0.0804
INFO:meta-cli.py:Epoch 74/100	Loss 2.3049 ± 0.0847
INFO:meta-cli.py:Epoch 75/100	Loss 2.3037 ± 0.0823
INFO:meta-cli.py:Epoch 75/100	dev results	MRR 0.459945	H@1 0.434740	H@3 0.470501	H@5 0.485168	H@10 0.508240
INFO:meta-cli.py:Epoch 75/100	test results	MRR 0.461535	H@1 0.436184	H@3 0.468890	H@5 0.487875	H@10 0.511806
INFO:meta-cli.py:Epoch 76/100	Loss 2.3025 ± 0.0788
INFO:meta-cli.py:Epoch 77/100	Loss 2.3013 ± 0.0786
INFO:meta-cli.py:Epoch 78/100	Loss 2.2998 ± 0.0717
INFO:meta-cli.py:Epoch 78/100	dev results	MRR 0.460027	H@1 0.434740	H@3 0.470831	H@5 0.484015	H@10 0.508570
INFO:meta-cli.py:Epoch 78/100	test results	MRR 0.461206	H@1 0.435227	H@3 0.468890	H@5 0.487875	H@10 0.512125
INFO:meta-cli.py:Epoch 79/100	Loss 2.2986 ± 0.0802
INFO:meta-cli.py:Epoch 80/100	Loss 2.2975 ± 0.0750
INFO:meta-cli.py:Epoch 81/100	Loss 2.2957 ± 0.0832
INFO:meta-cli.py:Epoch 81/100	dev results	MRR 0.459904	H@1 0.434904	H@3 0.469512	H@5 0.485168	H@10 0.508734
INFO:meta-cli.py:Epoch 81/100	test results	MRR 0.461521	H@1 0.435705	H@3 0.469209	H@5 0.489470	H@10 0.511646
INFO:meta-cli.py:Epoch 82/100	Loss 2.2946 ± 0.0818
INFO:meta-cli.py:Epoch 83/100	Loss 2.2936 ± 0.0814
INFO:meta-cli.py:Epoch 84/100	Loss 2.2921 ± 0.0839
INFO:meta-cli.py:Epoch 84/100	dev results	MRR 0.460094	H@1 0.434740	H@3 0.469677	H@5 0.485827	H@10 0.509394
INFO:meta-cli.py:Epoch 84/100	test results	MRR 0.461944	H@1 0.436503	H@3 0.469049	H@5 0.488832	H@10 0.512763
INFO:meta-cli.py:Epoch 85/100	Loss 2.2912 ± 0.0764
INFO:meta-cli.py:Epoch 86/100	Loss 2.2901 ± 0.0773
INFO:meta-cli.py:Epoch 87/100	Loss 2.2891 ± 0.0798
INFO:meta-cli.py:Epoch 87/100	dev results	MRR 0.460462	H@1 0.435728	H@3 0.470007	H@5 0.484838	H@10 0.509394
INFO:meta-cli.py:Epoch 87/100	test results	MRR 0.461719	H@1 0.436024	H@3 0.468571	H@5 0.489311	H@10 0.512444
INFO:meta-cli.py:Epoch 88/100	Loss 2.2880 ± 0.0838
INFO:meta-cli.py:Epoch 89/100	Loss 2.2867 ± 0.0768
INFO:meta-cli.py:Epoch 90/100	Loss 2.2859 ± 0.0789
INFO:meta-cli.py:Epoch 90/100	dev results	MRR 0.460445	H@1 0.435069	H@3 0.470666	H@5 0.485168	H@10 0.508899
INFO:meta-cli.py:Epoch 90/100	test results	MRR 0.461866	H@1 0.435705	H@3 0.470006	H@5 0.488832	H@10 0.512285
INFO:meta-cli.py:Epoch 91/100	Loss 2.2850 ± 0.0799
INFO:meta-cli.py:Epoch 92/100	Loss 2.2840 ± 0.0842
INFO:meta-cli.py:Epoch 93/100	Loss 2.2831 ± 0.0736
INFO:meta-cli.py:Epoch 93/100	dev results	MRR 0.460804	H@1 0.435893	H@3 0.469842	H@5 0.485827	H@10 0.509888
INFO:meta-cli.py:Epoch 93/100	test results	MRR 0.461744	H@1 0.435705	H@3 0.468890	H@5 0.489151	H@10 0.513401
INFO:meta-cli.py:Epoch 94/100	Loss 2.2819 ± 0.0756
INFO:meta-cli.py:Epoch 95/100	Loss 2.2808 ± 0.0817
INFO:meta-cli.py:Epoch 96/100	Loss 2.2799 ± 0.0777
INFO:meta-cli.py:Epoch 96/100	dev results	MRR 0.461466	H@1 0.436882	H@3 0.471325	H@5 0.485992	H@10 0.510218
INFO:meta-cli.py:Epoch 96/100	test results	MRR 0.461965	H@1 0.435865	H@3 0.469528	H@5 0.489151	H@10 0.513720
INFO:meta-cli.py:Epoch 97/100	Loss 2.2789 ± 0.0798
INFO:meta-cli.py:Epoch 98/100	Loss 2.2780 ± 0.0834
INFO:meta-cli.py:Epoch 99/100	Loss 2.2771 ± 0.0793
INFO:meta-cli.py:Epoch 99/100	dev results	MRR 0.460803	H@1 0.435728	H@3 0.470171	H@5 0.485827	H@10 0.509229
INFO:meta-cli.py:Epoch 99/100	test results	MRR 0.461873	H@1 0.435705	H@3 0.469847	H@5 0.488992	H@10 0.513880
INFO:meta-cli.py:Epoch 100/100	Loss 2.2760 ± 0.0773
INFO:meta-cli.py:Final 	dev results	MRR 0.461208	H@1 0.436388	H@3 0.470666	H@5 0.484838	H@10 0.509229
INFO:meta-cli.py:Final 	test results	MRR 0.462224	H@1 0.436343	H@3 0.469687	H@5 0.488992	H@10 0.513561
INFO:meta-cli.py:Training finished
