./bin/meta-cli.py --train data/wn18rr/train.tsv --dev data/wn18rr/dev.tsv --test data/wn18rr/test.tsv -m complex -k 4000 -b 1000 -e 100 --F2 0 --N3 0.01 -l 0.1 -I reciprocal -V 3 -o adagrad -q
{'F2': 0.0,
 'N3': 0.01,
 'batch_size': 1000,
 'dev': 'data/wn18rr/dev.tsv',
 'embedding_size': 4000,
 'epochs': 100,
 'eval_batch_size': None,
 'input_type': 'reciprocal',
 'learning_rate': 0.1,
 'load': None,
 'model': 'complex',
 'optimizer': 'adagrad',
 'quiet': True,
 'save': None,
 'seed': 0,
 'test': 'data/wn18rr/test.tsv',
 'test_i': None,
 'test_ii': None,
 'train': 'data/wn18rr/train.tsv',
 'validate_every': 3}
INFO:meta-cli.py:Device: cuda
INFO:meta-cli.py:Model state:
INFO:meta-cli.py:	entities.weight	torch.Size([40943, 8000])
INFO:meta-cli.py:	predicates.weight	torch.Size([22, 8000])
INFO:meta-cli.py:Epoch 1/100	Loss 14.9983 ± 4.1980
INFO:meta-cli.py:Epoch 2/100	Loss 5.8131 ± 0.3269
INFO:meta-cli.py:Epoch 3/100	Loss 4.7263 ± 0.0952
INFO:meta-cli.py:Epoch 3/100	dev results	MRR 0.437778	H@1 0.414964	H@3 0.445616	H@5 0.459130	H@10 0.478906
INFO:meta-cli.py:Epoch 3/100	test results	MRR 0.437116	H@1 0.414965	H@3 0.442725	H@5 0.458200	H@10 0.481653
INFO:meta-cli.py:Epoch 4/100	Loss 4.3060 ± 0.0830
INFO:meta-cli.py:Epoch 5/100	Loss 4.0611 ± 0.0857
INFO:meta-cli.py:Epoch 6/100	Loss 3.8924 ± 0.0967
INFO:meta-cli.py:Epoch 6/100	dev results	MRR 0.449892	H@1 0.424192	H@3 0.459624	H@5 0.474786	H@10 0.499670
INFO:meta-cli.py:Epoch 6/100	test results	MRR 0.449615	H@1 0.423740	H@3 0.459796	H@5 0.473676	H@10 0.497288
INFO:meta-cli.py:Epoch 7/100	Loss 3.7695 ± 0.0968
INFO:meta-cli.py:Epoch 8/100	Loss 3.6711 ± 0.1070
INFO:meta-cli.py:Epoch 9/100	Loss 3.5967 ± 0.0986
INFO:meta-cli.py:Epoch 9/100	dev results	MRR 0.455705	H@1 0.429631	H@3 0.465887	H@5 0.482202	H@10 0.504450
INFO:meta-cli.py:Epoch 9/100	test results	MRR 0.457156	H@1 0.429004	H@3 0.467135	H@5 0.485482	H@10 0.509732
INFO:meta-cli.py:Epoch 10/100	Loss 3.5292 ± 0.1058
INFO:meta-cli.py:Epoch 11/100	Loss 3.4769 ± 0.1117
INFO:meta-cli.py:Epoch 12/100	Loss 3.4321 ± 0.1071
INFO:meta-cli.py:Epoch 12/100	dev results	MRR 0.459684	H@1 0.432432	H@3 0.469512	H@5 0.488134	H@10 0.509888
INFO:meta-cli.py:Epoch 12/100	test results	MRR 0.463397	H@1 0.435705	H@3 0.475271	H@5 0.491385	H@10 0.515635
INFO:meta-cli.py:Epoch 13/100	Loss 3.3917 ± 0.1023
INFO:meta-cli.py:Epoch 14/100	Loss 3.3578 ± 0.1059
INFO:meta-cli.py:Epoch 15/100	Loss 3.3273 ± 0.1143
INFO:meta-cli.py:Epoch 15/100	dev results	MRR 0.464115	H@1 0.437541	H@3 0.471325	H@5 0.490442	H@10 0.516150
INFO:meta-cli.py:Epoch 15/100	test results	MRR 0.465161	H@1 0.435865	H@3 0.477026	H@5 0.495692	H@10 0.521378
INFO:meta-cli.py:Epoch 16/100	Loss 3.3000 ± 0.1104
INFO:meta-cli.py:Epoch 17/100	Loss 3.2758 ± 0.1107
INFO:meta-cli.py:Epoch 18/100	Loss 3.2530 ± 0.1122
INFO:meta-cli.py:Epoch 18/100	dev results	MRR 0.464519	H@1 0.435399	H@3 0.475115	H@5 0.492749	H@10 0.521589
INFO:meta-cli.py:Epoch 18/100	test results	MRR 0.468058	H@1 0.437460	H@3 0.480855	H@5 0.499202	H@10 0.526005
INFO:meta-cli.py:Epoch 19/100	Loss 3.2343 ± 0.1086
INFO:meta-cli.py:Epoch 20/100	Loss 3.2151 ± 0.1097
INFO:meta-cli.py:Epoch 21/100	Loss 3.1980 ± 0.1059
INFO:meta-cli.py:Epoch 21/100	dev results	MRR 0.466791	H@1 0.437871	H@3 0.474291	H@5 0.498022	H@10 0.521589
INFO:meta-cli.py:Epoch 21/100	test results	MRR 0.470550	H@1 0.440013	H@3 0.482131	H@5 0.501914	H@10 0.527122
INFO:meta-cli.py:Epoch 22/100	Loss 3.1832 ± 0.1104
INFO:meta-cli.py:Epoch 23/100	Loss 3.1689 ± 0.1075
INFO:meta-cli.py:Epoch 24/100	Loss 3.1562 ± 0.1095
INFO:meta-cli.py:Epoch 24/100	dev results	MRR 0.468899	H@1 0.439354	H@3 0.479400	H@5 0.497528	H@10 0.525709
INFO:meta-cli.py:Epoch 24/100	test results	MRR 0.472797	H@1 0.441608	H@3 0.485960	H@5 0.503989	H@10 0.530153
INFO:meta-cli.py:Epoch 25/100	Loss 3.1428 ± 0.1068
INFO:meta-cli.py:Epoch 26/100	Loss 3.1300 ± 0.1064
INFO:meta-cli.py:Epoch 27/100	Loss 3.1202 ± 0.1013
INFO:meta-cli.py:Epoch 27/100	dev results	MRR 0.469142	H@1 0.438365	H@3 0.480224	H@5 0.500330	H@10 0.527027
INFO:meta-cli.py:Epoch 27/100	test results	MRR 0.472456	H@1 0.441130	H@3 0.485163	H@5 0.505743	H@10 0.531270
INFO:meta-cli.py:Epoch 28/100	Loss 3.1097 ± 0.1091
INFO:meta-cli.py:Epoch 29/100	Loss 3.1003 ± 0.1084
INFO:meta-cli.py:Epoch 30/100	Loss 3.0917 ± 0.0975
INFO:meta-cli.py:Epoch 30/100	dev results	MRR 0.469988	H@1 0.440013	H@3 0.480719	H@5 0.501648	H@10 0.527192
INFO:meta-cli.py:Epoch 30/100	test results	MRR 0.473571	H@1 0.441927	H@3 0.485641	H@5 0.506063	H@10 0.533663
INFO:meta-cli.py:Epoch 31/100	Loss 3.0824 ± 0.1090
INFO:meta-cli.py:Epoch 32/100	Loss 3.0743 ± 0.1070
INFO:meta-cli.py:Epoch 33/100	Loss 3.0665 ± 0.1038
INFO:meta-cli.py:Epoch 33/100	dev results	MRR 0.470725	H@1 0.439189	H@3 0.482202	H@5 0.506098	H@10 0.532301
INFO:meta-cli.py:Epoch 33/100	test results	MRR 0.472836	H@1 0.439056	H@3 0.488194	H@5 0.507977	H@10 0.534939
INFO:meta-cli.py:Epoch 34/100	Loss 3.0589 ± 0.1079
INFO:meta-cli.py:Epoch 35/100	Loss 3.0520 ± 0.1008
INFO:meta-cli.py:Epoch 36/100	Loss 3.0451 ± 0.1008
INFO:meta-cli.py:Epoch 36/100	dev results	MRR 0.470896	H@1 0.439024	H@3 0.481707	H@5 0.503955	H@10 0.531971
INFO:meta-cli.py:Epoch 36/100	test results	MRR 0.474330	H@1 0.440970	H@3 0.488673	H@5 0.507020	H@10 0.536375
INFO:meta-cli.py:Epoch 37/100	Loss 3.0391 ± 0.1033
INFO:meta-cli.py:Epoch 38/100	Loss 3.0328 ± 0.1037
INFO:meta-cli.py:Epoch 39/100	Loss 3.0270 ± 0.1066
INFO:meta-cli.py:Epoch 39/100	dev results	MRR 0.471097	H@1 0.439684	H@3 0.480883	H@5 0.504120	H@10 0.532960
INFO:meta-cli.py:Epoch 39/100	test results	MRR 0.473838	H@1 0.440810	H@3 0.486918	H@5 0.506701	H@10 0.536535
INFO:meta-cli.py:Epoch 40/100	Loss 3.0211 ± 0.0984
INFO:meta-cli.py:Epoch 41/100	Loss 3.0154 ± 0.1014
INFO:meta-cli.py:Epoch 42/100	Loss 3.0108 ± 0.1049
INFO:meta-cli.py:Epoch 42/100	dev results	MRR 0.472471	H@1 0.439848	H@3 0.484179	H@5 0.505274	H@10 0.534113
INFO:meta-cli.py:Epoch 42/100	test results	MRR 0.475809	H@1 0.443204	H@3 0.488034	H@5 0.508775	H@10 0.540842
INFO:meta-cli.py:Epoch 43/100	Loss 3.0056 ± 0.1056
INFO:meta-cli.py:Epoch 44/100	Loss 3.0003 ± 0.0961
INFO:meta-cli.py:Epoch 45/100	Loss 2.9949 ± 0.0953
INFO:meta-cli.py:Epoch 45/100	dev results	MRR 0.472133	H@1 0.439519	H@3 0.485498	H@5 0.505768	H@10 0.533454
INFO:meta-cli.py:Epoch 45/100	test results	MRR 0.475639	H@1 0.442246	H@3 0.489151	H@5 0.508615	H@10 0.539407
INFO:meta-cli.py:Epoch 46/100	Loss 2.9905 ± 0.1016
INFO:meta-cli.py:Epoch 47/100	Loss 2.9868 ± 0.1038
INFO:meta-cli.py:Epoch 48/100	Loss 2.9825 ± 0.1039
INFO:meta-cli.py:Epoch 48/100	dev results	MRR 0.471390	H@1 0.438036	H@3 0.484509	H@5 0.504944	H@10 0.535432
INFO:meta-cli.py:Epoch 48/100	test results	MRR 0.475016	H@1 0.441768	H@3 0.486280	H@5 0.508456	H@10 0.540523
INFO:meta-cli.py:Epoch 49/100	Loss 2.9781 ± 0.1004
INFO:meta-cli.py:Epoch 50/100	Loss 2.9744 ± 0.0970
INFO:meta-cli.py:Epoch 51/100	Loss 2.9701 ± 0.0972
INFO:meta-cli.py:Epoch 51/100	dev results	MRR 0.473844	H@1 0.441167	H@3 0.484509	H@5 0.508570	H@10 0.538233
INFO:meta-cli.py:Epoch 51/100	test results	MRR 0.474903	H@1 0.440172	H@3 0.488194	H@5 0.507498	H@10 0.540842
INFO:meta-cli.py:Epoch 52/100	Loss 2.9667 ± 0.0906
INFO:meta-cli.py:Epoch 53/100	Loss 2.9634 ± 0.0944
INFO:meta-cli.py:Epoch 54/100	Loss 2.9591 ± 0.0993
INFO:meta-cli.py:Epoch 54/100	dev results	MRR 0.472506	H@1 0.439354	H@3 0.483850	H@5 0.506098	H@10 0.538398
INFO:meta-cli.py:Epoch 54/100	test results	MRR 0.475652	H@1 0.441449	H@3 0.488513	H@5 0.507817	H@10 0.540683
INFO:meta-cli.py:Epoch 55/100	Loss 2.9557 ± 0.0967
INFO:meta-cli.py:Epoch 56/100	Loss 2.9527 ± 0.0933
INFO:meta-cli.py:Epoch 57/100	Loss 2.9489 ± 0.0895
INFO:meta-cli.py:Epoch 57/100	dev results	MRR 0.472589	H@1 0.439189	H@3 0.484674	H@5 0.505768	H@10 0.538398
INFO:meta-cli.py:Epoch 57/100	test results	MRR 0.475940	H@1 0.442087	H@3 0.488354	H@5 0.508775	H@10 0.540842
INFO:meta-cli.py:Epoch 58/100	Loss 2.9460 ± 0.0961
INFO:meta-cli.py:Epoch 59/100	Loss 2.9430 ± 0.0951
INFO:meta-cli.py:Epoch 60/100	Loss 2.9400 ± 0.0984
INFO:meta-cli.py:Epoch 60/100	dev results	MRR 0.472854	H@1 0.440508	H@3 0.483026	H@5 0.506922	H@10 0.538893
INFO:meta-cli.py:Epoch 60/100	test results	MRR 0.475087	H@1 0.440491	H@3 0.488194	H@5 0.510211	H@10 0.541959
INFO:meta-cli.py:Epoch 61/100	Loss 2.9376 ± 0.0918
INFO:meta-cli.py:Epoch 62/100	Loss 2.9348 ± 0.0909
INFO:meta-cli.py:Epoch 63/100	Loss 2.9315 ± 0.0985
INFO:meta-cli.py:Epoch 63/100	dev results	MRR 0.473265	H@1 0.439519	H@3 0.486816	H@5 0.508405	H@10 0.539717
INFO:meta-cli.py:Epoch 63/100	test results	MRR 0.475651	H@1 0.440332	H@3 0.490428	H@5 0.509413	H@10 0.542916
INFO:meta-cli.py:Epoch 64/100	Loss 2.9285 ± 0.0941
INFO:meta-cli.py:Epoch 65/100	Loss 2.9259 ± 0.1006
INFO:meta-cli.py:Epoch 66/100	Loss 2.9235 ± 0.0936
INFO:meta-cli.py:Epoch 66/100	dev results	MRR 0.473739	H@1 0.439848	H@3 0.485992	H@5 0.507910	H@10 0.540211
INFO:meta-cli.py:Epoch 66/100	test results	MRR 0.475648	H@1 0.440651	H@3 0.487715	H@5 0.511168	H@10 0.545788
INFO:meta-cli.py:Epoch 67/100	Loss 2.9207 ± 0.0919
INFO:meta-cli.py:Epoch 68/100	Loss 2.9189 ± 0.0967
INFO:meta-cli.py:Epoch 69/100	Loss 2.9160 ± 0.0933
INFO:meta-cli.py:Epoch 69/100	dev results	MRR 0.472669	H@1 0.437706	H@3 0.484509	H@5 0.507581	H@10 0.541200
INFO:meta-cli.py:Epoch 69/100	test results	MRR 0.475666	H@1 0.440172	H@3 0.489470	H@5 0.510530	H@10 0.545469
INFO:meta-cli.py:Epoch 70/100	Loss 2.9139 ± 0.0923
INFO:meta-cli.py:Epoch 71/100	Loss 2.9118 ± 0.0925
INFO:meta-cli.py:Epoch 72/100	Loss 2.9094 ± 0.0912
INFO:meta-cli.py:Epoch 72/100	dev results	MRR 0.474150	H@1 0.440343	H@3 0.484674	H@5 0.509723	H@10 0.541859
INFO:meta-cli.py:Epoch 72/100	test results	MRR 0.476509	H@1 0.441289	H@3 0.488673	H@5 0.510689	H@10 0.545948
INFO:meta-cli.py:Epoch 73/100	Loss 2.9065 ± 0.0912
INFO:meta-cli.py:Epoch 74/100	Loss 2.9044 ± 0.0957
INFO:meta-cli.py:Epoch 75/100	Loss 2.9025 ± 0.0925
INFO:meta-cli.py:Epoch 75/100	dev results	MRR 0.473940	H@1 0.439354	H@3 0.485333	H@5 0.509888	H@10 0.541365
INFO:meta-cli.py:Epoch 75/100	test results	MRR 0.476310	H@1 0.440491	H@3 0.490108	H@5 0.511646	H@10 0.547064
INFO:meta-cli.py:Epoch 76/100	Loss 2.9005 ± 0.0897
INFO:meta-cli.py:Epoch 77/100	Loss 2.8986 ± 0.0893
INFO:meta-cli.py:Epoch 78/100	Loss 2.8966 ± 0.0818
INFO:meta-cli.py:Epoch 78/100	dev results	MRR 0.473216	H@1 0.438530	H@3 0.484179	H@5 0.508240	H@10 0.540870
INFO:meta-cli.py:Epoch 78/100	test results	MRR 0.475689	H@1 0.438896	H@3 0.489470	H@5 0.513082	H@10 0.548022
INFO:meta-cli.py:Epoch 79/100	Loss 2.8945 ± 0.0908
INFO:meta-cli.py:Epoch 80/100	Loss 2.8929 ± 0.0861
INFO:meta-cli.py:Epoch 81/100	Loss 2.8901 ± 0.0944
INFO:meta-cli.py:Epoch 81/100	dev results	MRR 0.473793	H@1 0.439519	H@3 0.484344	H@5 0.509064	H@10 0.542024
INFO:meta-cli.py:Epoch 81/100	test results	MRR 0.476049	H@1 0.439853	H@3 0.489630	H@5 0.511966	H@10 0.547703
INFO:meta-cli.py:Epoch 82/100	Loss 2.8884 ± 0.0930
INFO:meta-cli.py:Epoch 83/100	Loss 2.8870 ± 0.0931
INFO:meta-cli.py:Epoch 84/100	Loss 2.8846 ± 0.0953
INFO:meta-cli.py:Epoch 84/100	dev results	MRR 0.473348	H@1 0.437706	H@3 0.486486	H@5 0.509229	H@10 0.543177
INFO:meta-cli.py:Epoch 84/100	test results	MRR 0.476418	H@1 0.440013	H@3 0.491385	H@5 0.513082	H@10 0.547224
INFO:meta-cli.py:Epoch 85/100	Loss 2.8832 ± 0.0878
INFO:meta-cli.py:Epoch 86/100	Loss 2.8815 ± 0.0880
INFO:meta-cli.py:Epoch 87/100	Loss 2.8800 ± 0.0915
INFO:meta-cli.py:Epoch 87/100	dev results	MRR 0.474376	H@1 0.439684	H@3 0.484344	H@5 0.509558	H@10 0.543177
INFO:meta-cli.py:Epoch 87/100	test results	MRR 0.476407	H@1 0.439694	H@3 0.490428	H@5 0.513561	H@10 0.548341
INFO:meta-cli.py:Epoch 88/100	Loss 2.8783 ± 0.0951
INFO:meta-cli.py:Epoch 89/100	Loss 2.8764 ± 0.0879
INFO:meta-cli.py:Epoch 90/100	Loss 2.8751 ± 0.0904
INFO:meta-cli.py:Epoch 90/100	dev results	MRR 0.473183	H@1 0.437376	H@3 0.484015	H@5 0.510053	H@10 0.543342
INFO:meta-cli.py:Epoch 90/100	test results	MRR 0.476723	H@1 0.440332	H@3 0.489470	H@5 0.514199	H@10 0.548500
INFO:meta-cli.py:Epoch 91/100	Loss 2.8737 ± 0.0911
INFO:meta-cli.py:Epoch 92/100	Loss 2.8722 ± 0.0953
INFO:meta-cli.py:Epoch 93/100	Loss 2.8709 ± 0.0848
INFO:meta-cli.py:Epoch 93/100	dev results	MRR 0.473902	H@1 0.438530	H@3 0.485662	H@5 0.511206	H@10 0.543342
INFO:meta-cli.py:Epoch 93/100	test results	MRR 0.476926	H@1 0.440491	H@3 0.490906	H@5 0.513880	H@10 0.549298
INFO:meta-cli.py:Epoch 94/100	Loss 2.8691 ± 0.0865
INFO:meta-cli.py:Epoch 95/100	Loss 2.8672 ± 0.0922
INFO:meta-cli.py:Epoch 96/100	Loss 2.8659 ± 0.0885
INFO:meta-cli.py:Epoch 96/100	dev results	MRR 0.473653	H@1 0.438365	H@3 0.485662	H@5 0.508570	H@10 0.543507
INFO:meta-cli.py:Epoch 96/100	test results	MRR 0.476586	H@1 0.440013	H@3 0.489789	H@5 0.513561	H@10 0.548660
INFO:meta-cli.py:Epoch 97/100	Loss 2.8644 ± 0.0915
INFO:meta-cli.py:Epoch 98/100	Loss 2.8629 ± 0.0939
INFO:meta-cli.py:Epoch 99/100	Loss 2.8617 ± 0.0899
INFO:meta-cli.py:Epoch 99/100	dev results	MRR 0.473588	H@1 0.437871	H@3 0.483850	H@5 0.509888	H@10 0.544990
INFO:meta-cli.py:Epoch 99/100	test results	MRR 0.476035	H@1 0.439375	H@3 0.489151	H@5 0.513720	H@10 0.547703
INFO:meta-cli.py:Epoch 100/100	Loss 2.8601 ± 0.0890
INFO:meta-cli.py:Final 	dev results	MRR 0.473787	H@1 0.438200	H@3 0.484344	H@5 0.510218	H@10 0.544990
INFO:meta-cli.py:Final 	test results	MRR 0.476718	H@1 0.440172	H@3 0.489949	H@5 0.513880	H@10 0.549458
INFO:meta-cli.py:Training finished
