./bin/meta-cli.py --train data/wn18rr/train.tsv --dev data/wn18rr/dev.tsv --test data/wn18rr/test.tsv -m complex -k 2000 -b 1000 -e 100 --F2 0 --N3 0.5 -l 0.1 -I standard -V 3 -o adagrad -q
{'F2': 0.0,
 'N3': 0.5,
 'batch_size': 1000,
 'dev': 'data/wn18rr/dev.tsv',
 'embedding_size': 2000,
 'epochs': 100,
 'eval_batch_size': None,
 'input_type': 'standard',
 'learning_rate': 0.1,
 'load': None,
 'model': 'complex',
 'optimizer': 'adagrad',
 'quiet': True,
 'save': None,
 'seed': 0,
 'test': 'data/wn18rr/test.tsv',
 'test_i': None,
 'test_ii': None,
 'train': 'data/wn18rr/train.tsv',
 'validate_every': 3}
INFO:meta-cli.py:Device: cuda
INFO:meta-cli.py:Model state:
INFO:meta-cli.py:	entities.weight	torch.Size([40943, 4000])
INFO:meta-cli.py:	predicates.weight	torch.Size([11, 4000])
INFO:meta-cli.py:Epoch 1/100	Loss 36.6479 ± 9.6334
INFO:meta-cli.py:Epoch 2/100	Loss 24.8596 ± 0.4028
INFO:meta-cli.py:Epoch 3/100	Loss 23.2304 ± 0.1272
INFO:meta-cli.py:Epoch 3/100	dev results	MRR 0.009565	H@1 0.003790	H@3 0.007746	H@5 0.008734	H@10 0.018622
INFO:meta-cli.py:Epoch 3/100	test results	MRR 0.011318	H@1 0.004627	H@3 0.010530	H@5 0.013242	H@10 0.019464
INFO:meta-cli.py:Epoch 4/100	Loss 22.5930 ± 0.0682
INFO:meta-cli.py:Epoch 5/100	Loss 22.2542 ± 0.0549
INFO:meta-cli.py:Epoch 6/100	Loss 22.0442 ± 0.0461
INFO:meta-cli.py:Epoch 6/100	dev results	MRR 0.005618	H@1 0.000824	H@3 0.003461	H@5 0.008075	H@10 0.013349
INFO:meta-cli.py:Epoch 6/100	test results	MRR 0.006625	H@1 0.001436	H@3 0.004148	H@5 0.010370	H@10 0.016592
INFO:meta-cli.py:Epoch 7/100	Loss 21.9017 ± 0.0389
INFO:meta-cli.py:Epoch 8/100	Loss 21.7985 ± 0.0393
INFO:meta-cli.py:Epoch 9/100	Loss 21.7204 ± 0.0377
INFO:meta-cli.py:Epoch 9/100	dev results	MRR 0.005093	H@1 0.000659	H@3 0.002966	H@5 0.007416	H@10 0.012525
INFO:meta-cli.py:Epoch 9/100	test results	MRR 0.006225	H@1 0.001436	H@3 0.003510	H@5 0.009253	H@10 0.015795
INFO:meta-cli.py:Epoch 10/100	Loss 21.6587 ± 0.0286
INFO:meta-cli.py:Epoch 11/100	Loss 21.6066 ± 0.0304
INFO:meta-cli.py:Epoch 12/100	Loss 21.5582 ± 0.0285
INFO:meta-cli.py:Epoch 12/100	dev results	MRR 0.008597	H@1 0.001648	H@3 0.006922	H@5 0.011042	H@10 0.018787
INFO:meta-cli.py:Epoch 12/100	test results	MRR 0.010210	H@1 0.001914	H@3 0.008296	H@5 0.012604	H@10 0.023452
INFO:meta-cli.py:Epoch 13/100	Loss 21.5081 ± 0.0262
INFO:meta-cli.py:Epoch 14/100	Loss 21.4569 ± 0.0234
INFO:meta-cli.py:Epoch 15/100	Loss 21.4098 ± 0.0209
INFO:meta-cli.py:Epoch 15/100	dev results	MRR 0.028774	H@1 0.013184	H@3 0.026038	H@5 0.038233	H@10 0.056361
INFO:meta-cli.py:Epoch 15/100	test results	MRR 0.030354	H@1 0.015954	H@3 0.027441	H@5 0.037811	H@10 0.054882
INFO:meta-cli.py:Epoch 16/100	Loss 21.3667 ± 0.0228
INFO:meta-cli.py:Epoch 17/100	Loss 21.3258 ± 0.0239
INFO:meta-cli.py:Epoch 18/100	Loss 21.2854 ± 0.0196
INFO:meta-cli.py:Epoch 18/100	dev results	MRR 0.082590	H@1 0.046638	H@3 0.085366	H@5 0.115194	H@10 0.152933
INFO:meta-cli.py:Epoch 18/100	test results	MRR 0.076376	H@1 0.041161	H@3 0.080408	H@5 0.110402	H@10 0.142151
INFO:meta-cli.py:Epoch 19/100	Loss 21.2459 ± 0.0242
INFO:meta-cli.py:Epoch 20/100	Loss 21.2077 ± 0.0220
INFO:meta-cli.py:Epoch 21/100	Loss 21.1714 ± 0.0295
INFO:meta-cli.py:Epoch 21/100	dev results	MRR 0.146017	H@1 0.091958	H@3 0.161668	H@5 0.198748	H@10 0.256592
INFO:meta-cli.py:Epoch 21/100	test results	MRR 0.141372	H@1 0.086471	H@3 0.157786	H@5 0.195756	H@10 0.248245
INFO:meta-cli.py:Epoch 22/100	Loss 21.1355 ± 0.0287
INFO:meta-cli.py:Epoch 23/100	Loss 21.0960 ± 0.0319
INFO:meta-cli.py:Epoch 24/100	Loss 21.0453 ± 0.0327
INFO:meta-cli.py:Epoch 24/100	dev results	MRR 0.195262	H@1 0.114535	H@3 0.226599	H@5 0.285102	H@10 0.363876
INFO:meta-cli.py:Epoch 24/100	test results	MRR 0.195399	H@1 0.116146	H@3 0.223357	H@5 0.282387	H@10 0.360243
INFO:meta-cli.py:Epoch 25/100	Loss 20.9776 ± 0.0423
INFO:meta-cli.py:Epoch 26/100	Loss 20.8939 ± 0.0478
INFO:meta-cli.py:Epoch 27/100	Loss 20.8029 ± 0.0616
INFO:meta-cli.py:Epoch 27/100	dev results	MRR 0.215049	H@1 0.121127	H@3 0.254450	H@5 0.322017	H@10 0.408207
INFO:meta-cli.py:Epoch 27/100	test results	MRR 0.211176	H@1 0.120772	H@3 0.242502	H@5 0.310625	H@10 0.406669
INFO:meta-cli.py:Epoch 28/100	Loss 20.7154 ± 0.0672
INFO:meta-cli.py:Epoch 29/100	Loss 20.6378 ± 0.0796
INFO:meta-cli.py:Epoch 30/100	Loss 20.5718 ± 0.0824
INFO:meta-cli.py:Epoch 30/100	dev results	MRR 0.232752	H@1 0.132004	H@3 0.277192	H@5 0.346902	H@10 0.432927
INFO:meta-cli.py:Epoch 30/100	test results	MRR 0.227858	H@1 0.128430	H@3 0.268347	H@5 0.344927	H@10 0.437620
INFO:meta-cli.py:Epoch 31/100	Loss 20.5158 ± 0.0937
INFO:meta-cli.py:Epoch 32/100	Loss 20.4688 ± 0.0883
INFO:meta-cli.py:Epoch 33/100	Loss 20.4287 ± 0.0890
INFO:meta-cli.py:Epoch 33/100	dev results	MRR 0.240197	H@1 0.133487	H@3 0.293177	H@5 0.364370	H@10 0.448583
INFO:meta-cli.py:Epoch 33/100	test results	MRR 0.239451	H@1 0.133535	H@3 0.290364	H@5 0.364869	H@10 0.452616
INFO:meta-cli.py:Epoch 34/100	Loss 20.3933 ± 0.0916
INFO:meta-cli.py:Epoch 35/100	Loss 20.3630 ± 0.0905
INFO:meta-cli.py:Epoch 36/100	Loss 20.3356 ± 0.0841
INFO:meta-cli.py:Epoch 36/100	dev results	MRR 0.250640	H@1 0.143375	H@3 0.304548	H@5 0.377554	H@10 0.454351
INFO:meta-cli.py:Epoch 36/100	test results	MRR 0.250219	H@1 0.142310	H@3 0.305361	H@5 0.378111	H@10 0.463625
INFO:meta-cli.py:Epoch 37/100	Loss 20.3112 ± 0.0952
INFO:meta-cli.py:Epoch 38/100	Loss 20.2897 ± 0.0875
INFO:meta-cli.py:Epoch 39/100	Loss 20.2694 ± 0.0905
INFO:meta-cli.py:Epoch 39/100	dev results	MRR 0.259638	H@1 0.150791	H@3 0.317238	H@5 0.389585	H@10 0.463579
INFO:meta-cli.py:Epoch 39/100	test results	MRR 0.259033	H@1 0.149330	H@3 0.318124	H@5 0.387524	H@10 0.471602
INFO:meta-cli.py:Epoch 40/100	Loss 20.2513 ± 0.0945
INFO:meta-cli.py:Epoch 41/100	Loss 20.2342 ± 0.0885
INFO:meta-cli.py:Epoch 42/100	Loss 20.2183 ± 0.0891
INFO:meta-cli.py:Epoch 42/100	dev results	MRR 0.269154	H@1 0.162986	H@3 0.325808	H@5 0.392386	H@10 0.465887
INFO:meta-cli.py:Epoch 42/100	test results	MRR 0.267599	H@1 0.158902	H@3 0.323070	H@5 0.394703	H@10 0.475271
INFO:meta-cli.py:Epoch 43/100	Loss 20.2038 ± 0.0927
INFO:meta-cli.py:Epoch 44/100	Loss 20.1899 ± 0.0872
INFO:meta-cli.py:Epoch 45/100	Loss 20.1771 ± 0.0833
INFO:meta-cli.py:Epoch 45/100	dev results	MRR 0.278409	H@1 0.172874	H@3 0.336190	H@5 0.398484	H@10 0.468688
INFO:meta-cli.py:Epoch 45/100	test results	MRR 0.277314	H@1 0.170708	H@3 0.333599	H@5 0.402521	H@10 0.479898
INFO:meta-cli.py:Epoch 46/100	Loss 20.1648 ± 0.0903
INFO:meta-cli.py:Epoch 47/100	Loss 20.1533 ± 0.0902
INFO:meta-cli.py:Epoch 48/100	Loss 20.1423 ± 0.0959
INFO:meta-cli.py:Epoch 48/100	dev results	MRR 0.289326	H@1 0.188365	H@3 0.342287	H@5 0.406229	H@10 0.477917
INFO:meta-cli.py:Epoch 48/100	test results	MRR 0.285239	H@1 0.179643	H@3 0.340779	H@5 0.404435	H@10 0.486918
INFO:meta-cli.py:Epoch 49/100	Loss 20.1318 ± 0.0846
INFO:meta-cli.py:Epoch 50/100	Loss 20.1220 ± 0.0827
INFO:meta-cli.py:Epoch 51/100	Loss 20.1126 ± 0.0807
INFO:meta-cli.py:Epoch 51/100	dev results	MRR 0.299339	H@1 0.201549	H@3 0.347561	H@5 0.410185	H@10 0.482861
INFO:meta-cli.py:Epoch 51/100	test results	MRR 0.296940	H@1 0.193204	H@3 0.350989	H@5 0.413210	H@10 0.492661
INFO:meta-cli.py:Epoch 52/100	Loss 20.1038 ± 0.0913
INFO:meta-cli.py:Epoch 53/100	Loss 20.0952 ± 0.0875
INFO:meta-cli.py:Epoch 54/100	Loss 20.0871 ± 0.1005
INFO:meta-cli.py:Epoch 54/100	dev results	MRR 0.306031	H@1 0.209789	H@3 0.355471	H@5 0.415953	H@10 0.482696
INFO:meta-cli.py:Epoch 54/100	test results	MRR 0.305283	H@1 0.205010	H@3 0.357690	H@5 0.418475	H@10 0.495054
INFO:meta-cli.py:Epoch 55/100	Loss 20.0792 ± 0.0841
INFO:meta-cli.py:Epoch 56/100	Loss 20.0719 ± 0.0857
INFO:meta-cli.py:Epoch 57/100	Loss 20.0646 ± 0.0857
INFO:meta-cli.py:Epoch 57/100	dev results	MRR 0.313732	H@1 0.220007	H@3 0.362393	H@5 0.419578	H@10 0.484344
INFO:meta-cli.py:Epoch 57/100	test results	MRR 0.311297	H@1 0.212508	H@3 0.362476	H@5 0.423421	H@10 0.496809
INFO:meta-cli.py:Epoch 58/100	Loss 20.0577 ± 0.0839
INFO:meta-cli.py:Epoch 59/100	Loss 20.0512 ± 0.0897
INFO:meta-cli.py:Epoch 60/100	Loss 20.0449 ± 0.0839
INFO:meta-cli.py:Epoch 60/100	dev results	MRR 0.319806	H@1 0.227258	H@3 0.368985	H@5 0.423863	H@10 0.488299
INFO:meta-cli.py:Epoch 60/100	test results	MRR 0.317328	H@1 0.221761	H@3 0.367422	H@5 0.427090	H@10 0.500000
INFO:meta-cli.py:Epoch 61/100	Loss 20.0386 ± 0.0872
INFO:meta-cli.py:Epoch 62/100	Loss 20.0326 ± 0.0804
INFO:meta-cli.py:Epoch 63/100	Loss 20.0273 ± 0.0755
INFO:meta-cli.py:Epoch 63/100	dev results	MRR 0.325562	H@1 0.235333	H@3 0.373270	H@5 0.424852	H@10 0.490277
INFO:meta-cli.py:Epoch 63/100	test results	MRR 0.322547	H@1 0.229579	H@3 0.370772	H@5 0.426771	H@10 0.501595
INFO:meta-cli.py:Epoch 64/100	Loss 20.0219 ± 0.0844
INFO:meta-cli.py:Epoch 65/100	Loss 20.0164 ± 0.0920
INFO:meta-cli.py:Epoch 66/100	Loss 20.0115 ± 0.0843
INFO:meta-cli.py:Epoch 66/100	dev results	MRR 0.328987	H@1 0.239618	H@3 0.375412	H@5 0.428148	H@10 0.492419
INFO:meta-cli.py:Epoch 66/100	test results	MRR 0.327017	H@1 0.234684	H@3 0.374442	H@5 0.430600	H@10 0.504148
INFO:meta-cli.py:Epoch 67/100	Loss 20.0066 ± 0.0840
INFO:meta-cli.py:Epoch 68/100	Loss 20.0020 ± 0.0790
INFO:meta-cli.py:Epoch 69/100	Loss 19.9970 ± 0.0931
INFO:meta-cli.py:Epoch 69/100	dev results	MRR 0.333973	H@1 0.245715	H@3 0.382828	H@5 0.430620	H@10 0.494067
INFO:meta-cli.py:Epoch 69/100	test results	MRR 0.332182	H@1 0.241863	H@3 0.377473	H@5 0.436503	H@10 0.506222
INFO:meta-cli.py:Epoch 70/100	Loss 19.9918 ± 0.0833
INFO:meta-cli.py:Epoch 71/100	Loss 19.9856 ± 0.0788
INFO:meta-cli.py:Epoch 72/100	Loss 19.9780 ± 0.0746
INFO:meta-cli.py:Epoch 72/100	dev results	MRR 0.356025	H@1 0.276862	H@3 0.395847	H@5 0.440508	H@10 0.500989
INFO:meta-cli.py:Epoch 72/100	test results	MRR 0.350345	H@1 0.264997	H@3 0.394703	H@5 0.445756	H@10 0.512604
INFO:meta-cli.py:Epoch 73/100	Loss 19.9693 ± 0.0793
INFO:meta-cli.py:Epoch 74/100	Loss 19.9608 ± 0.0769
INFO:meta-cli.py:Epoch 75/100	Loss 19.9538 ± 0.0766
INFO:meta-cli.py:Epoch 75/100	dev results	MRR 0.375517	H@1 0.303230	H@3 0.409196	H@5 0.452538	H@10 0.508734
INFO:meta-cli.py:Epoch 75/100	test results	MRR 0.368852	H@1 0.289247	H@3 0.409062	H@5 0.457084	H@10 0.518188
INFO:meta-cli.py:Epoch 76/100	Loss 19.9476 ± 0.0822
INFO:meta-cli.py:Epoch 77/100	Loss 19.9422 ± 0.0756
INFO:meta-cli.py:Epoch 78/100	Loss 19.9375 ± 0.0826
INFO:meta-cli.py:Epoch 78/100	dev results	MRR 0.382010	H@1 0.311964	H@3 0.414634	H@5 0.458141	H@10 0.510877
INFO:meta-cli.py:Epoch 78/100	test results	MRR 0.378456	H@1 0.302489	H@3 0.415922	H@5 0.462189	H@10 0.521059
INFO:meta-cli.py:Epoch 79/100	Loss 19.9330 ± 0.0773
INFO:meta-cli.py:Epoch 80/100	Loss 19.9291 ± 0.0808
INFO:meta-cli.py:Epoch 81/100	Loss 19.9252 ± 0.0814
INFO:meta-cli.py:Epoch 81/100	dev results	MRR 0.386029	H@1 0.316579	H@3 0.418919	H@5 0.458800	H@10 0.511701
INFO:meta-cli.py:Epoch 81/100	test results	MRR 0.382203	H@1 0.307116	H@3 0.418953	H@5 0.464742	H@10 0.522176
INFO:meta-cli.py:Epoch 82/100	Loss 19.9220 ± 0.0791
INFO:meta-cli.py:Epoch 83/100	Loss 19.9181 ± 0.0756
INFO:meta-cli.py:Epoch 84/100	Loss 19.9150 ± 0.0793
INFO:meta-cli.py:Epoch 84/100	dev results	MRR 0.388107	H@1 0.318392	H@3 0.421721	H@5 0.460448	H@10 0.514502
INFO:meta-cli.py:Epoch 84/100	test results	MRR 0.384464	H@1 0.311104	H@3 0.419113	H@5 0.466816	H@10 0.522814
INFO:meta-cli.py:Epoch 85/100	Loss 19.9119 ± 0.0740
INFO:meta-cli.py:Epoch 86/100	Loss 19.9090 ± 0.0809
INFO:meta-cli.py:Epoch 87/100	Loss 19.9060 ± 0.0735
INFO:meta-cli.py:Epoch 87/100	dev results	MRR 0.389290	H@1 0.319875	H@3 0.422050	H@5 0.462920	H@10 0.514667
INFO:meta-cli.py:Epoch 87/100	test results	MRR 0.386300	H@1 0.313816	H@3 0.421187	H@5 0.466177	H@10 0.524410
INFO:meta-cli.py:Epoch 88/100	Loss 19.9032 ± 0.0759
INFO:meta-cli.py:Epoch 89/100	Loss 19.9006 ± 0.0760
INFO:meta-cli.py:Epoch 90/100	Loss 19.8980 ± 0.0836
INFO:meta-cli.py:Epoch 90/100	dev results	MRR 0.389461	H@1 0.319216	H@3 0.423368	H@5 0.462591	H@10 0.514338
INFO:meta-cli.py:Epoch 90/100	test results	MRR 0.387399	H@1 0.314295	H@3 0.424218	H@5 0.468251	H@10 0.525526
INFO:meta-cli.py:Epoch 91/100	Loss 19.8952 ± 0.0747
INFO:meta-cli.py:Epoch 92/100	Loss 19.8928 ± 0.0837
INFO:meta-cli.py:Epoch 93/100	Loss 19.8902 ± 0.0747
INFO:meta-cli.py:Epoch 93/100	dev results	MRR 0.390237	H@1 0.320369	H@3 0.424192	H@5 0.464239	H@10 0.515491
INFO:meta-cli.py:Epoch 93/100	test results	MRR 0.388439	H@1 0.316209	H@3 0.424059	H@5 0.467613	H@10 0.525686
INFO:meta-cli.py:Epoch 94/100	Loss 19.8880 ± 0.0741
INFO:meta-cli.py:Epoch 95/100	Loss 19.8855 ± 0.0824
INFO:meta-cli.py:Epoch 96/100	Loss 19.8833 ± 0.0614
INFO:meta-cli.py:Epoch 96/100	dev results	MRR 0.391375	H@1 0.321688	H@3 0.425511	H@5 0.466381	H@10 0.515491
INFO:meta-cli.py:Epoch 96/100	test results	MRR 0.390133	H@1 0.318124	H@3 0.424856	H@5 0.468092	H@10 0.525846
INFO:meta-cli.py:Epoch 97/100	Loss 19.8809 ± 0.0719
INFO:meta-cli.py:Epoch 98/100	Loss 19.8789 ± 0.0772
INFO:meta-cli.py:Epoch 99/100	Loss 19.8765 ± 0.0736
INFO:meta-cli.py:Epoch 99/100	dev results	MRR 0.391951	H@1 0.322182	H@3 0.426005	H@5 0.465063	H@10 0.514997
INFO:meta-cli.py:Epoch 99/100	test results	MRR 0.390102	H@1 0.317805	H@3 0.427090	H@5 0.469049	H@10 0.525686
INFO:meta-cli.py:Epoch 100/100	Loss 19.8748 ± 0.0835
INFO:meta-cli.py:Final 	dev results	MRR 0.394151	H@1 0.325643	H@3 0.427653	H@5 0.466216	H@10 0.515326
INFO:meta-cli.py:Final 	test results	MRR 0.390759	H@1 0.319081	H@3 0.426611	H@5 0.467294	H@10 0.526005
INFO:meta-cli.py:Training finished
