./bin/meta-cli.py --train data/wn18rr/train.tsv --dev data/wn18rr/dev.tsv --test data/wn18rr/test.tsv -m complex -k 2000 -b 1000 -e 100 --F2 0.001 --N3 0 -l 0.1 -I standard -V 3 -o adagrad -q
{'F2': 0.001,
 'N3': 0.0,
 'batch_size': 1000,
 'dev': 'data/wn18rr/dev.tsv',
 'embedding_size': 2000,
 'epochs': 100,
 'eval_batch_size': None,
 'input_type': 'standard',
 'learning_rate': 0.1,
 'load': None,
 'model': 'complex',
 'optimizer': 'adagrad',
 'quiet': True,
 'save': None,
 'seed': 0,
 'test': 'data/wn18rr/test.tsv',
 'test_i': None,
 'test_ii': None,
 'train': 'data/wn18rr/train.tsv',
 'validate_every': 3}
INFO:meta-cli.py:Device: cuda
INFO:meta-cli.py:Model state:
INFO:meta-cli.py:	entities.weight	torch.Size([40943, 4000])
INFO:meta-cli.py:	predicates.weight	torch.Size([11, 4000])
INFO:meta-cli.py:Epoch 1/100	Loss 18.7646 ± 1.8375
INFO:meta-cli.py:Epoch 2/100	Loss 9.1456 ± 0.3129
INFO:meta-cli.py:Epoch 3/100	Loss 4.7864 ± 0.3000
INFO:meta-cli.py:Epoch 3/100	dev results	MRR 0.425736	H@1 0.400956	H@3 0.435728	H@5 0.449901	H@10 0.469677
INFO:meta-cli.py:Epoch 3/100	test results	MRR 0.425225	H@1 0.399809	H@3 0.435705	H@5 0.448947	H@10 0.469687
INFO:meta-cli.py:Epoch 4/100	Loss 4.0238 ± 0.2576
INFO:meta-cli.py:Epoch 5/100	Loss 3.7035 ± 0.2531
INFO:meta-cli.py:Epoch 6/100	Loss 3.5343 ± 0.2439
INFO:meta-cli.py:Epoch 6/100	dev results	MRR 0.438020	H@1 0.414469	H@3 0.446935	H@5 0.460943	H@10 0.479400
INFO:meta-cli.py:Epoch 6/100	test results	MRR 0.437640	H@1 0.413369	H@3 0.445756	H@5 0.460434	H@10 0.481812
INFO:meta-cli.py:Epoch 7/100	Loss 3.4167 ± 0.2310
INFO:meta-cli.py:Epoch 8/100	Loss 3.3329 ± 0.2340
INFO:meta-cli.py:Epoch 9/100	Loss 3.2668 ± 0.2258
INFO:meta-cli.py:Epoch 9/100	dev results	MRR 0.441994	H@1 0.417106	H@3 0.451055	H@5 0.464568	H@10 0.486486
INFO:meta-cli.py:Epoch 9/100	test results	MRR 0.443517	H@1 0.417996	H@3 0.453095	H@5 0.466496	H@10 0.491066
INFO:meta-cli.py:Epoch 10/100	Loss 3.2119 ± 0.2154
INFO:meta-cli.py:Epoch 11/100	Loss 3.1674 ± 0.2156
INFO:meta-cli.py:Epoch 12/100	Loss 3.1296 ± 0.2171
INFO:meta-cli.py:Epoch 12/100	dev results	MRR 0.444197	H@1 0.419743	H@3 0.452868	H@5 0.466051	H@10 0.488299
INFO:meta-cli.py:Epoch 12/100	test results	MRR 0.445813	H@1 0.419432	H@3 0.455488	H@5 0.469528	H@10 0.495692
INFO:meta-cli.py:Epoch 13/100	Loss 3.0953 ± 0.2039
INFO:meta-cli.py:Epoch 14/100	Loss 3.0651 ± 0.2102
INFO:meta-cli.py:Epoch 15/100	Loss 3.0375 ± 0.2028
INFO:meta-cli.py:Epoch 15/100	dev results	MRR 0.446300	H@1 0.420897	H@3 0.456163	H@5 0.470171	H@10 0.490606
INFO:meta-cli.py:Epoch 15/100	test results	MRR 0.449507	H@1 0.423261	H@3 0.458679	H@5 0.473038	H@10 0.499362
INFO:meta-cli.py:Epoch 16/100	Loss 3.0153 ± 0.2007
INFO:meta-cli.py:Epoch 17/100	Loss 2.9919 ± 0.1984
INFO:meta-cli.py:Epoch 18/100	Loss 2.9717 ± 0.1853
INFO:meta-cli.py:Epoch 18/100	dev results	MRR 0.446883	H@1 0.421061	H@3 0.456163	H@5 0.472973	H@10 0.493738
INFO:meta-cli.py:Epoch 18/100	test results	MRR 0.450671	H@1 0.423580	H@3 0.459796	H@5 0.476388	H@10 0.501914
INFO:meta-cli.py:Epoch 19/100	Loss 2.9538 ± 0.1886
INFO:meta-cli.py:Epoch 20/100	Loss 2.9365 ± 0.1858
INFO:meta-cli.py:Epoch 21/100	Loss 2.9205 ± 0.1780
INFO:meta-cli.py:Epoch 21/100	dev results	MRR 0.448561	H@1 0.423204	H@3 0.456823	H@5 0.474456	H@10 0.495880
INFO:meta-cli.py:Epoch 21/100	test results	MRR 0.452480	H@1 0.425973	H@3 0.460753	H@5 0.478302	H@10 0.503191
INFO:meta-cli.py:Epoch 22/100	Loss 2.9056 ± 0.1918
INFO:meta-cli.py:Epoch 23/100	Loss 2.8912 ± 0.1790
INFO:meta-cli.py:Epoch 24/100	Loss 2.8796 ± 0.1848
INFO:meta-cli.py:Epoch 24/100	dev results	MRR 0.449161	H@1 0.423204	H@3 0.457647	H@5 0.475445	H@10 0.498022
INFO:meta-cli.py:Epoch 24/100	test results	MRR 0.453314	H@1 0.426452	H@3 0.462827	H@5 0.479738	H@10 0.504467
INFO:meta-cli.py:Epoch 25/100	Loss 2.8657 ± 0.1790
INFO:meta-cli.py:Epoch 26/100	Loss 2.8540 ± 0.1764
INFO:meta-cli.py:Epoch 27/100	Loss 2.8431 ± 0.1778
INFO:meta-cli.py:Epoch 27/100	dev results	MRR 0.451177	H@1 0.424852	H@3 0.461602	H@5 0.476763	H@10 0.498682
INFO:meta-cli.py:Epoch 27/100	test results	MRR 0.454203	H@1 0.426611	H@3 0.463306	H@5 0.480057	H@10 0.506541
INFO:meta-cli.py:Epoch 28/100	Loss 2.8325 ± 0.1785
INFO:meta-cli.py:Epoch 29/100	Loss 2.8227 ± 0.1758
INFO:meta-cli.py:Epoch 30/100	Loss 2.8132 ± 0.1609
INFO:meta-cli.py:Epoch 30/100	dev results	MRR 0.452345	H@1 0.426335	H@3 0.461437	H@5 0.477258	H@10 0.500659
INFO:meta-cli.py:Epoch 30/100	test results	MRR 0.456185	H@1 0.428845	H@3 0.465699	H@5 0.480855	H@10 0.508934
INFO:meta-cli.py:Epoch 31/100	Loss 2.8034 ± 0.1696
INFO:meta-cli.py:Epoch 32/100	Loss 2.7950 ± 0.1719
INFO:meta-cli.py:Epoch 33/100	Loss 2.7862 ± 0.1683
INFO:meta-cli.py:Epoch 33/100	dev results	MRR 0.452552	H@1 0.426005	H@3 0.462755	H@5 0.478082	H@10 0.501978
INFO:meta-cli.py:Epoch 33/100	test results	MRR 0.456469	H@1 0.428845	H@3 0.465858	H@5 0.481972	H@10 0.510211
INFO:meta-cli.py:Epoch 34/100	Loss 2.7789 ± 0.1586
INFO:meta-cli.py:Epoch 35/100	Loss 2.7707 ± 0.1649
INFO:meta-cli.py:Epoch 36/100	Loss 2.7634 ± 0.1540
INFO:meta-cli.py:Epoch 36/100	dev results	MRR 0.454468	H@1 0.428148	H@3 0.464898	H@5 0.479730	H@10 0.502472
INFO:meta-cli.py:Epoch 36/100	test results	MRR 0.458248	H@1 0.430919	H@3 0.466656	H@5 0.483727	H@10 0.510689
INFO:meta-cli.py:Epoch 37/100	Loss 2.7563 ± 0.1586
INFO:meta-cli.py:Epoch 38/100	Loss 2.7495 ± 0.1631
INFO:meta-cli.py:Epoch 39/100	Loss 2.7426 ± 0.1591
INFO:meta-cli.py:Epoch 39/100	dev results	MRR 0.454742	H@1 0.427983	H@3 0.464239	H@5 0.480059	H@10 0.504779
INFO:meta-cli.py:Epoch 39/100	test results	MRR 0.458054	H@1 0.429802	H@3 0.466177	H@5 0.484205	H@10 0.512763
INFO:meta-cli.py:Epoch 40/100	Loss 2.7367 ± 0.1541
INFO:meta-cli.py:Epoch 41/100	Loss 2.7306 ± 0.1552
INFO:meta-cli.py:Epoch 42/100	Loss 2.7238 ± 0.1517
INFO:meta-cli.py:Epoch 42/100	dev results	MRR 0.455243	H@1 0.428642	H@3 0.464733	H@5 0.480059	H@10 0.504779
INFO:meta-cli.py:Epoch 42/100	test results	MRR 0.459573	H@1 0.431717	H@3 0.468730	H@5 0.484525	H@10 0.516114
INFO:meta-cli.py:Epoch 43/100	Loss 2.7185 ± 0.1499
INFO:meta-cli.py:Epoch 44/100	Loss 2.7130 ± 0.1506
INFO:meta-cli.py:Epoch 45/100	Loss 2.7078 ± 0.1418
INFO:meta-cli.py:Epoch 45/100	dev results	MRR 0.454997	H@1 0.428148	H@3 0.464074	H@5 0.481048	H@10 0.505438
INFO:meta-cli.py:Epoch 45/100	test results	MRR 0.459844	H@1 0.431557	H@3 0.468730	H@5 0.488354	H@10 0.515156
INFO:meta-cli.py:Epoch 46/100	Loss 2.7022 ± 0.1433
INFO:meta-cli.py:Epoch 47/100	Loss 2.6971 ± 0.1534
INFO:meta-cli.py:Epoch 48/100	Loss 2.6923 ± 0.1510
INFO:meta-cli.py:Epoch 48/100	dev results	MRR 0.455386	H@1 0.428312	H@3 0.465227	H@5 0.482202	H@10 0.503626
INFO:meta-cli.py:Epoch 48/100	test results	MRR 0.459200	H@1 0.429962	H@3 0.469847	H@5 0.486918	H@10 0.515954
INFO:meta-cli.py:Epoch 49/100	Loss 2.6872 ± 0.1386
INFO:meta-cli.py:Epoch 50/100	Loss 2.6829 ± 0.1521
INFO:meta-cli.py:Epoch 51/100	Loss 2.6783 ± 0.1411
INFO:meta-cli.py:Epoch 51/100	dev results	MRR 0.457304	H@1 0.431114	H@3 0.465887	H@5 0.482037	H@10 0.506592
INFO:meta-cli.py:Epoch 51/100	test results	MRR 0.459800	H@1 0.430600	H@3 0.469687	H@5 0.488354	H@10 0.518188
INFO:meta-cli.py:Epoch 52/100	Loss 2.6738 ± 0.1494
INFO:meta-cli.py:Epoch 53/100	Loss 2.6691 ± 0.1409
INFO:meta-cli.py:Epoch 54/100	Loss 2.6656 ± 0.1470
INFO:meta-cli.py:Epoch 54/100	dev results	MRR 0.457345	H@1 0.430784	H@3 0.467040	H@5 0.481543	H@10 0.506757
INFO:meta-cli.py:Epoch 54/100	test results	MRR 0.460896	H@1 0.432514	H@3 0.469049	H@5 0.487875	H@10 0.517071
INFO:meta-cli.py:Epoch 55/100	Loss 2.6611 ± 0.1500
INFO:meta-cli.py:Epoch 56/100	Loss 2.6571 ± 0.1393
INFO:meta-cli.py:Epoch 57/100	Loss 2.6534 ± 0.1480
INFO:meta-cli.py:Epoch 57/100	dev results	MRR 0.457077	H@1 0.429960	H@3 0.466216	H@5 0.481707	H@10 0.507251
INFO:meta-cli.py:Epoch 57/100	test results	MRR 0.460540	H@1 0.431238	H@3 0.469528	H@5 0.488992	H@10 0.518347
INFO:meta-cli.py:Epoch 58/100	Loss 2.6495 ± 0.1399
INFO:meta-cli.py:Epoch 59/100	Loss 2.6457 ± 0.1408
INFO:meta-cli.py:Epoch 60/100	Loss 2.6421 ± 0.1373
INFO:meta-cli.py:Epoch 60/100	dev results	MRR 0.456790	H@1 0.429301	H@3 0.465722	H@5 0.482202	H@10 0.509064
INFO:meta-cli.py:Epoch 60/100	test results	MRR 0.461431	H@1 0.432036	H@3 0.470325	H@5 0.489789	H@10 0.520421
INFO:meta-cli.py:Epoch 61/100	Loss 2.6384 ± 0.1477
INFO:meta-cli.py:Epoch 62/100	Loss 2.6347 ± 0.1360
INFO:meta-cli.py:Epoch 63/100	Loss 2.6317 ± 0.1228
INFO:meta-cli.py:Epoch 63/100	dev results	MRR 0.457191	H@1 0.429466	H@3 0.466381	H@5 0.483355	H@10 0.508075
INFO:meta-cli.py:Epoch 63/100	test results	MRR 0.461115	H@1 0.431717	H@3 0.469687	H@5 0.489949	H@10 0.521059
INFO:meta-cli.py:Epoch 64/100	Loss 2.6284 ± 0.1277
INFO:meta-cli.py:Epoch 65/100	Loss 2.6248 ± 0.1337
INFO:meta-cli.py:Epoch 66/100	Loss 2.6218 ± 0.1288
INFO:meta-cli.py:Epoch 66/100	dev results	MRR 0.457697	H@1 0.430455	H@3 0.466546	H@5 0.482861	H@10 0.509394
INFO:meta-cli.py:Epoch 66/100	test results	MRR 0.461845	H@1 0.432355	H@3 0.471602	H@5 0.491225	H@10 0.519943
INFO:meta-cli.py:Epoch 67/100	Loss 2.6188 ± 0.1361
INFO:meta-cli.py:Epoch 68/100	Loss 2.6158 ± 0.1345
INFO:meta-cli.py:Epoch 69/100	Loss 2.6126 ± 0.1367
INFO:meta-cli.py:Epoch 69/100	dev results	MRR 0.457996	H@1 0.430949	H@3 0.466546	H@5 0.483685	H@10 0.507581
INFO:meta-cli.py:Epoch 69/100	test results	MRR 0.461779	H@1 0.432036	H@3 0.471283	H@5 0.490268	H@10 0.520262
INFO:meta-cli.py:Epoch 70/100	Loss 2.6097 ± 0.1342
INFO:meta-cli.py:Epoch 71/100	Loss 2.6066 ± 0.1270
INFO:meta-cli.py:Epoch 72/100	Loss 2.6042 ± 0.1313
INFO:meta-cli.py:Epoch 72/100	dev results	MRR 0.458179	H@1 0.430784	H@3 0.466546	H@5 0.483850	H@10 0.508405
INFO:meta-cli.py:Epoch 72/100	test results	MRR 0.462561	H@1 0.432036	H@3 0.472878	H@5 0.492183	H@10 0.521378
INFO:meta-cli.py:Epoch 73/100	Loss 2.6015 ± 0.1275
INFO:meta-cli.py:Epoch 74/100	Loss 2.5985 ± 0.1282
INFO:meta-cli.py:Epoch 75/100	Loss 2.5959 ± 0.1266
INFO:meta-cli.py:Epoch 75/100	dev results	MRR 0.459191	H@1 0.432103	H@3 0.468194	H@5 0.482696	H@10 0.509064
INFO:meta-cli.py:Epoch 75/100	test results	MRR 0.463184	H@1 0.433631	H@3 0.472399	H@5 0.491066	H@10 0.521219
INFO:meta-cli.py:Epoch 76/100	Loss 2.5933 ± 0.1278
INFO:meta-cli.py:Epoch 77/100	Loss 2.5906 ± 0.1261
INFO:meta-cli.py:Epoch 78/100	Loss 2.5884 ± 0.1282
INFO:meta-cli.py:Epoch 78/100	dev results	MRR 0.458160	H@1 0.430290	H@3 0.467205	H@5 0.483191	H@10 0.509558
INFO:meta-cli.py:Epoch 78/100	test results	MRR 0.462682	H@1 0.432514	H@3 0.472399	H@5 0.492980	H@10 0.523452
INFO:meta-cli.py:Epoch 79/100	Loss 2.5852 ± 0.1171
INFO:meta-cli.py:Epoch 80/100	Loss 2.5830 ± 0.1233
INFO:meta-cli.py:Epoch 81/100	Loss 2.5808 ± 0.1302
INFO:meta-cli.py:Epoch 81/100	dev results	MRR 0.458144	H@1 0.430290	H@3 0.465887	H@5 0.484179	H@10 0.509558
INFO:meta-cli.py:Epoch 81/100	test results	MRR 0.463500	H@1 0.433631	H@3 0.473676	H@5 0.493937	H@10 0.522655
INFO:meta-cli.py:Epoch 82/100	Loss 2.5786 ± 0.1232
INFO:meta-cli.py:Epoch 83/100	Loss 2.5759 ± 0.1197
INFO:meta-cli.py:Epoch 84/100	Loss 2.5739 ± 0.1261
INFO:meta-cli.py:Epoch 84/100	dev results	MRR 0.459759	H@1 0.432597	H@3 0.467535	H@5 0.484179	H@10 0.510382
INFO:meta-cli.py:Epoch 84/100	test results	MRR 0.463852	H@1 0.433950	H@3 0.474474	H@5 0.493618	H@10 0.523612
INFO:meta-cli.py:Epoch 85/100	Loss 2.5716 ± 0.1245
INFO:meta-cli.py:Epoch 86/100	Loss 2.5695 ± 0.1240
INFO:meta-cli.py:Epoch 87/100	Loss 2.5672 ± 0.1187
INFO:meta-cli.py:Epoch 87/100	dev results	MRR 0.459028	H@1 0.431114	H@3 0.466875	H@5 0.484674	H@10 0.511536
INFO:meta-cli.py:Epoch 87/100	test results	MRR 0.464059	H@1 0.433312	H@3 0.475590	H@5 0.493618	H@10 0.523931
INFO:meta-cli.py:Epoch 88/100	Loss 2.5652 ± 0.1167
INFO:meta-cli.py:Epoch 89/100	Loss 2.5633 ± 0.1142
INFO:meta-cli.py:Epoch 90/100	Loss 2.5611 ± 0.1325
INFO:meta-cli.py:Epoch 90/100	dev results	MRR 0.459215	H@1 0.431279	H@3 0.467040	H@5 0.485827	H@10 0.511042
INFO:meta-cli.py:Epoch 90/100	test results	MRR 0.464266	H@1 0.433791	H@3 0.474952	H@5 0.495692	H@10 0.524729
INFO:meta-cli.py:Epoch 91/100	Loss 2.5589 ± 0.1175
INFO:meta-cli.py:Epoch 92/100	Loss 2.5569 ± 0.1242
INFO:meta-cli.py:Epoch 93/100	Loss 2.5551 ± 0.1211
INFO:meta-cli.py:Epoch 93/100	dev results	MRR 0.458905	H@1 0.430784	H@3 0.467040	H@5 0.484509	H@10 0.511701
INFO:meta-cli.py:Epoch 93/100	test results	MRR 0.464036	H@1 0.432833	H@3 0.475590	H@5 0.496171	H@10 0.525686
INFO:meta-cli.py:Epoch 94/100	Loss 2.5534 ± 0.1182
INFO:meta-cli.py:Epoch 95/100	Loss 2.5512 ± 0.1179
INFO:meta-cli.py:Epoch 96/100	Loss 2.5492 ± 0.1175
INFO:meta-cli.py:Epoch 96/100	dev results	MRR 0.459867	H@1 0.431938	H@3 0.468523	H@5 0.485168	H@10 0.511371
INFO:meta-cli.py:Epoch 96/100	test results	MRR 0.464830	H@1 0.434429	H@3 0.475271	H@5 0.495852	H@10 0.525846
INFO:meta-cli.py:Epoch 97/100	Loss 2.5475 ± 0.1151
INFO:meta-cli.py:Epoch 98/100	Loss 2.5457 ± 0.1266
INFO:meta-cli.py:Epoch 99/100	Loss 2.5437 ± 0.1050
INFO:meta-cli.py:Epoch 99/100	dev results	MRR 0.459035	H@1 0.430455	H@3 0.467864	H@5 0.485333	H@10 0.510712
INFO:meta-cli.py:Epoch 99/100	test results	MRR 0.464190	H@1 0.433312	H@3 0.474633	H@5 0.496011	H@10 0.524729
INFO:meta-cli.py:Epoch 100/100	Loss 2.5421 ± 0.1235
INFO:meta-cli.py:Final 	dev results	MRR 0.459540	H@1 0.431114	H@3 0.468523	H@5 0.484509	H@10 0.512195
INFO:meta-cli.py:Final 	test results	MRR 0.464263	H@1 0.433791	H@3 0.475112	H@5 0.495852	H@10 0.524410
INFO:meta-cli.py:Training finished
