./bin/meta-cli.py --train data/wn18rr/train.tsv --dev data/wn18rr/dev.tsv --test data/wn18rr/test.tsv -m complex -k 1000 -b 500 -e 100 --F2 0 --N3 0.005 -l 0.1 -I reciprocal -V 3 -o adagrad -q
{'F2': 0.0,
 'N3': 0.005,
 'batch_size': 500,
 'dev': 'data/wn18rr/dev.tsv',
 'embedding_size': 1000,
 'epochs': 100,
 'eval_batch_size': None,
 'input_type': 'reciprocal',
 'learning_rate': 0.1,
 'load': None,
 'model': 'complex',
 'optimizer': 'adagrad',
 'quiet': True,
 'save': None,
 'seed': 0,
 'test': 'data/wn18rr/test.tsv',
 'test_i': None,
 'test_ii': None,
 'train': 'data/wn18rr/train.tsv',
 'validate_every': 3}
INFO:meta-cli.py:Device: cuda
INFO:meta-cli.py:Model state:
INFO:meta-cli.py:	entities.weight	torch.Size([40943, 2000])
INFO:meta-cli.py:	predicates.weight	torch.Size([22, 2000])
INFO:meta-cli.py:Epoch 1/100	Loss 13.9453 ± 4.1759
INFO:meta-cli.py:Epoch 2/100	Loss 4.7674 ± 0.2456
INFO:meta-cli.py:Epoch 3/100	Loss 3.9798 ± 0.1098
INFO:meta-cli.py:Epoch 3/100	dev results	MRR 0.437029	H@1 0.414964	H@3 0.442980	H@5 0.458635	H@10 0.477258
INFO:meta-cli.py:Epoch 3/100	test results	MRR 0.433605	H@1 0.410657	H@3 0.440172	H@5 0.456924	H@10 0.478462
INFO:meta-cli.py:Epoch 4/100	Loss 3.6987 ± 0.1076
INFO:meta-cli.py:Epoch 5/100	Loss 3.5358 ± 0.1096
INFO:meta-cli.py:Epoch 6/100	Loss 3.4210 ± 0.1129
INFO:meta-cli.py:Epoch 6/100	dev results	MRR 0.445860	H@1 0.421391	H@3 0.454515	H@5 0.469677	H@10 0.489947
INFO:meta-cli.py:Epoch 6/100	test results	MRR 0.441655	H@1 0.416879	H@3 0.448628	H@5 0.465699	H@10 0.489949
INFO:meta-cli.py:Epoch 7/100	Loss 3.3347 ± 0.1130
INFO:meta-cli.py:Epoch 8/100	Loss 3.2647 ± 0.1227
INFO:meta-cli.py:Epoch 9/100	Loss 3.2094 ± 0.1117
INFO:meta-cli.py:Epoch 9/100	dev results	MRR 0.449070	H@1 0.424687	H@3 0.458141	H@5 0.470995	H@10 0.493738
INFO:meta-cli.py:Epoch 9/100	test results	MRR 0.446840	H@1 0.420070	H@3 0.454850	H@5 0.474154	H@10 0.497288
INFO:meta-cli.py:Epoch 10/100	Loss 3.1585 ± 0.1175
INFO:meta-cli.py:Epoch 11/100	Loss 3.1174 ± 0.1208
INFO:meta-cli.py:Epoch 12/100	Loss 3.0807 ± 0.1181
INFO:meta-cli.py:Epoch 12/100	dev results	MRR 0.452088	H@1 0.426994	H@3 0.461272	H@5 0.475115	H@10 0.500000
INFO:meta-cli.py:Epoch 12/100	test results	MRR 0.452269	H@1 0.426452	H@3 0.460593	H@5 0.477345	H@10 0.503989
INFO:meta-cli.py:Epoch 13/100	Loss 3.0484 ± 0.1156
INFO:meta-cli.py:Epoch 14/100	Loss 3.0210 ± 0.1168
INFO:meta-cli.py:Epoch 15/100	Loss 2.9950 ± 0.1221
INFO:meta-cli.py:Epoch 15/100	dev results	MRR 0.454689	H@1 0.430290	H@3 0.461437	H@5 0.478411	H@10 0.502966
INFO:meta-cli.py:Epoch 15/100	test results	MRR 0.454626	H@1 0.428047	H@3 0.462508	H@5 0.481174	H@10 0.507020
INFO:meta-cli.py:Epoch 16/100	Loss 2.9716 ± 0.1188
INFO:meta-cli.py:Epoch 17/100	Loss 2.9509 ± 0.1176
INFO:meta-cli.py:Epoch 18/100	Loss 2.9312 ± 0.1203
INFO:meta-cli.py:Epoch 18/100	dev results	MRR 0.456649	H@1 0.431279	H@3 0.465227	H@5 0.482531	H@10 0.508734
INFO:meta-cli.py:Epoch 18/100	test results	MRR 0.456658	H@1 0.429802	H@3 0.463784	H@5 0.482610	H@10 0.511008
INFO:meta-cli.py:Epoch 19/100	Loss 2.9144 ± 0.1131
INFO:meta-cli.py:Epoch 20/100	Loss 2.8974 ± 0.1149
INFO:meta-cli.py:Epoch 21/100	Loss 2.8820 ± 0.1121
INFO:meta-cli.py:Epoch 21/100	dev results	MRR 0.458500	H@1 0.432762	H@3 0.468359	H@5 0.484179	H@10 0.508899
INFO:meta-cli.py:Epoch 21/100	test results	MRR 0.458586	H@1 0.431238	H@3 0.466337	H@5 0.487077	H@10 0.512285
INFO:meta-cli.py:Epoch 22/100	Loss 2.8681 ± 0.1188
INFO:meta-cli.py:Epoch 23/100	Loss 2.8555 ± 0.1149
INFO:meta-cli.py:Epoch 24/100	Loss 2.8440 ± 0.1179
INFO:meta-cli.py:Epoch 24/100	dev results	MRR 0.460549	H@1 0.435728	H@3 0.469512	H@5 0.485003	H@10 0.511371
INFO:meta-cli.py:Epoch 24/100	test results	MRR 0.460205	H@1 0.433472	H@3 0.466975	H@5 0.487875	H@10 0.513561
INFO:meta-cli.py:Epoch 25/100	Loss 2.8313 ± 0.1137
INFO:meta-cli.py:Epoch 26/100	Loss 2.8202 ± 0.1130
INFO:meta-cli.py:Epoch 27/100	Loss 2.8110 ± 0.1074
INFO:meta-cli.py:Epoch 27/100	dev results	MRR 0.461763	H@1 0.436223	H@3 0.470501	H@5 0.488299	H@10 0.511536
INFO:meta-cli.py:Epoch 27/100	test results	MRR 0.459985	H@1 0.431398	H@3 0.468571	H@5 0.488992	H@10 0.515635
INFO:meta-cli.py:Epoch 28/100	Loss 2.8010 ± 0.1149
INFO:meta-cli.py:Epoch 29/100	Loss 2.7921 ± 0.1162
INFO:meta-cli.py:Epoch 30/100	Loss 2.7841 ± 0.1048
INFO:meta-cli.py:Epoch 30/100	dev results	MRR 0.461828	H@1 0.435728	H@3 0.469842	H@5 0.488299	H@10 0.513184
INFO:meta-cli.py:Epoch 30/100	test results	MRR 0.460664	H@1 0.432355	H@3 0.468411	H@5 0.491385	H@10 0.517869
INFO:meta-cli.py:Epoch 31/100	Loss 2.7758 ± 0.1160
INFO:meta-cli.py:Epoch 32/100	Loss 2.7675 ± 0.1127
INFO:meta-cli.py:Epoch 33/100	Loss 2.7604 ± 0.1086
INFO:meta-cli.py:Epoch 33/100	dev results	MRR 0.462050	H@1 0.435564	H@3 0.470995	H@5 0.490112	H@10 0.514338
INFO:meta-cli.py:Epoch 33/100	test results	MRR 0.461238	H@1 0.432195	H@3 0.470325	H@5 0.490268	H@10 0.518347
INFO:meta-cli.py:Epoch 34/100	Loss 2.7532 ± 0.1133
INFO:meta-cli.py:Epoch 35/100	Loss 2.7468 ± 0.1066
INFO:meta-cli.py:Epoch 36/100	Loss 2.7401 ± 0.1074
INFO:meta-cli.py:Epoch 36/100	dev results	MRR 0.463449	H@1 0.436882	H@3 0.472314	H@5 0.490112	H@10 0.517798
INFO:meta-cli.py:Epoch 36/100	test results	MRR 0.463430	H@1 0.434429	H@3 0.473516	H@5 0.492342	H@10 0.519623
INFO:meta-cli.py:Epoch 37/100	Loss 2.7345 ± 0.1115
INFO:meta-cli.py:Epoch 38/100	Loss 2.7281 ± 0.1101
INFO:meta-cli.py:Epoch 39/100	Loss 2.7225 ± 0.1112
INFO:meta-cli.py:Epoch 39/100	dev results	MRR 0.464002	H@1 0.437871	H@3 0.472314	H@5 0.490112	H@10 0.518622
INFO:meta-cli.py:Epoch 39/100	test results	MRR 0.463796	H@1 0.434907	H@3 0.472399	H@5 0.494097	H@10 0.519783
INFO:meta-cli.py:Epoch 40/100	Loss 2.7172 ± 0.1024
INFO:meta-cli.py:Epoch 41/100	Loss 2.7123 ± 0.1055
INFO:meta-cli.py:Epoch 42/100	Loss 2.7073 ± 0.1128
INFO:meta-cli.py:Epoch 42/100	dev results	MRR 0.464637	H@1 0.438036	H@3 0.472808	H@5 0.492584	H@10 0.520270
INFO:meta-cli.py:Epoch 42/100	test results	MRR 0.464958	H@1 0.435865	H@3 0.474952	H@5 0.496171	H@10 0.522336
INFO:meta-cli.py:Epoch 43/100	Loss 2.7027 ± 0.1142
INFO:meta-cli.py:Epoch 44/100	Loss 2.6976 ± 0.1029
INFO:meta-cli.py:Epoch 45/100	Loss 2.6921 ± 0.1032
INFO:meta-cli.py:Epoch 45/100	dev results	MRR 0.465320	H@1 0.439189	H@3 0.473797	H@5 0.491760	H@10 0.520270
INFO:meta-cli.py:Epoch 45/100	test results	MRR 0.465539	H@1 0.436024	H@3 0.474314	H@5 0.497926	H@10 0.522814
INFO:meta-cli.py:Epoch 46/100	Loss 2.6888 ± 0.1089
INFO:meta-cli.py:Epoch 47/100	Loss 2.6844 ± 0.1095
INFO:meta-cli.py:Epoch 48/100	Loss 2.6803 ± 0.1066
INFO:meta-cli.py:Epoch 48/100	dev results	MRR 0.465114	H@1 0.438530	H@3 0.473138	H@5 0.493243	H@10 0.520600
INFO:meta-cli.py:Epoch 48/100	test results	MRR 0.465878	H@1 0.436024	H@3 0.477186	H@5 0.497288	H@10 0.524729
INFO:meta-cli.py:Epoch 49/100	Loss 2.6762 ± 0.1074
INFO:meta-cli.py:Epoch 50/100	Loss 2.6727 ± 0.1055
INFO:meta-cli.py:Epoch 51/100	Loss 2.6685 ± 0.1027
INFO:meta-cli.py:Epoch 51/100	dev results	MRR 0.465778	H@1 0.438695	H@3 0.474127	H@5 0.493078	H@10 0.521424
INFO:meta-cli.py:Epoch 51/100	test results	MRR 0.465936	H@1 0.435386	H@3 0.478143	H@5 0.496809	H@10 0.525207
INFO:meta-cli.py:Epoch 52/100	Loss 2.6654 ± 0.0963
INFO:meta-cli.py:Epoch 53/100	Loss 2.6622 ± 0.1009
INFO:meta-cli.py:Epoch 54/100	Loss 2.6582 ± 0.1054
INFO:meta-cli.py:Epoch 54/100	dev results	MRR 0.465773	H@1 0.438365	H@3 0.474456	H@5 0.492914	H@10 0.520600
INFO:meta-cli.py:Epoch 54/100	test results	MRR 0.466904	H@1 0.436822	H@3 0.478462	H@5 0.497766	H@10 0.524569
INFO:meta-cli.py:Epoch 55/100	Loss 2.6551 ± 0.1039
INFO:meta-cli.py:Epoch 56/100	Loss 2.6525 ± 0.1024
INFO:meta-cli.py:Epoch 57/100	Loss 2.6484 ± 0.0962
INFO:meta-cli.py:Epoch 57/100	dev results	MRR 0.465132	H@1 0.437541	H@3 0.473303	H@5 0.493902	H@10 0.521753
INFO:meta-cli.py:Epoch 57/100	test results	MRR 0.466883	H@1 0.436662	H@3 0.478462	H@5 0.499202	H@10 0.524729
INFO:meta-cli.py:Epoch 58/100	Loss 2.6459 ± 0.1033
INFO:meta-cli.py:Epoch 59/100	Loss 2.6429 ± 0.1004
INFO:meta-cli.py:Epoch 60/100	Loss 2.6402 ± 0.1023
INFO:meta-cli.py:Epoch 60/100	dev results	MRR 0.465724	H@1 0.438365	H@3 0.474291	H@5 0.495056	H@10 0.522413
INFO:meta-cli.py:Epoch 60/100	test results	MRR 0.466076	H@1 0.434588	H@3 0.480057	H@5 0.499681	H@10 0.524569
INFO:meta-cli.py:Epoch 61/100	Loss 2.6378 ± 0.0994
INFO:meta-cli.py:Epoch 62/100	Loss 2.6352 ± 0.0996
INFO:meta-cli.py:Epoch 63/100	Loss 2.6325 ± 0.1043
INFO:meta-cli.py:Epoch 63/100	dev results	MRR 0.466059	H@1 0.437871	H@3 0.475610	H@5 0.496045	H@10 0.522577
INFO:meta-cli.py:Epoch 63/100	test results	MRR 0.466932	H@1 0.435227	H@3 0.480855	H@5 0.500957	H@10 0.526643
INFO:meta-cli.py:Epoch 64/100	Loss 2.6294 ± 0.0989
INFO:meta-cli.py:Epoch 65/100	Loss 2.6270 ± 0.1059
INFO:meta-cli.py:Epoch 66/100	Loss 2.6245 ± 0.1000
INFO:meta-cli.py:Epoch 66/100	dev results	MRR 0.466046	H@1 0.438036	H@3 0.474951	H@5 0.497198	H@10 0.522742
INFO:meta-cli.py:Epoch 66/100	test results	MRR 0.466773	H@1 0.435227	H@3 0.480536	H@5 0.500479	H@10 0.527601
INFO:meta-cli.py:Epoch 67/100	Loss 2.6221 ± 0.1001
INFO:meta-cli.py:Epoch 68/100	Loss 2.6200 ± 0.1045
INFO:meta-cli.py:Epoch 69/100	Loss 2.6175 ± 0.1002
INFO:meta-cli.py:Epoch 69/100	dev results	MRR 0.466578	H@1 0.438860	H@3 0.474786	H@5 0.496539	H@10 0.523401
INFO:meta-cli.py:Epoch 69/100	test results	MRR 0.467305	H@1 0.435865	H@3 0.480377	H@5 0.500957	H@10 0.528079
INFO:meta-cli.py:Epoch 70/100	Loss 2.6157 ± 0.0989
INFO:meta-cli.py:Epoch 71/100	Loss 2.6134 ± 0.1003
INFO:meta-cli.py:Epoch 72/100	Loss 2.6112 ± 0.0966
INFO:meta-cli.py:Epoch 72/100	dev results	MRR 0.467384	H@1 0.438860	H@3 0.476928	H@5 0.496869	H@10 0.523072
INFO:meta-cli.py:Epoch 72/100	test results	MRR 0.467939	H@1 0.436662	H@3 0.480696	H@5 0.501755	H@10 0.528239
INFO:meta-cli.py:Epoch 73/100	Loss 2.6090 ± 0.0985
INFO:meta-cli.py:Epoch 74/100	Loss 2.6071 ± 0.1031
INFO:meta-cli.py:Epoch 75/100	Loss 2.6052 ± 0.1014
INFO:meta-cli.py:Epoch 75/100	dev results	MRR 0.466990	H@1 0.438530	H@3 0.476434	H@5 0.496374	H@10 0.524225
INFO:meta-cli.py:Epoch 75/100	test results	MRR 0.467746	H@1 0.436024	H@3 0.480377	H@5 0.500798	H@10 0.528558
INFO:meta-cli.py:Epoch 76/100	Loss 2.6033 ± 0.0969
INFO:meta-cli.py:Epoch 77/100	Loss 2.6010 ± 0.0938
INFO:meta-cli.py:Epoch 78/100	Loss 2.5996 ± 0.0925
INFO:meta-cli.py:Epoch 78/100	dev results	MRR 0.467153	H@1 0.438365	H@3 0.477258	H@5 0.497198	H@10 0.524061
INFO:meta-cli.py:Epoch 78/100	test results	MRR 0.467601	H@1 0.435865	H@3 0.480855	H@5 0.501117	H@10 0.530313
INFO:meta-cli.py:Epoch 79/100	Loss 2.5976 ± 0.1001
INFO:meta-cli.py:Epoch 80/100	Loss 2.5957 ± 0.0928
INFO:meta-cli.py:Epoch 81/100	Loss 2.5937 ± 0.1007
INFO:meta-cli.py:Epoch 81/100	dev results	MRR 0.467442	H@1 0.439189	H@3 0.475775	H@5 0.496539	H@10 0.524061
INFO:meta-cli.py:Epoch 81/100	test results	MRR 0.467988	H@1 0.436662	H@3 0.480057	H@5 0.502074	H@10 0.529355
INFO:meta-cli.py:Epoch 82/100	Loss 2.5918 ± 0.0999
INFO:meta-cli.py:Epoch 83/100	Loss 2.5905 ± 0.0975
INFO:meta-cli.py:Epoch 84/100	Loss 2.5885 ± 0.0996
INFO:meta-cli.py:Epoch 84/100	dev results	MRR 0.467936	H@1 0.439519	H@3 0.477423	H@5 0.498187	H@10 0.524225
INFO:meta-cli.py:Epoch 84/100	test results	MRR 0.467956	H@1 0.435546	H@3 0.482451	H@5 0.503191	H@10 0.530791
INFO:meta-cli.py:Epoch 85/100	Loss 2.5869 ± 0.0954
INFO:meta-cli.py:Epoch 86/100	Loss 2.5856 ± 0.0975
INFO:meta-cli.py:Epoch 87/100	Loss 2.5837 ± 0.0958
INFO:meta-cli.py:Epoch 87/100	dev results	MRR 0.468323	H@1 0.440178	H@3 0.476434	H@5 0.498187	H@10 0.525214
INFO:meta-cli.py:Epoch 87/100	test results	MRR 0.468498	H@1 0.436343	H@3 0.483089	H@5 0.504148	H@10 0.529834
INFO:meta-cli.py:Epoch 88/100	Loss 2.5823 ± 0.1008
INFO:meta-cli.py:Epoch 89/100	Loss 2.5805 ± 0.0952
INFO:meta-cli.py:Epoch 90/100	Loss 2.5794 ± 0.0953
INFO:meta-cli.py:Epoch 90/100	dev results	MRR 0.468243	H@1 0.439848	H@3 0.477423	H@5 0.497363	H@10 0.525873
INFO:meta-cli.py:Epoch 90/100	test results	MRR 0.468140	H@1 0.435705	H@3 0.481653	H@5 0.502872	H@10 0.531270
INFO:meta-cli.py:Epoch 91/100	Loss 2.5779 ± 0.0965
INFO:meta-cli.py:Epoch 92/100	Loss 2.5764 ± 0.0987
INFO:meta-cli.py:Epoch 93/100	Loss 2.5753 ± 0.0913
INFO:meta-cli.py:Epoch 93/100	dev results	MRR 0.468174	H@1 0.439684	H@3 0.477423	H@5 0.498517	H@10 0.524885
INFO:meta-cli.py:Epoch 93/100	test results	MRR 0.469066	H@1 0.436981	H@3 0.482610	H@5 0.502712	H@10 0.530632
INFO:meta-cli.py:Epoch 94/100	Loss 2.5739 ± 0.0934
INFO:meta-cli.py:Epoch 95/100	Loss 2.5721 ± 0.0985
INFO:meta-cli.py:Epoch 96/100	Loss 2.5705 ± 0.0963
INFO:meta-cli.py:Epoch 96/100	dev results	MRR 0.468847	H@1 0.440837	H@3 0.477258	H@5 0.498517	H@10 0.524720
INFO:meta-cli.py:Epoch 96/100	test results	MRR 0.468890	H@1 0.436503	H@3 0.482610	H@5 0.503669	H@10 0.531270
INFO:meta-cli.py:Epoch 97/100	Loss 2.5696 ± 0.0975
INFO:meta-cli.py:Epoch 98/100	Loss 2.5680 ± 0.1029
INFO:meta-cli.py:Epoch 99/100	Loss 2.5669 ± 0.0942
INFO:meta-cli.py:Epoch 99/100	dev results	MRR 0.468423	H@1 0.439848	H@3 0.477258	H@5 0.497528	H@10 0.525873
INFO:meta-cli.py:Epoch 99/100	test results	MRR 0.468763	H@1 0.436024	H@3 0.482929	H@5 0.503510	H@10 0.533025
INFO:meta-cli.py:Epoch 100/100	Loss 2.5654 ± 0.0959
INFO:meta-cli.py:Final 	dev results	MRR 0.467651	H@1 0.438860	H@3 0.476763	H@5 0.498682	H@10 0.525379
INFO:meta-cli.py:Final 	test results	MRR 0.469136	H@1 0.436184	H@3 0.483248	H@5 0.504148	H@10 0.532227
INFO:meta-cli.py:Training finished
