./bin/meta-cli.py --train data/wn18rr/train.tsv --dev data/wn18rr/dev.tsv --test data/wn18rr/test.tsv -m complex -k 1000 -b 500 -e 100 --F2 0 --N3 0.005 -l 0.1 -I standard -V 3 -o adagrad -q
{'F2': 0.0,
 'N3': 0.005,
 'batch_size': 500,
 'dev': 'data/wn18rr/dev.tsv',
 'embedding_size': 1000,
 'epochs': 100,
 'eval_batch_size': None,
 'input_type': 'standard',
 'learning_rate': 0.1,
 'load': None,
 'model': 'complex',
 'optimizer': 'adagrad',
 'quiet': True,
 'save': None,
 'seed': 0,
 'test': 'data/wn18rr/test.tsv',
 'test_i': None,
 'test_ii': None,
 'train': 'data/wn18rr/train.tsv',
 'validate_every': 3}
INFO:meta-cli.py:Device: cuda
INFO:meta-cli.py:Model state:
INFO:meta-cli.py:	entities.weight	torch.Size([40943, 2000])
INFO:meta-cli.py:	predicates.weight	torch.Size([11, 2000])
INFO:meta-cli.py:Epoch 1/100	Loss 18.9781 ± 1.5187
INFO:meta-cli.py:Epoch 2/100	Loss 9.5541 ± 0.3066
INFO:meta-cli.py:Epoch 3/100	Loss 5.1537 ± 0.3127
INFO:meta-cli.py:Epoch 3/100	dev results	MRR 0.426244	H@1 0.403922	H@3 0.432927	H@5 0.447429	H@10 0.467040
INFO:meta-cli.py:Epoch 3/100	test results	MRR 0.428113	H@1 0.404754	H@3 0.435865	H@5 0.450702	H@10 0.472080
INFO:meta-cli.py:Epoch 4/100	Loss 4.3541 ± 0.2593
INFO:meta-cli.py:Epoch 5/100	Loss 4.0151 ± 0.2549
INFO:meta-cli.py:Epoch 6/100	Loss 3.8269 ± 0.2488
INFO:meta-cli.py:Epoch 6/100	dev results	MRR 0.437953	H@1 0.415293	H@3 0.445616	H@5 0.459459	H@10 0.481378
INFO:meta-cli.py:Epoch 6/100	test results	MRR 0.439148	H@1 0.414486	H@3 0.446075	H@5 0.463784	H@10 0.486280
INFO:meta-cli.py:Epoch 7/100	Loss 3.6936 ± 0.2337
INFO:meta-cli.py:Epoch 8/100	Loss 3.5969 ± 0.2393
INFO:meta-cli.py:Epoch 9/100	Loss 3.5179 ± 0.2290
INFO:meta-cli.py:Epoch 9/100	dev results	MRR 0.442972	H@1 0.418919	H@3 0.450066	H@5 0.465887	H@10 0.488629
INFO:meta-cli.py:Epoch 9/100	test results	MRR 0.446636	H@1 0.421666	H@3 0.454531	H@5 0.471123	H@10 0.493459
INFO:meta-cli.py:Epoch 10/100	Loss 3.4521 ± 0.2195
INFO:meta-cli.py:Epoch 11/100	Loss 3.3979 ± 0.2184
INFO:meta-cli.py:Epoch 12/100	Loss 3.3523 ± 0.2213
INFO:meta-cli.py:Epoch 12/100	dev results	MRR 0.445514	H@1 0.421061	H@3 0.452868	H@5 0.469512	H@10 0.492419
INFO:meta-cli.py:Epoch 12/100	test results	MRR 0.449571	H@1 0.424218	H@3 0.456286	H@5 0.473038	H@10 0.497607
INFO:meta-cli.py:Epoch 13/100	Loss 3.3097 ± 0.2077
INFO:meta-cli.py:Epoch 14/100	Loss 3.2730 ± 0.2136
INFO:meta-cli.py:Epoch 15/100	Loss 3.2391 ± 0.2079
INFO:meta-cli.py:Epoch 15/100	dev results	MRR 0.448222	H@1 0.423698	H@3 0.455504	H@5 0.471984	H@10 0.495056
INFO:meta-cli.py:Epoch 15/100	test results	MRR 0.451346	H@1 0.423899	H@3 0.458839	H@5 0.479579	H@10 0.501914
INFO:meta-cli.py:Epoch 16/100	Loss 3.2108 ± 0.2045
INFO:meta-cli.py:Epoch 17/100	Loss 3.1826 ± 0.2028
INFO:meta-cli.py:Epoch 18/100	Loss 3.1584 ± 0.1899
INFO:meta-cli.py:Epoch 18/100	dev results	MRR 0.450261	H@1 0.425016	H@3 0.458635	H@5 0.475775	H@10 0.497528
INFO:meta-cli.py:Epoch 18/100	test results	MRR 0.453002	H@1 0.425335	H@3 0.460274	H@5 0.481015	H@10 0.505903
INFO:meta-cli.py:Epoch 19/100	Loss 3.1356 ± 0.1944
INFO:meta-cli.py:Epoch 20/100	Loss 3.1148 ± 0.1915
INFO:meta-cli.py:Epoch 21/100	Loss 3.0954 ± 0.1837
INFO:meta-cli.py:Epoch 21/100	dev results	MRR 0.450854	H@1 0.424357	H@3 0.459789	H@5 0.477587	H@10 0.500659
INFO:meta-cli.py:Epoch 21/100	test results	MRR 0.455327	H@1 0.427888	H@3 0.464263	H@5 0.482451	H@10 0.508775
INFO:meta-cli.py:Epoch 22/100	Loss 3.0769 ± 0.1961
INFO:meta-cli.py:Epoch 23/100	Loss 3.0591 ± 0.1840
INFO:meta-cli.py:Epoch 24/100	Loss 3.0446 ± 0.1897
INFO:meta-cli.py:Epoch 24/100	dev results	MRR 0.453499	H@1 0.427324	H@3 0.462096	H@5 0.479895	H@10 0.503296
INFO:meta-cli.py:Epoch 24/100	test results	MRR 0.456593	H@1 0.428366	H@3 0.465220	H@5 0.486280	H@10 0.511168
INFO:meta-cli.py:Epoch 25/100	Loss 3.0287 ± 0.1831
INFO:meta-cli.py:Epoch 26/100	Loss 3.0142 ± 0.1825
INFO:meta-cli.py:Epoch 27/100	Loss 3.0010 ± 0.1850
INFO:meta-cli.py:Epoch 27/100	dev results	MRR 0.453657	H@1 0.426829	H@3 0.463744	H@5 0.481378	H@10 0.502472
INFO:meta-cli.py:Epoch 27/100	test results	MRR 0.456732	H@1 0.427250	H@3 0.466496	H@5 0.486599	H@10 0.514040
INFO:meta-cli.py:Epoch 28/100	Loss 2.9886 ± 0.1820
INFO:meta-cli.py:Epoch 29/100	Loss 2.9766 ± 0.1829
INFO:meta-cli.py:Epoch 30/100	Loss 2.9658 ± 0.1672
INFO:meta-cli.py:Epoch 30/100	dev results	MRR 0.454883	H@1 0.427653	H@3 0.464733	H@5 0.482696	H@10 0.504779
INFO:meta-cli.py:Epoch 30/100	test results	MRR 0.457944	H@1 0.428685	H@3 0.466496	H@5 0.487396	H@10 0.516433
INFO:meta-cli.py:Epoch 31/100	Loss 2.9542 ± 0.1754
INFO:meta-cli.py:Epoch 32/100	Loss 2.9440 ± 0.1780
INFO:meta-cli.py:Epoch 33/100	Loss 2.9341 ± 0.1761
INFO:meta-cli.py:Epoch 33/100	dev results	MRR 0.456017	H@1 0.429466	H@3 0.463579	H@5 0.483685	H@10 0.505768
INFO:meta-cli.py:Epoch 33/100	test results	MRR 0.458799	H@1 0.428685	H@3 0.468890	H@5 0.490428	H@10 0.516752
INFO:meta-cli.py:Epoch 34/100	Loss 2.9251 ± 0.1663
INFO:meta-cli.py:Epoch 35/100	Loss 2.9159 ± 0.1707
INFO:meta-cli.py:Epoch 36/100	Loss 2.9073 ± 0.1641
INFO:meta-cli.py:Epoch 36/100	dev results	MRR 0.456612	H@1 0.429301	H@3 0.464898	H@5 0.485168	H@10 0.506922
INFO:meta-cli.py:Epoch 36/100	test results	MRR 0.459642	H@1 0.429164	H@3 0.469368	H@5 0.493778	H@10 0.518188
INFO:meta-cli.py:Epoch 37/100	Loss 2.8988 ± 0.1637
INFO:meta-cli.py:Epoch 38/100	Loss 2.8912 ± 0.1723
INFO:meta-cli.py:Epoch 39/100	Loss 2.8832 ± 0.1662
INFO:meta-cli.py:Epoch 39/100	dev results	MRR 0.457313	H@1 0.429796	H@3 0.465227	H@5 0.485333	H@10 0.508405
INFO:meta-cli.py:Epoch 39/100	test results	MRR 0.460828	H@1 0.430440	H@3 0.470006	H@5 0.493299	H@10 0.521059
INFO:meta-cli.py:Epoch 40/100	Loss 2.8762 ± 0.1597
INFO:meta-cli.py:Epoch 41/100	Loss 2.8693 ± 0.1637
INFO:meta-cli.py:Epoch 42/100	Loss 2.8623 ± 0.1579
INFO:meta-cli.py:Epoch 42/100	dev results	MRR 0.457687	H@1 0.429796	H@3 0.467205	H@5 0.485992	H@10 0.509064
INFO:meta-cli.py:Epoch 42/100	test results	MRR 0.461198	H@1 0.430121	H@3 0.470804	H@5 0.495533	H@10 0.521378
INFO:meta-cli.py:Epoch 43/100	Loss 2.8558 ± 0.1575
INFO:meta-cli.py:Epoch 44/100	Loss 2.8496 ± 0.1588
INFO:meta-cli.py:Epoch 45/100	Loss 2.8437 ± 0.1482
INFO:meta-cli.py:Epoch 45/100	dev results	MRR 0.457945	H@1 0.429796	H@3 0.467699	H@5 0.485498	H@10 0.511206
INFO:meta-cli.py:Epoch 45/100	test results	MRR 0.461812	H@1 0.430600	H@3 0.472399	H@5 0.495054	H@10 0.521538
INFO:meta-cli.py:Epoch 46/100	Loss 2.8374 ± 0.1520
INFO:meta-cli.py:Epoch 47/100	Loss 2.8319 ± 0.1602
INFO:meta-cli.py:Epoch 48/100	Loss 2.8263 ± 0.1582
INFO:meta-cli.py:Epoch 48/100	dev results	MRR 0.459385	H@1 0.431608	H@3 0.468523	H@5 0.487475	H@10 0.512854
INFO:meta-cli.py:Epoch 48/100	test results	MRR 0.461936	H@1 0.430600	H@3 0.471921	H@5 0.495373	H@10 0.522017
INFO:meta-cli.py:Epoch 49/100	Loss 2.8205 ± 0.1491
INFO:meta-cli.py:Epoch 50/100	Loss 2.8155 ± 0.1595
INFO:meta-cli.py:Epoch 51/100	Loss 2.8105 ± 0.1473
INFO:meta-cli.py:Epoch 51/100	dev results	MRR 0.458674	H@1 0.429960	H@3 0.469018	H@5 0.487475	H@10 0.512690
INFO:meta-cli.py:Epoch 51/100	test results	MRR 0.462594	H@1 0.430919	H@3 0.473357	H@5 0.496969	H@10 0.523293
INFO:meta-cli.py:Epoch 52/100	Loss 2.8058 ± 0.1583
INFO:meta-cli.py:Epoch 53/100	Loss 2.8007 ± 0.1488
INFO:meta-cli.py:Epoch 54/100	Loss 2.7969 ± 0.1552
INFO:meta-cli.py:Epoch 54/100	dev results	MRR 0.460101	H@1 0.431938	H@3 0.469183	H@5 0.487805	H@10 0.514338
INFO:meta-cli.py:Epoch 54/100	test results	MRR 0.462686	H@1 0.430919	H@3 0.472399	H@5 0.496490	H@10 0.523931
INFO:meta-cli.py:Epoch 55/100	Loss 2.7919 ± 0.1593
INFO:meta-cli.py:Epoch 56/100	Loss 2.7875 ± 0.1479
INFO:meta-cli.py:Epoch 57/100	Loss 2.7833 ± 0.1585
INFO:meta-cli.py:Epoch 57/100	dev results	MRR 0.460259	H@1 0.432432	H@3 0.468853	H@5 0.487146	H@10 0.515326
INFO:meta-cli.py:Epoch 57/100	test results	MRR 0.462799	H@1 0.430281	H@3 0.473835	H@5 0.496969	H@10 0.523612
INFO:meta-cli.py:Epoch 58/100	Loss 2.7790 ± 0.1471
INFO:meta-cli.py:Epoch 59/100	Loss 2.7752 ± 0.1488
INFO:meta-cli.py:Epoch 60/100	Loss 2.7712 ± 0.1480
INFO:meta-cli.py:Epoch 60/100	dev results	MRR 0.459885	H@1 0.431279	H@3 0.469183	H@5 0.487805	H@10 0.514667
INFO:meta-cli.py:Epoch 60/100	test results	MRR 0.463587	H@1 0.431238	H@3 0.475112	H@5 0.497607	H@10 0.524888
INFO:meta-cli.py:Epoch 61/100	Loss 2.7671 ± 0.1538
INFO:meta-cli.py:Epoch 62/100	Loss 2.7635 ± 0.1444
INFO:meta-cli.py:Epoch 63/100	Loss 2.7598 ± 0.1350
INFO:meta-cli.py:Epoch 63/100	dev results	MRR 0.460871	H@1 0.432432	H@3 0.470501	H@5 0.488958	H@10 0.515656
INFO:meta-cli.py:Epoch 63/100	test results	MRR 0.463648	H@1 0.431078	H@3 0.474314	H@5 0.499202	H@10 0.525526
INFO:meta-cli.py:Epoch 64/100	Loss 2.7566 ± 0.1381
INFO:meta-cli.py:Epoch 65/100	Loss 2.7526 ± 0.1414
INFO:meta-cli.py:Epoch 66/100	Loss 2.7495 ± 0.1386
INFO:meta-cli.py:Epoch 66/100	dev results	MRR 0.460528	H@1 0.431938	H@3 0.469347	H@5 0.489453	H@10 0.515821
INFO:meta-cli.py:Epoch 66/100	test results	MRR 0.464557	H@1 0.432195	H@3 0.475750	H@5 0.499043	H@10 0.526962
INFO:meta-cli.py:Epoch 67/100	Loss 2.7462 ± 0.1442
INFO:meta-cli.py:Epoch 68/100	Loss 2.7428 ± 0.1434
INFO:meta-cli.py:Epoch 69/100	Loss 2.7397 ± 0.1465
INFO:meta-cli.py:Epoch 69/100	dev results	MRR 0.460253	H@1 0.431279	H@3 0.470007	H@5 0.489453	H@10 0.515821
INFO:meta-cli.py:Epoch 69/100	test results	MRR 0.463948	H@1 0.430600	H@3 0.476228	H@5 0.498564	H@10 0.527122
INFO:meta-cli.py:Epoch 70/100	Loss 2.7364 ± 0.1434
INFO:meta-cli.py:Epoch 71/100	Loss 2.7334 ± 0.1382
INFO:meta-cli.py:Epoch 72/100	Loss 2.7308 ± 0.1399
INFO:meta-cli.py:Epoch 72/100	dev results	MRR 0.461110	H@1 0.432432	H@3 0.470666	H@5 0.489288	H@10 0.515326
INFO:meta-cli.py:Epoch 72/100	test results	MRR 0.465126	H@1 0.432036	H@3 0.476867	H@5 0.499521	H@10 0.527441
INFO:meta-cli.py:Epoch 73/100	Loss 2.7276 ± 0.1376
INFO:meta-cli.py:Epoch 74/100	Loss 2.7247 ± 0.1371
INFO:meta-cli.py:Epoch 75/100	Loss 2.7220 ± 0.1345
INFO:meta-cli.py:Epoch 75/100	dev results	MRR 0.461372	H@1 0.432268	H@3 0.471325	H@5 0.491101	H@10 0.515656
INFO:meta-cli.py:Epoch 75/100	test results	MRR 0.464999	H@1 0.431557	H@3 0.477026	H@5 0.500638	H@10 0.527122
INFO:meta-cli.py:Epoch 76/100	Loss 2.7192 ± 0.1397
INFO:meta-cli.py:Epoch 77/100	Loss 2.7167 ± 0.1356
INFO:meta-cli.py:Epoch 78/100	Loss 2.7140 ± 0.1362
INFO:meta-cli.py:Epoch 78/100	dev results	MRR 0.461092	H@1 0.431608	H@3 0.470995	H@5 0.489947	H@10 0.515821
INFO:meta-cli.py:Epoch 78/100	test results	MRR 0.464720	H@1 0.430919	H@3 0.477186	H@5 0.500798	H@10 0.528717
INFO:meta-cli.py:Epoch 79/100	Loss 2.7111 ± 0.1257
INFO:meta-cli.py:Epoch 80/100	Loss 2.7085 ± 0.1335
INFO:meta-cli.py:Epoch 81/100	Loss 2.7064 ± 0.1403
INFO:meta-cli.py:Epoch 81/100	dev results	MRR 0.461239	H@1 0.431608	H@3 0.471819	H@5 0.489782	H@10 0.517139
INFO:meta-cli.py:Epoch 81/100	test results	MRR 0.465648	H@1 0.431876	H@3 0.479100	H@5 0.501276	H@10 0.528558
INFO:meta-cli.py:Epoch 82/100	Loss 2.7041 ± 0.1322
INFO:meta-cli.py:Epoch 83/100	Loss 2.7017 ± 0.1305
INFO:meta-cli.py:Epoch 84/100	Loss 2.6992 ± 0.1369
INFO:meta-cli.py:Epoch 84/100	dev results	MRR 0.462418	H@1 0.433256	H@3 0.472973	H@5 0.491430	H@10 0.515985
INFO:meta-cli.py:Epoch 84/100	test results	MRR 0.466292	H@1 0.433153	H@3 0.477824	H@5 0.500160	H@10 0.528558
INFO:meta-cli.py:Epoch 85/100	Loss 2.6970 ± 0.1368
INFO:meta-cli.py:Epoch 86/100	Loss 2.6948 ± 0.1337
INFO:meta-cli.py:Epoch 87/100	Loss 2.6926 ± 0.1290
INFO:meta-cli.py:Epoch 87/100	dev results	MRR 0.462302	H@1 0.433256	H@3 0.472149	H@5 0.491430	H@10 0.516315
INFO:meta-cli.py:Epoch 87/100	test results	MRR 0.466227	H@1 0.432514	H@3 0.477983	H@5 0.501755	H@10 0.530153
INFO:meta-cli.py:Epoch 88/100	Loss 2.6901 ± 0.1278
INFO:meta-cli.py:Epoch 89/100	Loss 2.6883 ± 0.1246
INFO:meta-cli.py:Epoch 90/100	Loss 2.6861 ± 0.1419
INFO:meta-cli.py:Epoch 90/100	dev results	MRR 0.462193	H@1 0.432927	H@3 0.470831	H@5 0.491266	H@10 0.517469
INFO:meta-cli.py:Epoch 90/100	test results	MRR 0.466658	H@1 0.433153	H@3 0.478781	H@5 0.502234	H@10 0.531270
INFO:meta-cli.py:Epoch 91/100	Loss 2.6838 ± 0.1277
INFO:meta-cli.py:Epoch 92/100	Loss 2.6820 ± 0.1338
INFO:meta-cli.py:Epoch 93/100	Loss 2.6802 ± 0.1305
INFO:meta-cli.py:Epoch 93/100	dev results	MRR 0.462445	H@1 0.433092	H@3 0.471984	H@5 0.491266	H@10 0.517963
INFO:meta-cli.py:Epoch 93/100	test results	MRR 0.465999	H@1 0.431876	H@3 0.477824	H@5 0.502553	H@10 0.530153
INFO:meta-cli.py:Epoch 94/100	Loss 2.6785 ± 0.1295
INFO:meta-cli.py:Epoch 95/100	Loss 2.6763 ± 0.1282
INFO:meta-cli.py:Epoch 96/100	Loss 2.6742 ± 0.1280
INFO:meta-cli.py:Epoch 96/100	dev results	MRR 0.462419	H@1 0.432597	H@3 0.472479	H@5 0.491760	H@10 0.518787
INFO:meta-cli.py:Epoch 96/100	test results	MRR 0.466109	H@1 0.431876	H@3 0.478622	H@5 0.502553	H@10 0.530313
INFO:meta-cli.py:Epoch 97/100	Loss 2.6725 ± 0.1276
INFO:meta-cli.py:Epoch 98/100	Loss 2.6706 ± 0.1360
INFO:meta-cli.py:Epoch 99/100	Loss 2.6687 ± 0.1163
INFO:meta-cli.py:Epoch 99/100	dev results	MRR 0.463204	H@1 0.434080	H@3 0.472643	H@5 0.492419	H@10 0.518622
INFO:meta-cli.py:Epoch 99/100	test results	MRR 0.466779	H@1 0.432514	H@3 0.479579	H@5 0.503191	H@10 0.530472
INFO:meta-cli.py:Epoch 100/100	Loss 2.6670 ± 0.1333
INFO:meta-cli.py:Final 	dev results	MRR 0.462852	H@1 0.433421	H@3 0.472314	H@5 0.492254	H@10 0.518787
INFO:meta-cli.py:Final 	test results	MRR 0.466495	H@1 0.432195	H@3 0.478781	H@5 0.503669	H@10 0.530632
INFO:meta-cli.py:Training finished
