./bin/meta-cli.py --train data/wn18rr/train.tsv --dev data/wn18rr/dev.tsv --test data/wn18rr/test.tsv -m complex -k 1000 -b 500 -e 100 --F2 0 --N3 0.01 -l 0.1 -I reciprocal -V 3 -o adagrad -q
{'F2': 0.0,
 'N3': 0.01,
 'batch_size': 500,
 'dev': 'data/wn18rr/dev.tsv',
 'embedding_size': 1000,
 'epochs': 100,
 'eval_batch_size': None,
 'input_type': 'reciprocal',
 'learning_rate': 0.1,
 'load': None,
 'model': 'complex',
 'optimizer': 'adagrad',
 'quiet': True,
 'save': None,
 'seed': 0,
 'test': 'data/wn18rr/test.tsv',
 'test_i': None,
 'test_ii': None,
 'train': 'data/wn18rr/train.tsv',
 'validate_every': 3}
INFO:meta-cli.py:Device: cuda
INFO:meta-cli.py:Model state:
INFO:meta-cli.py:	entities.weight	torch.Size([40943, 2000])
INFO:meta-cli.py:	predicates.weight	torch.Size([22, 2000])
INFO:meta-cli.py:Epoch 1/100	Loss 14.7448 ± 4.1333
INFO:meta-cli.py:Epoch 2/100	Loss 5.3897 ± 0.2760
INFO:meta-cli.py:Epoch 3/100	Loss 4.4813 ± 0.1083
INFO:meta-cli.py:Epoch 3/100	dev results	MRR 0.437747	H@1 0.414964	H@3 0.445452	H@5 0.458965	H@10 0.478906
INFO:meta-cli.py:Epoch 3/100	test results	MRR 0.434980	H@1 0.413210	H@3 0.440651	H@5 0.456765	H@10 0.477664
INFO:meta-cli.py:Epoch 4/100	Loss 4.1405 ± 0.1034
INFO:meta-cli.py:Epoch 5/100	Loss 3.9391 ± 0.1056
INFO:meta-cli.py:Epoch 6/100	Loss 3.7972 ± 0.1097
INFO:meta-cli.py:Epoch 6/100	dev results	MRR 0.446778	H@1 0.421556	H@3 0.455669	H@5 0.472479	H@10 0.493738
INFO:meta-cli.py:Epoch 6/100	test results	MRR 0.443254	H@1 0.418794	H@3 0.450383	H@5 0.465539	H@10 0.491863
INFO:meta-cli.py:Epoch 7/100	Loss 3.6913 ± 0.1107
INFO:meta-cli.py:Epoch 8/100	Loss 3.6066 ± 0.1208
INFO:meta-cli.py:Epoch 9/100	Loss 3.5397 ± 0.1097
INFO:meta-cli.py:Epoch 9/100	dev results	MRR 0.451102	H@1 0.426170	H@3 0.460778	H@5 0.475939	H@10 0.495386
INFO:meta-cli.py:Epoch 9/100	test results	MRR 0.449426	H@1 0.424059	H@3 0.457881	H@5 0.474154	H@10 0.499681
INFO:meta-cli.py:Epoch 10/100	Loss 3.4800 ± 0.1161
INFO:meta-cli.py:Epoch 11/100	Loss 3.4318 ± 0.1197
INFO:meta-cli.py:Epoch 12/100	Loss 3.3893 ± 0.1171
INFO:meta-cli.py:Epoch 12/100	dev results	MRR 0.454014	H@1 0.428642	H@3 0.460283	H@5 0.478906	H@10 0.503131
INFO:meta-cli.py:Epoch 12/100	test results	MRR 0.453647	H@1 0.427250	H@3 0.463146	H@5 0.480377	H@10 0.504627
INFO:meta-cli.py:Epoch 13/100	Loss 3.3523 ± 0.1146
INFO:meta-cli.py:Epoch 14/100	Loss 3.3209 ± 0.1159
INFO:meta-cli.py:Epoch 15/100	Loss 3.2917 ± 0.1213
INFO:meta-cli.py:Epoch 15/100	dev results	MRR 0.457199	H@1 0.431938	H@3 0.464733	H@5 0.482861	H@10 0.504944
INFO:meta-cli.py:Epoch 15/100	test results	MRR 0.456198	H@1 0.428685	H@3 0.465380	H@5 0.483248	H@10 0.508615
INFO:meta-cli.py:Epoch 16/100	Loss 3.2657 ± 0.1180
INFO:meta-cli.py:Epoch 17/100	Loss 3.2426 ± 0.1168
INFO:meta-cli.py:Epoch 18/100	Loss 3.2210 ± 0.1194
INFO:meta-cli.py:Epoch 18/100	dev results	MRR 0.458449	H@1 0.431773	H@3 0.468853	H@5 0.484838	H@10 0.509064
INFO:meta-cli.py:Epoch 18/100	test results	MRR 0.459614	H@1 0.432195	H@3 0.468730	H@5 0.487715	H@10 0.513082
INFO:meta-cli.py:Epoch 19/100	Loss 3.2025 ± 0.1128
INFO:meta-cli.py:Epoch 20/100	Loss 3.1839 ± 0.1147
INFO:meta-cli.py:Epoch 21/100	Loss 3.1673 ± 0.1117
INFO:meta-cli.py:Epoch 21/100	dev results	MRR 0.460964	H@1 0.434410	H@3 0.470995	H@5 0.486651	H@10 0.509723
INFO:meta-cli.py:Epoch 21/100	test results	MRR 0.461967	H@1 0.433631	H@3 0.473357	H@5 0.490906	H@10 0.514997
INFO:meta-cli.py:Epoch 22/100	Loss 3.1524 ± 0.1186
INFO:meta-cli.py:Epoch 23/100	Loss 3.1388 ± 0.1148
INFO:meta-cli.py:Epoch 24/100	Loss 3.1265 ± 0.1180
INFO:meta-cli.py:Epoch 24/100	dev results	MRR 0.461959	H@1 0.435564	H@3 0.471655	H@5 0.487146	H@10 0.513184
INFO:meta-cli.py:Epoch 24/100	test results	MRR 0.462762	H@1 0.433631	H@3 0.475271	H@5 0.493459	H@10 0.517709
INFO:meta-cli.py:Epoch 25/100	Loss 3.1131 ± 0.1134
INFO:meta-cli.py:Epoch 26/100	Loss 3.1013 ± 0.1129
INFO:meta-cli.py:Epoch 27/100	Loss 3.0915 ± 0.1076
INFO:meta-cli.py:Epoch 27/100	dev results	MRR 0.464019	H@1 0.436882	H@3 0.473467	H@5 0.489123	H@10 0.514008
INFO:meta-cli.py:Epoch 27/100	test results	MRR 0.463628	H@1 0.433950	H@3 0.475271	H@5 0.495692	H@10 0.519623
INFO:meta-cli.py:Epoch 28/100	Loss 3.0811 ± 0.1150
INFO:meta-cli.py:Epoch 29/100	Loss 3.0717 ± 0.1163
INFO:meta-cli.py:Epoch 30/100	Loss 3.0633 ± 0.1048
INFO:meta-cli.py:Epoch 30/100	dev results	MRR 0.464105	H@1 0.437047	H@3 0.472643	H@5 0.488794	H@10 0.515162
INFO:meta-cli.py:Epoch 30/100	test results	MRR 0.464539	H@1 0.434748	H@3 0.475271	H@5 0.496171	H@10 0.519943
INFO:meta-cli.py:Epoch 31/100	Loss 3.0547 ± 0.1163
INFO:meta-cli.py:Epoch 32/100	Loss 3.0460 ± 0.1130
INFO:meta-cli.py:Epoch 33/100	Loss 3.0387 ± 0.1089
INFO:meta-cli.py:Epoch 33/100	dev results	MRR 0.465723	H@1 0.439189	H@3 0.473138	H@5 0.492090	H@10 0.518457
INFO:meta-cli.py:Epoch 33/100	test results	MRR 0.465231	H@1 0.435067	H@3 0.477186	H@5 0.496650	H@10 0.521698
INFO:meta-cli.py:Epoch 34/100	Loss 3.0313 ± 0.1135
INFO:meta-cli.py:Epoch 35/100	Loss 3.0246 ± 0.1070
INFO:meta-cli.py:Epoch 36/100	Loss 3.0177 ± 0.1076
INFO:meta-cli.py:Epoch 36/100	dev results	MRR 0.465959	H@1 0.438695	H@3 0.474291	H@5 0.491925	H@10 0.520105
INFO:meta-cli.py:Epoch 36/100	test results	MRR 0.468196	H@1 0.437779	H@3 0.480536	H@5 0.498883	H@10 0.523612
INFO:meta-cli.py:Epoch 37/100	Loss 3.0120 ± 0.1116
INFO:meta-cli.py:Epoch 38/100	Loss 3.0054 ± 0.1105
INFO:meta-cli.py:Epoch 39/100	Loss 2.9998 ± 0.1116
INFO:meta-cli.py:Epoch 39/100	dev results	MRR 0.465844	H@1 0.438695	H@3 0.473138	H@5 0.493902	H@10 0.520600
INFO:meta-cli.py:Epoch 39/100	test results	MRR 0.467979	H@1 0.438258	H@3 0.477505	H@5 0.499202	H@10 0.523772
INFO:meta-cli.py:Epoch 40/100	Loss 2.9942 ± 0.1028
INFO:meta-cli.py:Epoch 41/100	Loss 2.9893 ± 0.1058
INFO:meta-cli.py:Epoch 42/100	Loss 2.9842 ± 0.1132
INFO:meta-cli.py:Epoch 42/100	dev results	MRR 0.466925	H@1 0.438860	H@3 0.476104	H@5 0.496045	H@10 0.522907
INFO:meta-cli.py:Epoch 42/100	test results	MRR 0.469244	H@1 0.439375	H@3 0.478941	H@5 0.501914	H@10 0.525526
INFO:meta-cli.py:Epoch 43/100	Loss 2.9794 ± 0.1145
INFO:meta-cli.py:Epoch 44/100	Loss 2.9742 ± 0.1030
INFO:meta-cli.py:Epoch 45/100	Loss 2.9687 ± 0.1036
INFO:meta-cli.py:Epoch 45/100	dev results	MRR 0.467320	H@1 0.439848	H@3 0.475445	H@5 0.495550	H@10 0.522577
INFO:meta-cli.py:Epoch 45/100	test results	MRR 0.469392	H@1 0.438896	H@3 0.480057	H@5 0.502553	H@10 0.526643
INFO:meta-cli.py:Epoch 46/100	Loss 2.9653 ± 0.1091
INFO:meta-cli.py:Epoch 47/100	Loss 2.9609 ± 0.1100
INFO:meta-cli.py:Epoch 48/100	Loss 2.9567 ± 0.1070
INFO:meta-cli.py:Epoch 48/100	dev results	MRR 0.467242	H@1 0.439189	H@3 0.475610	H@5 0.496704	H@10 0.523072
INFO:meta-cli.py:Epoch 48/100	test results	MRR 0.470179	H@1 0.440332	H@3 0.479898	H@5 0.501436	H@10 0.526643
INFO:meta-cli.py:Epoch 49/100	Loss 2.9526 ± 0.1074
INFO:meta-cli.py:Epoch 50/100	Loss 2.9490 ± 0.1059
INFO:meta-cli.py:Epoch 51/100	Loss 2.9447 ± 0.1033
INFO:meta-cli.py:Epoch 51/100	dev results	MRR 0.468321	H@1 0.439684	H@3 0.477752	H@5 0.498352	H@10 0.525379
INFO:meta-cli.py:Epoch 51/100	test results	MRR 0.470092	H@1 0.439056	H@3 0.482291	H@5 0.503510	H@10 0.529036
INFO:meta-cli.py:Epoch 52/100	Loss 2.9417 ± 0.0967
INFO:meta-cli.py:Epoch 53/100	Loss 2.9385 ± 0.1014
INFO:meta-cli.py:Epoch 54/100	Loss 2.9343 ± 0.1061
INFO:meta-cli.py:Epoch 54/100	dev results	MRR 0.467956	H@1 0.438200	H@3 0.478411	H@5 0.497693	H@10 0.524061
INFO:meta-cli.py:Epoch 54/100	test results	MRR 0.470300	H@1 0.439694	H@3 0.480536	H@5 0.504148	H@10 0.528717
INFO:meta-cli.py:Epoch 55/100	Loss 2.9312 ± 0.1044
INFO:meta-cli.py:Epoch 56/100	Loss 2.9286 ± 0.1027
INFO:meta-cli.py:Epoch 57/100	Loss 2.9244 ± 0.0967
INFO:meta-cli.py:Epoch 57/100	dev results	MRR 0.468094	H@1 0.439024	H@3 0.477752	H@5 0.497034	H@10 0.526203
INFO:meta-cli.py:Epoch 57/100	test results	MRR 0.471147	H@1 0.440172	H@3 0.483567	H@5 0.504467	H@10 0.530632
INFO:meta-cli.py:Epoch 58/100	Loss 2.9219 ± 0.1037
INFO:meta-cli.py:Epoch 59/100	Loss 2.9189 ± 0.1008
INFO:meta-cli.py:Epoch 60/100	Loss 2.9162 ± 0.1028
INFO:meta-cli.py:Epoch 60/100	dev results	MRR 0.467192	H@1 0.437706	H@3 0.477258	H@5 0.497528	H@10 0.525544
INFO:meta-cli.py:Epoch 60/100	test results	MRR 0.470375	H@1 0.438896	H@3 0.482770	H@5 0.504467	H@10 0.530791
INFO:meta-cli.py:Epoch 61/100	Loss 2.9138 ± 0.1000
INFO:meta-cli.py:Epoch 62/100	Loss 2.9111 ± 0.0999
INFO:meta-cli.py:Epoch 63/100	Loss 2.9084 ± 0.1047
INFO:meta-cli.py:Epoch 63/100	dev results	MRR 0.468567	H@1 0.439024	H@3 0.478741	H@5 0.500494	H@10 0.526203
INFO:meta-cli.py:Epoch 63/100	test results	MRR 0.471238	H@1 0.439375	H@3 0.484684	H@5 0.505584	H@10 0.532546
INFO:meta-cli.py:Epoch 64/100	Loss 2.9054 ± 0.0993
INFO:meta-cli.py:Epoch 65/100	Loss 2.9029 ± 0.1063
INFO:meta-cli.py:Epoch 66/100	Loss 2.9004 ± 0.1007
INFO:meta-cli.py:Epoch 66/100	dev results	MRR 0.469314	H@1 0.440178	H@3 0.479235	H@5 0.501648	H@10 0.527027
INFO:meta-cli.py:Epoch 66/100	test results	MRR 0.470914	H@1 0.439056	H@3 0.483886	H@5 0.506222	H@10 0.531908
INFO:meta-cli.py:Epoch 67/100	Loss 2.8980 ± 0.1007
INFO:meta-cli.py:Epoch 68/100	Loss 2.8958 ± 0.1050
INFO:meta-cli.py:Epoch 69/100	Loss 2.8934 ± 0.1007
INFO:meta-cli.py:Epoch 69/100	dev results	MRR 0.468390	H@1 0.437871	H@3 0.478411	H@5 0.501483	H@10 0.527192
INFO:meta-cli.py:Epoch 69/100	test results	MRR 0.471209	H@1 0.439056	H@3 0.483727	H@5 0.506063	H@10 0.533823
INFO:meta-cli.py:Epoch 70/100	Loss 2.8915 ± 0.0993
INFO:meta-cli.py:Epoch 71/100	Loss 2.8892 ± 0.1009
INFO:meta-cli.py:Epoch 72/100	Loss 2.8870 ± 0.0972
INFO:meta-cli.py:Epoch 72/100	dev results	MRR 0.470191	H@1 0.440343	H@3 0.480554	H@5 0.502472	H@10 0.528345
INFO:meta-cli.py:Epoch 72/100	test results	MRR 0.471754	H@1 0.439694	H@3 0.483886	H@5 0.507339	H@10 0.532706
INFO:meta-cli.py:Epoch 73/100	Loss 2.8848 ± 0.0987
INFO:meta-cli.py:Epoch 74/100	Loss 2.8830 ± 0.1035
INFO:meta-cli.py:Epoch 75/100	Loss 2.8809 ± 0.1018
INFO:meta-cli.py:Epoch 75/100	dev results	MRR 0.469879	H@1 0.439519	H@3 0.481048	H@5 0.502472	H@10 0.527192
INFO:meta-cli.py:Epoch 75/100	test results	MRR 0.472300	H@1 0.440172	H@3 0.483886	H@5 0.506860	H@10 0.532865
INFO:meta-cli.py:Epoch 76/100	Loss 2.8791 ± 0.0974
INFO:meta-cli.py:Epoch 77/100	Loss 2.8767 ± 0.0942
INFO:meta-cli.py:Epoch 78/100	Loss 2.8754 ± 0.0931
INFO:meta-cli.py:Epoch 78/100	dev results	MRR 0.470126	H@1 0.440013	H@3 0.479071	H@5 0.501648	H@10 0.529005
INFO:meta-cli.py:Epoch 78/100	test results	MRR 0.471450	H@1 0.439375	H@3 0.483567	H@5 0.505903	H@10 0.535099
INFO:meta-cli.py:Epoch 79/100	Loss 2.8733 ± 0.1006
INFO:meta-cli.py:Epoch 80/100	Loss 2.8714 ± 0.0933
INFO:meta-cli.py:Epoch 81/100	Loss 2.8694 ± 0.1014
INFO:meta-cli.py:Epoch 81/100	dev results	MRR 0.469528	H@1 0.439189	H@3 0.479730	H@5 0.501483	H@10 0.528675
INFO:meta-cli.py:Epoch 81/100	test results	MRR 0.471899	H@1 0.439215	H@3 0.484684	H@5 0.507179	H@10 0.535418
INFO:meta-cli.py:Epoch 82/100	Loss 2.8674 ± 0.1006
INFO:meta-cli.py:Epoch 83/100	Loss 2.8661 ± 0.0982
INFO:meta-cli.py:Epoch 84/100	Loss 2.8642 ± 0.1001
INFO:meta-cli.py:Epoch 84/100	dev results	MRR 0.470461	H@1 0.440013	H@3 0.481213	H@5 0.502307	H@10 0.528840
INFO:meta-cli.py:Epoch 84/100	test results	MRR 0.472101	H@1 0.439056	H@3 0.486280	H@5 0.508296	H@10 0.534301
INFO:meta-cli.py:Epoch 85/100	Loss 2.8626 ± 0.0960
INFO:meta-cli.py:Epoch 86/100	Loss 2.8613 ± 0.0980
INFO:meta-cli.py:Epoch 87/100	Loss 2.8593 ± 0.0964
INFO:meta-cli.py:Epoch 87/100	dev results	MRR 0.469559	H@1 0.438860	H@3 0.480719	H@5 0.502966	H@10 0.527851
INFO:meta-cli.py:Epoch 87/100	test results	MRR 0.472449	H@1 0.439853	H@3 0.485163	H@5 0.507339	H@10 0.535258
INFO:meta-cli.py:Epoch 88/100	Loss 2.8579 ± 0.1014
INFO:meta-cli.py:Epoch 89/100	Loss 2.8560 ± 0.0958
INFO:meta-cli.py:Epoch 90/100	Loss 2.8550 ± 0.0959
INFO:meta-cli.py:Epoch 90/100	dev results	MRR 0.469976	H@1 0.438695	H@3 0.481048	H@5 0.502307	H@10 0.530323
INFO:meta-cli.py:Epoch 90/100	test results	MRR 0.472523	H@1 0.439534	H@3 0.484684	H@5 0.508456	H@10 0.536535
INFO:meta-cli.py:Epoch 91/100	Loss 2.8535 ± 0.0970
INFO:meta-cli.py:Epoch 92/100	Loss 2.8520 ± 0.0994
INFO:meta-cli.py:Epoch 93/100	Loss 2.8508 ± 0.0919
INFO:meta-cli.py:Epoch 93/100	dev results	MRR 0.469964	H@1 0.439024	H@3 0.480883	H@5 0.502802	H@10 0.528675
INFO:meta-cli.py:Epoch 93/100	test results	MRR 0.472497	H@1 0.439534	H@3 0.485641	H@5 0.508296	H@10 0.534939
INFO:meta-cli.py:Epoch 94/100	Loss 2.8494 ± 0.0938
INFO:meta-cli.py:Epoch 95/100	Loss 2.8476 ± 0.0991
INFO:meta-cli.py:Epoch 96/100	Loss 2.8461 ± 0.0967
INFO:meta-cli.py:Epoch 96/100	dev results	MRR 0.470492	H@1 0.440013	H@3 0.481543	H@5 0.501978	H@10 0.529499
INFO:meta-cli.py:Epoch 96/100	test results	MRR 0.473115	H@1 0.440172	H@3 0.486599	H@5 0.507498	H@10 0.536375
INFO:meta-cli.py:Epoch 97/100	Loss 2.8451 ± 0.0982
INFO:meta-cli.py:Epoch 98/100	Loss 2.8435 ± 0.1034
INFO:meta-cli.py:Epoch 99/100	Loss 2.8424 ± 0.0948
INFO:meta-cli.py:Epoch 99/100	dev results	MRR 0.470615	H@1 0.439684	H@3 0.481707	H@5 0.502307	H@10 0.529993
INFO:meta-cli.py:Epoch 99/100	test results	MRR 0.472584	H@1 0.438896	H@3 0.486439	H@5 0.508296	H@10 0.537173
INFO:meta-cli.py:Epoch 100/100	Loss 2.8409 ± 0.0967
INFO:meta-cli.py:Final 	dev results	MRR 0.470885	H@1 0.439848	H@3 0.482531	H@5 0.503461	H@10 0.530653
INFO:meta-cli.py:Final 	test results	MRR 0.473128	H@1 0.439853	H@3 0.486120	H@5 0.508137	H@10 0.536535
INFO:meta-cli.py:Training finished
