./bin/meta-cli.py --train data/wn18rr/train.tsv --dev data/wn18rr/dev.tsv --test data/wn18rr/test.tsv -m complex -k 1000 -b 1000 -e 100 --F2 0.01 --N3 0 -l 0.1 -I reciprocal -V 3 -o adagrad -q
{'F2': 0.01,
 'N3': 0.0,
 'batch_size': 1000,
 'dev': 'data/wn18rr/dev.tsv',
 'embedding_size': 1000,
 'epochs': 100,
 'eval_batch_size': None,
 'input_type': 'reciprocal',
 'learning_rate': 0.1,
 'load': None,
 'model': 'complex',
 'optimizer': 'adagrad',
 'quiet': True,
 'save': None,
 'seed': 0,
 'test': 'data/wn18rr/test.tsv',
 'test_i': None,
 'test_ii': None,
 'train': 'data/wn18rr/train.tsv',
 'validate_every': 3}
INFO:meta-cli.py:Device: cuda
INFO:meta-cli.py:Model state:
INFO:meta-cli.py:	entities.weight	torch.Size([40943, 2000])
INFO:meta-cli.py:	predicates.weight	torch.Size([22, 2000])
INFO:meta-cli.py:Epoch 1/100	Loss 16.2808 ± 3.9641
INFO:meta-cli.py:Epoch 2/100	Loss 6.6499 ± 0.3136
INFO:meta-cli.py:Epoch 3/100	Loss 5.5725 ± 0.0874
INFO:meta-cli.py:Epoch 3/100	dev results	MRR 0.441763	H@1 0.417765	H@3 0.450231	H@5 0.467864	H@10 0.487805
INFO:meta-cli.py:Epoch 3/100	test results	MRR 0.440058	H@1 0.417358	H@3 0.446235	H@5 0.461551	H@10 0.483408
INFO:meta-cli.py:Epoch 4/100	Loss 5.2068 ± 0.0857
INFO:meta-cli.py:Epoch 5/100	Loss 4.9898 ± 0.0878
INFO:meta-cli.py:Epoch 6/100	Loss 4.8354 ± 0.0961
INFO:meta-cli.py:Epoch 6/100	dev results	MRR 0.453465	H@1 0.427818	H@3 0.464074	H@5 0.480389	H@10 0.502307
INFO:meta-cli.py:Epoch 6/100	test results	MRR 0.451213	H@1 0.425495	H@3 0.458519	H@5 0.477026	H@10 0.503031
INFO:meta-cli.py:Epoch 7/100	Loss 4.7180 ± 0.0954
INFO:meta-cli.py:Epoch 8/100	Loss 4.6216 ± 0.1029
INFO:meta-cli.py:Epoch 9/100	Loss 4.5430 ± 0.0943
INFO:meta-cli.py:Epoch 9/100	dev results	MRR 0.458219	H@1 0.431938	H@3 0.469018	H@5 0.484509	H@10 0.508075
INFO:meta-cli.py:Epoch 9/100	test results	MRR 0.458112	H@1 0.429643	H@3 0.469049	H@5 0.487556	H@10 0.513242
INFO:meta-cli.py:Epoch 10/100	Loss 4.4726 ± 0.0991
INFO:meta-cli.py:Epoch 11/100	Loss 4.4135 ± 0.1032
INFO:meta-cli.py:Epoch 12/100	Loss 4.3611 ± 0.0996
INFO:meta-cli.py:Epoch 12/100	dev results	MRR 0.460105	H@1 0.432432	H@3 0.470171	H@5 0.485498	H@10 0.513843
INFO:meta-cli.py:Epoch 12/100	test results	MRR 0.460117	H@1 0.432036	H@3 0.472080	H@5 0.487237	H@10 0.515954
INFO:meta-cli.py:Epoch 13/100	Loss 4.3127 ± 0.0925
INFO:meta-cli.py:Epoch 14/100	Loss 4.2702 ± 0.0962
INFO:meta-cli.py:Epoch 15/100	Loss 4.2305 ± 0.1040
INFO:meta-cli.py:Epoch 15/100	dev results	MRR 0.462406	H@1 0.434740	H@3 0.471160	H@5 0.489453	H@10 0.516645
INFO:meta-cli.py:Epoch 15/100	test results	MRR 0.461474	H@1 0.431717	H@3 0.473038	H@5 0.490268	H@10 0.520581
INFO:meta-cli.py:Epoch 16/100	Loss 4.1941 ± 0.1005
INFO:meta-cli.py:Epoch 17/100	Loss 4.1604 ± 0.0994
INFO:meta-cli.py:Epoch 18/100	Loss 4.1286 ± 0.1010
INFO:meta-cli.py:Epoch 18/100	dev results	MRR 0.461525	H@1 0.432268	H@3 0.473797	H@5 0.490606	H@10 0.518128
INFO:meta-cli.py:Epoch 18/100	test results	MRR 0.462700	H@1 0.431398	H@3 0.476228	H@5 0.494097	H@10 0.522495
INFO:meta-cli.py:Epoch 19/100	Loss 4.0999 ± 0.0962
INFO:meta-cli.py:Epoch 20/100	Loss 4.0716 ± 0.0973
INFO:meta-cli.py:Epoch 21/100	Loss 4.0454 ± 0.0935
INFO:meta-cli.py:Epoch 21/100	dev results	MRR 0.462855	H@1 0.433916	H@3 0.472149	H@5 0.490442	H@10 0.520270
INFO:meta-cli.py:Epoch 21/100	test results	MRR 0.463380	H@1 0.432514	H@3 0.473676	H@5 0.494097	H@10 0.525367
INFO:meta-cli.py:Epoch 22/100	Loss 4.0211 ± 0.0976
INFO:meta-cli.py:Epoch 23/100	Loss 3.9978 ± 0.0940
INFO:meta-cli.py:Epoch 24/100	Loss 3.9760 ± 0.0962
INFO:meta-cli.py:Epoch 24/100	dev results	MRR 0.463105	H@1 0.434410	H@3 0.472643	H@5 0.490606	H@10 0.521918
INFO:meta-cli.py:Epoch 24/100	test results	MRR 0.463042	H@1 0.431238	H@3 0.474314	H@5 0.497128	H@10 0.526962
INFO:meta-cli.py:Epoch 25/100	Loss 3.9542 ± 0.0928
INFO:meta-cli.py:Epoch 26/100	Loss 3.9337 ± 0.0925
INFO:meta-cli.py:Epoch 27/100	Loss 3.9147 ± 0.0877
INFO:meta-cli.py:Epoch 27/100	dev results	MRR 0.463075	H@1 0.433751	H@3 0.472479	H@5 0.493078	H@10 0.521753
INFO:meta-cli.py:Epoch 27/100	test results	MRR 0.463228	H@1 0.431238	H@3 0.474793	H@5 0.497288	H@10 0.527122
INFO:meta-cli.py:Epoch 28/100	Loss 3.8961 ± 0.0954
INFO:meta-cli.py:Epoch 29/100	Loss 3.8784 ± 0.0936
INFO:meta-cli.py:Epoch 30/100	Loss 3.8616 ± 0.0837
INFO:meta-cli.py:Epoch 30/100	dev results	MRR 0.462029	H@1 0.432762	H@3 0.471325	H@5 0.491266	H@10 0.521589
INFO:meta-cli.py:Epoch 30/100	test results	MRR 0.462798	H@1 0.430121	H@3 0.473516	H@5 0.497447	H@10 0.528877
INFO:meta-cli.py:Epoch 31/100	Loss 3.8451 ± 0.0942
INFO:meta-cli.py:Epoch 32/100	Loss 3.8294 ± 0.0922
INFO:meta-cli.py:Epoch 33/100	Loss 3.8140 ± 0.0894
INFO:meta-cli.py:Epoch 33/100	dev results	MRR 0.460954	H@1 0.430455	H@3 0.470007	H@5 0.491760	H@10 0.523896
INFO:meta-cli.py:Epoch 33/100	test results	MRR 0.462083	H@1 0.429004	H@3 0.473516	H@5 0.498724	H@10 0.527760
INFO:meta-cli.py:Epoch 34/100	Loss 3.7994 ± 0.0922
INFO:meta-cli.py:Epoch 35/100	Loss 3.7853 ± 0.0850
INFO:meta-cli.py:Epoch 36/100	Loss 3.7716 ± 0.0843
INFO:meta-cli.py:Epoch 36/100	dev results	MRR 0.460679	H@1 0.430290	H@3 0.470666	H@5 0.489782	H@10 0.521424
INFO:meta-cli.py:Epoch 36/100	test results	MRR 0.461492	H@1 0.428366	H@3 0.472080	H@5 0.498245	H@10 0.527281
INFO:meta-cli.py:Epoch 37/100	Loss 3.7586 ± 0.0890
INFO:meta-cli.py:Epoch 38/100	Loss 3.7457 ± 0.0883
INFO:meta-cli.py:Epoch 39/100	Loss 3.7333 ± 0.0900
INFO:meta-cli.py:Epoch 39/100	dev results	MRR 0.459632	H@1 0.428807	H@3 0.469347	H@5 0.490936	H@10 0.522577
INFO:meta-cli.py:Epoch 39/100	test results	MRR 0.461462	H@1 0.428845	H@3 0.472719	H@5 0.496331	H@10 0.528398
INFO:meta-cli.py:Epoch 40/100	Loss 3.7214 ± 0.0837
INFO:meta-cli.py:Epoch 41/100	Loss 3.7094 ± 0.0859
INFO:meta-cli.py:Epoch 42/100	Loss 3.6985 ± 0.0886
INFO:meta-cli.py:Epoch 42/100	dev results	MRR 0.458733	H@1 0.427324	H@3 0.468853	H@5 0.490112	H@10 0.521753
INFO:meta-cli.py:Epoch 42/100	test results	MRR 0.460670	H@1 0.427409	H@3 0.472080	H@5 0.496650	H@10 0.527281
INFO:meta-cli.py:Epoch 43/100	Loss 3.6875 ± 0.0891
INFO:meta-cli.py:Epoch 44/100	Loss 3.6766 ± 0.0801
INFO:meta-cli.py:Epoch 45/100	Loss 3.6657 ± 0.0784
INFO:meta-cli.py:Epoch 45/100	dev results	MRR 0.459404	H@1 0.427983	H@3 0.470336	H@5 0.490277	H@10 0.523731
INFO:meta-cli.py:Epoch 45/100	test results	MRR 0.459821	H@1 0.426452	H@3 0.472080	H@5 0.495692	H@10 0.526643
INFO:meta-cli.py:Epoch 46/100	Loss 3.6557 ± 0.0842
INFO:meta-cli.py:Epoch 47/100	Loss 3.6462 ± 0.0869
INFO:meta-cli.py:Epoch 48/100	Loss 3.6364 ± 0.0860
INFO:meta-cli.py:Epoch 48/100	dev results	MRR 0.457961	H@1 0.426994	H@3 0.467864	H@5 0.488464	H@10 0.522083
INFO:meta-cli.py:Epoch 48/100	test results	MRR 0.458802	H@1 0.425335	H@3 0.470485	H@5 0.493937	H@10 0.525526
INFO:meta-cli.py:Epoch 49/100	Loss 3.6271 ± 0.0833
INFO:meta-cli.py:Epoch 50/100	Loss 3.6181 ± 0.0791
INFO:meta-cli.py:Epoch 51/100	Loss 3.6091 ± 0.0793
INFO:meta-cli.py:Epoch 51/100	dev results	MRR 0.457504	H@1 0.426500	H@3 0.467040	H@5 0.488629	H@10 0.521424
INFO:meta-cli.py:Epoch 51/100	test results	MRR 0.458453	H@1 0.425016	H@3 0.468411	H@5 0.493778	H@10 0.526324
INFO:meta-cli.py:Epoch 52/100	Loss 3.6005 ± 0.0741
INFO:meta-cli.py:Epoch 53/100	Loss 3.5922 ± 0.0767
INFO:meta-cli.py:Epoch 54/100	Loss 3.5835 ± 0.0813
INFO:meta-cli.py:Epoch 54/100	dev results	MRR 0.456789	H@1 0.425676	H@3 0.466875	H@5 0.487146	H@10 0.520270
INFO:meta-cli.py:Epoch 54/100	test results	MRR 0.458532	H@1 0.425814	H@3 0.468890	H@5 0.492502	H@10 0.525367
INFO:meta-cli.py:Epoch 55/100	Loss 3.5754 ± 0.0785
INFO:meta-cli.py:Epoch 56/100	Loss 3.5676 ± 0.0765
INFO:meta-cli.py:Epoch 57/100	Loss 3.5597 ± 0.0723
INFO:meta-cli.py:Epoch 57/100	dev results	MRR 0.455531	H@1 0.424192	H@3 0.464733	H@5 0.484509	H@10 0.519941
INFO:meta-cli.py:Epoch 57/100	test results	MRR 0.458002	H@1 0.424856	H@3 0.468251	H@5 0.492502	H@10 0.525367
INFO:meta-cli.py:Epoch 58/100	Loss 3.5524 ± 0.0783
INFO:meta-cli.py:Epoch 59/100	Loss 3.5450 ± 0.0775
INFO:meta-cli.py:Epoch 60/100	Loss 3.5378 ± 0.0802
INFO:meta-cli.py:Epoch 60/100	dev results	MRR 0.455437	H@1 0.425016	H@3 0.464239	H@5 0.484015	H@10 0.520600
INFO:meta-cli.py:Epoch 60/100	test results	MRR 0.456680	H@1 0.423421	H@3 0.466337	H@5 0.491704	H@10 0.522974
INFO:meta-cli.py:Epoch 61/100	Loss 3.5309 ± 0.0747
INFO:meta-cli.py:Epoch 62/100	Loss 3.5240 ± 0.0734
INFO:meta-cli.py:Epoch 63/100	Loss 3.5169 ± 0.0791
INFO:meta-cli.py:Epoch 63/100	dev results	MRR 0.455501	H@1 0.424852	H@3 0.464403	H@5 0.483685	H@10 0.519611
INFO:meta-cli.py:Epoch 63/100	test results	MRR 0.456858	H@1 0.423421	H@3 0.466656	H@5 0.491544	H@10 0.523452
INFO:meta-cli.py:Epoch 64/100	Loss 3.5103 ± 0.0761
INFO:meta-cli.py:Epoch 65/100	Loss 3.5038 ± 0.0820
INFO:meta-cli.py:Epoch 66/100	Loss 3.4973 ± 0.0754
INFO:meta-cli.py:Epoch 66/100	dev results	MRR 0.454732	H@1 0.424028	H@3 0.463579	H@5 0.484344	H@10 0.518952
INFO:meta-cli.py:Epoch 66/100	test results	MRR 0.456234	H@1 0.423580	H@3 0.466337	H@5 0.490747	H@10 0.522974
INFO:meta-cli.py:Epoch 67/100	Loss 3.4910 ± 0.0735
INFO:meta-cli.py:Epoch 68/100	Loss 3.4853 ± 0.0780
INFO:meta-cli.py:Epoch 69/100	Loss 3.4791 ± 0.0756
INFO:meta-cli.py:Epoch 69/100	dev results	MRR 0.454798	H@1 0.424687	H@3 0.462591	H@5 0.482037	H@10 0.518622
INFO:meta-cli.py:Epoch 69/100	test results	MRR 0.455865	H@1 0.422623	H@3 0.467294	H@5 0.489630	H@10 0.521857
INFO:meta-cli.py:Epoch 70/100	Loss 3.4732 ± 0.0738
INFO:meta-cli.py:Epoch 71/100	Loss 3.4675 ± 0.0744
INFO:meta-cli.py:Epoch 72/100	Loss 3.4618 ± 0.0720
INFO:meta-cli.py:Epoch 72/100	dev results	MRR 0.454102	H@1 0.423863	H@3 0.462096	H@5 0.482037	H@10 0.517139
INFO:meta-cli.py:Epoch 72/100	test results	MRR 0.455775	H@1 0.423101	H@3 0.465858	H@5 0.488832	H@10 0.521219
INFO:meta-cli.py:Epoch 73/100	Loss 3.4559 ± 0.0717
INFO:meta-cli.py:Epoch 74/100	Loss 3.4504 ± 0.0767
INFO:meta-cli.py:Epoch 75/100	Loss 3.4452 ± 0.0742
INFO:meta-cli.py:Epoch 75/100	dev results	MRR 0.453570	H@1 0.423368	H@3 0.461767	H@5 0.482037	H@10 0.515985
INFO:meta-cli.py:Epoch 75/100	test results	MRR 0.454526	H@1 0.420868	H@3 0.465220	H@5 0.489630	H@10 0.521698
INFO:meta-cli.py:Epoch 76/100	Loss 3.4400 ± 0.0711
INFO:meta-cli.py:Epoch 77/100	Loss 3.4349 ± 0.0702
INFO:meta-cli.py:Epoch 78/100	Loss 3.4296 ± 0.0649
INFO:meta-cli.py:Epoch 78/100	dev results	MRR 0.452449	H@1 0.422050	H@3 0.460448	H@5 0.480719	H@10 0.516809
INFO:meta-cli.py:Epoch 78/100	test results	MRR 0.454716	H@1 0.421985	H@3 0.464422	H@5 0.488992	H@10 0.521538
INFO:meta-cli.py:Epoch 79/100	Loss 3.4247 ± 0.0718
INFO:meta-cli.py:Epoch 80/100	Loss 3.4198 ± 0.0674
INFO:meta-cli.py:Epoch 81/100	Loss 3.4146 ± 0.0750
INFO:meta-cli.py:Epoch 81/100	dev results	MRR 0.452023	H@1 0.421556	H@3 0.460283	H@5 0.481378	H@10 0.515162
INFO:meta-cli.py:Epoch 81/100	test results	MRR 0.454286	H@1 0.421666	H@3 0.464103	H@5 0.488832	H@10 0.520740
INFO:meta-cli.py:Epoch 82/100	Loss 3.4099 ± 0.0740
INFO:meta-cli.py:Epoch 83/100	Loss 3.4053 ± 0.0731
INFO:meta-cli.py:Epoch 84/100	Loss 3.4005 ± 0.0753
INFO:meta-cli.py:Epoch 84/100	dev results	MRR 0.452107	H@1 0.421885	H@3 0.460613	H@5 0.479895	H@10 0.515656
INFO:meta-cli.py:Epoch 84/100	test results	MRR 0.454154	H@1 0.421347	H@3 0.464742	H@5 0.487875	H@10 0.519783
INFO:meta-cli.py:Epoch 85/100	Loss 3.3962 ± 0.0683
INFO:meta-cli.py:Epoch 86/100	Loss 3.3917 ± 0.0691
INFO:meta-cli.py:Epoch 87/100	Loss 3.3875 ± 0.0712
INFO:meta-cli.py:Epoch 87/100	dev results	MRR 0.452135	H@1 0.422215	H@3 0.460283	H@5 0.480554	H@10 0.514008
INFO:meta-cli.py:Epoch 87/100	test results	MRR 0.453988	H@1 0.421027	H@3 0.464742	H@5 0.488832	H@10 0.519943
INFO:meta-cli.py:Epoch 88/100	Loss 3.3830 ± 0.0759
INFO:meta-cli.py:Epoch 89/100	Loss 3.3787 ± 0.0687
INFO:meta-cli.py:Epoch 90/100	Loss 3.3747 ± 0.0705
INFO:meta-cli.py:Epoch 90/100	dev results	MRR 0.450928	H@1 0.420567	H@3 0.459954	H@5 0.479400	H@10 0.513184
INFO:meta-cli.py:Epoch 90/100	test results	MRR 0.453640	H@1 0.421027	H@3 0.464422	H@5 0.487396	H@10 0.519943
INFO:meta-cli.py:Epoch 91/100	Loss 3.3707 ± 0.0713
INFO:meta-cli.py:Epoch 92/100	Loss 3.3667 ± 0.0760
INFO:meta-cli.py:Epoch 93/100	Loss 3.3628 ± 0.0654
INFO:meta-cli.py:Epoch 93/100	dev results	MRR 0.450622	H@1 0.420402	H@3 0.459624	H@5 0.478906	H@10 0.512360
INFO:meta-cli.py:Epoch 93/100	test results	MRR 0.453472	H@1 0.420868	H@3 0.464742	H@5 0.487396	H@10 0.519464
INFO:meta-cli.py:Epoch 94/100	Loss 3.3586 ± 0.0674
INFO:meta-cli.py:Epoch 95/100	Loss 3.3546 ± 0.0732
INFO:meta-cli.py:Epoch 96/100	Loss 3.3509 ± 0.0692
INFO:meta-cli.py:Epoch 96/100	dev results	MRR 0.451192	H@1 0.421556	H@3 0.460119	H@5 0.478247	H@10 0.511701
INFO:meta-cli.py:Epoch 96/100	test results	MRR 0.452367	H@1 0.419432	H@3 0.463944	H@5 0.487396	H@10 0.518666
INFO:meta-cli.py:Epoch 97/100	Loss 3.3470 ± 0.0713
INFO:meta-cli.py:Epoch 98/100	Loss 3.3434 ± 0.0744
INFO:meta-cli.py:Epoch 99/100	Loss 3.3397 ± 0.0712
INFO:meta-cli.py:Epoch 99/100	dev results	MRR 0.450083	H@1 0.420073	H@3 0.458471	H@5 0.477587	H@10 0.510877
INFO:meta-cli.py:Epoch 99/100	test results	MRR 0.452361	H@1 0.419751	H@3 0.463146	H@5 0.487077	H@10 0.517549
INFO:meta-cli.py:Epoch 100/100	Loss 3.3360 ± 0.0692
INFO:meta-cli.py:Final 	dev results	MRR 0.450090	H@1 0.420073	H@3 0.459295	H@5 0.476763	H@10 0.510547
INFO:meta-cli.py:Final 	test results	MRR 0.452222	H@1 0.419751	H@3 0.463306	H@5 0.486120	H@10 0.517869
INFO:meta-cli.py:Training finished
