./bin/meta-cli.py --train data/wn18rr/train.tsv --dev data/wn18rr/dev.tsv --test data/wn18rr/test.tsv -m complex -k 1000 -b 1000 -e 100 --F2 0.005 --N3 0 -l 0.1 -I standard -V 3 -o adagrad -q
{'F2': 0.005,
 'N3': 0.0,
 'batch_size': 1000,
 'dev': 'data/wn18rr/dev.tsv',
 'embedding_size': 1000,
 'epochs': 100,
 'eval_batch_size': None,
 'input_type': 'standard',
 'learning_rate': 0.1,
 'load': None,
 'model': 'complex',
 'optimizer': 'adagrad',
 'quiet': True,
 'save': None,
 'seed': 0,
 'test': 'data/wn18rr/test.tsv',
 'test_i': None,
 'test_ii': None,
 'train': 'data/wn18rr/train.tsv',
 'validate_every': 3}
INFO:meta-cli.py:Device: cuda
INFO:meta-cli.py:Model state:
INFO:meta-cli.py:	entities.weight	torch.Size([40943, 2000])
INFO:meta-cli.py:	predicates.weight	torch.Size([11, 2000])
INFO:meta-cli.py:Epoch 1/100	Loss 19.7382 ± 1.3377
INFO:meta-cli.py:Epoch 2/100	Loss 11.1807 ± 0.3007
INFO:meta-cli.py:Epoch 3/100	Loss 6.0170 ± 0.3362
INFO:meta-cli.py:Epoch 3/100	dev results	MRR 0.425950	H@1 0.405900	H@3 0.432103	H@5 0.443144	H@10 0.461602
INFO:meta-cli.py:Epoch 3/100	test results	MRR 0.426849	H@1 0.407466	H@3 0.432833	H@5 0.444799	H@10 0.462189
INFO:meta-cli.py:Epoch 4/100	Loss 5.0349 ± 0.2541
INFO:meta-cli.py:Epoch 5/100	Loss 4.6487 ± 0.2525
INFO:meta-cli.py:Epoch 6/100	Loss 4.4454 ± 0.2405
INFO:meta-cli.py:Epoch 6/100	dev results	MRR 0.437100	H@1 0.416777	H@3 0.442980	H@5 0.455175	H@10 0.476269
INFO:meta-cli.py:Epoch 6/100	test results	MRR 0.436694	H@1 0.414167	H@3 0.443044	H@5 0.458839	H@10 0.478941
INFO:meta-cli.py:Epoch 7/100	Loss 4.3029 ± 0.2282
INFO:meta-cli.py:Epoch 8/100	Loss 4.1991 ± 0.2305
INFO:meta-cli.py:Epoch 9/100	Loss 4.1156 ± 0.2214
INFO:meta-cli.py:Epoch 9/100	dev results	MRR 0.441329	H@1 0.417930	H@3 0.449736	H@5 0.463085	H@10 0.482037
INFO:meta-cli.py:Epoch 9/100	test results	MRR 0.443965	H@1 0.420230	H@3 0.451978	H@5 0.467135	H@10 0.488832
INFO:meta-cli.py:Epoch 10/100	Loss 4.0460 ± 0.2106
INFO:meta-cli.py:Epoch 11/100	Loss 3.9878 ± 0.2098
INFO:meta-cli.py:Epoch 12/100	Loss 3.9384 ± 0.2122
INFO:meta-cli.py:Epoch 12/100	dev results	MRR 0.444421	H@1 0.421556	H@3 0.453197	H@5 0.464898	H@10 0.486157
INFO:meta-cli.py:Epoch 12/100	test results	MRR 0.447050	H@1 0.422623	H@3 0.455648	H@5 0.470804	H@10 0.493299
INFO:meta-cli.py:Epoch 13/100	Loss 3.8927 ± 0.1984
INFO:meta-cli.py:Epoch 14/100	Loss 3.8529 ± 0.2044
INFO:meta-cli.py:Epoch 15/100	Loss 3.8168 ± 0.1968
INFO:meta-cli.py:Epoch 15/100	dev results	MRR 0.447630	H@1 0.424852	H@3 0.455339	H@5 0.469677	H@10 0.488134
INFO:meta-cli.py:Epoch 15/100	test results	MRR 0.448870	H@1 0.423261	H@3 0.458200	H@5 0.476069	H@10 0.498883
INFO:meta-cli.py:Epoch 16/100	Loss 3.7849 ± 0.1953
INFO:meta-cli.py:Epoch 17/100	Loss 3.7546 ± 0.1908
INFO:meta-cli.py:Epoch 18/100	Loss 3.7273 ± 0.1781
INFO:meta-cli.py:Epoch 18/100	dev results	MRR 0.449623	H@1 0.426500	H@3 0.456163	H@5 0.470831	H@10 0.491925
INFO:meta-cli.py:Epoch 18/100	test results	MRR 0.451048	H@1 0.424378	H@3 0.461551	H@5 0.478143	H@10 0.500798
INFO:meta-cli.py:Epoch 19/100	Loss 3.7026 ± 0.1812
INFO:meta-cli.py:Epoch 20/100	Loss 3.6791 ± 0.1786
INFO:meta-cli.py:Epoch 21/100	Loss 3.6571 ± 0.1713
INFO:meta-cli.py:Epoch 21/100	dev results	MRR 0.449711	H@1 0.425676	H@3 0.456328	H@5 0.472643	H@10 0.494067
INFO:meta-cli.py:Epoch 21/100	test results	MRR 0.452236	H@1 0.425175	H@3 0.463306	H@5 0.481015	H@10 0.502712
INFO:meta-cli.py:Epoch 22/100	Loss 3.6369 ± 0.1848
INFO:meta-cli.py:Epoch 23/100	Loss 3.6171 ± 0.1713
INFO:meta-cli.py:Epoch 24/100	Loss 3.6002 ± 0.1776
INFO:meta-cli.py:Epoch 24/100	dev results	MRR 0.452340	H@1 0.428972	H@3 0.458471	H@5 0.474291	H@10 0.496539
INFO:meta-cli.py:Epoch 24/100	test results	MRR 0.454261	H@1 0.427569	H@3 0.463944	H@5 0.482131	H@10 0.505584
INFO:meta-cli.py:Epoch 25/100	Loss 3.5820 ± 0.1706
INFO:meta-cli.py:Epoch 26/100	Loss 3.5658 ± 0.1684
INFO:meta-cli.py:Epoch 27/100	Loss 3.5508 ± 0.1697
INFO:meta-cli.py:Epoch 27/100	dev results	MRR 0.452726	H@1 0.428807	H@3 0.460943	H@5 0.475775	H@10 0.497858
INFO:meta-cli.py:Epoch 27/100	test results	MRR 0.454354	H@1 0.426292	H@3 0.465220	H@5 0.482770	H@10 0.506701
INFO:meta-cli.py:Epoch 28/100	Loss 3.5361 ± 0.1698
INFO:meta-cli.py:Epoch 29/100	Loss 3.5222 ± 0.1675
INFO:meta-cli.py:Epoch 30/100	Loss 3.5091 ± 0.1527
INFO:meta-cli.py:Epoch 30/100	dev results	MRR 0.453184	H@1 0.428312	H@3 0.461272	H@5 0.476269	H@10 0.500000
INFO:meta-cli.py:Epoch 30/100	test results	MRR 0.456497	H@1 0.428845	H@3 0.465858	H@5 0.485801	H@10 0.509094
INFO:meta-cli.py:Epoch 31/100	Loss 3.4958 ± 0.1609
INFO:meta-cli.py:Epoch 32/100	Loss 3.4838 ± 0.1625
INFO:meta-cli.py:Epoch 33/100	Loss 3.4720 ± 0.1597
INFO:meta-cli.py:Epoch 33/100	dev results	MRR 0.454448	H@1 0.430290	H@3 0.461767	H@5 0.478247	H@10 0.500165
INFO:meta-cli.py:Epoch 33/100	test results	MRR 0.456360	H@1 0.428685	H@3 0.465858	H@5 0.485641	H@10 0.509094
INFO:meta-cli.py:Epoch 34/100	Loss 3.4614 ± 0.1502
INFO:meta-cli.py:Epoch 35/100	Loss 3.4502 ± 0.1562
INFO:meta-cli.py:Epoch 36/100	Loss 3.4398 ± 0.1453
INFO:meta-cli.py:Epoch 36/100	dev results	MRR 0.455182	H@1 0.430620	H@3 0.463415	H@5 0.479895	H@10 0.502142
INFO:meta-cli.py:Epoch 36/100	test results	MRR 0.456927	H@1 0.429004	H@3 0.468571	H@5 0.487556	H@10 0.509413
INFO:meta-cli.py:Epoch 37/100	Loss 3.4300 ± 0.1500
INFO:meta-cli.py:Epoch 38/100	Loss 3.4205 ± 0.1540
INFO:meta-cli.py:Epoch 39/100	Loss 3.4109 ± 0.1503
INFO:meta-cli.py:Epoch 39/100	dev results	MRR 0.456132	H@1 0.431608	H@3 0.463415	H@5 0.480224	H@10 0.503461
INFO:meta-cli.py:Epoch 39/100	test results	MRR 0.457066	H@1 0.428845	H@3 0.465858	H@5 0.486599	H@10 0.512444
INFO:meta-cli.py:Epoch 40/100	Loss 3.4023 ± 0.1448
INFO:meta-cli.py:Epoch 41/100	Loss 3.3938 ± 0.1462
INFO:meta-cli.py:Epoch 42/100	Loss 3.3847 ± 0.1425
INFO:meta-cli.py:Epoch 42/100	dev results	MRR 0.455624	H@1 0.430290	H@3 0.462755	H@5 0.479895	H@10 0.504779
INFO:meta-cli.py:Epoch 42/100	test results	MRR 0.458719	H@1 0.431078	H@3 0.467135	H@5 0.487237	H@10 0.513880
INFO:meta-cli.py:Epoch 43/100	Loss 3.3770 ± 0.1414
INFO:meta-cli.py:Epoch 44/100	Loss 3.3692 ± 0.1412
INFO:meta-cli.py:Epoch 45/100	Loss 3.3618 ± 0.1327
INFO:meta-cli.py:Epoch 45/100	dev results	MRR 0.456204	H@1 0.431279	H@3 0.462096	H@5 0.480719	H@10 0.505438
INFO:meta-cli.py:Epoch 45/100	test results	MRR 0.458462	H@1 0.430281	H@3 0.468251	H@5 0.488513	H@10 0.514518
INFO:meta-cli.py:Epoch 46/100	Loss 3.3539 ± 0.1346
INFO:meta-cli.py:Epoch 47/100	Loss 3.3468 ± 0.1440
INFO:meta-cli.py:Epoch 48/100	Loss 3.3399 ± 0.1423
INFO:meta-cli.py:Epoch 48/100	dev results	MRR 0.456666	H@1 0.431444	H@3 0.463909	H@5 0.481048	H@10 0.505933
INFO:meta-cli.py:Epoch 48/100	test results	MRR 0.458491	H@1 0.429962	H@3 0.468411	H@5 0.488354	H@10 0.514199
INFO:meta-cli.py:Epoch 49/100	Loss 3.3328 ± 0.1300
INFO:meta-cli.py:Epoch 50/100	Loss 3.3264 ± 0.1429
INFO:meta-cli.py:Epoch 51/100	Loss 3.3199 ± 0.1320
INFO:meta-cli.py:Epoch 51/100	dev results	MRR 0.456515	H@1 0.430620	H@3 0.464074	H@5 0.480719	H@10 0.506098
INFO:meta-cli.py:Epoch 51/100	test results	MRR 0.459107	H@1 0.430281	H@3 0.469528	H@5 0.489311	H@10 0.514359
INFO:meta-cli.py:Epoch 52/100	Loss 3.3137 ± 0.1402
INFO:meta-cli.py:Epoch 53/100	Loss 3.3072 ± 0.1319
INFO:meta-cli.py:Epoch 54/100	Loss 3.3019 ± 0.1382
INFO:meta-cli.py:Epoch 54/100	dev results	MRR 0.457614	H@1 0.432432	H@3 0.464568	H@5 0.481707	H@10 0.507086
INFO:meta-cli.py:Epoch 54/100	test results	MRR 0.458946	H@1 0.430440	H@3 0.468890	H@5 0.488354	H@10 0.514837
INFO:meta-cli.py:Epoch 55/100	Loss 3.2956 ± 0.1409
INFO:meta-cli.py:Epoch 56/100	Loss 3.2898 ± 0.1307
INFO:meta-cli.py:Epoch 57/100	Loss 3.2845 ± 0.1387
INFO:meta-cli.py:Epoch 57/100	dev results	MRR 0.457658	H@1 0.432268	H@3 0.464239	H@5 0.481543	H@10 0.506757
INFO:meta-cli.py:Epoch 57/100	test results	MRR 0.458678	H@1 0.429802	H@3 0.468251	H@5 0.488513	H@10 0.514678
INFO:meta-cli.py:Epoch 58/100	Loss 3.2789 ± 0.1313
INFO:meta-cli.py:Epoch 59/100	Loss 3.2736 ± 0.1321
INFO:meta-cli.py:Epoch 60/100	Loss 3.2683 ± 0.1278
INFO:meta-cli.py:Epoch 60/100	dev results	MRR 0.457687	H@1 0.431773	H@3 0.465557	H@5 0.482696	H@10 0.508570
INFO:meta-cli.py:Epoch 60/100	test results	MRR 0.459376	H@1 0.430440	H@3 0.468730	H@5 0.488513	H@10 0.515475
INFO:meta-cli.py:Epoch 61/100	Loss 3.2631 ± 0.1383
INFO:meta-cli.py:Epoch 62/100	Loss 3.2580 ± 0.1268
INFO:meta-cli.py:Epoch 63/100	Loss 3.2534 ± 0.1142
INFO:meta-cli.py:Epoch 63/100	dev results	MRR 0.457991	H@1 0.432103	H@3 0.464568	H@5 0.482202	H@10 0.508570
INFO:meta-cli.py:Epoch 63/100	test results	MRR 0.459522	H@1 0.430440	H@3 0.468890	H@5 0.490747	H@10 0.514997
INFO:meta-cli.py:Epoch 64/100	Loss 3.2486 ± 0.1187
INFO:meta-cli.py:Epoch 65/100	Loss 3.2436 ± 0.1244
INFO:meta-cli.py:Epoch 66/100	Loss 3.2392 ± 0.1198
INFO:meta-cli.py:Epoch 66/100	dev results	MRR 0.457708	H@1 0.431114	H@3 0.464568	H@5 0.483850	H@10 0.508899
INFO:meta-cli.py:Epoch 66/100	test results	MRR 0.459823	H@1 0.431078	H@3 0.468411	H@5 0.489949	H@10 0.515156
INFO:meta-cli.py:Epoch 67/100	Loss 3.2346 ± 0.1272
INFO:meta-cli.py:Epoch 68/100	Loss 3.2304 ± 0.1254
INFO:meta-cli.py:Epoch 69/100	Loss 3.2258 ± 0.1279
INFO:meta-cli.py:Epoch 69/100	dev results	MRR 0.458665	H@1 0.432927	H@3 0.464568	H@5 0.483355	H@10 0.509229
INFO:meta-cli.py:Epoch 69/100	test results	MRR 0.458981	H@1 0.429324	H@3 0.469368	H@5 0.489151	H@10 0.516752
INFO:meta-cli.py:Epoch 70/100	Loss 3.2215 ± 0.1249
INFO:meta-cli.py:Epoch 71/100	Loss 3.2172 ± 0.1180
INFO:meta-cli.py:Epoch 72/100	Loss 3.2135 ± 0.1217
INFO:meta-cli.py:Epoch 72/100	dev results	MRR 0.458360	H@1 0.432268	H@3 0.465392	H@5 0.484179	H@10 0.509558
INFO:meta-cli.py:Epoch 72/100	test results	MRR 0.459327	H@1 0.429643	H@3 0.467932	H@5 0.489311	H@10 0.515954
INFO:meta-cli.py:Epoch 73/100	Loss 3.2094 ± 0.1187
INFO:meta-cli.py:Epoch 74/100	Loss 3.2053 ± 0.1192
INFO:meta-cli.py:Epoch 75/100	Loss 3.2014 ± 0.1168
INFO:meta-cli.py:Epoch 75/100	dev results	MRR 0.458549	H@1 0.431938	H@3 0.466216	H@5 0.484344	H@10 0.510218
INFO:meta-cli.py:Epoch 75/100	test results	MRR 0.459429	H@1 0.429802	H@3 0.468730	H@5 0.489949	H@10 0.517230
INFO:meta-cli.py:Epoch 76/100	Loss 3.1975 ± 0.1185
INFO:meta-cli.py:Epoch 77/100	Loss 3.1937 ± 0.1165
INFO:meta-cli.py:Epoch 78/100	Loss 3.1903 ± 0.1184
INFO:meta-cli.py:Epoch 78/100	dev results	MRR 0.458668	H@1 0.432103	H@3 0.465722	H@5 0.483850	H@10 0.509888
INFO:meta-cli.py:Epoch 78/100	test results	MRR 0.459628	H@1 0.429962	H@3 0.467932	H@5 0.489789	H@10 0.517230
INFO:meta-cli.py:Epoch 79/100	Loss 3.1860 ± 0.1085
INFO:meta-cli.py:Epoch 80/100	Loss 3.1825 ± 0.1141
INFO:meta-cli.py:Epoch 81/100	Loss 3.1793 ± 0.1209
INFO:meta-cli.py:Epoch 81/100	dev results	MRR 0.459361	H@1 0.432927	H@3 0.466216	H@5 0.484838	H@10 0.510382
INFO:meta-cli.py:Epoch 81/100	test results	MRR 0.459982	H@1 0.430759	H@3 0.468251	H@5 0.489789	H@10 0.517071
INFO:meta-cli.py:Epoch 82/100	Loss 3.1759 ± 0.1143
INFO:meta-cli.py:Epoch 83/100	Loss 3.1721 ± 0.1107
INFO:meta-cli.py:Epoch 84/100	Loss 3.1690 ± 0.1167
INFO:meta-cli.py:Epoch 84/100	dev results	MRR 0.459638	H@1 0.433092	H@3 0.466381	H@5 0.484674	H@10 0.510877
INFO:meta-cli.py:Epoch 84/100	test results	MRR 0.459991	H@1 0.430600	H@3 0.468571	H@5 0.488832	H@10 0.517709
INFO:meta-cli.py:Epoch 85/100	Loss 3.1655 ± 0.1150
INFO:meta-cli.py:Epoch 86/100	Loss 3.1624 ± 0.1150
INFO:meta-cli.py:Epoch 87/100	Loss 3.1591 ± 0.1088
INFO:meta-cli.py:Epoch 87/100	dev results	MRR 0.459272	H@1 0.432268	H@3 0.466381	H@5 0.484344	H@10 0.511371
INFO:meta-cli.py:Epoch 87/100	test results	MRR 0.460174	H@1 0.430759	H@3 0.468730	H@5 0.488992	H@10 0.517390
INFO:meta-cli.py:Epoch 88/100	Loss 3.1559 ± 0.1079
INFO:meta-cli.py:Epoch 89/100	Loss 3.1530 ± 0.1050
INFO:meta-cli.py:Epoch 90/100	Loss 3.1499 ± 0.1232
INFO:meta-cli.py:Epoch 90/100	dev results	MRR 0.458801	H@1 0.431608	H@3 0.466546	H@5 0.486322	H@10 0.511866
INFO:meta-cli.py:Epoch 90/100	test results	MRR 0.460282	H@1 0.430600	H@3 0.469687	H@5 0.488992	H@10 0.517869
INFO:meta-cli.py:Epoch 91/100	Loss 3.1466 ± 0.1081
INFO:meta-cli.py:Epoch 92/100	Loss 3.1437 ± 0.1148
INFO:meta-cli.py:Epoch 93/100	Loss 3.1407 ± 0.1118
INFO:meta-cli.py:Epoch 93/100	dev results	MRR 0.459559	H@1 0.432762	H@3 0.466875	H@5 0.484838	H@10 0.511371
INFO:meta-cli.py:Epoch 93/100	test results	MRR 0.459715	H@1 0.429483	H@3 0.469687	H@5 0.488673	H@10 0.518347
INFO:meta-cli.py:Epoch 94/100	Loss 3.1380 ± 0.1086
INFO:meta-cli.py:Epoch 95/100	Loss 3.1349 ± 0.1088
INFO:meta-cli.py:Epoch 96/100	Loss 3.1320 ± 0.1078
INFO:meta-cli.py:Epoch 96/100	dev results	MRR 0.459847	H@1 0.432927	H@3 0.467040	H@5 0.486322	H@10 0.511701
INFO:meta-cli.py:Epoch 96/100	test results	MRR 0.460041	H@1 0.430281	H@3 0.469368	H@5 0.488832	H@10 0.517230
INFO:meta-cli.py:Epoch 97/100	Loss 3.1293 ± 0.1062
INFO:meta-cli.py:Epoch 98/100	Loss 3.1266 ± 0.1173
INFO:meta-cli.py:Epoch 99/100	Loss 3.1236 ± 0.0956
INFO:meta-cli.py:Epoch 99/100	dev results	MRR 0.459495	H@1 0.432268	H@3 0.467205	H@5 0.486157	H@10 0.511042
INFO:meta-cli.py:Epoch 99/100	test results	MRR 0.460236	H@1 0.430600	H@3 0.470325	H@5 0.488832	H@10 0.517390
INFO:meta-cli.py:Epoch 100/100	Loss 3.1210 ± 0.1147
INFO:meta-cli.py:Final 	dev results	MRR 0.459818	H@1 0.432762	H@3 0.467864	H@5 0.486157	H@10 0.512030
INFO:meta-cli.py:Final 	test results	MRR 0.460495	H@1 0.430759	H@3 0.470166	H@5 0.488673	H@10 0.517549
INFO:meta-cli.py:Training finished
