./bin/meta-cli.py --train data/wn18rr/train.tsv --dev data/wn18rr/dev.tsv --test data/wn18rr/test.tsv -m complex -k 1000 -b 1000 -e 100 --F2 0 --N3 0.5 -l 0.1 -I reciprocal -V 3 -o adagrad -q
{'F2': 0.0,
 'N3': 0.5,
 'batch_size': 1000,
 'dev': 'data/wn18rr/dev.tsv',
 'embedding_size': 1000,
 'epochs': 100,
 'eval_batch_size': None,
 'input_type': 'reciprocal',
 'learning_rate': 0.1,
 'load': None,
 'model': 'complex',
 'optimizer': 'adagrad',
 'quiet': True,
 'save': None,
 'seed': 0,
 'test': 'data/wn18rr/test.tsv',
 'test_i': None,
 'test_ii': None,
 'train': 'data/wn18rr/train.tsv',
 'validate_every': 3}
INFO:meta-cli.py:Device: cuda
INFO:meta-cli.py:Model state:
INFO:meta-cli.py:	entities.weight	torch.Size([40943, 2000])
INFO:meta-cli.py:	predicates.weight	torch.Size([22, 2000])
INFO:meta-cli.py:Epoch 1/100	Loss 32.9549 ± 7.8113
INFO:meta-cli.py:Epoch 2/100	Loss 23.2395 ± 0.4094
INFO:meta-cli.py:Epoch 3/100	Loss 22.1271 ± 0.1132
INFO:meta-cli.py:Epoch 3/100	dev results	MRR 0.006096	H@1 0.000989	H@3 0.004120	H@5 0.007910	H@10 0.013019
INFO:meta-cli.py:Epoch 3/100	test results	MRR 0.006311	H@1 0.001117	H@3 0.004148	H@5 0.007179	H@10 0.015475
INFO:meta-cli.py:Epoch 4/100	Loss 21.7357 ± 0.0506
INFO:meta-cli.py:Epoch 5/100	Loss 21.5426 ± 0.0288
INFO:meta-cli.py:Epoch 6/100	Loss 21.4232 ± 0.0208
INFO:meta-cli.py:Epoch 6/100	dev results	MRR 0.030356	H@1 0.012854	H@3 0.029829	H@5 0.040211	H@10 0.064107
INFO:meta-cli.py:Epoch 6/100	test results	MRR 0.027856	H@1 0.010370	H@3 0.026962	H@5 0.038449	H@10 0.059509
INFO:meta-cli.py:Epoch 7/100	Loss 21.3287 ± 0.0188
INFO:meta-cli.py:Epoch 8/100	Loss 21.2281 ± 0.0176
INFO:meta-cli.py:Epoch 9/100	Loss 21.1179 ± 0.0173
INFO:meta-cli.py:Epoch 9/100	dev results	MRR 0.171521	H@1 0.101187	H@3 0.196111	H@5 0.247858	H@10 0.314766
INFO:meta-cli.py:Epoch 9/100	test results	MRR 0.167241	H@1 0.098437	H@3 0.184748	H@5 0.236120	H@10 0.315571
INFO:meta-cli.py:Epoch 10/100	Loss 21.0038 ± 0.0204
INFO:meta-cli.py:Epoch 11/100	Loss 20.8906 ± 0.0280
INFO:meta-cli.py:Epoch 12/100	Loss 20.7825 ± 0.0300
INFO:meta-cli.py:Epoch 12/100	dev results	MRR 0.200616	H@1 0.111074	H@3 0.236157	H@5 0.303560	H@10 0.391397
INFO:meta-cli.py:Epoch 12/100	test results	MRR 0.200449	H@1 0.111040	H@3 0.234205	H@5 0.299138	H@10 0.389917
INFO:meta-cli.py:Epoch 13/100	Loss 20.6798 ± 0.0365
INFO:meta-cli.py:Epoch 14/100	Loss 20.5870 ± 0.0426
INFO:meta-cli.py:Epoch 15/100	Loss 20.5082 ± 0.0501
INFO:meta-cli.py:Epoch 15/100	dev results	MRR 0.218177	H@1 0.117666	H@3 0.262854	H@5 0.333553	H@10 0.420732
INFO:meta-cli.py:Epoch 15/100	test results	MRR 0.215073	H@1 0.115029	H@3 0.260370	H@5 0.330887	H@10 0.425335
INFO:meta-cli.py:Epoch 16/100	Loss 20.4439 ± 0.0529
INFO:meta-cli.py:Epoch 17/100	Loss 20.3911 ± 0.0536
INFO:meta-cli.py:Epoch 18/100	Loss 20.3469 ± 0.0534
INFO:meta-cli.py:Epoch 18/100	dev results	MRR 0.231841	H@1 0.127225	H@3 0.282630	H@5 0.355636	H@10 0.437541
INFO:meta-cli.py:Epoch 18/100	test results	MRR 0.227630	H@1 0.119815	H@3 0.281270	H@5 0.354340	H@10 0.446235
INFO:meta-cli.py:Epoch 19/100	Loss 20.3090 ± 0.0602
INFO:meta-cli.py:Epoch 20/100	Loss 20.2752 ± 0.0633
INFO:meta-cli.py:Epoch 21/100	Loss 20.2449 ± 0.0602
INFO:meta-cli.py:Epoch 21/100	dev results	MRR 0.246592	H@1 0.140903	H@3 0.300264	H@5 0.369644	H@10 0.447759
INFO:meta-cli.py:Epoch 21/100	test results	MRR 0.245610	H@1 0.138481	H@3 0.298660	H@5 0.371729	H@10 0.457243
INFO:meta-cli.py:Epoch 22/100	Loss 20.2175 ± 0.0650
INFO:meta-cli.py:Epoch 23/100	Loss 20.1923 ± 0.0623
INFO:meta-cli.py:Epoch 24/100	Loss 20.1693 ± 0.0672
INFO:meta-cli.py:Epoch 24/100	dev results	MRR 0.274979	H@1 0.176994	H@3 0.319545	H@5 0.390079	H@10 0.461437
INFO:meta-cli.py:Epoch 24/100	test results	MRR 0.271951	H@1 0.170070	H@3 0.325463	H@5 0.392470	H@10 0.469687
INFO:meta-cli.py:Epoch 25/100	Loss 20.1478 ± 0.0630
INFO:meta-cli.py:Epoch 26/100	Loss 20.1286 ± 0.0679
INFO:meta-cli.py:Epoch 27/100	Loss 20.1108 ± 0.0649
INFO:meta-cli.py:Epoch 27/100	dev results	MRR 0.295396	H@1 0.203032	H@3 0.338662	H@5 0.399473	H@10 0.472479
INFO:meta-cli.py:Epoch 27/100	test results	MRR 0.293908	H@1 0.198309	H@3 0.341098	H@5 0.400925	H@10 0.481812
INFO:meta-cli.py:Epoch 28/100	Loss 20.0945 ± 0.0659
INFO:meta-cli.py:Epoch 29/100	Loss 20.0797 ± 0.0678
INFO:meta-cli.py:Epoch 30/100	Loss 20.0661 ± 0.0695
INFO:meta-cli.py:Epoch 30/100	dev results	MRR 0.311162	H@1 0.223632	H@3 0.352011	H@5 0.410679	H@10 0.480224
INFO:meta-cli.py:Epoch 30/100	test results	MRR 0.312104	H@1 0.222080	H@3 0.356414	H@5 0.413369	H@10 0.487077
INFO:meta-cli.py:Epoch 31/100	Loss 20.0531 ± 0.0759
INFO:meta-cli.py:Epoch 32/100	Loss 20.0404 ± 0.0659
INFO:meta-cli.py:Epoch 33/100	Loss 20.0281 ± 0.0691
INFO:meta-cli.py:Epoch 33/100	dev results	MRR 0.329303	H@1 0.247693	H@3 0.369150	H@5 0.419249	H@10 0.486651
INFO:meta-cli.py:Epoch 33/100	test results	MRR 0.328753	H@1 0.242183	H@3 0.373165	H@5 0.424378	H@10 0.495214
INFO:meta-cli.py:Epoch 34/100	Loss 20.0163 ± 0.0680
INFO:meta-cli.py:Epoch 35/100	Loss 20.0051 ± 0.0673
INFO:meta-cli.py:Epoch 36/100	Loss 19.9952 ± 0.0673
INFO:meta-cli.py:Epoch 36/100	dev results	MRR 0.345044	H@1 0.266974	H@3 0.383652	H@5 0.432103	H@10 0.491925
INFO:meta-cli.py:Epoch 36/100	test results	MRR 0.343817	H@1 0.262285	H@3 0.383216	H@5 0.433312	H@10 0.501595
INFO:meta-cli.py:Epoch 37/100	Loss 19.9854 ± 0.0676
INFO:meta-cli.py:Epoch 38/100	Loss 19.9757 ± 0.0702
INFO:meta-cli.py:Epoch 39/100	Loss 19.9656 ± 0.0728
INFO:meta-cli.py:Epoch 39/100	dev results	MRR 0.367218	H@1 0.296473	H@3 0.400956	H@5 0.443474	H@10 0.498846
INFO:meta-cli.py:Epoch 39/100	test results	MRR 0.363613	H@1 0.288768	H@3 0.399011	H@5 0.447511	H@10 0.507977
INFO:meta-cli.py:Epoch 40/100	Loss 19.9543 ± 0.0651
INFO:meta-cli.py:Epoch 41/100	Loss 19.9429 ± 0.0674
INFO:meta-cli.py:Epoch 42/100	Loss 19.9331 ± 0.0650
INFO:meta-cli.py:Epoch 42/100	dev results	MRR 0.383412	H@1 0.316744	H@3 0.414469	H@5 0.453032	H@10 0.506098
INFO:meta-cli.py:Epoch 42/100	test results	MRR 0.383012	H@1 0.314135	H@3 0.414486	H@5 0.456924	H@10 0.514837
INFO:meta-cli.py:Epoch 43/100	Loss 19.9251 ± 0.0705
INFO:meta-cli.py:Epoch 44/100	Loss 19.9175 ± 0.0711
INFO:meta-cli.py:Epoch 45/100	Loss 19.9109 ± 0.0621
INFO:meta-cli.py:Epoch 45/100	dev results	MRR 0.389709	H@1 0.324160	H@3 0.420897	H@5 0.458965	H@10 0.508075
INFO:meta-cli.py:Epoch 45/100	test results	MRR 0.389024	H@1 0.321315	H@3 0.419751	H@5 0.464103	H@10 0.518347
INFO:meta-cli.py:Epoch 46/100	Loss 19.9050 ± 0.0709
INFO:meta-cli.py:Epoch 47/100	Loss 19.9000 ± 0.0736
INFO:meta-cli.py:Epoch 48/100	Loss 19.8947 ± 0.0708
INFO:meta-cli.py:Epoch 48/100	dev results	MRR 0.391432	H@1 0.325313	H@3 0.424028	H@5 0.460943	H@10 0.509394
INFO:meta-cli.py:Epoch 48/100	test results	MRR 0.390216	H@1 0.322272	H@3 0.419432	H@5 0.464742	H@10 0.520740
INFO:meta-cli.py:Epoch 49/100	Loss 19.8900 ± 0.0634
INFO:meta-cli.py:Epoch 50/100	Loss 19.8856 ± 0.0699
INFO:meta-cli.py:Epoch 51/100	Loss 19.8813 ± 0.0683
INFO:meta-cli.py:Epoch 51/100	dev results	MRR 0.395019	H@1 0.329433	H@3 0.426500	H@5 0.462261	H@10 0.512525
INFO:meta-cli.py:Epoch 51/100	test results	MRR 0.393332	H@1 0.326260	H@3 0.421825	H@5 0.466816	H@10 0.522655
INFO:meta-cli.py:Epoch 52/100	Loss 19.8774 ± 0.0682
INFO:meta-cli.py:Epoch 53/100	Loss 19.8736 ± 0.0694
INFO:meta-cli.py:Epoch 54/100	Loss 19.8696 ± 0.0671
INFO:meta-cli.py:Epoch 54/100	dev results	MRR 0.396269	H@1 0.330422	H@3 0.428807	H@5 0.463909	H@10 0.512525
INFO:meta-cli.py:Epoch 54/100	test results	MRR 0.395105	H@1 0.328334	H@3 0.424378	H@5 0.465539	H@10 0.521219
INFO:meta-cli.py:Epoch 55/100	Loss 19.8660 ± 0.0627
INFO:meta-cli.py:Epoch 56/100	Loss 19.8626 ± 0.0600
INFO:meta-cli.py:Epoch 57/100	Loss 19.8594 ± 0.0642
INFO:meta-cli.py:Epoch 57/100	dev results	MRR 0.398137	H@1 0.332235	H@3 0.431279	H@5 0.463909	H@10 0.512690
INFO:meta-cli.py:Epoch 57/100	test results	MRR 0.394709	H@1 0.327218	H@3 0.425016	H@5 0.467454	H@10 0.521857
INFO:meta-cli.py:Epoch 58/100	Loss 19.8563 ± 0.0630
INFO:meta-cli.py:Epoch 59/100	Loss 19.8533 ± 0.0632
INFO:meta-cli.py:Epoch 60/100	Loss 19.8503 ± 0.0669
INFO:meta-cli.py:Epoch 60/100	dev results	MRR 0.399809	H@1 0.334542	H@3 0.431608	H@5 0.463415	H@10 0.514832
INFO:meta-cli.py:Epoch 60/100	test results	MRR 0.397806	H@1 0.332323	H@3 0.426452	H@5 0.467613	H@10 0.522017
INFO:meta-cli.py:Epoch 61/100	Loss 19.8473 ± 0.0656
INFO:meta-cli.py:Epoch 62/100	Loss 19.8445 ± 0.0618
INFO:meta-cli.py:Epoch 63/100	Loss 19.8418 ± 0.0630
INFO:meta-cli.py:Epoch 63/100	dev results	MRR 0.401212	H@1 0.337014	H@3 0.432432	H@5 0.465063	H@10 0.516150
INFO:meta-cli.py:Epoch 63/100	test results	MRR 0.398349	H@1 0.332163	H@3 0.427090	H@5 0.469368	H@10 0.524250
INFO:meta-cli.py:Epoch 64/100	Loss 19.8389 ± 0.0660
INFO:meta-cli.py:Epoch 65/100	Loss 19.8364 ± 0.0603
INFO:meta-cli.py:Epoch 66/100	Loss 19.8339 ± 0.0658
INFO:meta-cli.py:Epoch 66/100	dev results	MRR 0.402712	H@1 0.339651	H@3 0.431938	H@5 0.467535	H@10 0.516974
INFO:meta-cli.py:Epoch 66/100	test results	MRR 0.398891	H@1 0.332961	H@3 0.427250	H@5 0.468890	H@10 0.525367
INFO:meta-cli.py:Epoch 67/100	Loss 19.8317 ± 0.0666
INFO:meta-cli.py:Epoch 68/100	Loss 19.8291 ± 0.0669
INFO:meta-cli.py:Epoch 69/100	Loss 19.8271 ± 0.0683
INFO:meta-cli.py:Epoch 69/100	dev results	MRR 0.405383	H@1 0.343771	H@3 0.434410	H@5 0.468194	H@10 0.516480
INFO:meta-cli.py:Epoch 69/100	test results	MRR 0.399682	H@1 0.334078	H@3 0.428526	H@5 0.469528	H@10 0.523293
INFO:meta-cli.py:Epoch 70/100	Loss 19.8245 ± 0.0634
INFO:meta-cli.py:Epoch 71/100	Loss 19.8225 ± 0.0672
INFO:meta-cli.py:Epoch 72/100	Loss 19.8202 ± 0.0671
INFO:meta-cli.py:Epoch 72/100	dev results	MRR 0.404822	H@1 0.341134	H@3 0.436223	H@5 0.469677	H@10 0.518128
INFO:meta-cli.py:Epoch 72/100	test results	MRR 0.400293	H@1 0.335035	H@3 0.428526	H@5 0.470485	H@10 0.523452
INFO:meta-cli.py:Epoch 73/100	Loss 19.8179 ± 0.0595
INFO:meta-cli.py:Epoch 74/100	Loss 19.8159 ± 0.0679
INFO:meta-cli.py:Epoch 75/100	Loss 19.8137 ± 0.0638
INFO:meta-cli.py:Epoch 75/100	dev results	MRR 0.405348	H@1 0.341134	H@3 0.437376	H@5 0.470501	H@10 0.518622
INFO:meta-cli.py:Epoch 75/100	test results	MRR 0.401195	H@1 0.335195	H@3 0.430759	H@5 0.469528	H@10 0.526643
INFO:meta-cli.py:Epoch 76/100	Loss 19.8121 ± 0.0613
INFO:meta-cli.py:Epoch 77/100	Loss 19.8101 ± 0.0587
INFO:meta-cli.py:Epoch 78/100	Loss 19.8081 ± 0.0559
INFO:meta-cli.py:Epoch 78/100	dev results	MRR 0.407308	H@1 0.345583	H@3 0.436882	H@5 0.469018	H@10 0.517469
INFO:meta-cli.py:Epoch 78/100	test results	MRR 0.404378	H@1 0.340300	H@3 0.432195	H@5 0.472878	H@10 0.526324
INFO:meta-cli.py:Epoch 79/100	Loss 19.8064 ± 0.0587
INFO:meta-cli.py:Epoch 80/100	Loss 19.8045 ± 0.0619
INFO:meta-cli.py:Epoch 81/100	Loss 19.8025 ± 0.0672
INFO:meta-cli.py:Epoch 81/100	dev results	MRR 0.407767	H@1 0.345913	H@3 0.438200	H@5 0.470501	H@10 0.519776
INFO:meta-cli.py:Epoch 81/100	test results	MRR 0.403105	H@1 0.338226	H@3 0.430600	H@5 0.472240	H@10 0.526005
INFO:meta-cli.py:Epoch 82/100	Loss 19.8007 ± 0.0653
INFO:meta-cli.py:Epoch 83/100	Loss 19.7992 ± 0.0667
INFO:meta-cli.py:Epoch 84/100	Loss 19.7972 ± 0.0621
INFO:meta-cli.py:Epoch 84/100	dev results	MRR 0.409416	H@1 0.347231	H@3 0.439354	H@5 0.470831	H@10 0.519281
INFO:meta-cli.py:Epoch 84/100	test results	MRR 0.405099	H@1 0.340619	H@3 0.432833	H@5 0.473357	H@10 0.527441
INFO:meta-cli.py:Epoch 85/100	Loss 19.7957 ± 0.0597
INFO:meta-cli.py:Epoch 86/100	Loss 19.7942 ± 0.0643
INFO:meta-cli.py:Epoch 87/100	Loss 19.7926 ± 0.0635
INFO:meta-cli.py:Epoch 87/100	dev results	MRR 0.410969	H@1 0.350363	H@3 0.440178	H@5 0.473467	H@10 0.520435
INFO:meta-cli.py:Epoch 87/100	test results	MRR 0.406240	H@1 0.342374	H@3 0.434748	H@5 0.473357	H@10 0.526484
INFO:meta-cli.py:Epoch 88/100	Loss 19.7908 ± 0.0663
INFO:meta-cli.py:Epoch 89/100	Loss 19.7892 ± 0.0646
INFO:meta-cli.py:Epoch 90/100	Loss 19.7878 ± 0.0661
INFO:meta-cli.py:Epoch 90/100	dev results	MRR 0.410713	H@1 0.349374	H@3 0.440837	H@5 0.474291	H@10 0.520435
INFO:meta-cli.py:Epoch 90/100	test results	MRR 0.406851	H@1 0.342534	H@3 0.435227	H@5 0.471921	H@10 0.528079
INFO:meta-cli.py:Epoch 91/100	Loss 19.7861 ± 0.0599
INFO:meta-cli.py:Epoch 92/100	Loss 19.7844 ± 0.0696
INFO:meta-cli.py:Epoch 93/100	Loss 19.7828 ± 0.0590
INFO:meta-cli.py:Epoch 93/100	dev results	MRR 0.412410	H@1 0.351516	H@3 0.439848	H@5 0.474291	H@10 0.523566
INFO:meta-cli.py:Epoch 93/100	test results	MRR 0.407624	H@1 0.343012	H@3 0.436343	H@5 0.475271	H@10 0.529994
INFO:meta-cli.py:Epoch 94/100	Loss 19.7807 ± 0.0595
INFO:meta-cli.py:Epoch 95/100	Loss 19.7790 ± 0.0623
INFO:meta-cli.py:Epoch 96/100	Loss 19.7774 ± 0.0630
INFO:meta-cli.py:Epoch 96/100	dev results	MRR 0.413645	H@1 0.352011	H@3 0.443474	H@5 0.475445	H@10 0.523237
INFO:meta-cli.py:Epoch 96/100	test results	MRR 0.408799	H@1 0.344448	H@3 0.436503	H@5 0.477026	H@10 0.529834
INFO:meta-cli.py:Epoch 97/100	Loss 19.7755 ± 0.0616
INFO:meta-cli.py:Epoch 98/100	Loss 19.7738 ± 0.0607
INFO:meta-cli.py:Epoch 99/100	Loss 19.7720 ± 0.0660
INFO:meta-cli.py:Epoch 99/100	dev results	MRR 0.415028	H@1 0.353988	H@3 0.445122	H@5 0.476599	H@10 0.520435
INFO:meta-cli.py:Epoch 99/100	test results	MRR 0.410470	H@1 0.346682	H@3 0.439375	H@5 0.478462	H@10 0.531908
INFO:meta-cli.py:Epoch 100/100	Loss 19.7701 ± 0.0638
INFO:meta-cli.py:Final 	dev results	MRR 0.414815	H@1 0.353823	H@3 0.444298	H@5 0.475445	H@10 0.522907
INFO:meta-cli.py:Final 	test results	MRR 0.409514	H@1 0.343810	H@3 0.439694	H@5 0.478302	H@10 0.533663
INFO:meta-cli.py:Training finished
