./bin/meta-cli.py --train data/wn18rr/train.tsv --dev data/wn18rr/dev.tsv --test data/wn18rr/test.tsv -m complex -k 500 -b 500 -e 100 --F2 0 --N3 0.005 -l 0.1 -I reciprocal -V 3 -o adagrad -q
{'F2': 0.0,
 'N3': 0.005,
 'batch_size': 500,
 'dev': 'data/wn18rr/dev.tsv',
 'embedding_size': 500,
 'epochs': 100,
 'eval_batch_size': None,
 'input_type': 'reciprocal',
 'learning_rate': 0.1,
 'load': None,
 'model': 'complex',
 'optimizer': 'adagrad',
 'quiet': True,
 'save': None,
 'seed': 0,
 'test': 'data/wn18rr/test.tsv',
 'test_i': None,
 'test_ii': None,
 'train': 'data/wn18rr/train.tsv',
 'validate_every': 3}
INFO:meta-cli.py:Device: cuda
INFO:meta-cli.py:Model state:
INFO:meta-cli.py:	entities.weight	torch.Size([40943, 1000])
INFO:meta-cli.py:	predicates.weight	torch.Size([22, 1000])
INFO:meta-cli.py:Epoch 1/100	Loss 14.0776 ± 4.1352
INFO:meta-cli.py:Epoch 2/100	Loss 4.6784 ± 0.2446
INFO:meta-cli.py:Epoch 3/100	Loss 3.8774 ± 0.1096
INFO:meta-cli.py:Epoch 3/100	dev results	MRR 0.435787	H@1 0.414305	H@3 0.441496	H@5 0.456658	H@10 0.475775
INFO:meta-cli.py:Epoch 3/100	test results	MRR 0.432116	H@1 0.410338	H@3 0.439056	H@5 0.453733	H@10 0.476069
INFO:meta-cli.py:Epoch 4/100	Loss 3.6066 ± 0.1089
INFO:meta-cli.py:Epoch 5/100	Loss 3.4530 ± 0.1106
INFO:meta-cli.py:Epoch 6/100	Loss 3.3462 ± 0.1139
INFO:meta-cli.py:Epoch 6/100	dev results	MRR 0.442633	H@1 0.419413	H@3 0.448912	H@5 0.465887	H@10 0.488299
INFO:meta-cli.py:Epoch 6/100	test results	MRR 0.441068	H@1 0.418156	H@3 0.446873	H@5 0.464422	H@10 0.486758
INFO:meta-cli.py:Epoch 7/100	Loss 3.2667 ± 0.1135
INFO:meta-cli.py:Epoch 8/100	Loss 3.2027 ± 0.1222
INFO:meta-cli.py:Epoch 9/100	Loss 3.1518 ± 0.1117
INFO:meta-cli.py:Epoch 9/100	dev results	MRR 0.445786	H@1 0.422544	H@3 0.453527	H@5 0.469018	H@10 0.491101
INFO:meta-cli.py:Epoch 9/100	test results	MRR 0.445844	H@1 0.421825	H@3 0.452776	H@5 0.470485	H@10 0.495054
INFO:meta-cli.py:Epoch 10/100	Loss 3.1056 ± 0.1164
INFO:meta-cli.py:Epoch 11/100	Loss 3.0679 ± 0.1194
INFO:meta-cli.py:Epoch 12/100	Loss 3.0345 ± 0.1170
INFO:meta-cli.py:Epoch 12/100	dev results	MRR 0.447713	H@1 0.423863	H@3 0.454845	H@5 0.468853	H@10 0.495550
INFO:meta-cli.py:Epoch 12/100	test results	MRR 0.448423	H@1 0.423740	H@3 0.457084	H@5 0.472719	H@10 0.500000
INFO:meta-cli.py:Epoch 13/100	Loss 3.0048 ± 0.1140
INFO:meta-cli.py:Epoch 14/100	Loss 2.9799 ± 0.1150
INFO:meta-cli.py:Epoch 15/100	Loss 2.9558 ± 0.1199
INFO:meta-cli.py:Epoch 15/100	dev results	MRR 0.450185	H@1 0.425840	H@3 0.457647	H@5 0.473632	H@10 0.496539
INFO:meta-cli.py:Epoch 15/100	test results	MRR 0.451543	H@1 0.426930	H@3 0.460115	H@5 0.474633	H@10 0.500319
INFO:meta-cli.py:Epoch 16/100	Loss 2.9345 ± 0.1164
INFO:meta-cli.py:Epoch 17/100	Loss 2.9153 ± 0.1152
INFO:meta-cli.py:Epoch 18/100	Loss 2.8974 ± 0.1179
INFO:meta-cli.py:Epoch 18/100	dev results	MRR 0.451874	H@1 0.426994	H@3 0.459295	H@5 0.477587	H@10 0.501154
INFO:meta-cli.py:Epoch 18/100	test results	MRR 0.453196	H@1 0.428047	H@3 0.461072	H@5 0.478622	H@10 0.502234
INFO:meta-cli.py:Epoch 19/100	Loss 2.8817 ± 0.1101
INFO:meta-cli.py:Epoch 20/100	Loss 2.8660 ± 0.1120
INFO:meta-cli.py:Epoch 21/100	Loss 2.8519 ± 0.1091
INFO:meta-cli.py:Epoch 21/100	dev results	MRR 0.453057	H@1 0.427324	H@3 0.461931	H@5 0.477093	H@10 0.501978
INFO:meta-cli.py:Epoch 21/100	test results	MRR 0.454978	H@1 0.430121	H@3 0.463146	H@5 0.477186	H@10 0.504148
INFO:meta-cli.py:Epoch 22/100	Loss 2.8389 ± 0.1158
INFO:meta-cli.py:Epoch 23/100	Loss 2.8273 ± 0.1117
INFO:meta-cli.py:Epoch 24/100	Loss 2.8166 ± 0.1147
INFO:meta-cli.py:Epoch 24/100	dev results	MRR 0.453459	H@1 0.427653	H@3 0.462426	H@5 0.478576	H@10 0.502142
INFO:meta-cli.py:Epoch 24/100	test results	MRR 0.455332	H@1 0.430121	H@3 0.462668	H@5 0.481015	H@10 0.504467
INFO:meta-cli.py:Epoch 25/100	Loss 2.8048 ± 0.1103
INFO:meta-cli.py:Epoch 26/100	Loss 2.7945 ± 0.1097
INFO:meta-cli.py:Epoch 27/100	Loss 2.7859 ± 0.1043
INFO:meta-cli.py:Epoch 27/100	dev results	MRR 0.455099	H@1 0.429136	H@3 0.464403	H@5 0.479730	H@10 0.503131
INFO:meta-cli.py:Epoch 27/100	test results	MRR 0.456453	H@1 0.430919	H@3 0.464582	H@5 0.481972	H@10 0.506701
INFO:meta-cli.py:Epoch 28/100	Loss 2.7766 ± 0.1116
INFO:meta-cli.py:Epoch 29/100	Loss 2.7682 ± 0.1129
INFO:meta-cli.py:Epoch 30/100	Loss 2.7606 ± 0.1016
INFO:meta-cli.py:Epoch 30/100	dev results	MRR 0.456466	H@1 0.430784	H@3 0.465722	H@5 0.479235	H@10 0.504120
INFO:meta-cli.py:Epoch 30/100	test results	MRR 0.457675	H@1 0.432674	H@3 0.465220	H@5 0.482291	H@10 0.507977
INFO:meta-cli.py:Epoch 31/100	Loss 2.7531 ± 0.1124
INFO:meta-cli.py:Epoch 32/100	Loss 2.7452 ± 0.1092
INFO:meta-cli.py:Epoch 33/100	Loss 2.7386 ± 0.1052
INFO:meta-cli.py:Epoch 33/100	dev results	MRR 0.457043	H@1 0.430784	H@3 0.465887	H@5 0.480719	H@10 0.505768
INFO:meta-cli.py:Epoch 33/100	test results	MRR 0.457435	H@1 0.431078	H@3 0.464901	H@5 0.482929	H@10 0.511487
INFO:meta-cli.py:Epoch 34/100	Loss 2.7318 ± 0.1095
INFO:meta-cli.py:Epoch 35/100	Loss 2.7258 ± 0.1028
INFO:meta-cli.py:Epoch 36/100	Loss 2.7194 ± 0.1031
INFO:meta-cli.py:Epoch 36/100	dev results	MRR 0.456824	H@1 0.430455	H@3 0.467205	H@5 0.480389	H@10 0.505768
INFO:meta-cli.py:Epoch 36/100	test results	MRR 0.458612	H@1 0.432036	H@3 0.467613	H@5 0.484365	H@10 0.511806
INFO:meta-cli.py:Epoch 37/100	Loss 2.7141 ± 0.1081
INFO:meta-cli.py:Epoch 38/100	Loss 2.7081 ± 0.1062
INFO:meta-cli.py:Epoch 39/100	Loss 2.7028 ± 0.1073
INFO:meta-cli.py:Epoch 39/100	dev results	MRR 0.457120	H@1 0.430620	H@3 0.465063	H@5 0.481213	H@10 0.506757
INFO:meta-cli.py:Epoch 39/100	test results	MRR 0.459064	H@1 0.432674	H@3 0.466816	H@5 0.484205	H@10 0.512923
INFO:meta-cli.py:Epoch 40/100	Loss 2.6979 ± 0.0987
INFO:meta-cli.py:Epoch 41/100	Loss 2.6932 ± 0.1018
INFO:meta-cli.py:Epoch 42/100	Loss 2.6885 ± 0.1090
INFO:meta-cli.py:Epoch 42/100	dev results	MRR 0.458086	H@1 0.431444	H@3 0.466875	H@5 0.482696	H@10 0.509064
INFO:meta-cli.py:Epoch 42/100	test results	MRR 0.459782	H@1 0.432674	H@3 0.469847	H@5 0.485801	H@10 0.513720
INFO:meta-cli.py:Epoch 43/100	Loss 2.6841 ± 0.1103
INFO:meta-cli.py:Epoch 44/100	Loss 2.6793 ± 0.0990
INFO:meta-cli.py:Epoch 45/100	Loss 2.6742 ± 0.0992
INFO:meta-cli.py:Epoch 45/100	dev results	MRR 0.458877	H@1 0.432762	H@3 0.467864	H@5 0.483191	H@10 0.508075
INFO:meta-cli.py:Epoch 45/100	test results	MRR 0.460132	H@1 0.432993	H@3 0.467613	H@5 0.487556	H@10 0.514199
INFO:meta-cli.py:Epoch 46/100	Loss 2.6710 ± 0.1049
INFO:meta-cli.py:Epoch 47/100	Loss 2.6667 ± 0.1056
INFO:meta-cli.py:Epoch 48/100	Loss 2.6628 ± 0.1024
INFO:meta-cli.py:Epoch 48/100	dev results	MRR 0.459429	H@1 0.432762	H@3 0.468688	H@5 0.483685	H@10 0.510053
INFO:meta-cli.py:Epoch 48/100	test results	MRR 0.460441	H@1 0.433472	H@3 0.468411	H@5 0.487875	H@10 0.515475
INFO:meta-cli.py:Epoch 49/100	Loss 2.6591 ± 0.1034
INFO:meta-cli.py:Epoch 50/100	Loss 2.6557 ± 0.1015
INFO:meta-cli.py:Epoch 51/100	Loss 2.6517 ± 0.0988
INFO:meta-cli.py:Epoch 51/100	dev results	MRR 0.459875	H@1 0.433586	H@3 0.469183	H@5 0.483850	H@10 0.510547
INFO:meta-cli.py:Epoch 51/100	test results	MRR 0.459969	H@1 0.432355	H@3 0.468092	H@5 0.487077	H@10 0.516114
INFO:meta-cli.py:Epoch 52/100	Loss 2.6488 ± 0.0924
INFO:meta-cli.py:Epoch 53/100	Loss 2.6457 ± 0.0968
INFO:meta-cli.py:Epoch 54/100	Loss 2.6419 ± 0.1014
INFO:meta-cli.py:Epoch 54/100	dev results	MRR 0.459778	H@1 0.433256	H@3 0.468523	H@5 0.483685	H@10 0.510053
INFO:meta-cli.py:Epoch 54/100	test results	MRR 0.461030	H@1 0.433153	H@3 0.470006	H@5 0.488354	H@10 0.516592
INFO:meta-cli.py:Epoch 55/100	Loss 2.6389 ± 0.0999
INFO:meta-cli.py:Epoch 56/100	Loss 2.6364 ± 0.0987
INFO:meta-cli.py:Epoch 57/100	Loss 2.6326 ± 0.0924
INFO:meta-cli.py:Epoch 57/100	dev results	MRR 0.459949	H@1 0.433586	H@3 0.467699	H@5 0.483685	H@10 0.511536
INFO:meta-cli.py:Epoch 57/100	test results	MRR 0.461693	H@1 0.433950	H@3 0.470006	H@5 0.489311	H@10 0.517390
INFO:meta-cli.py:Epoch 58/100	Loss 2.6303 ± 0.0993
INFO:meta-cli.py:Epoch 59/100	Loss 2.6273 ± 0.0963
INFO:meta-cli.py:Epoch 60/100	Loss 2.6248 ± 0.0981
INFO:meta-cli.py:Epoch 60/100	dev results	MRR 0.460559	H@1 0.433421	H@3 0.469512	H@5 0.485992	H@10 0.511371
INFO:meta-cli.py:Epoch 60/100	test results	MRR 0.461160	H@1 0.432833	H@3 0.470804	H@5 0.490108	H@10 0.516911
INFO:meta-cli.py:Epoch 61/100	Loss 2.6224 ± 0.0957
INFO:meta-cli.py:Epoch 62/100	Loss 2.6199 ± 0.0957
INFO:meta-cli.py:Epoch 63/100	Loss 2.6174 ± 0.1000
INFO:meta-cli.py:Epoch 63/100	dev results	MRR 0.461376	H@1 0.434740	H@3 0.471325	H@5 0.485662	H@10 0.511536
INFO:meta-cli.py:Epoch 63/100	test results	MRR 0.461348	H@1 0.432833	H@3 0.470964	H@5 0.490587	H@10 0.516592
INFO:meta-cli.py:Epoch 64/100	Loss 2.6146 ± 0.0949
INFO:meta-cli.py:Epoch 65/100	Loss 2.6122 ± 0.1018
INFO:meta-cli.py:Epoch 66/100	Loss 2.6097 ± 0.0958
INFO:meta-cli.py:Epoch 66/100	dev results	MRR 0.460894	H@1 0.434080	H@3 0.469512	H@5 0.487310	H@10 0.514997
INFO:meta-cli.py:Epoch 66/100	test results	MRR 0.461425	H@1 0.432514	H@3 0.470964	H@5 0.491066	H@10 0.518188
INFO:meta-cli.py:Epoch 67/100	Loss 2.6075 ± 0.0963
INFO:meta-cli.py:Epoch 68/100	Loss 2.6054 ± 0.1006
INFO:meta-cli.py:Epoch 69/100	Loss 2.6031 ± 0.0965
INFO:meta-cli.py:Epoch 69/100	dev results	MRR 0.461606	H@1 0.434740	H@3 0.470007	H@5 0.487146	H@10 0.512854
INFO:meta-cli.py:Epoch 69/100	test results	MRR 0.462628	H@1 0.434110	H@3 0.472559	H@5 0.491863	H@10 0.518826
INFO:meta-cli.py:Epoch 70/100	Loss 2.6013 ± 0.0948
INFO:meta-cli.py:Epoch 71/100	Loss 2.5991 ± 0.0963
INFO:meta-cli.py:Epoch 72/100	Loss 2.5970 ± 0.0924
INFO:meta-cli.py:Epoch 72/100	dev results	MRR 0.462371	H@1 0.435234	H@3 0.471325	H@5 0.489453	H@10 0.514173
INFO:meta-cli.py:Epoch 72/100	test results	MRR 0.462444	H@1 0.433631	H@3 0.471602	H@5 0.492980	H@10 0.519464
INFO:meta-cli.py:Epoch 73/100	Loss 2.5951 ± 0.0942
INFO:meta-cli.py:Epoch 74/100	Loss 2.5932 ± 0.0990
INFO:meta-cli.py:Epoch 75/100	Loss 2.5913 ± 0.0976
INFO:meta-cli.py:Epoch 75/100	dev results	MRR 0.461754	H@1 0.434245	H@3 0.470501	H@5 0.488794	H@10 0.515656
INFO:meta-cli.py:Epoch 75/100	test results	MRR 0.463158	H@1 0.434269	H@3 0.473516	H@5 0.492183	H@10 0.520262
INFO:meta-cli.py:Epoch 76/100	Loss 2.5896 ± 0.0930
INFO:meta-cli.py:Epoch 77/100	Loss 2.5873 ± 0.0897
INFO:meta-cli.py:Epoch 78/100	Loss 2.5860 ± 0.0890
INFO:meta-cli.py:Epoch 78/100	dev results	MRR 0.462023	H@1 0.434410	H@3 0.470831	H@5 0.489782	H@10 0.516150
INFO:meta-cli.py:Epoch 78/100	test results	MRR 0.462737	H@1 0.433631	H@3 0.472878	H@5 0.493299	H@10 0.519623
INFO:meta-cli.py:Epoch 79/100	Loss 2.5840 ± 0.0962
INFO:meta-cli.py:Epoch 80/100	Loss 2.5822 ± 0.0889
INFO:meta-cli.py:Epoch 81/100	Loss 2.5803 ± 0.0966
INFO:meta-cli.py:Epoch 81/100	dev results	MRR 0.461659	H@1 0.433586	H@3 0.470666	H@5 0.489123	H@10 0.517469
INFO:meta-cli.py:Epoch 81/100	test results	MRR 0.462614	H@1 0.432514	H@3 0.473676	H@5 0.494257	H@10 0.521698
INFO:meta-cli.py:Epoch 82/100	Loss 2.5785 ± 0.0958
INFO:meta-cli.py:Epoch 83/100	Loss 2.5772 ± 0.0932
INFO:meta-cli.py:Epoch 84/100	Loss 2.5754 ± 0.0953
INFO:meta-cli.py:Epoch 84/100	dev results	MRR 0.461882	H@1 0.433751	H@3 0.470666	H@5 0.491266	H@10 0.517469
INFO:meta-cli.py:Epoch 84/100	test results	MRR 0.463354	H@1 0.433312	H@3 0.474952	H@5 0.494097	H@10 0.520740
INFO:meta-cli.py:Epoch 85/100	Loss 2.5738 ± 0.0913
INFO:meta-cli.py:Epoch 86/100	Loss 2.5726 ± 0.0937
INFO:meta-cli.py:Epoch 87/100	Loss 2.5707 ± 0.0916
INFO:meta-cli.py:Epoch 87/100	dev results	MRR 0.462413	H@1 0.434410	H@3 0.470995	H@5 0.489453	H@10 0.519446
INFO:meta-cli.py:Epoch 87/100	test results	MRR 0.463995	H@1 0.433791	H@3 0.475431	H@5 0.494735	H@10 0.521378
INFO:meta-cli.py:Epoch 88/100	Loss 2.5693 ± 0.0967
INFO:meta-cli.py:Epoch 89/100	Loss 2.5676 ± 0.0913
INFO:meta-cli.py:Epoch 90/100	Loss 2.5666 ± 0.0911
INFO:meta-cli.py:Epoch 90/100	dev results	MRR 0.462495	H@1 0.434740	H@3 0.470501	H@5 0.490112	H@10 0.518457
INFO:meta-cli.py:Epoch 90/100	test results	MRR 0.464200	H@1 0.434110	H@3 0.475431	H@5 0.495692	H@10 0.521698
INFO:meta-cli.py:Epoch 91/100	Loss 2.5651 ± 0.0925
INFO:meta-cli.py:Epoch 92/100	Loss 2.5637 ± 0.0946
INFO:meta-cli.py:Epoch 93/100	Loss 2.5626 ± 0.0874
INFO:meta-cli.py:Epoch 93/100	dev results	MRR 0.462293	H@1 0.433586	H@3 0.471655	H@5 0.492090	H@10 0.517798
INFO:meta-cli.py:Epoch 93/100	test results	MRR 0.464555	H@1 0.434429	H@3 0.475431	H@5 0.495692	H@10 0.522814
INFO:meta-cli.py:Epoch 94/100	Loss 2.5612 ± 0.0895
INFO:meta-cli.py:Epoch 95/100	Loss 2.5596 ± 0.0948
INFO:meta-cli.py:Epoch 96/100	Loss 2.5581 ± 0.0924
INFO:meta-cli.py:Epoch 96/100	dev results	MRR 0.462698	H@1 0.434245	H@3 0.471984	H@5 0.491760	H@10 0.518457
INFO:meta-cli.py:Epoch 96/100	test results	MRR 0.464890	H@1 0.434748	H@3 0.476707	H@5 0.496171	H@10 0.522814
INFO:meta-cli.py:Epoch 97/100	Loss 2.5572 ± 0.0934
INFO:meta-cli.py:Epoch 98/100	Loss 2.5557 ± 0.0991
INFO:meta-cli.py:Epoch 99/100	Loss 2.5546 ± 0.0902
INFO:meta-cli.py:Epoch 99/100	dev results	MRR 0.462734	H@1 0.434080	H@3 0.471655	H@5 0.491595	H@10 0.519281
INFO:meta-cli.py:Epoch 99/100	test results	MRR 0.464233	H@1 0.433153	H@3 0.477345	H@5 0.496650	H@10 0.523612
INFO:meta-cli.py:Epoch 100/100	Loss 2.5532 ± 0.0919
INFO:meta-cli.py:Final 	dev results	MRR 0.462723	H@1 0.434080	H@3 0.471819	H@5 0.490936	H@10 0.519281
INFO:meta-cli.py:Final 	test results	MRR 0.464549	H@1 0.433791	H@3 0.476228	H@5 0.497607	H@10 0.522814
INFO:meta-cli.py:Training finished
