./bin/meta-cli.py --train data/wn18rr/train.tsv --dev data/wn18rr/dev.tsv --test data/wn18rr/test.tsv -m complex -k 4000 -b 100 -e 100 --F2 0.01 --N3 0 -l 0.1 -I reciprocal -V 3 -o adagrad -q
{'F2': 0.01,
 'N3': 0.0,
 'batch_size': 100,
 'dev': 'data/wn18rr/dev.tsv',
 'embedding_size': 4000,
 'epochs': 100,
 'eval_batch_size': None,
 'input_type': 'reciprocal',
 'learning_rate': 0.1,
 'load': None,
 'model': 'complex',
 'optimizer': 'adagrad',
 'quiet': True,
 'save': None,
 'seed': 0,
 'test': 'data/wn18rr/test.tsv',
 'test_i': None,
 'test_ii': None,
 'train': 'data/wn18rr/train.tsv',
 'validate_every': 3}
INFO:meta-cli.py:Device: cuda
INFO:meta-cli.py:Model state:
INFO:meta-cli.py:	entities.weight	torch.Size([40943, 8000])
INFO:meta-cli.py:	predicates.weight	torch.Size([22, 8000])
INFO:meta-cli.py:Epoch 1/100	Loss 18.1452 ± 3.7496
INFO:meta-cli.py:Epoch 2/100	Loss 8.7741 ± 0.4979
INFO:meta-cli.py:Epoch 3/100	Loss 7.3076 ± 0.2135
INFO:meta-cli.py:Epoch 3/100	dev results	MRR 0.439349	H@1 0.411833	H@3 0.448253	H@5 0.466875	H@10 0.491760
INFO:meta-cli.py:Epoch 3/100	test results	MRR 0.437741	H@1 0.411136	H@3 0.445278	H@5 0.464582	H@10 0.488673
INFO:meta-cli.py:Epoch 4/100	Loss 6.6614 ± 0.1803
INFO:meta-cli.py:Epoch 5/100	Loss 6.2490 ± 0.1703
INFO:meta-cli.py:Epoch 6/100	Loss 5.9459 ± 0.1671
INFO:meta-cli.py:Epoch 6/100	dev results	MRR 0.450774	H@1 0.421885	H@3 0.460448	H@5 0.479071	H@10 0.505438
INFO:meta-cli.py:Epoch 6/100	test results	MRR 0.449700	H@1 0.421187	H@3 0.459477	H@5 0.477345	H@10 0.505105
INFO:meta-cli.py:Epoch 7/100	Loss 5.7098 ± 0.1663
INFO:meta-cli.py:Epoch 8/100	Loss 5.5171 ± 0.1697
INFO:meta-cli.py:Epoch 9/100	Loss 5.3566 ± 0.1621
INFO:meta-cli.py:Epoch 9/100	dev results	MRR 0.452127	H@1 0.421885	H@3 0.463250	H@5 0.482696	H@10 0.510877
INFO:meta-cli.py:Epoch 9/100	test results	MRR 0.453326	H@1 0.422463	H@3 0.466018	H@5 0.484046	H@10 0.512604
INFO:meta-cli.py:Epoch 10/100	Loss 5.2169 ± 0.1643
INFO:meta-cli.py:Epoch 11/100	Loss 5.0985 ± 0.1686
INFO:meta-cli.py:Epoch 12/100	Loss 4.9934 ± 0.1692
INFO:meta-cli.py:Epoch 12/100	dev results	MRR 0.454922	H@1 0.424192	H@3 0.466216	H@5 0.485168	H@10 0.513349
INFO:meta-cli.py:Epoch 12/100	test results	MRR 0.456791	H@1 0.425814	H@3 0.468092	H@5 0.488832	H@10 0.517230
INFO:meta-cli.py:Epoch 13/100	Loss 4.9002 ± 0.1647
INFO:meta-cli.py:Epoch 14/100	Loss 4.8171 ± 0.1659
INFO:meta-cli.py:Epoch 15/100	Loss 4.7415 ± 0.1702
INFO:meta-cli.py:Epoch 15/100	dev results	MRR 0.456425	H@1 0.425511	H@3 0.466546	H@5 0.488299	H@10 0.515326
INFO:meta-cli.py:Epoch 15/100	test results	MRR 0.458614	H@1 0.426452	H@3 0.471123	H@5 0.492183	H@10 0.522176
INFO:meta-cli.py:Epoch 16/100	Loss 4.6724 ± 0.1639
INFO:meta-cli.py:Epoch 17/100	Loss 4.6102 ± 0.1644
INFO:meta-cli.py:Epoch 18/100	Loss 4.5520 ± 0.1714
INFO:meta-cli.py:Epoch 18/100	dev results	MRR 0.456513	H@1 0.424522	H@3 0.467370	H@5 0.488794	H@10 0.516315
INFO:meta-cli.py:Epoch 18/100	test results	MRR 0.459448	H@1 0.426771	H@3 0.473357	H@5 0.494576	H@10 0.522974
INFO:meta-cli.py:Epoch 19/100	Loss 4.4995 ± 0.1616
INFO:meta-cli.py:Epoch 20/100	Loss 4.4496 ± 0.1656
INFO:meta-cli.py:Epoch 21/100	Loss 4.4034 ± 0.1629
INFO:meta-cli.py:Epoch 21/100	dev results	MRR 0.457802	H@1 0.426005	H@3 0.468688	H@5 0.487475	H@10 0.519611
INFO:meta-cli.py:Epoch 21/100	test results	MRR 0.459997	H@1 0.427409	H@3 0.473835	H@5 0.494257	H@10 0.524091
INFO:meta-cli.py:Epoch 22/100	Loss 4.3608 ± 0.1687
INFO:meta-cli.py:Epoch 23/100	Loss 4.3206 ± 0.1649
INFO:meta-cli.py:Epoch 24/100	Loss 4.2833 ± 0.1667
INFO:meta-cli.py:Epoch 24/100	dev results	MRR 0.457765	H@1 0.426994	H@3 0.466875	H@5 0.488629	H@10 0.517633
INFO:meta-cli.py:Epoch 24/100	test results	MRR 0.459774	H@1 0.426611	H@3 0.473516	H@5 0.495373	H@10 0.524250
INFO:meta-cli.py:Epoch 25/100	Loss 4.2471 ± 0.1675
INFO:meta-cli.py:Epoch 26/100	Loss 4.2137 ± 0.1635
INFO:meta-cli.py:Epoch 27/100	Loss 4.1821 ± 0.1603
INFO:meta-cli.py:Epoch 27/100	dev results	MRR 0.457859	H@1 0.425840	H@3 0.468359	H@5 0.489123	H@10 0.519281
INFO:meta-cli.py:Epoch 27/100	test results	MRR 0.461218	H@1 0.428845	H@3 0.473197	H@5 0.496171	H@10 0.523612
INFO:meta-cli.py:Epoch 28/100	Loss 4.1523 ± 0.1654
INFO:meta-cli.py:Epoch 29/100	Loss 4.1240 ± 0.1678
INFO:meta-cli.py:Epoch 30/100	Loss 4.0970 ± 0.1616
INFO:meta-cli.py:Epoch 30/100	dev results	MRR 0.457949	H@1 0.426829	H@3 0.466875	H@5 0.488464	H@10 0.518457
INFO:meta-cli.py:Epoch 30/100	test results	MRR 0.460150	H@1 0.427888	H@3 0.473197	H@5 0.493459	H@10 0.522814
INFO:meta-cli.py:Epoch 31/100	Loss 4.0709 ± 0.1659
INFO:meta-cli.py:Epoch 32/100	Loss 4.0465 ± 0.1670
INFO:meta-cli.py:Epoch 33/100	Loss 4.0230 ± 0.1628
INFO:meta-cli.py:Epoch 33/100	dev results	MRR 0.457118	H@1 0.425676	H@3 0.467370	H@5 0.489288	H@10 0.519611
INFO:meta-cli.py:Epoch 33/100	test results	MRR 0.459487	H@1 0.426133	H@3 0.473835	H@5 0.494735	H@10 0.523612
INFO:meta-cli.py:Epoch 34/100	Loss 4.0005 ± 0.1648
INFO:meta-cli.py:Epoch 35/100	Loss 3.9794 ± 0.1609
INFO:meta-cli.py:Epoch 36/100	Loss 3.9585 ± 0.1648
INFO:meta-cli.py:Epoch 36/100	dev results	MRR 0.457273	H@1 0.426335	H@3 0.467040	H@5 0.488464	H@10 0.518128
INFO:meta-cli.py:Epoch 36/100	test results	MRR 0.458887	H@1 0.425495	H@3 0.472878	H@5 0.495533	H@10 0.522336
INFO:meta-cli.py:Epoch 37/100	Loss 3.9391 ± 0.1631
INFO:meta-cli.py:Epoch 38/100	Loss 3.9199 ± 0.1611
INFO:meta-cli.py:Epoch 39/100	Loss 3.9019 ± 0.1623
INFO:meta-cli.py:Epoch 39/100	dev results	MRR 0.456435	H@1 0.425181	H@3 0.466381	H@5 0.489123	H@10 0.517633
INFO:meta-cli.py:Epoch 39/100	test results	MRR 0.457941	H@1 0.424378	H@3 0.472080	H@5 0.494257	H@10 0.520581
INFO:meta-cli.py:Epoch 40/100	Loss 3.8842 ± 0.1597
INFO:meta-cli.py:Epoch 41/100	Loss 3.8673 ± 0.1639
INFO:meta-cli.py:Epoch 42/100	Loss 3.8511 ± 0.1681
INFO:meta-cli.py:Epoch 42/100	dev results	MRR 0.455897	H@1 0.425346	H@3 0.466216	H@5 0.489288	H@10 0.517798
INFO:meta-cli.py:Epoch 42/100	test results	MRR 0.457592	H@1 0.423421	H@3 0.473357	H@5 0.494576	H@10 0.522017
INFO:meta-cli.py:Epoch 43/100	Loss 3.8354 ± 0.1644
INFO:meta-cli.py:Epoch 44/100	Loss 3.8202 ± 0.1613
INFO:meta-cli.py:Epoch 45/100	Loss 3.8051 ± 0.1587
INFO:meta-cli.py:Epoch 45/100	dev results	MRR 0.455776	H@1 0.424522	H@3 0.464239	H@5 0.489947	H@10 0.517469
INFO:meta-cli.py:Epoch 45/100	test results	MRR 0.457589	H@1 0.423740	H@3 0.473038	H@5 0.493299	H@10 0.520102
INFO:meta-cli.py:Epoch 46/100	Loss 3.7913 ± 0.1592
INFO:meta-cli.py:Epoch 47/100	Loss 3.7778 ± 0.1611
INFO:meta-cli.py:Epoch 48/100	Loss 3.7645 ± 0.1641
INFO:meta-cli.py:Epoch 48/100	dev results	MRR 0.455233	H@1 0.423863	H@3 0.465392	H@5 0.488958	H@10 0.516480
INFO:meta-cli.py:Epoch 48/100	test results	MRR 0.456837	H@1 0.423101	H@3 0.471123	H@5 0.492183	H@10 0.519623
INFO:meta-cli.py:Epoch 49/100	Loss 3.7515 ± 0.1647
INFO:meta-cli.py:Epoch 50/100	Loss 3.7392 ± 0.1561
INFO:meta-cli.py:Epoch 51/100	Loss 3.7268 ± 0.1636
INFO:meta-cli.py:Epoch 51/100	dev results	MRR 0.455111	H@1 0.424852	H@3 0.464403	H@5 0.488134	H@10 0.515162
INFO:meta-cli.py:Epoch 51/100	test results	MRR 0.456135	H@1 0.421825	H@3 0.471761	H@5 0.491385	H@10 0.520262
INFO:meta-cli.py:Epoch 52/100	Loss 3.7153 ± 0.1565
INFO:meta-cli.py:Epoch 53/100	Loss 3.7039 ± 0.1583
INFO:meta-cli.py:Epoch 54/100	Loss nan ± nan
INFO:meta-cli.py:Epoch 54/100	dev results	MRR 0.000634	H@1 0.000165	H@3 0.000659	H@5 0.000989	H@10 0.000989
INFO:meta-cli.py:Epoch 54/100	test results	MRR 0.000383	H@1 0.000160	H@3 0.000160	H@5 0.000160	H@10 0.000160
INFO:meta-cli.py:Epoch 55/100	Loss nan ± nan
INFO:meta-cli.py:Epoch 56/100	Loss nan ± nan
INFO:meta-cli.py:Epoch 57/100	Loss nan ± nan
INFO:meta-cli.py:Epoch 57/100	dev results	MRR 0.000634	H@1 0.000165	H@3 0.000659	H@5 0.000989	H@10 0.000989
INFO:meta-cli.py:Epoch 57/100	test results	MRR 0.000383	H@1 0.000160	H@3 0.000160	H@5 0.000160	H@10 0.000160
INFO:meta-cli.py:Epoch 58/100	Loss nan ± nan
INFO:meta-cli.py:Epoch 59/100	Loss nan ± nan
INFO:meta-cli.py:Epoch 60/100	Loss nan ± nan
INFO:meta-cli.py:Epoch 60/100	dev results	MRR 0.000634	H@1 0.000165	H@3 0.000659	H@5 0.000989	H@10 0.000989
INFO:meta-cli.py:Epoch 60/100	test results	MRR 0.000383	H@1 0.000160	H@3 0.000160	H@5 0.000160	H@10 0.000160
INFO:meta-cli.py:Epoch 61/100	Loss nan ± nan
INFO:meta-cli.py:Epoch 62/100	Loss nan ± nan
INFO:meta-cli.py:Epoch 63/100	Loss nan ± nan
INFO:meta-cli.py:Epoch 63/100	dev results	MRR 0.000634	H@1 0.000165	H@3 0.000659	H@5 0.000989	H@10 0.000989
INFO:meta-cli.py:Epoch 63/100	test results	MRR 0.000383	H@1 0.000160	H@3 0.000160	H@5 0.000160	H@10 0.000160
INFO:meta-cli.py:Epoch 64/100	Loss nan ± nan
INFO:meta-cli.py:Epoch 65/100	Loss nan ± nan
INFO:meta-cli.py:Epoch 66/100	Loss nan ± nan
INFO:meta-cli.py:Epoch 66/100	dev results	MRR 0.000634	H@1 0.000165	H@3 0.000659	H@5 0.000989	H@10 0.000989
INFO:meta-cli.py:Epoch 66/100	test results	MRR 0.000383	H@1 0.000160	H@3 0.000160	H@5 0.000160	H@10 0.000160
INFO:meta-cli.py:Epoch 67/100	Loss nan ± nan
INFO:meta-cli.py:Epoch 68/100	Loss nan ± nan
INFO:meta-cli.py:Epoch 69/100	Loss nan ± nan
INFO:meta-cli.py:Epoch 69/100	dev results	MRR 0.000634	H@1 0.000165	H@3 0.000659	H@5 0.000989	H@10 0.000989
INFO:meta-cli.py:Epoch 69/100	test results	MRR 0.000383	H@1 0.000160	H@3 0.000160	H@5 0.000160	H@10 0.000160
INFO:meta-cli.py:Epoch 70/100	Loss nan ± nan
INFO:meta-cli.py:Epoch 71/100	Loss nan ± nan
INFO:meta-cli.py:Epoch 72/100	Loss nan ± nan
INFO:meta-cli.py:Epoch 72/100	dev results	MRR 0.000634	H@1 0.000165	H@3 0.000659	H@5 0.000989	H@10 0.000989
INFO:meta-cli.py:Epoch 72/100	test results	MRR 0.000383	H@1 0.000160	H@3 0.000160	H@5 0.000160	H@10 0.000160
INFO:meta-cli.py:Epoch 73/100	Loss nan ± nan
INFO:meta-cli.py:Epoch 74/100	Loss nan ± nan
INFO:meta-cli.py:Epoch 75/100	Loss nan ± nan
INFO:meta-cli.py:Epoch 75/100	dev results	MRR 0.000634	H@1 0.000165	H@3 0.000659	H@5 0.000989	H@10 0.000989
INFO:meta-cli.py:Epoch 75/100	test results	MRR 0.000383	H@1 0.000160	H@3 0.000160	H@5 0.000160	H@10 0.000160
INFO:meta-cli.py:Epoch 76/100	Loss nan ± nan
INFO:meta-cli.py:Epoch 77/100	Loss nan ± nan
INFO:meta-cli.py:Epoch 78/100	Loss nan ± nan
INFO:meta-cli.py:Epoch 78/100	dev results	MRR 0.000634	H@1 0.000165	H@3 0.000659	H@5 0.000989	H@10 0.000989
INFO:meta-cli.py:Epoch 78/100	test results	MRR 0.000383	H@1 0.000160	H@3 0.000160	H@5 0.000160	H@10 0.000160
INFO:meta-cli.py:Epoch 79/100	Loss nan ± nan
INFO:meta-cli.py:Epoch 80/100	Loss nan ± nan
INFO:meta-cli.py:Epoch 81/100	Loss nan ± nan
INFO:meta-cli.py:Epoch 81/100	dev results	MRR 0.000634	H@1 0.000165	H@3 0.000659	H@5 0.000989	H@10 0.000989
INFO:meta-cli.py:Epoch 81/100	test results	MRR 0.000383	H@1 0.000160	H@3 0.000160	H@5 0.000160	H@10 0.000160
INFO:meta-cli.py:Epoch 82/100	Loss nan ± nan
INFO:meta-cli.py:Epoch 83/100	Loss nan ± nan
INFO:meta-cli.py:Epoch 84/100	Loss nan ± nan
INFO:meta-cli.py:Epoch 84/100	dev results	MRR 0.000634	H@1 0.000165	H@3 0.000659	H@5 0.000989	H@10 0.000989
INFO:meta-cli.py:Epoch 84/100	test results	MRR 0.000383	H@1 0.000160	H@3 0.000160	H@5 0.000160	H@10 0.000160
INFO:meta-cli.py:Epoch 85/100	Loss nan ± nan
INFO:meta-cli.py:Epoch 86/100	Loss nan ± nan
INFO:meta-cli.py:Epoch 87/100	Loss nan ± nan
INFO:meta-cli.py:Epoch 87/100	dev results	MRR 0.000634	H@1 0.000165	H@3 0.000659	H@5 0.000989	H@10 0.000989
INFO:meta-cli.py:Epoch 87/100	test results	MRR 0.000383	H@1 0.000160	H@3 0.000160	H@5 0.000160	H@10 0.000160
INFO:meta-cli.py:Epoch 88/100	Loss nan ± nan
INFO:meta-cli.py:Epoch 89/100	Loss nan ± nan
INFO:meta-cli.py:Epoch 90/100	Loss nan ± nan
INFO:meta-cli.py:Epoch 90/100	dev results	MRR 0.000634	H@1 0.000165	H@3 0.000659	H@5 0.000989	H@10 0.000989
INFO:meta-cli.py:Epoch 90/100	test results	MRR 0.000383	H@1 0.000160	H@3 0.000160	H@5 0.000160	H@10 0.000160
INFO:meta-cli.py:Epoch 91/100	Loss nan ± nan
INFO:meta-cli.py:Epoch 92/100	Loss nan ± nan
INFO:meta-cli.py:Epoch 93/100	Loss nan ± nan
INFO:meta-cli.py:Epoch 93/100	dev results	MRR 0.000634	H@1 0.000165	H@3 0.000659	H@5 0.000989	H@10 0.000989
INFO:meta-cli.py:Epoch 93/100	test results	MRR 0.000383	H@1 0.000160	H@3 0.000160	H@5 0.000160	H@10 0.000160
INFO:meta-cli.py:Epoch 94/100	Loss nan ± nan
INFO:meta-cli.py:Epoch 95/100	Loss nan ± nan
INFO:meta-cli.py:Epoch 96/100	Loss nan ± nan
INFO:meta-cli.py:Epoch 96/100	dev results	MRR 0.000634	H@1 0.000165	H@3 0.000659	H@5 0.000989	H@10 0.000989
INFO:meta-cli.py:Epoch 96/100	test results	MRR 0.000383	H@1 0.000160	H@3 0.000160	H@5 0.000160	H@10 0.000160
INFO:meta-cli.py:Epoch 97/100	Loss nan ± nan
INFO:meta-cli.py:Epoch 98/100	Loss nan ± nan
INFO:meta-cli.py:Epoch 99/100	Loss nan ± nan
INFO:meta-cli.py:Epoch 99/100	dev results	MRR 0.000634	H@1 0.000165	H@3 0.000659	H@5 0.000989	H@10 0.000989
INFO:meta-cli.py:Epoch 99/100	test results	MRR 0.000383	H@1 0.000160	H@3 0.000160	H@5 0.000160	H@10 0.000160
INFO:meta-cli.py:Epoch 100/100	Loss nan ± nan
INFO:meta-cli.py:Final 	dev results	MRR 0.000634	H@1 0.000165	H@3 0.000659	H@5 0.000989	H@10 0.000989
INFO:meta-cli.py:Final 	test results	MRR 0.000383	H@1 0.000160	H@3 0.000160	H@5 0.000160	H@10 0.000160
INFO:meta-cli.py:Training finished
