./bin/meta-cli.py --train data/wn18rr/train.tsv --dev data/wn18rr/dev.tsv --test data/wn18rr/test.tsv -m complex -k 500 -b 100 -e 100 --F2 0.005 --N3 0 -l 0.1 -I standard -V 3 -o adagrad -q
{'F2': 0.005,
 'N3': 0.0,
 'batch_size': 100,
 'dev': 'data/wn18rr/dev.tsv',
 'embedding_size': 500,
 'epochs': 100,
 'eval_batch_size': None,
 'input_type': 'standard',
 'learning_rate': 0.1,
 'load': None,
 'model': 'complex',
 'optimizer': 'adagrad',
 'quiet': True,
 'save': None,
 'seed': 0,
 'test': 'data/wn18rr/test.tsv',
 'test_i': None,
 'test_ii': None,
 'train': 'data/wn18rr/train.tsv',
 'validate_every': 3}
INFO:meta-cli.py:Device: cuda
INFO:meta-cli.py:Model state:
INFO:meta-cli.py:	entities.weight	torch.Size([40943, 1000])
INFO:meta-cli.py:	predicates.weight	torch.Size([11, 1000])
INFO:meta-cli.py:Epoch 1/100	Loss 19.9430 ± 1.3426
INFO:meta-cli.py:Epoch 2/100	Loss 11.4556 ± 0.5398
INFO:meta-cli.py:Epoch 3/100	Loss 6.4408 ± 0.4201
INFO:meta-cli.py:Epoch 3/100	dev results	MRR 0.414733	H@1 0.384806	H@3 0.429136	H@5 0.443804	H@10 0.466381
INFO:meta-cli.py:Epoch 3/100	test results	MRR 0.418152	H@1 0.389119	H@3 0.433950	H@5 0.446235	H@10 0.464103
INFO:meta-cli.py:Epoch 4/100	Loss 5.4214 ± 0.3101
INFO:meta-cli.py:Epoch 5/100	Loss 5.0255 ± 0.3009
INFO:meta-cli.py:Epoch 6/100	Loss 4.8060 ± 0.2867
INFO:meta-cli.py:Epoch 6/100	dev results	MRR 0.430017	H@1 0.406229	H@3 0.436058	H@5 0.452703	H@10 0.477258
INFO:meta-cli.py:Epoch 6/100	test results	MRR 0.432862	H@1 0.407307	H@3 0.440491	H@5 0.457403	H@10 0.482131
INFO:meta-cli.py:Epoch 7/100	Loss 4.6510 ± 0.2740
INFO:meta-cli.py:Epoch 8/100	Loss 4.5359 ± 0.2738
INFO:meta-cli.py:Epoch 9/100	Loss 4.4411 ± 0.2593
INFO:meta-cli.py:Epoch 9/100	dev results	MRR 0.435053	H@1 0.410185	H@3 0.440837	H@5 0.459624	H@10 0.482861
INFO:meta-cli.py:Epoch 9/100	test results	MRR 0.438569	H@1 0.412891	H@3 0.446394	H@5 0.462987	H@10 0.488513
INFO:meta-cli.py:Epoch 10/100	Loss 4.3612 ± 0.2483
INFO:meta-cli.py:Epoch 11/100	Loss 4.2932 ± 0.2479
INFO:meta-cli.py:Epoch 12/100	Loss 4.2350 ± 0.2471
INFO:meta-cli.py:Epoch 12/100	dev results	MRR 0.436295	H@1 0.410185	H@3 0.443968	H@5 0.462591	H@10 0.487310
INFO:meta-cli.py:Epoch 12/100	test results	MRR 0.439699	H@1 0.413529	H@3 0.447511	H@5 0.464742	H@10 0.490108
INFO:meta-cli.py:Epoch 13/100	Loss 4.1802 ± 0.2404
INFO:meta-cli.py:Epoch 14/100	Loss 4.1319 ± 0.2397
INFO:meta-cli.py:Epoch 15/100	Loss 4.0882 ± 0.2398
INFO:meta-cli.py:Epoch 15/100	dev results	MRR 0.438371	H@1 0.411997	H@3 0.446935	H@5 0.466051	H@10 0.488794
INFO:meta-cli.py:Epoch 15/100	test results	MRR 0.442535	H@1 0.416401	H@3 0.450383	H@5 0.467613	H@10 0.495054
INFO:meta-cli.py:Epoch 16/100	Loss 4.0493 ± 0.2367
INFO:meta-cli.py:Epoch 17/100	Loss 4.0116 ± 0.2277
INFO:meta-cli.py:Epoch 18/100	Loss 3.9776 ± 0.2209
INFO:meta-cli.py:Epoch 18/100	dev results	MRR 0.441262	H@1 0.414964	H@3 0.447594	H@5 0.466875	H@10 0.494067
INFO:meta-cli.py:Epoch 18/100	test results	MRR 0.445014	H@1 0.418634	H@3 0.451181	H@5 0.472240	H@10 0.498564
INFO:meta-cli.py:Epoch 19/100	Loss 3.9455 ± 0.2263
INFO:meta-cli.py:Epoch 20/100	Loss 3.9164 ± 0.2179
INFO:meta-cli.py:Epoch 21/100	Loss 3.8879 ± 0.2156
INFO:meta-cli.py:Epoch 21/100	dev results	MRR 0.441866	H@1 0.414799	H@3 0.449242	H@5 0.469677	H@10 0.494562
INFO:meta-cli.py:Epoch 21/100	test results	MRR 0.445819	H@1 0.418475	H@3 0.453574	H@5 0.472559	H@10 0.500319
INFO:meta-cli.py:Epoch 22/100	Loss 3.8618 ± 0.2232
INFO:meta-cli.py:Epoch 23/100	Loss 3.8364 ± 0.2150
INFO:meta-cli.py:Epoch 24/100	Loss 3.8139 ± 0.2145
INFO:meta-cli.py:Epoch 24/100	dev results	MRR 0.444080	H@1 0.417436	H@3 0.451549	H@5 0.469183	H@10 0.494726
INFO:meta-cli.py:Epoch 24/100	test results	MRR 0.448190	H@1 0.421347	H@3 0.456126	H@5 0.474633	H@10 0.500798
INFO:meta-cli.py:Epoch 25/100	Loss 3.7910 ± 0.2108
INFO:meta-cli.py:Epoch 26/100	Loss 3.7699 ± 0.2121
INFO:meta-cli.py:Epoch 27/100	Loss 3.7494 ± 0.2160
INFO:meta-cli.py:Epoch 27/100	dev results	MRR 0.444874	H@1 0.416447	H@3 0.454515	H@5 0.473138	H@10 0.497363
INFO:meta-cli.py:Epoch 27/100	test results	MRR 0.448933	H@1 0.421666	H@3 0.457084	H@5 0.473516	H@10 0.502553
INFO:meta-cli.py:Epoch 28/100	Loss 3.7301 ± 0.2109
INFO:meta-cli.py:Epoch 29/100	Loss 3.7118 ± 0.2110
INFO:meta-cli.py:Epoch 30/100	Loss 3.6950 ± 0.2027
INFO:meta-cli.py:Epoch 30/100	dev results	MRR 0.445842	H@1 0.417765	H@3 0.453527	H@5 0.472973	H@10 0.499670
INFO:meta-cli.py:Epoch 30/100	test results	MRR 0.450042	H@1 0.423101	H@3 0.457403	H@5 0.475271	H@10 0.503829
INFO:meta-cli.py:Epoch 31/100	Loss 3.6775 ± 0.2088
INFO:meta-cli.py:Epoch 32/100	Loss 3.6612 ± 0.2058
INFO:meta-cli.py:Epoch 33/100	Loss 3.6461 ± 0.2044
INFO:meta-cli.py:Epoch 33/100	dev results	MRR 0.446905	H@1 0.418754	H@3 0.455999	H@5 0.475280	H@10 0.499341
INFO:meta-cli.py:Epoch 33/100	test results	MRR 0.450578	H@1 0.422942	H@3 0.459955	H@5 0.477186	H@10 0.504786
INFO:meta-cli.py:Epoch 34/100	Loss 3.6313 ± 0.1955
INFO:meta-cli.py:Epoch 35/100	Loss 3.6173 ± 0.2068
INFO:meta-cli.py:Epoch 36/100	Loss 3.6028 ± 0.2005
INFO:meta-cli.py:Epoch 36/100	dev results	MRR 0.447769	H@1 0.419578	H@3 0.456658	H@5 0.476763	H@10 0.500824
INFO:meta-cli.py:Epoch 36/100	test results	MRR 0.451164	H@1 0.423261	H@3 0.459477	H@5 0.478302	H@10 0.506860
INFO:meta-cli.py:Epoch 37/100	Loss 3.5896 ± 0.1992
INFO:meta-cli.py:Epoch 38/100	Loss 3.5768 ± 0.2082
INFO:meta-cli.py:Epoch 39/100	Loss 3.5644 ± 0.1993
INFO:meta-cli.py:Epoch 39/100	dev results	MRR 0.448857	H@1 0.421061	H@3 0.457317	H@5 0.476434	H@10 0.501154
INFO:meta-cli.py:Epoch 39/100	test results	MRR 0.451280	H@1 0.422304	H@3 0.460593	H@5 0.479738	H@10 0.507339
INFO:meta-cli.py:Epoch 40/100	Loss 3.5528 ± 0.1926
INFO:meta-cli.py:Epoch 41/100	Loss 3.5408 ± 0.1956
INFO:meta-cli.py:Epoch 42/100	Loss 3.5301 ± 0.1909
INFO:meta-cli.py:Epoch 42/100	dev results	MRR 0.449337	H@1 0.421391	H@3 0.458141	H@5 0.478576	H@10 0.501154
INFO:meta-cli.py:Epoch 42/100	test results	MRR 0.452376	H@1 0.424059	H@3 0.461232	H@5 0.479260	H@10 0.508296
INFO:meta-cli.py:Epoch 43/100	Loss 3.5195 ± 0.1930
INFO:meta-cli.py:Epoch 44/100	Loss 3.5086 ± 0.1879
INFO:meta-cli.py:Epoch 45/100	Loss 3.4988 ± 0.1862
INFO:meta-cli.py:Epoch 45/100	dev results	MRR 0.449282	H@1 0.421391	H@3 0.458471	H@5 0.478411	H@10 0.501978
INFO:meta-cli.py:Epoch 45/100	test results	MRR 0.452377	H@1 0.424059	H@3 0.460274	H@5 0.480217	H@10 0.509572
INFO:meta-cli.py:Epoch 46/100	Loss 3.4883 ± 0.1898
INFO:meta-cli.py:Epoch 47/100	Loss 3.4793 ± 0.1938
INFO:meta-cli.py:Epoch 48/100	Loss 3.4701 ± 0.1919
INFO:meta-cli.py:Epoch 48/100	dev results	MRR 0.450143	H@1 0.422380	H@3 0.458635	H@5 0.478576	H@10 0.502966
INFO:meta-cli.py:Epoch 48/100	test results	MRR 0.453375	H@1 0.425654	H@3 0.460434	H@5 0.481015	H@10 0.510849
INFO:meta-cli.py:Epoch 49/100	Loss 3.4605 ± 0.1879
INFO:meta-cli.py:Epoch 50/100	Loss 3.4517 ± 0.1891
INFO:meta-cli.py:Epoch 51/100	Loss 3.4432 ± 0.1838
INFO:meta-cli.py:Epoch 51/100	dev results	MRR 0.450862	H@1 0.423039	H@3 0.460119	H@5 0.479400	H@10 0.503790
INFO:meta-cli.py:Epoch 51/100	test results	MRR 0.453753	H@1 0.425495	H@3 0.462189	H@5 0.480217	H@10 0.511966
INFO:meta-cli.py:Epoch 52/100	Loss 3.4347 ± 0.1928
INFO:meta-cli.py:Epoch 53/100	Loss 3.4264 ± 0.1842
INFO:meta-cli.py:Epoch 54/100	Loss 3.4185 ± 0.1904
INFO:meta-cli.py:Epoch 54/100	dev results	MRR 0.451104	H@1 0.423039	H@3 0.460448	H@5 0.479730	H@10 0.503626
INFO:meta-cli.py:Epoch 54/100	test results	MRR 0.453599	H@1 0.425335	H@3 0.462508	H@5 0.481972	H@10 0.511327
INFO:meta-cli.py:Epoch 55/100	Loss 3.4108 ± 0.1929
INFO:meta-cli.py:Epoch 56/100	Loss 3.4032 ± 0.1799
INFO:meta-cli.py:Epoch 57/100	Loss 3.3958 ± 0.1934
INFO:meta-cli.py:Epoch 57/100	dev results	MRR 0.450906	H@1 0.422709	H@3 0.459459	H@5 0.479895	H@10 0.504285
INFO:meta-cli.py:Epoch 57/100	test results	MRR 0.454535	H@1 0.426292	H@3 0.463465	H@5 0.484365	H@10 0.513242
INFO:meta-cli.py:Epoch 58/100	Loss 3.3885 ± 0.1868
INFO:meta-cli.py:Epoch 59/100	Loss 3.3816 ± 0.1911
INFO:meta-cli.py:Epoch 60/100	Loss 3.3748 ± 0.1824
INFO:meta-cli.py:Epoch 60/100	dev results	MRR 0.451276	H@1 0.422709	H@3 0.461767	H@5 0.480554	H@10 0.505109
INFO:meta-cli.py:Epoch 60/100	test results	MRR 0.454638	H@1 0.425973	H@3 0.463784	H@5 0.483567	H@10 0.514040
INFO:meta-cli.py:Epoch 61/100	Loss 3.3681 ± 0.1881
INFO:meta-cli.py:Epoch 62/100	Loss 3.3610 ± 0.1870
INFO:meta-cli.py:Epoch 63/100	Loss 3.3552 ± 0.1792
INFO:meta-cli.py:Epoch 63/100	dev results	MRR 0.451250	H@1 0.423039	H@3 0.460613	H@5 0.479730	H@10 0.504614
INFO:meta-cli.py:Epoch 63/100	test results	MRR 0.454647	H@1 0.425973	H@3 0.463465	H@5 0.484046	H@10 0.513242
INFO:meta-cli.py:Epoch 64/100	Loss 3.3491 ± 0.1815
INFO:meta-cli.py:Epoch 65/100	Loss 3.3425 ± 0.1835
INFO:meta-cli.py:Epoch 66/100	Loss 3.3365 ± 0.1737
INFO:meta-cli.py:Epoch 66/100	dev results	MRR 0.451241	H@1 0.422709	H@3 0.460283	H@5 0.481378	H@10 0.504614
INFO:meta-cli.py:Epoch 66/100	test results	MRR 0.454681	H@1 0.425654	H@3 0.463465	H@5 0.484844	H@10 0.514040
INFO:meta-cli.py:Epoch 67/100	Loss 3.3304 ± 0.1828
INFO:meta-cli.py:Epoch 68/100	Loss 3.3249 ± 0.1854
INFO:meta-cli.py:Epoch 69/100	Loss 3.3191 ± 0.1836
INFO:meta-cli.py:Epoch 69/100	dev results	MRR 0.451906	H@1 0.423039	H@3 0.461272	H@5 0.482037	H@10 0.504779
INFO:meta-cli.py:Epoch 69/100	test results	MRR 0.455433	H@1 0.426611	H@3 0.464422	H@5 0.486280	H@10 0.513561
INFO:meta-cli.py:Epoch 70/100	Loss 3.3136 ± 0.1825
INFO:meta-cli.py:Epoch 71/100	Loss 3.3083 ± 0.1796
INFO:meta-cli.py:Epoch 72/100	Loss 3.3031 ± 0.1791
INFO:meta-cli.py:Epoch 72/100	dev results	MRR 0.451763	H@1 0.423039	H@3 0.460943	H@5 0.481213	H@10 0.504944
INFO:meta-cli.py:Epoch 72/100	test results	MRR 0.455385	H@1 0.426133	H@3 0.463944	H@5 0.486120	H@10 0.514678
INFO:meta-cli.py:Epoch 73/100	Loss 3.2979 ± 0.1809
INFO:meta-cli.py:Epoch 74/100	Loss 3.2922 ± 0.1804
INFO:meta-cli.py:Epoch 75/100	Loss 3.2874 ± 0.1758
INFO:meta-cli.py:Epoch 75/100	dev results	MRR 0.452198	H@1 0.423368	H@3 0.461767	H@5 0.481872	H@10 0.505768
INFO:meta-cli.py:Epoch 75/100	test results	MRR 0.454928	H@1 0.425175	H@3 0.464901	H@5 0.485801	H@10 0.513720
INFO:meta-cli.py:Epoch 76/100	Loss 3.2826 ± 0.1807
INFO:meta-cli.py:Epoch 77/100	Loss 3.2780 ± 0.1755
INFO:meta-cli.py:Epoch 78/100	Loss 3.2728 ± 0.1728
INFO:meta-cli.py:Epoch 78/100	dev results	MRR 0.452149	H@1 0.423368	H@3 0.462591	H@5 0.481707	H@10 0.505768
INFO:meta-cli.py:Epoch 78/100	test results	MRR 0.455298	H@1 0.426133	H@3 0.464422	H@5 0.486599	H@10 0.514837
INFO:meta-cli.py:Epoch 79/100	Loss 3.2679 ± 0.1734
INFO:meta-cli.py:Epoch 80/100	Loss 3.2639 ± 0.1772
INFO:meta-cli.py:Epoch 81/100	Loss 3.2589 ± 0.1798
INFO:meta-cli.py:Epoch 81/100	dev results	MRR 0.452575	H@1 0.423863	H@3 0.462261	H@5 0.482531	H@10 0.506262
INFO:meta-cli.py:Epoch 81/100	test results	MRR 0.456067	H@1 0.426771	H@3 0.464582	H@5 0.487875	H@10 0.514518
INFO:meta-cli.py:Epoch 82/100	Loss 3.2548 ± 0.1749
INFO:meta-cli.py:Epoch 83/100	Loss 3.2501 ± 0.1716
INFO:meta-cli.py:Epoch 84/100	Loss 3.2457 ± 0.1765
INFO:meta-cli.py:Epoch 84/100	dev results	MRR 0.452574	H@1 0.423863	H@3 0.463085	H@5 0.482861	H@10 0.505768
INFO:meta-cli.py:Epoch 84/100	test results	MRR 0.455794	H@1 0.426452	H@3 0.464422	H@5 0.487237	H@10 0.514678
INFO:meta-cli.py:Epoch 85/100	Loss 3.2417 ± 0.1747
INFO:meta-cli.py:Epoch 86/100	Loss 3.2377 ± 0.1736
INFO:meta-cli.py:Epoch 87/100	Loss 3.2337 ± 0.1765
INFO:meta-cli.py:Epoch 87/100	dev results	MRR 0.453094	H@1 0.424522	H@3 0.462920	H@5 0.482037	H@10 0.505438
INFO:meta-cli.py:Epoch 87/100	test results	MRR 0.455796	H@1 0.426133	H@3 0.465380	H@5 0.487396	H@10 0.515954
INFO:meta-cli.py:Epoch 88/100	Loss 3.2292 ± 0.1774
INFO:meta-cli.py:Epoch 89/100	Loss 3.2254 ± 0.1722
INFO:meta-cli.py:Epoch 90/100	Loss 3.2215 ± 0.1829
INFO:meta-cli.py:Epoch 90/100	dev results	MRR 0.452628	H@1 0.423533	H@3 0.463415	H@5 0.483355	H@10 0.506427
INFO:meta-cli.py:Epoch 90/100	test results	MRR 0.456280	H@1 0.426452	H@3 0.465699	H@5 0.488992	H@10 0.515795
INFO:meta-cli.py:Epoch 91/100	Loss 3.2175 ± 0.1761
INFO:meta-cli.py:Epoch 92/100	Loss 3.2140 ± 0.1791
INFO:meta-cli.py:Epoch 93/100	Loss 3.2104 ± 0.1738
INFO:meta-cli.py:Epoch 93/100	dev results	MRR 0.452969	H@1 0.423863	H@3 0.463415	H@5 0.483026	H@10 0.505603
INFO:meta-cli.py:Epoch 93/100	test results	MRR 0.455964	H@1 0.425973	H@3 0.466337	H@5 0.488832	H@10 0.516114
INFO:meta-cli.py:Epoch 94/100	Loss 3.2068 ± 0.1764
INFO:meta-cli.py:Epoch 95/100	Loss 3.2028 ± 0.1717
INFO:meta-cli.py:Epoch 96/100	Loss 3.1994 ± 0.1716
INFO:meta-cli.py:Epoch 96/100	dev results	MRR 0.453268	H@1 0.424357	H@3 0.464733	H@5 0.483520	H@10 0.505109
INFO:meta-cli.py:Epoch 96/100	test results	MRR 0.456292	H@1 0.426930	H@3 0.465380	H@5 0.486439	H@10 0.516273
INFO:meta-cli.py:Epoch 97/100	Loss 3.1958 ± 0.1718
INFO:meta-cli.py:Epoch 98/100	Loss 3.1922 ± 0.1751
INFO:meta-cli.py:Epoch 99/100	Loss 3.1889 ± 0.1598
INFO:meta-cli.py:Epoch 99/100	dev results	MRR 0.453135	H@1 0.423863	H@3 0.464074	H@5 0.483520	H@10 0.507251
INFO:meta-cli.py:Epoch 99/100	test results	MRR 0.456618	H@1 0.427090	H@3 0.465220	H@5 0.488034	H@10 0.516752
INFO:meta-cli.py:Epoch 100/100	Loss 3.1855 ± 0.1723
INFO:meta-cli.py:Final 	dev results	MRR 0.453109	H@1 0.424192	H@3 0.463744	H@5 0.483355	H@10 0.506262
INFO:meta-cli.py:Final 	test results	MRR 0.456759	H@1 0.427250	H@3 0.466177	H@5 0.488673	H@10 0.516273
INFO:meta-cli.py:Training finished
