./bin/meta-cli.py --train data/wn18rr/train.tsv --dev data/wn18rr/dev.tsv --test data/wn18rr/test.tsv -m complex -k 1000 -b 500 -e 100 --F2 0.01 --N3 0 -l 0.1 -I reciprocal -V 3 -o adagrad -q
{'F2': 0.01,
 'N3': 0.0,
 'batch_size': 500,
 'dev': 'data/wn18rr/dev.tsv',
 'embedding_size': 1000,
 'epochs': 100,
 'eval_batch_size': None,
 'input_type': 'reciprocal',
 'learning_rate': 0.1,
 'load': None,
 'model': 'complex',
 'optimizer': 'adagrad',
 'quiet': True,
 'save': None,
 'seed': 0,
 'test': 'data/wn18rr/test.tsv',
 'test_i': None,
 'test_ii': None,
 'train': 'data/wn18rr/train.tsv',
 'validate_every': 3}
INFO:meta-cli.py:Device: cuda
INFO:meta-cli.py:Model state:
INFO:meta-cli.py:	entities.weight	torch.Size([40943, 2000])
INFO:meta-cli.py:	predicates.weight	torch.Size([22, 2000])
INFO:meta-cli.py:Epoch 1/100	Loss 15.8544 ± 3.8203
INFO:meta-cli.py:Epoch 2/100	Loss 6.6782 ± 0.2822
INFO:meta-cli.py:Epoch 3/100	Loss 5.7406 ± 0.1054
INFO:meta-cli.py:Epoch 3/100	dev results	MRR 0.443399	H@1 0.419578	H@3 0.452044	H@5 0.468523	H@10 0.488629
INFO:meta-cli.py:Epoch 3/100	test results	MRR 0.440531	H@1 0.415603	H@3 0.449266	H@5 0.465061	H@10 0.488673
INFO:meta-cli.py:Epoch 4/100	Loss 5.4155 ± 0.1025
INFO:meta-cli.py:Epoch 5/100	Loss 5.2170 ± 0.1034
INFO:meta-cli.py:Epoch 6/100	Loss 5.0696 ± 0.1057
INFO:meta-cli.py:Epoch 6/100	dev results	MRR 0.453831	H@1 0.429136	H@3 0.461931	H@5 0.479400	H@10 0.503296
INFO:meta-cli.py:Epoch 6/100	test results	MRR 0.450445	H@1 0.423421	H@3 0.459477	H@5 0.475590	H@10 0.504148
INFO:meta-cli.py:Epoch 7/100	Loss 4.9538 ± 0.1054
INFO:meta-cli.py:Epoch 8/100	Loss 4.8565 ± 0.1149
INFO:meta-cli.py:Epoch 9/100	Loss 4.7740 ± 0.1030
INFO:meta-cli.py:Epoch 9/100	dev results	MRR 0.456827	H@1 0.430455	H@3 0.467864	H@5 0.481707	H@10 0.506098
INFO:meta-cli.py:Epoch 9/100	test results	MRR 0.456451	H@1 0.427888	H@3 0.466975	H@5 0.484684	H@10 0.510689
INFO:meta-cli.py:Epoch 10/100	Loss 4.6990 ± 0.1078
INFO:meta-cli.py:Epoch 11/100	Loss 4.6346 ± 0.1108
INFO:meta-cli.py:Epoch 12/100	Loss 4.5752 ± 0.1077
INFO:meta-cli.py:Epoch 12/100	dev results	MRR 0.459005	H@1 0.432268	H@3 0.469347	H@5 0.483026	H@10 0.509723
INFO:meta-cli.py:Epoch 12/100	test results	MRR 0.459397	H@1 0.430600	H@3 0.470645	H@5 0.487715	H@10 0.515795
INFO:meta-cli.py:Epoch 13/100	Loss 4.5212 ± 0.1056
INFO:meta-cli.py:Epoch 14/100	Loss 4.4728 ± 0.1058
INFO:meta-cli.py:Epoch 15/100	Loss 4.4268 ± 0.1113
INFO:meta-cli.py:Epoch 15/100	dev results	MRR 0.459982	H@1 0.432432	H@3 0.468688	H@5 0.487970	H@10 0.512690
INFO:meta-cli.py:Epoch 15/100	test results	MRR 0.461482	H@1 0.431717	H@3 0.473197	H@5 0.490587	H@10 0.521059
INFO:meta-cli.py:Epoch 16/100	Loss 4.3841 ± 0.1083
INFO:meta-cli.py:Epoch 17/100	Loss 4.3444 ± 0.1064
INFO:meta-cli.py:Epoch 18/100	Loss 4.3066 ± 0.1088
INFO:meta-cli.py:Epoch 18/100	dev results	MRR 0.461009	H@1 0.433421	H@3 0.469347	H@5 0.488794	H@10 0.514008
INFO:meta-cli.py:Epoch 18/100	test results	MRR 0.461561	H@1 0.430440	H@3 0.474474	H@5 0.492183	H@10 0.521698
INFO:meta-cli.py:Epoch 19/100	Loss 4.2720 ± 0.1023
INFO:meta-cli.py:Epoch 20/100	Loss 4.2380 ± 0.1042
INFO:meta-cli.py:Epoch 21/100	Loss 4.2063 ± 0.1015
INFO:meta-cli.py:Epoch 21/100	dev results	MRR 0.460849	H@1 0.432432	H@3 0.469842	H@5 0.488958	H@10 0.516480
INFO:meta-cli.py:Epoch 21/100	test results	MRR 0.462191	H@1 0.430919	H@3 0.474314	H@5 0.493618	H@10 0.521857
INFO:meta-cli.py:Epoch 22/100	Loss 4.1764 ± 0.1077
INFO:meta-cli.py:Epoch 23/100	Loss 4.1482 ± 0.1037
INFO:meta-cli.py:Epoch 24/100	Loss 4.1218 ± 0.1066
INFO:meta-cli.py:Epoch 24/100	dev results	MRR 0.461890	H@1 0.433586	H@3 0.470995	H@5 0.488299	H@10 0.517633
INFO:meta-cli.py:Epoch 24/100	test results	MRR 0.463150	H@1 0.431717	H@3 0.475112	H@5 0.495533	H@10 0.522176
INFO:meta-cli.py:Epoch 25/100	Loss 4.0947 ± 0.1023
INFO:meta-cli.py:Epoch 26/100	Loss 4.0698 ± 0.1025
INFO:meta-cli.py:Epoch 27/100	Loss 4.0465 ± 0.0969
INFO:meta-cli.py:Epoch 27/100	dev results	MRR 0.461597	H@1 0.432432	H@3 0.470995	H@5 0.491266	H@10 0.520105
INFO:meta-cli.py:Epoch 27/100	test results	MRR 0.462078	H@1 0.429962	H@3 0.474633	H@5 0.496809	H@10 0.525367
INFO:meta-cli.py:Epoch 28/100	Loss 4.0236 ± 0.1042
INFO:meta-cli.py:Epoch 29/100	Loss 4.0017 ± 0.1047
INFO:meta-cli.py:Epoch 30/100	Loss 3.9813 ± 0.0943
INFO:meta-cli.py:Epoch 30/100	dev results	MRR 0.461710	H@1 0.432597	H@3 0.471325	H@5 0.490936	H@10 0.518622
INFO:meta-cli.py:Epoch 30/100	test results	MRR 0.462452	H@1 0.430759	H@3 0.474952	H@5 0.495054	H@10 0.524729
INFO:meta-cli.py:Epoch 31/100	Loss 3.9610 ± 0.1051
INFO:meta-cli.py:Epoch 32/100	Loss 3.9411 ± 0.1016
INFO:meta-cli.py:Epoch 33/100	Loss 3.9226 ± 0.0977
INFO:meta-cli.py:Epoch 33/100	dev results	MRR 0.461023	H@1 0.431444	H@3 0.469347	H@5 0.490606	H@10 0.520105
INFO:meta-cli.py:Epoch 33/100	test results	MRR 0.461569	H@1 0.429802	H@3 0.472719	H@5 0.494895	H@10 0.524091
INFO:meta-cli.py:Epoch 34/100	Loss 3.9044 ± 0.1018
INFO:meta-cli.py:Epoch 35/100	Loss 3.8873 ± 0.0956
INFO:meta-cli.py:Epoch 36/100	Loss 3.8701 ± 0.0956
INFO:meta-cli.py:Epoch 36/100	dev results	MRR 0.460376	H@1 0.430290	H@3 0.470007	H@5 0.490442	H@10 0.518622
INFO:meta-cli.py:Epoch 36/100	test results	MRR 0.461540	H@1 0.429483	H@3 0.474154	H@5 0.496011	H@10 0.523772
INFO:meta-cli.py:Epoch 37/100	Loss 3.8543 ± 0.1008
INFO:meta-cli.py:Epoch 38/100	Loss 3.8382 ± 0.0988
INFO:meta-cli.py:Epoch 39/100	Loss 3.8229 ± 0.0996
INFO:meta-cli.py:Epoch 39/100	dev results	MRR 0.459554	H@1 0.429466	H@3 0.468853	H@5 0.490606	H@10 0.519776
INFO:meta-cli.py:Epoch 39/100	test results	MRR 0.460733	H@1 0.428207	H@3 0.474314	H@5 0.493299	H@10 0.524250
INFO:meta-cli.py:Epoch 40/100	Loss 3.8084 ± 0.0917
INFO:meta-cli.py:Epoch 41/100	Loss 3.7943 ± 0.0943
INFO:meta-cli.py:Epoch 42/100	Loss 3.7805 ± 0.1014
INFO:meta-cli.py:Epoch 42/100	dev results	MRR 0.459315	H@1 0.428807	H@3 0.469677	H@5 0.491101	H@10 0.518787
INFO:meta-cli.py:Epoch 42/100	test results	MRR 0.460626	H@1 0.428047	H@3 0.474314	H@5 0.493459	H@10 0.522336
INFO:meta-cli.py:Epoch 43/100	Loss 3.7673 ± 0.1024
INFO:meta-cli.py:Epoch 44/100	Loss 3.7539 ± 0.0912
INFO:meta-cli.py:Epoch 45/100	Loss 3.7404 ± 0.0921
INFO:meta-cli.py:Epoch 45/100	dev results	MRR 0.459536	H@1 0.428972	H@3 0.468853	H@5 0.490277	H@10 0.518457
INFO:meta-cli.py:Epoch 45/100	test results	MRR 0.460769	H@1 0.428047	H@3 0.473676	H@5 0.493937	H@10 0.523452
INFO:meta-cli.py:Epoch 46/100	Loss 3.7290 ± 0.0968
INFO:meta-cli.py:Epoch 47/100	Loss 3.7167 ± 0.0978
INFO:meta-cli.py:Epoch 48/100	Loss 3.7050 ± 0.0943
INFO:meta-cli.py:Epoch 48/100	dev results	MRR 0.458905	H@1 0.428807	H@3 0.467699	H@5 0.490277	H@10 0.518293
INFO:meta-cli.py:Epoch 48/100	test results	MRR 0.459095	H@1 0.426133	H@3 0.473516	H@5 0.492502	H@10 0.522655
INFO:meta-cli.py:Epoch 49/100	Loss 3.6937 ± 0.0953
INFO:meta-cli.py:Epoch 50/100	Loss 3.6829 ± 0.0936
INFO:meta-cli.py:Epoch 51/100	Loss 3.6718 ± 0.0907
INFO:meta-cli.py:Epoch 51/100	dev results	MRR 0.457875	H@1 0.426829	H@3 0.467864	H@5 0.489288	H@10 0.516645
INFO:meta-cli.py:Epoch 51/100	test results	MRR 0.458622	H@1 0.425175	H@3 0.473038	H@5 0.492821	H@10 0.521698
INFO:meta-cli.py:Epoch 52/100	Loss 3.6617 ± 0.0854
INFO:meta-cli.py:Epoch 53/100	Loss 3.6519 ± 0.0894
INFO:meta-cli.py:Epoch 54/100	Loss 3.6413 ± 0.0933
INFO:meta-cli.py:Epoch 54/100	dev results	MRR 0.457545	H@1 0.426664	H@3 0.467370	H@5 0.489123	H@10 0.516645
INFO:meta-cli.py:Epoch 54/100	test results	MRR 0.457872	H@1 0.424856	H@3 0.471921	H@5 0.491544	H@10 0.520262
INFO:meta-cli.py:Epoch 55/100	Loss 3.6318 ± 0.0919
INFO:meta-cli.py:Epoch 56/100	Loss 3.6228 ± 0.0908
INFO:meta-cli.py:Epoch 57/100	Loss 3.6128 ± 0.0852
INFO:meta-cli.py:Epoch 57/100	dev results	MRR 0.457078	H@1 0.426664	H@3 0.466711	H@5 0.489288	H@10 0.516315
INFO:meta-cli.py:Epoch 57/100	test results	MRR 0.458610	H@1 0.425973	H@3 0.472399	H@5 0.491863	H@10 0.520740
INFO:meta-cli.py:Epoch 58/100	Loss 3.6043 ± 0.0917
INFO:meta-cli.py:Epoch 59/100	Loss 3.5954 ± 0.0887
INFO:meta-cli.py:Epoch 60/100	Loss 3.5870 ± 0.0897
INFO:meta-cli.py:Epoch 60/100	dev results	MRR 0.455779	H@1 0.424852	H@3 0.465557	H@5 0.487475	H@10 0.514502
INFO:meta-cli.py:Epoch 60/100	test results	MRR 0.457046	H@1 0.423421	H@3 0.472399	H@5 0.491066	H@10 0.518985
INFO:meta-cli.py:Epoch 61/100	Loss 3.5788 ± 0.0879
INFO:meta-cli.py:Epoch 62/100	Loss 3.5707 ± 0.0880
INFO:meta-cli.py:Epoch 63/100	Loss 3.5628 ± 0.0913
INFO:meta-cli.py:Epoch 63/100	dev results	MRR 0.455848	H@1 0.425346	H@3 0.465392	H@5 0.487310	H@10 0.516480
INFO:meta-cli.py:Epoch 63/100	test results	MRR 0.456764	H@1 0.423421	H@3 0.471442	H@5 0.491704	H@10 0.518666
INFO:meta-cli.py:Epoch 64/100	Loss 3.5546 ± 0.0871
INFO:meta-cli.py:Epoch 65/100	Loss 3.5470 ± 0.0933
INFO:meta-cli.py:Epoch 66/100	Loss 3.5393 ± 0.0881
INFO:meta-cli.py:Epoch 66/100	dev results	MRR 0.455006	H@1 0.424028	H@3 0.465392	H@5 0.487146	H@10 0.514667
INFO:meta-cli.py:Epoch 66/100	test results	MRR 0.457326	H@1 0.424856	H@3 0.471442	H@5 0.490906	H@10 0.518666
INFO:meta-cli.py:Epoch 67/100	Loss 3.5321 ± 0.0881
INFO:meta-cli.py:Epoch 68/100	Loss 3.5250 ± 0.0924
INFO:meta-cli.py:Epoch 69/100	Loss 3.5180 ± 0.0884
INFO:meta-cli.py:Epoch 69/100	dev results	MRR 0.454391	H@1 0.423533	H@3 0.463579	H@5 0.486651	H@10 0.514667
INFO:meta-cli.py:Epoch 69/100	test results	MRR 0.455510	H@1 0.422304	H@3 0.470485	H@5 0.490587	H@10 0.517549
INFO:meta-cli.py:Epoch 70/100	Loss 3.5114 ± 0.0866
INFO:meta-cli.py:Epoch 71/100	Loss 3.5045 ± 0.0882
INFO:meta-cli.py:Epoch 72/100	Loss 3.4979 ± 0.0839
INFO:meta-cli.py:Epoch 72/100	dev results	MRR 0.454116	H@1 0.423698	H@3 0.463250	H@5 0.485662	H@10 0.514667
INFO:meta-cli.py:Epoch 72/100	test results	MRR 0.455061	H@1 0.421985	H@3 0.468890	H@5 0.490587	H@10 0.517230
INFO:meta-cli.py:Epoch 73/100	Loss 3.4915 ± 0.0851
INFO:meta-cli.py:Epoch 74/100	Loss 3.4852 ± 0.0910
INFO:meta-cli.py:Epoch 75/100	Loss 3.4791 ± 0.0894
INFO:meta-cli.py:Epoch 75/100	dev results	MRR 0.453839	H@1 0.423698	H@3 0.463085	H@5 0.485003	H@10 0.514502
INFO:meta-cli.py:Epoch 75/100	test results	MRR 0.454921	H@1 0.421985	H@3 0.469049	H@5 0.491225	H@10 0.516592
INFO:meta-cli.py:Epoch 76/100	Loss 3.4732 ± 0.0849
INFO:meta-cli.py:Epoch 77/100	Loss 3.4668 ± 0.0812
INFO:meta-cli.py:Epoch 78/100	Loss 3.4613 ± 0.0817
INFO:meta-cli.py:Epoch 78/100	dev results	MRR 0.452864	H@1 0.422050	H@3 0.461602	H@5 0.483026	H@10 0.514008
INFO:meta-cli.py:Epoch 78/100	test results	MRR 0.454266	H@1 0.420868	H@3 0.468890	H@5 0.490428	H@10 0.515954
INFO:meta-cli.py:Epoch 79/100	Loss 3.4554 ± 0.0882
INFO:meta-cli.py:Epoch 80/100	Loss 3.4496 ± 0.0811
INFO:meta-cli.py:Epoch 81/100	Loss 3.4441 ± 0.0878
INFO:meta-cli.py:Epoch 81/100	dev results	MRR 0.452177	H@1 0.421721	H@3 0.461767	H@5 0.482696	H@10 0.514008
INFO:meta-cli.py:Epoch 81/100	test results	MRR 0.454252	H@1 0.421187	H@3 0.467932	H@5 0.490108	H@10 0.515954
INFO:meta-cli.py:Epoch 82/100	Loss 3.4385 ± 0.0873
INFO:meta-cli.py:Epoch 83/100	Loss 3.4334 ± 0.0843
INFO:meta-cli.py:Epoch 84/100	Loss 3.4280 ± 0.0868
INFO:meta-cli.py:Epoch 84/100	dev results	MRR 0.452193	H@1 0.421885	H@3 0.460778	H@5 0.483026	H@10 0.513349
INFO:meta-cli.py:Epoch 84/100	test results	MRR 0.453851	H@1 0.420868	H@3 0.467932	H@5 0.489470	H@10 0.516433
INFO:meta-cli.py:Epoch 85/100	Loss 3.4230 ± 0.0833
INFO:meta-cli.py:Epoch 86/100	Loss 3.4182 ± 0.0858
INFO:meta-cli.py:Epoch 87/100	Loss 3.4129 ± 0.0830
INFO:meta-cli.py:Epoch 87/100	dev results	MRR 0.452280	H@1 0.422709	H@3 0.459789	H@5 0.482531	H@10 0.512360
INFO:meta-cli.py:Epoch 87/100	test results	MRR 0.453583	H@1 0.420708	H@3 0.467454	H@5 0.489470	H@10 0.515795
INFO:meta-cli.py:Epoch 88/100	Loss 3.4081 ± 0.0883
INFO:meta-cli.py:Epoch 89/100	Loss 3.4031 ± 0.0830
INFO:meta-cli.py:Epoch 90/100	Loss 3.3987 ± 0.0824
INFO:meta-cli.py:Epoch 90/100	dev results	MRR 0.451807	H@1 0.422544	H@3 0.459624	H@5 0.482037	H@10 0.512195
INFO:meta-cli.py:Epoch 90/100	test results	MRR 0.453472	H@1 0.420708	H@3 0.467773	H@5 0.489470	H@10 0.514837
INFO:meta-cli.py:Epoch 91/100	Loss 3.3940 ± 0.0839
INFO:meta-cli.py:Epoch 92/100	Loss 3.3895 ± 0.0864
INFO:meta-cli.py:Epoch 93/100	Loss 3.3853 ± 0.0790
INFO:meta-cli.py:Epoch 93/100	dev results	MRR 0.452095	H@1 0.423204	H@3 0.459624	H@5 0.480059	H@10 0.511042
INFO:meta-cli.py:Epoch 93/100	test results	MRR 0.453006	H@1 0.419911	H@3 0.467773	H@5 0.489630	H@10 0.513720
INFO:meta-cli.py:Epoch 94/100	Loss 3.3808 ± 0.0813
INFO:meta-cli.py:Epoch 95/100	Loss 3.3763 ± 0.0861
INFO:meta-cli.py:Epoch 96/100	Loss 3.3718 ± 0.0840
INFO:meta-cli.py:Epoch 96/100	dev results	MRR 0.451106	H@1 0.421391	H@3 0.459459	H@5 0.481213	H@10 0.511042
INFO:meta-cli.py:Epoch 96/100	test results	MRR 0.453215	H@1 0.420389	H@3 0.467613	H@5 0.489789	H@10 0.513561
INFO:meta-cli.py:Epoch 97/100	Loss 3.3679 ± 0.0846
INFO:meta-cli.py:Epoch 98/100	Loss 3.3637 ± 0.0904
INFO:meta-cli.py:Epoch 99/100	Loss 3.3597 ± 0.0816
INFO:meta-cli.py:Epoch 99/100	dev results	MRR 0.450802	H@1 0.421226	H@3 0.458306	H@5 0.480554	H@10 0.510053
INFO:meta-cli.py:Epoch 99/100	test results	MRR 0.452252	H@1 0.419751	H@3 0.465539	H@5 0.488673	H@10 0.513720
INFO:meta-cli.py:Epoch 100/100	Loss 3.3555 ± 0.0836
INFO:meta-cli.py:Final 	dev results	MRR 0.450650	H@1 0.421226	H@3 0.458635	H@5 0.480224	H@10 0.510053
INFO:meta-cli.py:Final 	test results	MRR 0.452117	H@1 0.419432	H@3 0.465380	H@5 0.488354	H@10 0.512923
INFO:meta-cli.py:Training finished
