./bin/meta-cli.py --train data/wn18rr/train.tsv --dev data/wn18rr/dev.tsv --test data/wn18rr/test.tsv -m complex -k 4000 -b 1000 -e 100 --F2 0 --N3 0.001 -l 0.1 -I reciprocal -V 3 -o adagrad -q
{'F2': 0.0,
 'N3': 0.001,
 'batch_size': 1000,
 'dev': 'data/wn18rr/dev.tsv',
 'embedding_size': 4000,
 'epochs': 100,
 'eval_batch_size': None,
 'input_type': 'reciprocal',
 'learning_rate': 0.1,
 'load': None,
 'model': 'complex',
 'optimizer': 'adagrad',
 'quiet': True,
 'save': None,
 'seed': 0,
 'test': 'data/wn18rr/test.tsv',
 'test_i': None,
 'test_ii': None,
 'train': 'data/wn18rr/train.tsv',
 'validate_every': 3}
INFO:meta-cli.py:Device: cuda
INFO:meta-cli.py:Model state:
INFO:meta-cli.py:	entities.weight	torch.Size([40943, 8000])
INFO:meta-cli.py:	predicates.weight	torch.Size([22, 8000])
INFO:meta-cli.py:Epoch 1/100	Loss 13.6992 ± 5.0184
INFO:meta-cli.py:Epoch 2/100	Loss 4.3421 ± 0.2638
INFO:meta-cli.py:Epoch 3/100	Loss 3.5189 ± 0.0906
INFO:meta-cli.py:Epoch 3/100	dev results	MRR 0.430604	H@1 0.407053	H@3 0.438036	H@5 0.454351	H@10 0.475610
INFO:meta-cli.py:Epoch 3/100	test results	MRR 0.431775	H@1 0.410179	H@3 0.437779	H@5 0.454531	H@10 0.474154
INFO:meta-cli.py:Epoch 4/100	Loss 3.2592 ± 0.0918
INFO:meta-cli.py:Epoch 5/100	Loss 3.1219 ± 0.0935
INFO:meta-cli.py:Epoch 6/100	Loss 3.0285 ± 0.1028
INFO:meta-cli.py:Epoch 6/100	dev results	MRR 0.441597	H@1 0.416447	H@3 0.450560	H@5 0.465557	H@10 0.488134
INFO:meta-cli.py:Epoch 6/100	test results	MRR 0.439300	H@1 0.415444	H@3 0.447352	H@5 0.461072	H@10 0.485003
INFO:meta-cli.py:Epoch 7/100	Loss 2.9622 ± 0.1009
INFO:meta-cli.py:Epoch 8/100	Loss 2.9056 ± 0.1101
INFO:meta-cli.py:Epoch 9/100	Loss 2.8653 ± 0.1010
INFO:meta-cli.py:Epoch 9/100	dev results	MRR 0.445242	H@1 0.420897	H@3 0.453691	H@5 0.469183	H@10 0.491595
INFO:meta-cli.py:Epoch 9/100	test results	MRR 0.446521	H@1 0.422304	H@3 0.454690	H@5 0.469209	H@10 0.491704
INFO:meta-cli.py:Epoch 10/100	Loss 2.8250 ± 0.1056
INFO:meta-cli.py:Epoch 11/100	Loss 2.7937 ± 0.1105
INFO:meta-cli.py:Epoch 12/100	Loss 2.7668 ± 0.1064
INFO:meta-cli.py:Epoch 12/100	dev results	MRR 0.447094	H@1 0.420732	H@3 0.456987	H@5 0.472808	H@10 0.495880
INFO:meta-cli.py:Epoch 12/100	test results	MRR 0.450806	H@1 0.425973	H@3 0.459158	H@5 0.473995	H@10 0.498405
INFO:meta-cli.py:Epoch 13/100	Loss 2.7416 ± 0.1007
INFO:meta-cli.py:Epoch 14/100	Loss 2.7206 ± 0.1039
INFO:meta-cli.py:Epoch 15/100	Loss 2.7004 ± 0.1116
INFO:meta-cli.py:Epoch 15/100	dev results	MRR 0.451084	H@1 0.425016	H@3 0.460283	H@5 0.476928	H@10 0.500330
INFO:meta-cli.py:Epoch 15/100	test results	MRR 0.452098	H@1 0.426771	H@3 0.458839	H@5 0.477664	H@10 0.500957
INFO:meta-cli.py:Epoch 16/100	Loss 2.6824 ± 0.1078
INFO:meta-cli.py:Epoch 17/100	Loss 2.6664 ± 0.1085
INFO:meta-cli.py:Epoch 18/100	Loss 2.6507 ± 0.1110
INFO:meta-cli.py:Epoch 18/100	dev results	MRR 0.452061	H@1 0.424357	H@3 0.464074	H@5 0.479071	H@10 0.501978
INFO:meta-cli.py:Epoch 18/100	test results	MRR 0.454508	H@1 0.428366	H@3 0.462189	H@5 0.478941	H@10 0.507020
INFO:meta-cli.py:Epoch 19/100	Loss 2.6378 ± 0.1053
INFO:meta-cli.py:Epoch 20/100	Loss 2.6240 ± 0.1067
INFO:meta-cli.py:Epoch 21/100	Loss 2.6119 ± 0.1034
INFO:meta-cli.py:Epoch 21/100	dev results	MRR 0.453562	H@1 0.425840	H@3 0.465392	H@5 0.480883	H@10 0.503131
INFO:meta-cli.py:Epoch 21/100	test results	MRR 0.456503	H@1 0.430600	H@3 0.464103	H@5 0.481812	H@10 0.509253
INFO:meta-cli.py:Epoch 22/100	Loss 2.6011 ± 0.1076
INFO:meta-cli.py:Epoch 23/100	Loss 2.5907 ± 0.1050
INFO:meta-cli.py:Epoch 24/100	Loss 2.5812 ± 0.1067
INFO:meta-cli.py:Epoch 24/100	dev results	MRR 0.455405	H@1 0.428148	H@3 0.466711	H@5 0.481707	H@10 0.505603
INFO:meta-cli.py:Epoch 24/100	test results	MRR 0.458399	H@1 0.432674	H@3 0.464901	H@5 0.484046	H@10 0.509732
INFO:meta-cli.py:Epoch 25/100	Loss 2.5711 ± 0.1044
INFO:meta-cli.py:Epoch 26/100	Loss 2.5612 ± 0.1037
INFO:meta-cli.py:Epoch 27/100	Loss 2.5536 ± 0.0989
INFO:meta-cli.py:Epoch 27/100	dev results	MRR 0.457362	H@1 0.429796	H@3 0.468688	H@5 0.484344	H@10 0.505603
INFO:meta-cli.py:Epoch 27/100	test results	MRR 0.459063	H@1 0.431557	H@3 0.468730	H@5 0.487556	H@10 0.511966
INFO:meta-cli.py:Epoch 28/100	Loss 2.5456 ± 0.1063
INFO:meta-cli.py:Epoch 29/100	Loss 2.5381 ± 0.1057
INFO:meta-cli.py:Epoch 30/100	Loss 2.5314 ± 0.0950
INFO:meta-cli.py:Epoch 30/100	dev results	MRR 0.458603	H@1 0.431773	H@3 0.469347	H@5 0.484838	H@10 0.505603
INFO:meta-cli.py:Epoch 30/100	test results	MRR 0.459446	H@1 0.431876	H@3 0.469049	H@5 0.486918	H@10 0.511806
INFO:meta-cli.py:Epoch 31/100	Loss 2.5238 ± 0.1060
INFO:meta-cli.py:Epoch 32/100	Loss 2.5173 ± 0.1040
INFO:meta-cli.py:Epoch 33/100	Loss 2.5109 ± 0.1012
INFO:meta-cli.py:Epoch 33/100	dev results	MRR 0.458091	H@1 0.429796	H@3 0.469842	H@5 0.486486	H@10 0.510712
INFO:meta-cli.py:Epoch 33/100	test results	MRR 0.460222	H@1 0.431717	H@3 0.470325	H@5 0.488513	H@10 0.514837
INFO:meta-cli.py:Epoch 34/100	Loss 2.5047 ± 0.1052
INFO:meta-cli.py:Epoch 35/100	Loss 2.4990 ± 0.0977
INFO:meta-cli.py:Epoch 36/100	Loss 2.4933 ± 0.0977
INFO:meta-cli.py:Epoch 36/100	dev results	MRR 0.459887	H@1 0.432103	H@3 0.470336	H@5 0.486981	H@10 0.510053
INFO:meta-cli.py:Epoch 36/100	test results	MRR 0.460782	H@1 0.431717	H@3 0.470325	H@5 0.490906	H@10 0.515795
INFO:meta-cli.py:Epoch 37/100	Loss 2.4883 ± 0.1012
INFO:meta-cli.py:Epoch 38/100	Loss 2.4830 ± 0.1010
INFO:meta-cli.py:Epoch 39/100	Loss 2.4781 ± 0.1035
INFO:meta-cli.py:Epoch 39/100	dev results	MRR 0.460008	H@1 0.432103	H@3 0.470171	H@5 0.488299	H@10 0.511701
INFO:meta-cli.py:Epoch 39/100	test results	MRR 0.461419	H@1 0.433312	H@3 0.471442	H@5 0.489949	H@10 0.515635
INFO:meta-cli.py:Epoch 40/100	Loss 2.4732 ± 0.0956
INFO:meta-cli.py:Epoch 41/100	Loss 2.4683 ± 0.0991
INFO:meta-cli.py:Epoch 42/100	Loss 2.4644 ± 0.1024
INFO:meta-cli.py:Epoch 42/100	dev results	MRR 0.460103	H@1 0.431444	H@3 0.470666	H@5 0.487310	H@10 0.511206
INFO:meta-cli.py:Epoch 42/100	test results	MRR 0.462431	H@1 0.433472	H@3 0.473516	H@5 0.492502	H@10 0.517071
INFO:meta-cli.py:Epoch 43/100	Loss 2.4599 ± 0.1029
INFO:meta-cli.py:Epoch 44/100	Loss 2.4555 ± 0.0938
INFO:meta-cli.py:Epoch 45/100	Loss 2.4507 ± 0.0921
INFO:meta-cli.py:Epoch 45/100	dev results	MRR 0.461744	H@1 0.433751	H@3 0.471490	H@5 0.488958	H@10 0.510547
INFO:meta-cli.py:Epoch 45/100	test results	MRR 0.463286	H@1 0.433950	H@3 0.474474	H@5 0.492661	H@10 0.518666
INFO:meta-cli.py:Epoch 46/100	Loss 2.4470 ± 0.0991
INFO:meta-cli.py:Epoch 47/100	Loss 2.4437 ± 0.1004
INFO:meta-cli.py:Epoch 48/100	Loss 2.4400 ± 0.1009
INFO:meta-cli.py:Epoch 48/100	dev results	MRR 0.461228	H@1 0.432597	H@3 0.472808	H@5 0.489288	H@10 0.513843
INFO:meta-cli.py:Epoch 48/100	test results	MRR 0.462921	H@1 0.433631	H@3 0.472878	H@5 0.493299	H@10 0.518028
INFO:meta-cli.py:Epoch 49/100	Loss 2.4362 ± 0.0978
INFO:meta-cli.py:Epoch 50/100	Loss 2.4330 ± 0.0940
INFO:meta-cli.py:Epoch 51/100	Loss 2.4292 ± 0.0937
INFO:meta-cli.py:Epoch 51/100	dev results	MRR 0.462032	H@1 0.433421	H@3 0.472643	H@5 0.489782	H@10 0.515821
INFO:meta-cli.py:Epoch 51/100	test results	MRR 0.463619	H@1 0.433631	H@3 0.475112	H@5 0.494097	H@10 0.520102
INFO:meta-cli.py:Epoch 52/100	Loss 2.4262 ± 0.0874
INFO:meta-cli.py:Epoch 53/100	Loss 2.4232 ± 0.0911
INFO:meta-cli.py:Epoch 54/100	Loss 2.4195 ± 0.0960
INFO:meta-cli.py:Epoch 54/100	dev results	MRR 0.462137	H@1 0.433421	H@3 0.472149	H@5 0.489618	H@10 0.515162
INFO:meta-cli.py:Epoch 54/100	test results	MRR 0.464662	H@1 0.435067	H@3 0.475112	H@5 0.495533	H@10 0.519783
INFO:meta-cli.py:Epoch 55/100	Loss 2.4165 ± 0.0932
INFO:meta-cli.py:Epoch 56/100	Loss 2.4138 ± 0.0905
INFO:meta-cli.py:Epoch 57/100	Loss 2.4105 ± 0.0861
INFO:meta-cli.py:Epoch 57/100	dev results	MRR 0.461903	H@1 0.432268	H@3 0.472314	H@5 0.490606	H@10 0.516150
INFO:meta-cli.py:Epoch 57/100	test results	MRR 0.464743	H@1 0.434748	H@3 0.477026	H@5 0.495852	H@10 0.521219
INFO:meta-cli.py:Epoch 58/100	Loss 2.4079 ± 0.0927
INFO:meta-cli.py:Epoch 59/100	Loss 2.4052 ± 0.0919
INFO:meta-cli.py:Epoch 60/100	Loss 2.4026 ± 0.0950
INFO:meta-cli.py:Epoch 60/100	dev results	MRR 0.461893	H@1 0.432268	H@3 0.472973	H@5 0.490442	H@10 0.514832
INFO:meta-cli.py:Epoch 60/100	test results	MRR 0.463877	H@1 0.433153	H@3 0.475750	H@5 0.496490	H@10 0.519943
INFO:meta-cli.py:Epoch 61/100	Loss 2.4003 ± 0.0886
INFO:meta-cli.py:Epoch 62/100	Loss 2.3978 ± 0.0879
INFO:meta-cli.py:Epoch 63/100	Loss 2.3949 ± 0.0949
INFO:meta-cli.py:Epoch 63/100	dev results	MRR 0.463119	H@1 0.433751	H@3 0.473632	H@5 0.491925	H@10 0.515491
INFO:meta-cli.py:Epoch 63/100	test results	MRR 0.464281	H@1 0.433312	H@3 0.475431	H@5 0.495852	H@10 0.521219
INFO:meta-cli.py:Epoch 64/100	Loss 2.3923 ± 0.0907
INFO:meta-cli.py:Epoch 65/100	Loss 2.3899 ± 0.0974
INFO:meta-cli.py:Epoch 66/100	Loss 2.3877 ± 0.0899
INFO:meta-cli.py:Epoch 66/100	dev results	MRR 0.463340	H@1 0.434245	H@3 0.473797	H@5 0.492090	H@10 0.516645
INFO:meta-cli.py:Epoch 66/100	test results	MRR 0.465504	H@1 0.435546	H@3 0.476388	H@5 0.496490	H@10 0.522336
INFO:meta-cli.py:Epoch 67/100	Loss 2.3852 ± 0.0881
INFO:meta-cli.py:Epoch 68/100	Loss 2.3837 ± 0.0932
INFO:meta-cli.py:Epoch 69/100	Loss 2.3810 ± 0.0898
INFO:meta-cli.py:Epoch 69/100	dev results	MRR 0.463372	H@1 0.433751	H@3 0.472643	H@5 0.492254	H@10 0.517304
INFO:meta-cli.py:Epoch 69/100	test results	MRR 0.464747	H@1 0.433791	H@3 0.476069	H@5 0.497607	H@10 0.523133
INFO:meta-cli.py:Epoch 70/100	Loss 2.3792 ± 0.0887
INFO:meta-cli.py:Epoch 71/100	Loss 2.3772 ± 0.0892
INFO:meta-cli.py:Epoch 72/100	Loss 2.3751 ± 0.0874
INFO:meta-cli.py:Epoch 72/100	dev results	MRR 0.462751	H@1 0.432432	H@3 0.474291	H@5 0.492254	H@10 0.516645
INFO:meta-cli.py:Epoch 72/100	test results	MRR 0.465568	H@1 0.434907	H@3 0.477824	H@5 0.497447	H@10 0.521857
INFO:meta-cli.py:Epoch 73/100	Loss 2.3725 ± 0.0878
INFO:meta-cli.py:Epoch 74/100	Loss 2.3706 ± 0.0920
INFO:meta-cli.py:Epoch 75/100	Loss 2.3689 ± 0.0893
INFO:meta-cli.py:Epoch 75/100	dev results	MRR 0.464014	H@1 0.434740	H@3 0.473303	H@5 0.493573	H@10 0.516809
INFO:meta-cli.py:Epoch 75/100	test results	MRR 0.465612	H@1 0.434269	H@3 0.477505	H@5 0.496809	H@10 0.522336
INFO:meta-cli.py:Epoch 76/100	Loss 2.3670 ± 0.0861
INFO:meta-cli.py:Epoch 77/100	Loss 2.3654 ± 0.0858
INFO:meta-cli.py:Epoch 78/100	Loss 2.3634 ± 0.0782
INFO:meta-cli.py:Epoch 78/100	dev results	MRR 0.463618	H@1 0.433586	H@3 0.473797	H@5 0.493243	H@10 0.518622
INFO:meta-cli.py:Epoch 78/100	test results	MRR 0.465769	H@1 0.434588	H@3 0.477186	H@5 0.499362	H@10 0.524250
INFO:meta-cli.py:Epoch 79/100	Loss 2.3617 ± 0.0874
INFO:meta-cli.py:Epoch 80/100	Loss 2.3601 ± 0.0823
INFO:meta-cli.py:Epoch 81/100	Loss 2.3577 ± 0.0904
INFO:meta-cli.py:Epoch 81/100	dev results	MRR 0.463490	H@1 0.433421	H@3 0.473632	H@5 0.493243	H@10 0.517963
INFO:meta-cli.py:Epoch 81/100	test results	MRR 0.465800	H@1 0.434269	H@3 0.477824	H@5 0.499681	H@10 0.524569
INFO:meta-cli.py:Epoch 82/100	Loss 2.3561 ± 0.0890
INFO:meta-cli.py:Epoch 83/100	Loss 2.3547 ± 0.0890
INFO:meta-cli.py:Epoch 84/100	Loss 2.3527 ± 0.0913
INFO:meta-cli.py:Epoch 84/100	dev results	MRR 0.463924	H@1 0.433586	H@3 0.474951	H@5 0.493902	H@10 0.519611
INFO:meta-cli.py:Epoch 84/100	test results	MRR 0.466570	H@1 0.435386	H@3 0.478302	H@5 0.498564	H@10 0.525526
INFO:meta-cli.py:Epoch 85/100	Loss 2.3514 ± 0.0837
INFO:meta-cli.py:Epoch 86/100	Loss 2.3498 ± 0.0840
INFO:meta-cli.py:Epoch 87/100	Loss 2.3484 ± 0.0872
INFO:meta-cli.py:Epoch 87/100	dev results	MRR 0.464297	H@1 0.434245	H@3 0.474786	H@5 0.493573	H@10 0.519281
INFO:meta-cli.py:Epoch 87/100	test results	MRR 0.466279	H@1 0.434588	H@3 0.477505	H@5 0.499202	H@10 0.526005
INFO:meta-cli.py:Epoch 88/100	Loss 2.3469 ± 0.0909
INFO:meta-cli.py:Epoch 89/100	Loss 2.3452 ± 0.0839
INFO:meta-cli.py:Epoch 90/100	Loss 2.3439 ± 0.0864
INFO:meta-cli.py:Epoch 90/100	dev results	MRR 0.463843	H@1 0.432762	H@3 0.474951	H@5 0.493738	H@10 0.520105
INFO:meta-cli.py:Epoch 90/100	test results	MRR 0.466500	H@1 0.435067	H@3 0.477664	H@5 0.499202	H@10 0.526484
INFO:meta-cli.py:Epoch 91/100	Loss 2.3427 ± 0.0871
INFO:meta-cli.py:Epoch 92/100	Loss 2.3413 ± 0.0912
INFO:meta-cli.py:Epoch 93/100	Loss 2.3401 ± 0.0808
INFO:meta-cli.py:Epoch 93/100	dev results	MRR 0.464119	H@1 0.432927	H@3 0.475445	H@5 0.494067	H@10 0.520929
INFO:meta-cli.py:Epoch 93/100	test results	MRR 0.466602	H@1 0.434588	H@3 0.478781	H@5 0.499362	H@10 0.526324
INFO:meta-cli.py:Epoch 94/100	Loss 2.3385 ± 0.0827
INFO:meta-cli.py:Epoch 95/100	Loss 2.3369 ± 0.0885
INFO:meta-cli.py:Epoch 96/100	Loss 2.3356 ± 0.0848
INFO:meta-cli.py:Epoch 96/100	dev results	MRR 0.464913	H@1 0.434740	H@3 0.475610	H@5 0.493408	H@10 0.519446
INFO:meta-cli.py:Epoch 96/100	test results	MRR 0.466778	H@1 0.434907	H@3 0.478622	H@5 0.500798	H@10 0.526643
INFO:meta-cli.py:Epoch 97/100	Loss 2.3342 ± 0.0872
INFO:meta-cli.py:Epoch 98/100	Loss 2.3329 ± 0.0902
INFO:meta-cli.py:Epoch 99/100	Loss 2.3318 ± 0.0860
INFO:meta-cli.py:Epoch 99/100	dev results	MRR 0.465274	H@1 0.435069	H@3 0.476599	H@5 0.493902	H@10 0.520270
INFO:meta-cli.py:Epoch 99/100	test results	MRR 0.467210	H@1 0.435865	H@3 0.478622	H@5 0.500000	H@10 0.526324
INFO:meta-cli.py:Epoch 100/100	Loss 2.3304 ± 0.0847
INFO:meta-cli.py:Final 	dev results	MRR 0.464781	H@1 0.434080	H@3 0.476269	H@5 0.493243	H@10 0.521094
INFO:meta-cli.py:Final 	test results	MRR 0.466836	H@1 0.435227	H@3 0.477983	H@5 0.500000	H@10 0.527441
INFO:meta-cli.py:Training finished
