./bin/meta-cli.py --train data/wn18rr/train.tsv --dev data/wn18rr/dev.tsv --test data/wn18rr/test.tsv -m complex -k 1000 -b 100 -e 100 --F2 0 --N3 0.5 -l 0.1 -I reciprocal -V 3 -o adagrad -q
{'F2': 0.0,
 'N3': 0.5,
 'batch_size': 100,
 'dev': 'data/wn18rr/dev.tsv',
 'embedding_size': 1000,
 'epochs': 100,
 'eval_batch_size': None,
 'input_type': 'reciprocal',
 'learning_rate': 0.1,
 'load': None,
 'model': 'complex',
 'optimizer': 'adagrad',
 'quiet': True,
 'save': None,
 'seed': 0,
 'test': 'data/wn18rr/test.tsv',
 'test_i': None,
 'test_ii': None,
 'train': 'data/wn18rr/train.tsv',
 'validate_every': 3}
INFO:meta-cli.py:Device: cuda
INFO:meta-cli.py:Model state:
INFO:meta-cli.py:	entities.weight	torch.Size([40943, 2000])
INFO:meta-cli.py:	predicates.weight	torch.Size([22, 2000])
INFO:meta-cli.py:Epoch 1/100	Loss 181.8588 ± 36.7934
INFO:meta-cli.py:Epoch 2/100	Loss 107.4776 ± 10.4678
INFO:meta-cli.py:Epoch 3/100	Loss 83.1160 ± 6.5536
INFO:meta-cli.py:Epoch 3/100	dev results	MRR 0.021654	H@1 0.012195	H@3 0.020435	H@5 0.027521	H@10 0.040046
INFO:meta-cli.py:Epoch 3/100	test results	MRR 0.022516	H@1 0.013401	H@3 0.022017	H@5 0.027920	H@10 0.040683
INFO:meta-cli.py:Epoch 4/100	Loss 69.5939 ± 5.0856
INFO:meta-cli.py:Epoch 5/100	Loss 60.7752 ± 4.1899
INFO:meta-cli.py:Epoch 6/100	Loss 54.4833 ± 3.5900
INFO:meta-cli.py:Epoch 6/100	dev results	MRR 0.076519	H@1 0.043672	H@3 0.081575	H@5 0.108767	H@10 0.145188
INFO:meta-cli.py:Epoch 6/100	test results	MRR 0.071496	H@1 0.040523	H@3 0.077058	H@5 0.099872	H@10 0.133216
INFO:meta-cli.py:Epoch 7/100	Loss 49.7235 ± 3.1030
INFO:meta-cli.py:Epoch 8/100	Loss 45.9612 ± 2.8094
INFO:meta-cli.py:Epoch 9/100	Loss 42.8933 ± 2.5056
INFO:meta-cli.py:Epoch 9/100	dev results	MRR 0.200167	H@1 0.117831	H@3 0.231543	H@5 0.291859	H@10 0.369314
INFO:meta-cli.py:Epoch 9/100	test results	MRR 0.198901	H@1 0.117581	H@3 0.232131	H@5 0.285897	H@10 0.366624
INFO:meta-cli.py:Epoch 10/100	Loss 40.3546 ± 2.2748
INFO:meta-cli.py:Epoch 11/100	Loss 38.2500 ± 2.0904
INFO:meta-cli.py:Epoch 12/100	Loss 36.4898 ± 1.9075
INFO:meta-cli.py:Epoch 12/100	dev results	MRR 0.255427	H@1 0.162162	H@3 0.296803	H@5 0.361404	H@10 0.442650
INFO:meta-cli.py:Epoch 12/100	test results	MRR 0.251592	H@1 0.158105	H@3 0.296745	H@5 0.358328	H@10 0.436981
INFO:meta-cli.py:Epoch 13/100	Loss 34.9958 ± 1.7820
INFO:meta-cli.py:Epoch 14/100	Loss 33.7123 ± 1.6550
INFO:meta-cli.py:Epoch 15/100	Loss 32.5987 ± 1.5307
INFO:meta-cli.py:Epoch 15/100	dev results	MRR 0.285770	H@1 0.192980	H@3 0.330092	H@5 0.392386	H@10 0.467699
INFO:meta-cli.py:Epoch 15/100	test results	MRR 0.285624	H@1 0.194001	H@3 0.330887	H@5 0.387843	H@10 0.466816
INFO:meta-cli.py:Epoch 16/100	Loss 31.6213 ± 1.4257
INFO:meta-cli.py:Epoch 17/100	Loss 30.7604 ± 1.4126
INFO:meta-cli.py:Epoch 18/100	Loss 29.9943 ± 1.2902
INFO:meta-cli.py:Epoch 18/100	dev results	MRR 0.308007	H@1 0.218194	H@3 0.351351	H@5 0.409525	H@10 0.479730
INFO:meta-cli.py:Epoch 18/100	test results	MRR 0.307319	H@1 0.217613	H@3 0.349394	H@5 0.408105	H@10 0.481493
INFO:meta-cli.py:Epoch 19/100	Loss 29.3097 ± 1.1970
INFO:meta-cli.py:Epoch 20/100	Loss 28.6939 ± 1.1775
INFO:meta-cli.py:Epoch 21/100	Loss 28.1374 ± 1.0735
INFO:meta-cli.py:Epoch 21/100	dev results	MRR 0.321330	H@1 0.234674	H@3 0.364700	H@5 0.420897	H@10 0.487640
INFO:meta-cli.py:Epoch 21/100	test results	MRR 0.322437	H@1 0.235482	H@3 0.363433	H@5 0.421187	H@10 0.490268
INFO:meta-cli.py:Epoch 22/100	Loss 27.6322 ± 1.0468
INFO:meta-cli.py:Epoch 23/100	Loss 27.1710 ± 1.0022
INFO:meta-cli.py:Epoch 24/100	Loss 26.7491 ± 0.9659
INFO:meta-cli.py:Epoch 24/100	dev results	MRR 0.337829	H@1 0.253296	H@3 0.382498	H@5 0.431938	H@10 0.494067
INFO:meta-cli.py:Epoch 24/100	test results	MRR 0.338556	H@1 0.253989	H@3 0.378590	H@5 0.434588	H@10 0.501276
INFO:meta-cli.py:Epoch 25/100	Loss 26.3619 ± 0.9037
INFO:meta-cli.py:Epoch 26/100	Loss 26.0060 ± 0.8507
INFO:meta-cli.py:Epoch 27/100	Loss 25.6780 ± 0.8430
INFO:meta-cli.py:Epoch 27/100	dev results	MRR 0.348076	H@1 0.264832	H@3 0.390409	H@5 0.439848	H@10 0.502472
INFO:meta-cli.py:Epoch 27/100	test results	MRR 0.348825	H@1 0.265954	H@3 0.387205	H@5 0.443204	H@10 0.507498
INFO:meta-cli.py:Epoch 28/100	Loss 25.3752 ± 0.8327
INFO:meta-cli.py:Epoch 29/100	Loss 25.0945 ± 0.7684
INFO:meta-cli.py:Epoch 30/100	Loss 24.8342 ± 0.7611
INFO:meta-cli.py:Epoch 30/100	dev results	MRR 0.360470	H@1 0.280488	H@3 0.402274	H@5 0.450396	H@10 0.507910
INFO:meta-cli.py:Epoch 30/100	test results	MRR 0.357671	H@1 0.275207	H@3 0.399330	H@5 0.452138	H@10 0.514997
INFO:meta-cli.py:Epoch 31/100	Loss 24.5921 ± 0.7027
INFO:meta-cli.py:Epoch 32/100	Loss 24.3669 ± 0.6752
INFO:meta-cli.py:Epoch 33/100	Loss 24.1567 ± 0.6773
INFO:meta-cli.py:Epoch 33/100	dev results	MRR 0.372084	H@1 0.295485	H@3 0.410514	H@5 0.456658	H@10 0.513514
INFO:meta-cli.py:Epoch 33/100	test results	MRR 0.366298	H@1 0.283823	H@3 0.409541	H@5 0.461551	H@10 0.519943
INFO:meta-cli.py:Epoch 34/100	Loss 23.9606 ± 0.6456
INFO:meta-cli.py:Epoch 35/100	Loss 23.7771 ± 0.6302
INFO:meta-cli.py:Epoch 36/100	Loss 23.6057 ± 0.6135
INFO:meta-cli.py:Epoch 36/100	dev results	MRR 0.377692	H@1 0.301582	H@3 0.418589	H@5 0.462755	H@10 0.517469
INFO:meta-cli.py:Epoch 36/100	test results	MRR 0.374111	H@1 0.294512	H@3 0.412731	H@5 0.467613	H@10 0.525686
INFO:meta-cli.py:Epoch 37/100	Loss 23.4450 ± 0.5954
INFO:meta-cli.py:Epoch 38/100	Loss 23.2941 ± 0.5523
INFO:meta-cli.py:Epoch 39/100	Loss 23.1522 ± 0.5378
INFO:meta-cli.py:Epoch 39/100	dev results	MRR 0.384039	H@1 0.309492	H@3 0.423039	H@5 0.466546	H@10 0.518293
INFO:meta-cli.py:Epoch 39/100	test results	MRR 0.378643	H@1 0.297064	H@3 0.421027	H@5 0.471442	H@10 0.528717
INFO:meta-cli.py:Epoch 40/100	Loss 23.0188 ± 0.5342
INFO:meta-cli.py:Epoch 41/100	Loss 22.8928 ± 0.5065
INFO:meta-cli.py:Epoch 42/100	Loss 22.7736 ± 0.5058
INFO:meta-cli.py:Epoch 42/100	dev results	MRR 0.387944	H@1 0.314272	H@3 0.426994	H@5 0.469677	H@10 0.521259
INFO:meta-cli.py:Epoch 42/100	test results	MRR 0.383840	H@1 0.303446	H@3 0.425335	H@5 0.478462	H@10 0.533663
INFO:meta-cli.py:Epoch 43/100	Loss 22.6612 ± 0.4971
INFO:meta-cli.py:Epoch 44/100	Loss 22.5549 ± 0.4805
INFO:meta-cli.py:Epoch 45/100	Loss 22.4539 ± 0.4699
INFO:meta-cli.py:Epoch 45/100	dev results	MRR 0.392798	H@1 0.320040	H@3 0.428807	H@5 0.471490	H@10 0.523566
INFO:meta-cli.py:Epoch 45/100	test results	MRR 0.387586	H@1 0.308073	H@3 0.429164	H@5 0.480217	H@10 0.535258
INFO:meta-cli.py:Epoch 46/100	Loss 22.3587 ± 0.4474
INFO:meta-cli.py:Epoch 47/100	Loss 22.2683 ± 0.4525
INFO:meta-cli.py:Epoch 48/100	Loss 22.1821 ± 0.4471
INFO:meta-cli.py:Epoch 48/100	dev results	MRR 0.395058	H@1 0.323006	H@3 0.433092	H@5 0.473303	H@10 0.525544
INFO:meta-cli.py:Epoch 48/100	test results	MRR 0.391651	H@1 0.312061	H@3 0.435546	H@5 0.482929	H@10 0.535737
INFO:meta-cli.py:Epoch 49/100	Loss 22.1005 ± 0.4196
INFO:meta-cli.py:Epoch 50/100	Loss 22.0227 ± 0.4192
INFO:meta-cli.py:Epoch 51/100	Loss 21.9486 ± 0.4047
INFO:meta-cli.py:Epoch 51/100	dev results	MRR 0.398994	H@1 0.328444	H@3 0.434245	H@5 0.474127	H@10 0.526533
INFO:meta-cli.py:Epoch 51/100	test results	MRR 0.393247	H@1 0.313497	H@3 0.435865	H@5 0.485003	H@10 0.538928
INFO:meta-cli.py:Epoch 52/100	Loss 21.8781 ± 0.4045
INFO:meta-cli.py:Epoch 53/100	Loss 21.8108 ± 0.3832
INFO:meta-cli.py:Epoch 54/100	Loss 21.7466 ± 0.3714
INFO:meta-cli.py:Epoch 54/100	dev results	MRR 0.399679	H@1 0.328279	H@3 0.435564	H@5 0.475445	H@10 0.528345
INFO:meta-cli.py:Epoch 54/100	test results	MRR 0.395864	H@1 0.316369	H@3 0.438736	H@5 0.486439	H@10 0.539566
INFO:meta-cli.py:Epoch 55/100	Loss 21.6853 ± 0.3773
INFO:meta-cli.py:Epoch 56/100	Loss 21.6267 ± 0.3501
INFO:meta-cli.py:Epoch 57/100	Loss 21.5707 ± 0.3599
INFO:meta-cli.py:Epoch 57/100	dev results	MRR 0.401958	H@1 0.331411	H@3 0.437871	H@5 0.477752	H@10 0.528016
INFO:meta-cli.py:Epoch 57/100	test results	MRR 0.398371	H@1 0.320517	H@3 0.439375	H@5 0.488673	H@10 0.542597
INFO:meta-cli.py:Epoch 58/100	Loss 21.5172 ± 0.3547
INFO:meta-cli.py:Epoch 59/100	Loss 21.4658 ± 0.3470
INFO:meta-cli.py:Epoch 60/100	Loss 21.4167 ± 0.3367
INFO:meta-cli.py:Epoch 60/100	dev results	MRR 0.402552	H@1 0.331740	H@3 0.438860	H@5 0.477093	H@10 0.529169
INFO:meta-cli.py:Epoch 60/100	test results	MRR 0.400470	H@1 0.322431	H@3 0.443363	H@5 0.489630	H@10 0.543235
INFO:meta-cli.py:Epoch 61/100	Loss 21.3698 ± 0.3300
INFO:meta-cli.py:Epoch 62/100	Loss 21.3243 ± 0.3329
INFO:meta-cli.py:Epoch 63/100	Loss 21.2810 ± 0.3149
INFO:meta-cli.py:Epoch 63/100	dev results	MRR 0.404439	H@1 0.334212	H@3 0.439354	H@5 0.477093	H@10 0.530323
INFO:meta-cli.py:Epoch 63/100	test results	MRR 0.402972	H@1 0.326739	H@3 0.446394	H@5 0.490268	H@10 0.543874
INFO:meta-cli.py:Epoch 64/100	Loss 21.2392 ± 0.3143
INFO:meta-cli.py:Epoch 65/100	Loss 21.1993 ± 0.3152
INFO:meta-cli.py:Epoch 66/100	Loss 21.1607 ± 0.3012
INFO:meta-cli.py:Epoch 66/100	dev results	MRR 0.405843	H@1 0.336190	H@3 0.439354	H@5 0.478741	H@10 0.531641
INFO:meta-cli.py:Epoch 66/100	test results	MRR 0.403675	H@1 0.327377	H@3 0.446873	H@5 0.489949	H@10 0.542757
INFO:meta-cli.py:Epoch 67/100	Loss 21.1239 ± 0.2978
INFO:meta-cli.py:Epoch 68/100	Loss 21.0882 ± 0.2916
INFO:meta-cli.py:Epoch 69/100	Loss 21.0541 ± 0.2901
INFO:meta-cli.py:Epoch 69/100	dev results	MRR 0.406402	H@1 0.337343	H@3 0.438860	H@5 0.479895	H@10 0.532301
INFO:meta-cli.py:Epoch 69/100	test results	MRR 0.404430	H@1 0.327537	H@3 0.449107	H@5 0.490108	H@10 0.543714
INFO:meta-cli.py:Epoch 70/100	Loss 21.0210 ± 0.2822
INFO:meta-cli.py:Epoch 71/100	Loss 20.9892 ± 0.2792
INFO:meta-cli.py:Epoch 72/100	Loss 20.9585 ± 0.2777
INFO:meta-cli.py:Epoch 72/100	dev results	MRR 0.406090	H@1 0.336684	H@3 0.439519	H@5 0.480719	H@10 0.531806
INFO:meta-cli.py:Epoch 72/100	test results	MRR 0.405498	H@1 0.329132	H@3 0.449107	H@5 0.492342	H@10 0.543555
INFO:meta-cli.py:Epoch 73/100	Loss 20.9288 ± 0.2661
INFO:meta-cli.py:Epoch 74/100	Loss 20.9002 ± 0.2678
INFO:meta-cli.py:Epoch 75/100	Loss 20.8727 ± 0.2596
INFO:meta-cli.py:Epoch 75/100	dev results	MRR 0.407248	H@1 0.338003	H@3 0.439189	H@5 0.480719	H@10 0.532630
INFO:meta-cli.py:Epoch 75/100	test results	MRR 0.405951	H@1 0.330089	H@3 0.448309	H@5 0.492661	H@10 0.544033
INFO:meta-cli.py:Epoch 76/100	Loss 20.8460 ± 0.2658
INFO:meta-cli.py:Epoch 77/100	Loss 20.8203 ± 0.2646
INFO:meta-cli.py:Epoch 78/100	Loss 20.7955 ± 0.2469
INFO:meta-cli.py:Epoch 78/100	dev results	MRR 0.407693	H@1 0.338167	H@3 0.440837	H@5 0.480389	H@10 0.533125
INFO:meta-cli.py:Epoch 78/100	test results	MRR 0.405895	H@1 0.330089	H@3 0.449745	H@5 0.492821	H@10 0.544193
INFO:meta-cli.py:Epoch 79/100	Loss 20.7714 ± 0.2458
INFO:meta-cli.py:Epoch 80/100	Loss 20.7481 ± 0.2512
INFO:meta-cli.py:Epoch 81/100	Loss 20.7256 ± 0.2464
INFO:meta-cli.py:Epoch 81/100	dev results	MRR 0.407680	H@1 0.339486	H@3 0.438365	H@5 0.480059	H@10 0.532465
INFO:meta-cli.py:Epoch 81/100	test results	MRR 0.405171	H@1 0.328973	H@3 0.447511	H@5 0.491704	H@10 0.545150
INFO:meta-cli.py:Epoch 82/100	Loss 20.7038 ± 0.2430
INFO:meta-cli.py:Epoch 83/100	Loss 20.6827 ± 0.2425
INFO:meta-cli.py:Epoch 84/100	Loss 20.6622 ± 0.2458
INFO:meta-cli.py:Epoch 84/100	dev results	MRR 0.408941	H@1 0.339980	H@3 0.440178	H@5 0.481872	H@10 0.532795
INFO:meta-cli.py:Epoch 84/100	test results	MRR 0.407252	H@1 0.331525	H@3 0.449745	H@5 0.492502	H@10 0.545310
INFO:meta-cli.py:Epoch 85/100	Loss 20.6424 ± 0.2388
INFO:meta-cli.py:Epoch 86/100	Loss 20.6232 ± 0.2351
INFO:meta-cli.py:Epoch 87/100	Loss 20.6046 ± 0.2292
INFO:meta-cli.py:Epoch 87/100	dev results	MRR 0.409120	H@1 0.340310	H@3 0.441661	H@5 0.481872	H@10 0.534278
INFO:meta-cli.py:Epoch 87/100	test results	MRR 0.407384	H@1 0.332163	H@3 0.449745	H@5 0.492502	H@10 0.544033
INFO:meta-cli.py:Epoch 88/100	Loss 20.5865 ± 0.2300
INFO:meta-cli.py:Epoch 89/100	Loss 20.5689 ± 0.2260
INFO:meta-cli.py:Epoch 90/100	Loss 20.5520 ± 0.2246
INFO:meta-cli.py:Epoch 90/100	dev results	MRR 0.409245	H@1 0.340639	H@3 0.440672	H@5 0.482037	H@10 0.535102
INFO:meta-cli.py:Epoch 90/100	test results	MRR 0.407792	H@1 0.332642	H@3 0.449904	H@5 0.493459	H@10 0.545150
INFO:meta-cli.py:Epoch 91/100	Loss 20.5353 ± 0.2231
INFO:meta-cli.py:Epoch 92/100	Loss 20.5193 ± 0.2151
INFO:meta-cli.py:Epoch 93/100	Loss 20.5037 ± 0.2170
INFO:meta-cli.py:Epoch 93/100	dev results	MRR 0.410226	H@1 0.342287	H@3 0.441002	H@5 0.481543	H@10 0.534278
INFO:meta-cli.py:Epoch 93/100	test results	MRR 0.408090	H@1 0.332961	H@3 0.449745	H@5 0.493299	H@10 0.546267
INFO:meta-cli.py:Epoch 94/100	Loss 20.4886 ± 0.2229
INFO:meta-cli.py:Epoch 95/100	Loss 20.4738 ± 0.2121
INFO:meta-cli.py:Epoch 96/100	Loss 20.4595 ± 0.2052
INFO:meta-cli.py:Epoch 96/100	dev results	MRR 0.410015	H@1 0.341793	H@3 0.440837	H@5 0.482037	H@10 0.533784
INFO:meta-cli.py:Epoch 96/100	test results	MRR 0.407626	H@1 0.332163	H@3 0.450223	H@5 0.492661	H@10 0.545629
INFO:meta-cli.py:Epoch 97/100	Loss 20.4454 ± 0.2076
INFO:meta-cli.py:Epoch 98/100	Loss 20.4319 ± 0.2116
INFO:meta-cli.py:Epoch 99/100	Loss 20.4187 ± 0.2083
INFO:meta-cli.py:Epoch 99/100	dev results	MRR 0.409068	H@1 0.338991	H@3 0.442980	H@5 0.481213	H@10 0.534113
INFO:meta-cli.py:Epoch 99/100	test results	MRR 0.407871	H@1 0.332482	H@3 0.450223	H@5 0.492980	H@10 0.547064
INFO:meta-cli.py:Epoch 100/100	Loss 20.4059 ± 0.2083
INFO:meta-cli.py:Final 	dev results	MRR 0.408863	H@1 0.339486	H@3 0.442320	H@5 0.481378	H@10 0.534443
INFO:meta-cli.py:Final 	test results	MRR 0.407443	H@1 0.332323	H@3 0.451500	H@5 0.491863	H@10 0.546745
INFO:meta-cli.py:Training finished
