./bin/meta-cli.py --train data/wn18rr/train.tsv --dev data/wn18rr/dev.tsv --test data/wn18rr/test.tsv -m complex -k 2000 -b 100 -e 100 --F2 0.01 --N3 0 -l 0.1 -I reciprocal -V 3 -o adagrad -q
{'F2': 0.01,
 'N3': 0.0,
 'batch_size': 100,
 'dev': 'data/wn18rr/dev.tsv',
 'embedding_size': 2000,
 'epochs': 100,
 'eval_batch_size': None,
 'input_type': 'reciprocal',
 'learning_rate': 0.1,
 'load': None,
 'model': 'complex',
 'optimizer': 'adagrad',
 'quiet': True,
 'save': None,
 'seed': 0,
 'test': 'data/wn18rr/test.tsv',
 'test_i': None,
 'test_ii': None,
 'train': 'data/wn18rr/train.tsv',
 'validate_every': 3}
INFO:meta-cli.py:Device: cuda
INFO:meta-cli.py:Model state:
INFO:meta-cli.py:	entities.weight	torch.Size([40943, 4000])
INFO:meta-cli.py:	predicates.weight	torch.Size([22, 4000])
INFO:meta-cli.py:Epoch 1/100	Loss 16.7491 ± 3.7069
INFO:meta-cli.py:Epoch 2/100	Loss 7.7812 ± 0.3840
INFO:meta-cli.py:Epoch 3/100	Loss 6.7229 ± 0.1980
INFO:meta-cli.py:Epoch 3/100	dev results	MRR 0.437653	H@1 0.411503	H@3 0.446935	H@5 0.464568	H@10 0.484179
INFO:meta-cli.py:Epoch 3/100	test results	MRR 0.437865	H@1 0.412253	H@3 0.444959	H@5 0.463306	H@10 0.487715
INFO:meta-cli.py:Epoch 4/100	Loss 6.2911 ± 0.1810
INFO:meta-cli.py:Epoch 5/100	Loss 6.0133 ± 0.1743
INFO:meta-cli.py:Epoch 6/100	Loss 5.8034 ± 0.1712
INFO:meta-cli.py:Epoch 6/100	dev results	MRR 0.444983	H@1 0.417106	H@3 0.455010	H@5 0.472973	H@10 0.496210
INFO:meta-cli.py:Epoch 6/100	test results	MRR 0.447173	H@1 0.420230	H@3 0.455807	H@5 0.473835	H@10 0.500798
INFO:meta-cli.py:Epoch 7/100	Loss 5.6347 ± 0.1693
INFO:meta-cli.py:Epoch 8/100	Loss 5.4924 ± 0.1725
INFO:meta-cli.py:Epoch 9/100	Loss 5.3706 ± 0.1632
INFO:meta-cli.py:Epoch 9/100	dev results	MRR 0.447876	H@1 0.419743	H@3 0.457976	H@5 0.474786	H@10 0.503296
INFO:meta-cli.py:Epoch 9/100	test results	MRR 0.451254	H@1 0.422304	H@3 0.461710	H@5 0.480536	H@10 0.505584
INFO:meta-cli.py:Epoch 10/100	Loss 5.2612 ± 0.1650
INFO:meta-cli.py:Epoch 11/100	Loss 5.1668 ± 0.1686
INFO:meta-cli.py:Epoch 12/100	Loss 5.0811 ± 0.1682
INFO:meta-cli.py:Epoch 12/100	dev results	MRR 0.450983	H@1 0.423039	H@3 0.461107	H@5 0.477752	H@10 0.504944
INFO:meta-cli.py:Epoch 12/100	test results	MRR 0.453156	H@1 0.423421	H@3 0.462029	H@5 0.484684	H@10 0.512444
INFO:meta-cli.py:Epoch 13/100	Loss 5.0038 ± 0.1635
INFO:meta-cli.py:Epoch 14/100	Loss 4.9338 ± 0.1645
INFO:meta-cli.py:Epoch 15/100	Loss 4.8691 ± 0.1690
INFO:meta-cli.py:Epoch 15/100	dev results	MRR 0.452910	H@1 0.424687	H@3 0.461767	H@5 0.481048	H@10 0.508405
INFO:meta-cli.py:Epoch 15/100	test results	MRR 0.456076	H@1 0.427090	H@3 0.466975	H@5 0.485322	H@10 0.513401
INFO:meta-cli.py:Epoch 16/100	Loss 4.8091 ± 0.1619
INFO:meta-cli.py:Epoch 17/100	Loss 4.7546 ± 0.1616
INFO:meta-cli.py:Epoch 18/100	Loss 4.7031 ± 0.1696
INFO:meta-cli.py:Epoch 18/100	dev results	MRR 0.452328	H@1 0.422874	H@3 0.462591	H@5 0.484344	H@10 0.508570
INFO:meta-cli.py:Epoch 18/100	test results	MRR 0.457000	H@1 0.428207	H@3 0.466177	H@5 0.487715	H@10 0.513720
INFO:meta-cli.py:Epoch 19/100	Loss 4.6564 ± 0.1588
INFO:meta-cli.py:Epoch 20/100	Loss 4.6114 ± 0.1624
INFO:meta-cli.py:Epoch 21/100	Loss 4.5696 ± 0.1609
INFO:meta-cli.py:Epoch 21/100	dev results	MRR 0.453227	H@1 0.423698	H@3 0.463415	H@5 0.482861	H@10 0.511371
INFO:meta-cli.py:Epoch 21/100	test results	MRR 0.458244	H@1 0.429962	H@3 0.465539	H@5 0.487715	H@10 0.515475
INFO:meta-cli.py:Epoch 22/100	Loss 4.5308 ± 0.1657
INFO:meta-cli.py:Epoch 23/100	Loss 4.4939 ± 0.1617
INFO:meta-cli.py:Epoch 24/100	Loss 4.4594 ± 0.1631
INFO:meta-cli.py:Epoch 24/100	dev results	MRR 0.454332	H@1 0.425346	H@3 0.464733	H@5 0.483850	H@10 0.510712
INFO:meta-cli.py:Epoch 24/100	test results	MRR 0.457554	H@1 0.427888	H@3 0.467294	H@5 0.486918	H@10 0.515635
INFO:meta-cli.py:Epoch 25/100	Loss 4.4259 ± 0.1640
INFO:meta-cli.py:Epoch 26/100	Loss 4.3947 ± 0.1602
INFO:meta-cli.py:Epoch 27/100	Loss 4.3652 ± 0.1572
INFO:meta-cli.py:Epoch 27/100	dev results	MRR 0.454446	H@1 0.424522	H@3 0.464074	H@5 0.485168	H@10 0.513843
INFO:meta-cli.py:Epoch 27/100	test results	MRR 0.458167	H@1 0.428685	H@3 0.468890	H@5 0.487077	H@10 0.518985
INFO:meta-cli.py:Epoch 28/100	Loss 4.3371 ± 0.1620
INFO:meta-cli.py:Epoch 29/100	Loss 4.3104 ± 0.1642
INFO:meta-cli.py:Epoch 30/100	Loss 4.2848 ± 0.1579
INFO:meta-cli.py:Epoch 30/100	dev results	MRR 0.453943	H@1 0.423863	H@3 0.465392	H@5 0.484179	H@10 0.513184
INFO:meta-cli.py:Epoch 30/100	test results	MRR 0.457711	H@1 0.428207	H@3 0.468092	H@5 0.488034	H@10 0.515954
INFO:meta-cli.py:Epoch 31/100	Loss 4.2600 ± 0.1617
INFO:meta-cli.py:Epoch 32/100	Loss 4.2367 ± 0.1629
INFO:meta-cli.py:Epoch 33/100	Loss 4.2141 ± 0.1590
INFO:meta-cli.py:Epoch 33/100	dev results	MRR 0.455142	H@1 0.425346	H@3 0.464733	H@5 0.486322	H@10 0.514008
INFO:meta-cli.py:Epoch 33/100	test results	MRR 0.457767	H@1 0.428207	H@3 0.467773	H@5 0.488832	H@10 0.516911
INFO:meta-cli.py:Epoch 34/100	Loss 4.1925 ± 0.1618
INFO:meta-cli.py:Epoch 35/100	Loss 4.1722 ± 0.1567
INFO:meta-cli.py:Epoch 36/100	Loss 4.1520 ± 0.1612
INFO:meta-cli.py:Epoch 36/100	dev results	MRR 0.454849	H@1 0.424852	H@3 0.464733	H@5 0.485498	H@10 0.513843
INFO:meta-cli.py:Epoch 36/100	test results	MRR 0.457938	H@1 0.428047	H@3 0.469687	H@5 0.488354	H@10 0.517390
INFO:meta-cli.py:Epoch 37/100	Loss 4.1331 ± 0.1596
INFO:meta-cli.py:Epoch 38/100	Loss 4.1143 ± 0.1578
INFO:meta-cli.py:Epoch 39/100	Loss 4.0967 ± 0.1587
INFO:meta-cli.py:Epoch 39/100	dev results	MRR 0.455169	H@1 0.424852	H@3 0.467205	H@5 0.485662	H@10 0.514667
INFO:meta-cli.py:Epoch 39/100	test results	MRR 0.457609	H@1 0.428047	H@3 0.467294	H@5 0.487237	H@10 0.517709
INFO:meta-cli.py:Epoch 40/100	Loss 4.0793 ± 0.1569
INFO:meta-cli.py:Epoch 41/100	Loss 4.0628 ± 0.1603
INFO:meta-cli.py:Epoch 42/100	Loss 4.0468 ± 0.1640
INFO:meta-cli.py:Epoch 42/100	dev results	MRR 0.455004	H@1 0.425676	H@3 0.463744	H@5 0.485662	H@10 0.513514
INFO:meta-cli.py:Epoch 42/100	test results	MRR 0.457307	H@1 0.427888	H@3 0.466975	H@5 0.487875	H@10 0.516752
INFO:meta-cli.py:Epoch 43/100	Loss 4.0312 ± 0.1600
INFO:meta-cli.py:Epoch 44/100	Loss 4.0162 ± 0.1577
INFO:meta-cli.py:Epoch 45/100	Loss 4.0011 ± 0.1548
INFO:meta-cli.py:Epoch 45/100	dev results	MRR 0.455060	H@1 0.425181	H@3 0.463085	H@5 0.487310	H@10 0.513514
INFO:meta-cli.py:Epoch 45/100	test results	MRR 0.456843	H@1 0.426292	H@3 0.467454	H@5 0.487875	H@10 0.518188
INFO:meta-cli.py:Epoch 46/100	Loss 3.9873 ± 0.1556
INFO:meta-cli.py:Epoch 47/100	Loss 3.9739 ± 0.1577
INFO:meta-cli.py:Epoch 48/100	Loss 3.9605 ± 0.1601
INFO:meta-cli.py:Epoch 48/100	dev results	MRR 0.454086	H@1 0.423368	H@3 0.464403	H@5 0.486651	H@10 0.512195
INFO:meta-cli.py:Epoch 48/100	test results	MRR 0.456791	H@1 0.427250	H@3 0.466975	H@5 0.486918	H@10 0.516592
INFO:meta-cli.py:Epoch 49/100	Loss 3.9475 ± 0.1611
INFO:meta-cli.py:Epoch 50/100	Loss 3.9350 ± 0.1527
INFO:meta-cli.py:Epoch 51/100	Loss 3.9224 ± 0.1595
INFO:meta-cli.py:Epoch 51/100	dev results	MRR 0.455122	H@1 0.425676	H@3 0.464239	H@5 0.486486	H@10 0.511701
INFO:meta-cli.py:Epoch 51/100	test results	MRR 0.457358	H@1 0.428207	H@3 0.466177	H@5 0.486280	H@10 0.518188
INFO:meta-cli.py:Epoch 52/100	Loss 3.9108 ± 0.1534
INFO:meta-cli.py:Epoch 53/100	Loss 3.8992 ± 0.1544
INFO:meta-cli.py:Epoch 54/100	Loss 3.8877 ± 0.1563
INFO:meta-cli.py:Epoch 54/100	dev results	MRR 0.454728	H@1 0.424687	H@3 0.464898	H@5 0.486981	H@10 0.511866
INFO:meta-cli.py:Epoch 54/100	test results	MRR 0.457053	H@1 0.428207	H@3 0.465539	H@5 0.485322	H@10 0.517869
INFO:meta-cli.py:Epoch 55/100	Loss 3.8770 ± 0.1577
INFO:meta-cli.py:Epoch 56/100	Loss 3.8662 ± 0.1579
INFO:meta-cli.py:Epoch 57/100	Loss 3.8557 ± 0.1493
INFO:meta-cli.py:Epoch 57/100	dev results	MRR 0.454375	H@1 0.424192	H@3 0.464898	H@5 0.484179	H@10 0.511536
INFO:meta-cli.py:Epoch 57/100	test results	MRR 0.456702	H@1 0.427090	H@3 0.467135	H@5 0.486599	H@10 0.516911
INFO:meta-cli.py:Epoch 58/100	Loss 3.8455 ± 0.1569
INFO:meta-cli.py:Epoch 59/100	Loss 3.8355 ± 0.1574
INFO:meta-cli.py:Epoch 60/100	Loss 3.8258 ± 0.1509
INFO:meta-cli.py:Epoch 60/100	dev results	MRR 0.454059	H@1 0.424192	H@3 0.464898	H@5 0.484509	H@10 0.510218
INFO:meta-cli.py:Epoch 60/100	test results	MRR 0.456334	H@1 0.427090	H@3 0.466018	H@5 0.484525	H@10 0.517230
INFO:meta-cli.py:Epoch 61/100	Loss 3.8167 ± 0.1534
INFO:meta-cli.py:Epoch 62/100	Loss 3.8073 ± 0.1492
INFO:meta-cli.py:Epoch 63/100	Loss 3.7982 ± 0.1529
INFO:meta-cli.py:Epoch 63/100	dev results	MRR 0.454054	H@1 0.424687	H@3 0.464898	H@5 0.483850	H@10 0.510712
INFO:meta-cli.py:Epoch 63/100	test results	MRR 0.456327	H@1 0.427569	H@3 0.464901	H@5 0.483408	H@10 0.516114
INFO:meta-cli.py:Epoch 64/100	Loss 3.7891 ± 0.1547
INFO:meta-cli.py:Epoch 65/100	Loss 3.7804 ± 0.1587
INFO:meta-cli.py:Epoch 66/100	Loss 3.7722 ± 0.1541
INFO:meta-cli.py:Epoch 66/100	dev results	MRR 0.453832	H@1 0.424028	H@3 0.465392	H@5 0.483520	H@10 0.511042
INFO:meta-cli.py:Epoch 66/100	test results	MRR 0.456425	H@1 0.427250	H@3 0.465061	H@5 0.485801	H@10 0.516752
INFO:meta-cli.py:Epoch 67/100	Loss 3.7636 ± 0.1556
INFO:meta-cli.py:Epoch 68/100	Loss 3.7556 ± 0.1574
INFO:meta-cli.py:Epoch 69/100	Loss 3.7476 ± 0.1546
INFO:meta-cli.py:Epoch 69/100	dev results	MRR 0.453531	H@1 0.423863	H@3 0.464733	H@5 0.484509	H@10 0.511206
INFO:meta-cli.py:Epoch 69/100	test results	MRR 0.456583	H@1 0.428207	H@3 0.465539	H@5 0.485163	H@10 0.515475
INFO:meta-cli.py:Epoch 70/100	Loss 3.7399 ± 0.1516
INFO:meta-cli.py:Epoch 71/100	Loss 3.7322 ± 0.1523
INFO:meta-cli.py:Epoch 72/100	Loss 3.7247 ± 0.1539
INFO:meta-cli.py:Epoch 72/100	dev results	MRR 0.453033	H@1 0.423039	H@3 0.464733	H@5 0.482861	H@10 0.510547
INFO:meta-cli.py:Epoch 72/100	test results	MRR 0.455976	H@1 0.427090	H@3 0.465539	H@5 0.483886	H@10 0.514359
INFO:meta-cli.py:Epoch 73/100	Loss 3.7171 ± 0.1529
INFO:meta-cli.py:Epoch 74/100	Loss 3.7101 ± 0.1549
INFO:meta-cli.py:Epoch 75/100	Loss 3.7029 ± 0.1542
INFO:meta-cli.py:Epoch 75/100	dev results	MRR 0.453107	H@1 0.423368	H@3 0.464898	H@5 0.482367	H@10 0.510712
INFO:meta-cli.py:Epoch 75/100	test results	MRR 0.455697	H@1 0.427250	H@3 0.464742	H@5 0.482610	H@10 0.515156
INFO:meta-cli.py:Epoch 76/100	Loss 3.6960 ± 0.1529
INFO:meta-cli.py:Epoch 77/100	Loss 3.6891 ± 0.1515
INFO:meta-cli.py:Epoch 78/100	Loss 3.6825 ± 0.1496
INFO:meta-cli.py:Epoch 78/100	dev results	MRR 0.452211	H@1 0.422050	H@3 0.463744	H@5 0.483520	H@10 0.508734
INFO:meta-cli.py:Epoch 78/100	test results	MRR 0.454996	H@1 0.425973	H@3 0.464582	H@5 0.482291	H@10 0.513720
INFO:meta-cli.py:Epoch 79/100	Loss 3.6758 ± 0.1542
INFO:meta-cli.py:Epoch 80/100	Loss 3.6694 ± 0.1526
INFO:meta-cli.py:Epoch 81/100	Loss 3.6628 ± 0.1530
INFO:meta-cli.py:Epoch 81/100	dev results	MRR 0.452293	H@1 0.422874	H@3 0.463250	H@5 0.483355	H@10 0.508570
INFO:meta-cli.py:Epoch 81/100	test results	MRR 0.454854	H@1 0.426133	H@3 0.465380	H@5 0.481174	H@10 0.512923
INFO:meta-cli.py:Epoch 82/100	Loss 3.6565 ± 0.1508
INFO:meta-cli.py:Epoch 83/100	Loss nan ± nan
INFO:meta-cli.py:Epoch 84/100	Loss nan ± nan
INFO:meta-cli.py:Epoch 84/100	dev results	MRR 0.000634	H@1 0.000165	H@3 0.000659	H@5 0.000989	H@10 0.000989
INFO:meta-cli.py:Epoch 84/100	test results	MRR 0.000383	H@1 0.000160	H@3 0.000160	H@5 0.000160	H@10 0.000160
INFO:meta-cli.py:Epoch 85/100	Loss nan ± nan
INFO:meta-cli.py:Epoch 86/100	Loss nan ± nan
INFO:meta-cli.py:Epoch 87/100	Loss nan ± nan
INFO:meta-cli.py:Epoch 87/100	dev results	MRR 0.000634	H@1 0.000165	H@3 0.000659	H@5 0.000989	H@10 0.000989
INFO:meta-cli.py:Epoch 87/100	test results	MRR 0.000383	H@1 0.000160	H@3 0.000160	H@5 0.000160	H@10 0.000160
INFO:meta-cli.py:Epoch 88/100	Loss nan ± nan
INFO:meta-cli.py:Epoch 89/100	Loss nan ± nan
INFO:meta-cli.py:Epoch 90/100	Loss nan ± nan
INFO:meta-cli.py:Epoch 90/100	dev results	MRR 0.000634	H@1 0.000165	H@3 0.000659	H@5 0.000989	H@10 0.000989
INFO:meta-cli.py:Epoch 90/100	test results	MRR 0.000383	H@1 0.000160	H@3 0.000160	H@5 0.000160	H@10 0.000160
INFO:meta-cli.py:Epoch 91/100	Loss nan ± nan
INFO:meta-cli.py:Epoch 92/100	Loss nan ± nan
INFO:meta-cli.py:Epoch 93/100	Loss nan ± nan
INFO:meta-cli.py:Epoch 93/100	dev results	MRR 0.000634	H@1 0.000165	H@3 0.000659	H@5 0.000989	H@10 0.000989
INFO:meta-cli.py:Epoch 93/100	test results	MRR 0.000383	H@1 0.000160	H@3 0.000160	H@5 0.000160	H@10 0.000160
INFO:meta-cli.py:Epoch 94/100	Loss nan ± nan
INFO:meta-cli.py:Epoch 95/100	Loss nan ± nan
INFO:meta-cli.py:Epoch 96/100	Loss nan ± nan
INFO:meta-cli.py:Epoch 96/100	dev results	MRR 0.000634	H@1 0.000165	H@3 0.000659	H@5 0.000989	H@10 0.000989
INFO:meta-cli.py:Epoch 96/100	test results	MRR 0.000383	H@1 0.000160	H@3 0.000160	H@5 0.000160	H@10 0.000160
INFO:meta-cli.py:Epoch 97/100	Loss nan ± nan
INFO:meta-cli.py:Epoch 98/100	Loss nan ± nan
INFO:meta-cli.py:Epoch 99/100	Loss nan ± nan
INFO:meta-cli.py:Epoch 99/100	dev results	MRR 0.000634	H@1 0.000165	H@3 0.000659	H@5 0.000989	H@10 0.000989
INFO:meta-cli.py:Epoch 99/100	test results	MRR 0.000383	H@1 0.000160	H@3 0.000160	H@5 0.000160	H@10 0.000160
INFO:meta-cli.py:Epoch 100/100	Loss nan ± nan
INFO:meta-cli.py:Final 	dev results	MRR 0.000634	H@1 0.000165	H@3 0.000659	H@5 0.000989	H@10 0.000989
INFO:meta-cli.py:Final 	test results	MRR 0.000383	H@1 0.000160	H@3 0.000160	H@5 0.000160	H@10 0.000160
INFO:meta-cli.py:Training finished
