./bin/meta-cli.py --train data/wn18rr/train.tsv --dev data/wn18rr/dev.tsv --test data/wn18rr/test.tsv -m complex -k 1000 -b 1000 -e 100 --F2 0 --N3 0.01 -l 0.1 -I reciprocal -V 3 -o adagrad -q
{'F2': 0.0,
 'N3': 0.01,
 'batch_size': 1000,
 'dev': 'data/wn18rr/dev.tsv',
 'embedding_size': 1000,
 'epochs': 100,
 'eval_batch_size': None,
 'input_type': 'reciprocal',
 'learning_rate': 0.1,
 'load': None,
 'model': 'complex',
 'optimizer': 'adagrad',
 'quiet': True,
 'save': None,
 'seed': 0,
 'test': 'data/wn18rr/test.tsv',
 'test_i': None,
 'test_ii': None,
 'train': 'data/wn18rr/train.tsv',
 'validate_every': 3}
INFO:meta-cli.py:Device: cuda
INFO:meta-cli.py:Model state:
INFO:meta-cli.py:	entities.weight	torch.Size([40943, 2000])
INFO:meta-cli.py:	predicates.weight	torch.Size([22, 2000])
INFO:meta-cli.py:Epoch 1/100	Loss 14.6997 ± 4.1329
INFO:meta-cli.py:Epoch 2/100	Loss 5.2018 ± 0.2667
INFO:meta-cli.py:Epoch 3/100	Loss 4.2864 ± 0.0903
INFO:meta-cli.py:Epoch 3/100	dev results	MRR 0.436322	H@1 0.414469	H@3 0.441826	H@5 0.458965	H@10 0.478411
INFO:meta-cli.py:Epoch 3/100	test results	MRR 0.433072	H@1 0.411136	H@3 0.441608	H@5 0.453893	H@10 0.474793
INFO:meta-cli.py:Epoch 4/100	Loss 3.9736 ± 0.0908
INFO:meta-cli.py:Epoch 5/100	Loss 3.7952 ± 0.0937
INFO:meta-cli.py:Epoch 6/100	Loss 3.6720 ± 0.1022
INFO:meta-cli.py:Epoch 6/100	dev results	MRR 0.445429	H@1 0.420897	H@3 0.453856	H@5 0.471325	H@10 0.491430
INFO:meta-cli.py:Epoch 6/100	test results	MRR 0.443950	H@1 0.421506	H@3 0.450542	H@5 0.464901	H@10 0.488513
INFO:meta-cli.py:Epoch 7/100	Loss 3.5814 ± 0.1013
INFO:meta-cli.py:Epoch 8/100	Loss 3.5081 ± 0.1097
INFO:meta-cli.py:Epoch 9/100	Loss 3.4513 ± 0.1012
INFO:meta-cli.py:Epoch 9/100	dev results	MRR 0.450652	H@1 0.426664	H@3 0.458965	H@5 0.475610	H@10 0.495386
INFO:meta-cli.py:Epoch 9/100	test results	MRR 0.450375	H@1 0.425495	H@3 0.458041	H@5 0.475750	H@10 0.498883
INFO:meta-cli.py:Epoch 10/100	Loss 3.3997 ± 0.1065
INFO:meta-cli.py:Epoch 11/100	Loss 3.3588 ± 0.1109
INFO:meta-cli.py:Epoch 12/100	Loss 3.3235 ± 0.1072
INFO:meta-cli.py:Epoch 12/100	dev results	MRR 0.454155	H@1 0.429301	H@3 0.462755	H@5 0.480389	H@10 0.501154
INFO:meta-cli.py:Epoch 12/100	test results	MRR 0.454378	H@1 0.429483	H@3 0.463306	H@5 0.478462	H@10 0.502872
INFO:meta-cli.py:Epoch 13/100	Loss 3.2911 ± 0.1010
INFO:meta-cli.py:Epoch 14/100	Loss 3.2641 ± 0.1048
INFO:meta-cli.py:Epoch 15/100	Loss 3.2393 ± 0.1124
INFO:meta-cli.py:Epoch 15/100	dev results	MRR 0.457002	H@1 0.431938	H@3 0.466051	H@5 0.482202	H@10 0.504120
INFO:meta-cli.py:Epoch 15/100	test results	MRR 0.456592	H@1 0.430121	H@3 0.466975	H@5 0.481972	H@10 0.505903
INFO:meta-cli.py:Epoch 16/100	Loss 3.2169 ± 0.1084
INFO:meta-cli.py:Epoch 17/100	Loss 3.1971 ± 0.1081
INFO:meta-cli.py:Epoch 18/100	Loss 3.1784 ± 0.1097
INFO:meta-cli.py:Epoch 18/100	dev results	MRR 0.459117	H@1 0.433256	H@3 0.469347	H@5 0.486651	H@10 0.508075
INFO:meta-cli.py:Epoch 18/100	test results	MRR 0.458940	H@1 0.431876	H@3 0.469528	H@5 0.485322	H@10 0.510689
INFO:meta-cli.py:Epoch 19/100	Loss 3.1627 ± 0.1048
INFO:meta-cli.py:Epoch 20/100	Loss 3.1466 ± 0.1060
INFO:meta-cli.py:Epoch 21/100	Loss 3.1322 ± 0.1022
INFO:meta-cli.py:Epoch 21/100	dev results	MRR 0.460206	H@1 0.433751	H@3 0.469677	H@5 0.486816	H@10 0.510547
INFO:meta-cli.py:Epoch 21/100	test results	MRR 0.461478	H@1 0.434907	H@3 0.470485	H@5 0.488194	H@10 0.512444
INFO:meta-cli.py:Epoch 22/100	Loss 3.1197 ± 0.1063
INFO:meta-cli.py:Epoch 23/100	Loss 3.1076 ± 0.1036
INFO:meta-cli.py:Epoch 24/100	Loss 3.0968 ± 0.1055
INFO:meta-cli.py:Epoch 24/100	dev results	MRR 0.461891	H@1 0.435234	H@3 0.472479	H@5 0.490112	H@10 0.511866
INFO:meta-cli.py:Epoch 24/100	test results	MRR 0.462061	H@1 0.434429	H@3 0.472719	H@5 0.490587	H@10 0.513561
INFO:meta-cli.py:Epoch 25/100	Loss 3.0854 ± 0.1023
INFO:meta-cli.py:Epoch 26/100	Loss 3.0747 ± 0.1019
INFO:meta-cli.py:Epoch 27/100	Loss 3.0662 ± 0.0970
INFO:meta-cli.py:Epoch 27/100	dev results	MRR 0.463047	H@1 0.436058	H@3 0.472808	H@5 0.490606	H@10 0.511866
INFO:meta-cli.py:Epoch 27/100	test results	MRR 0.462871	H@1 0.434907	H@3 0.473995	H@5 0.492183	H@10 0.514359
INFO:meta-cli.py:Epoch 28/100	Loss 3.0571 ± 0.1048
INFO:meta-cli.py:Epoch 29/100	Loss 3.0489 ± 0.1036
INFO:meta-cli.py:Epoch 30/100	Loss 3.0414 ± 0.0930
INFO:meta-cli.py:Epoch 30/100	dev results	MRR 0.463074	H@1 0.436058	H@3 0.472314	H@5 0.490442	H@10 0.514667
INFO:meta-cli.py:Epoch 30/100	test results	MRR 0.464952	H@1 0.437939	H@3 0.473995	H@5 0.493299	H@10 0.518028
INFO:meta-cli.py:Epoch 31/100	Loss 3.0335 ± 0.1041
INFO:meta-cli.py:Epoch 32/100	Loss 3.0265 ± 0.1020
INFO:meta-cli.py:Epoch 33/100	Loss 3.0197 ± 0.0991
INFO:meta-cli.py:Epoch 33/100	dev results	MRR 0.464363	H@1 0.437376	H@3 0.473467	H@5 0.493078	H@10 0.516809
INFO:meta-cli.py:Epoch 33/100	test results	MRR 0.464275	H@1 0.435546	H@3 0.475431	H@5 0.495852	H@10 0.518347
INFO:meta-cli.py:Epoch 34/100	Loss 3.0131 ± 0.1027
INFO:meta-cli.py:Epoch 35/100	Loss 3.0072 ± 0.0953
INFO:meta-cli.py:Epoch 36/100	Loss 3.0012 ± 0.0949
INFO:meta-cli.py:Epoch 36/100	dev results	MRR 0.464602	H@1 0.437706	H@3 0.474621	H@5 0.492584	H@10 0.516645
INFO:meta-cli.py:Epoch 36/100	test results	MRR 0.465537	H@1 0.436822	H@3 0.477505	H@5 0.495214	H@10 0.520581
INFO:meta-cli.py:Epoch 37/100	Loss 2.9958 ± 0.0985
INFO:meta-cli.py:Epoch 38/100	Loss 2.9904 ± 0.0984
INFO:meta-cli.py:Epoch 39/100	Loss 2.9852 ± 0.1010
INFO:meta-cli.py:Epoch 39/100	dev results	MRR 0.464897	H@1 0.437706	H@3 0.473467	H@5 0.493408	H@10 0.518128
INFO:meta-cli.py:Epoch 39/100	test results	MRR 0.464868	H@1 0.434748	H@3 0.477026	H@5 0.496969	H@10 0.520102
INFO:meta-cli.py:Epoch 40/100	Loss 2.9802 ± 0.0934
INFO:meta-cli.py:Epoch 41/100	Loss 2.9752 ± 0.0962
INFO:meta-cli.py:Epoch 42/100	Loss 2.9712 ± 0.0994
INFO:meta-cli.py:Epoch 42/100	dev results	MRR 0.466162	H@1 0.438365	H@3 0.475610	H@5 0.495056	H@10 0.518787
INFO:meta-cli.py:Epoch 42/100	test results	MRR 0.467033	H@1 0.437301	H@3 0.479419	H@5 0.499043	H@10 0.523133
INFO:meta-cli.py:Epoch 43/100	Loss 2.9667 ± 0.1003
INFO:meta-cli.py:Epoch 44/100	Loss 2.9621 ± 0.0908
INFO:meta-cli.py:Epoch 45/100	Loss 2.9573 ± 0.0892
INFO:meta-cli.py:Epoch 45/100	dev results	MRR 0.466385	H@1 0.438860	H@3 0.474291	H@5 0.495880	H@10 0.519776
INFO:meta-cli.py:Epoch 45/100	test results	MRR 0.467327	H@1 0.436822	H@3 0.480377	H@5 0.500638	H@10 0.522974
INFO:meta-cli.py:Epoch 46/100	Loss 2.9535 ± 0.0959
INFO:meta-cli.py:Epoch 47/100	Loss 2.9501 ± 0.0982
INFO:meta-cli.py:Epoch 48/100	Loss 2.9464 ± 0.0979
INFO:meta-cli.py:Epoch 48/100	dev results	MRR 0.466613	H@1 0.439354	H@3 0.474291	H@5 0.497198	H@10 0.520270
INFO:meta-cli.py:Epoch 48/100	test results	MRR 0.467686	H@1 0.437779	H@3 0.480536	H@5 0.499521	H@10 0.523133
INFO:meta-cli.py:Epoch 49/100	Loss 2.9426 ± 0.0947
INFO:meta-cli.py:Epoch 50/100	Loss 2.9394 ± 0.0911
INFO:meta-cli.py:Epoch 51/100	Loss 2.9356 ± 0.0912
INFO:meta-cli.py:Epoch 51/100	dev results	MRR 0.467212	H@1 0.439189	H@3 0.476269	H@5 0.497528	H@10 0.521753
INFO:meta-cli.py:Epoch 51/100	test results	MRR 0.468486	H@1 0.438258	H@3 0.481653	H@5 0.501276	H@10 0.524569
INFO:meta-cli.py:Epoch 52/100	Loss 2.9325 ± 0.0850
INFO:meta-cli.py:Epoch 53/100	Loss 2.9296 ± 0.0885
INFO:meta-cli.py:Epoch 54/100	Loss 2.9260 ± 0.0935
INFO:meta-cli.py:Epoch 54/100	dev results	MRR 0.467148	H@1 0.438860	H@3 0.477752	H@5 0.498187	H@10 0.522413
INFO:meta-cli.py:Epoch 54/100	test results	MRR 0.468080	H@1 0.437460	H@3 0.482451	H@5 0.500319	H@10 0.524729
INFO:meta-cli.py:Epoch 55/100	Loss 2.9230 ± 0.0907
INFO:meta-cli.py:Epoch 56/100	Loss 2.9202 ± 0.0878
INFO:meta-cli.py:Epoch 57/100	Loss 2.9170 ± 0.0838
INFO:meta-cli.py:Epoch 57/100	dev results	MRR 0.467025	H@1 0.439354	H@3 0.475445	H@5 0.497363	H@10 0.521094
INFO:meta-cli.py:Epoch 57/100	test results	MRR 0.469632	H@1 0.439694	H@3 0.482929	H@5 0.501436	H@10 0.525686
INFO:meta-cli.py:Epoch 58/100	Loss 2.9145 ± 0.0903
INFO:meta-cli.py:Epoch 59/100	Loss 2.9117 ± 0.0894
INFO:meta-cli.py:Epoch 60/100	Loss 2.9092 ± 0.0926
INFO:meta-cli.py:Epoch 60/100	dev results	MRR 0.467149	H@1 0.438860	H@3 0.476104	H@5 0.497363	H@10 0.522907
INFO:meta-cli.py:Epoch 60/100	test results	MRR 0.468017	H@1 0.436981	H@3 0.481653	H@5 0.501755	H@10 0.526165
INFO:meta-cli.py:Epoch 61/100	Loss 2.9069 ± 0.0864
INFO:meta-cli.py:Epoch 62/100	Loss 2.9045 ± 0.0853
INFO:meta-cli.py:Epoch 63/100	Loss 2.9017 ± 0.0921
INFO:meta-cli.py:Epoch 63/100	dev results	MRR 0.467923	H@1 0.439189	H@3 0.478247	H@5 0.500330	H@10 0.523566
INFO:meta-cli.py:Epoch 63/100	test results	MRR 0.468709	H@1 0.436662	H@3 0.483727	H@5 0.501914	H@10 0.526005
INFO:meta-cli.py:Epoch 64/100	Loss 2.8991 ± 0.0883
INFO:meta-cli.py:Epoch 65/100	Loss 2.8969 ± 0.0948
INFO:meta-cli.py:Epoch 66/100	Loss 2.8946 ± 0.0876
INFO:meta-cli.py:Epoch 66/100	dev results	MRR 0.467558	H@1 0.438036	H@3 0.477752	H@5 0.500165	H@10 0.523237
INFO:meta-cli.py:Epoch 66/100	test results	MRR 0.468483	H@1 0.437141	H@3 0.482610	H@5 0.502074	H@10 0.526324
INFO:meta-cli.py:Epoch 67/100	Loss 2.8922 ± 0.0858
INFO:meta-cli.py:Epoch 68/100	Loss 2.8906 ± 0.0908
INFO:meta-cli.py:Epoch 69/100	Loss 2.8881 ± 0.0878
INFO:meta-cli.py:Epoch 69/100	dev results	MRR 0.467944	H@1 0.439519	H@3 0.476928	H@5 0.500659	H@10 0.522577
INFO:meta-cli.py:Epoch 69/100	test results	MRR 0.468904	H@1 0.437301	H@3 0.484684	H@5 0.502553	H@10 0.527441
INFO:meta-cli.py:Epoch 70/100	Loss 2.8862 ± 0.0863
INFO:meta-cli.py:Epoch 71/100	Loss 2.8843 ± 0.0868
INFO:meta-cli.py:Epoch 72/100	Loss 2.8823 ± 0.0850
INFO:meta-cli.py:Epoch 72/100	dev results	MRR 0.469064	H@1 0.440837	H@3 0.477752	H@5 0.501978	H@10 0.524225
INFO:meta-cli.py:Epoch 72/100	test results	MRR 0.469941	H@1 0.438736	H@3 0.484365	H@5 0.502234	H@10 0.527601
INFO:meta-cli.py:Epoch 73/100	Loss 2.8798 ± 0.0851
INFO:meta-cli.py:Epoch 74/100	Loss 2.8779 ± 0.0897
INFO:meta-cli.py:Epoch 75/100	Loss 2.8762 ± 0.0869
INFO:meta-cli.py:Epoch 75/100	dev results	MRR 0.468404	H@1 0.439519	H@3 0.478082	H@5 0.501813	H@10 0.524225
INFO:meta-cli.py:Epoch 75/100	test results	MRR 0.469848	H@1 0.438896	H@3 0.482451	H@5 0.503031	H@10 0.528717
INFO:meta-cli.py:Epoch 76/100	Loss 2.8745 ± 0.0837
INFO:meta-cli.py:Epoch 77/100	Loss 2.8728 ± 0.0833
INFO:meta-cli.py:Epoch 78/100	Loss 2.8709 ± 0.0764
INFO:meta-cli.py:Epoch 78/100	dev results	MRR 0.467959	H@1 0.438036	H@3 0.480059	H@5 0.501648	H@10 0.523566
INFO:meta-cli.py:Epoch 78/100	test results	MRR 0.469506	H@1 0.437939	H@3 0.484046	H@5 0.503191	H@10 0.529515
INFO:meta-cli.py:Epoch 79/100	Loss 2.8692 ± 0.0849
INFO:meta-cli.py:Epoch 80/100	Loss 2.8677 ± 0.0801
INFO:meta-cli.py:Epoch 81/100	Loss 2.8654 ± 0.0886
INFO:meta-cli.py:Epoch 81/100	dev results	MRR 0.468281	H@1 0.439024	H@3 0.479400	H@5 0.500494	H@10 0.524885
INFO:meta-cli.py:Epoch 81/100	test results	MRR 0.470050	H@1 0.439056	H@3 0.483886	H@5 0.503031	H@10 0.527441
INFO:meta-cli.py:Epoch 82/100	Loss 2.8639 ± 0.0870
INFO:meta-cli.py:Epoch 83/100	Loss 2.8625 ± 0.0868
INFO:meta-cli.py:Epoch 84/100	Loss 2.8605 ± 0.0891
INFO:meta-cli.py:Epoch 84/100	dev results	MRR 0.468080	H@1 0.437871	H@3 0.480224	H@5 0.501978	H@10 0.524390
INFO:meta-cli.py:Epoch 84/100	test results	MRR 0.470176	H@1 0.438736	H@3 0.485163	H@5 0.503350	H@10 0.528398
INFO:meta-cli.py:Epoch 85/100	Loss 2.8593 ± 0.0816
INFO:meta-cli.py:Epoch 86/100	Loss 2.8577 ± 0.0821
INFO:meta-cli.py:Epoch 87/100	Loss 2.8564 ± 0.0851
INFO:meta-cli.py:Epoch 87/100	dev results	MRR 0.468051	H@1 0.438036	H@3 0.478576	H@5 0.502142	H@10 0.526368
INFO:meta-cli.py:Epoch 87/100	test results	MRR 0.470127	H@1 0.438417	H@3 0.484684	H@5 0.502872	H@10 0.529196
INFO:meta-cli.py:Epoch 88/100	Loss 2.8549 ± 0.0890
INFO:meta-cli.py:Epoch 89/100	Loss 2.8532 ± 0.0820
INFO:meta-cli.py:Epoch 90/100	Loss 2.8521 ± 0.0843
INFO:meta-cli.py:Epoch 90/100	dev results	MRR 0.467977	H@1 0.437871	H@3 0.480059	H@5 0.501978	H@10 0.525379
INFO:meta-cli.py:Epoch 90/100	test results	MRR 0.469813	H@1 0.437939	H@3 0.484365	H@5 0.503669	H@10 0.529994
INFO:meta-cli.py:Epoch 91/100	Loss 2.8508 ± 0.0849
INFO:meta-cli.py:Epoch 92/100	Loss 2.8495 ± 0.0894
INFO:meta-cli.py:Epoch 93/100	Loss 2.8483 ± 0.0789
INFO:meta-cli.py:Epoch 93/100	dev results	MRR 0.468292	H@1 0.437871	H@3 0.480059	H@5 0.501154	H@10 0.525379
INFO:meta-cli.py:Epoch 93/100	test results	MRR 0.470184	H@1 0.438258	H@3 0.484844	H@5 0.503031	H@10 0.529834
INFO:meta-cli.py:Epoch 94/100	Loss 2.8468 ± 0.0806
INFO:meta-cli.py:Epoch 95/100	Loss 2.8452 ± 0.0866
INFO:meta-cli.py:Epoch 96/100	Loss 2.8441 ± 0.0826
INFO:meta-cli.py:Epoch 96/100	dev results	MRR 0.468726	H@1 0.439189	H@3 0.478906	H@5 0.501813	H@10 0.526038
INFO:meta-cli.py:Epoch 96/100	test results	MRR 0.470196	H@1 0.438098	H@3 0.484844	H@5 0.503510	H@10 0.530472
INFO:meta-cli.py:Epoch 97/100	Loss 2.8427 ± 0.0853
INFO:meta-cli.py:Epoch 98/100	Loss 2.8414 ± 0.0882
INFO:meta-cli.py:Epoch 99/100	Loss 2.8403 ± 0.0843
INFO:meta-cli.py:Epoch 99/100	dev results	MRR 0.469054	H@1 0.439684	H@3 0.479730	H@5 0.501318	H@10 0.525873
INFO:meta-cli.py:Epoch 99/100	test results	MRR 0.469772	H@1 0.437301	H@3 0.485003	H@5 0.503191	H@10 0.530313
INFO:meta-cli.py:Epoch 100/100	Loss 2.8389 ± 0.0829
INFO:meta-cli.py:Final 	dev results	MRR 0.469070	H@1 0.439354	H@3 0.479565	H@5 0.502307	H@10 0.526533
INFO:meta-cli.py:Final 	test results	MRR 0.470251	H@1 0.438417	H@3 0.483886	H@5 0.503989	H@10 0.530632
INFO:meta-cli.py:Training finished
