./bin/meta-cli.py --train data/wn18rr/train.tsv --dev data/wn18rr/dev.tsv --test data/wn18rr/test.tsv -m complex -k 2000 -b 500 -e 100 --F2 0.01 --N3 0 -l 0.1 -I standard -V 3 -o adagrad -q
{'F2': 0.01,
 'N3': 0.0,
 'batch_size': 500,
 'dev': 'data/wn18rr/dev.tsv',
 'embedding_size': 2000,
 'epochs': 100,
 'eval_batch_size': None,
 'input_type': 'standard',
 'learning_rate': 0.1,
 'load': None,
 'model': 'complex',
 'optimizer': 'adagrad',
 'quiet': True,
 'save': None,
 'seed': 0,
 'test': 'data/wn18rr/test.tsv',
 'test_i': None,
 'test_ii': None,
 'train': 'data/wn18rr/train.tsv',
 'validate_every': 3}
INFO:meta-cli.py:Device: cuda
INFO:meta-cli.py:Model state:
INFO:meta-cli.py:	entities.weight	torch.Size([40943, 4000])
INFO:meta-cli.py:	predicates.weight	torch.Size([11, 4000])
INFO:meta-cli.py:Epoch 1/100	Loss 20.8686 ± 1.3207
INFO:meta-cli.py:Epoch 2/100	Loss 12.8920 ± 0.3166
INFO:meta-cli.py:Epoch 3/100	Loss 7.7104 ± 0.3446
INFO:meta-cli.py:Epoch 3/100	dev results	MRR 0.432816	H@1 0.407218	H@3 0.441661	H@5 0.459130	H@10 0.480719
INFO:meta-cli.py:Epoch 3/100	test results	MRR 0.435825	H@1 0.411136	H@3 0.445756	H@5 0.460434	H@10 0.481972
INFO:meta-cli.py:Epoch 4/100	Loss 6.5925 ± 0.2420
INFO:meta-cli.py:Epoch 5/100	Loss 6.0935 ± 0.2414
INFO:meta-cli.py:Epoch 6/100	Loss 5.8102 ± 0.2353
INFO:meta-cli.py:Epoch 6/100	dev results	MRR 0.446435	H@1 0.419084	H@3 0.455669	H@5 0.474621	H@10 0.497858
INFO:meta-cli.py:Epoch 6/100	test results	MRR 0.446837	H@1 0.419432	H@3 0.454371	H@5 0.475271	H@10 0.499840
INFO:meta-cli.py:Epoch 7/100	Loss 5.6037 ± 0.2252
INFO:meta-cli.py:Epoch 8/100	Loss 5.4473 ± 0.2298
INFO:meta-cli.py:Epoch 9/100	Loss 5.3171 ± 0.2188
INFO:meta-cli.py:Epoch 9/100	dev results	MRR 0.452011	H@1 0.423863	H@3 0.460778	H@5 0.481213	H@10 0.505603
INFO:meta-cli.py:Epoch 9/100	test results	MRR 0.454271	H@1 0.424856	H@3 0.465061	H@5 0.484046	H@10 0.509732
INFO:meta-cli.py:Epoch 10/100	Loss 5.2075 ± 0.2105
INFO:meta-cli.py:Epoch 11/100	Loss 5.1143 ± 0.2081
INFO:meta-cli.py:Epoch 12/100	Loss 5.0338 ± 0.2116
INFO:meta-cli.py:Epoch 12/100	dev results	MRR 0.454865	H@1 0.426500	H@3 0.463579	H@5 0.482531	H@10 0.509888
INFO:meta-cli.py:Epoch 12/100	test results	MRR 0.456500	H@1 0.425175	H@3 0.468890	H@5 0.487077	H@10 0.516273
INFO:meta-cli.py:Epoch 13/100	Loss 4.9595 ± 0.1982
INFO:meta-cli.py:Epoch 14/100	Loss 4.8935 ± 0.2037
INFO:meta-cli.py:Epoch 15/100	Loss 4.8335 ± 0.1972
INFO:meta-cli.py:Epoch 15/100	dev results	MRR 0.455934	H@1 0.426664	H@3 0.465063	H@5 0.485003	H@10 0.514502
INFO:meta-cli.py:Epoch 15/100	test results	MRR 0.458309	H@1 0.426292	H@3 0.469847	H@5 0.492661	H@10 0.522017
INFO:meta-cli.py:Epoch 16/100	Loss 4.7797 ± 0.1939
INFO:meta-cli.py:Epoch 17/100	Loss 4.7289 ± 0.1905
INFO:meta-cli.py:Epoch 18/100	Loss 4.6830 ± 0.1774
INFO:meta-cli.py:Epoch 18/100	dev results	MRR 0.457404	H@1 0.427653	H@3 0.466711	H@5 0.486816	H@10 0.518457
INFO:meta-cli.py:Epoch 18/100	test results	MRR 0.459648	H@1 0.426930	H@3 0.472559	H@5 0.493937	H@10 0.523772
INFO:meta-cli.py:Epoch 19/100	Loss 4.6400 ± 0.1813
INFO:meta-cli.py:Epoch 20/100	Loss 4.6003 ± 0.1788
INFO:meta-cli.py:Epoch 21/100	Loss 4.5627 ± 0.1719
INFO:meta-cli.py:Epoch 21/100	dev results	MRR 0.457046	H@1 0.426335	H@3 0.467205	H@5 0.487640	H@10 0.517469
INFO:meta-cli.py:Epoch 21/100	test results	MRR 0.460158	H@1 0.426292	H@3 0.473676	H@5 0.496969	H@10 0.524250
INFO:meta-cli.py:Epoch 22/100	Loss 4.5270 ± 0.1832
INFO:meta-cli.py:Epoch 23/100	Loss 4.4930 ± 0.1707
INFO:meta-cli.py:Epoch 24/100	Loss 4.4626 ± 0.1763
INFO:meta-cli.py:Epoch 24/100	dev results	MRR 0.460005	H@1 0.430620	H@3 0.468359	H@5 0.489288	H@10 0.516480
INFO:meta-cli.py:Epoch 24/100	test results	MRR 0.461570	H@1 0.427728	H@3 0.474154	H@5 0.497607	H@10 0.526484
INFO:meta-cli.py:Epoch 25/100	Loss 4.4318 ± 0.1689
INFO:meta-cli.py:Epoch 26/100	Loss 4.4032 ± 0.1687
INFO:meta-cli.py:Epoch 27/100	Loss 4.3761 ± 0.1712
INFO:meta-cli.py:Epoch 27/100	dev results	MRR 0.459992	H@1 0.430620	H@3 0.468359	H@5 0.489947	H@10 0.518952
INFO:meta-cli.py:Epoch 27/100	test results	MRR 0.461188	H@1 0.427090	H@3 0.473995	H@5 0.497607	H@10 0.527122
INFO:meta-cli.py:Epoch 28/100	Loss 4.3504 ± 0.1672
INFO:meta-cli.py:Epoch 29/100	Loss 4.3256 ± 0.1683
INFO:meta-cli.py:Epoch 30/100	Loss 4.3024 ± 0.1529
INFO:meta-cli.py:Epoch 30/100	dev results	MRR 0.460361	H@1 0.429960	H@3 0.470501	H@5 0.489618	H@10 0.520600
INFO:meta-cli.py:Epoch 30/100	test results	MRR 0.461634	H@1 0.426930	H@3 0.475271	H@5 0.498245	H@10 0.528398
INFO:meta-cli.py:Epoch 31/100	Loss 4.2788 ± 0.1616
INFO:meta-cli.py:Epoch 32/100	Loss 4.2570 ± 0.1621
INFO:meta-cli.py:Epoch 33/100	Loss 4.2362 ± 0.1608
INFO:meta-cli.py:Epoch 33/100	dev results	MRR 0.460537	H@1 0.430784	H@3 0.468029	H@5 0.489288	H@10 0.521259
INFO:meta-cli.py:Epoch 33/100	test results	MRR 0.461750	H@1 0.427409	H@3 0.474793	H@5 0.498564	H@10 0.527441
INFO:meta-cli.py:Epoch 34/100	Loss 4.2162 ± 0.1513
INFO:meta-cli.py:Epoch 35/100	Loss 4.1966 ± 0.1551
INFO:meta-cli.py:Epoch 36/100	Loss 4.1778 ± 0.1495
INFO:meta-cli.py:Epoch 36/100	dev results	MRR 0.460261	H@1 0.430125	H@3 0.469347	H@5 0.490112	H@10 0.521259
INFO:meta-cli.py:Epoch 36/100	test results	MRR 0.462028	H@1 0.427250	H@3 0.475431	H@5 0.501436	H@10 0.528398
INFO:meta-cli.py:Epoch 37/100	Loss 4.1596 ± 0.1485
INFO:meta-cli.py:Epoch 38/100	Loss 4.1424 ± 0.1562
INFO:meta-cli.py:Epoch 39/100	Loss 4.1252 ± 0.1501
INFO:meta-cli.py:Epoch 39/100	dev results	MRR 0.460450	H@1 0.429960	H@3 0.469018	H@5 0.490277	H@10 0.521589
INFO:meta-cli.py:Epoch 39/100	test results	MRR 0.461642	H@1 0.426930	H@3 0.474154	H@5 0.499521	H@10 0.530791
INFO:meta-cli.py:Epoch 40/100	Loss 4.1092 ± 0.1440
INFO:meta-cli.py:Epoch 41/100	Loss 4.0934 ± 0.1478
INFO:meta-cli.py:Epoch 42/100	Loss 4.0779 ± 0.1414
INFO:meta-cli.py:Epoch 42/100	dev results	MRR 0.460582	H@1 0.430290	H@3 0.468853	H@5 0.490771	H@10 0.522907
INFO:meta-cli.py:Epoch 42/100	test results	MRR 0.461753	H@1 0.426452	H@3 0.476388	H@5 0.500479	H@10 0.530791
INFO:meta-cli.py:Epoch 43/100	Loss 4.0632 ± 0.1423
INFO:meta-cli.py:Epoch 44/100	Loss 4.0489 ± 0.1419
INFO:meta-cli.py:Epoch 45/100	Loss 4.0350 ± 0.1322
INFO:meta-cli.py:Epoch 45/100	dev results	MRR 0.459662	H@1 0.428642	H@3 0.468194	H@5 0.489288	H@10 0.522413
INFO:meta-cli.py:Epoch 45/100	test results	MRR 0.461206	H@1 0.425654	H@3 0.476069	H@5 0.499043	H@10 0.531429
INFO:meta-cli.py:Epoch 46/100	Loss 4.0211 ± 0.1362
INFO:meta-cli.py:Epoch 47/100	Loss 4.0081 ± 0.1431
INFO:meta-cli.py:Epoch 48/100	Loss 3.9952 ± 0.1407
INFO:meta-cli.py:Epoch 48/100	dev results	MRR 0.459724	H@1 0.428642	H@3 0.467370	H@5 0.490442	H@10 0.521918
INFO:meta-cli.py:Epoch 48/100	test results	MRR 0.461425	H@1 0.426611	H@3 0.474793	H@5 0.499362	H@10 0.529196
INFO:meta-cli.py:Epoch 49/100	Loss 3.9823 ± 0.1332
INFO:meta-cli.py:Epoch 50/100	Loss 3.9704 ± 0.1420
INFO:meta-cli.py:Epoch 51/100	Loss 3.9587 ± 0.1306
INFO:meta-cli.py:Epoch 51/100	dev results	MRR 0.459592	H@1 0.428312	H@3 0.468523	H@5 0.490112	H@10 0.522248
INFO:meta-cli.py:Epoch 51/100	test results	MRR 0.461210	H@1 0.425654	H@3 0.475431	H@5 0.499521	H@10 0.530153
INFO:meta-cli.py:Epoch 52/100	Loss 3.9473 ± 0.1407
INFO:meta-cli.py:Epoch 53/100	Loss 3.9358 ± 0.1316
INFO:meta-cli.py:Epoch 54/100	Loss 3.9255 ± 0.1385
INFO:meta-cli.py:Epoch 54/100	dev results	MRR 0.459857	H@1 0.428642	H@3 0.468853	H@5 0.491925	H@10 0.522248
INFO:meta-cli.py:Epoch 54/100	test results	MRR 0.460949	H@1 0.425495	H@3 0.475112	H@5 0.498564	H@10 0.529994
INFO:meta-cli.py:Epoch 55/100	Loss 3.9145 ± 0.1413
INFO:meta-cli.py:Epoch 56/100	Loss 3.9039 ± 0.1307
INFO:meta-cli.py:Epoch 57/100	Loss 3.8938 ± 0.1404
INFO:meta-cli.py:Epoch 57/100	dev results	MRR 0.458756	H@1 0.426994	H@3 0.468853	H@5 0.490112	H@10 0.521424
INFO:meta-cli.py:Epoch 57/100	test results	MRR 0.461057	H@1 0.425973	H@3 0.474633	H@5 0.498724	H@10 0.529834
INFO:meta-cli.py:Epoch 58/100	Loss 3.8836 ± 0.1304
INFO:meta-cli.py:Epoch 59/100	Loss 3.8741 ± 0.1306
INFO:meta-cli.py:Epoch 60/100	Loss 3.8646 ± 0.1305
INFO:meta-cli.py:Epoch 60/100	dev results	MRR 0.458926	H@1 0.427818	H@3 0.468029	H@5 0.490442	H@10 0.520600
INFO:meta-cli.py:Epoch 60/100	test results	MRR 0.460892	H@1 0.425175	H@3 0.475909	H@5 0.499521	H@10 0.529834
INFO:meta-cli.py:Epoch 61/100	Loss 3.8551 ± 0.1353
INFO:meta-cli.py:Epoch 62/100	Loss 3.8461 ± 0.1268
INFO:meta-cli.py:Epoch 63/100	Loss 3.8372 ± 0.1185
INFO:meta-cli.py:Epoch 63/100	dev results	MRR 0.459070	H@1 0.428312	H@3 0.467205	H@5 0.491430	H@10 0.522083
INFO:meta-cli.py:Epoch 63/100	test results	MRR 0.460612	H@1 0.425495	H@3 0.474474	H@5 0.497926	H@10 0.529994
INFO:meta-cli.py:Epoch 64/100	Loss 3.8287 ± 0.1201
INFO:meta-cli.py:Epoch 65/100	Loss 3.8199 ± 0.1234
INFO:meta-cli.py:Epoch 66/100	Loss 3.8117 ± 0.1209
INFO:meta-cli.py:Epoch 66/100	dev results	MRR 0.459372	H@1 0.428477	H@3 0.467535	H@5 0.491101	H@10 0.521259
INFO:meta-cli.py:Epoch 66/100	test results	MRR 0.460749	H@1 0.425654	H@3 0.474793	H@5 0.498564	H@10 0.529036
INFO:meta-cli.py:Epoch 67/100	Loss 3.8036 ± 0.1261
INFO:meta-cli.py:Epoch 68/100	Loss 3.7954 ± 0.1253
INFO:meta-cli.py:Epoch 69/100	Loss 3.7876 ± 0.1287
INFO:meta-cli.py:Epoch 69/100	dev results	MRR 0.458948	H@1 0.428312	H@3 0.467535	H@5 0.491760	H@10 0.519941
INFO:meta-cli.py:Epoch 69/100	test results	MRR 0.459973	H@1 0.424059	H@3 0.475750	H@5 0.498086	H@10 0.528558
INFO:meta-cli.py:Epoch 70/100	Loss 3.7796 ± 0.1244
INFO:meta-cli.py:Epoch 71/100	Loss 3.7721 ± 0.1205
INFO:meta-cli.py:Epoch 72/100	Loss 3.7650 ± 0.1209
INFO:meta-cli.py:Epoch 72/100	dev results	MRR 0.458628	H@1 0.427818	H@3 0.467535	H@5 0.490771	H@10 0.519281
INFO:meta-cli.py:Epoch 72/100	test results	MRR 0.459708	H@1 0.423740	H@3 0.474952	H@5 0.498405	H@10 0.527920
INFO:meta-cli.py:Epoch 73/100	Loss 3.7575 ± 0.1195
INFO:meta-cli.py:Epoch 74/100	Loss 3.7504 ± 0.1187
INFO:meta-cli.py:Epoch 75/100	Loss 3.7434 ± 0.1155
INFO:meta-cli.py:Epoch 75/100	dev results	MRR 0.458547	H@1 0.427488	H@3 0.468359	H@5 0.490442	H@10 0.519611
INFO:meta-cli.py:Epoch 75/100	test results	MRR 0.460398	H@1 0.425175	H@3 0.474474	H@5 0.498564	H@10 0.528079
INFO:meta-cli.py:Epoch 76/100	Loss 3.7363 ± 0.1211
INFO:meta-cli.py:Epoch 77/100	Loss 3.7298 ± 0.1163
INFO:meta-cli.py:Epoch 78/100	Loss 3.7230 ± 0.1170
INFO:meta-cli.py:Epoch 78/100	dev results	MRR 0.457436	H@1 0.426005	H@3 0.467040	H@5 0.491101	H@10 0.519611
INFO:meta-cli.py:Epoch 78/100	test results	MRR 0.459591	H@1 0.423580	H@3 0.474793	H@5 0.499043	H@10 0.527441
INFO:meta-cli.py:Epoch 79/100	Loss 3.7162 ± 0.1079
INFO:meta-cli.py:Epoch 80/100	Loss 3.7097 ± 0.1147
INFO:meta-cli.py:Epoch 81/100	Loss 3.7037 ± 0.1217
INFO:meta-cli.py:Epoch 81/100	dev results	MRR 0.457902	H@1 0.426994	H@3 0.467205	H@5 0.490606	H@10 0.518622
INFO:meta-cli.py:Epoch 81/100	test results	MRR 0.459237	H@1 0.423261	H@3 0.474633	H@5 0.498086	H@10 0.529196
INFO:meta-cli.py:Epoch 82/100	Loss 3.6976 ± 0.1134
INFO:meta-cli.py:Epoch 83/100	Loss 3.6916 ± 0.1119
INFO:meta-cli.py:Epoch 84/100	Loss 3.6853 ± 0.1180
INFO:meta-cli.py:Epoch 84/100	dev results	MRR 0.457875	H@1 0.426829	H@3 0.468029	H@5 0.490277	H@10 0.519446
INFO:meta-cli.py:Epoch 84/100	test results	MRR 0.459066	H@1 0.423421	H@3 0.474154	H@5 0.498245	H@10 0.528717
INFO:meta-cli.py:Epoch 85/100	Loss 3.6794 ± 0.1171
INFO:meta-cli.py:Epoch 86/100	Loss 3.6737 ± 0.1153
INFO:meta-cli.py:Epoch 87/100	Loss 3.6679 ± 0.1097
INFO:meta-cli.py:Epoch 87/100	dev results	MRR 0.457741	H@1 0.426170	H@3 0.468194	H@5 0.492419	H@10 0.518457
INFO:meta-cli.py:Epoch 87/100	test results	MRR 0.459473	H@1 0.424218	H@3 0.473995	H@5 0.498405	H@10 0.527441
INFO:meta-cli.py:Epoch 88/100	Loss 3.6620 ± 0.1099
INFO:meta-cli.py:Epoch 89/100	Loss 3.6567 ± 0.1064
INFO:meta-cli.py:Epoch 90/100	Loss 3.6513 ± 0.1218
INFO:meta-cli.py:Epoch 90/100	dev results	MRR 0.456657	H@1 0.424522	H@3 0.467864	H@5 0.490771	H@10 0.518128
INFO:meta-cli.py:Epoch 90/100	test results	MRR 0.458602	H@1 0.422942	H@3 0.473516	H@5 0.498245	H@10 0.527441
INFO:meta-cli.py:Epoch 91/100	Loss 3.6456 ± 0.1079
INFO:meta-cli.py:Epoch 92/100	Loss 3.6405 ± 0.1146
INFO:meta-cli.py:Epoch 93/100	Loss 3.6353 ± 0.1115
INFO:meta-cli.py:Epoch 93/100	dev results	MRR 0.456445	H@1 0.424852	H@3 0.467370	H@5 0.490936	H@10 0.517139
INFO:meta-cli.py:Epoch 93/100	test results	MRR 0.458718	H@1 0.423101	H@3 0.473995	H@5 0.497766	H@10 0.526324
INFO:meta-cli.py:Epoch 94/100	Loss 3.6304 ± 0.1099
INFO:meta-cli.py:Epoch 95/100	Loss 3.6251 ± 0.1092
INFO:meta-cli.py:Epoch 96/100	Loss 3.6200 ± 0.1085
INFO:meta-cli.py:Epoch 96/100	dev results	MRR 0.456271	H@1 0.424192	H@3 0.467864	H@5 0.489782	H@10 0.516809
INFO:meta-cli.py:Epoch 96/100	test results	MRR 0.458833	H@1 0.423580	H@3 0.473676	H@5 0.497607	H@10 0.527601
INFO:meta-cli.py:Epoch 97/100	Loss 3.6151 ± 0.1090
INFO:meta-cli.py:Epoch 98/100	Loss 3.6102 ± 0.1155
INFO:meta-cli.py:Epoch 99/100	Loss 3.6053 ± 0.0971
INFO:meta-cli.py:Epoch 99/100	dev results	MRR 0.455822	H@1 0.423863	H@3 0.467040	H@5 0.489453	H@10 0.516974
INFO:meta-cli.py:Epoch 99/100	test results	MRR 0.458538	H@1 0.423421	H@3 0.474314	H@5 0.496969	H@10 0.526165
INFO:meta-cli.py:Epoch 100/100	Loss 3.6007 ± 0.1144
INFO:meta-cli.py:Final 	dev results	MRR 0.455748	H@1 0.423698	H@3 0.467040	H@5 0.489618	H@10 0.516480
INFO:meta-cli.py:Final 	test results	MRR 0.458316	H@1 0.423101	H@3 0.473357	H@5 0.497128	H@10 0.525526
INFO:meta-cli.py:Training finished
