./bin/meta-cli.py --train data/wn18rr/train.tsv --dev data/wn18rr/dev.tsv --test data/wn18rr/test.tsv -m complex -k 500 -b 1000 -e 100 --F2 0 --N3 0.1 -l 0.1 -I reciprocal -V 3 -o adagrad -q
{'F2': 0.0,
 'N3': 0.1,
 'batch_size': 1000,
 'dev': 'data/wn18rr/dev.tsv',
 'embedding_size': 500,
 'epochs': 100,
 'eval_batch_size': None,
 'input_type': 'reciprocal',
 'learning_rate': 0.1,
 'load': None,
 'model': 'complex',
 'optimizer': 'adagrad',
 'quiet': True,
 'save': None,
 'seed': 0,
 'test': 'data/wn18rr/test.tsv',
 'test_i': None,
 'test_ii': None,
 'train': 'data/wn18rr/train.tsv',
 'validate_every': 3}
INFO:meta-cli.py:Device: cuda
INFO:meta-cli.py:Model state:
INFO:meta-cli.py:	entities.weight	torch.Size([40943, 1000])
INFO:meta-cli.py:	predicates.weight	torch.Size([22, 1000])
INFO:meta-cli.py:Epoch 1/100	Loss 20.6815 ± 3.3961
INFO:meta-cli.py:Epoch 2/100	Loss 10.7156 ± 0.5805
INFO:meta-cli.py:Epoch 3/100	Loss 8.7398 ± 0.0904
INFO:meta-cli.py:Epoch 3/100	dev results	MRR 0.460552	H@1 0.432103	H@3 0.470995	H@5 0.489947	H@10 0.514338
INFO:meta-cli.py:Epoch 3/100	test results	MRR 0.458864	H@1 0.428845	H@3 0.469209	H@5 0.489789	H@10 0.519783
INFO:meta-cli.py:Epoch 4/100	Loss 8.2531 ± 0.1021
INFO:meta-cli.py:Epoch 5/100	Loss 8.0019 ± 0.1066
INFO:meta-cli.py:Epoch 6/100	Loss 7.8418 ± 0.1162
INFO:meta-cli.py:Epoch 6/100	dev results	MRR 0.471085	H@1 0.440343	H@3 0.482367	H@5 0.501813	H@10 0.531971
INFO:meta-cli.py:Epoch 6/100	test results	MRR 0.468530	H@1 0.435227	H@3 0.480057	H@5 0.503989	H@10 0.537173
INFO:meta-cli.py:Epoch 7/100	Loss 7.7299 ± 0.1156
INFO:meta-cli.py:Epoch 8/100	Loss 7.6439 ± 0.1226
INFO:meta-cli.py:Epoch 9/100	Loss 7.5773 ± 0.1116
INFO:meta-cli.py:Epoch 9/100	dev results	MRR 0.471566	H@1 0.438860	H@3 0.483026	H@5 0.507746	H@10 0.537574
INFO:meta-cli.py:Epoch 9/100	test results	MRR 0.471756	H@1 0.436184	H@3 0.484525	H@5 0.511806	H@10 0.543395
INFO:meta-cli.py:Epoch 10/100	Loss 7.5216 ± 0.1131
INFO:meta-cli.py:Epoch 11/100	Loss 7.4765 ± 0.1176
INFO:meta-cli.py:Epoch 12/100	Loss 7.4381 ± 0.1149
INFO:meta-cli.py:Epoch 12/100	dev results	MRR 0.474111	H@1 0.441167	H@3 0.484179	H@5 0.510877	H@10 0.539881
INFO:meta-cli.py:Epoch 12/100	test results	MRR 0.473169	H@1 0.437301	H@3 0.485163	H@5 0.512604	H@10 0.545310
INFO:meta-cli.py:Epoch 13/100	Loss 7.4035 ± 0.1025
INFO:meta-cli.py:Epoch 14/100	Loss 7.3745 ± 0.1084
INFO:meta-cli.py:Epoch 15/100	Loss 7.3484 ± 0.1153
INFO:meta-cli.py:Epoch 15/100	dev results	MRR 0.474129	H@1 0.440672	H@3 0.484179	H@5 0.508899	H@10 0.543177
INFO:meta-cli.py:Epoch 15/100	test results	MRR 0.472421	H@1 0.435227	H@3 0.485003	H@5 0.511487	H@10 0.547224
INFO:meta-cli.py:Epoch 16/100	Loss 7.3252 ± 0.1103
INFO:meta-cli.py:Epoch 17/100	Loss 7.3039 ± 0.1091
INFO:meta-cli.py:Epoch 18/100	Loss 7.2845 ± 0.1063
INFO:meta-cli.py:Epoch 18/100	dev results	MRR 0.474399	H@1 0.438695	H@3 0.487146	H@5 0.512690	H@10 0.545485
INFO:meta-cli.py:Epoch 18/100	test results	MRR 0.473913	H@1 0.435386	H@3 0.488354	H@5 0.514359	H@10 0.549617
INFO:meta-cli.py:Epoch 19/100	Loss 7.2678 ± 0.1066
INFO:meta-cli.py:Epoch 20/100	Loss 7.2511 ± 0.1056
INFO:meta-cli.py:Epoch 21/100	Loss 7.2362 ± 0.1007
INFO:meta-cli.py:Epoch 21/100	dev results	MRR 0.476147	H@1 0.441167	H@3 0.487805	H@5 0.513514	H@10 0.546968
INFO:meta-cli.py:Epoch 21/100	test results	MRR 0.474544	H@1 0.436503	H@3 0.488354	H@5 0.515316	H@10 0.553765
INFO:meta-cli.py:Epoch 22/100	Loss 7.2229 ± 0.1047
INFO:meta-cli.py:Epoch 23/100	Loss 7.2102 ± 0.1008
INFO:meta-cli.py:Epoch 24/100	Loss 7.1988 ± 0.1040
INFO:meta-cli.py:Epoch 24/100	dev results	MRR 0.475491	H@1 0.440178	H@3 0.486981	H@5 0.512525	H@10 0.545814
INFO:meta-cli.py:Epoch 24/100	test results	MRR 0.475978	H@1 0.437939	H@3 0.489630	H@5 0.515635	H@10 0.553925
INFO:meta-cli.py:Epoch 25/100	Loss 7.1872 ± 0.0986
INFO:meta-cli.py:Epoch 26/100	Loss 7.1764 ± 0.0990
INFO:meta-cli.py:Epoch 27/100	Loss 7.1669 ± 0.0957
INFO:meta-cli.py:Epoch 27/100	dev results	MRR 0.476666	H@1 0.440178	H@3 0.488464	H@5 0.513678	H@10 0.547462
INFO:meta-cli.py:Epoch 27/100	test results	MRR 0.474573	H@1 0.434907	H@3 0.488034	H@5 0.516911	H@10 0.556477
INFO:meta-cli.py:Epoch 28/100	Loss 7.1576 ± 0.1022
INFO:meta-cli.py:Epoch 29/100	Loss 7.1487 ± 0.0990
INFO:meta-cli.py:Epoch 30/100	Loss 7.1407 ± 0.0905
INFO:meta-cli.py:Epoch 30/100	dev results	MRR 0.476058	H@1 0.440178	H@3 0.486157	H@5 0.513349	H@10 0.546968
INFO:meta-cli.py:Epoch 30/100	test results	MRR 0.475067	H@1 0.436343	H@3 0.488673	H@5 0.516433	H@10 0.554563
INFO:meta-cli.py:Epoch 31/100	Loss 7.1328 ± 0.1034
INFO:meta-cli.py:Epoch 32/100	Loss 7.1253 ± 0.0993
INFO:meta-cli.py:Epoch 33/100	Loss 7.1179 ± 0.0966
INFO:meta-cli.py:Epoch 33/100	dev results	MRR 0.476440	H@1 0.440178	H@3 0.487310	H@5 0.513184	H@10 0.548616
INFO:meta-cli.py:Epoch 33/100	test results	MRR 0.474224	H@1 0.434907	H@3 0.487077	H@5 0.515635	H@10 0.556477
INFO:meta-cli.py:Epoch 34/100	Loss 7.1111 ± 0.0978
INFO:meta-cli.py:Epoch 35/100	Loss 7.1046 ± 0.0919
INFO:meta-cli.py:Epoch 36/100	Loss 7.0985 ± 0.0901
INFO:meta-cli.py:Epoch 36/100	dev results	MRR 0.476712	H@1 0.440672	H@3 0.486322	H@5 0.514502	H@10 0.547297
INFO:meta-cli.py:Epoch 36/100	test results	MRR 0.474699	H@1 0.435546	H@3 0.487077	H@5 0.517549	H@10 0.555201
INFO:meta-cli.py:Epoch 37/100	Loss 7.0927 ± 0.0928
INFO:meta-cli.py:Epoch 38/100	Loss 7.0868 ± 0.0948
INFO:meta-cli.py:Epoch 39/100	Loss 7.0812 ± 0.0981
INFO:meta-cli.py:Epoch 39/100	dev results	MRR 0.476999	H@1 0.440508	H@3 0.487310	H@5 0.514173	H@10 0.548121
INFO:meta-cli.py:Epoch 39/100	test results	MRR 0.474366	H@1 0.435227	H@3 0.487077	H@5 0.517390	H@10 0.556318
INFO:meta-cli.py:Epoch 40/100	Loss 7.0760 ± 0.0910
INFO:meta-cli.py:Epoch 41/100	Loss 7.0707 ± 0.0918
INFO:meta-cli.py:Epoch 42/100	Loss 7.0663 ± 0.0944
INFO:meta-cli.py:Epoch 42/100	dev results	MRR 0.477456	H@1 0.441332	H@3 0.487640	H@5 0.515162	H@10 0.546638
INFO:meta-cli.py:Epoch 42/100	test results	MRR 0.475930	H@1 0.436981	H@3 0.488513	H@5 0.518347	H@10 0.556318
INFO:meta-cli.py:Epoch 43/100	Loss 7.0616 ± 0.0955
INFO:meta-cli.py:Epoch 44/100	Loss 7.0566 ± 0.0850
INFO:meta-cli.py:Epoch 45/100	Loss 7.0519 ± 0.0833
INFO:meta-cli.py:Epoch 45/100	dev results	MRR 0.477921	H@1 0.441332	H@3 0.488464	H@5 0.515162	H@10 0.548286
INFO:meta-cli.py:Epoch 45/100	test results	MRR 0.475384	H@1 0.435865	H@3 0.488194	H@5 0.517071	H@10 0.557594
INFO:meta-cli.py:Epoch 46/100	Loss 7.0476 ± 0.0891
INFO:meta-cli.py:Epoch 47/100	Loss 7.0439 ± 0.0951
INFO:meta-cli.py:Epoch 48/100	Loss 7.0396 ± 0.0933
INFO:meta-cli.py:Epoch 48/100	dev results	MRR 0.476032	H@1 0.438036	H@3 0.488134	H@5 0.515162	H@10 0.549934
INFO:meta-cli.py:Epoch 48/100	test results	MRR 0.475863	H@1 0.437141	H@3 0.489470	H@5 0.516114	H@10 0.556158
INFO:meta-cli.py:Epoch 49/100	Loss 7.0359 ± 0.0871
INFO:meta-cli.py:Epoch 50/100	Loss 7.0321 ± 0.0860
INFO:meta-cli.py:Epoch 51/100	Loss 7.0284 ± 0.0866
INFO:meta-cli.py:Epoch 51/100	dev results	MRR 0.477701	H@1 0.440672	H@3 0.489288	H@5 0.513843	H@10 0.550264
INFO:meta-cli.py:Epoch 51/100	test results	MRR 0.475667	H@1 0.436024	H@3 0.488673	H@5 0.517549	H@10 0.556637
INFO:meta-cli.py:Epoch 52/100	Loss 7.0251 ± 0.0799
INFO:meta-cli.py:Epoch 53/100	Loss 7.0218 ± 0.0835
INFO:meta-cli.py:Epoch 54/100	Loss 7.0180 ± 0.0883
INFO:meta-cli.py:Epoch 54/100	dev results	MRR 0.476815	H@1 0.439519	H@3 0.487970	H@5 0.513843	H@10 0.551252
INFO:meta-cli.py:Epoch 54/100	test results	MRR 0.476348	H@1 0.437620	H@3 0.487715	H@5 0.517709	H@10 0.555680
INFO:meta-cli.py:Epoch 55/100	Loss 7.0146 ± 0.0852
INFO:meta-cli.py:Epoch 56/100	Loss 7.0116 ± 0.0817
INFO:meta-cli.py:Epoch 57/100	Loss 7.0084 ± 0.0787
INFO:meta-cli.py:Epoch 57/100	dev results	MRR 0.476630	H@1 0.439024	H@3 0.487310	H@5 0.514173	H@10 0.551088
INFO:meta-cli.py:Epoch 57/100	test results	MRR 0.475965	H@1 0.436822	H@3 0.488354	H@5 0.515475	H@10 0.557435
INFO:meta-cli.py:Epoch 58/100	Loss 7.0056 ± 0.0840
INFO:meta-cli.py:Epoch 59/100	Loss 7.0026 ± 0.0848
INFO:meta-cli.py:Epoch 60/100	Loss 6.9999 ± 0.0871
INFO:meta-cli.py:Epoch 60/100	dev results	MRR 0.475696	H@1 0.437212	H@3 0.487640	H@5 0.514997	H@10 0.551747
INFO:meta-cli.py:Epoch 60/100	test results	MRR 0.475998	H@1 0.436503	H@3 0.488034	H@5 0.517390	H@10 0.555839
INFO:meta-cli.py:Epoch 61/100	Loss 6.9971 ± 0.0829
INFO:meta-cli.py:Epoch 62/100	Loss 6.9946 ± 0.0805
INFO:meta-cli.py:Epoch 63/100	Loss 6.9916 ± 0.0856
INFO:meta-cli.py:Epoch 63/100	dev results	MRR 0.477184	H@1 0.439189	H@3 0.488958	H@5 0.515326	H@10 0.551912
INFO:meta-cli.py:Epoch 63/100	test results	MRR 0.476427	H@1 0.437620	H@3 0.488034	H@5 0.516114	H@10 0.557754
INFO:meta-cli.py:Epoch 64/100	Loss 6.9890 ± 0.0835
INFO:meta-cli.py:Epoch 65/100	Loss 6.9865 ± 0.0879
INFO:meta-cli.py:Epoch 66/100	Loss 6.9838 ± 0.0835
INFO:meta-cli.py:Epoch 66/100	dev results	MRR 0.477369	H@1 0.439684	H@3 0.488464	H@5 0.514338	H@10 0.552571
INFO:meta-cli.py:Epoch 66/100	test results	MRR 0.475676	H@1 0.435865	H@3 0.487396	H@5 0.518666	H@10 0.557435
INFO:meta-cli.py:Epoch 67/100	Loss 6.9815 ± 0.0813
INFO:meta-cli.py:Epoch 68/100	Loss 6.9794 ± 0.0860
INFO:meta-cli.py:Epoch 69/100	Loss 6.9770 ± 0.0836
INFO:meta-cli.py:Epoch 69/100	dev results	MRR 0.476818	H@1 0.438860	H@3 0.486981	H@5 0.514502	H@10 0.552736
INFO:meta-cli.py:Epoch 69/100	test results	MRR 0.475373	H@1 0.434907	H@3 0.488673	H@5 0.518028	H@10 0.557116
INFO:meta-cli.py:Epoch 70/100	Loss 6.9747 ± 0.0806
INFO:meta-cli.py:Epoch 71/100	Loss 6.9725 ± 0.0808
INFO:meta-cli.py:Epoch 72/100	Loss 6.9704 ± 0.0792
INFO:meta-cli.py:Epoch 72/100	dev results	MRR 0.477811	H@1 0.439848	H@3 0.488134	H@5 0.514997	H@10 0.552900
INFO:meta-cli.py:Epoch 72/100	test results	MRR 0.476382	H@1 0.436822	H@3 0.487875	H@5 0.517230	H@10 0.557116
INFO:meta-cli.py:Epoch 73/100	Loss 6.9679 ± 0.0758
INFO:meta-cli.py:Epoch 74/100	Loss 6.9658 ± 0.0842
INFO:meta-cli.py:Epoch 75/100	Loss 6.9638 ± 0.0811
INFO:meta-cli.py:Epoch 75/100	dev results	MRR 0.476994	H@1 0.438695	H@3 0.488794	H@5 0.514667	H@10 0.552571
INFO:meta-cli.py:Epoch 75/100	test results	MRR 0.475824	H@1 0.436024	H@3 0.487396	H@5 0.518188	H@10 0.558232
INFO:meta-cli.py:Epoch 76/100	Loss 6.9621 ± 0.0771
INFO:meta-cli.py:Epoch 77/100	Loss 6.9601 ± 0.0764
INFO:meta-cli.py:Epoch 78/100	Loss 6.9580 ± 0.0724
INFO:meta-cli.py:Epoch 78/100	dev results	MRR 0.476999	H@1 0.438530	H@3 0.487805	H@5 0.514502	H@10 0.552406
INFO:meta-cli.py:Epoch 78/100	test results	MRR 0.476143	H@1 0.435865	H@3 0.489470	H@5 0.518028	H@10 0.559030
INFO:meta-cli.py:Epoch 79/100	Loss 6.9562 ± 0.0787
INFO:meta-cli.py:Epoch 80/100	Loss 6.9544 ± 0.0746
INFO:meta-cli.py:Epoch 81/100	Loss 6.9523 ± 0.0851
INFO:meta-cli.py:Epoch 81/100	dev results	MRR 0.476946	H@1 0.438860	H@3 0.487475	H@5 0.514008	H@10 0.553065
INFO:meta-cli.py:Epoch 81/100	test results	MRR 0.476211	H@1 0.436662	H@3 0.488034	H@5 0.516433	H@10 0.558392
INFO:meta-cli.py:Epoch 82/100	Loss 6.9505 ± 0.0815
INFO:meta-cli.py:Epoch 83/100	Loss 6.9490 ± 0.0811
INFO:meta-cli.py:Epoch 84/100	Loss 6.9469 ± 0.0821
INFO:meta-cli.py:Epoch 84/100	dev results	MRR 0.477205	H@1 0.438200	H@3 0.489782	H@5 0.514667	H@10 0.553065
INFO:meta-cli.py:Epoch 84/100	test results	MRR 0.476370	H@1 0.436343	H@3 0.489630	H@5 0.517390	H@10 0.558870
INFO:meta-cli.py:Epoch 85/100	Loss 6.9454 ± 0.0751
INFO:meta-cli.py:Epoch 86/100	Loss 6.9438 ± 0.0774
INFO:meta-cli.py:Epoch 87/100	Loss 6.9423 ± 0.0789
INFO:meta-cli.py:Epoch 87/100	dev results	MRR 0.477067	H@1 0.438695	H@3 0.487475	H@5 0.513843	H@10 0.554219
INFO:meta-cli.py:Epoch 87/100	test results	MRR 0.476241	H@1 0.436343	H@3 0.487875	H@5 0.518188	H@10 0.560306
INFO:meta-cli.py:Epoch 88/100	Loss 6.9405 ± 0.0851
INFO:meta-cli.py:Epoch 89/100	Loss 6.9389 ± 0.0779
INFO:meta-cli.py:Epoch 90/100	Loss 6.9375 ± 0.0788
INFO:meta-cli.py:Epoch 90/100	dev results	MRR 0.477241	H@1 0.438695	H@3 0.487310	H@5 0.514997	H@10 0.554878
INFO:meta-cli.py:Epoch 90/100	test results	MRR 0.475916	H@1 0.435227	H@3 0.489470	H@5 0.518826	H@10 0.559030
INFO:meta-cli.py:Epoch 91/100	Loss 6.9360 ± 0.0771
INFO:meta-cli.py:Epoch 92/100	Loss 6.9346 ± 0.0859
INFO:meta-cli.py:Epoch 93/100	Loss 6.9333 ± 0.0728
INFO:meta-cli.py:Epoch 93/100	dev results	MRR 0.476856	H@1 0.438200	H@3 0.487805	H@5 0.514502	H@10 0.552406
INFO:meta-cli.py:Epoch 93/100	test results	MRR 0.476559	H@1 0.436343	H@3 0.490906	H@5 0.518188	H@10 0.559190
INFO:meta-cli.py:Epoch 94/100	Loss 6.9315 ± 0.0746
INFO:meta-cli.py:Epoch 95/100	Loss 6.9299 ± 0.0803
INFO:meta-cli.py:Epoch 96/100	Loss 6.9287 ± 0.0761
INFO:meta-cli.py:Epoch 96/100	dev results	MRR 0.476961	H@1 0.437871	H@3 0.487805	H@5 0.514502	H@10 0.552406
INFO:meta-cli.py:Epoch 96/100	test results	MRR 0.476011	H@1 0.435386	H@3 0.489311	H@5 0.517071	H@10 0.559668
INFO:meta-cli.py:Epoch 97/100	Loss 6.9271 ± 0.0807
INFO:meta-cli.py:Epoch 98/100	Loss 6.9258 ± 0.0816
INFO:meta-cli.py:Epoch 99/100	Loss 6.9245 ± 0.0805
INFO:meta-cli.py:Epoch 99/100	dev results	MRR 0.477186	H@1 0.438530	H@3 0.487970	H@5 0.514173	H@10 0.553395
INFO:meta-cli.py:Epoch 99/100	test results	MRR 0.476938	H@1 0.436822	H@3 0.489949	H@5 0.518028	H@10 0.560306
INFO:meta-cli.py:Epoch 100/100	Loss 6.9229 ± 0.0783
INFO:meta-cli.py:Final 	dev results	MRR 0.477229	H@1 0.438365	H@3 0.487805	H@5 0.514173	H@10 0.553560
INFO:meta-cli.py:Final 	test results	MRR 0.475971	H@1 0.435227	H@3 0.490108	H@5 0.518507	H@10 0.559509
INFO:meta-cli.py:Training finished
