./bin/meta-cli.py --train data/wn18rr/train.tsv --dev data/wn18rr/dev.tsv --test data/wn18rr/test.tsv -m complex -k 1000 -b 500 -e 100 --F2 0 --N3 0.5 -l 0.1 -I standard -V 3 -o adagrad -q
{'F2': 0.0,
 'N3': 0.5,
 'batch_size': 500,
 'dev': 'data/wn18rr/dev.tsv',
 'embedding_size': 1000,
 'epochs': 100,
 'eval_batch_size': None,
 'input_type': 'standard',
 'learning_rate': 0.1,
 'load': None,
 'model': 'complex',
 'optimizer': 'adagrad',
 'quiet': True,
 'save': None,
 'seed': 0,
 'test': 'data/wn18rr/test.tsv',
 'test_i': None,
 'test_ii': None,
 'train': 'data/wn18rr/train.tsv',
 'validate_every': 3}
INFO:meta-cli.py:Device: cuda
INFO:meta-cli.py:Model state:
INFO:meta-cli.py:	entities.weight	torch.Size([40943, 2000])
INFO:meta-cli.py:	predicates.weight	torch.Size([11, 2000])
INFO:meta-cli.py:Epoch 1/100	Loss 45.3271 ± 8.4635
INFO:meta-cli.py:Epoch 2/100	Loss 31.0267 ± 0.9847
INFO:meta-cli.py:Epoch 3/100	Loss 27.3800 ± 0.4358
INFO:meta-cli.py:Epoch 3/100	dev results	MRR 0.015638	H@1 0.007581	H@3 0.014832	H@5 0.019611	H@10 0.031641
INFO:meta-cli.py:Epoch 3/100	test results	MRR 0.017767	H@1 0.010370	H@3 0.015954	H@5 0.020421	H@10 0.032387
INFO:meta-cli.py:Epoch 4/100	Loss 25.6253 ± 0.2726
INFO:meta-cli.py:Epoch 5/100	Loss 24.5884 ± 0.2017
INFO:meta-cli.py:Epoch 6/100	Loss 23.9078 ± 0.1604
INFO:meta-cli.py:Epoch 6/100	dev results	MRR 0.011534	H@1 0.003955	H@3 0.009394	H@5 0.014832	H@10 0.026697
INFO:meta-cli.py:Epoch 6/100	test results	MRR 0.013157	H@1 0.005265	H@3 0.012125	H@5 0.017869	H@10 0.027441
INFO:meta-cli.py:Epoch 7/100	Loss 23.4305 ± 0.1328
INFO:meta-cli.py:Epoch 8/100	Loss 23.0803 ± 0.1238
INFO:meta-cli.py:Epoch 9/100	Loss 22.8132 ± 0.1096
INFO:meta-cli.py:Epoch 9/100	dev results	MRR 0.010501	H@1 0.004614	H@3 0.009064	H@5 0.011206	H@10 0.021094
INFO:meta-cli.py:Epoch 9/100	test results	MRR 0.011948	H@1 0.005743	H@3 0.011646	H@5 0.014199	H@10 0.022655
INFO:meta-cli.py:Epoch 10/100	Loss 22.6042 ± 0.0895
INFO:meta-cli.py:Epoch 11/100	Loss 22.4326 ± 0.0842
INFO:meta-cli.py:Epoch 12/100	Loss 22.2856 ± 0.0907
INFO:meta-cli.py:Epoch 12/100	dev results	MRR 0.020366	H@1 0.009394	H@3 0.018622	H@5 0.026697	H@10 0.039717
INFO:meta-cli.py:Epoch 12/100	test results	MRR 0.023628	H@1 0.013082	H@3 0.021378	H@5 0.029196	H@10 0.045629
INFO:meta-cli.py:Epoch 13/100	Loss 22.1538 ± 0.0739
INFO:meta-cli.py:Epoch 14/100	Loss 22.0314 ± 0.0720
INFO:meta-cli.py:Epoch 15/100	Loss 21.9108 ± 0.0631
INFO:meta-cli.py:Epoch 15/100	dev results	MRR 0.111484	H@1 0.063448	H@3 0.123105	H@5 0.158042	H@10 0.208306
INFO:meta-cli.py:Epoch 15/100	test results	MRR 0.109277	H@1 0.062859	H@3 0.120453	H@5 0.151244	H@10 0.201021
INFO:meta-cli.py:Epoch 16/100	Loss 21.7824 ± 0.0629
INFO:meta-cli.py:Epoch 17/100	Loss 21.6376 ± 0.0667
INFO:meta-cli.py:Epoch 18/100	Loss 21.4734 ± 0.0718
INFO:meta-cli.py:Epoch 18/100	dev results	MRR 0.190452	H@1 0.104647	H@3 0.221325	H@5 0.279664	H@10 0.373929
INFO:meta-cli.py:Epoch 18/100	test results	MRR 0.186349	H@1 0.103382	H@3 0.209158	H@5 0.272017	H@10 0.367103
INFO:meta-cli.py:Epoch 19/100	Loss 21.3034 ± 0.0906
INFO:meta-cli.py:Epoch 20/100	Loss 21.1490 ± 0.0915
INFO:meta-cli.py:Epoch 21/100	Loss 21.0214 ± 0.1189
INFO:meta-cli.py:Epoch 21/100	dev results	MRR 0.214905	H@1 0.119809	H@3 0.252472	H@5 0.321852	H@10 0.415293
INFO:meta-cli.py:Epoch 21/100	test results	MRR 0.215773	H@1 0.120772	H@3 0.250000	H@5 0.321634	H@10 0.419113
INFO:meta-cli.py:Epoch 22/100	Loss 20.9168 ± 0.1123
INFO:meta-cli.py:Epoch 23/100	Loss 20.8321 ± 0.1105
INFO:meta-cli.py:Epoch 24/100	Loss 20.7621 ± 0.1084
INFO:meta-cli.py:Epoch 24/100	dev results	MRR 0.224923	H@1 0.121292	H@3 0.269611	H@5 0.346902	H@10 0.437706
INFO:meta-cli.py:Epoch 24/100	test results	MRR 0.230291	H@1 0.129866	H@3 0.272814	H@5 0.348437	H@10 0.445437
INFO:meta-cli.py:Epoch 25/100	Loss 20.7011 ± 0.1197
INFO:meta-cli.py:Epoch 26/100	Loss 20.6491 ± 0.1087
INFO:meta-cli.py:Epoch 27/100	Loss 20.6038 ± 0.1167
INFO:meta-cli.py:Epoch 27/100	dev results	MRR 0.231029	H@1 0.125412	H@3 0.277686	H@5 0.357449	H@10 0.447264
INFO:meta-cli.py:Epoch 27/100	test results	MRR 0.233486	H@1 0.125558	H@3 0.282706	H@5 0.361359	H@10 0.456286
INFO:meta-cli.py:Epoch 28/100	Loss 20.5630 ± 0.1063
INFO:meta-cli.py:Epoch 29/100	Loss 20.5268 ± 0.1110
INFO:meta-cli.py:Epoch 30/100	Loss 20.4942 ± 0.1108
INFO:meta-cli.py:Epoch 30/100	dev results	MRR 0.233188	H@1 0.122446	H@3 0.290705	H@5 0.363052	H@10 0.452208
INFO:meta-cli.py:Epoch 30/100	test results	MRR 0.236648	H@1 0.125558	H@3 0.289247	H@5 0.371410	H@10 0.466975
INFO:meta-cli.py:Epoch 31/100	Loss 20.4638 ± 0.1120
INFO:meta-cli.py:Epoch 32/100	Loss 20.4369 ± 0.1089
INFO:meta-cli.py:Epoch 33/100	Loss 20.4120 ± 0.1051
INFO:meta-cli.py:Epoch 33/100	dev results	MRR 0.233777	H@1 0.119809	H@3 0.294331	H@5 0.370303	H@10 0.458141
INFO:meta-cli.py:Epoch 33/100	test results	MRR 0.237406	H@1 0.123165	H@3 0.294512	H@5 0.373325	H@10 0.467773
INFO:meta-cli.py:Epoch 34/100	Loss 20.3883 ± 0.1052
INFO:meta-cli.py:Epoch 35/100	Loss 20.3673 ± 0.1028
INFO:meta-cli.py:Epoch 36/100	Loss 20.3470 ± 0.0967
INFO:meta-cli.py:Epoch 36/100	dev results	MRR 0.236301	H@1 0.119150	H@3 0.298616	H@5 0.374258	H@10 0.461437
INFO:meta-cli.py:Epoch 36/100	test results	MRR 0.238746	H@1 0.124123	H@3 0.296107	H@5 0.376994	H@10 0.469528
INFO:meta-cli.py:Epoch 37/100	Loss 20.3287 ± 0.1068
INFO:meta-cli.py:Epoch 38/100	Loss 20.3115 ± 0.0989
INFO:meta-cli.py:Epoch 39/100	Loss 20.2949 ± 0.1018
INFO:meta-cli.py:Epoch 39/100	dev results	MRR 0.237481	H@1 0.119479	H@3 0.303724	H@5 0.381510	H@10 0.465557
INFO:meta-cli.py:Epoch 39/100	test results	MRR 0.240955	H@1 0.124123	H@3 0.300734	H@5 0.385131	H@10 0.474154
INFO:meta-cli.py:Epoch 40/100	Loss 20.2797 ± 0.1033
INFO:meta-cli.py:Epoch 41/100	Loss 20.2654 ± 0.0998
INFO:meta-cli.py:Epoch 42/100	Loss 20.2516 ± 0.1000
INFO:meta-cli.py:Epoch 42/100	dev results	MRR 0.238080	H@1 0.119974	H@3 0.303889	H@5 0.379532	H@10 0.464568
INFO:meta-cli.py:Epoch 42/100	test results	MRR 0.241127	H@1 0.122527	H@3 0.302967	H@5 0.385609	H@10 0.476548
INFO:meta-cli.py:Epoch 43/100	Loss 20.2390 ± 0.1057
INFO:meta-cli.py:Epoch 44/100	Loss 20.2265 ± 0.1004
INFO:meta-cli.py:Epoch 45/100	Loss 20.2150 ± 0.0975
INFO:meta-cli.py:Epoch 45/100	dev results	MRR 0.239431	H@1 0.118985	H@3 0.309163	H@5 0.384476	H@10 0.465227
INFO:meta-cli.py:Epoch 45/100	test results	MRR 0.243628	H@1 0.125080	H@3 0.306477	H@5 0.388481	H@10 0.477505
INFO:meta-cli.py:Epoch 46/100	Loss 20.2041 ± 0.0985
INFO:meta-cli.py:Epoch 47/100	Loss 20.1935 ± 0.1012
INFO:meta-cli.py:Epoch 48/100	Loss 20.1833 ± 0.0997
INFO:meta-cli.py:Epoch 48/100	dev results	MRR 0.241008	H@1 0.119479	H@3 0.310811	H@5 0.387113	H@10 0.469018
INFO:meta-cli.py:Epoch 48/100	test results	MRR 0.244339	H@1 0.125877	H@3 0.308073	H@5 0.390715	H@10 0.479898
INFO:meta-cli.py:Epoch 49/100	Loss 20.1737 ± 0.0922
INFO:meta-cli.py:Epoch 50/100	Loss 20.1648 ± 0.0950
INFO:meta-cli.py:Epoch 51/100	Loss 20.1557 ± 0.0906
INFO:meta-cli.py:Epoch 51/100	dev results	MRR 0.242343	H@1 0.119974	H@3 0.314766	H@5 0.390738	H@10 0.470007
INFO:meta-cli.py:Epoch 51/100	test results	MRR 0.246105	H@1 0.126037	H@3 0.311902	H@5 0.395022	H@10 0.483089
INFO:meta-cli.py:Epoch 52/100	Loss 20.1475 ± 0.1025
INFO:meta-cli.py:Epoch 53/100	Loss 20.1396 ± 0.0958
INFO:meta-cli.py:Epoch 54/100	Loss 20.1319 ± 0.1083
INFO:meta-cli.py:Epoch 54/100	dev results	MRR 0.243168	H@1 0.120468	H@3 0.313777	H@5 0.392221	H@10 0.473138
INFO:meta-cli.py:Epoch 54/100	test results	MRR 0.246752	H@1 0.124920	H@3 0.312699	H@5 0.395022	H@10 0.484525
INFO:meta-cli.py:Epoch 55/100	Loss 20.1243 ± 0.0964
INFO:meta-cli.py:Epoch 56/100	Loss 20.1172 ± 0.0932
INFO:meta-cli.py:Epoch 57/100	Loss 20.1104 ± 0.0895
INFO:meta-cli.py:Epoch 57/100	dev results	MRR 0.245642	H@1 0.121457	H@3 0.319710	H@5 0.392881	H@10 0.474291
INFO:meta-cli.py:Epoch 57/100	test results	MRR 0.248702	H@1 0.126675	H@3 0.316528	H@5 0.400287	H@10 0.484844
INFO:meta-cli.py:Epoch 58/100	Loss 20.1037 ± 0.0891
INFO:meta-cli.py:Epoch 59/100	Loss 20.0972 ± 0.0963
INFO:meta-cli.py:Epoch 60/100	Loss 20.0911 ± 0.0900
INFO:meta-cli.py:Epoch 60/100	dev results	MRR 0.247393	H@1 0.122940	H@3 0.321688	H@5 0.395682	H@10 0.474951
INFO:meta-cli.py:Epoch 60/100	test results	MRR 0.250221	H@1 0.126675	H@3 0.323229	H@5 0.402680	H@10 0.487396
INFO:meta-cli.py:Epoch 61/100	Loss 20.0848 ± 0.0935
INFO:meta-cli.py:Epoch 62/100	Loss 20.0790 ± 0.0893
INFO:meta-cli.py:Epoch 63/100	Loss 20.0736 ± 0.0868
INFO:meta-cli.py:Epoch 63/100	dev results	MRR 0.250956	H@1 0.128214	H@3 0.321852	H@5 0.395517	H@10 0.477258
INFO:meta-cli.py:Epoch 63/100	test results	MRR 0.252128	H@1 0.128430	H@3 0.323548	H@5 0.404116	H@10 0.489630
INFO:meta-cli.py:Epoch 64/100	Loss 20.0682 ± 0.0957
INFO:meta-cli.py:Epoch 65/100	Loss 20.0627 ± 0.0992
INFO:meta-cli.py:Epoch 66/100	Loss 20.0577 ± 0.0941
INFO:meta-cli.py:Epoch 66/100	dev results	MRR 0.251777	H@1 0.126566	H@3 0.326632	H@5 0.397660	H@10 0.477752
INFO:meta-cli.py:Epoch 66/100	test results	MRR 0.256186	H@1 0.133535	H@3 0.330089	H@5 0.407626	H@10 0.491066
INFO:meta-cli.py:Epoch 67/100	Loss 20.0526 ± 0.0921
INFO:meta-cli.py:Epoch 68/100	Loss 20.0482 ± 0.0843
INFO:meta-cli.py:Epoch 69/100	Loss 20.0433 ± 0.1001
INFO:meta-cli.py:Epoch 69/100	dev results	MRR 0.255673	H@1 0.131839	H@3 0.328939	H@5 0.399143	H@10 0.480059
INFO:meta-cli.py:Epoch 69/100	test results	MRR 0.259035	H@1 0.135769	H@3 0.328653	H@5 0.407786	H@10 0.492502
INFO:meta-cli.py:Epoch 70/100	Loss 20.0385 ± 0.0912
INFO:meta-cli.py:Epoch 71/100	Loss 20.0342 ± 0.0891
INFO:meta-cli.py:Epoch 72/100	Loss 20.0297 ± 0.0863
INFO:meta-cli.py:Epoch 72/100	dev results	MRR 0.260650	H@1 0.139090	H@3 0.333223	H@5 0.401285	H@10 0.481543
INFO:meta-cli.py:Epoch 72/100	test results	MRR 0.263082	H@1 0.140874	H@3 0.335195	H@5 0.412093	H@10 0.492661
INFO:meta-cli.py:Epoch 73/100	Loss 20.0258 ± 0.0913
INFO:meta-cli.py:Epoch 74/100	Loss 20.0213 ± 0.0839
INFO:meta-cli.py:Epoch 75/100	Loss 20.0174 ± 0.0870
INFO:meta-cli.py:Epoch 75/100	dev results	MRR 0.266709	H@1 0.146341	H@3 0.337673	H@5 0.405735	H@10 0.484674
INFO:meta-cli.py:Epoch 75/100	test results	MRR 0.267826	H@1 0.146618	H@3 0.338226	H@5 0.413689	H@10 0.494895
INFO:meta-cli.py:Epoch 76/100	Loss 20.0131 ± 0.0933
INFO:meta-cli.py:Epoch 77/100	Loss 20.0095 ± 0.0876
INFO:meta-cli.py:Epoch 78/100	Loss 20.0054 ± 0.0923
INFO:meta-cli.py:Epoch 78/100	dev results	MRR 0.273911	H@1 0.157218	H@3 0.341299	H@5 0.408701	H@10 0.487640
INFO:meta-cli.py:Epoch 78/100	test results	MRR 0.275089	H@1 0.156350	H@3 0.345565	H@5 0.415444	H@10 0.495852
INFO:meta-cli.py:Epoch 79/100	Loss 20.0015 ± 0.0874
INFO:meta-cli.py:Epoch 80/100	Loss 19.9978 ± 0.0929
INFO:meta-cli.py:Epoch 81/100	Loss 19.9943 ± 0.0939
INFO:meta-cli.py:Epoch 81/100	dev results	MRR 0.282284	H@1 0.168425	H@3 0.348715	H@5 0.411668	H@10 0.488958
INFO:meta-cli.py:Epoch 81/100	test results	MRR 0.282227	H@1 0.165763	H@3 0.349553	H@5 0.419751	H@10 0.496650
INFO:meta-cli.py:Epoch 82/100	Loss 19.9907 ± 0.0899
INFO:meta-cli.py:Epoch 83/100	Loss 19.9869 ± 0.0887
INFO:meta-cli.py:Epoch 84/100	Loss 19.9832 ± 0.0916
INFO:meta-cli.py:Epoch 84/100	dev results	MRR 0.290587	H@1 0.181114	H@3 0.352505	H@5 0.413481	H@10 0.491925
INFO:meta-cli.py:Epoch 84/100	test results	MRR 0.291890	H@1 0.180600	H@3 0.354180	H@5 0.420389	H@10 0.497926
INFO:meta-cli.py:Epoch 85/100	Loss 19.9795 ± 0.0914
INFO:meta-cli.py:Epoch 86/100	Loss 19.9759 ± 0.0955
INFO:meta-cli.py:Epoch 87/100	Loss 19.9725 ± 0.0883
INFO:meta-cli.py:Epoch 87/100	dev results	MRR 0.301593	H@1 0.196605	H@3 0.360250	H@5 0.420402	H@10 0.492090
INFO:meta-cli.py:Epoch 87/100	test results	MRR 0.301648	H@1 0.195118	H@3 0.361040	H@5 0.424856	H@10 0.500957
INFO:meta-cli.py:Epoch 88/100	Loss 19.9689 ± 0.0880
INFO:meta-cli.py:Epoch 89/100	Loss 19.9658 ± 0.0939
INFO:meta-cli.py:Epoch 90/100	Loss 19.9623 ± 0.0964
INFO:meta-cli.py:Epoch 90/100	dev results	MRR 0.311961	H@1 0.211437	H@3 0.366348	H@5 0.422380	H@10 0.494067
INFO:meta-cli.py:Epoch 90/100	test results	MRR 0.309942	H@1 0.206605	H@3 0.366784	H@5 0.429164	H@10 0.503031
INFO:meta-cli.py:Epoch 91/100	Loss 19.9587 ± 0.0871
INFO:meta-cli.py:Epoch 92/100	Loss 19.9556 ± 0.0949
INFO:meta-cli.py:Epoch 93/100	Loss 19.9525 ± 0.0862
INFO:meta-cli.py:Epoch 93/100	dev results	MRR 0.320286	H@1 0.223797	H@3 0.371951	H@5 0.426170	H@10 0.497034
INFO:meta-cli.py:Epoch 93/100	test results	MRR 0.319479	H@1 0.221602	H@3 0.371091	H@5 0.431876	H@10 0.502872
INFO:meta-cli.py:Epoch 94/100	Loss 19.9492 ± 0.0894
INFO:meta-cli.py:Epoch 95/100	Loss 19.9459 ± 0.0965
INFO:meta-cli.py:Epoch 96/100	Loss 19.9429 ± 0.0791
INFO:meta-cli.py:Epoch 96/100	dev results	MRR 0.329101	H@1 0.237310	H@3 0.374588	H@5 0.428148	H@10 0.499176
INFO:meta-cli.py:Epoch 96/100	test results	MRR 0.328686	H@1 0.234844	H@3 0.378430	H@5 0.434269	H@10 0.506222
INFO:meta-cli.py:Epoch 97/100	Loss 19.9398 ± 0.0866
INFO:meta-cli.py:Epoch 98/100	Loss 19.9369 ± 0.0895
INFO:meta-cli.py:Epoch 99/100	Loss 19.9337 ± 0.0855
INFO:meta-cli.py:Epoch 99/100	dev results	MRR 0.337474	H@1 0.250659	H@3 0.381180	H@5 0.431938	H@10 0.502142
INFO:meta-cli.py:Epoch 99/100	test results	MRR 0.334737	H@1 0.243937	H@3 0.380504	H@5 0.439375	H@10 0.507817
INFO:meta-cli.py:Epoch 100/100	Loss 19.9315 ± 0.0981
INFO:meta-cli.py:Final 	dev results	MRR 0.340436	H@1 0.254450	H@3 0.383652	H@5 0.431773	H@10 0.503461
INFO:meta-cli.py:Final 	test results	MRR 0.337025	H@1 0.247128	H@3 0.381621	H@5 0.439215	H@10 0.508296
INFO:meta-cli.py:Training finished
