./bin/meta-cli.py --train data/wn18rr/train.tsv --dev data/wn18rr/dev.tsv --test data/wn18rr/test.tsv -m complex -k 500 -b 1000 -e 100 --F2 0 --N3 0.5 -l 0.1 -I reciprocal -V 3 -o adagrad -q
{'F2': 0.0,
 'N3': 0.5,
 'batch_size': 1000,
 'dev': 'data/wn18rr/dev.tsv',
 'embedding_size': 500,
 'epochs': 100,
 'eval_batch_size': None,
 'input_type': 'reciprocal',
 'learning_rate': 0.1,
 'load': None,
 'model': 'complex',
 'optimizer': 'adagrad',
 'quiet': True,
 'save': None,
 'seed': 0,
 'test': 'data/wn18rr/test.tsv',
 'test_i': None,
 'test_ii': None,
 'train': 'data/wn18rr/train.tsv',
 'validate_every': 3}
INFO:meta-cli.py:Device: cuda
INFO:meta-cli.py:Model state:
INFO:meta-cli.py:	entities.weight	torch.Size([40943, 1000])
INFO:meta-cli.py:	predicates.weight	torch.Size([22, 1000])
INFO:meta-cli.py:Epoch 1/100	Loss 35.2422 ± 6.3874
INFO:meta-cli.py:Epoch 2/100	Loss 25.1183 ± 0.6626
INFO:meta-cli.py:Epoch 3/100	Loss 23.2487 ± 0.2308
INFO:meta-cli.py:Epoch 3/100	dev results	MRR 0.009299	H@1 0.003955	H@3 0.006427	H@5 0.010218	H@10 0.017304
INFO:meta-cli.py:Epoch 3/100	test results	MRR 0.010493	H@1 0.005265	H@3 0.006860	H@5 0.011646	H@10 0.018347
INFO:meta-cli.py:Epoch 4/100	Loss 22.4782 ± 0.1151
INFO:meta-cli.py:Epoch 5/100	Loss 22.0742 ± 0.0688
INFO:meta-cli.py:Epoch 6/100	Loss 21.8228 ± 0.0503
INFO:meta-cli.py:Epoch 6/100	dev results	MRR 0.055321	H@1 0.028840	H@3 0.059987	H@5 0.079268	H@10 0.107284
INFO:meta-cli.py:Epoch 6/100	test results	MRR 0.050766	H@1 0.024729	H@3 0.053446	H@5 0.073389	H@10 0.102265
INFO:meta-cli.py:Epoch 7/100	Loss 21.6243 ± 0.0410
INFO:meta-cli.py:Epoch 8/100	Loss 21.4177 ± 0.0429
INFO:meta-cli.py:Epoch 9/100	Loss 21.1469 ± 0.0490
INFO:meta-cli.py:Epoch 9/100	dev results	MRR 0.196323	H@1 0.105966	H@3 0.228741	H@5 0.294166	H@10 0.385465
INFO:meta-cli.py:Epoch 9/100	test results	MRR 0.197484	H@1 0.112317	H@3 0.222559	H@5 0.287332	H@10 0.380983
INFO:meta-cli.py:Epoch 10/100	Loss 20.8549 ± 0.0459
INFO:meta-cli.py:Epoch 11/100	Loss 20.6455 ± 0.0597
INFO:meta-cli.py:Epoch 12/100	Loss 20.5116 ± 0.0630
INFO:meta-cli.py:Epoch 12/100	dev results	MRR 0.227301	H@1 0.122281	H@3 0.278181	H@5 0.349374	H@10 0.440013
INFO:meta-cli.py:Epoch 12/100	test results	MRR 0.229067	H@1 0.123963	H@3 0.272974	H@5 0.354499	H@10 0.445756
INFO:meta-cli.py:Epoch 13/100	Loss 20.4190 ± 0.0676
INFO:meta-cli.py:Epoch 14/100	Loss 20.3510 ± 0.0706
INFO:meta-cli.py:Epoch 15/100	Loss 20.2980 ± 0.0740
INFO:meta-cli.py:Epoch 15/100	dev results	MRR 0.237694	H@1 0.126071	H@3 0.292848	H@5 0.367007	H@10 0.453856
INFO:meta-cli.py:Epoch 15/100	test results	MRR 0.239025	H@1 0.127632	H@3 0.296426	H@5 0.370932	H@10 0.463465
INFO:meta-cli.py:Epoch 16/100	Loss 20.2544 ± 0.0745
INFO:meta-cli.py:Epoch 17/100	Loss 20.2180 ± 0.0707
INFO:meta-cli.py:Epoch 18/100	Loss 20.1866 ± 0.0683
INFO:meta-cli.py:Epoch 18/100	dev results	MRR 0.258078	H@1 0.150956	H@3 0.313283	H@5 0.382004	H@10 0.464239
INFO:meta-cli.py:Epoch 18/100	test results	MRR 0.256192	H@1 0.144863	H@3 0.314773	H@5 0.389119	H@10 0.475112
INFO:meta-cli.py:Epoch 19/100	Loss 20.1595 ± 0.0736
INFO:meta-cli.py:Epoch 20/100	Loss 20.1354 ± 0.0756
INFO:meta-cli.py:Epoch 21/100	Loss 20.1145 ± 0.0711
INFO:meta-cli.py:Epoch 21/100	dev results	MRR 0.273313	H@1 0.169249	H@3 0.328939	H@5 0.390574	H@10 0.469183
INFO:meta-cli.py:Epoch 21/100	test results	MRR 0.274447	H@1 0.168156	H@3 0.329451	H@5 0.400766	H@10 0.479738
INFO:meta-cli.py:Epoch 22/100	Loss 20.0960 ± 0.0743
INFO:meta-cli.py:Epoch 23/100	Loss 20.0794 ± 0.0705
INFO:meta-cli.py:Epoch 24/100	Loss 20.0646 ± 0.0749
INFO:meta-cli.py:Epoch 24/100	dev results	MRR 0.288603	H@1 0.190013	H@3 0.338497	H@5 0.398484	H@10 0.476269
INFO:meta-cli.py:Epoch 24/100	test results	MRR 0.286772	H@1 0.182993	H@3 0.341736	H@5 0.408583	H@10 0.488034
INFO:meta-cli.py:Epoch 25/100	Loss 20.0506 ± 0.0695
INFO:meta-cli.py:Epoch 26/100	Loss 20.0382 ± 0.0726
INFO:meta-cli.py:Epoch 27/100	Loss 20.0265 ± 0.0684
INFO:meta-cli.py:Epoch 27/100	dev results	MRR 0.301022	H@1 0.205999	H@3 0.348055	H@5 0.409031	H@10 0.480224
INFO:meta-cli.py:Epoch 27/100	test results	MRR 0.296566	H@1 0.194639	H@3 0.349394	H@5 0.411615	H@10 0.491863
INFO:meta-cli.py:Epoch 28/100	Loss 20.0156 ± 0.0698
INFO:meta-cli.py:Epoch 29/100	Loss 20.0056 ± 0.0719
INFO:meta-cli.py:Epoch 30/100	Loss 19.9963 ± 0.0714
INFO:meta-cli.py:Epoch 30/100	dev results	MRR 0.311198	H@1 0.219183	H@3 0.358603	H@5 0.412986	H@10 0.483850
INFO:meta-cli.py:Epoch 30/100	test results	MRR 0.311517	H@1 0.216337	H@3 0.361200	H@5 0.419113	H@10 0.495054
INFO:meta-cli.py:Epoch 31/100	Loss 19.9873 ± 0.0785
INFO:meta-cli.py:Epoch 32/100	Loss 19.9788 ± 0.0688
INFO:meta-cli.py:Epoch 33/100	Loss 19.9707 ± 0.0702
INFO:meta-cli.py:Epoch 33/100	dev results	MRR 0.322196	H@1 0.233685	H@3 0.367172	H@5 0.417106	H@10 0.488299
INFO:meta-cli.py:Epoch 33/100	test results	MRR 0.320710	H@1 0.228781	H@3 0.366784	H@5 0.423101	H@10 0.498086
INFO:meta-cli.py:Epoch 34/100	Loss 19.9631 ± 0.0695
INFO:meta-cli.py:Epoch 35/100	Loss 19.9560 ± 0.0685
INFO:meta-cli.py:Epoch 36/100	Loss 19.9496 ± 0.0691
INFO:meta-cli.py:Epoch 36/100	dev results	MRR 0.329059	H@1 0.241430	H@3 0.373105	H@5 0.425511	H@10 0.491266
INFO:meta-cli.py:Epoch 36/100	test results	MRR 0.327683	H@1 0.235960	H@3 0.376197	H@5 0.430759	H@10 0.499681
INFO:meta-cli.py:Epoch 37/100	Loss 19.9430 ± 0.0690
INFO:meta-cli.py:Epoch 38/100	Loss 19.9366 ± 0.0709
INFO:meta-cli.py:Epoch 39/100	Loss 19.9307 ± 0.0734
INFO:meta-cli.py:Epoch 39/100	dev results	MRR 0.338940	H@1 0.254450	H@3 0.381180	H@5 0.429796	H@10 0.496045
INFO:meta-cli.py:Epoch 39/100	test results	MRR 0.334768	H@1 0.245373	H@3 0.380504	H@5 0.436024	H@10 0.504786
INFO:meta-cli.py:Epoch 40/100	Loss 19.9251 ± 0.0655
INFO:meta-cli.py:Epoch 41/100	Loss 19.9195 ± 0.0689
INFO:meta-cli.py:Epoch 42/100	Loss 19.9143 ± 0.0662
INFO:meta-cli.py:Epoch 42/100	dev results	MRR 0.343593	H@1 0.260053	H@3 0.385794	H@5 0.432762	H@10 0.497198
INFO:meta-cli.py:Epoch 42/100	test results	MRR 0.343179	H@1 0.257817	H@3 0.383854	H@5 0.437620	H@10 0.508456
INFO:meta-cli.py:Epoch 43/100	Loss 19.9097 ± 0.0714
INFO:meta-cli.py:Epoch 44/100	Loss 19.9046 ± 0.0722
INFO:meta-cli.py:Epoch 45/100	Loss 19.8997 ± 0.0626
INFO:meta-cli.py:Epoch 45/100	dev results	MRR 0.351722	H@1 0.270765	H@3 0.393705	H@5 0.436223	H@10 0.500824
INFO:meta-cli.py:Epoch 45/100	test results	MRR 0.350076	H@1 0.265795	H@3 0.393427	H@5 0.444001	H@10 0.510849
INFO:meta-cli.py:Epoch 46/100	Loss 19.8952 ± 0.0718
INFO:meta-cli.py:Epoch 47/100	Loss 19.8912 ± 0.0751
INFO:meta-cli.py:Epoch 48/100	Loss 19.8867 ± 0.0722
INFO:meta-cli.py:Epoch 48/100	dev results	MRR 0.355602	H@1 0.275379	H@3 0.396506	H@5 0.440343	H@10 0.502142
INFO:meta-cli.py:Epoch 48/100	test results	MRR 0.355432	H@1 0.272655	H@3 0.397735	H@5 0.447033	H@10 0.512285
INFO:meta-cli.py:Epoch 49/100	Loss 19.8828 ± 0.0644
INFO:meta-cli.py:Epoch 50/100	Loss 19.8788 ± 0.0712
INFO:meta-cli.py:Epoch 51/100	Loss 19.8750 ± 0.0698
INFO:meta-cli.py:Epoch 51/100	dev results	MRR 0.363871	H@1 0.288069	H@3 0.402604	H@5 0.444463	H@10 0.505274
INFO:meta-cli.py:Epoch 51/100	test results	MRR 0.360648	H@1 0.279834	H@3 0.401883	H@5 0.449745	H@10 0.513880
INFO:meta-cli.py:Epoch 52/100	Loss 19.8715 ± 0.0707
INFO:meta-cli.py:Epoch 53/100	Loss 19.8680 ± 0.0710
INFO:meta-cli.py:Epoch 54/100	Loss 19.8642 ± 0.0691
INFO:meta-cli.py:Epoch 54/100	dev results	MRR 0.368694	H@1 0.294331	H@3 0.406394	H@5 0.446605	H@10 0.506592
INFO:meta-cli.py:Epoch 54/100	test results	MRR 0.367332	H@1 0.288449	H@3 0.406190	H@5 0.451021	H@10 0.515954
INFO:meta-cli.py:Epoch 55/100	Loss 19.8608 ± 0.0649
INFO:meta-cli.py:Epoch 56/100	Loss 19.8575 ± 0.0607
INFO:meta-cli.py:Epoch 57/100	Loss 19.8543 ± 0.0651
INFO:meta-cli.py:Epoch 57/100	dev results	MRR 0.371317	H@1 0.296968	H@3 0.408207	H@5 0.450066	H@10 0.507910
INFO:meta-cli.py:Epoch 57/100	test results	MRR 0.370263	H@1 0.292597	H@3 0.410657	H@5 0.453095	H@10 0.518347
INFO:meta-cli.py:Epoch 58/100	Loss 19.8513 ± 0.0647
INFO:meta-cli.py:Epoch 59/100	Loss 19.8484 ± 0.0655
INFO:meta-cli.py:Epoch 60/100	Loss 19.8454 ± 0.0685
INFO:meta-cli.py:Epoch 60/100	dev results	MRR 0.375811	H@1 0.302571	H@3 0.412327	H@5 0.451055	H@10 0.508570
INFO:meta-cli.py:Epoch 60/100	test results	MRR 0.375438	H@1 0.300096	H@3 0.413689	H@5 0.454212	H@10 0.518666
INFO:meta-cli.py:Epoch 61/100	Loss 19.8424 ± 0.0681
INFO:meta-cli.py:Epoch 62/100	Loss 19.8397 ± 0.0640
INFO:meta-cli.py:Epoch 63/100	Loss 19.8369 ± 0.0659
INFO:meta-cli.py:Epoch 63/100	dev results	MRR 0.381416	H@1 0.311140	H@3 0.415788	H@5 0.451879	H@10 0.510547
INFO:meta-cli.py:Epoch 63/100	test results	MRR 0.379872	H@1 0.305839	H@3 0.415922	H@5 0.458200	H@10 0.519943
INFO:meta-cli.py:Epoch 64/100	Loss 19.8341 ± 0.0685
INFO:meta-cli.py:Epoch 65/100	Loss 19.8315 ± 0.0630
INFO:meta-cli.py:Epoch 66/100	Loss 19.8289 ± 0.0674
INFO:meta-cli.py:Epoch 66/100	dev results	MRR 0.382575	H@1 0.311800	H@3 0.417436	H@5 0.455175	H@10 0.511536
INFO:meta-cli.py:Epoch 66/100	test results	MRR 0.381709	H@1 0.307913	H@3 0.419432	H@5 0.458041	H@10 0.520262
INFO:meta-cli.py:Epoch 67/100	Loss 19.8267 ± 0.0685
INFO:meta-cli.py:Epoch 68/100	Loss 19.8241 ± 0.0695
INFO:meta-cli.py:Epoch 69/100	Loss 19.8220 ± 0.0713
INFO:meta-cli.py:Epoch 69/100	dev results	MRR 0.385961	H@1 0.316249	H@3 0.420897	H@5 0.457152	H@10 0.509888
INFO:meta-cli.py:Epoch 69/100	test results	MRR 0.384730	H@1 0.312061	H@3 0.420868	H@5 0.461391	H@10 0.520262
INFO:meta-cli.py:Epoch 70/100	Loss 19.8193 ± 0.0653
INFO:meta-cli.py:Epoch 71/100	Loss 19.8173 ± 0.0690
INFO:meta-cli.py:Epoch 72/100	Loss 19.8150 ± 0.0689
INFO:meta-cli.py:Epoch 72/100	dev results	MRR 0.388146	H@1 0.318886	H@3 0.421391	H@5 0.458306	H@10 0.512195
INFO:meta-cli.py:Epoch 72/100	test results	MRR 0.387746	H@1 0.316688	H@3 0.423261	H@5 0.462189	H@10 0.520262
INFO:meta-cli.py:Epoch 73/100	Loss 19.8127 ± 0.0625
INFO:meta-cli.py:Epoch 74/100	Loss 19.8106 ± 0.0705
INFO:meta-cli.py:Epoch 75/100	Loss 19.8083 ± 0.0658
INFO:meta-cli.py:Epoch 75/100	dev results	MRR 0.389771	H@1 0.320204	H@3 0.424028	H@5 0.460778	H@10 0.514338
INFO:meta-cli.py:Epoch 75/100	test results	MRR 0.387659	H@1 0.314933	H@3 0.423899	H@5 0.463625	H@10 0.522176
INFO:meta-cli.py:Epoch 76/100	Loss 19.8067 ± 0.0634
INFO:meta-cli.py:Epoch 77/100	Loss 19.8047 ± 0.0615
INFO:meta-cli.py:Epoch 78/100	Loss 19.8027 ± 0.0578
INFO:meta-cli.py:Epoch 78/100	dev results	MRR 0.392908	H@1 0.324984	H@3 0.425181	H@5 0.460448	H@10 0.514338
INFO:meta-cli.py:Epoch 78/100	test results	MRR 0.391680	H@1 0.321474	H@3 0.427090	H@5 0.465539	H@10 0.521059
INFO:meta-cli.py:Epoch 79/100	Loss 19.8010 ± 0.0606
INFO:meta-cli.py:Epoch 80/100	Loss 19.7992 ± 0.0636
INFO:meta-cli.py:Epoch 81/100	Loss 19.7972 ± 0.0693
INFO:meta-cli.py:Epoch 81/100	dev results	MRR 0.393503	H@1 0.325972	H@3 0.426500	H@5 0.463085	H@10 0.513184
INFO:meta-cli.py:Epoch 81/100	test results	MRR 0.391693	H@1 0.320836	H@3 0.426930	H@5 0.465699	H@10 0.522495
INFO:meta-cli.py:Epoch 82/100	Loss 19.7953 ± 0.0667
INFO:meta-cli.py:Epoch 83/100	Loss 19.7939 ± 0.0685
INFO:meta-cli.py:Epoch 84/100	Loss 19.7920 ± 0.0640
INFO:meta-cli.py:Epoch 84/100	dev results	MRR 0.396663	H@1 0.329433	H@3 0.429466	H@5 0.464568	H@10 0.514008
INFO:meta-cli.py:Epoch 84/100	test results	MRR 0.393385	H@1 0.322431	H@3 0.428526	H@5 0.465539	H@10 0.523612
INFO:meta-cli.py:Epoch 85/100	Loss 19.7905 ± 0.0623
INFO:meta-cli.py:Epoch 86/100	Loss 19.7890 ± 0.0657
INFO:meta-cli.py:Epoch 87/100	Loss 19.7875 ± 0.0646
INFO:meta-cli.py:Epoch 87/100	dev results	MRR 0.398829	H@1 0.333553	H@3 0.428312	H@5 0.465392	H@10 0.517139
INFO:meta-cli.py:Epoch 87/100	test results	MRR 0.396165	H@1 0.327696	H@3 0.431078	H@5 0.468571	H@10 0.524250
INFO:meta-cli.py:Epoch 88/100	Loss 19.7857 ± 0.0679
INFO:meta-cli.py:Epoch 89/100	Loss 19.7843 ± 0.0657
INFO:meta-cli.py:Epoch 90/100	Loss 19.7830 ± 0.0679
INFO:meta-cli.py:Epoch 90/100	dev results	MRR 0.399428	H@1 0.333718	H@3 0.430125	H@5 0.465557	H@10 0.516809
INFO:meta-cli.py:Epoch 90/100	test results	MRR 0.396783	H@1 0.327058	H@3 0.431398	H@5 0.467454	H@10 0.523452
INFO:meta-cli.py:Epoch 91/100	Loss 19.7815 ± 0.0615
INFO:meta-cli.py:Epoch 92/100	Loss 19.7801 ± 0.0717
INFO:meta-cli.py:Epoch 93/100	Loss 19.7788 ± 0.0606
INFO:meta-cli.py:Epoch 93/100	dev results	MRR 0.400504	H@1 0.335366	H@3 0.428642	H@5 0.467040	H@10 0.517139
INFO:meta-cli.py:Epoch 93/100	test results	MRR 0.398140	H@1 0.329451	H@3 0.432195	H@5 0.468890	H@10 0.524091
INFO:meta-cli.py:Epoch 94/100	Loss 19.7771 ± 0.0617
INFO:meta-cli.py:Epoch 95/100	Loss 19.7759 ± 0.0642
INFO:meta-cli.py:Epoch 96/100	Loss 19.7747 ± 0.0644
INFO:meta-cli.py:Epoch 96/100	dev results	MRR 0.400976	H@1 0.335201	H@3 0.432597	H@5 0.466381	H@10 0.516809
INFO:meta-cli.py:Epoch 96/100	test results	MRR 0.397984	H@1 0.328653	H@3 0.432036	H@5 0.470485	H@10 0.525686
INFO:meta-cli.py:Epoch 97/100	Loss 19.7734 ± 0.0632
INFO:meta-cli.py:Epoch 98/100	Loss 19.7722 ± 0.0622
INFO:meta-cli.py:Epoch 99/100	Loss 19.7709 ± 0.0673
INFO:meta-cli.py:Epoch 99/100	dev results	MRR 0.402263	H@1 0.337673	H@3 0.431938	H@5 0.467864	H@10 0.515985
INFO:meta-cli.py:Epoch 99/100	test results	MRR 0.399402	H@1 0.330089	H@3 0.433631	H@5 0.471602	H@10 0.526165
INFO:meta-cli.py:Epoch 100/100	Loss 19.7695 ± 0.0647
INFO:meta-cli.py:Final 	dev results	MRR 0.401868	H@1 0.337179	H@3 0.431938	H@5 0.467370	H@10 0.517304
INFO:meta-cli.py:Final 	test results	MRR 0.399406	H@1 0.330089	H@3 0.433791	H@5 0.470325	H@10 0.527281
INFO:meta-cli.py:Training finished
