./bin/meta-cli.py --train data/wn18rr/train.tsv --dev data/wn18rr/dev.tsv --test data/wn18rr/test.tsv -m complex -k 500 -b 1000 -e 100 --F2 0.01 --N3 0 -l 0.1 -I reciprocal -V 3 -o adagrad -q
{'F2': 0.01,
 'N3': 0.0,
 'batch_size': 1000,
 'dev': 'data/wn18rr/dev.tsv',
 'embedding_size': 500,
 'epochs': 100,
 'eval_batch_size': None,
 'input_type': 'reciprocal',
 'learning_rate': 0.1,
 'load': None,
 'model': 'complex',
 'optimizer': 'adagrad',
 'quiet': True,
 'save': None,
 'seed': 0,
 'test': 'data/wn18rr/test.tsv',
 'test_i': None,
 'test_ii': None,
 'train': 'data/wn18rr/train.tsv',
 'validate_every': 3}
INFO:meta-cli.py:Device: cuda
INFO:meta-cli.py:Model state:
INFO:meta-cli.py:	entities.weight	torch.Size([40943, 1000])
INFO:meta-cli.py:	predicates.weight	torch.Size([22, 1000])
INFO:meta-cli.py:Epoch 1/100	Loss 16.2703 ± 3.8515
INFO:meta-cli.py:Epoch 2/100	Loss 6.3506 ± 0.3290
INFO:meta-cli.py:Epoch 3/100	Loss 5.2401 ± 0.0866
INFO:meta-cli.py:Epoch 3/100	dev results	MRR 0.435498	H@1 0.412327	H@3 0.444463	H@5 0.460943	H@10 0.477752
INFO:meta-cli.py:Epoch 3/100	test results	MRR 0.437275	H@1 0.414167	H@3 0.445278	H@5 0.461551	H@10 0.482131
INFO:meta-cli.py:Epoch 4/100	Loss 4.9023 ± 0.0885
INFO:meta-cli.py:Epoch 5/100	Loss 4.7080 ± 0.0904
INFO:meta-cli.py:Epoch 6/100	Loss 4.5720 ± 0.0970
INFO:meta-cli.py:Epoch 6/100	dev results	MRR 0.447155	H@1 0.422380	H@3 0.456658	H@5 0.471984	H@10 0.494232
INFO:meta-cli.py:Epoch 6/100	test results	MRR 0.447156	H@1 0.422304	H@3 0.455169	H@5 0.472719	H@10 0.495852
INFO:meta-cli.py:Epoch 7/100	Loss 4.4696 ± 0.0962
INFO:meta-cli.py:Epoch 8/100	Loss 4.3864 ± 0.1029
INFO:meta-cli.py:Epoch 9/100	Loss 4.3189 ± 0.0938
INFO:meta-cli.py:Epoch 9/100	dev results	MRR 0.451181	H@1 0.425511	H@3 0.460943	H@5 0.475939	H@10 0.499176
INFO:meta-cli.py:Epoch 9/100	test results	MRR 0.452135	H@1 0.425495	H@3 0.462348	H@5 0.478781	H@10 0.503829
INFO:meta-cli.py:Epoch 10/100	Loss 4.2593 ± 0.0981
INFO:meta-cli.py:Epoch 11/100	Loss 4.2098 ± 0.1019
INFO:meta-cli.py:Epoch 12/100	Loss 4.1662 ± 0.0988
INFO:meta-cli.py:Epoch 12/100	dev results	MRR 0.453826	H@1 0.427324	H@3 0.462591	H@5 0.481872	H@10 0.504944
INFO:meta-cli.py:Epoch 12/100	test results	MRR 0.455103	H@1 0.428685	H@3 0.465220	H@5 0.482610	H@10 0.508456
INFO:meta-cli.py:Epoch 13/100	Loss 4.1265 ± 0.0914
INFO:meta-cli.py:Epoch 14/100	Loss 4.0919 ± 0.0948
INFO:meta-cli.py:Epoch 15/100	Loss 4.0601 ± 0.1028
INFO:meta-cli.py:Epoch 15/100	dev results	MRR 0.456151	H@1 0.430784	H@3 0.464403	H@5 0.481707	H@10 0.505438
INFO:meta-cli.py:Epoch 15/100	test results	MRR 0.457577	H@1 0.430440	H@3 0.467932	H@5 0.486439	H@10 0.511168
INFO:meta-cli.py:Epoch 16/100	Loss 4.0310 ± 0.0988
INFO:meta-cli.py:Epoch 17/100	Loss 4.0046 ± 0.0979
INFO:meta-cli.py:Epoch 18/100	Loss 3.9798 ± 0.0994
INFO:meta-cli.py:Epoch 18/100	dev results	MRR 0.456609	H@1 0.429796	H@3 0.465887	H@5 0.484344	H@10 0.509064
INFO:meta-cli.py:Epoch 18/100	test results	MRR 0.460175	H@1 0.433153	H@3 0.470166	H@5 0.487237	H@10 0.514837
INFO:meta-cli.py:Epoch 19/100	Loss 3.9576 ± 0.0941
INFO:meta-cli.py:Epoch 20/100	Loss 3.9359 ± 0.0951
INFO:meta-cli.py:Epoch 21/100	Loss 3.9158 ± 0.0914
INFO:meta-cli.py:Epoch 21/100	dev results	MRR 0.456757	H@1 0.428807	H@3 0.465887	H@5 0.486816	H@10 0.510877
INFO:meta-cli.py:Epoch 21/100	test results	MRR 0.460229	H@1 0.431876	H@3 0.470804	H@5 0.490268	H@10 0.515316
INFO:meta-cli.py:Epoch 22/100	Loss 3.8975 ± 0.0955
INFO:meta-cli.py:Epoch 23/100	Loss 3.8801 ± 0.0921
INFO:meta-cli.py:Epoch 24/100	Loss 3.8640 ± 0.0943
INFO:meta-cli.py:Epoch 24/100	dev results	MRR 0.457811	H@1 0.430290	H@3 0.467040	H@5 0.487805	H@10 0.510877
INFO:meta-cli.py:Epoch 24/100	test results	MRR 0.461596	H@1 0.433153	H@3 0.471921	H@5 0.490587	H@10 0.518507
INFO:meta-cli.py:Epoch 25/100	Loss 3.8477 ± 0.0907
INFO:meta-cli.py:Epoch 26/100	Loss 3.8325 ± 0.0903
INFO:meta-cli.py:Epoch 27/100	Loss 3.8186 ± 0.0857
INFO:meta-cli.py:Epoch 27/100	dev results	MRR 0.458607	H@1 0.430455	H@3 0.469018	H@5 0.487970	H@10 0.512690
INFO:meta-cli.py:Epoch 27/100	test results	MRR 0.461641	H@1 0.432833	H@3 0.473038	H@5 0.491544	H@10 0.517869
INFO:meta-cli.py:Epoch 28/100	Loss 3.8050 ± 0.0934
INFO:meta-cli.py:Epoch 29/100	Loss 3.7921 ± 0.0917
INFO:meta-cli.py:Epoch 30/100	Loss 3.7800 ± 0.0821
INFO:meta-cli.py:Epoch 30/100	dev results	MRR 0.458723	H@1 0.430455	H@3 0.468359	H@5 0.488299	H@10 0.513184
INFO:meta-cli.py:Epoch 30/100	test results	MRR 0.461864	H@1 0.433631	H@3 0.472878	H@5 0.490906	H@10 0.518666
INFO:meta-cli.py:Epoch 31/100	Loss 3.7680 ± 0.0920
INFO:meta-cli.py:Epoch 32/100	Loss 3.7566 ± 0.0904
INFO:meta-cli.py:Epoch 33/100	Loss 3.7455 ± 0.0874
INFO:meta-cli.py:Epoch 33/100	dev results	MRR 0.458497	H@1 0.429796	H@3 0.468029	H@5 0.489123	H@10 0.514832
INFO:meta-cli.py:Epoch 33/100	test results	MRR 0.461936	H@1 0.432514	H@3 0.473995	H@5 0.492502	H@10 0.519783
INFO:meta-cli.py:Epoch 34/100	Loss 3.7350 ± 0.0905
INFO:meta-cli.py:Epoch 35/100	Loss 3.7249 ± 0.0835
INFO:meta-cli.py:Epoch 36/100	Loss 3.7150 ± 0.0824
INFO:meta-cli.py:Epoch 36/100	dev results	MRR 0.459571	H@1 0.431608	H@3 0.468359	H@5 0.488299	H@10 0.514997
INFO:meta-cli.py:Epoch 36/100	test results	MRR 0.462591	H@1 0.432993	H@3 0.473995	H@5 0.493299	H@10 0.520421
INFO:meta-cli.py:Epoch 37/100	Loss 3.7058 ± 0.0875
INFO:meta-cli.py:Epoch 38/100	Loss 3.6966 ± 0.0865
INFO:meta-cli.py:Epoch 39/100	Loss 3.6876 ± 0.0884
INFO:meta-cli.py:Epoch 39/100	dev results	MRR 0.458673	H@1 0.429631	H@3 0.469677	H@5 0.490112	H@10 0.515491
INFO:meta-cli.py:Epoch 39/100	test results	MRR 0.461656	H@1 0.431717	H@3 0.473995	H@5 0.492821	H@10 0.521219
INFO:meta-cli.py:Epoch 40/100	Loss 3.6792 ± 0.0824
INFO:meta-cli.py:Epoch 41/100	Loss 3.6706 ± 0.0842
INFO:meta-cli.py:Epoch 42/100	Loss 3.6630 ± 0.0871
INFO:meta-cli.py:Epoch 42/100	dev results	MRR 0.458870	H@1 0.429796	H@3 0.469183	H@5 0.488299	H@10 0.515985
INFO:meta-cli.py:Epoch 42/100	test results	MRR 0.462328	H@1 0.432674	H@3 0.473038	H@5 0.493778	H@10 0.522495
INFO:meta-cli.py:Epoch 43/100	Loss 3.6551 ± 0.0878
INFO:meta-cli.py:Epoch 44/100	Loss 3.6472 ± 0.0787
INFO:meta-cli.py:Epoch 45/100	Loss 3.6394 ± 0.0764
INFO:meta-cli.py:Epoch 45/100	dev results	MRR 0.459571	H@1 0.431773	H@3 0.468359	H@5 0.488464	H@10 0.515821
INFO:meta-cli.py:Epoch 45/100	test results	MRR 0.461731	H@1 0.431398	H@3 0.473995	H@5 0.493459	H@10 0.521378
INFO:meta-cli.py:Epoch 46/100	Loss 3.6322 ± 0.0828
INFO:meta-cli.py:Epoch 47/100	Loss 3.6255 ± 0.0856
INFO:meta-cli.py:Epoch 48/100	Loss 3.6185 ± 0.0844
INFO:meta-cli.py:Epoch 48/100	dev results	MRR 0.458826	H@1 0.429631	H@3 0.468688	H@5 0.489123	H@10 0.516480
INFO:meta-cli.py:Epoch 48/100	test results	MRR 0.461523	H@1 0.431717	H@3 0.473038	H@5 0.493618	H@10 0.521538
INFO:meta-cli.py:Epoch 49/100	Loss 3.6118 ± 0.0821
INFO:meta-cli.py:Epoch 50/100	Loss 3.6054 ± 0.0781
INFO:meta-cli.py:Epoch 51/100	Loss 3.5989 ± 0.0782
INFO:meta-cli.py:Epoch 51/100	dev results	MRR 0.459249	H@1 0.430620	H@3 0.468194	H@5 0.489618	H@10 0.516645
INFO:meta-cli.py:Epoch 51/100	test results	MRR 0.461091	H@1 0.430919	H@3 0.472878	H@5 0.493459	H@10 0.522974
INFO:meta-cli.py:Epoch 52/100	Loss 3.5927 ± 0.0731
INFO:meta-cli.py:Epoch 53/100	Loss 3.5868 ± 0.0756
INFO:meta-cli.py:Epoch 54/100	Loss 3.5804 ± 0.0801
INFO:meta-cli.py:Epoch 54/100	dev results	MRR 0.458895	H@1 0.429960	H@3 0.468194	H@5 0.488958	H@10 0.516480
INFO:meta-cli.py:Epoch 54/100	test results	MRR 0.460536	H@1 0.429483	H@3 0.473197	H@5 0.492821	H@10 0.522017
INFO:meta-cli.py:Epoch 55/100	Loss 3.5746 ± 0.0775
INFO:meta-cli.py:Epoch 56/100	Loss 3.5690 ± 0.0754
INFO:meta-cli.py:Epoch 57/100	Loss 3.5632 ± 0.0716
INFO:meta-cli.py:Epoch 57/100	dev results	MRR 0.459109	H@1 0.430620	H@3 0.467535	H@5 0.487970	H@10 0.516645
INFO:meta-cli.py:Epoch 57/100	test results	MRR 0.459899	H@1 0.428845	H@3 0.471761	H@5 0.493459	H@10 0.522017
INFO:meta-cli.py:Epoch 58/100	Loss 3.5579 ± 0.0774
INFO:meta-cli.py:Epoch 59/100	Loss 3.5525 ± 0.0768
INFO:meta-cli.py:Epoch 60/100	Loss 3.5473 ± 0.0793
INFO:meta-cli.py:Epoch 60/100	dev results	MRR 0.457720	H@1 0.427983	H@3 0.466216	H@5 0.488299	H@10 0.515985
INFO:meta-cli.py:Epoch 60/100	test results	MRR 0.459291	H@1 0.428047	H@3 0.470645	H@5 0.492980	H@10 0.521698
INFO:meta-cli.py:Epoch 61/100	Loss 3.5423 ± 0.0738
INFO:meta-cli.py:Epoch 62/100	Loss 3.5373 ± 0.0724
INFO:meta-cli.py:Epoch 63/100	Loss 3.5320 ± 0.0782
INFO:meta-cli.py:Epoch 63/100	dev results	MRR 0.458255	H@1 0.428642	H@3 0.467370	H@5 0.487970	H@10 0.516645
INFO:meta-cli.py:Epoch 63/100	test results	MRR 0.459003	H@1 0.427569	H@3 0.469687	H@5 0.492023	H@10 0.522336
INFO:meta-cli.py:Epoch 64/100	Loss 3.5271 ± 0.0753
INFO:meta-cli.py:Epoch 65/100	Loss 3.5223 ± 0.0812
INFO:meta-cli.py:Epoch 66/100	Loss 3.5175 ± 0.0748
INFO:meta-cli.py:Epoch 66/100	dev results	MRR 0.458237	H@1 0.428972	H@3 0.466875	H@5 0.487970	H@10 0.517139
INFO:meta-cli.py:Epoch 66/100	test results	MRR 0.458699	H@1 0.427728	H@3 0.469528	H@5 0.492023	H@10 0.521059
INFO:meta-cli.py:Epoch 67/100	Loss 3.5129 ± 0.0727
INFO:meta-cli.py:Epoch 68/100	Loss 3.5087 ± 0.0776
INFO:meta-cli.py:Epoch 69/100	Loss 3.5040 ± 0.0749
INFO:meta-cli.py:Epoch 69/100	dev results	MRR 0.457919	H@1 0.428642	H@3 0.466711	H@5 0.487310	H@10 0.517139
INFO:meta-cli.py:Epoch 69/100	test results	MRR 0.458596	H@1 0.427250	H@3 0.469847	H@5 0.492183	H@10 0.521698
INFO:meta-cli.py:Epoch 70/100	Loss 3.4997 ± 0.0731
INFO:meta-cli.py:Epoch 71/100	Loss 3.4955 ± 0.0738
INFO:meta-cli.py:Epoch 72/100	Loss 3.4912 ± 0.0713
INFO:meta-cli.py:Epoch 72/100	dev results	MRR 0.457560	H@1 0.428312	H@3 0.466711	H@5 0.486981	H@10 0.517963
INFO:meta-cli.py:Epoch 72/100	test results	MRR 0.458373	H@1 0.427090	H@3 0.470325	H@5 0.491066	H@10 0.521857
INFO:meta-cli.py:Epoch 73/100	Loss 3.4867 ± 0.0711
INFO:meta-cli.py:Epoch 74/100	Loss 3.4825 ± 0.0762
INFO:meta-cli.py:Epoch 75/100	Loss 3.4785 ± 0.0738
INFO:meta-cli.py:Epoch 75/100	dev results	MRR 0.458048	H@1 0.429301	H@3 0.466381	H@5 0.486322	H@10 0.517633
INFO:meta-cli.py:Epoch 75/100	test results	MRR 0.458127	H@1 0.426930	H@3 0.470166	H@5 0.490906	H@10 0.520581
INFO:meta-cli.py:Epoch 76/100	Loss 3.4748 ± 0.0707
INFO:meta-cli.py:Epoch 77/100	Loss 3.4708 ± 0.0697
INFO:meta-cli.py:Epoch 78/100	Loss 3.4668 ± 0.0646
INFO:meta-cli.py:Epoch 78/100	dev results	MRR 0.457434	H@1 0.427983	H@3 0.465392	H@5 0.487805	H@10 0.519281
INFO:meta-cli.py:Epoch 78/100	test results	MRR 0.457856	H@1 0.426452	H@3 0.469847	H@5 0.491544	H@10 0.520581
INFO:meta-cli.py:Epoch 79/100	Loss 3.4630 ± 0.0718
INFO:meta-cli.py:Epoch 80/100	Loss 3.4592 ± 0.0671
INFO:meta-cli.py:Epoch 81/100	Loss 3.4552 ± 0.0750
INFO:meta-cli.py:Epoch 81/100	dev results	MRR 0.457080	H@1 0.428477	H@3 0.464239	H@5 0.486816	H@10 0.516974
INFO:meta-cli.py:Epoch 81/100	test results	MRR 0.457453	H@1 0.426133	H@3 0.469049	H@5 0.490268	H@10 0.519943
INFO:meta-cli.py:Epoch 82/100	Loss 3.4516 ± 0.0737
INFO:meta-cli.py:Epoch 83/100	Loss 3.4481 ± 0.0727
INFO:meta-cli.py:Epoch 84/100	Loss 3.4443 ± 0.0752
INFO:meta-cli.py:Epoch 84/100	dev results	MRR 0.456554	H@1 0.426829	H@3 0.465392	H@5 0.486981	H@10 0.517469
INFO:meta-cli.py:Epoch 84/100	test results	MRR 0.457445	H@1 0.425814	H@3 0.470166	H@5 0.490108	H@10 0.520900
INFO:meta-cli.py:Epoch 85/100	Loss 3.4410 ± 0.0680
INFO:meta-cli.py:Epoch 86/100	Loss 3.4375 ± 0.0689
INFO:meta-cli.py:Epoch 87/100	Loss 3.4342 ± 0.0714
INFO:meta-cli.py:Epoch 87/100	dev results	MRR 0.456239	H@1 0.426829	H@3 0.464898	H@5 0.485992	H@10 0.515985
INFO:meta-cli.py:Epoch 87/100	test results	MRR 0.456883	H@1 0.425335	H@3 0.469049	H@5 0.489151	H@10 0.520421
INFO:meta-cli.py:Epoch 88/100	Loss 3.4307 ± 0.0759
INFO:meta-cli.py:Epoch 89/100	Loss 3.4272 ± 0.0687
INFO:meta-cli.py:Epoch 90/100	Loss 3.4241 ± 0.0704
INFO:meta-cli.py:Epoch 90/100	dev results	MRR 0.456039	H@1 0.426335	H@3 0.465722	H@5 0.485168	H@10 0.515821
INFO:meta-cli.py:Epoch 90/100	test results	MRR 0.456251	H@1 0.424218	H@3 0.468730	H@5 0.489630	H@10 0.520102
INFO:meta-cli.py:Epoch 91/100	Loss 3.4210 ± 0.0712
INFO:meta-cli.py:Epoch 92/100	Loss 3.4179 ± 0.0761
INFO:meta-cli.py:Epoch 93/100	Loss 3.4147 ± 0.0654
INFO:meta-cli.py:Epoch 93/100	dev results	MRR 0.455519	H@1 0.425676	H@3 0.465887	H@5 0.484674	H@10 0.515985
INFO:meta-cli.py:Epoch 93/100	test results	MRR 0.455565	H@1 0.423580	H@3 0.467613	H@5 0.488832	H@10 0.520102
INFO:meta-cli.py:Epoch 94/100	Loss 3.4114 ± 0.0675
INFO:meta-cli.py:Epoch 95/100	Loss 3.4082 ± 0.0729
INFO:meta-cli.py:Epoch 96/100	Loss 3.4052 ± 0.0690
INFO:meta-cli.py:Epoch 96/100	dev results	MRR 0.455176	H@1 0.425346	H@3 0.464898	H@5 0.485333	H@10 0.515656
INFO:meta-cli.py:Epoch 96/100	test results	MRR 0.455827	H@1 0.423899	H@3 0.468092	H@5 0.489311	H@10 0.520102
INFO:meta-cli.py:Epoch 97/100	Loss 3.4020 ± 0.0713
INFO:meta-cli.py:Epoch 98/100	Loss 3.3991 ± 0.0746
INFO:meta-cli.py:Epoch 99/100	Loss 3.3961 ± 0.0712
INFO:meta-cli.py:Epoch 99/100	dev results	MRR 0.454826	H@1 0.425016	H@3 0.464568	H@5 0.484838	H@10 0.515656
INFO:meta-cli.py:Epoch 99/100	test results	MRR 0.454820	H@1 0.422144	H@3 0.467135	H@5 0.489311	H@10 0.519943
INFO:meta-cli.py:Epoch 100/100	Loss 3.3931 ± 0.0694
INFO:meta-cli.py:Final 	dev results	MRR 0.454733	H@1 0.424852	H@3 0.465392	H@5 0.484015	H@10 0.515162
INFO:meta-cli.py:Final 	test results	MRR 0.454817	H@1 0.422623	H@3 0.467135	H@5 0.489311	H@10 0.518985
INFO:meta-cli.py:Training finished
