./bin/meta-cli.py --train data/wn18rr/train.tsv --dev data/wn18rr/dev.tsv --test data/wn18rr/test.tsv -m complex -k 500 -b 100 -e 100 --F2 0 --N3 0.001 -l 0.1 -I standard -V 3 -o adagrad -q
{'F2': 0.0,
 'N3': 0.001,
 'batch_size': 100,
 'dev': 'data/wn18rr/dev.tsv',
 'embedding_size': 500,
 'epochs': 100,
 'eval_batch_size': None,
 'input_type': 'standard',
 'learning_rate': 0.1,
 'load': None,
 'model': 'complex',
 'optimizer': 'adagrad',
 'quiet': True,
 'save': None,
 'seed': 0,
 'test': 'data/wn18rr/test.tsv',
 'test_i': None,
 'test_ii': None,
 'train': 'data/wn18rr/train.tsv',
 'validate_every': 3}
INFO:meta-cli.py:Device: cuda
INFO:meta-cli.py:Model state:
INFO:meta-cli.py:	entities.weight	torch.Size([40943, 1000])
INFO:meta-cli.py:	predicates.weight	torch.Size([11, 1000])
INFO:meta-cli.py:Epoch 1/100	Loss 18.3419 ± 1.6219
INFO:meta-cli.py:Epoch 2/100	Loss 8.4249 ± 0.5229
INFO:meta-cli.py:Epoch 3/100	Loss 4.4823 ± 0.3664
INFO:meta-cli.py:Epoch 3/100	dev results	MRR 0.425746	H@1 0.399143	H@3 0.437871	H@5 0.451055	H@10 0.467864
INFO:meta-cli.py:Epoch 3/100	test results	MRR 0.427299	H@1 0.399489	H@3 0.441608	H@5 0.453255	H@10 0.473516
INFO:meta-cli.py:Epoch 4/100	Loss 3.8104 ± 0.3193
INFO:meta-cli.py:Epoch 5/100	Loss 3.5244 ± 0.3137
INFO:meta-cli.py:Epoch 6/100	Loss 3.3636 ± 0.3011
INFO:meta-cli.py:Epoch 6/100	dev results	MRR 0.437881	H@1 0.413645	H@3 0.446276	H@5 0.457976	H@10 0.481543
INFO:meta-cli.py:Epoch 6/100	test results	MRR 0.437865	H@1 0.412093	H@3 0.446394	H@5 0.462827	H@10 0.485801
INFO:meta-cli.py:Epoch 7/100	Loss 3.2512 ± 0.2892
INFO:meta-cli.py:Epoch 8/100	Loss 3.1716 ± 0.2908
INFO:meta-cli.py:Epoch 9/100	Loss 3.1072 ± 0.2767
INFO:meta-cli.py:Epoch 9/100	dev results	MRR 0.441530	H@1 0.417271	H@3 0.449572	H@5 0.462261	H@10 0.487146
INFO:meta-cli.py:Epoch 9/100	test results	MRR 0.442532	H@1 0.415763	H@3 0.453095	H@5 0.468251	H@10 0.494257
INFO:meta-cli.py:Epoch 10/100	Loss 3.0544 ± 0.2644
INFO:meta-cli.py:Epoch 11/100	Loss 3.0109 ± 0.2656
INFO:meta-cli.py:Epoch 12/100	Loss 2.9755 ± 0.2661
INFO:meta-cli.py:Epoch 12/100	dev results	MRR 0.442812	H@1 0.418425	H@3 0.449407	H@5 0.465063	H@10 0.488629
INFO:meta-cli.py:Epoch 12/100	test results	MRR 0.444903	H@1 0.418156	H@3 0.453414	H@5 0.471921	H@10 0.498086
INFO:meta-cli.py:Epoch 13/100	Loss 2.9413 ± 0.2581
INFO:meta-cli.py:Epoch 14/100	Loss 2.9121 ± 0.2571
INFO:meta-cli.py:Epoch 15/100	Loss 2.8862 ± 0.2583
INFO:meta-cli.py:Epoch 15/100	dev results	MRR 0.444982	H@1 0.420237	H@3 0.452044	H@5 0.469183	H@10 0.492749
INFO:meta-cli.py:Epoch 15/100	test results	MRR 0.447567	H@1 0.420549	H@3 0.456445	H@5 0.473676	H@10 0.499521
INFO:meta-cli.py:Epoch 16/100	Loss 2.8646 ± 0.2545
INFO:meta-cli.py:Epoch 17/100	Loss 2.8425 ± 0.2462
INFO:meta-cli.py:Epoch 18/100	Loss 2.8233 ± 0.2390
INFO:meta-cli.py:Epoch 18/100	dev results	MRR 0.446942	H@1 0.421556	H@3 0.454021	H@5 0.471819	H@10 0.496539
INFO:meta-cli.py:Epoch 18/100	test results	MRR 0.448066	H@1 0.419911	H@3 0.457722	H@5 0.477026	H@10 0.501436
INFO:meta-cli.py:Epoch 19/100	Loss 2.8052 ± 0.2435
INFO:meta-cli.py:Epoch 20/100	Loss 2.7894 ± 0.2349
INFO:meta-cli.py:Epoch 21/100	Loss 2.7738 ± 0.2314
INFO:meta-cli.py:Epoch 21/100	dev results	MRR 0.446702	H@1 0.420732	H@3 0.454186	H@5 0.471490	H@10 0.497528
INFO:meta-cli.py:Epoch 21/100	test results	MRR 0.450314	H@1 0.424218	H@3 0.457243	H@5 0.477664	H@10 0.504946
INFO:meta-cli.py:Epoch 22/100	Loss 2.7594 ± 0.2391
INFO:meta-cli.py:Epoch 23/100	Loss 2.7456 ± 0.2326
INFO:meta-cli.py:Epoch 24/100	Loss 2.7342 ± 0.2309
INFO:meta-cli.py:Epoch 24/100	dev results	MRR 0.448877	H@1 0.423368	H@3 0.456493	H@5 0.472643	H@10 0.497858
INFO:meta-cli.py:Epoch 24/100	test results	MRR 0.450497	H@1 0.422463	H@3 0.461391	H@5 0.481334	H@10 0.505584
INFO:meta-cli.py:Epoch 25/100	Loss 2.7216 ± 0.2278
INFO:meta-cli.py:Epoch 26/100	Loss 2.7105 ± 0.2285
INFO:meta-cli.py:Epoch 27/100	Loss 2.6999 ± 0.2326
INFO:meta-cli.py:Epoch 27/100	dev results	MRR 0.448964	H@1 0.423204	H@3 0.457482	H@5 0.472314	H@10 0.499670
INFO:meta-cli.py:Epoch 27/100	test results	MRR 0.451274	H@1 0.423421	H@3 0.460913	H@5 0.479579	H@10 0.506701
INFO:meta-cli.py:Epoch 28/100	Loss 2.6896 ± 0.2273
INFO:meta-cli.py:Epoch 29/100	Loss 2.6802 ± 0.2271
INFO:meta-cli.py:Epoch 30/100	Loss 2.6719 ± 0.2189
INFO:meta-cli.py:Epoch 30/100	dev results	MRR 0.449510	H@1 0.423039	H@3 0.457317	H@5 0.475445	H@10 0.499176
INFO:meta-cli.py:Epoch 30/100	test results	MRR 0.452536	H@1 0.424856	H@3 0.461232	H@5 0.482451	H@10 0.508456
INFO:meta-cli.py:Epoch 31/100	Loss 2.6626 ± 0.2249
INFO:meta-cli.py:Epoch 32/100	Loss 2.6541 ± 0.2230
INFO:meta-cli.py:Epoch 33/100	Loss 2.6465 ± 0.2200
INFO:meta-cli.py:Epoch 33/100	dev results	MRR 0.450298	H@1 0.424192	H@3 0.457811	H@5 0.475445	H@10 0.500494
INFO:meta-cli.py:Epoch 33/100	test results	MRR 0.452687	H@1 0.423740	H@3 0.463465	H@5 0.483248	H@10 0.508934
INFO:meta-cli.py:Epoch 34/100	Loss 2.6391 ± 0.2108
INFO:meta-cli.py:Epoch 35/100	Loss 2.6322 ± 0.2229
INFO:meta-cli.py:Epoch 36/100	Loss 2.6245 ± 0.2158
INFO:meta-cli.py:Epoch 36/100	dev results	MRR 0.451365	H@1 0.425181	H@3 0.460119	H@5 0.476928	H@10 0.501154
INFO:meta-cli.py:Epoch 36/100	test results	MRR 0.454857	H@1 0.426611	H@3 0.463465	H@5 0.485003	H@10 0.510530
INFO:meta-cli.py:Epoch 37/100	Loss 2.6180 ± 0.2142
INFO:meta-cli.py:Epoch 38/100	Loss 2.6114 ± 0.2236
INFO:meta-cli.py:Epoch 39/100	Loss 2.6052 ± 0.2144
INFO:meta-cli.py:Epoch 39/100	dev results	MRR 0.451558	H@1 0.425346	H@3 0.459954	H@5 0.477423	H@10 0.504285
INFO:meta-cli.py:Epoch 39/100	test results	MRR 0.453996	H@1 0.425175	H@3 0.464582	H@5 0.485163	H@10 0.512604
INFO:meta-cli.py:Epoch 40/100	Loss 2.5995 ± 0.2073
INFO:meta-cli.py:Epoch 41/100	Loss 2.5935 ± 0.2105
INFO:meta-cli.py:Epoch 42/100	Loss 2.5883 ± 0.2059
INFO:meta-cli.py:Epoch 42/100	dev results	MRR 0.452274	H@1 0.425676	H@3 0.460943	H@5 0.477752	H@10 0.502142
INFO:meta-cli.py:Epoch 42/100	test results	MRR 0.455434	H@1 0.426611	H@3 0.465220	H@5 0.485163	H@10 0.513242
INFO:meta-cli.py:Epoch 43/100	Loss 2.5832 ± 0.2071
INFO:meta-cli.py:Epoch 44/100	Loss 2.5776 ± 0.2020
INFO:meta-cli.py:Epoch 45/100	Loss 2.5730 ± 0.2010
INFO:meta-cli.py:Epoch 45/100	dev results	MRR 0.451548	H@1 0.425181	H@3 0.458965	H@5 0.476599	H@10 0.503296
INFO:meta-cli.py:Epoch 45/100	test results	MRR 0.454741	H@1 0.425814	H@3 0.463465	H@5 0.486120	H@10 0.512285
INFO:meta-cli.py:Epoch 46/100	Loss 2.5674 ± 0.2033
INFO:meta-cli.py:Epoch 47/100	Loss 2.5632 ± 0.2078
INFO:meta-cli.py:Epoch 48/100	Loss 2.5589 ± 0.2054
INFO:meta-cli.py:Epoch 48/100	dev results	MRR 0.452397	H@1 0.425676	H@3 0.460119	H@5 0.478411	H@10 0.503790
INFO:meta-cli.py:Epoch 48/100	test results	MRR 0.455328	H@1 0.426133	H@3 0.464582	H@5 0.486439	H@10 0.513401
INFO:meta-cli.py:Epoch 49/100	Loss 2.5539 ± 0.2013
INFO:meta-cli.py:Epoch 50/100	Loss 2.5495 ± 0.2026
INFO:meta-cli.py:Epoch 51/100	Loss 2.5453 ± 0.1968
INFO:meta-cli.py:Epoch 51/100	dev results	MRR 0.453770	H@1 0.427983	H@3 0.460943	H@5 0.478411	H@10 0.504285
INFO:meta-cli.py:Epoch 51/100	test results	MRR 0.456682	H@1 0.427569	H@3 0.467135	H@5 0.488034	H@10 0.514040
INFO:meta-cli.py:Epoch 52/100	Loss 2.5411 ± 0.2071
INFO:meta-cli.py:Epoch 53/100	Loss 2.5370 ± 0.1977
INFO:meta-cli.py:Epoch 54/100	Loss 2.5331 ± 0.2044
INFO:meta-cli.py:Epoch 54/100	dev results	MRR 0.454637	H@1 0.429136	H@3 0.461272	H@5 0.478741	H@10 0.504779
INFO:meta-cli.py:Epoch 54/100	test results	MRR 0.456018	H@1 0.426930	H@3 0.465858	H@5 0.486758	H@10 0.514678
INFO:meta-cli.py:Epoch 55/100	Loss 2.5293 ± 0.2067
INFO:meta-cli.py:Epoch 56/100	Loss 2.5256 ± 0.1929
INFO:meta-cli.py:Epoch 57/100	Loss 2.5220 ± 0.2072
INFO:meta-cli.py:Epoch 57/100	dev results	MRR 0.454110	H@1 0.428148	H@3 0.460613	H@5 0.478576	H@10 0.505274
INFO:meta-cli.py:Epoch 57/100	test results	MRR 0.457215	H@1 0.428047	H@3 0.465699	H@5 0.489151	H@10 0.515954
INFO:meta-cli.py:Epoch 58/100	Loss 2.5183 ± 0.1996
INFO:meta-cli.py:Epoch 59/100	Loss 2.5149 ± 0.2040
INFO:meta-cli.py:Epoch 60/100	Loss 2.5117 ± 0.1949
INFO:meta-cli.py:Epoch 60/100	dev results	MRR 0.454587	H@1 0.428148	H@3 0.462261	H@5 0.479895	H@10 0.505933
INFO:meta-cli.py:Epoch 60/100	test results	MRR 0.458408	H@1 0.429643	H@3 0.465858	H@5 0.489949	H@10 0.516752
INFO:meta-cli.py:Epoch 61/100	Loss 2.5083 ± 0.2014
INFO:meta-cli.py:Epoch 62/100	Loss 2.5046 ± 0.1996
INFO:meta-cli.py:Epoch 63/100	Loss 2.5021 ± 0.1916
INFO:meta-cli.py:Epoch 63/100	dev results	MRR 0.454880	H@1 0.428642	H@3 0.462261	H@5 0.479895	H@10 0.505933
INFO:meta-cli.py:Epoch 63/100	test results	MRR 0.458042	H@1 0.429483	H@3 0.466337	H@5 0.488034	H@10 0.517230
INFO:meta-cli.py:Epoch 64/100	Loss 2.4993 ± 0.1926
INFO:meta-cli.py:Epoch 65/100	Loss 2.4957 ± 0.1953
INFO:meta-cli.py:Epoch 66/100	Loss 2.4929 ± 0.1856
INFO:meta-cli.py:Epoch 66/100	dev results	MRR 0.454631	H@1 0.428148	H@3 0.460943	H@5 0.480059	H@10 0.506757
INFO:meta-cli.py:Epoch 66/100	test results	MRR 0.458292	H@1 0.429004	H@3 0.467454	H@5 0.489470	H@10 0.517869
INFO:meta-cli.py:Epoch 67/100	Loss 2.4896 ± 0.1952
INFO:meta-cli.py:Epoch 68/100	Loss 2.4872 ± 0.1975
INFO:meta-cli.py:Epoch 69/100	Loss 2.4843 ± 0.1966
INFO:meta-cli.py:Epoch 69/100	dev results	MRR 0.454972	H@1 0.428477	H@3 0.461437	H@5 0.480224	H@10 0.506592
INFO:meta-cli.py:Epoch 69/100	test results	MRR 0.457726	H@1 0.428526	H@3 0.466816	H@5 0.488992	H@10 0.517709
INFO:meta-cli.py:Epoch 70/100	Loss 2.4816 ± 0.1948
INFO:meta-cli.py:Epoch 71/100	Loss 2.4790 ± 0.1911
INFO:meta-cli.py:Epoch 72/100	Loss 2.4765 ± 0.1911
INFO:meta-cli.py:Epoch 72/100	dev results	MRR 0.455502	H@1 0.429301	H@3 0.462261	H@5 0.481378	H@10 0.507251
INFO:meta-cli.py:Epoch 72/100	test results	MRR 0.458846	H@1 0.430121	H@3 0.466337	H@5 0.490906	H@10 0.518666
INFO:meta-cli.py:Epoch 73/100	Loss 2.4741 ± 0.1927
INFO:meta-cli.py:Epoch 74/100	Loss 2.4709 ± 0.1918
INFO:meta-cli.py:Epoch 75/100	Loss 2.4687 ± 0.1874
INFO:meta-cli.py:Epoch 75/100	dev results	MRR 0.455909	H@1 0.429466	H@3 0.462261	H@5 0.480554	H@10 0.508075
INFO:meta-cli.py:Epoch 75/100	test results	MRR 0.459272	H@1 0.429962	H@3 0.469209	H@5 0.490906	H@10 0.519304
INFO:meta-cli.py:Epoch 76/100	Loss 2.4665 ± 0.1932
INFO:meta-cli.py:Epoch 77/100	Loss 2.4643 ± 0.1872
INFO:meta-cli.py:Epoch 78/100	Loss 2.4616 ± 0.1845
INFO:meta-cli.py:Epoch 78/100	dev results	MRR 0.455528	H@1 0.428807	H@3 0.461767	H@5 0.481543	H@10 0.507251
INFO:meta-cli.py:Epoch 78/100	test results	MRR 0.458810	H@1 0.429643	H@3 0.466816	H@5 0.490747	H@10 0.518666
INFO:meta-cli.py:Epoch 79/100	Loss 2.4591 ± 0.1843
INFO:meta-cli.py:Epoch 80/100	Loss 2.4574 ± 0.1887
INFO:meta-cli.py:Epoch 81/100	Loss 2.4547 ± 0.1919
INFO:meta-cli.py:Epoch 81/100	dev results	MRR 0.455908	H@1 0.429301	H@3 0.462591	H@5 0.481048	H@10 0.507746
INFO:meta-cli.py:Epoch 81/100	test results	MRR 0.459350	H@1 0.429962	H@3 0.469209	H@5 0.491544	H@10 0.520102
INFO:meta-cli.py:Epoch 82/100	Loss 2.4529 ± 0.1862
INFO:meta-cli.py:Epoch 83/100	Loss 2.4504 ± 0.1823
INFO:meta-cli.py:Epoch 84/100	Loss 2.4483 ± 0.1884
INFO:meta-cli.py:Epoch 84/100	dev results	MRR 0.456295	H@1 0.429466	H@3 0.463579	H@5 0.481213	H@10 0.508899
INFO:meta-cli.py:Epoch 84/100	test results	MRR 0.459832	H@1 0.430440	H@3 0.470006	H@5 0.491704	H@10 0.519464
INFO:meta-cli.py:Epoch 85/100	Loss 2.4464 ± 0.1855
INFO:meta-cli.py:Epoch 86/100	Loss 2.4446 ± 0.1843
INFO:meta-cli.py:Epoch 87/100	Loss 2.4426 ± 0.1879
INFO:meta-cli.py:Epoch 87/100	dev results	MRR 0.455886	H@1 0.428807	H@3 0.462755	H@5 0.481048	H@10 0.509064
INFO:meta-cli.py:Epoch 87/100	test results	MRR 0.459617	H@1 0.429802	H@3 0.469368	H@5 0.491066	H@10 0.519943
INFO:meta-cli.py:Epoch 88/100	Loss 2.4402 ± 0.1872
INFO:meta-cli.py:Epoch 89/100	Loss 2.4383 ± 0.1823
INFO:meta-cli.py:Epoch 90/100	Loss 2.4364 ± 0.1945
INFO:meta-cli.py:Epoch 90/100	dev results	MRR 0.456439	H@1 0.429301	H@3 0.463085	H@5 0.480883	H@10 0.510877
INFO:meta-cli.py:Epoch 90/100	test results	MRR 0.461051	H@1 0.431876	H@3 0.469847	H@5 0.492502	H@10 0.521698
INFO:meta-cli.py:Epoch 91/100	Loss 2.4344 ± 0.1874
INFO:meta-cli.py:Epoch 92/100	Loss 2.4329 ± 0.1902
INFO:meta-cli.py:Epoch 93/100	Loss 2.4312 ± 0.1846
INFO:meta-cli.py:Epoch 93/100	dev results	MRR 0.456730	H@1 0.429960	H@3 0.463744	H@5 0.481707	H@10 0.510712
INFO:meta-cli.py:Epoch 93/100	test results	MRR 0.461011	H@1 0.431717	H@3 0.469687	H@5 0.492821	H@10 0.522176
INFO:meta-cli.py:Epoch 94/100	Loss 2.4295 ± 0.1872
INFO:meta-cli.py:Epoch 95/100	Loss 2.4273 ± 0.1827
INFO:meta-cli.py:Epoch 96/100	Loss 2.4256 ± 0.1820
INFO:meta-cli.py:Epoch 96/100	dev results	MRR 0.456799	H@1 0.429301	H@3 0.464074	H@5 0.482037	H@10 0.510218
INFO:meta-cli.py:Epoch 96/100	test results	MRR 0.460846	H@1 0.431398	H@3 0.469687	H@5 0.491863	H@10 0.522176
INFO:meta-cli.py:Epoch 97/100	Loss 2.4239 ± 0.1820
INFO:meta-cli.py:Epoch 98/100	Loss 2.4220 ± 0.1867
INFO:meta-cli.py:Epoch 99/100	Loss 2.4206 ± 0.1699
INFO:meta-cli.py:Epoch 99/100	dev results	MRR 0.456862	H@1 0.429631	H@3 0.463744	H@5 0.481707	H@10 0.511701
INFO:meta-cli.py:Epoch 99/100	test results	MRR 0.461014	H@1 0.431398	H@3 0.470485	H@5 0.491544	H@10 0.522495
INFO:meta-cli.py:Epoch 100/100	Loss 2.4188 ± 0.1826
INFO:meta-cli.py:Final 	dev results	MRR 0.457510	H@1 0.430784	H@3 0.464568	H@5 0.482367	H@10 0.511536
INFO:meta-cli.py:Final 	test results	MRR 0.460850	H@1 0.430919	H@3 0.469528	H@5 0.492980	H@10 0.521857
INFO:meta-cli.py:Training finished
