./bin/meta-cli.py --train data/wn18rr/train.tsv --dev data/wn18rr/dev.tsv --test data/wn18rr/test.tsv -m complex -k 500 -b 100 -e 100 --F2 0 --N3 0.1 -l 0.1 -I standard -V 3 -o adagrad -q
{'F2': 0.0,
 'N3': 0.1,
 'batch_size': 100,
 'dev': 'data/wn18rr/dev.tsv',
 'embedding_size': 500,
 'epochs': 100,
 'eval_batch_size': None,
 'input_type': 'standard',
 'learning_rate': 0.1,
 'load': None,
 'model': 'complex',
 'optimizer': 'adagrad',
 'quiet': True,
 'save': None,
 'seed': 0,
 'test': 'data/wn18rr/test.tsv',
 'test_i': None,
 'test_ii': None,
 'train': 'data/wn18rr/train.tsv',
 'validate_every': 3}
INFO:meta-cli.py:Device: cuda
INFO:meta-cli.py:Model state:
INFO:meta-cli.py:	entities.weight	torch.Size([40943, 1000])
INFO:meta-cli.py:	predicates.weight	torch.Size([11, 1000])
INFO:meta-cli.py:Epoch 1/100	Loss 49.0993 ± 5.9480
INFO:meta-cli.py:Epoch 2/100	Loss 32.9081 ± 1.9525
INFO:meta-cli.py:Epoch 3/100	Loss 23.8293 ± 0.9690
INFO:meta-cli.py:Epoch 3/100	dev results	MRR 0.439225	H@1 0.404087	H@3 0.452373	H@5 0.474291	H@10 0.504614
INFO:meta-cli.py:Epoch 3/100	test results	MRR 0.438964	H@1 0.402042	H@3 0.454371	H@5 0.476069	H@10 0.506701
INFO:meta-cli.py:Epoch 4/100	Loss 19.3547 ± 0.7009
INFO:meta-cli.py:Epoch 5/100	Loss 17.0904 ± 0.5722
INFO:meta-cli.py:Epoch 6/100	Loss 15.5868 ± 0.5362
INFO:meta-cli.py:Epoch 6/100	dev results	MRR 0.455910	H@1 0.420073	H@3 0.469347	H@5 0.491595	H@10 0.523896
INFO:meta-cli.py:Epoch 6/100	test results	MRR 0.460784	H@1 0.425175	H@3 0.472080	H@5 0.497288	H@10 0.532227
INFO:meta-cli.py:Epoch 7/100	Loss 14.4773 ± 0.4956
INFO:meta-cli.py:Epoch 8/100	Loss 13.6136 ± 0.4438
INFO:meta-cli.py:Epoch 9/100	Loss 12.9171 ± 0.4127
INFO:meta-cli.py:Epoch 9/100	dev results	MRR 0.461729	H@1 0.423698	H@3 0.476763	H@5 0.500494	H@10 0.534278
INFO:meta-cli.py:Epoch 9/100	test results	MRR 0.468685	H@1 0.432036	H@3 0.479579	H@5 0.507179	H@10 0.540523
INFO:meta-cli.py:Epoch 10/100	Loss 12.3439 ± 0.4025
INFO:meta-cli.py:Epoch 11/100	Loss 11.8619 ± 0.3756
INFO:meta-cli.py:Epoch 12/100	Loss 11.4524 ± 0.3514
INFO:meta-cli.py:Epoch 12/100	dev results	MRR 0.465888	H@1 0.429796	H@3 0.476104	H@5 0.500165	H@10 0.536915
INFO:meta-cli.py:Epoch 12/100	test results	MRR 0.470060	H@1 0.432195	H@3 0.481972	H@5 0.511646	H@10 0.544193
INFO:meta-cli.py:Epoch 13/100	Loss 11.0973 ± 0.3425
INFO:meta-cli.py:Epoch 14/100	Loss 10.7880 ± 0.3251
INFO:meta-cli.py:Epoch 15/100	Loss 10.5156 ± 0.3143
INFO:meta-cli.py:Epoch 15/100	dev results	MRR 0.468329	H@1 0.431608	H@3 0.480719	H@5 0.505109	H@10 0.541035
INFO:meta-cli.py:Epoch 15/100	test results	MRR 0.471513	H@1 0.431078	H@3 0.487396	H@5 0.516592	H@10 0.548819
INFO:meta-cli.py:Epoch 16/100	Loss 10.2761 ± 0.2997
INFO:meta-cli.py:Epoch 17/100	Loss 10.0613 ± 0.2849
INFO:meta-cli.py:Epoch 18/100	Loss 9.8676 ± 0.2847
INFO:meta-cli.py:Epoch 18/100	dev results	MRR 0.469276	H@1 0.431773	H@3 0.481543	H@5 0.507086	H@10 0.542848
INFO:meta-cli.py:Epoch 18/100	test results	MRR 0.472399	H@1 0.430759	H@3 0.490906	H@5 0.517869	H@10 0.552010
INFO:meta-cli.py:Epoch 19/100	Loss 9.6933 ± 0.2755
INFO:meta-cli.py:Epoch 20/100	Loss 9.5359 ± 0.2691
INFO:meta-cli.py:Epoch 21/100	Loss 9.3914 ± 0.2693
INFO:meta-cli.py:Epoch 21/100	dev results	MRR 0.470176	H@1 0.432103	H@3 0.482531	H@5 0.509064	H@10 0.545979
INFO:meta-cli.py:Epoch 21/100	test results	MRR 0.474316	H@1 0.433312	H@3 0.492821	H@5 0.517390	H@10 0.553606
INFO:meta-cli.py:Epoch 22/100	Loss 9.2600 ± 0.2652
INFO:meta-cli.py:Epoch 23/100	Loss 9.1389 ± 0.2526
INFO:meta-cli.py:Epoch 24/100	Loss 9.0288 ± 0.2525
INFO:meta-cli.py:Epoch 24/100	dev results	MRR 0.471204	H@1 0.432432	H@3 0.484344	H@5 0.509064	H@10 0.545814
INFO:meta-cli.py:Epoch 24/100	test results	MRR 0.475480	H@1 0.433631	H@3 0.492821	H@5 0.519464	H@10 0.554563
INFO:meta-cli.py:Epoch 25/100	Loss 8.9256 ± 0.2361
INFO:meta-cli.py:Epoch 26/100	Loss 8.8309 ± 0.2433
INFO:meta-cli.py:Epoch 27/100	Loss 8.7429 ± 0.2493
INFO:meta-cli.py:Epoch 27/100	dev results	MRR 0.471084	H@1 0.431279	H@3 0.485498	H@5 0.512360	H@10 0.548616
INFO:meta-cli.py:Epoch 27/100	test results	MRR 0.475603	H@1 0.433153	H@3 0.495054	H@5 0.520421	H@10 0.556477
INFO:meta-cli.py:Epoch 28/100	Loss 8.6612 ± 0.2291
INFO:meta-cli.py:Epoch 29/100	Loss 8.5849 ± 0.2339
INFO:meta-cli.py:Epoch 30/100	Loss 8.5150 ± 0.2223
INFO:meta-cli.py:Epoch 30/100	dev results	MRR 0.473592	H@1 0.435234	H@3 0.485333	H@5 0.511866	H@10 0.549110
INFO:meta-cli.py:Epoch 30/100	test results	MRR 0.477342	H@1 0.435386	H@3 0.494576	H@5 0.521219	H@10 0.557594
INFO:meta-cli.py:Epoch 31/100	Loss 8.4478 ± 0.2273
INFO:meta-cli.py:Epoch 32/100	Loss 8.3855 ± 0.2130
INFO:meta-cli.py:Epoch 33/100	Loss 8.3272 ± 0.2190
INFO:meta-cli.py:Epoch 33/100	dev results	MRR 0.474563	H@1 0.435893	H@3 0.486651	H@5 0.514338	H@10 0.550758
INFO:meta-cli.py:Epoch 33/100	test results	MRR 0.477015	H@1 0.434269	H@3 0.495373	H@5 0.522655	H@10 0.559668
INFO:meta-cli.py:Epoch 34/100	Loss 8.2724 ± 0.2112
INFO:meta-cli.py:Epoch 35/100	Loss 8.2213 ± 0.2199
INFO:meta-cli.py:Epoch 36/100	Loss 8.1720 ± 0.2059
INFO:meta-cli.py:Epoch 36/100	dev results	MRR 0.473918	H@1 0.434575	H@3 0.486981	H@5 0.513843	H@10 0.551912
INFO:meta-cli.py:Epoch 36/100	test results	MRR 0.477294	H@1 0.434269	H@3 0.496331	H@5 0.523452	H@10 0.559349
INFO:meta-cli.py:Epoch 37/100	Loss 8.1262 ± 0.2168
INFO:meta-cli.py:Epoch 38/100	Loss 8.0828 ± 0.2214
INFO:meta-cli.py:Epoch 39/100	Loss 8.0415 ± 0.2125
INFO:meta-cli.py:Epoch 39/100	dev results	MRR 0.474920	H@1 0.435399	H@3 0.487640	H@5 0.515656	H@10 0.552076
INFO:meta-cli.py:Epoch 39/100	test results	MRR 0.478297	H@1 0.435067	H@3 0.496490	H@5 0.523133	H@10 0.560785
INFO:meta-cli.py:Epoch 40/100	Loss 8.0032 ± 0.2045
INFO:meta-cli.py:Epoch 41/100	Loss 7.9660 ± 0.2005
INFO:meta-cli.py:Epoch 42/100	Loss 7.9316 ± 0.1984
INFO:meta-cli.py:Epoch 42/100	dev results	MRR 0.474599	H@1 0.434575	H@3 0.488794	H@5 0.516480	H@10 0.553560
INFO:meta-cli.py:Epoch 42/100	test results	MRR 0.477853	H@1 0.434269	H@3 0.495533	H@5 0.525048	H@10 0.560944
INFO:meta-cli.py:Epoch 43/100	Loss 7.8982 ± 0.1997
INFO:meta-cli.py:Epoch 44/100	Loss 7.8663 ± 0.1977
INFO:meta-cli.py:Epoch 45/100	Loss 7.8368 ± 0.1934
INFO:meta-cli.py:Epoch 45/100	dev results	MRR 0.475771	H@1 0.436552	H@3 0.489288	H@5 0.516974	H@10 0.553395
INFO:meta-cli.py:Epoch 45/100	test results	MRR 0.477942	H@1 0.434748	H@3 0.496011	H@5 0.525686	H@10 0.560785
INFO:meta-cli.py:Epoch 46/100	Loss 7.8074 ± 0.1960
INFO:meta-cli.py:Epoch 47/100	Loss 7.7810 ± 0.2065
INFO:meta-cli.py:Epoch 48/100	Loss 7.7548 ± 0.1968
INFO:meta-cli.py:Epoch 48/100	dev results	MRR 0.474788	H@1 0.434245	H@3 0.490112	H@5 0.517963	H@10 0.555372
INFO:meta-cli.py:Epoch 48/100	test results	MRR 0.478794	H@1 0.435227	H@3 0.497607	H@5 0.525048	H@10 0.561104
INFO:meta-cli.py:Epoch 49/100	Loss 7.7293 ± 0.1914
INFO:meta-cli.py:Epoch 50/100	Loss 7.7055 ± 0.1941
INFO:meta-cli.py:Epoch 51/100	Loss 7.6827 ± 0.1933
INFO:meta-cli.py:Epoch 51/100	dev results	MRR 0.475534	H@1 0.435234	H@3 0.490277	H@5 0.517798	H@10 0.556196
INFO:meta-cli.py:Epoch 51/100	test results	MRR 0.478304	H@1 0.434588	H@3 0.495692	H@5 0.525526	H@10 0.561902
INFO:meta-cli.py:Epoch 52/100	Loss 7.6610 ± 0.2017
INFO:meta-cli.py:Epoch 53/100	Loss 7.6401 ± 0.1912
INFO:meta-cli.py:Epoch 54/100	Loss 7.6198 ± 0.2016
INFO:meta-cli.py:Epoch 54/100	dev results	MRR 0.476321	H@1 0.436223	H@3 0.490771	H@5 0.518128	H@10 0.557020
INFO:meta-cli.py:Epoch 54/100	test results	MRR 0.479090	H@1 0.435386	H@3 0.497607	H@5 0.524729	H@10 0.562380
INFO:meta-cli.py:Epoch 55/100	Loss 7.6007 ± 0.1981
INFO:meta-cli.py:Epoch 56/100	Loss 7.5822 ± 0.1893
INFO:meta-cli.py:Epoch 57/100	Loss 7.5647 ± 0.1970
INFO:meta-cli.py:Epoch 57/100	dev results	MRR 0.477018	H@1 0.437212	H@3 0.490936	H@5 0.519281	H@10 0.557020
INFO:meta-cli.py:Epoch 57/100	test results	MRR 0.478602	H@1 0.434269	H@3 0.497128	H@5 0.526324	H@10 0.563338
INFO:meta-cli.py:Epoch 58/100	Loss 7.5472 ± 0.1917
INFO:meta-cli.py:Epoch 59/100	Loss 7.5310 ± 0.1973
INFO:meta-cli.py:Epoch 60/100	Loss 7.5152 ± 0.1864
INFO:meta-cli.py:Epoch 60/100	dev results	MRR 0.475939	H@1 0.436058	H@3 0.489947	H@5 0.518622	H@10 0.554878
INFO:meta-cli.py:Epoch 60/100	test results	MRR 0.479843	H@1 0.436343	H@3 0.497288	H@5 0.526005	H@10 0.562221
INFO:meta-cli.py:Epoch 61/100	Loss 7.4999 ± 0.1948
INFO:meta-cli.py:Epoch 62/100	Loss 7.4849 ± 0.1911
INFO:meta-cli.py:Epoch 63/100	Loss 7.4714 ± 0.1834
INFO:meta-cli.py:Epoch 63/100	dev results	MRR 0.475893	H@1 0.435399	H@3 0.489288	H@5 0.517963	H@10 0.557350
INFO:meta-cli.py:Epoch 63/100	test results	MRR 0.478575	H@1 0.434110	H@3 0.496171	H@5 0.526484	H@10 0.562540
INFO:meta-cli.py:Epoch 64/100	Loss 7.4579 ± 0.1907
INFO:meta-cli.py:Epoch 65/100	Loss 7.4444 ± 0.1919
INFO:meta-cli.py:Epoch 66/100	Loss 7.4317 ± 0.1836
INFO:meta-cli.py:Epoch 66/100	dev results	MRR 0.477162	H@1 0.437376	H@3 0.489947	H@5 0.519281	H@10 0.558009
INFO:meta-cli.py:Epoch 66/100	test results	MRR 0.479616	H@1 0.435386	H@3 0.497447	H@5 0.527601	H@10 0.563816
INFO:meta-cli.py:Epoch 67/100	Loss 7.4193 ± 0.1901
INFO:meta-cli.py:Epoch 68/100	Loss 7.4077 ± 0.1932
INFO:meta-cli.py:Epoch 69/100	Loss 7.3962 ± 0.1905
INFO:meta-cli.py:Epoch 69/100	dev results	MRR 0.477945	H@1 0.438860	H@3 0.489288	H@5 0.518457	H@10 0.557680
INFO:meta-cli.py:Epoch 69/100	test results	MRR 0.479381	H@1 0.435546	H@3 0.496171	H@5 0.526962	H@10 0.563657
INFO:meta-cli.py:Epoch 70/100	Loss 7.3851 ± 0.1929
INFO:meta-cli.py:Epoch 71/100	Loss 7.3746 ± 0.1877
INFO:meta-cli.py:Epoch 72/100	Loss 7.3644 ± 0.1872
INFO:meta-cli.py:Epoch 72/100	dev results	MRR 0.476797	H@1 0.436223	H@3 0.489288	H@5 0.519611	H@10 0.559492
INFO:meta-cli.py:Epoch 72/100	test results	MRR 0.479850	H@1 0.436024	H@3 0.495373	H@5 0.527122	H@10 0.565731
INFO:meta-cli.py:Epoch 73/100	Loss 7.3542 ± 0.1867
INFO:meta-cli.py:Epoch 74/100	Loss 7.3441 ± 0.1862
INFO:meta-cli.py:Epoch 75/100	Loss 7.3349 ± 0.1854
INFO:meta-cli.py:Epoch 75/100	dev results	MRR 0.477263	H@1 0.437047	H@3 0.489782	H@5 0.518622	H@10 0.560646
INFO:meta-cli.py:Epoch 75/100	test results	MRR 0.479133	H@1 0.434588	H@3 0.497288	H@5 0.526803	H@10 0.564933
INFO:meta-cli.py:Epoch 76/100	Loss 7.3258 ± 0.1875
INFO:meta-cli.py:Epoch 77/100	Loss 7.3172 ± 0.1813
INFO:meta-cli.py:Epoch 78/100	Loss 7.3081 ± 0.1832
INFO:meta-cli.py:Epoch 78/100	dev results	MRR 0.477256	H@1 0.436882	H@3 0.490606	H@5 0.518293	H@10 0.559987
INFO:meta-cli.py:Epoch 78/100	test results	MRR 0.479091	H@1 0.434269	H@3 0.496650	H@5 0.528717	H@10 0.563497
INFO:meta-cli.py:Epoch 79/100	Loss 7.2996 ± 0.1861
INFO:meta-cli.py:Epoch 80/100	Loss 7.2919 ± 0.1841
INFO:meta-cli.py:Epoch 81/100	Loss 7.2836 ± 0.1840
INFO:meta-cli.py:Epoch 81/100	dev results	MRR 0.477518	H@1 0.437871	H@3 0.487475	H@5 0.519611	H@10 0.560976
INFO:meta-cli.py:Epoch 81/100	test results	MRR 0.479976	H@1 0.435546	H@3 0.496969	H@5 0.528558	H@10 0.563816
INFO:meta-cli.py:Epoch 82/100	Loss 7.2765 ± 0.1831
INFO:meta-cli.py:Epoch 83/100	Loss 7.2686 ± 0.1824
INFO:meta-cli.py:Epoch 84/100	Loss 7.2612 ± 0.1835
INFO:meta-cli.py:Epoch 84/100	dev results	MRR 0.477642	H@1 0.437706	H@3 0.488958	H@5 0.519446	H@10 0.560811
INFO:meta-cli.py:Epoch 84/100	test results	MRR 0.479427	H@1 0.435067	H@3 0.495373	H@5 0.527601	H@10 0.565412
INFO:meta-cli.py:Epoch 85/100	Loss 7.2543 ± 0.1845
INFO:meta-cli.py:Epoch 86/100	Loss 7.2477 ± 0.1824
INFO:meta-cli.py:Epoch 87/100	Loss 7.2411 ± 0.1847
INFO:meta-cli.py:Epoch 87/100	dev results	MRR 0.478155	H@1 0.438530	H@3 0.488464	H@5 0.519776	H@10 0.562129
INFO:meta-cli.py:Epoch 87/100	test results	MRR 0.478192	H@1 0.432036	H@3 0.497128	H@5 0.529675	H@10 0.565252
INFO:meta-cli.py:Epoch 88/100	Loss 7.2342 ± 0.1875
INFO:meta-cli.py:Epoch 89/100	Loss 7.2279 ± 0.1816
INFO:meta-cli.py:Epoch 90/100	Loss 7.2218 ± 0.1919
INFO:meta-cli.py:Epoch 90/100	dev results	MRR 0.477964	H@1 0.437706	H@3 0.489288	H@5 0.520435	H@10 0.562788
INFO:meta-cli.py:Epoch 90/100	test results	MRR 0.478220	H@1 0.432355	H@3 0.496331	H@5 0.529515	H@10 0.566209
INFO:meta-cli.py:Epoch 91/100	Loss 7.2157 ± 0.1843
INFO:meta-cli.py:Epoch 92/100	Loss 7.2100 ± 0.1884
INFO:meta-cli.py:Epoch 93/100	Loss 7.2046 ± 0.1834
INFO:meta-cli.py:Epoch 93/100	dev results	MRR 0.477886	H@1 0.437706	H@3 0.488958	H@5 0.519941	H@10 0.562459
INFO:meta-cli.py:Epoch 93/100	test results	MRR 0.477789	H@1 0.431717	H@3 0.495373	H@5 0.529675	H@10 0.566688
INFO:meta-cli.py:Epoch 94/100	Loss 7.1990 ± 0.1847
INFO:meta-cli.py:Epoch 95/100	Loss 7.1933 ± 0.1810
INFO:meta-cli.py:Epoch 96/100	Loss 7.1880 ± 0.1821
INFO:meta-cli.py:Epoch 96/100	dev results	MRR 0.477933	H@1 0.437376	H@3 0.490442	H@5 0.520765	H@10 0.561964
INFO:meta-cli.py:Epoch 96/100	test results	MRR 0.478183	H@1 0.432195	H@3 0.496490	H@5 0.529036	H@10 0.565252
INFO:meta-cli.py:Epoch 97/100	Loss 7.1830 ± 0.1815
INFO:meta-cli.py:Epoch 98/100	Loss 7.1777 ± 0.1834
INFO:meta-cli.py:Epoch 99/100	Loss 7.1728 ± 0.1718
INFO:meta-cli.py:Epoch 99/100	dev results	MRR 0.477371	H@1 0.437212	H@3 0.488794	H@5 0.519446	H@10 0.561964
INFO:meta-cli.py:Epoch 99/100	test results	MRR 0.478200	H@1 0.432036	H@3 0.497128	H@5 0.528558	H@10 0.565571
INFO:meta-cli.py:Epoch 100/100	Loss 7.1680 ± 0.1823
INFO:meta-cli.py:Final 	dev results	MRR 0.477939	H@1 0.437541	H@3 0.489453	H@5 0.519446	H@10 0.562624
INFO:meta-cli.py:Final 	test results	MRR 0.478487	H@1 0.432514	H@3 0.496331	H@5 0.527920	H@10 0.566369
INFO:meta-cli.py:Training finished
