./bin/meta-cli.py --train data/wn18rr/train.tsv --dev data/wn18rr/dev.tsv --test data/wn18rr/test.tsv -m complex -k 4000 -b 100 -e 100 --F2 0 --N3 0.1 -l 0.1 -I reciprocal -V 3 -o adagrad -q
{'F2': 0.0,
 'N3': 0.1,
 'batch_size': 100,
 'dev': 'data/wn18rr/dev.tsv',
 'embedding_size': 4000,
 'epochs': 100,
 'eval_batch_size': None,
 'input_type': 'reciprocal',
 'learning_rate': 0.1,
 'load': None,
 'model': 'complex',
 'optimizer': 'adagrad',
 'quiet': True,
 'save': None,
 'seed': 0,
 'test': 'data/wn18rr/test.tsv',
 'test_i': None,
 'test_ii': None,
 'train': 'data/wn18rr/train.tsv',
 'validate_every': 3}
INFO:meta-cli.py:Device: cuda
INFO:meta-cli.py:Model state:
INFO:meta-cli.py:	entities.weight	torch.Size([40943, 8000])
INFO:meta-cli.py:	predicates.weight	torch.Size([22, 8000])
INFO:meta-cli.py:Epoch 1/100	Loss 51.1791 ± 9.5167
INFO:meta-cli.py:Epoch 2/100	Loss 29.0246 ± 2.4800
INFO:meta-cli.py:Epoch 3/100	Loss 22.2996 ± 1.3528
INFO:meta-cli.py:Epoch 3/100	dev results	MRR 0.464536	H@1 0.422050	H@3 0.484015	H@5 0.512195	H@10 0.543342
INFO:meta-cli.py:Epoch 3/100	test results	MRR 0.465725	H@1 0.424218	H@3 0.481812	H@5 0.511168	H@10 0.546745
INFO:meta-cli.py:Epoch 4/100	Loss 18.7853 ± 0.9899
INFO:meta-cli.py:Epoch 5/100	Loss 16.5325 ± 0.8128
INFO:meta-cli.py:Epoch 6/100	Loss 14.9450 ± 0.6747
INFO:meta-cli.py:Epoch 6/100	dev results	MRR 0.478128	H@1 0.437871	H@3 0.493738	H@5 0.517469	H@10 0.556526
INFO:meta-cli.py:Epoch 6/100	test results	MRR 0.477836	H@1 0.436024	H@3 0.494097	H@5 0.521219	H@10 0.559349
INFO:meta-cli.py:Epoch 7/100	Loss 13.7646 ± 0.5967
INFO:meta-cli.py:Epoch 8/100	Loss 12.8498 ± 0.5230
INFO:meta-cli.py:Epoch 9/100	Loss 12.1212 ± 0.4653
INFO:meta-cli.py:Epoch 9/100	dev results	MRR 0.479665	H@1 0.438695	H@3 0.495386	H@5 0.521424	H@10 0.557844
INFO:meta-cli.py:Epoch 9/100	test results	MRR 0.480662	H@1 0.436981	H@3 0.497288	H@5 0.526643	H@10 0.561742
INFO:meta-cli.py:Epoch 10/100	Loss 11.5266 ± 0.4292
INFO:meta-cli.py:Epoch 11/100	Loss 11.0369 ± 0.4062
INFO:meta-cli.py:Epoch 12/100	Loss 10.6239 ± 0.3638
INFO:meta-cli.py:Epoch 12/100	dev results	MRR 0.481564	H@1 0.440343	H@3 0.497363	H@5 0.526038	H@10 0.560646
INFO:meta-cli.py:Epoch 12/100	test results	MRR 0.483574	H@1 0.441289	H@3 0.500957	H@5 0.529196	H@10 0.564295
INFO:meta-cli.py:Epoch 13/100	Loss 10.2723 ± 0.3342
INFO:meta-cli.py:Epoch 14/100	Loss 9.9708 ± 0.3184
INFO:meta-cli.py:Epoch 15/100	Loss 9.7093 ± 0.3171
INFO:meta-cli.py:Epoch 15/100	dev results	MRR 0.484138	H@1 0.444463	H@3 0.498187	H@5 0.527851	H@10 0.565425
INFO:meta-cli.py:Epoch 15/100	test results	MRR 0.483647	H@1 0.440651	H@3 0.500638	H@5 0.527281	H@10 0.564933
INFO:meta-cli.py:Epoch 16/100	Loss 9.4793 ± 0.2830
INFO:meta-cli.py:Epoch 17/100	Loss 9.2784 ± 0.2754
INFO:meta-cli.py:Epoch 18/100	Loss 9.0991 ± 0.2745
INFO:meta-cli.py:Epoch 18/100	dev results	MRR 0.484005	H@1 0.442980	H@3 0.498022	H@5 0.527521	H@10 0.567732
INFO:meta-cli.py:Epoch 18/100	test results	MRR 0.485957	H@1 0.442884	H@3 0.501117	H@5 0.533025	H@10 0.567964
INFO:meta-cli.py:Epoch 19/100	Loss 8.9408 ± 0.2531
INFO:meta-cli.py:Epoch 20/100	Loss 8.7976 ± 0.2481
INFO:meta-cli.py:Epoch 21/100	Loss 8.6694 ± 0.2288
INFO:meta-cli.py:Epoch 21/100	dev results	MRR 0.484919	H@1 0.442650	H@3 0.501483	H@5 0.529829	H@10 0.568062
INFO:meta-cli.py:Epoch 21/100	test results	MRR 0.485438	H@1 0.441130	H@3 0.499840	H@5 0.532865	H@10 0.571474
INFO:meta-cli.py:Epoch 22/100	Loss 8.5541 ± 0.2463
INFO:meta-cli.py:Epoch 23/100	Loss 8.4488 ± 0.2261
INFO:meta-cli.py:Epoch 24/100	Loss 8.3540 ± 0.2236
INFO:meta-cli.py:Epoch 24/100	dev results	MRR 0.485904	H@1 0.444628	H@3 0.501648	H@5 0.529829	H@10 0.569380
INFO:meta-cli.py:Epoch 24/100	test results	MRR 0.488366	H@1 0.445756	H@3 0.502712	H@5 0.531749	H@10 0.570357
INFO:meta-cli.py:Epoch 25/100	Loss 8.2660 ± 0.2245
INFO:meta-cli.py:Epoch 26/100	Loss 8.1860 ± 0.2099
INFO:meta-cli.py:Epoch 27/100	Loss 8.1133 ± 0.2093
INFO:meta-cli.py:Epoch 27/100	dev results	MRR 0.484956	H@1 0.442980	H@3 0.500659	H@5 0.527851	H@10 0.569710
INFO:meta-cli.py:Epoch 27/100	test results	MRR 0.487726	H@1 0.443363	H@3 0.504627	H@5 0.532227	H@10 0.571634
INFO:meta-cli.py:Epoch 28/100	Loss 8.0460 ± 0.2149
INFO:meta-cli.py:Epoch 29/100	Loss 7.9843 ± 0.2091
INFO:meta-cli.py:Epoch 30/100	Loss 7.9268 ± 0.2018
INFO:meta-cli.py:Epoch 30/100	dev results	MRR 0.485710	H@1 0.443639	H@3 0.500824	H@5 0.529334	H@10 0.570534
INFO:meta-cli.py:Epoch 30/100	test results	MRR 0.488481	H@1 0.445278	H@3 0.504148	H@5 0.533504	H@10 0.571793
INFO:meta-cli.py:Epoch 31/100	Loss 7.8732 ± 0.2066
INFO:meta-cli.py:Epoch 32/100	Loss 7.8239 ± 0.2020
INFO:meta-cli.py:Epoch 33/100	Loss 7.7778 ± 0.1971
INFO:meta-cli.py:Epoch 33/100	dev results	MRR 0.487386	H@1 0.446276	H@3 0.501318	H@5 0.529664	H@10 0.571358
INFO:meta-cli.py:Epoch 33/100	test results	MRR 0.487905	H@1 0.444161	H@3 0.503669	H@5 0.531110	H@10 0.572591
INFO:meta-cli.py:Epoch 34/100	Loss 7.7350 ± 0.1997
INFO:meta-cli.py:Epoch 35/100	Loss 7.6954 ± 0.1916
INFO:meta-cli.py:Epoch 36/100	Loss 7.6578 ± 0.1986
INFO:meta-cli.py:Epoch 36/100	dev results	MRR 0.487224	H@1 0.446276	H@3 0.500000	H@5 0.529005	H@10 0.569875
INFO:meta-cli.py:Epoch 36/100	test results	MRR 0.487559	H@1 0.444161	H@3 0.503829	H@5 0.532068	H@10 0.572431
INFO:meta-cli.py:Epoch 37/100	Loss 7.6233 ± 0.1969
INFO:meta-cli.py:Epoch 38/100	Loss 7.5899 ± 0.1940
INFO:meta-cli.py:Epoch 39/100	Loss 7.5596 ± 0.1914
INFO:meta-cli.py:Epoch 39/100	dev results	MRR 0.486597	H@1 0.445452	H@3 0.499011	H@5 0.529499	H@10 0.572017
INFO:meta-cli.py:Epoch 39/100	test results	MRR 0.487057	H@1 0.442884	H@3 0.503989	H@5 0.532227	H@10 0.573389
INFO:meta-cli.py:Epoch 40/100	Loss 7.5301 ± 0.1888
INFO:meta-cli.py:Epoch 41/100	Loss 7.5032 ± 0.1897
INFO:meta-cli.py:Epoch 42/100	Loss 7.4775 ± 0.1949
INFO:meta-cli.py:Epoch 42/100	dev results	MRR 0.487670	H@1 0.446605	H@3 0.500494	H@5 0.530982	H@10 0.572512
INFO:meta-cli.py:Epoch 42/100	test results	MRR 0.488206	H@1 0.444161	H@3 0.503191	H@5 0.533823	H@10 0.574665
INFO:meta-cli.py:Epoch 43/100	Loss 7.4531 ± 0.1909
INFO:meta-cli.py:Epoch 44/100	Loss 7.4302 ± 0.1874
INFO:meta-cli.py:Epoch 45/100	Loss 7.4078 ± 0.1851
INFO:meta-cli.py:Epoch 45/100	dev results	MRR 0.487351	H@1 0.445122	H@3 0.500989	H@5 0.530982	H@10 0.572347
INFO:meta-cli.py:Epoch 45/100	test results	MRR 0.488417	H@1 0.443363	H@3 0.504946	H@5 0.533982	H@10 0.576420
INFO:meta-cli.py:Epoch 46/100	Loss 7.3879 ± 0.1861
INFO:meta-cli.py:Epoch 47/100	Loss 7.3691 ± 0.1860
INFO:meta-cli.py:Epoch 48/100	Loss 7.3507 ± 0.1905
INFO:meta-cli.py:Epoch 48/100	dev results	MRR 0.486622	H@1 0.444463	H@3 0.500659	H@5 0.531641	H@10 0.570864
INFO:meta-cli.py:Epoch 48/100	test results	MRR 0.487408	H@1 0.442406	H@3 0.503510	H@5 0.533663	H@10 0.574027
INFO:meta-cli.py:Epoch 49/100	Loss 7.3329 ± 0.1862
INFO:meta-cli.py:Epoch 50/100	Loss 7.3162 ± 0.1835
INFO:meta-cli.py:Epoch 51/100	Loss 7.2999 ± 0.1844
INFO:meta-cli.py:Epoch 51/100	dev results	MRR 0.488854	H@1 0.448418	H@3 0.500659	H@5 0.532795	H@10 0.571852
INFO:meta-cli.py:Epoch 51/100	test results	MRR 0.487476	H@1 0.442246	H@3 0.506541	H@5 0.532706	H@10 0.574665
INFO:meta-cli.py:Epoch 52/100	Loss 7.2857 ± 0.1815
INFO:meta-cli.py:Epoch 53/100	Loss 7.2713 ± 0.1817
INFO:meta-cli.py:Epoch 54/100	Loss 7.2572 ± 0.1836
INFO:meta-cli.py:Epoch 54/100	dev results	MRR 0.487406	H@1 0.445452	H@3 0.500165	H@5 0.531641	H@10 0.571852
INFO:meta-cli.py:Epoch 54/100	test results	MRR 0.488213	H@1 0.444480	H@3 0.502872	H@5 0.533504	H@10 0.575303
INFO:meta-cli.py:Epoch 55/100	Loss 7.2446 ± 0.1856
INFO:meta-cli.py:Epoch 56/100	Loss 7.2320 ± 0.1825
INFO:meta-cli.py:Epoch 57/100	Loss 7.2198 ± 0.1771
INFO:meta-cli.py:Epoch 57/100	dev results	MRR 0.488139	H@1 0.447759	H@3 0.500165	H@5 0.530323	H@10 0.572017
INFO:meta-cli.py:Epoch 57/100	test results	MRR 0.487354	H@1 0.442725	H@3 0.502712	H@5 0.531749	H@10 0.574825
INFO:meta-cli.py:Epoch 58/100	Loss 7.2085 ± 0.1848
INFO:meta-cli.py:Epoch 59/100	Loss 7.1974 ± 0.1851
INFO:meta-cli.py:Epoch 60/100	Loss 7.1870 ± 0.1803
INFO:meta-cli.py:Epoch 60/100	dev results	MRR 0.486169	H@1 0.444463	H@3 0.499506	H@5 0.532301	H@10 0.571028
INFO:meta-cli.py:Epoch 60/100	test results	MRR 0.487230	H@1 0.442406	H@3 0.503989	H@5 0.531908	H@10 0.573867
INFO:meta-cli.py:Epoch 61/100	Loss 7.1780 ± 0.1819
INFO:meta-cli.py:Epoch 62/100	Loss 7.1680 ± 0.1779
INFO:meta-cli.py:Epoch 63/100	Loss 7.1587 ± 0.1816
INFO:meta-cli.py:Epoch 63/100	dev results	MRR 0.487360	H@1 0.446440	H@3 0.499341	H@5 0.530488	H@10 0.573006
INFO:meta-cli.py:Epoch 63/100	test results	MRR 0.487497	H@1 0.442725	H@3 0.502872	H@5 0.533504	H@10 0.575941
INFO:meta-cli.py:Epoch 64/100	Loss 7.1494 ± 0.1813
INFO:meta-cli.py:Epoch 65/100	Loss 7.1409 ± 0.1846
INFO:meta-cli.py:Epoch 66/100	Loss 7.1331 ± 0.1811
INFO:meta-cli.py:Epoch 66/100	dev results	MRR 0.487888	H@1 0.446770	H@3 0.501154	H@5 0.531477	H@10 0.572676
INFO:meta-cli.py:Epoch 66/100	test results	MRR 0.486551	H@1 0.441130	H@3 0.502393	H@5 0.535258	H@10 0.576420
INFO:meta-cli.py:Epoch 67/100	Loss 7.1247 ± 0.1834
INFO:meta-cli.py:Epoch 68/100	Loss 7.1175 ± 0.1867
INFO:meta-cli.py:Epoch 69/100	Loss 7.1100 ± 0.1812
INFO:meta-cli.py:Epoch 69/100	dev results	MRR 0.488298	H@1 0.447924	H@3 0.499341	H@5 0.530817	H@10 0.572182
INFO:meta-cli.py:Epoch 69/100	test results	MRR 0.487335	H@1 0.442406	H@3 0.503031	H@5 0.533184	H@10 0.576101
INFO:meta-cli.py:Epoch 70/100	Loss 7.1031 ± 0.1780
INFO:meta-cli.py:Epoch 71/100	Loss 7.0965 ± 0.1794
INFO:meta-cli.py:Epoch 72/100	Loss 7.0897 ± 0.1839
INFO:meta-cli.py:Epoch 72/100	dev results	MRR 0.488694	H@1 0.447924	H@3 0.500165	H@5 0.529993	H@10 0.573665
INFO:meta-cli.py:Epoch 72/100	test results	MRR 0.487143	H@1 0.441449	H@3 0.504467	H@5 0.532068	H@10 0.576101
INFO:meta-cli.py:Epoch 73/100	Loss 7.0829 ± 0.1805
INFO:meta-cli.py:Epoch 74/100	Loss 7.0773 ± 0.1811
INFO:meta-cli.py:Epoch 75/100	Loss 7.0713 ± 0.1809
INFO:meta-cli.py:Epoch 75/100	dev results	MRR 0.487091	H@1 0.445122	H@3 0.499670	H@5 0.531806	H@10 0.573500
INFO:meta-cli.py:Epoch 75/100	test results	MRR 0.487991	H@1 0.443363	H@3 0.503510	H@5 0.536216	H@10 0.577377
INFO:meta-cli.py:Epoch 76/100	Loss 7.0655 ± 0.1800
INFO:meta-cli.py:Epoch 77/100	Loss 7.0597 ± 0.1791
INFO:meta-cli.py:Epoch 78/100	Loss 7.0547 ± 0.1752
INFO:meta-cli.py:Epoch 78/100	dev results	MRR 0.486202	H@1 0.443144	H@3 0.499835	H@5 0.531312	H@10 0.574160
INFO:meta-cli.py:Epoch 78/100	test results	MRR 0.485468	H@1 0.438736	H@3 0.502393	H@5 0.534142	H@10 0.578015
INFO:meta-cli.py:Epoch 79/100	Loss 7.0493 ± 0.1814
INFO:meta-cli.py:Epoch 80/100	Loss 7.0445 ± 0.1796
INFO:meta-cli.py:Epoch 81/100	Loss 7.0390 ± 0.1825
INFO:meta-cli.py:Epoch 81/100	dev results	MRR 0.485851	H@1 0.443639	H@3 0.497528	H@5 0.530158	H@10 0.573171
INFO:meta-cli.py:Epoch 81/100	test results	MRR 0.486628	H@1 0.441608	H@3 0.500957	H@5 0.533184	H@10 0.577537
INFO:meta-cli.py:Epoch 82/100	Loss 7.0344 ± 0.1801
INFO:meta-cli.py:Epoch 83/100	Loss 7.0301 ± 0.1829
INFO:meta-cli.py:Epoch 84/100	Loss 7.0253 ± 0.1809
INFO:meta-cli.py:Epoch 84/100	dev results	MRR 0.486741	H@1 0.444463	H@3 0.499670	H@5 0.531477	H@10 0.570864
INFO:meta-cli.py:Epoch 84/100	test results	MRR 0.487102	H@1 0.441768	H@3 0.502712	H@5 0.533982	H@10 0.574346
INFO:meta-cli.py:Epoch 85/100	Loss 7.0211 ± 0.1780
INFO:meta-cli.py:Epoch 86/100	Loss 7.0170 ± 0.1822
INFO:meta-cli.py:Epoch 87/100	Loss 7.0130 ± 0.1848
INFO:meta-cli.py:Epoch 87/100	dev results	MRR 0.486835	H@1 0.444792	H@3 0.498682	H@5 0.531312	H@10 0.572841
INFO:meta-cli.py:Epoch 87/100	test results	MRR 0.487286	H@1 0.442087	H@3 0.502074	H@5 0.532706	H@10 0.578015
INFO:meta-cli.py:Epoch 88/100	Loss 7.0091 ± 0.1816
INFO:meta-cli.py:Epoch 89/100	Loss 7.0050 ± 0.1809
INFO:meta-cli.py:Epoch 90/100	Loss 7.0015 ± 0.1801
INFO:meta-cli.py:Epoch 90/100	dev results	MRR 0.487031	H@1 0.445287	H@3 0.498517	H@5 0.531312	H@10 0.571028
INFO:meta-cli.py:Epoch 90/100	test results	MRR 0.487058	H@1 0.441608	H@3 0.501595	H@5 0.535418	H@10 0.575941
INFO:meta-cli.py:Epoch 91/100	Loss 6.9978 ± 0.1836
INFO:meta-cli.py:Epoch 92/100	Loss 6.9943 ± 0.1854
INFO:meta-cli.py:Epoch 93/100	Loss 6.9908 ± 0.1798
INFO:meta-cli.py:Epoch 93/100	dev results	MRR 0.486252	H@1 0.444463	H@3 0.497858	H@5 0.529993	H@10 0.572017
INFO:meta-cli.py:Epoch 93/100	test results	MRR 0.486932	H@1 0.441768	H@3 0.501436	H@5 0.534142	H@10 0.577058
INFO:meta-cli.py:Epoch 94/100	Loss 6.9877 ± 0.1805
INFO:meta-cli.py:Epoch 95/100	Loss 6.9840 ± 0.1821
INFO:meta-cli.py:Epoch 96/100	Loss 6.9809 ± 0.1828
INFO:meta-cli.py:Epoch 96/100	dev results	MRR 0.486383	H@1 0.444957	H@3 0.497034	H@5 0.530323	H@10 0.572676
INFO:meta-cli.py:Epoch 96/100	test results	MRR 0.485993	H@1 0.440651	H@3 0.502393	H@5 0.533982	H@10 0.574825
INFO:meta-cli.py:Epoch 97/100	Loss 6.9777 ± 0.1808
INFO:meta-cli.py:Epoch 98/100	Loss 6.9744 ± 0.1820
INFO:meta-cli.py:Epoch 99/100	Loss 6.9719 ± 0.1818
INFO:meta-cli.py:Epoch 99/100	dev results	MRR 0.487004	H@1 0.445946	H@3 0.495880	H@5 0.530323	H@10 0.571523
INFO:meta-cli.py:Epoch 99/100	test results	MRR 0.486753	H@1 0.441608	H@3 0.500798	H@5 0.534939	H@10 0.576579
INFO:meta-cli.py:Epoch 100/100	Loss 6.9686 ± 0.1839
INFO:meta-cli.py:Final 	dev results	MRR 0.486265	H@1 0.444298	H@3 0.497363	H@5 0.531971	H@10 0.571852
INFO:meta-cli.py:Final 	test results	MRR 0.486715	H@1 0.440970	H@3 0.503191	H@5 0.535258	H@10 0.576899
INFO:meta-cli.py:Training finished
