./bin/meta-cli.py --train data/wn18rr/train.tsv --dev data/wn18rr/dev.tsv --test data/wn18rr/test.tsv -m complex -k 4000 -b 500 -e 100 --F2 0 --N3 0.005 -l 0.1 -I reciprocal -V 3 -o adagrad -q
{'F2': 0.0,
 'N3': 0.005,
 'batch_size': 500,
 'dev': 'data/wn18rr/dev.tsv',
 'embedding_size': 4000,
 'epochs': 100,
 'eval_batch_size': None,
 'input_type': 'reciprocal',
 'learning_rate': 0.1,
 'load': None,
 'model': 'complex',
 'optimizer': 'adagrad',
 'quiet': True,
 'save': None,
 'seed': 0,
 'test': 'data/wn18rr/test.tsv',
 'test_i': None,
 'test_ii': None,
 'train': 'data/wn18rr/train.tsv',
 'validate_every': 3}
INFO:meta-cli.py:Device: cuda
INFO:meta-cli.py:Model state:
INFO:meta-cli.py:	entities.weight	torch.Size([40943, 8000])
INFO:meta-cli.py:	predicates.weight	torch.Size([22, 8000])
INFO:meta-cli.py:Epoch 1/100	Loss 14.4377 ± 4.1835
INFO:meta-cli.py:Epoch 2/100	Loss 5.3496 ± 0.3066
INFO:meta-cli.py:Epoch 3/100	Loss 4.3914 ± 0.1119
INFO:meta-cli.py:Epoch 3/100	dev results	MRR 0.435219	H@1 0.410679	H@3 0.443968	H@5 0.458471	H@10 0.480554
INFO:meta-cli.py:Epoch 3/100	test results	MRR 0.433634	H@1 0.411136	H@3 0.438577	H@5 0.456924	H@10 0.479579
INFO:meta-cli.py:Epoch 4/100	Loss 4.0175 ± 0.1013
INFO:meta-cli.py:Epoch 5/100	Loss 3.7952 ± 0.1022
INFO:meta-cli.py:Epoch 6/100	Loss 3.6368 ± 0.1071
INFO:meta-cli.py:Epoch 6/100	dev results	MRR 0.447311	H@1 0.421226	H@3 0.458635	H@5 0.473467	H@10 0.495880
INFO:meta-cli.py:Epoch 6/100	test results	MRR 0.444310	H@1 0.418315	H@3 0.452138	H@5 0.471123	H@10 0.492342
INFO:meta-cli.py:Epoch 7/100	Loss 3.5190 ± 0.1082
INFO:meta-cli.py:Epoch 8/100	Loss 3.4230 ± 0.1193
INFO:meta-cli.py:Epoch 9/100	Loss 3.3490 ± 0.1082
INFO:meta-cli.py:Epoch 9/100	dev results	MRR 0.451745	H@1 0.425511	H@3 0.462591	H@5 0.476763	H@10 0.500989
INFO:meta-cli.py:Epoch 9/100	test results	MRR 0.450779	H@1 0.423899	H@3 0.460115	H@5 0.478302	H@10 0.502234
INFO:meta-cli.py:Epoch 10/100	Loss 3.2813 ± 0.1152
INFO:meta-cli.py:Epoch 11/100	Loss 3.2274 ± 0.1199
INFO:meta-cli.py:Epoch 12/100	Loss 3.1802 ± 0.1168
INFO:meta-cli.py:Epoch 12/100	dev results	MRR 0.454936	H@1 0.427324	H@3 0.464568	H@5 0.483026	H@10 0.505274
INFO:meta-cli.py:Epoch 12/100	test results	MRR 0.455219	H@1 0.428207	H@3 0.463944	H@5 0.482451	H@10 0.508456
INFO:meta-cli.py:Epoch 13/100	Loss 3.1388 ± 0.1161
INFO:meta-cli.py:Epoch 14/100	Loss 3.1038 ± 0.1173
INFO:meta-cli.py:Epoch 15/100	Loss 3.0712 ± 0.1224
INFO:meta-cli.py:Epoch 15/100	dev results	MRR 0.457968	H@1 0.429960	H@3 0.467205	H@5 0.485992	H@10 0.509888
INFO:meta-cli.py:Epoch 15/100	test results	MRR 0.458088	H@1 0.428845	H@3 0.468251	H@5 0.488034	H@10 0.514199
INFO:meta-cli.py:Epoch 16/100	Loss 3.0420 ± 0.1198
INFO:meta-cli.py:Epoch 17/100	Loss 3.0167 ± 0.1194
INFO:meta-cli.py:Epoch 18/100	Loss 2.9924 ± 0.1218
INFO:meta-cli.py:Epoch 18/100	dev results	MRR 0.459563	H@1 0.430455	H@3 0.470501	H@5 0.488464	H@10 0.514338
INFO:meta-cli.py:Epoch 18/100	test results	MRR 0.461001	H@1 0.431078	H@3 0.472080	H@5 0.490428	H@10 0.519145
INFO:meta-cli.py:Epoch 19/100	Loss 2.9721 ± 0.1157
INFO:meta-cli.py:Epoch 20/100	Loss 2.9517 ± 0.1177
INFO:meta-cli.py:Epoch 21/100	Loss 2.9332 ± 0.1151
INFO:meta-cli.py:Epoch 21/100	dev results	MRR 0.461673	H@1 0.432268	H@3 0.472149	H@5 0.491266	H@10 0.518952
INFO:meta-cli.py:Epoch 21/100	test results	MRR 0.463054	H@1 0.432355	H@3 0.474633	H@5 0.493459	H@10 0.522017
INFO:meta-cli.py:Epoch 22/100	Loss 2.9167 ± 0.1219
INFO:meta-cli.py:Epoch 23/100	Loss 2.9018 ± 0.1181
INFO:meta-cli.py:Epoch 24/100	Loss 2.8884 ± 0.1214
INFO:meta-cli.py:Epoch 24/100	dev results	MRR 0.463256	H@1 0.432762	H@3 0.473962	H@5 0.494891	H@10 0.521589
INFO:meta-cli.py:Epoch 24/100	test results	MRR 0.464717	H@1 0.433472	H@3 0.477345	H@5 0.496011	H@10 0.525367
INFO:meta-cli.py:Epoch 25/100	Loss 2.8736 ± 0.1173
INFO:meta-cli.py:Epoch 26/100	Loss 2.8604 ± 0.1165
INFO:meta-cli.py:Epoch 27/100	Loss 2.8499 ± 0.1110
INFO:meta-cli.py:Epoch 27/100	dev results	MRR 0.464251	H@1 0.433916	H@3 0.474621	H@5 0.495880	H@10 0.522577
INFO:meta-cli.py:Epoch 27/100	test results	MRR 0.464985	H@1 0.433312	H@3 0.476388	H@5 0.497288	H@10 0.528877
INFO:meta-cli.py:Epoch 28/100	Loss 2.8386 ± 0.1185
INFO:meta-cli.py:Epoch 29/100	Loss 2.8285 ± 0.1201
INFO:meta-cli.py:Epoch 30/100	Loss 2.8195 ± 0.1086
INFO:meta-cli.py:Epoch 30/100	dev results	MRR 0.465451	H@1 0.435069	H@3 0.475280	H@5 0.496210	H@10 0.524720
INFO:meta-cli.py:Epoch 30/100	test results	MRR 0.466158	H@1 0.434429	H@3 0.476069	H@5 0.498405	H@10 0.528877
INFO:meta-cli.py:Epoch 31/100	Loss 2.8098 ± 0.1201
INFO:meta-cli.py:Epoch 32/100	Loss 2.8005 ± 0.1167
INFO:meta-cli.py:Epoch 33/100	Loss 2.7927 ± 0.1127
INFO:meta-cli.py:Epoch 33/100	dev results	MRR 0.466221	H@1 0.434904	H@3 0.477093	H@5 0.498352	H@10 0.526533
INFO:meta-cli.py:Epoch 33/100	test results	MRR 0.466287	H@1 0.433153	H@3 0.479100	H@5 0.500957	H@10 0.533504
INFO:meta-cli.py:Epoch 34/100	Loss 2.7847 ± 0.1175
INFO:meta-cli.py:Epoch 35/100	Loss 2.7774 ± 0.1110
INFO:meta-cli.py:Epoch 36/100	Loss 2.7701 ± 0.1121
INFO:meta-cli.py:Epoch 36/100	dev results	MRR 0.466515	H@1 0.434575	H@3 0.477093	H@5 0.499176	H@10 0.528181
INFO:meta-cli.py:Epoch 36/100	test results	MRR 0.468025	H@1 0.435227	H@3 0.480377	H@5 0.503350	H@10 0.533982
INFO:meta-cli.py:Epoch 37/100	Loss 2.7639 ± 0.1153
INFO:meta-cli.py:Epoch 38/100	Loss 2.7569 ± 0.1145
INFO:meta-cli.py:Epoch 39/100	Loss 2.7509 ± 0.1158
INFO:meta-cli.py:Epoch 39/100	dev results	MRR 0.467671	H@1 0.436882	H@3 0.475939	H@5 0.498022	H@10 0.530158
INFO:meta-cli.py:Epoch 39/100	test results	MRR 0.468006	H@1 0.434907	H@3 0.479579	H@5 0.503669	H@10 0.535258
INFO:meta-cli.py:Epoch 40/100	Loss 2.7448 ± 0.1066
INFO:meta-cli.py:Epoch 41/100	Loss 2.7395 ± 0.1098
INFO:meta-cli.py:Epoch 42/100	Loss 2.7340 ± 0.1171
INFO:meta-cli.py:Epoch 42/100	dev results	MRR 0.469245	H@1 0.438365	H@3 0.478082	H@5 0.502142	H@10 0.529334
INFO:meta-cli.py:Epoch 42/100	test results	MRR 0.470374	H@1 0.437620	H@3 0.482929	H@5 0.505743	H@10 0.535737
INFO:meta-cli.py:Epoch 43/100	Loss 2.7290 ± 0.1184
INFO:meta-cli.py:Epoch 44/100	Loss 2.7235 ± 0.1070
INFO:meta-cli.py:Epoch 45/100	Loss 2.7175 ± 0.1079
INFO:meta-cli.py:Epoch 45/100	dev results	MRR 0.468339	H@1 0.436882	H@3 0.478411	H@5 0.499506	H@10 0.530817
INFO:meta-cli.py:Epoch 45/100	test results	MRR 0.470537	H@1 0.437460	H@3 0.482291	H@5 0.506063	H@10 0.539726
INFO:meta-cli.py:Epoch 46/100	Loss 2.7139 ± 0.1133
INFO:meta-cli.py:Epoch 47/100	Loss 2.7092 ± 0.1141
INFO:meta-cli.py:Epoch 48/100	Loss 2.7048 ± 0.1114
INFO:meta-cli.py:Epoch 48/100	dev results	MRR 0.468118	H@1 0.436223	H@3 0.477752	H@5 0.500165	H@10 0.530158
INFO:meta-cli.py:Epoch 48/100	test results	MRR 0.470374	H@1 0.436981	H@3 0.482451	H@5 0.506382	H@10 0.537652
INFO:meta-cli.py:Epoch 49/100	Loss 2.7003 ± 0.1119
INFO:meta-cli.py:Epoch 50/100	Loss 2.6966 ± 0.1101
INFO:meta-cli.py:Epoch 51/100	Loss 2.6919 ± 0.1076
INFO:meta-cli.py:Epoch 51/100	dev results	MRR 0.469822	H@1 0.438365	H@3 0.480059	H@5 0.499835	H@10 0.532795
INFO:meta-cli.py:Epoch 51/100	test results	MRR 0.470943	H@1 0.437141	H@3 0.483727	H@5 0.506701	H@10 0.541640
INFO:meta-cli.py:Epoch 52/100	Loss 2.6888 ± 0.1005
INFO:meta-cli.py:Epoch 53/100	Loss 2.6854 ± 0.1055
INFO:meta-cli.py:Epoch 54/100	Loss 2.6810 ± 0.1099
INFO:meta-cli.py:Epoch 54/100	dev results	MRR 0.469679	H@1 0.438530	H@3 0.478576	H@5 0.499506	H@10 0.531641
INFO:meta-cli.py:Epoch 54/100	test results	MRR 0.471409	H@1 0.437779	H@3 0.483886	H@5 0.507179	H@10 0.539407
INFO:meta-cli.py:Epoch 55/100	Loss 2.6777 ± 0.1085
INFO:meta-cli.py:Epoch 56/100	Loss 2.6749 ± 0.1069
INFO:meta-cli.py:Epoch 57/100	Loss 2.6705 ± 0.1009
INFO:meta-cli.py:Epoch 57/100	dev results	MRR 0.469022	H@1 0.436717	H@3 0.477752	H@5 0.501154	H@10 0.533784
INFO:meta-cli.py:Epoch 57/100	test results	MRR 0.471838	H@1 0.438098	H@3 0.485003	H@5 0.507498	H@10 0.540204
INFO:meta-cli.py:Epoch 58/100	Loss 2.6678 ± 0.1078
INFO:meta-cli.py:Epoch 59/100	Loss 2.6646 ± 0.1049
INFO:meta-cli.py:Epoch 60/100	Loss 2.6618 ± 0.1070
INFO:meta-cli.py:Epoch 60/100	dev results	MRR 0.469305	H@1 0.437706	H@3 0.478906	H@5 0.501483	H@10 0.534113
INFO:meta-cli.py:Epoch 60/100	test results	MRR 0.471483	H@1 0.437460	H@3 0.482451	H@5 0.509892	H@10 0.539087
INFO:meta-cli.py:Epoch 61/100	Loss 2.6593 ± 0.1038
INFO:meta-cli.py:Epoch 62/100	Loss 2.6565 ± 0.1039
INFO:meta-cli.py:Epoch 63/100	Loss 2.6535 ± 0.1092
INFO:meta-cli.py:Epoch 63/100	dev results	MRR 0.469901	H@1 0.436717	H@3 0.481378	H@5 0.503626	H@10 0.536256
INFO:meta-cli.py:Epoch 63/100	test results	MRR 0.471608	H@1 0.436503	H@3 0.483886	H@5 0.509094	H@10 0.541161
INFO:meta-cli.py:Epoch 64/100	Loss 2.6503 ± 0.1034
INFO:meta-cli.py:Epoch 65/100	Loss 2.6477 ± 0.1105
INFO:meta-cli.py:Epoch 66/100	Loss 2.6452 ± 0.1048
INFO:meta-cli.py:Epoch 66/100	dev results	MRR 0.470700	H@1 0.438365	H@3 0.480719	H@5 0.503131	H@10 0.537080
INFO:meta-cli.py:Epoch 66/100	test results	MRR 0.471993	H@1 0.437301	H@3 0.483886	H@5 0.509413	H@10 0.541800
INFO:meta-cli.py:Epoch 67/100	Loss 2.6425 ± 0.1046
INFO:meta-cli.py:Epoch 68/100	Loss 2.6403 ± 0.1091
INFO:meta-cli.py:Epoch 69/100	Loss 2.6376 ± 0.1045
INFO:meta-cli.py:Epoch 69/100	dev results	MRR 0.469842	H@1 0.437047	H@3 0.480883	H@5 0.502966	H@10 0.536750
INFO:meta-cli.py:Epoch 69/100	test results	MRR 0.471875	H@1 0.437301	H@3 0.484844	H@5 0.510051	H@10 0.541481
INFO:meta-cli.py:Epoch 70/100	Loss 2.6358 ± 0.1034
INFO:meta-cli.py:Epoch 71/100	Loss 2.6334 ± 0.1048
INFO:meta-cli.py:Epoch 72/100	Loss 2.6310 ± 0.1015
INFO:meta-cli.py:Epoch 72/100	dev results	MRR 0.470120	H@1 0.437047	H@3 0.480554	H@5 0.500989	H@10 0.536256
INFO:meta-cli.py:Epoch 72/100	test results	MRR 0.472514	H@1 0.438577	H@3 0.483727	H@5 0.509572	H@10 0.541959
INFO:meta-cli.py:Epoch 73/100	Loss 2.6287 ± 0.1032
INFO:meta-cli.py:Epoch 74/100	Loss 2.6267 ± 0.1078
INFO:meta-cli.py:Epoch 75/100	Loss 2.6247 ± 0.1057
INFO:meta-cli.py:Epoch 75/100	dev results	MRR 0.470718	H@1 0.437376	H@3 0.481048	H@5 0.503296	H@10 0.536750
INFO:meta-cli.py:Epoch 75/100	test results	MRR 0.472173	H@1 0.437460	H@3 0.483727	H@5 0.510211	H@10 0.541481
INFO:meta-cli.py:Epoch 76/100	Loss 2.6226 ± 0.1015
INFO:meta-cli.py:Epoch 77/100	Loss 2.6202 ± 0.0985
INFO:meta-cli.py:Epoch 78/100	Loss 2.6188 ± 0.0967
INFO:meta-cli.py:Epoch 78/100	dev results	MRR 0.469884	H@1 0.436223	H@3 0.480224	H@5 0.502802	H@10 0.535267
INFO:meta-cli.py:Epoch 78/100	test results	MRR 0.472397	H@1 0.438098	H@3 0.483248	H@5 0.509572	H@10 0.543714
INFO:meta-cli.py:Epoch 79/100	Loss 2.6166 ± 0.1047
INFO:meta-cli.py:Epoch 80/100	Loss 2.6147 ± 0.0972
INFO:meta-cli.py:Epoch 81/100	Loss 2.6124 ± 0.1053
INFO:meta-cli.py:Epoch 81/100	dev results	MRR 0.470574	H@1 0.437376	H@3 0.481048	H@5 0.503461	H@10 0.537739
INFO:meta-cli.py:Epoch 81/100	test results	MRR 0.473029	H@1 0.438258	H@3 0.484046	H@5 0.510530	H@10 0.543714
INFO:meta-cli.py:Epoch 82/100	Loss 2.6104 ± 0.1047
INFO:meta-cli.py:Epoch 83/100	Loss 2.6092 ± 0.1026
INFO:meta-cli.py:Epoch 84/100	Loss 2.6070 ± 0.1043
INFO:meta-cli.py:Epoch 84/100	dev results	MRR 0.470132	H@1 0.435728	H@3 0.482037	H@5 0.503955	H@10 0.538398
INFO:meta-cli.py:Epoch 84/100	test results	MRR 0.472493	H@1 0.436822	H@3 0.485801	H@5 0.511327	H@10 0.543555
INFO:meta-cli.py:Epoch 85/100	Loss 2.6054 ± 0.1000
INFO:meta-cli.py:Epoch 86/100	Loss 2.6040 ± 0.1018
INFO:meta-cli.py:Epoch 87/100	Loss 2.6020 ± 0.1006
INFO:meta-cli.py:Epoch 87/100	dev results	MRR 0.470528	H@1 0.436552	H@3 0.480554	H@5 0.505274	H@10 0.538563
INFO:meta-cli.py:Epoch 87/100	test results	MRR 0.472912	H@1 0.437460	H@3 0.484046	H@5 0.511966	H@10 0.544352
INFO:meta-cli.py:Epoch 88/100	Loss 2.6004 ± 0.1055
INFO:meta-cli.py:Epoch 89/100	Loss 2.5986 ± 0.0996
INFO:meta-cli.py:Epoch 90/100	Loss 2.5975 ± 0.1001
INFO:meta-cli.py:Epoch 90/100	dev results	MRR 0.470608	H@1 0.437047	H@3 0.481213	H@5 0.503955	H@10 0.537409
INFO:meta-cli.py:Epoch 90/100	test results	MRR 0.473119	H@1 0.438258	H@3 0.484365	H@5 0.511008	H@10 0.544193
INFO:meta-cli.py:Epoch 91/100	Loss 2.5959 ± 0.1012
INFO:meta-cli.py:Epoch 92/100	Loss 2.5943 ± 0.1034
INFO:meta-cli.py:Epoch 93/100	Loss 2.5931 ± 0.0958
INFO:meta-cli.py:Epoch 93/100	dev results	MRR 0.470324	H@1 0.436552	H@3 0.480389	H@5 0.504120	H@10 0.538398
INFO:meta-cli.py:Epoch 93/100	test results	MRR 0.473360	H@1 0.438098	H@3 0.484046	H@5 0.511168	H@10 0.543714
INFO:meta-cli.py:Epoch 94/100	Loss 2.5917 ± 0.0977
INFO:meta-cli.py:Epoch 95/100	Loss 2.5897 ± 0.1028
INFO:meta-cli.py:Epoch 96/100	Loss 2.5881 ± 0.1007
INFO:meta-cli.py:Epoch 96/100	dev results	MRR 0.470428	H@1 0.436717	H@3 0.479895	H@5 0.504614	H@10 0.537904
INFO:meta-cli.py:Epoch 96/100	test results	MRR 0.473651	H@1 0.438736	H@3 0.484684	H@5 0.511646	H@10 0.543395
INFO:meta-cli.py:Epoch 97/100	Loss 2.5871 ± 0.1022
INFO:meta-cli.py:Epoch 98/100	Loss 2.5854 ± 0.1073
INFO:meta-cli.py:Epoch 99/100	Loss 2.5843 ± 0.0987
INFO:meta-cli.py:Epoch 99/100	dev results	MRR 0.470777	H@1 0.437047	H@3 0.480719	H@5 0.504120	H@10 0.538893
INFO:meta-cli.py:Epoch 99/100	test results	MRR 0.473043	H@1 0.437460	H@3 0.484525	H@5 0.510689	H@10 0.545150
INFO:meta-cli.py:Epoch 100/100	Loss 2.5827 ± 0.1005
INFO:meta-cli.py:Final 	dev results	MRR 0.471119	H@1 0.437871	H@3 0.480554	H@5 0.504285	H@10 0.538398
INFO:meta-cli.py:Final 	test results	MRR 0.473647	H@1 0.438577	H@3 0.484525	H@5 0.512285	H@10 0.544193
INFO:meta-cli.py:Training finished
