./bin/meta-cli.py --train data/wn18rr/train.tsv --dev data/wn18rr/dev.tsv --test data/wn18rr/test.tsv -m complex -k 4000 -b 500 -e 100 --F2 0 --N3 0.05 -l 0.1 -I reciprocal -V 3 -o adagrad -q
{'F2': 0.0,
 'N3': 0.05,
 'batch_size': 500,
 'dev': 'data/wn18rr/dev.tsv',
 'embedding_size': 4000,
 'epochs': 100,
 'eval_batch_size': None,
 'input_type': 'reciprocal',
 'learning_rate': 0.1,
 'load': None,
 'model': 'complex',
 'optimizer': 'adagrad',
 'quiet': True,
 'save': None,
 'seed': 0,
 'test': 'data/wn18rr/test.tsv',
 'test_i': None,
 'test_ii': None,
 'train': 'data/wn18rr/train.tsv',
 'validate_every': 3}
INFO:meta-cli.py:Device: cuda
INFO:meta-cli.py:Model state:
INFO:meta-cli.py:	entities.weight	torch.Size([40943, 8000])
INFO:meta-cli.py:	predicates.weight	torch.Size([22, 8000])
INFO:meta-cli.py:Epoch 1/100	Loss 18.7350 ± 4.2968
INFO:meta-cli.py:Epoch 2/100	Loss 8.7774 ± 0.5085
INFO:meta-cli.py:Epoch 3/100	Loss 7.1097 ± 0.1370
INFO:meta-cli.py:Epoch 3/100	dev results	MRR 0.461423	H@1 0.426335	H@3 0.475775	H@5 0.498022	H@10 0.525709
INFO:meta-cli.py:Epoch 3/100	test results	MRR 0.460041	H@1 0.425335	H@3 0.471761	H@5 0.495533	H@10 0.528717
INFO:meta-cli.py:Epoch 4/100	Loss 6.4722 ± 0.1089
INFO:meta-cli.py:Epoch 5/100	Loss 6.1276 ± 0.1106
INFO:meta-cli.py:Epoch 6/100	Loss 5.9059 ± 0.1163
INFO:meta-cli.py:Epoch 6/100	dev results	MRR 0.472894	H@1 0.436882	H@3 0.485003	H@5 0.507086	H@10 0.543013
INFO:meta-cli.py:Epoch 6/100	test results	MRR 0.472380	H@1 0.433472	H@3 0.487715	H@5 0.511646	H@10 0.546586
INFO:meta-cli.py:Epoch 7/100	Loss 5.7531 ± 0.1190
INFO:meta-cli.py:Epoch 8/100	Loss 5.6383 ± 0.1306
INFO:meta-cli.py:Epoch 9/100	Loss 5.5499 ± 0.1168
INFO:meta-cli.py:Epoch 9/100	dev results	MRR 0.476161	H@1 0.438860	H@3 0.490112	H@5 0.512854	H@10 0.549934
INFO:meta-cli.py:Epoch 9/100	test results	MRR 0.476885	H@1 0.435227	H@3 0.495054	H@5 0.522017	H@10 0.553925
INFO:meta-cli.py:Epoch 10/100	Loss 5.4756 ± 0.1235
INFO:meta-cli.py:Epoch 11/100	Loss 5.4183 ± 0.1279
INFO:meta-cli.py:Epoch 12/100	Loss 5.3678 ± 0.1246
INFO:meta-cli.py:Epoch 12/100	dev results	MRR 0.478496	H@1 0.440837	H@3 0.489947	H@5 0.518787	H@10 0.555867
INFO:meta-cli.py:Epoch 12/100	test results	MRR 0.480767	H@1 0.440810	H@3 0.494735	H@5 0.523612	H@10 0.559509
INFO:meta-cli.py:Epoch 13/100	Loss 5.3245 ± 0.1211
INFO:meta-cli.py:Epoch 14/100	Loss 5.2890 ± 0.1230
INFO:meta-cli.py:Epoch 15/100	Loss 5.2566 ± 0.1276
INFO:meta-cli.py:Epoch 15/100	dev results	MRR 0.480014	H@1 0.442485	H@3 0.489947	H@5 0.518293	H@10 0.558009
INFO:meta-cli.py:Epoch 15/100	test results	MRR 0.479628	H@1 0.438577	H@3 0.495533	H@5 0.522017	H@10 0.559509
INFO:meta-cli.py:Epoch 16/100	Loss 5.2278 ± 0.1245
INFO:meta-cli.py:Epoch 17/100	Loss 5.2020 ± 0.1229
INFO:meta-cli.py:Epoch 18/100	Loss 5.1780 ± 0.1234
INFO:meta-cli.py:Epoch 18/100	dev results	MRR 0.479324	H@1 0.440013	H@3 0.492419	H@5 0.520765	H@10 0.557680
INFO:meta-cli.py:Epoch 18/100	test results	MRR 0.480461	H@1 0.438258	H@3 0.496650	H@5 0.523612	H@10 0.561104
INFO:meta-cli.py:Epoch 19/100	Loss 5.1580 ± 0.1199
INFO:meta-cli.py:Epoch 20/100	Loss 5.1378 ± 0.1218
INFO:meta-cli.py:Epoch 21/100	Loss 5.1199 ± 0.1186
INFO:meta-cli.py:Epoch 21/100	dev results	MRR 0.479295	H@1 0.438695	H@3 0.492914	H@5 0.520765	H@10 0.560481
INFO:meta-cli.py:Epoch 21/100	test results	MRR 0.480455	H@1 0.438417	H@3 0.494416	H@5 0.524410	H@10 0.565571
INFO:meta-cli.py:Epoch 22/100	Loss 5.1037 ± 0.1247
INFO:meta-cli.py:Epoch 23/100	Loss 5.0890 ± 0.1220
INFO:meta-cli.py:Epoch 24/100	Loss 5.0761 ± 0.1255
INFO:meta-cli.py:Epoch 24/100	dev results	MRR 0.480009	H@1 0.440837	H@3 0.491101	H@5 0.521094	H@10 0.560811
INFO:meta-cli.py:Epoch 24/100	test results	MRR 0.481402	H@1 0.438577	H@3 0.496650	H@5 0.524729	H@10 0.566528
INFO:meta-cli.py:Epoch 25/100	Loss 5.0613 ± 0.1193
INFO:meta-cli.py:Epoch 26/100	Loss 5.0485 ± 0.1207
INFO:meta-cli.py:Epoch 27/100	Loss 5.0382 ± 0.1148
INFO:meta-cli.py:Epoch 27/100	dev results	MRR 0.480514	H@1 0.440837	H@3 0.493243	H@5 0.521753	H@10 0.559328
INFO:meta-cli.py:Epoch 27/100	test results	MRR 0.480543	H@1 0.436822	H@3 0.497288	H@5 0.525367	H@10 0.564933
INFO:meta-cli.py:Epoch 28/100	Loss 5.0272 ± 0.1217
INFO:meta-cli.py:Epoch 29/100	Loss 5.0171 ± 0.1225
INFO:meta-cli.py:Epoch 30/100	Loss 5.0083 ± 0.1117
INFO:meta-cli.py:Epoch 30/100	dev results	MRR 0.480857	H@1 0.440343	H@3 0.494232	H@5 0.520765	H@10 0.559657
INFO:meta-cli.py:Epoch 30/100	test results	MRR 0.481601	H@1 0.439215	H@3 0.496650	H@5 0.525048	H@10 0.566050
INFO:meta-cli.py:Epoch 31/100	Loss 4.9987 ± 0.1250
INFO:meta-cli.py:Epoch 32/100	Loss 4.9893 ± 0.1207
INFO:meta-cli.py:Epoch 33/100	Loss 4.9814 ± 0.1166
INFO:meta-cli.py:Epoch 33/100	dev results	MRR 0.479414	H@1 0.438530	H@3 0.494067	H@5 0.522248	H@10 0.561635
INFO:meta-cli.py:Epoch 33/100	test results	MRR 0.480905	H@1 0.437779	H@3 0.496969	H@5 0.524569	H@10 0.565731
INFO:meta-cli.py:Epoch 34/100	Loss 4.9736 ± 0.1202
INFO:meta-cli.py:Epoch 35/100	Loss 4.9664 ± 0.1157
INFO:meta-cli.py:Epoch 36/100	Loss 4.9591 ± 0.1157
INFO:meta-cli.py:Epoch 36/100	dev results	MRR 0.480659	H@1 0.440508	H@3 0.493243	H@5 0.519941	H@10 0.560152
INFO:meta-cli.py:Epoch 36/100	test results	MRR 0.481054	H@1 0.438577	H@3 0.495373	H@5 0.524729	H@10 0.566847
INFO:meta-cli.py:Epoch 37/100	Loss 4.9529 ± 0.1178
INFO:meta-cli.py:Epoch 38/100	Loss 4.9457 ± 0.1183
INFO:meta-cli.py:Epoch 39/100	Loss 4.9397 ± 0.1194
INFO:meta-cli.py:Epoch 39/100	dev results	MRR 0.478564	H@1 0.437047	H@3 0.491760	H@5 0.520270	H@10 0.562129
INFO:meta-cli.py:Epoch 39/100	test results	MRR 0.481334	H@1 0.438417	H@3 0.496809	H@5 0.525048	H@10 0.568762
INFO:meta-cli.py:Epoch 40/100	Loss 4.9335 ± 0.1104
INFO:meta-cli.py:Epoch 41/100	Loss 4.9282 ± 0.1126
INFO:meta-cli.py:Epoch 42/100	Loss 4.9229 ± 0.1207
INFO:meta-cli.py:Epoch 42/100	dev results	MRR 0.480411	H@1 0.439519	H@3 0.494397	H@5 0.522742	H@10 0.560646
INFO:meta-cli.py:Epoch 42/100	test results	MRR 0.482766	H@1 0.440491	H@3 0.497128	H@5 0.525048	H@10 0.569719
INFO:meta-cli.py:Epoch 43/100	Loss 4.9177 ± 0.1216
INFO:meta-cli.py:Epoch 44/100	Loss 4.9120 ± 0.1092
INFO:meta-cli.py:Epoch 45/100	Loss 4.9059 ± 0.1115
INFO:meta-cli.py:Epoch 45/100	dev results	MRR 0.479660	H@1 0.438530	H@3 0.494232	H@5 0.521424	H@10 0.562294
INFO:meta-cli.py:Epoch 45/100	test results	MRR 0.480972	H@1 0.436184	H@3 0.496171	H@5 0.528079	H@10 0.567805
INFO:meta-cli.py:Epoch 46/100	Loss 4.9021 ± 0.1159
INFO:meta-cli.py:Epoch 47/100	Loss 4.8976 ± 0.1180
INFO:meta-cli.py:Epoch 48/100	Loss 4.8930 ± 0.1144
INFO:meta-cli.py:Epoch 48/100	dev results	MRR 0.478195	H@1 0.436388	H@3 0.492419	H@5 0.520929	H@10 0.559822
INFO:meta-cli.py:Epoch 48/100	test results	MRR 0.481628	H@1 0.438417	H@3 0.495692	H@5 0.526803	H@10 0.567007
INFO:meta-cli.py:Epoch 49/100	Loss 4.8886 ± 0.1143
INFO:meta-cli.py:Epoch 50/100	Loss 4.8844 ± 0.1129
INFO:meta-cli.py:Epoch 51/100	Loss 4.8798 ± 0.1115
INFO:meta-cli.py:Epoch 51/100	dev results	MRR 0.480297	H@1 0.438860	H@3 0.493243	H@5 0.521094	H@10 0.562129
INFO:meta-cli.py:Epoch 51/100	test results	MRR 0.480905	H@1 0.436822	H@3 0.498245	H@5 0.527601	H@10 0.567007
INFO:meta-cli.py:Epoch 52/100	Loss 4.8767 ± 0.1034
INFO:meta-cli.py:Epoch 53/100	Loss 4.8732 ± 0.1092
INFO:meta-cli.py:Epoch 54/100	Loss 4.8686 ± 0.1145
INFO:meta-cli.py:Epoch 54/100	dev results	MRR 0.479220	H@1 0.437706	H@3 0.493078	H@5 0.521589	H@10 0.561800
INFO:meta-cli.py:Epoch 54/100	test results	MRR 0.481017	H@1 0.436981	H@3 0.496331	H@5 0.526643	H@10 0.569241
INFO:meta-cli.py:Epoch 55/100	Loss 4.8652 ± 0.1121
INFO:meta-cli.py:Epoch 56/100	Loss 4.8624 ± 0.1089
INFO:meta-cli.py:Epoch 57/100	Loss 4.8578 ± 0.1043
INFO:meta-cli.py:Epoch 57/100	dev results	MRR 0.478605	H@1 0.436882	H@3 0.490771	H@5 0.519776	H@10 0.560646
INFO:meta-cli.py:Epoch 57/100	test results	MRR 0.480627	H@1 0.436662	H@3 0.496650	H@5 0.524729	H@10 0.568283
INFO:meta-cli.py:Epoch 58/100	Loss 4.8550 ± 0.1105
INFO:meta-cli.py:Epoch 59/100	Loss 4.8516 ± 0.1083
INFO:meta-cli.py:Epoch 60/100	Loss 4.8487 ± 0.1105
INFO:meta-cli.py:Epoch 60/100	dev results	MRR 0.477638	H@1 0.435564	H@3 0.490771	H@5 0.520105	H@10 0.561964
INFO:meta-cli.py:Epoch 60/100	test results	MRR 0.480332	H@1 0.436184	H@3 0.496490	H@5 0.525846	H@10 0.566369
INFO:meta-cli.py:Epoch 61/100	Loss 4.8462 ± 0.1077
INFO:meta-cli.py:Epoch 62/100	Loss 4.8433 ± 0.1074
INFO:meta-cli.py:Epoch 63/100	Loss 4.8403 ± 0.1122
INFO:meta-cli.py:Epoch 63/100	dev results	MRR 0.479991	H@1 0.438530	H@3 0.493243	H@5 0.522083	H@10 0.562624
INFO:meta-cli.py:Epoch 63/100	test results	MRR 0.481002	H@1 0.436503	H@3 0.497128	H@5 0.526165	H@10 0.569081
INFO:meta-cli.py:Epoch 64/100	Loss 4.8368 ± 0.1067
INFO:meta-cli.py:Epoch 65/100	Loss 4.8342 ± 0.1133
INFO:meta-cli.py:Epoch 66/100	Loss 4.8315 ± 0.1091
INFO:meta-cli.py:Epoch 66/100	dev results	MRR 0.479051	H@1 0.436717	H@3 0.493573	H@5 0.521259	H@10 0.562788
INFO:meta-cli.py:Epoch 66/100	test results	MRR 0.480557	H@1 0.436184	H@3 0.496331	H@5 0.527281	H@10 0.568283
INFO:meta-cli.py:Epoch 67/100	Loss 4.8287 ± 0.1086
INFO:meta-cli.py:Epoch 68/100	Loss 4.8262 ± 0.1126
INFO:meta-cli.py:Epoch 69/100	Loss 4.8237 ± 0.1078
INFO:meta-cli.py:Epoch 69/100	dev results	MRR 0.479789	H@1 0.438036	H@3 0.493078	H@5 0.522083	H@10 0.562788
INFO:meta-cli.py:Epoch 69/100	test results	MRR 0.480803	H@1 0.436662	H@3 0.496171	H@5 0.527281	H@10 0.568283
INFO:meta-cli.py:Epoch 70/100	Loss 4.8217 ± 0.1064
INFO:meta-cli.py:Epoch 71/100	Loss 4.8193 ± 0.1080
INFO:meta-cli.py:Epoch 72/100	Loss 4.8168 ± 0.1052
INFO:meta-cli.py:Epoch 72/100	dev results	MRR 0.481263	H@1 0.440343	H@3 0.494067	H@5 0.522907	H@10 0.561635
INFO:meta-cli.py:Epoch 72/100	test results	MRR 0.479810	H@1 0.434748	H@3 0.496650	H@5 0.525367	H@10 0.567326
INFO:meta-cli.py:Epoch 73/100	Loss 4.8142 ± 0.1052
INFO:meta-cli.py:Epoch 74/100	Loss 4.8122 ± 0.1101
INFO:meta-cli.py:Epoch 75/100	Loss 4.8100 ± 0.1082
INFO:meta-cli.py:Epoch 75/100	dev results	MRR 0.479019	H@1 0.437047	H@3 0.492090	H@5 0.522248	H@10 0.562459
INFO:meta-cli.py:Epoch 75/100	test results	MRR 0.480153	H@1 0.435865	H@3 0.494895	H@5 0.526803	H@10 0.567964
INFO:meta-cli.py:Epoch 76/100	Loss 4.8080 ± 0.1048
INFO:meta-cli.py:Epoch 77/100	Loss 4.8052 ± 0.1011
INFO:meta-cli.py:Epoch 78/100	Loss 4.8039 ± 0.1000
INFO:meta-cli.py:Epoch 78/100	dev results	MRR 0.478975	H@1 0.436717	H@3 0.491430	H@5 0.522742	H@10 0.562459
INFO:meta-cli.py:Epoch 78/100	test results	MRR 0.480668	H@1 0.436024	H@3 0.495054	H@5 0.526962	H@10 0.569400
INFO:meta-cli.py:Epoch 79/100	Loss 4.8015 ± 0.1075
INFO:meta-cli.py:Epoch 80/100	Loss 4.7996 ± 0.1003
INFO:meta-cli.py:Epoch 81/100	Loss 4.7971 ± 0.1101
INFO:meta-cli.py:Epoch 81/100	dev results	MRR 0.478299	H@1 0.436058	H@3 0.491101	H@5 0.521424	H@10 0.562953
INFO:meta-cli.py:Epoch 81/100	test results	MRR 0.480580	H@1 0.436343	H@3 0.496331	H@5 0.526484	H@10 0.568762
INFO:meta-cli.py:Epoch 82/100	Loss 4.7950 ± 0.1088
INFO:meta-cli.py:Epoch 83/100	Loss 4.7937 ± 0.1064
INFO:meta-cli.py:Epoch 84/100	Loss 4.7914 ± 0.1076
INFO:meta-cli.py:Epoch 84/100	dev results	MRR 0.479799	H@1 0.437541	H@3 0.493573	H@5 0.523401	H@10 0.564107
INFO:meta-cli.py:Epoch 84/100	test results	MRR 0.479899	H@1 0.434429	H@3 0.497288	H@5 0.525686	H@10 0.568124
INFO:meta-cli.py:Epoch 85/100	Loss 4.7896 ± 0.1034
INFO:meta-cli.py:Epoch 86/100	Loss 4.7882 ± 0.1056
INFO:meta-cli.py:Epoch 87/100	Loss 4.7862 ± 0.1044
INFO:meta-cli.py:Epoch 87/100	dev results	MRR 0.479576	H@1 0.437706	H@3 0.491266	H@5 0.523072	H@10 0.564272
INFO:meta-cli.py:Epoch 87/100	test results	MRR 0.481348	H@1 0.437939	H@3 0.495214	H@5 0.526803	H@10 0.569879
INFO:meta-cli.py:Epoch 88/100	Loss 4.7844 ± 0.1096
INFO:meta-cli.py:Epoch 89/100	Loss 4.7825 ± 0.1036
INFO:meta-cli.py:Epoch 90/100	Loss 4.7814 ± 0.1035
INFO:meta-cli.py:Epoch 90/100	dev results	MRR 0.479750	H@1 0.438200	H@3 0.492749	H@5 0.522907	H@10 0.562788
INFO:meta-cli.py:Epoch 90/100	test results	MRR 0.480748	H@1 0.436343	H@3 0.496490	H@5 0.526005	H@10 0.568922
INFO:meta-cli.py:Epoch 91/100	Loss 4.7796 ± 0.1041
INFO:meta-cli.py:Epoch 92/100	Loss 4.7780 ± 0.1076
INFO:meta-cli.py:Epoch 93/100	Loss 4.7768 ± 0.0991
INFO:meta-cli.py:Epoch 93/100	dev results	MRR 0.478787	H@1 0.436552	H@3 0.490606	H@5 0.520600	H@10 0.563118
INFO:meta-cli.py:Epoch 93/100	test results	MRR 0.480923	H@1 0.436822	H@3 0.495533	H@5 0.528398	H@10 0.569879
INFO:meta-cli.py:Epoch 94/100	Loss 4.7752 ± 0.1003
INFO:meta-cli.py:Epoch 95/100	Loss 4.7731 ± 0.1055
INFO:meta-cli.py:Epoch 96/100	Loss 4.7715 ± 0.1034
INFO:meta-cli.py:Epoch 96/100	dev results	MRR 0.479206	H@1 0.437047	H@3 0.492254	H@5 0.521589	H@10 0.562294
INFO:meta-cli.py:Epoch 96/100	test results	MRR 0.480167	H@1 0.434748	H@3 0.497128	H@5 0.527281	H@10 0.569400
INFO:meta-cli.py:Epoch 97/100	Loss 4.7703 ± 0.1060
INFO:meta-cli.py:Epoch 98/100	Loss 4.7684 ± 0.1101
INFO:meta-cli.py:Epoch 99/100	Loss 4.7674 ± 0.1027
INFO:meta-cli.py:Epoch 99/100	dev results	MRR 0.479981	H@1 0.438036	H@3 0.492749	H@5 0.522083	H@10 0.562294
INFO:meta-cli.py:Epoch 99/100	test results	MRR 0.480225	H@1 0.434907	H@3 0.495214	H@5 0.527920	H@10 0.570676
INFO:meta-cli.py:Epoch 100/100	Loss 4.7656 ± 0.1050
INFO:meta-cli.py:Final 	dev results	MRR 0.480077	H@1 0.438695	H@3 0.492749	H@5 0.521753	H@10 0.562788
INFO:meta-cli.py:Final 	test results	MRR 0.480716	H@1 0.435546	H@3 0.496809	H@5 0.527441	H@10 0.568602
INFO:meta-cli.py:Training finished
