./bin/meta-cli.py --train data/wn18rr/train.tsv --dev data/wn18rr/dev.tsv --test data/wn18rr/test.tsv -m complex -k 500 -b 1000 -e 100 --F2 0 --N3 0.001 -l 0.1 -I standard -V 3 -o adagrad -q
{'F2': 0.0,
 'N3': 0.001,
 'batch_size': 1000,
 'dev': 'data/wn18rr/dev.tsv',
 'embedding_size': 500,
 'epochs': 100,
 'eval_batch_size': None,
 'input_type': 'standard',
 'learning_rate': 0.1,
 'load': None,
 'model': 'complex',
 'optimizer': 'adagrad',
 'quiet': True,
 'save': None,
 'seed': 0,
 'test': 'data/wn18rr/test.tsv',
 'test_i': None,
 'test_ii': None,
 'train': 'data/wn18rr/train.tsv',
 'validate_every': 3}
INFO:meta-cli.py:Device: cuda
INFO:meta-cli.py:Model state:
INFO:meta-cli.py:	entities.weight	torch.Size([40943, 1000])
INFO:meta-cli.py:	predicates.weight	torch.Size([11, 1000])
INFO:meta-cli.py:Epoch 1/100	Loss 18.5325 ± 1.5239
INFO:meta-cli.py:Epoch 2/100	Loss 9.0500 ± 0.2588
INFO:meta-cli.py:Epoch 3/100	Loss 4.5381 ± 0.3077
INFO:meta-cli.py:Epoch 3/100	dev results	MRR 0.425665	H@1 0.401121	H@3 0.435234	H@5 0.449242	H@10 0.470501
INFO:meta-cli.py:Epoch 3/100	test results	MRR 0.427387	H@1 0.403318	H@3 0.437301	H@5 0.450383	H@10 0.470645
INFO:meta-cli.py:Epoch 4/100	Loss 3.7038 ± 0.2582
INFO:meta-cli.py:Epoch 5/100	Loss 3.3837 ± 0.2537
INFO:meta-cli.py:Epoch 6/100	Loss 3.2157 ± 0.2444
INFO:meta-cli.py:Epoch 6/100	dev results	MRR 0.438437	H@1 0.416282	H@3 0.444463	H@5 0.460613	H@10 0.479400
INFO:meta-cli.py:Epoch 6/100	test results	MRR 0.437709	H@1 0.414486	H@3 0.443682	H@5 0.460434	H@10 0.484684
INFO:meta-cli.py:Epoch 7/100	Loss 3.1004 ± 0.2302
INFO:meta-cli.py:Epoch 8/100	Loss 3.0192 ± 0.2324
INFO:meta-cli.py:Epoch 9/100	Loss 2.9556 ± 0.2243
INFO:meta-cli.py:Epoch 9/100	dev results	MRR 0.441080	H@1 0.417271	H@3 0.448253	H@5 0.463085	H@10 0.486816
INFO:meta-cli.py:Epoch 9/100	test results	MRR 0.441986	H@1 0.417996	H@3 0.448947	H@5 0.464263	H@10 0.492023
INFO:meta-cli.py:Epoch 10/100	Loss 2.9040 ± 0.2125
INFO:meta-cli.py:Epoch 11/100	Loss 2.8620 ± 0.2122
INFO:meta-cli.py:Epoch 12/100	Loss 2.8270 ± 0.2133
INFO:meta-cli.py:Epoch 12/100	dev results	MRR 0.443182	H@1 0.419578	H@3 0.450396	H@5 0.466216	H@10 0.487146
INFO:meta-cli.py:Epoch 12/100	test results	MRR 0.443770	H@1 0.418953	H@3 0.450862	H@5 0.469209	H@10 0.492502
INFO:meta-cli.py:Epoch 13/100	Loss 2.7953 ± 0.1997
INFO:meta-cli.py:Epoch 14/100	Loss 2.7682 ± 0.2055
INFO:meta-cli.py:Epoch 15/100	Loss 2.7433 ± 0.1984
INFO:meta-cli.py:Epoch 15/100	dev results	MRR 0.445953	H@1 0.421226	H@3 0.454515	H@5 0.470007	H@10 0.489618
INFO:meta-cli.py:Epoch 15/100	test results	MRR 0.447075	H@1 0.421666	H@3 0.454212	H@5 0.471921	H@10 0.496331
INFO:meta-cli.py:Epoch 16/100	Loss 2.7229 ± 0.1963
INFO:meta-cli.py:Epoch 17/100	Loss 2.7023 ± 0.1925
INFO:meta-cli.py:Epoch 18/100	Loss 2.6850 ± 0.1795
INFO:meta-cli.py:Epoch 18/100	dev results	MRR 0.447008	H@1 0.422874	H@3 0.453032	H@5 0.469512	H@10 0.492090
INFO:meta-cli.py:Epoch 18/100	test results	MRR 0.447843	H@1 0.422144	H@3 0.456286	H@5 0.472878	H@10 0.496650
INFO:meta-cli.py:Epoch 19/100	Loss 2.6690 ± 0.1828
INFO:meta-cli.py:Epoch 20/100	Loss 2.6539 ± 0.1802
INFO:meta-cli.py:Epoch 21/100	Loss 2.6401 ± 0.1716
INFO:meta-cli.py:Epoch 21/100	dev results	MRR 0.447921	H@1 0.423204	H@3 0.455339	H@5 0.472643	H@10 0.492914
INFO:meta-cli.py:Epoch 21/100	test results	MRR 0.449222	H@1 0.423101	H@3 0.458360	H@5 0.475909	H@10 0.498564
INFO:meta-cli.py:Epoch 22/100	Loss 2.6275 ± 0.1856
INFO:meta-cli.py:Epoch 23/100	Loss 2.6151 ± 0.1723
INFO:meta-cli.py:Epoch 24/100	Loss 2.6051 ± 0.1782
INFO:meta-cli.py:Epoch 24/100	dev results	MRR 0.449625	H@1 0.425181	H@3 0.455834	H@5 0.473303	H@10 0.495221
INFO:meta-cli.py:Epoch 24/100	test results	MRR 0.450628	H@1 0.424537	H@3 0.459477	H@5 0.477664	H@10 0.501276
INFO:meta-cli.py:Epoch 25/100	Loss 2.5937 ± 0.1716
INFO:meta-cli.py:Epoch 26/100	Loss 2.5838 ± 0.1695
INFO:meta-cli.py:Epoch 27/100	Loss 2.5748 ± 0.1703
INFO:meta-cli.py:Epoch 27/100	dev results	MRR 0.450936	H@1 0.426335	H@3 0.457647	H@5 0.474127	H@10 0.495880
INFO:meta-cli.py:Epoch 27/100	test results	MRR 0.451407	H@1 0.425495	H@3 0.458519	H@5 0.477664	H@10 0.502553
INFO:meta-cli.py:Epoch 28/100	Loss 2.5660 ± 0.1707
INFO:meta-cli.py:Epoch 29/100	Loss 2.5580 ± 0.1681
INFO:meta-cli.py:Epoch 30/100	Loss 2.5502 ± 0.1533
INFO:meta-cli.py:Epoch 30/100	dev results	MRR 0.452277	H@1 0.427983	H@3 0.459459	H@5 0.474951	H@10 0.497198
INFO:meta-cli.py:Epoch 30/100	test results	MRR 0.452319	H@1 0.426133	H@3 0.459796	H@5 0.477824	H@10 0.503669
INFO:meta-cli.py:Epoch 31/100	Loss 2.5422 ± 0.1616
INFO:meta-cli.py:Epoch 32/100	Loss 2.5355 ± 0.1639
INFO:meta-cli.py:Epoch 33/100	Loss 2.5283 ± 0.1602
INFO:meta-cli.py:Epoch 33/100	dev results	MRR 0.452068	H@1 0.427488	H@3 0.459789	H@5 0.474456	H@10 0.499011
INFO:meta-cli.py:Epoch 33/100	test results	MRR 0.453082	H@1 0.426452	H@3 0.462029	H@5 0.478941	H@10 0.504467
INFO:meta-cli.py:Epoch 34/100	Loss 2.5226 ± 0.1504
INFO:meta-cli.py:Epoch 35/100	Loss 2.5161 ± 0.1570
INFO:meta-cli.py:Epoch 36/100	Loss 2.5102 ± 0.1453
INFO:meta-cli.py:Epoch 36/100	dev results	MRR 0.452879	H@1 0.428148	H@3 0.459954	H@5 0.475610	H@10 0.500330
INFO:meta-cli.py:Epoch 36/100	test results	MRR 0.454097	H@1 0.427409	H@3 0.463944	H@5 0.481493	H@10 0.505584
INFO:meta-cli.py:Epoch 37/100	Loss 2.5046 ± 0.1500
INFO:meta-cli.py:Epoch 38/100	Loss 2.4994 ± 0.1544
INFO:meta-cli.py:Epoch 39/100	Loss 2.4939 ± 0.1502
INFO:meta-cli.py:Epoch 39/100	dev results	MRR 0.453346	H@1 0.428642	H@3 0.460119	H@5 0.475775	H@10 0.501483
INFO:meta-cli.py:Epoch 39/100	test results	MRR 0.454363	H@1 0.427409	H@3 0.462189	H@5 0.481812	H@10 0.507020
INFO:meta-cli.py:Epoch 40/100	Loss 2.4893 ± 0.1453
INFO:meta-cli.py:Epoch 41/100	Loss 2.4846 ± 0.1468
INFO:meta-cli.py:Epoch 42/100	Loss 2.4792 ± 0.1430
INFO:meta-cli.py:Epoch 42/100	dev results	MRR 0.453539	H@1 0.428312	H@3 0.460778	H@5 0.477423	H@10 0.501318
INFO:meta-cli.py:Epoch 42/100	test results	MRR 0.454959	H@1 0.427728	H@3 0.463465	H@5 0.481972	H@10 0.507020
INFO:meta-cli.py:Epoch 43/100	Loss 2.4752 ± 0.1413
INFO:meta-cli.py:Epoch 44/100	Loss 2.4710 ± 0.1419
INFO:meta-cli.py:Epoch 45/100	Loss 2.4671 ± 0.1332
INFO:meta-cli.py:Epoch 45/100	dev results	MRR 0.453358	H@1 0.427818	H@3 0.460778	H@5 0.479400	H@10 0.502966
INFO:meta-cli.py:Epoch 45/100	test results	MRR 0.455460	H@1 0.429004	H@3 0.465061	H@5 0.481653	H@10 0.506701
INFO:meta-cli.py:Epoch 46/100	Loss 2.4627 ± 0.1345
INFO:meta-cli.py:Epoch 47/100	Loss 2.4589 ± 0.1449
INFO:meta-cli.py:Epoch 48/100	Loss 2.4551 ± 0.1421
INFO:meta-cli.py:Epoch 48/100	dev results	MRR 0.454173	H@1 0.428642	H@3 0.462261	H@5 0.479895	H@10 0.502307
INFO:meta-cli.py:Epoch 48/100	test results	MRR 0.454920	H@1 0.427569	H@3 0.465380	H@5 0.483567	H@10 0.508296
INFO:meta-cli.py:Epoch 49/100	Loss 2.4513 ± 0.1302
INFO:meta-cli.py:Epoch 50/100	Loss 2.4480 ± 0.1435
INFO:meta-cli.py:Epoch 51/100	Loss 2.4447 ± 0.1323
INFO:meta-cli.py:Epoch 51/100	dev results	MRR 0.454251	H@1 0.428148	H@3 0.461767	H@5 0.480389	H@10 0.503626
INFO:meta-cli.py:Epoch 51/100	test results	MRR 0.455973	H@1 0.428366	H@3 0.466177	H@5 0.483886	H@10 0.508775
INFO:meta-cli.py:Epoch 52/100	Loss 2.4414 ± 0.1408
INFO:meta-cli.py:Epoch 53/100	Loss 2.4378 ± 0.1324
INFO:meta-cli.py:Epoch 54/100	Loss 2.4352 ± 0.1381
INFO:meta-cli.py:Epoch 54/100	dev results	MRR 0.455209	H@1 0.429796	H@3 0.463250	H@5 0.479895	H@10 0.504614
INFO:meta-cli.py:Epoch 54/100	test results	MRR 0.456315	H@1 0.429004	H@3 0.466018	H@5 0.483089	H@10 0.507977
INFO:meta-cli.py:Epoch 55/100	Loss 2.4318 ± 0.1416
INFO:meta-cli.py:Epoch 56/100	Loss 2.4288 ± 0.1303
INFO:meta-cli.py:Epoch 57/100	Loss 2.4261 ± 0.1392
INFO:meta-cli.py:Epoch 57/100	dev results	MRR 0.455318	H@1 0.429136	H@3 0.463909	H@5 0.480059	H@10 0.506922
INFO:meta-cli.py:Epoch 57/100	test results	MRR 0.455887	H@1 0.427409	H@3 0.467773	H@5 0.483886	H@10 0.509892
INFO:meta-cli.py:Epoch 58/100	Loss 2.4233 ± 0.1316
INFO:meta-cli.py:Epoch 59/100	Loss 2.4204 ± 0.1325
INFO:meta-cli.py:Epoch 60/100	Loss 2.4179 ± 0.1283
INFO:meta-cli.py:Epoch 60/100	dev results	MRR 0.455290	H@1 0.428972	H@3 0.463250	H@5 0.480719	H@10 0.506757
INFO:meta-cli.py:Epoch 60/100	test results	MRR 0.456768	H@1 0.428685	H@3 0.466496	H@5 0.485322	H@10 0.510211
INFO:meta-cli.py:Epoch 61/100	Loss 2.4150 ± 0.1393
INFO:meta-cli.py:Epoch 62/100	Loss 2.4123 ± 0.1277
INFO:meta-cli.py:Epoch 63/100	Loss 2.4101 ± 0.1144
INFO:meta-cli.py:Epoch 63/100	dev results	MRR 0.455895	H@1 0.429631	H@3 0.464403	H@5 0.481378	H@10 0.506262
INFO:meta-cli.py:Epoch 63/100	test results	MRR 0.456564	H@1 0.428047	H@3 0.466337	H@5 0.485003	H@10 0.510211
INFO:meta-cli.py:Epoch 64/100	Loss 2.4077 ± 0.1189
INFO:meta-cli.py:Epoch 65/100	Loss 2.4051 ± 0.1248
INFO:meta-cli.py:Epoch 66/100	Loss 2.4030 ± 0.1208
INFO:meta-cli.py:Epoch 66/100	dev results	MRR 0.456348	H@1 0.430455	H@3 0.464074	H@5 0.482861	H@10 0.505768
INFO:meta-cli.py:Epoch 66/100	test results	MRR 0.457979	H@1 0.430281	H@3 0.467773	H@5 0.486280	H@10 0.509732
INFO:meta-cli.py:Epoch 67/100	Loss 2.4007 ± 0.1278
INFO:meta-cli.py:Epoch 68/100	Loss 2.3986 ± 0.1262
INFO:meta-cli.py:Epoch 69/100	Loss 2.3962 ± 0.1288
INFO:meta-cli.py:Epoch 69/100	dev results	MRR 0.456353	H@1 0.430290	H@3 0.464239	H@5 0.482531	H@10 0.506922
INFO:meta-cli.py:Epoch 69/100	test results	MRR 0.457634	H@1 0.429643	H@3 0.467773	H@5 0.485641	H@10 0.509732
INFO:meta-cli.py:Epoch 70/100	Loss 2.3941 ± 0.1259
INFO:meta-cli.py:Epoch 71/100	Loss 2.3918 ± 0.1189
INFO:meta-cli.py:Epoch 72/100	Loss 2.3903 ± 0.1226
INFO:meta-cli.py:Epoch 72/100	dev results	MRR 0.456651	H@1 0.430455	H@3 0.465063	H@5 0.482861	H@10 0.507086
INFO:meta-cli.py:Epoch 72/100	test results	MRR 0.458292	H@1 0.429802	H@3 0.469049	H@5 0.486280	H@10 0.510689
INFO:meta-cli.py:Epoch 73/100	Loss 2.3882 ± 0.1192
INFO:meta-cli.py:Epoch 74/100	Loss 2.3861 ± 0.1196
INFO:meta-cli.py:Epoch 75/100	Loss 2.3842 ± 0.1187
INFO:meta-cli.py:Epoch 75/100	dev results	MRR 0.456895	H@1 0.430455	H@3 0.465557	H@5 0.483026	H@10 0.507581
INFO:meta-cli.py:Epoch 75/100	test results	MRR 0.458209	H@1 0.429643	H@3 0.469368	H@5 0.486918	H@10 0.510530
INFO:meta-cli.py:Epoch 76/100	Loss 2.3823 ± 0.1194
INFO:meta-cli.py:Epoch 77/100	Loss 2.3805 ± 0.1176
INFO:meta-cli.py:Epoch 78/100	Loss 2.3789 ± 0.1199
INFO:meta-cli.py:Epoch 78/100	dev results	MRR 0.457059	H@1 0.430620	H@3 0.465392	H@5 0.483850	H@10 0.509064
INFO:meta-cli.py:Epoch 78/100	test results	MRR 0.458492	H@1 0.430121	H@3 0.469528	H@5 0.486439	H@10 0.513082
INFO:meta-cli.py:Epoch 79/100	Loss 2.3765 ± 0.1092
INFO:meta-cli.py:Epoch 80/100	Loss 2.3750 ± 0.1155
INFO:meta-cli.py:Epoch 81/100	Loss 2.3735 ± 0.1224
INFO:meta-cli.py:Epoch 81/100	dev results	MRR 0.457969	H@1 0.431773	H@3 0.466381	H@5 0.483850	H@10 0.509723
INFO:meta-cli.py:Epoch 81/100	test results	MRR 0.458647	H@1 0.429802	H@3 0.469528	H@5 0.487237	H@10 0.511806
INFO:meta-cli.py:Epoch 82/100	Loss 2.3719 ± 0.1154
INFO:meta-cli.py:Epoch 83/100	Loss 2.3700 ± 0.1118
INFO:meta-cli.py:Epoch 84/100	Loss 2.3685 ± 0.1183
INFO:meta-cli.py:Epoch 84/100	dev results	MRR 0.457967	H@1 0.431444	H@3 0.467370	H@5 0.484015	H@10 0.509558
INFO:meta-cli.py:Epoch 84/100	test results	MRR 0.459031	H@1 0.430281	H@3 0.469687	H@5 0.487715	H@10 0.511327
INFO:meta-cli.py:Epoch 85/100	Loss 2.3668 ± 0.1162
INFO:meta-cli.py:Epoch 86/100	Loss 2.3655 ± 0.1162
INFO:meta-cli.py:Epoch 87/100	Loss 2.3638 ± 0.1107
INFO:meta-cli.py:Epoch 87/100	dev results	MRR 0.458216	H@1 0.431608	H@3 0.467370	H@5 0.484344	H@10 0.509558
INFO:meta-cli.py:Epoch 87/100	test results	MRR 0.459345	H@1 0.430759	H@3 0.470325	H@5 0.486758	H@10 0.511487
INFO:meta-cli.py:Epoch 88/100	Loss 2.3623 ± 0.1089
INFO:meta-cli.py:Epoch 89/100	Loss 2.3611 ± 0.1060
INFO:meta-cli.py:Epoch 90/100	Loss 2.3596 ± 0.1245
INFO:meta-cli.py:Epoch 90/100	dev results	MRR 0.458008	H@1 0.430620	H@3 0.467370	H@5 0.485992	H@10 0.510547
INFO:meta-cli.py:Epoch 90/100	test results	MRR 0.459165	H@1 0.429962	H@3 0.470964	H@5 0.487556	H@10 0.512285
INFO:meta-cli.py:Epoch 91/100	Loss 2.3579 ± 0.1097
INFO:meta-cli.py:Epoch 92/100	Loss 2.3566 ± 0.1163
INFO:meta-cli.py:Epoch 93/100	Loss 2.3553 ± 0.1133
INFO:meta-cli.py:Epoch 93/100	dev results	MRR 0.457806	H@1 0.430455	H@3 0.466875	H@5 0.485662	H@10 0.511042
INFO:meta-cli.py:Epoch 93/100	test results	MRR 0.458885	H@1 0.429483	H@3 0.470804	H@5 0.488034	H@10 0.511327
INFO:meta-cli.py:Epoch 94/100	Loss 2.3541 ± 0.1105
INFO:meta-cli.py:Epoch 95/100	Loss 2.3525 ± 0.1101
INFO:meta-cli.py:Epoch 96/100	Loss 2.3511 ± 0.1100
INFO:meta-cli.py:Epoch 96/100	dev results	MRR 0.458107	H@1 0.430784	H@3 0.467040	H@5 0.486486	H@10 0.511371
INFO:meta-cli.py:Epoch 96/100	test results	MRR 0.459451	H@1 0.430600	H@3 0.470325	H@5 0.487237	H@10 0.512125
INFO:meta-cli.py:Epoch 97/100	Loss 2.3499 ± 0.1080
INFO:meta-cli.py:Epoch 98/100	Loss 2.3487 ± 0.1194
INFO:meta-cli.py:Epoch 99/100	Loss 2.3472 ± 0.0972
INFO:meta-cli.py:Epoch 99/100	dev results	MRR 0.458850	H@1 0.432103	H@3 0.467040	H@5 0.486157	H@10 0.510712
INFO:meta-cli.py:Epoch 99/100	test results	MRR 0.459242	H@1 0.430121	H@3 0.470006	H@5 0.487715	H@10 0.512444
INFO:meta-cli.py:Epoch 100/100	Loss 2.3462 ± 0.1162
INFO:meta-cli.py:Final 	dev results	MRR 0.458595	H@1 0.431608	H@3 0.466875	H@5 0.486816	H@10 0.510877
INFO:meta-cli.py:Final 	test results	MRR 0.459419	H@1 0.430440	H@3 0.470645	H@5 0.487875	H@10 0.512285
INFO:meta-cli.py:Training finished
