./bin/meta-cli.py --train data/wn18rr/train.tsv --dev data/wn18rr/dev.tsv --test data/wn18rr/test.tsv -m complex -k 1000 -b 500 -e 100 --F2 0.05 --N3 0 -l 0.1 -I standard -V 3 -o adagrad -q
{'F2': 0.05,
 'N3': 0.0,
 'batch_size': 500,
 'dev': 'data/wn18rr/dev.tsv',
 'embedding_size': 1000,
 'epochs': 100,
 'eval_batch_size': None,
 'input_type': 'standard',
 'learning_rate': 0.1,
 'load': None,
 'model': 'complex',
 'optimizer': 'adagrad',
 'quiet': True,
 'save': None,
 'seed': 0,
 'test': 'data/wn18rr/test.tsv',
 'test_i': None,
 'test_ii': None,
 'train': 'data/wn18rr/train.tsv',
 'validate_every': 3}
INFO:meta-cli.py:Device: cuda
INFO:meta-cli.py:Model state:
INFO:meta-cli.py:	entities.weight	torch.Size([40943, 2000])
INFO:meta-cli.py:	predicates.weight	torch.Size([11, 2000])
INFO:meta-cli.py:Epoch 1/100	Loss 25.2284 ± 1.8488
INFO:meta-cli.py:Epoch 2/100	Loss 21.3294 ± 0.2795
INFO:meta-cli.py:Epoch 3/100	Loss 18.8305 ± 0.4229
INFO:meta-cli.py:Epoch 3/100	dev results	MRR 0.104830	H@1 0.072182	H@3 0.114041	H@5 0.135465	H@10 0.162657
INFO:meta-cli.py:Epoch 3/100	test results	MRR 0.098747	H@1 0.067645	H@3 0.106573	H@5 0.125558	H@10 0.158264
INFO:meta-cli.py:Epoch 4/100	Loss 14.8188 ± 0.4249
INFO:meta-cli.py:Epoch 5/100	Loss 11.3226 ± 0.1563
INFO:meta-cli.py:Epoch 6/100	Loss 9.4084 ± 0.2070
INFO:meta-cli.py:Epoch 6/100	dev results	MRR 0.414874	H@1 0.391397	H@3 0.423863	H@5 0.438530	H@10 0.456987
INFO:meta-cli.py:Epoch 6/100	test results	MRR 0.411023	H@1 0.384014	H@3 0.424378	H@5 0.439215	H@10 0.458041
INFO:meta-cli.py:Epoch 7/100	Loss 8.5010 ± 0.2114
INFO:meta-cli.py:Epoch 8/100	Loss 8.0448 ± 0.2012
INFO:meta-cli.py:Epoch 9/100	Loss 7.7718 ± 0.1858
INFO:meta-cli.py:Epoch 9/100	dev results	MRR 0.429501	H@1 0.409361	H@3 0.436388	H@5 0.449736	H@10 0.463909
INFO:meta-cli.py:Epoch 9/100	test results	MRR 0.430352	H@1 0.410657	H@3 0.437939	H@5 0.449107	H@10 0.469049
INFO:meta-cli.py:Epoch 10/100	Loss 7.5850 ± 0.1750
INFO:meta-cli.py:Epoch 11/100	Loss 7.4459 ± 0.1631
INFO:meta-cli.py:Epoch 12/100	Loss 7.3353 ± 0.1682
INFO:meta-cli.py:Epoch 12/100	dev results	MRR 0.432885	H@1 0.414140	H@3 0.436552	H@5 0.450066	H@10 0.467370
INFO:meta-cli.py:Epoch 12/100	test results	MRR 0.432336	H@1 0.411774	H@3 0.438736	H@5 0.451021	H@10 0.473835
INFO:meta-cli.py:Epoch 13/100	Loss nan ± nan
INFO:meta-cli.py:Epoch 14/100	Loss nan ± nan
INFO:meta-cli.py:Epoch 15/100	Loss nan ± nan
INFO:meta-cli.py:Epoch 15/100	dev results	MRR 0.000634	H@1 0.000165	H@3 0.000659	H@5 0.000989	H@10 0.000989
INFO:meta-cli.py:Epoch 15/100	test results	MRR 0.000383	H@1 0.000160	H@3 0.000160	H@5 0.000160	H@10 0.000160
INFO:meta-cli.py:Epoch 16/100	Loss nan ± nan
INFO:meta-cli.py:Epoch 17/100	Loss nan ± nan
INFO:meta-cli.py:Epoch 18/100	Loss nan ± nan
INFO:meta-cli.py:Epoch 18/100	dev results	MRR 0.000634	H@1 0.000165	H@3 0.000659	H@5 0.000989	H@10 0.000989
INFO:meta-cli.py:Epoch 18/100	test results	MRR 0.000383	H@1 0.000160	H@3 0.000160	H@5 0.000160	H@10 0.000160
INFO:meta-cli.py:Epoch 19/100	Loss nan ± nan
INFO:meta-cli.py:Epoch 20/100	Loss nan ± nan
INFO:meta-cli.py:Epoch 21/100	Loss nan ± nan
INFO:meta-cli.py:Epoch 21/100	dev results	MRR 0.000634	H@1 0.000165	H@3 0.000659	H@5 0.000989	H@10 0.000989
INFO:meta-cli.py:Epoch 21/100	test results	MRR 0.000383	H@1 0.000160	H@3 0.000160	H@5 0.000160	H@10 0.000160
INFO:meta-cli.py:Epoch 22/100	Loss nan ± nan
INFO:meta-cli.py:Epoch 23/100	Loss nan ± nan
INFO:meta-cli.py:Epoch 24/100	Loss nan ± nan
INFO:meta-cli.py:Epoch 24/100	dev results	MRR 0.000634	H@1 0.000165	H@3 0.000659	H@5 0.000989	H@10 0.000989
INFO:meta-cli.py:Epoch 24/100	test results	MRR 0.000383	H@1 0.000160	H@3 0.000160	H@5 0.000160	H@10 0.000160
INFO:meta-cli.py:Epoch 25/100	Loss nan ± nan
INFO:meta-cli.py:Epoch 26/100	Loss nan ± nan
INFO:meta-cli.py:Epoch 27/100	Loss nan ± nan
INFO:meta-cli.py:Epoch 27/100	dev results	MRR 0.000634	H@1 0.000165	H@3 0.000659	H@5 0.000989	H@10 0.000989
INFO:meta-cli.py:Epoch 27/100	test results	MRR 0.000383	H@1 0.000160	H@3 0.000160	H@5 0.000160	H@10 0.000160
INFO:meta-cli.py:Epoch 28/100	Loss nan ± nan
INFO:meta-cli.py:Epoch 29/100	Loss nan ± nan
INFO:meta-cli.py:Epoch 30/100	Loss nan ± nan
INFO:meta-cli.py:Epoch 30/100	dev results	MRR 0.000634	H@1 0.000165	H@3 0.000659	H@5 0.000989	H@10 0.000989
INFO:meta-cli.py:Epoch 30/100	test results	MRR 0.000383	H@1 0.000160	H@3 0.000160	H@5 0.000160	H@10 0.000160
INFO:meta-cli.py:Epoch 31/100	Loss nan ± nan
INFO:meta-cli.py:Epoch 32/100	Loss nan ± nan
INFO:meta-cli.py:Epoch 33/100	Loss nan ± nan
INFO:meta-cli.py:Epoch 33/100	dev results	MRR 0.000634	H@1 0.000165	H@3 0.000659	H@5 0.000989	H@10 0.000989
INFO:meta-cli.py:Epoch 33/100	test results	MRR 0.000383	H@1 0.000160	H@3 0.000160	H@5 0.000160	H@10 0.000160
INFO:meta-cli.py:Epoch 34/100	Loss nan ± nan
INFO:meta-cli.py:Epoch 35/100	Loss nan ± nan
INFO:meta-cli.py:Epoch 36/100	Loss nan ± nan
INFO:meta-cli.py:Epoch 36/100	dev results	MRR 0.000634	H@1 0.000165	H@3 0.000659	H@5 0.000989	H@10 0.000989
INFO:meta-cli.py:Epoch 36/100	test results	MRR 0.000383	H@1 0.000160	H@3 0.000160	H@5 0.000160	H@10 0.000160
INFO:meta-cli.py:Epoch 37/100	Loss nan ± nan
INFO:meta-cli.py:Epoch 38/100	Loss nan ± nan
INFO:meta-cli.py:Epoch 39/100	Loss nan ± nan
INFO:meta-cli.py:Epoch 39/100	dev results	MRR 0.000634	H@1 0.000165	H@3 0.000659	H@5 0.000989	H@10 0.000989
INFO:meta-cli.py:Epoch 39/100	test results	MRR 0.000383	H@1 0.000160	H@3 0.000160	H@5 0.000160	H@10 0.000160
INFO:meta-cli.py:Epoch 40/100	Loss nan ± nan
INFO:meta-cli.py:Epoch 41/100	Loss nan ± nan
INFO:meta-cli.py:Epoch 42/100	Loss nan ± nan
INFO:meta-cli.py:Epoch 42/100	dev results	MRR 0.000634	H@1 0.000165	H@3 0.000659	H@5 0.000989	H@10 0.000989
INFO:meta-cli.py:Epoch 42/100	test results	MRR 0.000383	H@1 0.000160	H@3 0.000160	H@5 0.000160	H@10 0.000160
INFO:meta-cli.py:Epoch 43/100	Loss nan ± nan
INFO:meta-cli.py:Epoch 44/100	Loss nan ± nan
INFO:meta-cli.py:Epoch 45/100	Loss nan ± nan
INFO:meta-cli.py:Epoch 45/100	dev results	MRR 0.000634	H@1 0.000165	H@3 0.000659	H@5 0.000989	H@10 0.000989
INFO:meta-cli.py:Epoch 45/100	test results	MRR 0.000383	H@1 0.000160	H@3 0.000160	H@5 0.000160	H@10 0.000160
INFO:meta-cli.py:Epoch 46/100	Loss nan ± nan
INFO:meta-cli.py:Epoch 47/100	Loss nan ± nan
INFO:meta-cli.py:Epoch 48/100	Loss nan ± nan
INFO:meta-cli.py:Epoch 48/100	dev results	MRR 0.000634	H@1 0.000165	H@3 0.000659	H@5 0.000989	H@10 0.000989
INFO:meta-cli.py:Epoch 48/100	test results	MRR 0.000383	H@1 0.000160	H@3 0.000160	H@5 0.000160	H@10 0.000160
INFO:meta-cli.py:Epoch 49/100	Loss nan ± nan
INFO:meta-cli.py:Epoch 50/100	Loss nan ± nan
INFO:meta-cli.py:Epoch 51/100	Loss nan ± nan
INFO:meta-cli.py:Epoch 51/100	dev results	MRR 0.000634	H@1 0.000165	H@3 0.000659	H@5 0.000989	H@10 0.000989
INFO:meta-cli.py:Epoch 51/100	test results	MRR 0.000383	H@1 0.000160	H@3 0.000160	H@5 0.000160	H@10 0.000160
INFO:meta-cli.py:Epoch 52/100	Loss nan ± nan
INFO:meta-cli.py:Epoch 53/100	Loss nan ± nan
INFO:meta-cli.py:Epoch 54/100	Loss nan ± nan
INFO:meta-cli.py:Epoch 54/100	dev results	MRR 0.000634	H@1 0.000165	H@3 0.000659	H@5 0.000989	H@10 0.000989
INFO:meta-cli.py:Epoch 54/100	test results	MRR 0.000383	H@1 0.000160	H@3 0.000160	H@5 0.000160	H@10 0.000160
INFO:meta-cli.py:Epoch 55/100	Loss nan ± nan
INFO:meta-cli.py:Epoch 56/100	Loss nan ± nan
INFO:meta-cli.py:Epoch 57/100	Loss nan ± nan
INFO:meta-cli.py:Epoch 57/100	dev results	MRR 0.000634	H@1 0.000165	H@3 0.000659	H@5 0.000989	H@10 0.000989
INFO:meta-cli.py:Epoch 57/100	test results	MRR 0.000383	H@1 0.000160	H@3 0.000160	H@5 0.000160	H@10 0.000160
INFO:meta-cli.py:Epoch 58/100	Loss nan ± nan
INFO:meta-cli.py:Epoch 59/100	Loss nan ± nan
INFO:meta-cli.py:Epoch 60/100	Loss nan ± nan
INFO:meta-cli.py:Epoch 60/100	dev results	MRR 0.000634	H@1 0.000165	H@3 0.000659	H@5 0.000989	H@10 0.000989
INFO:meta-cli.py:Epoch 60/100	test results	MRR 0.000383	H@1 0.000160	H@3 0.000160	H@5 0.000160	H@10 0.000160
INFO:meta-cli.py:Epoch 61/100	Loss nan ± nan
INFO:meta-cli.py:Epoch 62/100	Loss nan ± nan
INFO:meta-cli.py:Epoch 63/100	Loss nan ± nan
INFO:meta-cli.py:Epoch 63/100	dev results	MRR 0.000634	H@1 0.000165	H@3 0.000659	H@5 0.000989	H@10 0.000989
INFO:meta-cli.py:Epoch 63/100	test results	MRR 0.000383	H@1 0.000160	H@3 0.000160	H@5 0.000160	H@10 0.000160
INFO:meta-cli.py:Epoch 64/100	Loss nan ± nan
INFO:meta-cli.py:Epoch 65/100	Loss nan ± nan
INFO:meta-cli.py:Epoch 66/100	Loss nan ± nan
INFO:meta-cli.py:Epoch 66/100	dev results	MRR 0.000634	H@1 0.000165	H@3 0.000659	H@5 0.000989	H@10 0.000989
INFO:meta-cli.py:Epoch 66/100	test results	MRR 0.000383	H@1 0.000160	H@3 0.000160	H@5 0.000160	H@10 0.000160
INFO:meta-cli.py:Epoch 67/100	Loss nan ± nan
INFO:meta-cli.py:Epoch 68/100	Loss nan ± nan
INFO:meta-cli.py:Epoch 69/100	Loss nan ± nan
INFO:meta-cli.py:Epoch 69/100	dev results	MRR 0.000634	H@1 0.000165	H@3 0.000659	H@5 0.000989	H@10 0.000989
INFO:meta-cli.py:Epoch 69/100	test results	MRR 0.000383	H@1 0.000160	H@3 0.000160	H@5 0.000160	H@10 0.000160
INFO:meta-cli.py:Epoch 70/100	Loss nan ± nan
INFO:meta-cli.py:Epoch 71/100	Loss nan ± nan
INFO:meta-cli.py:Epoch 72/100	Loss nan ± nan
INFO:meta-cli.py:Epoch 72/100	dev results	MRR 0.000634	H@1 0.000165	H@3 0.000659	H@5 0.000989	H@10 0.000989
INFO:meta-cli.py:Epoch 72/100	test results	MRR 0.000383	H@1 0.000160	H@3 0.000160	H@5 0.000160	H@10 0.000160
INFO:meta-cli.py:Epoch 73/100	Loss nan ± nan
INFO:meta-cli.py:Epoch 74/100	Loss nan ± nan
INFO:meta-cli.py:Epoch 75/100	Loss nan ± nan
INFO:meta-cli.py:Epoch 75/100	dev results	MRR 0.000634	H@1 0.000165	H@3 0.000659	H@5 0.000989	H@10 0.000989
INFO:meta-cli.py:Epoch 75/100	test results	MRR 0.000383	H@1 0.000160	H@3 0.000160	H@5 0.000160	H@10 0.000160
INFO:meta-cli.py:Epoch 76/100	Loss nan ± nan
INFO:meta-cli.py:Epoch 77/100	Loss nan ± nan
INFO:meta-cli.py:Epoch 78/100	Loss nan ± nan
INFO:meta-cli.py:Epoch 78/100	dev results	MRR 0.000634	H@1 0.000165	H@3 0.000659	H@5 0.000989	H@10 0.000989
INFO:meta-cli.py:Epoch 78/100	test results	MRR 0.000383	H@1 0.000160	H@3 0.000160	H@5 0.000160	H@10 0.000160
INFO:meta-cli.py:Epoch 79/100	Loss nan ± nan
INFO:meta-cli.py:Epoch 80/100	Loss nan ± nan
INFO:meta-cli.py:Epoch 81/100	Loss nan ± nan
INFO:meta-cli.py:Epoch 81/100	dev results	MRR 0.000634	H@1 0.000165	H@3 0.000659	H@5 0.000989	H@10 0.000989
INFO:meta-cli.py:Epoch 81/100	test results	MRR 0.000383	H@1 0.000160	H@3 0.000160	H@5 0.000160	H@10 0.000160
INFO:meta-cli.py:Epoch 82/100	Loss nan ± nan
INFO:meta-cli.py:Epoch 83/100	Loss nan ± nan
INFO:meta-cli.py:Epoch 84/100	Loss nan ± nan
INFO:meta-cli.py:Epoch 84/100	dev results	MRR 0.000634	H@1 0.000165	H@3 0.000659	H@5 0.000989	H@10 0.000989
INFO:meta-cli.py:Epoch 84/100	test results	MRR 0.000383	H@1 0.000160	H@3 0.000160	H@5 0.000160	H@10 0.000160
INFO:meta-cli.py:Epoch 85/100	Loss nan ± nan
INFO:meta-cli.py:Epoch 86/100	Loss nan ± nan
INFO:meta-cli.py:Epoch 87/100	Loss nan ± nan
INFO:meta-cli.py:Epoch 87/100	dev results	MRR 0.000634	H@1 0.000165	H@3 0.000659	H@5 0.000989	H@10 0.000989
INFO:meta-cli.py:Epoch 87/100	test results	MRR 0.000383	H@1 0.000160	H@3 0.000160	H@5 0.000160	H@10 0.000160
INFO:meta-cli.py:Epoch 88/100	Loss nan ± nan
INFO:meta-cli.py:Epoch 89/100	Loss nan ± nan
INFO:meta-cli.py:Epoch 90/100	Loss nan ± nan
INFO:meta-cli.py:Epoch 90/100	dev results	MRR 0.000634	H@1 0.000165	H@3 0.000659	H@5 0.000989	H@10 0.000989
INFO:meta-cli.py:Epoch 90/100	test results	MRR 0.000383	H@1 0.000160	H@3 0.000160	H@5 0.000160	H@10 0.000160
INFO:meta-cli.py:Epoch 91/100	Loss nan ± nan
INFO:meta-cli.py:Epoch 92/100	Loss nan ± nan
INFO:meta-cli.py:Epoch 93/100	Loss nan ± nan
INFO:meta-cli.py:Epoch 93/100	dev results	MRR 0.000634	H@1 0.000165	H@3 0.000659	H@5 0.000989	H@10 0.000989
INFO:meta-cli.py:Epoch 93/100	test results	MRR 0.000383	H@1 0.000160	H@3 0.000160	H@5 0.000160	H@10 0.000160
INFO:meta-cli.py:Epoch 94/100	Loss nan ± nan
INFO:meta-cli.py:Epoch 95/100	Loss nan ± nan
INFO:meta-cli.py:Epoch 96/100	Loss nan ± nan
INFO:meta-cli.py:Epoch 96/100	dev results	MRR 0.000634	H@1 0.000165	H@3 0.000659	H@5 0.000989	H@10 0.000989
INFO:meta-cli.py:Epoch 96/100	test results	MRR 0.000383	H@1 0.000160	H@3 0.000160	H@5 0.000160	H@10 0.000160
INFO:meta-cli.py:Epoch 97/100	Loss nan ± nan
INFO:meta-cli.py:Epoch 98/100	Loss nan ± nan
INFO:meta-cli.py:Epoch 99/100	Loss nan ± nan
INFO:meta-cli.py:Epoch 99/100	dev results	MRR 0.000634	H@1 0.000165	H@3 0.000659	H@5 0.000989	H@10 0.000989
INFO:meta-cli.py:Epoch 99/100	test results	MRR 0.000383	H@1 0.000160	H@3 0.000160	H@5 0.000160	H@10 0.000160
INFO:meta-cli.py:Epoch 100/100	Loss nan ± nan
INFO:meta-cli.py:Final 	dev results	MRR 0.000634	H@1 0.000165	H@3 0.000659	H@5 0.000989	H@10 0.000989
INFO:meta-cli.py:Final 	test results	MRR 0.000383	H@1 0.000160	H@3 0.000160	H@5 0.000160	H@10 0.000160
INFO:meta-cli.py:Training finished
