./bin/meta-cli.py --train data/wn18rr/train.tsv --dev data/wn18rr/dev.tsv --test data/wn18rr/test.tsv -m complex -k 4000 -b 1000 -e 100 --F2 0 --N3 0.1 -l 0.1 -I reciprocal -V 3 -o adagrad -q
{'F2': 0.0,
 'N3': 0.1,
 'batch_size': 1000,
 'dev': 'data/wn18rr/dev.tsv',
 'embedding_size': 4000,
 'epochs': 100,
 'eval_batch_size': None,
 'input_type': 'reciprocal',
 'learning_rate': 0.1,
 'load': None,
 'model': 'complex',
 'optimizer': 'adagrad',
 'quiet': True,
 'save': None,
 'seed': 0,
 'test': 'data/wn18rr/test.tsv',
 'test_i': None,
 'test_ii': None,
 'train': 'data/wn18rr/train.tsv',
 'validate_every': 3}
INFO:meta-cli.py:Device: cuda
INFO:meta-cli.py:Model state:
INFO:meta-cli.py:	entities.weight	torch.Size([40943, 8000])
INFO:meta-cli.py:	predicates.weight	torch.Size([22, 8000])
INFO:meta-cli.py:Epoch 1/100	Loss 20.0084 ± 4.1336
INFO:meta-cli.py:Epoch 2/100	Loss 10.6660 ± 0.4547
INFO:meta-cli.py:Epoch 3/100	Loss 8.9988 ± 0.1113
INFO:meta-cli.py:Epoch 3/100	dev results	MRR 0.469436	H@1 0.434245	H@3 0.480883	H@5 0.505438	H@10 0.539222
INFO:meta-cli.py:Epoch 3/100	test results	MRR 0.468123	H@1 0.430919	H@3 0.481812	H@5 0.507020	H@10 0.542119
INFO:meta-cli.py:Epoch 4/100	Loss 8.4306 ± 0.1153
INFO:meta-cli.py:Epoch 5/100	Loss 8.1307 ± 0.1197
INFO:meta-cli.py:Epoch 6/100	Loss 7.9384 ± 0.1281
INFO:meta-cli.py:Epoch 6/100	dev results	MRR 0.477887	H@1 0.440672	H@3 0.489453	H@5 0.515162	H@10 0.554219
INFO:meta-cli.py:Epoch 6/100	test results	MRR 0.475972	H@1 0.435705	H@3 0.491225	H@5 0.515475	H@10 0.556637
INFO:meta-cli.py:Epoch 7/100	Loss 7.8062 ± 0.1269
INFO:meta-cli.py:Epoch 8/100	Loss 7.7044 ± 0.1348
INFO:meta-cli.py:Epoch 9/100	Loss 7.6259 ± 0.1234
INFO:meta-cli.py:Epoch 9/100	dev results	MRR 0.478139	H@1 0.439354	H@3 0.491595	H@5 0.516480	H@10 0.553560
INFO:meta-cli.py:Epoch 9/100	test results	MRR 0.479683	H@1 0.436662	H@3 0.494576	H@5 0.523612	H@10 0.564135
INFO:meta-cli.py:Epoch 10/100	Loss 7.5598 ± 0.1265
INFO:meta-cli.py:Epoch 11/100	Loss 7.5082 ± 0.1316
INFO:meta-cli.py:Epoch 12/100	Loss 7.4638 ± 0.1275
INFO:meta-cli.py:Epoch 12/100	dev results	MRR 0.478651	H@1 0.439189	H@3 0.489453	H@5 0.520270	H@10 0.557515
INFO:meta-cli.py:Epoch 12/100	test results	MRR 0.480527	H@1 0.438896	H@3 0.494576	H@5 0.522655	H@10 0.566050
INFO:meta-cli.py:Epoch 13/100	Loss 7.4237 ± 0.1169
INFO:meta-cli.py:Epoch 14/100	Loss 7.3905 ± 0.1216
INFO:meta-cli.py:Epoch 15/100	Loss 7.3609 ± 0.1291
INFO:meta-cli.py:Epoch 15/100	dev results	MRR 0.479010	H@1 0.439519	H@3 0.490606	H@5 0.518787	H@10 0.559657
INFO:meta-cli.py:Epoch 15/100	test results	MRR 0.479229	H@1 0.436662	H@3 0.494257	H@5 0.519783	H@10 0.567326
INFO:meta-cli.py:Epoch 16/100	Loss 7.3348 ± 0.1240
INFO:meta-cli.py:Epoch 17/100	Loss 7.3108 ± 0.1222
INFO:meta-cli.py:Epoch 18/100	Loss 7.2886 ± 0.1205
INFO:meta-cli.py:Epoch 18/100	dev results	MRR 0.478422	H@1 0.436388	H@3 0.492749	H@5 0.520270	H@10 0.564107
INFO:meta-cli.py:Epoch 18/100	test results	MRR 0.481465	H@1 0.439056	H@3 0.496011	H@5 0.522814	H@10 0.567964
INFO:meta-cli.py:Epoch 19/100	Loss 7.2702 ± 0.1207
INFO:meta-cli.py:Epoch 20/100	Loss 7.2512 ± 0.1200
INFO:meta-cli.py:Epoch 21/100	Loss 7.2350 ± 0.1150
INFO:meta-cli.py:Epoch 21/100	dev results	MRR 0.478887	H@1 0.436223	H@3 0.495221	H@5 0.521094	H@10 0.564272
INFO:meta-cli.py:Epoch 21/100	test results	MRR 0.479682	H@1 0.436343	H@3 0.493778	H@5 0.522814	H@10 0.567167
INFO:meta-cli.py:Epoch 22/100	Loss 7.2202 ± 0.1193
INFO:meta-cli.py:Epoch 23/100	Loss 7.2060 ± 0.1153
INFO:meta-cli.py:Epoch 24/100	Loss 7.1938 ± 0.1185
INFO:meta-cli.py:Epoch 24/100	dev results	MRR 0.479085	H@1 0.437541	H@3 0.492914	H@5 0.520270	H@10 0.562953
INFO:meta-cli.py:Epoch 24/100	test results	MRR 0.481852	H@1 0.438258	H@3 0.498883	H@5 0.524888	H@10 0.569560
INFO:meta-cli.py:Epoch 25/100	Loss 7.1808 ± 0.1131
INFO:meta-cli.py:Epoch 26/100	Loss 7.1686 ± 0.1150
INFO:meta-cli.py:Epoch 27/100	Loss 7.1586 ± 0.1093
INFO:meta-cli.py:Epoch 27/100	dev results	MRR 0.479671	H@1 0.437541	H@3 0.492419	H@5 0.523072	H@10 0.565260
INFO:meta-cli.py:Epoch 27/100	test results	MRR 0.482205	H@1 0.438896	H@3 0.497128	H@5 0.526005	H@10 0.569719
INFO:meta-cli.py:Epoch 28/100	Loss 7.1484 ± 0.1165
INFO:meta-cli.py:Epoch 29/100	Loss 7.1389 ± 0.1139
INFO:meta-cli.py:Epoch 30/100	Loss 7.1305 ± 0.1041
INFO:meta-cli.py:Epoch 30/100	dev results	MRR 0.479181	H@1 0.437047	H@3 0.492914	H@5 0.522083	H@10 0.561964
INFO:meta-cli.py:Epoch 30/100	test results	MRR 0.481477	H@1 0.438258	H@3 0.496809	H@5 0.525846	H@10 0.568762
INFO:meta-cli.py:Epoch 31/100	Loss 7.1214 ± 0.1183
INFO:meta-cli.py:Epoch 32/100	Loss 7.1135 ± 0.1141
INFO:meta-cli.py:Epoch 33/100	Loss 7.1055 ± 0.1114
INFO:meta-cli.py:Epoch 33/100	dev results	MRR 0.478194	H@1 0.434740	H@3 0.493902	H@5 0.524225	H@10 0.562624
INFO:meta-cli.py:Epoch 33/100	test results	MRR 0.481311	H@1 0.437620	H@3 0.497607	H@5 0.526165	H@10 0.570676
INFO:meta-cli.py:Epoch 34/100	Loss 7.0981 ± 0.1132
INFO:meta-cli.py:Epoch 35/100	Loss 7.0913 ± 0.1070
INFO:meta-cli.py:Epoch 36/100	Loss 7.0848 ± 0.1056
INFO:meta-cli.py:Epoch 36/100	dev results	MRR 0.480534	H@1 0.439189	H@3 0.492254	H@5 0.522577	H@10 0.560481
INFO:meta-cli.py:Epoch 36/100	test results	MRR 0.481172	H@1 0.438098	H@3 0.495533	H@5 0.523931	H@10 0.571155
INFO:meta-cli.py:Epoch 37/100	Loss 7.0786 ± 0.1068
INFO:meta-cli.py:Epoch 38/100	Loss 7.0723 ± 0.1097
INFO:meta-cli.py:Epoch 39/100	Loss 7.0665 ± 0.1129
INFO:meta-cli.py:Epoch 39/100	dev results	MRR 0.478980	H@1 0.437047	H@3 0.490442	H@5 0.522577	H@10 0.564766
INFO:meta-cli.py:Epoch 39/100	test results	MRR 0.480727	H@1 0.437460	H@3 0.495852	H@5 0.523772	H@10 0.569241
INFO:meta-cli.py:Epoch 40/100	Loss 7.0606 ± 0.1044
INFO:meta-cli.py:Epoch 41/100	Loss 7.0550 ± 0.1061
INFO:meta-cli.py:Epoch 42/100	Loss 7.0504 ± 0.1090
INFO:meta-cli.py:Epoch 42/100	dev results	MRR 0.479728	H@1 0.438036	H@3 0.492419	H@5 0.524225	H@10 0.561635
INFO:meta-cli.py:Epoch 42/100	test results	MRR 0.482159	H@1 0.438896	H@3 0.497607	H@5 0.525207	H@10 0.570836
INFO:meta-cli.py:Epoch 43/100	Loss 7.0454 ± 0.1098
INFO:meta-cli.py:Epoch 44/100	Loss 7.0400 ± 0.0993
INFO:meta-cli.py:Epoch 45/100	Loss 7.0347 ± 0.0981
INFO:meta-cli.py:Epoch 45/100	dev results	MRR 0.479844	H@1 0.437706	H@3 0.492419	H@5 0.524061	H@10 0.562129
INFO:meta-cli.py:Epoch 45/100	test results	MRR 0.481816	H@1 0.437141	H@3 0.497128	H@5 0.527122	H@10 0.570198
INFO:meta-cli.py:Epoch 46/100	Loss 7.0303 ± 0.1042
INFO:meta-cli.py:Epoch 47/100	Loss 7.0266 ± 0.1098
INFO:meta-cli.py:Epoch 48/100	Loss 7.0222 ± 0.1085
INFO:meta-cli.py:Epoch 48/100	dev results	MRR 0.478112	H@1 0.434575	H@3 0.492419	H@5 0.522742	H@10 0.564107
INFO:meta-cli.py:Epoch 48/100	test results	MRR 0.481596	H@1 0.437779	H@3 0.497607	H@5 0.526643	H@10 0.567007
INFO:meta-cli.py:Epoch 49/100	Loss 7.0182 ± 0.1022
INFO:meta-cli.py:Epoch 50/100	Loss 7.0140 ± 0.1010
INFO:meta-cli.py:Epoch 51/100	Loss 7.0100 ± 0.1013
INFO:meta-cli.py:Epoch 51/100	dev results	MRR 0.481188	H@1 0.439519	H@3 0.491925	H@5 0.524225	H@10 0.566579
INFO:meta-cli.py:Epoch 51/100	test results	MRR 0.481292	H@1 0.436981	H@3 0.497766	H@5 0.528558	H@10 0.569241
INFO:meta-cli.py:Epoch 52/100	Loss 7.0067 ± 0.0941
INFO:meta-cli.py:Epoch 53/100	Loss 7.0034 ± 0.0982
INFO:meta-cli.py:Epoch 54/100	Loss 6.9991 ± 0.1035
INFO:meta-cli.py:Epoch 54/100	dev results	MRR 0.480105	H@1 0.438530	H@3 0.491266	H@5 0.524555	H@10 0.563777
INFO:meta-cli.py:Epoch 54/100	test results	MRR 0.481305	H@1 0.436662	H@3 0.496490	H@5 0.527441	H@10 0.568922
INFO:meta-cli.py:Epoch 55/100	Loss 6.9957 ± 0.1002
INFO:meta-cli.py:Epoch 56/100	Loss 6.9926 ± 0.0956
INFO:meta-cli.py:Epoch 57/100	Loss 6.9890 ± 0.0930
INFO:meta-cli.py:Epoch 57/100	dev results	MRR 0.479616	H@1 0.438036	H@3 0.490277	H@5 0.522248	H@10 0.564931
INFO:meta-cli.py:Epoch 57/100	test results	MRR 0.481689	H@1 0.438098	H@3 0.496809	H@5 0.525686	H@10 0.568602
INFO:meta-cli.py:Epoch 58/100	Loss 6.9861 ± 0.0986
INFO:meta-cli.py:Epoch 59/100	Loss 6.9830 ± 0.0990
INFO:meta-cli.py:Epoch 60/100	Loss 6.9802 ± 0.1019
INFO:meta-cli.py:Epoch 60/100	dev results	MRR 0.478946	H@1 0.436552	H@3 0.488794	H@5 0.525873	H@10 0.566084
INFO:meta-cli.py:Epoch 60/100	test results	MRR 0.481411	H@1 0.437779	H@3 0.496011	H@5 0.526005	H@10 0.568443
INFO:meta-cli.py:Epoch 61/100	Loss 6.9776 ± 0.0963
INFO:meta-cli.py:Epoch 62/100	Loss 6.9749 ± 0.0948
INFO:meta-cli.py:Epoch 63/100	Loss 6.9716 ± 0.1005
INFO:meta-cli.py:Epoch 63/100	dev results	MRR 0.479287	H@1 0.436388	H@3 0.490606	H@5 0.526038	H@10 0.564766
INFO:meta-cli.py:Epoch 63/100	test results	MRR 0.481816	H@1 0.438577	H@3 0.497128	H@5 0.526962	H@10 0.570357
INFO:meta-cli.py:Epoch 64/100	Loss 6.9686 ± 0.0979
INFO:meta-cli.py:Epoch 65/100	Loss 6.9662 ± 0.1024
INFO:meta-cli.py:Epoch 66/100	Loss 6.9635 ± 0.0979
INFO:meta-cli.py:Epoch 66/100	dev results	MRR 0.480799	H@1 0.438365	H@3 0.493573	H@5 0.525379	H@10 0.564766
INFO:meta-cli.py:Epoch 66/100	test results	MRR 0.481313	H@1 0.436822	H@3 0.497128	H@5 0.527601	H@10 0.569879
INFO:meta-cli.py:Epoch 67/100	Loss 6.9609 ± 0.0958
INFO:meta-cli.py:Epoch 68/100	Loss 6.9589 ± 0.1007
INFO:meta-cli.py:Epoch 69/100	Loss 6.9563 ± 0.0975
INFO:meta-cli.py:Epoch 69/100	dev results	MRR 0.480721	H@1 0.439189	H@3 0.490936	H@5 0.524225	H@10 0.564107
INFO:meta-cli.py:Epoch 69/100	test results	MRR 0.480729	H@1 0.436503	H@3 0.494735	H@5 0.527441	H@10 0.570517
INFO:meta-cli.py:Epoch 70/100	Loss 6.9540 ± 0.0945
INFO:meta-cli.py:Epoch 71/100	Loss 6.9519 ± 0.0951
INFO:meta-cli.py:Epoch 72/100	Loss 6.9497 ± 0.0940
INFO:meta-cli.py:Epoch 72/100	dev results	MRR 0.481958	H@1 0.440178	H@3 0.493243	H@5 0.524555	H@10 0.565425
INFO:meta-cli.py:Epoch 72/100	test results	MRR 0.481605	H@1 0.437460	H@3 0.495692	H@5 0.526005	H@10 0.570517
INFO:meta-cli.py:Epoch 73/100	Loss 6.9466 ± 0.0910
INFO:meta-cli.py:Epoch 74/100	Loss 6.9446 ± 0.0984
INFO:meta-cli.py:Epoch 75/100	Loss 6.9426 ± 0.0949
INFO:meta-cli.py:Epoch 75/100	dev results	MRR 0.480089	H@1 0.437212	H@3 0.493078	H@5 0.525379	H@10 0.565425
INFO:meta-cli.py:Epoch 75/100	test results	MRR 0.481881	H@1 0.438258	H@3 0.496331	H@5 0.528558	H@10 0.570836
INFO:meta-cli.py:Epoch 76/100	Loss 6.9408 ± 0.0910
INFO:meta-cli.py:Epoch 77/100	Loss 6.9387 ± 0.0907
INFO:meta-cli.py:Epoch 78/100	Loss 6.9366 ± 0.0848
INFO:meta-cli.py:Epoch 78/100	dev results	MRR 0.479608	H@1 0.436552	H@3 0.492254	H@5 0.525544	H@10 0.565260
INFO:meta-cli.py:Epoch 78/100	test results	MRR 0.480790	H@1 0.436024	H@3 0.496171	H@5 0.527760	H@10 0.571315
INFO:meta-cli.py:Epoch 79/100	Loss 6.9347 ± 0.0926
INFO:meta-cli.py:Epoch 80/100	Loss 6.9330 ± 0.0885
INFO:meta-cli.py:Epoch 81/100	Loss 6.9304 ± 0.0993
INFO:meta-cli.py:Epoch 81/100	dev results	MRR 0.478747	H@1 0.435893	H@3 0.491595	H@5 0.525049	H@10 0.565096
INFO:meta-cli.py:Epoch 81/100	test results	MRR 0.481087	H@1 0.437141	H@3 0.495214	H@5 0.527601	H@10 0.570676
INFO:meta-cli.py:Epoch 82/100	Loss 6.9287 ± 0.0955
INFO:meta-cli.py:Epoch 83/100	Loss 6.9271 ± 0.0962
INFO:meta-cli.py:Epoch 84/100	Loss 6.9248 ± 0.0968
INFO:meta-cli.py:Epoch 84/100	dev results	MRR 0.480515	H@1 0.437706	H@3 0.492584	H@5 0.526203	H@10 0.565425
INFO:meta-cli.py:Epoch 84/100	test results	MRR 0.480904	H@1 0.436184	H@3 0.498564	H@5 0.525686	H@10 0.569400
INFO:meta-cli.py:Epoch 85/100	Loss 6.9234 ± 0.0897
INFO:meta-cli.py:Epoch 86/100	Loss 6.9218 ± 0.0910
INFO:meta-cli.py:Epoch 87/100	Loss 6.9202 ± 0.0938
INFO:meta-cli.py:Epoch 87/100	dev results	MRR 0.480738	H@1 0.439189	H@3 0.490771	H@5 0.524720	H@10 0.565590
INFO:meta-cli.py:Epoch 87/100	test results	MRR 0.481718	H@1 0.437620	H@3 0.496650	H@5 0.528079	H@10 0.571953
INFO:meta-cli.py:Epoch 88/100	Loss 6.9184 ± 0.0987
INFO:meta-cli.py:Epoch 89/100	Loss 6.9167 ± 0.0920
INFO:meta-cli.py:Epoch 90/100	Loss 6.9153 ± 0.0933
INFO:meta-cli.py:Epoch 90/100	dev results	MRR 0.480178	H@1 0.437541	H@3 0.490771	H@5 0.525544	H@10 0.564766
INFO:meta-cli.py:Epoch 90/100	test results	MRR 0.481906	H@1 0.437620	H@3 0.496809	H@5 0.527601	H@10 0.571155
INFO:meta-cli.py:Epoch 91/100	Loss 6.9139 ± 0.0919
INFO:meta-cli.py:Epoch 92/100	Loss 6.9124 ± 0.0999
INFO:meta-cli.py:Epoch 93/100	Loss 6.9112 ± 0.0863
INFO:meta-cli.py:Epoch 93/100	dev results	MRR 0.480238	H@1 0.438365	H@3 0.489782	H@5 0.525379	H@10 0.566084
INFO:meta-cli.py:Epoch 93/100	test results	MRR 0.482818	H@1 0.439056	H@3 0.497288	H@5 0.527601	H@10 0.571155
INFO:meta-cli.py:Epoch 94/100	Loss 6.9093 ± 0.0880
INFO:meta-cli.py:Epoch 95/100	Loss 6.9074 ± 0.0938
INFO:meta-cli.py:Epoch 96/100	Loss 6.9063 ± 0.0898
INFO:meta-cli.py:Epoch 96/100	dev results	MRR 0.479747	H@1 0.437212	H@3 0.491266	H@5 0.524225	H@10 0.565260
INFO:meta-cli.py:Epoch 96/100	test results	MRR 0.480687	H@1 0.435546	H@3 0.496650	H@5 0.527441	H@10 0.570357
INFO:meta-cli.py:Epoch 97/100	Loss 6.9045 ± 0.0950
INFO:meta-cli.py:Epoch 98/100	Loss 6.9031 ± 0.0951
INFO:meta-cli.py:Epoch 99/100	Loss 6.9019 ± 0.0936
INFO:meta-cli.py:Epoch 99/100	dev results	MRR 0.480640	H@1 0.438530	H@3 0.492090	H@5 0.524720	H@10 0.564601
INFO:meta-cli.py:Epoch 99/100	test results	MRR 0.481281	H@1 0.436343	H@3 0.496969	H@5 0.528877	H@10 0.572272
INFO:meta-cli.py:Epoch 100/100	Loss 6.9002 ± 0.0920
INFO:meta-cli.py:Final 	dev results	MRR 0.479277	H@1 0.436223	H@3 0.492584	H@5 0.524061	H@10 0.565096
INFO:meta-cli.py:Final 	test results	MRR 0.480402	H@1 0.435227	H@3 0.496490	H@5 0.526803	H@10 0.571474
INFO:meta-cli.py:Training finished
