./bin/meta-cli.py --train data/wn18rr/train.tsv --dev data/wn18rr/dev.tsv --test data/wn18rr/test.tsv -m complex -k 2000 -b 100 -e 100 --F2 0.001 --N3 0 -l 0.1 -I standard -V 3 -o adagrad -q
{'F2': 0.001,
 'N3': 0.0,
 'batch_size': 100,
 'dev': 'data/wn18rr/dev.tsv',
 'embedding_size': 2000,
 'epochs': 100,
 'eval_batch_size': None,
 'input_type': 'standard',
 'learning_rate': 0.1,
 'load': None,
 'model': 'complex',
 'optimizer': 'adagrad',
 'quiet': True,
 'save': None,
 'seed': 0,
 'test': 'data/wn18rr/test.tsv',
 'test_i': None,
 'test_ii': None,
 'train': 'data/wn18rr/train.tsv',
 'validate_every': 3}
INFO:meta-cli.py:Device: cuda
INFO:meta-cli.py:Model state:
INFO:meta-cli.py:	entities.weight	torch.Size([40943, 4000])
INFO:meta-cli.py:	predicates.weight	torch.Size([11, 4000])
INFO:meta-cli.py:Epoch 1/100	Loss 18.5844 ± 1.5977
INFO:meta-cli.py:Epoch 2/100	Loss 8.9770 ± 0.6005
INFO:meta-cli.py:Epoch 3/100	Loss 4.8530 ± 0.3816
INFO:meta-cli.py:Epoch 3/100	dev results	MRR 0.422408	H@1 0.395517	H@3 0.433421	H@5 0.448583	H@10 0.468688
INFO:meta-cli.py:Epoch 3/100	test results	MRR 0.424292	H@1 0.399968	H@3 0.432993	H@5 0.446713	H@10 0.466975
INFO:meta-cli.py:Epoch 4/100	Loss 4.1629 ± 0.3204
INFO:meta-cli.py:Epoch 5/100	Loss 3.8589 ± 0.3132
INFO:meta-cli.py:Epoch 6/100	Loss 3.6901 ± 0.3009
INFO:meta-cli.py:Epoch 6/100	dev results	MRR 0.435690	H@1 0.411009	H@3 0.444463	H@5 0.458471	H@10 0.479235
INFO:meta-cli.py:Epoch 6/100	test results	MRR 0.434807	H@1 0.410498	H@3 0.440970	H@5 0.456765	H@10 0.481493
INFO:meta-cli.py:Epoch 7/100	Loss 3.5725 ± 0.2881
INFO:meta-cli.py:Epoch 8/100	Loss 3.4880 ± 0.2890
INFO:meta-cli.py:Epoch 9/100	Loss 3.4203 ± 0.2759
INFO:meta-cli.py:Epoch 9/100	dev results	MRR 0.439211	H@1 0.412986	H@3 0.448912	H@5 0.463415	H@10 0.486322
INFO:meta-cli.py:Epoch 9/100	test results	MRR 0.439376	H@1 0.412412	H@3 0.448628	H@5 0.464742	H@10 0.489949
INFO:meta-cli.py:Epoch 10/100	Loss 3.3631 ± 0.2639
INFO:meta-cli.py:Epoch 11/100	Loss 3.3165 ± 0.2656
INFO:meta-cli.py:Epoch 12/100	Loss 3.2780 ± 0.2658
INFO:meta-cli.py:Epoch 12/100	dev results	MRR 0.441721	H@1 0.416117	H@3 0.450560	H@5 0.466051	H@10 0.489453
INFO:meta-cli.py:Epoch 12/100	test results	MRR 0.440865	H@1 0.414167	H@3 0.448947	H@5 0.465061	H@10 0.491066
INFO:meta-cli.py:Epoch 13/100	Loss 3.2405 ± 0.2581
INFO:meta-cli.py:Epoch 14/100	Loss 3.2087 ± 0.2568
INFO:meta-cli.py:Epoch 15/100	Loss 3.1795 ± 0.2579
INFO:meta-cli.py:Epoch 15/100	dev results	MRR 0.443525	H@1 0.417436	H@3 0.453362	H@5 0.469842	H@10 0.492584
INFO:meta-cli.py:Epoch 15/100	test results	MRR 0.442927	H@1 0.416082	H@3 0.450862	H@5 0.467294	H@10 0.494895
INFO:meta-cli.py:Epoch 16/100	Loss 3.1560 ± 0.2545
INFO:meta-cli.py:Epoch 17/100	Loss 3.1309 ± 0.2466
INFO:meta-cli.py:Epoch 18/100	Loss 3.1093 ± 0.2396
INFO:meta-cli.py:Epoch 18/100	dev results	MRR 0.445223	H@1 0.418095	H@3 0.454680	H@5 0.473303	H@10 0.495715
INFO:meta-cli.py:Epoch 18/100	test results	MRR 0.445731	H@1 0.417837	H@3 0.456286	H@5 0.472559	H@10 0.499681
INFO:meta-cli.py:Epoch 19/100	Loss 3.0885 ± 0.2435
INFO:meta-cli.py:Epoch 20/100	Loss 3.0710 ± 0.2351
INFO:meta-cli.py:Epoch 21/100	Loss 3.0530 ± 0.2321
INFO:meta-cli.py:Epoch 21/100	dev results	MRR 0.445507	H@1 0.417106	H@3 0.455175	H@5 0.473797	H@10 0.497034
INFO:meta-cli.py:Epoch 21/100	test results	MRR 0.447413	H@1 0.419751	H@3 0.456445	H@5 0.474474	H@10 0.501276
INFO:meta-cli.py:Epoch 22/100	Loss 3.0366 ± 0.2397
INFO:meta-cli.py:Epoch 23/100	Loss 3.0203 ± 0.2329
INFO:meta-cli.py:Epoch 24/100	Loss 3.0073 ± 0.2321
INFO:meta-cli.py:Epoch 24/100	dev results	MRR 0.447761	H@1 0.420567	H@3 0.456823	H@5 0.472808	H@10 0.498682
INFO:meta-cli.py:Epoch 24/100	test results	MRR 0.448939	H@1 0.420230	H@3 0.459955	H@5 0.477345	H@10 0.503191
INFO:meta-cli.py:Epoch 25/100	Loss 2.9924 ± 0.2292
INFO:meta-cli.py:Epoch 26/100	Loss 2.9794 ± 0.2299
INFO:meta-cli.py:Epoch 27/100	Loss 2.9667 ± 0.2336
INFO:meta-cli.py:Epoch 27/100	dev results	MRR 0.448561	H@1 0.421226	H@3 0.457647	H@5 0.476434	H@10 0.499506
INFO:meta-cli.py:Epoch 27/100	test results	MRR 0.449416	H@1 0.421027	H@3 0.459477	H@5 0.478622	H@10 0.503989
INFO:meta-cli.py:Epoch 28/100	Loss 2.9549 ± 0.2289
INFO:meta-cli.py:Epoch 29/100	Loss 2.9435 ± 0.2286
INFO:meta-cli.py:Epoch 30/100	Loss 2.9334 ± 0.2201
INFO:meta-cli.py:Epoch 30/100	dev results	MRR 0.450236	H@1 0.423204	H@3 0.458306	H@5 0.476763	H@10 0.500165
INFO:meta-cli.py:Epoch 30/100	test results	MRR 0.451263	H@1 0.422144	H@3 0.461710	H@5 0.479579	H@10 0.505584
INFO:meta-cli.py:Epoch 31/100	Loss 2.9223 ± 0.2268
INFO:meta-cli.py:Epoch 32/100	Loss 2.9122 ± 0.2249
INFO:meta-cli.py:Epoch 33/100	Loss 2.9029 ± 0.2219
INFO:meta-cli.py:Epoch 33/100	dev results	MRR 0.449679	H@1 0.422050	H@3 0.457811	H@5 0.478247	H@10 0.500659
INFO:meta-cli.py:Epoch 33/100	test results	MRR 0.452315	H@1 0.423421	H@3 0.462348	H@5 0.481972	H@10 0.507817
INFO:meta-cli.py:Epoch 34/100	Loss 2.8939 ± 0.2125
INFO:meta-cli.py:Epoch 35/100	Loss 2.8854 ± 0.2242
INFO:meta-cli.py:Epoch 36/100	Loss 2.8762 ± 0.2175
INFO:meta-cli.py:Epoch 36/100	dev results	MRR 0.450919	H@1 0.423039	H@3 0.458471	H@5 0.479730	H@10 0.501813
INFO:meta-cli.py:Epoch 36/100	test results	MRR 0.453041	H@1 0.423580	H@3 0.464901	H@5 0.482610	H@10 0.508934
INFO:meta-cli.py:Epoch 37/100	Loss 2.8681 ± 0.2163
INFO:meta-cli.py:Epoch 38/100	Loss 2.8600 ± 0.2254
INFO:meta-cli.py:Epoch 39/100	Loss 2.8523 ± 0.2167
INFO:meta-cli.py:Epoch 39/100	dev results	MRR 0.450991	H@1 0.423368	H@3 0.459789	H@5 0.479895	H@10 0.502637
INFO:meta-cli.py:Epoch 39/100	test results	MRR 0.452991	H@1 0.423261	H@3 0.463784	H@5 0.482291	H@10 0.511008
INFO:meta-cli.py:Epoch 40/100	Loss 2.8452 ± 0.2093
INFO:meta-cli.py:Epoch 41/100	Loss 2.8376 ± 0.2126
INFO:meta-cli.py:Epoch 42/100	Loss 2.8311 ± 0.2077
INFO:meta-cli.py:Epoch 42/100	dev results	MRR 0.451780	H@1 0.424192	H@3 0.458965	H@5 0.480059	H@10 0.504450
INFO:meta-cli.py:Epoch 42/100	test results	MRR 0.455149	H@1 0.425814	H@3 0.465539	H@5 0.483567	H@10 0.512125
INFO:meta-cli.py:Epoch 43/100	Loss 2.8247 ± 0.2093
INFO:meta-cli.py:Epoch 44/100	Loss 2.8177 ± 0.2043
INFO:meta-cli.py:Epoch 45/100	Loss 2.8118 ± 0.2031
INFO:meta-cli.py:Epoch 45/100	dev results	MRR 0.451064	H@1 0.423368	H@3 0.459789	H@5 0.478741	H@10 0.503131
INFO:meta-cli.py:Epoch 45/100	test results	MRR 0.453796	H@1 0.424537	H@3 0.462987	H@5 0.483089	H@10 0.510370
INFO:meta-cli.py:Epoch 46/100	Loss 2.8048 ± 0.2056
INFO:meta-cli.py:Epoch 47/100	Loss 2.7995 ± 0.2098
INFO:meta-cli.py:Epoch 48/100	Loss 2.7939 ± 0.2076
INFO:meta-cli.py:Epoch 48/100	dev results	MRR 0.452081	H@1 0.423698	H@3 0.461602	H@5 0.480719	H@10 0.505438
INFO:meta-cli.py:Epoch 48/100	test results	MRR 0.454674	H@1 0.425016	H@3 0.464582	H@5 0.485322	H@10 0.512285
INFO:meta-cli.py:Epoch 49/100	Loss 2.7876 ± 0.2033
INFO:meta-cli.py:Epoch 50/100	Loss 2.7820 ± 0.2047
INFO:meta-cli.py:Epoch 51/100	Loss 2.7767 ± 0.1991
INFO:meta-cli.py:Epoch 51/100	dev results	MRR 0.453390	H@1 0.425181	H@3 0.462426	H@5 0.482037	H@10 0.506098
INFO:meta-cli.py:Epoch 51/100	test results	MRR 0.455527	H@1 0.425335	H@3 0.466656	H@5 0.486439	H@10 0.512763
INFO:meta-cli.py:Epoch 52/100	Loss 2.7713 ± 0.2088
INFO:meta-cli.py:Epoch 53/100	Loss 2.7660 ± 0.1995
INFO:meta-cli.py:Epoch 54/100	Loss 2.7610 ± 0.2064
INFO:meta-cli.py:Epoch 54/100	dev results	MRR 0.453658	H@1 0.425346	H@3 0.463085	H@5 0.481707	H@10 0.505603
INFO:meta-cli.py:Epoch 54/100	test results	MRR 0.455456	H@1 0.425175	H@3 0.465539	H@5 0.486758	H@10 0.513880
INFO:meta-cli.py:Epoch 55/100	Loss 2.7562 ± 0.2086
INFO:meta-cli.py:Epoch 56/100	Loss 2.7513 ± 0.1951
INFO:meta-cli.py:Epoch 57/100	Loss 2.7467 ± 0.2093
INFO:meta-cli.py:Epoch 57/100	dev results	MRR 0.453554	H@1 0.425346	H@3 0.462920	H@5 0.481048	H@10 0.506757
INFO:meta-cli.py:Epoch 57/100	test results	MRR 0.455521	H@1 0.425016	H@3 0.466816	H@5 0.487396	H@10 0.514359
INFO:meta-cli.py:Epoch 58/100	Loss 2.7420 ± 0.2012
INFO:meta-cli.py:Epoch 59/100	Loss 2.7376 ± 0.2054
INFO:meta-cli.py:Epoch 60/100	Loss 2.7333 ± 0.1967
INFO:meta-cli.py:Epoch 60/100	dev results	MRR 0.454671	H@1 0.425840	H@3 0.463909	H@5 0.483026	H@10 0.508405
INFO:meta-cli.py:Epoch 60/100	test results	MRR 0.457680	H@1 0.427250	H@3 0.467773	H@5 0.488354	H@10 0.516752
INFO:meta-cli.py:Epoch 61/100	Loss 2.7289 ± 0.2034
INFO:meta-cli.py:Epoch 62/100	Loss 2.7242 ± 0.2009
INFO:meta-cli.py:Epoch 63/100	Loss 2.7208 ± 0.1932
INFO:meta-cli.py:Epoch 63/100	dev results	MRR 0.453835	H@1 0.425016	H@3 0.464239	H@5 0.481048	H@10 0.507251
INFO:meta-cli.py:Epoch 63/100	test results	MRR 0.456540	H@1 0.426611	H@3 0.466975	H@5 0.488513	H@10 0.514518
INFO:meta-cli.py:Epoch 64/100	Loss 2.7170 ± 0.1940
INFO:meta-cli.py:Epoch 65/100	Loss 2.7124 ± 0.1971
INFO:meta-cli.py:Epoch 66/100	Loss 2.7088 ± 0.1873
INFO:meta-cli.py:Epoch 66/100	dev results	MRR 0.454483	H@1 0.425181	H@3 0.465722	H@5 0.483520	H@10 0.507086
INFO:meta-cli.py:Epoch 66/100	test results	MRR 0.456842	H@1 0.425654	H@3 0.469368	H@5 0.488513	H@10 0.517390
INFO:meta-cli.py:Epoch 67/100	Loss 2.7046 ± 0.1970
INFO:meta-cli.py:Epoch 68/100	Loss 2.7013 ± 0.1987
INFO:meta-cli.py:Epoch 69/100	Loss 2.6975 ± 0.1979
INFO:meta-cli.py:Epoch 69/100	dev results	MRR 0.454196	H@1 0.425346	H@3 0.464733	H@5 0.482531	H@10 0.507416
INFO:meta-cli.py:Epoch 69/100	test results	MRR 0.456738	H@1 0.425973	H@3 0.468092	H@5 0.487237	H@10 0.516114
INFO:meta-cli.py:Epoch 70/100	Loss 2.6939 ± 0.1964
INFO:meta-cli.py:Epoch 71/100	Loss 2.6906 ± 0.1926
INFO:meta-cli.py:Epoch 72/100	Loss 2.6872 ± 0.1927
INFO:meta-cli.py:Epoch 72/100	dev results	MRR 0.455080	H@1 0.426500	H@3 0.465063	H@5 0.483026	H@10 0.508570
INFO:meta-cli.py:Epoch 72/100	test results	MRR 0.456856	H@1 0.425973	H@3 0.469209	H@5 0.487556	H@10 0.517071
INFO:meta-cli.py:Epoch 73/100	Loss 2.6839 ± 0.1940
INFO:meta-cli.py:Epoch 74/100	Loss 2.6799 ± 0.1931
INFO:meta-cli.py:Epoch 75/100	Loss 2.6769 ± 0.1888
INFO:meta-cli.py:Epoch 75/100	dev results	MRR 0.455789	H@1 0.427159	H@3 0.465392	H@5 0.483685	H@10 0.508570
INFO:meta-cli.py:Epoch 75/100	test results	MRR 0.458606	H@1 0.428207	H@3 0.470006	H@5 0.490108	H@10 0.517230
INFO:meta-cli.py:Epoch 76/100	Loss 2.6739 ± 0.1946
INFO:meta-cli.py:Epoch 77/100	Loss 2.6709 ± 0.1888
INFO:meta-cli.py:Epoch 78/100	Loss 2.6674 ± 0.1862
INFO:meta-cli.py:Epoch 78/100	dev results	MRR 0.454951	H@1 0.426005	H@3 0.464898	H@5 0.482696	H@10 0.507746
INFO:meta-cli.py:Epoch 78/100	test results	MRR 0.457595	H@1 0.427090	H@3 0.469528	H@5 0.487237	H@10 0.516433
INFO:meta-cli.py:Epoch 79/100	Loss 2.6642 ± 0.1854
INFO:meta-cli.py:Epoch 80/100	Loss 2.6618 ± 0.1900
INFO:meta-cli.py:Epoch 81/100	Loss 2.6583 ± 0.1932
INFO:meta-cli.py:Epoch 81/100	dev results	MRR 0.455673	H@1 0.427818	H@3 0.464403	H@5 0.483685	H@10 0.508240
INFO:meta-cli.py:Epoch 81/100	test results	MRR 0.458236	H@1 0.427888	H@3 0.468890	H@5 0.489311	H@10 0.517230
INFO:meta-cli.py:Epoch 82/100	Loss 2.6558 ± 0.1874
INFO:meta-cli.py:Epoch 83/100	Loss 2.6526 ± 0.1837
INFO:meta-cli.py:Epoch 84/100	Loss 2.6498 ± 0.1899
INFO:meta-cli.py:Epoch 84/100	dev results	MRR 0.456208	H@1 0.428312	H@3 0.464733	H@5 0.483026	H@10 0.509229
INFO:meta-cli.py:Epoch 84/100	test results	MRR 0.458907	H@1 0.428845	H@3 0.470485	H@5 0.488992	H@10 0.517549
INFO:meta-cli.py:Epoch 85/100	Loss 2.6472 ± 0.1870
INFO:meta-cli.py:Epoch 86/100	Loss 2.6447 ± 0.1858
INFO:meta-cli.py:Epoch 87/100	Loss 2.6421 ± 0.1892
INFO:meta-cli.py:Epoch 87/100	dev results	MRR 0.456259	H@1 0.427488	H@3 0.465722	H@5 0.484838	H@10 0.510547
INFO:meta-cli.py:Epoch 87/100	test results	MRR 0.458334	H@1 0.427569	H@3 0.470804	H@5 0.489630	H@10 0.520262
INFO:meta-cli.py:Epoch 88/100	Loss 2.6389 ± 0.1882
INFO:meta-cli.py:Epoch 89/100	Loss 2.6365 ± 0.1833
INFO:meta-cli.py:Epoch 90/100	Loss 2.6338 ± 0.1957
INFO:meta-cli.py:Epoch 90/100	dev results	MRR 0.456852	H@1 0.428642	H@3 0.465392	H@5 0.484509	H@10 0.510382
INFO:meta-cli.py:Epoch 90/100	test results	MRR 0.459141	H@1 0.428526	H@3 0.471283	H@5 0.490747	H@10 0.518985
INFO:meta-cli.py:Epoch 91/100	Loss 2.6313 ± 0.1885
INFO:meta-cli.py:Epoch 92/100	Loss 2.6291 ± 0.1914
INFO:meta-cli.py:Epoch 93/100	Loss 2.6269 ± 0.1859
INFO:meta-cli.py:Epoch 93/100	dev results	MRR 0.456880	H@1 0.428807	H@3 0.465227	H@5 0.484015	H@10 0.509229
INFO:meta-cli.py:Epoch 93/100	test results	MRR 0.459434	H@1 0.428526	H@3 0.471761	H@5 0.491225	H@10 0.519145
INFO:meta-cli.py:Epoch 94/100	Loss 2.6245 ± 0.1880
INFO:meta-cli.py:Epoch 95/100	Loss 2.6216 ± 0.1839
INFO:meta-cli.py:Epoch 96/100	Loss 2.6194 ± 0.1829
INFO:meta-cli.py:Epoch 96/100	dev results	MRR 0.456784	H@1 0.428148	H@3 0.466051	H@5 0.485333	H@10 0.509229
INFO:meta-cli.py:Epoch 96/100	test results	MRR 0.459221	H@1 0.428207	H@3 0.471442	H@5 0.491225	H@10 0.519783
INFO:meta-cli.py:Epoch 97/100	Loss 2.6171 ± 0.1830
INFO:meta-cli.py:Epoch 98/100	Loss 2.6146 ± 0.1878
INFO:meta-cli.py:Epoch 99/100	Loss 2.6126 ± 0.1711
INFO:meta-cli.py:Epoch 99/100	dev results	MRR 0.456965	H@1 0.428642	H@3 0.466051	H@5 0.484674	H@10 0.509558
INFO:meta-cli.py:Epoch 99/100	test results	MRR 0.459506	H@1 0.428526	H@3 0.472080	H@5 0.491225	H@10 0.518666
INFO:meta-cli.py:Epoch 100/100	Loss 2.6103 ± 0.1839
INFO:meta-cli.py:Final 	dev results	MRR 0.456685	H@1 0.428148	H@3 0.465887	H@5 0.485168	H@10 0.509558
INFO:meta-cli.py:Final 	test results	MRR 0.459211	H@1 0.428207	H@3 0.471921	H@5 0.490747	H@10 0.518666
INFO:meta-cli.py:Training finished
