./bin/meta-cli.py --train data/wn18rr/train.tsv --dev data/wn18rr/dev.tsv --test data/wn18rr/test.tsv -m complex -k 500 -b 1000 -e 100 --F2 0 --N3 0.01 -l 0.1 -I reciprocal -V 3 -o adagrad -q
{'F2': 0.0,
 'N3': 0.01,
 'batch_size': 1000,
 'dev': 'data/wn18rr/dev.tsv',
 'embedding_size': 500,
 'epochs': 100,
 'eval_batch_size': None,
 'input_type': 'reciprocal',
 'learning_rate': 0.1,
 'load': None,
 'model': 'complex',
 'optimizer': 'adagrad',
 'quiet': True,
 'save': None,
 'seed': 0,
 'test': 'data/wn18rr/test.tsv',
 'test_i': None,
 'test_ii': None,
 'train': 'data/wn18rr/train.tsv',
 'validate_every': 3}
INFO:meta-cli.py:Device: cuda
INFO:meta-cli.py:Model state:
INFO:meta-cli.py:	entities.weight	torch.Size([40943, 1000])
INFO:meta-cli.py:	predicates.weight	torch.Size([22, 1000])
INFO:meta-cli.py:Epoch 1/100	Loss 15.1505 ± 3.9651
INFO:meta-cli.py:Epoch 2/100	Loss 5.2719 ± 0.2946
INFO:meta-cli.py:Epoch 3/100	Loss 4.2612 ± 0.0891
INFO:meta-cli.py:Epoch 3/100	dev results	MRR 0.430723	H@1 0.410349	H@3 0.438530	H@5 0.450560	H@10 0.467205
INFO:meta-cli.py:Epoch 3/100	test results	MRR 0.429520	H@1 0.410179	H@3 0.433950	H@5 0.448149	H@10 0.468092
INFO:meta-cli.py:Epoch 4/100	Loss 3.9466 ± 0.0916
INFO:meta-cli.py:Epoch 5/100	Loss 3.7717 ± 0.0942
INFO:meta-cli.py:Epoch 6/100	Loss 3.6520 ± 0.1017
INFO:meta-cli.py:Epoch 6/100	dev results	MRR 0.440709	H@1 0.419578	H@3 0.446440	H@5 0.460283	H@10 0.479400
INFO:meta-cli.py:Epoch 6/100	test results	MRR 0.437497	H@1 0.416082	H@3 0.443682	H@5 0.458679	H@10 0.477664
INFO:meta-cli.py:Epoch 7/100	Loss 3.5642 ± 0.1006
INFO:meta-cli.py:Epoch 8/100	Loss 3.4935 ± 0.1081
INFO:meta-cli.py:Epoch 9/100	Loss 3.4381 ± 0.0997
INFO:meta-cli.py:Epoch 9/100	dev results	MRR 0.444414	H@1 0.422709	H@3 0.452373	H@5 0.465063	H@10 0.484838
INFO:meta-cli.py:Epoch 9/100	test results	MRR 0.442956	H@1 0.420230	H@3 0.451659	H@5 0.464901	H@10 0.485641
INFO:meta-cli.py:Epoch 10/100	Loss 3.3885 ± 0.1042
INFO:meta-cli.py:Epoch 11/100	Loss 3.3482 ± 0.1079
INFO:meta-cli.py:Epoch 12/100	Loss 3.3138 ± 0.1047
INFO:meta-cli.py:Epoch 12/100	dev results	MRR 0.447165	H@1 0.424522	H@3 0.455010	H@5 0.469183	H@10 0.488464
INFO:meta-cli.py:Epoch 12/100	test results	MRR 0.446291	H@1 0.423580	H@3 0.453733	H@5 0.468730	H@10 0.489949
INFO:meta-cli.py:Epoch 13/100	Loss 3.2821 ± 0.0979
INFO:meta-cli.py:Epoch 14/100	Loss 3.2554 ± 0.1016
INFO:meta-cli.py:Epoch 15/100	Loss 3.2309 ± 0.1089
INFO:meta-cli.py:Epoch 15/100	dev results	MRR 0.449984	H@1 0.427983	H@3 0.456328	H@5 0.473303	H@10 0.493408
INFO:meta-cli.py:Epoch 15/100	test results	MRR 0.448234	H@1 0.425016	H@3 0.456445	H@5 0.471283	H@10 0.492980
INFO:meta-cli.py:Epoch 16/100	Loss 3.2089 ± 0.1049
INFO:meta-cli.py:Epoch 17/100	Loss 3.1891 ± 0.1043
INFO:meta-cli.py:Epoch 18/100	Loss 3.1707 ± 0.1063
INFO:meta-cli.py:Epoch 18/100	dev results	MRR 0.450829	H@1 0.426829	H@3 0.459130	H@5 0.477258	H@10 0.498022
INFO:meta-cli.py:Epoch 18/100	test results	MRR 0.450099	H@1 0.425654	H@3 0.458998	H@5 0.474633	H@10 0.495852
INFO:meta-cli.py:Epoch 19/100	Loss 3.1550 ± 0.1005
INFO:meta-cli.py:Epoch 20/100	Loss 3.1391 ± 0.1017
INFO:meta-cli.py:Epoch 21/100	Loss 3.1248 ± 0.0978
INFO:meta-cli.py:Epoch 21/100	dev results	MRR 0.452871	H@1 0.428807	H@3 0.461437	H@5 0.478082	H@10 0.499835
INFO:meta-cli.py:Epoch 21/100	test results	MRR 0.451720	H@1 0.427090	H@3 0.461710	H@5 0.476548	H@10 0.501595
INFO:meta-cli.py:Epoch 22/100	Loss 3.1123 ± 0.1017
INFO:meta-cli.py:Epoch 23/100	Loss 3.1003 ± 0.0990
INFO:meta-cli.py:Epoch 24/100	Loss 3.0894 ± 0.1008
INFO:meta-cli.py:Epoch 24/100	dev results	MRR 0.454340	H@1 0.429960	H@3 0.464403	H@5 0.481378	H@10 0.500494
INFO:meta-cli.py:Epoch 24/100	test results	MRR 0.453259	H@1 0.428526	H@3 0.462987	H@5 0.477824	H@10 0.503031
INFO:meta-cli.py:Epoch 25/100	Loss 3.0782 ± 0.0976
INFO:meta-cli.py:Epoch 26/100	Loss 3.0678 ± 0.0971
INFO:meta-cli.py:Epoch 27/100	Loss 3.0590 ± 0.0924
INFO:meta-cli.py:Epoch 27/100	dev results	MRR 0.454620	H@1 0.428642	H@3 0.465557	H@5 0.482531	H@10 0.503461
INFO:meta-cli.py:Epoch 27/100	test results	MRR 0.453095	H@1 0.426771	H@3 0.463944	H@5 0.479898	H@10 0.502393
INFO:meta-cli.py:Epoch 28/100	Loss 3.0500 ± 0.0999
INFO:meta-cli.py:Epoch 29/100	Loss 3.0418 ± 0.0985
INFO:meta-cli.py:Epoch 30/100	Loss 3.0342 ± 0.0883
INFO:meta-cli.py:Epoch 30/100	dev results	MRR 0.455675	H@1 0.430125	H@3 0.465227	H@5 0.483850	H@10 0.503131
INFO:meta-cli.py:Epoch 30/100	test results	MRR 0.454967	H@1 0.429164	H@3 0.466177	H@5 0.481653	H@10 0.503669
INFO:meta-cli.py:Epoch 31/100	Loss 3.0265 ± 0.0988
INFO:meta-cli.py:Epoch 32/100	Loss 3.0195 ± 0.0969
INFO:meta-cli.py:Epoch 33/100	Loss 3.0127 ± 0.0940
INFO:meta-cli.py:Epoch 33/100	dev results	MRR 0.455033	H@1 0.428477	H@3 0.466711	H@5 0.483850	H@10 0.505768
INFO:meta-cli.py:Epoch 33/100	test results	MRR 0.454873	H@1 0.428526	H@3 0.466018	H@5 0.483089	H@10 0.506382
INFO:meta-cli.py:Epoch 34/100	Loss 3.0060 ± 0.0975
INFO:meta-cli.py:Epoch 35/100	Loss 3.0001 ± 0.0902
INFO:meta-cli.py:Epoch 36/100	Loss 2.9941 ± 0.0893
INFO:meta-cli.py:Epoch 36/100	dev results	MRR 0.456705	H@1 0.430455	H@3 0.466216	H@5 0.484509	H@10 0.505603
INFO:meta-cli.py:Epoch 36/100	test results	MRR 0.456216	H@1 0.429802	H@3 0.467773	H@5 0.481972	H@10 0.509094
INFO:meta-cli.py:Epoch 37/100	Loss 2.9888 ± 0.0938
INFO:meta-cli.py:Epoch 38/100	Loss 2.9833 ± 0.0931
INFO:meta-cli.py:Epoch 39/100	Loss 2.9781 ± 0.0955
INFO:meta-cli.py:Epoch 39/100	dev results	MRR 0.456126	H@1 0.429136	H@3 0.467370	H@5 0.485168	H@10 0.507251
INFO:meta-cli.py:Epoch 39/100	test results	MRR 0.456719	H@1 0.430281	H@3 0.466975	H@5 0.483727	H@10 0.507977
INFO:meta-cli.py:Epoch 40/100	Loss 2.9733 ± 0.0885
INFO:meta-cli.py:Epoch 41/100	Loss 2.9683 ± 0.0911
INFO:meta-cli.py:Epoch 42/100	Loss 2.9642 ± 0.0942
INFO:meta-cli.py:Epoch 42/100	dev results	MRR 0.457174	H@1 0.429796	H@3 0.470336	H@5 0.485827	H@10 0.507416
INFO:meta-cli.py:Epoch 42/100	test results	MRR 0.458352	H@1 0.431717	H@3 0.468890	H@5 0.484525	H@10 0.509572
INFO:meta-cli.py:Epoch 43/100	Loss 2.9597 ± 0.0951
INFO:meta-cli.py:Epoch 44/100	Loss 2.9551 ± 0.0856
INFO:meta-cli.py:Epoch 45/100	Loss 2.9505 ± 0.0835
INFO:meta-cli.py:Epoch 45/100	dev results	MRR 0.458213	H@1 0.431444	H@3 0.469842	H@5 0.487805	H@10 0.508570
INFO:meta-cli.py:Epoch 45/100	test results	MRR 0.458361	H@1 0.431876	H@3 0.467135	H@5 0.486280	H@10 0.510689
INFO:meta-cli.py:Epoch 46/100	Loss 2.9467 ± 0.0905
INFO:meta-cli.py:Epoch 47/100	Loss 2.9432 ± 0.0926
INFO:meta-cli.py:Epoch 48/100	Loss 2.9395 ± 0.0922
INFO:meta-cli.py:Epoch 48/100	dev results	MRR 0.458779	H@1 0.431938	H@3 0.470171	H@5 0.487310	H@10 0.508405
INFO:meta-cli.py:Epoch 48/100	test results	MRR 0.458724	H@1 0.432195	H@3 0.468251	H@5 0.485960	H@10 0.511168
INFO:meta-cli.py:Epoch 49/100	Loss 2.9358 ± 0.0892
INFO:meta-cli.py:Epoch 50/100	Loss 2.9325 ± 0.0856
INFO:meta-cli.py:Epoch 51/100	Loss 2.9289 ± 0.0856
INFO:meta-cli.py:Epoch 51/100	dev results	MRR 0.459545	H@1 0.432432	H@3 0.471655	H@5 0.487640	H@10 0.508570
INFO:meta-cli.py:Epoch 51/100	test results	MRR 0.458768	H@1 0.431557	H@3 0.468571	H@5 0.488034	H@10 0.513242
INFO:meta-cli.py:Epoch 52/100	Loss 2.9257 ± 0.0797
INFO:meta-cli.py:Epoch 53/100	Loss 2.9228 ± 0.0829
INFO:meta-cli.py:Epoch 54/100	Loss 2.9193 ± 0.0880
INFO:meta-cli.py:Epoch 54/100	dev results	MRR 0.459080	H@1 0.431608	H@3 0.472643	H@5 0.488134	H@10 0.509558
INFO:meta-cli.py:Epoch 54/100	test results	MRR 0.459323	H@1 0.431557	H@3 0.469368	H@5 0.488513	H@10 0.514199
INFO:meta-cli.py:Epoch 55/100	Loss 2.9162 ± 0.0850
INFO:meta-cli.py:Epoch 56/100	Loss 2.9135 ± 0.0826
INFO:meta-cli.py:Epoch 57/100	Loss 2.9104 ± 0.0785
INFO:meta-cli.py:Epoch 57/100	dev results	MRR 0.459033	H@1 0.431608	H@3 0.471160	H@5 0.488629	H@10 0.511206
INFO:meta-cli.py:Epoch 57/100	test results	MRR 0.459680	H@1 0.431717	H@3 0.469847	H@5 0.488194	H@10 0.515475
INFO:meta-cli.py:Epoch 58/100	Loss 2.9079 ± 0.0848
INFO:meta-cli.py:Epoch 59/100	Loss 2.9051 ± 0.0840
INFO:meta-cli.py:Epoch 60/100	Loss 2.9026 ± 0.0870
INFO:meta-cli.py:Epoch 60/100	dev results	MRR 0.459345	H@1 0.431444	H@3 0.471984	H@5 0.487805	H@10 0.511371
INFO:meta-cli.py:Epoch 60/100	test results	MRR 0.459540	H@1 0.431717	H@3 0.469368	H@5 0.489470	H@10 0.514997
INFO:meta-cli.py:Epoch 61/100	Loss 2.9003 ± 0.0812
INFO:meta-cli.py:Epoch 62/100	Loss 2.8978 ± 0.0800
INFO:meta-cli.py:Epoch 63/100	Loss 2.8951 ± 0.0862
INFO:meta-cli.py:Epoch 63/100	dev results	MRR 0.460149	H@1 0.432103	H@3 0.473303	H@5 0.489453	H@10 0.511536
INFO:meta-cli.py:Epoch 63/100	test results	MRR 0.460623	H@1 0.432195	H@3 0.471442	H@5 0.489949	H@10 0.516433
INFO:meta-cli.py:Epoch 64/100	Loss 2.8927 ± 0.0827
INFO:meta-cli.py:Epoch 65/100	Loss 2.8904 ± 0.0893
INFO:meta-cli.py:Epoch 66/100	Loss 2.8881 ± 0.0819
INFO:meta-cli.py:Epoch 66/100	dev results	MRR 0.459465	H@1 0.430784	H@3 0.473138	H@5 0.490442	H@10 0.512854
INFO:meta-cli.py:Epoch 66/100	test results	MRR 0.460267	H@1 0.432036	H@3 0.469528	H@5 0.490108	H@10 0.516752
INFO:meta-cli.py:Epoch 67/100	Loss 2.8858 ± 0.0802
INFO:meta-cli.py:Epoch 68/100	Loss 2.8841 ± 0.0854
INFO:meta-cli.py:Epoch 69/100	Loss 2.8818 ± 0.0824
INFO:meta-cli.py:Epoch 69/100	dev results	MRR 0.460428	H@1 0.432597	H@3 0.471819	H@5 0.490442	H@10 0.513514
INFO:meta-cli.py:Epoch 69/100	test results	MRR 0.460872	H@1 0.432195	H@3 0.470964	H@5 0.491225	H@10 0.517230
INFO:meta-cli.py:Epoch 70/100	Loss 2.8799 ± 0.0809
INFO:meta-cli.py:Epoch 71/100	Loss 2.8779 ± 0.0814
INFO:meta-cli.py:Epoch 72/100	Loss 2.8760 ± 0.0793
INFO:meta-cli.py:Epoch 72/100	dev results	MRR 0.461362	H@1 0.433421	H@3 0.473797	H@5 0.490936	H@10 0.515491
INFO:meta-cli.py:Epoch 72/100	test results	MRR 0.461931	H@1 0.433631	H@3 0.471761	H@5 0.492342	H@10 0.517549
INFO:meta-cli.py:Epoch 73/100	Loss 2.8736 ± 0.0793
INFO:meta-cli.py:Epoch 74/100	Loss 2.8717 ± 0.0841
INFO:meta-cli.py:Epoch 75/100	Loss 2.8700 ± 0.0816
INFO:meta-cli.py:Epoch 75/100	dev results	MRR 0.461049	H@1 0.432762	H@3 0.473138	H@5 0.490936	H@10 0.516315
INFO:meta-cli.py:Epoch 75/100	test results	MRR 0.461662	H@1 0.432993	H@3 0.471761	H@5 0.492502	H@10 0.518985
INFO:meta-cli.py:Epoch 76/100	Loss 2.8684 ± 0.0781
INFO:meta-cli.py:Epoch 77/100	Loss 2.8667 ± 0.0777
INFO:meta-cli.py:Epoch 78/100	Loss 2.8648 ± 0.0715
INFO:meta-cli.py:Epoch 78/100	dev results	MRR 0.461363	H@1 0.432597	H@3 0.474456	H@5 0.490442	H@10 0.515985
INFO:meta-cli.py:Epoch 78/100	test results	MRR 0.461457	H@1 0.432514	H@3 0.471123	H@5 0.492980	H@10 0.519464
INFO:meta-cli.py:Epoch 79/100	Loss 2.8631 ± 0.0794
INFO:meta-cli.py:Epoch 80/100	Loss 2.8616 ± 0.0747
INFO:meta-cli.py:Epoch 81/100	Loss 2.8594 ± 0.0831
INFO:meta-cli.py:Epoch 81/100	dev results	MRR 0.460703	H@1 0.431608	H@3 0.473138	H@5 0.490112	H@10 0.515326
INFO:meta-cli.py:Epoch 81/100	test results	MRR 0.462005	H@1 0.432993	H@3 0.471442	H@5 0.492661	H@10 0.519464
INFO:meta-cli.py:Epoch 82/100	Loss 2.8579 ± 0.0815
INFO:meta-cli.py:Epoch 83/100	Loss 2.8565 ± 0.0811
INFO:meta-cli.py:Epoch 84/100	Loss 2.8546 ± 0.0834
INFO:meta-cli.py:Epoch 84/100	dev results	MRR 0.461276	H@1 0.432597	H@3 0.473962	H@5 0.491266	H@10 0.515491
INFO:meta-cli.py:Epoch 84/100	test results	MRR 0.462283	H@1 0.433153	H@3 0.472240	H@5 0.492821	H@10 0.520581
INFO:meta-cli.py:Epoch 85/100	Loss 2.8534 ± 0.0760
INFO:meta-cli.py:Epoch 86/100	Loss 2.8519 ± 0.0767
INFO:meta-cli.py:Epoch 87/100	Loss 2.8506 ± 0.0793
INFO:meta-cli.py:Epoch 87/100	dev results	MRR 0.461442	H@1 0.432762	H@3 0.474291	H@5 0.492254	H@10 0.516974
INFO:meta-cli.py:Epoch 87/100	test results	MRR 0.463038	H@1 0.434269	H@3 0.472719	H@5 0.493299	H@10 0.520581
INFO:meta-cli.py:Epoch 88/100	Loss 2.8491 ± 0.0836
INFO:meta-cli.py:Epoch 89/100	Loss 2.8475 ± 0.0766
INFO:meta-cli.py:Epoch 90/100	Loss 2.8463 ± 0.0786
INFO:meta-cli.py:Epoch 90/100	dev results	MRR 0.461604	H@1 0.432597	H@3 0.475115	H@5 0.491430	H@10 0.516809
INFO:meta-cli.py:Epoch 90/100	test results	MRR 0.462527	H@1 0.432833	H@3 0.473038	H@5 0.493937	H@10 0.520740
INFO:meta-cli.py:Epoch 91/100	Loss 2.8451 ± 0.0793
INFO:meta-cli.py:Epoch 92/100	Loss 2.8438 ± 0.0840
INFO:meta-cli.py:Epoch 93/100	Loss 2.8426 ± 0.0735
INFO:meta-cli.py:Epoch 93/100	dev results	MRR 0.461559	H@1 0.432762	H@3 0.474786	H@5 0.492749	H@10 0.517798
INFO:meta-cli.py:Epoch 93/100	test results	MRR 0.462536	H@1 0.432993	H@3 0.472878	H@5 0.494416	H@10 0.520740
INFO:meta-cli.py:Epoch 94/100	Loss 2.8411 ± 0.0753
INFO:meta-cli.py:Epoch 95/100	Loss 2.8396 ± 0.0812
INFO:meta-cli.py:Epoch 96/100	Loss 2.8384 ± 0.0773
INFO:meta-cli.py:Epoch 96/100	dev results	MRR 0.462282	H@1 0.433586	H@3 0.475775	H@5 0.491760	H@10 0.517633
INFO:meta-cli.py:Epoch 96/100	test results	MRR 0.462877	H@1 0.432993	H@3 0.473995	H@5 0.494416	H@10 0.521219
INFO:meta-cli.py:Epoch 97/100	Loss 2.8371 ± 0.0797
INFO:meta-cli.py:Epoch 98/100	Loss 2.8359 ± 0.0829
INFO:meta-cli.py:Epoch 99/100	Loss 2.8347 ± 0.0792
INFO:meta-cli.py:Epoch 99/100	dev results	MRR 0.462087	H@1 0.433421	H@3 0.475775	H@5 0.492749	H@10 0.517469
INFO:meta-cli.py:Epoch 99/100	test results	MRR 0.462479	H@1 0.432833	H@3 0.473197	H@5 0.493937	H@10 0.522176
INFO:meta-cli.py:Epoch 100/100	Loss 2.8334 ± 0.0774
INFO:meta-cli.py:Final 	dev results	MRR 0.462372	H@1 0.433421	H@3 0.476763	H@5 0.493408	H@10 0.516974
INFO:meta-cli.py:Final 	test results	MRR 0.462797	H@1 0.432993	H@3 0.473197	H@5 0.495054	H@10 0.521378
INFO:meta-cli.py:Training finished
