./bin/meta-cli.py --train data/wn18rr/train.tsv --dev data/wn18rr/dev.tsv --test data/wn18rr/test.tsv -m complex -k 500 -b 100 -e 100 --F2 0.001 --N3 0 -l 0.1 -I reciprocal -V 3 -o adagrad -q
{'F2': 0.001,
 'N3': 0.0,
 'batch_size': 100,
 'dev': 'data/wn18rr/dev.tsv',
 'embedding_size': 500,
 'epochs': 100,
 'eval_batch_size': None,
 'input_type': 'reciprocal',
 'learning_rate': 0.1,
 'load': None,
 'model': 'complex',
 'optimizer': 'adagrad',
 'quiet': True,
 'save': None,
 'seed': 0,
 'test': 'data/wn18rr/test.tsv',
 'test_i': None,
 'test_ii': None,
 'train': 'data/wn18rr/train.tsv',
 'validate_every': 3}
INFO:meta-cli.py:Device: cuda
INFO:meta-cli.py:Model state:
INFO:meta-cli.py:	entities.weight	torch.Size([40943, 1000])
INFO:meta-cli.py:	predicates.weight	torch.Size([22, 1000])
INFO:meta-cli.py:Epoch 1/100	Loss 13.1476 ± 4.2363
INFO:meta-cli.py:Epoch 2/100	Loss 4.0661 ± 0.3089
INFO:meta-cli.py:Epoch 3/100	Loss 3.4029 ± 0.2186
INFO:meta-cli.py:Epoch 3/100	dev results	MRR 0.432994	H@1 0.410514	H@3 0.440508	H@5 0.454680	H@10 0.473138
INFO:meta-cli.py:Epoch 3/100	test results	MRR 0.432445	H@1 0.410498	H@3 0.438417	H@5 0.454212	H@10 0.473676
INFO:meta-cli.py:Epoch 4/100	Loss 3.1828 ± 0.2107
INFO:meta-cli.py:Epoch 5/100	Loss 3.0653 ± 0.2035
INFO:meta-cli.py:Epoch 6/100	Loss 2.9861 ± 0.2033
INFO:meta-cli.py:Epoch 6/100	dev results	MRR 0.440967	H@1 0.416941	H@3 0.449242	H@5 0.463909	H@10 0.487970
INFO:meta-cli.py:Epoch 6/100	test results	MRR 0.439858	H@1 0.416560	H@3 0.446394	H@5 0.461870	H@10 0.483886
INFO:meta-cli.py:Epoch 7/100	Loss 2.9288 ± 0.1971
INFO:meta-cli.py:Epoch 8/100	Loss 2.8831 ± 0.2023
INFO:meta-cli.py:Epoch 9/100	Loss 2.8481 ± 0.1913
INFO:meta-cli.py:Epoch 9/100	dev results	MRR 0.442728	H@1 0.419743	H@3 0.448583	H@5 0.462261	H@10 0.487310
INFO:meta-cli.py:Epoch 9/100	test results	MRR 0.442703	H@1 0.417358	H@3 0.450702	H@5 0.468730	H@10 0.488513
INFO:meta-cli.py:Epoch 10/100	Loss 2.8154 ± 0.1910
INFO:meta-cli.py:Epoch 11/100	Loss 2.7904 ± 0.1931
INFO:meta-cli.py:Epoch 12/100	Loss 2.7679 ± 0.1947
INFO:meta-cli.py:Epoch 12/100	dev results	MRR 0.444776	H@1 0.419908	H@3 0.453197	H@5 0.468194	H@10 0.493902
INFO:meta-cli.py:Epoch 12/100	test results	MRR 0.445913	H@1 0.420230	H@3 0.453095	H@5 0.473835	H@10 0.494576
INFO:meta-cli.py:Epoch 13/100	Loss 2.7481 ± 0.1895
INFO:meta-cli.py:Epoch 14/100	Loss 2.7312 ± 0.1881
INFO:meta-cli.py:Epoch 15/100	Loss 2.7153 ± 0.1915
INFO:meta-cli.py:Epoch 15/100	dev results	MRR 0.446672	H@1 0.421391	H@3 0.455999	H@5 0.470666	H@10 0.492914
INFO:meta-cli.py:Epoch 15/100	test results	MRR 0.447612	H@1 0.422144	H@3 0.455488	H@5 0.474474	H@10 0.496490
INFO:meta-cli.py:Epoch 16/100	Loss 2.7004 ± 0.1849
INFO:meta-cli.py:Epoch 17/100	Loss 2.6881 ± 0.1855
INFO:meta-cli.py:Epoch 18/100	Loss 2.6759 ± 0.1917
INFO:meta-cli.py:Epoch 18/100	dev results	MRR 0.450089	H@1 0.425676	H@3 0.457647	H@5 0.472808	H@10 0.497528
INFO:meta-cli.py:Epoch 18/100	test results	MRR 0.451103	H@1 0.426133	H@3 0.458041	H@5 0.476707	H@10 0.499681
INFO:meta-cli.py:Epoch 19/100	Loss 2.6656 ± 0.1790
INFO:meta-cli.py:Epoch 20/100	Loss 2.6550 ± 0.1845
INFO:meta-cli.py:Epoch 21/100	Loss 2.6456 ± 0.1809
INFO:meta-cli.py:Epoch 21/100	dev results	MRR 0.450218	H@1 0.424357	H@3 0.459295	H@5 0.475280	H@10 0.498846
INFO:meta-cli.py:Epoch 21/100	test results	MRR 0.450998	H@1 0.424856	H@3 0.459477	H@5 0.479260	H@10 0.502393
INFO:meta-cli.py:Epoch 22/100	Loss 2.6371 ± 0.1851
INFO:meta-cli.py:Epoch 23/100	Loss 2.6291 ± 0.1829
INFO:meta-cli.py:Epoch 24/100	Loss 2.6215 ± 0.1842
INFO:meta-cli.py:Epoch 24/100	dev results	MRR 0.451506	H@1 0.426170	H@3 0.460119	H@5 0.474456	H@10 0.500000
INFO:meta-cli.py:Epoch 24/100	test results	MRR 0.452732	H@1 0.426292	H@3 0.462827	H@5 0.478622	H@10 0.501755
INFO:meta-cli.py:Epoch 25/100	Loss 2.6137 ± 0.1830
INFO:meta-cli.py:Epoch 26/100	Loss 2.6067 ± 0.1796
INFO:meta-cli.py:Epoch 27/100	Loss 2.6006 ± 0.1758
INFO:meta-cli.py:Epoch 27/100	dev results	MRR 0.453265	H@1 0.427324	H@3 0.462920	H@5 0.476928	H@10 0.501648
INFO:meta-cli.py:Epoch 27/100	test results	MRR 0.453644	H@1 0.427250	H@3 0.462668	H@5 0.481174	H@10 0.504467
INFO:meta-cli.py:Epoch 28/100	Loss 2.5946 ± 0.1805
INFO:meta-cli.py:Epoch 29/100	Loss 2.5890 ± 0.1834
INFO:meta-cli.py:Epoch 30/100	Loss 2.5834 ± 0.1741
INFO:meta-cli.py:Epoch 30/100	dev results	MRR 0.453502	H@1 0.428477	H@3 0.462261	H@5 0.475775	H@10 0.502802
INFO:meta-cli.py:Epoch 30/100	test results	MRR 0.453772	H@1 0.427250	H@3 0.461870	H@5 0.482131	H@10 0.504467
INFO:meta-cli.py:Epoch 31/100	Loss 2.5779 ± 0.1801
INFO:meta-cli.py:Epoch 32/100	Loss 2.5730 ± 0.1813
INFO:meta-cli.py:Epoch 33/100	Loss 2.5681 ± 0.1764
INFO:meta-cli.py:Epoch 33/100	dev results	MRR 0.454381	H@1 0.428642	H@3 0.463909	H@5 0.478247	H@10 0.502802
INFO:meta-cli.py:Epoch 33/100	test results	MRR 0.454553	H@1 0.427090	H@3 0.463944	H@5 0.482131	H@10 0.505424
INFO:meta-cli.py:Epoch 34/100	Loss 2.5634 ± 0.1781
INFO:meta-cli.py:Epoch 35/100	Loss 2.5592 ± 0.1739
INFO:meta-cli.py:Epoch 36/100	Loss 2.5547 ± 0.1774
INFO:meta-cli.py:Epoch 36/100	dev results	MRR 0.454070	H@1 0.428312	H@3 0.462920	H@5 0.476928	H@10 0.504614
INFO:meta-cli.py:Epoch 36/100	test results	MRR 0.456324	H@1 0.429483	H@3 0.465220	H@5 0.481812	H@10 0.508615
INFO:meta-cli.py:Epoch 37/100	Loss 2.5509 ± 0.1753
INFO:meta-cli.py:Epoch 38/100	Loss 2.5466 ± 0.1736
INFO:meta-cli.py:Epoch 39/100	Loss 2.5430 ± 0.1753
INFO:meta-cli.py:Epoch 39/100	dev results	MRR 0.454546	H@1 0.429631	H@3 0.463415	H@5 0.477587	H@10 0.504285
INFO:meta-cli.py:Epoch 39/100	test results	MRR 0.456027	H@1 0.429802	H@3 0.464263	H@5 0.483089	H@10 0.507498
INFO:meta-cli.py:Epoch 40/100	Loss 2.5391 ± 0.1712
INFO:meta-cli.py:Epoch 41/100	Loss 2.5356 ± 0.1761
INFO:meta-cli.py:Epoch 42/100	Loss 2.5322 ± 0.1798
INFO:meta-cli.py:Epoch 42/100	dev results	MRR 0.454877	H@1 0.429466	H@3 0.463909	H@5 0.478082	H@10 0.504450
INFO:meta-cli.py:Epoch 42/100	test results	MRR 0.457146	H@1 0.430281	H@3 0.467613	H@5 0.482291	H@10 0.509253
INFO:meta-cli.py:Epoch 43/100	Loss 2.5288 ± 0.1770
INFO:meta-cli.py:Epoch 44/100	Loss 2.5255 ± 0.1737
INFO:meta-cli.py:Epoch 45/100	Loss 2.5218 ± 0.1698
INFO:meta-cli.py:Epoch 45/100	dev results	MRR 0.455509	H@1 0.429960	H@3 0.462755	H@5 0.479565	H@10 0.505933
INFO:meta-cli.py:Epoch 45/100	test results	MRR 0.457693	H@1 0.429962	H@3 0.466656	H@5 0.485003	H@10 0.510530
INFO:meta-cli.py:Epoch 46/100	Loss 2.5191 ± 0.1701
INFO:meta-cli.py:Epoch 47/100	Loss 2.5164 ± 0.1724
INFO:meta-cli.py:Epoch 48/100	Loss 2.5135 ± 0.1755
INFO:meta-cli.py:Epoch 48/100	dev results	MRR 0.455361	H@1 0.430125	H@3 0.463579	H@5 0.479235	H@10 0.506098
INFO:meta-cli.py:Epoch 48/100	test results	MRR 0.457649	H@1 0.430600	H@3 0.466816	H@5 0.484844	H@10 0.509892
INFO:meta-cli.py:Epoch 49/100	Loss 2.5105 ± 0.1762
INFO:meta-cli.py:Epoch 50/100	Loss 2.5079 ± 0.1671
INFO:meta-cli.py:Epoch 51/100	Loss 2.5047 ± 0.1748
INFO:meta-cli.py:Epoch 51/100	dev results	MRR 0.456421	H@1 0.431114	H@3 0.464239	H@5 0.480554	H@10 0.506262
INFO:meta-cli.py:Epoch 51/100	test results	MRR 0.458019	H@1 0.430281	H@3 0.468251	H@5 0.486439	H@10 0.510530
INFO:meta-cli.py:Epoch 52/100	Loss 2.5026 ± 0.1662
INFO:meta-cli.py:Epoch 53/100	Loss 2.4999 ± 0.1687
INFO:meta-cli.py:Epoch 54/100	Loss 2.4973 ± 0.1711
INFO:meta-cli.py:Epoch 54/100	dev results	MRR 0.456347	H@1 0.431444	H@3 0.463909	H@5 0.479400	H@10 0.506262
INFO:meta-cli.py:Epoch 54/100	test results	MRR 0.458183	H@1 0.430759	H@3 0.466656	H@5 0.485322	H@10 0.511008
INFO:meta-cli.py:Epoch 55/100	Loss 2.4951 ± 0.1711
INFO:meta-cli.py:Epoch 56/100	Loss 2.4927 ± 0.1713
INFO:meta-cli.py:Epoch 57/100	Loss 2.4902 ± 0.1626
INFO:meta-cli.py:Epoch 57/100	dev results	MRR 0.456158	H@1 0.430620	H@3 0.463909	H@5 0.481543	H@10 0.507416
INFO:meta-cli.py:Epoch 57/100	test results	MRR 0.459195	H@1 0.431557	H@3 0.469368	H@5 0.488513	H@10 0.511646
INFO:meta-cli.py:Epoch 58/100	Loss 2.4880 ± 0.1701
INFO:meta-cli.py:Epoch 59/100	Loss 2.4858 ± 0.1705
INFO:meta-cli.py:Epoch 60/100	Loss 2.4837 ± 0.1638
INFO:meta-cli.py:Epoch 60/100	dev results	MRR 0.456257	H@1 0.430949	H@3 0.464074	H@5 0.480224	H@10 0.508240
INFO:meta-cli.py:Epoch 60/100	test results	MRR 0.458699	H@1 0.431238	H@3 0.466975	H@5 0.487077	H@10 0.510530
INFO:meta-cli.py:Epoch 61/100	Loss 2.4820 ± 0.1667
INFO:meta-cli.py:Epoch 62/100	Loss 2.4799 ± 0.1626
INFO:meta-cli.py:Epoch 63/100	Loss 2.4777 ± 0.1675
INFO:meta-cli.py:Epoch 63/100	dev results	MRR 0.456333	H@1 0.430290	H@3 0.464898	H@5 0.482202	H@10 0.509229
INFO:meta-cli.py:Epoch 63/100	test results	MRR 0.459593	H@1 0.432036	H@3 0.469368	H@5 0.487396	H@10 0.513242
INFO:meta-cli.py:Epoch 64/100	Loss 2.4756 ± 0.1673
INFO:meta-cli.py:Epoch 65/100	Loss 2.4735 ± 0.1731
INFO:meta-cli.py:Epoch 66/100	Loss 2.4720 ± 0.1672
INFO:meta-cli.py:Epoch 66/100	dev results	MRR 0.457174	H@1 0.430784	H@3 0.466051	H@5 0.481872	H@10 0.509394
INFO:meta-cli.py:Epoch 66/100	test results	MRR 0.459628	H@1 0.431398	H@3 0.469368	H@5 0.487077	H@10 0.513720
INFO:meta-cli.py:Epoch 67/100	Loss 2.4698 ± 0.1691
INFO:meta-cli.py:Epoch 68/100	Loss 2.4682 ± 0.1697
INFO:meta-cli.py:Epoch 69/100	Loss 2.4663 ± 0.1671
INFO:meta-cli.py:Epoch 69/100	dev results	MRR 0.457972	H@1 0.432597	H@3 0.465722	H@5 0.481543	H@10 0.509558
INFO:meta-cli.py:Epoch 69/100	test results	MRR 0.460138	H@1 0.432355	H@3 0.469528	H@5 0.488673	H@10 0.512125
INFO:meta-cli.py:Epoch 70/100	Loss 2.4647 ± 0.1644
INFO:meta-cli.py:Epoch 71/100	Loss 2.4630 ± 0.1649
INFO:meta-cli.py:Epoch 72/100	Loss 2.4613 ± 0.1665
INFO:meta-cli.py:Epoch 72/100	dev results	MRR 0.457099	H@1 0.431444	H@3 0.465063	H@5 0.482037	H@10 0.509723
INFO:meta-cli.py:Epoch 72/100	test results	MRR 0.460103	H@1 0.431876	H@3 0.469528	H@5 0.490268	H@10 0.512923
INFO:meta-cli.py:Epoch 73/100	Loss 2.4594 ± 0.1664
INFO:meta-cli.py:Epoch 74/100	Loss 2.4580 ± 0.1675
INFO:meta-cli.py:Epoch 75/100	Loss 2.4563 ± 0.1668
INFO:meta-cli.py:Epoch 75/100	dev results	MRR 0.457991	H@1 0.431938	H@3 0.466711	H@5 0.483191	H@10 0.509888
INFO:meta-cli.py:Epoch 75/100	test results	MRR 0.460211	H@1 0.432036	H@3 0.469687	H@5 0.489311	H@10 0.513880
INFO:meta-cli.py:Epoch 76/100	Loss 2.4548 ± 0.1644
INFO:meta-cli.py:Epoch 77/100	Loss 2.4531 ± 0.1629
INFO:meta-cli.py:Epoch 78/100	Loss 2.4518 ± 0.1608
INFO:meta-cli.py:Epoch 78/100	dev results	MRR 0.457788	H@1 0.431608	H@3 0.465557	H@5 0.484179	H@10 0.510218
INFO:meta-cli.py:Epoch 78/100	test results	MRR 0.460119	H@1 0.431876	H@3 0.470325	H@5 0.490108	H@10 0.514678
INFO:meta-cli.py:Epoch 79/100	Loss 2.4502 ± 0.1667
INFO:meta-cli.py:Epoch 80/100	Loss 2.4488 ± 0.1636
INFO:meta-cli.py:Epoch 81/100	Loss 2.4470 ± 0.1650
INFO:meta-cli.py:Epoch 81/100	dev results	MRR 0.457908	H@1 0.431938	H@3 0.466216	H@5 0.482367	H@10 0.509723
INFO:meta-cli.py:Epoch 81/100	test results	MRR 0.460461	H@1 0.431876	H@3 0.470645	H@5 0.489949	H@10 0.514040
INFO:meta-cli.py:Epoch 82/100	Loss 2.4456 ± 0.1623
INFO:meta-cli.py:Epoch 83/100	Loss 2.4444 ± 0.1662
INFO:meta-cli.py:Epoch 84/100	Loss 2.4428 ± 0.1645
INFO:meta-cli.py:Epoch 84/100	dev results	MRR 0.458094	H@1 0.431608	H@3 0.466711	H@5 0.484344	H@10 0.509558
INFO:meta-cli.py:Epoch 84/100	test results	MRR 0.460578	H@1 0.432036	H@3 0.470645	H@5 0.490108	H@10 0.514678
INFO:meta-cli.py:Epoch 85/100	Loss 2.4416 ± 0.1631
INFO:meta-cli.py:Epoch 86/100	Loss 2.4402 ± 0.1670
INFO:meta-cli.py:Epoch 87/100	Loss 2.4390 ± 0.1655
INFO:meta-cli.py:Epoch 87/100	dev results	MRR 0.457966	H@1 0.431279	H@3 0.467205	H@5 0.484838	H@10 0.509394
INFO:meta-cli.py:Epoch 87/100	test results	MRR 0.460840	H@1 0.431557	H@3 0.470006	H@5 0.491225	H@10 0.515316
INFO:meta-cli.py:Epoch 88/100	Loss 2.4377 ± 0.1633
INFO:meta-cli.py:Epoch 89/100	Loss 2.4363 ± 0.1642
INFO:meta-cli.py:Epoch 90/100	Loss 2.4352 ± 0.1651
INFO:meta-cli.py:Epoch 90/100	dev results	MRR 0.457544	H@1 0.430949	H@3 0.466711	H@5 0.483355	H@10 0.509064
INFO:meta-cli.py:Epoch 90/100	test results	MRR 0.461409	H@1 0.432674	H@3 0.472080	H@5 0.490747	H@10 0.514678
INFO:meta-cli.py:Epoch 91/100	Loss 2.4339 ± 0.1654
INFO:meta-cli.py:Epoch 92/100	Loss 2.4327 ± 0.1669
INFO:meta-cli.py:Epoch 93/100	Loss 2.4315 ± 0.1603
INFO:meta-cli.py:Epoch 93/100	dev results	MRR 0.458260	H@1 0.431938	H@3 0.467205	H@5 0.483355	H@10 0.509888
INFO:meta-cli.py:Epoch 93/100	test results	MRR 0.461739	H@1 0.432993	H@3 0.472240	H@5 0.491704	H@10 0.515795
INFO:meta-cli.py:Epoch 94/100	Loss 2.4304 ± 0.1640
INFO:meta-cli.py:Epoch 95/100	Loss 2.4290 ± 0.1651
INFO:meta-cli.py:Epoch 96/100	Loss 2.4278 ± 0.1669
INFO:meta-cli.py:Epoch 96/100	dev results	MRR 0.458209	H@1 0.432103	H@3 0.466875	H@5 0.484015	H@10 0.510382
INFO:meta-cli.py:Epoch 96/100	test results	MRR 0.461248	H@1 0.432355	H@3 0.471921	H@5 0.491544	H@10 0.516433
INFO:meta-cli.py:Epoch 97/100	Loss 2.4268 ± 0.1631
INFO:meta-cli.py:Epoch 98/100	Loss 2.4255 ± 0.1653
INFO:meta-cli.py:Epoch 99/100	Loss 2.4246 ± 0.1650
INFO:meta-cli.py:Epoch 99/100	dev results	MRR 0.458260	H@1 0.431938	H@3 0.466711	H@5 0.484838	H@10 0.509558
INFO:meta-cli.py:Epoch 99/100	test results	MRR 0.461219	H@1 0.432514	H@3 0.471602	H@5 0.492502	H@10 0.516433
INFO:meta-cli.py:Epoch 100/100	Loss 2.4234 ± 0.1649
INFO:meta-cli.py:Final 	dev results	MRR 0.458456	H@1 0.432432	H@3 0.467040	H@5 0.483355	H@10 0.510547
INFO:meta-cli.py:Final 	test results	MRR 0.461596	H@1 0.432674	H@3 0.473516	H@5 0.491704	H@10 0.515954
INFO:meta-cli.py:Training finished
