./bin/meta-cli.py --train data/wn18rr/train.tsv --dev data/wn18rr/dev.tsv --test data/wn18rr/test.tsv -m complex -k 1000 -b 500 -e 100 --F2 0 --N3 0.1 -l 0.1 -I reciprocal -V 3 -o adagrad -q
{'F2': 0.0,
 'N3': 0.1,
 'batch_size': 500,
 'dev': 'data/wn18rr/dev.tsv',
 'embedding_size': 1000,
 'epochs': 100,
 'eval_batch_size': None,
 'input_type': 'reciprocal',
 'learning_rate': 0.1,
 'load': None,
 'model': 'complex',
 'optimizer': 'adagrad',
 'quiet': True,
 'save': None,
 'seed': 0,
 'test': 'data/wn18rr/test.tsv',
 'test_i': None,
 'test_ii': None,
 'train': 'data/wn18rr/train.tsv',
 'validate_every': 3}
INFO:meta-cli.py:Device: cuda
INFO:meta-cli.py:Model state:
INFO:meta-cli.py:	entities.weight	torch.Size([40943, 2000])
INFO:meta-cli.py:	predicates.weight	torch.Size([22, 2000])
INFO:meta-cli.py:Epoch 1/100	Loss 22.4449 ± 4.7908
INFO:meta-cli.py:Epoch 2/100	Loss 11.0889 ± 0.5524
INFO:meta-cli.py:Epoch 3/100	Loss 9.1794 ± 0.1241
INFO:meta-cli.py:Epoch 3/100	dev results	MRR 0.465021	H@1 0.427818	H@3 0.478576	H@5 0.506262	H@10 0.537574
INFO:meta-cli.py:Epoch 3/100	test results	MRR 0.464171	H@1 0.425495	H@3 0.480855	H@5 0.506860	H@10 0.541161
INFO:meta-cli.py:Epoch 4/100	Loss 8.5236 ± 0.1081
INFO:meta-cli.py:Epoch 5/100	Loss 8.1752 ± 0.1160
INFO:meta-cli.py:Epoch 6/100	Loss 7.9563 ± 0.1228
INFO:meta-cli.py:Epoch 6/100	dev results	MRR 0.472245	H@1 0.433586	H@3 0.484015	H@5 0.514008	H@10 0.552900
INFO:meta-cli.py:Epoch 6/100	test results	MRR 0.471944	H@1 0.430440	H@3 0.485641	H@5 0.516911	H@10 0.556158
INFO:meta-cli.py:Epoch 7/100	Loss 7.8066 ± 0.1266
INFO:meta-cli.py:Epoch 8/100	Loss 7.6961 ± 0.1369
INFO:meta-cli.py:Epoch 9/100	Loss 7.6113 ± 0.1244
INFO:meta-cli.py:Epoch 9/100	dev results	MRR 0.474151	H@1 0.434245	H@3 0.486816	H@5 0.516645	H@10 0.556032
INFO:meta-cli.py:Epoch 9/100	test results	MRR 0.475375	H@1 0.431557	H@3 0.493299	H@5 0.523133	H@10 0.560625
INFO:meta-cli.py:Epoch 10/100	Loss 7.5424 ± 0.1279
INFO:meta-cli.py:Epoch 11/100	Loss 7.4875 ± 0.1324
INFO:meta-cli.py:Epoch 12/100	Loss 7.4408 ± 0.1301
INFO:meta-cli.py:Epoch 12/100	dev results	MRR 0.474339	H@1 0.433751	H@3 0.486486	H@5 0.520270	H@10 0.557680
INFO:meta-cli.py:Epoch 12/100	test results	MRR 0.476474	H@1 0.433153	H@3 0.492502	H@5 0.522176	H@10 0.564295
INFO:meta-cli.py:Epoch 13/100	Loss 7.4005 ± 0.1223
INFO:meta-cli.py:Epoch 14/100	Loss 7.3676 ± 0.1269
INFO:meta-cli.py:Epoch 15/100	Loss 7.3375 ± 0.1299
INFO:meta-cli.py:Epoch 15/100	dev results	MRR 0.475281	H@1 0.434410	H@3 0.487146	H@5 0.521589	H@10 0.559822
INFO:meta-cli.py:Epoch 15/100	test results	MRR 0.474644	H@1 0.430121	H@3 0.490906	H@5 0.520740	H@10 0.566209
INFO:meta-cli.py:Epoch 16/100	Loss 7.3112 ± 0.1276
INFO:meta-cli.py:Epoch 17/100	Loss 7.2873 ± 0.1260
INFO:meta-cli.py:Epoch 18/100	Loss 7.2657 ± 0.1230
INFO:meta-cli.py:Epoch 18/100	dev results	MRR 0.474868	H@1 0.432103	H@3 0.489453	H@5 0.522083	H@10 0.561140
INFO:meta-cli.py:Epoch 18/100	test results	MRR 0.476397	H@1 0.432833	H@3 0.490747	H@5 0.522176	H@10 0.565571
INFO:meta-cli.py:Epoch 19/100	Loss 7.2471 ± 0.1211
INFO:meta-cli.py:Epoch 20/100	Loss 7.2290 ± 0.1225
INFO:meta-cli.py:Epoch 21/100	Loss 7.2127 ± 0.1192
INFO:meta-cli.py:Epoch 21/100	dev results	MRR 0.475624	H@1 0.432597	H@3 0.489618	H@5 0.521918	H@10 0.560811
INFO:meta-cli.py:Epoch 21/100	test results	MRR 0.476051	H@1 0.432036	H@3 0.491385	H@5 0.520740	H@10 0.567645
INFO:meta-cli.py:Epoch 22/100	Loss 7.1981 ± 0.1244
INFO:meta-cli.py:Epoch 23/100	Loss 7.1848 ± 0.1221
INFO:meta-cli.py:Epoch 24/100	Loss 7.1728 ± 0.1255
INFO:meta-cli.py:Epoch 24/100	dev results	MRR 0.475500	H@1 0.433586	H@3 0.488794	H@5 0.520435	H@10 0.561635
INFO:meta-cli.py:Epoch 24/100	test results	MRR 0.476931	H@1 0.431557	H@3 0.494257	H@5 0.524569	H@10 0.566050
INFO:meta-cli.py:Epoch 25/100	Loss 7.1599 ± 0.1172
INFO:meta-cli.py:Epoch 26/100	Loss 7.1486 ± 0.1192
INFO:meta-cli.py:Epoch 27/100	Loss 7.1390 ± 0.1145
INFO:meta-cli.py:Epoch 27/100	dev results	MRR 0.476819	H@1 0.433751	H@3 0.490771	H@5 0.522083	H@10 0.560646
INFO:meta-cli.py:Epoch 27/100	test results	MRR 0.477185	H@1 0.431876	H@3 0.494895	H@5 0.523133	H@10 0.567007
INFO:meta-cli.py:Epoch 28/100	Loss 7.1291 ± 0.1208
INFO:meta-cli.py:Epoch 29/100	Loss 7.1198 ± 0.1201
INFO:meta-cli.py:Epoch 30/100	Loss 7.1116 ± 0.1105
INFO:meta-cli.py:Epoch 30/100	dev results	MRR 0.476506	H@1 0.433751	H@3 0.491925	H@5 0.519941	H@10 0.561635
INFO:meta-cli.py:Epoch 30/100	test results	MRR 0.476037	H@1 0.431078	H@3 0.493299	H@5 0.522176	H@10 0.565731
INFO:meta-cli.py:Epoch 31/100	Loss 7.1034 ± 0.1244
INFO:meta-cli.py:Epoch 32/100	Loss 7.0951 ± 0.1191
INFO:meta-cli.py:Epoch 33/100	Loss 7.0877 ± 0.1146
INFO:meta-cli.py:Epoch 33/100	dev results	MRR 0.476261	H@1 0.432762	H@3 0.490442	H@5 0.522083	H@10 0.561800
INFO:meta-cli.py:Epoch 33/100	test results	MRR 0.475912	H@1 0.430600	H@3 0.492502	H@5 0.524250	H@10 0.567007
INFO:meta-cli.py:Epoch 34/100	Loss 7.0808 ± 0.1163
INFO:meta-cli.py:Epoch 35/100	Loss 7.0744 ± 0.1130
INFO:meta-cli.py:Epoch 36/100	Loss 7.0678 ± 0.1114
INFO:meta-cli.py:Epoch 36/100	dev results	MRR 0.476920	H@1 0.434410	H@3 0.489782	H@5 0.520765	H@10 0.560152
INFO:meta-cli.py:Epoch 36/100	test results	MRR 0.476982	H@1 0.432355	H@3 0.492342	H@5 0.522495	H@10 0.566050
INFO:meta-cli.py:Epoch 37/100	Loss 7.0621 ± 0.1150
INFO:meta-cli.py:Epoch 38/100	Loss 7.0556 ± 0.1157
INFO:meta-cli.py:Epoch 39/100	Loss 7.0502 ± 0.1161
INFO:meta-cli.py:Epoch 39/100	dev results	MRR 0.476395	H@1 0.432762	H@3 0.490442	H@5 0.522413	H@10 0.562624
INFO:meta-cli.py:Epoch 39/100	test results	MRR 0.476333	H@1 0.431717	H@3 0.491863	H@5 0.521219	H@10 0.568602
INFO:meta-cli.py:Epoch 40/100	Loss 7.0448 ± 0.1082
INFO:meta-cli.py:Epoch 41/100	Loss 7.0400 ± 0.1093
INFO:meta-cli.py:Epoch 42/100	Loss 7.0351 ± 0.1180
INFO:meta-cli.py:Epoch 42/100	dev results	MRR 0.476648	H@1 0.433421	H@3 0.490442	H@5 0.523237	H@10 0.561635
INFO:meta-cli.py:Epoch 42/100	test results	MRR 0.477542	H@1 0.432674	H@3 0.492821	H@5 0.523931	H@10 0.568602
INFO:meta-cli.py:Epoch 43/100	Loss 7.0306 ± 0.1182
INFO:meta-cli.py:Epoch 44/100	Loss 7.0254 ± 0.1058
INFO:meta-cli.py:Epoch 45/100	Loss 7.0200 ± 0.1075
INFO:meta-cli.py:Epoch 45/100	dev results	MRR 0.476782	H@1 0.433256	H@3 0.490442	H@5 0.522248	H@10 0.561800
INFO:meta-cli.py:Epoch 45/100	test results	MRR 0.476842	H@1 0.431078	H@3 0.493937	H@5 0.524250	H@10 0.567326
INFO:meta-cli.py:Epoch 46/100	Loss 7.0165 ± 0.1117
INFO:meta-cli.py:Epoch 47/100	Loss 7.0123 ± 0.1142
INFO:meta-cli.py:Epoch 48/100	Loss 7.0080 ± 0.1100
INFO:meta-cli.py:Epoch 48/100	dev results	MRR 0.476067	H@1 0.432762	H@3 0.489782	H@5 0.522413	H@10 0.563448
INFO:meta-cli.py:Epoch 48/100	test results	MRR 0.477513	H@1 0.432514	H@3 0.493937	H@5 0.523931	H@10 0.567167
INFO:meta-cli.py:Epoch 49/100	Loss 7.0044 ± 0.1096
INFO:meta-cli.py:Epoch 50/100	Loss 7.0005 ± 0.1094
INFO:meta-cli.py:Epoch 51/100	Loss 6.9965 ± 0.1075
INFO:meta-cli.py:Epoch 51/100	dev results	MRR 0.477469	H@1 0.433916	H@3 0.492254	H@5 0.523896	H@10 0.562953
INFO:meta-cli.py:Epoch 51/100	test results	MRR 0.477417	H@1 0.431876	H@3 0.494257	H@5 0.525367	H@10 0.568602
INFO:meta-cli.py:Epoch 52/100	Loss 6.9935 ± 0.0997
INFO:meta-cli.py:Epoch 53/100	Loss 6.9904 ± 0.1055
INFO:meta-cli.py:Epoch 54/100	Loss 6.9862 ± 0.1113
INFO:meta-cli.py:Epoch 54/100	dev results	MRR 0.476783	H@1 0.433751	H@3 0.489123	H@5 0.523237	H@10 0.562459
INFO:meta-cli.py:Epoch 54/100	test results	MRR 0.478168	H@1 0.433472	H@3 0.492023	H@5 0.524888	H@10 0.568443
INFO:meta-cli.py:Epoch 55/100	Loss 6.9832 ± 0.1079
INFO:meta-cli.py:Epoch 56/100	Loss 6.9804 ± 0.1046
INFO:meta-cli.py:Epoch 57/100	Loss 6.9765 ± 0.1003
INFO:meta-cli.py:Epoch 57/100	dev results	MRR 0.476637	H@1 0.433586	H@3 0.488629	H@5 0.522413	H@10 0.563283
INFO:meta-cli.py:Epoch 57/100	test results	MRR 0.478039	H@1 0.432674	H@3 0.492661	H@5 0.525526	H@10 0.567805
INFO:meta-cli.py:Epoch 58/100	Loss 6.9739 ± 0.1055
INFO:meta-cli.py:Epoch 59/100	Loss 6.9709 ± 0.1044
INFO:meta-cli.py:Epoch 60/100	Loss 6.9683 ± 0.1059
INFO:meta-cli.py:Epoch 60/100	dev results	MRR 0.476003	H@1 0.432268	H@3 0.489453	H@5 0.523731	H@10 0.562624
INFO:meta-cli.py:Epoch 60/100	test results	MRR 0.477489	H@1 0.432036	H@3 0.492980	H@5 0.524250	H@10 0.568124
INFO:meta-cli.py:Epoch 61/100	Loss 6.9659 ± 0.1046
INFO:meta-cli.py:Epoch 62/100	Loss 6.9632 ± 0.1037
INFO:meta-cli.py:Epoch 63/100	Loss 6.9606 ± 0.1071
INFO:meta-cli.py:Epoch 63/100	dev results	MRR 0.476940	H@1 0.433256	H@3 0.490606	H@5 0.524720	H@10 0.563777
INFO:meta-cli.py:Epoch 63/100	test results	MRR 0.476714	H@1 0.430759	H@3 0.493140	H@5 0.524250	H@10 0.568762
INFO:meta-cli.py:Epoch 64/100	Loss 6.9577 ± 0.1028
INFO:meta-cli.py:Epoch 65/100	Loss 6.9552 ± 0.1087
INFO:meta-cli.py:Epoch 66/100	Loss 6.9525 ± 0.1056
INFO:meta-cli.py:Epoch 66/100	dev results	MRR 0.477036	H@1 0.432927	H@3 0.490771	H@5 0.524720	H@10 0.563283
INFO:meta-cli.py:Epoch 66/100	test results	MRR 0.477847	H@1 0.432036	H@3 0.493937	H@5 0.526803	H@10 0.568922
INFO:meta-cli.py:Epoch 67/100	Loss 6.9502 ± 0.1046
INFO:meta-cli.py:Epoch 68/100	Loss 6.9478 ± 0.1088
INFO:meta-cli.py:Epoch 69/100	Loss 6.9457 ± 0.1044
INFO:meta-cli.py:Epoch 69/100	dev results	MRR 0.477725	H@1 0.435234	H@3 0.488958	H@5 0.524390	H@10 0.564107
INFO:meta-cli.py:Epoch 69/100	test results	MRR 0.476949	H@1 0.431398	H@3 0.492023	H@5 0.524091	H@10 0.568762
INFO:meta-cli.py:Epoch 70/100	Loss 6.9437 ± 0.1015
INFO:meta-cli.py:Epoch 71/100	Loss 6.9414 ± 0.1039
INFO:meta-cli.py:Epoch 72/100	Loss 6.9392 ± 0.1009
INFO:meta-cli.py:Epoch 72/100	dev results	MRR 0.478763	H@1 0.436223	H@3 0.491101	H@5 0.524720	H@10 0.564272
INFO:meta-cli.py:Epoch 72/100	test results	MRR 0.478082	H@1 0.432674	H@3 0.494257	H@5 0.525367	H@10 0.569241
INFO:meta-cli.py:Epoch 73/100	Loss 6.9371 ± 0.0993
INFO:meta-cli.py:Epoch 74/100	Loss 6.9351 ± 0.1052
INFO:meta-cli.py:Epoch 75/100	Loss 6.9330 ± 0.1041
INFO:meta-cli.py:Epoch 75/100	dev results	MRR 0.477136	H@1 0.433586	H@3 0.489453	H@5 0.524390	H@10 0.566084
INFO:meta-cli.py:Epoch 75/100	test results	MRR 0.478045	H@1 0.432833	H@3 0.492661	H@5 0.526643	H@10 0.569879
INFO:meta-cli.py:Epoch 76/100	Loss 6.9314 ± 0.1006
INFO:meta-cli.py:Epoch 77/100	Loss 6.9288 ± 0.0965
INFO:meta-cli.py:Epoch 78/100	Loss 6.9276 ± 0.0967
INFO:meta-cli.py:Epoch 78/100	dev results	MRR 0.477678	H@1 0.434080	H@3 0.490277	H@5 0.524555	H@10 0.564601
INFO:meta-cli.py:Epoch 78/100	test results	MRR 0.477267	H@1 0.430919	H@3 0.494416	H@5 0.526484	H@10 0.569400
INFO:meta-cli.py:Epoch 79/100	Loss 6.9253 ± 0.1028
INFO:meta-cli.py:Epoch 80/100	Loss 6.9235 ± 0.0956
INFO:meta-cli.py:Epoch 81/100	Loss 6.9215 ± 0.1067
INFO:meta-cli.py:Epoch 81/100	dev results	MRR 0.476670	H@1 0.432762	H@3 0.489453	H@5 0.524390	H@10 0.564601
INFO:meta-cli.py:Epoch 81/100	test results	MRR 0.477847	H@1 0.432993	H@3 0.491704	H@5 0.526324	H@10 0.567964
INFO:meta-cli.py:Epoch 82/100	Loss 6.9195 ± 0.1044
INFO:meta-cli.py:Epoch 83/100	Loss 6.9182 ± 0.1020
INFO:meta-cli.py:Epoch 84/100	Loss 6.9162 ± 0.1023
INFO:meta-cli.py:Epoch 84/100	dev results	MRR 0.478521	H@1 0.435234	H@3 0.491595	H@5 0.526203	H@10 0.563448
INFO:meta-cli.py:Epoch 84/100	test results	MRR 0.477904	H@1 0.431876	H@3 0.494576	H@5 0.526962	H@10 0.568124
INFO:meta-cli.py:Epoch 85/100	Loss 6.9146 ± 0.0989
INFO:meta-cli.py:Epoch 86/100	Loss 6.9133 ± 0.1024
INFO:meta-cli.py:Epoch 87/100	Loss 6.9114 ± 0.0996
INFO:meta-cli.py:Epoch 87/100	dev results	MRR 0.478056	H@1 0.434575	H@3 0.490771	H@5 0.524555	H@10 0.566249
INFO:meta-cli.py:Epoch 87/100	test results	MRR 0.477048	H@1 0.431557	H@3 0.492661	H@5 0.526803	H@10 0.569081
INFO:meta-cli.py:Epoch 88/100	Loss 6.9098 ± 0.1055
INFO:meta-cli.py:Epoch 89/100	Loss 6.9080 ± 0.0999
INFO:meta-cli.py:Epoch 90/100	Loss 6.9069 ± 0.0989
INFO:meta-cli.py:Epoch 90/100	dev results	MRR 0.477552	H@1 0.433751	H@3 0.489618	H@5 0.523566	H@10 0.564436
INFO:meta-cli.py:Epoch 90/100	test results	MRR 0.478026	H@1 0.432195	H@3 0.492502	H@5 0.525846	H@10 0.568762
INFO:meta-cli.py:Epoch 91/100	Loss 6.9052 ± 0.0986
INFO:meta-cli.py:Epoch 92/100	Loss 6.9038 ± 0.1042
INFO:meta-cli.py:Epoch 93/100	Loss 6.9027 ± 0.0951
INFO:meta-cli.py:Epoch 93/100	dev results	MRR 0.477033	H@1 0.433421	H@3 0.488464	H@5 0.524390	H@10 0.564601
INFO:meta-cli.py:Epoch 93/100	test results	MRR 0.478044	H@1 0.432195	H@3 0.496011	H@5 0.528079	H@10 0.568124
INFO:meta-cli.py:Epoch 94/100	Loss 6.9011 ± 0.0949
INFO:meta-cli.py:Epoch 95/100	Loss 6.8994 ± 0.1010
INFO:meta-cli.py:Epoch 96/100	Loss 6.8980 ± 0.0992
INFO:meta-cli.py:Epoch 96/100	dev results	MRR 0.477694	H@1 0.434245	H@3 0.490112	H@5 0.526203	H@10 0.563118
INFO:meta-cli.py:Epoch 96/100	test results	MRR 0.477732	H@1 0.431876	H@3 0.494576	H@5 0.525526	H@10 0.568602
INFO:meta-cli.py:Epoch 97/100	Loss 6.8968 ± 0.1011
INFO:meta-cli.py:Epoch 98/100	Loss 6.8951 ± 0.1057
INFO:meta-cli.py:Epoch 99/100	Loss 6.8940 ± 0.0987
INFO:meta-cli.py:Epoch 99/100	dev results	MRR 0.477834	H@1 0.434245	H@3 0.491595	H@5 0.524390	H@10 0.563612
INFO:meta-cli.py:Epoch 99/100	test results	MRR 0.478073	H@1 0.432195	H@3 0.495214	H@5 0.526005	H@10 0.568922
INFO:meta-cli.py:Epoch 100/100	Loss 6.8924 ± 0.1013
INFO:meta-cli.py:Final 	dev results	MRR 0.477330	H@1 0.433586	H@3 0.490442	H@5 0.524720	H@10 0.564931
INFO:meta-cli.py:Final 	test results	MRR 0.477623	H@1 0.431717	H@3 0.493937	H@5 0.525846	H@10 0.568602
INFO:meta-cli.py:Training finished
