./bin/meta-cli.py --train data/wn18rr/train.tsv --dev data/wn18rr/dev.tsv --test data/wn18rr/test.tsv -m complex -k 2000 -b 100 -e 100 --F2 0 --N3 0.001 -l 0.1 -I reciprocal -V 3 -o adagrad -q
{'F2': 0.0,
 'N3': 0.001,
 'batch_size': 100,
 'dev': 'data/wn18rr/dev.tsv',
 'embedding_size': 2000,
 'epochs': 100,
 'eval_batch_size': None,
 'input_type': 'reciprocal',
 'learning_rate': 0.1,
 'load': None,
 'model': 'complex',
 'optimizer': 'adagrad',
 'quiet': True,
 'save': None,
 'seed': 0,
 'test': 'data/wn18rr/test.tsv',
 'test_i': None,
 'test_ii': None,
 'train': 'data/wn18rr/train.tsv',
 'validate_every': 3}
INFO:meta-cli.py:Device: cuda
INFO:meta-cli.py:Model state:
INFO:meta-cli.py:	entities.weight	torch.Size([40943, 4000])
INFO:meta-cli.py:	predicates.weight	torch.Size([22, 4000])
INFO:meta-cli.py:Epoch 1/100	Loss 13.2064 ± 4.2296
INFO:meta-cli.py:Epoch 2/100	Loss 4.2447 ± 0.3359
INFO:meta-cli.py:Epoch 3/100	Loss 3.5385 ± 0.2205
INFO:meta-cli.py:Epoch 3/100	dev results	MRR 0.429607	H@1 0.406724	H@3 0.437706	H@5 0.450725	H@10 0.472479
INFO:meta-cli.py:Epoch 3/100	test results	MRR 0.430290	H@1 0.407945	H@3 0.437141	H@5 0.451181	H@10 0.471602
INFO:meta-cli.py:Epoch 4/100	Loss 3.2996 ± 0.2097
INFO:meta-cli.py:Epoch 5/100	Loss 3.1686 ± 0.2033
INFO:meta-cli.py:Epoch 6/100	Loss 3.0788 ± 0.2025
INFO:meta-cli.py:Epoch 6/100	dev results	MRR 0.437946	H@1 0.412492	H@3 0.446605	H@5 0.461107	H@10 0.486322
INFO:meta-cli.py:Epoch 6/100	test results	MRR 0.437344	H@1 0.413529	H@3 0.444799	H@5 0.458041	H@10 0.481334
INFO:meta-cli.py:Epoch 7/100	Loss 3.0127 ± 0.1962
INFO:meta-cli.py:Epoch 8/100	Loss 2.9579 ± 0.2017
INFO:meta-cli.py:Epoch 9/100	Loss 2.9162 ± 0.1900
INFO:meta-cli.py:Epoch 9/100	dev results	MRR 0.440081	H@1 0.414634	H@3 0.448583	H@5 0.465063	H@10 0.487146
INFO:meta-cli.py:Epoch 9/100	test results	MRR 0.441498	H@1 0.417198	H@3 0.448149	H@5 0.465699	H@10 0.487556
INFO:meta-cli.py:Epoch 10/100	Loss 2.8764 ± 0.1908
INFO:meta-cli.py:Epoch 11/100	Loss 2.8450 ± 0.1933
INFO:meta-cli.py:Epoch 12/100	Loss 2.8173 ± 0.1949
INFO:meta-cli.py:Epoch 12/100	dev results	MRR 0.444115	H@1 0.417436	H@3 0.452373	H@5 0.467864	H@10 0.496704
INFO:meta-cli.py:Epoch 12/100	test results	MRR 0.445062	H@1 0.419272	H@3 0.454690	H@5 0.469687	H@10 0.493459
INFO:meta-cli.py:Epoch 13/100	Loss 2.7926 ± 0.1901
INFO:meta-cli.py:Epoch 14/100	Loss 2.7706 ± 0.1890
INFO:meta-cli.py:Epoch 15/100	Loss 2.7504 ± 0.1923
INFO:meta-cli.py:Epoch 15/100	dev results	MRR 0.447453	H@1 0.421885	H@3 0.455175	H@5 0.472808	H@10 0.498352
INFO:meta-cli.py:Epoch 15/100	test results	MRR 0.448023	H@1 0.422144	H@3 0.456924	H@5 0.471442	H@10 0.499362
INFO:meta-cli.py:Epoch 16/100	Loss 2.7310 ± 0.1857
INFO:meta-cli.py:Epoch 17/100	Loss 2.7149 ± 0.1868
INFO:meta-cli.py:Epoch 18/100	Loss 2.6987 ± 0.1935
INFO:meta-cli.py:Epoch 18/100	dev results	MRR 0.450005	H@1 0.423863	H@3 0.459624	H@5 0.474786	H@10 0.500659
INFO:meta-cli.py:Epoch 18/100	test results	MRR 0.450697	H@1 0.424537	H@3 0.459158	H@5 0.475271	H@10 0.500957
INFO:meta-cli.py:Epoch 19/100	Loss 2.6851 ± 0.1806
INFO:meta-cli.py:Epoch 20/100	Loss 2.6709 ± 0.1863
INFO:meta-cli.py:Epoch 21/100	Loss 2.6580 ± 0.1835
INFO:meta-cli.py:Epoch 21/100	dev results	MRR 0.450976	H@1 0.424687	H@3 0.458635	H@5 0.477093	H@10 0.502966
INFO:meta-cli.py:Epoch 21/100	test results	MRR 0.451733	H@1 0.425814	H@3 0.459477	H@5 0.476228	H@10 0.504148
INFO:meta-cli.py:Epoch 22/100	Loss 2.6465 ± 0.1877
INFO:meta-cli.py:Epoch 23/100	Loss 2.6354 ± 0.1851
INFO:meta-cli.py:Epoch 24/100	Loss 2.6251 ± 0.1868
INFO:meta-cli.py:Epoch 24/100	dev results	MRR 0.451919	H@1 0.424852	H@3 0.462096	H@5 0.475939	H@10 0.502802
INFO:meta-cli.py:Epoch 24/100	test results	MRR 0.453259	H@1 0.426930	H@3 0.461870	H@5 0.477345	H@10 0.504627
INFO:meta-cli.py:Epoch 25/100	Loss 2.6144 ± 0.1859
INFO:meta-cli.py:Epoch 26/100	Loss 2.6048 ± 0.1822
INFO:meta-cli.py:Epoch 27/100	Loss 2.5961 ± 0.1786
INFO:meta-cli.py:Epoch 27/100	dev results	MRR 0.454095	H@1 0.427159	H@3 0.463744	H@5 0.480389	H@10 0.505109
INFO:meta-cli.py:Epoch 27/100	test results	MRR 0.454255	H@1 0.426771	H@3 0.463784	H@5 0.480696	H@10 0.506063
INFO:meta-cli.py:Epoch 28/100	Loss 2.5879 ± 0.1835
INFO:meta-cli.py:Epoch 29/100	Loss 2.5800 ± 0.1868
INFO:meta-cli.py:Epoch 30/100	Loss 2.5723 ± 0.1770
INFO:meta-cli.py:Epoch 30/100	dev results	MRR 0.453734	H@1 0.426664	H@3 0.463909	H@5 0.479730	H@10 0.506098
INFO:meta-cli.py:Epoch 30/100	test results	MRR 0.454596	H@1 0.428047	H@3 0.461710	H@5 0.482131	H@10 0.505903
INFO:meta-cli.py:Epoch 31/100	Loss 2.5646 ± 0.1831
INFO:meta-cli.py:Epoch 32/100	Loss 2.5575 ± 0.1848
INFO:meta-cli.py:Epoch 33/100	Loss 2.5507 ± 0.1794
INFO:meta-cli.py:Epoch 33/100	dev results	MRR 0.454964	H@1 0.428148	H@3 0.464898	H@5 0.480059	H@10 0.506922
INFO:meta-cli.py:Epoch 33/100	test results	MRR 0.454639	H@1 0.426292	H@3 0.465858	H@5 0.484205	H@10 0.507817
INFO:meta-cli.py:Epoch 34/100	Loss 2.5441 ± 0.1817
INFO:meta-cli.py:Epoch 35/100	Loss 2.5381 ± 0.1774
INFO:meta-cli.py:Epoch 36/100	Loss 2.5318 ± 0.1812
INFO:meta-cli.py:Epoch 36/100	dev results	MRR 0.455843	H@1 0.429301	H@3 0.465227	H@5 0.479400	H@10 0.507086
INFO:meta-cli.py:Epoch 36/100	test results	MRR 0.457105	H@1 0.429324	H@3 0.466975	H@5 0.486120	H@10 0.509892
INFO:meta-cli.py:Epoch 37/100	Loss 2.5265 ± 0.1787
INFO:meta-cli.py:Epoch 38/100	Loss 2.5205 ± 0.1773
INFO:meta-cli.py:Epoch 39/100	Loss 2.5154 ± 0.1789
INFO:meta-cli.py:Epoch 39/100	dev results	MRR 0.456003	H@1 0.429796	H@3 0.464568	H@5 0.481048	H@10 0.506922
INFO:meta-cli.py:Epoch 39/100	test results	MRR 0.455999	H@1 0.427090	H@3 0.467613	H@5 0.485482	H@10 0.509094
INFO:meta-cli.py:Epoch 40/100	Loss 2.5098 ± 0.1749
INFO:meta-cli.py:Epoch 41/100	Loss 2.5050 ± 0.1796
INFO:meta-cli.py:Epoch 42/100	Loss 2.5001 ± 0.1837
INFO:meta-cli.py:Epoch 42/100	dev results	MRR 0.456556	H@1 0.430290	H@3 0.464733	H@5 0.481543	H@10 0.506427
INFO:meta-cli.py:Epoch 42/100	test results	MRR 0.457273	H@1 0.429004	H@3 0.466816	H@5 0.486439	H@10 0.511327
INFO:meta-cli.py:Epoch 43/100	Loss 2.4954 ± 0.1805
INFO:meta-cli.py:Epoch 44/100	Loss 2.4908 ± 0.1773
INFO:meta-cli.py:Epoch 45/100	Loss 2.4857 ± 0.1735
INFO:meta-cli.py:Epoch 45/100	dev results	MRR 0.457815	H@1 0.430949	H@3 0.467535	H@5 0.481707	H@10 0.509394
INFO:meta-cli.py:Epoch 45/100	test results	MRR 0.458836	H@1 0.430440	H@3 0.468730	H@5 0.488673	H@10 0.512285
INFO:meta-cli.py:Epoch 46/100	Loss 2.4818 ± 0.1741
INFO:meta-cli.py:Epoch 47/100	Loss 2.4780 ± 0.1763
INFO:meta-cli.py:Epoch 48/100	Loss 2.4740 ± 0.1797
INFO:meta-cli.py:Epoch 48/100	dev results	MRR 0.457340	H@1 0.430620	H@3 0.468194	H@5 0.482202	H@10 0.511371
INFO:meta-cli.py:Epoch 48/100	test results	MRR 0.458320	H@1 0.430281	H@3 0.469847	H@5 0.487875	H@10 0.514040
INFO:meta-cli.py:Epoch 49/100	Loss 2.4698 ± 0.1799
INFO:meta-cli.py:Epoch 50/100	Loss 2.4661 ± 0.1709
INFO:meta-cli.py:Epoch 51/100	Loss 2.4618 ± 0.1786
INFO:meta-cli.py:Epoch 51/100	dev results	MRR 0.458172	H@1 0.431444	H@3 0.468194	H@5 0.484179	H@10 0.509064
INFO:meta-cli.py:Epoch 51/100	test results	MRR 0.459671	H@1 0.431557	H@3 0.470006	H@5 0.489311	H@10 0.513401
INFO:meta-cli.py:Epoch 52/100	Loss 2.4587 ± 0.1698
INFO:meta-cli.py:Epoch 53/100	Loss 2.4551 ± 0.1725
INFO:meta-cli.py:Epoch 54/100	Loss 2.4514 ± 0.1749
INFO:meta-cli.py:Epoch 54/100	dev results	MRR 0.457872	H@1 0.431279	H@3 0.467535	H@5 0.483355	H@10 0.508570
INFO:meta-cli.py:Epoch 54/100	test results	MRR 0.459226	H@1 0.430440	H@3 0.469847	H@5 0.490108	H@10 0.515316
INFO:meta-cli.py:Epoch 55/100	Loss 2.4483 ± 0.1751
INFO:meta-cli.py:Epoch 56/100	Loss 2.4451 ± 0.1751
INFO:meta-cli.py:Epoch 57/100	Loss 2.4416 ± 0.1664
INFO:meta-cli.py:Epoch 57/100	dev results	MRR 0.458160	H@1 0.431444	H@3 0.467040	H@5 0.483520	H@10 0.509558
INFO:meta-cli.py:Epoch 57/100	test results	MRR 0.459789	H@1 0.430919	H@3 0.469687	H@5 0.491066	H@10 0.516911
INFO:meta-cli.py:Epoch 58/100	Loss 2.4385 ± 0.1740
INFO:meta-cli.py:Epoch 59/100	Loss 2.4355 ± 0.1743
INFO:meta-cli.py:Epoch 60/100	Loss 2.4326 ± 0.1677
INFO:meta-cli.py:Epoch 60/100	dev results	MRR 0.458030	H@1 0.430455	H@3 0.469018	H@5 0.484179	H@10 0.510547
INFO:meta-cli.py:Epoch 60/100	test results	MRR 0.459656	H@1 0.430759	H@3 0.469687	H@5 0.491544	H@10 0.516911
INFO:meta-cli.py:Epoch 61/100	Loss 2.4303 ± 0.1706
INFO:meta-cli.py:Epoch 62/100	Loss 2.4273 ± 0.1664
INFO:meta-cli.py:Epoch 63/100	Loss 2.4243 ± 0.1717
INFO:meta-cli.py:Epoch 63/100	dev results	MRR 0.458578	H@1 0.431279	H@3 0.469347	H@5 0.484838	H@10 0.511866
INFO:meta-cli.py:Epoch 63/100	test results	MRR 0.460525	H@1 0.431398	H@3 0.470485	H@5 0.491544	H@10 0.517709
INFO:meta-cli.py:Epoch 64/100	Loss 2.4214 ± 0.1713
INFO:meta-cli.py:Epoch 65/100	Loss 2.4187 ± 0.1772
INFO:meta-cli.py:Epoch 66/100	Loss 2.4166 ± 0.1710
INFO:meta-cli.py:Epoch 66/100	dev results	MRR 0.459173	H@1 0.431938	H@3 0.469842	H@5 0.485498	H@10 0.512195
INFO:meta-cli.py:Epoch 66/100	test results	MRR 0.460662	H@1 0.431238	H@3 0.470804	H@5 0.491066	H@10 0.518028
INFO:meta-cli.py:Epoch 67/100	Loss 2.4136 ± 0.1730
INFO:meta-cli.py:Epoch 68/100	Loss 2.4115 ± 0.1739
INFO:meta-cli.py:Epoch 69/100	Loss 2.4088 ± 0.1708
INFO:meta-cli.py:Epoch 69/100	dev results	MRR 0.459379	H@1 0.432432	H@3 0.468853	H@5 0.483685	H@10 0.511701
INFO:meta-cli.py:Epoch 69/100	test results	MRR 0.460759	H@1 0.431238	H@3 0.471123	H@5 0.492661	H@10 0.517709
INFO:meta-cli.py:Epoch 70/100	Loss 2.4067 ± 0.1683
INFO:meta-cli.py:Epoch 71/100	Loss 2.4044 ± 0.1690
INFO:meta-cli.py:Epoch 72/100	Loss 2.4020 ± 0.1707
INFO:meta-cli.py:Epoch 72/100	dev results	MRR 0.459055	H@1 0.431114	H@3 0.470336	H@5 0.484509	H@10 0.512195
INFO:meta-cli.py:Epoch 72/100	test results	MRR 0.460831	H@1 0.430919	H@3 0.472399	H@5 0.492821	H@10 0.519783
INFO:meta-cli.py:Epoch 73/100	Loss 2.3995 ± 0.1703
INFO:meta-cli.py:Epoch 74/100	Loss 2.3976 ± 0.1720
INFO:meta-cli.py:Epoch 75/100	Loss 2.3955 ± 0.1708
INFO:meta-cli.py:Epoch 75/100	dev results	MRR 0.460413	H@1 0.433421	H@3 0.469842	H@5 0.485827	H@10 0.512195
INFO:meta-cli.py:Epoch 75/100	test results	MRR 0.461275	H@1 0.431238	H@3 0.473038	H@5 0.492023	H@10 0.519943
INFO:meta-cli.py:Epoch 76/100	Loss 2.3933 ± 0.1683
INFO:meta-cli.py:Epoch 77/100	Loss 2.3912 ± 0.1670
INFO:meta-cli.py:Epoch 78/100	Loss 2.3893 ± 0.1644
INFO:meta-cli.py:Epoch 78/100	dev results	MRR 0.459696	H@1 0.431608	H@3 0.471160	H@5 0.487805	H@10 0.513019
INFO:meta-cli.py:Epoch 78/100	test results	MRR 0.462223	H@1 0.432514	H@3 0.473676	H@5 0.495533	H@10 0.519464
INFO:meta-cli.py:Epoch 79/100	Loss 2.3871 ± 0.1706
INFO:meta-cli.py:Epoch 80/100	Loss 2.3854 ± 0.1674
INFO:meta-cli.py:Epoch 81/100	Loss 2.3830 ± 0.1690
INFO:meta-cli.py:Epoch 81/100	dev results	MRR 0.460647	H@1 0.433256	H@3 0.470995	H@5 0.487640	H@10 0.512195
INFO:meta-cli.py:Epoch 81/100	test results	MRR 0.462166	H@1 0.431876	H@3 0.473835	H@5 0.495533	H@10 0.520740
INFO:meta-cli.py:Epoch 82/100	Loss 2.3812 ± 0.1664
INFO:meta-cli.py:Epoch 83/100	Loss 2.3796 ± 0.1704
INFO:meta-cli.py:Epoch 84/100	Loss 2.3775 ± 0.1687
INFO:meta-cli.py:Epoch 84/100	dev results	MRR 0.460844	H@1 0.433256	H@3 0.471490	H@5 0.488464	H@10 0.513514
INFO:meta-cli.py:Epoch 84/100	test results	MRR 0.462494	H@1 0.432514	H@3 0.474474	H@5 0.494257	H@10 0.519145
INFO:meta-cli.py:Epoch 85/100	Loss 2.3759 ± 0.1671
INFO:meta-cli.py:Epoch 86/100	Loss 2.3741 ± 0.1708
INFO:meta-cli.py:Epoch 87/100	Loss 2.3724 ± 0.1696
INFO:meta-cli.py:Epoch 87/100	dev results	MRR 0.461053	H@1 0.433421	H@3 0.471655	H@5 0.488629	H@10 0.514008
INFO:meta-cli.py:Epoch 87/100	test results	MRR 0.462757	H@1 0.431876	H@3 0.476069	H@5 0.495533	H@10 0.522017
INFO:meta-cli.py:Epoch 88/100	Loss 2.3708 ± 0.1673
INFO:meta-cli.py:Epoch 89/100	Loss 2.3689 ± 0.1681
INFO:meta-cli.py:Epoch 90/100	Loss 2.3675 ± 0.1690
INFO:meta-cli.py:Epoch 90/100	dev results	MRR 0.461120	H@1 0.433751	H@3 0.471984	H@5 0.486651	H@10 0.513514
INFO:meta-cli.py:Epoch 90/100	test results	MRR 0.463101	H@1 0.432833	H@3 0.474952	H@5 0.495214	H@10 0.521059
INFO:meta-cli.py:Epoch 91/100	Loss 2.3658 ± 0.1692
INFO:meta-cli.py:Epoch 92/100	Loss 2.3642 ± 0.1710
INFO:meta-cli.py:Epoch 93/100	Loss 2.3627 ± 0.1641
INFO:meta-cli.py:Epoch 93/100	dev results	MRR 0.461662	H@1 0.434245	H@3 0.472643	H@5 0.489618	H@10 0.514173
INFO:meta-cli.py:Epoch 93/100	test results	MRR 0.463591	H@1 0.433472	H@3 0.475590	H@5 0.495852	H@10 0.522336
INFO:meta-cli.py:Epoch 94/100	Loss 2.3613 ± 0.1678
INFO:meta-cli.py:Epoch 95/100	Loss 2.3595 ± 0.1690
INFO:meta-cli.py:Epoch 96/100	Loss 2.3580 ± 0.1708
INFO:meta-cli.py:Epoch 96/100	dev results	MRR 0.462030	H@1 0.434904	H@3 0.472643	H@5 0.489123	H@10 0.513514
INFO:meta-cli.py:Epoch 96/100	test results	MRR 0.463579	H@1 0.433312	H@3 0.475271	H@5 0.495692	H@10 0.521698
INFO:meta-cli.py:Epoch 97/100	Loss 2.3566 ± 0.1672
INFO:meta-cli.py:Epoch 98/100	Loss 2.3550 ± 0.1693
INFO:meta-cli.py:Epoch 99/100	Loss 2.3538 ± 0.1688
INFO:meta-cli.py:Epoch 99/100	dev results	MRR 0.461800	H@1 0.434080	H@3 0.473632	H@5 0.489782	H@10 0.513514
INFO:meta-cli.py:Epoch 99/100	test results	MRR 0.463627	H@1 0.433153	H@3 0.475271	H@5 0.495852	H@10 0.522017
INFO:meta-cli.py:Epoch 100/100	Loss 2.3522 ± 0.1689
INFO:meta-cli.py:Final 	dev results	MRR 0.461820	H@1 0.434080	H@3 0.472643	H@5 0.488958	H@10 0.514502
INFO:meta-cli.py:Final 	test results	MRR 0.463580	H@1 0.432833	H@3 0.476228	H@5 0.495852	H@10 0.523293
INFO:meta-cli.py:Training finished
