./bin/meta-cli.py --train data/wn18rr/train.tsv --dev data/wn18rr/dev.tsv --test data/wn18rr/test.tsv -m complex -k 1000 -b 100 -e 100 --F2 0.001 --N3 0 -l 0.1 -I reciprocal -V 3 -o adagrad -q
{'F2': 0.001,
 'N3': 0.0,
 'batch_size': 100,
 'dev': 'data/wn18rr/dev.tsv',
 'embedding_size': 1000,
 'epochs': 100,
 'eval_batch_size': None,
 'input_type': 'reciprocal',
 'learning_rate': 0.1,
 'load': None,
 'model': 'complex',
 'optimizer': 'adagrad',
 'quiet': True,
 'save': None,
 'seed': 0,
 'test': 'data/wn18rr/test.tsv',
 'test_i': None,
 'test_ii': None,
 'train': 'data/wn18rr/train.tsv',
 'validate_every': 3}
INFO:meta-cli.py:Device: cuda
INFO:meta-cli.py:Model state:
INFO:meta-cli.py:	entities.weight	torch.Size([40943, 2000])
INFO:meta-cli.py:	predicates.weight	torch.Size([22, 2000])
INFO:meta-cli.py:Epoch 1/100	Loss 13.1839 ± 4.2425
INFO:meta-cli.py:Epoch 2/100	Loss 4.2170 ± 0.3175
INFO:meta-cli.py:Epoch 3/100	Loss 3.5500 ± 0.2188
INFO:meta-cli.py:Epoch 3/100	dev results	MRR 0.431171	H@1 0.408701	H@3 0.437706	H@5 0.452868	H@10 0.472149
INFO:meta-cli.py:Epoch 3/100	test results	MRR 0.431580	H@1 0.409221	H@3 0.437939	H@5 0.454052	H@10 0.475112
INFO:meta-cli.py:Epoch 4/100	Loss 3.3265 ± 0.2106
INFO:meta-cli.py:Epoch 5/100	Loss 3.2058 ± 0.2039
INFO:meta-cli.py:Epoch 6/100	Loss 3.1247 ± 0.2037
INFO:meta-cli.py:Epoch 6/100	dev results	MRR 0.439307	H@1 0.414140	H@3 0.450231	H@5 0.460943	H@10 0.487805
INFO:meta-cli.py:Epoch 6/100	test results	MRR 0.438196	H@1 0.414327	H@3 0.447033	H@5 0.460913	H@10 0.483567
INFO:meta-cli.py:Epoch 7/100	Loss 3.0655 ± 0.1967
INFO:meta-cli.py:Epoch 8/100	Loss 3.0174 ± 0.2023
INFO:meta-cli.py:Epoch 9/100	Loss 2.9809 ± 0.1909
INFO:meta-cli.py:Epoch 9/100	dev results	MRR 0.441142	H@1 0.416282	H@3 0.449736	H@5 0.462755	H@10 0.487805
INFO:meta-cli.py:Epoch 9/100	test results	MRR 0.442476	H@1 0.417837	H@3 0.451500	H@5 0.469209	H@10 0.488354
INFO:meta-cli.py:Epoch 10/100	Loss 2.9461 ± 0.1910
INFO:meta-cli.py:Epoch 11/100	Loss 2.9192 ± 0.1931
INFO:meta-cli.py:Epoch 12/100	Loss 2.8952 ± 0.1948
INFO:meta-cli.py:Epoch 12/100	dev results	MRR 0.444193	H@1 0.418425	H@3 0.452703	H@5 0.468029	H@10 0.496704
INFO:meta-cli.py:Epoch 12/100	test results	MRR 0.445991	H@1 0.420549	H@3 0.455967	H@5 0.471283	H@10 0.493299
INFO:meta-cli.py:Epoch 13/100	Loss 2.8739 ± 0.1899
INFO:meta-cli.py:Epoch 14/100	Loss 2.8554 ± 0.1885
INFO:meta-cli.py:Epoch 15/100	Loss 2.8379 ± 0.1917
INFO:meta-cli.py:Epoch 15/100	dev results	MRR 0.446879	H@1 0.420567	H@3 0.454845	H@5 0.473467	H@10 0.496869
INFO:meta-cli.py:Epoch 15/100	test results	MRR 0.448606	H@1 0.422942	H@3 0.458679	H@5 0.474154	H@10 0.496490
INFO:meta-cli.py:Epoch 16/100	Loss 2.8216 ± 0.1852
INFO:meta-cli.py:Epoch 17/100	Loss 2.8078 ± 0.1860
INFO:meta-cli.py:Epoch 18/100	Loss 2.7940 ± 0.1921
INFO:meta-cli.py:Epoch 18/100	dev results	MRR 0.449548	H@1 0.423698	H@3 0.457152	H@5 0.474951	H@10 0.499011
INFO:meta-cli.py:Epoch 18/100	test results	MRR 0.450632	H@1 0.424856	H@3 0.460434	H@5 0.477186	H@10 0.497766
INFO:meta-cli.py:Epoch 19/100	Loss 2.7824 ± 0.1797
INFO:meta-cli.py:Epoch 20/100	Loss 2.7703 ± 0.1851
INFO:meta-cli.py:Epoch 21/100	Loss 2.7594 ± 0.1817
INFO:meta-cli.py:Epoch 21/100	dev results	MRR 0.450136	H@1 0.424192	H@3 0.458471	H@5 0.475775	H@10 0.501318
INFO:meta-cli.py:Epoch 21/100	test results	MRR 0.452601	H@1 0.426930	H@3 0.462029	H@5 0.478143	H@10 0.501117
INFO:meta-cli.py:Epoch 22/100	Loss 2.7498 ± 0.1857
INFO:meta-cli.py:Epoch 23/100	Loss 2.7403 ± 0.1835
INFO:meta-cli.py:Epoch 24/100	Loss 2.7314 ± 0.1847
INFO:meta-cli.py:Epoch 24/100	dev results	MRR 0.450955	H@1 0.424687	H@3 0.460119	H@5 0.477587	H@10 0.499670
INFO:meta-cli.py:Epoch 24/100	test results	MRR 0.453020	H@1 0.426611	H@3 0.462668	H@5 0.478462	H@10 0.502234
INFO:meta-cli.py:Epoch 25/100	Loss 2.7224 ± 0.1837
INFO:meta-cli.py:Epoch 26/100	Loss 2.7141 ± 0.1803
INFO:meta-cli.py:Epoch 27/100	Loss 2.7068 ± 0.1765
INFO:meta-cli.py:Epoch 27/100	dev results	MRR 0.452401	H@1 0.425181	H@3 0.461437	H@5 0.480554	H@10 0.504450
INFO:meta-cli.py:Epoch 27/100	test results	MRR 0.454851	H@1 0.428207	H@3 0.466337	H@5 0.480855	H@10 0.503031
INFO:meta-cli.py:Epoch 28/100	Loss 2.6996 ± 0.1813
INFO:meta-cli.py:Epoch 29/100	Loss 2.6928 ± 0.1842
INFO:meta-cli.py:Epoch 30/100	Loss 2.6861 ± 0.1747
INFO:meta-cli.py:Epoch 30/100	dev results	MRR 0.453196	H@1 0.426500	H@3 0.461931	H@5 0.481378	H@10 0.504120
INFO:meta-cli.py:Epoch 30/100	test results	MRR 0.453842	H@1 0.427090	H@3 0.464422	H@5 0.481972	H@10 0.503031
INFO:meta-cli.py:Epoch 31/100	Loss 2.6794 ± 0.1808
INFO:meta-cli.py:Epoch 32/100	Loss 2.6734 ± 0.1821
INFO:meta-cli.py:Epoch 33/100	Loss 2.6674 ± 0.1772
INFO:meta-cli.py:Epoch 33/100	dev results	MRR 0.453988	H@1 0.427324	H@3 0.462426	H@5 0.482367	H@10 0.504120
INFO:meta-cli.py:Epoch 33/100	test results	MRR 0.455437	H@1 0.427728	H@3 0.466496	H@5 0.483089	H@10 0.507020
INFO:meta-cli.py:Epoch 34/100	Loss 2.6617 ± 0.1791
INFO:meta-cli.py:Epoch 35/100	Loss 2.6564 ± 0.1747
INFO:meta-cli.py:Epoch 36/100	Loss 2.6509 ± 0.1784
INFO:meta-cli.py:Epoch 36/100	dev results	MRR 0.454290	H@1 0.427653	H@3 0.463250	H@5 0.480389	H@10 0.505768
INFO:meta-cli.py:Epoch 36/100	test results	MRR 0.457592	H@1 0.430600	H@3 0.468411	H@5 0.483567	H@10 0.507498
INFO:meta-cli.py:Epoch 37/100	Loss 2.6462 ± 0.1761
INFO:meta-cli.py:Epoch 38/100	Loss 2.6408 ± 0.1745
INFO:meta-cli.py:Epoch 39/100	Loss 2.6364 ± 0.1763
INFO:meta-cli.py:Epoch 39/100	dev results	MRR 0.453936	H@1 0.427488	H@3 0.462261	H@5 0.481048	H@10 0.505274
INFO:meta-cli.py:Epoch 39/100	test results	MRR 0.456529	H@1 0.428685	H@3 0.468890	H@5 0.482770	H@10 0.507817
INFO:meta-cli.py:Epoch 40/100	Loss 2.6313 ± 0.1721
INFO:meta-cli.py:Epoch 41/100	Loss 2.6270 ± 0.1771
INFO:meta-cli.py:Epoch 42/100	Loss 2.6227 ± 0.1808
INFO:meta-cli.py:Epoch 42/100	dev results	MRR 0.455738	H@1 0.429796	H@3 0.463250	H@5 0.481213	H@10 0.506098
INFO:meta-cli.py:Epoch 42/100	test results	MRR 0.457837	H@1 0.430440	H@3 0.469049	H@5 0.485003	H@10 0.508137
INFO:meta-cli.py:Epoch 43/100	Loss 2.6183 ± 0.1779
INFO:meta-cli.py:Epoch 44/100	Loss 2.6142 ± 0.1746
INFO:meta-cli.py:Epoch 45/100	Loss 2.6095 ± 0.1707
INFO:meta-cli.py:Epoch 45/100	dev results	MRR 0.455750	H@1 0.428807	H@3 0.464733	H@5 0.483191	H@10 0.507581
INFO:meta-cli.py:Epoch 45/100	test results	MRR 0.458770	H@1 0.431078	H@3 0.469528	H@5 0.485482	H@10 0.511327
INFO:meta-cli.py:Epoch 46/100	Loss 2.6061 ± 0.1712
INFO:meta-cli.py:Epoch 47/100	Loss 2.6025 ± 0.1734
INFO:meta-cli.py:Epoch 48/100	Loss 2.5988 ± 0.1766
INFO:meta-cli.py:Epoch 48/100	dev results	MRR 0.455428	H@1 0.428972	H@3 0.463909	H@5 0.482531	H@10 0.508240
INFO:meta-cli.py:Epoch 48/100	test results	MRR 0.457588	H@1 0.429483	H@3 0.469209	H@5 0.485322	H@10 0.510051
INFO:meta-cli.py:Epoch 49/100	Loss 2.5951 ± 0.1770
INFO:meta-cli.py:Epoch 50/100	Loss 2.5916 ± 0.1681
INFO:meta-cli.py:Epoch 51/100	Loss 2.5877 ± 0.1758
INFO:meta-cli.py:Epoch 51/100	dev results	MRR 0.456838	H@1 0.429631	H@3 0.466711	H@5 0.482202	H@10 0.508240
INFO:meta-cli.py:Epoch 51/100	test results	MRR 0.458564	H@1 0.429962	H@3 0.471123	H@5 0.486120	H@10 0.511008
INFO:meta-cli.py:Epoch 52/100	Loss 2.5847 ± 0.1669
INFO:meta-cli.py:Epoch 53/100	Loss 2.5814 ± 0.1697
INFO:meta-cli.py:Epoch 54/100	Loss 2.5779 ± 0.1721
INFO:meta-cli.py:Epoch 54/100	dev results	MRR 0.455721	H@1 0.428972	H@3 0.463909	H@5 0.482696	H@10 0.509064
INFO:meta-cli.py:Epoch 54/100	test results	MRR 0.459558	H@1 0.432036	H@3 0.469687	H@5 0.486599	H@10 0.512444
INFO:meta-cli.py:Epoch 55/100	Loss 2.5751 ± 0.1722
INFO:meta-cli.py:Epoch 56/100	Loss 2.5720 ± 0.1722
INFO:meta-cli.py:Epoch 57/100	Loss 2.5688 ± 0.1636
INFO:meta-cli.py:Epoch 57/100	dev results	MRR 0.456199	H@1 0.428807	H@3 0.464568	H@5 0.483685	H@10 0.509888
INFO:meta-cli.py:Epoch 57/100	test results	MRR 0.459559	H@1 0.431238	H@3 0.470325	H@5 0.488354	H@10 0.512763
INFO:meta-cli.py:Epoch 58/100	Loss 2.5658 ± 0.1710
INFO:meta-cli.py:Epoch 59/100	Loss 2.5630 ± 0.1715
INFO:meta-cli.py:Epoch 60/100	Loss 2.5602 ± 0.1648
INFO:meta-cli.py:Epoch 60/100	dev results	MRR 0.456415	H@1 0.429466	H@3 0.465063	H@5 0.482531	H@10 0.510053
INFO:meta-cli.py:Epoch 60/100	test results	MRR 0.459841	H@1 0.431876	H@3 0.469209	H@5 0.486599	H@10 0.514678
INFO:meta-cli.py:Epoch 61/100	Loss 2.5579 ± 0.1677
INFO:meta-cli.py:Epoch 62/100	Loss 2.5551 ± 0.1635
INFO:meta-cli.py:Epoch 63/100	Loss 2.5523 ± 0.1686
INFO:meta-cli.py:Epoch 63/100	dev results	MRR 0.457470	H@1 0.430290	H@3 0.466051	H@5 0.483355	H@10 0.510218
INFO:meta-cli.py:Epoch 63/100	test results	MRR 0.460248	H@1 0.431717	H@3 0.470325	H@5 0.488513	H@10 0.513880
INFO:meta-cli.py:Epoch 64/100	Loss 2.5496 ± 0.1683
INFO:meta-cli.py:Epoch 65/100	Loss 2.5469 ± 0.1742
INFO:meta-cli.py:Epoch 66/100	Loss 2.5448 ± 0.1680
INFO:meta-cli.py:Epoch 66/100	dev results	MRR 0.457340	H@1 0.430125	H@3 0.465557	H@5 0.483685	H@10 0.511371
INFO:meta-cli.py:Epoch 66/100	test results	MRR 0.459912	H@1 0.431078	H@3 0.470325	H@5 0.487237	H@10 0.514837
INFO:meta-cli.py:Epoch 67/100	Loss 2.5420 ± 0.1701
INFO:meta-cli.py:Epoch 68/100	Loss 2.5398 ± 0.1708
INFO:meta-cli.py:Epoch 69/100	Loss 2.5373 ± 0.1680
INFO:meta-cli.py:Epoch 69/100	dev results	MRR 0.457674	H@1 0.430290	H@3 0.466711	H@5 0.483685	H@10 0.509888
INFO:meta-cli.py:Epoch 69/100	test results	MRR 0.460523	H@1 0.431876	H@3 0.470964	H@5 0.488034	H@10 0.514997
INFO:meta-cli.py:Epoch 70/100	Loss 2.5351 ± 0.1654
INFO:meta-cli.py:Epoch 71/100	Loss 2.5330 ± 0.1660
INFO:meta-cli.py:Epoch 72/100	Loss 2.5306 ± 0.1676
INFO:meta-cli.py:Epoch 72/100	dev results	MRR 0.457259	H@1 0.429631	H@3 0.466051	H@5 0.483850	H@10 0.510877
INFO:meta-cli.py:Epoch 72/100	test results	MRR 0.461315	H@1 0.433312	H@3 0.470964	H@5 0.489470	H@10 0.516114
INFO:meta-cli.py:Epoch 73/100	Loss 2.5281 ± 0.1673
INFO:meta-cli.py:Epoch 74/100	Loss 2.5262 ± 0.1687
INFO:meta-cli.py:Epoch 75/100	Loss 2.5241 ± 0.1678
INFO:meta-cli.py:Epoch 75/100	dev results	MRR 0.457736	H@1 0.429960	H@3 0.466875	H@5 0.485168	H@10 0.510877
INFO:meta-cli.py:Epoch 75/100	test results	MRR 0.460755	H@1 0.431717	H@3 0.471123	H@5 0.489151	H@10 0.515954
INFO:meta-cli.py:Epoch 76/100	Loss 2.5219 ± 0.1654
INFO:meta-cli.py:Epoch 77/100	Loss 2.5198 ± 0.1640
INFO:meta-cli.py:Epoch 78/100	Loss 2.5180 ± 0.1617
INFO:meta-cli.py:Epoch 78/100	dev results	MRR 0.457438	H@1 0.429466	H@3 0.467370	H@5 0.484674	H@10 0.511701
INFO:meta-cli.py:Epoch 78/100	test results	MRR 0.461218	H@1 0.432195	H@3 0.472080	H@5 0.488673	H@10 0.518188
INFO:meta-cli.py:Epoch 79/100	Loss 2.5158 ± 0.1677
INFO:meta-cli.py:Epoch 80/100	Loss 2.5140 ± 0.1646
INFO:meta-cli.py:Epoch 81/100	Loss 2.5117 ± 0.1661
INFO:meta-cli.py:Epoch 81/100	dev results	MRR 0.458835	H@1 0.431938	H@3 0.468359	H@5 0.484674	H@10 0.511866
INFO:meta-cli.py:Epoch 81/100	test results	MRR 0.461535	H@1 0.432355	H@3 0.473197	H@5 0.489949	H@10 0.518347
INFO:meta-cli.py:Epoch 82/100	Loss 2.5098 ± 0.1634
INFO:meta-cli.py:Epoch 83/100	Loss 2.5082 ± 0.1673
INFO:meta-cli.py:Epoch 84/100	Loss 2.5061 ± 0.1657
INFO:meta-cli.py:Epoch 84/100	dev results	MRR 0.458391	H@1 0.430455	H@3 0.469512	H@5 0.485003	H@10 0.512360
INFO:meta-cli.py:Epoch 84/100	test results	MRR 0.462387	H@1 0.432993	H@3 0.474314	H@5 0.490268	H@10 0.517709
INFO:meta-cli.py:Epoch 85/100	Loss 2.5044 ± 0.1641
INFO:meta-cli.py:Epoch 86/100	Loss 2.5026 ± 0.1679
INFO:meta-cli.py:Epoch 87/100	Loss 2.5009 ± 0.1666
INFO:meta-cli.py:Epoch 87/100	dev results	MRR 0.459278	H@1 0.431608	H@3 0.468688	H@5 0.486486	H@10 0.511701
INFO:meta-cli.py:Epoch 87/100	test results	MRR 0.462171	H@1 0.432674	H@3 0.473676	H@5 0.490906	H@10 0.518507
INFO:meta-cli.py:Epoch 88/100	Loss 2.4992 ± 0.1644
INFO:meta-cli.py:Epoch 89/100	Loss 2.4973 ± 0.1653
INFO:meta-cli.py:Epoch 90/100	Loss 2.4959 ± 0.1660
INFO:meta-cli.py:Epoch 90/100	dev results	MRR 0.458995	H@1 0.431114	H@3 0.469512	H@5 0.486157	H@10 0.511701
INFO:meta-cli.py:Epoch 90/100	test results	MRR 0.462313	H@1 0.432514	H@3 0.474474	H@5 0.491225	H@10 0.518985
INFO:meta-cli.py:Epoch 91/100	Loss 2.4942 ± 0.1664
INFO:meta-cli.py:Epoch 92/100	Loss 2.4925 ± 0.1679
INFO:meta-cli.py:Epoch 93/100	Loss 2.4909 ± 0.1612
INFO:meta-cli.py:Epoch 93/100	dev results	MRR 0.459471	H@1 0.431608	H@3 0.468853	H@5 0.487146	H@10 0.513843
INFO:meta-cli.py:Epoch 93/100	test results	MRR 0.462052	H@1 0.432195	H@3 0.472878	H@5 0.491704	H@10 0.519145
INFO:meta-cli.py:Epoch 94/100	Loss 2.4894 ± 0.1648
INFO:meta-cli.py:Epoch 95/100	Loss 2.4877 ± 0.1661
INFO:meta-cli.py:Epoch 96/100	Loss 2.4861 ± 0.1679
INFO:meta-cli.py:Epoch 96/100	dev results	MRR 0.459257	H@1 0.431114	H@3 0.469512	H@5 0.487640	H@10 0.513349
INFO:meta-cli.py:Epoch 96/100	test results	MRR 0.462783	H@1 0.432993	H@3 0.474952	H@5 0.492023	H@10 0.519943
INFO:meta-cli.py:Epoch 97/100	Loss 2.4847 ± 0.1641
INFO:meta-cli.py:Epoch 98/100	Loss 2.4830 ± 0.1662
INFO:meta-cli.py:Epoch 99/100	Loss 2.4817 ± 0.1659
INFO:meta-cli.py:Epoch 99/100	dev results	MRR 0.460066	H@1 0.432268	H@3 0.470666	H@5 0.487475	H@10 0.512360
INFO:meta-cli.py:Epoch 99/100	test results	MRR 0.463061	H@1 0.433791	H@3 0.474633	H@5 0.491385	H@10 0.519623
INFO:meta-cli.py:Epoch 100/100	Loss 2.4801 ± 0.1660
INFO:meta-cli.py:Final 	dev results	MRR 0.459163	H@1 0.430455	H@3 0.470501	H@5 0.487805	H@10 0.512525
INFO:meta-cli.py:Final 	test results	MRR 0.462772	H@1 0.432674	H@3 0.475431	H@5 0.492502	H@10 0.519943
INFO:meta-cli.py:Training finished
