./bin/meta-cli.py --train data/wn18rr/train.tsv --dev data/wn18rr/dev.tsv --test data/wn18rr/test.tsv -m complex -k 2000 -b 1000 -e 100 --F2 0.005 --N3 0 -l 0.1 -I standard -V 3 -o adagrad -q
{'F2': 0.005,
 'N3': 0.0,
 'batch_size': 1000,
 'dev': 'data/wn18rr/dev.tsv',
 'embedding_size': 2000,
 'epochs': 100,
 'eval_batch_size': None,
 'input_type': 'standard',
 'learning_rate': 0.1,
 'load': None,
 'model': 'complex',
 'optimizer': 'adagrad',
 'quiet': True,
 'save': None,
 'seed': 0,
 'test': 'data/wn18rr/test.tsv',
 'test_i': None,
 'test_ii': None,
 'train': 'data/wn18rr/train.tsv',
 'validate_every': 3}
INFO:meta-cli.py:Device: cuda
INFO:meta-cli.py:Model state:
INFO:meta-cli.py:	entities.weight	torch.Size([40943, 4000])
INFO:meta-cli.py:	predicates.weight	torch.Size([11, 4000])
INFO:meta-cli.py:Epoch 1/100	Loss 19.9295 ± 1.4219
INFO:meta-cli.py:Epoch 2/100	Loss 11.2353 ± 0.2895
INFO:meta-cli.py:Epoch 3/100	Loss 6.3427 ± 0.3234
INFO:meta-cli.py:Epoch 3/100	dev results	MRR 0.426543	H@1 0.404911	H@3 0.434080	H@5 0.448418	H@10 0.465887
INFO:meta-cli.py:Epoch 3/100	test results	MRR 0.427754	H@1 0.405871	H@3 0.436981	H@5 0.449426	H@10 0.465858
INFO:meta-cli.py:Epoch 4/100	Loss 5.3981 ± 0.2494
INFO:meta-cli.py:Epoch 5/100	Loss 4.9828 ± 0.2471
INFO:meta-cli.py:Epoch 6/100	Loss 4.7526 ± 0.2370
INFO:meta-cli.py:Epoch 6/100	dev results	MRR 0.438913	H@1 0.416777	H@3 0.445287	H@5 0.461107	H@10 0.479730
INFO:meta-cli.py:Epoch 6/100	test results	MRR 0.439679	H@1 0.416082	H@3 0.446554	H@5 0.462668	H@10 0.485482
INFO:meta-cli.py:Epoch 7/100	Loss 4.5860 ± 0.2268
INFO:meta-cli.py:Epoch 8/100	Loss 4.4622 ± 0.2305
INFO:meta-cli.py:Epoch 9/100	Loss 4.3605 ± 0.2224
INFO:meta-cli.py:Epoch 9/100	dev results	MRR 0.443304	H@1 0.417930	H@3 0.453032	H@5 0.466875	H@10 0.487805
INFO:meta-cli.py:Epoch 9/100	test results	MRR 0.447629	H@1 0.423261	H@3 0.454371	H@5 0.471123	H@10 0.493937
INFO:meta-cli.py:Epoch 10/100	Loss 4.2760 ± 0.2125
INFO:meta-cli.py:Epoch 11/100	Loss 4.2043 ± 0.2128
INFO:meta-cli.py:Epoch 12/100	Loss 4.1434 ± 0.2152
INFO:meta-cli.py:Epoch 12/100	dev results	MRR 0.447185	H@1 0.422050	H@3 0.455834	H@5 0.472643	H@10 0.490442
INFO:meta-cli.py:Epoch 12/100	test results	MRR 0.449561	H@1 0.423261	H@3 0.459317	H@5 0.475112	H@10 0.499521
INFO:meta-cli.py:Epoch 13/100	Loss 4.0872 ± 0.2023
INFO:meta-cli.py:Epoch 14/100	Loss 4.0379 ± 0.2092
INFO:meta-cli.py:Epoch 15/100	Loss 3.9932 ± 0.2011
INFO:meta-cli.py:Epoch 15/100	dev results	MRR 0.451363	H@1 0.426170	H@3 0.460613	H@5 0.476269	H@10 0.495880
INFO:meta-cli.py:Epoch 15/100	test results	MRR 0.452802	H@1 0.425973	H@3 0.460753	H@5 0.480536	H@10 0.504786
INFO:meta-cli.py:Epoch 16/100	Loss 3.9540 ± 0.1999
INFO:meta-cli.py:Epoch 17/100	Loss 3.9162 ± 0.1964
INFO:meta-cli.py:Epoch 18/100	Loss 3.8827 ± 0.1837
INFO:meta-cli.py:Epoch 18/100	dev results	MRR 0.453563	H@1 0.427983	H@3 0.462096	H@5 0.479071	H@10 0.501648
INFO:meta-cli.py:Epoch 18/100	test results	MRR 0.452723	H@1 0.422942	H@3 0.463306	H@5 0.483248	H@10 0.509892
INFO:meta-cli.py:Epoch 19/100	Loss 3.8519 ± 0.1865
INFO:meta-cli.py:Epoch 20/100	Loss 3.8229 ± 0.1840
INFO:meta-cli.py:Epoch 21/100	Loss 3.7958 ± 0.1765
INFO:meta-cli.py:Epoch 21/100	dev results	MRR 0.453835	H@1 0.426829	H@3 0.465063	H@5 0.481048	H@10 0.501318
INFO:meta-cli.py:Epoch 21/100	test results	MRR 0.454624	H@1 0.425335	H@3 0.465858	H@5 0.484365	H@10 0.509572
INFO:meta-cli.py:Epoch 22/100	Loss 3.7706 ± 0.1900
INFO:meta-cli.py:Epoch 23/100	Loss 3.7464 ± 0.1769
INFO:meta-cli.py:Epoch 24/100	Loss 3.7252 ± 0.1826
INFO:meta-cli.py:Epoch 24/100	dev results	MRR 0.457067	H@1 0.431279	H@3 0.466051	H@5 0.483520	H@10 0.504779
INFO:meta-cli.py:Epoch 24/100	test results	MRR 0.455948	H@1 0.425654	H@3 0.467932	H@5 0.485163	H@10 0.513561
INFO:meta-cli.py:Epoch 25/100	Loss 3.7028 ± 0.1762
INFO:meta-cli.py:Epoch 26/100	Loss 3.6827 ± 0.1740
INFO:meta-cli.py:Epoch 27/100	Loss 3.6640 ± 0.1754
INFO:meta-cli.py:Epoch 27/100	dev results	MRR 0.457059	H@1 0.430290	H@3 0.466381	H@5 0.483355	H@10 0.504944
INFO:meta-cli.py:Epoch 27/100	test results	MRR 0.457612	H@1 0.427728	H@3 0.467613	H@5 0.486280	H@10 0.516273
INFO:meta-cli.py:Epoch 28/100	Loss 3.6457 ± 0.1749
INFO:meta-cli.py:Epoch 29/100	Loss 3.6287 ± 0.1728
INFO:meta-cli.py:Epoch 30/100	Loss 3.6124 ± 0.1578
INFO:meta-cli.py:Epoch 30/100	dev results	MRR 0.457814	H@1 0.430620	H@3 0.466875	H@5 0.484015	H@10 0.507251
INFO:meta-cli.py:Epoch 30/100	test results	MRR 0.459561	H@1 0.430281	H@3 0.468411	H@5 0.488354	H@10 0.518826
INFO:meta-cli.py:Epoch 31/100	Loss 3.5960 ± 0.1662
INFO:meta-cli.py:Epoch 32/100	Loss 3.5812 ± 0.1675
INFO:meta-cli.py:Epoch 33/100	Loss 3.5665 ± 0.1646
INFO:meta-cli.py:Epoch 33/100	dev results	MRR 0.458899	H@1 0.432103	H@3 0.466546	H@5 0.485498	H@10 0.506757
INFO:meta-cli.py:Epoch 33/100	test results	MRR 0.459534	H@1 0.429004	H@3 0.468411	H@5 0.489151	H@10 0.518985
INFO:meta-cli.py:Epoch 34/100	Loss 3.5533 ± 0.1552
INFO:meta-cli.py:Epoch 35/100	Loss 3.5394 ± 0.1608
INFO:meta-cli.py:Epoch 36/100	Loss 3.5266 ± 0.1504
INFO:meta-cli.py:Epoch 36/100	dev results	MRR 0.458512	H@1 0.431279	H@3 0.466711	H@5 0.484509	H@10 0.510053
INFO:meta-cli.py:Epoch 36/100	test results	MRR 0.459966	H@1 0.429164	H@3 0.470166	H@5 0.490906	H@10 0.520740
INFO:meta-cli.py:Epoch 37/100	Loss 3.5144 ± 0.1549
INFO:meta-cli.py:Epoch 38/100	Loss 3.5025 ± 0.1585
INFO:meta-cli.py:Epoch 39/100	Loss 3.4907 ± 0.1547
INFO:meta-cli.py:Epoch 39/100	dev results	MRR 0.459917	H@1 0.432103	H@3 0.469183	H@5 0.485992	H@10 0.512195
INFO:meta-cli.py:Epoch 39/100	test results	MRR 0.460166	H@1 0.429324	H@3 0.469368	H@5 0.491544	H@10 0.522336
INFO:meta-cli.py:Epoch 40/100	Loss 3.4801 ± 0.1491
INFO:meta-cli.py:Epoch 41/100	Loss 3.4694 ± 0.1505
INFO:meta-cli.py:Epoch 42/100	Loss 3.4583 ± 0.1465
INFO:meta-cli.py:Epoch 42/100	dev results	MRR 0.460881	H@1 0.433586	H@3 0.469512	H@5 0.486157	H@10 0.512525
INFO:meta-cli.py:Epoch 42/100	test results	MRR 0.461371	H@1 0.430281	H@3 0.471442	H@5 0.492342	H@10 0.523772
INFO:meta-cli.py:Epoch 43/100	Loss 3.4486 ± 0.1456
INFO:meta-cli.py:Epoch 44/100	Loss 3.4390 ± 0.1452
INFO:meta-cli.py:Epoch 45/100	Loss 3.4298 ± 0.1366
INFO:meta-cli.py:Epoch 45/100	dev results	MRR 0.460578	H@1 0.432927	H@3 0.469018	H@5 0.487640	H@10 0.513514
INFO:meta-cli.py:Epoch 45/100	test results	MRR 0.461474	H@1 0.430121	H@3 0.472399	H@5 0.492502	H@10 0.523772
INFO:meta-cli.py:Epoch 46/100	Loss 3.4202 ± 0.1386
INFO:meta-cli.py:Epoch 47/100	Loss 3.4114 ± 0.1477
INFO:meta-cli.py:Epoch 48/100	Loss 3.4027 ± 0.1460
INFO:meta-cli.py:Epoch 48/100	dev results	MRR 0.461090	H@1 0.432927	H@3 0.468523	H@5 0.487970	H@10 0.515656
INFO:meta-cli.py:Epoch 48/100	test results	MRR 0.461994	H@1 0.430919	H@3 0.471602	H@5 0.492342	H@10 0.524569
INFO:meta-cli.py:Epoch 49/100	Loss 3.3940 ± 0.1335
INFO:meta-cli.py:Epoch 50/100	Loss 3.3860 ± 0.1462
INFO:meta-cli.py:Epoch 51/100	Loss 3.3780 ± 0.1355
INFO:meta-cli.py:Epoch 51/100	dev results	MRR 0.461430	H@1 0.433092	H@3 0.470831	H@5 0.490277	H@10 0.515326
INFO:meta-cli.py:Epoch 51/100	test results	MRR 0.462067	H@1 0.429962	H@3 0.473835	H@5 0.494097	H@10 0.526165
INFO:meta-cli.py:Epoch 52/100	Loss 3.3702 ± 0.1434
INFO:meta-cli.py:Epoch 53/100	Loss 3.3623 ± 0.1350
INFO:meta-cli.py:Epoch 54/100	Loss 3.3555 ± 0.1415
INFO:meta-cli.py:Epoch 54/100	dev results	MRR 0.461223	H@1 0.432268	H@3 0.470831	H@5 0.490606	H@10 0.515656
INFO:meta-cli.py:Epoch 54/100	test results	MRR 0.462472	H@1 0.430600	H@3 0.474154	H@5 0.494576	H@10 0.526803
INFO:meta-cli.py:Epoch 55/100	Loss 3.3478 ± 0.1439
INFO:meta-cli.py:Epoch 56/100	Loss 3.3407 ± 0.1339
INFO:meta-cli.py:Epoch 57/100	Loss 3.3340 ± 0.1417
INFO:meta-cli.py:Epoch 57/100	dev results	MRR 0.461486	H@1 0.432927	H@3 0.470007	H@5 0.490112	H@10 0.516315
INFO:meta-cli.py:Epoch 57/100	test results	MRR 0.462233	H@1 0.430121	H@3 0.473038	H@5 0.494895	H@10 0.526165
INFO:meta-cli.py:Epoch 58/100	Loss 3.3270 ± 0.1342
INFO:meta-cli.py:Epoch 59/100	Loss 3.3206 ± 0.1349
INFO:meta-cli.py:Epoch 60/100	Loss 3.3140 ± 0.1305
INFO:meta-cli.py:Epoch 60/100	dev results	MRR 0.461396	H@1 0.432762	H@3 0.471160	H@5 0.490442	H@10 0.517469
INFO:meta-cli.py:Epoch 60/100	test results	MRR 0.462976	H@1 0.430919	H@3 0.473676	H@5 0.495373	H@10 0.527601
INFO:meta-cli.py:Epoch 61/100	Loss 3.3075 ± 0.1413
INFO:meta-cli.py:Epoch 62/100	Loss 3.3012 ± 0.1294
INFO:meta-cli.py:Epoch 63/100	Loss 3.2955 ± 0.1167
INFO:meta-cli.py:Epoch 63/100	dev results	MRR 0.461808	H@1 0.433092	H@3 0.470995	H@5 0.490771	H@10 0.518293
INFO:meta-cli.py:Epoch 63/100	test results	MRR 0.462944	H@1 0.430440	H@3 0.474633	H@5 0.496809	H@10 0.527122
INFO:meta-cli.py:Epoch 64/100	Loss 3.2896 ± 0.1212
INFO:meta-cli.py:Epoch 65/100	Loss 3.2834 ± 0.1268
INFO:meta-cli.py:Epoch 66/100	Loss 3.2779 ± 0.1221
INFO:meta-cli.py:Epoch 66/100	dev results	MRR 0.461145	H@1 0.431608	H@3 0.471819	H@5 0.491760	H@10 0.519611
INFO:meta-cli.py:Epoch 66/100	test results	MRR 0.463058	H@1 0.430759	H@3 0.475271	H@5 0.495533	H@10 0.527760
INFO:meta-cli.py:Epoch 67/100	Loss 3.2723 ± 0.1292
INFO:meta-cli.py:Epoch 68/100	Loss 3.2671 ± 0.1276
INFO:meta-cli.py:Epoch 69/100	Loss 3.2613 ± 0.1297
INFO:meta-cli.py:Epoch 69/100	dev results	MRR 0.460886	H@1 0.431114	H@3 0.470007	H@5 0.492749	H@10 0.519281
INFO:meta-cli.py:Epoch 69/100	test results	MRR 0.462516	H@1 0.429802	H@3 0.474474	H@5 0.494416	H@10 0.528079
INFO:meta-cli.py:Epoch 70/100	Loss 3.2561 ± 0.1272
INFO:meta-cli.py:Epoch 71/100	Loss 3.2508 ± 0.1199
INFO:meta-cli.py:Epoch 72/100	Loss 3.2461 ± 0.1239
INFO:meta-cli.py:Epoch 72/100	dev results	MRR 0.461530	H@1 0.431608	H@3 0.472149	H@5 0.492090	H@10 0.518128
INFO:meta-cli.py:Epoch 72/100	test results	MRR 0.463124	H@1 0.430600	H@3 0.475112	H@5 0.495692	H@10 0.529355
INFO:meta-cli.py:Epoch 73/100	Loss 3.2411 ± 0.1206
INFO:meta-cli.py:Epoch 74/100	Loss 3.2360 ± 0.1211
INFO:meta-cli.py:Epoch 75/100	Loss 3.2311 ± 0.1188
INFO:meta-cli.py:Epoch 75/100	dev results	MRR 0.461697	H@1 0.432268	H@3 0.471160	H@5 0.493078	H@10 0.518787
INFO:meta-cli.py:Epoch 75/100	test results	MRR 0.462621	H@1 0.429962	H@3 0.474952	H@5 0.496331	H@10 0.527441
INFO:meta-cli.py:Epoch 76/100	Loss 3.2263 ± 0.1203
INFO:meta-cli.py:Epoch 77/100	Loss 3.2216 ± 0.1184
INFO:meta-cli.py:Epoch 78/100	Loss 3.2173 ± 0.1201
INFO:meta-cli.py:Epoch 78/100	dev results	MRR 0.461085	H@1 0.430949	H@3 0.471160	H@5 0.492914	H@10 0.518622
INFO:meta-cli.py:Epoch 78/100	test results	MRR 0.463151	H@1 0.430121	H@3 0.474952	H@5 0.497447	H@10 0.529036
INFO:meta-cli.py:Epoch 79/100	Loss 3.2122 ± 0.1100
INFO:meta-cli.py:Epoch 80/100	Loss 3.2079 ± 0.1157
INFO:meta-cli.py:Epoch 81/100	Loss 3.2038 ± 0.1225
INFO:meta-cli.py:Epoch 81/100	dev results	MRR 0.461612	H@1 0.431938	H@3 0.471984	H@5 0.493243	H@10 0.517963
INFO:meta-cli.py:Epoch 81/100	test results	MRR 0.462824	H@1 0.429324	H@3 0.475750	H@5 0.496969	H@10 0.529036
INFO:meta-cli.py:Epoch 82/100	Loss 3.1996 ± 0.1158
INFO:meta-cli.py:Epoch 83/100	Loss 3.1951 ± 0.1120
INFO:meta-cli.py:Epoch 84/100	Loss 3.1911 ± 0.1183
INFO:meta-cli.py:Epoch 84/100	dev results	MRR 0.461655	H@1 0.432103	H@3 0.471490	H@5 0.492419	H@10 0.519117
INFO:meta-cli.py:Epoch 84/100	test results	MRR 0.462804	H@1 0.428845	H@3 0.475909	H@5 0.496809	H@10 0.530472
INFO:meta-cli.py:Epoch 85/100	Loss 3.1869 ± 0.1163
INFO:meta-cli.py:Epoch 86/100	Loss 3.1830 ± 0.1163
INFO:meta-cli.py:Epoch 87/100	Loss 3.1789 ± 0.1103
INFO:meta-cli.py:Epoch 87/100	dev results	MRR 0.461823	H@1 0.432268	H@3 0.472314	H@5 0.493738	H@10 0.518457
INFO:meta-cli.py:Epoch 87/100	test results	MRR 0.462354	H@1 0.428207	H@3 0.476867	H@5 0.496969	H@10 0.529675
INFO:meta-cli.py:Epoch 88/100	Loss 3.1750 ± 0.1093
INFO:meta-cli.py:Epoch 89/100	Loss 3.1714 ± 0.1064
INFO:meta-cli.py:Epoch 90/100	Loss 3.1675 ± 0.1244
INFO:meta-cli.py:Epoch 90/100	dev results	MRR 0.461169	H@1 0.431279	H@3 0.471160	H@5 0.493738	H@10 0.518787
INFO:meta-cli.py:Epoch 90/100	test results	MRR 0.462701	H@1 0.429164	H@3 0.475431	H@5 0.497926	H@10 0.529994
INFO:meta-cli.py:Epoch 91/100	Loss 3.1636 ± 0.1093
INFO:meta-cli.py:Epoch 92/100	Loss 3.1599 ± 0.1161
INFO:meta-cli.py:Epoch 93/100	Loss 3.1563 ± 0.1130
INFO:meta-cli.py:Epoch 93/100	dev results	MRR 0.461493	H@1 0.431938	H@3 0.470831	H@5 0.493738	H@10 0.518128
INFO:meta-cli.py:Epoch 93/100	test results	MRR 0.462369	H@1 0.428207	H@3 0.476069	H@5 0.498564	H@10 0.530632
INFO:meta-cli.py:Epoch 94/100	Loss 3.1529 ± 0.1097
INFO:meta-cli.py:Epoch 95/100	Loss 3.1492 ± 0.1099
INFO:meta-cli.py:Epoch 96/100	Loss 3.1456 ± 0.1091
INFO:meta-cli.py:Epoch 96/100	dev results	MRR 0.461148	H@1 0.430949	H@3 0.471819	H@5 0.495386	H@10 0.519776
INFO:meta-cli.py:Epoch 96/100	test results	MRR 0.462429	H@1 0.428526	H@3 0.476707	H@5 0.498086	H@10 0.529994
INFO:meta-cli.py:Epoch 97/100	Loss 3.1423 ± 0.1072
INFO:meta-cli.py:Epoch 98/100	Loss 3.1389 ± 0.1180
INFO:meta-cli.py:Epoch 99/100	Loss 3.1353 ± 0.0963
INFO:meta-cli.py:Epoch 99/100	dev results	MRR 0.460921	H@1 0.430784	H@3 0.471490	H@5 0.494232	H@10 0.519281
INFO:meta-cli.py:Epoch 99/100	test results	MRR 0.461884	H@1 0.427888	H@3 0.475431	H@5 0.497766	H@10 0.529834
INFO:meta-cli.py:Epoch 100/100	Loss 3.1321 ± 0.1157
INFO:meta-cli.py:Final 	dev results	MRR 0.460655	H@1 0.430125	H@3 0.471325	H@5 0.494562	H@10 0.519446
INFO:meta-cli.py:Final 	test results	MRR 0.462090	H@1 0.428207	H@3 0.475590	H@5 0.497926	H@10 0.529994
INFO:meta-cli.py:Training finished
