./bin/meta-cli.py --train data/wn18rr/train.tsv --dev data/wn18rr/dev.tsv --test data/wn18rr/test.tsv -m complex -k 1000 -b 1000 -e 100 --F2 0 --N3 0.005 -l 0.1 -I reciprocal -V 3 -o adagrad -q
{'F2': 0.0,
 'N3': 0.005,
 'batch_size': 1000,
 'dev': 'data/wn18rr/dev.tsv',
 'embedding_size': 1000,
 'epochs': 100,
 'eval_batch_size': None,
 'input_type': 'reciprocal',
 'learning_rate': 0.1,
 'load': None,
 'model': 'complex',
 'optimizer': 'adagrad',
 'quiet': True,
 'save': None,
 'seed': 0,
 'test': 'data/wn18rr/test.tsv',
 'test_i': None,
 'test_ii': None,
 'train': 'data/wn18rr/train.tsv',
 'validate_every': 3}
INFO:meta-cli.py:Device: cuda
INFO:meta-cli.py:Model state:
INFO:meta-cli.py:	entities.weight	torch.Size([40943, 2000])
INFO:meta-cli.py:	predicates.weight	torch.Size([22, 2000])
INFO:meta-cli.py:Epoch 1/100	Loss 14.0267 ± 4.1804
INFO:meta-cli.py:Epoch 2/100	Loss 4.6568 ± 0.2403
INFO:meta-cli.py:Epoch 3/100	Loss 3.8398 ± 0.0911
INFO:meta-cli.py:Epoch 3/100	dev results	MRR 0.435475	H@1 0.414469	H@3 0.442980	H@5 0.456823	H@10 0.474291
INFO:meta-cli.py:Epoch 3/100	test results	MRR 0.432035	H@1 0.410498	H@3 0.438098	H@5 0.452776	H@10 0.477186
INFO:meta-cli.py:Epoch 4/100	Loss 3.5699 ± 0.0942
INFO:meta-cli.py:Epoch 5/100	Loss 3.4190 ± 0.0967
INFO:meta-cli.py:Epoch 6/100	Loss 3.3147 ± 0.1046
INFO:meta-cli.py:Epoch 6/100	dev results	MRR 0.444558	H@1 0.421721	H@3 0.452373	H@5 0.467864	H@10 0.487475
INFO:meta-cli.py:Epoch 6/100	test results	MRR 0.441182	H@1 0.418475	H@3 0.447033	H@5 0.463625	H@10 0.486918
INFO:meta-cli.py:Epoch 7/100	Loss 3.2381 ± 0.1028
INFO:meta-cli.py:Epoch 8/100	Loss 3.1749 ± 0.1111
INFO:meta-cli.py:Epoch 9/100	Loss 3.1266 ± 0.1024
INFO:meta-cli.py:Epoch 9/100	dev results	MRR 0.447250	H@1 0.424522	H@3 0.456163	H@5 0.470336	H@10 0.489947
INFO:meta-cli.py:Epoch 9/100	test results	MRR 0.446744	H@1 0.422144	H@3 0.455329	H@5 0.473038	H@10 0.495852
INFO:meta-cli.py:Epoch 10/100	Loss 3.0815 ± 0.1075
INFO:meta-cli.py:Epoch 11/100	Loss 3.0454 ± 0.1115
INFO:meta-cli.py:Epoch 12/100	Loss 3.0144 ± 0.1079
INFO:meta-cli.py:Epoch 12/100	dev results	MRR 0.450694	H@1 0.427818	H@3 0.459624	H@5 0.472149	H@10 0.494232
INFO:meta-cli.py:Epoch 12/100	test results	MRR 0.450349	H@1 0.425814	H@3 0.457722	H@5 0.475590	H@10 0.500160
INFO:meta-cli.py:Epoch 13/100	Loss 2.9856 ± 0.1015
INFO:meta-cli.py:Epoch 14/100	Loss 2.9614 ± 0.1053
INFO:meta-cli.py:Epoch 15/100	Loss 2.9388 ± 0.1127
INFO:meta-cli.py:Epoch 15/100	dev results	MRR 0.452782	H@1 0.429136	H@3 0.461602	H@5 0.474456	H@10 0.495550
INFO:meta-cli.py:Epoch 15/100	test results	MRR 0.453259	H@1 0.428526	H@3 0.461551	H@5 0.478143	H@10 0.504148
INFO:meta-cli.py:Epoch 16/100	Loss 2.9185 ± 0.1087
INFO:meta-cli.py:Epoch 17/100	Loss 2.9005 ± 0.1087
INFO:meta-cli.py:Epoch 18/100	Loss 2.8832 ± 0.1104
INFO:meta-cli.py:Epoch 18/100	dev results	MRR 0.453977	H@1 0.430455	H@3 0.463085	H@5 0.477093	H@10 0.499341
INFO:meta-cli.py:Epoch 18/100	test results	MRR 0.454736	H@1 0.429164	H@3 0.464263	H@5 0.481653	H@10 0.505903
INFO:meta-cli.py:Epoch 19/100	Loss 2.8688 ± 0.1050
INFO:meta-cli.py:Epoch 20/100	Loss 2.8539 ± 0.1061
INFO:meta-cli.py:Epoch 21/100	Loss 2.8404 ± 0.1022
INFO:meta-cli.py:Epoch 21/100	dev results	MRR 0.455477	H@1 0.430949	H@3 0.464074	H@5 0.478576	H@10 0.502142
INFO:meta-cli.py:Epoch 21/100	test results	MRR 0.456889	H@1 0.430759	H@3 0.467613	H@5 0.483089	H@10 0.507498
INFO:meta-cli.py:Epoch 22/100	Loss 2.8288 ± 0.1062
INFO:meta-cli.py:Epoch 23/100	Loss 2.8175 ± 0.1037
INFO:meta-cli.py:Epoch 24/100	Loss 2.8072 ± 0.1054
INFO:meta-cli.py:Epoch 24/100	dev results	MRR 0.456936	H@1 0.432927	H@3 0.466216	H@5 0.479730	H@10 0.504120
INFO:meta-cli.py:Epoch 24/100	test results	MRR 0.458477	H@1 0.431876	H@3 0.468890	H@5 0.485801	H@10 0.508615
INFO:meta-cli.py:Epoch 25/100	Loss 2.7966 ± 0.1025
INFO:meta-cli.py:Epoch 26/100	Loss 2.7865 ± 0.1018
INFO:meta-cli.py:Epoch 27/100	Loss 2.7784 ± 0.0967
INFO:meta-cli.py:Epoch 27/100	dev results	MRR 0.458275	H@1 0.433586	H@3 0.467370	H@5 0.483191	H@10 0.505109
INFO:meta-cli.py:Epoch 27/100	test results	MRR 0.458700	H@1 0.431078	H@3 0.469209	H@5 0.487077	H@10 0.511008
INFO:meta-cli.py:Epoch 28/100	Loss 2.7697 ± 0.1045
INFO:meta-cli.py:Epoch 29/100	Loss 2.7620 ± 0.1033
INFO:meta-cli.py:Epoch 30/100	Loss 2.7548 ± 0.0928
INFO:meta-cli.py:Epoch 30/100	dev results	MRR 0.458227	H@1 0.433421	H@3 0.467370	H@5 0.482531	H@10 0.505768
INFO:meta-cli.py:Epoch 30/100	test results	MRR 0.459713	H@1 0.432195	H@3 0.470485	H@5 0.488673	H@10 0.512444
INFO:meta-cli.py:Epoch 31/100	Loss 2.7473 ± 0.1033
INFO:meta-cli.py:Epoch 32/100	Loss 2.7406 ± 0.1016
INFO:meta-cli.py:Epoch 33/100	Loss 2.7340 ± 0.0986
INFO:meta-cli.py:Epoch 33/100	dev results	MRR 0.459225	H@1 0.434740	H@3 0.467699	H@5 0.483850	H@10 0.505768
INFO:meta-cli.py:Epoch 33/100	test results	MRR 0.459840	H@1 0.431557	H@3 0.470964	H@5 0.489789	H@10 0.513561
INFO:meta-cli.py:Epoch 34/100	Loss 2.7276 ± 0.1023
INFO:meta-cli.py:Epoch 35/100	Loss 2.7220 ± 0.0948
INFO:meta-cli.py:Epoch 36/100	Loss 2.7162 ± 0.0945
INFO:meta-cli.py:Epoch 36/100	dev results	MRR 0.460168	H@1 0.435399	H@3 0.469183	H@5 0.484179	H@10 0.506592
INFO:meta-cli.py:Epoch 36/100	test results	MRR 0.461348	H@1 0.433312	H@3 0.472878	H@5 0.490268	H@10 0.514040
INFO:meta-cli.py:Epoch 37/100	Loss 2.7111 ± 0.0984
INFO:meta-cli.py:Epoch 38/100	Loss 2.7058 ± 0.0979
INFO:meta-cli.py:Epoch 39/100	Loss 2.7008 ± 0.1004
INFO:meta-cli.py:Epoch 39/100	dev results	MRR 0.459461	H@1 0.434575	H@3 0.467205	H@5 0.484509	H@10 0.507251
INFO:meta-cli.py:Epoch 39/100	test results	MRR 0.461662	H@1 0.433472	H@3 0.473197	H@5 0.490747	H@10 0.514837
INFO:meta-cli.py:Epoch 40/100	Loss 2.6960 ± 0.0928
INFO:meta-cli.py:Epoch 41/100	Loss 2.6912 ± 0.0959
INFO:meta-cli.py:Epoch 42/100	Loss 2.6873 ± 0.0991
INFO:meta-cli.py:Epoch 42/100	dev results	MRR 0.460984	H@1 0.436223	H@3 0.470007	H@5 0.486157	H@10 0.509558
INFO:meta-cli.py:Epoch 42/100	test results	MRR 0.463425	H@1 0.435865	H@3 0.474633	H@5 0.492023	H@10 0.518188
INFO:meta-cli.py:Epoch 43/100	Loss 2.6829 ± 0.0999
INFO:meta-cli.py:Epoch 44/100	Loss 2.6784 ± 0.0906
INFO:meta-cli.py:Epoch 45/100	Loss 2.6738 ± 0.0887
INFO:meta-cli.py:Epoch 45/100	dev results	MRR 0.461311	H@1 0.436388	H@3 0.469018	H@5 0.486486	H@10 0.509558
INFO:meta-cli.py:Epoch 45/100	test results	MRR 0.463517	H@1 0.435386	H@3 0.474314	H@5 0.492023	H@10 0.517549
INFO:meta-cli.py:Epoch 46/100	Loss 2.6702 ± 0.0956
INFO:meta-cli.py:Epoch 47/100	Loss 2.6668 ± 0.0974
INFO:meta-cli.py:Epoch 48/100	Loss 2.6632 ± 0.0973
INFO:meta-cli.py:Epoch 48/100	dev results	MRR 0.461235	H@1 0.435893	H@3 0.469512	H@5 0.487805	H@10 0.511371
INFO:meta-cli.py:Epoch 48/100	test results	MRR 0.463917	H@1 0.436343	H@3 0.474474	H@5 0.492821	H@10 0.518347
INFO:meta-cli.py:Epoch 49/100	Loss 2.6596 ± 0.0945
INFO:meta-cli.py:Epoch 50/100	Loss 2.6565 ± 0.0906
INFO:meta-cli.py:Epoch 51/100	Loss 2.6528 ± 0.0906
INFO:meta-cli.py:Epoch 51/100	dev results	MRR 0.462124	H@1 0.436388	H@3 0.470501	H@5 0.487805	H@10 0.512690
INFO:meta-cli.py:Epoch 51/100	test results	MRR 0.464186	H@1 0.435705	H@3 0.476548	H@5 0.493618	H@10 0.517869
INFO:meta-cli.py:Epoch 52/100	Loss 2.6498 ± 0.0844
INFO:meta-cli.py:Epoch 53/100	Loss 2.6469 ± 0.0879
INFO:meta-cli.py:Epoch 54/100	Loss 2.6434 ± 0.0929
INFO:meta-cli.py:Epoch 54/100	dev results	MRR 0.462495	H@1 0.436717	H@3 0.471490	H@5 0.488134	H@10 0.512360
INFO:meta-cli.py:Epoch 54/100	test results	MRR 0.464431	H@1 0.435386	H@3 0.476707	H@5 0.495214	H@10 0.519145
INFO:meta-cli.py:Epoch 55/100	Loss 2.6404 ± 0.0901
INFO:meta-cli.py:Epoch 56/100	Loss 2.6378 ± 0.0874
INFO:meta-cli.py:Epoch 57/100	Loss 2.6347 ± 0.0831
INFO:meta-cli.py:Epoch 57/100	dev results	MRR 0.462299	H@1 0.436223	H@3 0.470666	H@5 0.489123	H@10 0.513184
INFO:meta-cli.py:Epoch 57/100	test results	MRR 0.465829	H@1 0.437620	H@3 0.477186	H@5 0.494895	H@10 0.520102
INFO:meta-cli.py:Epoch 58/100	Loss 2.6322 ± 0.0897
INFO:meta-cli.py:Epoch 59/100	Loss 2.6296 ± 0.0888
INFO:meta-cli.py:Epoch 60/100	Loss 2.6271 ± 0.0919
INFO:meta-cli.py:Epoch 60/100	dev results	MRR 0.462053	H@1 0.435564	H@3 0.471655	H@5 0.488794	H@10 0.514173
INFO:meta-cli.py:Epoch 60/100	test results	MRR 0.464543	H@1 0.435546	H@3 0.475431	H@5 0.495054	H@10 0.519464
INFO:meta-cli.py:Epoch 61/100	Loss 2.6249 ± 0.0857
INFO:meta-cli.py:Epoch 62/100	Loss 2.6225 ± 0.0848
INFO:meta-cli.py:Epoch 63/100	Loss 2.6198 ± 0.0914
INFO:meta-cli.py:Epoch 63/100	dev results	MRR 0.463239	H@1 0.436882	H@3 0.472314	H@5 0.491101	H@10 0.514502
INFO:meta-cli.py:Epoch 63/100	test results	MRR 0.465110	H@1 0.435705	H@3 0.477026	H@5 0.496809	H@10 0.519943
INFO:meta-cli.py:Epoch 64/100	Loss 2.6173 ± 0.0877
INFO:meta-cli.py:Epoch 65/100	Loss 2.6150 ± 0.0943
INFO:meta-cli.py:Epoch 66/100	Loss 2.6129 ± 0.0868
INFO:meta-cli.py:Epoch 66/100	dev results	MRR 0.463020	H@1 0.436388	H@3 0.473632	H@5 0.490936	H@10 0.515326
INFO:meta-cli.py:Epoch 66/100	test results	MRR 0.465176	H@1 0.435865	H@3 0.476388	H@5 0.494735	H@10 0.521538
INFO:meta-cli.py:Epoch 67/100	Loss 2.6106 ± 0.0850
INFO:meta-cli.py:Epoch 68/100	Loss 2.6090 ± 0.0902
INFO:meta-cli.py:Epoch 69/100	Loss 2.6066 ± 0.0870
INFO:meta-cli.py:Epoch 69/100	dev results	MRR 0.463886	H@1 0.437376	H@3 0.473303	H@5 0.491101	H@10 0.517139
INFO:meta-cli.py:Epoch 69/100	test results	MRR 0.466239	H@1 0.437460	H@3 0.478143	H@5 0.495533	H@10 0.521857
INFO:meta-cli.py:Epoch 70/100	Loss 2.6047 ± 0.0858
INFO:meta-cli.py:Epoch 71/100	Loss 2.6029 ± 0.0862
INFO:meta-cli.py:Epoch 72/100	Loss 2.6009 ± 0.0843
INFO:meta-cli.py:Epoch 72/100	dev results	MRR 0.464337	H@1 0.437871	H@3 0.474127	H@5 0.490936	H@10 0.515985
INFO:meta-cli.py:Epoch 72/100	test results	MRR 0.466445	H@1 0.437460	H@3 0.478622	H@5 0.495852	H@10 0.521538
INFO:meta-cli.py:Epoch 73/100	Loss 2.5985 ± 0.0846
INFO:meta-cli.py:Epoch 74/100	Loss 2.5966 ± 0.0890
INFO:meta-cli.py:Epoch 75/100	Loss 2.5950 ± 0.0863
INFO:meta-cli.py:Epoch 75/100	dev results	MRR 0.464415	H@1 0.437871	H@3 0.473303	H@5 0.491925	H@10 0.516480
INFO:meta-cli.py:Epoch 75/100	test results	MRR 0.466605	H@1 0.437301	H@3 0.478622	H@5 0.495692	H@10 0.521538
INFO:meta-cli.py:Epoch 76/100	Loss 2.5933 ± 0.0830
INFO:meta-cli.py:Epoch 77/100	Loss 2.5918 ± 0.0827
INFO:meta-cli.py:Epoch 78/100	Loss 2.5899 ± 0.0757
INFO:meta-cli.py:Epoch 78/100	dev results	MRR 0.464217	H@1 0.437047	H@3 0.473962	H@5 0.492584	H@10 0.517469
INFO:meta-cli.py:Epoch 78/100	test results	MRR 0.467278	H@1 0.438417	H@3 0.478302	H@5 0.496809	H@10 0.523452
INFO:meta-cli.py:Epoch 79/100	Loss 2.5882 ± 0.0844
INFO:meta-cli.py:Epoch 80/100	Loss 2.5868 ± 0.0794
INFO:meta-cli.py:Epoch 81/100	Loss 2.5845 ± 0.0877
INFO:meta-cli.py:Epoch 81/100	dev results	MRR 0.464634	H@1 0.437871	H@3 0.472973	H@5 0.492254	H@10 0.517963
INFO:meta-cli.py:Epoch 81/100	test results	MRR 0.466718	H@1 0.436822	H@3 0.478622	H@5 0.497447	H@10 0.523931
INFO:meta-cli.py:Epoch 82/100	Loss 2.5830 ± 0.0862
INFO:meta-cli.py:Epoch 83/100	Loss 2.5817 ± 0.0861
INFO:meta-cli.py:Epoch 84/100	Loss 2.5798 ± 0.0884
INFO:meta-cli.py:Epoch 84/100	dev results	MRR 0.464689	H@1 0.437706	H@3 0.474456	H@5 0.492254	H@10 0.518787
INFO:meta-cli.py:Epoch 84/100	test results	MRR 0.466739	H@1 0.436822	H@3 0.479898	H@5 0.497607	H@10 0.522655
INFO:meta-cli.py:Epoch 85/100	Loss 2.5786 ± 0.0809
INFO:meta-cli.py:Epoch 86/100	Loss 2.5771 ± 0.0814
INFO:meta-cli.py:Epoch 87/100	Loss 2.5758 ± 0.0843
INFO:meta-cli.py:Epoch 87/100	dev results	MRR 0.465075	H@1 0.438036	H@3 0.474127	H@5 0.492254	H@10 0.518952
INFO:meta-cli.py:Epoch 87/100	test results	MRR 0.467859	H@1 0.438258	H@3 0.479579	H@5 0.497607	H@10 0.522814
INFO:meta-cli.py:Epoch 88/100	Loss 2.5744 ± 0.0883
INFO:meta-cli.py:Epoch 89/100	Loss 2.5727 ± 0.0813
INFO:meta-cli.py:Epoch 90/100	Loss 2.5716 ± 0.0835
INFO:meta-cli.py:Epoch 90/100	dev results	MRR 0.464442	H@1 0.436882	H@3 0.473797	H@5 0.493243	H@10 0.519941
INFO:meta-cli.py:Epoch 90/100	test results	MRR 0.467388	H@1 0.437301	H@3 0.480536	H@5 0.497926	H@10 0.524250
INFO:meta-cli.py:Epoch 91/100	Loss 2.5704 ± 0.0843
INFO:meta-cli.py:Epoch 92/100	Loss 2.5692 ± 0.0886
INFO:meta-cli.py:Epoch 93/100	Loss 2.5680 ± 0.0781
INFO:meta-cli.py:Epoch 93/100	dev results	MRR 0.465134	H@1 0.438036	H@3 0.474621	H@5 0.494232	H@10 0.517304
INFO:meta-cli.py:Epoch 93/100	test results	MRR 0.467831	H@1 0.437779	H@3 0.480377	H@5 0.498086	H@10 0.522814
INFO:meta-cli.py:Epoch 94/100	Loss 2.5665 ± 0.0800
INFO:meta-cli.py:Epoch 95/100	Loss 2.5650 ± 0.0859
INFO:meta-cli.py:Epoch 96/100	Loss 2.5638 ± 0.0821
INFO:meta-cli.py:Epoch 96/100	dev results	MRR 0.465674	H@1 0.438530	H@3 0.475115	H@5 0.494232	H@10 0.517798
INFO:meta-cli.py:Epoch 96/100	test results	MRR 0.467695	H@1 0.437779	H@3 0.480536	H@5 0.498883	H@10 0.522814
INFO:meta-cli.py:Epoch 97/100	Loss 2.5625 ± 0.0845
INFO:meta-cli.py:Epoch 98/100	Loss 2.5613 ± 0.0877
INFO:meta-cli.py:Epoch 99/100	Loss 2.5602 ± 0.0835
INFO:meta-cli.py:Epoch 99/100	dev results	MRR 0.465930	H@1 0.438530	H@3 0.475610	H@5 0.493902	H@10 0.519776
INFO:meta-cli.py:Epoch 99/100	test results	MRR 0.467952	H@1 0.437460	H@3 0.480855	H@5 0.497766	H@10 0.524729
INFO:meta-cli.py:Epoch 100/100	Loss 2.5589 ± 0.0821
INFO:meta-cli.py:Final 	dev results	MRR 0.465601	H@1 0.438200	H@3 0.475445	H@5 0.492914	H@10 0.519611
INFO:meta-cli.py:Final 	test results	MRR 0.468104	H@1 0.438258	H@3 0.480377	H@5 0.498086	H@10 0.524729
INFO:meta-cli.py:Training finished
