./bin/meta-cli.py --train data/wn18rr/train.tsv --dev data/wn18rr/dev.tsv --test data/wn18rr/test.tsv -m complex -k 4000 -b 100 -e 100 --F2 0 --N3 0.001 -l 0.1 -I reciprocal -V 3 -o adagrad -q
{'F2': 0.0,
 'N3': 0.001,
 'batch_size': 100,
 'dev': 'data/wn18rr/dev.tsv',
 'embedding_size': 4000,
 'epochs': 100,
 'eval_batch_size': None,
 'input_type': 'reciprocal',
 'learning_rate': 0.1,
 'load': None,
 'model': 'complex',
 'optimizer': 'adagrad',
 'quiet': True,
 'save': None,
 'seed': 0,
 'test': 'data/wn18rr/test.tsv',
 'test_i': None,
 'test_ii': None,
 'train': 'data/wn18rr/train.tsv',
 'validate_every': 3}
INFO:meta-cli.py:Device: cuda
INFO:meta-cli.py:Model state:
INFO:meta-cli.py:	entities.weight	torch.Size([40943, 8000])
INFO:meta-cli.py:	predicates.weight	torch.Size([22, 8000])
INFO:meta-cli.py:Epoch 1/100	Loss 13.4893 ± 4.1752
INFO:meta-cli.py:Epoch 2/100	Loss 4.4811 ± 0.3620
INFO:meta-cli.py:Epoch 3/100	Loss 3.7059 ± 0.2211
INFO:meta-cli.py:Epoch 3/100	dev results	MRR 0.426829	H@1 0.403593	H@3 0.434575	H@5 0.451055	H@10 0.468194
INFO:meta-cli.py:Epoch 3/100	test results	MRR 0.428158	H@1 0.406350	H@3 0.435227	H@5 0.450383	H@10 0.468890
INFO:meta-cli.py:Epoch 4/100	Loss 3.4426 ± 0.2093
INFO:meta-cli.py:Epoch 5/100	Loss 3.2979 ± 0.2019
INFO:meta-cli.py:Epoch 6/100	Loss 3.1980 ± 0.2007
INFO:meta-cli.py:Epoch 6/100	dev results	MRR 0.437329	H@1 0.411833	H@3 0.448418	H@5 0.464568	H@10 0.481872
INFO:meta-cli.py:Epoch 6/100	test results	MRR 0.435790	H@1 0.413210	H@3 0.442406	H@5 0.457881	H@10 0.479419
INFO:meta-cli.py:Epoch 7/100	Loss 3.1232 ± 0.1951
INFO:meta-cli.py:Epoch 8/100	Loss 3.0607 ± 0.1996
INFO:meta-cli.py:Epoch 9/100	Loss 3.0136 ± 0.1883
INFO:meta-cli.py:Epoch 9/100	dev results	MRR 0.439262	H@1 0.414305	H@3 0.448912	H@5 0.463579	H@10 0.486981
INFO:meta-cli.py:Epoch 9/100	test results	MRR 0.439530	H@1 0.415124	H@3 0.447671	H@5 0.463465	H@10 0.487077
INFO:meta-cli.py:Epoch 10/100	Loss 2.9678 ± 0.1887
INFO:meta-cli.py:Epoch 11/100	Loss 2.9314 ± 0.1918
INFO:meta-cli.py:Epoch 12/100	Loss 2.8990 ± 0.1932
INFO:meta-cli.py:Epoch 12/100	dev results	MRR 0.441958	H@1 0.415293	H@3 0.451714	H@5 0.470501	H@10 0.493243
INFO:meta-cli.py:Epoch 12/100	test results	MRR 0.442357	H@1 0.417358	H@3 0.451340	H@5 0.467613	H@10 0.489949
INFO:meta-cli.py:Epoch 13/100	Loss 2.8703 ± 0.1891
INFO:meta-cli.py:Epoch 14/100	Loss 2.8449 ± 0.1874
INFO:meta-cli.py:Epoch 15/100	Loss 2.8209 ± 0.1905
INFO:meta-cli.py:Epoch 15/100	dev results	MRR 0.446630	H@1 0.419908	H@3 0.456493	H@5 0.473467	H@10 0.497858
INFO:meta-cli.py:Epoch 15/100	test results	MRR 0.445913	H@1 0.420868	H@3 0.453574	H@5 0.471602	H@10 0.492821
INFO:meta-cli.py:Epoch 16/100	Loss 2.7985 ± 0.1842
INFO:meta-cli.py:Epoch 17/100	Loss 2.7794 ± 0.1856
INFO:meta-cli.py:Epoch 18/100	Loss 2.7606 ± 0.1920
INFO:meta-cli.py:Epoch 18/100	dev results	MRR 0.447995	H@1 0.421226	H@3 0.459130	H@5 0.475775	H@10 0.498187
INFO:meta-cli.py:Epoch 18/100	test results	MRR 0.447534	H@1 0.421187	H@3 0.456445	H@5 0.474633	H@10 0.495214
INFO:meta-cli.py:Epoch 19/100	Loss 2.7445 ± 0.1796
INFO:meta-cli.py:Epoch 20/100	Loss 2.7277 ± 0.1852
INFO:meta-cli.py:Epoch 21/100	Loss 2.7129 ± 0.1826
INFO:meta-cli.py:Epoch 21/100	dev results	MRR 0.450066	H@1 0.423368	H@3 0.461107	H@5 0.474621	H@10 0.500824
INFO:meta-cli.py:Epoch 21/100	test results	MRR 0.449176	H@1 0.422942	H@3 0.457722	H@5 0.475271	H@10 0.499521
INFO:meta-cli.py:Epoch 22/100	Loss 2.6993 ± 0.1867
INFO:meta-cli.py:Epoch 23/100	Loss 2.6863 ± 0.1842
INFO:meta-cli.py:Epoch 24/100	Loss 2.6741 ± 0.1860
INFO:meta-cli.py:Epoch 24/100	dev results	MRR 0.451130	H@1 0.424522	H@3 0.459624	H@5 0.477423	H@10 0.500000
INFO:meta-cli.py:Epoch 24/100	test results	MRR 0.450594	H@1 0.424856	H@3 0.456924	H@5 0.476228	H@10 0.500798
INFO:meta-cli.py:Epoch 25/100	Loss 2.6618 ± 0.1851
INFO:meta-cli.py:Epoch 26/100	Loss 2.6504 ± 0.1816
INFO:meta-cli.py:Epoch 27/100	Loss 2.6401 ± 0.1784
INFO:meta-cli.py:Epoch 27/100	dev results	MRR 0.452575	H@1 0.425346	H@3 0.462261	H@5 0.477917	H@10 0.502142
INFO:meta-cli.py:Epoch 27/100	test results	MRR 0.452625	H@1 0.425495	H@3 0.461870	H@5 0.478781	H@10 0.502712
INFO:meta-cli.py:Epoch 28/100	Loss 2.6304 ± 0.1831
INFO:meta-cli.py:Epoch 29/100	Loss 2.6212 ± 0.1866
INFO:meta-cli.py:Epoch 30/100	Loss 2.6123 ± 0.1767
INFO:meta-cli.py:Epoch 30/100	dev results	MRR 0.452822	H@1 0.425346	H@3 0.462920	H@5 0.478741	H@10 0.502966
INFO:meta-cli.py:Epoch 30/100	test results	MRR 0.451719	H@1 0.424697	H@3 0.460274	H@5 0.478622	H@10 0.504148
INFO:meta-cli.py:Epoch 31/100	Loss 2.6030 ± 0.1831
INFO:meta-cli.py:Epoch 32/100	Loss 2.5949 ± 0.1848
INFO:meta-cli.py:Epoch 33/100	Loss 2.5868 ± 0.1795
INFO:meta-cli.py:Epoch 33/100	dev results	MRR 0.453837	H@1 0.426170	H@3 0.465063	H@5 0.480059	H@10 0.504779
INFO:meta-cli.py:Epoch 33/100	test results	MRR 0.453040	H@1 0.425175	H@3 0.463625	H@5 0.483089	H@10 0.505903
INFO:meta-cli.py:Epoch 34/100	Loss 2.5792 ± 0.1817
INFO:meta-cli.py:Epoch 35/100	Loss 2.5721 ± 0.1775
INFO:meta-cli.py:Epoch 36/100	Loss 2.5647 ± 0.1815
INFO:meta-cli.py:Epoch 36/100	dev results	MRR 0.453807	H@1 0.425511	H@3 0.464898	H@5 0.480719	H@10 0.505274
INFO:meta-cli.py:Epoch 36/100	test results	MRR 0.454190	H@1 0.426611	H@3 0.462189	H@5 0.483089	H@10 0.507658
INFO:meta-cli.py:Epoch 37/100	Loss 2.5585 ± 0.1788
INFO:meta-cli.py:Epoch 38/100	Loss 2.5515 ± 0.1775
INFO:meta-cli.py:Epoch 39/100	Loss 2.5456 ± 0.1792
INFO:meta-cli.py:Epoch 39/100	dev results	MRR 0.453578	H@1 0.426170	H@3 0.461767	H@5 0.479400	H@10 0.506592
INFO:meta-cli.py:Epoch 39/100	test results	MRR 0.454324	H@1 0.426930	H@3 0.462348	H@5 0.481972	H@10 0.507179
INFO:meta-cli.py:Epoch 40/100	Loss 2.5391 ± 0.1751
INFO:meta-cli.py:Epoch 41/100	Loss 2.5334 ± 0.1802
INFO:meta-cli.py:Epoch 42/100	Loss 2.5278 ± 0.1840
INFO:meta-cli.py:Epoch 42/100	dev results	MRR 0.454565	H@1 0.426664	H@3 0.465227	H@5 0.479400	H@10 0.506098
INFO:meta-cli.py:Epoch 42/100	test results	MRR 0.455385	H@1 0.427888	H@3 0.463625	H@5 0.482451	H@10 0.508456
INFO:meta-cli.py:Epoch 43/100	Loss 2.5222 ± 0.1810
INFO:meta-cli.py:Epoch 44/100	Loss 2.5169 ± 0.1776
INFO:meta-cli.py:Epoch 45/100	Loss 2.5110 ± 0.1741
INFO:meta-cli.py:Epoch 45/100	dev results	MRR 0.455453	H@1 0.427488	H@3 0.464898	H@5 0.482202	H@10 0.507910
INFO:meta-cli.py:Epoch 45/100	test results	MRR 0.456144	H@1 0.427888	H@3 0.465539	H@5 0.484684	H@10 0.510370
INFO:meta-cli.py:Epoch 46/100	Loss 2.5065 ± 0.1747
INFO:meta-cli.py:Epoch 47/100	Loss 2.5021 ± 0.1767
INFO:meta-cli.py:Epoch 48/100	Loss 2.4974 ± 0.1803
INFO:meta-cli.py:Epoch 48/100	dev results	MRR 0.455622	H@1 0.427653	H@3 0.465392	H@5 0.483026	H@10 0.507581
INFO:meta-cli.py:Epoch 48/100	test results	MRR 0.455855	H@1 0.427728	H@3 0.465220	H@5 0.484844	H@10 0.509572
INFO:meta-cli.py:Epoch 49/100	Loss 2.4926 ± 0.1804
INFO:meta-cli.py:Epoch 50/100	Loss 2.4884 ± 0.1716
INFO:meta-cli.py:Epoch 51/100	Loss 2.4835 ± 0.1792
INFO:meta-cli.py:Epoch 51/100	dev results	MRR 0.456558	H@1 0.428477	H@3 0.466875	H@5 0.483355	H@10 0.508405
INFO:meta-cli.py:Epoch 51/100	test results	MRR 0.456686	H@1 0.428366	H@3 0.465061	H@5 0.485960	H@10 0.511646
INFO:meta-cli.py:Epoch 52/100	Loss 2.4798 ± 0.1703
INFO:meta-cli.py:Epoch 53/100	Loss 2.4757 ± 0.1729
INFO:meta-cli.py:Epoch 54/100	Loss 2.4715 ± 0.1754
INFO:meta-cli.py:Epoch 54/100	dev results	MRR 0.456294	H@1 0.428477	H@3 0.465227	H@5 0.483191	H@10 0.509064
INFO:meta-cli.py:Epoch 54/100	test results	MRR 0.457129	H@1 0.428366	H@3 0.465699	H@5 0.488513	H@10 0.511168
INFO:meta-cli.py:Epoch 55/100	Loss 2.4679 ± 0.1756
INFO:meta-cli.py:Epoch 56/100	Loss 2.4642 ± 0.1757
INFO:meta-cli.py:Epoch 57/100	Loss 2.4603 ± 0.1670
INFO:meta-cli.py:Epoch 57/100	dev results	MRR 0.456426	H@1 0.428148	H@3 0.466216	H@5 0.482367	H@10 0.508734
INFO:meta-cli.py:Epoch 57/100	test results	MRR 0.458216	H@1 0.430121	H@3 0.466337	H@5 0.488354	H@10 0.512763
INFO:meta-cli.py:Epoch 58/100	Loss 2.4568 ± 0.1746
INFO:meta-cli.py:Epoch 59/100	Loss 2.4533 ± 0.1749
INFO:meta-cli.py:Epoch 60/100	Loss 2.4499 ± 0.1683
INFO:meta-cli.py:Epoch 60/100	dev results	MRR 0.457274	H@1 0.428972	H@3 0.468029	H@5 0.482696	H@10 0.509723
INFO:meta-cli.py:Epoch 60/100	test results	MRR 0.458004	H@1 0.429483	H@3 0.467454	H@5 0.488194	H@10 0.512125
INFO:meta-cli.py:Epoch 61/100	Loss 2.4473 ± 0.1711
INFO:meta-cli.py:Epoch 62/100	Loss 2.4439 ± 0.1669
INFO:meta-cli.py:Epoch 63/100	Loss 2.4405 ± 0.1725
INFO:meta-cli.py:Epoch 63/100	dev results	MRR 0.457760	H@1 0.429301	H@3 0.468029	H@5 0.484838	H@10 0.511371
INFO:meta-cli.py:Epoch 63/100	test results	MRR 0.459075	H@1 0.430600	H@3 0.467613	H@5 0.488513	H@10 0.514518
INFO:meta-cli.py:Epoch 64/100	Loss 2.4373 ± 0.1719
INFO:meta-cli.py:Epoch 65/100	Loss 2.4341 ± 0.1778
INFO:meta-cli.py:Epoch 66/100	Loss 2.4317 ± 0.1716
INFO:meta-cli.py:Epoch 66/100	dev results	MRR 0.458164	H@1 0.429796	H@3 0.467535	H@5 0.483850	H@10 0.511866
INFO:meta-cli.py:Epoch 66/100	test results	MRR 0.458614	H@1 0.429164	H@3 0.468092	H@5 0.489151	H@10 0.514837
INFO:meta-cli.py:Epoch 67/100	Loss 2.4284 ± 0.1735
INFO:meta-cli.py:Epoch 68/100	Loss 2.4260 ± 0.1744
INFO:meta-cli.py:Epoch 69/100	Loss 2.4230 ± 0.1714
INFO:meta-cli.py:Epoch 69/100	dev results	MRR 0.458330	H@1 0.429960	H@3 0.468523	H@5 0.485168	H@10 0.511701
INFO:meta-cli.py:Epoch 69/100	test results	MRR 0.459036	H@1 0.430440	H@3 0.467454	H@5 0.489311	H@10 0.514837
INFO:meta-cli.py:Epoch 70/100	Loss 2.4205 ± 0.1690
INFO:meta-cli.py:Epoch 71/100	Loss 2.4180 ± 0.1696
INFO:meta-cli.py:Epoch 72/100	Loss 2.4153 ± 0.1713
INFO:meta-cli.py:Epoch 72/100	dev results	MRR 0.457713	H@1 0.428642	H@3 0.469183	H@5 0.484838	H@10 0.511536
INFO:meta-cli.py:Epoch 72/100	test results	MRR 0.459534	H@1 0.430600	H@3 0.469368	H@5 0.489151	H@10 0.514678
INFO:meta-cli.py:Epoch 73/100	Loss 2.4125 ± 0.1709
INFO:meta-cli.py:Epoch 74/100	Loss 2.4104 ± 0.1726
INFO:meta-cli.py:Epoch 75/100	Loss 2.4079 ± 0.1714
INFO:meta-cli.py:Epoch 75/100	dev results	MRR 0.458368	H@1 0.429301	H@3 0.467864	H@5 0.485827	H@10 0.514008
INFO:meta-cli.py:Epoch 75/100	test results	MRR 0.459758	H@1 0.430600	H@3 0.469687	H@5 0.489151	H@10 0.515795
INFO:meta-cli.py:Epoch 76/100	Loss 2.4054 ± 0.1689
INFO:meta-cli.py:Epoch 77/100	Loss 2.4031 ± 0.1675
INFO:meta-cli.py:Epoch 78/100	Loss 2.4010 ± 0.1648
INFO:meta-cli.py:Epoch 78/100	dev results	MRR 0.458401	H@1 0.429136	H@3 0.468359	H@5 0.487805	H@10 0.512360
INFO:meta-cli.py:Epoch 78/100	test results	MRR 0.460433	H@1 0.431238	H@3 0.470006	H@5 0.491385	H@10 0.517549
INFO:meta-cli.py:Epoch 79/100	Loss 2.3986 ± 0.1712
INFO:meta-cli.py:Epoch 80/100	Loss 2.3966 ± 0.1679
INFO:meta-cli.py:Epoch 81/100	Loss 2.3940 ± 0.1695
INFO:meta-cli.py:Epoch 81/100	dev results	MRR 0.459233	H@1 0.431279	H@3 0.469018	H@5 0.486486	H@10 0.512525
INFO:meta-cli.py:Epoch 81/100	test results	MRR 0.460416	H@1 0.430440	H@3 0.471442	H@5 0.490906	H@10 0.516752
INFO:meta-cli.py:Epoch 82/100	Loss 2.3919 ± 0.1671
INFO:meta-cli.py:Epoch 83/100	Loss 2.3901 ± 0.1711
INFO:meta-cli.py:Epoch 84/100	Loss 2.3878 ± 0.1692
INFO:meta-cli.py:Epoch 84/100	dev results	MRR 0.458820	H@1 0.429960	H@3 0.468523	H@5 0.487475	H@10 0.512525
INFO:meta-cli.py:Epoch 84/100	test results	MRR 0.460795	H@1 0.430919	H@3 0.471761	H@5 0.491704	H@10 0.516911
INFO:meta-cli.py:Epoch 85/100	Loss 2.3860 ± 0.1676
INFO:meta-cli.py:Epoch 86/100	Loss 2.3840 ± 0.1713
INFO:meta-cli.py:Epoch 87/100	Loss 2.3821 ± 0.1702
INFO:meta-cli.py:Epoch 87/100	dev results	MRR 0.459503	H@1 0.430455	H@3 0.468853	H@5 0.489123	H@10 0.512690
INFO:meta-cli.py:Epoch 87/100	test results	MRR 0.460928	H@1 0.430600	H@3 0.471442	H@5 0.492661	H@10 0.518985
INFO:meta-cli.py:Epoch 88/100	Loss 2.3803 ± 0.1680
INFO:meta-cli.py:Epoch 89/100	Loss 2.3783 ± 0.1686
INFO:meta-cli.py:Epoch 90/100	Loss 2.3766 ± 0.1695
INFO:meta-cli.py:Epoch 90/100	dev results	MRR 0.459198	H@1 0.429960	H@3 0.469018	H@5 0.489947	H@10 0.514173
INFO:meta-cli.py:Epoch 90/100	test results	MRR 0.461780	H@1 0.432036	H@3 0.472719	H@5 0.492661	H@10 0.519145
INFO:meta-cli.py:Epoch 91/100	Loss 2.3748 ± 0.1698
INFO:meta-cli.py:Epoch 92/100	Loss 2.3730 ± 0.1715
INFO:meta-cli.py:Epoch 93/100	Loss 2.3713 ± 0.1646
INFO:meta-cli.py:Epoch 93/100	dev results	MRR 0.459702	H@1 0.430290	H@3 0.469183	H@5 0.489288	H@10 0.514667
INFO:meta-cli.py:Epoch 93/100	test results	MRR 0.461810	H@1 0.432036	H@3 0.471761	H@5 0.491544	H@10 0.520421
INFO:meta-cli.py:Epoch 94/100	Loss 2.3697 ± 0.1682
INFO:meta-cli.py:Epoch 95/100	Loss 2.3679 ± 0.1695
INFO:meta-cli.py:Epoch 96/100	Loss 2.3662 ± 0.1714
INFO:meta-cli.py:Epoch 96/100	dev results	MRR 0.460236	H@1 0.431444	H@3 0.470336	H@5 0.489618	H@10 0.512690
INFO:meta-cli.py:Epoch 96/100	test results	MRR 0.461777	H@1 0.431876	H@3 0.472719	H@5 0.493299	H@10 0.519464
INFO:meta-cli.py:Epoch 97/100	Loss 2.3646 ± 0.1676
INFO:meta-cli.py:Epoch 98/100	Loss 2.3628 ± 0.1698
INFO:meta-cli.py:Epoch 99/100	Loss 2.3615 ± 0.1693
INFO:meta-cli.py:Epoch 99/100	dev results	MRR 0.459985	H@1 0.430949	H@3 0.469512	H@5 0.490112	H@10 0.514338
INFO:meta-cli.py:Epoch 99/100	test results	MRR 0.462076	H@1 0.432195	H@3 0.472240	H@5 0.494257	H@10 0.520102
INFO:meta-cli.py:Epoch 100/100	Loss 2.3598 ± 0.1695
INFO:meta-cli.py:Final 	dev results	MRR 0.460050	H@1 0.431114	H@3 0.469512	H@5 0.489947	H@10 0.512854
INFO:meta-cli.py:Final 	test results	MRR 0.462277	H@1 0.432355	H@3 0.472559	H@5 0.492661	H@10 0.520421
INFO:meta-cli.py:Training finished
