./bin/meta-cli.py --train data/wn18rr/train.tsv --dev data/wn18rr/dev.tsv --test data/wn18rr/test.tsv -m complex -k 4000 -b 500 -e 100 --F2 0.01 --N3 0 -l 0.1 -I reciprocal -V 3 -o adagrad -q
{'F2': 0.01,
 'N3': 0.0,
 'batch_size': 500,
 'dev': 'data/wn18rr/dev.tsv',
 'embedding_size': 4000,
 'epochs': 100,
 'eval_batch_size': None,
 'input_type': 'reciprocal',
 'learning_rate': 0.1,
 'load': None,
 'model': 'complex',
 'optimizer': 'adagrad',
 'quiet': True,
 'save': None,
 'seed': 0,
 'test': 'data/wn18rr/test.tsv',
 'test_i': None,
 'test_ii': None,
 'train': 'data/wn18rr/train.tsv',
 'validate_every': 3}
INFO:meta-cli.py:Device: cuda
INFO:meta-cli.py:Model state:
INFO:meta-cli.py:	entities.weight	torch.Size([40943, 8000])
INFO:meta-cli.py:	predicates.weight	torch.Size([22, 8000])
INFO:meta-cli.py:Epoch 1/100	Loss 17.1682 ± 3.6593
INFO:meta-cli.py:Epoch 2/100	Loss 8.0086 ± 0.4220
INFO:meta-cli.py:Epoch 3/100	Loss 6.6200 ± 0.1230
INFO:meta-cli.py:Epoch 3/100	dev results	MRR 0.442568	H@1 0.414305	H@3 0.454021	H@5 0.471984	H@10 0.497693
INFO:meta-cli.py:Epoch 3/100	test results	MRR 0.441569	H@1 0.414486	H@3 0.449904	H@5 0.470325	H@10 0.495692
INFO:meta-cli.py:Epoch 4/100	Loss 6.0469 ± 0.0937
INFO:meta-cli.py:Epoch 5/100	Loss 5.6914 ± 0.0916
INFO:meta-cli.py:Epoch 6/100	Loss 5.4321 ± 0.0937
INFO:meta-cli.py:Epoch 6/100	dev results	MRR 0.452945	H@1 0.423533	H@3 0.463909	H@5 0.484344	H@10 0.511206
INFO:meta-cli.py:Epoch 6/100	test results	MRR 0.453781	H@1 0.425016	H@3 0.462987	H@5 0.479100	H@10 0.510211
INFO:meta-cli.py:Epoch 7/100	Loss 5.2326 ± 0.0959
INFO:meta-cli.py:Epoch 8/100	Loss 5.0697 ± 0.1066
INFO:meta-cli.py:Epoch 9/100	Loss 4.9349 ± 0.0956
INFO:meta-cli.py:Epoch 9/100	dev results	MRR 0.456718	H@1 0.426335	H@3 0.467040	H@5 0.487475	H@10 0.516974
INFO:meta-cli.py:Epoch 9/100	test results	MRR 0.458436	H@1 0.427250	H@3 0.469687	H@5 0.488354	H@10 0.520102
INFO:meta-cli.py:Epoch 10/100	Loss 4.8173 ± 0.1025
INFO:meta-cli.py:Epoch 11/100	Loss 4.7180 ± 0.1064
INFO:meta-cli.py:Epoch 12/100	Loss 4.6296 ± 0.1034
INFO:meta-cli.py:Epoch 12/100	dev results	MRR 0.458421	H@1 0.427983	H@3 0.468029	H@5 0.488794	H@10 0.516645
INFO:meta-cli.py:Epoch 12/100	test results	MRR 0.461166	H@1 0.429643	H@3 0.472399	H@5 0.492342	H@10 0.522974
INFO:meta-cli.py:Epoch 13/100	Loss 4.5512 ± 0.1024
INFO:meta-cli.py:Epoch 14/100	Loss 4.4822 ± 0.1029
INFO:meta-cli.py:Epoch 15/100	Loss 4.4190 ± 0.1089
INFO:meta-cli.py:Epoch 15/100	dev results	MRR 0.459897	H@1 0.429466	H@3 0.470501	H@5 0.490277	H@10 0.520105
INFO:meta-cli.py:Epoch 15/100	test results	MRR 0.461889	H@1 0.428685	H@3 0.474154	H@5 0.493618	H@10 0.525526
INFO:meta-cli.py:Epoch 16/100	Loss 4.3615 ± 0.1057
INFO:meta-cli.py:Epoch 17/100	Loss 4.3093 ± 0.1046
INFO:meta-cli.py:Epoch 18/100	Loss 4.2608 ± 0.1073
INFO:meta-cli.py:Epoch 18/100	dev results	MRR 0.459467	H@1 0.428312	H@3 0.470007	H@5 0.491101	H@10 0.520765
INFO:meta-cli.py:Epoch 18/100	test results	MRR 0.462156	H@1 0.428685	H@3 0.474793	H@5 0.494735	H@10 0.528558
INFO:meta-cli.py:Epoch 19/100	Loss 4.2173 ± 0.1007
INFO:meta-cli.py:Epoch 20/100	Loss 4.1756 ± 0.1027
INFO:meta-cli.py:Epoch 21/100	Loss 4.1372 ± 0.1003
INFO:meta-cli.py:Epoch 21/100	dev results	MRR 0.459901	H@1 0.428807	H@3 0.468523	H@5 0.492090	H@10 0.521424
INFO:meta-cli.py:Epoch 21/100	test results	MRR 0.461028	H@1 0.427250	H@3 0.472878	H@5 0.496331	H@10 0.526803
INFO:meta-cli.py:Epoch 22/100	Loss 4.1018 ± 0.1070
INFO:meta-cli.py:Epoch 23/100	Loss 4.0689 ± 0.1028
INFO:meta-cli.py:Epoch 24/100	Loss 4.0385 ± 0.1055
INFO:meta-cli.py:Epoch 24/100	dev results	MRR 0.459875	H@1 0.428312	H@3 0.468359	H@5 0.494232	H@10 0.522577
INFO:meta-cli.py:Epoch 24/100	test results	MRR 0.461573	H@1 0.428047	H@3 0.474474	H@5 0.496011	H@10 0.528877
INFO:meta-cli.py:Epoch 25/100	Loss 4.0081 ± 0.1018
INFO:meta-cli.py:Epoch 26/100	Loss 3.9805 ± 0.1010
INFO:meta-cli.py:Epoch 27/100	Loss 3.9550 ± 0.0962
INFO:meta-cli.py:Epoch 27/100	dev results	MRR 0.460112	H@1 0.428642	H@3 0.471160	H@5 0.490442	H@10 0.521753
INFO:meta-cli.py:Epoch 27/100	test results	MRR 0.461082	H@1 0.427090	H@3 0.473676	H@5 0.496809	H@10 0.530153
INFO:meta-cli.py:Epoch 28/100	Loss 3.9303 ± 0.1035
INFO:meta-cli.py:Epoch 29/100	Loss 3.9068 ± 0.1042
INFO:meta-cli.py:Epoch 30/100	Loss 3.8852 ± 0.0938
INFO:meta-cli.py:Epoch 30/100	dev results	MRR 0.459058	H@1 0.427983	H@3 0.469018	H@5 0.490442	H@10 0.521589
INFO:meta-cli.py:Epoch 30/100	test results	MRR 0.461502	H@1 0.428366	H@3 0.473357	H@5 0.496171	H@10 0.527601
INFO:meta-cli.py:Epoch 31/100	Loss 3.8642 ± 0.1045
INFO:meta-cli.py:Epoch 32/100	Loss 3.8436 ± 0.1010
INFO:meta-cli.py:Epoch 33/100	Loss 3.8246 ± 0.0972
INFO:meta-cli.py:Epoch 33/100	dev results	MRR 0.459350	H@1 0.428148	H@3 0.469183	H@5 0.493738	H@10 0.520435
INFO:meta-cli.py:Epoch 33/100	test results	MRR 0.459645	H@1 0.425654	H@3 0.473197	H@5 0.494257	H@10 0.528398
INFO:meta-cli.py:Epoch 34/100	Loss 3.8062 ± 0.1014
INFO:meta-cli.py:Epoch 35/100	Loss 3.7890 ± 0.0951
INFO:meta-cli.py:Epoch 36/100	Loss 3.7719 ± 0.0951
INFO:meta-cli.py:Epoch 36/100	dev results	MRR 0.458076	H@1 0.425840	H@3 0.470501	H@5 0.490606	H@10 0.519446
INFO:meta-cli.py:Epoch 36/100	test results	MRR 0.460206	H@1 0.426133	H@3 0.474474	H@5 0.495054	H@10 0.528717
INFO:meta-cli.py:Epoch 37/100	Loss 3.7562 ± 0.1006
INFO:meta-cli.py:Epoch 38/100	Loss 3.7405 ± 0.0981
INFO:meta-cli.py:Epoch 39/100	Loss 3.7256 ± 0.0988
INFO:meta-cli.py:Epoch 39/100	dev results	MRR 0.457946	H@1 0.426829	H@3 0.470171	H@5 0.489782	H@10 0.517963
INFO:meta-cli.py:Epoch 39/100	test results	MRR 0.458728	H@1 0.424537	H@3 0.472878	H@5 0.493618	H@10 0.526165
INFO:meta-cli.py:Epoch 40/100	Loss 3.7116 ± 0.0916
INFO:meta-cli.py:Epoch 41/100	Loss 3.6981 ± 0.0935
INFO:meta-cli.py:Epoch 42/100	Loss 3.6849 ± 0.1007
INFO:meta-cli.py:Epoch 42/100	dev results	MRR 0.456763	H@1 0.425016	H@3 0.469183	H@5 0.489453	H@10 0.518787
INFO:meta-cli.py:Epoch 42/100	test results	MRR 0.458876	H@1 0.424856	H@3 0.471761	H@5 0.493778	H@10 0.526643
INFO:meta-cli.py:Epoch 43/100	Loss 3.6724 ± 0.1019
INFO:meta-cli.py:Epoch 44/100	Loss 3.6597 ± 0.0908
INFO:meta-cli.py:Epoch 45/100	Loss 3.6470 ± 0.0914
INFO:meta-cli.py:Epoch 45/100	dev results	MRR 0.457004	H@1 0.425346	H@3 0.469018	H@5 0.489453	H@10 0.517963
INFO:meta-cli.py:Epoch 45/100	test results	MRR 0.457965	H@1 0.423580	H@3 0.471761	H@5 0.492821	H@10 0.524888
INFO:meta-cli.py:Epoch 46/100	Loss 3.6364 ± 0.0960
INFO:meta-cli.py:Epoch 47/100	Loss 3.6250 ± 0.0970
INFO:meta-cli.py:Epoch 48/100	Loss 3.6141 ± 0.0938
INFO:meta-cli.py:Epoch 48/100	dev results	MRR 0.456768	H@1 0.425676	H@3 0.467699	H@5 0.488794	H@10 0.516974
INFO:meta-cli.py:Epoch 48/100	test results	MRR 0.457767	H@1 0.424218	H@3 0.470166	H@5 0.492183	H@10 0.524729
INFO:meta-cli.py:Epoch 49/100	Loss 3.6037 ± 0.0949
INFO:meta-cli.py:Epoch 50/100	Loss 3.5937 ± 0.0929
INFO:meta-cli.py:Epoch 51/100	Loss 3.5836 ± 0.0900
INFO:meta-cli.py:Epoch 51/100	dev results	MRR 0.456727	H@1 0.426005	H@3 0.466381	H@5 0.488629	H@10 0.517304
INFO:meta-cli.py:Epoch 51/100	test results	MRR 0.457283	H@1 0.423740	H@3 0.469528	H@5 0.492821	H@10 0.523293
INFO:meta-cli.py:Epoch 52/100	Loss nan ± nan
INFO:meta-cli.py:Epoch 53/100	Loss nan ± nan
INFO:meta-cli.py:Epoch 54/100	Loss nan ± nan
INFO:meta-cli.py:Epoch 54/100	dev results	MRR 0.000634	H@1 0.000165	H@3 0.000659	H@5 0.000989	H@10 0.000989
INFO:meta-cli.py:Epoch 54/100	test results	MRR 0.000383	H@1 0.000160	H@3 0.000160	H@5 0.000160	H@10 0.000160
INFO:meta-cli.py:Epoch 55/100	Loss nan ± nan
INFO:meta-cli.py:Epoch 56/100	Loss nan ± nan
INFO:meta-cli.py:Epoch 57/100	Loss nan ± nan
INFO:meta-cli.py:Epoch 57/100	dev results	MRR 0.000634	H@1 0.000165	H@3 0.000659	H@5 0.000989	H@10 0.000989
INFO:meta-cli.py:Epoch 57/100	test results	MRR 0.000383	H@1 0.000160	H@3 0.000160	H@5 0.000160	H@10 0.000160
INFO:meta-cli.py:Epoch 58/100	Loss nan ± nan
INFO:meta-cli.py:Epoch 59/100	Loss nan ± nan
INFO:meta-cli.py:Epoch 60/100	Loss nan ± nan
INFO:meta-cli.py:Epoch 60/100	dev results	MRR 0.000634	H@1 0.000165	H@3 0.000659	H@5 0.000989	H@10 0.000989
INFO:meta-cli.py:Epoch 60/100	test results	MRR 0.000383	H@1 0.000160	H@3 0.000160	H@5 0.000160	H@10 0.000160
INFO:meta-cli.py:Epoch 61/100	Loss nan ± nan
INFO:meta-cli.py:Epoch 62/100	Loss nan ± nan
INFO:meta-cli.py:Epoch 63/100	Loss nan ± nan
INFO:meta-cli.py:Epoch 63/100	dev results	MRR 0.000634	H@1 0.000165	H@3 0.000659	H@5 0.000989	H@10 0.000989
INFO:meta-cli.py:Epoch 63/100	test results	MRR 0.000383	H@1 0.000160	H@3 0.000160	H@5 0.000160	H@10 0.000160
INFO:meta-cli.py:Epoch 64/100	Loss nan ± nan
INFO:meta-cli.py:Epoch 65/100	Loss nan ± nan
INFO:meta-cli.py:Epoch 66/100	Loss nan ± nan
INFO:meta-cli.py:Epoch 66/100	dev results	MRR 0.000634	H@1 0.000165	H@3 0.000659	H@5 0.000989	H@10 0.000989
INFO:meta-cli.py:Epoch 66/100	test results	MRR 0.000383	H@1 0.000160	H@3 0.000160	H@5 0.000160	H@10 0.000160
INFO:meta-cli.py:Epoch 67/100	Loss nan ± nan
INFO:meta-cli.py:Epoch 68/100	Loss nan ± nan
INFO:meta-cli.py:Epoch 69/100	Loss nan ± nan
INFO:meta-cli.py:Epoch 69/100	dev results	MRR 0.000634	H@1 0.000165	H@3 0.000659	H@5 0.000989	H@10 0.000989
INFO:meta-cli.py:Epoch 69/100	test results	MRR 0.000383	H@1 0.000160	H@3 0.000160	H@5 0.000160	H@10 0.000160
INFO:meta-cli.py:Epoch 70/100	Loss nan ± nan
INFO:meta-cli.py:Epoch 71/100	Loss nan ± nan
INFO:meta-cli.py:Epoch 72/100	Loss nan ± nan
INFO:meta-cli.py:Epoch 72/100	dev results	MRR 0.000634	H@1 0.000165	H@3 0.000659	H@5 0.000989	H@10 0.000989
INFO:meta-cli.py:Epoch 72/100	test results	MRR 0.000383	H@1 0.000160	H@3 0.000160	H@5 0.000160	H@10 0.000160
INFO:meta-cli.py:Epoch 73/100	Loss nan ± nan
INFO:meta-cli.py:Epoch 74/100	Loss nan ± nan
INFO:meta-cli.py:Epoch 75/100	Loss nan ± nan
INFO:meta-cli.py:Epoch 75/100	dev results	MRR 0.000634	H@1 0.000165	H@3 0.000659	H@5 0.000989	H@10 0.000989
INFO:meta-cli.py:Epoch 75/100	test results	MRR 0.000383	H@1 0.000160	H@3 0.000160	H@5 0.000160	H@10 0.000160
INFO:meta-cli.py:Epoch 76/100	Loss nan ± nan
INFO:meta-cli.py:Epoch 77/100	Loss nan ± nan
INFO:meta-cli.py:Epoch 78/100	Loss nan ± nan
INFO:meta-cli.py:Epoch 78/100	dev results	MRR 0.000634	H@1 0.000165	H@3 0.000659	H@5 0.000989	H@10 0.000989
INFO:meta-cli.py:Epoch 78/100	test results	MRR 0.000383	H@1 0.000160	H@3 0.000160	H@5 0.000160	H@10 0.000160
INFO:meta-cli.py:Epoch 79/100	Loss nan ± nan
INFO:meta-cli.py:Epoch 80/100	Loss nan ± nan
INFO:meta-cli.py:Epoch 81/100	Loss nan ± nan
INFO:meta-cli.py:Epoch 81/100	dev results	MRR 0.000634	H@1 0.000165	H@3 0.000659	H@5 0.000989	H@10 0.000989
INFO:meta-cli.py:Epoch 81/100	test results	MRR 0.000383	H@1 0.000160	H@3 0.000160	H@5 0.000160	H@10 0.000160
INFO:meta-cli.py:Epoch 82/100	Loss nan ± nan
INFO:meta-cli.py:Epoch 83/100	Loss nan ± nan
INFO:meta-cli.py:Epoch 84/100	Loss nan ± nan
INFO:meta-cli.py:Epoch 84/100	dev results	MRR 0.000634	H@1 0.000165	H@3 0.000659	H@5 0.000989	H@10 0.000989
INFO:meta-cli.py:Epoch 84/100	test results	MRR 0.000383	H@1 0.000160	H@3 0.000160	H@5 0.000160	H@10 0.000160
INFO:meta-cli.py:Epoch 85/100	Loss nan ± nan
INFO:meta-cli.py:Epoch 86/100	Loss nan ± nan
INFO:meta-cli.py:Epoch 87/100	Loss nan ± nan
INFO:meta-cli.py:Epoch 87/100	dev results	MRR 0.000634	H@1 0.000165	H@3 0.000659	H@5 0.000989	H@10 0.000989
INFO:meta-cli.py:Epoch 87/100	test results	MRR 0.000383	H@1 0.000160	H@3 0.000160	H@5 0.000160	H@10 0.000160
INFO:meta-cli.py:Epoch 88/100	Loss nan ± nan
INFO:meta-cli.py:Epoch 89/100	Loss nan ± nan
INFO:meta-cli.py:Epoch 90/100	Loss nan ± nan
INFO:meta-cli.py:Epoch 90/100	dev results	MRR 0.000634	H@1 0.000165	H@3 0.000659	H@5 0.000989	H@10 0.000989
INFO:meta-cli.py:Epoch 90/100	test results	MRR 0.000383	H@1 0.000160	H@3 0.000160	H@5 0.000160	H@10 0.000160
INFO:meta-cli.py:Epoch 91/100	Loss nan ± nan
INFO:meta-cli.py:Epoch 92/100	Loss nan ± nan
INFO:meta-cli.py:Epoch 93/100	Loss nan ± nan
INFO:meta-cli.py:Epoch 93/100	dev results	MRR 0.000634	H@1 0.000165	H@3 0.000659	H@5 0.000989	H@10 0.000989
INFO:meta-cli.py:Epoch 93/100	test results	MRR 0.000383	H@1 0.000160	H@3 0.000160	H@5 0.000160	H@10 0.000160
INFO:meta-cli.py:Epoch 94/100	Loss nan ± nan
INFO:meta-cli.py:Epoch 95/100	Loss nan ± nan
INFO:meta-cli.py:Epoch 96/100	Loss nan ± nan
INFO:meta-cli.py:Epoch 96/100	dev results	MRR 0.000634	H@1 0.000165	H@3 0.000659	H@5 0.000989	H@10 0.000989
INFO:meta-cli.py:Epoch 96/100	test results	MRR 0.000383	H@1 0.000160	H@3 0.000160	H@5 0.000160	H@10 0.000160
INFO:meta-cli.py:Epoch 97/100	Loss nan ± nan
INFO:meta-cli.py:Epoch 98/100	Loss nan ± nan
INFO:meta-cli.py:Epoch 99/100	Loss nan ± nan
INFO:meta-cli.py:Epoch 99/100	dev results	MRR 0.000634	H@1 0.000165	H@3 0.000659	H@5 0.000989	H@10 0.000989
INFO:meta-cli.py:Epoch 99/100	test results	MRR 0.000383	H@1 0.000160	H@3 0.000160	H@5 0.000160	H@10 0.000160
INFO:meta-cli.py:Epoch 100/100	Loss nan ± nan
INFO:meta-cli.py:Final 	dev results	MRR 0.000634	H@1 0.000165	H@3 0.000659	H@5 0.000989	H@10 0.000989
INFO:meta-cli.py:Final 	test results	MRR 0.000383	H@1 0.000160	H@3 0.000160	H@5 0.000160	H@10 0.000160
INFO:meta-cli.py:Training finished
