./bin/meta-cli.py --train data/wn18rr/train.tsv --dev data/wn18rr/dev.tsv --test data/wn18rr/test.tsv -m complex -k 4000 -b 1000 -e 100 --F2 0 --N3 0.001 -l 0.1 -I standard -V 3 -o adagrad -q
{'F2': 0.0,
 'N3': 0.001,
 'batch_size': 1000,
 'dev': 'data/wn18rr/dev.tsv',
 'embedding_size': 4000,
 'epochs': 100,
 'eval_batch_size': None,
 'input_type': 'standard',
 'learning_rate': 0.1,
 'load': None,
 'model': 'complex',
 'optimizer': 'adagrad',
 'quiet': True,
 'save': None,
 'seed': 0,
 'test': 'data/wn18rr/test.tsv',
 'test_i': None,
 'test_ii': None,
 'train': 'data/wn18rr/train.tsv',
 'validate_every': 3}
INFO:meta-cli.py:Device: cuda
INFO:meta-cli.py:Model state:
INFO:meta-cli.py:	entities.weight	torch.Size([40943, 8000])
INFO:meta-cli.py:	predicates.weight	torch.Size([11, 8000])
INFO:meta-cli.py:Epoch 1/100	Loss 19.0866 ± 4.1815
INFO:meta-cli.py:Epoch 2/100	Loss 8.8966 ± 0.3631
INFO:meta-cli.py:Epoch 3/100	Loss 4.7030 ± 0.2876
INFO:meta-cli.py:Epoch 3/100	dev results	MRR 0.423431	H@1 0.399967	H@3 0.433256	H@5 0.445616	H@10 0.465887
INFO:meta-cli.py:Epoch 3/100	test results	MRR 0.422272	H@1 0.398532	H@3 0.430121	H@5 0.443682	H@10 0.465380
INFO:meta-cli.py:Epoch 4/100	Loss 3.9194 ± 0.2584
INFO:meta-cli.py:Epoch 5/100	Loss 3.5915 ± 0.2515
INFO:meta-cli.py:Epoch 6/100	Loss 3.4181 ± 0.2431
INFO:meta-cli.py:Epoch 6/100	dev results	MRR 0.435712	H@1 0.412492	H@3 0.444628	H@5 0.458471	H@10 0.477093
INFO:meta-cli.py:Epoch 6/100	test results	MRR 0.435818	H@1 0.411774	H@3 0.444480	H@5 0.459317	H@10 0.478302
INFO:meta-cli.py:Epoch 7/100	Loss 3.2967 ± 0.2298
INFO:meta-cli.py:Epoch 8/100	Loss 3.2107 ± 0.2324
INFO:meta-cli.py:Epoch 9/100	Loss 3.1433 ± 0.2247
INFO:meta-cli.py:Epoch 9/100	dev results	MRR 0.440799	H@1 0.416447	H@3 0.450725	H@5 0.465227	H@10 0.484838
INFO:meta-cli.py:Epoch 9/100	test results	MRR 0.441522	H@1 0.416879	H@3 0.448309	H@5 0.463306	H@10 0.488034
INFO:meta-cli.py:Epoch 10/100	Loss 3.0864 ± 0.2153
INFO:meta-cli.py:Epoch 11/100	Loss 3.0412 ± 0.2153
INFO:meta-cli.py:Epoch 12/100	Loss 3.0028 ± 0.2167
INFO:meta-cli.py:Epoch 12/100	dev results	MRR 0.442898	H@1 0.418260	H@3 0.450725	H@5 0.467864	H@10 0.491925
INFO:meta-cli.py:Epoch 12/100	test results	MRR 0.443919	H@1 0.417518	H@3 0.451978	H@5 0.467135	H@10 0.493459
INFO:meta-cli.py:Epoch 13/100	Loss 2.9675 ± 0.2034
INFO:meta-cli.py:Epoch 14/100	Loss 2.9376 ± 0.2101
INFO:meta-cli.py:Epoch 15/100	Loss 2.9093 ± 0.2027
INFO:meta-cli.py:Epoch 15/100	dev results	MRR 0.446442	H@1 0.421226	H@3 0.456823	H@5 0.472314	H@10 0.493078
INFO:meta-cli.py:Epoch 15/100	test results	MRR 0.447213	H@1 0.421347	H@3 0.454371	H@5 0.470804	H@10 0.496969
INFO:meta-cli.py:Epoch 16/100	Loss 2.8872 ± 0.2010
INFO:meta-cli.py:Epoch 17/100	Loss 2.8629 ± 0.1988
INFO:meta-cli.py:Epoch 18/100	Loss 2.8431 ± 0.1859
INFO:meta-cli.py:Epoch 18/100	dev results	MRR 0.447482	H@1 0.421885	H@3 0.456328	H@5 0.473632	H@10 0.494562
INFO:meta-cli.py:Epoch 18/100	test results	MRR 0.449590	H@1 0.423740	H@3 0.456445	H@5 0.472080	H@10 0.498724
INFO:meta-cli.py:Epoch 19/100	Loss 2.8250 ± 0.1889
INFO:meta-cli.py:Epoch 20/100	Loss 2.8076 ± 0.1868
INFO:meta-cli.py:Epoch 21/100	Loss 2.7916 ± 0.1791
INFO:meta-cli.py:Epoch 21/100	dev results	MRR 0.449879	H@1 0.424028	H@3 0.458800	H@5 0.474951	H@10 0.497363
INFO:meta-cli.py:Epoch 21/100	test results	MRR 0.451077	H@1 0.425016	H@3 0.459158	H@5 0.476388	H@10 0.500957
INFO:meta-cli.py:Epoch 22/100	Loss 2.7770 ± 0.1933
INFO:meta-cli.py:Epoch 23/100	Loss 2.7619 ± 0.1810
INFO:meta-cli.py:Epoch 24/100	Loss 2.7513 ± 0.1869
INFO:meta-cli.py:Epoch 24/100	dev results	MRR 0.451186	H@1 0.425016	H@3 0.458965	H@5 0.477752	H@10 0.499835
INFO:meta-cli.py:Epoch 24/100	test results	MRR 0.452511	H@1 0.425654	H@3 0.459796	H@5 0.477824	H@10 0.505903
INFO:meta-cli.py:Epoch 25/100	Loss 2.7368 ± 0.1812
INFO:meta-cli.py:Epoch 26/100	Loss 2.7251 ± 0.1783
INFO:meta-cli.py:Epoch 27/100	Loss 2.7142 ± 0.1801
INFO:meta-cli.py:Epoch 27/100	dev results	MRR 0.452122	H@1 0.425840	H@3 0.461107	H@5 0.479400	H@10 0.501813
INFO:meta-cli.py:Epoch 27/100	test results	MRR 0.453206	H@1 0.425814	H@3 0.460115	H@5 0.478462	H@10 0.506063
INFO:meta-cli.py:Epoch 28/100	Loss 2.7041 ± 0.1807
INFO:meta-cli.py:Epoch 29/100	Loss 2.6942 ± 0.1776
INFO:meta-cli.py:Epoch 30/100	Loss 2.6848 ± 0.1629
INFO:meta-cli.py:Epoch 30/100	dev results	MRR 0.453914	H@1 0.427983	H@3 0.462261	H@5 0.481048	H@10 0.501978
INFO:meta-cli.py:Epoch 30/100	test results	MRR 0.455654	H@1 0.428207	H@3 0.463146	H@5 0.482610	H@10 0.507179
INFO:meta-cli.py:Epoch 31/100	Loss 2.6752 ± 0.1717
INFO:meta-cli.py:Epoch 32/100	Loss 2.6667 ± 0.1744
INFO:meta-cli.py:Epoch 33/100	Loss 2.6582 ± 0.1707
INFO:meta-cli.py:Epoch 33/100	dev results	MRR 0.454505	H@1 0.428642	H@3 0.462591	H@5 0.480389	H@10 0.501978
INFO:meta-cli.py:Epoch 33/100	test results	MRR 0.456356	H@1 0.428685	H@3 0.464742	H@5 0.479738	H@10 0.508456
INFO:meta-cli.py:Epoch 34/100	Loss 2.6510 ± 0.1613
INFO:meta-cli.py:Epoch 35/100	Loss 2.6431 ± 0.1679
INFO:meta-cli.py:Epoch 36/100	Loss 2.6358 ± 0.1575
INFO:meta-cli.py:Epoch 36/100	dev results	MRR 0.455063	H@1 0.427818	H@3 0.464403	H@5 0.482367	H@10 0.503790
INFO:meta-cli.py:Epoch 36/100	test results	MRR 0.456671	H@1 0.428366	H@3 0.465699	H@5 0.483886	H@10 0.510211
INFO:meta-cli.py:Epoch 37/100	Loss 2.6287 ± 0.1620
INFO:meta-cli.py:Epoch 38/100	Loss 2.6222 ± 0.1667
INFO:meta-cli.py:Epoch 39/100	Loss 2.6152 ± 0.1631
INFO:meta-cli.py:Epoch 39/100	dev results	MRR 0.455647	H@1 0.427983	H@3 0.465063	H@5 0.481872	H@10 0.507086
INFO:meta-cli.py:Epoch 39/100	test results	MRR 0.458212	H@1 0.430281	H@3 0.467294	H@5 0.483567	H@10 0.513082
INFO:meta-cli.py:Epoch 40/100	Loss 2.6098 ± 0.1576
INFO:meta-cli.py:Epoch 41/100	Loss 2.6037 ± 0.1594
INFO:meta-cli.py:Epoch 42/100	Loss 2.5969 ± 0.1557
INFO:meta-cli.py:Epoch 42/100	dev results	MRR 0.457243	H@1 0.430620	H@3 0.464898	H@5 0.482202	H@10 0.508734
INFO:meta-cli.py:Epoch 42/100	test results	MRR 0.458738	H@1 0.430600	H@3 0.466816	H@5 0.486120	H@10 0.514678
INFO:meta-cli.py:Epoch 43/100	Loss 2.5919 ± 0.1539
INFO:meta-cli.py:Epoch 44/100	Loss 2.5867 ± 0.1547
INFO:meta-cli.py:Epoch 45/100	Loss 2.5817 ± 0.1465
INFO:meta-cli.py:Epoch 45/100	dev results	MRR 0.457133	H@1 0.429631	H@3 0.466216	H@5 0.483850	H@10 0.507086
INFO:meta-cli.py:Epoch 45/100	test results	MRR 0.459248	H@1 0.430759	H@3 0.466496	H@5 0.486439	H@10 0.514199
INFO:meta-cli.py:Epoch 46/100	Loss 2.5760 ± 0.1482
INFO:meta-cli.py:Epoch 47/100	Loss 2.5711 ± 0.1583
INFO:meta-cli.py:Epoch 48/100	Loss 2.5663 ± 0.1561
INFO:meta-cli.py:Epoch 48/100	dev results	MRR 0.457657	H@1 0.430455	H@3 0.464733	H@5 0.485333	H@10 0.509064
INFO:meta-cli.py:Epoch 48/100	test results	MRR 0.459486	H@1 0.430600	H@3 0.468092	H@5 0.487077	H@10 0.516752
INFO:meta-cli.py:Epoch 49/100	Loss 2.5615 ± 0.1435
INFO:meta-cli.py:Epoch 50/100	Loss 2.5572 ± 0.1574
INFO:meta-cli.py:Epoch 51/100	Loss 2.5527 ± 0.1462
INFO:meta-cli.py:Epoch 51/100	dev results	MRR 0.458415	H@1 0.431114	H@3 0.466381	H@5 0.485662	H@10 0.509394
INFO:meta-cli.py:Epoch 51/100	test results	MRR 0.460325	H@1 0.431238	H@3 0.470166	H@5 0.487715	H@10 0.515954
INFO:meta-cli.py:Epoch 52/100	Loss 2.5485 ± 0.1546
INFO:meta-cli.py:Epoch 53/100	Loss 2.5438 ± 0.1462
INFO:meta-cli.py:Epoch 54/100	Loss 2.5404 ± 0.1526
INFO:meta-cli.py:Epoch 54/100	dev results	MRR 0.459652	H@1 0.432762	H@3 0.467535	H@5 0.487146	H@10 0.510218
INFO:meta-cli.py:Epoch 54/100	test results	MRR 0.460604	H@1 0.431717	H@3 0.470166	H@5 0.490587	H@10 0.516752
INFO:meta-cli.py:Epoch 55/100	Loss 2.5361 ± 0.1556
INFO:meta-cli.py:Epoch 56/100	Loss 2.5324 ± 0.1451
INFO:meta-cli.py:Epoch 57/100	Loss 2.5287 ± 0.1540
INFO:meta-cli.py:Epoch 57/100	dev results	MRR 0.458702	H@1 0.430784	H@3 0.465392	H@5 0.485992	H@10 0.511701
INFO:meta-cli.py:Epoch 57/100	test results	MRR 0.461022	H@1 0.431398	H@3 0.470325	H@5 0.491704	H@10 0.518826
INFO:meta-cli.py:Epoch 58/100	Loss 2.5250 ± 0.1455
INFO:meta-cli.py:Epoch 59/100	Loss 2.5213 ± 0.1466
INFO:meta-cli.py:Epoch 60/100	Loss 2.5178 ± 0.1433
INFO:meta-cli.py:Epoch 60/100	dev results	MRR 0.459773	H@1 0.432432	H@3 0.467040	H@5 0.488134	H@10 0.511536
INFO:meta-cli.py:Epoch 60/100	test results	MRR 0.461688	H@1 0.431717	H@3 0.471283	H@5 0.491385	H@10 0.520421
INFO:meta-cli.py:Epoch 61/100	Loss 2.5141 ± 0.1539
INFO:meta-cli.py:Epoch 62/100	Loss 2.5107 ± 0.1419
INFO:meta-cli.py:Epoch 63/100	Loss 2.5078 ± 0.1285
INFO:meta-cli.py:Epoch 63/100	dev results	MRR 0.459932	H@1 0.432597	H@3 0.465063	H@5 0.487146	H@10 0.512360
INFO:meta-cli.py:Epoch 63/100	test results	MRR 0.461882	H@1 0.432195	H@3 0.471442	H@5 0.491863	H@10 0.519464
INFO:meta-cli.py:Epoch 64/100	Loss 2.5046 ± 0.1340
INFO:meta-cli.py:Epoch 65/100	Loss 2.5010 ± 0.1396
INFO:meta-cli.py:Epoch 66/100	Loss 2.4983 ± 0.1349
INFO:meta-cli.py:Epoch 66/100	dev results	MRR 0.459924	H@1 0.432597	H@3 0.467040	H@5 0.487805	H@10 0.512360
INFO:meta-cli.py:Epoch 66/100	test results	MRR 0.461946	H@1 0.431876	H@3 0.471921	H@5 0.491704	H@10 0.521219
INFO:meta-cli.py:Epoch 67/100	Loss 2.4953 ± 0.1423
INFO:meta-cli.py:Epoch 68/100	Loss 2.4925 ± 0.1406
INFO:meta-cli.py:Epoch 69/100	Loss 2.4894 ± 0.1429
INFO:meta-cli.py:Epoch 69/100	dev results	MRR 0.460140	H@1 0.432597	H@3 0.467040	H@5 0.487640	H@10 0.512525
INFO:meta-cli.py:Epoch 69/100	test results	MRR 0.462353	H@1 0.431876	H@3 0.473197	H@5 0.491863	H@10 0.520740
INFO:meta-cli.py:Epoch 70/100	Loss 2.4866 ± 0.1405
INFO:meta-cli.py:Epoch 71/100	Loss 2.4837 ± 0.1333
INFO:meta-cli.py:Epoch 72/100	Loss 2.4815 ± 0.1378
INFO:meta-cli.py:Epoch 72/100	dev results	MRR 0.460922	H@1 0.433092	H@3 0.467699	H@5 0.489782	H@10 0.513843
INFO:meta-cli.py:Epoch 72/100	test results	MRR 0.463171	H@1 0.432833	H@3 0.473676	H@5 0.492502	H@10 0.522336
INFO:meta-cli.py:Epoch 73/100	Loss 2.4787 ± 0.1338
INFO:meta-cli.py:Epoch 74/100	Loss 2.4759 ± 0.1346
INFO:meta-cli.py:Epoch 75/100	Loss 2.4734 ± 0.1330
INFO:meta-cli.py:Epoch 75/100	dev results	MRR 0.461388	H@1 0.433751	H@3 0.468359	H@5 0.487970	H@10 0.513349
INFO:meta-cli.py:Epoch 75/100	test results	MRR 0.464142	H@1 0.434748	H@3 0.472878	H@5 0.492821	H@10 0.521857
INFO:meta-cli.py:Epoch 76/100	Loss 2.4709 ± 0.1346
INFO:meta-cli.py:Epoch 77/100	Loss 2.4684 ± 0.1328
INFO:meta-cli.py:Epoch 78/100	Loss 2.4663 ± 0.1347
INFO:meta-cli.py:Epoch 78/100	dev results	MRR 0.461434	H@1 0.433916	H@3 0.468194	H@5 0.486981	H@10 0.513349
INFO:meta-cli.py:Epoch 78/100	test results	MRR 0.463611	H@1 0.433153	H@3 0.473516	H@5 0.493778	H@10 0.522336
INFO:meta-cli.py:Epoch 79/100	Loss 2.4633 ± 0.1234
INFO:meta-cli.py:Epoch 80/100	Loss 2.4611 ± 0.1298
INFO:meta-cli.py:Epoch 81/100	Loss 2.4591 ± 0.1367
INFO:meta-cli.py:Epoch 81/100	dev results	MRR 0.462021	H@1 0.434575	H@3 0.467370	H@5 0.488958	H@10 0.513678
INFO:meta-cli.py:Epoch 81/100	test results	MRR 0.465177	H@1 0.435227	H@3 0.473835	H@5 0.494257	H@10 0.524569
INFO:meta-cli.py:Epoch 82/100	Loss 2.4570 ± 0.1297
INFO:meta-cli.py:Epoch 83/100	Loss 2.4544 ± 0.1262
INFO:meta-cli.py:Epoch 84/100	Loss 2.4526 ± 0.1327
INFO:meta-cli.py:Epoch 84/100	dev results	MRR 0.462168	H@1 0.434410	H@3 0.468853	H@5 0.489453	H@10 0.515162
INFO:meta-cli.py:Epoch 84/100	test results	MRR 0.465219	H@1 0.435546	H@3 0.474154	H@5 0.494576	H@10 0.523133
INFO:meta-cli.py:Epoch 85/100	Loss 2.4503 ± 0.1314
INFO:meta-cli.py:Epoch 86/100	Loss 2.4484 ± 0.1304
INFO:meta-cli.py:Epoch 87/100	Loss 2.4462 ± 0.1256
INFO:meta-cli.py:Epoch 87/100	dev results	MRR 0.462237	H@1 0.434080	H@3 0.469347	H@5 0.489618	H@10 0.515491
INFO:meta-cli.py:Epoch 87/100	test results	MRR 0.465272	H@1 0.434907	H@3 0.475750	H@5 0.494576	H@10 0.524410
INFO:meta-cli.py:Epoch 88/100	Loss 2.4443 ± 0.1231
INFO:meta-cli.py:Epoch 89/100	Loss 2.4425 ± 0.1208
INFO:meta-cli.py:Epoch 90/100	Loss 2.4404 ± 0.1394
INFO:meta-cli.py:Epoch 90/100	dev results	MRR 0.461846	H@1 0.433092	H@3 0.469183	H@5 0.489123	H@10 0.517633
INFO:meta-cli.py:Epoch 90/100	test results	MRR 0.464953	H@1 0.434429	H@3 0.474633	H@5 0.494735	H@10 0.525526
INFO:meta-cli.py:Epoch 91/100	Loss 2.4383 ± 0.1243
INFO:meta-cli.py:Epoch 92/100	Loss 2.4364 ± 0.1310
INFO:meta-cli.py:Epoch 93/100	Loss 2.4348 ± 0.1280
INFO:meta-cli.py:Epoch 93/100	dev results	MRR 0.462170	H@1 0.434080	H@3 0.468359	H@5 0.489947	H@10 0.517633
INFO:meta-cli.py:Epoch 93/100	test results	MRR 0.465413	H@1 0.435067	H@3 0.475112	H@5 0.496809	H@10 0.525367
INFO:meta-cli.py:Epoch 94/100	Loss 2.4332 ± 0.1251
INFO:meta-cli.py:Epoch 95/100	Loss 2.4310 ± 0.1248
INFO:meta-cli.py:Epoch 96/100	Loss 2.4291 ± 0.1243
INFO:meta-cli.py:Epoch 96/100	dev results	MRR 0.462354	H@1 0.434080	H@3 0.468523	H@5 0.490112	H@10 0.518128
INFO:meta-cli.py:Epoch 96/100	test results	MRR 0.465134	H@1 0.434269	H@3 0.474952	H@5 0.495533	H@10 0.525846
INFO:meta-cli.py:Epoch 97/100	Loss 2.4276 ± 0.1217
INFO:meta-cli.py:Epoch 98/100	Loss 2.4259 ± 0.1335
INFO:meta-cli.py:Epoch 99/100	Loss 2.4240 ± 0.1119
INFO:meta-cli.py:Epoch 99/100	dev results	MRR 0.462335	H@1 0.433586	H@3 0.469677	H@5 0.490442	H@10 0.518128
INFO:meta-cli.py:Epoch 99/100	test results	MRR 0.464941	H@1 0.434269	H@3 0.475271	H@5 0.496011	H@10 0.525367
INFO:meta-cli.py:Epoch 100/100	Loss 2.4224 ± 0.1302
INFO:meta-cli.py:Final 	dev results	MRR 0.462302	H@1 0.433586	H@3 0.470007	H@5 0.489947	H@10 0.518622
INFO:meta-cli.py:Final 	test results	MRR 0.464991	H@1 0.434429	H@3 0.474154	H@5 0.495692	H@10 0.526643
INFO:meta-cli.py:Training finished
