./bin/meta-cli.py --train data/wn18rr/train.tsv --dev data/wn18rr/dev.tsv --test data/wn18rr/test.tsv -m complex -k 1000 -b 100 -e 100 --F2 0.01 --N3 0 -l 0.1 -I standard -V 3 -o adagrad -q
{'F2': 0.01,
 'N3': 0.0,
 'batch_size': 100,
 'dev': 'data/wn18rr/dev.tsv',
 'embedding_size': 1000,
 'epochs': 100,
 'eval_batch_size': None,
 'input_type': 'standard',
 'learning_rate': 0.1,
 'load': None,
 'model': 'complex',
 'optimizer': 'adagrad',
 'quiet': True,
 'save': None,
 'seed': 0,
 'test': 'data/wn18rr/test.tsv',
 'test_i': None,
 'test_ii': None,
 'train': 'data/wn18rr/train.tsv',
 'validate_every': 3}
INFO:meta-cli.py:Device: cuda
INFO:meta-cli.py:Model state:
INFO:meta-cli.py:	entities.weight	torch.Size([40943, 2000])
INFO:meta-cli.py:	predicates.weight	torch.Size([11, 2000])
INFO:meta-cli.py:Epoch 1/100	Loss 21.6227 ± 1.1478
INFO:meta-cli.py:Epoch 2/100	Loss 14.0355 ± 0.5650
INFO:meta-cli.py:Epoch 3/100	Loss 8.5483 ± 0.4555
INFO:meta-cli.py:Epoch 3/100	dev results	MRR 0.417774	H@1 0.389750	H@3 0.428972	H@5 0.446605	H@10 0.468029
INFO:meta-cli.py:Epoch 3/100	test results	MRR 0.420147	H@1 0.395341	H@3 0.430919	H@5 0.444480	H@10 0.463784
INFO:meta-cli.py:Epoch 4/100	Loss 7.2939 ± 0.2979
INFO:meta-cli.py:Epoch 5/100	Loss 6.7850 ± 0.2864
INFO:meta-cli.py:Epoch 6/100	Loss 6.4894 ± 0.2709
INFO:meta-cli.py:Epoch 6/100	dev results	MRR 0.433195	H@1 0.406889	H@3 0.442485	H@5 0.458635	H@10 0.482696
INFO:meta-cli.py:Epoch 6/100	test results	MRR 0.434674	H@1 0.410179	H@3 0.441449	H@5 0.458519	H@10 0.483408
INFO:meta-cli.py:Epoch 7/100	Loss 6.2722 ± 0.2597
INFO:meta-cli.py:Epoch 8/100	Loss 6.1028 ± 0.2589
INFO:meta-cli.py:Epoch 9/100	Loss 5.9603 ± 0.2457
INFO:meta-cli.py:Epoch 9/100	dev results	MRR 0.439434	H@1 0.411833	H@3 0.450890	H@5 0.467040	H@10 0.490112
INFO:meta-cli.py:Epoch 9/100	test results	MRR 0.441978	H@1 0.415922	H@3 0.450702	H@5 0.468571	H@10 0.490906
INFO:meta-cli.py:Epoch 10/100	Loss 5.8372 ± 0.2379
INFO:meta-cli.py:Epoch 11/100	Loss 5.7301 ± 0.2352
INFO:meta-cli.py:Epoch 12/100	Loss 5.6359 ± 0.2349
INFO:meta-cli.py:Epoch 12/100	dev results	MRR 0.441749	H@1 0.413645	H@3 0.452538	H@5 0.469677	H@10 0.495221
INFO:meta-cli.py:Epoch 12/100	test results	MRR 0.443595	H@1 0.417677	H@3 0.453414	H@5 0.469528	H@10 0.492023
INFO:meta-cli.py:Epoch 13/100	Loss 5.5480 ± 0.2286
INFO:meta-cli.py:Epoch 14/100	Loss 5.4687 ± 0.2299
INFO:meta-cli.py:Epoch 15/100	Loss 5.3964 ± 0.2264
INFO:meta-cli.py:Epoch 15/100	dev results	MRR 0.444767	H@1 0.415458	H@3 0.458965	H@5 0.473632	H@10 0.495056
INFO:meta-cli.py:Epoch 15/100	test results	MRR 0.447028	H@1 0.421347	H@3 0.455648	H@5 0.472399	H@10 0.495214
INFO:meta-cli.py:Epoch 16/100	Loss 5.3306 ± 0.2240
INFO:meta-cli.py:Epoch 17/100	Loss 5.2679 ± 0.2145
INFO:meta-cli.py:Epoch 18/100	Loss 5.2104 ± 0.2087
INFO:meta-cli.py:Epoch 18/100	dev results	MRR 0.446191	H@1 0.416612	H@3 0.459295	H@5 0.476434	H@10 0.498187
INFO:meta-cli.py:Epoch 18/100	test results	MRR 0.447539	H@1 0.419751	H@3 0.457562	H@5 0.475431	H@10 0.499362
INFO:meta-cli.py:Epoch 19/100	Loss 5.1561 ± 0.2154
INFO:meta-cli.py:Epoch 20/100	Loss 5.1061 ± 0.2076
INFO:meta-cli.py:Epoch 21/100	Loss 5.0578 ± 0.2062
INFO:meta-cli.py:Epoch 21/100	dev results	MRR 0.447701	H@1 0.418425	H@3 0.460943	H@5 0.475939	H@10 0.497693
INFO:meta-cli.py:Epoch 21/100	test results	MRR 0.449212	H@1 0.421825	H@3 0.458679	H@5 0.477345	H@10 0.500160
INFO:meta-cli.py:Epoch 22/100	Loss 5.0127 ± 0.2125
INFO:meta-cli.py:Epoch 23/100	Loss 4.9694 ± 0.2039
INFO:meta-cli.py:Epoch 24/100	Loss 4.9300 ± 0.2055
INFO:meta-cli.py:Epoch 24/100	dev results	MRR 0.448256	H@1 0.419084	H@3 0.460283	H@5 0.477752	H@10 0.497363
INFO:meta-cli.py:Epoch 24/100	test results	MRR 0.450170	H@1 0.422304	H@3 0.460434	H@5 0.477345	H@10 0.502234
INFO:meta-cli.py:Epoch 25/100	Loss 4.8907 ± 0.1999
INFO:meta-cli.py:Epoch 26/100	Loss 4.8540 ± 0.2019
INFO:meta-cli.py:Epoch 27/100	Loss 4.8187 ± 0.2072
INFO:meta-cli.py:Epoch 27/100	dev results	MRR 0.449704	H@1 0.421556	H@3 0.459954	H@5 0.478576	H@10 0.499670
INFO:meta-cli.py:Epoch 27/100	test results	MRR 0.450050	H@1 0.421825	H@3 0.459796	H@5 0.477983	H@10 0.503669
INFO:meta-cli.py:Epoch 28/100	Loss 4.7852 ± 0.2000
INFO:meta-cli.py:Epoch 29/100	Loss 4.7534 ± 0.2007
INFO:meta-cli.py:Epoch 30/100	Loss 4.7234 ± 0.1924
INFO:meta-cli.py:Epoch 30/100	dev results	MRR 0.450035	H@1 0.421226	H@3 0.462096	H@5 0.478082	H@10 0.502142
INFO:meta-cli.py:Epoch 30/100	test results	MRR 0.451823	H@1 0.424059	H@3 0.461391	H@5 0.479260	H@10 0.506382
INFO:meta-cli.py:Epoch 31/100	Loss 4.6933 ± 0.1991
INFO:meta-cli.py:Epoch 32/100	Loss 4.6650 ± 0.1935
INFO:meta-cli.py:Epoch 33/100	Loss 4.6383 ± 0.1943
INFO:meta-cli.py:Epoch 33/100	dev results	MRR 0.450693	H@1 0.422544	H@3 0.460943	H@5 0.477587	H@10 0.502472
INFO:meta-cli.py:Epoch 33/100	test results	MRR 0.451887	H@1 0.423421	H@3 0.461391	H@5 0.480696	H@10 0.506541
INFO:meta-cli.py:Epoch 34/100	Loss 4.6122 ± 0.1852
INFO:meta-cli.py:Epoch 35/100	Loss 4.5874 ± 0.1961
INFO:meta-cli.py:Epoch 36/100	Loss 4.5625 ± 0.1904
INFO:meta-cli.py:Epoch 36/100	dev results	MRR 0.451388	H@1 0.423204	H@3 0.462426	H@5 0.480389	H@10 0.501813
INFO:meta-cli.py:Epoch 36/100	test results	MRR 0.451831	H@1 0.423101	H@3 0.462348	H@5 0.481174	H@10 0.508615
INFO:meta-cli.py:Epoch 37/100	Loss 4.5393 ± 0.1907
INFO:meta-cli.py:Epoch 38/100	Loss 4.5167 ± 0.1985
INFO:meta-cli.py:Epoch 39/100	Loss 4.4949 ± 0.1900
INFO:meta-cli.py:Epoch 39/100	dev results	MRR 0.451255	H@1 0.422874	H@3 0.462261	H@5 0.480883	H@10 0.503461
INFO:meta-cli.py:Epoch 39/100	test results	MRR 0.452083	H@1 0.422942	H@3 0.462029	H@5 0.482131	H@10 0.509253
INFO:meta-cli.py:Epoch 40/100	Loss 4.4740 ± 0.1830
INFO:meta-cli.py:Epoch 41/100	Loss 4.4534 ± 0.1857
INFO:meta-cli.py:Epoch 42/100	Loss 4.4341 ± 0.1811
INFO:meta-cli.py:Epoch 42/100	dev results	MRR 0.452425	H@1 0.424852	H@3 0.463250	H@5 0.480883	H@10 0.504120
INFO:meta-cli.py:Epoch 42/100	test results	MRR 0.453119	H@1 0.424856	H@3 0.462029	H@5 0.482291	H@10 0.509892
INFO:meta-cli.py:Epoch 43/100	Loss 4.4151 ± 0.1848
INFO:meta-cli.py:Epoch 44/100	Loss 4.3961 ± 0.1787
INFO:meta-cli.py:Epoch 45/100	Loss 4.3785 ± 0.1771
INFO:meta-cli.py:Epoch 45/100	dev results	MRR 0.451890	H@1 0.424192	H@3 0.463085	H@5 0.479565	H@10 0.503296
INFO:meta-cli.py:Epoch 45/100	test results	MRR 0.452371	H@1 0.423740	H@3 0.462189	H@5 0.481493	H@10 0.508934
INFO:meta-cli.py:Epoch 46/100	Loss 4.3604 ± 0.1809
INFO:meta-cli.py:Epoch 47/100	Loss 4.3440 ± 0.1848
INFO:meta-cli.py:Epoch 48/100	Loss 4.3277 ± 0.1836
INFO:meta-cli.py:Epoch 48/100	dev results	MRR 0.452070	H@1 0.424357	H@3 0.463744	H@5 0.479565	H@10 0.503131
INFO:meta-cli.py:Epoch 48/100	test results	MRR 0.453046	H@1 0.424537	H@3 0.461391	H@5 0.482929	H@10 0.509253
INFO:meta-cli.py:Epoch 49/100	Loss 4.3110 ± 0.1787
INFO:meta-cli.py:Epoch 50/100	Loss 4.2954 ± 0.1803
INFO:meta-cli.py:Epoch 51/100	Loss 4.2803 ± 0.1758
INFO:meta-cli.py:Epoch 51/100	dev results	MRR 0.452468	H@1 0.425016	H@3 0.464403	H@5 0.480059	H@10 0.503955
INFO:meta-cli.py:Epoch 51/100	test results	MRR 0.453072	H@1 0.424218	H@3 0.461232	H@5 0.483886	H@10 0.511008
INFO:meta-cli.py:Epoch 52/100	Loss 4.2654 ± 0.1835
INFO:meta-cli.py:Epoch 53/100	Loss 4.2509 ± 0.1747
INFO:meta-cli.py:Epoch 54/100	Loss 4.2368 ± 0.1816
INFO:meta-cli.py:Epoch 54/100	dev results	MRR 0.452410	H@1 0.424687	H@3 0.464239	H@5 0.480883	H@10 0.504944
INFO:meta-cli.py:Epoch 54/100	test results	MRR 0.452728	H@1 0.423899	H@3 0.461391	H@5 0.483089	H@10 0.512125
INFO:meta-cli.py:Epoch 55/100	Loss 4.2232 ± 0.1829
INFO:meta-cli.py:Epoch 56/100	Loss 4.2097 ± 0.1717
INFO:meta-cli.py:Epoch 57/100	Loss 4.1966 ± 0.1846
INFO:meta-cli.py:Epoch 57/100	dev results	MRR 0.452578	H@1 0.424687	H@3 0.465227	H@5 0.482367	H@10 0.505603
INFO:meta-cli.py:Epoch 57/100	test results	MRR 0.452749	H@1 0.423261	H@3 0.462189	H@5 0.484684	H@10 0.511487
INFO:meta-cli.py:Epoch 58/100	Loss 4.1838 ± 0.1780
INFO:meta-cli.py:Epoch 59/100	Loss 4.1714 ± 0.1830
INFO:meta-cli.py:Epoch 60/100	Loss 4.1593 ± 0.1734
INFO:meta-cli.py:Epoch 60/100	dev results	MRR 0.453073	H@1 0.425181	H@3 0.465227	H@5 0.481872	H@10 0.505274
INFO:meta-cli.py:Epoch 60/100	test results	MRR 0.453872	H@1 0.425175	H@3 0.462189	H@5 0.485003	H@10 0.512444
INFO:meta-cli.py:Epoch 61/100	Loss 4.1474 ± 0.1791
INFO:meta-cli.py:Epoch 62/100	Loss 4.1354 ± 0.1784
INFO:meta-cli.py:Epoch 63/100	Loss 4.1246 ± 0.1710
INFO:meta-cli.py:Epoch 63/100	dev results	MRR 0.452734	H@1 0.425016	H@3 0.465392	H@5 0.480719	H@10 0.504285
INFO:meta-cli.py:Epoch 63/100	test results	MRR 0.453124	H@1 0.424218	H@3 0.461551	H@5 0.483567	H@10 0.512763
INFO:meta-cli.py:Epoch 64/100	Loss 4.1136 ± 0.1746
INFO:meta-cli.py:Epoch 65/100	Loss 4.1023 ± 0.1751
INFO:meta-cli.py:Epoch 66/100	Loss 4.0917 ± 0.1656
INFO:meta-cli.py:Epoch 66/100	dev results	MRR 0.453123	H@1 0.426005	H@3 0.463909	H@5 0.482861	H@10 0.503790
INFO:meta-cli.py:Epoch 66/100	test results	MRR 0.453796	H@1 0.425175	H@3 0.462508	H@5 0.484205	H@10 0.512604
INFO:meta-cli.py:Epoch 67/100	Loss 4.0810 ± 0.1741
INFO:meta-cli.py:Epoch 68/100	Loss 4.0711 ± 0.1770
INFO:meta-cli.py:Epoch 69/100	Loss 4.0610 ± 0.1749
INFO:meta-cli.py:Epoch 69/100	dev results	MRR 0.452997	H@1 0.425346	H@3 0.464074	H@5 0.482696	H@10 0.504450
INFO:meta-cli.py:Epoch 69/100	test results	MRR 0.453425	H@1 0.424537	H@3 0.463146	H@5 0.484205	H@10 0.512125
INFO:meta-cli.py:Epoch 70/100	Loss 4.0512 ± 0.1738
INFO:meta-cli.py:Epoch 71/100	Loss 4.0417 ± 0.1716
INFO:meta-cli.py:Epoch 72/100	Loss 4.0324 ± 0.1717
INFO:meta-cli.py:Epoch 72/100	dev results	MRR 0.452578	H@1 0.424852	H@3 0.464074	H@5 0.481707	H@10 0.504944
INFO:meta-cli.py:Epoch 72/100	test results	MRR 0.453327	H@1 0.424378	H@3 0.462987	H@5 0.484046	H@10 0.512285
INFO:meta-cli.py:Epoch 73/100	Loss 4.0231 ± 0.1734
INFO:meta-cli.py:Epoch 74/100	Loss 4.0136 ± 0.1725
INFO:meta-cli.py:Epoch 75/100	Loss 4.0049 ± 0.1684
INFO:meta-cli.py:Epoch 75/100	dev results	MRR 0.453025	H@1 0.425840	H@3 0.464239	H@5 0.482202	H@10 0.503790
INFO:meta-cli.py:Epoch 75/100	test results	MRR 0.453064	H@1 0.423899	H@3 0.463306	H@5 0.483408	H@10 0.511008
INFO:meta-cli.py:Epoch 76/100	Loss 3.9963 ± 0.1721
INFO:meta-cli.py:Epoch 77/100	Loss 3.9880 ± 0.1664
INFO:meta-cli.py:Epoch 78/100	Loss 3.9791 ± 0.1649
INFO:meta-cli.py:Epoch 78/100	dev results	MRR 0.452380	H@1 0.424852	H@3 0.464239	H@5 0.481213	H@10 0.504120
INFO:meta-cli.py:Epoch 78/100	test results	MRR 0.452474	H@1 0.423261	H@3 0.462029	H@5 0.483089	H@10 0.512125
INFO:meta-cli.py:Epoch 79/100	Loss 3.9707 ± 0.1655
INFO:meta-cli.py:Epoch 80/100	Loss 3.9631 ± 0.1686
INFO:meta-cli.py:Epoch 81/100	Loss 3.9546 ± 0.1716
INFO:meta-cli.py:Epoch 81/100	dev results	MRR 0.453106	H@1 0.426500	H@3 0.464403	H@5 0.481707	H@10 0.503626
INFO:meta-cli.py:Epoch 81/100	test results	MRR 0.452627	H@1 0.423261	H@3 0.462348	H@5 0.484205	H@10 0.511806
INFO:meta-cli.py:Epoch 82/100	Loss 3.9472 ± 0.1674
INFO:meta-cli.py:Epoch 83/100	Loss 3.9391 ± 0.1635
INFO:meta-cli.py:Epoch 84/100	Loss 3.9315 ± 0.1686
INFO:meta-cli.py:Epoch 84/100	dev results	MRR 0.452657	H@1 0.425511	H@3 0.463415	H@5 0.481048	H@10 0.503296
INFO:meta-cli.py:Epoch 84/100	test results	MRR 0.453104	H@1 0.423899	H@3 0.462827	H@5 0.484525	H@10 0.511806
INFO:meta-cli.py:Epoch 85/100	Loss 3.9243 ± 0.1675
INFO:meta-cli.py:Epoch 86/100	Loss 3.9171 ± 0.1658
INFO:meta-cli.py:Epoch 87/100	Loss 3.9099 ± 0.1684
INFO:meta-cli.py:Epoch 87/100	dev results	MRR 0.452862	H@1 0.425840	H@3 0.463744	H@5 0.480719	H@10 0.502472
INFO:meta-cli.py:Epoch 87/100	test results	MRR 0.452787	H@1 0.423580	H@3 0.463146	H@5 0.484684	H@10 0.511646
INFO:meta-cli.py:Epoch 88/100	Loss 3.9024 ± 0.1701
INFO:meta-cli.py:Epoch 89/100	Loss 3.8956 ± 0.1655
INFO:meta-cli.py:Epoch 90/100	Loss 3.8887 ± 0.1747
INFO:meta-cli.py:Epoch 90/100	dev results	MRR 0.452182	H@1 0.425181	H@3 0.461767	H@5 0.479895	H@10 0.503461
INFO:meta-cli.py:Epoch 90/100	test results	MRR 0.452303	H@1 0.422782	H@3 0.462508	H@5 0.483886	H@10 0.510689
INFO:meta-cli.py:Epoch 91/100	Loss 3.8818 ± 0.1684
INFO:meta-cli.py:Epoch 92/100	Loss 3.8755 ± 0.1716
INFO:meta-cli.py:Epoch 93/100	Loss 3.8690 ± 0.1666
INFO:meta-cli.py:Epoch 93/100	dev results	MRR 0.452041	H@1 0.424852	H@3 0.461107	H@5 0.481543	H@10 0.502637
INFO:meta-cli.py:Epoch 93/100	test results	MRR 0.451883	H@1 0.421825	H@3 0.462827	H@5 0.484046	H@10 0.510530
INFO:meta-cli.py:Epoch 94/100	Loss 3.8626 ± 0.1684
INFO:meta-cli.py:Epoch 95/100	Loss 3.8559 ± 0.1635
INFO:meta-cli.py:Epoch 96/100	Loss 3.8498 ± 0.1647
INFO:meta-cli.py:Epoch 96/100	dev results	MRR 0.452518	H@1 0.425511	H@3 0.462591	H@5 0.480389	H@10 0.503955
INFO:meta-cli.py:Epoch 96/100	test results	MRR 0.452723	H@1 0.423261	H@3 0.462987	H@5 0.484205	H@10 0.510530
INFO:meta-cli.py:Epoch 97/100	Loss 3.8435 ± 0.1644
INFO:meta-cli.py:Epoch 98/100	Loss 3.8373 ± 0.1665
INFO:meta-cli.py:Epoch 99/100	Loss 3.8314 ± 0.1533
INFO:meta-cli.py:Epoch 99/100	dev results	MRR 0.452391	H@1 0.425676	H@3 0.461272	H@5 0.481543	H@10 0.502966
INFO:meta-cli.py:Epoch 99/100	test results	MRR 0.451823	H@1 0.421506	H@3 0.463146	H@5 0.484365	H@10 0.510211
INFO:meta-cli.py:Epoch 100/100	Loss 3.8255 ± 0.1647
INFO:meta-cli.py:Final 	dev results	MRR 0.452664	H@1 0.426005	H@3 0.461767	H@5 0.480883	H@10 0.503131
INFO:meta-cli.py:Final 	test results	MRR 0.451383	H@1 0.421187	H@3 0.462668	H@5 0.483567	H@10 0.509892
INFO:meta-cli.py:Training finished
