./bin/meta-cli.py --train data/wn18rr/train.tsv --dev data/wn18rr/dev.tsv --test data/wn18rr/test.tsv -m complex -k 2000 -b 100 -e 100 --F2 0 --N3 0.005 -l 0.1 -I standard -V 3 -o adagrad -q
{'F2': 0.0,
 'N3': 0.005,
 'batch_size': 100,
 'dev': 'data/wn18rr/dev.tsv',
 'embedding_size': 2000,
 'epochs': 100,
 'eval_batch_size': None,
 'input_type': 'standard',
 'learning_rate': 0.1,
 'load': None,
 'model': 'complex',
 'optimizer': 'adagrad',
 'quiet': True,
 'save': None,
 'seed': 0,
 'test': 'data/wn18rr/test.tsv',
 'test_i': None,
 'test_ii': None,
 'train': 'data/wn18rr/train.tsv',
 'validate_every': 3}
INFO:meta-cli.py:Device: cuda
INFO:meta-cli.py:Model state:
INFO:meta-cli.py:	entities.weight	torch.Size([40943, 4000])
INFO:meta-cli.py:	predicates.weight	torch.Size([11, 4000])
INFO:meta-cli.py:Epoch 1/100	Loss 19.7206 ± 1.5013
INFO:meta-cli.py:Epoch 2/100	Loss 10.0872 ± 0.6069
INFO:meta-cli.py:Epoch 3/100	Loss 5.8812 ± 0.3680
INFO:meta-cli.py:Epoch 3/100	dev results	MRR 0.423296	H@1 0.395517	H@3 0.433586	H@5 0.449901	H@10 0.472973
INFO:meta-cli.py:Epoch 3/100	test results	MRR 0.425830	H@1 0.399170	H@3 0.434907	H@5 0.448947	H@10 0.471602
INFO:meta-cli.py:Epoch 4/100	Loss 5.0881 ± 0.3057
INFO:meta-cli.py:Epoch 5/100	Loss 4.6945 ± 0.2994
INFO:meta-cli.py:Epoch 6/100	Loss 4.4545 ± 0.2887
INFO:meta-cli.py:Epoch 6/100	dev results	MRR 0.436885	H@1 0.411503	H@3 0.444133	H@5 0.459789	H@10 0.485662
INFO:meta-cli.py:Epoch 6/100	test results	MRR 0.438971	H@1 0.413210	H@3 0.447033	H@5 0.461232	H@10 0.486599
INFO:meta-cli.py:Epoch 7/100	Loss 4.2766 ± 0.2796
INFO:meta-cli.py:Epoch 8/100	Loss 4.1407 ± 0.2815
INFO:meta-cli.py:Epoch 9/100	Loss 4.0283 ± 0.2695
INFO:meta-cli.py:Epoch 9/100	dev results	MRR 0.440753	H@1 0.413645	H@3 0.450890	H@5 0.465063	H@10 0.492419
INFO:meta-cli.py:Epoch 9/100	test results	MRR 0.443688	H@1 0.415444	H@3 0.454850	H@5 0.469847	H@10 0.495533
INFO:meta-cli.py:Epoch 10/100	Loss 3.9325 ± 0.2612
INFO:meta-cli.py:Epoch 11/100	Loss 3.8510 ± 0.2618
INFO:meta-cli.py:Epoch 12/100	Loss 3.7823 ± 0.2622
INFO:meta-cli.py:Epoch 12/100	dev results	MRR 0.443712	H@1 0.416612	H@3 0.452044	H@5 0.470501	H@10 0.495880
INFO:meta-cli.py:Epoch 12/100	test results	MRR 0.446730	H@1 0.418634	H@3 0.456445	H@5 0.474633	H@10 0.500479
INFO:meta-cli.py:Epoch 13/100	Loss 3.7175 ± 0.2570
INFO:meta-cli.py:Epoch 14/100	Loss 3.6609 ± 0.2581
INFO:meta-cli.py:Epoch 15/100	Loss 3.6098 ± 0.2583
INFO:meta-cli.py:Epoch 15/100	dev results	MRR 0.446518	H@1 0.418095	H@3 0.456658	H@5 0.474951	H@10 0.499176
INFO:meta-cli.py:Epoch 15/100	test results	MRR 0.449692	H@1 0.420070	H@3 0.460434	H@5 0.476707	H@10 0.504148
INFO:meta-cli.py:Epoch 16/100	Loss 3.5665 ± 0.2557
INFO:meta-cli.py:Epoch 17/100	Loss 3.5229 ± 0.2478
INFO:meta-cli.py:Epoch 18/100	Loss 3.4846 ± 0.2419
INFO:meta-cli.py:Epoch 18/100	dev results	MRR 0.449242	H@1 0.420237	H@3 0.459624	H@5 0.479565	H@10 0.501648
INFO:meta-cli.py:Epoch 18/100	test results	MRR 0.452407	H@1 0.422463	H@3 0.462508	H@5 0.481174	H@10 0.508934
INFO:meta-cli.py:Epoch 19/100	Loss 3.4489 ± 0.2472
INFO:meta-cli.py:Epoch 20/100	Loss 3.4172 ± 0.2388
INFO:meta-cli.py:Epoch 21/100	Loss 3.3863 ± 0.2372
INFO:meta-cli.py:Epoch 21/100	dev results	MRR 0.450093	H@1 0.420567	H@3 0.460943	H@5 0.480389	H@10 0.504120
INFO:meta-cli.py:Epoch 21/100	test results	MRR 0.453865	H@1 0.423740	H@3 0.463465	H@5 0.482929	H@10 0.511327
INFO:meta-cli.py:Epoch 22/100	Loss 3.3580 ± 0.2448
INFO:meta-cli.py:Epoch 23/100	Loss 3.3305 ± 0.2376
INFO:meta-cli.py:Epoch 24/100	Loss 3.3075 ± 0.2379
INFO:meta-cli.py:Epoch 24/100	dev results	MRR 0.452078	H@1 0.423204	H@3 0.461767	H@5 0.479730	H@10 0.504944
INFO:meta-cli.py:Epoch 24/100	test results	MRR 0.455124	H@1 0.424537	H@3 0.466018	H@5 0.485960	H@10 0.513561
INFO:meta-cli.py:Epoch 25/100	Loss 3.2831 ± 0.2340
INFO:meta-cli.py:Epoch 26/100	Loss 3.2612 ± 0.2352
INFO:meta-cli.py:Epoch 27/100	Loss 3.2403 ± 0.2403
INFO:meta-cli.py:Epoch 27/100	dev results	MRR 0.453400	H@1 0.424028	H@3 0.464733	H@5 0.480389	H@10 0.507581
INFO:meta-cli.py:Epoch 27/100	test results	MRR 0.455803	H@1 0.425335	H@3 0.464263	H@5 0.485482	H@10 0.515954
INFO:meta-cli.py:Epoch 28/100	Loss 3.2207 ± 0.2342
INFO:meta-cli.py:Epoch 29/100	Loss 3.2022 ± 0.2350
INFO:meta-cli.py:Epoch 30/100	Loss 3.1855 ± 0.2263
INFO:meta-cli.py:Epoch 30/100	dev results	MRR 0.453810	H@1 0.423863	H@3 0.465227	H@5 0.480224	H@10 0.508899
INFO:meta-cli.py:Epoch 30/100	test results	MRR 0.458086	H@1 0.428047	H@3 0.467135	H@5 0.485003	H@10 0.518507
INFO:meta-cli.py:Epoch 31/100	Loss 3.1682 ± 0.2329
INFO:meta-cli.py:Epoch 32/100	Loss 3.1520 ± 0.2302
INFO:meta-cli.py:Epoch 33/100	Loss 3.1372 ± 0.2284
INFO:meta-cli.py:Epoch 33/100	dev results	MRR 0.454808	H@1 0.425511	H@3 0.465227	H@5 0.483191	H@10 0.508899
INFO:meta-cli.py:Epoch 33/100	test results	MRR 0.458350	H@1 0.427569	H@3 0.467613	H@5 0.487875	H@10 0.518985
INFO:meta-cli.py:Epoch 34/100	Loss 3.1230 ± 0.2190
INFO:meta-cli.py:Epoch 35/100	Loss 3.1094 ± 0.2300
INFO:meta-cli.py:Epoch 36/100	Loss 3.0957 ± 0.2242
INFO:meta-cli.py:Epoch 36/100	dev results	MRR 0.455670	H@1 0.425840	H@3 0.466051	H@5 0.482531	H@10 0.511701
INFO:meta-cli.py:Epoch 36/100	test results	MRR 0.459471	H@1 0.428366	H@3 0.469049	H@5 0.489151	H@10 0.520421
INFO:meta-cli.py:Epoch 37/100	Loss 3.0831 ± 0.2236
INFO:meta-cli.py:Epoch 38/100	Loss 3.0709 ± 0.2330
INFO:meta-cli.py:Epoch 39/100	Loss 3.0592 ± 0.2241
INFO:meta-cli.py:Epoch 39/100	dev results	MRR 0.456030	H@1 0.425840	H@3 0.465722	H@5 0.485498	H@10 0.513184
INFO:meta-cli.py:Epoch 39/100	test results	MRR 0.460111	H@1 0.428685	H@3 0.469528	H@5 0.489470	H@10 0.523931
INFO:meta-cli.py:Epoch 40/100	Loss 3.0485 ± 0.2164
INFO:meta-cli.py:Epoch 41/100	Loss 3.0375 ± 0.2193
INFO:meta-cli.py:Epoch 42/100	Loss 3.0276 ± 0.2148
INFO:meta-cli.py:Epoch 42/100	dev results	MRR 0.456785	H@1 0.426170	H@3 0.466381	H@5 0.485992	H@10 0.514667
INFO:meta-cli.py:Epoch 42/100	test results	MRR 0.461638	H@1 0.430600	H@3 0.469847	H@5 0.491863	H@10 0.523772
INFO:meta-cli.py:Epoch 43/100	Loss 3.0180 ± 0.2165
INFO:meta-cli.py:Epoch 44/100	Loss 3.0079 ± 0.2118
INFO:meta-cli.py:Epoch 45/100	Loss 2.9993 ± 0.2096
INFO:meta-cli.py:Epoch 45/100	dev results	MRR 0.457383	H@1 0.427324	H@3 0.468194	H@5 0.485827	H@10 0.516150
INFO:meta-cli.py:Epoch 45/100	test results	MRR 0.460926	H@1 0.428526	H@3 0.471761	H@5 0.492821	H@10 0.525048
INFO:meta-cli.py:Epoch 46/100	Loss 2.9896 ± 0.2133
INFO:meta-cli.py:Epoch 47/100	Loss 2.9816 ± 0.2173
INFO:meta-cli.py:Epoch 48/100	Loss 2.9736 ± 0.2156
INFO:meta-cli.py:Epoch 48/100	dev results	MRR 0.456644	H@1 0.425346	H@3 0.467864	H@5 0.485827	H@10 0.516809
INFO:meta-cli.py:Epoch 48/100	test results	MRR 0.461533	H@1 0.429962	H@3 0.470804	H@5 0.492821	H@10 0.525686
INFO:meta-cli.py:Epoch 49/100	Loss 2.9649 ± 0.2103
INFO:meta-cli.py:Epoch 50/100	Loss 2.9571 ± 0.2127
INFO:meta-cli.py:Epoch 51/100	Loss 2.9496 ± 0.2070
INFO:meta-cli.py:Epoch 51/100	dev results	MRR 0.458045	H@1 0.427159	H@3 0.469512	H@5 0.486157	H@10 0.516974
INFO:meta-cli.py:Epoch 51/100	test results	MRR 0.462101	H@1 0.428845	H@3 0.473995	H@5 0.495373	H@10 0.527601
INFO:meta-cli.py:Epoch 52/100	Loss 2.9422 ± 0.2167
INFO:meta-cli.py:Epoch 53/100	Loss 2.9350 ± 0.2070
INFO:meta-cli.py:Epoch 54/100	Loss 2.9281 ± 0.2144
INFO:meta-cli.py:Epoch 54/100	dev results	MRR 0.458934	H@1 0.427653	H@3 0.470831	H@5 0.487805	H@10 0.518128
INFO:meta-cli.py:Epoch 54/100	test results	MRR 0.463011	H@1 0.430759	H@3 0.472878	H@5 0.495692	H@10 0.527601
INFO:meta-cli.py:Epoch 55/100	Loss 2.9216 ± 0.2162
INFO:meta-cli.py:Epoch 56/100	Loss 2.9149 ± 0.2035
INFO:meta-cli.py:Epoch 57/100	Loss 2.9088 ± 0.2179
INFO:meta-cli.py:Epoch 57/100	dev results	MRR 0.458869	H@1 0.427488	H@3 0.470501	H@5 0.488464	H@10 0.517139
INFO:meta-cli.py:Epoch 57/100	test results	MRR 0.463044	H@1 0.429962	H@3 0.474474	H@5 0.497288	H@10 0.528398
INFO:meta-cli.py:Epoch 58/100	Loss 2.9026 ± 0.2090
INFO:meta-cli.py:Epoch 59/100	Loss 2.8967 ± 0.2136
INFO:meta-cli.py:Epoch 60/100	Loss 2.8908 ± 0.2049
INFO:meta-cli.py:Epoch 60/100	dev results	MRR 0.458577	H@1 0.426829	H@3 0.470336	H@5 0.488629	H@10 0.518952
INFO:meta-cli.py:Epoch 60/100	test results	MRR 0.463990	H@1 0.431078	H@3 0.474154	H@5 0.498245	H@10 0.529994
INFO:meta-cli.py:Epoch 61/100	Loss 2.8851 ± 0.2118
INFO:meta-cli.py:Epoch 62/100	Loss 2.8792 ± 0.2086
INFO:meta-cli.py:Epoch 63/100	Loss 2.8745 ± 0.2003
INFO:meta-cli.py:Epoch 63/100	dev results	MRR 0.459219	H@1 0.427488	H@3 0.470995	H@5 0.489123	H@10 0.519117
INFO:meta-cli.py:Epoch 63/100	test results	MRR 0.463890	H@1 0.430121	H@3 0.475431	H@5 0.497926	H@10 0.530313
INFO:meta-cli.py:Epoch 64/100	Loss 2.8696 ± 0.2027
INFO:meta-cli.py:Epoch 65/100	Loss 2.8637 ± 0.2054
INFO:meta-cli.py:Epoch 66/100	Loss 2.8590 ± 0.1951
INFO:meta-cli.py:Epoch 66/100	dev results	MRR 0.458866	H@1 0.426829	H@3 0.470666	H@5 0.488958	H@10 0.519117
INFO:meta-cli.py:Epoch 66/100	test results	MRR 0.465522	H@1 0.432355	H@3 0.476707	H@5 0.499521	H@10 0.529036
INFO:meta-cli.py:Epoch 67/100	Loss 2.8539 ± 0.2053
INFO:meta-cli.py:Epoch 68/100	Loss 2.8496 ± 0.2074
INFO:meta-cli.py:Epoch 69/100	Loss 2.8448 ± 0.2056
INFO:meta-cli.py:Epoch 69/100	dev results	MRR 0.459400	H@1 0.428148	H@3 0.469677	H@5 0.489453	H@10 0.519281
INFO:meta-cli.py:Epoch 69/100	test results	MRR 0.465087	H@1 0.431717	H@3 0.476228	H@5 0.498724	H@10 0.531110
INFO:meta-cli.py:Epoch 70/100	Loss 2.8403 ± 0.2043
INFO:meta-cli.py:Epoch 71/100	Loss 2.8360 ± 0.2010
INFO:meta-cli.py:Epoch 72/100	Loss 2.8319 ± 0.2013
INFO:meta-cli.py:Epoch 72/100	dev results	MRR 0.460016	H@1 0.428312	H@3 0.470831	H@5 0.489782	H@10 0.520765
INFO:meta-cli.py:Epoch 72/100	test results	MRR 0.464856	H@1 0.430919	H@3 0.477026	H@5 0.498724	H@10 0.531908
INFO:meta-cli.py:Epoch 73/100	Loss 2.8276 ± 0.2025
INFO:meta-cli.py:Epoch 74/100	Loss 2.8228 ± 0.2018
INFO:meta-cli.py:Epoch 75/100	Loss 2.8191 ± 0.1970
INFO:meta-cli.py:Epoch 75/100	dev results	MRR 0.460058	H@1 0.428312	H@3 0.470995	H@5 0.490112	H@10 0.519941
INFO:meta-cli.py:Epoch 75/100	test results	MRR 0.465763	H@1 0.431717	H@3 0.478941	H@5 0.499681	H@10 0.533663
INFO:meta-cli.py:Epoch 76/100	Loss 2.8154 ± 0.2025
INFO:meta-cli.py:Epoch 77/100	Loss 2.8116 ± 0.1971
INFO:meta-cli.py:Epoch 78/100	Loss 2.8075 ± 0.1946
INFO:meta-cli.py:Epoch 78/100	dev results	MRR 0.459750	H@1 0.427488	H@3 0.470336	H@5 0.490277	H@10 0.520765
INFO:meta-cli.py:Epoch 78/100	test results	MRR 0.465454	H@1 0.431238	H@3 0.476867	H@5 0.500479	H@10 0.532546
INFO:meta-cli.py:Epoch 79/100	Loss 2.8035 ± 0.1935
INFO:meta-cli.py:Epoch 80/100	Loss 2.8005 ± 0.1975
INFO:meta-cli.py:Epoch 81/100	Loss 2.7965 ± 0.2010
INFO:meta-cli.py:Epoch 81/100	dev results	MRR 0.460580	H@1 0.428972	H@3 0.471325	H@5 0.491430	H@10 0.521753
INFO:meta-cli.py:Epoch 81/100	test results	MRR 0.466991	H@1 0.433153	H@3 0.478781	H@5 0.503350	H@10 0.532546
INFO:meta-cli.py:Epoch 82/100	Loss 2.7935 ± 0.1953
INFO:meta-cli.py:Epoch 83/100	Loss 2.7895 ± 0.1920
INFO:meta-cli.py:Epoch 84/100	Loss 2.7863 ± 0.1978
INFO:meta-cli.py:Epoch 84/100	dev results	MRR 0.460784	H@1 0.429136	H@3 0.470501	H@5 0.490442	H@10 0.521259
INFO:meta-cli.py:Epoch 84/100	test results	MRR 0.466850	H@1 0.432993	H@3 0.478622	H@5 0.501436	H@10 0.533504
INFO:meta-cli.py:Epoch 85/100	Loss 2.7832 ± 0.1961
INFO:meta-cli.py:Epoch 86/100	Loss 2.7802 ± 0.1944
INFO:meta-cli.py:Epoch 87/100	Loss 2.7772 ± 0.1971
INFO:meta-cli.py:Epoch 87/100	dev results	MRR 0.460908	H@1 0.428642	H@3 0.472314	H@5 0.490936	H@10 0.523072
INFO:meta-cli.py:Epoch 87/100	test results	MRR 0.466926	H@1 0.432355	H@3 0.480696	H@5 0.504148	H@10 0.534301
INFO:meta-cli.py:Epoch 88/100	Loss 2.7735 ± 0.1964
INFO:meta-cli.py:Epoch 89/100	Loss 2.7706 ± 0.1915
INFO:meta-cli.py:Epoch 90/100	Loss 2.7676 ± 0.2045
INFO:meta-cli.py:Epoch 90/100	dev results	MRR 0.460442	H@1 0.427983	H@3 0.470666	H@5 0.490606	H@10 0.522083
INFO:meta-cli.py:Epoch 90/100	test results	MRR 0.467274	H@1 0.432993	H@3 0.480057	H@5 0.503191	H@10 0.534620
INFO:meta-cli.py:Epoch 91/100	Loss 2.7645 ± 0.1963
INFO:meta-cli.py:Epoch 92/100	Loss 2.7619 ± 0.1996
INFO:meta-cli.py:Epoch 93/100	Loss 2.7594 ± 0.1948
INFO:meta-cli.py:Epoch 93/100	dev results	MRR 0.460668	H@1 0.428807	H@3 0.471160	H@5 0.489618	H@10 0.521259
INFO:meta-cli.py:Epoch 93/100	test results	MRR 0.467299	H@1 0.432674	H@3 0.480536	H@5 0.503989	H@10 0.533504
INFO:meta-cli.py:Epoch 94/100	Loss 2.7568 ± 0.1961
INFO:meta-cli.py:Epoch 95/100	Loss 2.7535 ± 0.1920
INFO:meta-cli.py:Epoch 96/100	Loss 2.7508 ± 0.1916
INFO:meta-cli.py:Epoch 96/100	dev results	MRR 0.461001	H@1 0.428807	H@3 0.471984	H@5 0.491101	H@10 0.522413
INFO:meta-cli.py:Epoch 96/100	test results	MRR 0.466757	H@1 0.432195	H@3 0.479898	H@5 0.503031	H@10 0.534142
INFO:meta-cli.py:Epoch 97/100	Loss 2.7483 ± 0.1908
INFO:meta-cli.py:Epoch 98/100	Loss 2.7455 ± 0.1960
INFO:meta-cli.py:Epoch 99/100	Loss 2.7432 ± 0.1790
INFO:meta-cli.py:Epoch 99/100	dev results	MRR 0.461703	H@1 0.429960	H@3 0.470831	H@5 0.490277	H@10 0.522413
INFO:meta-cli.py:Epoch 99/100	test results	MRR 0.467226	H@1 0.432355	H@3 0.481015	H@5 0.503829	H@10 0.533982
INFO:meta-cli.py:Epoch 100/100	Loss 2.7405 ± 0.1924
INFO:meta-cli.py:Final 	dev results	MRR 0.461285	H@1 0.429301	H@3 0.470995	H@5 0.491101	H@10 0.522907
INFO:meta-cli.py:Final 	test results	MRR 0.467034	H@1 0.432195	H@3 0.480217	H@5 0.503350	H@10 0.535418
INFO:meta-cli.py:Training finished
