./bin/meta-cli.py --train data/wn18rr/train.tsv --dev data/wn18rr/dev.tsv --test data/wn18rr/test.tsv -m complex -k 2000 -b 100 -e 100 --F2 0.001 --N3 0 -l 0.1 -I reciprocal -V 3 -o adagrad -q
{'F2': 0.001,
 'N3': 0.0,
 'batch_size': 100,
 'dev': 'data/wn18rr/dev.tsv',
 'embedding_size': 2000,
 'epochs': 100,
 'eval_batch_size': None,
 'input_type': 'reciprocal',
 'learning_rate': 0.1,
 'load': None,
 'model': 'complex',
 'optimizer': 'adagrad',
 'quiet': True,
 'save': None,
 'seed': 0,
 'test': 'data/wn18rr/test.tsv',
 'test_i': None,
 'test_ii': None,
 'train': 'data/wn18rr/train.tsv',
 'validate_every': 3}
INFO:meta-cli.py:Device: cuda
INFO:meta-cli.py:Model state:
INFO:meta-cli.py:	entities.weight	torch.Size([40943, 4000])
INFO:meta-cli.py:	predicates.weight	torch.Size([22, 4000])
INFO:meta-cli.py:Epoch 1/100	Loss 13.3814 ± 4.2041
INFO:meta-cli.py:Epoch 2/100	Loss 4.4531 ± 0.3328
INFO:meta-cli.py:Epoch 3/100	Loss 3.7513 ± 0.2186
INFO:meta-cli.py:Epoch 3/100	dev results	MRR 0.431680	H@1 0.408866	H@3 0.437706	H@5 0.454515	H@10 0.476269
INFO:meta-cli.py:Epoch 3/100	test results	MRR 0.431441	H@1 0.408902	H@3 0.439215	H@5 0.454212	H@10 0.474314
INFO:meta-cli.py:Epoch 4/100	Loss 3.5149 ± 0.2085
INFO:meta-cli.py:Epoch 5/100	Loss 3.3856 ± 0.2018
INFO:meta-cli.py:Epoch 6/100	Loss 3.2967 ± 0.2015
INFO:meta-cli.py:Epoch 6/100	dev results	MRR 0.439668	H@1 0.414634	H@3 0.449242	H@5 0.461931	H@10 0.486981
INFO:meta-cli.py:Epoch 6/100	test results	MRR 0.437395	H@1 0.413369	H@3 0.444959	H@5 0.460434	H@10 0.482451
INFO:meta-cli.py:Epoch 7/100	Loss 3.2313 ± 0.1950
INFO:meta-cli.py:Epoch 8/100	Loss 3.1765 ± 0.2002
INFO:meta-cli.py:Epoch 9/100	Loss 3.1352 ± 0.1889
INFO:meta-cli.py:Epoch 9/100	dev results	MRR 0.442401	H@1 0.417601	H@3 0.451549	H@5 0.464898	H@10 0.490277
INFO:meta-cli.py:Epoch 9/100	test results	MRR 0.442383	H@1 0.417677	H@3 0.451181	H@5 0.467932	H@10 0.490428
INFO:meta-cli.py:Epoch 10/100	Loss 3.0953 ± 0.1894
INFO:meta-cli.py:Epoch 11/100	Loss 3.0635 ± 0.1917
INFO:meta-cli.py:Epoch 12/100	Loss 3.0353 ± 0.1931
INFO:meta-cli.py:Epoch 12/100	dev results	MRR 0.444927	H@1 0.418589	H@3 0.453197	H@5 0.469347	H@10 0.497858
INFO:meta-cli.py:Epoch 12/100	test results	MRR 0.445557	H@1 0.419592	H@3 0.455488	H@5 0.472080	H@10 0.494097
INFO:meta-cli.py:Epoch 13/100	Loss 3.0101 ± 0.1886
INFO:meta-cli.py:Epoch 14/100	Loss 2.9877 ± 0.1873
INFO:meta-cli.py:Epoch 15/100	Loss 2.9663 ± 0.1906
INFO:meta-cli.py:Epoch 15/100	dev results	MRR 0.447908	H@1 0.421556	H@3 0.457317	H@5 0.475445	H@10 0.498352
INFO:meta-cli.py:Epoch 15/100	test results	MRR 0.449084	H@1 0.423899	H@3 0.458360	H@5 0.473197	H@10 0.496011
INFO:meta-cli.py:Epoch 16/100	Loss 2.9465 ± 0.1841
INFO:meta-cli.py:Epoch 17/100	Loss 2.9294 ± 0.1851
INFO:meta-cli.py:Epoch 18/100	Loss 2.9124 ± 0.1915
INFO:meta-cli.py:Epoch 18/100	dev results	MRR 0.450920	H@1 0.424028	H@3 0.461931	H@5 0.477423	H@10 0.499835
INFO:meta-cli.py:Epoch 18/100	test results	MRR 0.451113	H@1 0.424537	H@3 0.462029	H@5 0.476228	H@10 0.498405
INFO:meta-cli.py:Epoch 19/100	Loss 2.8979 ± 0.1790
INFO:meta-cli.py:Epoch 20/100	Loss 2.8828 ± 0.1844
INFO:meta-cli.py:Epoch 21/100	Loss 2.8691 ± 0.1815
INFO:meta-cli.py:Epoch 21/100	dev results	MRR 0.452080	H@1 0.426005	H@3 0.459954	H@5 0.478906	H@10 0.503955
INFO:meta-cli.py:Epoch 21/100	test results	MRR 0.452533	H@1 0.425654	H@3 0.463146	H@5 0.478302	H@10 0.502234
INFO:meta-cli.py:Epoch 22/100	Loss 2.8567 ± 0.1854
INFO:meta-cli.py:Epoch 23/100	Loss 2.8447 ± 0.1830
INFO:meta-cli.py:Epoch 24/100	Loss 2.8334 ± 0.1845
INFO:meta-cli.py:Epoch 24/100	dev results	MRR 0.453072	H@1 0.426005	H@3 0.463085	H@5 0.480389	H@10 0.504779
INFO:meta-cli.py:Epoch 24/100	test results	MRR 0.453473	H@1 0.425973	H@3 0.465539	H@5 0.480536	H@10 0.501595
INFO:meta-cli.py:Epoch 25/100	Loss 2.8219 ± 0.1837
INFO:meta-cli.py:Epoch 26/100	Loss 2.8113 ± 0.1801
INFO:meta-cli.py:Epoch 27/100	Loss 2.8017 ± 0.1763
INFO:meta-cli.py:Epoch 27/100	dev results	MRR 0.454819	H@1 0.427488	H@3 0.462426	H@5 0.483850	H@10 0.507746
INFO:meta-cli.py:Epoch 27/100	test results	MRR 0.454112	H@1 0.425654	H@3 0.466177	H@5 0.482291	H@10 0.504627
INFO:meta-cli.py:Epoch 28/100	Loss 2.7925 ± 0.1812
INFO:meta-cli.py:Epoch 29/100	Loss 2.7838 ± 0.1842
INFO:meta-cli.py:Epoch 30/100	Loss 2.7751 ± 0.1746
INFO:meta-cli.py:Epoch 30/100	dev results	MRR 0.454473	H@1 0.426664	H@3 0.463415	H@5 0.483685	H@10 0.506427
INFO:meta-cli.py:Epoch 30/100	test results	MRR 0.454491	H@1 0.426292	H@3 0.465699	H@5 0.482451	H@10 0.505265
INFO:meta-cli.py:Epoch 31/100	Loss 2.7665 ± 0.1806
INFO:meta-cli.py:Epoch 32/100	Loss 2.7587 ± 0.1821
INFO:meta-cli.py:Epoch 33/100	Loss 2.7509 ± 0.1771
INFO:meta-cli.py:Epoch 33/100	dev results	MRR 0.456603	H@1 0.429301	H@3 0.465227	H@5 0.485498	H@10 0.508899
INFO:meta-cli.py:Epoch 33/100	test results	MRR 0.455598	H@1 0.426452	H@3 0.468251	H@5 0.483886	H@10 0.508456
INFO:meta-cli.py:Epoch 34/100	Loss 2.7434 ± 0.1791
INFO:meta-cli.py:Epoch 35/100	Loss 2.7365 ± 0.1749
INFO:meta-cli.py:Epoch 36/100	Loss 2.7294 ± 0.1786
INFO:meta-cli.py:Epoch 36/100	dev results	MRR 0.456868	H@1 0.428972	H@3 0.466216	H@5 0.485992	H@10 0.509064
INFO:meta-cli.py:Epoch 36/100	test results	MRR 0.457491	H@1 0.428685	H@3 0.469049	H@5 0.485960	H@10 0.509253
INFO:meta-cli.py:Epoch 37/100	Loss 2.7231 ± 0.1760
INFO:meta-cli.py:Epoch 38/100	Loss 2.7164 ± 0.1747
INFO:meta-cli.py:Epoch 39/100	Loss 2.7104 ± 0.1763
INFO:meta-cli.py:Epoch 39/100	dev results	MRR 0.456527	H@1 0.429301	H@3 0.462096	H@5 0.485333	H@10 0.511701
INFO:meta-cli.py:Epoch 39/100	test results	MRR 0.456599	H@1 0.427409	H@3 0.468092	H@5 0.484684	H@10 0.509572
INFO:meta-cli.py:Epoch 40/100	Loss 2.7041 ± 0.1724
INFO:meta-cli.py:Epoch 41/100	Loss 2.6984 ± 0.1773
INFO:meta-cli.py:Epoch 42/100	Loss 2.6927 ± 0.1809
INFO:meta-cli.py:Epoch 42/100	dev results	MRR 0.457519	H@1 0.430455	H@3 0.464898	H@5 0.485992	H@10 0.509558
INFO:meta-cli.py:Epoch 42/100	test results	MRR 0.457782	H@1 0.428685	H@3 0.469528	H@5 0.485482	H@10 0.511008
INFO:meta-cli.py:Epoch 43/100	Loss 2.6871 ± 0.1779
INFO:meta-cli.py:Epoch 44/100	Loss 2.6818 ± 0.1746
INFO:meta-cli.py:Epoch 45/100	Loss 2.6759 ± 0.1709
INFO:meta-cli.py:Epoch 45/100	dev results	MRR 0.458559	H@1 0.430620	H@3 0.467205	H@5 0.489618	H@10 0.511536
INFO:meta-cli.py:Epoch 45/100	test results	MRR 0.458756	H@1 0.429483	H@3 0.469847	H@5 0.487875	H@10 0.512763
INFO:meta-cli.py:Epoch 46/100	Loss 2.6713 ± 0.1715
INFO:meta-cli.py:Epoch 47/100	Loss 2.6666 ± 0.1737
INFO:meta-cli.py:Epoch 48/100	Loss 2.6618 ± 0.1770
INFO:meta-cli.py:Epoch 48/100	dev results	MRR 0.457891	H@1 0.429631	H@3 0.466875	H@5 0.488134	H@10 0.512854
INFO:meta-cli.py:Epoch 48/100	test results	MRR 0.458384	H@1 0.429164	H@3 0.469368	H@5 0.487715	H@10 0.512604
INFO:meta-cli.py:Epoch 49/100	Loss 2.6570 ± 0.1772
INFO:meta-cli.py:Epoch 50/100	Loss 2.6526 ± 0.1684
INFO:meta-cli.py:Epoch 51/100	Loss 2.6475 ± 0.1761
INFO:meta-cli.py:Epoch 51/100	dev results	MRR 0.458571	H@1 0.429796	H@3 0.467535	H@5 0.488958	H@10 0.511701
INFO:meta-cli.py:Epoch 51/100	test results	MRR 0.458514	H@1 0.428845	H@3 0.471123	H@5 0.488513	H@10 0.513401
INFO:meta-cli.py:Epoch 52/100	Loss 2.6436 ± 0.1673
INFO:meta-cli.py:Epoch 53/100	Loss 2.6394 ± 0.1699
INFO:meta-cli.py:Epoch 54/100	Loss 2.6350 ± 0.1723
INFO:meta-cli.py:Epoch 54/100	dev results	MRR 0.458343	H@1 0.429796	H@3 0.467699	H@5 0.488958	H@10 0.513019
INFO:meta-cli.py:Epoch 54/100	test results	MRR 0.459185	H@1 0.429962	H@3 0.470645	H@5 0.489789	H@10 0.514837
INFO:meta-cli.py:Epoch 55/100	Loss 2.6312 ± 0.1725
INFO:meta-cli.py:Epoch 56/100	Loss 2.6273 ± 0.1724
INFO:meta-cli.py:Epoch 57/100	Loss 2.6232 ± 0.1640
INFO:meta-cli.py:Epoch 57/100	dev results	MRR 0.459399	H@1 0.430290	H@3 0.468359	H@5 0.489618	H@10 0.513678
INFO:meta-cli.py:Epoch 57/100	test results	MRR 0.459522	H@1 0.429483	H@3 0.471442	H@5 0.491544	H@10 0.515475
INFO:meta-cli.py:Epoch 58/100	Loss 2.6194 ± 0.1714
INFO:meta-cli.py:Epoch 59/100	Loss 2.6158 ± 0.1717
INFO:meta-cli.py:Epoch 60/100	Loss 2.6122 ± 0.1651
INFO:meta-cli.py:Epoch 60/100	dev results	MRR 0.458548	H@1 0.429136	H@3 0.468359	H@5 0.490936	H@10 0.513184
INFO:meta-cli.py:Epoch 60/100	test results	MRR 0.459618	H@1 0.429802	H@3 0.471602	H@5 0.491385	H@10 0.515635
INFO:meta-cli.py:Epoch 61/100	Loss 2.6092 ± 0.1680
INFO:meta-cli.py:Epoch 62/100	Loss 2.6056 ± 0.1639
INFO:meta-cli.py:Epoch 63/100	Loss 2.6021 ± 0.1691
INFO:meta-cli.py:Epoch 63/100	dev results	MRR 0.459859	H@1 0.430784	H@3 0.470501	H@5 0.489453	H@10 0.515326
INFO:meta-cli.py:Epoch 63/100	test results	MRR 0.460294	H@1 0.430281	H@3 0.472080	H@5 0.491544	H@10 0.517071
INFO:meta-cli.py:Epoch 64/100	Loss 2.5985 ± 0.1687
INFO:meta-cli.py:Epoch 65/100	Loss 2.5952 ± 0.1745
INFO:meta-cli.py:Epoch 66/100	Loss 2.5924 ± 0.1684
INFO:meta-cli.py:Epoch 66/100	dev results	MRR 0.459878	H@1 0.430290	H@3 0.469347	H@5 0.490112	H@10 0.514997
INFO:meta-cli.py:Epoch 66/100	test results	MRR 0.461390	H@1 0.431398	H@3 0.473197	H@5 0.490587	H@10 0.517230
INFO:meta-cli.py:Epoch 67/100	Loss 2.5889 ± 0.1704
INFO:meta-cli.py:Epoch 68/100	Loss 2.5862 ± 0.1712
INFO:meta-cli.py:Epoch 69/100	Loss 2.5830 ± 0.1682
INFO:meta-cli.py:Epoch 69/100	dev results	MRR 0.460845	H@1 0.432268	H@3 0.470831	H@5 0.491595	H@10 0.514997
INFO:meta-cli.py:Epoch 69/100	test results	MRR 0.460609	H@1 0.430121	H@3 0.472399	H@5 0.492502	H@10 0.516911
INFO:meta-cli.py:Epoch 70/100	Loss 2.5802 ± 0.1658
INFO:meta-cli.py:Epoch 71/100	Loss 2.5775 ± 0.1665
INFO:meta-cli.py:Epoch 72/100	Loss 2.5745 ± 0.1681
INFO:meta-cli.py:Epoch 72/100	dev results	MRR 0.460195	H@1 0.430125	H@3 0.470501	H@5 0.492419	H@10 0.515491
INFO:meta-cli.py:Epoch 72/100	test results	MRR 0.460854	H@1 0.430600	H@3 0.473038	H@5 0.492183	H@10 0.516592
INFO:meta-cli.py:Epoch 73/100	Loss 2.5714 ± 0.1676
INFO:meta-cli.py:Epoch 74/100	Loss 2.5690 ± 0.1693
INFO:meta-cli.py:Epoch 75/100	Loss 2.5663 ± 0.1682
INFO:meta-cli.py:Epoch 75/100	dev results	MRR 0.460812	H@1 0.431279	H@3 0.470501	H@5 0.490442	H@10 0.516645
INFO:meta-cli.py:Epoch 75/100	test results	MRR 0.461196	H@1 0.430919	H@3 0.472080	H@5 0.492023	H@10 0.518666
INFO:meta-cli.py:Epoch 76/100	Loss 2.5635 ± 0.1658
INFO:meta-cli.py:Epoch 77/100	Loss 2.5609 ± 0.1644
INFO:meta-cli.py:Epoch 78/100	Loss 2.5586 ± 0.1619
INFO:meta-cli.py:Epoch 78/100	dev results	MRR 0.460440	H@1 0.430455	H@3 0.470336	H@5 0.492914	H@10 0.517304
INFO:meta-cli.py:Epoch 78/100	test results	MRR 0.461851	H@1 0.431557	H@3 0.473516	H@5 0.493140	H@10 0.518188
INFO:meta-cli.py:Epoch 79/100	Loss 2.5559 ± 0.1681
INFO:meta-cli.py:Epoch 80/100	Loss 2.5536 ± 0.1650
INFO:meta-cli.py:Epoch 81/100	Loss 2.5508 ± 0.1664
INFO:meta-cli.py:Epoch 81/100	dev results	MRR 0.460798	H@1 0.430949	H@3 0.470995	H@5 0.491430	H@10 0.518128
INFO:meta-cli.py:Epoch 81/100	test results	MRR 0.461930	H@1 0.431238	H@3 0.473676	H@5 0.493937	H@10 0.519145
INFO:meta-cli.py:Epoch 82/100	Loss 2.5484 ± 0.1638
INFO:meta-cli.py:Epoch 83/100	Loss 2.5463 ± 0.1678
INFO:meta-cli.py:Epoch 84/100	Loss 2.5438 ± 0.1661
INFO:meta-cli.py:Epoch 84/100	dev results	MRR 0.461554	H@1 0.431773	H@3 0.471655	H@5 0.493408	H@10 0.518293
INFO:meta-cli.py:Epoch 84/100	test results	MRR 0.462166	H@1 0.431557	H@3 0.473995	H@5 0.495214	H@10 0.518826
INFO:meta-cli.py:Epoch 85/100	Loss 2.5417 ± 0.1645
INFO:meta-cli.py:Epoch 86/100	Loss 2.5395 ± 0.1683
INFO:meta-cli.py:Epoch 87/100	Loss 2.5373 ± 0.1670
INFO:meta-cli.py:Epoch 87/100	dev results	MRR 0.461708	H@1 0.431773	H@3 0.472149	H@5 0.493078	H@10 0.518622
INFO:meta-cli.py:Epoch 87/100	test results	MRR 0.462828	H@1 0.431557	H@3 0.476388	H@5 0.494895	H@10 0.521378
INFO:meta-cli.py:Epoch 88/100	Loss 2.5352 ± 0.1648
INFO:meta-cli.py:Epoch 89/100	Loss 2.5329 ± 0.1656
INFO:meta-cli.py:Epoch 90/100	Loss 2.5310 ± 0.1664
INFO:meta-cli.py:Epoch 90/100	dev results	MRR 0.461549	H@1 0.431444	H@3 0.471490	H@5 0.493738	H@10 0.519117
INFO:meta-cli.py:Epoch 90/100	test results	MRR 0.462778	H@1 0.431876	H@3 0.475909	H@5 0.495373	H@10 0.521219
INFO:meta-cli.py:Epoch 91/100	Loss 2.5289 ± 0.1668
INFO:meta-cli.py:Epoch 92/100	Loss 2.5268 ± 0.1684
INFO:meta-cli.py:Epoch 93/100	Loss 2.5249 ± 0.1616
INFO:meta-cli.py:Epoch 93/100	dev results	MRR 0.462041	H@1 0.431938	H@3 0.472479	H@5 0.492749	H@10 0.519941
INFO:meta-cli.py:Epoch 93/100	test results	MRR 0.462362	H@1 0.430440	H@3 0.474633	H@5 0.495214	H@10 0.521698
INFO:meta-cli.py:Epoch 94/100	Loss 2.5230 ± 0.1652
INFO:meta-cli.py:Epoch 95/100	Loss 2.5209 ± 0.1665
INFO:meta-cli.py:Epoch 96/100	Loss 2.5189 ± 0.1683
INFO:meta-cli.py:Epoch 96/100	dev results	MRR 0.462377	H@1 0.432597	H@3 0.471984	H@5 0.492584	H@10 0.519117
INFO:meta-cli.py:Epoch 96/100	test results	MRR 0.462922	H@1 0.431557	H@3 0.475431	H@5 0.494895	H@10 0.520581
INFO:meta-cli.py:Epoch 97/100	Loss 2.5172 ± 0.1645
INFO:meta-cli.py:Epoch 98/100	Loss 2.5151 ± 0.1667
INFO:meta-cli.py:Epoch 99/100	Loss 2.5136 ± 0.1662
INFO:meta-cli.py:Epoch 99/100	dev results	MRR 0.461861	H@1 0.431114	H@3 0.472643	H@5 0.494726	H@10 0.517963
INFO:meta-cli.py:Epoch 99/100	test results	MRR 0.463358	H@1 0.432036	H@3 0.475909	H@5 0.496809	H@10 0.521857
INFO:meta-cli.py:Epoch 100/100	Loss 2.5116 ± 0.1664
INFO:meta-cli.py:Final 	dev results	MRR 0.462676	H@1 0.432432	H@3 0.473797	H@5 0.494891	H@10 0.519611
INFO:meta-cli.py:Final 	test results	MRR 0.463029	H@1 0.431876	H@3 0.475431	H@5 0.496171	H@10 0.521538
INFO:meta-cli.py:Training finished
