./bin/meta-cli.py --train data/wn18rr/train.tsv --dev data/wn18rr/dev.tsv --test data/wn18rr/test.tsv -m complex -k 2000 -b 500 -e 100 --F2 0.005 --N3 0 -l 0.1 -I standard -V 3 -o adagrad -q
{'F2': 0.005,
 'N3': 0.0,
 'batch_size': 500,
 'dev': 'data/wn18rr/dev.tsv',
 'embedding_size': 2000,
 'epochs': 100,
 'eval_batch_size': None,
 'input_type': 'standard',
 'learning_rate': 0.1,
 'load': None,
 'model': 'complex',
 'optimizer': 'adagrad',
 'quiet': True,
 'save': None,
 'seed': 0,
 'test': 'data/wn18rr/test.tsv',
 'test_i': None,
 'test_ii': None,
 'train': 'data/wn18rr/train.tsv',
 'validate_every': 3}
INFO:meta-cli.py:Device: cuda
INFO:meta-cli.py:Model state:
INFO:meta-cli.py:	entities.weight	torch.Size([40943, 4000])
INFO:meta-cli.py:	predicates.weight	torch.Size([11, 4000])
INFO:meta-cli.py:Epoch 1/100	Loss 19.7678 ± 1.4051
INFO:meta-cli.py:Epoch 2/100	Loss 11.0338 ± 0.3311
INFO:meta-cli.py:Epoch 3/100	Loss 6.3553 ± 0.3255
INFO:meta-cli.py:Epoch 3/100	dev results	MRR 0.429308	H@1 0.406229	H@3 0.436388	H@5 0.450560	H@10 0.473303
INFO:meta-cli.py:Epoch 3/100	test results	MRR 0.432832	H@1 0.409860	H@3 0.439215	H@5 0.455329	H@10 0.476707
INFO:meta-cli.py:Epoch 4/100	Loss 5.4720 ± 0.2517
INFO:meta-cli.py:Epoch 5/100	Loss 5.0706 ± 0.2484
INFO:meta-cli.py:Epoch 6/100	Loss 4.8436 ± 0.2426
INFO:meta-cli.py:Epoch 6/100	dev results	MRR 0.441834	H@1 0.417930	H@3 0.448253	H@5 0.465557	H@10 0.487805
INFO:meta-cli.py:Epoch 6/100	test results	MRR 0.443666	H@1 0.417677	H@3 0.452138	H@5 0.469368	H@10 0.494257
INFO:meta-cli.py:Epoch 7/100	Loss 4.6782 ± 0.2298
INFO:meta-cli.py:Epoch 8/100	Loss 4.5552 ± 0.2355
INFO:meta-cli.py:Epoch 9/100	Loss 4.4524 ± 0.2248
INFO:meta-cli.py:Epoch 9/100	dev results	MRR 0.447093	H@1 0.422380	H@3 0.453197	H@5 0.470171	H@10 0.493902
INFO:meta-cli.py:Epoch 9/100	test results	MRR 0.451413	H@1 0.425175	H@3 0.459317	H@5 0.478302	H@10 0.500638
INFO:meta-cli.py:Epoch 10/100	Loss 4.3667 ± 0.2162
INFO:meta-cli.py:Epoch 11/100	Loss 4.2941 ± 0.2155
INFO:meta-cli.py:Epoch 12/100	Loss 4.2321 ± 0.2181
INFO:meta-cli.py:Epoch 12/100	dev results	MRR 0.450090	H@1 0.425511	H@3 0.455504	H@5 0.472314	H@10 0.499011
INFO:meta-cli.py:Epoch 12/100	test results	MRR 0.453268	H@1 0.425495	H@3 0.461710	H@5 0.480057	H@10 0.506541
INFO:meta-cli.py:Epoch 13/100	Loss 4.1742 ± 0.2049
INFO:meta-cli.py:Epoch 14/100	Loss 4.1235 ± 0.2104
INFO:meta-cli.py:Epoch 15/100	Loss 4.0771 ± 0.2048
INFO:meta-cli.py:Epoch 15/100	dev results	MRR 0.452060	H@1 0.426335	H@3 0.459295	H@5 0.477752	H@10 0.504614
INFO:meta-cli.py:Epoch 15/100	test results	MRR 0.455623	H@1 0.427409	H@3 0.463306	H@5 0.485163	H@10 0.511806
INFO:meta-cli.py:Epoch 16/100	Loss 4.0365 ± 0.2018
INFO:meta-cli.py:Epoch 17/100	Loss 3.9975 ± 0.1994
INFO:meta-cli.py:Epoch 18/100	Loss 3.9626 ± 0.1866
INFO:meta-cli.py:Epoch 18/100	dev results	MRR 0.454018	H@1 0.427324	H@3 0.461437	H@5 0.479895	H@10 0.506262
INFO:meta-cli.py:Epoch 18/100	test results	MRR 0.456557	H@1 0.425973	H@3 0.466975	H@5 0.486280	H@10 0.515954
INFO:meta-cli.py:Epoch 19/100	Loss 3.9300 ± 0.1909
INFO:meta-cli.py:Epoch 20/100	Loss 3.9002 ± 0.1878
INFO:meta-cli.py:Epoch 21/100	Loss 3.8719 ± 0.1808
INFO:meta-cli.py:Epoch 21/100	dev results	MRR 0.454842	H@1 0.427653	H@3 0.463250	H@5 0.480883	H@10 0.506262
INFO:meta-cli.py:Epoch 21/100	test results	MRR 0.457548	H@1 0.427250	H@3 0.466337	H@5 0.488034	H@10 0.516752
INFO:meta-cli.py:Epoch 22/100	Loss 3.8451 ± 0.1921
INFO:meta-cli.py:Epoch 23/100	Loss 3.8194 ± 0.1804
INFO:meta-cli.py:Epoch 24/100	Loss 3.7973 ± 0.1860
INFO:meta-cli.py:Epoch 24/100	dev results	MRR 0.456540	H@1 0.429796	H@3 0.463579	H@5 0.481378	H@10 0.507581
INFO:meta-cli.py:Epoch 24/100	test results	MRR 0.458767	H@1 0.427888	H@3 0.468092	H@5 0.489789	H@10 0.519464
INFO:meta-cli.py:Epoch 25/100	Loss 3.7740 ± 0.1789
INFO:meta-cli.py:Epoch 26/100	Loss 3.7527 ± 0.1784
INFO:meta-cli.py:Epoch 27/100	Loss 3.7328 ± 0.1810
INFO:meta-cli.py:Epoch 27/100	dev results	MRR 0.457270	H@1 0.430455	H@3 0.464239	H@5 0.482202	H@10 0.510053
INFO:meta-cli.py:Epoch 27/100	test results	MRR 0.459116	H@1 0.427409	H@3 0.469049	H@5 0.491385	H@10 0.521538
INFO:meta-cli.py:Epoch 28/100	Loss 3.7138 ± 0.1775
INFO:meta-cli.py:Epoch 29/100	Loss 3.6957 ± 0.1783
INFO:meta-cli.py:Epoch 30/100	Loss 3.6788 ± 0.1631
INFO:meta-cli.py:Epoch 30/100	dev results	MRR 0.458038	H@1 0.430784	H@3 0.465557	H@5 0.484674	H@10 0.511701
INFO:meta-cli.py:Epoch 30/100	test results	MRR 0.461150	H@1 0.429483	H@3 0.470964	H@5 0.492502	H@10 0.523293
INFO:meta-cli.py:Epoch 31/100	Loss 3.6614 ± 0.1712
INFO:meta-cli.py:Epoch 32/100	Loss 3.6455 ± 0.1727
INFO:meta-cli.py:Epoch 33/100	Loss 3.6305 ± 0.1712
INFO:meta-cli.py:Epoch 33/100	dev results	MRR 0.458632	H@1 0.431608	H@3 0.465557	H@5 0.484838	H@10 0.511701
INFO:meta-cli.py:Epoch 33/100	test results	MRR 0.461393	H@1 0.429324	H@3 0.473038	H@5 0.493778	H@10 0.523772
INFO:meta-cli.py:Epoch 34/100	Loss 3.6161 ± 0.1615
INFO:meta-cli.py:Epoch 35/100	Loss 3.6018 ± 0.1656
INFO:meta-cli.py:Epoch 36/100	Loss 3.5882 ± 0.1595
INFO:meta-cli.py:Epoch 36/100	dev results	MRR 0.458515	H@1 0.430949	H@3 0.465392	H@5 0.486816	H@10 0.512525
INFO:meta-cli.py:Epoch 36/100	test results	MRR 0.461470	H@1 0.429164	H@3 0.473676	H@5 0.493937	H@10 0.524569
INFO:meta-cli.py:Epoch 37/100	Loss 3.5750 ± 0.1590
INFO:meta-cli.py:Epoch 38/100	Loss 3.5626 ± 0.1667
INFO:meta-cli.py:Epoch 39/100	Loss 3.5500 ± 0.1609
INFO:meta-cli.py:Epoch 39/100	dev results	MRR 0.459151	H@1 0.431279	H@3 0.466711	H@5 0.486157	H@10 0.514008
INFO:meta-cli.py:Epoch 39/100	test results	MRR 0.461618	H@1 0.428526	H@3 0.474474	H@5 0.494257	H@10 0.526005
INFO:meta-cli.py:Epoch 40/100	Loss 3.5387 ± 0.1541
INFO:meta-cli.py:Epoch 41/100	Loss 3.5274 ± 0.1578
INFO:meta-cli.py:Epoch 42/100	Loss 3.5161 ± 0.1523
INFO:meta-cli.py:Epoch 42/100	dev results	MRR 0.459217	H@1 0.431114	H@3 0.467205	H@5 0.487475	H@10 0.516315
INFO:meta-cli.py:Epoch 42/100	test results	MRR 0.463028	H@1 0.430759	H@3 0.474633	H@5 0.494576	H@10 0.527601
INFO:meta-cli.py:Epoch 43/100	Loss 3.5056 ± 0.1521
INFO:meta-cli.py:Epoch 44/100	Loss 3.4953 ± 0.1527
INFO:meta-cli.py:Epoch 45/100	Loss 3.4854 ± 0.1426
INFO:meta-cli.py:Epoch 45/100	dev results	MRR 0.459277	H@1 0.431114	H@3 0.466711	H@5 0.487970	H@10 0.515162
INFO:meta-cli.py:Epoch 45/100	test results	MRR 0.462851	H@1 0.430440	H@3 0.474952	H@5 0.495533	H@10 0.525686
INFO:meta-cli.py:Epoch 46/100	Loss 3.4753 ± 0.1462
INFO:meta-cli.py:Epoch 47/100	Loss 3.4661 ± 0.1539
INFO:meta-cli.py:Epoch 48/100	Loss 3.4568 ± 0.1517
INFO:meta-cli.py:Epoch 48/100	dev results	MRR 0.459181	H@1 0.430455	H@3 0.466711	H@5 0.487970	H@10 0.516645
INFO:meta-cli.py:Epoch 48/100	test results	MRR 0.463209	H@1 0.430919	H@3 0.475112	H@5 0.494735	H@10 0.525207
INFO:meta-cli.py:Epoch 49/100	Loss 3.4474 ± 0.1431
INFO:meta-cli.py:Epoch 50/100	Loss 3.4388 ± 0.1529
INFO:meta-cli.py:Epoch 51/100	Loss 3.4304 ± 0.1409
INFO:meta-cli.py:Epoch 51/100	dev results	MRR 0.459623	H@1 0.430784	H@3 0.468359	H@5 0.488464	H@10 0.516645
INFO:meta-cli.py:Epoch 51/100	test results	MRR 0.463442	H@1 0.430281	H@3 0.475271	H@5 0.496650	H@10 0.527281
INFO:meta-cli.py:Epoch 52/100	Loss 3.4223 ± 0.1515
INFO:meta-cli.py:Epoch 53/100	Loss 3.4139 ± 0.1418
INFO:meta-cli.py:Epoch 54/100	Loss 3.4068 ± 0.1484
INFO:meta-cli.py:Epoch 54/100	dev results	MRR 0.460877	H@1 0.432432	H@3 0.468523	H@5 0.488134	H@10 0.516480
INFO:meta-cli.py:Epoch 54/100	test results	MRR 0.462735	H@1 0.429324	H@3 0.474952	H@5 0.496490	H@10 0.526962
INFO:meta-cli.py:Epoch 55/100	Loss 3.3986 ± 0.1519
INFO:meta-cli.py:Epoch 56/100	Loss 3.3911 ± 0.1413
INFO:meta-cli.py:Epoch 57/100	Loss 3.3838 ± 0.1511
INFO:meta-cli.py:Epoch 57/100	dev results	MRR 0.460279	H@1 0.431444	H@3 0.468194	H@5 0.488464	H@10 0.518622
INFO:meta-cli.py:Epoch 57/100	test results	MRR 0.462768	H@1 0.429164	H@3 0.474952	H@5 0.496331	H@10 0.527601
INFO:meta-cli.py:Epoch 58/100	Loss 3.3764 ± 0.1404
INFO:meta-cli.py:Epoch 59/100	Loss 3.3697 ± 0.1417
INFO:meta-cli.py:Epoch 60/100	Loss 3.3627 ± 0.1407
INFO:meta-cli.py:Epoch 60/100	dev results	MRR 0.459521	H@1 0.430125	H@3 0.467040	H@5 0.489782	H@10 0.516809
INFO:meta-cli.py:Epoch 60/100	test results	MRR 0.463412	H@1 0.430121	H@3 0.475431	H@5 0.496490	H@10 0.528398
INFO:meta-cli.py:Epoch 61/100	Loss 3.3558 ± 0.1461
INFO:meta-cli.py:Epoch 62/100	Loss 3.3494 ± 0.1371
INFO:meta-cli.py:Epoch 63/100	Loss 3.3429 ± 0.1283
INFO:meta-cli.py:Epoch 63/100	dev results	MRR 0.460116	H@1 0.430949	H@3 0.468523	H@5 0.488299	H@10 0.517304
INFO:meta-cli.py:Epoch 63/100	test results	MRR 0.463029	H@1 0.429004	H@3 0.476228	H@5 0.496490	H@10 0.527122
INFO:meta-cli.py:Epoch 64/100	Loss 3.3370 ± 0.1309
INFO:meta-cli.py:Epoch 65/100	Loss 3.3303 ± 0.1338
INFO:meta-cli.py:Epoch 66/100	Loss 3.3245 ± 0.1307
INFO:meta-cli.py:Epoch 66/100	dev results	MRR 0.459726	H@1 0.430290	H@3 0.467699	H@5 0.490112	H@10 0.517304
INFO:meta-cli.py:Epoch 66/100	test results	MRR 0.463823	H@1 0.430759	H@3 0.476228	H@5 0.495533	H@10 0.527760
INFO:meta-cli.py:Epoch 67/100	Loss 3.3187 ± 0.1365
INFO:meta-cli.py:Epoch 68/100	Loss 3.3127 ± 0.1356
INFO:meta-cli.py:Epoch 69/100	Loss 3.3071 ± 0.1385
INFO:meta-cli.py:Epoch 69/100	dev results	MRR 0.459701	H@1 0.430620	H@3 0.467535	H@5 0.489782	H@10 0.516809
INFO:meta-cli.py:Epoch 69/100	test results	MRR 0.463403	H@1 0.430121	H@3 0.475271	H@5 0.496331	H@10 0.526962
INFO:meta-cli.py:Epoch 70/100	Loss 3.3012 ± 0.1353
INFO:meta-cli.py:Epoch 71/100	Loss 3.2958 ± 0.1301
INFO:meta-cli.py:Epoch 72/100	Loss 3.2908 ± 0.1315
INFO:meta-cli.py:Epoch 72/100	dev results	MRR 0.459350	H@1 0.429466	H@3 0.467699	H@5 0.488794	H@10 0.517798
INFO:meta-cli.py:Epoch 72/100	test results	MRR 0.463123	H@1 0.429164	H@3 0.476548	H@5 0.495852	H@10 0.528079
INFO:meta-cli.py:Epoch 73/100	Loss 3.2853 ± 0.1296
INFO:meta-cli.py:Epoch 74/100	Loss 3.2800 ± 0.1290
INFO:meta-cli.py:Epoch 75/100	Loss 3.2750 ± 0.1262
INFO:meta-cli.py:Epoch 75/100	dev results	MRR 0.459846	H@1 0.430620	H@3 0.468359	H@5 0.489453	H@10 0.517633
INFO:meta-cli.py:Epoch 75/100	test results	MRR 0.463844	H@1 0.430440	H@3 0.476548	H@5 0.496650	H@10 0.527920
INFO:meta-cli.py:Epoch 76/100	Loss 3.2698 ± 0.1312
INFO:meta-cli.py:Epoch 77/100	Loss 3.2651 ± 0.1267
INFO:meta-cli.py:Epoch 78/100	Loss 3.2602 ± 0.1272
INFO:meta-cli.py:Epoch 78/100	dev results	MRR 0.459068	H@1 0.429136	H@3 0.469018	H@5 0.489618	H@10 0.517963
INFO:meta-cli.py:Epoch 78/100	test results	MRR 0.463015	H@1 0.429004	H@3 0.476069	H@5 0.497128	H@10 0.527441
INFO:meta-cli.py:Epoch 79/100	Loss 3.2551 ± 0.1174
INFO:meta-cli.py:Epoch 80/100	Loss 3.2504 ± 0.1247
INFO:meta-cli.py:Epoch 81/100	Loss 3.2461 ± 0.1316
INFO:meta-cli.py:Epoch 81/100	dev results	MRR 0.459329	H@1 0.429466	H@3 0.467699	H@5 0.489453	H@10 0.518952
INFO:meta-cli.py:Epoch 81/100	test results	MRR 0.463457	H@1 0.429483	H@3 0.476069	H@5 0.497926	H@10 0.530313
INFO:meta-cli.py:Epoch 82/100	Loss 3.2418 ± 0.1235
INFO:meta-cli.py:Epoch 83/100	Loss 3.2373 ± 0.1216
INFO:meta-cli.py:Epoch 84/100	Loss 3.2327 ± 0.1280
INFO:meta-cli.py:Epoch 84/100	dev results	MRR 0.460162	H@1 0.430784	H@3 0.469347	H@5 0.489618	H@10 0.517963
INFO:meta-cli.py:Epoch 84/100	test results	MRR 0.463680	H@1 0.430121	H@3 0.476707	H@5 0.496490	H@10 0.527122
INFO:meta-cli.py:Epoch 85/100	Loss 3.2284 ± 0.1275
INFO:meta-cli.py:Epoch 86/100	Loss 3.2243 ± 0.1248
INFO:meta-cli.py:Epoch 87/100	Loss 3.2201 ± 0.1196
INFO:meta-cli.py:Epoch 87/100	dev results	MRR 0.459347	H@1 0.429796	H@3 0.467699	H@5 0.489618	H@10 0.517963
INFO:meta-cli.py:Epoch 87/100	test results	MRR 0.463077	H@1 0.429324	H@3 0.475590	H@5 0.497128	H@10 0.527122
INFO:meta-cli.py:Epoch 88/100	Loss 3.2156 ± 0.1193
INFO:meta-cli.py:Epoch 89/100	Loss 3.2119 ± 0.1158
INFO:meta-cli.py:Epoch 90/100	Loss 3.2078 ± 0.1320
INFO:meta-cli.py:Epoch 90/100	dev results	MRR 0.458819	H@1 0.428972	H@3 0.468194	H@5 0.488794	H@10 0.518622
INFO:meta-cli.py:Epoch 90/100	test results	MRR 0.463505	H@1 0.429643	H@3 0.476707	H@5 0.496969	H@10 0.527920
INFO:meta-cli.py:Epoch 91/100	Loss 3.2036 ± 0.1181
INFO:meta-cli.py:Epoch 92/100	Loss 3.1999 ± 0.1245
INFO:meta-cli.py:Epoch 93/100	Loss 3.1963 ± 0.1211
INFO:meta-cli.py:Epoch 93/100	dev results	MRR 0.459037	H@1 0.429136	H@3 0.468359	H@5 0.488134	H@10 0.518622
INFO:meta-cli.py:Epoch 93/100	test results	MRR 0.462764	H@1 0.428845	H@3 0.475750	H@5 0.496490	H@10 0.528079
INFO:meta-cli.py:Epoch 94/100	Loss 3.1927 ± 0.1199
INFO:meta-cli.py:Epoch 95/100	Loss 3.1887 ± 0.1186
INFO:meta-cli.py:Epoch 96/100	Loss 3.1849 ± 0.1184
INFO:meta-cli.py:Epoch 96/100	dev results	MRR 0.459192	H@1 0.429631	H@3 0.468359	H@5 0.489288	H@10 0.517469
INFO:meta-cli.py:Epoch 96/100	test results	MRR 0.462985	H@1 0.429324	H@3 0.475590	H@5 0.496171	H@10 0.528079
INFO:meta-cli.py:Epoch 97/100	Loss 3.1814 ± 0.1184
INFO:meta-cli.py:Epoch 98/100	Loss 3.1778 ± 0.1255
INFO:meta-cli.py:Epoch 99/100	Loss 3.1742 ± 0.1067
INFO:meta-cli.py:Epoch 99/100	dev results	MRR 0.458928	H@1 0.429136	H@3 0.468029	H@5 0.489288	H@10 0.517633
INFO:meta-cli.py:Epoch 99/100	test results	MRR 0.462836	H@1 0.429004	H@3 0.476388	H@5 0.496331	H@10 0.527920
INFO:meta-cli.py:Epoch 100/100	Loss 3.1708 ± 0.1234
INFO:meta-cli.py:Final 	dev results	MRR 0.459864	H@1 0.430784	H@3 0.468359	H@5 0.488794	H@10 0.518128
INFO:meta-cli.py:Final 	test results	MRR 0.463370	H@1 0.430440	H@3 0.475590	H@5 0.496171	H@10 0.527760
INFO:meta-cli.py:Training finished
