./bin/meta-cli.py --train data/wn18rr/train.tsv --dev data/wn18rr/dev.tsv --test data/wn18rr/test.tsv -m complex -k 500 -b 1000 -e 100 --F2 0 --N3 0.005 -l 0.1 -I reciprocal -V 3 -o adagrad -q
{'F2': 0.0,
 'N3': 0.005,
 'batch_size': 1000,
 'dev': 'data/wn18rr/dev.tsv',
 'embedding_size': 500,
 'epochs': 100,
 'eval_batch_size': None,
 'input_type': 'reciprocal',
 'learning_rate': 0.1,
 'load': None,
 'model': 'complex',
 'optimizer': 'adagrad',
 'quiet': True,
 'save': None,
 'seed': 0,
 'test': 'data/wn18rr/test.tsv',
 'test_i': None,
 'test_ii': None,
 'train': 'data/wn18rr/train.tsv',
 'validate_every': 3}
INFO:meta-cli.py:Device: cuda
INFO:meta-cli.py:Model state:
INFO:meta-cli.py:	entities.weight	torch.Size([40943, 1000])
INFO:meta-cli.py:	predicates.weight	torch.Size([22, 1000])
INFO:meta-cli.py:Epoch 1/100	Loss 14.2536 ± 4.0882
INFO:meta-cli.py:Epoch 2/100	Loss 4.6328 ± 0.2488
INFO:meta-cli.py:Epoch 3/100	Loss 3.7759 ± 0.0916
INFO:meta-cli.py:Epoch 3/100	dev results	MRR 0.432931	H@1 0.411668	H@3 0.441661	H@5 0.453197	H@10 0.471490
INFO:meta-cli.py:Epoch 3/100	test results	MRR 0.431012	H@1 0.410019	H@3 0.436822	H@5 0.453095	H@10 0.471761
INFO:meta-cli.py:Epoch 4/100	Loss 3.5075 ± 0.0957
INFO:meta-cli.py:Epoch 5/100	Loss 3.3610 ± 0.0977
INFO:meta-cli.py:Epoch 6/100	Loss 3.2612 ± 0.1047
INFO:meta-cli.py:Epoch 6/100	dev results	MRR 0.441774	H@1 0.420073	H@3 0.449407	H@5 0.462261	H@10 0.483191
INFO:meta-cli.py:Epoch 6/100	test results	MRR 0.438850	H@1 0.416082	H@3 0.446394	H@5 0.459636	H@10 0.482131
INFO:meta-cli.py:Epoch 7/100	Loss 3.1881 ± 0.1031
INFO:meta-cli.py:Epoch 8/100	Loss 3.1292 ± 0.1103
INFO:meta-cli.py:Epoch 9/100	Loss 3.0831 ± 0.1022
INFO:meta-cli.py:Epoch 9/100	dev results	MRR 0.443807	H@1 0.421391	H@3 0.452208	H@5 0.465887	H@10 0.483520
INFO:meta-cli.py:Epoch 9/100	test results	MRR 0.443729	H@1 0.420230	H@3 0.451819	H@5 0.464901	H@10 0.488673
INFO:meta-cli.py:Epoch 10/100	Loss 3.0409 ± 0.1063
INFO:meta-cli.py:Epoch 11/100	Loss 3.0069 ± 0.1098
INFO:meta-cli.py:Epoch 12/100	Loss 2.9778 ± 0.1066
INFO:meta-cli.py:Epoch 12/100	dev results	MRR 0.446756	H@1 0.423863	H@3 0.454845	H@5 0.469677	H@10 0.489618
INFO:meta-cli.py:Epoch 12/100	test results	MRR 0.446694	H@1 0.423261	H@3 0.454052	H@5 0.469528	H@10 0.492342
INFO:meta-cli.py:Epoch 13/100	Loss 2.9507 ± 0.0998
INFO:meta-cli.py:Epoch 14/100	Loss 2.9280 ± 0.1034
INFO:meta-cli.py:Epoch 15/100	Loss 2.9069 ± 0.1105
INFO:meta-cli.py:Epoch 15/100	dev results	MRR 0.449308	H@1 0.426500	H@3 0.458635	H@5 0.471160	H@10 0.489618
INFO:meta-cli.py:Epoch 15/100	test results	MRR 0.449150	H@1 0.425814	H@3 0.455807	H@5 0.472559	H@10 0.494895
INFO:meta-cli.py:Epoch 16/100	Loss 2.8879 ± 0.1065
INFO:meta-cli.py:Epoch 17/100	Loss 2.8708 ± 0.1062
INFO:meta-cli.py:Epoch 18/100	Loss 2.8547 ± 0.1079
INFO:meta-cli.py:Epoch 18/100	dev results	MRR 0.450490	H@1 0.427488	H@3 0.460119	H@5 0.472149	H@10 0.493408
INFO:meta-cli.py:Epoch 18/100	test results	MRR 0.450342	H@1 0.425814	H@3 0.457243	H@5 0.473835	H@10 0.498564
INFO:meta-cli.py:Epoch 19/100	Loss 2.8411 ± 0.1018
INFO:meta-cli.py:Epoch 20/100	Loss 2.8271 ± 0.1029
INFO:meta-cli.py:Epoch 21/100	Loss 2.8145 ± 0.0990
INFO:meta-cli.py:Epoch 21/100	dev results	MRR 0.451757	H@1 0.427818	H@3 0.460943	H@5 0.473467	H@10 0.494726
INFO:meta-cli.py:Epoch 21/100	test results	MRR 0.451639	H@1 0.427090	H@3 0.458839	H@5 0.476069	H@10 0.500000
INFO:meta-cli.py:Epoch 22/100	Loss 2.8035 ± 0.1029
INFO:meta-cli.py:Epoch 23/100	Loss 2.7929 ± 0.1002
INFO:meta-cli.py:Epoch 24/100	Loss 2.7831 ± 0.1019
INFO:meta-cli.py:Epoch 24/100	dev results	MRR 0.453116	H@1 0.429796	H@3 0.462096	H@5 0.474291	H@10 0.497363
INFO:meta-cli.py:Epoch 24/100	test results	MRR 0.453403	H@1 0.428366	H@3 0.461551	H@5 0.477824	H@10 0.501117
INFO:meta-cli.py:Epoch 25/100	Loss 2.7731 ± 0.0988
INFO:meta-cli.py:Epoch 26/100	Loss 2.7638 ± 0.0980
INFO:meta-cli.py:Epoch 27/100	Loss 2.7560 ± 0.0931
INFO:meta-cli.py:Epoch 27/100	dev results	MRR 0.453483	H@1 0.429136	H@3 0.463085	H@5 0.475775	H@10 0.498352
INFO:meta-cli.py:Epoch 27/100	test results	MRR 0.454737	H@1 0.429962	H@3 0.462987	H@5 0.479579	H@10 0.502393
INFO:meta-cli.py:Epoch 28/100	Loss 2.7479 ± 0.1009
INFO:meta-cli.py:Epoch 29/100	Loss 2.7405 ± 0.0994
INFO:meta-cli.py:Epoch 30/100	Loss 2.7337 ± 0.0892
INFO:meta-cli.py:Epoch 30/100	dev results	MRR 0.454513	H@1 0.430620	H@3 0.463909	H@5 0.476928	H@10 0.499506
INFO:meta-cli.py:Epoch 30/100	test results	MRR 0.455058	H@1 0.430440	H@3 0.462029	H@5 0.480217	H@10 0.504148
INFO:meta-cli.py:Epoch 31/100	Loss 2.7267 ± 0.0993
INFO:meta-cli.py:Epoch 32/100	Loss 2.7203 ± 0.0976
INFO:meta-cli.py:Epoch 33/100	Loss 2.7142 ± 0.0947
INFO:meta-cli.py:Epoch 33/100	dev results	MRR 0.454856	H@1 0.430290	H@3 0.464568	H@5 0.479400	H@10 0.499835
INFO:meta-cli.py:Epoch 33/100	test results	MRR 0.456112	H@1 0.431398	H@3 0.464742	H@5 0.481493	H@10 0.504308
INFO:meta-cli.py:Epoch 34/100	Loss 2.7081 ± 0.0983
INFO:meta-cli.py:Epoch 35/100	Loss 2.7027 ± 0.0908
INFO:meta-cli.py:Epoch 36/100	Loss 2.6972 ± 0.0900
INFO:meta-cli.py:Epoch 36/100	dev results	MRR 0.455980	H@1 0.431444	H@3 0.466051	H@5 0.480389	H@10 0.501154
INFO:meta-cli.py:Epoch 36/100	test results	MRR 0.456350	H@1 0.431238	H@3 0.464422	H@5 0.480536	H@10 0.505743
INFO:meta-cli.py:Epoch 37/100	Loss 2.6925 ± 0.0947
INFO:meta-cli.py:Epoch 38/100	Loss 2.6873 ± 0.0938
INFO:meta-cli.py:Epoch 39/100	Loss 2.6826 ± 0.0961
INFO:meta-cli.py:Epoch 39/100	dev results	MRR 0.456266	H@1 0.431773	H@3 0.465227	H@5 0.480554	H@10 0.504120
INFO:meta-cli.py:Epoch 39/100	test results	MRR 0.456890	H@1 0.431717	H@3 0.465699	H@5 0.482929	H@10 0.504627
INFO:meta-cli.py:Epoch 40/100	Loss 2.6782 ± 0.0890
INFO:meta-cli.py:Epoch 41/100	Loss 2.6735 ± 0.0918
INFO:meta-cli.py:Epoch 42/100	Loss 2.6698 ± 0.0948
INFO:meta-cli.py:Epoch 42/100	dev results	MRR 0.456485	H@1 0.431114	H@3 0.466216	H@5 0.481872	H@10 0.503626
INFO:meta-cli.py:Epoch 42/100	test results	MRR 0.458272	H@1 0.433153	H@3 0.467773	H@5 0.483727	H@10 0.507817
INFO:meta-cli.py:Epoch 43/100	Loss 2.6656 ± 0.0957
INFO:meta-cli.py:Epoch 44/100	Loss 2.6615 ± 0.0864
INFO:meta-cli.py:Epoch 45/100	Loss 2.6571 ± 0.0841
INFO:meta-cli.py:Epoch 45/100	dev results	MRR 0.457339	H@1 0.432268	H@3 0.467370	H@5 0.482202	H@10 0.504779
INFO:meta-cli.py:Epoch 45/100	test results	MRR 0.457967	H@1 0.432195	H@3 0.467773	H@5 0.483727	H@10 0.507339
INFO:meta-cli.py:Epoch 46/100	Loss 2.6536 ± 0.0913
INFO:meta-cli.py:Epoch 47/100	Loss 2.6504 ± 0.0931
INFO:meta-cli.py:Epoch 48/100	Loss 2.6469 ± 0.0927
INFO:meta-cli.py:Epoch 48/100	dev results	MRR 0.457863	H@1 0.433092	H@3 0.466546	H@5 0.483026	H@10 0.504285
INFO:meta-cli.py:Epoch 48/100	test results	MRR 0.458539	H@1 0.433312	H@3 0.467294	H@5 0.484684	H@10 0.507339
INFO:meta-cli.py:Epoch 49/100	Loss 2.6435 ± 0.0902
INFO:meta-cli.py:Epoch 50/100	Loss 2.6405 ± 0.0861
INFO:meta-cli.py:Epoch 51/100	Loss 2.6371 ± 0.0862
INFO:meta-cli.py:Epoch 51/100	dev results	MRR 0.458470	H@1 0.433421	H@3 0.468523	H@5 0.483850	H@10 0.506922
INFO:meta-cli.py:Epoch 51/100	test results	MRR 0.459095	H@1 0.433791	H@3 0.467294	H@5 0.486280	H@10 0.508296
INFO:meta-cli.py:Epoch 52/100	Loss 2.6342 ± 0.0801
INFO:meta-cli.py:Epoch 53/100	Loss 2.6314 ± 0.0833
INFO:meta-cli.py:Epoch 54/100	Loss 2.6281 ± 0.0885
INFO:meta-cli.py:Epoch 54/100	dev results	MRR 0.458739	H@1 0.434080	H@3 0.467535	H@5 0.483850	H@10 0.505933
INFO:meta-cli.py:Epoch 54/100	test results	MRR 0.459746	H@1 0.434269	H@3 0.469209	H@5 0.486280	H@10 0.509572
INFO:meta-cli.py:Epoch 55/100	Loss 2.6253 ± 0.0855
INFO:meta-cli.py:Epoch 56/100	Loss 2.6227 ± 0.0832
INFO:meta-cli.py:Epoch 57/100	Loss 2.6198 ± 0.0789
INFO:meta-cli.py:Epoch 57/100	dev results	MRR 0.459060	H@1 0.434245	H@3 0.468688	H@5 0.484015	H@10 0.505603
INFO:meta-cli.py:Epoch 57/100	test results	MRR 0.460008	H@1 0.434907	H@3 0.469209	H@5 0.485003	H@10 0.509732
INFO:meta-cli.py:Epoch 58/100	Loss 2.6175 ± 0.0853
INFO:meta-cli.py:Epoch 59/100	Loss 2.6149 ± 0.0844
INFO:meta-cli.py:Epoch 60/100	Loss 2.6126 ± 0.0874
INFO:meta-cli.py:Epoch 60/100	dev results	MRR 0.459062	H@1 0.433586	H@3 0.468359	H@5 0.484344	H@10 0.505274
INFO:meta-cli.py:Epoch 60/100	test results	MRR 0.459654	H@1 0.433791	H@3 0.469368	H@5 0.486280	H@10 0.510051
INFO:meta-cli.py:Epoch 61/100	Loss 2.6104 ± 0.0815
INFO:meta-cli.py:Epoch 62/100	Loss 2.6081 ± 0.0805
INFO:meta-cli.py:Epoch 63/100	Loss 2.6056 ± 0.0867
INFO:meta-cli.py:Epoch 63/100	dev results	MRR 0.459987	H@1 0.434740	H@3 0.469512	H@5 0.485333	H@10 0.506592
INFO:meta-cli.py:Epoch 63/100	test results	MRR 0.458991	H@1 0.431717	H@3 0.470645	H@5 0.486280	H@10 0.511646
INFO:meta-cli.py:Epoch 64/100	Loss 2.6032 ± 0.0832
INFO:meta-cli.py:Epoch 65/100	Loss 2.6011 ± 0.0898
INFO:meta-cli.py:Epoch 66/100	Loss 2.5990 ± 0.0823
INFO:meta-cli.py:Epoch 66/100	dev results	MRR 0.459855	H@1 0.434080	H@3 0.469677	H@5 0.486816	H@10 0.506922
INFO:meta-cli.py:Epoch 66/100	test results	MRR 0.459494	H@1 0.432674	H@3 0.469528	H@5 0.487237	H@10 0.511646
INFO:meta-cli.py:Epoch 67/100	Loss 2.5968 ± 0.0806
INFO:meta-cli.py:Epoch 68/100	Loss 2.5953 ± 0.0858
INFO:meta-cli.py:Epoch 69/100	Loss 2.5930 ± 0.0827
INFO:meta-cli.py:Epoch 69/100	dev results	MRR 0.460308	H@1 0.434410	H@3 0.469677	H@5 0.485662	H@10 0.508240
INFO:meta-cli.py:Epoch 69/100	test results	MRR 0.459719	H@1 0.432674	H@3 0.471123	H@5 0.486758	H@10 0.511806
INFO:meta-cli.py:Epoch 70/100	Loss 2.5912 ± 0.0812
INFO:meta-cli.py:Epoch 71/100	Loss 2.5894 ± 0.0818
INFO:meta-cli.py:Epoch 72/100	Loss 2.5876 ± 0.0797
INFO:meta-cli.py:Epoch 72/100	dev results	MRR 0.460718	H@1 0.435234	H@3 0.469842	H@5 0.486157	H@10 0.507086
INFO:meta-cli.py:Epoch 72/100	test results	MRR 0.460425	H@1 0.433791	H@3 0.470006	H@5 0.486918	H@10 0.511966
INFO:meta-cli.py:Epoch 73/100	Loss 2.5853 ± 0.0799
INFO:meta-cli.py:Epoch 74/100	Loss 2.5835 ± 0.0845
INFO:meta-cli.py:Epoch 75/100	Loss 2.5819 ± 0.0820
INFO:meta-cli.py:Epoch 75/100	dev results	MRR 0.460828	H@1 0.435069	H@3 0.470171	H@5 0.485827	H@10 0.508075
INFO:meta-cli.py:Epoch 75/100	test results	MRR 0.460240	H@1 0.433153	H@3 0.470804	H@5 0.487077	H@10 0.513561
INFO:meta-cli.py:Epoch 76/100	Loss 2.5804 ± 0.0785
INFO:meta-cli.py:Epoch 77/100	Loss 2.5789 ± 0.0782
INFO:meta-cli.py:Epoch 78/100	Loss 2.5770 ± 0.0716
INFO:meta-cli.py:Epoch 78/100	dev results	MRR 0.460761	H@1 0.434410	H@3 0.471984	H@5 0.486486	H@10 0.508899
INFO:meta-cli.py:Epoch 78/100	test results	MRR 0.460270	H@1 0.432993	H@3 0.470964	H@5 0.487237	H@10 0.514359
INFO:meta-cli.py:Epoch 79/100	Loss 2.5755 ± 0.0799
INFO:meta-cli.py:Epoch 80/100	Loss 2.5740 ± 0.0749
INFO:meta-cli.py:Epoch 81/100	Loss 2.5720 ± 0.0832
INFO:meta-cli.py:Epoch 81/100	dev results	MRR 0.460738	H@1 0.434245	H@3 0.471160	H@5 0.485827	H@10 0.509229
INFO:meta-cli.py:Epoch 81/100	test results	MRR 0.460613	H@1 0.432993	H@3 0.471283	H@5 0.488194	H@10 0.514040
INFO:meta-cli.py:Epoch 82/100	Loss 2.5706 ± 0.0818
INFO:meta-cli.py:Epoch 83/100	Loss 2.5692 ± 0.0814
INFO:meta-cli.py:Epoch 84/100	Loss 2.5674 ± 0.0837
INFO:meta-cli.py:Epoch 84/100	dev results	MRR 0.460885	H@1 0.434575	H@3 0.471160	H@5 0.486816	H@10 0.508570
INFO:meta-cli.py:Epoch 84/100	test results	MRR 0.461431	H@1 0.434429	H@3 0.472080	H@5 0.488513	H@10 0.514837
INFO:meta-cli.py:Epoch 85/100	Loss 2.5663 ± 0.0763
INFO:meta-cli.py:Epoch 86/100	Loss 2.5649 ± 0.0771
INFO:meta-cli.py:Epoch 87/100	Loss 2.5637 ± 0.0797
INFO:meta-cli.py:Epoch 87/100	dev results	MRR 0.461109	H@1 0.434740	H@3 0.471984	H@5 0.486981	H@10 0.509394
INFO:meta-cli.py:Epoch 87/100	test results	MRR 0.461424	H@1 0.433791	H@3 0.472080	H@5 0.488992	H@10 0.515156
INFO:meta-cli.py:Epoch 88/100	Loss 2.5622 ± 0.0838
INFO:meta-cli.py:Epoch 89/100	Loss 2.5607 ± 0.0768
INFO:meta-cli.py:Epoch 90/100	Loss 2.5596 ± 0.0789
INFO:meta-cli.py:Epoch 90/100	dev results	MRR 0.461087	H@1 0.434904	H@3 0.470336	H@5 0.486981	H@10 0.508405
INFO:meta-cli.py:Epoch 90/100	test results	MRR 0.461737	H@1 0.434110	H@3 0.473197	H@5 0.489311	H@10 0.514359
INFO:meta-cli.py:Epoch 91/100	Loss 2.5585 ± 0.0797
INFO:meta-cli.py:Epoch 92/100	Loss 2.5573 ± 0.0842
INFO:meta-cli.py:Epoch 93/100	Loss 2.5561 ± 0.0737
INFO:meta-cli.py:Epoch 93/100	dev results	MRR 0.461669	H@1 0.435564	H@3 0.471325	H@5 0.486816	H@10 0.510218
INFO:meta-cli.py:Epoch 93/100	test results	MRR 0.461982	H@1 0.434429	H@3 0.473197	H@5 0.490268	H@10 0.515156
INFO:meta-cli.py:Epoch 94/100	Loss 2.5547 ± 0.0756
INFO:meta-cli.py:Epoch 95/100	Loss 2.5533 ± 0.0816
INFO:meta-cli.py:Epoch 96/100	Loss 2.5522 ± 0.0777
INFO:meta-cli.py:Epoch 96/100	dev results	MRR 0.462098	H@1 0.435893	H@3 0.472479	H@5 0.487640	H@10 0.509723
INFO:meta-cli.py:Epoch 96/100	test results	MRR 0.462083	H@1 0.434429	H@3 0.473995	H@5 0.490108	H@10 0.516592
INFO:meta-cli.py:Epoch 97/100	Loss 2.5509 ± 0.0799
INFO:meta-cli.py:Epoch 98/100	Loss 2.5498 ± 0.0833
INFO:meta-cli.py:Epoch 99/100	Loss 2.5487 ± 0.0793
INFO:meta-cli.py:Epoch 99/100	dev results	MRR 0.461952	H@1 0.435564	H@3 0.471984	H@5 0.488629	H@10 0.509394
INFO:meta-cli.py:Epoch 99/100	test results	MRR 0.462050	H@1 0.434429	H@3 0.474154	H@5 0.490428	H@10 0.515954
INFO:meta-cli.py:Epoch 100/100	Loss 2.5474 ± 0.0776
INFO:meta-cli.py:Final 	dev results	MRR 0.462255	H@1 0.436058	H@3 0.472808	H@5 0.487970	H@10 0.510547
INFO:meta-cli.py:Final 	test results	MRR 0.462859	H@1 0.436024	H@3 0.472559	H@5 0.489949	H@10 0.516911
INFO:meta-cli.py:Training finished
