./bin/meta-cli.py --train data/wn18rr/train.tsv --dev data/wn18rr/dev.tsv --test data/wn18rr/test.tsv -m complex -k 500 -b 500 -e 100 --F2 0.05 --N3 0 -l 0.1 -I reciprocal -V 3 -o adagrad -q
{'F2': 0.05,
 'N3': 0.0,
 'batch_size': 500,
 'dev': 'data/wn18rr/dev.tsv',
 'embedding_size': 500,
 'epochs': 100,
 'eval_batch_size': None,
 'input_type': 'reciprocal',
 'learning_rate': 0.1,
 'load': None,
 'model': 'complex',
 'optimizer': 'adagrad',
 'quiet': True,
 'save': None,
 'seed': 0,
 'test': 'data/wn18rr/test.tsv',
 'test_i': None,
 'test_ii': None,
 'train': 'data/wn18rr/train.tsv',
 'validate_every': 3}
INFO:meta-cli.py:Device: cuda
INFO:meta-cli.py:Model state:
INFO:meta-cli.py:	entities.weight	torch.Size([40943, 1000])
INFO:meta-cli.py:	predicates.weight	torch.Size([22, 1000])
INFO:meta-cli.py:Epoch 1/100	Loss 23.0874 ± 1.9076
INFO:meta-cli.py:Epoch 2/100	Loss 16.6140 ± 1.5571
INFO:meta-cli.py:Epoch 3/100	Loss 10.8083 ± 0.5697
INFO:meta-cli.py:Epoch 3/100	dev results	MRR 0.403022	H@1 0.380191	H@3 0.412492	H@5 0.426500	H@10 0.442815
INFO:meta-cli.py:Epoch 3/100	test results	MRR 0.399962	H@1 0.376835	H@3 0.411774	H@5 0.422463	H@10 0.438896
INFO:meta-cli.py:Epoch 4/100	Loss 8.6033 ± 0.1199
INFO:meta-cli.py:Epoch 5/100	Loss 7.9337 ± 0.0889
INFO:meta-cli.py:Epoch 6/100	Loss 7.6111 ± 0.0954
INFO:meta-cli.py:Epoch 6/100	dev results	MRR 0.424074	H@1 0.404911	H@3 0.430290	H@5 0.442650	H@10 0.458965
INFO:meta-cli.py:Epoch 6/100	test results	MRR 0.421943	H@1 0.403638	H@3 0.426133	H@5 0.439853	H@10 0.455329
INFO:meta-cli.py:Epoch 7/100	Loss 7.4039 ± 0.0966
INFO:meta-cli.py:Epoch 8/100	Loss 7.2512 ± 0.1043
INFO:meta-cli.py:Epoch 9/100	Loss nan ± nan
INFO:meta-cli.py:Epoch 9/100	dev results	MRR 0.000634	H@1 0.000165	H@3 0.000659	H@5 0.000989	H@10 0.000989
INFO:meta-cli.py:Epoch 9/100	test results	MRR 0.000383	H@1 0.000160	H@3 0.000160	H@5 0.000160	H@10 0.000160
INFO:meta-cli.py:Epoch 10/100	Loss nan ± nan
INFO:meta-cli.py:Epoch 11/100	Loss nan ± nan
INFO:meta-cli.py:Epoch 12/100	Loss nan ± nan
INFO:meta-cli.py:Epoch 12/100	dev results	MRR 0.000634	H@1 0.000165	H@3 0.000659	H@5 0.000989	H@10 0.000989
INFO:meta-cli.py:Epoch 12/100	test results	MRR 0.000383	H@1 0.000160	H@3 0.000160	H@5 0.000160	H@10 0.000160
INFO:meta-cli.py:Epoch 13/100	Loss nan ± nan
INFO:meta-cli.py:Epoch 14/100	Loss nan ± nan
INFO:meta-cli.py:Epoch 15/100	Loss nan ± nan
INFO:meta-cli.py:Epoch 15/100	dev results	MRR 0.000634	H@1 0.000165	H@3 0.000659	H@5 0.000989	H@10 0.000989
INFO:meta-cli.py:Epoch 15/100	test results	MRR 0.000383	H@1 0.000160	H@3 0.000160	H@5 0.000160	H@10 0.000160
INFO:meta-cli.py:Epoch 16/100	Loss nan ± nan
INFO:meta-cli.py:Epoch 17/100	Loss nan ± nan
INFO:meta-cli.py:Epoch 18/100	Loss nan ± nan
INFO:meta-cli.py:Epoch 18/100	dev results	MRR 0.000634	H@1 0.000165	H@3 0.000659	H@5 0.000989	H@10 0.000989
INFO:meta-cli.py:Epoch 18/100	test results	MRR 0.000383	H@1 0.000160	H@3 0.000160	H@5 0.000160	H@10 0.000160
INFO:meta-cli.py:Epoch 19/100	Loss nan ± nan
INFO:meta-cli.py:Epoch 20/100	Loss nan ± nan
INFO:meta-cli.py:Epoch 21/100	Loss nan ± nan
INFO:meta-cli.py:Epoch 21/100	dev results	MRR 0.000634	H@1 0.000165	H@3 0.000659	H@5 0.000989	H@10 0.000989
INFO:meta-cli.py:Epoch 21/100	test results	MRR 0.000383	H@1 0.000160	H@3 0.000160	H@5 0.000160	H@10 0.000160
INFO:meta-cli.py:Epoch 22/100	Loss nan ± nan
INFO:meta-cli.py:Epoch 23/100	Loss nan ± nan
INFO:meta-cli.py:Epoch 24/100	Loss nan ± nan
INFO:meta-cli.py:Epoch 24/100	dev results	MRR 0.000634	H@1 0.000165	H@3 0.000659	H@5 0.000989	H@10 0.000989
INFO:meta-cli.py:Epoch 24/100	test results	MRR 0.000383	H@1 0.000160	H@3 0.000160	H@5 0.000160	H@10 0.000160
INFO:meta-cli.py:Epoch 25/100	Loss nan ± nan
INFO:meta-cli.py:Epoch 26/100	Loss nan ± nan
INFO:meta-cli.py:Epoch 27/100	Loss nan ± nan
INFO:meta-cli.py:Epoch 27/100	dev results	MRR 0.000634	H@1 0.000165	H@3 0.000659	H@5 0.000989	H@10 0.000989
INFO:meta-cli.py:Epoch 27/100	test results	MRR 0.000383	H@1 0.000160	H@3 0.000160	H@5 0.000160	H@10 0.000160
INFO:meta-cli.py:Epoch 28/100	Loss nan ± nan
INFO:meta-cli.py:Epoch 29/100	Loss nan ± nan
INFO:meta-cli.py:Epoch 30/100	Loss nan ± nan
INFO:meta-cli.py:Epoch 30/100	dev results	MRR 0.000634	H@1 0.000165	H@3 0.000659	H@5 0.000989	H@10 0.000989
INFO:meta-cli.py:Epoch 30/100	test results	MRR 0.000383	H@1 0.000160	H@3 0.000160	H@5 0.000160	H@10 0.000160
INFO:meta-cli.py:Epoch 31/100	Loss nan ± nan
INFO:meta-cli.py:Epoch 32/100	Loss nan ± nan
INFO:meta-cli.py:Epoch 33/100	Loss nan ± nan
INFO:meta-cli.py:Epoch 33/100	dev results	MRR 0.000634	H@1 0.000165	H@3 0.000659	H@5 0.000989	H@10 0.000989
INFO:meta-cli.py:Epoch 33/100	test results	MRR 0.000383	H@1 0.000160	H@3 0.000160	H@5 0.000160	H@10 0.000160
INFO:meta-cli.py:Epoch 34/100	Loss nan ± nan
INFO:meta-cli.py:Epoch 35/100	Loss nan ± nan
INFO:meta-cli.py:Epoch 36/100	Loss nan ± nan
INFO:meta-cli.py:Epoch 36/100	dev results	MRR 0.000634	H@1 0.000165	H@3 0.000659	H@5 0.000989	H@10 0.000989
INFO:meta-cli.py:Epoch 36/100	test results	MRR 0.000383	H@1 0.000160	H@3 0.000160	H@5 0.000160	H@10 0.000160
INFO:meta-cli.py:Epoch 37/100	Loss nan ± nan
INFO:meta-cli.py:Epoch 38/100	Loss nan ± nan
INFO:meta-cli.py:Epoch 39/100	Loss nan ± nan
INFO:meta-cli.py:Epoch 39/100	dev results	MRR 0.000634	H@1 0.000165	H@3 0.000659	H@5 0.000989	H@10 0.000989
INFO:meta-cli.py:Epoch 39/100	test results	MRR 0.000383	H@1 0.000160	H@3 0.000160	H@5 0.000160	H@10 0.000160
INFO:meta-cli.py:Epoch 40/100	Loss nan ± nan
INFO:meta-cli.py:Epoch 41/100	Loss nan ± nan
INFO:meta-cli.py:Epoch 42/100	Loss nan ± nan
INFO:meta-cli.py:Epoch 42/100	dev results	MRR 0.000634	H@1 0.000165	H@3 0.000659	H@5 0.000989	H@10 0.000989
INFO:meta-cli.py:Epoch 42/100	test results	MRR 0.000383	H@1 0.000160	H@3 0.000160	H@5 0.000160	H@10 0.000160
INFO:meta-cli.py:Epoch 43/100	Loss nan ± nan
INFO:meta-cli.py:Epoch 44/100	Loss nan ± nan
INFO:meta-cli.py:Epoch 45/100	Loss nan ± nan
INFO:meta-cli.py:Epoch 45/100	dev results	MRR 0.000634	H@1 0.000165	H@3 0.000659	H@5 0.000989	H@10 0.000989
INFO:meta-cli.py:Epoch 45/100	test results	MRR 0.000383	H@1 0.000160	H@3 0.000160	H@5 0.000160	H@10 0.000160
INFO:meta-cli.py:Epoch 46/100	Loss nan ± nan
INFO:meta-cli.py:Epoch 47/100	Loss nan ± nan
INFO:meta-cli.py:Epoch 48/100	Loss nan ± nan
INFO:meta-cli.py:Epoch 48/100	dev results	MRR 0.000634	H@1 0.000165	H@3 0.000659	H@5 0.000989	H@10 0.000989
INFO:meta-cli.py:Epoch 48/100	test results	MRR 0.000383	H@1 0.000160	H@3 0.000160	H@5 0.000160	H@10 0.000160
INFO:meta-cli.py:Epoch 49/100	Loss nan ± nan
INFO:meta-cli.py:Epoch 50/100	Loss nan ± nan
INFO:meta-cli.py:Epoch 51/100	Loss nan ± nan
INFO:meta-cli.py:Epoch 51/100	dev results	MRR 0.000634	H@1 0.000165	H@3 0.000659	H@5 0.000989	H@10 0.000989
INFO:meta-cli.py:Epoch 51/100	test results	MRR 0.000383	H@1 0.000160	H@3 0.000160	H@5 0.000160	H@10 0.000160
INFO:meta-cli.py:Epoch 52/100	Loss nan ± nan
INFO:meta-cli.py:Epoch 53/100	Loss nan ± nan
INFO:meta-cli.py:Epoch 54/100	Loss nan ± nan
INFO:meta-cli.py:Epoch 54/100	dev results	MRR 0.000634	H@1 0.000165	H@3 0.000659	H@5 0.000989	H@10 0.000989
INFO:meta-cli.py:Epoch 54/100	test results	MRR 0.000383	H@1 0.000160	H@3 0.000160	H@5 0.000160	H@10 0.000160
INFO:meta-cli.py:Epoch 55/100	Loss nan ± nan
INFO:meta-cli.py:Epoch 56/100	Loss nan ± nan
INFO:meta-cli.py:Epoch 57/100	Loss nan ± nan
INFO:meta-cli.py:Epoch 57/100	dev results	MRR 0.000634	H@1 0.000165	H@3 0.000659	H@5 0.000989	H@10 0.000989
INFO:meta-cli.py:Epoch 57/100	test results	MRR 0.000383	H@1 0.000160	H@3 0.000160	H@5 0.000160	H@10 0.000160
INFO:meta-cli.py:Epoch 58/100	Loss nan ± nan
INFO:meta-cli.py:Epoch 59/100	Loss nan ± nan
INFO:meta-cli.py:Epoch 60/100	Loss nan ± nan
INFO:meta-cli.py:Epoch 60/100	dev results	MRR 0.000634	H@1 0.000165	H@3 0.000659	H@5 0.000989	H@10 0.000989
INFO:meta-cli.py:Epoch 60/100	test results	MRR 0.000383	H@1 0.000160	H@3 0.000160	H@5 0.000160	H@10 0.000160
INFO:meta-cli.py:Epoch 61/100	Loss nan ± nan
INFO:meta-cli.py:Epoch 62/100	Loss nan ± nan
INFO:meta-cli.py:Epoch 63/100	Loss nan ± nan
INFO:meta-cli.py:Epoch 63/100	dev results	MRR 0.000634	H@1 0.000165	H@3 0.000659	H@5 0.000989	H@10 0.000989
INFO:meta-cli.py:Epoch 63/100	test results	MRR 0.000383	H@1 0.000160	H@3 0.000160	H@5 0.000160	H@10 0.000160
INFO:meta-cli.py:Epoch 64/100	Loss nan ± nan
INFO:meta-cli.py:Epoch 65/100	Loss nan ± nan
INFO:meta-cli.py:Epoch 66/100	Loss nan ± nan
INFO:meta-cli.py:Epoch 66/100	dev results	MRR 0.000634	H@1 0.000165	H@3 0.000659	H@5 0.000989	H@10 0.000989
INFO:meta-cli.py:Epoch 66/100	test results	MRR 0.000383	H@1 0.000160	H@3 0.000160	H@5 0.000160	H@10 0.000160
INFO:meta-cli.py:Epoch 67/100	Loss nan ± nan
INFO:meta-cli.py:Epoch 68/100	Loss nan ± nan
INFO:meta-cli.py:Epoch 69/100	Loss nan ± nan
INFO:meta-cli.py:Epoch 69/100	dev results	MRR 0.000634	H@1 0.000165	H@3 0.000659	H@5 0.000989	H@10 0.000989
INFO:meta-cli.py:Epoch 69/100	test results	MRR 0.000383	H@1 0.000160	H@3 0.000160	H@5 0.000160	H@10 0.000160
INFO:meta-cli.py:Epoch 70/100	Loss nan ± nan
INFO:meta-cli.py:Epoch 71/100	Loss nan ± nan
INFO:meta-cli.py:Epoch 72/100	Loss nan ± nan
INFO:meta-cli.py:Epoch 72/100	dev results	MRR 0.000634	H@1 0.000165	H@3 0.000659	H@5 0.000989	H@10 0.000989
INFO:meta-cli.py:Epoch 72/100	test results	MRR 0.000383	H@1 0.000160	H@3 0.000160	H@5 0.000160	H@10 0.000160
INFO:meta-cli.py:Epoch 73/100	Loss nan ± nan
INFO:meta-cli.py:Epoch 74/100	Loss nan ± nan
INFO:meta-cli.py:Epoch 75/100	Loss nan ± nan
INFO:meta-cli.py:Epoch 75/100	dev results	MRR 0.000634	H@1 0.000165	H@3 0.000659	H@5 0.000989	H@10 0.000989
INFO:meta-cli.py:Epoch 75/100	test results	MRR 0.000383	H@1 0.000160	H@3 0.000160	H@5 0.000160	H@10 0.000160
INFO:meta-cli.py:Epoch 76/100	Loss nan ± nan
INFO:meta-cli.py:Epoch 77/100	Loss nan ± nan
INFO:meta-cli.py:Epoch 78/100	Loss nan ± nan
INFO:meta-cli.py:Epoch 78/100	dev results	MRR 0.000634	H@1 0.000165	H@3 0.000659	H@5 0.000989	H@10 0.000989
INFO:meta-cli.py:Epoch 78/100	test results	MRR 0.000383	H@1 0.000160	H@3 0.000160	H@5 0.000160	H@10 0.000160
INFO:meta-cli.py:Epoch 79/100	Loss nan ± nan
INFO:meta-cli.py:Epoch 80/100	Loss nan ± nan
INFO:meta-cli.py:Epoch 81/100	Loss nan ± nan
INFO:meta-cli.py:Epoch 81/100	dev results	MRR 0.000634	H@1 0.000165	H@3 0.000659	H@5 0.000989	H@10 0.000989
INFO:meta-cli.py:Epoch 81/100	test results	MRR 0.000383	H@1 0.000160	H@3 0.000160	H@5 0.000160	H@10 0.000160
INFO:meta-cli.py:Epoch 82/100	Loss nan ± nan
INFO:meta-cli.py:Epoch 83/100	Loss nan ± nan
INFO:meta-cli.py:Epoch 84/100	Loss nan ± nan
INFO:meta-cli.py:Epoch 84/100	dev results	MRR 0.000634	H@1 0.000165	H@3 0.000659	H@5 0.000989	H@10 0.000989
INFO:meta-cli.py:Epoch 84/100	test results	MRR 0.000383	H@1 0.000160	H@3 0.000160	H@5 0.000160	H@10 0.000160
INFO:meta-cli.py:Epoch 85/100	Loss nan ± nan
INFO:meta-cli.py:Epoch 86/100	Loss nan ± nan
INFO:meta-cli.py:Epoch 87/100	Loss nan ± nan
INFO:meta-cli.py:Epoch 87/100	dev results	MRR 0.000634	H@1 0.000165	H@3 0.000659	H@5 0.000989	H@10 0.000989
INFO:meta-cli.py:Epoch 87/100	test results	MRR 0.000383	H@1 0.000160	H@3 0.000160	H@5 0.000160	H@10 0.000160
INFO:meta-cli.py:Epoch 88/100	Loss nan ± nan
INFO:meta-cli.py:Epoch 89/100	Loss nan ± nan
INFO:meta-cli.py:Epoch 90/100	Loss nan ± nan
INFO:meta-cli.py:Epoch 90/100	dev results	MRR 0.000634	H@1 0.000165	H@3 0.000659	H@5 0.000989	H@10 0.000989
INFO:meta-cli.py:Epoch 90/100	test results	MRR 0.000383	H@1 0.000160	H@3 0.000160	H@5 0.000160	H@10 0.000160
INFO:meta-cli.py:Epoch 91/100	Loss nan ± nan
INFO:meta-cli.py:Epoch 92/100	Loss nan ± nan
INFO:meta-cli.py:Epoch 93/100	Loss nan ± nan
INFO:meta-cli.py:Epoch 93/100	dev results	MRR 0.000634	H@1 0.000165	H@3 0.000659	H@5 0.000989	H@10 0.000989
INFO:meta-cli.py:Epoch 93/100	test results	MRR 0.000383	H@1 0.000160	H@3 0.000160	H@5 0.000160	H@10 0.000160
INFO:meta-cli.py:Epoch 94/100	Loss nan ± nan
INFO:meta-cli.py:Epoch 95/100	Loss nan ± nan
INFO:meta-cli.py:Epoch 96/100	Loss nan ± nan
INFO:meta-cli.py:Epoch 96/100	dev results	MRR 0.000634	H@1 0.000165	H@3 0.000659	H@5 0.000989	H@10 0.000989
INFO:meta-cli.py:Epoch 96/100	test results	MRR 0.000383	H@1 0.000160	H@3 0.000160	H@5 0.000160	H@10 0.000160
INFO:meta-cli.py:Epoch 97/100	Loss nan ± nan
INFO:meta-cli.py:Epoch 98/100	Loss nan ± nan
INFO:meta-cli.py:Epoch 99/100	Loss nan ± nan
INFO:meta-cli.py:Epoch 99/100	dev results	MRR 0.000634	H@1 0.000165	H@3 0.000659	H@5 0.000989	H@10 0.000989
INFO:meta-cli.py:Epoch 99/100	test results	MRR 0.000383	H@1 0.000160	H@3 0.000160	H@5 0.000160	H@10 0.000160
INFO:meta-cli.py:Epoch 100/100	Loss nan ± nan
INFO:meta-cli.py:Final 	dev results	MRR 0.000634	H@1 0.000165	H@3 0.000659	H@5 0.000989	H@10 0.000989
INFO:meta-cli.py:Final 	test results	MRR 0.000383	H@1 0.000160	H@3 0.000160	H@5 0.000160	H@10 0.000160
INFO:meta-cli.py:Training finished
