./bin/meta-cli.py --train data/wn18rr/train.tsv --dev data/wn18rr/dev.tsv --test data/wn18rr/test.tsv -m complex -k 2000 -b 100 -e 100 --F2 0 --N3 0.01 -l 0.1 -I reciprocal -V 3 -o adagrad -q
{'F2': 0.0,
 'N3': 0.01,
 'batch_size': 100,
 'dev': 'data/wn18rr/dev.tsv',
 'embedding_size': 2000,
 'epochs': 100,
 'eval_batch_size': None,
 'input_type': 'reciprocal',
 'learning_rate': 0.1,
 'load': None,
 'model': 'complex',
 'optimizer': 'adagrad',
 'quiet': True,
 'save': None,
 'seed': 0,
 'test': 'data/wn18rr/test.tsv',
 'test_i': None,
 'test_ii': None,
 'train': 'data/wn18rr/train.tsv',
 'validate_every': 3}
INFO:meta-cli.py:Device: cuda
INFO:meta-cli.py:Model state:
INFO:meta-cli.py:	entities.weight	torch.Size([40943, 4000])
INFO:meta-cli.py:	predicates.weight	torch.Size([22, 4000])
INFO:meta-cli.py:Epoch 1/100	Loss 15.5926 ± 4.1815
INFO:meta-cli.py:Epoch 2/100	Loss 6.3703 ± 0.3904
INFO:meta-cli.py:Epoch 3/100	Loss 5.3374 ± 0.2139
INFO:meta-cli.py:Epoch 3/100	dev results	MRR 0.436155	H@1 0.410349	H@3 0.443968	H@5 0.462096	H@10 0.485333
INFO:meta-cli.py:Epoch 3/100	test results	MRR 0.437645	H@1 0.415603	H@3 0.441768	H@5 0.457562	H@10 0.484205
INFO:meta-cli.py:Epoch 4/100	Loss 4.8776 ± 0.1964
INFO:meta-cli.py:Epoch 5/100	Loss 4.5861 ± 0.1910
INFO:meta-cli.py:Epoch 6/100	Loss 4.3743 ± 0.1888
INFO:meta-cli.py:Epoch 6/100	dev results	MRR 0.446899	H@1 0.418754	H@3 0.457976	H@5 0.474456	H@10 0.500165
INFO:meta-cli.py:Epoch 6/100	test results	MRR 0.445543	H@1 0.420070	H@3 0.452616	H@5 0.469049	H@10 0.496331
INFO:meta-cli.py:Epoch 7/100	Loss 4.2115 ± 0.1871
INFO:meta-cli.py:Epoch 8/100	Loss 4.0794 ± 0.1917
INFO:meta-cli.py:Epoch 9/100	Loss 3.9733 ± 0.1816
INFO:meta-cli.py:Epoch 9/100	dev results	MRR 0.451894	H@1 0.424028	H@3 0.462591	H@5 0.480554	H@10 0.503296
INFO:meta-cli.py:Epoch 9/100	test results	MRR 0.451344	H@1 0.423899	H@3 0.459317	H@5 0.479898	H@10 0.505105
INFO:meta-cli.py:Epoch 10/100	Loss 3.8792 ± 0.1852
INFO:meta-cli.py:Epoch 11/100	Loss 3.8027 ± 0.1890
INFO:meta-cli.py:Epoch 12/100	Loss 3.7355 ± 0.1906
INFO:meta-cli.py:Epoch 12/100	dev results	MRR 0.455468	H@1 0.425840	H@3 0.465227	H@5 0.485333	H@10 0.512030
INFO:meta-cli.py:Epoch 12/100	test results	MRR 0.455560	H@1 0.427569	H@3 0.461870	H@5 0.485801	H@10 0.509572
INFO:meta-cli.py:Epoch 13/100	Loss 3.6767 ± 0.1857
INFO:meta-cli.py:Epoch 14/100	Loss 3.6252 ± 0.1856
INFO:meta-cli.py:Epoch 15/100	Loss 3.5790 ± 0.1904
INFO:meta-cli.py:Epoch 15/100	dev results	MRR 0.459583	H@1 0.430784	H@3 0.469183	H@5 0.487640	H@10 0.514502
INFO:meta-cli.py:Epoch 15/100	test results	MRR 0.458998	H@1 0.429962	H@3 0.468092	H@5 0.488832	H@10 0.516114
INFO:meta-cli.py:Epoch 16/100	Loss 3.5365 ± 0.1836
INFO:meta-cli.py:Epoch 17/100	Loss 3.4998 ± 0.1844
INFO:meta-cli.py:Epoch 18/100	Loss 3.4652 ± 0.1920
INFO:meta-cli.py:Epoch 18/100	dev results	MRR 0.461738	H@1 0.431114	H@3 0.472973	H@5 0.492254	H@10 0.520270
INFO:meta-cli.py:Epoch 18/100	test results	MRR 0.461188	H@1 0.430121	H@3 0.470804	H@5 0.492342	H@10 0.522017
INFO:meta-cli.py:Epoch 19/100	Loss 3.4351 ± 0.1798
INFO:meta-cli.py:Epoch 20/100	Loss 3.4061 ± 0.1852
INFO:meta-cli.py:Epoch 21/100	Loss 3.3796 ± 0.1820
INFO:meta-cli.py:Epoch 21/100	dev results	MRR 0.463338	H@1 0.432597	H@3 0.473632	H@5 0.494891	H@10 0.521589
INFO:meta-cli.py:Epoch 21/100	test results	MRR 0.464232	H@1 0.433631	H@3 0.473516	H@5 0.494895	H@10 0.523133
INFO:meta-cli.py:Epoch 22/100	Loss 3.3559 ± 0.1878
INFO:meta-cli.py:Epoch 23/100	Loss 3.3336 ± 0.1845
INFO:meta-cli.py:Epoch 24/100	Loss 3.3132 ± 0.1859
INFO:meta-cli.py:Epoch 24/100	dev results	MRR 0.465261	H@1 0.434080	H@3 0.476928	H@5 0.496210	H@10 0.525049
INFO:meta-cli.py:Epoch 24/100	test results	MRR 0.465496	H@1 0.433950	H@3 0.474154	H@5 0.497607	H@10 0.528558
INFO:meta-cli.py:Epoch 25/100	Loss 3.2929 ± 0.1858
INFO:meta-cli.py:Epoch 26/100	Loss 3.2746 ± 0.1821
INFO:meta-cli.py:Epoch 27/100	Loss 3.2582 ± 0.1785
INFO:meta-cli.py:Epoch 27/100	dev results	MRR 0.466352	H@1 0.434245	H@3 0.479895	H@5 0.497693	H@10 0.526368
INFO:meta-cli.py:Epoch 27/100	test results	MRR 0.465997	H@1 0.432514	H@3 0.478622	H@5 0.500479	H@10 0.529675
INFO:meta-cli.py:Epoch 28/100	Loss 3.2424 ± 0.1838
INFO:meta-cli.py:Epoch 29/100	Loss 3.2278 ± 0.1867
INFO:meta-cli.py:Epoch 30/100	Loss 3.2138 ± 0.1781
INFO:meta-cli.py:Epoch 30/100	dev results	MRR 0.467909	H@1 0.436223	H@3 0.481048	H@5 0.500330	H@10 0.527521
INFO:meta-cli.py:Epoch 30/100	test results	MRR 0.466716	H@1 0.433950	H@3 0.477186	H@5 0.501436	H@10 0.531749
INFO:meta-cli.py:Epoch 31/100	Loss 3.1999 ± 0.1843
INFO:meta-cli.py:Epoch 32/100	Loss 3.1874 ± 0.1859
INFO:meta-cli.py:Epoch 33/100	Loss 3.1756 ± 0.1800
INFO:meta-cli.py:Epoch 33/100	dev results	MRR 0.468585	H@1 0.435728	H@3 0.482202	H@5 0.503790	H@10 0.529829
INFO:meta-cli.py:Epoch 33/100	test results	MRR 0.467380	H@1 0.432355	H@3 0.480217	H@5 0.505105	H@10 0.534620
INFO:meta-cli.py:Epoch 34/100	Loss 3.1642 ± 0.1830
INFO:meta-cli.py:Epoch 35/100	Loss 3.1538 ± 0.1789
INFO:meta-cli.py:Epoch 36/100	Loss 3.1432 ± 0.1832
INFO:meta-cli.py:Epoch 36/100	dev results	MRR 0.469074	H@1 0.436717	H@3 0.481378	H@5 0.502142	H@10 0.532795
INFO:meta-cli.py:Epoch 36/100	test results	MRR 0.469889	H@1 0.435865	H@3 0.481653	H@5 0.506701	H@10 0.536535
INFO:meta-cli.py:Epoch 37/100	Loss 3.1339 ± 0.1803
INFO:meta-cli.py:Epoch 38/100	Loss 3.1242 ± 0.1794
INFO:meta-cli.py:Epoch 39/100	Loss 3.1156 ± 0.1801
INFO:meta-cli.py:Epoch 39/100	dev results	MRR 0.469842	H@1 0.437541	H@3 0.481378	H@5 0.502307	H@10 0.533289
INFO:meta-cli.py:Epoch 39/100	test results	MRR 0.469318	H@1 0.434907	H@3 0.480696	H@5 0.505584	H@10 0.537811
INFO:meta-cli.py:Epoch 40/100	Loss 3.1066 ± 0.1764
INFO:meta-cli.py:Epoch 41/100	Loss 3.0986 ± 0.1812
INFO:meta-cli.py:Epoch 42/100	Loss 3.0908 ± 0.1858
INFO:meta-cli.py:Epoch 42/100	dev results	MRR 0.470432	H@1 0.437541	H@3 0.482531	H@5 0.505768	H@10 0.533784
INFO:meta-cli.py:Epoch 42/100	test results	MRR 0.470824	H@1 0.435705	H@3 0.484525	H@5 0.506701	H@10 0.536056
INFO:meta-cli.py:Epoch 43/100	Loss 3.0832 ± 0.1820
INFO:meta-cli.py:Epoch 44/100	Loss 3.0759 ± 0.1784
INFO:meta-cli.py:Epoch 45/100	Loss 3.0682 ± 0.1757
INFO:meta-cli.py:Epoch 45/100	dev results	MRR 0.471406	H@1 0.439189	H@3 0.483685	H@5 0.504614	H@10 0.535597
INFO:meta-cli.py:Epoch 45/100	test results	MRR 0.471947	H@1 0.437141	H@3 0.485163	H@5 0.508615	H@10 0.539087
INFO:meta-cli.py:Epoch 46/100	Loss 3.0620 ± 0.1761
INFO:meta-cli.py:Epoch 47/100	Loss 3.0561 ± 0.1784
INFO:meta-cli.py:Epoch 48/100	Loss 3.0499 ± 0.1815
INFO:meta-cli.py:Epoch 48/100	dev results	MRR 0.471096	H@1 0.438036	H@3 0.484179	H@5 0.505109	H@10 0.536091
INFO:meta-cli.py:Epoch 48/100	test results	MRR 0.471574	H@1 0.436184	H@3 0.484525	H@5 0.509094	H@10 0.541002
INFO:meta-cli.py:Epoch 49/100	Loss 3.0436 ± 0.1817
INFO:meta-cli.py:Epoch 50/100	Loss 3.0380 ± 0.1730
INFO:meta-cli.py:Epoch 51/100	Loss 3.0316 ± 0.1808
INFO:meta-cli.py:Epoch 51/100	dev results	MRR 0.472705	H@1 0.439684	H@3 0.484179	H@5 0.506757	H@10 0.537574
INFO:meta-cli.py:Epoch 51/100	test results	MRR 0.472611	H@1 0.437301	H@3 0.485322	H@5 0.509892	H@10 0.541161
INFO:meta-cli.py:Epoch 52/100	Loss 3.0269 ± 0.1725
INFO:meta-cli.py:Epoch 53/100	Loss 3.0216 ± 0.1747
INFO:meta-cli.py:Epoch 54/100	Loss 3.0162 ± 0.1771
INFO:meta-cli.py:Epoch 54/100	dev results	MRR 0.472758	H@1 0.439354	H@3 0.484344	H@5 0.508899	H@10 0.537904
INFO:meta-cli.py:Epoch 54/100	test results	MRR 0.473328	H@1 0.437939	H@3 0.487875	H@5 0.511168	H@10 0.542438
INFO:meta-cli.py:Epoch 55/100	Loss 3.0116 ± 0.1775
INFO:meta-cli.py:Epoch 56/100	Loss 3.0069 ± 0.1776
INFO:meta-cli.py:Epoch 57/100	Loss 3.0019 ± 0.1688
INFO:meta-cli.py:Epoch 57/100	dev results	MRR 0.472517	H@1 0.438860	H@3 0.486157	H@5 0.506757	H@10 0.537904
INFO:meta-cli.py:Epoch 57/100	test results	MRR 0.473811	H@1 0.438258	H@3 0.488194	H@5 0.510211	H@10 0.544352
INFO:meta-cli.py:Epoch 58/100	Loss 2.9975 ± 0.1767
INFO:meta-cli.py:Epoch 59/100	Loss 2.9932 ± 0.1770
INFO:meta-cli.py:Epoch 60/100	Loss 2.9889 ± 0.1705
INFO:meta-cli.py:Epoch 60/100	dev results	MRR 0.472734	H@1 0.439354	H@3 0.484674	H@5 0.508405	H@10 0.539057
INFO:meta-cli.py:Epoch 60/100	test results	MRR 0.473513	H@1 0.437939	H@3 0.487396	H@5 0.512444	H@10 0.542916
INFO:meta-cli.py:Epoch 61/100	Loss 2.9857 ± 0.1730
INFO:meta-cli.py:Epoch 62/100	Loss 2.9814 ± 0.1691
INFO:meta-cli.py:Epoch 63/100	Loss 2.9773 ± 0.1744
INFO:meta-cli.py:Epoch 63/100	dev results	MRR 0.473987	H@1 0.440178	H@3 0.487640	H@5 0.508240	H@10 0.539387
INFO:meta-cli.py:Epoch 63/100	test results	MRR 0.474256	H@1 0.437939	H@3 0.488354	H@5 0.512125	H@10 0.544990
INFO:meta-cli.py:Epoch 64/100	Loss 2.9732 ± 0.1737
INFO:meta-cli.py:Epoch 65/100	Loss 2.9695 ± 0.1796
INFO:meta-cli.py:Epoch 66/100	Loss 2.9665 ± 0.1738
INFO:meta-cli.py:Epoch 66/100	dev results	MRR 0.474222	H@1 0.440013	H@3 0.486981	H@5 0.509229	H@10 0.539881
INFO:meta-cli.py:Epoch 66/100	test results	MRR 0.473848	H@1 0.437779	H@3 0.486120	H@5 0.512923	H@10 0.545629
INFO:meta-cli.py:Epoch 67/100	Loss 2.9625 ± 0.1759
INFO:meta-cli.py:Epoch 68/100	Loss 2.9595 ± 0.1768
INFO:meta-cli.py:Epoch 69/100	Loss 2.9559 ± 0.1734
INFO:meta-cli.py:Epoch 69/100	dev results	MRR 0.474023	H@1 0.439519	H@3 0.486981	H@5 0.508240	H@10 0.541035
INFO:meta-cli.py:Epoch 69/100	test results	MRR 0.474522	H@1 0.437939	H@3 0.488194	H@5 0.513082	H@10 0.544512
INFO:meta-cli.py:Epoch 70/100	Loss 2.9529 ± 0.1709
INFO:meta-cli.py:Epoch 71/100	Loss 2.9499 ± 0.1719
INFO:meta-cli.py:Epoch 72/100	Loss 2.9466 ± 0.1741
INFO:meta-cli.py:Epoch 72/100	dev results	MRR 0.474835	H@1 0.440178	H@3 0.487805	H@5 0.510712	H@10 0.540376
INFO:meta-cli.py:Epoch 72/100	test results	MRR 0.474874	H@1 0.437620	H@3 0.489151	H@5 0.513242	H@10 0.545629
INFO:meta-cli.py:Epoch 73/100	Loss 2.9433 ± 0.1730
INFO:meta-cli.py:Epoch 74/100	Loss 2.9408 ± 0.1747
INFO:meta-cli.py:Epoch 75/100	Loss 2.9379 ± 0.1732
INFO:meta-cli.py:Epoch 75/100	dev results	MRR 0.475022	H@1 0.440672	H@3 0.488134	H@5 0.508734	H@10 0.539881
INFO:meta-cli.py:Epoch 75/100	test results	MRR 0.474330	H@1 0.437141	H@3 0.488194	H@5 0.513242	H@10 0.546426
INFO:meta-cli.py:Epoch 76/100	Loss 2.9350 ± 0.1713
INFO:meta-cli.py:Epoch 77/100	Loss 2.9321 ± 0.1699
INFO:meta-cli.py:Epoch 78/100	Loss 2.9297 ± 0.1669
INFO:meta-cli.py:Epoch 78/100	dev results	MRR 0.474743	H@1 0.440178	H@3 0.488299	H@5 0.509558	H@10 0.541859
INFO:meta-cli.py:Epoch 78/100	test results	MRR 0.475056	H@1 0.438258	H@3 0.488992	H@5 0.513720	H@10 0.549138
INFO:meta-cli.py:Epoch 79/100	Loss 2.9269 ± 0.1735
INFO:meta-cli.py:Epoch 80/100	Loss 2.9246 ± 0.1708
INFO:meta-cli.py:Epoch 81/100	Loss 2.9214 ± 0.1720
INFO:meta-cli.py:Epoch 81/100	dev results	MRR 0.473926	H@1 0.439024	H@3 0.487640	H@5 0.509394	H@10 0.541200
INFO:meta-cli.py:Epoch 81/100	test results	MRR 0.475105	H@1 0.438417	H@3 0.488673	H@5 0.513720	H@10 0.547543
INFO:meta-cli.py:Epoch 82/100	Loss 2.9191 ± 0.1697
INFO:meta-cli.py:Epoch 83/100	Loss 2.9170 ± 0.1735
INFO:meta-cli.py:Epoch 84/100	Loss 2.9144 ± 0.1719
INFO:meta-cli.py:Epoch 84/100	dev results	MRR 0.474656	H@1 0.440013	H@3 0.486157	H@5 0.510712	H@10 0.541859
INFO:meta-cli.py:Epoch 84/100	test results	MRR 0.475167	H@1 0.437939	H@3 0.490587	H@5 0.514359	H@10 0.547703
INFO:meta-cli.py:Epoch 85/100	Loss 2.9122 ± 0.1702
INFO:meta-cli.py:Epoch 86/100	Loss 2.9099 ± 0.1739
INFO:meta-cli.py:Epoch 87/100	Loss 2.9079 ± 0.1729
INFO:meta-cli.py:Epoch 87/100	dev results	MRR 0.474550	H@1 0.440013	H@3 0.485992	H@5 0.510547	H@10 0.542353
INFO:meta-cli.py:Epoch 87/100	test results	MRR 0.476068	H@1 0.438896	H@3 0.491544	H@5 0.514997	H@10 0.548979
INFO:meta-cli.py:Epoch 88/100	Loss 2.9057 ± 0.1711
INFO:meta-cli.py:Epoch 89/100	Loss 2.9033 ± 0.1715
INFO:meta-cli.py:Epoch 90/100	Loss 2.9015 ± 0.1717
INFO:meta-cli.py:Epoch 90/100	dev results	MRR 0.474182	H@1 0.439519	H@3 0.485498	H@5 0.510712	H@10 0.542848
INFO:meta-cli.py:Epoch 90/100	test results	MRR 0.475694	H@1 0.438896	H@3 0.489949	H@5 0.514997	H@10 0.549138
INFO:meta-cli.py:Epoch 91/100	Loss 2.8994 ± 0.1725
INFO:meta-cli.py:Epoch 92/100	Loss 2.8973 ± 0.1742
INFO:meta-cli.py:Epoch 93/100	Loss 2.8954 ± 0.1678
INFO:meta-cli.py:Epoch 93/100	dev results	MRR 0.474334	H@1 0.439848	H@3 0.487475	H@5 0.510712	H@10 0.542189
INFO:meta-cli.py:Epoch 93/100	test results	MRR 0.476096	H@1 0.439215	H@3 0.489311	H@5 0.514359	H@10 0.548660
INFO:meta-cli.py:Epoch 94/100	Loss 2.8937 ± 0.1710
INFO:meta-cli.py:Epoch 95/100	Loss 2.8915 ± 0.1720
INFO:meta-cli.py:Epoch 96/100	Loss 2.8896 ± 0.1739
INFO:meta-cli.py:Epoch 96/100	dev results	MRR 0.474094	H@1 0.438860	H@3 0.487640	H@5 0.511206	H@10 0.543507
INFO:meta-cli.py:Epoch 96/100	test results	MRR 0.476294	H@1 0.438736	H@3 0.492183	H@5 0.515635	H@10 0.548500
INFO:meta-cli.py:Epoch 97/100	Loss 2.8879 ± 0.1707
INFO:meta-cli.py:Epoch 98/100	Loss 2.8858 ± 0.1724
INFO:meta-cli.py:Epoch 99/100	Loss 2.8844 ± 0.1717
INFO:meta-cli.py:Epoch 99/100	dev results	MRR 0.474117	H@1 0.439024	H@3 0.486816	H@5 0.511536	H@10 0.543672
INFO:meta-cli.py:Epoch 99/100	test results	MRR 0.475939	H@1 0.439215	H@3 0.489789	H@5 0.514837	H@10 0.549458
INFO:meta-cli.py:Epoch 100/100	Loss 2.8824 ± 0.1727
INFO:meta-cli.py:Final 	dev results	MRR 0.474574	H@1 0.439848	H@3 0.485992	H@5 0.510712	H@10 0.543177
INFO:meta-cli.py:Final 	test results	MRR 0.476070	H@1 0.438736	H@3 0.490428	H@5 0.516114	H@10 0.549298
INFO:meta-cli.py:Training finished
