./bin/meta-cli.py --train data/wn18rr/train.tsv --dev data/wn18rr/dev.tsv --test data/wn18rr/test.tsv -m complex -k 2000 -b 500 -e 100 --F2 0 --N3 0.001 -l 0.1 -I reciprocal -V 3 -o adagrad -q
{'F2': 0.0,
 'N3': 0.001,
 'batch_size': 500,
 'dev': 'data/wn18rr/dev.tsv',
 'embedding_size': 2000,
 'epochs': 100,
 'eval_batch_size': None,
 'input_type': 'reciprocal',
 'learning_rate': 0.1,
 'load': None,
 'model': 'complex',
 'optimizer': 'adagrad',
 'quiet': True,
 'save': None,
 'seed': 0,
 'test': 'data/wn18rr/test.tsv',
 'test_i': None,
 'test_ii': None,
 'train': 'data/wn18rr/train.tsv',
 'validate_every': 3}
INFO:meta-cli.py:Device: cuda
INFO:meta-cli.py:Model state:
INFO:meta-cli.py:	entities.weight	torch.Size([40943, 4000])
INFO:meta-cli.py:	predicates.weight	torch.Size([22, 4000])
INFO:meta-cli.py:Epoch 1/100	Loss 13.2583 ± 4.2840
INFO:meta-cli.py:Epoch 2/100	Loss 4.1897 ± 0.2456
INFO:meta-cli.py:Epoch 3/100	Loss 3.4547 ± 0.1125
INFO:meta-cli.py:Epoch 3/100	dev results	MRR 0.433083	H@1 0.410185	H@3 0.440508	H@5 0.455339	H@10 0.476104
INFO:meta-cli.py:Epoch 3/100	test results	MRR 0.432858	H@1 0.411295	H@3 0.438896	H@5 0.455010	H@10 0.474633
INFO:meta-cli.py:Epoch 4/100	Loss 3.2131 ± 0.1103
INFO:meta-cli.py:Epoch 5/100	Loss 3.0830 ± 0.1118
INFO:meta-cli.py:Epoch 6/100	Loss 2.9937 ± 0.1161
INFO:meta-cli.py:Epoch 6/100	dev results	MRR 0.441305	H@1 0.416447	H@3 0.450560	H@5 0.463250	H@10 0.488794
INFO:meta-cli.py:Epoch 6/100	test results	MRR 0.440919	H@1 0.417518	H@3 0.448309	H@5 0.463306	H@10 0.485482
INFO:meta-cli.py:Epoch 7/100	Loss 2.9292 ± 0.1156
INFO:meta-cli.py:Epoch 8/100	Loss 2.8759 ± 0.1250
INFO:meta-cli.py:Epoch 9/100	Loss 2.8366 ± 0.1136
INFO:meta-cli.py:Epoch 9/100	dev results	MRR 0.444190	H@1 0.419578	H@3 0.452044	H@5 0.465887	H@10 0.492254
INFO:meta-cli.py:Epoch 9/100	test results	MRR 0.445871	H@1 0.421027	H@3 0.454850	H@5 0.470485	H@10 0.493299
INFO:meta-cli.py:Epoch 10/100	Loss 2.7980 ± 0.1187
INFO:meta-cli.py:Epoch 11/100	Loss 2.7680 ± 0.1225
INFO:meta-cli.py:Epoch 12/100	Loss 2.7409 ± 0.1193
INFO:meta-cli.py:Epoch 12/100	dev results	MRR 0.448429	H@1 0.424028	H@3 0.455339	H@5 0.473467	H@10 0.496869
INFO:meta-cli.py:Epoch 12/100	test results	MRR 0.450639	H@1 0.426452	H@3 0.458200	H@5 0.474633	H@10 0.496011
INFO:meta-cli.py:Epoch 13/100	Loss 2.7172 ± 0.1171
INFO:meta-cli.py:Epoch 14/100	Loss 2.6972 ± 0.1183
INFO:meta-cli.py:Epoch 15/100	Loss 2.6779 ± 0.1231
INFO:meta-cli.py:Epoch 15/100	dev results	MRR 0.451165	H@1 0.425511	H@3 0.460778	H@5 0.475610	H@10 0.499670
INFO:meta-cli.py:Epoch 15/100	test results	MRR 0.452688	H@1 0.427888	H@3 0.461710	H@5 0.476069	H@10 0.501436
INFO:meta-cli.py:Epoch 16/100	Loss 2.6600 ± 0.1200
INFO:meta-cli.py:Epoch 17/100	Loss 2.6449 ± 0.1192
INFO:meta-cli.py:Epoch 18/100	Loss 2.6299 ± 0.1222
INFO:meta-cli.py:Epoch 18/100	dev results	MRR 0.452201	H@1 0.425676	H@3 0.462920	H@5 0.477752	H@10 0.504120
INFO:meta-cli.py:Epoch 18/100	test results	MRR 0.455250	H@1 0.429962	H@3 0.463306	H@5 0.480536	H@10 0.503350
INFO:meta-cli.py:Epoch 19/100	Loss 2.6172 ± 0.1147
INFO:meta-cli.py:Epoch 20/100	Loss 2.6039 ± 0.1164
INFO:meta-cli.py:Epoch 21/100	Loss 2.5921 ± 0.1139
INFO:meta-cli.py:Epoch 21/100	dev results	MRR 0.454676	H@1 0.428972	H@3 0.463744	H@5 0.479235	H@10 0.504944
INFO:meta-cli.py:Epoch 21/100	test results	MRR 0.457297	H@1 0.431557	H@3 0.466496	H@5 0.482770	H@10 0.506860
INFO:meta-cli.py:Epoch 22/100	Loss 2.5813 ± 0.1203
INFO:meta-cli.py:Epoch 23/100	Loss 2.5715 ± 0.1165
INFO:meta-cli.py:Epoch 24/100	Loss 2.5627 ± 0.1195
INFO:meta-cli.py:Epoch 24/100	dev results	MRR 0.456606	H@1 0.430620	H@3 0.466546	H@5 0.480224	H@10 0.504450
INFO:meta-cli.py:Epoch 24/100	test results	MRR 0.459023	H@1 0.434110	H@3 0.466177	H@5 0.483089	H@10 0.505903
INFO:meta-cli.py:Epoch 25/100	Loss 2.5524 ± 0.1157
INFO:meta-cli.py:Epoch 26/100	Loss 2.5432 ± 0.1149
INFO:meta-cli.py:Epoch 27/100	Loss 2.5361 ± 0.1094
INFO:meta-cli.py:Epoch 27/100	dev results	MRR 0.458338	H@1 0.431444	H@3 0.469183	H@5 0.485003	H@10 0.508075
INFO:meta-cli.py:Epoch 27/100	test results	MRR 0.459116	H@1 0.432514	H@3 0.469049	H@5 0.485322	H@10 0.508296
INFO:meta-cli.py:Epoch 28/100	Loss 2.5281 ± 0.1165
INFO:meta-cli.py:Epoch 29/100	Loss 2.5209 ± 0.1182
INFO:meta-cli.py:Epoch 30/100	Loss 2.5145 ± 0.1064
INFO:meta-cli.py:Epoch 30/100	dev results	MRR 0.458970	H@1 0.433092	H@3 0.468359	H@5 0.483685	H@10 0.506427
INFO:meta-cli.py:Epoch 30/100	test results	MRR 0.460127	H@1 0.434269	H@3 0.469209	H@5 0.486280	H@10 0.508615
INFO:meta-cli.py:Epoch 31/100	Loss 2.5076 ± 0.1176
INFO:meta-cli.py:Epoch 32/100	Loss 2.5007 ± 0.1143
INFO:meta-cli.py:Epoch 33/100	Loss 2.4949 ± 0.1104
INFO:meta-cli.py:Epoch 33/100	dev results	MRR 0.459489	H@1 0.432268	H@3 0.469512	H@5 0.485168	H@10 0.510053
INFO:meta-cli.py:Epoch 33/100	test results	MRR 0.459985	H@1 0.432355	H@3 0.471123	H@5 0.487077	H@10 0.511646
INFO:meta-cli.py:Epoch 34/100	Loss 2.4889 ± 0.1149
INFO:meta-cli.py:Epoch 35/100	Loss 2.4835 ± 0.1079
INFO:meta-cli.py:Epoch 36/100	Loss 2.4778 ± 0.1089
INFO:meta-cli.py:Epoch 36/100	dev results	MRR 0.460714	H@1 0.434410	H@3 0.470171	H@5 0.486816	H@10 0.509723
INFO:meta-cli.py:Epoch 36/100	test results	MRR 0.462106	H@1 0.435067	H@3 0.472240	H@5 0.487715	H@10 0.513082
INFO:meta-cli.py:Epoch 37/100	Loss 2.4732 ± 0.1129
INFO:meta-cli.py:Epoch 38/100	Loss 2.4677 ± 0.1115
INFO:meta-cli.py:Epoch 39/100	Loss 2.4630 ± 0.1128
INFO:meta-cli.py:Epoch 39/100	dev results	MRR 0.461240	H@1 0.435399	H@3 0.469512	H@5 0.485992	H@10 0.509394
INFO:meta-cli.py:Epoch 39/100	test results	MRR 0.461756	H@1 0.434588	H@3 0.471921	H@5 0.488673	H@10 0.512444
INFO:meta-cli.py:Epoch 40/100	Loss 2.4585 ± 0.1038
INFO:meta-cli.py:Epoch 41/100	Loss 2.4543 ± 0.1072
INFO:meta-cli.py:Epoch 42/100	Loss 2.4501 ± 0.1141
INFO:meta-cli.py:Epoch 42/100	dev results	MRR 0.461916	H@1 0.435893	H@3 0.471325	H@5 0.486486	H@10 0.511536
INFO:meta-cli.py:Epoch 42/100	test results	MRR 0.462575	H@1 0.434907	H@3 0.473516	H@5 0.488992	H@10 0.515635
INFO:meta-cli.py:Epoch 43/100	Loss 2.4460 ± 0.1155
INFO:meta-cli.py:Epoch 44/100	Loss 2.4417 ± 0.1042
INFO:meta-cli.py:Epoch 45/100	Loss 2.4367 ± 0.1044
INFO:meta-cli.py:Epoch 45/100	dev results	MRR 0.462850	H@1 0.436552	H@3 0.471819	H@5 0.488299	H@10 0.512360
INFO:meta-cli.py:Epoch 45/100	test results	MRR 0.462830	H@1 0.434748	H@3 0.473516	H@5 0.490428	H@10 0.515316
INFO:meta-cli.py:Epoch 46/100	Loss 2.4340 ± 0.1104
INFO:meta-cli.py:Epoch 47/100	Loss 2.4301 ± 0.1107
INFO:meta-cli.py:Epoch 48/100	Loss 2.4265 ± 0.1080
INFO:meta-cli.py:Epoch 48/100	dev results	MRR 0.462990	H@1 0.436882	H@3 0.471325	H@5 0.488464	H@10 0.512525
INFO:meta-cli.py:Epoch 48/100	test results	MRR 0.463341	H@1 0.435705	H@3 0.472878	H@5 0.490268	H@10 0.516114
INFO:meta-cli.py:Epoch 49/100	Loss 2.4229 ± 0.1088
INFO:meta-cli.py:Epoch 50/100	Loss 2.4199 ± 0.1067
INFO:meta-cli.py:Epoch 51/100	Loss 2.4161 ± 0.1038
INFO:meta-cli.py:Epoch 51/100	dev results	MRR 0.463909	H@1 0.437376	H@3 0.472973	H@5 0.488629	H@10 0.512854
INFO:meta-cli.py:Epoch 51/100	test results	MRR 0.463013	H@1 0.434110	H@3 0.474952	H@5 0.492342	H@10 0.515954
INFO:meta-cli.py:Epoch 52/100	Loss 2.4134 ± 0.0971
INFO:meta-cli.py:Epoch 53/100	Loss 2.4107 ± 0.1019
INFO:meta-cli.py:Epoch 54/100	Loss 2.4069 ± 0.1065
INFO:meta-cli.py:Epoch 54/100	dev results	MRR 0.463722	H@1 0.437212	H@3 0.472149	H@5 0.488794	H@10 0.512360
INFO:meta-cli.py:Epoch 54/100	test results	MRR 0.463530	H@1 0.434588	H@3 0.474474	H@5 0.492980	H@10 0.517549
INFO:meta-cli.py:Epoch 55/100	Loss 2.4042 ± 0.1048
INFO:meta-cli.py:Epoch 56/100	Loss 2.4019 ± 0.1036
INFO:meta-cli.py:Epoch 57/100	Loss 2.3982 ± 0.0972
INFO:meta-cli.py:Epoch 57/100	dev results	MRR 0.464107	H@1 0.437376	H@3 0.472479	H@5 0.490112	H@10 0.513184
INFO:meta-cli.py:Epoch 57/100	test results	MRR 0.465298	H@1 0.436662	H@3 0.475750	H@5 0.494257	H@10 0.519145
INFO:meta-cli.py:Epoch 58/100	Loss 2.3960 ± 0.1042
INFO:meta-cli.py:Epoch 59/100	Loss 2.3933 ± 0.1014
INFO:meta-cli.py:Epoch 60/100	Loss 2.3908 ± 0.1032
INFO:meta-cli.py:Epoch 60/100	dev results	MRR 0.464497	H@1 0.437706	H@3 0.473138	H@5 0.489123	H@10 0.514173
INFO:meta-cli.py:Epoch 60/100	test results	MRR 0.464851	H@1 0.436184	H@3 0.474314	H@5 0.495852	H@10 0.519783
INFO:meta-cli.py:Epoch 61/100	Loss 2.3887 ± 0.1003
INFO:meta-cli.py:Epoch 62/100	Loss 2.3863 ± 0.1004
INFO:meta-cli.py:Epoch 63/100	Loss 2.3838 ± 0.1053
INFO:meta-cli.py:Epoch 63/100	dev results	MRR 0.464495	H@1 0.436388	H@3 0.475939	H@5 0.491101	H@10 0.514502
INFO:meta-cli.py:Epoch 63/100	test results	MRR 0.465006	H@1 0.435067	H@3 0.477345	H@5 0.494576	H@10 0.520740
INFO:meta-cli.py:Epoch 64/100	Loss 2.3811 ± 0.0999
INFO:meta-cli.py:Epoch 65/100	Loss 2.3788 ± 0.1068
INFO:meta-cli.py:Epoch 66/100	Loss 2.3766 ± 0.1008
INFO:meta-cli.py:Epoch 66/100	dev results	MRR 0.465092	H@1 0.437541	H@3 0.475775	H@5 0.490606	H@10 0.515326
INFO:meta-cli.py:Epoch 66/100	test results	MRR 0.464700	H@1 0.434907	H@3 0.475112	H@5 0.495054	H@10 0.521538
INFO:meta-cli.py:Epoch 67/100	Loss 2.3744 ± 0.1008
INFO:meta-cli.py:Epoch 68/100	Loss 2.3724 ± 0.1053
INFO:meta-cli.py:Epoch 69/100	Loss 2.3701 ± 0.1010
INFO:meta-cli.py:Epoch 69/100	dev results	MRR 0.465403	H@1 0.438365	H@3 0.475445	H@5 0.491760	H@10 0.514997
INFO:meta-cli.py:Epoch 69/100	test results	MRR 0.465758	H@1 0.436662	H@3 0.475909	H@5 0.496650	H@10 0.521219
INFO:meta-cli.py:Epoch 70/100	Loss 2.3685 ± 0.0997
INFO:meta-cli.py:Epoch 71/100	Loss 2.3664 ± 0.1011
INFO:meta-cli.py:Epoch 72/100	Loss 2.3643 ± 0.0972
INFO:meta-cli.py:Epoch 72/100	dev results	MRR 0.465291	H@1 0.437047	H@3 0.476104	H@5 0.490771	H@10 0.515985
INFO:meta-cli.py:Epoch 72/100	test results	MRR 0.465906	H@1 0.436503	H@3 0.476707	H@5 0.496011	H@10 0.521378
INFO:meta-cli.py:Epoch 73/100	Loss 2.3624 ± 0.0993
INFO:meta-cli.py:Epoch 74/100	Loss 2.3606 ± 0.1039
INFO:meta-cli.py:Epoch 75/100	Loss 2.3588 ± 0.1022
INFO:meta-cli.py:Epoch 75/100	dev results	MRR 0.465982	H@1 0.437706	H@3 0.476599	H@5 0.492419	H@10 0.516315
INFO:meta-cli.py:Epoch 75/100	test results	MRR 0.466708	H@1 0.436981	H@3 0.477186	H@5 0.496490	H@10 0.522176
INFO:meta-cli.py:Epoch 76/100	Loss 2.3570 ± 0.0976
INFO:meta-cli.py:Epoch 77/100	Loss 2.3550 ± 0.0946
INFO:meta-cli.py:Epoch 78/100	Loss 2.3536 ± 0.0931
INFO:meta-cli.py:Epoch 78/100	dev results	MRR 0.466419	H@1 0.438860	H@3 0.476104	H@5 0.492254	H@10 0.516150
INFO:meta-cli.py:Epoch 78/100	test results	MRR 0.467573	H@1 0.438417	H@3 0.478302	H@5 0.498086	H@10 0.522017
INFO:meta-cli.py:Epoch 79/100	Loss 2.3518 ± 0.1009
INFO:meta-cli.py:Epoch 80/100	Loss 2.3499 ± 0.0934
INFO:meta-cli.py:Epoch 81/100	Loss 2.3481 ± 0.1012
INFO:meta-cli.py:Epoch 81/100	dev results	MRR 0.466339	H@1 0.438695	H@3 0.476269	H@5 0.492419	H@10 0.516150
INFO:meta-cli.py:Epoch 81/100	test results	MRR 0.466951	H@1 0.437460	H@3 0.477664	H@5 0.497607	H@10 0.522495
INFO:meta-cli.py:Epoch 82/100	Loss 2.3463 ± 0.1004
INFO:meta-cli.py:Epoch 83/100	Loss 2.3451 ± 0.0981
INFO:meta-cli.py:Epoch 84/100	Loss 2.3433 ± 0.1002
INFO:meta-cli.py:Epoch 84/100	dev results	MRR 0.467017	H@1 0.439684	H@3 0.476434	H@5 0.492914	H@10 0.516974
INFO:meta-cli.py:Epoch 84/100	test results	MRR 0.467818	H@1 0.438417	H@3 0.478781	H@5 0.497447	H@10 0.522495
INFO:meta-cli.py:Epoch 85/100	Loss 2.3418 ± 0.0959
INFO:meta-cli.py:Epoch 86/100	Loss 2.3406 ± 0.0979
INFO:meta-cli.py:Epoch 87/100	Loss 2.3387 ± 0.0962
INFO:meta-cli.py:Epoch 87/100	dev results	MRR 0.466591	H@1 0.439189	H@3 0.475775	H@5 0.493078	H@10 0.518787
INFO:meta-cli.py:Epoch 87/100	test results	MRR 0.468395	H@1 0.439375	H@3 0.478941	H@5 0.496969	H@10 0.524569
INFO:meta-cli.py:Epoch 88/100	Loss 2.3374 ± 0.1012
INFO:meta-cli.py:Epoch 89/100	Loss 2.3357 ± 0.0957
INFO:meta-cli.py:Epoch 90/100	Loss 2.3347 ± 0.0958
INFO:meta-cli.py:Epoch 90/100	dev results	MRR 0.467038	H@1 0.439354	H@3 0.477093	H@5 0.493078	H@10 0.518622
INFO:meta-cli.py:Epoch 90/100	test results	MRR 0.468732	H@1 0.439694	H@3 0.480057	H@5 0.498245	H@10 0.523931
INFO:meta-cli.py:Epoch 91/100	Loss 2.3333 ± 0.0971
INFO:meta-cli.py:Epoch 92/100	Loss 2.3319 ± 0.0992
INFO:meta-cli.py:Epoch 93/100	Loss 2.3308 ± 0.0918
INFO:meta-cli.py:Epoch 93/100	dev results	MRR 0.467008	H@1 0.438860	H@3 0.477093	H@5 0.493902	H@10 0.518787
INFO:meta-cli.py:Epoch 93/100	test results	MRR 0.468029	H@1 0.438417	H@3 0.478462	H@5 0.498883	H@10 0.523772
INFO:meta-cli.py:Epoch 94/100	Loss 2.3295 ± 0.0938
INFO:meta-cli.py:Epoch 95/100	Loss 2.3278 ± 0.0992
INFO:meta-cli.py:Epoch 96/100	Loss 2.3263 ± 0.0968
INFO:meta-cli.py:Epoch 96/100	dev results	MRR 0.467702	H@1 0.440178	H@3 0.477258	H@5 0.493573	H@10 0.518787
INFO:meta-cli.py:Epoch 96/100	test results	MRR 0.468598	H@1 0.439056	H@3 0.479579	H@5 0.498564	H@10 0.524410
INFO:meta-cli.py:Epoch 97/100	Loss 2.3254 ± 0.0979
INFO:meta-cli.py:Epoch 98/100	Loss 2.3239 ± 0.1034
INFO:meta-cli.py:Epoch 99/100	Loss 2.3229 ± 0.0946
INFO:meta-cli.py:Epoch 99/100	dev results	MRR 0.467279	H@1 0.439519	H@3 0.477258	H@5 0.493738	H@10 0.518293
INFO:meta-cli.py:Epoch 99/100	test results	MRR 0.468517	H@1 0.439056	H@3 0.479419	H@5 0.499362	H@10 0.523772
INFO:meta-cli.py:Epoch 100/100	Loss 2.3215 ± 0.0961
INFO:meta-cli.py:Final 	dev results	MRR 0.467696	H@1 0.439684	H@3 0.477093	H@5 0.494067	H@10 0.520105
INFO:meta-cli.py:Final 	test results	MRR 0.469154	H@1 0.439534	H@3 0.480057	H@5 0.499681	H@10 0.524729
INFO:meta-cli.py:Training finished
