./bin/meta-cli.py --train data/wn18rr/train.tsv --dev data/wn18rr/dev.tsv --test data/wn18rr/test.tsv -m complex -k 4000 -b 100 -e 100 --F2 0.001 --N3 0 -l 0.1 -I standard -V 3 -o adagrad -q
{'F2': 0.001,
 'N3': 0.0,
 'batch_size': 100,
 'dev': 'data/wn18rr/dev.tsv',
 'embedding_size': 4000,
 'epochs': 100,
 'eval_batch_size': None,
 'input_type': 'standard',
 'learning_rate': 0.1,
 'load': None,
 'model': 'complex',
 'optimizer': 'adagrad',
 'quiet': True,
 'save': None,
 'seed': 0,
 'test': 'data/wn18rr/test.tsv',
 'test_i': None,
 'test_ii': None,
 'train': 'data/wn18rr/train.tsv',
 'validate_every': 3}
INFO:meta-cli.py:Device: cuda
INFO:meta-cli.py:Model state:
INFO:meta-cli.py:	entities.weight	torch.Size([40943, 8000])
INFO:meta-cli.py:	predicates.weight	torch.Size([11, 8000])
INFO:meta-cli.py:Epoch 1/100	Loss 18.8724 ± 1.5374
INFO:meta-cli.py:Epoch 2/100	Loss 9.5868 ± 0.6224
INFO:meta-cli.py:Epoch 3/100	Loss 5.2399 ± 0.3937
INFO:meta-cli.py:Epoch 3/100	dev results	MRR 0.418139	H@1 0.391562	H@3 0.427159	H@5 0.445616	H@10 0.464568
INFO:meta-cli.py:Epoch 3/100	test results	MRR 0.422612	H@1 0.400287	H@3 0.429962	H@5 0.442246	H@10 0.461870
INFO:meta-cli.py:Epoch 4/100	Loss 4.5015 ± 0.3202
INFO:meta-cli.py:Epoch 5/100	Loss 4.1668 ± 0.3108
INFO:meta-cli.py:Epoch 6/100	Loss 3.9798 ± 0.2986
INFO:meta-cli.py:Epoch 6/100	dev results	MRR 0.430540	H@1 0.405076	H@3 0.438860	H@5 0.455834	H@10 0.478411
INFO:meta-cli.py:Epoch 6/100	test results	MRR 0.431989	H@1 0.408583	H@3 0.439056	H@5 0.449904	H@10 0.475909
INFO:meta-cli.py:Epoch 7/100	Loss 3.8478 ± 0.2851
INFO:meta-cli.py:Epoch 8/100	Loss 3.7514 ± 0.2855
INFO:meta-cli.py:Epoch 9/100	Loss 3.6729 ± 0.2721
INFO:meta-cli.py:Epoch 9/100	dev results	MRR 0.436846	H@1 0.410679	H@3 0.447264	H@5 0.462755	H@10 0.485498
INFO:meta-cli.py:Epoch 9/100	test results	MRR 0.437386	H@1 0.412253	H@3 0.445597	H@5 0.459317	H@10 0.484046
INFO:meta-cli.py:Epoch 10/100	Loss 3.6051 ± 0.2607
INFO:meta-cli.py:Epoch 11/100	Loss 3.5502 ± 0.2623
INFO:meta-cli.py:Epoch 12/100	Loss 3.5028 ± 0.2620
INFO:meta-cli.py:Epoch 12/100	dev results	MRR 0.438499	H@1 0.412327	H@3 0.448418	H@5 0.465063	H@10 0.486651
INFO:meta-cli.py:Epoch 12/100	test results	MRR 0.440575	H@1 0.415444	H@3 0.447830	H@5 0.463306	H@10 0.485482
INFO:meta-cli.py:Epoch 13/100	Loss 3.4568 ± 0.2550
INFO:meta-cli.py:Epoch 14/100	Loss 3.4176 ± 0.2535
INFO:meta-cli.py:Epoch 15/100	Loss 3.3812 ± 0.2543
INFO:meta-cli.py:Epoch 15/100	dev results	MRR 0.441137	H@1 0.414799	H@3 0.451384	H@5 0.468523	H@10 0.489288
INFO:meta-cli.py:Epoch 15/100	test results	MRR 0.441651	H@1 0.415603	H@3 0.449426	H@5 0.466337	H@10 0.489470
INFO:meta-cli.py:Epoch 16/100	Loss 3.3511 ± 0.2509
INFO:meta-cli.py:Epoch 17/100	Loss 3.3195 ± 0.2439
INFO:meta-cli.py:Epoch 18/100	Loss 3.2918 ± 0.2367
INFO:meta-cli.py:Epoch 18/100	dev results	MRR 0.443660	H@1 0.416447	H@3 0.453856	H@5 0.470336	H@10 0.492254
INFO:meta-cli.py:Epoch 18/100	test results	MRR 0.444455	H@1 0.417837	H@3 0.452936	H@5 0.468092	H@10 0.494257
INFO:meta-cli.py:Epoch 19/100	Loss 3.2654 ± 0.2414
INFO:meta-cli.py:Epoch 20/100	Loss 3.2419 ± 0.2326
INFO:meta-cli.py:Epoch 21/100	Loss 3.2188 ± 0.2299
INFO:meta-cli.py:Epoch 21/100	dev results	MRR 0.443848	H@1 0.416612	H@3 0.453856	H@5 0.470007	H@10 0.495221
INFO:meta-cli.py:Epoch 21/100	test results	MRR 0.445228	H@1 0.418315	H@3 0.454850	H@5 0.469049	H@10 0.496171
INFO:meta-cli.py:Epoch 22/100	Loss 3.1976 ± 0.2377
INFO:meta-cli.py:Epoch 23/100	Loss 3.1763 ± 0.2309
INFO:meta-cli.py:Epoch 24/100	Loss 3.1588 ± 0.2307
INFO:meta-cli.py:Epoch 24/100	dev results	MRR 0.445708	H@1 0.418425	H@3 0.454021	H@5 0.472643	H@10 0.497693
INFO:meta-cli.py:Epoch 24/100	test results	MRR 0.446471	H@1 0.419432	H@3 0.454371	H@5 0.471761	H@10 0.499043
INFO:meta-cli.py:Epoch 25/100	Loss 3.1394 ± 0.2276
INFO:meta-cli.py:Epoch 26/100	Loss 3.1220 ± 0.2287
INFO:meta-cli.py:Epoch 27/100	Loss 3.1051 ± 0.2321
INFO:meta-cli.py:Epoch 27/100	dev results	MRR 0.446625	H@1 0.418425	H@3 0.457811	H@5 0.473467	H@10 0.498352
INFO:meta-cli.py:Epoch 27/100	test results	MRR 0.447683	H@1 0.420070	H@3 0.455807	H@5 0.472240	H@10 0.502393
INFO:meta-cli.py:Epoch 28/100	Loss 3.0895 ± 0.2276
INFO:meta-cli.py:Epoch 29/100	Loss 3.0742 ± 0.2275
INFO:meta-cli.py:Epoch 30/100	Loss 3.0606 ± 0.2193
INFO:meta-cli.py:Epoch 30/100	dev results	MRR 0.447471	H@1 0.419743	H@3 0.458141	H@5 0.474127	H@10 0.499835
INFO:meta-cli.py:Epoch 30/100	test results	MRR 0.448480	H@1 0.420708	H@3 0.457403	H@5 0.474952	H@10 0.502553
INFO:meta-cli.py:Epoch 31/100	Loss 3.0460 ± 0.2257
INFO:meta-cli.py:Epoch 32/100	Loss 3.0323 ± 0.2238
INFO:meta-cli.py:Epoch 33/100	Loss 3.0199 ± 0.2211
INFO:meta-cli.py:Epoch 33/100	dev results	MRR 0.448101	H@1 0.419578	H@3 0.459130	H@5 0.476434	H@10 0.500659
INFO:meta-cli.py:Epoch 33/100	test results	MRR 0.449897	H@1 0.421985	H@3 0.458200	H@5 0.476388	H@10 0.504308
INFO:meta-cli.py:Epoch 34/100	Loss 3.0077 ± 0.2120
INFO:meta-cli.py:Epoch 35/100	Loss 2.9961 ± 0.2233
INFO:meta-cli.py:Epoch 36/100	Loss 2.9840 ± 0.2170
INFO:meta-cli.py:Epoch 36/100	dev results	MRR 0.449046	H@1 0.420732	H@3 0.460283	H@5 0.476434	H@10 0.502472
INFO:meta-cli.py:Epoch 36/100	test results	MRR 0.450408	H@1 0.422144	H@3 0.459158	H@5 0.476707	H@10 0.506382
INFO:meta-cli.py:Epoch 37/100	Loss 2.9730 ± 0.2159
INFO:meta-cli.py:Epoch 38/100	Loss 2.9622 ± 0.2251
INFO:meta-cli.py:Epoch 39/100	Loss 2.9517 ± 0.2164
INFO:meta-cli.py:Epoch 39/100	dev results	MRR 0.449452	H@1 0.421061	H@3 0.460778	H@5 0.477423	H@10 0.502637
INFO:meta-cli.py:Epoch 39/100	test results	MRR 0.450590	H@1 0.421347	H@3 0.459796	H@5 0.478462	H@10 0.507658
INFO:meta-cli.py:Epoch 40/100	Loss 2.9424 ± 0.2092
INFO:meta-cli.py:Epoch 41/100	Loss 2.9322 ± 0.2121
INFO:meta-cli.py:Epoch 42/100	Loss 2.9234 ± 0.2076
INFO:meta-cli.py:Epoch 42/100	dev results	MRR 0.449977	H@1 0.421721	H@3 0.459789	H@5 0.479071	H@10 0.502802
INFO:meta-cli.py:Epoch 42/100	test results	MRR 0.451520	H@1 0.422304	H@3 0.459636	H@5 0.480217	H@10 0.509572
INFO:meta-cli.py:Epoch 43/100	Loss 2.9146 ± 0.2092
INFO:meta-cli.py:Epoch 44/100	Loss 2.9055 ± 0.2041
INFO:meta-cli.py:Epoch 45/100	Loss 2.8974 ± 0.2029
INFO:meta-cli.py:Epoch 45/100	dev results	MRR 0.449534	H@1 0.420897	H@3 0.459624	H@5 0.477258	H@10 0.502802
INFO:meta-cli.py:Epoch 45/100	test results	MRR 0.450799	H@1 0.422144	H@3 0.459477	H@5 0.477824	H@10 0.508296
INFO:meta-cli.py:Epoch 46/100	Loss 2.8884 ± 0.2055
INFO:meta-cli.py:Epoch 47/100	Loss 2.8809 ± 0.2096
INFO:meta-cli.py:Epoch 48/100	Loss 2.8733 ± 0.2078
INFO:meta-cli.py:Epoch 48/100	dev results	MRR 0.450469	H@1 0.421391	H@3 0.461272	H@5 0.479565	H@10 0.504285
INFO:meta-cli.py:Epoch 48/100	test results	MRR 0.451646	H@1 0.421985	H@3 0.460753	H@5 0.481653	H@10 0.510849
INFO:meta-cli.py:Epoch 49/100	Loss 2.8652 ± 0.2033
INFO:meta-cli.py:Epoch 50/100	Loss 2.8577 ± 0.2050
INFO:meta-cli.py:Epoch 51/100	Loss 2.8507 ± 0.1993
INFO:meta-cli.py:Epoch 51/100	dev results	MRR 0.451180	H@1 0.422215	H@3 0.461272	H@5 0.481378	H@10 0.505603
INFO:meta-cli.py:Epoch 51/100	test results	MRR 0.452515	H@1 0.422623	H@3 0.461391	H@5 0.481812	H@10 0.511806
INFO:meta-cli.py:Epoch 52/100	Loss 2.8435 ± 0.2087
INFO:meta-cli.py:Epoch 53/100	Loss 2.8365 ± 0.1994
INFO:meta-cli.py:Epoch 54/100	Loss 2.8299 ± 0.2064
INFO:meta-cli.py:Epoch 54/100	dev results	MRR 0.451885	H@1 0.422709	H@3 0.462261	H@5 0.481048	H@10 0.505603
INFO:meta-cli.py:Epoch 54/100	test results	MRR 0.452807	H@1 0.423580	H@3 0.461710	H@5 0.480696	H@10 0.510689
INFO:meta-cli.py:Epoch 55/100	Loss 2.8235 ± 0.2086
INFO:meta-cli.py:Epoch 56/100	Loss 2.8172 ± 0.1953
INFO:meta-cli.py:Epoch 57/100	Loss 2.8109 ± 0.2097
INFO:meta-cli.py:Epoch 57/100	dev results	MRR 0.451864	H@1 0.422709	H@3 0.462096	H@5 0.480059	H@10 0.506427
INFO:meta-cli.py:Epoch 57/100	test results	MRR 0.453204	H@1 0.423421	H@3 0.462827	H@5 0.483248	H@10 0.512125
INFO:meta-cli.py:Epoch 58/100	Loss 2.8049 ± 0.2011
INFO:meta-cli.py:Epoch 59/100	Loss 2.7990 ± 0.2055
INFO:meta-cli.py:Epoch 60/100	Loss 2.7934 ± 0.1969
INFO:meta-cli.py:Epoch 60/100	dev results	MRR 0.452176	H@1 0.422709	H@3 0.462426	H@5 0.480389	H@10 0.507416
INFO:meta-cli.py:Epoch 60/100	test results	MRR 0.454315	H@1 0.424059	H@3 0.465380	H@5 0.483886	H@10 0.513880
INFO:meta-cli.py:Epoch 61/100	Loss 2.7877 ± 0.2036
INFO:meta-cli.py:Epoch 62/100	Loss 2.7817 ± 0.2010
INFO:meta-cli.py:Epoch 63/100	Loss 2.7770 ± 0.1933
INFO:meta-cli.py:Epoch 63/100	dev results	MRR 0.452254	H@1 0.423368	H@3 0.461272	H@5 0.481872	H@10 0.506427
INFO:meta-cli.py:Epoch 63/100	test results	MRR 0.453627	H@1 0.424218	H@3 0.460913	H@5 0.484365	H@10 0.512285
INFO:meta-cli.py:Epoch 64/100	Loss 2.7719 ± 0.1941
INFO:meta-cli.py:Epoch 65/100	Loss 2.7662 ± 0.1972
INFO:meta-cli.py:Epoch 66/100	Loss 2.7614 ± 0.1875
INFO:meta-cli.py:Epoch 66/100	dev results	MRR 0.453380	H@1 0.424522	H@3 0.463085	H@5 0.482531	H@10 0.508734
INFO:meta-cli.py:Epoch 66/100	test results	MRR 0.454588	H@1 0.424697	H@3 0.464422	H@5 0.484844	H@10 0.513880
INFO:meta-cli.py:Epoch 67/100	Loss 2.7561 ± 0.1972
INFO:meta-cli.py:Epoch 68/100	Loss 2.7517 ± 0.1988
INFO:meta-cli.py:Epoch 69/100	Loss 2.7468 ± 0.1980
INFO:meta-cli.py:Epoch 69/100	dev results	MRR 0.453552	H@1 0.425346	H@3 0.461931	H@5 0.481378	H@10 0.507416
INFO:meta-cli.py:Epoch 69/100	test results	MRR 0.453753	H@1 0.423421	H@3 0.463625	H@5 0.484365	H@10 0.512923
INFO:meta-cli.py:Epoch 70/100	Loss 2.7421 ± 0.1964
INFO:meta-cli.py:Epoch 71/100	Loss 2.7378 ± 0.1927
INFO:meta-cli.py:Epoch 72/100	Loss 2.7335 ± 0.1931
INFO:meta-cli.py:Epoch 72/100	dev results	MRR 0.453062	H@1 0.424028	H@3 0.462755	H@5 0.481872	H@10 0.507910
INFO:meta-cli.py:Epoch 72/100	test results	MRR 0.454369	H@1 0.423899	H@3 0.464422	H@5 0.485003	H@10 0.514518
INFO:meta-cli.py:Epoch 73/100	Loss 2.7292 ± 0.1944
INFO:meta-cli.py:Epoch 74/100	Loss 2.7242 ± 0.1933
INFO:meta-cli.py:Epoch 75/100	Loss 2.7204 ± 0.1891
INFO:meta-cli.py:Epoch 75/100	dev results	MRR 0.454328	H@1 0.425676	H@3 0.463250	H@5 0.482367	H@10 0.508075
INFO:meta-cli.py:Epoch 75/100	test results	MRR 0.455501	H@1 0.425335	H@3 0.466496	H@5 0.485801	H@10 0.514837
INFO:meta-cli.py:Epoch 76/100	Loss 2.7164 ± 0.1946
INFO:meta-cli.py:Epoch 77/100	Loss 2.7125 ± 0.1893
INFO:meta-cli.py:Epoch 78/100	Loss 2.7082 ± 0.1865
INFO:meta-cli.py:Epoch 78/100	dev results	MRR 0.453393	H@1 0.424192	H@3 0.462591	H@5 0.481872	H@10 0.508570
INFO:meta-cli.py:Epoch 78/100	test results	MRR 0.454845	H@1 0.424856	H@3 0.464582	H@5 0.486758	H@10 0.514518
INFO:meta-cli.py:Epoch 79/100	Loss 2.7042 ± 0.1856
INFO:meta-cli.py:Epoch 80/100	Loss 2.7009 ± 0.1902
INFO:meta-cli.py:Epoch 81/100	Loss 2.6966 ± 0.1933
INFO:meta-cli.py:Epoch 81/100	dev results	MRR 0.454135	H@1 0.425840	H@3 0.463415	H@5 0.481543	H@10 0.508075
INFO:meta-cli.py:Epoch 81/100	test results	MRR 0.455175	H@1 0.424537	H@3 0.464901	H@5 0.486758	H@10 0.515954
INFO:meta-cli.py:Epoch 82/100	Loss 2.6934 ± 0.1874
INFO:meta-cli.py:Epoch 83/100	Loss 2.6893 ± 0.1839
INFO:meta-cli.py:Epoch 84/100	Loss 2.6859 ± 0.1901
INFO:meta-cli.py:Epoch 84/100	dev results	MRR 0.454634	H@1 0.426005	H@3 0.463744	H@5 0.482037	H@10 0.509394
INFO:meta-cli.py:Epoch 84/100	test results	MRR 0.456390	H@1 0.426611	H@3 0.465380	H@5 0.487077	H@10 0.514997
INFO:meta-cli.py:Epoch 85/100	Loss 2.6826 ± 0.1874
INFO:meta-cli.py:Epoch 86/100	Loss 2.6793 ± 0.1862
INFO:meta-cli.py:Epoch 87/100	Loss 2.6760 ± 0.1893
INFO:meta-cli.py:Epoch 87/100	dev results	MRR 0.454202	H@1 0.424852	H@3 0.463250	H@5 0.481872	H@10 0.510218
INFO:meta-cli.py:Epoch 87/100	test results	MRR 0.456063	H@1 0.425814	H@3 0.466816	H@5 0.486439	H@10 0.515795
INFO:meta-cli.py:Epoch 88/100	Loss 2.6721 ± 0.1882
INFO:meta-cli.py:Epoch 89/100	Loss 2.6691 ± 0.1836
INFO:meta-cli.py:Epoch 90/100	Loss 2.6658 ± 0.1958
INFO:meta-cli.py:Epoch 90/100	dev results	MRR 0.454900	H@1 0.425676	H@3 0.465063	H@5 0.482861	H@10 0.510218
INFO:meta-cli.py:Epoch 90/100	test results	MRR 0.456885	H@1 0.426611	H@3 0.467135	H@5 0.487715	H@10 0.515316
INFO:meta-cli.py:Epoch 91/100	Loss 2.6625 ± 0.1887
INFO:meta-cli.py:Epoch 92/100	Loss 2.6597 ± 0.1917
INFO:meta-cli.py:Epoch 93/100	Loss 2.6569 ± 0.1863
INFO:meta-cli.py:Epoch 93/100	dev results	MRR 0.454362	H@1 0.425016	H@3 0.463415	H@5 0.481378	H@10 0.509558
INFO:meta-cli.py:Epoch 93/100	test results	MRR 0.457085	H@1 0.426930	H@3 0.467773	H@5 0.487715	H@10 0.517390
INFO:meta-cli.py:Epoch 94/100	Loss 2.6541 ± 0.1881
INFO:meta-cli.py:Epoch 95/100	Loss 2.6505 ± 0.1841
INFO:meta-cli.py:Epoch 96/100	Loss 2.6477 ± 0.1833
INFO:meta-cli.py:Epoch 96/100	dev results	MRR 0.454718	H@1 0.425511	H@3 0.463579	H@5 0.482531	H@10 0.509394
INFO:meta-cli.py:Epoch 96/100	test results	MRR 0.457361	H@1 0.427090	H@3 0.468092	H@5 0.486439	H@10 0.516911
INFO:meta-cli.py:Epoch 97/100	Loss 2.6449 ± 0.1831
INFO:meta-cli.py:Epoch 98/100	Loss 2.6419 ± 0.1878
INFO:meta-cli.py:Epoch 99/100	Loss 2.6394 ± 0.1713
INFO:meta-cli.py:Epoch 99/100	dev results	MRR 0.454557	H@1 0.425346	H@3 0.464074	H@5 0.481048	H@10 0.510712
INFO:meta-cli.py:Epoch 99/100	test results	MRR 0.456825	H@1 0.426133	H@3 0.468251	H@5 0.487556	H@10 0.517071
INFO:meta-cli.py:Epoch 100/100	Loss 2.6364 ± 0.1841
INFO:meta-cli.py:Final 	dev results	MRR 0.454661	H@1 0.425346	H@3 0.464239	H@5 0.480554	H@10 0.510547
INFO:meta-cli.py:Final 	test results	MRR 0.457320	H@1 0.426930	H@3 0.467294	H@5 0.488034	H@10 0.517549
INFO:meta-cli.py:Training finished
