./bin/meta-cli.py --train data/wn18rr/train.tsv --dev data/wn18rr/dev.tsv --test data/wn18rr/test.tsv -m complex -k 1000 -b 1000 -e 100 --F2 0.01 --N3 0 -l 0.1 -I standard -V 3 -o adagrad -q
{'F2': 0.01,
 'N3': 0.0,
 'batch_size': 1000,
 'dev': 'data/wn18rr/dev.tsv',
 'embedding_size': 1000,
 'epochs': 100,
 'eval_batch_size': None,
 'input_type': 'standard',
 'learning_rate': 0.1,
 'load': None,
 'model': 'complex',
 'optimizer': 'adagrad',
 'quiet': True,
 'save': None,
 'seed': 0,
 'test': 'data/wn18rr/test.tsv',
 'test_i': None,
 'test_ii': None,
 'train': 'data/wn18rr/train.tsv',
 'validate_every': 3}
INFO:meta-cli.py:Device: cuda
INFO:meta-cli.py:Model state:
INFO:meta-cli.py:	entities.weight	torch.Size([40943, 2000])
INFO:meta-cli.py:	predicates.weight	torch.Size([11, 2000])
INFO:meta-cli.py:Epoch 1/100	Loss 20.3782 ± 1.1812
INFO:meta-cli.py:Epoch 2/100	Loss 12.6789 ± 0.3637
INFO:meta-cli.py:Epoch 3/100	Loss 7.1875 ± 0.3693
INFO:meta-cli.py:Epoch 3/100	dev results	MRR 0.428243	H@1 0.407877	H@3 0.434740	H@5 0.445781	H@10 0.467205
INFO:meta-cli.py:Epoch 3/100	test results	MRR 0.426470	H@1 0.404914	H@3 0.431717	H@5 0.446713	H@10 0.468251
INFO:meta-cli.py:Epoch 4/100	Loss 6.0079 ± 0.2530
INFO:meta-cli.py:Epoch 5/100	Loss 5.5645 ± 0.2510
INFO:meta-cli.py:Epoch 6/100	Loss 5.3313 ± 0.2367
INFO:meta-cli.py:Epoch 6/100	dev results	MRR 0.441079	H@1 0.418095	H@3 0.449077	H@5 0.464074	H@10 0.481707
INFO:meta-cli.py:Epoch 6/100	test results	MRR 0.440020	H@1 0.417518	H@3 0.445437	H@5 0.462029	H@10 0.485482
INFO:meta-cli.py:Epoch 7/100	Loss 5.1677 ± 0.2257
INFO:meta-cli.py:Epoch 8/100	Loss 5.0469 ± 0.2259
INFO:meta-cli.py:Epoch 9/100	Loss 4.9483 ± 0.2169
INFO:meta-cli.py:Epoch 9/100	dev results	MRR 0.445963	H@1 0.421556	H@3 0.454351	H@5 0.469512	H@10 0.491595
INFO:meta-cli.py:Epoch 9/100	test results	MRR 0.446891	H@1 0.422942	H@3 0.452457	H@5 0.469528	H@10 0.495054
INFO:meta-cli.py:Epoch 10/100	Loss 4.8662 ± 0.2056
INFO:meta-cli.py:Epoch 11/100	Loss 4.7965 ± 0.2034
INFO:meta-cli.py:Epoch 12/100	Loss 4.7366 ± 0.2067
INFO:meta-cli.py:Epoch 12/100	dev results	MRR 0.449431	H@1 0.425181	H@3 0.455669	H@5 0.471655	H@10 0.495715
INFO:meta-cli.py:Epoch 12/100	test results	MRR 0.449914	H@1 0.425335	H@3 0.456126	H@5 0.473038	H@10 0.498086
INFO:meta-cli.py:Epoch 13/100	Loss 4.6814 ± 0.1920
INFO:meta-cli.py:Epoch 14/100	Loss 4.6327 ± 0.1983
INFO:meta-cli.py:Epoch 15/100	Loss 4.5883 ± 0.1900
INFO:meta-cli.py:Epoch 15/100	dev results	MRR 0.451371	H@1 0.425840	H@3 0.459130	H@5 0.474621	H@10 0.500989
INFO:meta-cli.py:Epoch 15/100	test results	MRR 0.451881	H@1 0.425973	H@3 0.460115	H@5 0.477824	H@10 0.505903
INFO:meta-cli.py:Epoch 16/100	Loss 4.5485 ± 0.1884
INFO:meta-cli.py:Epoch 17/100	Loss 4.5108 ± 0.1832
INFO:meta-cli.py:Epoch 18/100	Loss 4.4765 ± 0.1702
INFO:meta-cli.py:Epoch 18/100	dev results	MRR 0.452837	H@1 0.426664	H@3 0.460943	H@5 0.476434	H@10 0.503296
INFO:meta-cli.py:Epoch 18/100	test results	MRR 0.452574	H@1 0.425335	H@3 0.460274	H@5 0.480377	H@10 0.508137
INFO:meta-cli.py:Epoch 19/100	Loss 4.4449 ± 0.1731
INFO:meta-cli.py:Epoch 20/100	Loss 4.4152 ± 0.1712
INFO:meta-cli.py:Epoch 21/100	Loss 4.3870 ± 0.1633
INFO:meta-cli.py:Epoch 21/100	dev results	MRR 0.453960	H@1 0.427653	H@3 0.461931	H@5 0.476763	H@10 0.504614
INFO:meta-cli.py:Epoch 21/100	test results	MRR 0.453788	H@1 0.425973	H@3 0.463625	H@5 0.482451	H@10 0.509094
INFO:meta-cli.py:Epoch 22/100	Loss 4.3607 ± 0.1766
INFO:meta-cli.py:Epoch 23/100	Loss 4.3354 ± 0.1631
INFO:meta-cli.py:Epoch 24/100	Loss 4.3126 ± 0.1696
INFO:meta-cli.py:Epoch 24/100	dev results	MRR 0.455853	H@1 0.429631	H@3 0.462755	H@5 0.479565	H@10 0.507746
INFO:meta-cli.py:Epoch 24/100	test results	MRR 0.455766	H@1 0.427728	H@3 0.465699	H@5 0.484684	H@10 0.510530
INFO:meta-cli.py:Epoch 25/100	Loss 4.2891 ± 0.1623
INFO:meta-cli.py:Epoch 26/100	Loss 4.2678 ± 0.1605
INFO:meta-cli.py:Epoch 27/100	Loss 4.2474 ± 0.1620
INFO:meta-cli.py:Epoch 27/100	dev results	MRR 0.455249	H@1 0.428477	H@3 0.463415	H@5 0.481213	H@10 0.509229
INFO:meta-cli.py:Epoch 27/100	test results	MRR 0.455950	H@1 0.427250	H@3 0.465380	H@5 0.484525	H@10 0.510370
INFO:meta-cli.py:Epoch 28/100	Loss 4.2277 ± 0.1614
INFO:meta-cli.py:Epoch 29/100	Loss 4.2090 ± 0.1596
INFO:meta-cli.py:Epoch 30/100	Loss 4.1913 ± 0.1445
INFO:meta-cli.py:Epoch 30/100	dev results	MRR 0.457577	H@1 0.431444	H@3 0.465227	H@5 0.483191	H@10 0.509888
INFO:meta-cli.py:Epoch 30/100	test results	MRR 0.457662	H@1 0.429324	H@3 0.467294	H@5 0.486599	H@10 0.512125
INFO:meta-cli.py:Epoch 31/100	Loss 4.1733 ± 0.1538
INFO:meta-cli.py:Epoch 32/100	Loss 4.1568 ± 0.1540
INFO:meta-cli.py:Epoch 33/100	Loss 4.1406 ± 0.1520
INFO:meta-cli.py:Epoch 33/100	dev results	MRR 0.456831	H@1 0.430125	H@3 0.465227	H@5 0.483191	H@10 0.510712
INFO:meta-cli.py:Epoch 33/100	test results	MRR 0.457219	H@1 0.428207	H@3 0.466816	H@5 0.486280	H@10 0.513242
INFO:meta-cli.py:Epoch 34/100	Loss 4.1256 ± 0.1422
INFO:meta-cli.py:Epoch 35/100	Loss 4.1102 ± 0.1481
INFO:meta-cli.py:Epoch 36/100	Loss 4.0956 ± 0.1380
INFO:meta-cli.py:Epoch 36/100	dev results	MRR 0.458073	H@1 0.431114	H@3 0.467040	H@5 0.485168	H@10 0.511371
INFO:meta-cli.py:Epoch 36/100	test results	MRR 0.458167	H@1 0.429164	H@3 0.467773	H@5 0.487556	H@10 0.514518
INFO:meta-cli.py:Epoch 37/100	Loss 4.0817 ± 0.1421
INFO:meta-cli.py:Epoch 38/100	Loss 4.0683 ± 0.1463
INFO:meta-cli.py:Epoch 39/100	Loss 4.0548 ± 0.1425
INFO:meta-cli.py:Epoch 39/100	dev results	MRR 0.457780	H@1 0.430620	H@3 0.466546	H@5 0.485662	H@10 0.512525
INFO:meta-cli.py:Epoch 39/100	test results	MRR 0.458152	H@1 0.429164	H@3 0.467294	H@5 0.486599	H@10 0.516592
INFO:meta-cli.py:Epoch 40/100	Loss 4.0422 ± 0.1374
INFO:meta-cli.py:Epoch 41/100	Loss 4.0300 ± 0.1385
INFO:meta-cli.py:Epoch 42/100	Loss 4.0172 ± 0.1341
INFO:meta-cli.py:Epoch 42/100	dev results	MRR 0.457404	H@1 0.429631	H@3 0.467205	H@5 0.485662	H@10 0.512360
INFO:meta-cli.py:Epoch 42/100	test results	MRR 0.458875	H@1 0.430121	H@3 0.467294	H@5 0.486599	H@10 0.517390
INFO:meta-cli.py:Epoch 43/100	Loss 4.0058 ± 0.1339
INFO:meta-cli.py:Epoch 44/100	Loss 3.9944 ± 0.1329
INFO:meta-cli.py:Epoch 45/100	Loss 3.9834 ± 0.1251
INFO:meta-cli.py:Epoch 45/100	dev results	MRR 0.458251	H@1 0.430620	H@3 0.467535	H@5 0.486322	H@10 0.512525
INFO:meta-cli.py:Epoch 45/100	test results	MRR 0.458761	H@1 0.429643	H@3 0.467932	H@5 0.487875	H@10 0.517230
INFO:meta-cli.py:Epoch 46/100	Loss 3.9722 ± 0.1269
INFO:meta-cli.py:Epoch 47/100	Loss 3.9618 ± 0.1359
INFO:meta-cli.py:Epoch 48/100	Loss 3.9514 ± 0.1346
INFO:meta-cli.py:Epoch 48/100	dev results	MRR 0.457831	H@1 0.429796	H@3 0.467699	H@5 0.485662	H@10 0.512690
INFO:meta-cli.py:Epoch 48/100	test results	MRR 0.459098	H@1 0.430440	H@3 0.468092	H@5 0.487077	H@10 0.515954
INFO:meta-cli.py:Epoch 49/100	Loss 3.9411 ± 0.1223
INFO:meta-cli.py:Epoch 50/100	Loss 3.9315 ± 0.1350
INFO:meta-cli.py:Epoch 51/100	Loss 3.9219 ± 0.1238
INFO:meta-cli.py:Epoch 51/100	dev results	MRR 0.458052	H@1 0.429466	H@3 0.468853	H@5 0.487310	H@10 0.514008
INFO:meta-cli.py:Epoch 51/100	test results	MRR 0.459122	H@1 0.429962	H@3 0.468251	H@5 0.487715	H@10 0.517709
INFO:meta-cli.py:Epoch 52/100	Loss 3.9125 ± 0.1320
INFO:meta-cli.py:Epoch 53/100	Loss 3.9030 ± 0.1243
INFO:meta-cli.py:Epoch 54/100	Loss 3.8946 ± 0.1309
INFO:meta-cli.py:Epoch 54/100	dev results	MRR 0.458787	H@1 0.430455	H@3 0.469183	H@5 0.486816	H@10 0.514008
INFO:meta-cli.py:Epoch 54/100	test results	MRR 0.459068	H@1 0.429004	H@3 0.469687	H@5 0.487875	H@10 0.516114
INFO:meta-cli.py:Epoch 55/100	Loss 3.8854 ± 0.1327
INFO:meta-cli.py:Epoch 56/100	Loss 3.8767 ± 0.1230
INFO:meta-cli.py:Epoch 57/100	Loss 3.8685 ± 0.1308
INFO:meta-cli.py:Epoch 57/100	dev results	MRR 0.458274	H@1 0.429631	H@3 0.468688	H@5 0.487640	H@10 0.513019
INFO:meta-cli.py:Epoch 57/100	test results	MRR 0.459047	H@1 0.429324	H@3 0.469209	H@5 0.487875	H@10 0.517230
INFO:meta-cli.py:Epoch 58/100	Loss 3.8600 ± 0.1243
INFO:meta-cli.py:Epoch 59/100	Loss 3.8520 ± 0.1243
INFO:meta-cli.py:Epoch 60/100	Loss 3.8440 ± 0.1199
INFO:meta-cli.py:Epoch 60/100	dev results	MRR 0.458563	H@1 0.430125	H@3 0.468194	H@5 0.486486	H@10 0.512360
INFO:meta-cli.py:Epoch 60/100	test results	MRR 0.460339	H@1 0.431717	H@3 0.468571	H@5 0.488354	H@10 0.517390
INFO:meta-cli.py:Epoch 61/100	Loss 3.8361 ± 0.1302
INFO:meta-cli.py:Epoch 62/100	Loss 3.8283 ± 0.1188
INFO:meta-cli.py:Epoch 63/100	Loss 3.8211 ± 0.1066
INFO:meta-cli.py:Epoch 63/100	dev results	MRR 0.458610	H@1 0.429960	H@3 0.467864	H@5 0.486981	H@10 0.513843
INFO:meta-cli.py:Epoch 63/100	test results	MRR 0.459132	H@1 0.429483	H@3 0.467773	H@5 0.486758	H@10 0.517869
INFO:meta-cli.py:Epoch 64/100	Loss 3.8137 ± 0.1105
INFO:meta-cli.py:Epoch 65/100	Loss 3.8062 ± 0.1166
INFO:meta-cli.py:Epoch 66/100	Loss 3.7993 ± 0.1120
INFO:meta-cli.py:Epoch 66/100	dev results	MRR 0.458417	H@1 0.429960	H@3 0.467370	H@5 0.486981	H@10 0.512030
INFO:meta-cli.py:Epoch 66/100	test results	MRR 0.459352	H@1 0.429643	H@3 0.469368	H@5 0.487875	H@10 0.517230
INFO:meta-cli.py:Epoch 67/100	Loss 3.7923 ± 0.1189
INFO:meta-cli.py:Epoch 68/100	Loss 3.7856 ± 0.1171
INFO:meta-cli.py:Epoch 69/100	Loss 3.7786 ± 0.1201
INFO:meta-cli.py:Epoch 69/100	dev results	MRR 0.458145	H@1 0.429466	H@3 0.467864	H@5 0.486157	H@10 0.512360
INFO:meta-cli.py:Epoch 69/100	test results	MRR 0.459053	H@1 0.429483	H@3 0.468251	H@5 0.487556	H@10 0.517549
INFO:meta-cli.py:Epoch 70/100	Loss 3.7720 ± 0.1169
INFO:meta-cli.py:Epoch 71/100	Loss 3.7653 ± 0.1103
INFO:meta-cli.py:Epoch 72/100	Loss 3.7593 ± 0.1133
INFO:meta-cli.py:Epoch 72/100	dev results	MRR 0.458347	H@1 0.429796	H@3 0.468359	H@5 0.485992	H@10 0.512360
INFO:meta-cli.py:Epoch 72/100	test results	MRR 0.459191	H@1 0.430281	H@3 0.468251	H@5 0.486439	H@10 0.517549
INFO:meta-cli.py:Epoch 73/100	Loss 3.7530 ± 0.1105
INFO:meta-cli.py:Epoch 74/100	Loss 3.7467 ± 0.1105
INFO:meta-cli.py:Epoch 75/100	Loss 3.7406 ± 0.1082
INFO:meta-cli.py:Epoch 75/100	dev results	MRR 0.458427	H@1 0.429466	H@3 0.468359	H@5 0.486157	H@10 0.511536
INFO:meta-cli.py:Epoch 75/100	test results	MRR 0.459242	H@1 0.430121	H@3 0.468571	H@5 0.486918	H@10 0.517709
INFO:meta-cli.py:Epoch 76/100	Loss 3.7345 ± 0.1104
INFO:meta-cli.py:Epoch 77/100	Loss 3.7286 ± 0.1080
INFO:meta-cli.py:Epoch 78/100	Loss 3.7230 ± 0.1104
INFO:meta-cli.py:Epoch 78/100	dev results	MRR 0.458354	H@1 0.429796	H@3 0.467699	H@5 0.485168	H@10 0.510382
INFO:meta-cli.py:Epoch 78/100	test results	MRR 0.459013	H@1 0.429802	H@3 0.468890	H@5 0.487077	H@10 0.517071
INFO:meta-cli.py:Epoch 79/100	Loss 3.7167 ± 0.1011
INFO:meta-cli.py:Epoch 80/100	Loss 3.7111 ± 0.1063
INFO:meta-cli.py:Epoch 81/100	Loss 3.7059 ± 0.1132
INFO:meta-cli.py:Epoch 81/100	dev results	MRR 0.457830	H@1 0.429136	H@3 0.467864	H@5 0.485992	H@10 0.510053
INFO:meta-cli.py:Epoch 81/100	test results	MRR 0.458249	H@1 0.428047	H@3 0.469049	H@5 0.488194	H@10 0.516273
INFO:meta-cli.py:Epoch 82/100	Loss 3.7005 ± 0.1065
INFO:meta-cli.py:Epoch 83/100	Loss 3.6948 ± 0.1028
INFO:meta-cli.py:Epoch 84/100	Loss 3.6896 ± 0.1086
INFO:meta-cli.py:Epoch 84/100	dev results	MRR 0.457955	H@1 0.429301	H@3 0.467535	H@5 0.485333	H@10 0.511042
INFO:meta-cli.py:Epoch 84/100	test results	MRR 0.458511	H@1 0.428685	H@3 0.468890	H@5 0.487556	H@10 0.516114
INFO:meta-cli.py:Epoch 85/100	Loss 3.6842 ± 0.1064
INFO:meta-cli.py:Epoch 86/100	Loss 3.6792 ± 0.1072
INFO:meta-cli.py:Epoch 87/100	Loss 3.6740 ± 0.1006
INFO:meta-cli.py:Epoch 87/100	dev results	MRR 0.457705	H@1 0.429136	H@3 0.466875	H@5 0.485662	H@10 0.510547
INFO:meta-cli.py:Epoch 87/100	test results	MRR 0.458273	H@1 0.428207	H@3 0.468890	H@5 0.487556	H@10 0.517071
INFO:meta-cli.py:Epoch 88/100	Loss 3.6691 ± 0.1001
INFO:meta-cli.py:Epoch 89/100	Loss 3.6642 ± 0.0969
INFO:meta-cli.py:Epoch 90/100	Loss 3.6594 ± 0.1144
INFO:meta-cli.py:Epoch 90/100	dev results	MRR 0.456869	H@1 0.427983	H@3 0.466381	H@5 0.485498	H@10 0.510382
INFO:meta-cli.py:Epoch 90/100	test results	MRR 0.458456	H@1 0.428685	H@3 0.468890	H@5 0.488194	H@10 0.515954
INFO:meta-cli.py:Epoch 91/100	Loss 3.6543 ± 0.0998
INFO:meta-cli.py:Epoch 92/100	Loss 3.6496 ± 0.1074
INFO:meta-cli.py:Epoch 93/100	Loss 3.6449 ± 0.1041
INFO:meta-cli.py:Epoch 93/100	dev results	MRR 0.457434	H@1 0.428972	H@3 0.466051	H@5 0.485498	H@10 0.510547
INFO:meta-cli.py:Epoch 93/100	test results	MRR 0.458698	H@1 0.429164	H@3 0.468251	H@5 0.488992	H@10 0.515475
INFO:meta-cli.py:Epoch 94/100	Loss 3.6404 ± 0.1001
INFO:meta-cli.py:Epoch 95/100	Loss 3.6356 ± 0.1008
INFO:meta-cli.py:Epoch 96/100	Loss 3.6311 ± 0.0993
INFO:meta-cli.py:Epoch 96/100	dev results	MRR 0.457228	H@1 0.428642	H@3 0.466216	H@5 0.486322	H@10 0.510877
INFO:meta-cli.py:Epoch 96/100	test results	MRR 0.458124	H@1 0.428366	H@3 0.467454	H@5 0.488832	H@10 0.514997
INFO:meta-cli.py:Epoch 97/100	Loss 3.6267 ± 0.0990
INFO:meta-cli.py:Epoch 98/100	Loss 3.6224 ± 0.1091
INFO:meta-cli.py:Epoch 99/100	Loss 3.6178 ± 0.0875
INFO:meta-cli.py:Epoch 99/100	dev results	MRR 0.456993	H@1 0.428477	H@3 0.466216	H@5 0.485498	H@10 0.510712
INFO:meta-cli.py:Epoch 99/100	test results	MRR 0.458056	H@1 0.428366	H@3 0.468571	H@5 0.487875	H@10 0.514678
INFO:meta-cli.py:Epoch 100/100	Loss 3.6136 ± 0.1070
INFO:meta-cli.py:Final 	dev results	MRR 0.457482	H@1 0.429301	H@3 0.465887	H@5 0.486486	H@10 0.510712
INFO:meta-cli.py:Final 	test results	MRR 0.457723	H@1 0.427888	H@3 0.468411	H@5 0.487237	H@10 0.514997
INFO:meta-cli.py:Training finished
