./bin/meta-cli.py --train data/wn18rr/train.tsv --dev data/wn18rr/dev.tsv --test data/wn18rr/test.tsv -m complex -k 1000 -b 500 -e 100 --F2 0 --N3 0.1 -l 0.1 -I standard -V 3 -o adagrad -q
{'F2': 0.0,
 'N3': 0.1,
 'batch_size': 500,
 'dev': 'data/wn18rr/dev.tsv',
 'embedding_size': 1000,
 'epochs': 100,
 'eval_batch_size': None,
 'input_type': 'standard',
 'learning_rate': 0.1,
 'load': None,
 'model': 'complex',
 'optimizer': 'adagrad',
 'quiet': True,
 'save': None,
 'seed': 0,
 'test': 'data/wn18rr/test.tsv',
 'test_i': None,
 'test_ii': None,
 'train': 'data/wn18rr/train.tsv',
 'validate_every': 3}
INFO:meta-cli.py:Device: cuda
INFO:meta-cli.py:Model state:
INFO:meta-cli.py:	entities.weight	torch.Size([40943, 2000])
INFO:meta-cli.py:	predicates.weight	torch.Size([11, 2000])
INFO:meta-cli.py:Epoch 1/100	Loss 24.9334 ± 2.2007
INFO:meta-cli.py:Epoch 2/100	Loss 17.6838 ± 0.6002
INFO:meta-cli.py:Epoch 3/100	Loss 11.8582 ± 0.3709
INFO:meta-cli.py:Epoch 3/100	dev results	MRR 0.440134	H@1 0.401285	H@3 0.455175	H@5 0.478741	H@10 0.512195
INFO:meta-cli.py:Epoch 3/100	test results	MRR 0.443075	H@1 0.404595	H@3 0.458679	H@5 0.481653	H@10 0.514518
INFO:meta-cli.py:Epoch 4/100	Loss 9.8962 ± 0.3021
INFO:meta-cli.py:Epoch 5/100	Loss 9.1722 ± 0.2928
INFO:meta-cli.py:Epoch 6/100	Loss 8.7704 ± 0.2785
INFO:meta-cli.py:Epoch 6/100	dev results	MRR 0.462157	H@1 0.427488	H@3 0.471160	H@5 0.493573	H@10 0.534937
INFO:meta-cli.py:Epoch 6/100	test results	MRR 0.462722	H@1 0.424537	H@3 0.472719	H@5 0.500957	H@10 0.540842
INFO:meta-cli.py:Epoch 7/100	Loss 8.5005 ± 0.2763
INFO:meta-cli.py:Epoch 8/100	Loss 8.3099 ± 0.2758
INFO:meta-cli.py:Epoch 9/100	Loss 8.1623 ± 0.2616
INFO:meta-cli.py:Epoch 9/100	dev results	MRR 0.468845	H@1 0.432103	H@3 0.478576	H@5 0.503955	H@10 0.543013
INFO:meta-cli.py:Epoch 9/100	test results	MRR 0.470612	H@1 0.432195	H@3 0.481653	H@5 0.508456	H@10 0.550255
INFO:meta-cli.py:Epoch 10/100	Loss 8.0471 ± 0.2556
INFO:meta-cli.py:Epoch 11/100	Loss 7.9543 ± 0.2458
INFO:meta-cli.py:Epoch 12/100	Loss 7.8777 ± 0.2537
INFO:meta-cli.py:Epoch 12/100	dev results	MRR 0.472284	H@1 0.436882	H@3 0.479565	H@5 0.503790	H@10 0.544990
INFO:meta-cli.py:Epoch 12/100	test results	MRR 0.471645	H@1 0.431238	H@3 0.484046	H@5 0.512125	H@10 0.553925
INFO:meta-cli.py:Epoch 13/100	Loss 7.8106 ± 0.2336
INFO:meta-cli.py:Epoch 14/100	Loss 7.7541 ± 0.2398
INFO:meta-cli.py:Epoch 15/100	Loss 7.7042 ± 0.2370
INFO:meta-cli.py:Epoch 15/100	dev results	MRR 0.473814	H@1 0.437047	H@3 0.483026	H@5 0.508075	H@10 0.549769
INFO:meta-cli.py:Epoch 15/100	test results	MRR 0.473155	H@1 0.431876	H@3 0.487237	H@5 0.513401	H@10 0.557913
INFO:meta-cli.py:Epoch 16/100	Loss 7.6612 ± 0.2308
INFO:meta-cli.py:Epoch 17/100	Loss 7.6225 ± 0.2259
INFO:meta-cli.py:Epoch 18/100	Loss 7.5881 ± 0.2123
INFO:meta-cli.py:Epoch 18/100	dev results	MRR 0.472984	H@1 0.435234	H@3 0.481378	H@5 0.510382	H@10 0.551747
INFO:meta-cli.py:Epoch 18/100	test results	MRR 0.472478	H@1 0.429643	H@3 0.487237	H@5 0.517709	H@10 0.561423
INFO:meta-cli.py:Epoch 19/100	Loss 7.5570 ± 0.2127
INFO:meta-cli.py:Epoch 20/100	Loss 7.5293 ± 0.2067
INFO:meta-cli.py:Epoch 21/100	Loss 7.5036 ± 0.2018
INFO:meta-cli.py:Epoch 21/100	dev results	MRR 0.473565	H@1 0.434245	H@3 0.485003	H@5 0.513349	H@10 0.551088
INFO:meta-cli.py:Epoch 21/100	test results	MRR 0.473084	H@1 0.430600	H@3 0.487396	H@5 0.516433	H@10 0.559828
INFO:meta-cli.py:Epoch 22/100	Loss 7.4795 ± 0.2156
INFO:meta-cli.py:Epoch 23/100	Loss 7.4568 ± 0.2026
INFO:meta-cli.py:Epoch 24/100	Loss 7.4378 ± 0.2050
INFO:meta-cli.py:Epoch 24/100	dev results	MRR 0.475272	H@1 0.435893	H@3 0.487475	H@5 0.514338	H@10 0.551417
INFO:meta-cli.py:Epoch 24/100	test results	MRR 0.474135	H@1 0.432036	H@3 0.487715	H@5 0.516592	H@10 0.561583
INFO:meta-cli.py:Epoch 25/100	Loss 7.4184 ± 0.1977
INFO:meta-cli.py:Epoch 26/100	Loss 7.4006 ± 0.1948
INFO:meta-cli.py:Epoch 27/100	Loss 7.3843 ± 0.2022
INFO:meta-cli.py:Epoch 27/100	dev results	MRR 0.472765	H@1 0.431938	H@3 0.485662	H@5 0.515985	H@10 0.553230
INFO:meta-cli.py:Epoch 27/100	test results	MRR 0.473832	H@1 0.430759	H@3 0.486280	H@5 0.518028	H@10 0.561742
INFO:meta-cli.py:Epoch 28/100	Loss 7.3692 ± 0.1965
INFO:meta-cli.py:Epoch 29/100	Loss 7.3546 ± 0.1966
INFO:meta-cli.py:Epoch 30/100	Loss 7.3419 ± 0.1781
INFO:meta-cli.py:Epoch 30/100	dev results	MRR 0.475865	H@1 0.436882	H@3 0.486157	H@5 0.516645	H@10 0.554384
INFO:meta-cli.py:Epoch 30/100	test results	MRR 0.475609	H@1 0.433472	H@3 0.489311	H@5 0.518826	H@10 0.561902
INFO:meta-cli.py:Epoch 31/100	Loss 7.3281 ± 0.1922
INFO:meta-cli.py:Epoch 32/100	Loss 7.3158 ± 0.1911
INFO:meta-cli.py:Epoch 33/100	Loss 7.3047 ± 0.1878
INFO:meta-cli.py:Epoch 33/100	dev results	MRR 0.474419	H@1 0.433916	H@3 0.486322	H@5 0.516150	H@10 0.553230
INFO:meta-cli.py:Epoch 33/100	test results	MRR 0.473463	H@1 0.429324	H@3 0.487556	H@5 0.518826	H@10 0.563816
INFO:meta-cli.py:Epoch 34/100	Loss 7.2938 ± 0.1802
INFO:meta-cli.py:Epoch 35/100	Loss 7.2834 ± 0.1824
INFO:meta-cli.py:Epoch 36/100	Loss 7.2731 ± 0.1763
INFO:meta-cli.py:Epoch 36/100	dev results	MRR 0.475378	H@1 0.435728	H@3 0.485662	H@5 0.515491	H@10 0.555867
INFO:meta-cli.py:Epoch 36/100	test results	MRR 0.474612	H@1 0.430121	H@3 0.488354	H@5 0.521378	H@10 0.563497
INFO:meta-cli.py:Epoch 37/100	Loss 7.2636 ± 0.1769
INFO:meta-cli.py:Epoch 38/100	Loss 7.2548 ± 0.1864
INFO:meta-cli.py:Epoch 39/100	Loss 7.2459 ± 0.1796
INFO:meta-cli.py:Epoch 39/100	dev results	MRR 0.474929	H@1 0.434740	H@3 0.486157	H@5 0.516974	H@10 0.555702
INFO:meta-cli.py:Epoch 39/100	test results	MRR 0.475940	H@1 0.433631	H@3 0.486918	H@5 0.519783	H@10 0.564135
INFO:meta-cli.py:Epoch 40/100	Loss 7.2380 ± 0.1710
INFO:meta-cli.py:Epoch 41/100	Loss 7.2301 ± 0.1747
INFO:meta-cli.py:Epoch 42/100	Loss 7.2222 ± 0.1658
INFO:meta-cli.py:Epoch 42/100	dev results	MRR 0.475958	H@1 0.435069	H@3 0.488794	H@5 0.517798	H@10 0.557020
INFO:meta-cli.py:Epoch 42/100	test results	MRR 0.475336	H@1 0.432195	H@3 0.488673	H@5 0.520421	H@10 0.563497
INFO:meta-cli.py:Epoch 43/100	Loss 7.2148 ± 0.1695
INFO:meta-cli.py:Epoch 44/100	Loss 7.2078 ± 0.1685
INFO:meta-cli.py:Epoch 45/100	Loss 7.2011 ± 0.1557
INFO:meta-cli.py:Epoch 45/100	dev results	MRR 0.475306	H@1 0.434410	H@3 0.486981	H@5 0.516315	H@10 0.555867
INFO:meta-cli.py:Epoch 45/100	test results	MRR 0.475436	H@1 0.431876	H@3 0.491066	H@5 0.519304	H@10 0.563178
INFO:meta-cli.py:Epoch 46/100	Loss 7.1943 ± 0.1638
INFO:meta-cli.py:Epoch 47/100	Loss 7.1881 ± 0.1700
INFO:meta-cli.py:Epoch 48/100	Loss 7.1820 ± 0.1681
INFO:meta-cli.py:Epoch 48/100	dev results	MRR 0.475272	H@1 0.434080	H@3 0.488629	H@5 0.516315	H@10 0.558009
INFO:meta-cli.py:Epoch 48/100	test results	MRR 0.475513	H@1 0.432036	H@3 0.489949	H@5 0.519943	H@10 0.564773
INFO:meta-cli.py:Epoch 49/100	Loss 7.1755 ± 0.1559
INFO:meta-cli.py:Epoch 50/100	Loss 7.1700 ± 0.1676
INFO:meta-cli.py:Epoch 51/100	Loss 7.1645 ± 0.1562
INFO:meta-cli.py:Epoch 51/100	dev results	MRR 0.475421	H@1 0.434245	H@3 0.488794	H@5 0.517304	H@10 0.557515
INFO:meta-cli.py:Epoch 51/100	test results	MRR 0.475858	H@1 0.432036	H@3 0.490268	H@5 0.521378	H@10 0.564295
INFO:meta-cli.py:Epoch 52/100	Loss 7.1593 ± 0.1702
INFO:meta-cli.py:Epoch 53/100	Loss 7.1539 ± 0.1603
INFO:meta-cli.py:Epoch 54/100	Loss 7.1496 ± 0.1695
INFO:meta-cli.py:Epoch 54/100	dev results	MRR 0.475845	H@1 0.434080	H@3 0.487970	H@5 0.517963	H@10 0.559163
INFO:meta-cli.py:Epoch 54/100	test results	MRR 0.476213	H@1 0.432674	H@3 0.488673	H@5 0.523293	H@10 0.563816
INFO:meta-cli.py:Epoch 55/100	Loss 7.1442 ± 0.1704
INFO:meta-cli.py:Epoch 56/100	Loss 7.1392 ± 0.1588
INFO:meta-cli.py:Epoch 57/100	Loss 7.1349 ± 0.1674
INFO:meta-cli.py:Epoch 57/100	dev results	MRR 0.475712	H@1 0.434904	H@3 0.486651	H@5 0.516645	H@10 0.556691
INFO:meta-cli.py:Epoch 57/100	test results	MRR 0.475831	H@1 0.432514	H@3 0.489789	H@5 0.521538	H@10 0.565093
INFO:meta-cli.py:Epoch 58/100	Loss 7.1298 ± 0.1576
INFO:meta-cli.py:Epoch 59/100	Loss 7.1260 ± 0.1565
INFO:meta-cli.py:Epoch 60/100	Loss 7.1214 ± 0.1563
INFO:meta-cli.py:Epoch 60/100	dev results	MRR 0.475467	H@1 0.433916	H@3 0.487146	H@5 0.516974	H@10 0.557020
INFO:meta-cli.py:Epoch 60/100	test results	MRR 0.476663	H@1 0.433472	H@3 0.490268	H@5 0.521698	H@10 0.564614
INFO:meta-cli.py:Epoch 61/100	Loss 7.1170 ± 0.1643
INFO:meta-cli.py:Epoch 62/100	Loss 7.1130 ± 0.1501
INFO:meta-cli.py:Epoch 63/100	Loss 7.1093 ± 0.1416
INFO:meta-cli.py:Epoch 63/100	dev results	MRR 0.475663	H@1 0.434245	H@3 0.487475	H@5 0.515821	H@10 0.558009
INFO:meta-cli.py:Epoch 63/100	test results	MRR 0.475773	H@1 0.431717	H@3 0.490906	H@5 0.522336	H@10 0.563019
INFO:meta-cli.py:Epoch 64/100	Loss 7.1057 ± 0.1478
INFO:meta-cli.py:Epoch 65/100	Loss 7.1013 ± 0.1537
INFO:meta-cli.py:Epoch 66/100	Loss 7.0980 ± 0.1481
INFO:meta-cli.py:Epoch 66/100	dev results	MRR 0.475685	H@1 0.434575	H@3 0.486486	H@5 0.517304	H@10 0.557680
INFO:meta-cli.py:Epoch 66/100	test results	MRR 0.477062	H@1 0.434429	H@3 0.489789	H@5 0.523931	H@10 0.563178
INFO:meta-cli.py:Epoch 67/100	Loss 7.0945 ± 0.1549
INFO:meta-cli.py:Epoch 68/100	Loss 7.0909 ± 0.1493
INFO:meta-cli.py:Epoch 69/100	Loss 7.0874 ± 0.1572
INFO:meta-cli.py:Epoch 69/100	dev results	MRR 0.476609	H@1 0.435893	H@3 0.488134	H@5 0.517633	H@10 0.557020
INFO:meta-cli.py:Epoch 69/100	test results	MRR 0.476400	H@1 0.433312	H@3 0.488513	H@5 0.522336	H@10 0.564295
INFO:meta-cli.py:Epoch 70/100	Loss 7.0838 ± 0.1523
INFO:meta-cli.py:Epoch 71/100	Loss 7.0807 ± 0.1455
INFO:meta-cli.py:Epoch 72/100	Loss 7.0778 ± 0.1458
INFO:meta-cli.py:Epoch 72/100	dev results	MRR 0.478100	H@1 0.438036	H@3 0.487640	H@5 0.518952	H@10 0.557844
INFO:meta-cli.py:Epoch 72/100	test results	MRR 0.477040	H@1 0.433791	H@3 0.489789	H@5 0.522974	H@10 0.565252
INFO:meta-cli.py:Epoch 73/100	Loss 7.0746 ± 0.1443
INFO:meta-cli.py:Epoch 74/100	Loss 7.0713 ± 0.1419
INFO:meta-cli.py:Epoch 75/100	Loss 7.0685 ± 0.1379
INFO:meta-cli.py:Epoch 75/100	dev results	MRR 0.477029	H@1 0.435399	H@3 0.489123	H@5 0.519281	H@10 0.558504
INFO:meta-cli.py:Epoch 75/100	test results	MRR 0.476951	H@1 0.432993	H@3 0.491544	H@5 0.523452	H@10 0.565093
INFO:meta-cli.py:Epoch 76/100	Loss 7.0654 ± 0.1481
INFO:meta-cli.py:Epoch 77/100	Loss 7.0627 ± 0.1402
INFO:meta-cli.py:Epoch 78/100	Loss 7.0599 ± 0.1456
INFO:meta-cli.py:Epoch 78/100	dev results	MRR 0.476175	H@1 0.434410	H@3 0.487146	H@5 0.519117	H@10 0.559163
INFO:meta-cli.py:Epoch 78/100	test results	MRR 0.477139	H@1 0.433312	H@3 0.490587	H@5 0.523293	H@10 0.565571
INFO:meta-cli.py:Epoch 79/100	Loss 7.0568 ± 0.1373
INFO:meta-cli.py:Epoch 80/100	Loss 7.0539 ± 0.1423
INFO:meta-cli.py:Epoch 81/100	Loss 7.0518 ± 0.1465
INFO:meta-cli.py:Epoch 81/100	dev results	MRR 0.477511	H@1 0.437047	H@3 0.487640	H@5 0.518787	H@10 0.557185
INFO:meta-cli.py:Epoch 81/100	test results	MRR 0.477123	H@1 0.433631	H@3 0.490428	H@5 0.523293	H@10 0.564933
INFO:meta-cli.py:Epoch 82/100	Loss 7.0493 ± 0.1393
INFO:meta-cli.py:Epoch 83/100	Loss 7.0468 ± 0.1407
INFO:meta-cli.py:Epoch 84/100	Loss 7.0439 ± 0.1458
INFO:meta-cli.py:Epoch 84/100	dev results	MRR 0.478094	H@1 0.437871	H@3 0.487475	H@5 0.519446	H@10 0.561140
INFO:meta-cli.py:Epoch 84/100	test results	MRR 0.476978	H@1 0.433312	H@3 0.491863	H@5 0.523931	H@10 0.563976
INFO:meta-cli.py:Epoch 85/100	Loss 7.0415 ± 0.1450
INFO:meta-cli.py:Epoch 86/100	Loss 7.0393 ± 0.1437
INFO:meta-cli.py:Epoch 87/100	Loss 7.0369 ± 0.1356
INFO:meta-cli.py:Epoch 87/100	dev results	MRR 0.477295	H@1 0.436388	H@3 0.487475	H@5 0.519776	H@10 0.559328
INFO:meta-cli.py:Epoch 87/100	test results	MRR 0.476977	H@1 0.432674	H@3 0.493459	H@5 0.524410	H@10 0.564454
INFO:meta-cli.py:Epoch 88/100	Loss 7.0343 ± 0.1357
INFO:meta-cli.py:Epoch 89/100	Loss 7.0323 ± 0.1315
INFO:meta-cli.py:Epoch 90/100	Loss 7.0301 ± 0.1520
INFO:meta-cli.py:Epoch 90/100	dev results	MRR 0.477413	H@1 0.436058	H@3 0.487970	H@5 0.521259	H@10 0.559328
INFO:meta-cli.py:Epoch 90/100	test results	MRR 0.477435	H@1 0.432833	H@3 0.492661	H@5 0.524729	H@10 0.564614
INFO:meta-cli.py:Epoch 91/100	Loss 7.0274 ± 0.1324
INFO:meta-cli.py:Epoch 92/100	Loss 7.0255 ± 0.1416
INFO:meta-cli.py:Epoch 93/100	Loss 7.0236 ± 0.1375
INFO:meta-cli.py:Epoch 93/100	dev results	MRR 0.477367	H@1 0.436223	H@3 0.487640	H@5 0.518622	H@10 0.558174
INFO:meta-cli.py:Epoch 93/100	test results	MRR 0.477588	H@1 0.433472	H@3 0.490747	H@5 0.524250	H@10 0.564933
INFO:meta-cli.py:Epoch 94/100	Loss 7.0217 ± 0.1337
INFO:meta-cli.py:Epoch 95/100	Loss 7.0195 ± 0.1364
INFO:meta-cli.py:Epoch 96/100	Loss 7.0171 ± 0.1318
INFO:meta-cli.py:Epoch 96/100	dev results	MRR 0.476867	H@1 0.435069	H@3 0.487805	H@5 0.518952	H@10 0.559822
INFO:meta-cli.py:Epoch 96/100	test results	MRR 0.477637	H@1 0.434110	H@3 0.492821	H@5 0.522974	H@10 0.564454
INFO:meta-cli.py:Epoch 97/100	Loss 7.0153 ± 0.1324
INFO:meta-cli.py:Epoch 98/100	Loss 7.0134 ± 0.1440
INFO:meta-cli.py:Epoch 99/100	Loss 7.0112 ± 0.1231
INFO:meta-cli.py:Epoch 99/100	dev results	MRR 0.477359	H@1 0.436223	H@3 0.488134	H@5 0.520765	H@10 0.559987
INFO:meta-cli.py:Epoch 99/100	test results	MRR 0.477602	H@1 0.434110	H@3 0.490906	H@5 0.523612	H@10 0.566369
INFO:meta-cli.py:Epoch 100/100	Loss 7.0096 ± 0.1430
INFO:meta-cli.py:Final 	dev results	MRR 0.477812	H@1 0.436717	H@3 0.488299	H@5 0.521094	H@10 0.559328
INFO:meta-cli.py:Final 	test results	MRR 0.477429	H@1 0.433950	H@3 0.490428	H@5 0.523452	H@10 0.565731
INFO:meta-cli.py:Training finished
