./bin/meta-cli.py --train data/wn18rr/train.tsv --dev data/wn18rr/dev.tsv --test data/wn18rr/test.tsv -m complex -k 500 -b 500 -e 100 --F2 0 --N3 0.001 -l 0.1 -I standard -V 3 -o adagrad -q
{'F2': 0.0,
 'N3': 0.001,
 'batch_size': 500,
 'dev': 'data/wn18rr/dev.tsv',
 'embedding_size': 500,
 'epochs': 100,
 'eval_batch_size': None,
 'input_type': 'standard',
 'learning_rate': 0.1,
 'load': None,
 'model': 'complex',
 'optimizer': 'adagrad',
 'quiet': True,
 'save': None,
 'seed': 0,
 'test': 'data/wn18rr/test.tsv',
 'test_i': None,
 'test_ii': None,
 'train': 'data/wn18rr/train.tsv',
 'validate_every': 3}
INFO:meta-cli.py:Device: cuda
INFO:meta-cli.py:Model state:
INFO:meta-cli.py:	entities.weight	torch.Size([40943, 1000])
INFO:meta-cli.py:	predicates.weight	torch.Size([11, 1000])
INFO:meta-cli.py:Epoch 1/100	Loss 18.4406 ± 1.5168
INFO:meta-cli.py:Epoch 2/100	Loss 8.8977 ± 0.2738
INFO:meta-cli.py:Epoch 3/100	Loss 4.5199 ± 0.3122
INFO:meta-cli.py:Epoch 3/100	dev results	MRR 0.426064	H@1 0.401945	H@3 0.435728	H@5 0.449242	H@10 0.470007
INFO:meta-cli.py:Epoch 3/100	test results	MRR 0.428999	H@1 0.405233	H@3 0.438417	H@5 0.451500	H@10 0.472559
INFO:meta-cli.py:Epoch 4/100	Loss 3.7364 ± 0.2615
INFO:meta-cli.py:Epoch 5/100	Loss 3.4252 ± 0.2579
INFO:meta-cli.py:Epoch 6/100	Loss 3.2591 ± 0.2520
INFO:meta-cli.py:Epoch 6/100	dev results	MRR 0.435788	H@1 0.411997	H@3 0.445452	H@5 0.458471	H@10 0.478411
INFO:meta-cli.py:Epoch 6/100	test results	MRR 0.437946	H@1 0.413848	H@3 0.446554	H@5 0.462668	H@10 0.485163
INFO:meta-cli.py:Epoch 7/100	Loss 3.1444 ± 0.2359
INFO:meta-cli.py:Epoch 8/100	Loss 3.0640 ± 0.2400
INFO:meta-cli.py:Epoch 9/100	Loss 3.0000 ± 0.2297
INFO:meta-cli.py:Epoch 9/100	dev results	MRR 0.440733	H@1 0.417106	H@3 0.451055	H@5 0.462920	H@10 0.484179
INFO:meta-cli.py:Epoch 9/100	test results	MRR 0.444767	H@1 0.420389	H@3 0.454212	H@5 0.469209	H@10 0.491544
INFO:meta-cli.py:Epoch 10/100	Loss 2.9475 ± 0.2188
INFO:meta-cli.py:Epoch 11/100	Loss 2.9054 ± 0.2181
INFO:meta-cli.py:Epoch 12/100	Loss 2.8702 ± 0.2203
INFO:meta-cli.py:Epoch 12/100	dev results	MRR 0.442886	H@1 0.419413	H@3 0.450725	H@5 0.465557	H@10 0.487970
INFO:meta-cli.py:Epoch 12/100	test results	MRR 0.447162	H@1 0.422623	H@3 0.455488	H@5 0.470964	H@10 0.495054
INFO:meta-cli.py:Epoch 13/100	Loss 2.8377 ± 0.2053
INFO:meta-cli.py:Epoch 14/100	Loss 2.8101 ± 0.2104
INFO:meta-cli.py:Epoch 15/100	Loss 2.7847 ± 0.2050
INFO:meta-cli.py:Epoch 15/100	dev results	MRR 0.444950	H@1 0.420567	H@3 0.453362	H@5 0.467699	H@10 0.491595
INFO:meta-cli.py:Epoch 15/100	test results	MRR 0.448443	H@1 0.422623	H@3 0.458360	H@5 0.473676	H@10 0.496650
INFO:meta-cli.py:Epoch 16/100	Loss 2.7636 ± 0.2015
INFO:meta-cli.py:Epoch 17/100	Loss 2.7431 ± 0.2000
INFO:meta-cli.py:Epoch 18/100	Loss 2.7251 ± 0.1860
INFO:meta-cli.py:Epoch 18/100	dev results	MRR 0.446540	H@1 0.422050	H@3 0.455834	H@5 0.469677	H@10 0.491101
INFO:meta-cli.py:Epoch 18/100	test results	MRR 0.450272	H@1 0.424218	H@3 0.460434	H@5 0.477186	H@10 0.499362
INFO:meta-cli.py:Epoch 19/100	Loss 2.7085 ± 0.1904
INFO:meta-cli.py:Epoch 20/100	Loss 2.6933 ± 0.1870
INFO:meta-cli.py:Epoch 21/100	Loss 2.6793 ± 0.1790
INFO:meta-cli.py:Epoch 21/100	dev results	MRR 0.446665	H@1 0.421391	H@3 0.455339	H@5 0.472314	H@10 0.494232
INFO:meta-cli.py:Epoch 21/100	test results	MRR 0.451171	H@1 0.425495	H@3 0.461391	H@5 0.476707	H@10 0.500319
INFO:meta-cli.py:Epoch 22/100	Loss 2.6659 ± 0.1912
INFO:meta-cli.py:Epoch 23/100	Loss 2.6530 ± 0.1786
INFO:meta-cli.py:Epoch 24/100	Loss 2.6425 ± 0.1843
INFO:meta-cli.py:Epoch 24/100	dev results	MRR 0.448630	H@1 0.423863	H@3 0.457317	H@5 0.472973	H@10 0.497034
INFO:meta-cli.py:Epoch 24/100	test results	MRR 0.452429	H@1 0.426133	H@3 0.463306	H@5 0.478941	H@10 0.503031
INFO:meta-cli.py:Epoch 25/100	Loss 2.6309 ± 0.1775
INFO:meta-cli.py:Epoch 26/100	Loss 2.6204 ± 0.1767
INFO:meta-cli.py:Epoch 27/100	Loss 2.6110 ± 0.1792
INFO:meta-cli.py:Epoch 27/100	dev results	MRR 0.449298	H@1 0.423863	H@3 0.459295	H@5 0.474456	H@10 0.496539
INFO:meta-cli.py:Epoch 27/100	test results	MRR 0.452048	H@1 0.424537	H@3 0.463465	H@5 0.479419	H@10 0.504946
INFO:meta-cli.py:Epoch 28/100	Loss 2.6020 ± 0.1763
INFO:meta-cli.py:Epoch 29/100	Loss 2.5936 ± 0.1767
INFO:meta-cli.py:Epoch 30/100	Loss 2.5859 ± 0.1611
INFO:meta-cli.py:Epoch 30/100	dev results	MRR 0.450069	H@1 0.424192	H@3 0.460943	H@5 0.475775	H@10 0.497693
INFO:meta-cli.py:Epoch 30/100	test results	MRR 0.453741	H@1 0.425814	H@3 0.465858	H@5 0.480855	H@10 0.506063
INFO:meta-cli.py:Epoch 31/100	Loss 2.5772 ± 0.1692
INFO:meta-cli.py:Epoch 32/100	Loss 2.5700 ± 0.1723
INFO:meta-cli.py:Epoch 33/100	Loss 2.5629 ± 0.1698
INFO:meta-cli.py:Epoch 33/100	dev results	MRR 0.450695	H@1 0.425181	H@3 0.460778	H@5 0.476599	H@10 0.497528
INFO:meta-cli.py:Epoch 33/100	test results	MRR 0.453836	H@1 0.426292	H@3 0.465699	H@5 0.481334	H@10 0.505265
INFO:meta-cli.py:Epoch 34/100	Loss 2.5566 ± 0.1597
INFO:meta-cli.py:Epoch 35/100	Loss 2.5500 ± 0.1643
INFO:meta-cli.py:Epoch 36/100	Loss 2.5437 ± 0.1570
INFO:meta-cli.py:Epoch 36/100	dev results	MRR 0.450804	H@1 0.425016	H@3 0.460283	H@5 0.478082	H@10 0.497693
INFO:meta-cli.py:Epoch 36/100	test results	MRR 0.454786	H@1 0.426930	H@3 0.466337	H@5 0.483727	H@10 0.507817
INFO:meta-cli.py:Epoch 37/100	Loss 2.5376 ± 0.1564
INFO:meta-cli.py:Epoch 38/100	Loss 2.5324 ± 0.1651
INFO:meta-cli.py:Epoch 39/100	Loss 2.5265 ± 0.1588
INFO:meta-cli.py:Epoch 39/100	dev results	MRR 0.451357	H@1 0.425016	H@3 0.462096	H@5 0.478247	H@10 0.499176
INFO:meta-cli.py:Epoch 39/100	test results	MRR 0.454788	H@1 0.426133	H@3 0.467135	H@5 0.482770	H@10 0.508775
INFO:meta-cli.py:Epoch 40/100	Loss 2.5216 ± 0.1530
INFO:meta-cli.py:Epoch 41/100	Loss 2.5165 ± 0.1568
INFO:meta-cli.py:Epoch 42/100	Loss 2.5115 ± 0.1509
INFO:meta-cli.py:Epoch 42/100	dev results	MRR 0.451858	H@1 0.425676	H@3 0.462096	H@5 0.478576	H@10 0.500494
INFO:meta-cli.py:Epoch 42/100	test results	MRR 0.456447	H@1 0.429004	H@3 0.466816	H@5 0.485163	H@10 0.510051
INFO:meta-cli.py:Epoch 43/100	Loss 2.5069 ± 0.1501
INFO:meta-cli.py:Epoch 44/100	Loss 2.5025 ± 0.1517
INFO:meta-cli.py:Epoch 45/100	Loss 2.4982 ± 0.1412
INFO:meta-cli.py:Epoch 45/100	dev results	MRR 0.451698	H@1 0.425346	H@3 0.461931	H@5 0.479895	H@10 0.500000
INFO:meta-cli.py:Epoch 45/100	test results	MRR 0.455409	H@1 0.426930	H@3 0.467294	H@5 0.484205	H@10 0.509094
INFO:meta-cli.py:Epoch 46/100	Loss 2.4936 ± 0.1444
INFO:meta-cli.py:Epoch 47/100	Loss 2.4896 ± 0.1530
INFO:meta-cli.py:Epoch 48/100	Loss 2.4856 ± 0.1505
INFO:meta-cli.py:Epoch 48/100	dev results	MRR 0.451723	H@1 0.425346	H@3 0.462755	H@5 0.479895	H@10 0.499506
INFO:meta-cli.py:Epoch 48/100	test results	MRR 0.455782	H@1 0.427728	H@3 0.466975	H@5 0.485482	H@10 0.509413
INFO:meta-cli.py:Epoch 49/100	Loss 2.4813 ± 0.1419
INFO:meta-cli.py:Epoch 50/100	Loss 2.4777 ± 0.1520
INFO:meta-cli.py:Epoch 51/100	Loss 2.4742 ± 0.1396
INFO:meta-cli.py:Epoch 51/100	dev results	MRR 0.452685	H@1 0.425676	H@3 0.464568	H@5 0.481213	H@10 0.500824
INFO:meta-cli.py:Epoch 51/100	test results	MRR 0.455774	H@1 0.426292	H@3 0.467613	H@5 0.487237	H@10 0.510211
INFO:meta-cli.py:Epoch 52/100	Loss 2.4708 ± 0.1507
INFO:meta-cli.py:Epoch 53/100	Loss 2.4670 ± 0.1413
INFO:meta-cli.py:Epoch 54/100	Loss 2.4644 ± 0.1469
INFO:meta-cli.py:Epoch 54/100	dev results	MRR 0.452874	H@1 0.426335	H@3 0.464074	H@5 0.480224	H@10 0.500494
INFO:meta-cli.py:Epoch 54/100	test results	MRR 0.456169	H@1 0.427728	H@3 0.468092	H@5 0.487237	H@10 0.510849
INFO:meta-cli.py:Epoch 55/100	Loss 2.4607 ± 0.1516
INFO:meta-cli.py:Epoch 56/100	Loss 2.4575 ± 0.1397
INFO:meta-cli.py:Epoch 57/100	Loss 2.4545 ± 0.1503
INFO:meta-cli.py:Epoch 57/100	dev results	MRR 0.452078	H@1 0.425016	H@3 0.464568	H@5 0.480883	H@10 0.501483
INFO:meta-cli.py:Epoch 57/100	test results	MRR 0.457445	H@1 0.428845	H@3 0.469209	H@5 0.488194	H@10 0.511327
INFO:meta-cli.py:Epoch 58/100	Loss 2.4513 ± 0.1392
INFO:meta-cli.py:Epoch 59/100	Loss 2.4485 ± 0.1413
INFO:meta-cli.py:Epoch 60/100	Loss 2.4457 ± 0.1405
INFO:meta-cli.py:Epoch 60/100	dev results	MRR 0.452725	H@1 0.425181	H@3 0.464074	H@5 0.482202	H@10 0.501978
INFO:meta-cli.py:Epoch 60/100	test results	MRR 0.457757	H@1 0.429164	H@3 0.469687	H@5 0.488992	H@10 0.511327
INFO:meta-cli.py:Epoch 61/100	Loss 2.4426 ± 0.1456
INFO:meta-cli.py:Epoch 62/100	Loss 2.4400 ± 0.1369
INFO:meta-cli.py:Epoch 63/100	Loss 2.4373 ± 0.1275
INFO:meta-cli.py:Epoch 63/100	dev results	MRR 0.452993	H@1 0.425511	H@3 0.465722	H@5 0.481213	H@10 0.502142
INFO:meta-cli.py:Epoch 63/100	test results	MRR 0.457267	H@1 0.428366	H@3 0.469049	H@5 0.489470	H@10 0.512444
INFO:meta-cli.py:Epoch 64/100	Loss 2.4350 ± 0.1299
INFO:meta-cli.py:Epoch 65/100	Loss 2.4321 ± 0.1332
INFO:meta-cli.py:Epoch 66/100	Loss 2.4298 ± 0.1310
INFO:meta-cli.py:Epoch 66/100	dev results	MRR 0.453654	H@1 0.426005	H@3 0.466546	H@5 0.482861	H@10 0.502307
INFO:meta-cli.py:Epoch 66/100	test results	MRR 0.458025	H@1 0.429164	H@3 0.469847	H@5 0.488673	H@10 0.511806
INFO:meta-cli.py:Epoch 67/100	Loss 2.4274 ± 0.1363
INFO:meta-cli.py:Epoch 68/100	Loss 2.4248 ± 0.1355
INFO:meta-cli.py:Epoch 69/100	Loss 2.4226 ± 0.1390
INFO:meta-cli.py:Epoch 69/100	dev results	MRR 0.453689	H@1 0.426335	H@3 0.465392	H@5 0.482531	H@10 0.502142
INFO:meta-cli.py:Epoch 69/100	test results	MRR 0.458547	H@1 0.429962	H@3 0.470804	H@5 0.489311	H@10 0.512285
INFO:meta-cli.py:Epoch 70/100	Loss 2.4200 ± 0.1354
INFO:meta-cli.py:Epoch 71/100	Loss 2.4179 ± 0.1305
INFO:meta-cli.py:Epoch 72/100	Loss 2.4161 ± 0.1318
INFO:meta-cli.py:Epoch 72/100	dev results	MRR 0.453946	H@1 0.426335	H@3 0.466875	H@5 0.482531	H@10 0.502802
INFO:meta-cli.py:Epoch 72/100	test results	MRR 0.457908	H@1 0.428526	H@3 0.470485	H@5 0.491066	H@10 0.512604
INFO:meta-cli.py:Epoch 73/100	Loss 2.4137 ± 0.1295
INFO:meta-cli.py:Epoch 74/100	Loss 2.4115 ± 0.1289
INFO:meta-cli.py:Epoch 75/100	Loss 2.4096 ± 0.1271
INFO:meta-cli.py:Epoch 75/100	dev results	MRR 0.454522	H@1 0.427159	H@3 0.466546	H@5 0.482861	H@10 0.503461
INFO:meta-cli.py:Epoch 75/100	test results	MRR 0.458487	H@1 0.429483	H@3 0.471602	H@5 0.489789	H@10 0.513880
INFO:meta-cli.py:Epoch 76/100	Loss 2.4073 ± 0.1316
INFO:meta-cli.py:Epoch 77/100	Loss 2.4056 ± 0.1275
INFO:meta-cli.py:Epoch 78/100	Loss 2.4036 ± 0.1279
INFO:meta-cli.py:Epoch 78/100	dev results	MRR 0.454659	H@1 0.427159	H@3 0.466381	H@5 0.483191	H@10 0.502966
INFO:meta-cli.py:Epoch 78/100	test results	MRR 0.458588	H@1 0.429483	H@3 0.471283	H@5 0.490587	H@10 0.514518
INFO:meta-cli.py:Epoch 79/100	Loss 2.4014 ± 0.1176
INFO:meta-cli.py:Epoch 80/100	Loss 2.3994 ± 0.1257
INFO:meta-cli.py:Epoch 81/100	Loss 2.3979 ± 0.1328
INFO:meta-cli.py:Epoch 81/100	dev results	MRR 0.455201	H@1 0.427818	H@3 0.468194	H@5 0.482202	H@10 0.503296
INFO:meta-cli.py:Epoch 81/100	test results	MRR 0.459152	H@1 0.429643	H@3 0.472080	H@5 0.491225	H@10 0.514837
INFO:meta-cli.py:Epoch 82/100	Loss 2.3962 ± 0.1242
INFO:meta-cli.py:Epoch 83/100	Loss 2.3945 ± 0.1223
INFO:meta-cli.py:Epoch 84/100	Loss 2.3926 ± 0.1290
INFO:meta-cli.py:Epoch 84/100	dev results	MRR 0.455486	H@1 0.428148	H@3 0.467535	H@5 0.483355	H@10 0.504285
INFO:meta-cli.py:Epoch 84/100	test results	MRR 0.458919	H@1 0.429164	H@3 0.471761	H@5 0.491544	H@10 0.514518
INFO:meta-cli.py:Epoch 85/100	Loss 2.3909 ± 0.1284
INFO:meta-cli.py:Epoch 86/100	Loss 2.3893 ± 0.1256
INFO:meta-cli.py:Epoch 87/100	Loss 2.3876 ± 0.1210
INFO:meta-cli.py:Epoch 87/100	dev results	MRR 0.455542	H@1 0.427983	H@3 0.467370	H@5 0.483191	H@10 0.505438
INFO:meta-cli.py:Epoch 87/100	test results	MRR 0.459136	H@1 0.429004	H@3 0.472719	H@5 0.491544	H@10 0.515635
INFO:meta-cli.py:Epoch 88/100	Loss 2.3857 ± 0.1202
INFO:meta-cli.py:Epoch 89/100	Loss 2.3844 ± 0.1165
INFO:meta-cli.py:Epoch 90/100	Loss 2.3828 ± 0.1334
INFO:meta-cli.py:Epoch 90/100	dev results	MRR 0.455359	H@1 0.427159	H@3 0.467699	H@5 0.483355	H@10 0.505109
INFO:meta-cli.py:Epoch 90/100	test results	MRR 0.459378	H@1 0.429643	H@3 0.471761	H@5 0.490747	H@10 0.515635
INFO:meta-cli.py:Epoch 91/100	Loss 2.3810 ± 0.1198
INFO:meta-cli.py:Epoch 92/100	Loss 2.3797 ± 0.1257
INFO:meta-cli.py:Epoch 93/100	Loss 2.3783 ± 0.1223
INFO:meta-cli.py:Epoch 93/100	dev results	MRR 0.455521	H@1 0.427653	H@3 0.466546	H@5 0.483355	H@10 0.505603
INFO:meta-cli.py:Epoch 93/100	test results	MRR 0.459397	H@1 0.429483	H@3 0.472080	H@5 0.490747	H@10 0.515475
INFO:meta-cli.py:Epoch 94/100	Loss 2.3771 ± 0.1216
INFO:meta-cli.py:Epoch 95/100	Loss 2.3754 ± 0.1201
INFO:meta-cli.py:Epoch 96/100	Loss 2.3738 ± 0.1204
INFO:meta-cli.py:Epoch 96/100	dev results	MRR 0.455160	H@1 0.426994	H@3 0.466546	H@5 0.483520	H@10 0.505274
INFO:meta-cli.py:Epoch 96/100	test results	MRR 0.459573	H@1 0.429962	H@3 0.471761	H@5 0.490268	H@10 0.515635
INFO:meta-cli.py:Epoch 97/100	Loss 2.3725 ± 0.1201
INFO:meta-cli.py:Epoch 98/100	Loss 2.3711 ± 0.1281
INFO:meta-cli.py:Epoch 99/100	Loss 2.3697 ± 0.1081
INFO:meta-cli.py:Epoch 99/100	dev results	MRR 0.455918	H@1 0.427818	H@3 0.467535	H@5 0.484344	H@10 0.505274
INFO:meta-cli.py:Epoch 99/100	test results	MRR 0.459719	H@1 0.429643	H@3 0.472240	H@5 0.492661	H@10 0.516273
INFO:meta-cli.py:Epoch 100/100	Loss 2.3683 ± 0.1250
INFO:meta-cli.py:Final 	dev results	MRR 0.456022	H@1 0.428148	H@3 0.467864	H@5 0.484015	H@10 0.505603
INFO:meta-cli.py:Final 	test results	MRR 0.459880	H@1 0.430281	H@3 0.471761	H@5 0.491704	H@10 0.516752
INFO:meta-cli.py:Training finished
