./bin/meta-cli.py --train data/fb15k-237/train.tsv --dev data/fb15k-237/dev.tsv --test data/fb15k-237/test.tsv -m complex -k 1000 -b 1000 -e 100 --F2 0 --N3 0.001 -l 0.1 -I reciprocal -V 3 -o adagrad -q
{'F2': 0.0,
 'N3': 0.001,
 'batch_size': 1000,
 'dev': 'data/fb15k-237/dev.tsv',
 'embedding_size': 1000,
 'epochs': 100,
 'eval_batch_size': None,
 'input_type': 'reciprocal',
 'learning_rate': 0.1,
 'load': None,
 'model': 'complex',
 'optimizer': 'adagrad',
 'quiet': True,
 'save': None,
 'seed': 0,
 'test': 'data/fb15k-237/test.tsv',
 'test_i': None,
 'test_ii': None,
 'train': 'data/fb15k-237/train.tsv',
 'validate_every': 3}
INFO:meta-cli.py:Device: cuda
INFO:meta-cli.py:Model state:
INFO:meta-cli.py:	entities.weight	torch.Size([14541, 2000])
INFO:meta-cli.py:	predicates.weight	torch.Size([474, 2000])
INFO:meta-cli.py:Epoch 1/100	Loss 10.0657 ± 2.3137
INFO:meta-cli.py:Epoch 2/100	Loss 6.7853 ± 0.1088
INFO:meta-cli.py:Epoch 3/100	Loss 6.3634 ± 0.1637
INFO:meta-cli.py:Epoch 3/100	dev results	MRR 0.326440	H@1 0.239150	H@3 0.355974	H@5 0.416938	H@10 0.503194
INFO:meta-cli.py:Epoch 3/100	test results	MRR 0.323000	H@1 0.235293	H@3 0.353269	H@5 0.415445	H@10 0.497850
INFO:meta-cli.py:Epoch 4/100	Loss 6.1750 ± 0.1668
INFO:meta-cli.py:Epoch 5/100	Loss 6.0613 ± 0.1692
INFO:meta-cli.py:Epoch 6/100	Loss 5.9827 ± 0.1709
INFO:meta-cli.py:Epoch 6/100	dev results	MRR 0.336416	H@1 0.247562	H@3 0.368976	H@5 0.431252	H@10 0.517080
INFO:meta-cli.py:Epoch 6/100	test results	MRR 0.331055	H@1 0.240765	H@3 0.365533	H@5 0.427758	H@10 0.509479
INFO:meta-cli.py:Epoch 7/100	Loss 5.9251 ± 0.1697
INFO:meta-cli.py:Epoch 8/100	Loss 5.8791 ± 0.1717
INFO:meta-cli.py:Epoch 9/100	Loss 5.8428 ± 0.1675
INFO:meta-cli.py:Epoch 9/100	dev results	MRR 0.339840	H@1 0.250528	H@3 0.372997	H@5 0.436498	H@10 0.520958
INFO:meta-cli.py:Epoch 9/100	test results	MRR 0.333563	H@1 0.242793	H@3 0.368343	H@5 0.430617	H@10 0.514316
INFO:meta-cli.py:Epoch 10/100	Loss 5.8124 ± 0.1633
INFO:meta-cli.py:Epoch 11/100	Loss 5.7857 ± 0.1552
INFO:meta-cli.py:Epoch 12/100	Loss 5.7639 ± 0.1563
INFO:meta-cli.py:Epoch 12/100	dev results	MRR 0.344070	H@1 0.254263	H@3 0.376903	H@5 0.439293	H@10 0.524522
INFO:meta-cli.py:Epoch 12/100	test results	MRR 0.338490	H@1 0.248021	H@3 0.372569	H@5 0.434526	H@10 0.518641
INFO:meta-cli.py:Epoch 13/100	Loss 5.7447 ± 0.1591
INFO:meta-cli.py:Epoch 14/100	Loss 5.7271 ± 0.1541
INFO:meta-cli.py:Epoch 15/100	Loss 5.7112 ± 0.1430
INFO:meta-cli.py:Epoch 15/100	dev results	MRR 0.344551	H@1 0.254434	H@3 0.378244	H@5 0.441089	H@10 0.526176
INFO:meta-cli.py:Epoch 15/100	test results	MRR 0.338334	H@1 0.247044	H@3 0.373449	H@5 0.435991	H@10 0.520668
INFO:meta-cli.py:Epoch 16/100	Loss 5.6977 ± 0.1474
INFO:meta-cli.py:Epoch 17/100	Loss 5.6854 ± 0.1464
INFO:meta-cli.py:Epoch 18/100	Loss 5.6732 ± 0.1405
INFO:meta-cli.py:Epoch 18/100	dev results	MRR 0.346717	H@1 0.257514	H@3 0.378244	H@5 0.441973	H@10 0.527231
INFO:meta-cli.py:Epoch 18/100	test results	MRR 0.340391	H@1 0.249878	H@3 0.374914	H@5 0.435576	H@10 0.520839
INFO:meta-cli.py:Epoch 19/100	Loss 5.6631 ± 0.1417
INFO:meta-cli.py:Epoch 20/100	Loss 5.6525 ± 0.1375
INFO:meta-cli.py:Epoch 21/100	Loss 5.6441 ± 0.1356
INFO:meta-cli.py:Epoch 21/100	dev results	MRR 0.348208	H@1 0.259795	H@3 0.380582	H@5 0.442572	H@10 0.528999
INFO:meta-cli.py:Epoch 21/100	test results	MRR 0.341303	H@1 0.251002	H@3 0.375305	H@5 0.438532	H@10 0.523331
INFO:meta-cli.py:Epoch 22/100	Loss 5.6347 ± 0.1404
INFO:meta-cli.py:Epoch 23/100	Loss 5.6279 ± 0.1379
INFO:meta-cli.py:Epoch 24/100	Loss 5.6200 ± 0.1371
INFO:meta-cli.py:Epoch 24/100	dev results	MRR 0.347826	H@1 0.257827	H@3 0.381779	H@5 0.443827	H@10 0.528058
INFO:meta-cli.py:Epoch 24/100	test results	MRR 0.342333	H@1 0.252492	H@3 0.375818	H@5 0.438801	H@10 0.523820
INFO:meta-cli.py:Epoch 25/100	Loss 5.6135 ± 0.1358
INFO:meta-cli.py:Epoch 26/100	Loss 5.6067 ± 0.1338
INFO:meta-cli.py:Epoch 27/100	Loss 5.6002 ± 0.1366
INFO:meta-cli.py:Epoch 27/100	dev results	MRR 0.349197	H@1 0.259766	H@3 0.383234	H@5 0.444454	H@10 0.529512
INFO:meta-cli.py:Epoch 27/100	test results	MRR 0.342600	H@1 0.252003	H@3 0.376869	H@5 0.439949	H@10 0.522379
INFO:meta-cli.py:Epoch 28/100	Loss 5.5948 ± 0.1356
INFO:meta-cli.py:Epoch 29/100	Loss 5.5893 ± 0.1328
INFO:meta-cli.py:Epoch 30/100	Loss 5.5837 ± 0.1314
INFO:meta-cli.py:Epoch 30/100	dev results	MRR 0.349096	H@1 0.259567	H@3 0.382435	H@5 0.444853	H@10 0.529598
INFO:meta-cli.py:Epoch 30/100	test results	MRR 0.342987	H@1 0.252932	H@3 0.377260	H@5 0.438801	H@10 0.523771
INFO:meta-cli.py:Epoch 31/100	Loss 5.5788 ± 0.1300
INFO:meta-cli.py:Epoch 32/100	Loss 5.5743 ± 0.1346
INFO:meta-cli.py:Epoch 33/100	Loss 5.5696 ± 0.1293
INFO:meta-cli.py:Epoch 33/100	dev results	MRR 0.350313	H@1 0.260992	H@3 0.381922	H@5 0.447191	H@10 0.531394
INFO:meta-cli.py:Epoch 33/100	test results	MRR 0.344412	H@1 0.254227	H@3 0.378457	H@5 0.441268	H@10 0.524211
INFO:meta-cli.py:Epoch 34/100	Loss 5.5653 ± 0.1277
INFO:meta-cli.py:Epoch 35/100	Loss 5.5616 ± 0.1285
INFO:meta-cli.py:Epoch 36/100	Loss 5.5571 ± 0.1288
INFO:meta-cli.py:Epoch 36/100	dev results	MRR 0.350484	H@1 0.261677	H@3 0.382692	H@5 0.444996	H@10 0.530995
INFO:meta-cli.py:Epoch 36/100	test results	MRR 0.343848	H@1 0.253323	H@3 0.377626	H@5 0.440633	H@10 0.524113
INFO:meta-cli.py:Epoch 37/100	Loss 5.5534 ± 0.1257
INFO:meta-cli.py:Epoch 38/100	Loss 5.5501 ± 0.1260
INFO:meta-cli.py:Epoch 39/100	Loss 5.5460 ± 0.1211
INFO:meta-cli.py:Epoch 39/100	dev results	MRR 0.349907	H@1 0.260365	H@3 0.383775	H@5 0.446393	H@10 0.530910
INFO:meta-cli.py:Epoch 39/100	test results	MRR 0.343739	H@1 0.252883	H@3 0.379776	H@5 0.441439	H@10 0.525335
INFO:meta-cli.py:Epoch 40/100	Loss 5.5431 ± 0.1213
INFO:meta-cli.py:Epoch 41/100	Loss 5.5393 ± 0.1220
INFO:meta-cli.py:Epoch 42/100	Loss 5.5357 ± 0.1211
INFO:meta-cli.py:Epoch 42/100	dev results	MRR 0.350725	H@1 0.260935	H@3 0.385600	H@5 0.447106	H@10 0.531708
INFO:meta-cli.py:Epoch 42/100	test results	MRR 0.344939	H@1 0.254666	H@3 0.379483	H@5 0.441464	H@10 0.524675
INFO:meta-cli.py:Epoch 43/100	Loss 5.5338 ± 0.1263
INFO:meta-cli.py:Epoch 44/100	Loss 5.5305 ± 0.1243
INFO:meta-cli.py:Epoch 45/100	Loss 5.5273 ± 0.1199
INFO:meta-cli.py:Epoch 45/100	dev results	MRR 0.350331	H@1 0.261135	H@3 0.383718	H@5 0.447049	H@10 0.531052
INFO:meta-cli.py:Epoch 45/100	test results	MRR 0.344159	H@1 0.253738	H@3 0.379336	H@5 0.441708	H@10 0.525042
INFO:meta-cli.py:Epoch 46/100	Loss 5.5246 ± 0.1173
INFO:meta-cli.py:Epoch 47/100	Loss 5.5218 ± 0.1157
INFO:meta-cli.py:Epoch 48/100	Loss 5.5191 ± 0.1216
INFO:meta-cli.py:Epoch 48/100	dev results	MRR 0.350827	H@1 0.260992	H@3 0.385372	H@5 0.447591	H@10 0.531622
INFO:meta-cli.py:Epoch 48/100	test results	MRR 0.344630	H@1 0.254129	H@3 0.378726	H@5 0.442124	H@10 0.524651
INFO:meta-cli.py:Epoch 49/100	Loss 5.5168 ± 0.1193
INFO:meta-cli.py:Epoch 50/100	Loss 5.5144 ± 0.1191
INFO:meta-cli.py:Epoch 51/100	Loss 5.5121 ± 0.1148
INFO:meta-cli.py:Epoch 51/100	dev results	MRR 0.351184	H@1 0.261420	H@3 0.385230	H@5 0.446878	H@10 0.531024
INFO:meta-cli.py:Epoch 51/100	test results	MRR 0.344212	H@1 0.253103	H@3 0.379898	H@5 0.442050	H@10 0.525188
INFO:meta-cli.py:Epoch 52/100	Loss 5.5095 ± 0.1135
INFO:meta-cli.py:Epoch 53/100	Loss 5.5072 ± 0.1152
INFO:meta-cli.py:Epoch 54/100	Loss 5.5048 ± 0.1159
INFO:meta-cli.py:Epoch 54/100	dev results	MRR 0.351670	H@1 0.262418	H@3 0.384602	H@5 0.446678	H@10 0.532278
INFO:meta-cli.py:Epoch 54/100	test results	MRR 0.344458	H@1 0.253616	H@3 0.379165	H@5 0.442026	H@10 0.524944
INFO:meta-cli.py:Epoch 55/100	Loss 5.5029 ± 0.1181
INFO:meta-cli.py:Epoch 56/100	Loss 5.5006 ± 0.1158
INFO:meta-cli.py:Epoch 57/100	Loss 5.4992 ± 0.1176
INFO:meta-cli.py:Epoch 57/100	dev results	MRR 0.351377	H@1 0.262076	H@3 0.385001	H@5 0.447534	H@10 0.530995
INFO:meta-cli.py:Epoch 57/100	test results	MRR 0.345080	H@1 0.254740	H@3 0.379727	H@5 0.442319	H@10 0.525017
INFO:meta-cli.py:Epoch 58/100	Loss 5.4964 ± 0.1155
INFO:meta-cli.py:Epoch 59/100	Loss 5.4948 ± 0.1135
INFO:meta-cli.py:Epoch 60/100	Loss 5.4928 ± 0.1118
INFO:meta-cli.py:Epoch 60/100	dev results	MRR 0.351734	H@1 0.262304	H@3 0.385657	H@5 0.449387	H@10 0.532079
INFO:meta-cli.py:Epoch 60/100	test results	MRR 0.344664	H@1 0.254031	H@3 0.379239	H@5 0.442295	H@10 0.525164
INFO:meta-cli.py:Epoch 61/100	Loss 5.4912 ± 0.1166
INFO:meta-cli.py:Epoch 62/100	Loss 5.4891 ± 0.1146
INFO:meta-cli.py:Epoch 63/100	Loss 5.4877 ± 0.1127
INFO:meta-cli.py:Epoch 63/100	dev results	MRR 0.351952	H@1 0.262561	H@3 0.385999	H@5 0.447534	H@10 0.531879
INFO:meta-cli.py:Epoch 63/100	test results	MRR 0.345798	H@1 0.255497	H@3 0.380240	H@5 0.443272	H@10 0.526972
INFO:meta-cli.py:Epoch 64/100	Loss 5.4860 ± 0.1092
INFO:meta-cli.py:Epoch 65/100	Loss 5.4841 ± 0.1119
INFO:meta-cli.py:Epoch 66/100	Loss 5.4821 ± 0.1048
INFO:meta-cli.py:Epoch 66/100	dev results	MRR 0.352072	H@1 0.262418	H@3 0.386256	H@5 0.448589	H@10 0.532278
INFO:meta-cli.py:Epoch 66/100	test results	MRR 0.345260	H@1 0.253958	H@3 0.380973	H@5 0.443027	H@10 0.526214
INFO:meta-cli.py:Epoch 67/100	Loss 5.4808 ± 0.1117
INFO:meta-cli.py:Epoch 68/100	Loss 5.4795 ± 0.1131
INFO:meta-cli.py:Epoch 69/100	Loss 5.4779 ± 0.1098
INFO:meta-cli.py:Epoch 69/100	dev results	MRR 0.352776	H@1 0.263701	H@3 0.386028	H@5 0.447248	H@10 0.532392
INFO:meta-cli.py:Epoch 69/100	test results	MRR 0.345581	H@1 0.254642	H@3 0.380802	H@5 0.442954	H@10 0.526190
INFO:meta-cli.py:Epoch 70/100	Loss 5.4761 ± 0.1118
INFO:meta-cli.py:Epoch 71/100	Loss 5.4753 ± 0.1142
INFO:meta-cli.py:Epoch 72/100	Loss 5.4731 ± 0.1096
INFO:meta-cli.py:Epoch 72/100	dev results	MRR 0.351865	H@1 0.261962	H@3 0.385714	H@5 0.447876	H@10 0.531081
INFO:meta-cli.py:Epoch 72/100	test results	MRR 0.345384	H@1 0.255057	H@3 0.379410	H@5 0.441806	H@10 0.525750
INFO:meta-cli.py:Epoch 73/100	Loss 5.4717 ± 0.1074
INFO:meta-cli.py:Epoch 74/100	Loss 5.4702 ± 0.1133
INFO:meta-cli.py:Epoch 75/100	Loss 5.4693 ± 0.1076
INFO:meta-cli.py:Epoch 75/100	dev results	MRR 0.352466	H@1 0.262988	H@3 0.385657	H@5 0.449273	H@10 0.533276
INFO:meta-cli.py:Epoch 75/100	test results	MRR 0.345484	H@1 0.254398	H@3 0.380558	H@5 0.443003	H@10 0.526776
INFO:meta-cli.py:Epoch 76/100	Loss 5.4681 ± 0.1087
INFO:meta-cli.py:Epoch 77/100	Loss 5.4664 ± 0.1055
INFO:meta-cli.py:Epoch 78/100	Loss 5.4653 ± 0.1096
INFO:meta-cli.py:Epoch 78/100	dev results	MRR 0.352150	H@1 0.262732	H@3 0.385942	H@5 0.448246	H@10 0.532449
INFO:meta-cli.py:Epoch 78/100	test results	MRR 0.345482	H@1 0.254935	H@3 0.380240	H@5 0.442099	H@10 0.526849
INFO:meta-cli.py:Epoch 79/100	Loss 5.4638 ± 0.1062
INFO:meta-cli.py:Epoch 80/100	Loss 5.4626 ± 0.1058
INFO:meta-cli.py:Epoch 81/100	Loss 5.4615 ± 0.1125
INFO:meta-cli.py:Epoch 81/100	dev results	MRR 0.352471	H@1 0.262846	H@3 0.385344	H@5 0.447961	H@10 0.533134
INFO:meta-cli.py:Epoch 81/100	test results	MRR 0.345822	H@1 0.255253	H@3 0.380924	H@5 0.442490	H@10 0.526898
INFO:meta-cli.py:Epoch 82/100	Loss 5.4604 ± 0.1118
INFO:meta-cli.py:Epoch 83/100	Loss 5.4592 ± 0.1055
INFO:meta-cli.py:Epoch 84/100	Loss 5.4578 ± 0.1025
INFO:meta-cli.py:Epoch 84/100	dev results	MRR 0.352764	H@1 0.263530	H@3 0.386056	H@5 0.449102	H@10 0.532307
INFO:meta-cli.py:Epoch 84/100	test results	MRR 0.345924	H@1 0.255253	H@3 0.380680	H@5 0.442343	H@10 0.527118
INFO:meta-cli.py:Epoch 85/100	Loss 5.4567 ± 0.1032
INFO:meta-cli.py:Epoch 86/100	Loss 5.4560 ± 0.1039
INFO:meta-cli.py:Epoch 87/100	Loss 5.4543 ± 0.1044
INFO:meta-cli.py:Epoch 87/100	dev results	MRR 0.353122	H@1 0.263758	H@3 0.386741	H@5 0.450442	H@10 0.532221
INFO:meta-cli.py:Epoch 87/100	test results	MRR 0.346257	H@1 0.255497	H@3 0.381560	H@5 0.443614	H@10 0.526556
INFO:meta-cli.py:Epoch 88/100	Loss 5.4536 ± 0.1056
INFO:meta-cli.py:Epoch 89/100	Loss 5.4522 ± 0.1045
INFO:meta-cli.py:Epoch 90/100	Loss 5.4515 ± 0.1081
INFO:meta-cli.py:Epoch 90/100	dev results	MRR 0.352473	H@1 0.262675	H@3 0.386570	H@5 0.449130	H@10 0.533362
INFO:meta-cli.py:Epoch 90/100	test results	MRR 0.345958	H@1 0.255204	H@3 0.380582	H@5 0.442685	H@10 0.526605
INFO:meta-cli.py:Epoch 91/100	Loss 5.4506 ± 0.1023
INFO:meta-cli.py:Epoch 92/100	Loss 5.4490 ± 0.1049
INFO:meta-cli.py:Epoch 93/100	Loss 5.4478 ± 0.0993
INFO:meta-cli.py:Epoch 93/100	dev results	MRR 0.352582	H@1 0.262760	H@3 0.387340	H@5 0.449558	H@10 0.532934
INFO:meta-cli.py:Epoch 93/100	test results	MRR 0.346018	H@1 0.255326	H@3 0.381633	H@5 0.443834	H@10 0.526556
INFO:meta-cli.py:Epoch 94/100	Loss 5.4475 ± 0.1056
INFO:meta-cli.py:Epoch 95/100	Loss 5.4462 ± 0.1042
INFO:meta-cli.py:Epoch 96/100	Loss 5.4451 ± 0.1023
INFO:meta-cli.py:Epoch 96/100	dev results	MRR 0.352671	H@1 0.263216	H@3 0.385942	H@5 0.449672	H@10 0.532678
INFO:meta-cli.py:Epoch 96/100	test results	MRR 0.346170	H@1 0.255424	H@3 0.380387	H@5 0.442710	H@10 0.526361
INFO:meta-cli.py:Epoch 97/100	Loss 5.4440 ± 0.1072
INFO:meta-cli.py:Epoch 98/100	Loss 5.4435 ± 0.0968
INFO:meta-cli.py:Epoch 99/100	Loss 5.4425 ± 0.1063
INFO:meta-cli.py:Epoch 99/100	dev results	MRR 0.352467	H@1 0.262931	H@3 0.385686	H@5 0.449957	H@10 0.532563
INFO:meta-cli.py:Epoch 99/100	test results	MRR 0.346183	H@1 0.255619	H@3 0.380680	H@5 0.443565	H@10 0.526825
INFO:meta-cli.py:Epoch 100/100	Loss 5.4413 ± 0.1051
INFO:meta-cli.py:Final 	dev results	MRR 0.352741	H@1 0.262988	H@3 0.387083	H@5 0.449644	H@10 0.533077
INFO:meta-cli.py:Final 	test results	MRR 0.346791	H@1 0.256181	H@3 0.382293	H@5 0.443198	H@10 0.526410
INFO:meta-cli.py:Training finished
