./bin/meta-cli.py --train data/fb15k-237/train.tsv --dev data/fb15k-237/dev.tsv --test data/fb15k-237/test.tsv -m complex -k 500 -b 1000 -e 100 --F2 0.005 --N3 0 -l 0.1 -I standard -V 3 -o adagrad -q
{'F2': 0.005,
 'N3': 0.0,
 'batch_size': 1000,
 'dev': 'data/fb15k-237/dev.tsv',
 'embedding_size': 500,
 'epochs': 100,
 'eval_batch_size': None,
 'input_type': 'standard',
 'learning_rate': 0.1,
 'load': None,
 'model': 'complex',
 'optimizer': 'adagrad',
 'quiet': True,
 'save': None,
 'seed': 0,
 'test': 'data/fb15k-237/test.tsv',
 'test_i': None,
 'test_ii': None,
 'train': 'data/fb15k-237/train.tsv',
 'validate_every': 3}
INFO:meta-cli.py:Device: cuda
INFO:meta-cli.py:Model state:
INFO:meta-cli.py:	entities.weight	torch.Size([14541, 1000])
INFO:meta-cli.py:	predicates.weight	torch.Size([237, 1000])
INFO:meta-cli.py:Epoch 1/100	Loss 12.3777 ± 1.9604
INFO:meta-cli.py:Epoch 2/100	Loss 8.6449 ± 0.1255
INFO:meta-cli.py:Epoch 3/100	Loss 7.7793 ± 0.2223
INFO:meta-cli.py:Epoch 3/100	dev results	MRR 0.318514	H@1 0.229712	H@3 0.348817	H@5 0.412632	H@10 0.500200
INFO:meta-cli.py:Epoch 3/100	test results	MRR 0.313236	H@1 0.224421	H@3 0.342251	H@5 0.409093	H@10 0.493159
INFO:meta-cli.py:Epoch 4/100	Loss 7.4367 ± 0.2310
INFO:meta-cli.py:Epoch 5/100	Loss 7.2470 ± 0.2323
INFO:meta-cli.py:Epoch 6/100	Loss 7.1187 ± 0.2187
INFO:meta-cli.py:Epoch 6/100	dev results	MRR 0.331560	H@1 0.241973	H@3 0.362218	H@5 0.426490	H@10 0.516225
INFO:meta-cli.py:Epoch 6/100	test results	MRR 0.326149	H@1 0.237052	H@3 0.355834	H@5 0.422261	H@10 0.507989
INFO:meta-cli.py:Epoch 7/100	Loss 7.0284 ± 0.2119
INFO:meta-cli.py:Epoch 8/100	Loss 6.9569 ± 0.2073
INFO:meta-cli.py:Epoch 9/100	Loss 6.9015 ± 0.2071
INFO:meta-cli.py:Epoch 9/100	dev results	MRR 0.336808	H@1 0.247819	H@3 0.368064	H@5 0.432649	H@10 0.519818
INFO:meta-cli.py:Epoch 9/100	test results	MRR 0.330274	H@1 0.240667	H@3 0.362626	H@5 0.426073	H@10 0.512118
INFO:meta-cli.py:Epoch 10/100	Loss 6.8534 ± 0.1950
INFO:meta-cli.py:Epoch 11/100	Loss 6.8123 ± 0.1992
INFO:meta-cli.py:Epoch 12/100	Loss 6.7800 ± 0.1997
INFO:meta-cli.py:Epoch 12/100	dev results	MRR 0.337004	H@1 0.247591	H@3 0.367665	H@5 0.433077	H@10 0.519846
INFO:meta-cli.py:Epoch 12/100	test results	MRR 0.330919	H@1 0.241669	H@3 0.360622	H@5 0.427392	H@10 0.514365
INFO:meta-cli.py:Epoch 13/100	Loss 6.7496 ± 0.1863
INFO:meta-cli.py:Epoch 14/100	Loss 6.7227 ± 0.1909
INFO:meta-cli.py:Epoch 15/100	Loss 6.6975 ± 0.1821
INFO:meta-cli.py:Epoch 15/100	dev results	MRR 0.338717	H@1 0.248132	H@3 0.371172	H@5 0.435957	H@10 0.520473
INFO:meta-cli.py:Epoch 15/100	test results	MRR 0.333769	H@1 0.243892	H@3 0.366095	H@5 0.430983	H@10 0.516051
INFO:meta-cli.py:Epoch 16/100	Loss 6.6769 ± 0.1799
INFO:meta-cli.py:Epoch 17/100	Loss 6.6584 ± 0.1798
INFO:meta-cli.py:Epoch 18/100	Loss 6.6401 ± 0.1779
INFO:meta-cli.py:Epoch 18/100	dev results	MRR 0.340341	H@1 0.249986	H@3 0.372769	H@5 0.436128	H@10 0.523353
INFO:meta-cli.py:Epoch 18/100	test results	MRR 0.334398	H@1 0.244259	H@3 0.367292	H@5 0.430665	H@10 0.516906
INFO:meta-cli.py:Epoch 19/100	Loss 6.6229 ± 0.1678
INFO:meta-cli.py:Epoch 20/100	Loss 6.6078 ± 0.1687
INFO:meta-cli.py:Epoch 21/100	Loss 6.5945 ± 0.1592
INFO:meta-cli.py:Epoch 21/100	dev results	MRR 0.340260	H@1 0.250699	H@3 0.371771	H@5 0.435957	H@10 0.523781
INFO:meta-cli.py:Epoch 21/100	test results	MRR 0.335700	H@1 0.246629	H@3 0.367023	H@5 0.433011	H@10 0.517395
INFO:meta-cli.py:Epoch 22/100	Loss 6.5820 ± 0.1642
INFO:meta-cli.py:Epoch 23/100	Loss 6.5680 ± 0.1625
INFO:meta-cli.py:Epoch 24/100	Loss 6.5575 ± 0.1583
INFO:meta-cli.py:Epoch 24/100	dev results	MRR 0.340849	H@1 0.250898	H@3 0.371771	H@5 0.437696	H@10 0.524579
INFO:meta-cli.py:Epoch 24/100	test results	MRR 0.336221	H@1 0.246873	H@3 0.367536	H@5 0.433670	H@10 0.518372
INFO:meta-cli.py:Epoch 25/100	Loss 6.5457 ± 0.1577
INFO:meta-cli.py:Epoch 26/100	Loss 6.5347 ± 0.1552
INFO:meta-cli.py:Epoch 27/100	Loss 6.5266 ± 0.1556
INFO:meta-cli.py:Epoch 27/100	dev results	MRR 0.341036	H@1 0.250585	H@3 0.374023	H@5 0.437097	H@10 0.523439
INFO:meta-cli.py:Epoch 27/100	test results	MRR 0.336389	H@1 0.246482	H@3 0.369931	H@5 0.433231	H@10 0.518690
INFO:meta-cli.py:Epoch 28/100	Loss 6.5174 ± 0.1501
INFO:meta-cli.py:Epoch 29/100	Loss 6.5082 ± 0.1469
INFO:meta-cli.py:Epoch 30/100	Loss 6.4998 ± 0.1473
INFO:meta-cli.py:Epoch 30/100	dev results	MRR 0.340400	H@1 0.250185	H@3 0.371400	H@5 0.436727	H@10 0.523268
INFO:meta-cli.py:Epoch 30/100	test results	MRR 0.336197	H@1 0.246213	H@3 0.368220	H@5 0.434794	H@10 0.518054
INFO:meta-cli.py:Epoch 31/100	Loss 6.4916 ± 0.1450
INFO:meta-cli.py:Epoch 32/100	Loss 6.4837 ± 0.1474
INFO:meta-cli.py:Epoch 33/100	Loss 6.4767 ± 0.1404
INFO:meta-cli.py:Epoch 33/100	dev results	MRR 0.341404	H@1 0.250984	H@3 0.374907	H@5 0.437782	H@10 0.523439
INFO:meta-cli.py:Epoch 33/100	test results	MRR 0.337318	H@1 0.247899	H@3 0.369784	H@5 0.433915	H@10 0.518054
INFO:meta-cli.py:Epoch 34/100	Loss 6.4693 ± 0.1390
INFO:meta-cli.py:Epoch 35/100	Loss 6.4629 ± 0.1445
INFO:meta-cli.py:Epoch 36/100	Loss 6.4565 ± 0.1330
INFO:meta-cli.py:Epoch 36/100	dev results	MRR 0.341539	H@1 0.251782	H@3 0.372712	H@5 0.437725	H@10 0.523695
INFO:meta-cli.py:Epoch 36/100	test results	MRR 0.337235	H@1 0.248021	H@3 0.369198	H@5 0.435429	H@10 0.518861
INFO:meta-cli.py:Epoch 37/100	Loss 6.4497 ± 0.1329
INFO:meta-cli.py:Epoch 38/100	Loss 6.4454 ± 0.1450
INFO:meta-cli.py:Epoch 39/100	Loss 6.4387 ± 0.1322
INFO:meta-cli.py:Epoch 39/100	dev results	MRR 0.341420	H@1 0.251098	H@3 0.374679	H@5 0.438067	H@10 0.523467
INFO:meta-cli.py:Epoch 39/100	test results	MRR 0.337715	H@1 0.248778	H@3 0.369955	H@5 0.434599	H@10 0.517224
INFO:meta-cli.py:Epoch 40/100	Loss 6.4338 ± 0.1384
INFO:meta-cli.py:Epoch 41/100	Loss 6.4270 ± 0.1356
INFO:meta-cli.py:Epoch 42/100	Loss 6.4221 ± 0.1287
INFO:meta-cli.py:Epoch 42/100	dev results	MRR 0.341915	H@1 0.252409	H@3 0.373881	H@5 0.437639	H@10 0.523581
INFO:meta-cli.py:Epoch 42/100	test results	MRR 0.337496	H@1 0.248827	H@3 0.369002	H@5 0.433988	H@10 0.517248
INFO:meta-cli.py:Epoch 43/100	Loss 6.4171 ± 0.1314
INFO:meta-cli.py:Epoch 44/100	Loss 6.4118 ± 0.1290
INFO:meta-cli.py:Epoch 45/100	Loss 6.4082 ± 0.1346
INFO:meta-cli.py:Epoch 45/100	dev results	MRR 0.341749	H@1 0.252324	H@3 0.373539	H@5 0.437924	H@10 0.523667
INFO:meta-cli.py:Epoch 45/100	test results	MRR 0.337389	H@1 0.248241	H@3 0.370077	H@5 0.433646	H@10 0.517395
INFO:meta-cli.py:Epoch 46/100	Loss 6.4034 ± 0.1307
INFO:meta-cli.py:Epoch 47/100	Loss 6.3984 ± 0.1312
INFO:meta-cli.py:Epoch 48/100	Loss 6.3941 ± 0.1321
INFO:meta-cli.py:Epoch 48/100	dev results	MRR 0.340579	H@1 0.250670	H@3 0.372484	H@5 0.437639	H@10 0.524294
INFO:meta-cli.py:Epoch 48/100	test results	MRR 0.336598	H@1 0.247019	H@3 0.369442	H@5 0.433622	H@10 0.517908
INFO:meta-cli.py:Epoch 49/100	Loss 6.3903 ± 0.1292
INFO:meta-cli.py:Epoch 50/100	Loss 6.3856 ± 0.1158
INFO:meta-cli.py:Epoch 51/100	Loss 6.3821 ± 0.1202
INFO:meta-cli.py:Epoch 51/100	dev results	MRR 0.341232	H@1 0.251468	H@3 0.372883	H@5 0.438266	H@10 0.523695
INFO:meta-cli.py:Epoch 51/100	test results	MRR 0.337056	H@1 0.247557	H@3 0.369686	H@5 0.433353	H@10 0.517737
INFO:meta-cli.py:Epoch 52/100	Loss 6.3794 ± 0.1361
INFO:meta-cli.py:Epoch 53/100	Loss 6.3733 ± 0.1285
INFO:meta-cli.py:Epoch 54/100	Loss 6.3709 ± 0.1369
INFO:meta-cli.py:Epoch 54/100	dev results	MRR 0.341156	H@1 0.251526	H@3 0.372512	H@5 0.436727	H@10 0.522783
INFO:meta-cli.py:Epoch 54/100	test results	MRR 0.337178	H@1 0.248290	H@3 0.369051	H@5 0.433133	H@10 0.517175
INFO:meta-cli.py:Epoch 55/100	Loss 6.3662 ± 0.1180
INFO:meta-cli.py:Epoch 56/100	Loss 6.3644 ± 0.1295
INFO:meta-cli.py:Epoch 57/100	Loss 6.3610 ± 0.1226
INFO:meta-cli.py:Epoch 57/100	dev results	MRR 0.340929	H@1 0.251297	H@3 0.372541	H@5 0.436498	H@10 0.525093
INFO:meta-cli.py:Epoch 57/100	test results	MRR 0.336912	H@1 0.248046	H@3 0.369100	H@5 0.433231	H@10 0.517639
INFO:meta-cli.py:Epoch 58/100	Loss 6.3578 ± 0.1297
INFO:meta-cli.py:Epoch 59/100	Loss 6.3526 ± 0.1139
INFO:meta-cli.py:Epoch 60/100	Loss 6.3512 ± 0.1217
INFO:meta-cli.py:Epoch 60/100	dev results	MRR 0.341276	H@1 0.251725	H@3 0.373196	H@5 0.437411	H@10 0.523752
INFO:meta-cli.py:Epoch 60/100	test results	MRR 0.337223	H@1 0.248485	H@3 0.368905	H@5 0.432596	H@10 0.517199
INFO:meta-cli.py:Epoch 61/100	Loss 6.3480 ± 0.1195
INFO:meta-cli.py:Epoch 62/100	Loss 6.3441 ± 0.1211
INFO:meta-cli.py:Epoch 63/100	Loss 6.3405 ± 0.1135
INFO:meta-cli.py:Epoch 63/100	dev results	MRR 0.341365	H@1 0.252181	H@3 0.371913	H@5 0.436755	H@10 0.523239
INFO:meta-cli.py:Epoch 63/100	test results	MRR 0.337066	H@1 0.248192	H@3 0.368782	H@5 0.432767	H@10 0.517517
INFO:meta-cli.py:Epoch 64/100	Loss 6.3386 ± 0.1253
INFO:meta-cli.py:Epoch 65/100	Loss 6.3358 ± 0.1163
INFO:meta-cli.py:Epoch 66/100	Loss 6.3326 ± 0.1150
INFO:meta-cli.py:Epoch 66/100	dev results	MRR 0.340105	H@1 0.250185	H@3 0.373025	H@5 0.436698	H@10 0.523011
INFO:meta-cli.py:Epoch 66/100	test results	MRR 0.336799	H@1 0.247728	H@3 0.369149	H@5 0.432669	H@10 0.517859
INFO:meta-cli.py:Epoch 67/100	Loss 6.3300 ± 0.1149
INFO:meta-cli.py:Epoch 68/100	Loss 6.3277 ± 0.1182
INFO:meta-cli.py:Epoch 69/100	Loss 6.3238 ± 0.1215
INFO:meta-cli.py:Epoch 69/100	dev results	MRR 0.341453	H@1 0.252409	H@3 0.372626	H@5 0.437069	H@10 0.522840
INFO:meta-cli.py:Epoch 69/100	test results	MRR 0.336776	H@1 0.247606	H@3 0.368953	H@5 0.433109	H@10 0.516931
INFO:meta-cli.py:Epoch 70/100	Loss 6.3210 ± 0.1114
INFO:meta-cli.py:Epoch 71/100	Loss 6.3187 ± 0.1185
INFO:meta-cli.py:Epoch 72/100	Loss 6.3167 ± 0.1142
INFO:meta-cli.py:Epoch 72/100	dev results	MRR 0.341423	H@1 0.252381	H@3 0.373482	H@5 0.435415	H@10 0.522526
INFO:meta-cli.py:Epoch 72/100	test results	MRR 0.337020	H@1 0.248021	H@3 0.369393	H@5 0.432938	H@10 0.517175
INFO:meta-cli.py:Epoch 73/100	Loss 6.3149 ± 0.1207
INFO:meta-cli.py:Epoch 74/100	Loss 6.3114 ± 0.1166
INFO:meta-cli.py:Epoch 75/100	Loss 6.3093 ± 0.1172
INFO:meta-cli.py:Epoch 75/100	dev results	MRR 0.341150	H@1 0.251982	H@3 0.372198	H@5 0.436384	H@10 0.522812
INFO:meta-cli.py:Epoch 75/100	test results	MRR 0.336968	H@1 0.248021	H@3 0.368562	H@5 0.433060	H@10 0.517028
INFO:meta-cli.py:Epoch 76/100	Loss 6.3072 ± 0.1121
INFO:meta-cli.py:Epoch 77/100	Loss 6.3053 ± 0.1160
INFO:meta-cli.py:Epoch 78/100	Loss 6.3025 ± 0.1153
INFO:meta-cli.py:Epoch 78/100	dev results	MRR 0.339742	H@1 0.249786	H@3 0.371628	H@5 0.436242	H@10 0.521585
INFO:meta-cli.py:Epoch 78/100	test results	MRR 0.335858	H@1 0.246775	H@3 0.368465	H@5 0.432938	H@10 0.516735
INFO:meta-cli.py:Epoch 79/100	Loss 6.3012 ± 0.1123
INFO:meta-cli.py:Epoch 80/100	Loss 6.2983 ± 0.1163
INFO:meta-cli.py:Epoch 81/100	Loss 6.2956 ± 0.1079
INFO:meta-cli.py:Epoch 81/100	dev results	MRR 0.340967	H@1 0.251782	H@3 0.372313	H@5 0.436099	H@10 0.522070
INFO:meta-cli.py:Epoch 81/100	test results	MRR 0.337033	H@1 0.248485	H@3 0.368660	H@5 0.433060	H@10 0.516784
INFO:meta-cli.py:Epoch 82/100	Loss 6.2933 ± 0.1113
INFO:meta-cli.py:Epoch 83/100	Loss 6.2915 ± 0.1097
INFO:meta-cli.py:Epoch 84/100	Loss 6.2890 ± 0.1032
INFO:meta-cli.py:Epoch 84/100	dev results	MRR 0.340360	H@1 0.251012	H@3 0.371799	H@5 0.435586	H@10 0.521414
INFO:meta-cli.py:Epoch 84/100	test results	MRR 0.336481	H@1 0.247948	H@3 0.368880	H@5 0.431985	H@10 0.515758
INFO:meta-cli.py:Epoch 85/100	Loss 6.2867 ± 0.1071
INFO:meta-cli.py:Epoch 86/100	Loss 6.2851 ± 0.1068
INFO:meta-cli.py:Epoch 87/100	Loss 6.2838 ± 0.1079
INFO:meta-cli.py:Epoch 87/100	dev results	MRR 0.340179	H@1 0.250870	H@3 0.371742	H@5 0.434588	H@10 0.521585
INFO:meta-cli.py:Epoch 87/100	test results	MRR 0.336457	H@1 0.247777	H@3 0.368367	H@5 0.432058	H@10 0.516271
INFO:meta-cli.py:Epoch 88/100	Loss 6.2819 ± 0.1110
INFO:meta-cli.py:Epoch 89/100	Loss 6.2794 ± 0.1087
INFO:meta-cli.py:Epoch 90/100	Loss 6.2777 ± 0.1026
INFO:meta-cli.py:Epoch 90/100	dev results	MRR 0.340185	H@1 0.251269	H@3 0.371771	H@5 0.434132	H@10 0.521186
INFO:meta-cli.py:Epoch 90/100	test results	MRR 0.336140	H@1 0.247630	H@3 0.367903	H@5 0.432351	H@10 0.516540
INFO:meta-cli.py:Epoch 91/100	Loss 6.2755 ± 0.1042
INFO:meta-cli.py:Epoch 92/100	Loss 6.2734 ± 0.1075
INFO:meta-cli.py:Epoch 93/100	Loss 6.2716 ± 0.1097
INFO:meta-cli.py:Epoch 93/100	dev results	MRR 0.339908	H@1 0.250898	H@3 0.371229	H@5 0.434674	H@10 0.521300
INFO:meta-cli.py:Epoch 93/100	test results	MRR 0.336333	H@1 0.247728	H@3 0.368391	H@5 0.432253	H@10 0.515660
INFO:meta-cli.py:Epoch 94/100	Loss 6.2705 ± 0.0967
INFO:meta-cli.py:Epoch 95/100	Loss 6.2694 ± 0.1152
INFO:meta-cli.py:Epoch 96/100	Loss 6.2656 ± 0.1095
INFO:meta-cli.py:Epoch 96/100	dev results	MRR 0.340013	H@1 0.250898	H@3 0.371086	H@5 0.435187	H@10 0.520958
INFO:meta-cli.py:Epoch 96/100	test results	MRR 0.336422	H@1 0.247777	H@3 0.368343	H@5 0.431521	H@10 0.515294
INFO:meta-cli.py:Epoch 97/100	Loss 6.2653 ± 0.1045
INFO:meta-cli.py:Epoch 98/100	Loss 6.2622 ± 0.0984
INFO:meta-cli.py:Epoch 99/100	Loss 6.2617 ± 0.1013
INFO:meta-cli.py:Epoch 99/100	dev results	MRR 0.340382	H@1 0.251212	H@3 0.372141	H@5 0.434816	H@10 0.521158
INFO:meta-cli.py:Epoch 99/100	test results	MRR 0.336471	H@1 0.247899	H@3 0.367878	H@5 0.431814	H@10 0.515343
INFO:meta-cli.py:Epoch 100/100	Loss 6.2598 ± 0.1047
INFO:meta-cli.py:Final 	dev results	MRR 0.340306	H@1 0.251354	H@3 0.371885	H@5 0.434559	H@10 0.521158
INFO:meta-cli.py:Final 	test results	MRR 0.336175	H@1 0.247459	H@3 0.367756	H@5 0.432376	H@10 0.516124
INFO:meta-cli.py:Training finished
