./bin/meta-cli.py --train data/fb15k-237/train.tsv --dev data/fb15k-237/dev.tsv --test data/fb15k-237/test.tsv -m complex -k 2000 -b 100 -e 100 --F2 0 --N3 0.5 -l 0.1 -I standard -V 3 -o adagrad -q
{'F2': 0.0,
 'N3': 0.5,
 'batch_size': 100,
 'dev': 'data/fb15k-237/dev.tsv',
 'embedding_size': 2000,
 'epochs': 100,
 'eval_batch_size': None,
 'input_type': 'standard',
 'learning_rate': 0.1,
 'load': None,
 'model': 'complex',
 'optimizer': 'adagrad',
 'quiet': True,
 'save': None,
 'seed': 0,
 'test': 'data/fb15k-237/test.tsv',
 'test_i': None,
 'test_ii': None,
 'train': 'data/fb15k-237/train.tsv',
 'validate_every': 3}
INFO:meta-cli.py:Device: cuda
INFO:meta-cli.py:Model state:
INFO:meta-cli.py:	entities.weight	torch.Size([14541, 4000])
INFO:meta-cli.py:	predicates.weight	torch.Size([237, 4000])
INFO:meta-cli.py:Epoch 1/100	Loss 34.2585 ± 7.1168
INFO:meta-cli.py:Epoch 2/100	Loss 24.5401 ± 2.2397
INFO:meta-cli.py:Epoch 3/100	Loss 22.5573 ± 1.8641
INFO:meta-cli.py:Epoch 3/100	dev results	MRR 0.155093	H@1 0.094753	H@3 0.168891	H@5 0.209495	H@10 0.282692
INFO:meta-cli.py:Epoch 3/100	test results	MRR 0.155395	H@1 0.096648	H@3 0.167571	H@5 0.207124	H@10 0.280074
INFO:meta-cli.py:Epoch 4/100	Loss 21.6342 ± 1.6476
INFO:meta-cli.py:Epoch 5/100	Loss 21.0907 ± 1.5239
INFO:meta-cli.py:Epoch 6/100	Loss 20.7273 ± 1.4049
INFO:meta-cli.py:Epoch 6/100	dev results	MRR 0.163398	H@1 0.098660	H@3 0.183291	H@5 0.225121	H@10 0.293755
INFO:meta-cli.py:Epoch 6/100	test results	MRR 0.163122	H@1 0.099311	H@3 0.181032	H@5 0.223004	H@10 0.293242
INFO:meta-cli.py:Epoch 7/100	Loss 20.4664 ± 1.2993
INFO:meta-cli.py:Epoch 8/100	Loss 20.2661 ± 1.2559
INFO:meta-cli.py:Epoch 9/100	Loss 20.1092 ± 1.2014
INFO:meta-cli.py:Epoch 9/100	dev results	MRR 0.161587	H@1 0.097377	H@3 0.177531	H@5 0.223353	H@10 0.290790
INFO:meta-cli.py:Epoch 9/100	test results	MRR 0.160997	H@1 0.097772	H@3 0.175730	H@5 0.220561	H@10 0.289944
INFO:meta-cli.py:Epoch 10/100	Loss 19.9820 ± 1.1148
INFO:meta-cli.py:Epoch 11/100	Loss 19.8761 ± 1.0974
INFO:meta-cli.py:Epoch 12/100	Loss 19.7867 ± 1.0361
INFO:meta-cli.py:Epoch 12/100	dev results	MRR 0.159785	H@1 0.097263	H@3 0.173795	H@5 0.216367	H@10 0.281009
INFO:meta-cli.py:Epoch 12/100	test results	MRR 0.159730	H@1 0.097821	H@3 0.174460	H@5 0.216115	H@10 0.279928
INFO:meta-cli.py:Epoch 13/100	Loss 19.7104 ± 0.9985
INFO:meta-cli.py:Epoch 14/100	Loss 19.6442 ± 0.9938
INFO:meta-cli.py:Epoch 15/100	Loss 19.5859 ± 0.9511
INFO:meta-cli.py:Epoch 15/100	dev results	MRR 0.154580	H@1 0.090533	H@3 0.172027	H@5 0.212603	H@10 0.277502
INFO:meta-cli.py:Epoch 15/100	test results	MRR 0.153596	H@1 0.090931	H@3 0.168010	H@5 0.209836	H@10 0.275066
INFO:meta-cli.py:Epoch 16/100	Loss 19.5345 ± 0.9551
INFO:meta-cli.py:Epoch 17/100	Loss 19.4889 ± 0.8979
INFO:meta-cli.py:Epoch 18/100	Loss 19.4500 ± 0.8810
INFO:meta-cli.py:Epoch 18/100	dev results	MRR 0.156159	H@1 0.093299	H@3 0.170687	H@5 0.212831	H@10 0.278814
INFO:meta-cli.py:Epoch 18/100	test results	MRR 0.155664	H@1 0.093692	H@3 0.168255	H@5 0.210349	H@10 0.276507
INFO:meta-cli.py:Epoch 19/100	Loss 19.4105 ± 0.8718
INFO:meta-cli.py:Epoch 20/100	Loss 19.3770 ± 0.8414
INFO:meta-cli.py:Epoch 21/100	Loss 19.3462 ± 0.8413
INFO:meta-cli.py:Epoch 21/100	dev results	MRR 0.152694	H@1 0.090134	H@3 0.167522	H@5 0.208497	H@10 0.273139
INFO:meta-cli.py:Epoch 21/100	test results	MRR 0.153020	H@1 0.092446	H@3 0.166276	H@5 0.207173	H@10 0.269813
INFO:meta-cli.py:Epoch 22/100	Loss 19.3181 ± 0.8132
INFO:meta-cli.py:Epoch 23/100	Loss 19.2929 ± 0.8350
INFO:meta-cli.py:Epoch 24/100	Loss 19.2693 ± 0.7822
INFO:meta-cli.py:Epoch 24/100	dev results	MRR 0.152943	H@1 0.091930	H@3 0.166581	H@5 0.207385	H@10 0.272512
INFO:meta-cli.py:Epoch 24/100	test results	MRR 0.153246	H@1 0.092886	H@3 0.166080	H@5 0.207588	H@10 0.271328
INFO:meta-cli.py:Epoch 25/100	Loss 19.2464 ± 0.7684
INFO:meta-cli.py:Epoch 26/100	Loss 19.2260 ± 0.7516
INFO:meta-cli.py:Epoch 27/100	Loss 19.2068 ± 0.7366
INFO:meta-cli.py:Epoch 27/100	dev results	MRR 0.150036	H@1 0.088537	H@3 0.161192	H@5 0.204962	H@10 0.271315
INFO:meta-cli.py:Epoch 27/100	test results	MRR 0.149769	H@1 0.089075	H@3 0.160583	H@5 0.203533	H@10 0.270107
INFO:meta-cli.py:Epoch 28/100	Loss 19.1888 ± 0.7315
INFO:meta-cli.py:Epoch 29/100	Loss 19.1722 ± 0.7136
INFO:meta-cli.py:Epoch 30/100	Loss 19.1565 ± 0.7149
INFO:meta-cli.py:Epoch 30/100	dev results	MRR 0.150024	H@1 0.088281	H@3 0.164129	H@5 0.206444	H@10 0.267665
INFO:meta-cli.py:Epoch 30/100	test results	MRR 0.148928	H@1 0.087853	H@3 0.160999	H@5 0.203166	H@10 0.267468
INFO:meta-cli.py:Epoch 31/100	Loss 19.1417 ± 0.6999
INFO:meta-cli.py:Epoch 32/100	Loss 19.1278 ± 0.6842
INFO:meta-cli.py:Epoch 33/100	Loss 19.1149 ± 0.6725
INFO:meta-cli.py:Epoch 33/100	dev results	MRR 0.149364	H@1 0.087910	H@3 0.162732	H@5 0.203080	H@10 0.268520
INFO:meta-cli.py:Epoch 33/100	test results	MRR 0.148295	H@1 0.087535	H@3 0.159606	H@5 0.203117	H@10 0.267590
INFO:meta-cli.py:Epoch 34/100	Loss 19.1025 ± 0.6798
INFO:meta-cli.py:Epoch 35/100	Loss 19.0910 ± 0.6540
INFO:meta-cli.py:Epoch 36/100	Loss 19.0796 ± 0.6448
INFO:meta-cli.py:Epoch 36/100	dev results	MRR 0.150305	H@1 0.089735	H@3 0.160051	H@5 0.204619	H@10 0.267893
INFO:meta-cli.py:Epoch 36/100	test results	MRR 0.150124	H@1 0.090687	H@3 0.158385	H@5 0.203435	H@10 0.266320
INFO:meta-cli.py:Epoch 37/100	Loss 19.0690 ± 0.6455
INFO:meta-cli.py:Epoch 38/100	Loss 19.0590 ± 0.6303
INFO:meta-cli.py:Epoch 39/100	Loss 19.0495 ± 0.6290
INFO:meta-cli.py:Epoch 39/100	dev results	MRR 0.149986	H@1 0.088936	H@3 0.161819	H@5 0.204477	H@10 0.266809
INFO:meta-cli.py:Epoch 39/100	test results	MRR 0.149240	H@1 0.089294	H@3 0.158678	H@5 0.202336	H@10 0.265147
INFO:meta-cli.py:Epoch 40/100	Loss 19.0404 ± 0.6200
INFO:meta-cli.py:Epoch 41/100	Loss 19.0317 ± 0.6124
INFO:meta-cli.py:Epoch 42/100	Loss 19.0235 ± 0.6043
INFO:meta-cli.py:Epoch 42/100	dev results	MRR 0.146931	H@1 0.084574	H@3 0.160878	H@5 0.203194	H@10 0.269889
INFO:meta-cli.py:Epoch 42/100	test results	MRR 0.146528	H@1 0.084946	H@3 0.158116	H@5 0.202384	H@10 0.268616
INFO:meta-cli.py:Epoch 43/100	Loss 19.0155 ± 0.6054
INFO:meta-cli.py:Epoch 44/100	Loss 19.0079 ± 0.5869
INFO:meta-cli.py:Epoch 45/100	Loss 19.0006 ± 0.5858
INFO:meta-cli.py:Epoch 45/100	dev results	MRR 0.147575	H@1 0.085857	H@3 0.158540	H@5 0.204334	H@10 0.267722
INFO:meta-cli.py:Epoch 45/100	test results	MRR 0.147010	H@1 0.086509	H@3 0.155160	H@5 0.202482	H@10 0.267102
INFO:meta-cli.py:Epoch 46/100	Loss 18.9936 ± 0.5668
INFO:meta-cli.py:Epoch 47/100	Loss 18.9870 ± 0.5696
INFO:meta-cli.py:Epoch 48/100	Loss 18.9805 ± 0.5598
INFO:meta-cli.py:Epoch 48/100	dev results	MRR 0.148482	H@1 0.087340	H@3 0.160165	H@5 0.202880	H@10 0.266182
INFO:meta-cli.py:Epoch 48/100	test results	MRR 0.147732	H@1 0.087633	H@3 0.158067	H@5 0.201432	H@10 0.265123
INFO:meta-cli.py:Epoch 49/100	Loss 18.9744 ± 0.5649
INFO:meta-cli.py:Epoch 50/100	Loss 18.9683 ± 0.5547
INFO:meta-cli.py:Epoch 51/100	Loss 18.9626 ± 0.5589
INFO:meta-cli.py:Epoch 51/100	dev results	MRR 0.149424	H@1 0.089706	H@3 0.159224	H@5 0.202281	H@10 0.266210
INFO:meta-cli.py:Epoch 51/100	test results	MRR 0.148600	H@1 0.089661	H@3 0.156088	H@5 0.199844	H@10 0.265562
INFO:meta-cli.py:Epoch 52/100	Loss 18.9571 ± 0.5556
INFO:meta-cli.py:Epoch 53/100	Loss 18.9517 ± 0.5438
INFO:meta-cli.py:Epoch 54/100	Loss 18.9466 ± 0.5356
INFO:meta-cli.py:Epoch 54/100	dev results	MRR 0.147628	H@1 0.087140	H@3 0.156344	H@5 0.202737	H@10 0.264699
INFO:meta-cli.py:Epoch 54/100	test results	MRR 0.148064	H@1 0.088781	H@3 0.154256	H@5 0.201871	H@10 0.263852
INFO:meta-cli.py:Epoch 55/100	Loss 18.9415 ± 0.5262
INFO:meta-cli.py:Epoch 56/100	Loss 18.9367 ± 0.5257
INFO:meta-cli.py:Epoch 57/100	Loss 18.9320 ± 0.5152
INFO:meta-cli.py:Epoch 57/100	dev results	MRR 0.149124	H@1 0.088708	H@3 0.158597	H@5 0.204021	H@10 0.266382
INFO:meta-cli.py:Epoch 57/100	test results	MRR 0.147457	H@1 0.088757	H@3 0.153767	H@5 0.200210	H@10 0.264976
INFO:meta-cli.py:Epoch 58/100	Loss 18.9275 ± 0.5149
INFO:meta-cli.py:Epoch 59/100	Loss 18.9238 ± 0.5090
INFO:meta-cli.py:Epoch 60/100	Loss 18.9188 ± 0.5216
INFO:meta-cli.py:Epoch 60/100	dev results	MRR 0.148072	H@1 0.088109	H@3 0.155432	H@5 0.201625	H@10 0.266239
INFO:meta-cli.py:Epoch 60/100	test results	MRR 0.147621	H@1 0.088684	H@3 0.152643	H@5 0.201383	H@10 0.264463
INFO:meta-cli.py:Epoch 61/100	Loss 18.9148 ± 0.4935
INFO:meta-cli.py:Epoch 62/100	Loss 18.9109 ± 0.4945
INFO:meta-cli.py:Epoch 63/100	Loss 18.9071 ± 0.4956
INFO:meta-cli.py:Epoch 63/100	dev results	MRR 0.148372	H@1 0.087368	H@3 0.158312	H@5 0.203764	H@10 0.265669
INFO:meta-cli.py:Epoch 63/100	test results	MRR 0.146920	H@1 0.086876	H@3 0.154842	H@5 0.201505	H@10 0.265049
INFO:meta-cli.py:Epoch 64/100	Loss 18.9031 ± 0.4844
INFO:meta-cli.py:Epoch 65/100	Loss 18.8995 ± 0.4951
INFO:meta-cli.py:Epoch 66/100	Loss 18.8964 ± 0.4811
INFO:meta-cli.py:Epoch 66/100	dev results	MRR 0.148292	H@1 0.087482	H@3 0.158169	H@5 0.201910	H@10 0.265897
INFO:meta-cli.py:Epoch 66/100	test results	MRR 0.147475	H@1 0.087584	H@3 0.154818	H@5 0.200625	H@10 0.266198
INFO:meta-cli.py:Epoch 67/100	Loss 18.8927 ± 0.4665
INFO:meta-cli.py:Epoch 68/100	Loss 18.8893 ± 0.4670
INFO:meta-cli.py:Epoch 69/100	Loss 18.8860 ± 0.4667
INFO:meta-cli.py:Epoch 69/100	dev results	MRR 0.148749	H@1 0.087739	H@3 0.159424	H@5 0.205076	H@10 0.266752
INFO:meta-cli.py:Epoch 69/100	test results	MRR 0.148188	H@1 0.088415	H@3 0.156797	H@5 0.202311	H@10 0.265782
INFO:meta-cli.py:Epoch 70/100	Loss 18.8828 ± 0.4682
INFO:meta-cli.py:Epoch 71/100	Loss 18.8803 ± 0.4642
INFO:meta-cli.py:Epoch 72/100	Loss 18.8769 ± 0.4508
INFO:meta-cli.py:Epoch 72/100	dev results	MRR 0.146309	H@1 0.085743	H@3 0.154149	H@5 0.200627	H@10 0.265669
INFO:meta-cli.py:Epoch 72/100	test results	MRR 0.145384	H@1 0.086631	H@3 0.150200	H@5 0.198011	H@10 0.263779
INFO:meta-cli.py:Epoch 73/100	Loss 18.8738 ± 0.4433
INFO:meta-cli.py:Epoch 74/100	Loss 18.8712 ± 0.4523
INFO:meta-cli.py:Epoch 75/100	Loss 18.8681 ± 0.4439
INFO:meta-cli.py:Epoch 75/100	dev results	MRR 0.148073	H@1 0.088822	H@3 0.155061	H@5 0.201112	H@10 0.263986
INFO:meta-cli.py:Epoch 75/100	test results	MRR 0.146550	H@1 0.088342	H@3 0.149712	H@5 0.198647	H@10 0.263046
INFO:meta-cli.py:Epoch 76/100	Loss 18.8657 ± 0.4537
INFO:meta-cli.py:Epoch 77/100	Loss 18.8629 ± 0.4392
INFO:meta-cli.py:Epoch 78/100	Loss 18.8604 ± 0.4559
INFO:meta-cli.py:Epoch 78/100	dev results	MRR 0.146334	H@1 0.085971	H@3 0.156031	H@5 0.199658	H@10 0.263901
INFO:meta-cli.py:Epoch 78/100	test results	MRR 0.146246	H@1 0.087755	H@3 0.152668	H@5 0.197327	H@10 0.263437
INFO:meta-cli.py:Epoch 79/100	Loss 18.8578 ± 0.4408
INFO:meta-cli.py:Epoch 80/100	Loss 18.8553 ± 0.4282
INFO:meta-cli.py:Epoch 81/100	Loss 18.8530 ± 0.4297
INFO:meta-cli.py:Epoch 81/100	dev results	MRR 0.147457	H@1 0.086513	H@3 0.157799	H@5 0.201768	H@10 0.264100
INFO:meta-cli.py:Epoch 81/100	test results	MRR 0.146582	H@1 0.087169	H@3 0.154207	H@5 0.199917	H@10 0.263486
INFO:meta-cli.py:Epoch 82/100	Loss 18.8509 ± 0.4308
INFO:meta-cli.py:Epoch 83/100	Loss 18.8483 ± 0.4345
INFO:meta-cli.py:Epoch 84/100	Loss 18.8462 ± 0.4300
INFO:meta-cli.py:Epoch 84/100	dev results	MRR 0.148736	H@1 0.089222	H@3 0.156487	H@5 0.203279	H@10 0.265612
INFO:meta-cli.py:Epoch 84/100	test results	MRR 0.147741	H@1 0.089148	H@3 0.153792	H@5 0.199599	H@10 0.262582
INFO:meta-cli.py:Epoch 85/100	Loss 18.8439 ± 0.4140
INFO:meta-cli.py:Epoch 86/100	Loss 18.8419 ± 0.4098
INFO:meta-cli.py:Epoch 87/100	Loss 18.8398 ± 0.4222
INFO:meta-cli.py:Epoch 87/100	dev results	MRR 0.148408	H@1 0.088965	H@3 0.155346	H@5 0.200941	H@10 0.265640
INFO:meta-cli.py:Epoch 87/100	test results	MRR 0.147389	H@1 0.089417	H@3 0.151226	H@5 0.197523	H@10 0.263266
INFO:meta-cli.py:Epoch 88/100	Loss 18.8377 ± 0.4122
INFO:meta-cli.py:Epoch 89/100	Loss 18.8356 ± 0.4107
INFO:meta-cli.py:Epoch 90/100	Loss 18.8338 ± 0.4214
INFO:meta-cli.py:Epoch 90/100	dev results	MRR 0.146575	H@1 0.085914	H@3 0.156116	H@5 0.200428	H@10 0.263844
INFO:meta-cli.py:Epoch 90/100	test results	MRR 0.145497	H@1 0.085972	H@3 0.152155	H@5 0.197791	H@10 0.262851
INFO:meta-cli.py:Epoch 91/100	Loss 18.8319 ± 0.4028
INFO:meta-cli.py:Epoch 92/100	Loss 18.8301 ± 0.4057
INFO:meta-cli.py:Epoch 93/100	Loss 18.8282 ± 0.3938
INFO:meta-cli.py:Epoch 93/100	dev results	MRR 0.146016	H@1 0.085087	H@3 0.154691	H@5 0.200029	H@10 0.264443
INFO:meta-cli.py:Epoch 93/100	test results	MRR 0.144797	H@1 0.084921	H@3 0.150713	H@5 0.198158	H@10 0.263315
INFO:meta-cli.py:Epoch 94/100	Loss 18.8266 ± 0.3936
INFO:meta-cli.py:Epoch 95/100	Loss 18.8248 ± 0.4068
INFO:meta-cli.py:Epoch 96/100	Loss 18.8233 ± 0.3898
INFO:meta-cli.py:Epoch 96/100	dev results	MRR 0.148073	H@1 0.088851	H@3 0.156202	H@5 0.201141	H@10 0.263302
INFO:meta-cli.py:Epoch 96/100	test results	MRR 0.146533	H@1 0.088488	H@3 0.152692	H@5 0.197498	H@10 0.261873
INFO:meta-cli.py:Epoch 97/100	Loss 18.8212 ± 0.3936
INFO:meta-cli.py:Epoch 98/100	Loss 18.8196 ± 0.3854
INFO:meta-cli.py:Epoch 99/100	Loss 18.8180 ± 0.3867
INFO:meta-cli.py:Epoch 99/100	dev results	MRR 0.148480	H@1 0.089050	H@3 0.156972	H@5 0.199886	H@10 0.261848
INFO:meta-cli.py:Epoch 99/100	test results	MRR 0.147851	H@1 0.089930	H@3 0.154500	H@5 0.197449	H@10 0.261067
INFO:meta-cli.py:Epoch 100/100	Loss 18.8163 ± 0.3775
INFO:meta-cli.py:Final 	dev results	MRR 0.147386	H@1 0.086627	H@3 0.157114	H@5 0.200884	H@10 0.263901
INFO:meta-cli.py:Final 	test results	MRR 0.146446	H@1 0.086998	H@3 0.151959	H@5 0.198011	H@10 0.262728
INFO:meta-cli.py:Training finished
