./bin/meta-cli.py --train data/fb15k-237/train.tsv --dev data/fb15k-237/dev.tsv --test data/fb15k-237/test.tsv -m complex -k 1000 -b 100 -e 100 --F2 0 --N3 0.005 -l 0.1 -I reciprocal -V 3 -o adagrad -q
{'F2': 0.0,
 'N3': 0.005,
 'batch_size': 100,
 'dev': 'data/fb15k-237/dev.tsv',
 'embedding_size': 1000,
 'epochs': 100,
 'eval_batch_size': None,
 'input_type': 'reciprocal',
 'learning_rate': 0.1,
 'load': None,
 'model': 'complex',
 'optimizer': 'adagrad',
 'quiet': True,
 'save': None,
 'seed': 0,
 'test': 'data/fb15k-237/test.tsv',
 'test_i': None,
 'test_ii': None,
 'train': 'data/fb15k-237/train.tsv',
 'validate_every': 3}
INFO:meta-cli.py:Device: cuda
INFO:meta-cli.py:Model state:
INFO:meta-cli.py:	entities.weight	torch.Size([14541, 2000])
INFO:meta-cli.py:	predicates.weight	torch.Size([474, 2000])
INFO:meta-cli.py:Epoch 1/100	Loss 10.8199 ± 2.4237
INFO:meta-cli.py:Epoch 2/100	Loss 7.3433 ± 0.2511
INFO:meta-cli.py:Epoch 3/100	Loss 6.9183 ± 0.2650
INFO:meta-cli.py:Epoch 3/100	dev results	MRR 0.333678	H@1 0.245452	H@3 0.364870	H@5 0.428286	H@10 0.511719
INFO:meta-cli.py:Epoch 3/100	test results	MRR 0.327778	H@1 0.237882	H@3 0.359694	H@5 0.423239	H@10 0.507525
INFO:meta-cli.py:Epoch 4/100	Loss 6.7245 ± 0.2685
INFO:meta-cli.py:Epoch 5/100	Loss 6.6057 ± 0.2680
INFO:meta-cli.py:Epoch 6/100	Loss 6.5210 ± 0.2676
INFO:meta-cli.py:Epoch 6/100	dev results	MRR 0.341818	H@1 0.251583	H@3 0.376932	H@5 0.438181	H@10 0.520416
INFO:meta-cli.py:Epoch 6/100	test results	MRR 0.334517	H@1 0.243037	H@3 0.369295	H@5 0.433206	H@10 0.516808
INFO:meta-cli.py:Epoch 7/100	Loss 6.4586 ± 0.2660
INFO:meta-cli.py:Epoch 8/100	Loss 6.4072 ± 0.2656
INFO:meta-cli.py:Epoch 9/100	Loss 6.3658 ± 0.2642
INFO:meta-cli.py:Epoch 9/100	dev results	MRR 0.345716	H@1 0.255746	H@3 0.378700	H@5 0.443541	H@10 0.525406
INFO:meta-cli.py:Epoch 9/100	test results	MRR 0.338090	H@1 0.246116	H@3 0.372423	H@5 0.436529	H@10 0.520375
INFO:meta-cli.py:Epoch 10/100	Loss 6.3306 ± 0.2625
INFO:meta-cli.py:Epoch 11/100	Loss 6.3003 ± 0.2580
INFO:meta-cli.py:Epoch 12/100	Loss 6.2742 ± 0.2567
INFO:meta-cli.py:Epoch 12/100	dev results	MRR 0.348081	H@1 0.257371	H@3 0.382635	H@5 0.444625	H@10 0.529512
INFO:meta-cli.py:Epoch 12/100	test results	MRR 0.341022	H@1 0.249682	H@3 0.376356	H@5 0.438605	H@10 0.523209
INFO:meta-cli.py:Epoch 13/100	Loss 6.2511 ± 0.2588
INFO:meta-cli.py:Epoch 14/100	Loss 6.2303 ± 0.2597
INFO:meta-cli.py:Epoch 15/100	Loss 6.2115 ± 0.2513
INFO:meta-cli.py:Epoch 15/100	dev results	MRR 0.348758	H@1 0.258797	H@3 0.382492	H@5 0.445994	H@10 0.529855
INFO:meta-cli.py:Epoch 15/100	test results	MRR 0.341978	H@1 0.250537	H@3 0.376674	H@5 0.439974	H@10 0.525261
INFO:meta-cli.py:Epoch 16/100	Loss 6.1945 ± 0.2517
INFO:meta-cli.py:Epoch 17/100	Loss 6.1789 ± 0.2508
INFO:meta-cli.py:Epoch 18/100	Loss 6.1645 ± 0.2451
INFO:meta-cli.py:Epoch 18/100	dev results	MRR 0.351126	H@1 0.261563	H@3 0.384830	H@5 0.447419	H@10 0.532592
INFO:meta-cli.py:Epoch 18/100	test results	MRR 0.342576	H@1 0.250464	H@3 0.378457	H@5 0.442368	H@10 0.525188
INFO:meta-cli.py:Epoch 19/100	Loss 6.1514 ± 0.2454
INFO:meta-cli.py:Epoch 20/100	Loss 6.1390 ± 0.2457
INFO:meta-cli.py:Epoch 21/100	Loss 6.1276 ± 0.2446
INFO:meta-cli.py:Epoch 21/100	dev results	MRR 0.350932	H@1 0.260593	H@3 0.385629	H@5 0.447220	H@10 0.531195
INFO:meta-cli.py:Epoch 21/100	test results	MRR 0.343697	H@1 0.251612	H@3 0.380143	H@5 0.442466	H@10 0.526874
INFO:meta-cli.py:Epoch 22/100	Loss 6.1166 ± 0.2485
INFO:meta-cli.py:Epoch 23/100	Loss 6.1068 ± 0.2487
INFO:meta-cli.py:Epoch 24/100	Loss 6.0972 ± 0.2452
INFO:meta-cli.py:Epoch 24/100	dev results	MRR 0.351360	H@1 0.261192	H@3 0.384260	H@5 0.448931	H@10 0.533590
INFO:meta-cli.py:Epoch 24/100	test results	MRR 0.343958	H@1 0.252125	H@3 0.379434	H@5 0.442637	H@10 0.527924
INFO:meta-cli.py:Epoch 25/100	Loss 6.0884 ± 0.2470
INFO:meta-cli.py:Epoch 26/100	Loss 6.0800 ± 0.2472
INFO:meta-cli.py:Epoch 27/100	Loss 6.0718 ± 0.2470
INFO:meta-cli.py:Epoch 27/100	dev results	MRR 0.351728	H@1 0.261306	H@3 0.385971	H@5 0.448731	H@10 0.533904
INFO:meta-cli.py:Epoch 27/100	test results	MRR 0.344341	H@1 0.252077	H@3 0.380949	H@5 0.442710	H@10 0.528657
INFO:meta-cli.py:Epoch 28/100	Loss 6.0644 ± 0.2462
INFO:meta-cli.py:Epoch 29/100	Loss 6.0573 ± 0.2411
INFO:meta-cli.py:Epoch 30/100	Loss 6.0502 ± 0.2468
INFO:meta-cli.py:Epoch 30/100	dev results	MRR 0.352260	H@1 0.261905	H@3 0.386342	H@5 0.449016	H@10 0.533504
INFO:meta-cli.py:Epoch 30/100	test results	MRR 0.343828	H@1 0.252052	H@3 0.377822	H@5 0.444200	H@10 0.527778
INFO:meta-cli.py:Epoch 31/100	Loss 6.0436 ± 0.2409
INFO:meta-cli.py:Epoch 32/100	Loss 6.0375 ± 0.2441
INFO:meta-cli.py:Epoch 33/100	Loss 6.0313 ± 0.2433
INFO:meta-cli.py:Epoch 33/100	dev results	MRR 0.352748	H@1 0.262361	H@3 0.387140	H@5 0.449815	H@10 0.534360
INFO:meta-cli.py:Epoch 33/100	test results	MRR 0.345694	H@1 0.253836	H@3 0.382244	H@5 0.444884	H@10 0.528828
INFO:meta-cli.py:Epoch 34/100	Loss 6.0256 ± 0.2395
INFO:meta-cli.py:Epoch 35/100	Loss 6.0204 ± 0.2419
INFO:meta-cli.py:Epoch 36/100	Loss 6.0150 ± 0.2439
INFO:meta-cli.py:Epoch 36/100	dev results	MRR 0.352918	H@1 0.262817	H@3 0.386342	H@5 0.449159	H@10 0.533162
INFO:meta-cli.py:Epoch 36/100	test results	MRR 0.345646	H@1 0.254275	H@3 0.381193	H@5 0.444762	H@10 0.528755
INFO:meta-cli.py:Epoch 37/100	Loss 6.0098 ± 0.2428
INFO:meta-cli.py:Epoch 38/100	Loss 6.0050 ± 0.2412
INFO:meta-cli.py:Epoch 39/100	Loss 6.0000 ± 0.2392
INFO:meta-cli.py:Epoch 39/100	dev results	MRR 0.353000	H@1 0.262332	H@3 0.385971	H@5 0.450784	H@10 0.534645
INFO:meta-cli.py:Epoch 39/100	test results	MRR 0.345691	H@1 0.253982	H@3 0.380582	H@5 0.445055	H@10 0.530148
INFO:meta-cli.py:Epoch 40/100	Loss 5.9955 ± 0.2391
INFO:meta-cli.py:Epoch 41/100	Loss 5.9911 ± 0.2385
INFO:meta-cli.py:Epoch 42/100	Loss 5.9868 ± 0.2370
INFO:meta-cli.py:Epoch 42/100	dev results	MRR 0.354261	H@1 0.264357	H@3 0.387197	H@5 0.450870	H@10 0.535329
INFO:meta-cli.py:Epoch 42/100	test results	MRR 0.346481	H@1 0.255448	H@3 0.381975	H@5 0.445251	H@10 0.530563
INFO:meta-cli.py:Epoch 43/100	Loss 5.9828 ± 0.2399
INFO:meta-cli.py:Epoch 44/100	Loss 5.9787 ± 0.2382
INFO:meta-cli.py:Epoch 45/100	Loss 5.9748 ± 0.2421
INFO:meta-cli.py:Epoch 45/100	dev results	MRR 0.352757	H@1 0.262104	H@3 0.386826	H@5 0.449815	H@10 0.536156
INFO:meta-cli.py:Epoch 45/100	test results	MRR 0.345664	H@1 0.254080	H@3 0.382268	H@5 0.444713	H@10 0.529195
INFO:meta-cli.py:Epoch 46/100	Loss 5.9711 ± 0.2383
INFO:meta-cli.py:Epoch 47/100	Loss 5.9673 ± 0.2337
INFO:meta-cli.py:Epoch 48/100	Loss 5.9640 ± 0.2408
INFO:meta-cli.py:Epoch 48/100	dev results	MRR 0.353530	H@1 0.263273	H@3 0.387425	H@5 0.450043	H@10 0.535101
INFO:meta-cli.py:Epoch 48/100	test results	MRR 0.345781	H@1 0.254104	H@3 0.381682	H@5 0.446032	H@10 0.528926
INFO:meta-cli.py:Epoch 49/100	Loss 5.9605 ± 0.2363
INFO:meta-cli.py:Epoch 50/100	Loss 5.9573 ± 0.2375
INFO:meta-cli.py:Epoch 51/100	Loss 5.9540 ± 0.2351
INFO:meta-cli.py:Epoch 51/100	dev results	MRR 0.354062	H@1 0.263958	H@3 0.387710	H@5 0.450585	H@10 0.534445
INFO:meta-cli.py:Epoch 51/100	test results	MRR 0.345837	H@1 0.253665	H@3 0.381535	H@5 0.446472	H@10 0.530465
INFO:meta-cli.py:Epoch 52/100	Loss 5.9509 ± 0.2353
INFO:meta-cli.py:Epoch 53/100	Loss 5.9479 ± 0.2350
INFO:meta-cli.py:Epoch 54/100	Loss 5.9447 ± 0.2388
INFO:meta-cli.py:Epoch 54/100	dev results	MRR 0.353491	H@1 0.262675	H@3 0.387995	H@5 0.450613	H@10 0.535301
INFO:meta-cli.py:Epoch 54/100	test results	MRR 0.345749	H@1 0.253567	H@3 0.381609	H@5 0.446497	H@10 0.528584
INFO:meta-cli.py:Epoch 55/100	Loss 5.9418 ± 0.2372
INFO:meta-cli.py:Epoch 56/100	Loss 5.9391 ± 0.2364
INFO:meta-cli.py:Epoch 57/100	Loss 5.9364 ± 0.2366
INFO:meta-cli.py:Epoch 57/100	dev results	MRR 0.353622	H@1 0.263131	H@3 0.388052	H@5 0.451468	H@10 0.534845
INFO:meta-cli.py:Epoch 57/100	test results	MRR 0.346350	H@1 0.254788	H@3 0.382073	H@5 0.446570	H@10 0.529146
INFO:meta-cli.py:Epoch 58/100	Loss 5.9335 ± 0.2350
INFO:meta-cli.py:Epoch 59/100	Loss 5.9309 ± 0.2320
INFO:meta-cli.py:Epoch 60/100	Loss 5.9283 ± 0.2353
INFO:meta-cli.py:Epoch 60/100	dev results	MRR 0.353997	H@1 0.263302	H@3 0.389421	H@5 0.451012	H@10 0.535586
INFO:meta-cli.py:Epoch 60/100	test results	MRR 0.346563	H@1 0.254715	H@3 0.383123	H@5 0.446545	H@10 0.529806
INFO:meta-cli.py:Epoch 61/100	Loss 5.9260 ± 0.2361
INFO:meta-cli.py:Epoch 62/100	Loss 5.9232 ± 0.2362
INFO:meta-cli.py:Epoch 63/100	Loss 5.9210 ± 0.2349
INFO:meta-cli.py:Epoch 63/100	dev results	MRR 0.354008	H@1 0.263530	H@3 0.388423	H@5 0.451868	H@10 0.535672
INFO:meta-cli.py:Epoch 63/100	test results	MRR 0.347001	H@1 0.255472	H@3 0.383172	H@5 0.446130	H@10 0.530123
INFO:meta-cli.py:Epoch 64/100	Loss 5.9186 ± 0.2319
INFO:meta-cli.py:Epoch 65/100	Loss 5.9162 ± 0.2326
INFO:meta-cli.py:Epoch 66/100	Loss 5.9140 ± 0.2311
INFO:meta-cli.py:Epoch 66/100	dev results	MRR 0.354041	H@1 0.263445	H@3 0.388366	H@5 0.451668	H@10 0.536099
INFO:meta-cli.py:Epoch 66/100	test results	MRR 0.346164	H@1 0.253958	H@3 0.383050	H@5 0.446741	H@10 0.530563
INFO:meta-cli.py:Epoch 67/100	Loss 5.9119 ± 0.2351
INFO:meta-cli.py:Epoch 68/100	Loss 5.9098 ± 0.2363
INFO:meta-cli.py:Epoch 69/100	Loss 5.9077 ± 0.2360
INFO:meta-cli.py:Epoch 69/100	dev results	MRR 0.354701	H@1 0.264642	H@3 0.388765	H@5 0.450613	H@10 0.535272
INFO:meta-cli.py:Epoch 69/100	test results	MRR 0.347371	H@1 0.256279	H@3 0.382928	H@5 0.446765	H@10 0.530148
INFO:meta-cli.py:Epoch 70/100	Loss 5.9055 ± 0.2370
INFO:meta-cli.py:Epoch 71/100	Loss 5.9036 ± 0.2350
INFO:meta-cli.py:Epoch 72/100	Loss 5.9015 ± 0.2371
INFO:meta-cli.py:Epoch 72/100	dev results	MRR 0.353652	H@1 0.262504	H@3 0.388680	H@5 0.451041	H@10 0.536242
INFO:meta-cli.py:Epoch 72/100	test results	MRR 0.346486	H@1 0.254349	H@3 0.382586	H@5 0.446008	H@10 0.530025
INFO:meta-cli.py:Epoch 73/100	Loss 5.8997 ± 0.2328
INFO:meta-cli.py:Epoch 74/100	Loss 5.8977 ± 0.2342
INFO:meta-cli.py:Epoch 75/100	Loss 5.8958 ± 0.2295
INFO:meta-cli.py:Epoch 75/100	dev results	MRR 0.354186	H@1 0.263302	H@3 0.389022	H@5 0.451640	H@10 0.535871
INFO:meta-cli.py:Epoch 75/100	test results	MRR 0.347069	H@1 0.255179	H@3 0.383050	H@5 0.446619	H@10 0.530587
INFO:meta-cli.py:Epoch 76/100	Loss 5.8940 ± 0.2304
INFO:meta-cli.py:Epoch 77/100	Loss 5.8923 ± 0.2318
INFO:meta-cli.py:Epoch 78/100	Loss 5.8905 ± 0.2348
INFO:meta-cli.py:Epoch 78/100	dev results	MRR 0.353636	H@1 0.262475	H@3 0.388993	H@5 0.450642	H@10 0.535272
INFO:meta-cli.py:Epoch 78/100	test results	MRR 0.346570	H@1 0.254520	H@3 0.382708	H@5 0.446619	H@10 0.530025
INFO:meta-cli.py:Epoch 79/100	Loss 5.8887 ± 0.2333
INFO:meta-cli.py:Epoch 80/100	Loss 5.8870 ± 0.2325
INFO:meta-cli.py:Epoch 81/100	Loss 5.8854 ± 0.2350
INFO:meta-cli.py:Epoch 81/100	dev results	MRR 0.353720	H@1 0.263045	H@3 0.388109	H@5 0.451611	H@10 0.535957
INFO:meta-cli.py:Epoch 81/100	test results	MRR 0.347094	H@1 0.255570	H@3 0.383074	H@5 0.447376	H@10 0.530148
INFO:meta-cli.py:Epoch 82/100	Loss 5.8837 ± 0.2359
INFO:meta-cli.py:Epoch 83/100	Loss 5.8821 ± 0.2330
INFO:meta-cli.py:Epoch 84/100	Loss 5.8805 ± 0.2328
INFO:meta-cli.py:Epoch 84/100	dev results	MRR 0.353821	H@1 0.263102	H@3 0.388566	H@5 0.450756	H@10 0.535957
INFO:meta-cli.py:Epoch 84/100	test results	MRR 0.347498	H@1 0.255668	H@3 0.383856	H@5 0.447547	H@10 0.530734
INFO:meta-cli.py:Epoch 85/100	Loss 5.8788 ± 0.2322
INFO:meta-cli.py:Epoch 86/100	Loss 5.8775 ± 0.2305
INFO:meta-cli.py:Epoch 87/100	Loss 5.8758 ± 0.2331
INFO:meta-cli.py:Epoch 87/100	dev results	MRR 0.354545	H@1 0.264328	H@3 0.388452	H@5 0.450214	H@10 0.535928
INFO:meta-cli.py:Epoch 87/100	test results	MRR 0.347371	H@1 0.255253	H@3 0.383636	H@5 0.447987	H@10 0.530734
INFO:meta-cli.py:Epoch 88/100	Loss 5.8744 ± 0.2357
INFO:meta-cli.py:Epoch 89/100	Loss 5.8729 ± 0.2314
INFO:meta-cli.py:Epoch 90/100	Loss 5.8715 ± 0.2319
INFO:meta-cli.py:Epoch 90/100	dev results	MRR 0.354349	H@1 0.263986	H@3 0.388965	H@5 0.450984	H@10 0.535957
INFO:meta-cli.py:Epoch 90/100	test results	MRR 0.347133	H@1 0.255326	H@3 0.383807	H@5 0.447107	H@10 0.529854
INFO:meta-cli.py:Epoch 91/100	Loss 5.8702 ± 0.2313
INFO:meta-cli.py:Epoch 92/100	Loss 5.8686 ± 0.2344
INFO:meta-cli.py:Epoch 93/100	Loss 5.8672 ± 0.2294
INFO:meta-cli.py:Epoch 93/100	dev results	MRR 0.354383	H@1 0.263844	H@3 0.388566	H@5 0.450756	H@10 0.536356
INFO:meta-cli.py:Epoch 93/100	test results	MRR 0.347787	H@1 0.255986	H@3 0.383563	H@5 0.447840	H@10 0.529854
INFO:meta-cli.py:Epoch 94/100	Loss 5.8659 ± 0.2273
INFO:meta-cli.py:Epoch 95/100	Loss 5.8646 ± 0.2324
INFO:meta-cli.py:Epoch 96/100	Loss 5.8633 ± 0.2288
INFO:meta-cli.py:Epoch 96/100	dev results	MRR 0.354472	H@1 0.264214	H@3 0.389136	H@5 0.451925	H@10 0.536099
INFO:meta-cli.py:Epoch 96/100	test results	MRR 0.347247	H@1 0.255644	H@3 0.383026	H@5 0.447205	H@10 0.530954
INFO:meta-cli.py:Epoch 97/100	Loss 5.8621 ± 0.2324
INFO:meta-cli.py:Epoch 98/100	Loss 5.8607 ± 0.2299
INFO:meta-cli.py:Epoch 99/100	Loss 5.8595 ± 0.2351
INFO:meta-cli.py:Epoch 99/100	dev results	MRR 0.354066	H@1 0.263330	H@3 0.388879	H@5 0.450898	H@10 0.536441
INFO:meta-cli.py:Epoch 99/100	test results	MRR 0.347398	H@1 0.255497	H@3 0.384149	H@5 0.447645	H@10 0.530538
INFO:meta-cli.py:Epoch 100/100	Loss 5.8583 ± 0.2366
INFO:meta-cli.py:Final 	dev results	MRR 0.354532	H@1 0.264186	H@3 0.389193	H@5 0.450927	H@10 0.535130
INFO:meta-cli.py:Final 	test results	MRR 0.347387	H@1 0.255326	H@3 0.383123	H@5 0.447572	H@10 0.530490
INFO:meta-cli.py:Training finished
