./bin/meta-cli.py --train data/fb15k-237/train.tsv --dev data/fb15k-237/dev.tsv --test data/fb15k-237/test.tsv -m complex -k 4000 -b 1000 -e 100 --F2 0.001 --N3 0 -l 0.1 -I reciprocal -V 3 -o adagrad -q
{'F2': 0.001,
 'N3': 0.0,
 'batch_size': 1000,
 'dev': 'data/fb15k-237/dev.tsv',
 'embedding_size': 4000,
 'epochs': 100,
 'eval_batch_size': None,
 'input_type': 'reciprocal',
 'learning_rate': 0.1,
 'load': None,
 'model': 'complex',
 'optimizer': 'adagrad',
 'quiet': True,
 'save': None,
 'seed': 0,
 'test': 'data/fb15k-237/test.tsv',
 'test_i': None,
 'test_ii': None,
 'train': 'data/fb15k-237/train.tsv',
 'validate_every': 3}
INFO:meta-cli.py:Device: cuda
INFO:meta-cli.py:Model state:
INFO:meta-cli.py:	entities.weight	torch.Size([14541, 8000])
INFO:meta-cli.py:	predicates.weight	torch.Size([474, 8000])
INFO:meta-cli.py:Epoch 1/100	Loss 10.7998 ± 2.5715
INFO:meta-cli.py:Epoch 2/100	Loss 7.3463 ± 0.1022
INFO:meta-cli.py:Epoch 3/100	Loss 6.8443 ± 0.1475
INFO:meta-cli.py:Epoch 3/100	dev results	MRR 0.332859	H@1 0.244425	H@3 0.364072	H@5 0.425292	H@10 0.511748
INFO:meta-cli.py:Epoch 3/100	test results	MRR 0.327935	H@1 0.239055	H@3 0.359083	H@5 0.422603	H@10 0.505570
INFO:meta-cli.py:Epoch 4/100	Loss 6.6111 ± 0.1573
INFO:meta-cli.py:Epoch 5/100	Loss 6.4650 ± 0.1640
INFO:meta-cli.py:Epoch 6/100	Loss 6.3610 ± 0.1687
INFO:meta-cli.py:Epoch 6/100	dev results	MRR 0.342513	H@1 0.252267	H@3 0.375535	H@5 0.438466	H@10 0.523467
INFO:meta-cli.py:Epoch 6/100	test results	MRR 0.335931	H@1 0.244014	H@3 0.369979	H@5 0.433988	H@10 0.520058
INFO:meta-cli.py:Epoch 7/100	Loss 6.2826 ± 0.1682
INFO:meta-cli.py:Epoch 8/100	Loss 6.2192 ± 0.1701
INFO:meta-cli.py:Epoch 9/100	Loss 6.1680 ± 0.1665
INFO:meta-cli.py:Epoch 9/100	dev results	MRR 0.345869	H@1 0.254947	H@3 0.379470	H@5 0.441916	H@10 0.528514
INFO:meta-cli.py:Epoch 9/100	test results	MRR 0.338150	H@1 0.245944	H@3 0.372813	H@5 0.435869	H@10 0.523087
INFO:meta-cli.py:Epoch 10/100	Loss 6.1243 ± 0.1625
INFO:meta-cli.py:Epoch 11/100	Loss 6.0863 ± 0.1552
INFO:meta-cli.py:Epoch 12/100	Loss 6.0541 ± 0.1556
INFO:meta-cli.py:Epoch 12/100	dev results	MRR 0.349422	H@1 0.258996	H@3 0.383262	H@5 0.446079	H@10 0.531765
INFO:meta-cli.py:Epoch 12/100	test results	MRR 0.341313	H@1 0.248607	H@3 0.378017	H@5 0.440755	H@10 0.524577
INFO:meta-cli.py:Epoch 13/100	Loss 6.0257 ± 0.1581
INFO:meta-cli.py:Epoch 14/100	Loss 5.9998 ± 0.1532
INFO:meta-cli.py:Epoch 15/100	Loss 5.9765 ± 0.1424
INFO:meta-cli.py:Epoch 15/100	dev results	MRR 0.349246	H@1 0.259082	H@3 0.382150	H@5 0.446336	H@10 0.531965
INFO:meta-cli.py:Epoch 15/100	test results	MRR 0.342766	H@1 0.251173	H@3 0.375843	H@5 0.441439	H@10 0.526385
INFO:meta-cli.py:Epoch 16/100	Loss 5.9560 ± 0.1462
INFO:meta-cli.py:Epoch 17/100	Loss 5.9371 ± 0.1451
INFO:meta-cli.py:Epoch 18/100	Loss 5.9191 ± 0.1392
INFO:meta-cli.py:Epoch 18/100	dev results	MRR 0.350380	H@1 0.260593	H@3 0.382549	H@5 0.446478	H@10 0.533618
INFO:meta-cli.py:Epoch 18/100	test results	MRR 0.343224	H@1 0.252028	H@3 0.377577	H@5 0.440242	H@10 0.526507
INFO:meta-cli.py:Epoch 19/100	Loss 5.9035 ± 0.1403
INFO:meta-cli.py:Epoch 20/100	Loss 5.8878 ± 0.1360
INFO:meta-cli.py:Epoch 21/100	Loss 5.8746 ± 0.1339
INFO:meta-cli.py:Epoch 21/100	dev results	MRR 0.350402	H@1 0.259994	H@3 0.383946	H@5 0.448332	H@10 0.533676
INFO:meta-cli.py:Epoch 21/100	test results	MRR 0.343599	H@1 0.252101	H@3 0.378017	H@5 0.442588	H@10 0.527680
INFO:meta-cli.py:Epoch 22/100	Loss 5.8607 ± 0.1387
INFO:meta-cli.py:Epoch 23/100	Loss 5.8497 ± 0.1359
INFO:meta-cli.py:Epoch 24/100	Loss 5.8378 ± 0.1351
INFO:meta-cli.py:Epoch 24/100	dev results	MRR 0.350876	H@1 0.260308	H@3 0.384944	H@5 0.448218	H@10 0.534474
INFO:meta-cli.py:Epoch 24/100	test results	MRR 0.344537	H@1 0.253298	H@3 0.378408	H@5 0.443467	H@10 0.527240
INFO:meta-cli.py:Epoch 25/100	Loss 5.8276 ± 0.1338
INFO:meta-cli.py:Epoch 26/100	Loss 5.8174 ± 0.1317
INFO:meta-cli.py:Epoch 27/100	Loss 5.8075 ± 0.1345
INFO:meta-cli.py:Epoch 27/100	dev results	MRR 0.351367	H@1 0.261049	H@3 0.384431	H@5 0.447961	H@10 0.534588
INFO:meta-cli.py:Epoch 27/100	test results	MRR 0.343862	H@1 0.250904	H@3 0.378970	H@5 0.443663	H@10 0.528584
INFO:meta-cli.py:Epoch 28/100	Loss 5.7991 ± 0.1331
INFO:meta-cli.py:Epoch 29/100	Loss 5.7905 ± 0.1304
INFO:meta-cli.py:Epoch 30/100	Loss 5.7821 ± 0.1289
INFO:meta-cli.py:Epoch 30/100	dev results	MRR 0.351604	H@1 0.261876	H@3 0.384260	H@5 0.447191	H@10 0.533362
INFO:meta-cli.py:Epoch 30/100	test results	MRR 0.345069	H@1 0.253640	H@3 0.378579	H@5 0.443638	H@10 0.527680
INFO:meta-cli.py:Epoch 31/100	Loss 5.7744 ± 0.1276
INFO:meta-cli.py:Epoch 32/100	Loss 5.7674 ± 0.1320
INFO:meta-cli.py:Epoch 33/100	Loss 5.7603 ± 0.1269
INFO:meta-cli.py:Epoch 33/100	dev results	MRR 0.351498	H@1 0.261363	H@3 0.384488	H@5 0.447476	H@10 0.534959
INFO:meta-cli.py:Epoch 33/100	test results	MRR 0.345369	H@1 0.253982	H@3 0.379752	H@5 0.443443	H@10 0.528437
INFO:meta-cli.py:Epoch 34/100	Loss 5.7536 ± 0.1251
INFO:meta-cli.py:Epoch 35/100	Loss 5.7478 ± 0.1257
INFO:meta-cli.py:Epoch 36/100	Loss 5.7411 ± 0.1262
INFO:meta-cli.py:Epoch 36/100	dev results	MRR 0.352067	H@1 0.262019	H@3 0.385230	H@5 0.447562	H@10 0.532877
INFO:meta-cli.py:Epoch 36/100	test results	MRR 0.344929	H@1 0.253469	H@3 0.379068	H@5 0.443785	H@10 0.526923
INFO:meta-cli.py:Epoch 37/100	Loss 5.7354 ± 0.1229
INFO:meta-cli.py:Epoch 38/100	Loss 5.7302 ± 0.1232
INFO:meta-cli.py:Epoch 39/100	Loss 5.7241 ± 0.1184
INFO:meta-cli.py:Epoch 39/100	dev results	MRR 0.351389	H@1 0.261534	H@3 0.384517	H@5 0.447676	H@10 0.533647
INFO:meta-cli.py:Epoch 39/100	test results	MRR 0.344853	H@1 0.253225	H@3 0.379239	H@5 0.443663	H@10 0.527680
INFO:meta-cli.py:Epoch 40/100	Loss 5.7194 ± 0.1186
INFO:meta-cli.py:Epoch 41/100	Loss 5.7139 ± 0.1192
INFO:meta-cli.py:Epoch 42/100	Loss 5.7088 ± 0.1180
INFO:meta-cli.py:Epoch 42/100	dev results	MRR 0.352220	H@1 0.262361	H@3 0.385828	H@5 0.446450	H@10 0.534331
INFO:meta-cli.py:Epoch 42/100	test results	MRR 0.345024	H@1 0.253836	H@3 0.379214	H@5 0.443003	H@10 0.527216
INFO:meta-cli.py:Epoch 43/100	Loss 5.7051 ± 0.1232
INFO:meta-cli.py:Epoch 44/100	Loss 5.7003 ± 0.1212
INFO:meta-cli.py:Epoch 45/100	Loss 5.6957 ± 0.1169
INFO:meta-cli.py:Epoch 45/100	dev results	MRR 0.350814	H@1 0.261163	H@3 0.382635	H@5 0.446507	H@10 0.533704
INFO:meta-cli.py:Epoch 45/100	test results	MRR 0.345046	H@1 0.254593	H@3 0.378750	H@5 0.442148	H@10 0.527851
INFO:meta-cli.py:Epoch 46/100	Loss 5.6916 ± 0.1143
INFO:meta-cli.py:Epoch 47/100	Loss 5.6874 ± 0.1127
INFO:meta-cli.py:Epoch 48/100	Loss 5.6834 ± 0.1184
INFO:meta-cli.py:Epoch 48/100	dev results	MRR 0.350979	H@1 0.261078	H@3 0.383148	H@5 0.446621	H@10 0.535272
INFO:meta-cli.py:Epoch 48/100	test results	MRR 0.344676	H@1 0.253078	H@3 0.378921	H@5 0.442172	H@10 0.528266
INFO:meta-cli.py:Epoch 49/100	Loss 5.6798 ± 0.1162
INFO:meta-cli.py:Epoch 50/100	Loss 5.6762 ± 0.1159
INFO:meta-cli.py:Epoch 51/100	Loss 5.6727 ± 0.1117
INFO:meta-cli.py:Epoch 51/100	dev results	MRR 0.351091	H@1 0.260593	H@3 0.384716	H@5 0.448360	H@10 0.534759
INFO:meta-cli.py:Epoch 51/100	test results	MRR 0.343850	H@1 0.252101	H@3 0.378579	H@5 0.443272	H@10 0.528413
INFO:meta-cli.py:Epoch 52/100	Loss 5.6690 ± 0.1103
INFO:meta-cli.py:Epoch 53/100	Loss 5.6655 ± 0.1121
INFO:meta-cli.py:Epoch 54/100	Loss 5.6620 ± 0.1126
INFO:meta-cli.py:Epoch 54/100	dev results	MRR 0.350311	H@1 0.259795	H@3 0.383747	H@5 0.446906	H@10 0.534474
INFO:meta-cli.py:Epoch 54/100	test results	MRR 0.344563	H@1 0.253445	H@3 0.378408	H@5 0.443027	H@10 0.526947
INFO:meta-cli.py:Epoch 55/100	Loss 5.6591 ± 0.1147
INFO:meta-cli.py:Epoch 56/100	Loss 5.6557 ± 0.1125
INFO:meta-cli.py:Epoch 57/100	Loss 5.6533 ± 0.1142
INFO:meta-cli.py:Epoch 57/100	dev results	MRR 0.350384	H@1 0.259766	H@3 0.383291	H@5 0.447790	H@10 0.533419
INFO:meta-cli.py:Epoch 57/100	test results	MRR 0.344285	H@1 0.252736	H@3 0.378042	H@5 0.443027	H@10 0.527900
INFO:meta-cli.py:Epoch 58/100	Loss 5.6496 ± 0.1120
INFO:meta-cli.py:Epoch 59/100	Loss 5.6471 ± 0.1102
INFO:meta-cli.py:Epoch 60/100	Loss 5.6442 ± 0.1084
INFO:meta-cli.py:Epoch 60/100	dev results	MRR 0.350624	H@1 0.259909	H@3 0.384317	H@5 0.448474	H@10 0.534075
INFO:meta-cli.py:Epoch 60/100	test results	MRR 0.344044	H@1 0.252321	H@3 0.377993	H@5 0.442612	H@10 0.527729
INFO:meta-cli.py:Epoch 61/100	Loss 5.6418 ± 0.1131
INFO:meta-cli.py:Epoch 62/100	Loss 5.6388 ± 0.1110
INFO:meta-cli.py:Epoch 63/100	Loss 5.6366 ± 0.1093
INFO:meta-cli.py:Epoch 63/100	dev results	MRR 0.351025	H@1 0.261249	H@3 0.383091	H@5 0.446849	H@10 0.534474
INFO:meta-cli.py:Epoch 63/100	test results	MRR 0.344785	H@1 0.253738	H@3 0.378433	H@5 0.442539	H@10 0.528755
INFO:meta-cli.py:Epoch 64/100	Loss 5.6340 ± 0.1056
INFO:meta-cli.py:Epoch 65/100	Loss 5.6314 ± 0.1084
INFO:meta-cli.py:Epoch 66/100	Loss 5.6287 ± 0.1015
INFO:meta-cli.py:Epoch 66/100	dev results	MRR 0.350420	H@1 0.260479	H@3 0.382464	H@5 0.446707	H@10 0.534160
INFO:meta-cli.py:Epoch 66/100	test results	MRR 0.344388	H@1 0.253029	H@3 0.378481	H@5 0.442124	H@10 0.529366
INFO:meta-cli.py:Epoch 67/100	Loss 5.6266 ± 0.1084
INFO:meta-cli.py:Epoch 68/100	Loss 5.6246 ± 0.1096
INFO:meta-cli.py:Epoch 69/100	Loss 5.6223 ± 0.1063
INFO:meta-cli.py:Epoch 69/100	dev results	MRR 0.351162	H@1 0.261163	H@3 0.383918	H@5 0.447505	H@10 0.534246
INFO:meta-cli.py:Epoch 69/100	test results	MRR 0.344783	H@1 0.253347	H@3 0.377700	H@5 0.442856	H@10 0.528657
INFO:meta-cli.py:Epoch 70/100	Loss 5.6199 ± 0.1083
INFO:meta-cli.py:Epoch 71/100	Loss 5.6184 ± 0.1106
INFO:meta-cli.py:Epoch 72/100	Loss 5.6155 ± 0.1059
INFO:meta-cli.py:Epoch 72/100	dev results	MRR 0.350246	H@1 0.259510	H@3 0.383234	H@5 0.447676	H@10 0.534303
INFO:meta-cli.py:Epoch 72/100	test results	MRR 0.343383	H@1 0.251735	H@3 0.377358	H@5 0.441293	H@10 0.528657
INFO:meta-cli.py:Epoch 73/100	Loss 5.6135 ± 0.1040
INFO:meta-cli.py:Epoch 74/100	Loss 5.6114 ± 0.1095
INFO:meta-cli.py:Epoch 75/100	Loss 5.6098 ± 0.1039
INFO:meta-cli.py:Epoch 75/100	dev results	MRR 0.349999	H@1 0.258939	H@3 0.384089	H@5 0.447847	H@10 0.533904
INFO:meta-cli.py:Epoch 75/100	test results	MRR 0.344368	H@1 0.252956	H@3 0.378506	H@5 0.442441	H@10 0.527876
INFO:meta-cli.py:Epoch 76/100	Loss 5.6080 ± 0.1049
INFO:meta-cli.py:Epoch 77/100	Loss 5.6058 ± 0.1018
INFO:meta-cli.py:Epoch 78/100	Loss 5.6042 ± 0.1059
INFO:meta-cli.py:Epoch 78/100	dev results	MRR 0.349378	H@1 0.259224	H@3 0.381751	H@5 0.446478	H@10 0.533419
INFO:meta-cli.py:Epoch 78/100	test results	MRR 0.343699	H@1 0.252883	H@3 0.376918	H@5 0.441830	H@10 0.527778
INFO:meta-cli.py:Epoch 79/100	Loss 5.6021 ± 0.1025
INFO:meta-cli.py:Epoch 80/100	Loss 5.6004 ± 0.1022
INFO:meta-cli.py:Epoch 81/100	Loss 5.5988 ± 0.1087
INFO:meta-cli.py:Epoch 81/100	dev results	MRR 0.350506	H@1 0.260536	H@3 0.382863	H@5 0.446222	H@10 0.534075
INFO:meta-cli.py:Epoch 81/100	test results	MRR 0.344169	H@1 0.252956	H@3 0.377529	H@5 0.441391	H@10 0.527998
INFO:meta-cli.py:Epoch 82/100	Loss 5.5971 ± 0.1081
INFO:meta-cli.py:Epoch 83/100	Loss 5.5955 ± 0.1016
INFO:meta-cli.py:Epoch 84/100	Loss 5.5936 ± 0.0990
INFO:meta-cli.py:Epoch 84/100	dev results	MRR 0.349427	H@1 0.259139	H@3 0.382093	H@5 0.446279	H@10 0.533647
INFO:meta-cli.py:Epoch 84/100	test results	MRR 0.343913	H@1 0.252736	H@3 0.378017	H@5 0.441635	H@10 0.527778
INFO:meta-cli.py:Epoch 85/100	Loss 5.5920 ± 0.0995
INFO:meta-cli.py:Epoch 86/100	Loss 5.5908 ± 0.1001
INFO:meta-cli.py:Epoch 87/100	Loss 5.5886 ± 0.1007
INFO:meta-cli.py:Epoch 87/100	dev results	MRR 0.349831	H@1 0.259709	H@3 0.382635	H@5 0.445509	H@10 0.533134
INFO:meta-cli.py:Epoch 87/100	test results	MRR 0.344350	H@1 0.253518	H@3 0.376918	H@5 0.441342	H@10 0.527753
INFO:meta-cli.py:Epoch 88/100	Loss 5.5875 ± 0.1019
INFO:meta-cli.py:Epoch 89/100	Loss 5.5857 ± 0.1007
INFO:meta-cli.py:Epoch 90/100	Loss 5.5845 ± 0.1043
INFO:meta-cli.py:Epoch 90/100	dev results	MRR 0.349378	H@1 0.258996	H@3 0.382093	H@5 0.446136	H@10 0.531822
INFO:meta-cli.py:Epoch 90/100	test results	MRR 0.343702	H@1 0.252883	H@3 0.376967	H@5 0.441562	H@10 0.527387
INFO:meta-cli.py:Epoch 91/100	Loss 5.5832 ± 0.0985
INFO:meta-cli.py:Epoch 92/100	Loss 5.5812 ± 0.1011
INFO:meta-cli.py:Epoch 93/100	Loss 5.5797 ± 0.0955
INFO:meta-cli.py:Epoch 93/100	dev results	MRR 0.349838	H@1 0.259880	H@3 0.382378	H@5 0.446536	H@10 0.532963
INFO:meta-cli.py:Epoch 93/100	test results	MRR 0.343699	H@1 0.252516	H@3 0.377993	H@5 0.441733	H@10 0.527020
INFO:meta-cli.py:Epoch 94/100	Loss 5.5789 ± 0.1016
INFO:meta-cli.py:Epoch 95/100	Loss 5.5772 ± 0.1002
INFO:meta-cli.py:Epoch 96/100	Loss 5.5758 ± 0.0985
INFO:meta-cli.py:Epoch 96/100	dev results	MRR 0.349463	H@1 0.259395	H@3 0.381523	H@5 0.446393	H@10 0.532649
INFO:meta-cli.py:Epoch 96/100	test results	MRR 0.343841	H@1 0.252883	H@3 0.377040	H@5 0.441977	H@10 0.526630
INFO:meta-cli.py:Epoch 97/100	Loss 5.5743 ± 0.1033
INFO:meta-cli.py:Epoch 98/100	Loss 5.5734 ± 0.0932
INFO:meta-cli.py:Epoch 99/100	Loss 5.5720 ± 0.1025
INFO:meta-cli.py:Epoch 99/100	dev results	MRR 0.349186	H@1 0.259025	H@3 0.381665	H@5 0.445024	H@10 0.532678
INFO:meta-cli.py:Epoch 99/100	test results	MRR 0.343513	H@1 0.252370	H@3 0.377284	H@5 0.441635	H@10 0.526947
INFO:meta-cli.py:Epoch 100/100	Loss 5.5705 ± 0.1012
INFO:meta-cli.py:Final 	dev results	MRR 0.349703	H@1 0.259852	H@3 0.381238	H@5 0.445823	H@10 0.532563
INFO:meta-cli.py:Final 	test results	MRR 0.344165	H@1 0.253689	H@3 0.376600	H@5 0.441488	H@10 0.527704
INFO:meta-cli.py:Training finished
