./bin/meta-cli.py --train data/fb15k-237/train.tsv --dev data/fb15k-237/dev.tsv --test data/fb15k-237/test.tsv -m complex -k 1000 -b 1000 -e 100 --F2 0 --N3 0.01 -l 0.1 -I reciprocal -V 3 -o adagrad -q
{'F2': 0.0,
 'N3': 0.01,
 'batch_size': 1000,
 'dev': 'data/fb15k-237/dev.tsv',
 'embedding_size': 1000,
 'epochs': 100,
 'eval_batch_size': None,
 'input_type': 'reciprocal',
 'learning_rate': 0.1,
 'load': None,
 'model': 'complex',
 'optimizer': 'adagrad',
 'quiet': True,
 'save': None,
 'seed': 0,
 'test': 'data/fb15k-237/test.tsv',
 'test_i': None,
 'test_ii': None,
 'train': 'data/fb15k-237/train.tsv',
 'validate_every': 3}
INFO:meta-cli.py:Device: cuda
INFO:meta-cli.py:Model state:
INFO:meta-cli.py:	entities.weight	torch.Size([14541, 2000])
INFO:meta-cli.py:	predicates.weight	torch.Size([474, 2000])
INFO:meta-cli.py:Epoch 1/100	Loss 10.7766 ± 2.1949
INFO:meta-cli.py:Epoch 2/100	Loss 7.6958 ± 0.0993
INFO:meta-cli.py:Epoch 3/100	Loss 7.2690 ± 0.1484
INFO:meta-cli.py:Epoch 3/100	dev results	MRR 0.335734	H@1 0.246051	H@3 0.367579	H@5 0.431109	H@10 0.515740
INFO:meta-cli.py:Epoch 3/100	test results	MRR 0.331195	H@1 0.241254	H@3 0.364238	H@5 0.427221	H@10 0.510798
INFO:meta-cli.py:Epoch 4/100	Loss 7.0733 ± 0.1518
INFO:meta-cli.py:Epoch 5/100	Loss 6.9530 ± 0.1545
INFO:meta-cli.py:Epoch 6/100	Loss 6.8682 ± 0.1567
INFO:meta-cli.py:Epoch 6/100	dev results	MRR 0.344896	H@1 0.253407	H@3 0.380411	H@5 0.442087	H@10 0.526005
INFO:meta-cli.py:Epoch 6/100	test results	MRR 0.338440	H@1 0.246653	H@3 0.373815	H@5 0.436065	H@10 0.520888
INFO:meta-cli.py:Epoch 7/100	Loss 6.8054 ± 0.1557
INFO:meta-cli.py:Epoch 8/100	Loss 6.7544 ± 0.1580
INFO:meta-cli.py:Epoch 9/100	Loss 6.7137 ± 0.1548
INFO:meta-cli.py:Epoch 9/100	dev results	MRR 0.347587	H@1 0.255917	H@3 0.380981	H@5 0.446478	H@10 0.531423
INFO:meta-cli.py:Epoch 9/100	test results	MRR 0.339690	H@1 0.247410	H@3 0.373962	H@5 0.438581	H@10 0.524822
INFO:meta-cli.py:Epoch 10/100	Loss 6.6793 ± 0.1512
INFO:meta-cli.py:Epoch 11/100	Loss 6.6491 ± 0.1437
INFO:meta-cli.py:Epoch 12/100	Loss 6.6238 ± 0.1445
INFO:meta-cli.py:Epoch 12/100	dev results	MRR 0.351550	H@1 0.259395	H@3 0.386969	H@5 0.450984	H@10 0.534959
INFO:meta-cli.py:Epoch 12/100	test results	MRR 0.344859	H@1 0.253029	H@3 0.379312	H@5 0.443247	H@10 0.527753
INFO:meta-cli.py:Epoch 13/100	Loss 6.6016 ± 0.1476
INFO:meta-cli.py:Epoch 14/100	Loss 6.5813 ± 0.1436
INFO:meta-cli.py:Epoch 15/100	Loss 6.5631 ± 0.1332
INFO:meta-cli.py:Epoch 15/100	dev results	MRR 0.352753	H@1 0.261363	H@3 0.386741	H@5 0.450214	H@10 0.536014
INFO:meta-cli.py:Epoch 15/100	test results	MRR 0.346387	H@1 0.254911	H@3 0.381438	H@5 0.443492	H@10 0.529415
INFO:meta-cli.py:Epoch 16/100	Loss 6.5473 ± 0.1373
INFO:meta-cli.py:Epoch 17/100	Loss 6.5327 ± 0.1365
INFO:meta-cli.py:Epoch 18/100	Loss 6.5186 ± 0.1308
INFO:meta-cli.py:Epoch 18/100	dev results	MRR 0.353660	H@1 0.262161	H@3 0.386541	H@5 0.451126	H@10 0.538323
INFO:meta-cli.py:Epoch 18/100	test results	MRR 0.346438	H@1 0.254959	H@3 0.380436	H@5 0.443663	H@10 0.531540
INFO:meta-cli.py:Epoch 19/100	Loss 6.5066 ± 0.1319
INFO:meta-cli.py:Epoch 20/100	Loss 6.4941 ± 0.1286
INFO:meta-cli.py:Epoch 21/100	Loss 6.4841 ± 0.1259
INFO:meta-cli.py:Epoch 21/100	dev results	MRR 0.354908	H@1 0.263815	H@3 0.388993	H@5 0.452951	H@10 0.538808
INFO:meta-cli.py:Epoch 21/100	test results	MRR 0.347303	H@1 0.255644	H@3 0.380778	H@5 0.445690	H@10 0.532078
INFO:meta-cli.py:Epoch 22/100	Loss 6.4732 ± 0.1310
INFO:meta-cli.py:Epoch 23/100	Loss 6.4650 ± 0.1288
INFO:meta-cli.py:Epoch 24/100	Loss 6.4558 ± 0.1282
INFO:meta-cli.py:Epoch 24/100	dev results	MRR 0.355182	H@1 0.263673	H@3 0.388965	H@5 0.454149	H@10 0.539236
INFO:meta-cli.py:Epoch 24/100	test results	MRR 0.348104	H@1 0.256279	H@3 0.382586	H@5 0.447059	H@10 0.532273
INFO:meta-cli.py:Epoch 25/100	Loss 6.4480 ± 0.1269
INFO:meta-cli.py:Epoch 26/100	Loss 6.4399 ± 0.1249
INFO:meta-cli.py:Epoch 27/100	Loss 6.4322 ± 0.1277
INFO:meta-cli.py:Epoch 27/100	dev results	MRR 0.355690	H@1 0.263473	H@3 0.390932	H@5 0.454348	H@10 0.539607
INFO:meta-cli.py:Epoch 27/100	test results	MRR 0.348424	H@1 0.255888	H@3 0.383807	H@5 0.447034	H@10 0.532811
INFO:meta-cli.py:Epoch 28/100	Loss 6.4259 ± 0.1264
INFO:meta-cli.py:Epoch 29/100	Loss 6.4192 ± 0.1241
INFO:meta-cli.py:Epoch 30/100	Loss 6.4126 ± 0.1230
INFO:meta-cli.py:Epoch 30/100	dev results	MRR 0.355867	H@1 0.264300	H@3 0.391018	H@5 0.453464	H@10 0.538466
INFO:meta-cli.py:Epoch 30/100	test results	MRR 0.348956	H@1 0.257280	H@3 0.384076	H@5 0.446643	H@10 0.533592
INFO:meta-cli.py:Epoch 31/100	Loss 6.4067 ± 0.1217
INFO:meta-cli.py:Epoch 32/100	Loss 6.4013 ± 0.1261
INFO:meta-cli.py:Epoch 33/100	Loss 6.3957 ± 0.1214
INFO:meta-cli.py:Epoch 33/100	dev results	MRR 0.355900	H@1 0.264271	H@3 0.390248	H@5 0.454405	H@10 0.540918
INFO:meta-cli.py:Epoch 33/100	test results	MRR 0.349270	H@1 0.257305	H@3 0.384662	H@5 0.449062	H@10 0.534227
INFO:meta-cli.py:Epoch 34/100	Loss 6.3906 ± 0.1192
INFO:meta-cli.py:Epoch 35/100	Loss 6.3861 ± 0.1204
INFO:meta-cli.py:Epoch 36/100	Loss 6.3808 ± 0.1211
INFO:meta-cli.py:Epoch 36/100	dev results	MRR 0.356120	H@1 0.264328	H@3 0.391617	H@5 0.454919	H@10 0.539607
INFO:meta-cli.py:Epoch 36/100	test results	MRR 0.349176	H@1 0.256938	H@3 0.385298	H@5 0.448109	H@10 0.534447
INFO:meta-cli.py:Epoch 37/100	Loss 6.3763 ± 0.1182
INFO:meta-cli.py:Epoch 38/100	Loss 6.3723 ± 0.1188
INFO:meta-cli.py:Epoch 39/100	Loss 6.3675 ± 0.1137
INFO:meta-cli.py:Epoch 39/100	dev results	MRR 0.356926	H@1 0.265384	H@3 0.392729	H@5 0.455888	H@10 0.540063
INFO:meta-cli.py:Epoch 39/100	test results	MRR 0.350113	H@1 0.258453	H@3 0.385298	H@5 0.449819	H@10 0.534765
INFO:meta-cli.py:Epoch 40/100	Loss 6.3639 ± 0.1139
INFO:meta-cli.py:Epoch 41/100	Loss 6.3595 ± 0.1145
INFO:meta-cli.py:Epoch 42/100	Loss 6.3554 ± 0.1138
INFO:meta-cli.py:Epoch 42/100	dev results	MRR 0.357634	H@1 0.266324	H@3 0.392586	H@5 0.455289	H@10 0.539949
INFO:meta-cli.py:Epoch 42/100	test results	MRR 0.349515	H@1 0.256938	H@3 0.386153	H@5 0.450039	H@10 0.534154
INFO:meta-cli.py:Epoch 43/100	Loss 6.3528 ± 0.1190
INFO:meta-cli.py:Epoch 44/100	Loss 6.3488 ± 0.1170
INFO:meta-cli.py:Epoch 45/100	Loss 6.3451 ± 0.1125
INFO:meta-cli.py:Epoch 45/100	dev results	MRR 0.356664	H@1 0.265241	H@3 0.391332	H@5 0.456088	H@10 0.540890
INFO:meta-cli.py:Epoch 45/100	test results	MRR 0.349894	H@1 0.257793	H@3 0.385811	H@5 0.449355	H@10 0.534789
INFO:meta-cli.py:Epoch 46/100	Loss 6.3419 ± 0.1099
INFO:meta-cli.py:Epoch 47/100	Loss 6.3386 ± 0.1087
INFO:meta-cli.py:Epoch 48/100	Loss 6.3354 ± 0.1141
INFO:meta-cli.py:Epoch 48/100	dev results	MRR 0.357733	H@1 0.266410	H@3 0.391702	H@5 0.455746	H@10 0.541574
INFO:meta-cli.py:Epoch 48/100	test results	MRR 0.350221	H@1 0.258380	H@3 0.385078	H@5 0.449844	H@10 0.534716
INFO:meta-cli.py:Epoch 49/100	Loss 6.3326 ± 0.1117
INFO:meta-cli.py:Epoch 50/100	Loss 6.3297 ± 0.1117
INFO:meta-cli.py:Epoch 51/100	Loss 6.3269 ± 0.1078
INFO:meta-cli.py:Epoch 51/100	dev results	MRR 0.357661	H@1 0.265954	H@3 0.391930	H@5 0.457371	H@10 0.541089
INFO:meta-cli.py:Epoch 51/100	test results	MRR 0.350030	H@1 0.257647	H@3 0.385835	H@5 0.449550	H@10 0.535156
INFO:meta-cli.py:Epoch 52/100	Loss 6.3239 ± 0.1068
INFO:meta-cli.py:Epoch 53/100	Loss 6.3211 ± 0.1085
INFO:meta-cli.py:Epoch 54/100	Loss 6.3182 ± 0.1089
INFO:meta-cli.py:Epoch 54/100	dev results	MRR 0.357542	H@1 0.265954	H@3 0.393385	H@5 0.456744	H@10 0.540519
INFO:meta-cli.py:Epoch 54/100	test results	MRR 0.349964	H@1 0.257818	H@3 0.385542	H@5 0.450039	H@10 0.534374
INFO:meta-cli.py:Epoch 55/100	Loss 6.3160 ± 0.1114
INFO:meta-cli.py:Epoch 56/100	Loss 6.3132 ± 0.1094
INFO:meta-cli.py:Epoch 57/100	Loss 6.3113 ± 0.1108
INFO:meta-cli.py:Epoch 57/100	dev results	MRR 0.357670	H@1 0.265925	H@3 0.393442	H@5 0.455575	H@10 0.541260
INFO:meta-cli.py:Epoch 57/100	test results	MRR 0.350604	H@1 0.258477	H@3 0.386470	H@5 0.449721	H@10 0.535327
INFO:meta-cli.py:Epoch 58/100	Loss 6.3082 ± 0.1085
INFO:meta-cli.py:Epoch 59/100	Loss 6.3062 ± 0.1071
INFO:meta-cli.py:Epoch 60/100	Loss 6.3038 ± 0.1053
INFO:meta-cli.py:Epoch 60/100	dev results	MRR 0.358053	H@1 0.265868	H@3 0.393755	H@5 0.457399	H@10 0.541802
INFO:meta-cli.py:Epoch 60/100	test results	MRR 0.350935	H@1 0.258844	H@3 0.387008	H@5 0.450601	H@10 0.534667
INFO:meta-cli.py:Epoch 61/100	Loss 6.3019 ± 0.1097
INFO:meta-cli.py:Epoch 62/100	Loss 6.2995 ± 0.1077
INFO:meta-cli.py:Epoch 63/100	Loss 6.2976 ± 0.1060
INFO:meta-cli.py:Epoch 63/100	dev results	MRR 0.358711	H@1 0.267265	H@3 0.393328	H@5 0.456031	H@10 0.542572
INFO:meta-cli.py:Epoch 63/100	test results	MRR 0.351035	H@1 0.258551	H@3 0.386592	H@5 0.451041	H@10 0.535327
INFO:meta-cli.py:Epoch 64/100	Loss 6.2956 ± 0.1020
INFO:meta-cli.py:Epoch 65/100	Loss 6.2934 ± 0.1051
INFO:meta-cli.py:Epoch 66/100	Loss 6.2911 ± 0.0984
INFO:meta-cli.py:Epoch 66/100	dev results	MRR 0.358061	H@1 0.266267	H@3 0.393584	H@5 0.457057	H@10 0.541688
INFO:meta-cli.py:Epoch 66/100	test results	MRR 0.350837	H@1 0.258502	H@3 0.386715	H@5 0.450381	H@10 0.536206
INFO:meta-cli.py:Epoch 67/100	Loss 6.2894 ± 0.1053
INFO:meta-cli.py:Epoch 68/100	Loss 6.2879 ± 0.1065
INFO:meta-cli.py:Epoch 69/100	Loss 6.2860 ± 0.1033
INFO:meta-cli.py:Epoch 69/100	dev results	MRR 0.358598	H@1 0.266752	H@3 0.393727	H@5 0.456972	H@10 0.542287
INFO:meta-cli.py:Epoch 69/100	test results	MRR 0.352157	H@1 0.260505	H@3 0.387594	H@5 0.450821	H@10 0.536231
INFO:meta-cli.py:Epoch 70/100	Loss 6.2839 ± 0.1055
INFO:meta-cli.py:Epoch 71/100	Loss 6.2828 ± 0.1075
INFO:meta-cli.py:Epoch 72/100	Loss 6.2802 ± 0.1031
INFO:meta-cli.py:Epoch 72/100	dev results	MRR 0.358141	H@1 0.265982	H@3 0.393299	H@5 0.457742	H@10 0.541660
INFO:meta-cli.py:Epoch 72/100	test results	MRR 0.351373	H@1 0.259772	H@3 0.387032	H@5 0.450821	H@10 0.534618
INFO:meta-cli.py:Epoch 73/100	Loss 6.2786 ± 0.1012
INFO:meta-cli.py:Epoch 74/100	Loss 6.2768 ± 0.1064
INFO:meta-cli.py:Epoch 75/100	Loss 6.2756 ± 0.1016
INFO:meta-cli.py:Epoch 75/100	dev results	MRR 0.358195	H@1 0.266439	H@3 0.393784	H@5 0.457342	H@10 0.543057
INFO:meta-cli.py:Epoch 75/100	test results	MRR 0.351838	H@1 0.259601	H@3 0.387545	H@5 0.450503	H@10 0.536060
INFO:meta-cli.py:Epoch 76/100	Loss 6.2741 ± 0.1023
INFO:meta-cli.py:Epoch 77/100	Loss 6.2722 ± 0.0992
INFO:meta-cli.py:Epoch 78/100	Loss 6.2709 ± 0.1030
INFO:meta-cli.py:Epoch 78/100	dev results	MRR 0.358256	H@1 0.266581	H@3 0.393442	H@5 0.456858	H@10 0.542715
INFO:meta-cli.py:Epoch 78/100	test results	MRR 0.351618	H@1 0.259992	H@3 0.386959	H@5 0.450674	H@10 0.535205
INFO:meta-cli.py:Epoch 79/100	Loss 6.2691 ± 0.0999
INFO:meta-cli.py:Epoch 80/100	Loss 6.2677 ± 0.0999
INFO:meta-cli.py:Epoch 81/100	Loss 6.2664 ± 0.1062
INFO:meta-cli.py:Epoch 81/100	dev results	MRR 0.359399	H@1 0.268206	H@3 0.394069	H@5 0.456801	H@10 0.542287
INFO:meta-cli.py:Epoch 81/100	test results	MRR 0.351893	H@1 0.259943	H@3 0.387154	H@5 0.451114	H@10 0.536280
INFO:meta-cli.py:Epoch 82/100	Loss 6.2649 ± 0.1053
INFO:meta-cli.py:Epoch 83/100	Loss 6.2636 ± 0.0992
INFO:meta-cli.py:Epoch 84/100	Loss 6.2620 ± 0.0967
INFO:meta-cli.py:Epoch 84/100	dev results	MRR 0.358761	H@1 0.267123	H@3 0.394069	H@5 0.458084	H@10 0.543370
INFO:meta-cli.py:Epoch 84/100	test results	MRR 0.351207	H@1 0.258062	H@3 0.387741	H@5 0.452384	H@10 0.536939
INFO:meta-cli.py:Epoch 85/100	Loss 6.2606 ± 0.0972
INFO:meta-cli.py:Epoch 86/100	Loss 6.2597 ± 0.0976
INFO:meta-cli.py:Epoch 87/100	Loss 6.2578 ± 0.0985
INFO:meta-cli.py:Epoch 87/100	dev results	MRR 0.358761	H@1 0.266895	H@3 0.393841	H@5 0.457970	H@10 0.543000
INFO:meta-cli.py:Epoch 87/100	test results	MRR 0.352119	H@1 0.259699	H@3 0.388254	H@5 0.452189	H@10 0.536280
INFO:meta-cli.py:Epoch 88/100	Loss 6.2569 ± 0.0999
INFO:meta-cli.py:Epoch 89/100	Loss 6.2553 ± 0.0989
INFO:meta-cli.py:Epoch 90/100	Loss 6.2543 ± 0.1022
INFO:meta-cli.py:Epoch 90/100	dev results	MRR 0.358881	H@1 0.266980	H@3 0.394098	H@5 0.457685	H@10 0.543028
INFO:meta-cli.py:Epoch 90/100	test results	MRR 0.351624	H@1 0.259088	H@3 0.387961	H@5 0.451212	H@10 0.536402
INFO:meta-cli.py:Epoch 91/100	Loss 6.2533 ± 0.0964
INFO:meta-cli.py:Epoch 92/100	Loss 6.2515 ± 0.0992
INFO:meta-cli.py:Epoch 93/100	Loss 6.2501 ± 0.0935
INFO:meta-cli.py:Epoch 93/100	dev results	MRR 0.359304	H@1 0.267722	H@3 0.394183	H@5 0.458740	H@10 0.543114
INFO:meta-cli.py:Epoch 93/100	test results	MRR 0.351650	H@1 0.259259	H@3 0.387423	H@5 0.451456	H@10 0.535791
INFO:meta-cli.py:Epoch 94/100	Loss 6.2495 ± 0.0994
INFO:meta-cli.py:Epoch 95/100	Loss 6.2481 ± 0.0984
INFO:meta-cli.py:Epoch 96/100	Loss 6.2468 ± 0.0961
INFO:meta-cli.py:Epoch 96/100	dev results	MRR 0.358995	H@1 0.267322	H@3 0.394326	H@5 0.457941	H@10 0.542800
INFO:meta-cli.py:Epoch 96/100	test results	MRR 0.351514	H@1 0.258917	H@3 0.387496	H@5 0.451163	H@10 0.536402
INFO:meta-cli.py:Epoch 97/100	Loss 6.2455 ± 0.1014
INFO:meta-cli.py:Epoch 98/100	Loss 6.2448 ± 0.0917
INFO:meta-cli.py:Epoch 99/100	Loss 6.2437 ± 0.1003
INFO:meta-cli.py:Epoch 99/100	dev results	MRR 0.359235	H@1 0.267722	H@3 0.393727	H@5 0.456801	H@10 0.541945
INFO:meta-cli.py:Epoch 99/100	test results	MRR 0.351434	H@1 0.258771	H@3 0.387570	H@5 0.451505	H@10 0.535498
INFO:meta-cli.py:Epoch 100/100	Loss 6.2423 ± 0.0992
INFO:meta-cli.py:Final 	dev results	MRR 0.359333	H@1 0.267750	H@3 0.393955	H@5 0.458283	H@10 0.543855
INFO:meta-cli.py:Final 	test results	MRR 0.351685	H@1 0.259308	H@3 0.387008	H@5 0.451823	H@10 0.536988
INFO:meta-cli.py:Training finished
