./bin/meta-cli.py --train data/fb15k-237/train.tsv --dev data/fb15k-237/dev.tsv --test data/fb15k-237/test.tsv -m complex -k 500 -b 500 -e 100 --F2 0 --N3 0.1 -l 0.1 -I standard -V 3 -o adagrad -q
{'F2': 0.0,
 'N3': 0.1,
 'batch_size': 500,
 'dev': 'data/fb15k-237/dev.tsv',
 'embedding_size': 500,
 'epochs': 100,
 'eval_batch_size': None,
 'input_type': 'standard',
 'learning_rate': 0.1,
 'load': None,
 'model': 'complex',
 'optimizer': 'adagrad',
 'quiet': True,
 'save': None,
 'seed': 0,
 'test': 'data/fb15k-237/test.tsv',
 'test_i': None,
 'test_ii': None,
 'train': 'data/fb15k-237/train.tsv',
 'validate_every': 3}
INFO:meta-cli.py:Device: cuda
INFO:meta-cli.py:Model state:
INFO:meta-cli.py:	entities.weight	torch.Size([14541, 1000])
INFO:meta-cli.py:	predicates.weight	torch.Size([237, 1000])
INFO:meta-cli.py:Epoch 1/100	Loss 15.3981 ± 1.6529
INFO:meta-cli.py:Epoch 2/100	Loss 13.0082 ± 0.1224
INFO:meta-cli.py:Epoch 3/100	Loss 12.4403 ± 0.1435
INFO:meta-cli.py:Epoch 3/100	dev results	MRR 0.330893	H@1 0.242201	H@3 0.363159	H@5 0.423040	H@10 0.506644
INFO:meta-cli.py:Epoch 3/100	test results	MRR 0.325395	H@1 0.235757	H@3 0.357984	H@5 0.419892	H@10 0.505692
INFO:meta-cli.py:Epoch 4/100	Loss 12.1736 ± 0.1654
INFO:meta-cli.py:Epoch 5/100	Loss 12.0155 ± 0.1696
INFO:meta-cli.py:Epoch 6/100	Loss 11.9085 ± 0.1725
INFO:meta-cli.py:Epoch 6/100	dev results	MRR 0.347099	H@1 0.255375	H@3 0.380553	H@5 0.444568	H@10 0.531965
INFO:meta-cli.py:Epoch 6/100	test results	MRR 0.341393	H@1 0.249023	H@3 0.374695	H@5 0.441317	H@10 0.527411
INFO:meta-cli.py:Epoch 7/100	Loss 11.8312 ± 0.1644
INFO:meta-cli.py:Epoch 8/100	Loss 11.7717 ± 0.1643
INFO:meta-cli.py:Epoch 9/100	Loss 11.7241 ± 0.1667
INFO:meta-cli.py:Epoch 9/100	dev results	MRR 0.351387	H@1 0.259766	H@3 0.383119	H@5 0.451526	H@10 0.538494
INFO:meta-cli.py:Epoch 9/100	test results	MRR 0.346247	H@1 0.253127	H@3 0.380705	H@5 0.446692	H@10 0.533275
INFO:meta-cli.py:Epoch 10/100	Loss 11.6849 ± 0.1598
INFO:meta-cli.py:Epoch 11/100	Loss 11.6517 ± 0.1628
INFO:meta-cli.py:Epoch 12/100	Loss 11.6232 ± 0.1616
INFO:meta-cli.py:Epoch 12/100	dev results	MRR 0.353692	H@1 0.261420	H@3 0.386969	H@5 0.452752	H@10 0.541488
INFO:meta-cli.py:Epoch 12/100	test results	MRR 0.348268	H@1 0.255228	H@3 0.381951	H@5 0.450406	H@10 0.536426
INFO:meta-cli.py:Epoch 13/100	Loss 11.5987 ± 0.1517
INFO:meta-cli.py:Epoch 14/100	Loss 11.5770 ± 0.1574
INFO:meta-cli.py:Epoch 15/100	Loss 11.5575 ± 0.1524
INFO:meta-cli.py:Epoch 15/100	dev results	MRR 0.356660	H@1 0.262789	H@3 0.392159	H@5 0.458169	H@10 0.544254
INFO:meta-cli.py:Epoch 15/100	test results	MRR 0.351335	H@1 0.256938	H@3 0.386495	H@5 0.454119	H@10 0.540189
INFO:meta-cli.py:Epoch 16/100	Loss 11.5402 ± 0.1578
INFO:meta-cli.py:Epoch 17/100	Loss 11.5254 ± 0.1473
INFO:meta-cli.py:Epoch 18/100	Loss 11.5105 ± 0.1461
INFO:meta-cli.py:Epoch 18/100	dev results	MRR 0.359049	H@1 0.265811	H@3 0.392501	H@5 0.459053	H@10 0.548617
INFO:meta-cli.py:Epoch 18/100	test results	MRR 0.353070	H@1 0.259846	H@3 0.386079	H@5 0.453655	H@10 0.542827
INFO:meta-cli.py:Epoch 19/100	Loss 11.4975 ± 0.1394
INFO:meta-cli.py:Epoch 20/100	Loss 11.4861 ± 0.1407
INFO:meta-cli.py:Epoch 21/100	Loss 11.4750 ± 0.1397
INFO:meta-cli.py:Epoch 21/100	dev results	MRR 0.358488	H@1 0.264642	H@3 0.393442	H@5 0.460650	H@10 0.547020
INFO:meta-cli.py:Epoch 21/100	test results	MRR 0.353158	H@1 0.258551	H@3 0.388400	H@5 0.455121	H@10 0.541825
INFO:meta-cli.py:Epoch 22/100	Loss 11.4646 ± 0.1415
INFO:meta-cli.py:Epoch 23/100	Loss 11.4543 ± 0.1378
INFO:meta-cli.py:Epoch 24/100	Loss 11.4461 ± 0.1397
INFO:meta-cli.py:Epoch 24/100	dev results	MRR 0.359506	H@1 0.265783	H@3 0.395381	H@5 0.461021	H@10 0.547248
INFO:meta-cli.py:Epoch 24/100	test results	MRR 0.354690	H@1 0.260823	H@3 0.389720	H@5 0.457515	H@10 0.542412
INFO:meta-cli.py:Epoch 25/100	Loss 11.4371 ± 0.1381
INFO:meta-cli.py:Epoch 26/100	Loss 11.4297 ± 0.1302
INFO:meta-cli.py:Epoch 27/100	Loss 11.4224 ± 0.1363
INFO:meta-cli.py:Epoch 27/100	dev results	MRR 0.361128	H@1 0.267551	H@3 0.396607	H@5 0.462104	H@10 0.549986
INFO:meta-cli.py:Epoch 27/100	test results	MRR 0.355949	H@1 0.262362	H@3 0.390159	H@5 0.456880	H@10 0.544855
INFO:meta-cli.py:Epoch 28/100	Loss 11.4151 ± 0.1320
INFO:meta-cli.py:Epoch 29/100	Loss 11.4085 ± 0.1322
INFO:meta-cli.py:Epoch 30/100	Loss 11.4020 ± 0.1341
INFO:meta-cli.py:Epoch 30/100	dev results	MRR 0.361049	H@1 0.267123	H@3 0.397405	H@5 0.462332	H@10 0.550385
INFO:meta-cli.py:Epoch 30/100	test results	MRR 0.355755	H@1 0.261727	H@3 0.391039	H@5 0.457539	H@10 0.544537
INFO:meta-cli.py:Epoch 31/100	Loss 11.3962 ± 0.1261
INFO:meta-cli.py:Epoch 32/100	Loss 11.3902 ± 0.1286
INFO:meta-cli.py:Epoch 33/100	Loss 11.3848 ± 0.1231
INFO:meta-cli.py:Epoch 33/100	dev results	MRR 0.361359	H@1 0.267693	H@3 0.396293	H@5 0.462931	H@10 0.549900
INFO:meta-cli.py:Epoch 33/100	test results	MRR 0.355564	H@1 0.261018	H@3 0.390159	H@5 0.457393	H@10 0.545197
INFO:meta-cli.py:Epoch 34/100	Loss 11.3798 ± 0.1259
INFO:meta-cli.py:Epoch 35/100	Loss 11.3746 ± 0.1263
INFO:meta-cli.py:Epoch 36/100	Loss 11.3696 ± 0.1218
INFO:meta-cli.py:Epoch 36/100	dev results	MRR 0.361540	H@1 0.267893	H@3 0.396749	H@5 0.463730	H@10 0.550442
INFO:meta-cli.py:Epoch 36/100	test results	MRR 0.356592	H@1 0.262704	H@3 0.391894	H@5 0.458736	H@10 0.545221
INFO:meta-cli.py:Epoch 37/100	Loss 11.3654 ± 0.1246
INFO:meta-cli.py:Epoch 38/100	Loss 11.3609 ± 0.1232
INFO:meta-cli.py:Epoch 39/100	Loss 11.3569 ± 0.1201
INFO:meta-cli.py:Epoch 39/100	dev results	MRR 0.362135	H@1 0.268463	H@3 0.398289	H@5 0.463131	H@10 0.550784
INFO:meta-cli.py:Epoch 39/100	test results	MRR 0.356696	H@1 0.262533	H@3 0.391698	H@5 0.459372	H@10 0.545563
INFO:meta-cli.py:Epoch 40/100	Loss 11.3530 ± 0.1243
INFO:meta-cli.py:Epoch 41/100	Loss 11.3484 ± 0.1216
INFO:meta-cli.py:Epoch 42/100	Loss 11.3451 ± 0.1176
INFO:meta-cli.py:Epoch 42/100	dev results	MRR 0.362842	H@1 0.269775	H@3 0.397975	H@5 0.464386	H@10 0.551155
INFO:meta-cli.py:Epoch 42/100	test results	MRR 0.356749	H@1 0.263461	H@3 0.389720	H@5 0.459421	H@10 0.546003
INFO:meta-cli.py:Epoch 43/100	Loss 11.3415 ± 0.1211
INFO:meta-cli.py:Epoch 44/100	Loss 11.3373 ± 0.1183
INFO:meta-cli.py:Epoch 45/100	Loss 11.3349 ± 0.1224
INFO:meta-cli.py:Epoch 45/100	dev results	MRR 0.363198	H@1 0.270060	H@3 0.398802	H@5 0.464214	H@10 0.552295
INFO:meta-cli.py:Epoch 45/100	test results	MRR 0.356859	H@1 0.262313	H@3 0.393115	H@5 0.459592	H@10 0.546883
INFO:meta-cli.py:Epoch 46/100	Loss 11.3312 ± 0.1186
INFO:meta-cli.py:Epoch 47/100	Loss 11.3275 ± 0.1202
INFO:meta-cli.py:Epoch 48/100	Loss 11.3248 ± 0.1225
INFO:meta-cli.py:Epoch 48/100	dev results	MRR 0.362796	H@1 0.269090	H@3 0.399886	H@5 0.463587	H@10 0.552067
INFO:meta-cli.py:Epoch 48/100	test results	MRR 0.358079	H@1 0.264121	H@3 0.392993	H@5 0.458932	H@10 0.546712
INFO:meta-cli.py:Epoch 49/100	Loss 11.3219 ± 0.1213
INFO:meta-cli.py:Epoch 50/100	Loss 11.3187 ± 0.1146
INFO:meta-cli.py:Epoch 51/100	Loss 11.3159 ± 0.1146
INFO:meta-cli.py:Epoch 51/100	dev results	MRR 0.363338	H@1 0.269433	H@3 0.399316	H@5 0.465555	H@10 0.554006
INFO:meta-cli.py:Epoch 51/100	test results	MRR 0.357835	H@1 0.263584	H@3 0.392358	H@5 0.459103	H@10 0.547567
INFO:meta-cli.py:Epoch 52/100	Loss 11.3137 ± 0.1177
INFO:meta-cli.py:Epoch 53/100	Loss 11.3106 ± 0.1242
INFO:meta-cli.py:Epoch 54/100	Loss 11.3078 ± 0.1175
INFO:meta-cli.py:Epoch 54/100	dev results	MRR 0.363836	H@1 0.270374	H@3 0.400285	H@5 0.464671	H@10 0.551782
INFO:meta-cli.py:Epoch 54/100	test results	MRR 0.357788	H@1 0.264097	H@3 0.392554	H@5 0.459298	H@10 0.546883
INFO:meta-cli.py:Epoch 55/100	Loss 11.3055 ± 0.1143
INFO:meta-cli.py:Epoch 56/100	Loss 11.3035 ± 0.1136
INFO:meta-cli.py:Epoch 57/100	Loss 11.3012 ± 0.1131
INFO:meta-cli.py:Epoch 57/100	dev results	MRR 0.363779	H@1 0.270459	H@3 0.399772	H@5 0.464927	H@10 0.555461
INFO:meta-cli.py:Epoch 57/100	test results	MRR 0.358473	H@1 0.264927	H@3 0.391967	H@5 0.460495	H@10 0.548764
INFO:meta-cli.py:Epoch 58/100	Loss 11.2986 ± 0.1188
INFO:meta-cli.py:Epoch 59/100	Loss 11.2959 ± 0.1116
INFO:meta-cli.py:Epoch 60/100	Loss 11.2943 ± 0.1178
INFO:meta-cli.py:Epoch 60/100	dev results	MRR 0.364373	H@1 0.271172	H@3 0.399772	H@5 0.465925	H@10 0.552780
INFO:meta-cli.py:Epoch 60/100	test results	MRR 0.359108	H@1 0.265782	H@3 0.392847	H@5 0.460911	H@10 0.548788
INFO:meta-cli.py:Epoch 61/100	Loss 11.2919 ± 0.1111
INFO:meta-cli.py:Epoch 62/100	Loss 11.2898 ± 0.1164
INFO:meta-cli.py:Epoch 63/100	Loss 11.2877 ± 0.1146
INFO:meta-cli.py:Epoch 63/100	dev results	MRR 0.364084	H@1 0.270317	H@3 0.400770	H@5 0.465384	H@10 0.554234
INFO:meta-cli.py:Epoch 63/100	test results	MRR 0.358685	H@1 0.264683	H@3 0.393433	H@5 0.461082	H@10 0.548691
INFO:meta-cli.py:Epoch 64/100	Loss 11.2856 ± 0.1180
INFO:meta-cli.py:Epoch 65/100	Loss 11.2839 ± 0.1165
INFO:meta-cli.py:Epoch 66/100	Loss 11.2820 ± 0.1138
INFO:meta-cli.py:Epoch 66/100	dev results	MRR 0.363683	H@1 0.270431	H@3 0.400570	H@5 0.466039	H@10 0.553436
INFO:meta-cli.py:Epoch 66/100	test results	MRR 0.358777	H@1 0.265343	H@3 0.393555	H@5 0.460031	H@10 0.548495
INFO:meta-cli.py:Epoch 67/100	Loss 11.2801 ± 0.1079
INFO:meta-cli.py:Epoch 68/100	Loss 11.2781 ± 0.1122
INFO:meta-cli.py:Epoch 69/100	Loss 11.2758 ± 0.1145
INFO:meta-cli.py:Epoch 69/100	dev results	MRR 0.364527	H@1 0.270972	H@3 0.400228	H@5 0.466182	H@10 0.553835
INFO:meta-cli.py:Epoch 69/100	test results	MRR 0.359530	H@1 0.266051	H@3 0.394655	H@5 0.461155	H@10 0.548862
INFO:meta-cli.py:Epoch 70/100	Loss 11.2744 ± 0.1104
INFO:meta-cli.py:Epoch 71/100	Loss 11.2725 ± 0.1124
INFO:meta-cli.py:Epoch 72/100	Loss 11.2711 ± 0.1117
INFO:meta-cli.py:Epoch 72/100	dev results	MRR 0.364304	H@1 0.270744	H@3 0.400855	H@5 0.465726	H@10 0.554035
INFO:meta-cli.py:Epoch 72/100	test results	MRR 0.359007	H@1 0.264781	H@3 0.393726	H@5 0.461106	H@10 0.549277
INFO:meta-cli.py:Epoch 73/100	Loss 11.2694 ± 0.1143
INFO:meta-cli.py:Epoch 74/100	Loss 11.2679 ± 0.1198
INFO:meta-cli.py:Epoch 75/100	Loss 11.2662 ± 0.1128
INFO:meta-cli.py:Epoch 75/100	dev results	MRR 0.365008	H@1 0.271856	H@3 0.401198	H@5 0.464899	H@10 0.553864
INFO:meta-cli.py:Epoch 75/100	test results	MRR 0.359063	H@1 0.265245	H@3 0.393409	H@5 0.459860	H@10 0.547958
INFO:meta-cli.py:Epoch 76/100	Loss 11.2646 ± 0.1138
INFO:meta-cli.py:Epoch 77/100	Loss 11.2632 ± 0.1065
INFO:meta-cli.py:Epoch 78/100	Loss 11.2614 ± 0.1130
INFO:meta-cli.py:Epoch 78/100	dev results	MRR 0.364747	H@1 0.271885	H@3 0.400371	H@5 0.465184	H@10 0.553265
INFO:meta-cli.py:Epoch 78/100	test results	MRR 0.360019	H@1 0.266637	H@3 0.394484	H@5 0.460813	H@10 0.548813
INFO:meta-cli.py:Epoch 79/100	Loss 11.2604 ± 0.1154
INFO:meta-cli.py:Epoch 80/100	Loss 11.2586 ± 0.1090
INFO:meta-cli.py:Epoch 81/100	Loss 11.2572 ± 0.1120
INFO:meta-cli.py:Epoch 81/100	dev results	MRR 0.365063	H@1 0.271828	H@3 0.400998	H@5 0.466210	H@10 0.553921
INFO:meta-cli.py:Epoch 81/100	test results	MRR 0.359029	H@1 0.265318	H@3 0.393409	H@5 0.460618	H@10 0.548300
INFO:meta-cli.py:Epoch 82/100	Loss 11.2553 ± 0.1140
INFO:meta-cli.py:Epoch 83/100	Loss 11.2545 ± 0.1055
INFO:meta-cli.py:Epoch 84/100	Loss 11.2526 ± 0.1057
INFO:meta-cli.py:Epoch 84/100	dev results	MRR 0.365003	H@1 0.271799	H@3 0.401055	H@5 0.466952	H@10 0.554149
INFO:meta-cli.py:Epoch 84/100	test results	MRR 0.360027	H@1 0.266075	H@3 0.395363	H@5 0.461180	H@10 0.548739
INFO:meta-cli.py:Epoch 85/100	Loss 11.2517 ± 0.1082
INFO:meta-cli.py:Epoch 86/100	Loss 11.2501 ± 0.1075
INFO:meta-cli.py:Epoch 87/100	Loss 11.2494 ± 0.1074
INFO:meta-cli.py:Epoch 87/100	dev results	MRR 0.365370	H@1 0.271970	H@3 0.402053	H@5 0.467351	H@10 0.555660
INFO:meta-cli.py:Epoch 87/100	test results	MRR 0.359405	H@1 0.265440	H@3 0.393653	H@5 0.461815	H@10 0.549350
INFO:meta-cli.py:Epoch 88/100	Loss 11.2478 ± 0.1081
INFO:meta-cli.py:Epoch 89/100	Loss 11.2467 ± 0.1090
INFO:meta-cli.py:Epoch 90/100	Loss 11.2453 ± 0.1048
INFO:meta-cli.py:Epoch 90/100	dev results	MRR 0.364723	H@1 0.271001	H@3 0.400257	H@5 0.467066	H@10 0.555746
INFO:meta-cli.py:Epoch 90/100	test results	MRR 0.360186	H@1 0.266344	H@3 0.394239	H@5 0.461473	H@10 0.550352
INFO:meta-cli.py:Epoch 91/100	Loss 11.2443 ± 0.1106
INFO:meta-cli.py:Epoch 92/100	Loss 11.2431 ± 0.1107
INFO:meta-cli.py:Epoch 93/100	Loss 11.2415 ± 0.1165
INFO:meta-cli.py:Epoch 93/100	dev results	MRR 0.365545	H@1 0.272455	H@3 0.401397	H@5 0.466866	H@10 0.554691
INFO:meta-cli.py:Epoch 93/100	test results	MRR 0.360561	H@1 0.266955	H@3 0.395290	H@5 0.461326	H@10 0.549912
INFO:meta-cli.py:Epoch 94/100	Loss 11.2406 ± 0.1050
INFO:meta-cli.py:Epoch 95/100	Loss 11.2399 ± 0.1077
INFO:meta-cli.py:Epoch 96/100	Loss 11.2381 ± 0.1112
INFO:meta-cli.py:Epoch 96/100	dev results	MRR 0.365377	H@1 0.271799	H@3 0.401682	H@5 0.466724	H@10 0.554691
INFO:meta-cli.py:Epoch 96/100	test results	MRR 0.360335	H@1 0.266222	H@3 0.395412	H@5 0.461473	H@10 0.549594
INFO:meta-cli.py:Epoch 97/100	Loss 11.2375 ± 0.1104
INFO:meta-cli.py:Epoch 98/100	Loss 11.2360 ± 0.1073
INFO:meta-cli.py:Epoch 99/100	Loss 11.2352 ± 0.1102
INFO:meta-cli.py:Epoch 99/100	dev results	MRR 0.365585	H@1 0.272569	H@3 0.401055	H@5 0.467921	H@10 0.555204
INFO:meta-cli.py:Epoch 99/100	test results	MRR 0.359996	H@1 0.266271	H@3 0.395461	H@5 0.461448	H@10 0.550034
INFO:meta-cli.py:Epoch 100/100	Loss 11.2343 ± 0.1079
INFO:meta-cli.py:Final 	dev results	MRR 0.365235	H@1 0.271685	H@3 0.402281	H@5 0.466496	H@10 0.554976
INFO:meta-cli.py:Final 	test results	MRR 0.359963	H@1 0.265904	H@3 0.395094	H@5 0.461595	H@10 0.549472
INFO:meta-cli.py:Training finished
