./bin/meta-cli.py --train data/fb15k-237/train.tsv --dev data/fb15k-237/dev.tsv --test data/fb15k-237/test.tsv -m complex -k 2000 -b 100 -e 100 --F2 0 --N3 0.1 -l 0.1 -I reciprocal -V 3 -o adagrad -q
{'F2': 0.0,
 'N3': 0.1,
 'batch_size': 100,
 'dev': 'data/fb15k-237/dev.tsv',
 'embedding_size': 2000,
 'epochs': 100,
 'eval_batch_size': None,
 'input_type': 'reciprocal',
 'learning_rate': 0.1,
 'load': None,
 'model': 'complex',
 'optimizer': 'adagrad',
 'quiet': True,
 'save': None,
 'seed': 0,
 'test': 'data/fb15k-237/test.tsv',
 'test_i': None,
 'test_ii': None,
 'train': 'data/fb15k-237/train.tsv',
 'validate_every': 3}
INFO:meta-cli.py:Device: cuda
INFO:meta-cli.py:Model state:
INFO:meta-cli.py:	entities.weight	torch.Size([14541, 4000])
INFO:meta-cli.py:	predicates.weight	torch.Size([474, 4000])
INFO:meta-cli.py:Epoch 1/100	Loss 16.7711 ± 2.9027
INFO:meta-cli.py:Epoch 2/100	Loss 13.1824 ± 0.3349
INFO:meta-cli.py:Epoch 3/100	Loss 12.4901 ± 0.2379
INFO:meta-cli.py:Epoch 3/100	dev results	MRR 0.346598	H@1 0.255118	H@3 0.380582	H@5 0.443513	H@10 0.529598
INFO:meta-cli.py:Epoch 3/100	test results	MRR 0.343249	H@1 0.252443	H@3 0.378237	H@5 0.440755	H@10 0.524895
INFO:meta-cli.py:Epoch 4/100	Loss 12.1684 ± 0.2273
INFO:meta-cli.py:Epoch 5/100	Loss 11.9779 ± 0.2265
INFO:meta-cli.py:Epoch 6/100	Loss 11.8505 ± 0.2214
INFO:meta-cli.py:Epoch 6/100	dev results	MRR 0.354817	H@1 0.262418	H@3 0.389165	H@5 0.452267	H@10 0.542087
INFO:meta-cli.py:Epoch 6/100	test results	MRR 0.350056	H@1 0.257134	H@3 0.384003	H@5 0.452262	H@10 0.537550
INFO:meta-cli.py:Epoch 7/100	Loss 11.7592 ± 0.2195
INFO:meta-cli.py:Epoch 8/100	Loss 11.6892 ± 0.2211
INFO:meta-cli.py:Epoch 9/100	Loss 11.6350 ± 0.2186
INFO:meta-cli.py:Epoch 9/100	dev results	MRR 0.358592	H@1 0.265583	H@3 0.393014	H@5 0.458683	H@10 0.545652
INFO:meta-cli.py:Epoch 9/100	test results	MRR 0.352631	H@1 0.259577	H@3 0.385615	H@5 0.455902	H@10 0.541410
INFO:meta-cli.py:Epoch 10/100	Loss 11.5906 ± 0.2220
INFO:meta-cli.py:Epoch 11/100	Loss 11.5539 ± 0.2200
INFO:meta-cli.py:Epoch 12/100	Loss 11.5230 ± 0.2204
INFO:meta-cli.py:Epoch 12/100	dev results	MRR 0.360372	H@1 0.266096	H@3 0.396293	H@5 0.463074	H@10 0.547990
INFO:meta-cli.py:Epoch 12/100	test results	MRR 0.354924	H@1 0.260041	H@3 0.390770	H@5 0.458101	H@10 0.543755
INFO:meta-cli.py:Epoch 13/100	Loss 11.4965 ± 0.2170
INFO:meta-cli.py:Epoch 14/100	Loss 11.4737 ± 0.2205
INFO:meta-cli.py:Epoch 15/100	Loss 11.4534 ± 0.2205
INFO:meta-cli.py:Epoch 15/100	dev results	MRR 0.360408	H@1 0.266039	H@3 0.396065	H@5 0.462047	H@10 0.550299
INFO:meta-cli.py:Epoch 15/100	test results	MRR 0.355763	H@1 0.261287	H@3 0.391698	H@5 0.458639	H@10 0.544391
INFO:meta-cli.py:Epoch 16/100	Loss 11.4356 ± 0.2154
INFO:meta-cli.py:Epoch 17/100	Loss 11.4198 ± 0.2149
INFO:meta-cli.py:Epoch 18/100	Loss 11.4054 ± 0.2141
INFO:meta-cli.py:Epoch 18/100	dev results	MRR 0.363840	H@1 0.270060	H@3 0.397918	H@5 0.466039	H@10 0.553350
INFO:meta-cli.py:Epoch 18/100	test results	MRR 0.357882	H@1 0.263364	H@3 0.393360	H@5 0.461497	H@10 0.547371
INFO:meta-cli.py:Epoch 19/100	Loss 11.3924 ± 0.2103
INFO:meta-cli.py:Epoch 20/100	Loss 11.3806 ± 0.2154
INFO:meta-cli.py:Epoch 21/100	Loss 11.3696 ± 0.2135
INFO:meta-cli.py:Epoch 21/100	dev results	MRR 0.364464	H@1 0.271029	H@3 0.399430	H@5 0.465526	H@10 0.552695
INFO:meta-cli.py:Epoch 21/100	test results	MRR 0.358507	H@1 0.264048	H@3 0.393042	H@5 0.461741	H@10 0.547518
INFO:meta-cli.py:Epoch 22/100	Loss 11.3596 ± 0.2160
INFO:meta-cli.py:Epoch 23/100	Loss 11.3505 ± 0.2130
INFO:meta-cli.py:Epoch 24/100	Loss 11.3420 ± 0.2122
INFO:meta-cli.py:Epoch 24/100	dev results	MRR 0.363072	H@1 0.268435	H@3 0.397263	H@5 0.466324	H@10 0.554605
INFO:meta-cli.py:Epoch 24/100	test results	MRR 0.358173	H@1 0.263290	H@3 0.393677	H@5 0.461693	H@10 0.548544
INFO:meta-cli.py:Epoch 25/100	Loss 11.3340 ± 0.2131
INFO:meta-cli.py:Epoch 26/100	Loss 11.3266 ± 0.2145
INFO:meta-cli.py:Epoch 27/100	Loss 11.3195 ± 0.2163
INFO:meta-cli.py:Epoch 27/100	dev results	MRR 0.364057	H@1 0.269832	H@3 0.399259	H@5 0.466752	H@10 0.554405
INFO:meta-cli.py:Epoch 27/100	test results	MRR 0.358018	H@1 0.262753	H@3 0.394508	H@5 0.461302	H@10 0.548373
INFO:meta-cli.py:Epoch 28/100	Loss 11.3133 ± 0.2111
INFO:meta-cli.py:Epoch 29/100	Loss 11.3071 ± 0.2116
INFO:meta-cli.py:Epoch 30/100	Loss 11.3011 ± 0.2142
INFO:meta-cli.py:Epoch 30/100	dev results	MRR 0.363783	H@1 0.268948	H@3 0.399487	H@5 0.466296	H@10 0.555375
INFO:meta-cli.py:Epoch 30/100	test results	MRR 0.358319	H@1 0.263706	H@3 0.394606	H@5 0.461961	H@10 0.548129
INFO:meta-cli.py:Epoch 31/100	Loss 11.2955 ± 0.2093
INFO:meta-cli.py:Epoch 32/100	Loss 11.2904 ± 0.2135
INFO:meta-cli.py:Epoch 33/100	Loss 11.2854 ± 0.2122
INFO:meta-cli.py:Epoch 33/100	dev results	MRR 0.364182	H@1 0.269889	H@3 0.398318	H@5 0.467836	H@10 0.556744
INFO:meta-cli.py:Epoch 33/100	test results	MRR 0.359336	H@1 0.264878	H@3 0.394410	H@5 0.462719	H@10 0.549936
INFO:meta-cli.py:Epoch 34/100	Loss 11.2806 ± 0.2100
INFO:meta-cli.py:Epoch 35/100	Loss 11.2765 ± 0.2132
INFO:meta-cli.py:Epoch 36/100	Loss 11.2720 ± 0.2135
INFO:meta-cli.py:Epoch 36/100	dev results	MRR 0.366312	H@1 0.272541	H@3 0.400798	H@5 0.467836	H@10 0.554491
INFO:meta-cli.py:Epoch 36/100	test results	MRR 0.359998	H@1 0.265660	H@3 0.395168	H@5 0.464404	H@10 0.549399
INFO:meta-cli.py:Epoch 37/100	Loss 11.2679 ± 0.2139
INFO:meta-cli.py:Epoch 38/100	Loss 11.2641 ± 0.2079
INFO:meta-cli.py:Epoch 39/100	Loss 11.2602 ± 0.2119
INFO:meta-cli.py:Epoch 39/100	dev results	MRR 0.365923	H@1 0.271828	H@3 0.401226	H@5 0.467579	H@10 0.557114
INFO:meta-cli.py:Epoch 39/100	test results	MRR 0.360443	H@1 0.265758	H@3 0.396585	H@5 0.464258	H@10 0.549057
INFO:meta-cli.py:Epoch 40/100	Loss 11.2567 ± 0.2109
INFO:meta-cli.py:Epoch 41/100	Loss 11.2532 ± 0.2095
INFO:meta-cli.py:Epoch 42/100	Loss 11.2499 ± 0.2096
INFO:meta-cli.py:Epoch 42/100	dev results	MRR 0.365812	H@1 0.271143	H@3 0.401967	H@5 0.468748	H@10 0.555917
INFO:meta-cli.py:Epoch 42/100	test results	MRR 0.360257	H@1 0.265147	H@3 0.397195	H@5 0.464478	H@10 0.550669
INFO:meta-cli.py:Epoch 43/100	Loss 11.2468 ± 0.2103
INFO:meta-cli.py:Epoch 44/100	Loss 11.2436 ± 0.2081
INFO:meta-cli.py:Epoch 45/100	Loss 11.2406 ± 0.2124
INFO:meta-cli.py:Epoch 45/100	dev results	MRR 0.365493	H@1 0.270630	H@3 0.400855	H@5 0.468263	H@10 0.556344
INFO:meta-cli.py:Epoch 45/100	test results	MRR 0.360445	H@1 0.265318	H@3 0.397537	H@5 0.463842	H@10 0.550694
INFO:meta-cli.py:Epoch 46/100	Loss 11.2378 ± 0.2096
INFO:meta-cli.py:Epoch 47/100	Loss 11.2348 ± 0.2087
INFO:meta-cli.py:Epoch 48/100	Loss 11.2323 ± 0.2124
INFO:meta-cli.py:Epoch 48/100	dev results	MRR 0.366846	H@1 0.272655	H@3 0.402025	H@5 0.468292	H@10 0.556601
INFO:meta-cli.py:Epoch 48/100	test results	MRR 0.360878	H@1 0.266369	H@3 0.396902	H@5 0.463525	H@10 0.550425
INFO:meta-cli.py:Epoch 49/100	Loss 11.2297 ± 0.2082
INFO:meta-cli.py:Epoch 50/100	Loss 11.2272 ± 0.2122
INFO:meta-cli.py:Epoch 51/100	Loss 11.2247 ± 0.2084
INFO:meta-cli.py:Epoch 51/100	dev results	MRR 0.366977	H@1 0.272484	H@3 0.402737	H@5 0.469404	H@10 0.557285
INFO:meta-cli.py:Epoch 51/100	test results	MRR 0.360305	H@1 0.265611	H@3 0.396072	H@5 0.464502	H@10 0.551549
INFO:meta-cli.py:Epoch 52/100	Loss 11.2226 ± 0.2057
INFO:meta-cli.py:Epoch 53/100	Loss 11.2200 ± 0.2060
INFO:meta-cli.py:Epoch 54/100	Loss 11.2178 ± 0.2083
INFO:meta-cli.py:Epoch 54/100	dev results	MRR 0.366597	H@1 0.272255	H@3 0.402424	H@5 0.468720	H@10 0.556002
INFO:meta-cli.py:Epoch 54/100	test results	MRR 0.359957	H@1 0.264878	H@3 0.396414	H@5 0.464185	H@10 0.550401
INFO:meta-cli.py:Epoch 55/100	Loss 11.2156 ± 0.2084
INFO:meta-cli.py:Epoch 56/100	Loss 11.2136 ± 0.2133
INFO:meta-cli.py:Epoch 57/100	Loss 11.2115 ± 0.2097
INFO:meta-cli.py:Epoch 57/100	dev results	MRR 0.366615	H@1 0.272427	H@3 0.402224	H@5 0.468862	H@10 0.557314
INFO:meta-cli.py:Epoch 57/100	test results	MRR 0.361673	H@1 0.267639	H@3 0.396853	H@5 0.464307	H@10 0.551573
INFO:meta-cli.py:Epoch 58/100	Loss 11.2093 ± 0.2101
INFO:meta-cli.py:Epoch 59/100	Loss 11.2075 ± 0.2112
INFO:meta-cli.py:Epoch 60/100	Loss 11.2055 ± 0.2101
INFO:meta-cli.py:Epoch 60/100	dev results	MRR 0.367070	H@1 0.272341	H@3 0.402737	H@5 0.470288	H@10 0.557399
INFO:meta-cli.py:Epoch 60/100	test results	MRR 0.361495	H@1 0.267444	H@3 0.396780	H@5 0.465113	H@10 0.551011
INFO:meta-cli.py:Epoch 61/100	Loss 11.2039 ± 0.2082
INFO:meta-cli.py:Epoch 62/100	Loss 11.2018 ± 0.2104
INFO:meta-cli.py:Epoch 63/100	Loss 11.2002 ± 0.2094
INFO:meta-cli.py:Epoch 63/100	dev results	MRR 0.367205	H@1 0.273482	H@3 0.401312	H@5 0.467779	H@10 0.557656
INFO:meta-cli.py:Epoch 63/100	test results	MRR 0.361836	H@1 0.267346	H@3 0.398906	H@5 0.464575	H@10 0.551524
INFO:meta-cli.py:Epoch 64/100	Loss 11.1984 ± 0.2078
INFO:meta-cli.py:Epoch 65/100	Loss 11.1967 ± 0.2065
INFO:meta-cli.py:Epoch 66/100	Loss 11.1951 ± 0.2044
INFO:meta-cli.py:Epoch 66/100	dev results	MRR 0.367105	H@1 0.272683	H@3 0.402481	H@5 0.470887	H@10 0.557342
INFO:meta-cli.py:Epoch 66/100	test results	MRR 0.361830	H@1 0.267419	H@3 0.397489	H@5 0.466530	H@10 0.550523
INFO:meta-cli.py:Epoch 67/100	Loss 11.1935 ± 0.2070
INFO:meta-cli.py:Epoch 68/100	Loss 11.1920 ± 0.2085
INFO:meta-cli.py:Epoch 69/100	Loss 11.1904 ± 0.2072
INFO:meta-cli.py:Epoch 69/100	dev results	MRR 0.367982	H@1 0.273795	H@3 0.403764	H@5 0.469547	H@10 0.558084
INFO:meta-cli.py:Epoch 69/100	test results	MRR 0.361546	H@1 0.266784	H@3 0.397562	H@5 0.464795	H@10 0.551549
INFO:meta-cli.py:Epoch 70/100	Loss 11.1889 ± 0.2095
INFO:meta-cli.py:Epoch 71/100	Loss 11.1874 ± 0.2060
INFO:meta-cli.py:Epoch 72/100	Loss 11.1860 ± 0.2100
INFO:meta-cli.py:Epoch 72/100	dev results	MRR 0.368313	H@1 0.274480	H@3 0.403507	H@5 0.469946	H@10 0.556943
INFO:meta-cli.py:Epoch 72/100	test results	MRR 0.361573	H@1 0.267053	H@3 0.397513	H@5 0.463818	H@10 0.552086
INFO:meta-cli.py:Epoch 73/100	Loss 11.1846 ± 0.2059
INFO:meta-cli.py:Epoch 74/100	Loss 11.1831 ± 0.2091
INFO:meta-cli.py:Epoch 75/100	Loss 11.1818 ± 0.2079
INFO:meta-cli.py:Epoch 75/100	dev results	MRR 0.367442	H@1 0.272455	H@3 0.403450	H@5 0.469632	H@10 0.557599
INFO:meta-cli.py:Epoch 75/100	test results	MRR 0.361652	H@1 0.266613	H@3 0.397073	H@5 0.465821	H@10 0.551353
INFO:meta-cli.py:Epoch 76/100	Loss 11.1805 ± 0.2071
INFO:meta-cli.py:Epoch 77/100	Loss 11.1793 ± 0.2051
INFO:meta-cli.py:Epoch 78/100	Loss 11.1780 ± 0.2090
INFO:meta-cli.py:Epoch 78/100	dev results	MRR 0.367794	H@1 0.273681	H@3 0.403479	H@5 0.469119	H@10 0.556715
INFO:meta-cli.py:Epoch 78/100	test results	MRR 0.361904	H@1 0.267541	H@3 0.398344	H@5 0.463696	H@10 0.552038
INFO:meta-cli.py:Epoch 79/100	Loss 11.1767 ± 0.2094
INFO:meta-cli.py:Epoch 80/100	Loss 11.1755 ± 0.2066
INFO:meta-cli.py:Epoch 81/100	Loss 11.1743 ± 0.2094
INFO:meta-cli.py:Epoch 81/100	dev results	MRR 0.368092	H@1 0.274508	H@3 0.402652	H@5 0.468520	H@10 0.558397
INFO:meta-cli.py:Epoch 81/100	test results	MRR 0.361994	H@1 0.267810	H@3 0.397904	H@5 0.464160	H@10 0.550865
INFO:meta-cli.py:Epoch 82/100	Loss 11.1731 ± 0.2058
INFO:meta-cli.py:Epoch 83/100	Loss 11.1720 ± 0.2074
INFO:meta-cli.py:Epoch 84/100	Loss 11.1708 ± 0.2071
INFO:meta-cli.py:Epoch 84/100	dev results	MRR 0.367997	H@1 0.273567	H@3 0.404591	H@5 0.469860	H@10 0.557485
INFO:meta-cli.py:Epoch 84/100	test results	MRR 0.362091	H@1 0.267395	H@3 0.398441	H@5 0.466237	H@10 0.552599
INFO:meta-cli.py:Epoch 85/100	Loss 11.1696 ± 0.2092
INFO:meta-cli.py:Epoch 86/100	Loss 11.1686 ± 0.2049
INFO:meta-cli.py:Epoch 87/100	Loss 11.1674 ± 0.2057
INFO:meta-cli.py:Epoch 87/100	dev results	MRR 0.367308	H@1 0.272341	H@3 0.403137	H@5 0.469233	H@10 0.558169
INFO:meta-cli.py:Epoch 87/100	test results	MRR 0.361745	H@1 0.266588	H@3 0.398319	H@5 0.464404	H@10 0.552819
INFO:meta-cli.py:Epoch 88/100	Loss 11.1663 ± 0.2119
INFO:meta-cli.py:Epoch 89/100	Loss 11.1654 ± 0.2069
INFO:meta-cli.py:Epoch 90/100	Loss 11.1643 ± 0.2058
INFO:meta-cli.py:Epoch 90/100	dev results	MRR 0.367970	H@1 0.273368	H@3 0.403764	H@5 0.469347	H@10 0.558141
INFO:meta-cli.py:Epoch 90/100	test results	MRR 0.361802	H@1 0.267175	H@3 0.398050	H@5 0.465308	H@10 0.551842
INFO:meta-cli.py:Epoch 91/100	Loss 11.1634 ± 0.2071
INFO:meta-cli.py:Epoch 92/100	Loss 11.1623 ± 0.2113
INFO:meta-cli.py:Epoch 93/100	Loss 11.1613 ± 0.2079
INFO:meta-cli.py:Epoch 93/100	dev results	MRR 0.368521	H@1 0.273909	H@3 0.404505	H@5 0.471571	H@10 0.558740
INFO:meta-cli.py:Epoch 93/100	test results	MRR 0.362046	H@1 0.267566	H@3 0.397391	H@5 0.465944	H@10 0.551622
INFO:meta-cli.py:Epoch 94/100	Loss 11.1604 ± 0.2029
INFO:meta-cli.py:Epoch 95/100	Loss 11.1594 ± 0.2059
INFO:meta-cli.py:Epoch 96/100	Loss 11.1585 ± 0.2034
INFO:meta-cli.py:Epoch 96/100	dev results	MRR 0.368541	H@1 0.274451	H@3 0.403650	H@5 0.469860	H@10 0.557827
INFO:meta-cli.py:Epoch 96/100	test results	MRR 0.362315	H@1 0.267737	H@3 0.399394	H@5 0.464722	H@10 0.553161
INFO:meta-cli.py:Epoch 97/100	Loss 11.1575 ± 0.2075
INFO:meta-cli.py:Epoch 98/100	Loss 11.1567 ± 0.2062
INFO:meta-cli.py:Epoch 99/100	Loss 11.1558 ± 0.2052
INFO:meta-cli.py:Epoch 99/100	dev results	MRR 0.368347	H@1 0.273966	H@3 0.404163	H@5 0.470602	H@10 0.558084
INFO:meta-cli.py:Epoch 99/100	test results	MRR 0.362684	H@1 0.268592	H@3 0.398270	H@5 0.464893	H@10 0.552428
INFO:meta-cli.py:Epoch 100/100	Loss 11.1549 ± 0.2072
INFO:meta-cli.py:Final 	dev results	MRR 0.368569	H@1 0.274508	H@3 0.403678	H@5 0.470516	H@10 0.558768
INFO:meta-cli.py:Final 	test results	MRR 0.362414	H@1 0.268225	H@3 0.398173	H@5 0.464551	H@10 0.552966
INFO:meta-cli.py:Training finished
