./bin/meta-cli.py --train data/fb15k-237/train.tsv --dev data/fb15k-237/dev.tsv --test data/fb15k-237/test.tsv -m complex -k 2000 -b 1000 -e 100 --F2 0.005 --N3 0 -l 0.1 -I reciprocal -V 3 -o adagrad -q
{'F2': 0.005,
 'N3': 0.0,
 'batch_size': 1000,
 'dev': 'data/fb15k-237/dev.tsv',
 'embedding_size': 2000,
 'epochs': 100,
 'eval_batch_size': None,
 'input_type': 'reciprocal',
 'learning_rate': 0.1,
 'load': None,
 'model': 'complex',
 'optimizer': 'adagrad',
 'quiet': True,
 'save': None,
 'seed': 0,
 'test': 'data/fb15k-237/test.tsv',
 'test_i': None,
 'test_ii': None,
 'train': 'data/fb15k-237/train.tsv',
 'validate_every': 3}
INFO:meta-cli.py:Device: cuda
INFO:meta-cli.py:Model state:
INFO:meta-cli.py:	entities.weight	torch.Size([14541, 4000])
INFO:meta-cli.py:	predicates.weight	torch.Size([474, 4000])
INFO:meta-cli.py:Epoch 1/100	Loss 11.2485 ± 2.2868
INFO:meta-cli.py:Epoch 2/100	Loss 8.0624 ± 0.0937
INFO:meta-cli.py:Epoch 3/100	Loss 7.5520 ± 0.1275
INFO:meta-cli.py:Epoch 3/100	dev results	MRR 0.336376	H@1 0.246621	H@3 0.367893	H@5 0.430197	H@10 0.516282
INFO:meta-cli.py:Epoch 3/100	test results	MRR 0.330205	H@1 0.239983	H@3 0.361820	H@5 0.426097	H@10 0.511165
INFO:meta-cli.py:Epoch 4/100	Loss 7.3023 ± 0.1333
INFO:meta-cli.py:Epoch 5/100	Loss 7.1429 ± 0.1380
INFO:meta-cli.py:Epoch 6/100	Loss 7.0283 ± 0.1404
INFO:meta-cli.py:Epoch 6/100	dev results	MRR 0.342274	H@1 0.251982	H@3 0.373938	H@5 0.439749	H@10 0.525378
INFO:meta-cli.py:Epoch 6/100	test results	MRR 0.334804	H@1 0.242768	H@3 0.369076	H@5 0.433377	H@10 0.519056
INFO:meta-cli.py:Epoch 7/100	Loss 6.9417 ± 0.1408
INFO:meta-cli.py:Epoch 8/100	Loss 6.8715 ± 0.1432
INFO:meta-cli.py:Epoch 9/100	Loss 6.8148 ± 0.1405
INFO:meta-cli.py:Epoch 9/100	dev results	MRR 0.343627	H@1 0.252381	H@3 0.375791	H@5 0.440662	H@10 0.527859
INFO:meta-cli.py:Epoch 9/100	test results	MRR 0.334965	H@1 0.243037	H@3 0.367756	H@5 0.433622	H@10 0.521401
INFO:meta-cli.py:Epoch 10/100	Loss 6.7667 ± 0.1368
INFO:meta-cli.py:Epoch 11/100	Loss 6.7249 ± 0.1299
INFO:meta-cli.py:Epoch 12/100	Loss 6.6895 ± 0.1309
INFO:meta-cli.py:Epoch 12/100	dev results	MRR 0.345379	H@1 0.254634	H@3 0.377787	H@5 0.442829	H@10 0.527659
INFO:meta-cli.py:Epoch 12/100	test results	MRR 0.336971	H@1 0.245260	H@3 0.370566	H@5 0.436333	H@10 0.522037
INFO:meta-cli.py:Epoch 13/100	Loss 6.6583 ± 0.1344
INFO:meta-cli.py:Epoch 14/100	Loss 6.6302 ± 0.1305
INFO:meta-cli.py:Epoch 15/100	Loss 6.6050 ± 0.1203
INFO:meta-cli.py:Epoch 15/100	dev results	MRR 0.344053	H@1 0.252980	H@3 0.377787	H@5 0.442002	H@10 0.527374
INFO:meta-cli.py:Epoch 15/100	test results	MRR 0.337124	H@1 0.245920	H@3 0.369955	H@5 0.435943	H@10 0.521377
INFO:meta-cli.py:Epoch 16/100	Loss 6.5828 ± 0.1243
INFO:meta-cli.py:Epoch 17/100	Loss 6.5626 ± 0.1237
INFO:meta-cli.py:Epoch 18/100	Loss 6.5434 ± 0.1180
INFO:meta-cli.py:Epoch 18/100	dev results	MRR 0.345793	H@1 0.255660	H@3 0.378700	H@5 0.441859	H@10 0.527802
INFO:meta-cli.py:Epoch 18/100	test results	MRR 0.336453	H@1 0.245212	H@3 0.369906	H@5 0.433915	H@10 0.520693
INFO:meta-cli.py:Epoch 19/100	Loss 6.5266 ± 0.1191
INFO:meta-cli.py:Epoch 20/100	Loss 6.5099 ± 0.1161
INFO:meta-cli.py:Epoch 21/100	Loss 6.4959 ± 0.1131
INFO:meta-cli.py:Epoch 21/100	dev results	MRR 0.344305	H@1 0.254149	H@3 0.377445	H@5 0.440861	H@10 0.527402
INFO:meta-cli.py:Epoch 21/100	test results	MRR 0.336545	H@1 0.245725	H@3 0.369784	H@5 0.434135	H@10 0.521035
INFO:meta-cli.py:Epoch 22/100	Loss 6.4814 ± 0.1184
INFO:meta-cli.py:Epoch 23/100	Loss 6.4697 ± 0.1162
INFO:meta-cli.py:Epoch 24/100	Loss 6.4573 ± 0.1155
INFO:meta-cli.py:Epoch 24/100	dev results	MRR 0.343670	H@1 0.252923	H@3 0.376932	H@5 0.441374	H@10 0.526119
INFO:meta-cli.py:Epoch 24/100	test results	MRR 0.336041	H@1 0.244967	H@3 0.369906	H@5 0.434721	H@10 0.519984
INFO:meta-cli.py:Epoch 25/100	Loss 6.4465 ± 0.1144
INFO:meta-cli.py:Epoch 26/100	Loss 6.4356 ± 0.1123
INFO:meta-cli.py:Epoch 27/100	Loss 6.4254 ± 0.1149
INFO:meta-cli.py:Epoch 27/100	dev results	MRR 0.343700	H@1 0.252780	H@3 0.377017	H@5 0.440291	H@10 0.525920
INFO:meta-cli.py:Epoch 27/100	test results	MRR 0.335779	H@1 0.244796	H@3 0.369393	H@5 0.434110	H@10 0.519251
INFO:meta-cli.py:Epoch 28/100	Loss 6.4163 ± 0.1137
INFO:meta-cli.py:Epoch 29/100	Loss 6.4073 ± 0.1115
INFO:meta-cli.py:Epoch 30/100	Loss 6.3985 ± 0.1104
INFO:meta-cli.py:Epoch 30/100	dev results	MRR 0.342951	H@1 0.251925	H@3 0.376162	H@5 0.441118	H@10 0.526490
INFO:meta-cli.py:Epoch 30/100	test results	MRR 0.335625	H@1 0.244479	H@3 0.368953	H@5 0.433157	H@10 0.518176
INFO:meta-cli.py:Epoch 31/100	Loss 6.3904 ± 0.1091
INFO:meta-cli.py:Epoch 32/100	Loss 6.3829 ± 0.1133
INFO:meta-cli.py:Epoch 33/100	Loss 6.3753 ± 0.1092
INFO:meta-cli.py:Epoch 33/100	dev results	MRR 0.342486	H@1 0.252096	H@3 0.375848	H@5 0.440376	H@10 0.524922
INFO:meta-cli.py:Epoch 33/100	test results	MRR 0.335444	H@1 0.244332	H@3 0.369222	H@5 0.433768	H@10 0.518250
INFO:meta-cli.py:Epoch 34/100	Loss 6.3683 ± 0.1070
INFO:meta-cli.py:Epoch 35/100	Loss 6.3619 ± 0.1084
INFO:meta-cli.py:Epoch 36/100	Loss 6.3549 ± 0.1088
INFO:meta-cli.py:Epoch 36/100	dev results	MRR 0.343174	H@1 0.253094	H@3 0.376362	H@5 0.439778	H@10 0.524693
INFO:meta-cli.py:Epoch 36/100	test results	MRR 0.335229	H@1 0.244430	H@3 0.368269	H@5 0.433377	H@10 0.517028
INFO:meta-cli.py:Epoch 37/100	Loss 6.3488 ± 0.1057
INFO:meta-cli.py:Epoch 38/100	Loss 6.3431 ± 0.1067
INFO:meta-cli.py:Epoch 39/100	Loss 6.3367 ± 0.1016
INFO:meta-cli.py:Epoch 39/100	dev results	MRR 0.342676	H@1 0.252695	H@3 0.375278	H@5 0.439549	H@10 0.525235
INFO:meta-cli.py:Epoch 39/100	test results	MRR 0.334481	H@1 0.243819	H@3 0.367659	H@5 0.433157	H@10 0.516662
INFO:meta-cli.py:Epoch 40/100	Loss 6.3316 ± 0.1017
INFO:meta-cli.py:Epoch 41/100	Loss 6.3257 ± 0.1029
INFO:meta-cli.py:Epoch 42/100	Loss 6.3202 ± 0.1019
INFO:meta-cli.py:Epoch 42/100	dev results	MRR 0.342122	H@1 0.252010	H@3 0.375535	H@5 0.439236	H@10 0.524152
INFO:meta-cli.py:Epoch 42/100	test results	MRR 0.334515	H@1 0.243966	H@3 0.367512	H@5 0.432302	H@10 0.516662
INFO:meta-cli.py:Epoch 43/100	Loss 6.3161 ± 0.1070
INFO:meta-cli.py:Epoch 44/100	Loss 6.3108 ± 0.1047
INFO:meta-cli.py:Epoch 45/100	Loss 6.3059 ± 0.1005
INFO:meta-cli.py:Epoch 45/100	dev results	MRR 0.340942	H@1 0.250756	H@3 0.374765	H@5 0.439350	H@10 0.523496
INFO:meta-cli.py:Epoch 45/100	test results	MRR 0.333796	H@1 0.243599	H@3 0.366657	H@5 0.431472	H@10 0.515147
INFO:meta-cli.py:Epoch 46/100	Loss 6.3014 ± 0.0979
INFO:meta-cli.py:Epoch 47/100	Loss 6.2968 ± 0.0968
INFO:meta-cli.py:Epoch 48/100	Loss 6.2924 ± 0.1024
INFO:meta-cli.py:Epoch 48/100	dev results	MRR 0.341210	H@1 0.251155	H@3 0.374907	H@5 0.438038	H@10 0.523268
INFO:meta-cli.py:Epoch 48/100	test results	MRR 0.333546	H@1 0.243233	H@3 0.367072	H@5 0.430934	H@10 0.515049
INFO:meta-cli.py:Epoch 49/100	Loss 6.2884 ± 0.0999
INFO:meta-cli.py:Epoch 50/100	Loss 6.2843 ± 0.1000
INFO:meta-cli.py:Epoch 51/100	Loss 6.2804 ± 0.0961
INFO:meta-cli.py:Epoch 51/100	dev results	MRR 0.340913	H@1 0.250413	H@3 0.375478	H@5 0.437810	H@10 0.523581
INFO:meta-cli.py:Epoch 51/100	test results	MRR 0.332739	H@1 0.241791	H@3 0.367048	H@5 0.431008	H@10 0.514854
INFO:meta-cli.py:Epoch 52/100	Loss 6.2763 ± 0.0952
INFO:meta-cli.py:Epoch 53/100	Loss 6.2724 ± 0.0968
INFO:meta-cli.py:Epoch 54/100	Loss 6.2686 ± 0.0969
INFO:meta-cli.py:Epoch 54/100	dev results	MRR 0.340159	H@1 0.250185	H@3 0.373139	H@5 0.437668	H@10 0.523040
INFO:meta-cli.py:Epoch 54/100	test results	MRR 0.332118	H@1 0.241571	H@3 0.365655	H@5 0.429615	H@10 0.514487
INFO:meta-cli.py:Epoch 55/100	Loss 6.2653 ± 0.0996
INFO:meta-cli.py:Epoch 56/100	Loss 6.2614 ± 0.0978
INFO:meta-cli.py:Epoch 57/100	Loss 6.2586 ± 0.0996
INFO:meta-cli.py:Epoch 57/100	dev results	MRR 0.339926	H@1 0.249644	H@3 0.374251	H@5 0.437040	H@10 0.522013
INFO:meta-cli.py:Epoch 57/100	test results	MRR 0.332425	H@1 0.241938	H@3 0.366510	H@5 0.429053	H@10 0.514048
INFO:meta-cli.py:Epoch 58/100	Loss 6.2545 ± 0.0965
INFO:meta-cli.py:Epoch 59/100	Loss 6.2516 ± 0.0958
INFO:meta-cli.py:Epoch 60/100	Loss 6.2483 ± 0.0942
INFO:meta-cli.py:Epoch 60/100	dev results	MRR 0.339668	H@1 0.248845	H@3 0.374023	H@5 0.437040	H@10 0.521528
INFO:meta-cli.py:Epoch 60/100	test results	MRR 0.332131	H@1 0.241498	H@3 0.365631	H@5 0.429029	H@10 0.513657
INFO:meta-cli.py:Epoch 61/100	Loss 6.2454 ± 0.0985
INFO:meta-cli.py:Epoch 62/100	Loss 6.2422 ± 0.0961
INFO:meta-cli.py:Epoch 63/100	Loss 6.2395 ± 0.0950
INFO:meta-cli.py:Epoch 63/100	dev results	MRR 0.339640	H@1 0.249558	H@3 0.372911	H@5 0.436327	H@10 0.521528
INFO:meta-cli.py:Epoch 63/100	test results	MRR 0.331970	H@1 0.241376	H@3 0.366437	H@5 0.429126	H@10 0.513266
INFO:meta-cli.py:Epoch 64/100	Loss 6.2365 ± 0.0909
INFO:meta-cli.py:Epoch 65/100	Loss 6.2335 ± 0.0941
INFO:meta-cli.py:Epoch 66/100	Loss 6.2304 ± 0.0879
INFO:meta-cli.py:Epoch 66/100	dev results	MRR 0.339728	H@1 0.249644	H@3 0.373111	H@5 0.436612	H@10 0.521386
INFO:meta-cli.py:Epoch 66/100	test results	MRR 0.331642	H@1 0.241132	H@3 0.365264	H@5 0.428418	H@10 0.513779
INFO:meta-cli.py:Epoch 67/100	Loss 6.2279 ± 0.0945
INFO:meta-cli.py:Epoch 68/100	Loss 6.2255 ± 0.0956
INFO:meta-cli.py:Epoch 69/100	Loss 6.2228 ± 0.0925
INFO:meta-cli.py:Epoch 69/100	dev results	MRR 0.339307	H@1 0.248931	H@3 0.372940	H@5 0.435928	H@10 0.519703
INFO:meta-cli.py:Epoch 69/100	test results	MRR 0.331728	H@1 0.241620	H@3 0.364727	H@5 0.428222	H@10 0.513339
INFO:meta-cli.py:Epoch 70/100	Loss 6.2200 ± 0.0945
INFO:meta-cli.py:Epoch 71/100	Loss 6.2180 ± 0.0963
INFO:meta-cli.py:Epoch 72/100	Loss 6.2148 ± 0.0921
INFO:meta-cli.py:Epoch 72/100	dev results	MRR 0.338493	H@1 0.248075	H@3 0.372370	H@5 0.435643	H@10 0.519818
INFO:meta-cli.py:Epoch 72/100	test results	MRR 0.330353	H@1 0.239812	H@3 0.363725	H@5 0.427416	H@10 0.512606
INFO:meta-cli.py:Epoch 73/100	Loss 6.2124 ± 0.0906
INFO:meta-cli.py:Epoch 74/100	Loss 6.2099 ± 0.0951
INFO:meta-cli.py:Epoch 75/100	Loss 6.2080 ± 0.0904
INFO:meta-cli.py:Epoch 75/100	dev results	MRR 0.338168	H@1 0.247705	H@3 0.372712	H@5 0.435130	H@10 0.519247
INFO:meta-cli.py:Epoch 75/100	test results	MRR 0.330423	H@1 0.239812	H@3 0.364360	H@5 0.427734	H@10 0.512313
INFO:meta-cli.py:Epoch 76/100	Loss 6.2057 ± 0.0912
INFO:meta-cli.py:Epoch 77/100	Loss 6.2031 ± 0.0884
INFO:meta-cli.py:Epoch 78/100	Loss 6.2011 ± 0.0922
INFO:meta-cli.py:Epoch 78/100	dev results	MRR 0.338246	H@1 0.248360	H@3 0.370915	H@5 0.434930	H@10 0.519219
INFO:meta-cli.py:Epoch 78/100	test results	MRR 0.329847	H@1 0.239324	H@3 0.362870	H@5 0.427636	H@10 0.511751
INFO:meta-cli.py:Epoch 79/100	Loss 6.1987 ± 0.0891
INFO:meta-cli.py:Epoch 80/100	Loss 6.1966 ± 0.0894
INFO:meta-cli.py:Epoch 81/100	Loss 6.1946 ± 0.0951
INFO:meta-cli.py:Epoch 81/100	dev results	MRR 0.338306	H@1 0.248446	H@3 0.371685	H@5 0.434274	H@10 0.519304
INFO:meta-cli.py:Epoch 81/100	test results	MRR 0.329935	H@1 0.239348	H@3 0.363970	H@5 0.426073	H@10 0.511580
INFO:meta-cli.py:Epoch 82/100	Loss 6.1926 ± 0.0950
INFO:meta-cli.py:Epoch 83/100	Loss 6.1906 ± 0.0884
INFO:meta-cli.py:Epoch 84/100	Loss 6.1882 ± 0.0867
INFO:meta-cli.py:Epoch 84/100	dev results	MRR 0.337668	H@1 0.247733	H@3 0.370744	H@5 0.434702	H@10 0.518050
INFO:meta-cli.py:Epoch 84/100	test results	MRR 0.329730	H@1 0.239348	H@3 0.364556	H@5 0.426463	H@10 0.510896
INFO:meta-cli.py:Epoch 85/100	Loss 6.1863 ± 0.0868
INFO:meta-cli.py:Epoch 86/100	Loss 6.1847 ± 0.0873
INFO:meta-cli.py:Epoch 87/100	Loss 6.1822 ± 0.0881
INFO:meta-cli.py:Epoch 87/100	dev results	MRR 0.337262	H@1 0.247163	H@3 0.370202	H@5 0.433590	H@10 0.518563
INFO:meta-cli.py:Epoch 87/100	test results	MRR 0.329233	H@1 0.238664	H@3 0.363163	H@5 0.426097	H@10 0.511385
INFO:meta-cli.py:Epoch 88/100	Loss 6.1807 ± 0.0896
INFO:meta-cli.py:Epoch 89/100	Loss 6.1785 ± 0.0884
INFO:meta-cli.py:Epoch 90/100	Loss 6.1769 ± 0.0919
INFO:meta-cli.py:Epoch 90/100	dev results	MRR 0.336958	H@1 0.247077	H@3 0.370687	H@5 0.433761	H@10 0.517879
INFO:meta-cli.py:Epoch 90/100	test results	MRR 0.328598	H@1 0.238029	H@3 0.362870	H@5 0.425999	H@10 0.510212
INFO:meta-cli.py:Epoch 91/100	Loss 6.1753 ± 0.0864
INFO:meta-cli.py:Epoch 92/100	Loss 6.1729 ± 0.0892
INFO:meta-cli.py:Epoch 93/100	Loss 6.1710 ± 0.0836
INFO:meta-cli.py:Epoch 93/100	dev results	MRR 0.336817	H@1 0.246821	H@3 0.370174	H@5 0.433932	H@10 0.518078
INFO:meta-cli.py:Epoch 93/100	test results	MRR 0.329223	H@1 0.239373	H@3 0.362992	H@5 0.425120	H@10 0.509675
INFO:meta-cli.py:Epoch 94/100	Loss 6.1699 ± 0.0893
INFO:meta-cli.py:Epoch 95/100	Loss 6.1679 ± 0.0882
INFO:meta-cli.py:Epoch 96/100	Loss 6.1660 ± 0.0863
INFO:meta-cli.py:Epoch 96/100	dev results	MRR 0.336547	H@1 0.246564	H@3 0.369775	H@5 0.432706	H@10 0.517993
INFO:meta-cli.py:Epoch 96/100	test results	MRR 0.328583	H@1 0.238444	H@3 0.362846	H@5 0.424607	H@10 0.510359
INFO:meta-cli.py:Epoch 97/100	Loss 6.1642 ± 0.0914
INFO:meta-cli.py:Epoch 98/100	Loss 6.1629 ± 0.0819
INFO:meta-cli.py:Epoch 99/100	Loss 6.1613 ± 0.0907
INFO:meta-cli.py:Epoch 99/100	dev results	MRR 0.336188	H@1 0.246478	H@3 0.369376	H@5 0.432506	H@10 0.517166
INFO:meta-cli.py:Epoch 99/100	test results	MRR 0.328459	H@1 0.238127	H@3 0.362357	H@5 0.425095	H@10 0.510090
INFO:meta-cli.py:Epoch 100/100	Loss 6.1593 ± 0.0893
INFO:meta-cli.py:Final 	dev results	MRR 0.336404	H@1 0.246735	H@3 0.368862	H@5 0.433219	H@10 0.516624
INFO:meta-cli.py:Final 	test results	MRR 0.328798	H@1 0.238762	H@3 0.362870	H@5 0.424607	H@10 0.509992
INFO:meta-cli.py:Training finished
