./bin/meta-cli.py --train data/fb15k-237/train.tsv --dev data/fb15k-237/dev.tsv --test data/fb15k-237/test.tsv -m complex -k 2000 -b 1000 -e 100 --F2 0 --N3 0.005 -l 0.1 -I standard -V 3 -o adagrad -q
{'F2': 0.0,
 'N3': 0.005,
 'batch_size': 1000,
 'dev': 'data/fb15k-237/dev.tsv',
 'embedding_size': 2000,
 'epochs': 100,
 'eval_batch_size': None,
 'input_type': 'standard',
 'learning_rate': 0.1,
 'load': None,
 'model': 'complex',
 'optimizer': 'adagrad',
 'quiet': True,
 'save': None,
 'seed': 0,
 'test': 'data/fb15k-237/test.tsv',
 'test_i': None,
 'test_ii': None,
 'train': 'data/fb15k-237/train.tsv',
 'validate_every': 3}
INFO:meta-cli.py:Device: cuda
INFO:meta-cli.py:Model state:
INFO:meta-cli.py:	entities.weight	torch.Size([14541, 4000])
INFO:meta-cli.py:	predicates.weight	torch.Size([237, 4000])
INFO:meta-cli.py:Epoch 1/100	Loss 12.2833 ± 2.0521
INFO:meta-cli.py:Epoch 2/100	Loss 8.3543 ± 0.1526
INFO:meta-cli.py:Epoch 3/100	Loss 7.5194 ± 0.2377
INFO:meta-cli.py:Epoch 3/100	dev results	MRR 0.322110	H@1 0.232906	H@3 0.352352	H@5 0.416624	H@10 0.504648
INFO:meta-cli.py:Epoch 3/100	test results	MRR 0.316194	H@1 0.226473	H@3 0.346770	H@5 0.413100	H@10 0.499805
INFO:meta-cli.py:Epoch 4/100	Loss 7.1757 ± 0.2548
INFO:meta-cli.py:Epoch 5/100	Loss 6.9789 ± 0.2613
INFO:meta-cli.py:Epoch 6/100	Loss 6.8435 ± 0.2524
INFO:meta-cli.py:Epoch 6/100	dev results	MRR 0.337183	H@1 0.245024	H@3 0.369803	H@5 0.435614	H@10 0.522298
INFO:meta-cli.py:Epoch 6/100	test results	MRR 0.331677	H@1 0.238566	H@3 0.365924	H@5 0.431032	H@10 0.521084
INFO:meta-cli.py:Epoch 7/100	Loss 6.7470 ± 0.2465
INFO:meta-cli.py:Epoch 8/100	Loss 6.6689 ± 0.2424
INFO:meta-cli.py:Epoch 9/100	Loss 6.6081 ± 0.2443
INFO:meta-cli.py:Epoch 9/100	dev results	MRR 0.343069	H@1 0.251383	H@3 0.376362	H@5 0.440091	H@10 0.528685
INFO:meta-cli.py:Epoch 9/100	test results	MRR 0.338121	H@1 0.245041	H@3 0.373253	H@5 0.436431	H@10 0.523869
INFO:meta-cli.py:Epoch 10/100	Loss 6.5558 ± 0.2324
INFO:meta-cli.py:Epoch 11/100	Loss 6.5100 ± 0.2372
INFO:meta-cli.py:Epoch 12/100	Loss 6.4742 ± 0.2387
INFO:meta-cli.py:Epoch 12/100	dev results	MRR 0.346000	H@1 0.253892	H@3 0.380867	H@5 0.443513	H@10 0.532792
INFO:meta-cli.py:Epoch 12/100	test results	MRR 0.339640	H@1 0.246360	H@3 0.374328	H@5 0.440633	H@10 0.527973
INFO:meta-cli.py:Epoch 13/100	Loss 6.4403 ± 0.2250
INFO:meta-cli.py:Epoch 14/100	Loss 6.4107 ± 0.2286
INFO:meta-cli.py:Epoch 15/100	Loss 6.3826 ± 0.2196
INFO:meta-cli.py:Epoch 15/100	dev results	MRR 0.349765	H@1 0.257514	H@3 0.383804	H@5 0.446992	H@10 0.534445
INFO:meta-cli.py:Epoch 15/100	test results	MRR 0.344126	H@1 0.251417	H@3 0.377480	H@5 0.443809	H@10 0.531027
INFO:meta-cli.py:Epoch 16/100	Loss 6.3596 ± 0.2174
INFO:meta-cli.py:Epoch 17/100	Loss 6.3388 ± 0.2171
INFO:meta-cli.py:Epoch 18/100	Loss 6.3188 ± 0.2148
INFO:meta-cli.py:Epoch 18/100	dev results	MRR 0.351834	H@1 0.259053	H@3 0.387111	H@5 0.451041	H@10 0.537040
INFO:meta-cli.py:Epoch 18/100	test results	MRR 0.345391	H@1 0.252663	H@3 0.379605	H@5 0.444982	H@10 0.531882
INFO:meta-cli.py:Epoch 19/100	Loss 6.2998 ± 0.2050
INFO:meta-cli.py:Epoch 20/100	Loss 6.2836 ± 0.2055
INFO:meta-cli.py:Epoch 21/100	Loss 6.2689 ± 0.1952
INFO:meta-cli.py:Epoch 21/100	dev results	MRR 0.351678	H@1 0.258711	H@3 0.386056	H@5 0.451183	H@10 0.537839
INFO:meta-cli.py:Epoch 21/100	test results	MRR 0.346269	H@1 0.252712	H@3 0.381951	H@5 0.448158	H@10 0.533519
INFO:meta-cli.py:Epoch 22/100	Loss 6.2553 ± 0.1995
INFO:meta-cli.py:Epoch 23/100	Loss 6.2400 ± 0.1986
INFO:meta-cli.py:Epoch 24/100	Loss 6.2288 ± 0.1932
INFO:meta-cli.py:Epoch 24/100	dev results	MRR 0.351853	H@1 0.258141	H@3 0.388109	H@5 0.451811	H@10 0.539607
INFO:meta-cli.py:Epoch 24/100	test results	MRR 0.346929	H@1 0.253445	H@3 0.381804	H@5 0.449013	H@10 0.535620
INFO:meta-cli.py:Epoch 25/100	Loss 6.2158 ± 0.1936
INFO:meta-cli.py:Epoch 26/100	Loss 6.2039 ± 0.1909
INFO:meta-cli.py:Epoch 27/100	Loss 6.1952 ± 0.1908
INFO:meta-cli.py:Epoch 27/100	dev results	MRR 0.353904	H@1 0.261449	H@3 0.386883	H@5 0.454035	H@10 0.539977
INFO:meta-cli.py:Epoch 27/100	test results	MRR 0.348017	H@1 0.254617	H@3 0.382244	H@5 0.450381	H@10 0.535278
INFO:meta-cli.py:Epoch 28/100	Loss 6.1856 ± 0.1841
INFO:meta-cli.py:Epoch 29/100	Loss 6.1753 ± 0.1817
INFO:meta-cli.py:Epoch 30/100	Loss 6.1665 ± 0.1817
INFO:meta-cli.py:Epoch 30/100	dev results	MRR 0.353072	H@1 0.260194	H@3 0.387796	H@5 0.452181	H@10 0.540719
INFO:meta-cli.py:Epoch 30/100	test results	MRR 0.347363	H@1 0.253811	H@3 0.382512	H@5 0.449697	H@10 0.534789
INFO:meta-cli.py:Epoch 31/100	Loss 6.1577 ± 0.1799
INFO:meta-cli.py:Epoch 32/100	Loss 6.1496 ± 0.1819
INFO:meta-cli.py:Epoch 33/100	Loss 6.1421 ± 0.1736
INFO:meta-cli.py:Epoch 33/100	dev results	MRR 0.354568	H@1 0.262304	H@3 0.389336	H@5 0.452524	H@10 0.540433
INFO:meta-cli.py:Epoch 33/100	test results	MRR 0.348674	H@1 0.255253	H@3 0.384149	H@5 0.448647	H@10 0.536231
INFO:meta-cli.py:Epoch 34/100	Loss 6.1340 ± 0.1727
INFO:meta-cli.py:Epoch 35/100	Loss 6.1276 ± 0.1782
INFO:meta-cli.py:Epoch 36/100	Loss 6.1208 ± 0.1653
INFO:meta-cli.py:Epoch 36/100	dev results	MRR 0.354533	H@1 0.262361	H@3 0.388851	H@5 0.452153	H@10 0.542686
INFO:meta-cli.py:Epoch 36/100	test results	MRR 0.349128	H@1 0.255399	H@3 0.384980	H@5 0.449966	H@10 0.535644
INFO:meta-cli.py:Epoch 37/100	Loss 6.1140 ± 0.1653
INFO:meta-cli.py:Epoch 38/100	Loss 6.1091 ± 0.1781
INFO:meta-cli.py:Epoch 39/100	Loss 6.1019 ± 0.1645
INFO:meta-cli.py:Epoch 39/100	dev results	MRR 0.354918	H@1 0.262789	H@3 0.388309	H@5 0.455403	H@10 0.541631
INFO:meta-cli.py:Epoch 39/100	test results	MRR 0.349389	H@1 0.256743	H@3 0.383099	H@5 0.451334	H@10 0.536817
INFO:meta-cli.py:Epoch 40/100	Loss 6.0968 ± 0.1712
INFO:meta-cli.py:Epoch 41/100	Loss 6.0899 ± 0.1677
INFO:meta-cli.py:Epoch 42/100	Loss 6.0848 ± 0.1605
INFO:meta-cli.py:Epoch 42/100	dev results	MRR 0.356166	H@1 0.264243	H@3 0.389535	H@5 0.453807	H@10 0.542116
INFO:meta-cli.py:Epoch 42/100	test results	MRR 0.350386	H@1 0.257525	H@3 0.385249	H@5 0.449721	H@10 0.536353
INFO:meta-cli.py:Epoch 43/100	Loss 6.0796 ± 0.1631
INFO:meta-cli.py:Epoch 44/100	Loss 6.0743 ± 0.1603
INFO:meta-cli.py:Epoch 45/100	Loss 6.0707 ± 0.1667
INFO:meta-cli.py:Epoch 45/100	dev results	MRR 0.356379	H@1 0.264699	H@3 0.389222	H@5 0.455175	H@10 0.541717
INFO:meta-cli.py:Epoch 45/100	test results	MRR 0.349598	H@1 0.256230	H@3 0.385273	H@5 0.450259	H@10 0.535498
INFO:meta-cli.py:Epoch 46/100	Loss 6.0655 ± 0.1620
INFO:meta-cli.py:Epoch 47/100	Loss 6.0604 ± 0.1621
INFO:meta-cli.py:Epoch 48/100	Loss 6.0557 ± 0.1632
INFO:meta-cli.py:Epoch 48/100	dev results	MRR 0.355181	H@1 0.262618	H@3 0.390505	H@5 0.454491	H@10 0.541260
INFO:meta-cli.py:Epoch 48/100	test results	MRR 0.350074	H@1 0.256572	H@3 0.385688	H@5 0.451041	H@10 0.536377
INFO:meta-cli.py:Epoch 49/100	Loss 6.0519 ± 0.1592
INFO:meta-cli.py:Epoch 50/100	Loss 6.0473 ± 0.1465
INFO:meta-cli.py:Epoch 51/100	Loss 6.0438 ± 0.1513
INFO:meta-cli.py:Epoch 51/100	dev results	MRR 0.355443	H@1 0.262390	H@3 0.390334	H@5 0.454120	H@10 0.543142
INFO:meta-cli.py:Epoch 51/100	test results	MRR 0.350301	H@1 0.257158	H@3 0.385175	H@5 0.449721	H@10 0.536793
INFO:meta-cli.py:Epoch 52/100	Loss 6.0411 ± 0.1677
INFO:meta-cli.py:Epoch 53/100	Loss 6.0349 ± 0.1591
INFO:meta-cli.py:Epoch 54/100	Loss 6.0327 ± 0.1681
INFO:meta-cli.py:Epoch 54/100	dev results	MRR 0.356453	H@1 0.264186	H@3 0.391360	H@5 0.454006	H@10 0.541774
INFO:meta-cli.py:Epoch 54/100	test results	MRR 0.350109	H@1 0.257207	H@3 0.384565	H@5 0.451114	H@10 0.537135
INFO:meta-cli.py:Epoch 55/100	Loss 6.0278 ± 0.1475
INFO:meta-cli.py:Epoch 56/100	Loss 6.0262 ± 0.1592
INFO:meta-cli.py:Epoch 57/100	Loss 6.0226 ± 0.1516
INFO:meta-cli.py:Epoch 57/100	dev results	MRR 0.356211	H@1 0.263986	H@3 0.390305	H@5 0.454006	H@10 0.543000
INFO:meta-cli.py:Epoch 57/100	test results	MRR 0.350360	H@1 0.257280	H@3 0.385175	H@5 0.451090	H@10 0.536231
INFO:meta-cli.py:Epoch 58/100	Loss 6.0195 ± 0.1597
INFO:meta-cli.py:Epoch 59/100	Loss 6.0142 ± 0.1437
INFO:meta-cli.py:Epoch 60/100	Loss 6.0130 ± 0.1502
INFO:meta-cli.py:Epoch 60/100	dev results	MRR 0.356510	H@1 0.263673	H@3 0.391474	H@5 0.455831	H@10 0.542857
INFO:meta-cli.py:Epoch 60/100	test results	MRR 0.350827	H@1 0.257500	H@3 0.385859	H@5 0.451676	H@10 0.537379
INFO:meta-cli.py:Epoch 61/100	Loss 6.0097 ± 0.1489
INFO:meta-cli.py:Epoch 62/100	Loss 6.0059 ± 0.1502
INFO:meta-cli.py:Epoch 63/100	Loss 6.0022 ± 0.1424
INFO:meta-cli.py:Epoch 63/100	dev results	MRR 0.356890	H@1 0.264186	H@3 0.392729	H@5 0.455603	H@10 0.543085
INFO:meta-cli.py:Epoch 63/100	test results	MRR 0.350880	H@1 0.257280	H@3 0.387545	H@5 0.452482	H@10 0.537306
INFO:meta-cli.py:Epoch 64/100	Loss 6.0006 ± 0.1542
INFO:meta-cli.py:Epoch 65/100	Loss 5.9977 ± 0.1450
INFO:meta-cli.py:Epoch 66/100	Loss 5.9948 ± 0.1434
INFO:meta-cli.py:Epoch 66/100	dev results	MRR 0.356001	H@1 0.262988	H@3 0.391816	H@5 0.455261	H@10 0.542743
INFO:meta-cli.py:Epoch 66/100	test results	MRR 0.350270	H@1 0.256841	H@3 0.385811	H@5 0.451652	H@10 0.536500
INFO:meta-cli.py:Epoch 67/100	Loss 5.9922 ± 0.1438
INFO:meta-cli.py:Epoch 68/100	Loss 5.9901 ± 0.1468
INFO:meta-cli.py:Epoch 69/100	Loss 5.9863 ± 0.1498
INFO:meta-cli.py:Epoch 69/100	dev results	MRR 0.357304	H@1 0.265212	H@3 0.392187	H@5 0.455061	H@10 0.542686
INFO:meta-cli.py:Epoch 69/100	test results	MRR 0.350511	H@1 0.257305	H@3 0.385933	H@5 0.450821	H@10 0.537232
INFO:meta-cli.py:Epoch 70/100	Loss 5.9835 ± 0.1393
INFO:meta-cli.py:Epoch 71/100	Loss 5.9815 ± 0.1462
INFO:meta-cli.py:Epoch 72/100	Loss 5.9795 ± 0.1420
INFO:meta-cli.py:Epoch 72/100	dev results	MRR 0.357408	H@1 0.265269	H@3 0.391987	H@5 0.455175	H@10 0.543969
INFO:meta-cli.py:Epoch 72/100	test results	MRR 0.351804	H@1 0.259137	H@3 0.385811	H@5 0.452604	H@10 0.538527
INFO:meta-cli.py:Epoch 73/100	Loss 5.9778 ± 0.1488
INFO:meta-cli.py:Epoch 74/100	Loss 5.9744 ± 0.1446
INFO:meta-cli.py:Epoch 75/100	Loss 5.9726 ± 0.1450
INFO:meta-cli.py:Epoch 75/100	dev results	MRR 0.357007	H@1 0.264300	H@3 0.392387	H@5 0.455831	H@10 0.544368
INFO:meta-cli.py:Epoch 75/100	test results	MRR 0.351074	H@1 0.258233	H@3 0.385542	H@5 0.451456	H@10 0.537184
INFO:meta-cli.py:Epoch 76/100	Loss 5.9705 ± 0.1395
INFO:meta-cli.py:Epoch 77/100	Loss 5.9687 ± 0.1438
INFO:meta-cli.py:Epoch 78/100	Loss 5.9659 ± 0.1419
INFO:meta-cli.py:Epoch 78/100	dev results	MRR 0.355662	H@1 0.262817	H@3 0.391303	H@5 0.455289	H@10 0.542772
INFO:meta-cli.py:Epoch 78/100	test results	MRR 0.350225	H@1 0.257207	H@3 0.386373	H@5 0.452507	H@10 0.536671
INFO:meta-cli.py:Epoch 79/100	Loss 5.9646 ± 0.1375
INFO:meta-cli.py:Epoch 80/100	Loss 5.9622 ± 0.1428
INFO:meta-cli.py:Epoch 81/100	Loss 5.9596 ± 0.1347
INFO:meta-cli.py:Epoch 81/100	dev results	MRR 0.356787	H@1 0.264557	H@3 0.392501	H@5 0.454577	H@10 0.542372
INFO:meta-cli.py:Epoch 81/100	test results	MRR 0.350880	H@1 0.257964	H@3 0.386568	H@5 0.450772	H@10 0.536451
INFO:meta-cli.py:Epoch 82/100	Loss 5.9574 ± 0.1375
INFO:meta-cli.py:Epoch 83/100	Loss 5.9557 ± 0.1367
INFO:meta-cli.py:Epoch 84/100	Loss 5.9533 ± 0.1297
INFO:meta-cli.py:Epoch 84/100	dev results	MRR 0.356348	H@1 0.263616	H@3 0.391759	H@5 0.455746	H@10 0.543142
INFO:meta-cli.py:Epoch 84/100	test results	MRR 0.351057	H@1 0.257891	H@3 0.387179	H@5 0.451652	H@10 0.537917
INFO:meta-cli.py:Epoch 85/100	Loss 5.9513 ± 0.1333
INFO:meta-cli.py:Epoch 86/100	Loss 5.9499 ± 0.1322
INFO:meta-cli.py:Epoch 87/100	Loss 5.9488 ± 0.1342
INFO:meta-cli.py:Epoch 87/100	dev results	MRR 0.357197	H@1 0.264671	H@3 0.392700	H@5 0.455432	H@10 0.543941
INFO:meta-cli.py:Epoch 87/100	test results	MRR 0.351266	H@1 0.258404	H@3 0.386348	H@5 0.451798	H@10 0.538430
INFO:meta-cli.py:Epoch 88/100	Loss 5.9470 ± 0.1382
INFO:meta-cli.py:Epoch 89/100	Loss 5.9445 ± 0.1356
INFO:meta-cli.py:Epoch 90/100	Loss 5.9430 ± 0.1279
INFO:meta-cli.py:Epoch 90/100	dev results	MRR 0.356845	H@1 0.264157	H@3 0.391531	H@5 0.454919	H@10 0.544311
INFO:meta-cli.py:Epoch 90/100	test results	MRR 0.351342	H@1 0.258648	H@3 0.385811	H@5 0.452116	H@10 0.538259
INFO:meta-cli.py:Epoch 91/100	Loss 5.9409 ± 0.1287
INFO:meta-cli.py:Epoch 92/100	Loss 5.9390 ± 0.1336
INFO:meta-cli.py:Epoch 93/100	Loss 5.9375 ± 0.1354
INFO:meta-cli.py:Epoch 93/100	dev results	MRR 0.357431	H@1 0.265184	H@3 0.391617	H@5 0.456658	H@10 0.544112
INFO:meta-cli.py:Epoch 93/100	test results	MRR 0.351135	H@1 0.257940	H@3 0.386519	H@5 0.453240	H@10 0.538405
INFO:meta-cli.py:Epoch 94/100	Loss 5.9366 ± 0.1213
INFO:meta-cli.py:Epoch 95/100	Loss 5.9357 ± 0.1401
INFO:meta-cli.py:Epoch 96/100	Loss 5.9320 ± 0.1344
INFO:meta-cli.py:Epoch 96/100	dev results	MRR 0.357713	H@1 0.265982	H@3 0.391332	H@5 0.455318	H@10 0.543000
INFO:meta-cli.py:Epoch 96/100	test results	MRR 0.351650	H@1 0.258722	H@3 0.386079	H@5 0.453020	H@10 0.538454
INFO:meta-cli.py:Epoch 97/100	Loss 5.9318 ± 0.1290
INFO:meta-cli.py:Epoch 98/100	Loss 5.9288 ± 0.1225
INFO:meta-cli.py:Epoch 99/100	Loss 5.9286 ± 0.1258
INFO:meta-cli.py:Epoch 99/100	dev results	MRR 0.357910	H@1 0.265811	H@3 0.392928	H@5 0.456002	H@10 0.543798
INFO:meta-cli.py:Epoch 99/100	test results	MRR 0.351695	H@1 0.258551	H@3 0.387692	H@5 0.452165	H@10 0.538576
INFO:meta-cli.py:Epoch 100/100	Loss 5.9268 ± 0.1297
INFO:meta-cli.py:Final 	dev results	MRR 0.357142	H@1 0.264443	H@3 0.392273	H@5 0.455518	H@10 0.543085
INFO:meta-cli.py:Final 	test results	MRR 0.351615	H@1 0.258526	H@3 0.386763	H@5 0.451138	H@10 0.538259
INFO:meta-cli.py:Training finished
