./bin/meta-cli.py --train data/fb15k-237/train.tsv --dev data/fb15k-237/dev.tsv --test data/fb15k-237/test.tsv -m complex -k 1000 -b 100 -e 100 --F2 0.001 --N3 0 -l 0.1 -I standard -V 3 -o adagrad -q
{'F2': 0.001,
 'N3': 0.0,
 'batch_size': 100,
 'dev': 'data/fb15k-237/dev.tsv',
 'embedding_size': 1000,
 'epochs': 100,
 'eval_batch_size': None,
 'input_type': 'standard',
 'learning_rate': 0.1,
 'load': None,
 'model': 'complex',
 'optimizer': 'adagrad',
 'quiet': True,
 'save': None,
 'seed': 0,
 'test': 'data/fb15k-237/test.tsv',
 'test_i': None,
 'test_ii': None,
 'train': 'data/fb15k-237/train.tsv',
 'validate_every': 3}
INFO:meta-cli.py:Device: cuda
INFO:meta-cli.py:Model state:
INFO:meta-cli.py:	entities.weight	torch.Size([14541, 2000])
INFO:meta-cli.py:	predicates.weight	torch.Size([237, 2000])
INFO:meta-cli.py:Epoch 1/100	Loss 12.0936 ± 1.9094
INFO:meta-cli.py:Epoch 2/100	Loss 7.9551 ± 0.2835
INFO:meta-cli.py:Epoch 3/100	Loss 7.0937 ± 0.3396
INFO:meta-cli.py:Epoch 3/100	dev results	MRR 0.322056	H@1 0.233989	H@3 0.353236	H@5 0.414514	H@10 0.499487
INFO:meta-cli.py:Epoch 3/100	test results	MRR 0.313613	H@1 0.223712	H@3 0.345866	H@5 0.409460	H@10 0.494772
INFO:meta-cli.py:Epoch 4/100	Loss 6.7630 ± 0.3474
INFO:meta-cli.py:Epoch 5/100	Loss 6.5755 ± 0.3520
INFO:meta-cli.py:Epoch 6/100	Loss 6.4501 ± 0.3375
INFO:meta-cli.py:Epoch 6/100	dev results	MRR 0.333853	H@1 0.243370	H@3 0.368606	H@5 0.430796	H@10 0.513231
INFO:meta-cli.py:Epoch 6/100	test results	MRR 0.326333	H@1 0.235317	H@3 0.360500	H@5 0.422481	H@10 0.508917
INFO:meta-cli.py:Epoch 7/100	Loss 6.3594 ± 0.3322
INFO:meta-cli.py:Epoch 8/100	Loss 6.2895 ± 0.3295
INFO:meta-cli.py:Epoch 9/100	Loss 6.2329 ± 0.3227
INFO:meta-cli.py:Epoch 9/100	dev results	MRR 0.339805	H@1 0.250813	H@3 0.372084	H@5 0.433847	H@10 0.519532
INFO:meta-cli.py:Epoch 9/100	test results	MRR 0.332630	H@1 0.242524	H@3 0.364385	H@5 0.429175	H@10 0.512118
INFO:meta-cli.py:Epoch 10/100	Loss 6.1859 ± 0.3187
INFO:meta-cli.py:Epoch 11/100	Loss 6.1459 ± 0.3222
INFO:meta-cli.py:Epoch 12/100	Loss 6.1126 ± 0.3188
INFO:meta-cli.py:Epoch 12/100	dev results	MRR 0.342403	H@1 0.252581	H@3 0.376903	H@5 0.438038	H@10 0.521585
INFO:meta-cli.py:Epoch 12/100	test results	MRR 0.333518	H@1 0.242109	H@3 0.366901	H@5 0.432986	H@10 0.515709
INFO:meta-cli.py:Epoch 13/100	Loss 6.0824 ± 0.3066
INFO:meta-cli.py:Epoch 14/100	Loss 6.0568 ± 0.3102
INFO:meta-cli.py:Epoch 15/100	Loss 6.0328 ± 0.3029
INFO:meta-cli.py:Epoch 15/100	dev results	MRR 0.344647	H@1 0.255575	H@3 0.377388	H@5 0.439692	H@10 0.524323
INFO:meta-cli.py:Epoch 15/100	test results	MRR 0.336484	H@1 0.245309	H@3 0.370908	H@5 0.432864	H@10 0.517981
INFO:meta-cli.py:Epoch 16/100	Loss 6.0123 ± 0.3007
INFO:meta-cli.py:Epoch 17/100	Loss 5.9932 ± 0.3033
INFO:meta-cli.py:Epoch 18/100	Loss 5.9758 ± 0.3011
INFO:meta-cli.py:Epoch 18/100	dev results	MRR 0.347649	H@1 0.258882	H@3 0.380667	H@5 0.442287	H@10 0.525948
INFO:meta-cli.py:Epoch 18/100	test results	MRR 0.338906	H@1 0.248949	H@3 0.371445	H@5 0.435576	H@10 0.520302
INFO:meta-cli.py:Epoch 19/100	Loss 5.9598 ± 0.2906
INFO:meta-cli.py:Epoch 20/100	Loss 5.9456 ± 0.2906
INFO:meta-cli.py:Epoch 21/100	Loss 5.9319 ± 0.2815
INFO:meta-cli.py:Epoch 21/100	dev results	MRR 0.347511	H@1 0.258198	H@3 0.381580	H@5 0.443827	H@10 0.525093
INFO:meta-cli.py:Epoch 21/100	test results	MRR 0.340381	H@1 0.250098	H@3 0.375159	H@5 0.436969	H@10 0.519471
INFO:meta-cli.py:Epoch 22/100	Loss 5.9199 ± 0.2887
INFO:meta-cli.py:Epoch 23/100	Loss 5.9077 ± 0.2871
INFO:meta-cli.py:Epoch 24/100	Loss 5.8970 ± 0.2850
INFO:meta-cli.py:Epoch 24/100	dev results	MRR 0.348386	H@1 0.259167	H@3 0.380952	H@5 0.444055	H@10 0.526290
INFO:meta-cli.py:Epoch 24/100	test results	MRR 0.341115	H@1 0.251441	H@3 0.373693	H@5 0.437262	H@10 0.520522
INFO:meta-cli.py:Epoch 25/100	Loss 5.8863 ± 0.2839
INFO:meta-cli.py:Epoch 26/100	Loss 5.8766 ± 0.2781
INFO:meta-cli.py:Epoch 27/100	Loss 5.8678 ± 0.2812
INFO:meta-cli.py:Epoch 27/100	dev results	MRR 0.349011	H@1 0.259424	H@3 0.383747	H@5 0.446307	H@10 0.528030
INFO:meta-cli.py:Epoch 27/100	test results	MRR 0.341295	H@1 0.250904	H@3 0.374450	H@5 0.439338	H@10 0.521377
INFO:meta-cli.py:Epoch 28/100	Loss 5.8594 ± 0.2762
INFO:meta-cli.py:Epoch 29/100	Loss 5.8512 ± 0.2717
INFO:meta-cli.py:Epoch 30/100	Loss 5.8435 ± 0.2783
INFO:meta-cli.py:Epoch 30/100	dev results	MRR 0.348280	H@1 0.258540	H@3 0.382578	H@5 0.445851	H@10 0.528087
INFO:meta-cli.py:Epoch 30/100	test results	MRR 0.341597	H@1 0.251075	H@3 0.376112	H@5 0.439314	H@10 0.521084
INFO:meta-cli.py:Epoch 31/100	Loss 5.8362 ± 0.2747
INFO:meta-cli.py:Epoch 32/100	Loss 5.8292 ± 0.2742
INFO:meta-cli.py:Epoch 33/100	Loss 5.8223 ± 0.2671
INFO:meta-cli.py:Epoch 33/100	dev results	MRR 0.349987	H@1 0.260679	H@3 0.383889	H@5 0.445195	H@10 0.529313
INFO:meta-cli.py:Epoch 33/100	test results	MRR 0.342071	H@1 0.251441	H@3 0.375892	H@5 0.438948	H@10 0.522989
INFO:meta-cli.py:Epoch 34/100	Loss 5.8159 ± 0.2689
INFO:meta-cli.py:Epoch 35/100	Loss 5.8099 ± 0.2747
INFO:meta-cli.py:Epoch 36/100	Loss 5.8040 ± 0.2653
INFO:meta-cli.py:Epoch 36/100	dev results	MRR 0.349869	H@1 0.260764	H@3 0.384203	H@5 0.445195	H@10 0.527687
INFO:meta-cli.py:Epoch 36/100	test results	MRR 0.342038	H@1 0.251588	H@3 0.376380	H@5 0.439851	H@10 0.522379
INFO:meta-cli.py:Epoch 37/100	Loss 5.7986 ± 0.2640
INFO:meta-cli.py:Epoch 38/100	Loss 5.7932 ± 0.2705
INFO:meta-cli.py:Epoch 39/100	Loss 5.7879 ± 0.2674
INFO:meta-cli.py:Epoch 39/100	dev results	MRR 0.350755	H@1 0.261648	H@3 0.385315	H@5 0.446935	H@10 0.528486
INFO:meta-cli.py:Epoch 39/100	test results	MRR 0.342616	H@1 0.252028	H@3 0.378384	H@5 0.440536	H@10 0.523160
INFO:meta-cli.py:Epoch 40/100	Loss 5.7826 ± 0.2665
INFO:meta-cli.py:Epoch 41/100	Loss 5.7781 ± 0.2615
INFO:meta-cli.py:Epoch 42/100	Loss 5.7730 ± 0.2637
INFO:meta-cli.py:Epoch 42/100	dev results	MRR 0.350746	H@1 0.262104	H@3 0.383861	H@5 0.445794	H@10 0.528429
INFO:meta-cli.py:Epoch 42/100	test results	MRR 0.342886	H@1 0.252712	H@3 0.377260	H@5 0.439925	H@10 0.523771
INFO:meta-cli.py:Epoch 43/100	Loss 5.7689 ± 0.2638
INFO:meta-cli.py:Epoch 44/100	Loss 5.7644 ± 0.2636
INFO:meta-cli.py:Epoch 45/100	Loss 5.7605 ± 0.2656
INFO:meta-cli.py:Epoch 45/100	dev results	MRR 0.350294	H@1 0.261163	H@3 0.383661	H@5 0.446051	H@10 0.529199
INFO:meta-cli.py:Epoch 45/100	test results	MRR 0.342930	H@1 0.252419	H@3 0.377504	H@5 0.440878	H@10 0.522525
INFO:meta-cli.py:Epoch 46/100	Loss 5.7560 ± 0.2655
INFO:meta-cli.py:Epoch 47/100	Loss 5.7522 ± 0.2582
INFO:meta-cli.py:Epoch 48/100	Loss 5.7485 ± 0.2626
INFO:meta-cli.py:Epoch 48/100	dev results	MRR 0.350407	H@1 0.261106	H@3 0.384545	H@5 0.446393	H@10 0.528172
INFO:meta-cli.py:Epoch 48/100	test results	MRR 0.342574	H@1 0.252077	H@3 0.377382	H@5 0.440829	H@10 0.523209
INFO:meta-cli.py:Epoch 49/100	Loss 5.7446 ± 0.2601
INFO:meta-cli.py:Epoch 50/100	Loss 5.7412 ± 0.2586
INFO:meta-cli.py:Epoch 51/100	Loss 5.7374 ± 0.2564
INFO:meta-cli.py:Epoch 51/100	dev results	MRR 0.350085	H@1 0.260679	H@3 0.384317	H@5 0.446650	H@10 0.528372
INFO:meta-cli.py:Epoch 51/100	test results	MRR 0.343353	H@1 0.253078	H@3 0.376991	H@5 0.440487	H@10 0.523136
INFO:meta-cli.py:Epoch 52/100	Loss 5.7343 ± 0.2622
INFO:meta-cli.py:Epoch 53/100	Loss 5.7308 ± 0.2607
INFO:meta-cli.py:Epoch 54/100	Loss 5.7276 ± 0.2662
INFO:meta-cli.py:Epoch 54/100	dev results	MRR 0.350999	H@1 0.261848	H@3 0.385686	H@5 0.446678	H@10 0.528857
INFO:meta-cli.py:Epoch 54/100	test results	MRR 0.343360	H@1 0.253029	H@3 0.377602	H@5 0.441000	H@10 0.523942
INFO:meta-cli.py:Epoch 55/100	Loss 5.7243 ± 0.2519
INFO:meta-cli.py:Epoch 56/100	Loss 5.7216 ± 0.2577
INFO:meta-cli.py:Epoch 57/100	Loss 5.7190 ± 0.2556
INFO:meta-cli.py:Epoch 57/100	dev results	MRR 0.350623	H@1 0.261363	H@3 0.384773	H@5 0.445766	H@10 0.529427
INFO:meta-cli.py:Epoch 57/100	test results	MRR 0.343315	H@1 0.253005	H@3 0.377895	H@5 0.440926	H@10 0.523185
INFO:meta-cli.py:Epoch 58/100	Loss 5.7157 ± 0.2568
INFO:meta-cli.py:Epoch 59/100	Loss 5.7127 ± 0.2511
INFO:meta-cli.py:Epoch 60/100	Loss 5.7105 ± 0.2557
INFO:meta-cli.py:Epoch 60/100	dev results	MRR 0.351626	H@1 0.262789	H@3 0.384944	H@5 0.446393	H@10 0.529227
INFO:meta-cli.py:Epoch 60/100	test results	MRR 0.343829	H@1 0.254202	H@3 0.376869	H@5 0.440633	H@10 0.522843
INFO:meta-cli.py:Epoch 61/100	Loss 5.7071 ± 0.2519
INFO:meta-cli.py:Epoch 62/100	Loss 5.7048 ± 0.2550
INFO:meta-cli.py:Epoch 63/100	Loss 5.7023 ± 0.2495
INFO:meta-cli.py:Epoch 63/100	dev results	MRR 0.351031	H@1 0.261933	H@3 0.385600	H@5 0.446393	H@10 0.528828
INFO:meta-cli.py:Epoch 63/100	test results	MRR 0.343400	H@1 0.252932	H@3 0.377773	H@5 0.441733	H@10 0.523258
INFO:meta-cli.py:Epoch 64/100	Loss 5.6998 ± 0.2555
INFO:meta-cli.py:Epoch 65/100	Loss 5.6975 ± 0.2516
INFO:meta-cli.py:Epoch 66/100	Loss 5.6953 ± 0.2484
INFO:meta-cli.py:Epoch 66/100	dev results	MRR 0.351185	H@1 0.262218	H@3 0.384517	H@5 0.446678	H@10 0.530168
INFO:meta-cli.py:Epoch 66/100	test results	MRR 0.343959	H@1 0.253738	H@3 0.378335	H@5 0.440291	H@10 0.523722
INFO:meta-cli.py:Epoch 67/100	Loss 5.6926 ± 0.2510
INFO:meta-cli.py:Epoch 68/100	Loss 5.6902 ± 0.2558
INFO:meta-cli.py:Epoch 69/100	Loss 5.6878 ± 0.2539
INFO:meta-cli.py:Epoch 69/100	dev results	MRR 0.351472	H@1 0.262589	H@3 0.385800	H@5 0.446593	H@10 0.529683
INFO:meta-cli.py:Epoch 69/100	test results	MRR 0.343163	H@1 0.252761	H@3 0.377675	H@5 0.440560	H@10 0.522989
INFO:meta-cli.py:Epoch 70/100	Loss 5.6857 ± 0.2520
INFO:meta-cli.py:Epoch 71/100	Loss 5.6834 ± 0.2513
INFO:meta-cli.py:Epoch 72/100	Loss 5.6812 ± 0.2494
INFO:meta-cli.py:Epoch 72/100	dev results	MRR 0.351748	H@1 0.262703	H@3 0.385372	H@5 0.446336	H@10 0.530225
INFO:meta-cli.py:Epoch 72/100	test results	MRR 0.343884	H@1 0.253542	H@3 0.377944	H@5 0.441830	H@10 0.524015
INFO:meta-cli.py:Epoch 73/100	Loss 5.6797 ± 0.2513
INFO:meta-cli.py:Epoch 74/100	Loss 5.6771 ± 0.2539
INFO:meta-cli.py:Epoch 75/100	Loss 5.6754 ± 0.2557
INFO:meta-cli.py:Epoch 75/100	dev results	MRR 0.351166	H@1 0.262275	H@3 0.385001	H@5 0.446507	H@10 0.529855
INFO:meta-cli.py:Epoch 75/100	test results	MRR 0.343861	H@1 0.253982	H@3 0.378042	H@5 0.440902	H@10 0.524138
INFO:meta-cli.py:Epoch 76/100	Loss 5.6732 ± 0.2531
INFO:meta-cli.py:Epoch 77/100	Loss 5.6716 ± 0.2489
INFO:meta-cli.py:Epoch 78/100	Loss 5.6694 ± 0.2493
INFO:meta-cli.py:Epoch 78/100	dev results	MRR 0.350907	H@1 0.261762	H@3 0.385173	H@5 0.446764	H@10 0.529142
INFO:meta-cli.py:Epoch 78/100	test results	MRR 0.343827	H@1 0.253591	H@3 0.378408	H@5 0.442172	H@10 0.523527
INFO:meta-cli.py:Epoch 79/100	Loss 5.6678 ± 0.2486
INFO:meta-cli.py:Epoch 80/100	Loss 5.6663 ± 0.2477
INFO:meta-cli.py:Epoch 81/100	Loss 5.6644 ± 0.2457
INFO:meta-cli.py:Epoch 81/100	dev results	MRR 0.351074	H@1 0.262076	H@3 0.385885	H@5 0.446165	H@10 0.528914
INFO:meta-cli.py:Epoch 81/100	test results	MRR 0.343797	H@1 0.253616	H@3 0.378335	H@5 0.441220	H@10 0.523307
INFO:meta-cli.py:Epoch 82/100	Loss 5.6622 ± 0.2482
INFO:meta-cli.py:Epoch 83/100	Loss 5.6603 ± 0.2472
INFO:meta-cli.py:Epoch 84/100	Loss 5.6590 ± 0.2463
INFO:meta-cli.py:Epoch 84/100	dev results	MRR 0.350739	H@1 0.261363	H@3 0.384830	H@5 0.446792	H@10 0.528942
INFO:meta-cli.py:Epoch 84/100	test results	MRR 0.343525	H@1 0.253347	H@3 0.378066	H@5 0.441488	H@10 0.522769
INFO:meta-cli.py:Epoch 85/100	Loss 5.6572 ± 0.2469
INFO:meta-cli.py:Epoch 86/100	Loss 5.6558 ± 0.2440
INFO:meta-cli.py:Epoch 87/100	Loss 5.6542 ± 0.2443
INFO:meta-cli.py:Epoch 87/100	dev results	MRR 0.351501	H@1 0.262589	H@3 0.385287	H@5 0.446650	H@10 0.530282
INFO:meta-cli.py:Epoch 87/100	test results	MRR 0.343666	H@1 0.253567	H@3 0.377797	H@5 0.440658	H@10 0.524015
INFO:meta-cli.py:Epoch 88/100	Loss 5.6525 ± 0.2458
INFO:meta-cli.py:Epoch 89/100	Loss 5.6508 ± 0.2462
INFO:meta-cli.py:Epoch 90/100	Loss 5.6494 ± 0.2433
INFO:meta-cli.py:Epoch 90/100	dev results	MRR 0.350906	H@1 0.261705	H@3 0.385543	H@5 0.446650	H@10 0.529683
INFO:meta-cli.py:Epoch 90/100	test results	MRR 0.343939	H@1 0.254104	H@3 0.377675	H@5 0.441000	H@10 0.523356
INFO:meta-cli.py:Epoch 91/100	Loss 5.6478 ± 0.2448
INFO:meta-cli.py:Epoch 92/100	Loss 5.6460 ± 0.2437
INFO:meta-cli.py:Epoch 93/100	Loss 5.6448 ± 0.2482
INFO:meta-cli.py:Epoch 93/100	dev results	MRR 0.351210	H@1 0.262589	H@3 0.384802	H@5 0.446478	H@10 0.529028
INFO:meta-cli.py:Epoch 93/100	test results	MRR 0.343962	H@1 0.254056	H@3 0.377431	H@5 0.441293	H@10 0.523600
INFO:meta-cli.py:Epoch 94/100	Loss 5.6433 ± 0.2391
INFO:meta-cli.py:Epoch 95/100	Loss 5.6417 ± 0.2440
INFO:meta-cli.py:Epoch 96/100	Loss 5.6404 ± 0.2471
INFO:meta-cli.py:Epoch 96/100	dev results	MRR 0.351298	H@1 0.262589	H@3 0.385401	H@5 0.445623	H@10 0.529170
INFO:meta-cli.py:Epoch 96/100	test results	MRR 0.343778	H@1 0.253665	H@3 0.378604	H@5 0.440804	H@10 0.524113
INFO:meta-cli.py:Epoch 97/100	Loss 5.6389 ± 0.2445
INFO:meta-cli.py:Epoch 98/100	Loss 5.6377 ± 0.2406
INFO:meta-cli.py:Epoch 99/100	Loss 5.6365 ± 0.2413
INFO:meta-cli.py:Epoch 99/100	dev results	MRR 0.351295	H@1 0.262703	H@3 0.384802	H@5 0.446250	H@10 0.529427
INFO:meta-cli.py:Epoch 99/100	test results	MRR 0.343658	H@1 0.253665	H@3 0.377773	H@5 0.440951	H@10 0.523380
INFO:meta-cli.py:Epoch 100/100	Loss 5.6351 ± 0.2402
INFO:meta-cli.py:Final 	dev results	MRR 0.351092	H@1 0.262133	H@3 0.384973	H@5 0.446992	H@10 0.529512
INFO:meta-cli.py:Final 	test results	MRR 0.343297	H@1 0.253103	H@3 0.377089	H@5 0.441586	H@10 0.523331
INFO:meta-cli.py:Training finished
