./bin/meta-cli.py --train data/fb15k-237/train.tsv --dev data/fb15k-237/dev.tsv --test data/fb15k-237/test.tsv -m complex -k 2000 -b 100 -e 100 --F2 0 --N3 0.001 -l 0.1 -I reciprocal -V 3 -o adagrad -q
{'F2': 0.0,
 'N3': 0.001,
 'batch_size': 100,
 'dev': 'data/fb15k-237/dev.tsv',
 'embedding_size': 2000,
 'epochs': 100,
 'eval_batch_size': None,
 'input_type': 'reciprocal',
 'learning_rate': 0.1,
 'load': None,
 'model': 'complex',
 'optimizer': 'adagrad',
 'quiet': True,
 'save': None,
 'seed': 0,
 'test': 'data/fb15k-237/test.tsv',
 'test_i': None,
 'test_ii': None,
 'train': 'data/fb15k-237/train.tsv',
 'validate_every': 3}
INFO:meta-cli.py:Device: cuda
INFO:meta-cli.py:Model state:
INFO:meta-cli.py:	entities.weight	torch.Size([14541, 4000])
INFO:meta-cli.py:	predicates.weight	torch.Size([474, 4000])
INFO:meta-cli.py:Epoch 1/100	Loss 10.4365 ± 2.4500
INFO:meta-cli.py:Epoch 2/100	Loss 6.9311 ± 0.2595
INFO:meta-cli.py:Epoch 3/100	Loss 6.4855 ± 0.2750
INFO:meta-cli.py:Epoch 3/100	dev results	MRR 0.332412	H@1 0.245024	H@3 0.363673	H@5 0.424579	H@10 0.507813
INFO:meta-cli.py:Epoch 3/100	test results	MRR 0.327698	H@1 0.239153	H@3 0.360109	H@5 0.421626	H@10 0.505424
INFO:meta-cli.py:Epoch 4/100	Loss 6.2854 ± 0.2812
INFO:meta-cli.py:Epoch 5/100	Loss 6.1648 ± 0.2814
INFO:meta-cli.py:Epoch 6/100	Loss 6.0796 ± 0.2822
INFO:meta-cli.py:Epoch 6/100	dev results	MRR 0.341441	H@1 0.252067	H@3 0.375307	H@5 0.436641	H@10 0.520074
INFO:meta-cli.py:Epoch 6/100	test results	MRR 0.335216	H@1 0.243966	H@3 0.371445	H@5 0.434599	H@10 0.515367
INFO:meta-cli.py:Epoch 7/100	Loss 6.0183 ± 0.2802
INFO:meta-cli.py:Epoch 8/100	Loss 5.9684 ± 0.2798
INFO:meta-cli.py:Epoch 9/100	Loss 5.9287 ± 0.2784
INFO:meta-cli.py:Epoch 9/100	dev results	MRR 0.345533	H@1 0.255061	H@3 0.379184	H@5 0.441032	H@10 0.526918
INFO:meta-cli.py:Epoch 9/100	test results	MRR 0.340868	H@1 0.250733	H@3 0.374866	H@5 0.437091	H@10 0.520229
INFO:meta-cli.py:Epoch 10/100	Loss 5.8950 ± 0.2763
INFO:meta-cli.py:Epoch 11/100	Loss 5.8667 ± 0.2710
INFO:meta-cli.py:Epoch 12/100	Loss 5.8426 ± 0.2694
INFO:meta-cli.py:Epoch 12/100	dev results	MRR 0.348466	H@1 0.258169	H@3 0.382749	H@5 0.444226	H@10 0.527602
INFO:meta-cli.py:Epoch 12/100	test results	MRR 0.342246	H@1 0.251270	H@3 0.377651	H@5 0.439656	H@10 0.522574
INFO:meta-cli.py:Epoch 13/100	Loss 5.8212 ± 0.2713
INFO:meta-cli.py:Epoch 14/100	Loss 5.8021 ± 0.2719
INFO:meta-cli.py:Epoch 15/100	Loss 5.7850 ± 0.2625
INFO:meta-cli.py:Epoch 15/100	dev results	MRR 0.349620	H@1 0.259709	H@3 0.383005	H@5 0.445281	H@10 0.529683
INFO:meta-cli.py:Epoch 15/100	test results	MRR 0.344117	H@1 0.253787	H@3 0.378604	H@5 0.441928	H@10 0.523942
INFO:meta-cli.py:Epoch 16/100	Loss 5.7695 ± 0.2633
INFO:meta-cli.py:Epoch 17/100	Loss 5.7555 ± 0.2621
INFO:meta-cli.py:Epoch 18/100	Loss 5.7425 ± 0.2559
INFO:meta-cli.py:Epoch 18/100	dev results	MRR 0.351575	H@1 0.262133	H@3 0.383234	H@5 0.447163	H@10 0.531565
INFO:meta-cli.py:Epoch 18/100	test results	MRR 0.345470	H@1 0.255326	H@3 0.379752	H@5 0.441317	H@10 0.525164
INFO:meta-cli.py:Epoch 19/100	Loss 5.7310 ± 0.2564
INFO:meta-cli.py:Epoch 20/100	Loss 5.7199 ± 0.2560
INFO:meta-cli.py:Epoch 21/100	Loss 5.7097 ± 0.2548
INFO:meta-cli.py:Epoch 21/100	dev results	MRR 0.351931	H@1 0.261990	H@3 0.386399	H@5 0.448075	H@10 0.532278
INFO:meta-cli.py:Epoch 21/100	test results	MRR 0.346112	H@1 0.255717	H@3 0.382024	H@5 0.443956	H@10 0.526214
INFO:meta-cli.py:Epoch 22/100	Loss 5.7001 ± 0.2588
INFO:meta-cli.py:Epoch 23/100	Loss 5.6914 ± 0.2587
INFO:meta-cli.py:Epoch 24/100	Loss 5.6829 ± 0.2550
INFO:meta-cli.py:Epoch 24/100	dev results	MRR 0.351590	H@1 0.261620	H@3 0.384488	H@5 0.447419	H@10 0.532906
INFO:meta-cli.py:Epoch 24/100	test results	MRR 0.346202	H@1 0.255839	H@3 0.380240	H@5 0.444078	H@10 0.527338
INFO:meta-cli.py:Epoch 25/100	Loss 5.6753 ± 0.2566
INFO:meta-cli.py:Epoch 26/100	Loss 5.6681 ± 0.2567
INFO:meta-cli.py:Epoch 27/100	Loss 5.6609 ± 0.2566
INFO:meta-cli.py:Epoch 27/100	dev results	MRR 0.353168	H@1 0.262903	H@3 0.386912	H@5 0.448788	H@10 0.534217
INFO:meta-cli.py:Epoch 27/100	test results	MRR 0.346842	H@1 0.255815	H@3 0.382659	H@5 0.445959	H@10 0.527533
INFO:meta-cli.py:Epoch 28/100	Loss 5.6544 ± 0.2557
INFO:meta-cli.py:Epoch 29/100	Loss 5.6483 ± 0.2503
INFO:meta-cli.py:Epoch 30/100	Loss 5.6421 ± 0.2557
INFO:meta-cli.py:Epoch 30/100	dev results	MRR 0.353599	H@1 0.263758	H@3 0.386912	H@5 0.449558	H@10 0.533561
INFO:meta-cli.py:Epoch 30/100	test results	MRR 0.346860	H@1 0.255937	H@3 0.382439	H@5 0.445006	H@10 0.527851
INFO:meta-cli.py:Epoch 31/100	Loss 5.6363 ± 0.2497
INFO:meta-cli.py:Epoch 32/100	Loss 5.6312 ± 0.2530
INFO:meta-cli.py:Epoch 33/100	Loss 5.6258 ± 0.2520
INFO:meta-cli.py:Epoch 33/100	dev results	MRR 0.353410	H@1 0.262390	H@3 0.387653	H@5 0.450756	H@10 0.534217
INFO:meta-cli.py:Epoch 33/100	test results	MRR 0.348328	H@1 0.257647	H@3 0.383123	H@5 0.445519	H@10 0.528242
INFO:meta-cli.py:Epoch 34/100	Loss 5.6208 ± 0.2482
INFO:meta-cli.py:Epoch 35/100	Loss 5.6164 ± 0.2504
INFO:meta-cli.py:Epoch 36/100	Loss 5.6117 ± 0.2525
INFO:meta-cli.py:Epoch 36/100	dev results	MRR 0.354584	H@1 0.264728	H@3 0.386883	H@5 0.449815	H@10 0.535073
INFO:meta-cli.py:Epoch 36/100	test results	MRR 0.348313	H@1 0.257549	H@3 0.383392	H@5 0.446912	H@10 0.527998
INFO:meta-cli.py:Epoch 37/100	Loss 5.6073 ± 0.2511
INFO:meta-cli.py:Epoch 38/100	Loss 5.6032 ± 0.2496
INFO:meta-cli.py:Epoch 39/100	Loss 5.5989 ± 0.2475
INFO:meta-cli.py:Epoch 39/100	dev results	MRR 0.354121	H@1 0.263587	H@3 0.388138	H@5 0.450328	H@10 0.535757
INFO:meta-cli.py:Epoch 39/100	test results	MRR 0.348929	H@1 0.258648	H@3 0.384125	H@5 0.446374	H@10 0.529121
INFO:meta-cli.py:Epoch 40/100	Loss 5.5951 ± 0.2475
INFO:meta-cli.py:Epoch 41/100	Loss 5.5913 ± 0.2463
INFO:meta-cli.py:Epoch 42/100	Loss 5.5875 ± 0.2447
INFO:meta-cli.py:Epoch 42/100	dev results	MRR 0.354099	H@1 0.263587	H@3 0.388623	H@5 0.450813	H@10 0.535500
INFO:meta-cli.py:Epoch 42/100	test results	MRR 0.348164	H@1 0.257109	H@3 0.384369	H@5 0.447010	H@10 0.529195
INFO:meta-cli.py:Epoch 43/100	Loss 5.5842 ± 0.2476
INFO:meta-cli.py:Epoch 44/100	Loss 5.5807 ± 0.2459
INFO:meta-cli.py:Epoch 45/100	Loss 5.5773 ± 0.2495
INFO:meta-cli.py:Epoch 45/100	dev results	MRR 0.354021	H@1 0.263787	H@3 0.386826	H@5 0.450585	H@10 0.534702
INFO:meta-cli.py:Epoch 45/100	test results	MRR 0.348228	H@1 0.257354	H@3 0.384027	H@5 0.446130	H@10 0.528437
INFO:meta-cli.py:Epoch 46/100	Loss 5.5742 ± 0.2459
INFO:meta-cli.py:Epoch 47/100	Loss 5.5709 ± 0.2410
INFO:meta-cli.py:Epoch 48/100	Loss 5.5681 ± 0.2482
INFO:meta-cli.py:Epoch 48/100	dev results	MRR 0.354829	H@1 0.264585	H@3 0.388423	H@5 0.450898	H@10 0.536156
INFO:meta-cli.py:Epoch 48/100	test results	MRR 0.348563	H@1 0.257964	H@3 0.383465	H@5 0.446423	H@10 0.529292
INFO:meta-cli.py:Epoch 49/100	Loss 5.5651 ± 0.2437
INFO:meta-cli.py:Epoch 50/100	Loss 5.5624 ± 0.2448
INFO:meta-cli.py:Epoch 51/100	Loss 5.5596 ± 0.2423
INFO:meta-cli.py:Epoch 51/100	dev results	MRR 0.354876	H@1 0.264214	H@3 0.389934	H@5 0.451354	H@10 0.536299
INFO:meta-cli.py:Epoch 51/100	test results	MRR 0.348147	H@1 0.256865	H@3 0.384320	H@5 0.446961	H@10 0.529610
INFO:meta-cli.py:Epoch 52/100	Loss 5.5570 ± 0.2422
INFO:meta-cli.py:Epoch 53/100	Loss 5.5544 ± 0.2420
INFO:meta-cli.py:Epoch 54/100	Loss 5.5516 ± 0.2461
INFO:meta-cli.py:Epoch 54/100	dev results	MRR 0.355307	H@1 0.264927	H@3 0.389250	H@5 0.451697	H@10 0.535101
INFO:meta-cli.py:Epoch 54/100	test results	MRR 0.348623	H@1 0.257940	H@3 0.384271	H@5 0.446228	H@10 0.529268
INFO:meta-cli.py:Epoch 55/100	Loss 5.5492 ± 0.2441
INFO:meta-cli.py:Epoch 56/100	Loss 5.5469 ± 0.2433
INFO:meta-cli.py:Epoch 57/100	Loss 5.5447 ± 0.2433
INFO:meta-cli.py:Epoch 57/100	dev results	MRR 0.355305	H@1 0.264956	H@3 0.388794	H@5 0.452295	H@10 0.535700
INFO:meta-cli.py:Epoch 57/100	test results	MRR 0.348970	H@1 0.258282	H@3 0.384394	H@5 0.446961	H@10 0.529683
INFO:meta-cli.py:Epoch 58/100	Loss 5.5421 ± 0.2419
INFO:meta-cli.py:Epoch 59/100	Loss 5.5399 ± 0.2385
INFO:meta-cli.py:Epoch 60/100	Loss 5.5377 ± 0.2418
INFO:meta-cli.py:Epoch 60/100	dev results	MRR 0.355754	H@1 0.265326	H@3 0.390448	H@5 0.452181	H@10 0.536812
INFO:meta-cli.py:Epoch 60/100	test results	MRR 0.349291	H@1 0.258600	H@3 0.383954	H@5 0.446912	H@10 0.530074
INFO:meta-cli.py:Epoch 61/100	Loss 5.5357 ± 0.2430
INFO:meta-cli.py:Epoch 62/100	Loss 5.5333 ± 0.2427
INFO:meta-cli.py:Epoch 63/100	Loss 5.5315 ± 0.2411
INFO:meta-cli.py:Epoch 63/100	dev results	MRR 0.355499	H@1 0.265155	H@3 0.388822	H@5 0.452752	H@10 0.535843
INFO:meta-cli.py:Epoch 63/100	test results	MRR 0.349581	H@1 0.258942	H@3 0.385175	H@5 0.447743	H@10 0.530245
INFO:meta-cli.py:Epoch 64/100	Loss 5.5295 ± 0.2383
INFO:meta-cli.py:Epoch 65/100	Loss 5.5274 ± 0.2388
INFO:meta-cli.py:Epoch 66/100	Loss 5.5255 ± 0.2372
INFO:meta-cli.py:Epoch 66/100	dev results	MRR 0.355557	H@1 0.265155	H@3 0.390961	H@5 0.451440	H@10 0.536470
INFO:meta-cli.py:Epoch 66/100	test results	MRR 0.349352	H@1 0.258600	H@3 0.384858	H@5 0.446717	H@10 0.529464
INFO:meta-cli.py:Epoch 67/100	Loss 5.5237 ± 0.2416
INFO:meta-cli.py:Epoch 68/100	Loss 5.5219 ± 0.2428
INFO:meta-cli.py:Epoch 69/100	Loss 5.5201 ± 0.2422
INFO:meta-cli.py:Epoch 69/100	dev results	MRR 0.356002	H@1 0.265840	H@3 0.388708	H@5 0.452039	H@10 0.536213
INFO:meta-cli.py:Epoch 69/100	test results	MRR 0.349854	H@1 0.259552	H@3 0.383343	H@5 0.446863	H@10 0.529781
INFO:meta-cli.py:Epoch 70/100	Loss 5.5182 ± 0.2429
INFO:meta-cli.py:Epoch 71/100	Loss 5.5166 ± 0.2413
INFO:meta-cli.py:Epoch 72/100	Loss 5.5148 ± 0.2431
INFO:meta-cli.py:Epoch 72/100	dev results	MRR 0.355298	H@1 0.264100	H@3 0.389906	H@5 0.452866	H@10 0.535786
INFO:meta-cli.py:Epoch 72/100	test results	MRR 0.348855	H@1 0.257696	H@3 0.384442	H@5 0.446545	H@10 0.528706
INFO:meta-cli.py:Epoch 73/100	Loss 5.5132 ± 0.2389
INFO:meta-cli.py:Epoch 74/100	Loss 5.5116 ± 0.2403
INFO:meta-cli.py:Epoch 75/100	Loss 5.5100 ± 0.2354
INFO:meta-cli.py:Epoch 75/100	dev results	MRR 0.355660	H@1 0.264813	H@3 0.389877	H@5 0.452980	H@10 0.536784
INFO:meta-cli.py:Epoch 75/100	test results	MRR 0.349290	H@1 0.258111	H@3 0.384320	H@5 0.447449	H@10 0.529195
INFO:meta-cli.py:Epoch 76/100	Loss 5.5084 ± 0.2363
INFO:meta-cli.py:Epoch 77/100	Loss 5.5070 ± 0.2375
INFO:meta-cli.py:Epoch 78/100	Loss 5.5054 ± 0.2406
INFO:meta-cli.py:Epoch 78/100	dev results	MRR 0.355668	H@1 0.264842	H@3 0.390277	H@5 0.451953	H@10 0.536185
INFO:meta-cli.py:Epoch 78/100	test results	MRR 0.348983	H@1 0.257940	H@3 0.385200	H@5 0.447303	H@10 0.529024
INFO:meta-cli.py:Epoch 79/100	Loss 5.5038 ± 0.2390
INFO:meta-cli.py:Epoch 80/100	Loss 5.5024 ± 0.2380
INFO:meta-cli.py:Epoch 81/100	Loss 5.5010 ± 0.2407
INFO:meta-cli.py:Epoch 81/100	dev results	MRR 0.355948	H@1 0.265469	H@3 0.390077	H@5 0.452695	H@10 0.537439
INFO:meta-cli.py:Epoch 81/100	test results	MRR 0.349798	H@1 0.259039	H@3 0.385664	H@5 0.447816	H@10 0.530074
INFO:meta-cli.py:Epoch 82/100	Loss 5.4996 ± 0.2419
INFO:meta-cli.py:Epoch 83/100	Loss 5.4982 ± 0.2386
INFO:meta-cli.py:Epoch 84/100	Loss 5.4969 ± 0.2383
INFO:meta-cli.py:Epoch 84/100	dev results	MRR 0.355820	H@1 0.264728	H@3 0.390904	H@5 0.452609	H@10 0.536955
INFO:meta-cli.py:Epoch 84/100	test results	MRR 0.349777	H@1 0.258624	H@3 0.386421	H@5 0.447572	H@10 0.529659
INFO:meta-cli.py:Epoch 85/100	Loss 5.4954 ± 0.2375
INFO:meta-cli.py:Epoch 86/100	Loss 5.4942 ± 0.2360
INFO:meta-cli.py:Epoch 87/100	Loss 5.4928 ± 0.2388
INFO:meta-cli.py:Epoch 87/100	dev results	MRR 0.355847	H@1 0.265241	H@3 0.390020	H@5 0.452409	H@10 0.537154
INFO:meta-cli.py:Epoch 87/100	test results	MRR 0.350037	H@1 0.259162	H@3 0.386226	H@5 0.447694	H@10 0.530270
INFO:meta-cli.py:Epoch 88/100	Loss 5.4916 ± 0.2410
INFO:meta-cli.py:Epoch 89/100	Loss 5.4903 ± 0.2369
INFO:meta-cli.py:Epoch 90/100	Loss 5.4891 ± 0.2374
INFO:meta-cli.py:Epoch 90/100	dev results	MRR 0.355256	H@1 0.264186	H@3 0.390277	H@5 0.452609	H@10 0.537211
INFO:meta-cli.py:Epoch 90/100	test results	MRR 0.349444	H@1 0.258282	H@3 0.385591	H@5 0.447865	H@10 0.529219
INFO:meta-cli.py:Epoch 91/100	Loss 5.4880 ± 0.2366
INFO:meta-cli.py:Epoch 92/100	Loss 5.4866 ± 0.2398
INFO:meta-cli.py:Epoch 93/100	Loss 5.4854 ± 0.2345
INFO:meta-cli.py:Epoch 93/100	dev results	MRR 0.355642	H@1 0.264471	H@3 0.389450	H@5 0.453778	H@10 0.537040
INFO:meta-cli.py:Epoch 93/100	test results	MRR 0.349502	H@1 0.258502	H@3 0.385664	H@5 0.448305	H@10 0.529586
INFO:meta-cli.py:Epoch 94/100	Loss 5.4843 ± 0.2327
INFO:meta-cli.py:Epoch 95/100	Loss 5.4832 ± 0.2377
INFO:meta-cli.py:Epoch 96/100	Loss 5.4821 ± 0.2341
INFO:meta-cli.py:Epoch 96/100	dev results	MRR 0.356224	H@1 0.265326	H@3 0.390989	H@5 0.453293	H@10 0.536527
INFO:meta-cli.py:Epoch 96/100	test results	MRR 0.349532	H@1 0.258429	H@3 0.385566	H@5 0.447914	H@10 0.529781
INFO:meta-cli.py:Epoch 97/100	Loss 5.4810 ± 0.2377
INFO:meta-cli.py:Epoch 98/100	Loss 5.4798 ± 0.2347
INFO:meta-cli.py:Epoch 99/100	Loss 5.4787 ± 0.2403
INFO:meta-cli.py:Epoch 99/100	dev results	MRR 0.355700	H@1 0.264699	H@3 0.390220	H@5 0.453379	H@10 0.537097
INFO:meta-cli.py:Epoch 99/100	test results	MRR 0.349246	H@1 0.258013	H@3 0.386079	H@5 0.447303	H@10 0.529977
INFO:meta-cli.py:Epoch 100/100	Loss 5.4777 ± 0.2417
INFO:meta-cli.py:Final 	dev results	MRR 0.356437	H@1 0.265925	H@3 0.390448	H@5 0.453037	H@10 0.537439
INFO:meta-cli.py:Final 	test results	MRR 0.349811	H@1 0.258868	H@3 0.386275	H@5 0.448085	H@10 0.530196
INFO:meta-cli.py:Training finished
