./bin/meta-cli.py --train data/fb15k-237/train.tsv --dev data/fb15k-237/dev.tsv --test data/fb15k-237/test.tsv -m complex -k 2000 -b 500 -e 100 --F2 0.01 --N3 0 -l 0.1 -I reciprocal -V 3 -o adagrad -q
{'F2': 0.01,
 'N3': 0.0,
 'batch_size': 500,
 'dev': 'data/fb15k-237/dev.tsv',
 'embedding_size': 2000,
 'epochs': 100,
 'eval_batch_size': None,
 'input_type': 'reciprocal',
 'learning_rate': 0.1,
 'load': None,
 'model': 'complex',
 'optimizer': 'adagrad',
 'quiet': True,
 'save': None,
 'seed': 0,
 'test': 'data/fb15k-237/test.tsv',
 'test_i': None,
 'test_ii': None,
 'train': 'data/fb15k-237/train.tsv',
 'validate_every': 3}
INFO:meta-cli.py:Device: cuda
INFO:meta-cli.py:Model state:
INFO:meta-cli.py:	entities.weight	torch.Size([14541, 4000])
INFO:meta-cli.py:	predicates.weight	torch.Size([474, 4000])
INFO:meta-cli.py:Epoch 1/100	Loss 12.0094 ± 2.2584
INFO:meta-cli.py:Epoch 2/100	Loss 8.8117 ± 0.1162
INFO:meta-cli.py:Epoch 3/100	Loss 8.2261 ± 0.1222
INFO:meta-cli.py:Epoch 3/100	dev results	MRR 0.337236	H@1 0.247819	H@3 0.367722	H@5 0.433134	H@10 0.520616
INFO:meta-cli.py:Epoch 3/100	test results	MRR 0.331492	H@1 0.241058	H@3 0.362553	H@5 0.427489	H@10 0.516955
INFO:meta-cli.py:Epoch 4/100	Loss 7.9383 ± 0.1303
INFO:meta-cli.py:Epoch 5/100	Loss 7.7585 ± 0.1358
INFO:meta-cli.py:Epoch 6/100	Loss 7.6318 ± 0.1408
INFO:meta-cli.py:Epoch 6/100	dev results	MRR 0.338687	H@1 0.247534	H@3 0.371571	H@5 0.436270	H@10 0.521300
INFO:meta-cli.py:Epoch 6/100	test results	MRR 0.332443	H@1 0.239812	H@3 0.366510	H@5 0.432473	H@10 0.518836
INFO:meta-cli.py:Epoch 7/100	Loss 7.5375 ± 0.1402
INFO:meta-cli.py:Epoch 8/100	Loss 7.4620 ± 0.1415
INFO:meta-cli.py:Epoch 9/100	Loss 7.4012 ± 0.1405
INFO:meta-cli.py:Epoch 9/100	dev results	MRR 0.338367	H@1 0.247790	H@3 0.370516	H@5 0.436612	H@10 0.521443
INFO:meta-cli.py:Epoch 9/100	test results	MRR 0.331766	H@1 0.239959	H@3 0.365973	H@5 0.431227	H@10 0.517663
INFO:meta-cli.py:Epoch 10/100	Loss 7.3496 ± 0.1361
INFO:meta-cli.py:Epoch 11/100	Loss 7.3054 ± 0.1320
INFO:meta-cli.py:Epoch 12/100	Loss 7.2674 ± 0.1342
INFO:meta-cli.py:Epoch 12/100	dev results	MRR 0.337685	H@1 0.247106	H@3 0.370915	H@5 0.434845	H@10 0.519361
INFO:meta-cli.py:Epoch 12/100	test results	MRR 0.332452	H@1 0.241400	H@3 0.366266	H@5 0.430739	H@10 0.516002
INFO:meta-cli.py:Epoch 13/100	Loss 7.2338 ± 0.1346
INFO:meta-cli.py:Epoch 14/100	Loss 7.2038 ± 0.1358
INFO:meta-cli.py:Epoch 15/100	Loss 7.1767 ± 0.1266
INFO:meta-cli.py:Epoch 15/100	dev results	MRR 0.336817	H@1 0.245937	H@3 0.370915	H@5 0.433333	H@10 0.517593
INFO:meta-cli.py:Epoch 15/100	test results	MRR 0.331392	H@1 0.240057	H@3 0.365167	H@5 0.429395	H@10 0.514219
INFO:meta-cli.py:Epoch 16/100	Loss 7.1522 ± 0.1292
INFO:meta-cli.py:Epoch 17/100	Loss 7.1300 ± 0.1269
INFO:meta-cli.py:Epoch 18/100	Loss 7.1093 ± 0.1205
INFO:meta-cli.py:Epoch 18/100	dev results	MRR 0.337061	H@1 0.247448	H@3 0.369746	H@5 0.431622	H@10 0.516339
INFO:meta-cli.py:Epoch 18/100	test results	MRR 0.331072	H@1 0.240448	H@3 0.364678	H@5 0.428345	H@10 0.513193
INFO:meta-cli.py:Epoch 19/100	Loss 7.0905 ± 0.1227
INFO:meta-cli.py:Epoch 20/100	Loss 7.0727 ± 0.1219
INFO:meta-cli.py:Epoch 21/100	Loss 7.0565 ± 0.1184
INFO:meta-cli.py:Epoch 21/100	dev results	MRR 0.335952	H@1 0.246507	H@3 0.368663	H@5 0.430910	H@10 0.516310
INFO:meta-cli.py:Epoch 21/100	test results	MRR 0.330768	H@1 0.239935	H@3 0.364507	H@5 0.427563	H@10 0.513388
INFO:meta-cli.py:Epoch 22/100	Loss 7.0409 ± 0.1239
INFO:meta-cli.py:Epoch 23/100	Loss 7.0270 ± 0.1206
INFO:meta-cli.py:Epoch 24/100	Loss 7.0134 ± 0.1210
INFO:meta-cli.py:Epoch 24/100	dev results	MRR 0.334345	H@1 0.244996	H@3 0.367265	H@5 0.429142	H@10 0.514058
INFO:meta-cli.py:Epoch 24/100	test results	MRR 0.330091	H@1 0.239861	H@3 0.363847	H@5 0.426317	H@10 0.511385
INFO:meta-cli.py:Epoch 25/100	Loss 7.0008 ± 0.1206
INFO:meta-cli.py:Epoch 26/100	Loss 6.9887 ± 0.1214
INFO:meta-cli.py:Epoch 27/100	Loss 6.9772 ± 0.1214
INFO:meta-cli.py:Epoch 27/100	dev results	MRR 0.333675	H@1 0.244197	H@3 0.367608	H@5 0.428058	H@10 0.512889
INFO:meta-cli.py:Epoch 27/100	test results	MRR 0.329503	H@1 0.239006	H@3 0.364214	H@5 0.425217	H@10 0.509821
INFO:meta-cli.py:Epoch 28/100	Loss 6.9666 ± 0.1200
INFO:meta-cli.py:Epoch 29/100	Loss 6.9563 ± 0.1176
INFO:meta-cli.py:Epoch 30/100	Loss 6.9464 ± 0.1177
INFO:meta-cli.py:Epoch 30/100	dev results	MRR 0.332491	H@1 0.242743	H@3 0.365754	H@5 0.427573	H@10 0.512432
INFO:meta-cli.py:Epoch 30/100	test results	MRR 0.328411	H@1 0.238469	H@3 0.362430	H@5 0.424240	H@10 0.508868
INFO:meta-cli.py:Epoch 31/100	Loss 6.9370 ± 0.1170
INFO:meta-cli.py:Epoch 32/100	Loss 6.9282 ± 0.1205
INFO:meta-cli.py:Epoch 33/100	Loss 6.9195 ± 0.1169
INFO:meta-cli.py:Epoch 33/100	dev results	MRR 0.332303	H@1 0.242971	H@3 0.365555	H@5 0.426775	H@10 0.510893
INFO:meta-cli.py:Epoch 33/100	test results	MRR 0.327976	H@1 0.237809	H@3 0.362968	H@5 0.424020	H@10 0.509210
INFO:meta-cli.py:Epoch 34/100	Loss 6.9113 ± 0.1136
INFO:meta-cli.py:Epoch 35/100	Loss 6.9036 ± 0.1171
INFO:meta-cli.py:Epoch 36/100	Loss 6.8958 ± 0.1188
INFO:meta-cli.py:Epoch 36/100	dev results	MRR 0.331760	H@1 0.242800	H@3 0.364671	H@5 0.424380	H@10 0.510550
INFO:meta-cli.py:Epoch 36/100	test results	MRR 0.327573	H@1 0.237711	H@3 0.361184	H@5 0.423727	H@10 0.507867
INFO:meta-cli.py:Epoch 37/100	Loss 6.8885 ± 0.1165
INFO:meta-cli.py:Epoch 38/100	Loss nan ± nan
INFO:meta-cli.py:Epoch 39/100	Loss nan ± nan
INFO:meta-cli.py:Epoch 39/100	dev results	MRR 0.000434	H@1 0.000000	H@3 0.000000	H@5 0.000057	H@10 0.000057
INFO:meta-cli.py:Epoch 39/100	test results	MRR 0.000421	H@1 0.000000	H@3 0.000000	H@5 0.000000	H@10 0.000024
INFO:meta-cli.py:Epoch 40/100	Loss nan ± nan
INFO:meta-cli.py:Epoch 41/100	Loss nan ± nan
INFO:meta-cli.py:Epoch 42/100	Loss nan ± nan
INFO:meta-cli.py:Epoch 42/100	dev results	MRR 0.000434	H@1 0.000000	H@3 0.000000	H@5 0.000057	H@10 0.000057
INFO:meta-cli.py:Epoch 42/100	test results	MRR 0.000421	H@1 0.000000	H@3 0.000000	H@5 0.000000	H@10 0.000024
INFO:meta-cli.py:Epoch 43/100	Loss nan ± nan
INFO:meta-cli.py:Epoch 44/100	Loss nan ± nan
INFO:meta-cli.py:Epoch 45/100	Loss nan ± nan
INFO:meta-cli.py:Epoch 45/100	dev results	MRR 0.000434	H@1 0.000000	H@3 0.000000	H@5 0.000057	H@10 0.000057
INFO:meta-cli.py:Epoch 45/100	test results	MRR 0.000421	H@1 0.000000	H@3 0.000000	H@5 0.000000	H@10 0.000024
INFO:meta-cli.py:Epoch 46/100	Loss nan ± nan
INFO:meta-cli.py:Epoch 47/100	Loss nan ± nan
INFO:meta-cli.py:Epoch 48/100	Loss nan ± nan
INFO:meta-cli.py:Epoch 48/100	dev results	MRR 0.000434	H@1 0.000000	H@3 0.000000	H@5 0.000057	H@10 0.000057
INFO:meta-cli.py:Epoch 48/100	test results	MRR 0.000421	H@1 0.000000	H@3 0.000000	H@5 0.000000	H@10 0.000024
INFO:meta-cli.py:Epoch 49/100	Loss nan ± nan
INFO:meta-cli.py:Epoch 50/100	Loss nan ± nan
INFO:meta-cli.py:Epoch 51/100	Loss nan ± nan
INFO:meta-cli.py:Epoch 51/100	dev results	MRR 0.000434	H@1 0.000000	H@3 0.000000	H@5 0.000057	H@10 0.000057
INFO:meta-cli.py:Epoch 51/100	test results	MRR 0.000421	H@1 0.000000	H@3 0.000000	H@5 0.000000	H@10 0.000024
INFO:meta-cli.py:Epoch 52/100	Loss nan ± nan
INFO:meta-cli.py:Epoch 53/100	Loss nan ± nan
INFO:meta-cli.py:Epoch 54/100	Loss nan ± nan
INFO:meta-cli.py:Epoch 54/100	dev results	MRR 0.000434	H@1 0.000000	H@3 0.000000	H@5 0.000057	H@10 0.000057
INFO:meta-cli.py:Epoch 54/100	test results	MRR 0.000421	H@1 0.000000	H@3 0.000000	H@5 0.000000	H@10 0.000024
INFO:meta-cli.py:Epoch 55/100	Loss nan ± nan
INFO:meta-cli.py:Epoch 56/100	Loss nan ± nan
INFO:meta-cli.py:Epoch 57/100	Loss nan ± nan
INFO:meta-cli.py:Epoch 57/100	dev results	MRR 0.000434	H@1 0.000000	H@3 0.000000	H@5 0.000057	H@10 0.000057
INFO:meta-cli.py:Epoch 57/100	test results	MRR 0.000421	H@1 0.000000	H@3 0.000000	H@5 0.000000	H@10 0.000024
INFO:meta-cli.py:Epoch 58/100	Loss nan ± nan
INFO:meta-cli.py:Epoch 59/100	Loss nan ± nan
INFO:meta-cli.py:Epoch 60/100	Loss nan ± nan
INFO:meta-cli.py:Epoch 60/100	dev results	MRR 0.000434	H@1 0.000000	H@3 0.000000	H@5 0.000057	H@10 0.000057
INFO:meta-cli.py:Epoch 60/100	test results	MRR 0.000421	H@1 0.000000	H@3 0.000000	H@5 0.000000	H@10 0.000024
INFO:meta-cli.py:Epoch 61/100	Loss nan ± nan
INFO:meta-cli.py:Epoch 62/100	Loss nan ± nan
INFO:meta-cli.py:Epoch 63/100	Loss nan ± nan
INFO:meta-cli.py:Epoch 63/100	dev results	MRR 0.000434	H@1 0.000000	H@3 0.000000	H@5 0.000057	H@10 0.000057
INFO:meta-cli.py:Epoch 63/100	test results	MRR 0.000421	H@1 0.000000	H@3 0.000000	H@5 0.000000	H@10 0.000024
INFO:meta-cli.py:Epoch 64/100	Loss nan ± nan
INFO:meta-cli.py:Epoch 65/100	Loss nan ± nan
INFO:meta-cli.py:Epoch 66/100	Loss nan ± nan
INFO:meta-cli.py:Epoch 66/100	dev results	MRR 0.000434	H@1 0.000000	H@3 0.000000	H@5 0.000057	H@10 0.000057
INFO:meta-cli.py:Epoch 66/100	test results	MRR 0.000421	H@1 0.000000	H@3 0.000000	H@5 0.000000	H@10 0.000024
INFO:meta-cli.py:Epoch 67/100	Loss nan ± nan
INFO:meta-cli.py:Epoch 68/100	Loss nan ± nan
INFO:meta-cli.py:Epoch 69/100	Loss nan ± nan
INFO:meta-cli.py:Epoch 69/100	dev results	MRR 0.000434	H@1 0.000000	H@3 0.000000	H@5 0.000057	H@10 0.000057
INFO:meta-cli.py:Epoch 69/100	test results	MRR 0.000421	H@1 0.000000	H@3 0.000000	H@5 0.000000	H@10 0.000024
INFO:meta-cli.py:Epoch 70/100	Loss nan ± nan
INFO:meta-cli.py:Epoch 71/100	Loss nan ± nan
INFO:meta-cli.py:Epoch 72/100	Loss nan ± nan
INFO:meta-cli.py:Epoch 72/100	dev results	MRR 0.000434	H@1 0.000000	H@3 0.000000	H@5 0.000057	H@10 0.000057
INFO:meta-cli.py:Epoch 72/100	test results	MRR 0.000421	H@1 0.000000	H@3 0.000000	H@5 0.000000	H@10 0.000024
INFO:meta-cli.py:Epoch 73/100	Loss nan ± nan
INFO:meta-cli.py:Epoch 74/100	Loss nan ± nan
INFO:meta-cli.py:Epoch 75/100	Loss nan ± nan
INFO:meta-cli.py:Epoch 75/100	dev results	MRR 0.000434	H@1 0.000000	H@3 0.000000	H@5 0.000057	H@10 0.000057
INFO:meta-cli.py:Epoch 75/100	test results	MRR 0.000421	H@1 0.000000	H@3 0.000000	H@5 0.000000	H@10 0.000024
INFO:meta-cli.py:Epoch 76/100	Loss nan ± nan
INFO:meta-cli.py:Epoch 77/100	Loss nan ± nan
INFO:meta-cli.py:Epoch 78/100	Loss nan ± nan
INFO:meta-cli.py:Epoch 78/100	dev results	MRR 0.000434	H@1 0.000000	H@3 0.000000	H@5 0.000057	H@10 0.000057
INFO:meta-cli.py:Epoch 78/100	test results	MRR 0.000421	H@1 0.000000	H@3 0.000000	H@5 0.000000	H@10 0.000024
INFO:meta-cli.py:Epoch 79/100	Loss nan ± nan
INFO:meta-cli.py:Epoch 80/100	Loss nan ± nan
INFO:meta-cli.py:Epoch 81/100	Loss nan ± nan
INFO:meta-cli.py:Epoch 81/100	dev results	MRR 0.000434	H@1 0.000000	H@3 0.000000	H@5 0.000057	H@10 0.000057
INFO:meta-cli.py:Epoch 81/100	test results	MRR 0.000421	H@1 0.000000	H@3 0.000000	H@5 0.000000	H@10 0.000024
INFO:meta-cli.py:Epoch 82/100	Loss nan ± nan
INFO:meta-cli.py:Epoch 83/100	Loss nan ± nan
INFO:meta-cli.py:Epoch 84/100	Loss nan ± nan
INFO:meta-cli.py:Epoch 84/100	dev results	MRR 0.000434	H@1 0.000000	H@3 0.000000	H@5 0.000057	H@10 0.000057
INFO:meta-cli.py:Epoch 84/100	test results	MRR 0.000421	H@1 0.000000	H@3 0.000000	H@5 0.000000	H@10 0.000024
INFO:meta-cli.py:Epoch 85/100	Loss nan ± nan
INFO:meta-cli.py:Epoch 86/100	Loss nan ± nan
INFO:meta-cli.py:Epoch 87/100	Loss nan ± nan
INFO:meta-cli.py:Epoch 87/100	dev results	MRR 0.000434	H@1 0.000000	H@3 0.000000	H@5 0.000057	H@10 0.000057
INFO:meta-cli.py:Epoch 87/100	test results	MRR 0.000421	H@1 0.000000	H@3 0.000000	H@5 0.000000	H@10 0.000024
INFO:meta-cli.py:Epoch 88/100	Loss nan ± nan
INFO:meta-cli.py:Epoch 89/100	Loss nan ± nan
INFO:meta-cli.py:Epoch 90/100	Loss nan ± nan
INFO:meta-cli.py:Epoch 90/100	dev results	MRR 0.000434	H@1 0.000000	H@3 0.000000	H@5 0.000057	H@10 0.000057
INFO:meta-cli.py:Epoch 90/100	test results	MRR 0.000421	H@1 0.000000	H@3 0.000000	H@5 0.000000	H@10 0.000024
INFO:meta-cli.py:Epoch 91/100	Loss nan ± nan
INFO:meta-cli.py:Epoch 92/100	Loss nan ± nan
INFO:meta-cli.py:Epoch 93/100	Loss nan ± nan
INFO:meta-cli.py:Epoch 93/100	dev results	MRR 0.000434	H@1 0.000000	H@3 0.000000	H@5 0.000057	H@10 0.000057
INFO:meta-cli.py:Epoch 93/100	test results	MRR 0.000421	H@1 0.000000	H@3 0.000000	H@5 0.000000	H@10 0.000024
INFO:meta-cli.py:Epoch 94/100	Loss nan ± nan
INFO:meta-cli.py:Epoch 95/100	Loss nan ± nan
INFO:meta-cli.py:Epoch 96/100	Loss nan ± nan
INFO:meta-cli.py:Epoch 96/100	dev results	MRR 0.000434	H@1 0.000000	H@3 0.000000	H@5 0.000057	H@10 0.000057
INFO:meta-cli.py:Epoch 96/100	test results	MRR 0.000421	H@1 0.000000	H@3 0.000000	H@5 0.000000	H@10 0.000024
INFO:meta-cli.py:Epoch 97/100	Loss nan ± nan
INFO:meta-cli.py:Epoch 98/100	Loss nan ± nan
INFO:meta-cli.py:Epoch 99/100	Loss nan ± nan
INFO:meta-cli.py:Epoch 99/100	dev results	MRR 0.000434	H@1 0.000000	H@3 0.000000	H@5 0.000057	H@10 0.000057
INFO:meta-cli.py:Epoch 99/100	test results	MRR 0.000421	H@1 0.000000	H@3 0.000000	H@5 0.000000	H@10 0.000024
INFO:meta-cli.py:Epoch 100/100	Loss nan ± nan
INFO:meta-cli.py:Final 	dev results	MRR 0.000434	H@1 0.000000	H@3 0.000000	H@5 0.000057	H@10 0.000057
INFO:meta-cli.py:Final 	test results	MRR 0.000421	H@1 0.000000	H@3 0.000000	H@5 0.000000	H@10 0.000024
INFO:meta-cli.py:Training finished
