./bin/meta-cli.py --train data/fb15k-237/train.tsv --dev data/fb15k-237/dev.tsv --test data/fb15k-237/test.tsv -m complex -k 2000 -b 500 -e 100 --F2 0 --N3 0.001 -l 0.1 -I standard -V 3 -o adagrad -q
{'F2': 0.0,
 'N3': 0.001,
 'batch_size': 500,
 'dev': 'data/fb15k-237/dev.tsv',
 'embedding_size': 2000,
 'epochs': 100,
 'eval_batch_size': None,
 'input_type': 'standard',
 'learning_rate': 0.1,
 'load': None,
 'model': 'complex',
 'optimizer': 'adagrad',
 'quiet': True,
 'save': None,
 'seed': 0,
 'test': 'data/fb15k-237/test.tsv',
 'test_i': None,
 'test_ii': None,
 'train': 'data/fb15k-237/train.tsv',
 'validate_every': 3}
INFO:meta-cli.py:Device: cuda
INFO:meta-cli.py:Model state:
INFO:meta-cli.py:	entities.weight	torch.Size([14541, 4000])
INFO:meta-cli.py:	predicates.weight	torch.Size([237, 4000])
INFO:meta-cli.py:Epoch 1/100	Loss 11.9335 ± 1.9896
INFO:meta-cli.py:Epoch 2/100	Loss 7.9079 ± 0.1755
INFO:meta-cli.py:Epoch 3/100	Loss 7.0519 ± 0.2587
INFO:meta-cli.py:Epoch 3/100	dev results	MRR 0.322167	H@1 0.234445	H@3 0.352581	H@5 0.414485	H@10 0.499772
INFO:meta-cli.py:Epoch 3/100	test results	MRR 0.315963	H@1 0.227328	H@3 0.347967	H@5 0.410168	H@10 0.494723
INFO:meta-cli.py:Epoch 4/100	Loss 6.7103 ± 0.2735
INFO:meta-cli.py:Epoch 5/100	Loss 6.5172 ± 0.2806
INFO:meta-cli.py:Epoch 6/100	Loss 6.3863 ± 0.2732
INFO:meta-cli.py:Epoch 6/100	dev results	MRR 0.335006	H@1 0.243912	H@3 0.368777	H@5 0.430567	H@10 0.518762
INFO:meta-cli.py:Epoch 6/100	test results	MRR 0.329750	H@1 0.239153	H@3 0.362235	H@5 0.426024	H@10 0.510847
INFO:meta-cli.py:Epoch 7/100	Loss 6.2930 ± 0.2671
INFO:meta-cli.py:Epoch 8/100	Loss 6.2188 ± 0.2643
INFO:meta-cli.py:Epoch 9/100	Loss 6.1605 ± 0.2626
INFO:meta-cli.py:Epoch 9/100	dev results	MRR 0.341721	H@1 0.252524	H@3 0.373253	H@5 0.435871	H@10 0.521243
INFO:meta-cli.py:Epoch 9/100	test results	MRR 0.336136	H@1 0.245602	H@3 0.370639	H@5 0.432742	H@10 0.514903
INFO:meta-cli.py:Epoch 10/100	Loss 6.1109 ± 0.2537
INFO:meta-cli.py:Epoch 11/100	Loss 6.0684 ± 0.2574
INFO:meta-cli.py:Epoch 12/100	Loss 6.0338 ± 0.2593
INFO:meta-cli.py:Epoch 12/100	dev results	MRR 0.344204	H@1 0.253892	H@3 0.377303	H@5 0.440490	H@10 0.525606
INFO:meta-cli.py:Epoch 12/100	test results	MRR 0.338030	H@1 0.246971	H@3 0.372813	H@5 0.434941	H@10 0.520058
INFO:meta-cli.py:Epoch 13/100	Loss 6.0023 ± 0.2444
INFO:meta-cli.py:Epoch 14/100	Loss 5.9746 ± 0.2500
INFO:meta-cli.py:Epoch 15/100	Loss 5.9493 ± 0.2408
INFO:meta-cli.py:Epoch 15/100	dev results	MRR 0.345846	H@1 0.254662	H@3 0.378671	H@5 0.442315	H@10 0.529855
INFO:meta-cli.py:Epoch 15/100	test results	MRR 0.340118	H@1 0.248949	H@3 0.372862	H@5 0.438532	H@10 0.522159
INFO:meta-cli.py:Epoch 16/100	Loss 5.9274 ± 0.2355
INFO:meta-cli.py:Epoch 17/100	Loss 5.9078 ± 0.2365
INFO:meta-cli.py:Epoch 18/100	Loss 5.8892 ± 0.2345
INFO:meta-cli.py:Epoch 18/100	dev results	MRR 0.348737	H@1 0.258027	H@3 0.382036	H@5 0.444796	H@10 0.531166
INFO:meta-cli.py:Epoch 18/100	test results	MRR 0.341978	H@1 0.250733	H@3 0.375086	H@5 0.439705	H@10 0.524015
INFO:meta-cli.py:Epoch 19/100	Loss 5.8722 ± 0.2249
INFO:meta-cli.py:Epoch 20/100	Loss 5.8573 ± 0.2241
INFO:meta-cli.py:Epoch 21/100	Loss 5.8433 ± 0.2131
INFO:meta-cli.py:Epoch 21/100	dev results	MRR 0.348969	H@1 0.258455	H@3 0.381665	H@5 0.446022	H@10 0.532934
INFO:meta-cli.py:Epoch 21/100	test results	MRR 0.343802	H@1 0.252785	H@3 0.379092	H@5 0.443589	H@10 0.524919
INFO:meta-cli.py:Epoch 22/100	Loss 5.8304 ± 0.2174
INFO:meta-cli.py:Epoch 23/100	Loss 5.8173 ± 0.2186
INFO:meta-cli.py:Epoch 24/100	Loss 5.8064 ± 0.2135
INFO:meta-cli.py:Epoch 24/100	dev results	MRR 0.350037	H@1 0.259937	H@3 0.382350	H@5 0.445737	H@10 0.531965
INFO:meta-cli.py:Epoch 24/100	test results	MRR 0.344543	H@1 0.253738	H@3 0.378017	H@5 0.442637	H@10 0.525115
INFO:meta-cli.py:Epoch 25/100	Loss 5.7947 ± 0.2135
INFO:meta-cli.py:Epoch 26/100	Loss 5.7842 ± 0.2116
INFO:meta-cli.py:Epoch 27/100	Loss 5.7752 ± 0.2085
INFO:meta-cli.py:Epoch 27/100	dev results	MRR 0.351300	H@1 0.260650	H@3 0.384146	H@5 0.448646	H@10 0.534588
INFO:meta-cli.py:Epoch 27/100	test results	MRR 0.345011	H@1 0.254324	H@3 0.377944	H@5 0.443980	H@10 0.527314
INFO:meta-cli.py:Epoch 28/100	Loss 5.7664 ± 0.2046
INFO:meta-cli.py:Epoch 29/100	Loss 5.7575 ± 0.2005
INFO:meta-cli.py:Epoch 30/100	Loss 5.7494 ± 0.2007
INFO:meta-cli.py:Epoch 30/100	dev results	MRR 0.350735	H@1 0.259937	H@3 0.384060	H@5 0.449672	H@10 0.534902
INFO:meta-cli.py:Epoch 30/100	test results	MRR 0.344660	H@1 0.252956	H@3 0.379361	H@5 0.444493	H@10 0.526239
INFO:meta-cli.py:Epoch 31/100	Loss 5.7416 ± 0.1984
INFO:meta-cli.py:Epoch 32/100	Loss 5.7341 ± 0.2029
INFO:meta-cli.py:Epoch 33/100	Loss 5.7272 ± 0.1919
INFO:meta-cli.py:Epoch 33/100	dev results	MRR 0.350542	H@1 0.259310	H@3 0.385173	H@5 0.449102	H@10 0.534360
INFO:meta-cli.py:Epoch 33/100	test results	MRR 0.345664	H@1 0.254202	H@3 0.380509	H@5 0.445324	H@10 0.527289
INFO:meta-cli.py:Epoch 34/100	Loss 5.7201 ± 0.1924
INFO:meta-cli.py:Epoch 35/100	Loss 5.7139 ± 0.1987
INFO:meta-cli.py:Epoch 36/100	Loss 5.7076 ± 0.1839
INFO:meta-cli.py:Epoch 36/100	dev results	MRR 0.350973	H@1 0.259795	H@3 0.385287	H@5 0.447163	H@10 0.535643
INFO:meta-cli.py:Epoch 36/100	test results	MRR 0.345675	H@1 0.253494	H@3 0.381389	H@5 0.445324	H@10 0.527949
INFO:meta-cli.py:Epoch 37/100	Loss 5.7017 ± 0.1849
INFO:meta-cli.py:Epoch 38/100	Loss 5.6964 ± 0.1954
INFO:meta-cli.py:Epoch 39/100	Loss 5.6906 ± 0.1834
INFO:meta-cli.py:Epoch 39/100	dev results	MRR 0.352111	H@1 0.261306	H@3 0.385230	H@5 0.449330	H@10 0.534959
INFO:meta-cli.py:Epoch 39/100	test results	MRR 0.346392	H@1 0.255375	H@3 0.381120	H@5 0.444273	H@10 0.528242
INFO:meta-cli.py:Epoch 40/100	Loss 5.6855 ± 0.1886
INFO:meta-cli.py:Epoch 41/100	Loss 5.6799 ± 0.1864
INFO:meta-cli.py:Epoch 42/100	Loss 5.6751 ± 0.1814
INFO:meta-cli.py:Epoch 42/100	dev results	MRR 0.352853	H@1 0.262732	H@3 0.386256	H@5 0.449159	H@10 0.534702
INFO:meta-cli.py:Epoch 42/100	test results	MRR 0.347550	H@1 0.256767	H@3 0.381804	H@5 0.445715	H@10 0.527289
INFO:meta-cli.py:Epoch 43/100	Loss 5.6703 ± 0.1821
INFO:meta-cli.py:Epoch 44/100	Loss 5.6657 ± 0.1813
INFO:meta-cli.py:Epoch 45/100	Loss 5.6619 ± 0.1859
INFO:meta-cli.py:Epoch 45/100	dev results	MRR 0.352496	H@1 0.261819	H@3 0.386598	H@5 0.450242	H@10 0.535329
INFO:meta-cli.py:Epoch 45/100	test results	MRR 0.346242	H@1 0.254544	H@3 0.381975	H@5 0.445690	H@10 0.527582
INFO:meta-cli.py:Epoch 46/100	Loss 5.6571 ± 0.1827
INFO:meta-cli.py:Epoch 47/100	Loss 5.6530 ± 0.1815
INFO:meta-cli.py:Epoch 48/100	Loss 5.6490 ± 0.1841
INFO:meta-cli.py:Epoch 48/100	dev results	MRR 0.352243	H@1 0.261306	H@3 0.385629	H@5 0.450185	H@10 0.536099
INFO:meta-cli.py:Epoch 48/100	test results	MRR 0.346931	H@1 0.255766	H@3 0.381560	H@5 0.446985	H@10 0.527020
INFO:meta-cli.py:Epoch 49/100	Loss 5.6453 ± 0.1781
INFO:meta-cli.py:Epoch 50/100	Loss 5.6413 ± 0.1670
INFO:meta-cli.py:Epoch 51/100	Loss 5.6378 ± 0.1713
INFO:meta-cli.py:Epoch 51/100	dev results	MRR 0.352981	H@1 0.261791	H@3 0.387397	H@5 0.450299	H@10 0.536071
INFO:meta-cli.py:Epoch 51/100	test results	MRR 0.347195	H@1 0.255790	H@3 0.382073	H@5 0.446521	H@10 0.528218
INFO:meta-cli.py:Epoch 52/100	Loss 5.6347 ± 0.1856
INFO:meta-cli.py:Epoch 53/100	Loss 5.6301 ± 0.1798
INFO:meta-cli.py:Epoch 54/100	Loss 5.6274 ± 0.1868
INFO:meta-cli.py:Epoch 54/100	dev results	MRR 0.353343	H@1 0.262504	H@3 0.387140	H@5 0.451497	H@10 0.536812
INFO:meta-cli.py:Epoch 54/100	test results	MRR 0.347609	H@1 0.256450	H@3 0.381144	H@5 0.446912	H@10 0.528706
INFO:meta-cli.py:Epoch 55/100	Loss 5.6236 ± 0.1672
INFO:meta-cli.py:Epoch 56/100	Loss 5.6212 ± 0.1756
INFO:meta-cli.py:Epoch 57/100	Loss 5.6183 ± 0.1717
INFO:meta-cli.py:Epoch 57/100	dev results	MRR 0.353734	H@1 0.263730	H@3 0.385686	H@5 0.449444	H@10 0.537382
INFO:meta-cli.py:Epoch 57/100	test results	MRR 0.347788	H@1 0.257012	H@3 0.381926	H@5 0.446203	H@10 0.529073
INFO:meta-cli.py:Epoch 58/100	Loss 5.6153 ± 0.1771
INFO:meta-cli.py:Epoch 59/100	Loss 5.6115 ± 0.1626
INFO:meta-cli.py:Epoch 60/100	Loss 5.6093 ± 0.1698
INFO:meta-cli.py:Epoch 60/100	dev results	MRR 0.354123	H@1 0.263787	H@3 0.386969	H@5 0.451183	H@10 0.537582
INFO:meta-cli.py:Epoch 60/100	test results	MRR 0.347997	H@1 0.257256	H@3 0.381731	H@5 0.445861	H@10 0.528437
INFO:meta-cli.py:Epoch 61/100	Loss 5.6065 ± 0.1671
INFO:meta-cli.py:Epoch 62/100	Loss 5.6034 ± 0.1684
INFO:meta-cli.py:Epoch 63/100	Loss 5.6005 ± 0.1615
INFO:meta-cli.py:Epoch 63/100	dev results	MRR 0.353812	H@1 0.263188	H@3 0.387967	H@5 0.451155	H@10 0.537211
INFO:meta-cli.py:Epoch 63/100	test results	MRR 0.347636	H@1 0.256572	H@3 0.381926	H@5 0.446106	H@10 0.528511
INFO:meta-cli.py:Epoch 64/100	Loss 5.5983 ± 0.1744
INFO:meta-cli.py:Epoch 65/100	Loss 5.5958 ± 0.1654
INFO:meta-cli.py:Epoch 66/100	Loss 5.5933 ± 0.1630
INFO:meta-cli.py:Epoch 66/100	dev results	MRR 0.353116	H@1 0.262247	H@3 0.386969	H@5 0.451697	H@10 0.536156
INFO:meta-cli.py:Epoch 66/100	test results	MRR 0.348007	H@1 0.256865	H@3 0.383245	H@5 0.447230	H@10 0.527729
INFO:meta-cli.py:Epoch 67/100	Loss 5.5908 ± 0.1636
INFO:meta-cli.py:Epoch 68/100	Loss 5.5886 ± 0.1646
INFO:meta-cli.py:Epoch 69/100	Loss 5.5856 ± 0.1706
INFO:meta-cli.py:Epoch 69/100	dev results	MRR 0.353789	H@1 0.263302	H@3 0.386912	H@5 0.451925	H@10 0.536983
INFO:meta-cli.py:Epoch 69/100	test results	MRR 0.347944	H@1 0.256621	H@3 0.382341	H@5 0.448011	H@10 0.528413
INFO:meta-cli.py:Epoch 70/100	Loss 5.5832 ± 0.1590
INFO:meta-cli.py:Epoch 71/100	Loss 5.5812 ± 0.1642
INFO:meta-cli.py:Epoch 72/100	Loss 5.5792 ± 0.1641
INFO:meta-cli.py:Epoch 72/100	dev results	MRR 0.354678	H@1 0.264557	H@3 0.387910	H@5 0.450841	H@10 0.537126
INFO:meta-cli.py:Epoch 72/100	test results	MRR 0.348544	H@1 0.257549	H@3 0.382781	H@5 0.447278	H@10 0.528584
INFO:meta-cli.py:Epoch 73/100	Loss 5.5773 ± 0.1680
INFO:meta-cli.py:Epoch 74/100	Loss 5.5748 ± 0.1640
INFO:meta-cli.py:Epoch 75/100	Loss 5.5729 ± 0.1667
INFO:meta-cli.py:Epoch 75/100	dev results	MRR 0.355050	H@1 0.265184	H@3 0.387568	H@5 0.451183	H@10 0.537097
INFO:meta-cli.py:Epoch 75/100	test results	MRR 0.348474	H@1 0.257720	H@3 0.381999	H@5 0.447718	H@10 0.529464
INFO:meta-cli.py:Epoch 76/100	Loss 5.5709 ± 0.1612
INFO:meta-cli.py:Epoch 77/100	Loss 5.5692 ± 0.1632
INFO:meta-cli.py:Epoch 78/100	Loss 5.5669 ± 0.1625
INFO:meta-cli.py:Epoch 78/100	dev results	MRR 0.353894	H@1 0.263216	H@3 0.388052	H@5 0.451725	H@10 0.536555
INFO:meta-cli.py:Epoch 78/100	test results	MRR 0.348240	H@1 0.256670	H@3 0.383832	H@5 0.447767	H@10 0.528926
INFO:meta-cli.py:Epoch 79/100	Loss 5.5654 ± 0.1567
INFO:meta-cli.py:Epoch 80/100	Loss 5.5633 ± 0.1606
INFO:meta-cli.py:Epoch 81/100	Loss 5.5613 ± 0.1573
INFO:meta-cli.py:Epoch 81/100	dev results	MRR 0.354382	H@1 0.263758	H@3 0.388167	H@5 0.451611	H@10 0.536641
INFO:meta-cli.py:Epoch 81/100	test results	MRR 0.348165	H@1 0.257036	H@3 0.383148	H@5 0.446888	H@10 0.528364
INFO:meta-cli.py:Epoch 82/100	Loss 5.5593 ± 0.1586
INFO:meta-cli.py:Epoch 83/100	Loss 5.5577 ± 0.1569
INFO:meta-cli.py:Epoch 84/100	Loss 5.5557 ± 0.1500
INFO:meta-cli.py:Epoch 84/100	dev results	MRR 0.354340	H@1 0.263787	H@3 0.388024	H@5 0.451611	H@10 0.536441
INFO:meta-cli.py:Epoch 84/100	test results	MRR 0.348231	H@1 0.257476	H@3 0.382635	H@5 0.446985	H@10 0.528095
INFO:meta-cli.py:Epoch 85/100	Loss 5.5538 ± 0.1536
INFO:meta-cli.py:Epoch 86/100	Loss 5.5523 ± 0.1538
INFO:meta-cli.py:Epoch 87/100	Loss 5.5510 ± 0.1525
INFO:meta-cli.py:Epoch 87/100	dev results	MRR 0.355294	H@1 0.265355	H@3 0.387511	H@5 0.452238	H@10 0.537126
INFO:meta-cli.py:Epoch 87/100	test results	MRR 0.348705	H@1 0.257622	H@3 0.383197	H@5 0.447669	H@10 0.528731
INFO:meta-cli.py:Epoch 88/100	Loss 5.5494 ± 0.1568
INFO:meta-cli.py:Epoch 89/100	Loss 5.5475 ± 0.1571
INFO:meta-cli.py:Epoch 90/100	Loss 5.5460 ± 0.1513
INFO:meta-cli.py:Epoch 90/100	dev results	MRR 0.354353	H@1 0.263901	H@3 0.387568	H@5 0.452067	H@10 0.536841
INFO:meta-cli.py:Epoch 90/100	test results	MRR 0.348454	H@1 0.257500	H@3 0.382806	H@5 0.447523	H@10 0.528486
INFO:meta-cli.py:Epoch 91/100	Loss 5.5443 ± 0.1505
INFO:meta-cli.py:Epoch 92/100	Loss 5.5427 ± 0.1542
INFO:meta-cli.py:Epoch 93/100	Loss 5.5412 ± 0.1565
INFO:meta-cli.py:Epoch 93/100	dev results	MRR 0.354276	H@1 0.263701	H@3 0.387653	H@5 0.451982	H@10 0.535244
INFO:meta-cli.py:Epoch 93/100	test results	MRR 0.348578	H@1 0.257378	H@3 0.382659	H@5 0.447938	H@10 0.528511
INFO:meta-cli.py:Epoch 94/100	Loss 5.5400 ± 0.1417
INFO:meta-cli.py:Epoch 95/100	Loss 5.5389 ± 0.1572
INFO:meta-cli.py:Epoch 96/100	Loss 5.5364 ± 0.1538
INFO:meta-cli.py:Epoch 96/100	dev results	MRR 0.355509	H@1 0.265640	H@3 0.388879	H@5 0.451697	H@10 0.536128
INFO:meta-cli.py:Epoch 96/100	test results	MRR 0.349190	H@1 0.258502	H@3 0.383734	H@5 0.447156	H@10 0.528706
INFO:meta-cli.py:Epoch 97/100	Loss 5.5356 ± 0.1492
INFO:meta-cli.py:Epoch 98/100	Loss 5.5336 ± 0.1469
INFO:meta-cli.py:Epoch 99/100	Loss 5.5328 ± 0.1472
INFO:meta-cli.py:Epoch 99/100	dev results	MRR 0.354893	H@1 0.264328	H@3 0.388138	H@5 0.452352	H@10 0.536955
INFO:meta-cli.py:Epoch 99/100	test results	MRR 0.348667	H@1 0.257158	H@3 0.383978	H@5 0.447987	H@10 0.529488
INFO:meta-cli.py:Epoch 100/100	Loss 5.5313 ± 0.1502
INFO:meta-cli.py:Final 	dev results	MRR 0.354689	H@1 0.264157	H@3 0.388936	H@5 0.451925	H@10 0.537211
INFO:meta-cli.py:Final 	test results	MRR 0.348237	H@1 0.256865	H@3 0.383343	H@5 0.447523	H@10 0.528926
INFO:meta-cli.py:Training finished
