./bin/meta-cli.py --train data/fb15k-237/train.tsv --dev data/fb15k-237/dev.tsv --test data/fb15k-237/test.tsv -m complex -k 1000 -b 100 -e 100 --F2 0.005 --N3 0 -l 0.1 -I reciprocal -V 3 -o adagrad -q
{'F2': 0.005,
 'N3': 0.0,
 'batch_size': 100,
 'dev': 'data/fb15k-237/dev.tsv',
 'embedding_size': 1000,
 'epochs': 100,
 'eval_batch_size': None,
 'input_type': 'reciprocal',
 'learning_rate': 0.1,
 'load': None,
 'model': 'complex',
 'optimizer': 'adagrad',
 'quiet': True,
 'save': None,
 'seed': 0,
 'test': 'data/fb15k-237/test.tsv',
 'test_i': None,
 'test_ii': None,
 'train': 'data/fb15k-237/train.tsv',
 'validate_every': 3}
INFO:meta-cli.py:Device: cuda
INFO:meta-cli.py:Model state:
INFO:meta-cli.py:	entities.weight	torch.Size([14541, 2000])
INFO:meta-cli.py:	predicates.weight	torch.Size([474, 2000])
INFO:meta-cli.py:Epoch 1/100	Loss 11.0656 ± 2.1865
INFO:meta-cli.py:Epoch 2/100	Loss 7.8692 ± 0.2402
INFO:meta-cli.py:Epoch 3/100	Loss 7.4266 ± 0.2482
INFO:meta-cli.py:Epoch 3/100	dev results	MRR 0.332322	H@1 0.244853	H@3 0.361990	H@5 0.423068	H@10 0.509837
INFO:meta-cli.py:Epoch 3/100	test results	MRR 0.328289	H@1 0.239715	H@3 0.360622	H@5 0.422164	H@10 0.507378
INFO:meta-cli.py:Epoch 4/100	Loss 7.2200 ± 0.2514
INFO:meta-cli.py:Epoch 5/100	Loss 7.0906 ± 0.2496
INFO:meta-cli.py:Epoch 6/100	Loss 6.9972 ± 0.2496
INFO:meta-cli.py:Epoch 6/100	dev results	MRR 0.339146	H@1 0.250613	H@3 0.369860	H@5 0.432364	H@10 0.517536
INFO:meta-cli.py:Epoch 6/100	test results	MRR 0.332892	H@1 0.242451	H@3 0.365435	H@5 0.429249	H@10 0.513657
INFO:meta-cli.py:Epoch 7/100	Loss 6.9269 ± 0.2478
INFO:meta-cli.py:Epoch 8/100	Loss 6.8686 ± 0.2474
INFO:meta-cli.py:Epoch 9/100	Loss 6.8208 ± 0.2457
INFO:meta-cli.py:Epoch 9/100	dev results	MRR 0.340869	H@1 0.251953	H@3 0.371058	H@5 0.434502	H@10 0.521272
INFO:meta-cli.py:Epoch 9/100	test results	MRR 0.335056	H@1 0.244821	H@3 0.368489	H@5 0.430152	H@10 0.514903
INFO:meta-cli.py:Epoch 10/100	Loss 6.7795 ± 0.2446
INFO:meta-cli.py:Epoch 11/100	Loss 6.7436 ± 0.2404
INFO:meta-cli.py:Epoch 12/100	Loss 6.7123 ± 0.2383
INFO:meta-cli.py:Epoch 12/100	dev results	MRR 0.342414	H@1 0.253579	H@3 0.373824	H@5 0.437240	H@10 0.522726
INFO:meta-cli.py:Epoch 12/100	test results	MRR 0.336542	H@1 0.246897	H@3 0.368978	H@5 0.432742	H@10 0.516540
INFO:meta-cli.py:Epoch 13/100	Loss 6.6842 ± 0.2407
INFO:meta-cli.py:Epoch 14/100	Loss 6.6587 ± 0.2420
INFO:meta-cli.py:Epoch 15/100	Loss 6.6356 ± 0.2336
INFO:meta-cli.py:Epoch 15/100	dev results	MRR 0.341752	H@1 0.252837	H@3 0.372797	H@5 0.435301	H@10 0.523097
INFO:meta-cli.py:Epoch 15/100	test results	MRR 0.335692	H@1 0.245749	H@3 0.369027	H@5 0.431472	H@10 0.515367
INFO:meta-cli.py:Epoch 16/100	Loss 6.6143 ± 0.2339
INFO:meta-cli.py:Epoch 17/100	Loss 6.5949 ± 0.2332
INFO:meta-cli.py:Epoch 18/100	Loss 6.5768 ± 0.2280
INFO:meta-cli.py:Epoch 18/100	dev results	MRR 0.342975	H@1 0.254605	H@3 0.373396	H@5 0.436955	H@10 0.522783
INFO:meta-cli.py:Epoch 18/100	test results	MRR 0.335802	H@1 0.245676	H@3 0.369149	H@5 0.432082	H@10 0.515685
INFO:meta-cli.py:Epoch 19/100	Loss 6.5602 ± 0.2284
INFO:meta-cli.py:Epoch 20/100	Loss 6.5443 ± 0.2288
INFO:meta-cli.py:Epoch 21/100	Loss 6.5297 ± 0.2275
INFO:meta-cli.py:Epoch 21/100	dev results	MRR 0.342438	H@1 0.254291	H@3 0.372712	H@5 0.436727	H@10 0.522127
INFO:meta-cli.py:Epoch 21/100	test results	MRR 0.335481	H@1 0.245529	H@3 0.368734	H@5 0.431252	H@10 0.516002
INFO:meta-cli.py:Epoch 22/100	Loss 6.5157 ± 0.2308
INFO:meta-cli.py:Epoch 23/100	Loss 6.5029 ± 0.2312
INFO:meta-cli.py:Epoch 24/100	Loss 6.4905 ± 0.2280
INFO:meta-cli.py:Epoch 24/100	dev results	MRR 0.341779	H@1 0.253065	H@3 0.373082	H@5 0.436185	H@10 0.522583
INFO:meta-cli.py:Epoch 24/100	test results	MRR 0.335307	H@1 0.245163	H@3 0.368343	H@5 0.431496	H@10 0.515074
INFO:meta-cli.py:Epoch 25/100	Loss 6.4789 ± 0.2299
INFO:meta-cli.py:Epoch 26/100	Loss 6.4679 ± 0.2299
INFO:meta-cli.py:Epoch 27/100	Loss 6.4572 ± 0.2301
INFO:meta-cli.py:Epoch 27/100	dev results	MRR 0.341086	H@1 0.251953	H@3 0.373681	H@5 0.435586	H@10 0.521985
INFO:meta-cli.py:Epoch 27/100	test results	MRR 0.334714	H@1 0.244405	H@3 0.368220	H@5 0.430788	H@10 0.515147
INFO:meta-cli.py:Epoch 28/100	Loss 6.4473 ± 0.2290
INFO:meta-cli.py:Epoch 29/100	Loss 6.4378 ± 0.2241
INFO:meta-cli.py:Epoch 30/100	Loss 6.4284 ± 0.2302
INFO:meta-cli.py:Epoch 30/100	dev results	MRR 0.341547	H@1 0.253122	H@3 0.372598	H@5 0.436498	H@10 0.521129
INFO:meta-cli.py:Epoch 30/100	test results	MRR 0.333928	H@1 0.244014	H@3 0.366461	H@5 0.430837	H@10 0.514829
INFO:meta-cli.py:Epoch 31/100	Loss 6.4196 ± 0.2241
INFO:meta-cli.py:Epoch 32/100	Loss 6.4114 ± 0.2267
INFO:meta-cli.py:Epoch 33/100	Loss 6.4031 ± 0.2270
INFO:meta-cli.py:Epoch 33/100	dev results	MRR 0.340953	H@1 0.252723	H@3 0.372170	H@5 0.435614	H@10 0.521614
INFO:meta-cli.py:Epoch 33/100	test results	MRR 0.334198	H@1 0.244283	H@3 0.367219	H@5 0.431227	H@10 0.514976
INFO:meta-cli.py:Epoch 34/100	Loss 6.3953 ± 0.2230
INFO:meta-cli.py:Epoch 35/100	Loss 6.3881 ± 0.2259
INFO:meta-cli.py:Epoch 36/100	Loss 6.3808 ± 0.2275
INFO:meta-cli.py:Epoch 36/100	dev results	MRR 0.340443	H@1 0.252409	H@3 0.370773	H@5 0.435215	H@10 0.519219
INFO:meta-cli.py:Epoch 36/100	test results	MRR 0.333429	H@1 0.243355	H@3 0.366486	H@5 0.429542	H@10 0.513144
INFO:meta-cli.py:Epoch 37/100	Loss 6.3738 ± 0.2263
INFO:meta-cli.py:Epoch 38/100	Loss 6.3672 ± 0.2247
INFO:meta-cli.py:Epoch 39/100	Loss 6.3605 ± 0.2235
INFO:meta-cli.py:Epoch 39/100	dev results	MRR 0.339775	H@1 0.251354	H@3 0.371628	H@5 0.434046	H@10 0.518534
INFO:meta-cli.py:Epoch 39/100	test results	MRR 0.333516	H@1 0.243526	H@3 0.367146	H@5 0.429346	H@10 0.513315
INFO:meta-cli.py:Epoch 40/100	Loss 6.3544 ± 0.2231
INFO:meta-cli.py:Epoch 41/100	Loss 6.3482 ± 0.2228
INFO:meta-cli.py:Epoch 42/100	Loss 6.3423 ± 0.2214
INFO:meta-cli.py:Epoch 42/100	dev results	MRR 0.339817	H@1 0.251953	H@3 0.370630	H@5 0.434103	H@10 0.517679
INFO:meta-cli.py:Epoch 42/100	test results	MRR 0.332786	H@1 0.242964	H@3 0.365826	H@5 0.429249	H@10 0.512142
INFO:meta-cli.py:Epoch 43/100	Loss 6.3367 ± 0.2237
INFO:meta-cli.py:Epoch 44/100	Loss 6.3311 ± 0.2224
INFO:meta-cli.py:Epoch 45/100	Loss 6.3257 ± 0.2266
INFO:meta-cli.py:Epoch 45/100	dev results	MRR 0.338910	H@1 0.251041	H@3 0.369005	H@5 0.433276	H@10 0.517565
INFO:meta-cli.py:Epoch 45/100	test results	MRR 0.331940	H@1 0.242084	H@3 0.365606	H@5 0.428687	H@10 0.512044
INFO:meta-cli.py:Epoch 46/100	Loss 6.3206 ± 0.2226
INFO:meta-cli.py:Epoch 47/100	Loss 6.3153 ± 0.2183
INFO:meta-cli.py:Epoch 48/100	Loss 6.3106 ± 0.2256
INFO:meta-cli.py:Epoch 48/100	dev results	MRR 0.338391	H@1 0.249900	H@3 0.369889	H@5 0.431879	H@10 0.517194
INFO:meta-cli.py:Epoch 48/100	test results	MRR 0.331178	H@1 0.240619	H@3 0.365851	H@5 0.428051	H@10 0.510969
INFO:meta-cli.py:Epoch 49/100	Loss 6.3057 ± 0.2212
INFO:meta-cli.py:Epoch 50/100	Loss 6.3011 ± 0.2226
INFO:meta-cli.py:Epoch 51/100	Loss 6.2966 ± 0.2204
INFO:meta-cli.py:Epoch 51/100	dev results	MRR 0.338495	H@1 0.249986	H@3 0.370659	H@5 0.433191	H@10 0.516681
INFO:meta-cli.py:Epoch 51/100	test results	MRR 0.331125	H@1 0.240863	H@3 0.366119	H@5 0.427489	H@10 0.510750
INFO:meta-cli.py:Epoch 52/100	Loss 6.2923 ± 0.2203
INFO:meta-cli.py:Epoch 53/100	Loss 6.2879 ± 0.2200
INFO:meta-cli.py:Epoch 54/100	Loss 6.2835 ± 0.2236
INFO:meta-cli.py:Epoch 54/100	dev results	MRR 0.337182	H@1 0.248560	H@3 0.369033	H@5 0.432620	H@10 0.516367
INFO:meta-cli.py:Epoch 54/100	test results	MRR 0.330451	H@1 0.240374	H@3 0.364678	H@5 0.427538	H@10 0.509797
INFO:meta-cli.py:Epoch 55/100	Loss 6.2795 ± 0.2222
INFO:meta-cli.py:Epoch 56/100	Loss 6.2756 ± 0.2218
INFO:meta-cli.py:Epoch 57/100	Loss 6.2717 ± 0.2219
INFO:meta-cli.py:Epoch 57/100	dev results	MRR 0.337255	H@1 0.248902	H@3 0.369404	H@5 0.431052	H@10 0.515797
INFO:meta-cli.py:Epoch 57/100	test results	MRR 0.330159	H@1 0.239861	H@3 0.363823	H@5 0.426708	H@10 0.509284
INFO:meta-cli.py:Epoch 58/100	Loss 6.2677 ± 0.2201
INFO:meta-cli.py:Epoch 59/100	Loss 6.2640 ± 0.2176
INFO:meta-cli.py:Epoch 60/100	Loss 6.2603 ± 0.2207
INFO:meta-cli.py:Epoch 60/100	dev results	MRR 0.336680	H@1 0.248218	H@3 0.368777	H@5 0.430710	H@10 0.515540
INFO:meta-cli.py:Epoch 60/100	test results	MRR 0.329958	H@1 0.239886	H@3 0.364654	H@5 0.426097	H@10 0.509650
INFO:meta-cli.py:Epoch 61/100	Loss 6.2569 ± 0.2210
INFO:meta-cli.py:Epoch 62/100	Loss 6.2532 ± 0.2220
INFO:meta-cli.py:Epoch 63/100	Loss 6.2499 ± 0.2203
INFO:meta-cli.py:Epoch 63/100	dev results	MRR 0.336483	H@1 0.248189	H@3 0.367864	H@5 0.430995	H@10 0.514656
INFO:meta-cli.py:Epoch 63/100	test results	MRR 0.329813	H@1 0.240081	H@3 0.363994	H@5 0.426708	H@10 0.509088
INFO:meta-cli.py:Epoch 64/100	Loss 6.2465 ± 0.2180
INFO:meta-cli.py:Epoch 65/100	Loss 6.2431 ± 0.2182
INFO:meta-cli.py:Epoch 66/100	Loss 6.2399 ± 0.2174
INFO:meta-cli.py:Epoch 66/100	dev results	MRR 0.336084	H@1 0.247448	H@3 0.368549	H@5 0.430026	H@10 0.515084
INFO:meta-cli.py:Epoch 66/100	test results	MRR 0.329334	H@1 0.239128	H@3 0.364189	H@5 0.425315	H@10 0.508453
INFO:meta-cli.py:Epoch 67/100	Loss 6.2368 ± 0.2212
INFO:meta-cli.py:Epoch 68/100	Loss 6.2338 ± 0.2222
INFO:meta-cli.py:Epoch 69/100	Loss 6.2307 ± 0.2220
INFO:meta-cli.py:Epoch 69/100	dev results	MRR 0.336273	H@1 0.248303	H@3 0.368321	H@5 0.429683	H@10 0.514371
INFO:meta-cli.py:Epoch 69/100	test results	MRR 0.329087	H@1 0.239226	H@3 0.363456	H@5 0.425584	H@10 0.508013
INFO:meta-cli.py:Epoch 70/100	Loss 6.2277 ± 0.2230
INFO:meta-cli.py:Epoch 71/100	Loss 6.2248 ± 0.2210
INFO:meta-cli.py:Epoch 72/100	Loss 6.2219 ± 0.2229
INFO:meta-cli.py:Epoch 72/100	dev results	MRR 0.335045	H@1 0.246564	H@3 0.367494	H@5 0.428628	H@10 0.513658
INFO:meta-cli.py:Epoch 72/100	test results	MRR 0.328001	H@1 0.237418	H@3 0.362943	H@5 0.425315	H@10 0.507036
INFO:meta-cli.py:Epoch 73/100	Loss 6.2192 ± 0.2191
INFO:meta-cli.py:Epoch 74/100	Loss 6.2164 ± 0.2198
INFO:meta-cli.py:Epoch 75/100	Loss 6.2137 ± 0.2159
INFO:meta-cli.py:Epoch 75/100	dev results	MRR 0.335523	H@1 0.247648	H@3 0.367265	H@5 0.429113	H@10 0.513345
INFO:meta-cli.py:Epoch 75/100	test results	MRR 0.328287	H@1 0.238151	H@3 0.363359	H@5 0.425364	H@10 0.507134
INFO:meta-cli.py:Epoch 76/100	Loss 6.2110 ± 0.2171
INFO:meta-cli.py:Epoch 77/100	Loss 6.2085 ± 0.2181
INFO:meta-cli.py:Epoch 78/100	Loss 6.2059 ± 0.2209
INFO:meta-cli.py:Epoch 78/100	dev results	MRR 0.334831	H@1 0.246621	H@3 0.367351	H@5 0.427374	H@10 0.513544
INFO:meta-cli.py:Epoch 78/100	test results	MRR 0.327496	H@1 0.237296	H@3 0.361820	H@5 0.424265	H@10 0.507085
INFO:meta-cli.py:Epoch 79/100	Loss 6.2033 ± 0.2200
INFO:meta-cli.py:Epoch 80/100	Loss 6.2009 ± 0.2193
INFO:meta-cli.py:Epoch 81/100	Loss 6.1984 ± 0.2211
INFO:meta-cli.py:Epoch 81/100	dev results	MRR 0.334707	H@1 0.246650	H@3 0.366866	H@5 0.428229	H@10 0.512717
INFO:meta-cli.py:Epoch 81/100	test results	MRR 0.327465	H@1 0.237443	H@3 0.361868	H@5 0.424142	H@10 0.506621
INFO:meta-cli.py:Epoch 82/100	Loss 6.1960 ± 0.2221
INFO:meta-cli.py:Epoch 83/100	Loss 6.1937 ± 0.2199
INFO:meta-cli.py:Epoch 84/100	Loss 6.1914 ± 0.2199
INFO:meta-cli.py:Epoch 84/100	dev results	MRR 0.334521	H@1 0.246364	H@3 0.367208	H@5 0.428115	H@10 0.512803
INFO:meta-cli.py:Epoch 84/100	test results	MRR 0.327169	H@1 0.236881	H@3 0.362528	H@5 0.423556	H@10 0.506157
INFO:meta-cli.py:Epoch 85/100	Loss 6.1890 ± 0.2192
INFO:meta-cli.py:Epoch 86/100	Loss 6.1868 ± 0.2173
INFO:meta-cli.py:Epoch 87/100	Loss 6.1845 ± 0.2202
INFO:meta-cli.py:Epoch 87/100	dev results	MRR 0.334012	H@1 0.245766	H@3 0.366296	H@5 0.427630	H@10 0.511862
INFO:meta-cli.py:Epoch 87/100	test results	MRR 0.327057	H@1 0.236930	H@3 0.361649	H@5 0.423629	H@10 0.506205
INFO:meta-cli.py:Epoch 88/100	Loss 6.1824 ± 0.2228
INFO:meta-cli.py:Epoch 89/100	Loss 6.1802 ± 0.2183
INFO:meta-cli.py:Epoch 90/100	Loss 6.1781 ± 0.2189
INFO:meta-cli.py:Epoch 90/100	dev results	MRR 0.333886	H@1 0.245880	H@3 0.365441	H@5 0.427231	H@10 0.511548
INFO:meta-cli.py:Epoch 90/100	test results	MRR 0.326492	H@1 0.236148	H@3 0.361917	H@5 0.423263	H@10 0.505863
INFO:meta-cli.py:Epoch 91/100	Loss 6.1761 ± 0.2186
INFO:meta-cli.py:Epoch 92/100	Loss 6.1740 ± 0.2216
INFO:meta-cli.py:Epoch 93/100	Loss 6.1719 ± 0.2168
INFO:meta-cli.py:Epoch 93/100	dev results	MRR 0.333064	H@1 0.244739	H@3 0.365469	H@5 0.426376	H@10 0.511948
INFO:meta-cli.py:Epoch 93/100	test results	MRR 0.326652	H@1 0.236881	H@3 0.361258	H@5 0.422921	H@10 0.505619
INFO:meta-cli.py:Epoch 94/100	Loss 6.1699 ± 0.2147
INFO:meta-cli.py:Epoch 95/100	Loss 6.1680 ± 0.2193
INFO:meta-cli.py:Epoch 96/100	Loss 6.1661 ± 0.2161
INFO:meta-cli.py:Epoch 96/100	dev results	MRR 0.333567	H@1 0.245509	H@3 0.365811	H@5 0.427032	H@10 0.510864
INFO:meta-cli.py:Epoch 96/100	test results	MRR 0.326147	H@1 0.236099	H@3 0.360794	H@5 0.422970	H@10 0.505155
INFO:meta-cli.py:Epoch 97/100	Loss 6.1642 ± 0.2195
INFO:meta-cli.py:Epoch 98/100	Loss 6.1623 ± 0.2175
INFO:meta-cli.py:Epoch 99/100	Loss 6.1604 ± 0.2223
INFO:meta-cli.py:Epoch 99/100	dev results	MRR 0.332675	H@1 0.244597	H@3 0.365298	H@5 0.425806	H@10 0.510066
INFO:meta-cli.py:Epoch 99/100	test results	MRR 0.326118	H@1 0.236148	H@3 0.360305	H@5 0.422897	H@10 0.505033
INFO:meta-cli.py:Epoch 100/100	Loss 6.1585 ± 0.2237
INFO:meta-cli.py:Final 	dev results	MRR 0.332992	H@1 0.244967	H@3 0.365127	H@5 0.425948	H@10 0.510180
INFO:meta-cli.py:Final 	test results	MRR 0.325617	H@1 0.235415	H@3 0.360183	H@5 0.422652	H@10 0.504935
INFO:meta-cli.py:Training finished
