./bin/meta-cli.py --train data/fb15k-237/train.tsv --dev data/fb15k-237/dev.tsv --test data/fb15k-237/test.tsv -m complex -k 1000 -b 500 -e 100 --F2 0.001 --N3 0 -l 0.1 -I standard -V 3 -o adagrad -q
{'F2': 0.001,
 'N3': 0.0,
 'batch_size': 500,
 'dev': 'data/fb15k-237/dev.tsv',
 'embedding_size': 1000,
 'epochs': 100,
 'eval_batch_size': None,
 'input_type': 'standard',
 'learning_rate': 0.1,
 'load': None,
 'model': 'complex',
 'optimizer': 'adagrad',
 'quiet': True,
 'save': None,
 'seed': 0,
 'test': 'data/fb15k-237/test.tsv',
 'test_i': None,
 'test_ii': None,
 'train': 'data/fb15k-237/train.tsv',
 'validate_every': 3}
INFO:meta-cli.py:Device: cuda
INFO:meta-cli.py:Model state:
INFO:meta-cli.py:	entities.weight	torch.Size([14541, 2000])
INFO:meta-cli.py:	predicates.weight	torch.Size([237, 2000])
INFO:meta-cli.py:Epoch 1/100	Loss 11.9767 ± 1.9184
INFO:meta-cli.py:Epoch 2/100	Loss 7.9439 ± 0.1787
INFO:meta-cli.py:Epoch 3/100	Loss 7.0927 ± 0.2648
INFO:meta-cli.py:Epoch 3/100	dev results	MRR 0.320585	H@1 0.233476	H@3 0.349929	H@5 0.410835	H@10 0.498090
INFO:meta-cli.py:Epoch 3/100	test results	MRR 0.312960	H@1 0.224592	H@3 0.344156	H@5 0.406161	H@10 0.493062
INFO:meta-cli.py:Epoch 4/100	Loss 6.7608 ± 0.2761
INFO:meta-cli.py:Epoch 5/100	Loss 6.5727 ± 0.2789
INFO:meta-cli.py:Epoch 6/100	Loss 6.4469 ± 0.2673
INFO:meta-cli.py:Epoch 6/100	dev results	MRR 0.332605	H@1 0.243827	H@3 0.364614	H@5 0.426661	H@10 0.514086
INFO:meta-cli.py:Epoch 6/100	test results	MRR 0.326416	H@1 0.236685	H@3 0.358668	H@5 0.422432	H@10 0.508306
INFO:meta-cli.py:Epoch 7/100	Loss 6.3572 ± 0.2607
INFO:meta-cli.py:Epoch 8/100	Loss 6.2862 ± 0.2560
INFO:meta-cli.py:Epoch 9/100	Loss 6.2308 ± 0.2536
INFO:meta-cli.py:Epoch 9/100	dev results	MRR 0.339112	H@1 0.251269	H@3 0.369347	H@5 0.431622	H@10 0.516538
INFO:meta-cli.py:Epoch 9/100	test results	MRR 0.332409	H@1 0.242231	H@3 0.365118	H@5 0.429346	H@10 0.512118
INFO:meta-cli.py:Epoch 10/100	Loss 6.1832 ± 0.2438
INFO:meta-cli.py:Epoch 11/100	Loss 6.1428 ± 0.2470
INFO:meta-cli.py:Epoch 12/100	Loss 6.1098 ± 0.2486
INFO:meta-cli.py:Epoch 12/100	dev results	MRR 0.341283	H@1 0.253122	H@3 0.373025	H@5 0.435700	H@10 0.520901
INFO:meta-cli.py:Epoch 12/100	test results	MRR 0.334384	H@1 0.244259	H@3 0.368514	H@5 0.430079	H@10 0.516735
INFO:meta-cli.py:Epoch 13/100	Loss 6.0797 ± 0.2328
INFO:meta-cli.py:Epoch 14/100	Loss 6.0535 ± 0.2392
INFO:meta-cli.py:Epoch 15/100	Loss 6.0294 ± 0.2294
INFO:meta-cli.py:Epoch 15/100	dev results	MRR 0.343432	H@1 0.254520	H@3 0.374223	H@5 0.438723	H@10 0.525492
INFO:meta-cli.py:Epoch 15/100	test results	MRR 0.336895	H@1 0.246506	H@3 0.371274	H@5 0.434281	H@10 0.518519
INFO:meta-cli.py:Epoch 16/100	Loss 6.0085 ± 0.2245
INFO:meta-cli.py:Epoch 17/100	Loss 5.9901 ± 0.2251
INFO:meta-cli.py:Epoch 18/100	Loss 5.9723 ± 0.2233
INFO:meta-cli.py:Epoch 18/100	dev results	MRR 0.345134	H@1 0.255660	H@3 0.377017	H@5 0.439464	H@10 0.524152
INFO:meta-cli.py:Epoch 18/100	test results	MRR 0.338058	H@1 0.247801	H@3 0.371958	H@5 0.434477	H@10 0.519154
INFO:meta-cli.py:Epoch 19/100	Loss 5.9563 ± 0.2137
INFO:meta-cli.py:Epoch 20/100	Loss 5.9421 ± 0.2129
INFO:meta-cli.py:Epoch 21/100	Loss 5.9287 ± 0.2018
INFO:meta-cli.py:Epoch 21/100	dev results	MRR 0.345491	H@1 0.256573	H@3 0.377246	H@5 0.440776	H@10 0.525749
INFO:meta-cli.py:Epoch 21/100	test results	MRR 0.339044	H@1 0.248290	H@3 0.374426	H@5 0.435967	H@10 0.520204
INFO:meta-cli.py:Epoch 22/100	Loss 5.9165 ± 0.2060
INFO:meta-cli.py:Epoch 23/100	Loss 5.9042 ± 0.2070
INFO:meta-cli.py:Epoch 24/100	Loss 5.8937 ± 0.2023
INFO:meta-cli.py:Epoch 24/100	dev results	MRR 0.346346	H@1 0.257285	H@3 0.377987	H@5 0.441260	H@10 0.526832
INFO:meta-cli.py:Epoch 24/100	test results	MRR 0.340205	H@1 0.249805	H@3 0.374743	H@5 0.437653	H@10 0.521548
INFO:meta-cli.py:Epoch 25/100	Loss 5.8826 ± 0.2024
INFO:meta-cli.py:Epoch 26/100	Loss 5.8727 ± 0.2004
INFO:meta-cli.py:Epoch 27/100	Loss 5.8643 ± 0.1973
INFO:meta-cli.py:Epoch 27/100	dev results	MRR 0.347964	H@1 0.259310	H@3 0.379127	H@5 0.441888	H@10 0.529341
INFO:meta-cli.py:Epoch 27/100	test results	MRR 0.340377	H@1 0.249267	H@3 0.376087	H@5 0.438850	H@10 0.522208
INFO:meta-cli.py:Epoch 28/100	Loss 5.8559 ± 0.1936
INFO:meta-cli.py:Epoch 29/100	Loss 5.8474 ± 0.1894
INFO:meta-cli.py:Epoch 30/100	Loss 5.8397 ± 0.1893
INFO:meta-cli.py:Epoch 30/100	dev results	MRR 0.347182	H@1 0.257827	H@3 0.379555	H@5 0.442173	H@10 0.528942
INFO:meta-cli.py:Epoch 30/100	test results	MRR 0.340503	H@1 0.249438	H@3 0.376258	H@5 0.438654	H@10 0.522721
INFO:meta-cli.py:Epoch 31/100	Loss 5.8323 ± 0.1870
INFO:meta-cli.py:Epoch 32/100	Loss 5.8251 ± 0.1920
INFO:meta-cli.py:Epoch 33/100	Loss 5.8185 ± 0.1811
INFO:meta-cli.py:Epoch 33/100	dev results	MRR 0.347663	H@1 0.258198	H@3 0.379384	H@5 0.442116	H@10 0.528571
INFO:meta-cli.py:Epoch 33/100	test results	MRR 0.341575	H@1 0.250904	H@3 0.376527	H@5 0.438679	H@10 0.522940
INFO:meta-cli.py:Epoch 34/100	Loss 5.8118 ± 0.1816
INFO:meta-cli.py:Epoch 35/100	Loss 5.8059 ± 0.1879
INFO:meta-cli.py:Epoch 36/100	Loss 5.7999 ± 0.1735
INFO:meta-cli.py:Epoch 36/100	dev results	MRR 0.348189	H@1 0.259082	H@3 0.379013	H@5 0.441888	H@10 0.529569
INFO:meta-cli.py:Epoch 36/100	test results	MRR 0.341829	H@1 0.251002	H@3 0.376625	H@5 0.438874	H@10 0.523038
INFO:meta-cli.py:Epoch 37/100	Loss 5.7942 ± 0.1744
INFO:meta-cli.py:Epoch 38/100	Loss 5.7893 ± 0.1847
INFO:meta-cli.py:Epoch 39/100	Loss 5.7838 ± 0.1728
INFO:meta-cli.py:Epoch 39/100	dev results	MRR 0.349512	H@1 0.261106	H@3 0.380297	H@5 0.443599	H@10 0.529769
INFO:meta-cli.py:Epoch 39/100	test results	MRR 0.342360	H@1 0.252003	H@3 0.377016	H@5 0.439754	H@10 0.523283
INFO:meta-cli.py:Epoch 40/100	Loss 5.7789 ± 0.1778
INFO:meta-cli.py:Epoch 41/100	Loss 5.7736 ± 0.1757
INFO:meta-cli.py:Epoch 42/100	Loss 5.7690 ± 0.1711
INFO:meta-cli.py:Epoch 42/100	dev results	MRR 0.349361	H@1 0.260650	H@3 0.380924	H@5 0.444112	H@10 0.529741
INFO:meta-cli.py:Epoch 42/100	test results	MRR 0.342562	H@1 0.252419	H@3 0.377480	H@5 0.439900	H@10 0.522427
INFO:meta-cli.py:Epoch 43/100	Loss 5.7645 ± 0.1716
INFO:meta-cli.py:Epoch 44/100	Loss 5.7600 ± 0.1710
INFO:meta-cli.py:Epoch 45/100	Loss 5.7564 ± 0.1754
INFO:meta-cli.py:Epoch 45/100	dev results	MRR 0.348522	H@1 0.258996	H@3 0.380211	H@5 0.443285	H@10 0.528058
INFO:meta-cli.py:Epoch 45/100	test results	MRR 0.341999	H@1 0.251246	H@3 0.376454	H@5 0.439680	H@10 0.522672
INFO:meta-cli.py:Epoch 46/100	Loss 5.7519 ± 0.1724
INFO:meta-cli.py:Epoch 47/100	Loss 5.7479 ± 0.1711
INFO:meta-cli.py:Epoch 48/100	Loss 5.7441 ± 0.1737
INFO:meta-cli.py:Epoch 48/100	dev results	MRR 0.347926	H@1 0.258141	H@3 0.379954	H@5 0.443256	H@10 0.529370
INFO:meta-cli.py:Epoch 48/100	test results	MRR 0.341886	H@1 0.250611	H@3 0.377406	H@5 0.440169	H@10 0.523893
INFO:meta-cli.py:Epoch 49/100	Loss 5.7405 ± 0.1679
INFO:meta-cli.py:Epoch 50/100	Loss 5.7367 ± 0.1571
INFO:meta-cli.py:Epoch 51/100	Loss 5.7334 ± 0.1612
INFO:meta-cli.py:Epoch 51/100	dev results	MRR 0.349326	H@1 0.260451	H@3 0.380924	H@5 0.444825	H@10 0.528628
INFO:meta-cli.py:Epoch 51/100	test results	MRR 0.342407	H@1 0.251441	H@3 0.378042	H@5 0.440340	H@10 0.522061
INFO:meta-cli.py:Epoch 52/100	Loss 5.7305 ± 0.1752
INFO:meta-cli.py:Epoch 53/100	Loss 5.7260 ± 0.1698
INFO:meta-cli.py:Epoch 54/100	Loss 5.7235 ± 0.1765
INFO:meta-cli.py:Epoch 54/100	dev results	MRR 0.349466	H@1 0.260194	H@3 0.381180	H@5 0.444226	H@10 0.530938
INFO:meta-cli.py:Epoch 54/100	test results	MRR 0.342169	H@1 0.251026	H@3 0.378164	H@5 0.440438	H@10 0.523209
INFO:meta-cli.py:Epoch 55/100	Loss 5.7199 ± 0.1569
INFO:meta-cli.py:Epoch 56/100	Loss 5.7175 ± 0.1657
INFO:meta-cli.py:Epoch 57/100	Loss 5.7146 ± 0.1619
INFO:meta-cli.py:Epoch 57/100	dev results	MRR 0.349209	H@1 0.259966	H@3 0.380211	H@5 0.444853	H@10 0.530339
INFO:meta-cli.py:Epoch 57/100	test results	MRR 0.342071	H@1 0.251148	H@3 0.377309	H@5 0.439974	H@10 0.523771
INFO:meta-cli.py:Epoch 58/100	Loss 5.7119 ± 0.1673
INFO:meta-cli.py:Epoch 59/100	Loss 5.7081 ± 0.1528
INFO:meta-cli.py:Epoch 60/100	Loss 5.7061 ± 0.1602
INFO:meta-cli.py:Epoch 60/100	dev results	MRR 0.349910	H@1 0.261106	H@3 0.380639	H@5 0.444654	H@10 0.529712
INFO:meta-cli.py:Epoch 60/100	test results	MRR 0.343112	H@1 0.252565	H@3 0.378090	H@5 0.440633	H@10 0.522989
INFO:meta-cli.py:Epoch 61/100	Loss 5.7033 ± 0.1573
INFO:meta-cli.py:Epoch 62/100	Loss 5.7004 ± 0.1586
INFO:meta-cli.py:Epoch 63/100	Loss 5.6976 ± 0.1518
INFO:meta-cli.py:Epoch 63/100	dev results	MRR 0.349339	H@1 0.260422	H@3 0.380781	H@5 0.443941	H@10 0.529398
INFO:meta-cli.py:Epoch 63/100	test results	MRR 0.342358	H@1 0.251368	H@3 0.377480	H@5 0.440365	H@10 0.523649
INFO:meta-cli.py:Epoch 64/100	Loss 5.6955 ± 0.1647
INFO:meta-cli.py:Epoch 65/100	Loss 5.6931 ± 0.1559
INFO:meta-cli.py:Epoch 66/100	Loss 5.6906 ± 0.1538
INFO:meta-cli.py:Epoch 66/100	dev results	MRR 0.349291	H@1 0.260194	H@3 0.380439	H@5 0.444511	H@10 0.529798
INFO:meta-cli.py:Epoch 66/100	test results	MRR 0.342671	H@1 0.251612	H@3 0.378701	H@5 0.440340	H@10 0.524064
INFO:meta-cli.py:Epoch 67/100	Loss 5.6882 ± 0.1540
INFO:meta-cli.py:Epoch 68/100	Loss 5.6861 ± 0.1550
INFO:meta-cli.py:Epoch 69/100	Loss 5.6832 ± 0.1610
INFO:meta-cli.py:Epoch 69/100	dev results	MRR 0.349531	H@1 0.260365	H@3 0.381009	H@5 0.443713	H@10 0.529912
INFO:meta-cli.py:Epoch 69/100	test results	MRR 0.342588	H@1 0.251490	H@3 0.377431	H@5 0.440365	H@10 0.523160
INFO:meta-cli.py:Epoch 70/100	Loss 5.6809 ± 0.1496
INFO:meta-cli.py:Epoch 71/100	Loss 5.6789 ± 0.1549
INFO:meta-cli.py:Epoch 72/100	Loss 5.6770 ± 0.1549
INFO:meta-cli.py:Epoch 72/100	dev results	MRR 0.349869	H@1 0.260935	H@3 0.380838	H@5 0.444654	H@10 0.530083
INFO:meta-cli.py:Epoch 72/100	test results	MRR 0.343214	H@1 0.252370	H@3 0.378555	H@5 0.440829	H@10 0.523454
INFO:meta-cli.py:Epoch 73/100	Loss 5.6752 ± 0.1584
INFO:meta-cli.py:Epoch 74/100	Loss 5.6727 ± 0.1545
INFO:meta-cli.py:Epoch 75/100	Loss 5.6709 ± 0.1575
INFO:meta-cli.py:Epoch 75/100	dev results	MRR 0.349759	H@1 0.260850	H@3 0.380496	H@5 0.444140	H@10 0.529256
INFO:meta-cli.py:Epoch 75/100	test results	MRR 0.343380	H@1 0.252785	H@3 0.378555	H@5 0.440193	H@10 0.523625
INFO:meta-cli.py:Epoch 76/100	Loss 5.6690 ± 0.1521
INFO:meta-cli.py:Epoch 77/100	Loss 5.6673 ± 0.1538
INFO:meta-cli.py:Epoch 78/100	Loss 5.6651 ± 0.1537
INFO:meta-cli.py:Epoch 78/100	dev results	MRR 0.349269	H@1 0.260393	H@3 0.381123	H@5 0.443028	H@10 0.528828
INFO:meta-cli.py:Epoch 78/100	test results	MRR 0.342721	H@1 0.251612	H@3 0.378530	H@5 0.440609	H@10 0.523527
INFO:meta-cli.py:Epoch 79/100	Loss 5.6636 ± 0.1479
INFO:meta-cli.py:Epoch 80/100	Loss 5.6616 ± 0.1516
INFO:meta-cli.py:Epoch 81/100	Loss 5.6596 ± 0.1481
INFO:meta-cli.py:Epoch 81/100	dev results	MRR 0.349902	H@1 0.261135	H@3 0.381523	H@5 0.443798	H@10 0.529170
INFO:meta-cli.py:Epoch 81/100	test results	MRR 0.342995	H@1 0.252248	H@3 0.379043	H@5 0.441317	H@10 0.522550
INFO:meta-cli.py:Epoch 82/100	Loss 5.6577 ± 0.1497
INFO:meta-cli.py:Epoch 83/100	Loss 5.6562 ± 0.1479
INFO:meta-cli.py:Epoch 84/100	Loss 5.6542 ± 0.1413
INFO:meta-cli.py:Epoch 84/100	dev results	MRR 0.349621	H@1 0.260850	H@3 0.380553	H@5 0.443855	H@10 0.529284
INFO:meta-cli.py:Epoch 84/100	test results	MRR 0.342982	H@1 0.252248	H@3 0.377602	H@5 0.441537	H@10 0.523551
INFO:meta-cli.py:Epoch 85/100	Loss 5.6524 ± 0.1448
INFO:meta-cli.py:Epoch 86/100	Loss 5.6510 ± 0.1452
INFO:meta-cli.py:Epoch 87/100	Loss 5.6496 ± 0.1436
INFO:meta-cli.py:Epoch 87/100	dev results	MRR 0.349482	H@1 0.260393	H@3 0.380838	H@5 0.443827	H@10 0.529056
INFO:meta-cli.py:Epoch 87/100	test results	MRR 0.342847	H@1 0.251612	H@3 0.378604	H@5 0.440975	H@10 0.523844
INFO:meta-cli.py:Epoch 88/100	Loss 5.6481 ± 0.1477
INFO:meta-cli.py:Epoch 89/100	Loss 5.6462 ± 0.1481
INFO:meta-cli.py:Epoch 90/100	Loss 5.6448 ± 0.1427
INFO:meta-cli.py:Epoch 90/100	dev results	MRR 0.349278	H@1 0.259909	H@3 0.381722	H@5 0.444055	H@10 0.529227
INFO:meta-cli.py:Epoch 90/100	test results	MRR 0.343101	H@1 0.252541	H@3 0.378701	H@5 0.441122	H@10 0.522818
INFO:meta-cli.py:Epoch 91/100	Loss 5.6431 ± 0.1421
INFO:meta-cli.py:Epoch 92/100	Loss 5.6416 ± 0.1453
INFO:meta-cli.py:Epoch 93/100	Loss 5.6400 ± 0.1477
INFO:meta-cli.py:Epoch 93/100	dev results	MRR 0.349390	H@1 0.260393	H@3 0.381066	H@5 0.443941	H@10 0.529028
INFO:meta-cli.py:Epoch 93/100	test results	MRR 0.343039	H@1 0.252150	H@3 0.378775	H@5 0.440487	H@10 0.522989
INFO:meta-cli.py:Epoch 94/100	Loss 5.6389 ± 0.1332
INFO:meta-cli.py:Epoch 95/100	Loss 5.6378 ± 0.1487
INFO:meta-cli.py:Epoch 96/100	Loss 5.6354 ± 0.1452
INFO:meta-cli.py:Epoch 96/100	dev results	MRR 0.349998	H@1 0.261249	H@3 0.382492	H@5 0.444340	H@10 0.529142
INFO:meta-cli.py:Epoch 96/100	test results	MRR 0.343247	H@1 0.252565	H@3 0.379312	H@5 0.440169	H@10 0.522965
INFO:meta-cli.py:Epoch 97/100	Loss 5.6346 ± 0.1408
INFO:meta-cli.py:Epoch 98/100	Loss 5.6326 ± 0.1385
INFO:meta-cli.py:Epoch 99/100	Loss 5.6318 ± 0.1389
INFO:meta-cli.py:Epoch 99/100	dev results	MRR 0.349520	H@1 0.260222	H@3 0.381722	H@5 0.444882	H@10 0.529256
INFO:meta-cli.py:Epoch 99/100	test results	MRR 0.343010	H@1 0.252101	H@3 0.379165	H@5 0.440951	H@10 0.523502
INFO:meta-cli.py:Epoch 100/100	Loss 5.6304 ± 0.1417
INFO:meta-cli.py:Final 	dev results	MRR 0.349014	H@1 0.259624	H@3 0.380924	H@5 0.443713	H@10 0.528857
INFO:meta-cli.py:Final 	test results	MRR 0.342714	H@1 0.251466	H@3 0.379532	H@5 0.440878	H@10 0.523283
INFO:meta-cli.py:Training finished
