./bin/meta-cli.py --train data/fb15k-237/train.tsv --dev data/fb15k-237/dev.tsv --test data/fb15k-237/test.tsv -m complex -k 1000 -b 100 -e 100 --F2 0 --N3 0.005 -l 0.1 -I standard -V 3 -o adagrad -q
{'F2': 0.0,
 'N3': 0.005,
 'batch_size': 100,
 'dev': 'data/fb15k-237/dev.tsv',
 'embedding_size': 1000,
 'epochs': 100,
 'eval_batch_size': None,
 'input_type': 'standard',
 'learning_rate': 0.1,
 'load': None,
 'model': 'complex',
 'optimizer': 'adagrad',
 'quiet': True,
 'save': None,
 'seed': 0,
 'test': 'data/fb15k-237/test.tsv',
 'test_i': None,
 'test_ii': None,
 'train': 'data/fb15k-237/train.tsv',
 'validate_every': 3}
INFO:meta-cli.py:Device: cuda
INFO:meta-cli.py:Model state:
INFO:meta-cli.py:	entities.weight	torch.Size([14541, 2000])
INFO:meta-cli.py:	predicates.weight	torch.Size([237, 2000])
INFO:meta-cli.py:Epoch 1/100	Loss 12.5051 ± 1.8985
INFO:meta-cli.py:Epoch 2/100	Loss 8.3927 ± 0.2808
INFO:meta-cli.py:Epoch 3/100	Loss 7.5279 ± 0.3322
INFO:meta-cli.py:Epoch 3/100	dev results	MRR 0.326177	H@1 0.237668	H@3 0.359139	H@5 0.418877	H@10 0.503450
INFO:meta-cli.py:Epoch 3/100	test results	MRR 0.319670	H@1 0.230822	H@3 0.350215	H@5 0.414590	H@10 0.499609
INFO:meta-cli.py:Epoch 4/100	Loss 7.1914 ± 0.3414
INFO:meta-cli.py:Epoch 5/100	Loss 6.9994 ± 0.3448
INFO:meta-cli.py:Epoch 6/100	Loss 6.8699 ± 0.3309
INFO:meta-cli.py:Epoch 6/100	dev results	MRR 0.337526	H@1 0.246307	H@3 0.371885	H@5 0.433647	H@10 0.518249
INFO:meta-cli.py:Epoch 6/100	test results	MRR 0.333175	H@1 0.241865	H@3 0.366119	H@5 0.430592	H@10 0.514756
INFO:meta-cli.py:Epoch 7/100	Loss 6.7753 ± 0.3256
INFO:meta-cli.py:Epoch 8/100	Loss 6.7014 ± 0.3229
INFO:meta-cli.py:Epoch 9/100	Loss 6.6418 ± 0.3170
INFO:meta-cli.py:Epoch 9/100	dev results	MRR 0.342487	H@1 0.252124	H@3 0.376248	H@5 0.439179	H@10 0.522298
INFO:meta-cli.py:Epoch 9/100	test results	MRR 0.337596	H@1 0.247044	H@3 0.370908	H@5 0.435087	H@10 0.518372
INFO:meta-cli.py:Epoch 10/100	Loss 6.5912 ± 0.3132
INFO:meta-cli.py:Epoch 11/100	Loss 6.5484 ± 0.3163
INFO:meta-cli.py:Epoch 12/100	Loss 6.5118 ± 0.3131
INFO:meta-cli.py:Epoch 12/100	dev results	MRR 0.345539	H@1 0.255289	H@3 0.379441	H@5 0.440148	H@10 0.526290
INFO:meta-cli.py:Epoch 12/100	test results	MRR 0.339025	H@1 0.248192	H@3 0.371225	H@5 0.436407	H@10 0.522867
INFO:meta-cli.py:Epoch 13/100	Loss 6.4790 ± 0.3018
INFO:meta-cli.py:Epoch 14/100	Loss 6.4508 ± 0.3054
INFO:meta-cli.py:Epoch 15/100	Loss 6.4242 ± 0.2982
INFO:meta-cli.py:Epoch 15/100	dev results	MRR 0.346442	H@1 0.255945	H@3 0.379099	H@5 0.442914	H@10 0.527117
INFO:meta-cli.py:Epoch 15/100	test results	MRR 0.340135	H@1 0.248949	H@3 0.373131	H@5 0.437360	H@10 0.526019
INFO:meta-cli.py:Epoch 16/100	Loss 6.4011 ± 0.2967
INFO:meta-cli.py:Epoch 17/100	Loss 6.3799 ± 0.2987
INFO:meta-cli.py:Epoch 18/100	Loss 6.3601 ± 0.2969
INFO:meta-cli.py:Epoch 18/100	dev results	MRR 0.348584	H@1 0.258055	H@3 0.383148	H@5 0.444511	H@10 0.529142
INFO:meta-cli.py:Epoch 18/100	test results	MRR 0.342310	H@1 0.251417	H@3 0.375305	H@5 0.438972	H@10 0.526703
INFO:meta-cli.py:Epoch 19/100	Loss 6.3420 ± 0.2864
INFO:meta-cli.py:Epoch 20/100	Loss 6.3258 ± 0.2865
INFO:meta-cli.py:Epoch 21/100	Loss 6.3101 ± 0.2777
INFO:meta-cli.py:Epoch 21/100	dev results	MRR 0.349442	H@1 0.259110	H@3 0.383775	H@5 0.444882	H@10 0.529712
INFO:meta-cli.py:Epoch 21/100	test results	MRR 0.343098	H@1 0.251881	H@3 0.376258	H@5 0.440658	H@10 0.527387
INFO:meta-cli.py:Epoch 22/100	Loss 6.2962 ± 0.2848
INFO:meta-cli.py:Epoch 23/100	Loss 6.2821 ± 0.2832
INFO:meta-cli.py:Epoch 24/100	Loss 6.2697 ± 0.2810
INFO:meta-cli.py:Epoch 24/100	dev results	MRR 0.350411	H@1 0.260422	H@3 0.383576	H@5 0.445680	H@10 0.530282
INFO:meta-cli.py:Epoch 24/100	test results	MRR 0.344289	H@1 0.254471	H@3 0.375134	H@5 0.440438	H@10 0.529121
INFO:meta-cli.py:Epoch 25/100	Loss 6.2573 ± 0.2802
INFO:meta-cli.py:Epoch 26/100	Loss 6.2459 ± 0.2745
INFO:meta-cli.py:Epoch 27/100	Loss 6.2356 ± 0.2781
INFO:meta-cli.py:Epoch 27/100	dev results	MRR 0.351403	H@1 0.261106	H@3 0.385058	H@5 0.448218	H@10 0.532050
INFO:meta-cli.py:Epoch 27/100	test results	MRR 0.345028	H@1 0.254104	H@3 0.376893	H@5 0.443541	H@10 0.528950
INFO:meta-cli.py:Epoch 28/100	Loss 6.2257 ± 0.2732
INFO:meta-cli.py:Epoch 29/100	Loss 6.2159 ± 0.2688
INFO:meta-cli.py:Epoch 30/100	Loss 6.2069 ± 0.2751
INFO:meta-cli.py:Epoch 30/100	dev results	MRR 0.350514	H@1 0.259395	H@3 0.386313	H@5 0.447419	H@10 0.533162
INFO:meta-cli.py:Epoch 30/100	test results	MRR 0.345106	H@1 0.254129	H@3 0.378946	H@5 0.443467	H@10 0.529390
INFO:meta-cli.py:Epoch 31/100	Loss 6.1981 ± 0.2715
INFO:meta-cli.py:Epoch 32/100	Loss 6.1899 ± 0.2713
INFO:meta-cli.py:Epoch 33/100	Loss 6.1816 ± 0.2643
INFO:meta-cli.py:Epoch 33/100	dev results	MRR 0.351751	H@1 0.261334	H@3 0.387169	H@5 0.447904	H@10 0.532107
INFO:meta-cli.py:Epoch 33/100	test results	MRR 0.345021	H@1 0.253738	H@3 0.378555	H@5 0.442710	H@10 0.530563
INFO:meta-cli.py:Epoch 34/100	Loss 6.1741 ± 0.2663
INFO:meta-cli.py:Epoch 35/100	Loss 6.1669 ± 0.2717
INFO:meta-cli.py:Epoch 36/100	Loss 6.1597 ± 0.2629
INFO:meta-cli.py:Epoch 36/100	dev results	MRR 0.351503	H@1 0.261106	H@3 0.385173	H@5 0.446108	H@10 0.532877
INFO:meta-cli.py:Epoch 36/100	test results	MRR 0.345917	H@1 0.255130	H@3 0.379239	H@5 0.442441	H@10 0.530612
INFO:meta-cli.py:Epoch 37/100	Loss 6.1533 ± 0.2614
INFO:meta-cli.py:Epoch 38/100	Loss 6.1466 ± 0.2682
INFO:meta-cli.py:Epoch 39/100	Loss 6.1403 ± 0.2652
INFO:meta-cli.py:Epoch 39/100	dev results	MRR 0.352279	H@1 0.261705	H@3 0.386285	H@5 0.448246	H@10 0.532592
INFO:meta-cli.py:Epoch 39/100	test results	MRR 0.345966	H@1 0.254935	H@3 0.378872	H@5 0.443272	H@10 0.530758
INFO:meta-cli.py:Epoch 40/100	Loss 6.1339 ± 0.2641
INFO:meta-cli.py:Epoch 41/100	Loss 6.1284 ± 0.2593
INFO:meta-cli.py:Epoch 42/100	Loss 6.1224 ± 0.2611
INFO:meta-cli.py:Epoch 42/100	dev results	MRR 0.352593	H@1 0.262190	H@3 0.387140	H@5 0.448389	H@10 0.533219
INFO:meta-cli.py:Epoch 42/100	test results	MRR 0.346338	H@1 0.256010	H@3 0.378750	H@5 0.443321	H@10 0.530490
INFO:meta-cli.py:Epoch 43/100	Loss 6.1172 ± 0.2616
INFO:meta-cli.py:Epoch 44/100	Loss 6.1118 ± 0.2609
INFO:meta-cli.py:Epoch 45/100	Loss 6.1071 ± 0.2632
INFO:meta-cli.py:Epoch 45/100	dev results	MRR 0.352492	H@1 0.262161	H@3 0.386142	H@5 0.448474	H@10 0.532221
INFO:meta-cli.py:Epoch 45/100	test results	MRR 0.346334	H@1 0.255497	H@3 0.379312	H@5 0.444273	H@10 0.530123
INFO:meta-cli.py:Epoch 46/100	Loss 6.1016 ± 0.2630
INFO:meta-cli.py:Epoch 47/100	Loss 6.0969 ± 0.2562
INFO:meta-cli.py:Epoch 48/100	Loss 6.0924 ± 0.2604
INFO:meta-cli.py:Epoch 48/100	dev results	MRR 0.352626	H@1 0.262190	H@3 0.386741	H@5 0.448959	H@10 0.533162
INFO:meta-cli.py:Epoch 48/100	test results	MRR 0.346627	H@1 0.256034	H@3 0.379361	H@5 0.443443	H@10 0.530294
INFO:meta-cli.py:Epoch 49/100	Loss 6.0876 ± 0.2581
INFO:meta-cli.py:Epoch 50/100	Loss 6.0834 ± 0.2563
INFO:meta-cli.py:Epoch 51/100	Loss 6.0788 ± 0.2542
INFO:meta-cli.py:Epoch 51/100	dev results	MRR 0.353472	H@1 0.263530	H@3 0.386997	H@5 0.448988	H@10 0.533476
INFO:meta-cli.py:Epoch 51/100	test results	MRR 0.346572	H@1 0.255350	H@3 0.381340	H@5 0.443589	H@10 0.530661
INFO:meta-cli.py:Epoch 52/100	Loss 6.0750 ± 0.2600
INFO:meta-cli.py:Epoch 53/100	Loss 6.0707 ± 0.2588
INFO:meta-cli.py:Epoch 54/100	Loss 6.0667 ± 0.2642
INFO:meta-cli.py:Epoch 54/100	dev results	MRR 0.353458	H@1 0.263330	H@3 0.387853	H@5 0.450214	H@10 0.534217
INFO:meta-cli.py:Epoch 54/100	test results	MRR 0.346668	H@1 0.255521	H@3 0.380143	H@5 0.445129	H@10 0.531613
INFO:meta-cli.py:Epoch 55/100	Loss 6.0627 ± 0.2501
INFO:meta-cli.py:Epoch 56/100	Loss 6.0593 ± 0.2557
INFO:meta-cli.py:Epoch 57/100	Loss 6.0560 ± 0.2540
INFO:meta-cli.py:Epoch 57/100	dev results	MRR 0.353281	H@1 0.263359	H@3 0.386285	H@5 0.449301	H@10 0.533676
INFO:meta-cli.py:Epoch 57/100	test results	MRR 0.347341	H@1 0.256914	H@3 0.380143	H@5 0.444102	H@10 0.530270
INFO:meta-cli.py:Epoch 58/100	Loss 6.0520 ± 0.2549
INFO:meta-cli.py:Epoch 59/100	Loss 6.0485 ± 0.2493
INFO:meta-cli.py:Epoch 60/100	Loss 6.0456 ± 0.2539
INFO:meta-cli.py:Epoch 60/100	dev results	MRR 0.354404	H@1 0.264585	H@3 0.387881	H@5 0.449986	H@10 0.533276
INFO:meta-cli.py:Epoch 60/100	test results	MRR 0.347416	H@1 0.256743	H@3 0.380167	H@5 0.445202	H@10 0.530441
INFO:meta-cli.py:Epoch 61/100	Loss 6.0415 ± 0.2501
INFO:meta-cli.py:Epoch 62/100	Loss 6.0386 ± 0.2532
INFO:meta-cli.py:Epoch 63/100	Loss 6.0354 ± 0.2482
INFO:meta-cli.py:Epoch 63/100	dev results	MRR 0.353751	H@1 0.263644	H@3 0.387910	H@5 0.450185	H@10 0.533989
INFO:meta-cli.py:Epoch 63/100	test results	MRR 0.347187	H@1 0.256010	H@3 0.380387	H@5 0.445055	H@10 0.531100
INFO:meta-cli.py:Epoch 64/100	Loss 6.0324 ± 0.2538
INFO:meta-cli.py:Epoch 65/100	Loss 6.0295 ± 0.2501
INFO:meta-cli.py:Epoch 66/100	Loss 6.0267 ± 0.2468
INFO:meta-cli.py:Epoch 66/100	dev results	MRR 0.354012	H@1 0.264471	H@3 0.387596	H@5 0.449672	H@10 0.534046
INFO:meta-cli.py:Epoch 66/100	test results	MRR 0.347157	H@1 0.256157	H@3 0.380143	H@5 0.444860	H@10 0.531320
INFO:meta-cli.py:Epoch 67/100	Loss 6.0234 ± 0.2496
INFO:meta-cli.py:Epoch 68/100	Loss 6.0205 ± 0.2540
INFO:meta-cli.py:Epoch 69/100	Loss 6.0175 ± 0.2524
INFO:meta-cli.py:Epoch 69/100	dev results	MRR 0.354763	H@1 0.265298	H@3 0.388224	H@5 0.449872	H@10 0.533105
INFO:meta-cli.py:Epoch 69/100	test results	MRR 0.347622	H@1 0.257109	H@3 0.380973	H@5 0.445080	H@10 0.531980
INFO:meta-cli.py:Epoch 70/100	Loss 6.0149 ± 0.2500
INFO:meta-cli.py:Epoch 71/100	Loss 6.0121 ± 0.2494
INFO:meta-cli.py:Epoch 72/100	Loss 6.0094 ± 0.2477
INFO:meta-cli.py:Epoch 72/100	dev results	MRR 0.354498	H@1 0.264927	H@3 0.388309	H@5 0.451012	H@10 0.533818
INFO:meta-cli.py:Epoch 72/100	test results	MRR 0.347706	H@1 0.256963	H@3 0.380265	H@5 0.445006	H@10 0.531931
INFO:meta-cli.py:Epoch 73/100	Loss 6.0074 ± 0.2500
INFO:meta-cli.py:Epoch 74/100	Loss 6.0043 ± 0.2525
INFO:meta-cli.py:Epoch 75/100	Loss 6.0022 ± 0.2542
INFO:meta-cli.py:Epoch 75/100	dev results	MRR 0.354215	H@1 0.264328	H@3 0.387397	H@5 0.450955	H@10 0.533362
INFO:meta-cli.py:Epoch 75/100	test results	MRR 0.347444	H@1 0.256499	H@3 0.380949	H@5 0.445397	H@10 0.531100
INFO:meta-cli.py:Epoch 76/100	Loss 5.9994 ± 0.2517
INFO:meta-cli.py:Epoch 77/100	Loss 5.9973 ± 0.2476
INFO:meta-cli.py:Epoch 78/100	Loss 5.9947 ± 0.2479
INFO:meta-cli.py:Epoch 78/100	dev results	MRR 0.353859	H@1 0.264100	H@3 0.386769	H@5 0.449929	H@10 0.533561
INFO:meta-cli.py:Epoch 78/100	test results	MRR 0.347002	H@1 0.256181	H@3 0.379898	H@5 0.445422	H@10 0.531125
INFO:meta-cli.py:Epoch 79/100	Loss 5.9926 ± 0.2473
INFO:meta-cli.py:Epoch 80/100	Loss 5.9907 ± 0.2462
INFO:meta-cli.py:Epoch 81/100	Loss 5.9884 ± 0.2445
INFO:meta-cli.py:Epoch 81/100	dev results	MRR 0.354590	H@1 0.264984	H@3 0.388680	H@5 0.450356	H@10 0.534303
INFO:meta-cli.py:Epoch 81/100	test results	MRR 0.347775	H@1 0.256987	H@3 0.381022	H@5 0.445348	H@10 0.531760
INFO:meta-cli.py:Epoch 82/100	Loss 5.9858 ± 0.2470
INFO:meta-cli.py:Epoch 83/100	Loss 5.9835 ± 0.2460
INFO:meta-cli.py:Epoch 84/100	Loss 5.9818 ± 0.2449
INFO:meta-cli.py:Epoch 84/100	dev results	MRR 0.353979	H@1 0.264072	H@3 0.387311	H@5 0.450442	H@10 0.534246
INFO:meta-cli.py:Epoch 84/100	test results	MRR 0.347932	H@1 0.257183	H@3 0.380753	H@5 0.445935	H@10 0.531223
INFO:meta-cli.py:Epoch 85/100	Loss 5.9796 ± 0.2458
INFO:meta-cli.py:Epoch 86/100	Loss 5.9777 ± 0.2428
INFO:meta-cli.py:Epoch 87/100	Loss 5.9758 ± 0.2431
INFO:meta-cli.py:Epoch 87/100	dev results	MRR 0.354645	H@1 0.264984	H@3 0.388338	H@5 0.450185	H@10 0.534217
INFO:meta-cli.py:Epoch 87/100	test results	MRR 0.347831	H@1 0.256694	H@3 0.381364	H@5 0.445300	H@10 0.531736
INFO:meta-cli.py:Epoch 88/100	Loss 5.9737 ± 0.2446
INFO:meta-cli.py:Epoch 89/100	Loss 5.9716 ± 0.2451
INFO:meta-cli.py:Epoch 90/100	Loss 5.9698 ± 0.2422
INFO:meta-cli.py:Epoch 90/100	dev results	MRR 0.354457	H@1 0.264899	H@3 0.387710	H@5 0.450528	H@10 0.534331
INFO:meta-cli.py:Epoch 90/100	test results	MRR 0.348131	H@1 0.257476	H@3 0.380802	H@5 0.445471	H@10 0.531736
INFO:meta-cli.py:Epoch 91/100	Loss 5.9679 ± 0.2437
INFO:meta-cli.py:Epoch 92/100	Loss 5.9658 ± 0.2425
INFO:meta-cli.py:Epoch 93/100	Loss 5.9641 ± 0.2472
INFO:meta-cli.py:Epoch 93/100	dev results	MRR 0.354827	H@1 0.265241	H@3 0.388452	H@5 0.450727	H@10 0.534331
INFO:meta-cli.py:Epoch 93/100	test results	MRR 0.348313	H@1 0.257403	H@3 0.381633	H@5 0.446301	H@10 0.531687
INFO:meta-cli.py:Epoch 94/100	Loss 5.9623 ± 0.2383
INFO:meta-cli.py:Epoch 95/100	Loss 5.9603 ± 0.2429
INFO:meta-cli.py:Epoch 96/100	Loss 5.9587 ± 0.2460
INFO:meta-cli.py:Epoch 96/100	dev results	MRR 0.354916	H@1 0.265384	H@3 0.389022	H@5 0.450898	H@10 0.534445
INFO:meta-cli.py:Epoch 96/100	test results	MRR 0.348080	H@1 0.257232	H@3 0.381364	H@5 0.446203	H@10 0.532371
INFO:meta-cli.py:Epoch 97/100	Loss 5.9569 ± 0.2436
INFO:meta-cli.py:Epoch 98/100	Loss 5.9553 ± 0.2394
INFO:meta-cli.py:Epoch 99/100	Loss 5.9539 ± 0.2403
INFO:meta-cli.py:Epoch 99/100	dev results	MRR 0.354690	H@1 0.265070	H@3 0.387796	H@5 0.450699	H@10 0.534731
INFO:meta-cli.py:Epoch 99/100	test results	MRR 0.347664	H@1 0.256523	H@3 0.380753	H@5 0.446765	H@10 0.532126
INFO:meta-cli.py:Epoch 100/100	Loss 5.9522 ± 0.2392
INFO:meta-cli.py:Final 	dev results	MRR 0.354574	H@1 0.264528	H@3 0.388936	H@5 0.451468	H@10 0.534759
INFO:meta-cli.py:Final 	test results	MRR 0.347652	H@1 0.256254	H@3 0.380485	H@5 0.446521	H@10 0.531760
INFO:meta-cli.py:Training finished
