./bin/meta-cli.py --train data/fb15k-237/train.tsv --dev data/fb15k-237/dev.tsv --test data/fb15k-237/test.tsv -m complex -k 2000 -b 500 -e 100 --F2 0 --N3 0.005 -l 0.1 -I reciprocal -V 3 -o adagrad -q
{'F2': 0.0,
 'N3': 0.005,
 'batch_size': 500,
 'dev': 'data/fb15k-237/dev.tsv',
 'embedding_size': 2000,
 'epochs': 100,
 'eval_batch_size': None,
 'input_type': 'reciprocal',
 'learning_rate': 0.1,
 'load': None,
 'model': 'complex',
 'optimizer': 'adagrad',
 'quiet': True,
 'save': None,
 'seed': 0,
 'test': 'data/fb15k-237/test.tsv',
 'test_i': None,
 'test_ii': None,
 'train': 'data/fb15k-237/train.tsv',
 'validate_every': 3}
INFO:meta-cli.py:Device: cuda
INFO:meta-cli.py:Model state:
INFO:meta-cli.py:	entities.weight	torch.Size([14541, 4000])
INFO:meta-cli.py:	predicates.weight	torch.Size([474, 4000])
INFO:meta-cli.py:Epoch 1/100	Loss 10.6529 ± 2.2940
INFO:meta-cli.py:Epoch 2/100	Loss 7.3981 ± 0.1304
INFO:meta-cli.py:Epoch 3/100	Loss 6.9449 ± 0.1729
INFO:meta-cli.py:Epoch 3/100	dev results	MRR 0.338123	H@1 0.251012	H@3 0.366980	H@5 0.429085	H@10 0.513887
INFO:meta-cli.py:Epoch 3/100	test results	MRR 0.332201	H@1 0.243404	H@3 0.364727	H@5 0.426830	H@10 0.508917
INFO:meta-cli.py:Epoch 4/100	Loss 6.7355 ± 0.1788
INFO:meta-cli.py:Epoch 5/100	Loss 6.6066 ± 0.1810
INFO:meta-cli.py:Epoch 6/100	Loss 6.5152 ± 0.1846
INFO:meta-cli.py:Epoch 6/100	dev results	MRR 0.346739	H@1 0.257000	H@3 0.380753	H@5 0.442087	H@10 0.527345
INFO:meta-cli.py:Epoch 6/100	test results	MRR 0.339089	H@1 0.247044	H@3 0.375989	H@5 0.438312	H@10 0.521719
INFO:meta-cli.py:Epoch 7/100	Loss 6.4484 ± 0.1831
INFO:meta-cli.py:Epoch 8/100	Loss 6.3938 ± 0.1836
INFO:meta-cli.py:Epoch 9/100	Loss 6.3502 ± 0.1820
INFO:meta-cli.py:Epoch 9/100	dev results	MRR 0.350751	H@1 0.260080	H@3 0.384175	H@5 0.447191	H@10 0.533533
INFO:meta-cli.py:Epoch 9/100	test results	MRR 0.343046	H@1 0.250635	H@3 0.379068	H@5 0.442979	H@10 0.526116
INFO:meta-cli.py:Epoch 10/100	Loss 6.3131 ± 0.1763
INFO:meta-cli.py:Epoch 11/100	Loss 6.2814 ± 0.1708
INFO:meta-cli.py:Epoch 12/100	Loss 6.2544 ± 0.1725
INFO:meta-cli.py:Epoch 12/100	dev results	MRR 0.354098	H@1 0.263074	H@3 0.390248	H@5 0.450356	H@10 0.534731
INFO:meta-cli.py:Epoch 12/100	test results	MRR 0.346013	H@1 0.253518	H@3 0.381999	H@5 0.445226	H@10 0.528608
INFO:meta-cli.py:Epoch 13/100	Loss 6.2308 ± 0.1734
INFO:meta-cli.py:Epoch 14/100	Loss 6.2091 ± 0.1722
INFO:meta-cli.py:Epoch 15/100	Loss 6.1899 ± 0.1619
INFO:meta-cli.py:Epoch 15/100	dev results	MRR 0.354374	H@1 0.263045	H@3 0.388765	H@5 0.451354	H@10 0.535586
INFO:meta-cli.py:Epoch 15/100	test results	MRR 0.347197	H@1 0.255204	H@3 0.383123	H@5 0.445617	H@10 0.529439
INFO:meta-cli.py:Epoch 16/100	Loss 6.1726 ± 0.1652
INFO:meta-cli.py:Epoch 17/100	Loss 6.1568 ± 0.1626
INFO:meta-cli.py:Epoch 18/100	Loss 6.1421 ± 0.1555
INFO:meta-cli.py:Epoch 18/100	dev results	MRR 0.356219	H@1 0.265241	H@3 0.390305	H@5 0.452866	H@10 0.538038
INFO:meta-cli.py:Epoch 18/100	test results	MRR 0.348161	H@1 0.256157	H@3 0.383954	H@5 0.447620	H@10 0.531442
INFO:meta-cli.py:Epoch 19/100	Loss 6.1291 ± 0.1579
INFO:meta-cli.py:Epoch 20/100	Loss 6.1165 ± 0.1553
INFO:meta-cli.py:Epoch 21/100	Loss 6.1052 ± 0.1527
INFO:meta-cli.py:Epoch 21/100	dev results	MRR 0.356478	H@1 0.265241	H@3 0.391816	H@5 0.453921	H@10 0.536498
INFO:meta-cli.py:Epoch 21/100	test results	MRR 0.349343	H@1 0.257500	H@3 0.383881	H@5 0.448793	H@10 0.532835
INFO:meta-cli.py:Epoch 22/100	Loss 6.0940 ± 0.1583
INFO:meta-cli.py:Epoch 23/100	Loss 6.0845 ± 0.1547
INFO:meta-cli.py:Epoch 24/100	Loss 6.0750 ± 0.1546
INFO:meta-cli.py:Epoch 24/100	dev results	MRR 0.356776	H@1 0.265384	H@3 0.391332	H@5 0.454348	H@10 0.539122
INFO:meta-cli.py:Epoch 24/100	test results	MRR 0.349589	H@1 0.257720	H@3 0.383612	H@5 0.449062	H@10 0.532713
INFO:meta-cli.py:Epoch 25/100	Loss 6.0663 ± 0.1530
INFO:meta-cli.py:Epoch 26/100	Loss 6.0580 ± 0.1538
INFO:meta-cli.py:Epoch 27/100	Loss 6.0498 ± 0.1550
INFO:meta-cli.py:Epoch 27/100	dev results	MRR 0.358019	H@1 0.266781	H@3 0.393185	H@5 0.454405	H@10 0.538723
INFO:meta-cli.py:Epoch 27/100	test results	MRR 0.349601	H@1 0.257134	H@3 0.385664	H@5 0.449184	H@10 0.533861
INFO:meta-cli.py:Epoch 28/100	Loss 6.0427 ± 0.1526
INFO:meta-cli.py:Epoch 29/100	Loss 6.0357 ± 0.1496
INFO:meta-cli.py:Epoch 30/100	Loss 6.0287 ± 0.1498
INFO:meta-cli.py:Epoch 30/100	dev results	MRR 0.357713	H@1 0.266182	H@3 0.393955	H@5 0.455518	H@10 0.538837
INFO:meta-cli.py:Epoch 30/100	test results	MRR 0.350079	H@1 0.258258	H@3 0.385371	H@5 0.448402	H@10 0.534472
INFO:meta-cli.py:Epoch 31/100	Loss 6.0223 ± 0.1491
INFO:meta-cli.py:Epoch 32/100	Loss 6.0165 ± 0.1529
INFO:meta-cli.py:Epoch 33/100	Loss 6.0104 ± 0.1479
INFO:meta-cli.py:Epoch 33/100	dev results	MRR 0.358435	H@1 0.267408	H@3 0.392985	H@5 0.455318	H@10 0.540405
INFO:meta-cli.py:Epoch 33/100	test results	MRR 0.350714	H@1 0.258600	H@3 0.386153	H@5 0.449111	H@10 0.534056
INFO:meta-cli.py:Epoch 34/100	Loss 6.0049 ± 0.1448
INFO:meta-cli.py:Epoch 35/100	Loss 5.9999 ± 0.1472
INFO:meta-cli.py:Epoch 36/100	Loss 5.9945 ± 0.1488
INFO:meta-cli.py:Epoch 36/100	dev results	MRR 0.358942	H@1 0.268292	H@3 0.394183	H@5 0.455689	H@10 0.538494
INFO:meta-cli.py:Epoch 36/100	test results	MRR 0.350936	H@1 0.259430	H@3 0.385664	H@5 0.450821	H@10 0.533788
INFO:meta-cli.py:Epoch 37/100	Loss 5.9897 ± 0.1466
INFO:meta-cli.py:Epoch 38/100	Loss 5.9851 ± 0.1457
INFO:meta-cli.py:Epoch 39/100	Loss 5.9803 ± 0.1419
INFO:meta-cli.py:Epoch 39/100	dev results	MRR 0.358388	H@1 0.267123	H@3 0.393841	H@5 0.456829	H@10 0.539150
INFO:meta-cli.py:Epoch 39/100	test results	MRR 0.350752	H@1 0.258697	H@3 0.385884	H@5 0.450625	H@10 0.534814
INFO:meta-cli.py:Epoch 40/100	Loss 5.9760 ± 0.1416
INFO:meta-cli.py:Epoch 41/100	Loss 5.9716 ± 0.1417
INFO:meta-cli.py:Epoch 42/100	Loss 5.9673 ± 0.1424
INFO:meta-cli.py:Epoch 42/100	dev results	MRR 0.359803	H@1 0.268919	H@3 0.395495	H@5 0.456287	H@10 0.540205
INFO:meta-cli.py:Epoch 42/100	test results	MRR 0.351170	H@1 0.258893	H@3 0.386739	H@5 0.450796	H@10 0.535131
INFO:meta-cli.py:Epoch 43/100	Loss 5.9639 ± 0.1446
INFO:meta-cli.py:Epoch 44/100	Loss 5.9600 ± 0.1441
INFO:meta-cli.py:Epoch 45/100	Loss 5.9562 ± 0.1408
INFO:meta-cli.py:Epoch 45/100	dev results	MRR 0.358850	H@1 0.267408	H@3 0.394012	H@5 0.456401	H@10 0.540319
INFO:meta-cli.py:Epoch 45/100	test results	MRR 0.350960	H@1 0.258673	H@3 0.386324	H@5 0.451432	H@10 0.534105
INFO:meta-cli.py:Epoch 46/100	Loss 5.9526 ± 0.1381
INFO:meta-cli.py:Epoch 47/100	Loss 5.9490 ± 0.1361
INFO:meta-cli.py:Epoch 48/100	Loss 5.9457 ± 0.1403
INFO:meta-cli.py:Epoch 48/100	dev results	MRR 0.358304	H@1 0.266239	H@3 0.393613	H@5 0.455917	H@10 0.541774
INFO:meta-cli.py:Epoch 48/100	test results	MRR 0.351310	H@1 0.259357	H@3 0.386373	H@5 0.450796	H@10 0.535669
INFO:meta-cli.py:Epoch 49/100	Loss 5.9426 ± 0.1390
INFO:meta-cli.py:Epoch 50/100	Loss 5.9395 ± 0.1407
INFO:meta-cli.py:Epoch 51/100	Loss 5.9364 ± 0.1351
INFO:meta-cli.py:Epoch 51/100	dev results	MRR 0.358942	H@1 0.267151	H@3 0.395210	H@5 0.456858	H@10 0.540319
INFO:meta-cli.py:Epoch 51/100	test results	MRR 0.350925	H@1 0.258648	H@3 0.386226	H@5 0.451505	H@10 0.534936
INFO:meta-cli.py:Epoch 52/100	Loss 5.9333 ± 0.1353
INFO:meta-cli.py:Epoch 53/100	Loss 5.9305 ± 0.1346
INFO:meta-cli.py:Epoch 54/100	Loss 5.9274 ± 0.1375
INFO:meta-cli.py:Epoch 54/100	dev results	MRR 0.359133	H@1 0.267722	H@3 0.394212	H@5 0.457514	H@10 0.540947
INFO:meta-cli.py:Epoch 54/100	test results	MRR 0.350877	H@1 0.258575	H@3 0.386128	H@5 0.451090	H@10 0.534203
INFO:meta-cli.py:Epoch 55/100	Loss 5.9248 ± 0.1376
INFO:meta-cli.py:Epoch 56/100	Loss 5.9221 ± 0.1381
INFO:meta-cli.py:Epoch 57/100	Loss 5.9197 ± 0.1363
INFO:meta-cli.py:Epoch 57/100	dev results	MRR 0.359009	H@1 0.267608	H@3 0.394155	H@5 0.457029	H@10 0.540234
INFO:meta-cli.py:Epoch 57/100	test results	MRR 0.351066	H@1 0.259137	H@3 0.385542	H@5 0.450601	H@10 0.534985
INFO:meta-cli.py:Epoch 58/100	Loss 5.9168 ± 0.1363
INFO:meta-cli.py:Epoch 59/100	Loss 5.9145 ± 0.1347
INFO:meta-cli.py:Epoch 60/100	Loss 5.9119 ± 0.1327
INFO:meta-cli.py:Epoch 60/100	dev results	MRR 0.358838	H@1 0.266695	H@3 0.395267	H@5 0.456972	H@10 0.541603
INFO:meta-cli.py:Epoch 60/100	test results	MRR 0.351567	H@1 0.259186	H@3 0.387423	H@5 0.451529	H@10 0.535400
INFO:meta-cli.py:Epoch 61/100	Loss 5.9097 ± 0.1372
INFO:meta-cli.py:Epoch 62/100	Loss 5.9072 ± 0.1345
INFO:meta-cli.py:Epoch 63/100	Loss 5.9052 ± 0.1340
INFO:meta-cli.py:Epoch 63/100	dev results	MRR 0.359994	H@1 0.268349	H@3 0.395865	H@5 0.458027	H@10 0.541660
INFO:meta-cli.py:Epoch 63/100	test results	MRR 0.352311	H@1 0.260408	H@3 0.386886	H@5 0.452213	H@10 0.535669
INFO:meta-cli.py:Epoch 64/100	Loss 5.9030 ± 0.1307
INFO:meta-cli.py:Epoch 65/100	Loss 5.9007 ± 0.1334
INFO:meta-cli.py:Epoch 66/100	Loss 5.8984 ± 0.1270
INFO:meta-cli.py:Epoch 66/100	dev results	MRR 0.360060	H@1 0.268606	H@3 0.395951	H@5 0.457029	H@10 0.542087
INFO:meta-cli.py:Epoch 66/100	test results	MRR 0.351700	H@1 0.259113	H@3 0.387081	H@5 0.450967	H@10 0.535669
INFO:meta-cli.py:Epoch 67/100	Loss 5.8965 ± 0.1342
INFO:meta-cli.py:Epoch 68/100	Loss 5.8946 ± 0.1354
INFO:meta-cli.py:Epoch 69/100	Loss 5.8926 ± 0.1331
INFO:meta-cli.py:Epoch 69/100	dev results	MRR 0.359877	H@1 0.268064	H@3 0.395495	H@5 0.457428	H@10 0.542173
INFO:meta-cli.py:Epoch 69/100	test results	MRR 0.352661	H@1 0.260701	H@3 0.387374	H@5 0.452067	H@10 0.534814
INFO:meta-cli.py:Epoch 70/100	Loss 5.8905 ± 0.1343
INFO:meta-cli.py:Epoch 71/100	Loss 5.8890 ± 0.1347
INFO:meta-cli.py:Epoch 72/100	Loss 5.8867 ± 0.1325
INFO:meta-cli.py:Epoch 72/100	dev results	MRR 0.359158	H@1 0.266809	H@3 0.395352	H@5 0.457029	H@10 0.540690
INFO:meta-cli.py:Epoch 72/100	test results	MRR 0.351365	H@1 0.258771	H@3 0.386666	H@5 0.451114	H@10 0.535571
INFO:meta-cli.py:Epoch 73/100	Loss 5.8850 ± 0.1285
INFO:meta-cli.py:Epoch 74/100	Loss 5.8831 ± 0.1343
INFO:meta-cli.py:Epoch 75/100	Loss 5.8815 ± 0.1286
INFO:meta-cli.py:Epoch 75/100	dev results	MRR 0.360038	H@1 0.268149	H@3 0.394782	H@5 0.457514	H@10 0.542458
INFO:meta-cli.py:Epoch 75/100	test results	MRR 0.352022	H@1 0.259406	H@3 0.386983	H@5 0.451407	H@10 0.535987
INFO:meta-cli.py:Epoch 76/100	Loss 5.8798 ± 0.1295
INFO:meta-cli.py:Epoch 77/100	Loss 5.8780 ± 0.1277
INFO:meta-cli.py:Epoch 78/100	Loss 5.8765 ± 0.1330
INFO:meta-cli.py:Epoch 78/100	dev results	MRR 0.359624	H@1 0.267722	H@3 0.395837	H@5 0.457086	H@10 0.542030
INFO:meta-cli.py:Epoch 78/100	test results	MRR 0.351650	H@1 0.259308	H@3 0.386934	H@5 0.451309	H@10 0.535058
INFO:meta-cli.py:Epoch 79/100	Loss 5.8747 ± 0.1275
INFO:meta-cli.py:Epoch 80/100	Loss 5.8732 ± 0.1281
INFO:meta-cli.py:Epoch 81/100	Loss 5.8718 ± 0.1346
INFO:meta-cli.py:Epoch 81/100	dev results	MRR 0.359785	H@1 0.267750	H@3 0.396094	H@5 0.457827	H@10 0.541374
INFO:meta-cli.py:Epoch 81/100	test results	MRR 0.352078	H@1 0.259919	H@3 0.386617	H@5 0.452238	H@10 0.536402
INFO:meta-cli.py:Epoch 82/100	Loss 5.8702 ± 0.1329
INFO:meta-cli.py:Epoch 83/100	Loss 5.8687 ± 0.1279
INFO:meta-cli.py:Epoch 84/100	Loss 5.8671 ± 0.1251
INFO:meta-cli.py:Epoch 84/100	dev results	MRR 0.359969	H@1 0.268121	H@3 0.396607	H@5 0.457656	H@10 0.543114
INFO:meta-cli.py:Epoch 84/100	test results	MRR 0.352022	H@1 0.259528	H@3 0.387447	H@5 0.451994	H@10 0.536060
INFO:meta-cli.py:Epoch 85/100	Loss 5.8656 ± 0.1260
INFO:meta-cli.py:Epoch 86/100	Loss 5.8644 ± 0.1258
INFO:meta-cli.py:Epoch 87/100	Loss 5.8628 ± 0.1266
INFO:meta-cli.py:Epoch 87/100	dev results	MRR 0.360248	H@1 0.268520	H@3 0.394981	H@5 0.457884	H@10 0.542458
INFO:meta-cli.py:Epoch 87/100	test results	MRR 0.352621	H@1 0.260554	H@3 0.387057	H@5 0.452384	H@10 0.535962
INFO:meta-cli.py:Epoch 88/100	Loss 5.8615 ± 0.1286
INFO:meta-cli.py:Epoch 89/100	Loss 5.8600 ± 0.1273
INFO:meta-cli.py:Epoch 90/100	Loss 5.8588 ± 0.1280
INFO:meta-cli.py:Epoch 90/100	dev results	MRR 0.360041	H@1 0.268292	H@3 0.395637	H@5 0.458169	H@10 0.542829
INFO:meta-cli.py:Epoch 90/100	test results	MRR 0.352354	H@1 0.259968	H@3 0.387154	H@5 0.452116	H@10 0.535864
INFO:meta-cli.py:Epoch 91/100	Loss 5.8575 ± 0.1242
INFO:meta-cli.py:Epoch 92/100	Loss 5.8560 ± 0.1284
INFO:meta-cli.py:Epoch 93/100	Loss 5.8547 ± 0.1228
INFO:meta-cli.py:Epoch 93/100	dev results	MRR 0.360379	H@1 0.268805	H@3 0.397006	H@5 0.458996	H@10 0.542543
INFO:meta-cli.py:Epoch 93/100	test results	MRR 0.352068	H@1 0.259479	H@3 0.387570	H@5 0.452653	H@10 0.535254
INFO:meta-cli.py:Epoch 94/100	Loss 5.8536 ± 0.1274
INFO:meta-cli.py:Epoch 95/100	Loss 5.8523 ± 0.1254
INFO:meta-cli.py:Epoch 96/100	Loss 5.8510 ± 0.1242
INFO:meta-cli.py:Epoch 96/100	dev results	MRR 0.359943	H@1 0.267893	H@3 0.396151	H@5 0.458483	H@10 0.543114
INFO:meta-cli.py:Epoch 96/100	test results	MRR 0.352134	H@1 0.259455	H@3 0.387276	H@5 0.451529	H@10 0.535962
INFO:meta-cli.py:Epoch 97/100	Loss 5.8498 ± 0.1253
INFO:meta-cli.py:Epoch 98/100	Loss 5.8487 ± 0.1198
INFO:meta-cli.py:Epoch 99/100	Loss 5.8475 ± 0.1277
INFO:meta-cli.py:Epoch 99/100	dev results	MRR 0.360019	H@1 0.268035	H@3 0.395837	H@5 0.457371	H@10 0.542914
INFO:meta-cli.py:Epoch 99/100	test results	MRR 0.352080	H@1 0.259870	H@3 0.386861	H@5 0.451774	H@10 0.536524
INFO:meta-cli.py:Epoch 100/100	Loss 5.8463 ± 0.1278
INFO:meta-cli.py:Final 	dev results	MRR 0.360103	H@1 0.268463	H@3 0.395523	H@5 0.458055	H@10 0.542601
INFO:meta-cli.py:Final 	test results	MRR 0.352307	H@1 0.260310	H@3 0.386250	H@5 0.451749	H@10 0.536768
INFO:meta-cli.py:Training finished
