./bin/meta-cli.py --train data/fb15k-237/train.tsv --dev data/fb15k-237/dev.tsv --test data/fb15k-237/test.tsv -m complex -k 4000 -b 100 -e 100 --F2 0 --N3 0.1 -l 0.1 -I standard -V 3 -o adagrad -q
{'F2': 0.0,
 'N3': 0.1,
 'batch_size': 100,
 'dev': 'data/fb15k-237/dev.tsv',
 'embedding_size': 4000,
 'epochs': 100,
 'eval_batch_size': None,
 'input_type': 'standard',
 'learning_rate': 0.1,
 'load': None,
 'model': 'complex',
 'optimizer': 'adagrad',
 'quiet': True,
 'save': None,
 'seed': 0,
 'test': 'data/fb15k-237/test.tsv',
 'test_i': None,
 'test_ii': None,
 'train': 'data/fb15k-237/train.tsv',
 'validate_every': 3}
INFO:meta-cli.py:Device: cuda
INFO:meta-cli.py:Model state:
INFO:meta-cli.py:	entities.weight	torch.Size([14541, 8000])
INFO:meta-cli.py:	predicates.weight	torch.Size([237, 8000])
INFO:meta-cli.py:Epoch 1/100	Loss 18.4880 ± 2.9895
INFO:meta-cli.py:Epoch 2/100	Loss 14.1839 ± 0.3921
INFO:meta-cli.py:Epoch 3/100	Loss 13.2136 ± 0.2806
INFO:meta-cli.py:Epoch 3/100	dev results	MRR 0.332807	H@1 0.242971	H@3 0.365212	H@5 0.427602	H@10 0.512033
INFO:meta-cli.py:Epoch 3/100	test results	MRR 0.327688	H@1 0.237491	H@3 0.361013	H@5 0.424142	H@10 0.509748
INFO:meta-cli.py:Epoch 4/100	Loss 12.7516 ± 0.2731
INFO:meta-cli.py:Epoch 5/100	Loss 12.4751 ± 0.2647
INFO:meta-cli.py:Epoch 6/100	Loss 12.2862 ± 0.2646
INFO:meta-cli.py:Epoch 6/100	dev results	MRR 0.348783	H@1 0.256002	H@3 0.383633	H@5 0.447476	H@10 0.534759
INFO:meta-cli.py:Epoch 6/100	test results	MRR 0.344469	H@1 0.252101	H@3 0.378262	H@5 0.443736	H@10 0.531100
INFO:meta-cli.py:Epoch 7/100	Loss 12.1493 ± 0.2534
INFO:meta-cli.py:Epoch 8/100	Loss 12.0445 ± 0.2537
INFO:meta-cli.py:Epoch 9/100	Loss 11.9615 ± 0.2588
INFO:meta-cli.py:Epoch 9/100	dev results	MRR 0.354162	H@1 0.261705	H@3 0.387653	H@5 0.453350	H@10 0.542087
INFO:meta-cli.py:Epoch 9/100	test results	MRR 0.349689	H@1 0.256230	H@3 0.384565	H@5 0.451187	H@10 0.536988
INFO:meta-cli.py:Epoch 10/100	Loss 11.8935 ± 0.2545
INFO:meta-cli.py:Epoch 11/100	Loss 11.8366 ± 0.2566
INFO:meta-cli.py:Epoch 12/100	Loss 11.7885 ± 0.2487
INFO:meta-cli.py:Epoch 12/100	dev results	MRR 0.355985	H@1 0.261449	H@3 0.392102	H@5 0.457770	H@10 0.545737
INFO:meta-cli.py:Epoch 12/100	test results	MRR 0.351620	H@1 0.257867	H@3 0.385298	H@5 0.455976	H@10 0.540628
INFO:meta-cli.py:Epoch 13/100	Loss 11.7476 ± 0.2454
INFO:meta-cli.py:Epoch 14/100	Loss 11.7119 ± 0.2458
INFO:meta-cli.py:Epoch 15/100	Loss 11.6798 ± 0.2452
INFO:meta-cli.py:Epoch 15/100	dev results	MRR 0.359486	H@1 0.264443	H@3 0.396008	H@5 0.461591	H@10 0.547705
INFO:meta-cli.py:Epoch 15/100	test results	MRR 0.354442	H@1 0.259333	H@3 0.391014	H@5 0.457271	H@10 0.545417
INFO:meta-cli.py:Epoch 16/100	Loss 11.6523 ± 0.2503
INFO:meta-cli.py:Epoch 17/100	Loss 11.6277 ± 0.2417
INFO:meta-cli.py:Epoch 18/100	Loss 11.6048 ± 0.2409
INFO:meta-cli.py:Epoch 18/100	dev results	MRR 0.361315	H@1 0.267380	H@3 0.396892	H@5 0.462047	H@10 0.551725
INFO:meta-cli.py:Epoch 18/100	test results	MRR 0.355709	H@1 0.262142	H@3 0.389011	H@5 0.458150	H@10 0.546809
INFO:meta-cli.py:Epoch 19/100	Loss 11.5844 ± 0.2402
INFO:meta-cli.py:Epoch 20/100	Loss 11.5663 ± 0.2383
INFO:meta-cli.py:Epoch 21/100	Loss 11.5494 ± 0.2364
INFO:meta-cli.py:Epoch 21/100	dev results	MRR 0.361343	H@1 0.266467	H@3 0.397947	H@5 0.464129	H@10 0.549330
INFO:meta-cli.py:Epoch 21/100	test results	MRR 0.356316	H@1 0.261434	H@3 0.392431	H@5 0.460153	H@10 0.545954
INFO:meta-cli.py:Epoch 22/100	Loss 11.5339 ± 0.2401
INFO:meta-cli.py:Epoch 23/100	Loss 11.5193 ± 0.2367
INFO:meta-cli.py:Epoch 24/100	Loss 11.5063 ± 0.2334
INFO:meta-cli.py:Epoch 24/100	dev results	MRR 0.361649	H@1 0.266410	H@3 0.399544	H@5 0.464271	H@10 0.551811
INFO:meta-cli.py:Epoch 24/100	test results	MRR 0.357503	H@1 0.262948	H@3 0.393115	H@5 0.461106	H@10 0.548593
INFO:meta-cli.py:Epoch 25/100	Loss 11.4934 ± 0.2346
INFO:meta-cli.py:Epoch 26/100	Loss 11.4820 ± 0.2254
INFO:meta-cli.py:Epoch 27/100	Loss 11.4715 ± 0.2336
INFO:meta-cli.py:Epoch 27/100	dev results	MRR 0.363146	H@1 0.267494	H@3 0.401027	H@5 0.467608	H@10 0.554463
INFO:meta-cli.py:Epoch 27/100	test results	MRR 0.358841	H@1 0.264023	H@3 0.395436	H@5 0.462987	H@10 0.550645
INFO:meta-cli.py:Epoch 28/100	Loss 11.4615 ± 0.2316
INFO:meta-cli.py:Epoch 29/100	Loss 11.4520 ± 0.2311
INFO:meta-cli.py:Epoch 30/100	Loss 11.4432 ± 0.2313
INFO:meta-cli.py:Epoch 30/100	dev results	MRR 0.364220	H@1 0.268606	H@3 0.401511	H@5 0.468149	H@10 0.552581
INFO:meta-cli.py:Epoch 30/100	test results	MRR 0.359167	H@1 0.263828	H@3 0.396609	H@5 0.463158	H@10 0.548788
INFO:meta-cli.py:Epoch 31/100	Loss 11.4347 ± 0.2266
INFO:meta-cli.py:Epoch 32/100	Loss 11.4268 ± 0.2281
INFO:meta-cli.py:Epoch 33/100	Loss 11.4192 ± 0.2237
INFO:meta-cli.py:Epoch 33/100	dev results	MRR 0.365156	H@1 0.270174	H@3 0.402595	H@5 0.467180	H@10 0.554862
INFO:meta-cli.py:Epoch 33/100	test results	MRR 0.359725	H@1 0.265123	H@3 0.395510	H@5 0.463036	H@10 0.550327
INFO:meta-cli.py:Epoch 34/100	Loss 11.4122 ± 0.2262
INFO:meta-cli.py:Epoch 35/100	Loss 11.4053 ± 0.2271
INFO:meta-cli.py:Epoch 36/100	Loss 11.3985 ± 0.2232
INFO:meta-cli.py:Epoch 36/100	dev results	MRR 0.364717	H@1 0.269689	H@3 0.401654	H@5 0.467294	H@10 0.554748
INFO:meta-cli.py:Epoch 36/100	test results	MRR 0.359437	H@1 0.265049	H@3 0.394288	H@5 0.463940	H@10 0.551158
INFO:meta-cli.py:Epoch 37/100	Loss 11.3925 ± 0.2274
INFO:meta-cli.py:Epoch 38/100	Loss 11.3864 ± 0.2246
INFO:meta-cli.py:Epoch 39/100	Loss 11.3807 ± 0.2260
INFO:meta-cli.py:Epoch 39/100	dev results	MRR 0.365410	H@1 0.270488	H@3 0.401597	H@5 0.468463	H@10 0.555004
INFO:meta-cli.py:Epoch 39/100	test results	MRR 0.360526	H@1 0.265758	H@3 0.396829	H@5 0.464673	H@10 0.551280
INFO:meta-cli.py:Epoch 40/100	Loss 11.3751 ± 0.2232
INFO:meta-cli.py:Epoch 41/100	Loss 11.3702 ± 0.2242
INFO:meta-cli.py:Epoch 42/100	Loss 11.3653 ± 0.2198
INFO:meta-cli.py:Epoch 42/100	dev results	MRR 0.366155	H@1 0.272284	H@3 0.400713	H@5 0.468092	H@10 0.555004
INFO:meta-cli.py:Epoch 42/100	test results	MRR 0.360254	H@1 0.265416	H@3 0.396096	H@5 0.464673	H@10 0.551793
INFO:meta-cli.py:Epoch 43/100	Loss 11.3603 ± 0.2220
INFO:meta-cli.py:Epoch 44/100	Loss 11.3557 ± 0.2248
INFO:meta-cli.py:Epoch 45/100	Loss 11.3518 ± 0.2254
INFO:meta-cli.py:Epoch 45/100	dev results	MRR 0.366753	H@1 0.272370	H@3 0.403935	H@5 0.468577	H@10 0.554634
INFO:meta-cli.py:Epoch 45/100	test results	MRR 0.360884	H@1 0.266198	H@3 0.396878	H@5 0.464673	H@10 0.551793
INFO:meta-cli.py:Epoch 46/100	Loss 11.3468 ± 0.2214
INFO:meta-cli.py:Epoch 47/100	Loss 11.3428 ± 0.2212
INFO:meta-cli.py:Epoch 48/100	Loss 11.3390 ± 0.2246
INFO:meta-cli.py:Epoch 48/100	dev results	MRR 0.366792	H@1 0.272284	H@3 0.403137	H@5 0.469319	H@10 0.555603
INFO:meta-cli.py:Epoch 48/100	test results	MRR 0.362138	H@1 0.267883	H@3 0.396927	H@5 0.464722	H@10 0.552355
INFO:meta-cli.py:Epoch 49/100	Loss 11.3350 ± 0.2248
INFO:meta-cli.py:Epoch 50/100	Loss 11.3314 ± 0.2229
INFO:meta-cli.py:Epoch 51/100	Loss 11.3274 ± 0.2222
INFO:meta-cli.py:Epoch 51/100	dev results	MRR 0.366889	H@1 0.271999	H@3 0.402737	H@5 0.471058	H@10 0.556373
INFO:meta-cli.py:Epoch 51/100	test results	MRR 0.361420	H@1 0.266979	H@3 0.396096	H@5 0.465919	H@10 0.551964
INFO:meta-cli.py:Epoch 52/100	Loss 11.3245 ± 0.2217
INFO:meta-cli.py:Epoch 53/100	Loss 11.3208 ± 0.2250
INFO:meta-cli.py:Epoch 54/100	Loss 11.3175 ± 0.2243
INFO:meta-cli.py:Epoch 54/100	dev results	MRR 0.366988	H@1 0.272512	H@3 0.402965	H@5 0.469404	H@10 0.555261
INFO:meta-cli.py:Epoch 54/100	test results	MRR 0.361012	H@1 0.266320	H@3 0.397171	H@5 0.464771	H@10 0.552990
INFO:meta-cli.py:Epoch 55/100	Loss 11.3140 ± 0.2183
INFO:meta-cli.py:Epoch 56/100	Loss 11.3115 ± 0.2179
INFO:meta-cli.py:Epoch 57/100	Loss 11.3085 ± 0.2196
INFO:meta-cli.py:Epoch 57/100	dev results	MRR 0.367433	H@1 0.272854	H@3 0.402937	H@5 0.469319	H@10 0.557713
INFO:meta-cli.py:Epoch 57/100	test results	MRR 0.361639	H@1 0.267297	H@3 0.395998	H@5 0.466066	H@10 0.553112
INFO:meta-cli.py:Epoch 58/100	Loss 11.3053 ± 0.2196
INFO:meta-cli.py:Epoch 59/100	Loss 11.3025 ± 0.2178
INFO:meta-cli.py:Epoch 60/100	Loss 11.2997 ± 0.2243
INFO:meta-cli.py:Epoch 60/100	dev results	MRR 0.367354	H@1 0.273054	H@3 0.404021	H@5 0.470174	H@10 0.556031
INFO:meta-cli.py:Epoch 60/100	test results	MRR 0.361988	H@1 0.268005	H@3 0.397537	H@5 0.465284	H@10 0.552770
INFO:meta-cli.py:Epoch 61/100	Loss 11.2967 ± 0.2154
INFO:meta-cli.py:Epoch 62/100	Loss 11.2944 ± 0.2204
INFO:meta-cli.py:Epoch 63/100	Loss 11.2917 ± 0.2177
INFO:meta-cli.py:Epoch 63/100	dev results	MRR 0.367766	H@1 0.273339	H@3 0.404962	H@5 0.471286	H@10 0.557257
INFO:meta-cli.py:Epoch 63/100	test results	MRR 0.361729	H@1 0.267053	H@3 0.398026	H@5 0.466310	H@10 0.552673
INFO:meta-cli.py:Epoch 64/100	Loss 11.2892 ± 0.2184
INFO:meta-cli.py:Epoch 65/100	Loss 11.2869 ± 0.2221
INFO:meta-cli.py:Epoch 66/100	Loss 11.2848 ± 0.2189
INFO:meta-cli.py:Epoch 66/100	dev results	MRR 0.367209	H@1 0.273025	H@3 0.402908	H@5 0.470259	H@10 0.557029
INFO:meta-cli.py:Epoch 66/100	test results	MRR 0.362064	H@1 0.267663	H@3 0.397342	H@5 0.465308	H@10 0.552526
INFO:meta-cli.py:Epoch 67/100	Loss 11.2820 ± 0.2202
INFO:meta-cli.py:Epoch 68/100	Loss 11.2799 ± 0.2191
INFO:meta-cli.py:Epoch 69/100	Loss 11.2773 ± 0.2204
INFO:meta-cli.py:Epoch 69/100	dev results	MRR 0.368409	H@1 0.274366	H@3 0.404021	H@5 0.472084	H@10 0.557257
INFO:meta-cli.py:Epoch 69/100	test results	MRR 0.362376	H@1 0.267688	H@3 0.398857	H@5 0.466847	H@10 0.553308
INFO:meta-cli.py:Epoch 70/100	Loss 11.2754 ± 0.2169
INFO:meta-cli.py:Epoch 71/100	Loss 11.2730 ± 0.2148
INFO:meta-cli.py:Epoch 72/100	Loss 11.2711 ± 0.2163
INFO:meta-cli.py:Epoch 72/100	dev results	MRR 0.368206	H@1 0.273795	H@3 0.404021	H@5 0.471143	H@10 0.557628
INFO:meta-cli.py:Epoch 72/100	test results	MRR 0.362152	H@1 0.267077	H@3 0.398563	H@5 0.466359	H@10 0.553528
INFO:meta-cli.py:Epoch 73/100	Loss 11.2693 ± 0.2125
INFO:meta-cli.py:Epoch 74/100	Loss 11.2673 ± 0.2235
INFO:meta-cli.py:Epoch 75/100	Loss 11.2654 ± 0.2197
INFO:meta-cli.py:Epoch 75/100	dev results	MRR 0.368080	H@1 0.273453	H@3 0.404847	H@5 0.470687	H@10 0.557371
INFO:meta-cli.py:Epoch 75/100	test results	MRR 0.362497	H@1 0.267859	H@3 0.398392	H@5 0.466286	H@10 0.552404
INFO:meta-cli.py:Epoch 76/100	Loss 11.2633 ± 0.2222
INFO:meta-cli.py:Epoch 77/100	Loss 11.2614 ± 0.2146
INFO:meta-cli.py:Epoch 78/100	Loss 11.2596 ± 0.2170
INFO:meta-cli.py:Epoch 78/100	dev results	MRR 0.368547	H@1 0.275278	H@3 0.403992	H@5 0.470545	H@10 0.556972
INFO:meta-cli.py:Epoch 78/100	test results	MRR 0.362908	H@1 0.268836	H@3 0.399272	H@5 0.465895	H@10 0.553186
INFO:meta-cli.py:Epoch 79/100	Loss 11.2579 ± 0.2161
INFO:meta-cli.py:Epoch 80/100	Loss 11.2564 ± 0.2149
INFO:meta-cli.py:Epoch 81/100	Loss 11.2547 ± 0.2151
INFO:meta-cli.py:Epoch 81/100	dev results	MRR 0.368593	H@1 0.274366	H@3 0.403935	H@5 0.471714	H@10 0.557742
INFO:meta-cli.py:Epoch 81/100	test results	MRR 0.362187	H@1 0.267883	H@3 0.397122	H@5 0.466163	H@10 0.554163
INFO:meta-cli.py:Epoch 82/100	Loss 11.2525 ± 0.2188
INFO:meta-cli.py:Epoch 83/100	Loss 11.2510 ± 0.2132
INFO:meta-cli.py:Epoch 84/100	Loss 11.2494 ± 0.2168
INFO:meta-cli.py:Epoch 84/100	dev results	MRR 0.368244	H@1 0.273681	H@3 0.404163	H@5 0.470915	H@10 0.558825
INFO:meta-cli.py:Epoch 84/100	test results	MRR 0.362852	H@1 0.268103	H@3 0.399052	H@5 0.466017	H@10 0.553381
INFO:meta-cli.py:Epoch 85/100	Loss 11.2479 ± 0.2163
INFO:meta-cli.py:Epoch 86/100	Loss 11.2464 ± 0.2102
INFO:meta-cli.py:Epoch 87/100	Loss 11.2448 ± 0.2114
INFO:meta-cli.py:Epoch 87/100	dev results	MRR 0.368393	H@1 0.273738	H@3 0.404962	H@5 0.472227	H@10 0.558426
INFO:meta-cli.py:Epoch 87/100	test results	MRR 0.362732	H@1 0.268005	H@3 0.399125	H@5 0.466115	H@10 0.553088
INFO:meta-cli.py:Epoch 88/100	Loss 11.2432 ± 0.2149
INFO:meta-cli.py:Epoch 89/100	Loss 11.2415 ± 0.2180
INFO:meta-cli.py:Epoch 90/100	Loss 11.2403 ± 0.2135
INFO:meta-cli.py:Epoch 90/100	dev results	MRR 0.368462	H@1 0.273767	H@3 0.405019	H@5 0.471486	H@10 0.558483
INFO:meta-cli.py:Epoch 90/100	test results	MRR 0.363409	H@1 0.268934	H@3 0.398539	H@5 0.467507	H@10 0.554505
INFO:meta-cli.py:Epoch 91/100	Loss 11.2388 ± 0.2153
INFO:meta-cli.py:Epoch 92/100	Loss 11.2375 ± 0.2132
INFO:meta-cli.py:Epoch 93/100	Loss 11.2361 ± 0.2191
INFO:meta-cli.py:Epoch 93/100	dev results	MRR 0.368617	H@1 0.274309	H@3 0.404676	H@5 0.471657	H@10 0.558312
INFO:meta-cli.py:Epoch 93/100	test results	MRR 0.363305	H@1 0.268616	H@3 0.399761	H@5 0.467507	H@10 0.553650
INFO:meta-cli.py:Epoch 94/100	Loss 11.2347 ± 0.2196
INFO:meta-cli.py:Epoch 95/100	Loss 11.2332 ± 0.2117
INFO:meta-cli.py:Epoch 96/100	Loss 11.2319 ± 0.2156
INFO:meta-cli.py:Epoch 96/100	dev results	MRR 0.368749	H@1 0.274451	H@3 0.404904	H@5 0.471571	H@10 0.557913
INFO:meta-cli.py:Epoch 96/100	test results	MRR 0.363257	H@1 0.268861	H@3 0.399516	H@5 0.466945	H@10 0.553210
INFO:meta-cli.py:Epoch 97/100	Loss 11.2305 ± 0.2200
INFO:meta-cli.py:Epoch 98/100	Loss 11.2294 ± 0.2145
INFO:meta-cli.py:Epoch 99/100	Loss 11.2284 ± 0.2161
INFO:meta-cli.py:Epoch 99/100	dev results	MRR 0.368859	H@1 0.274822	H@3 0.405047	H@5 0.471486	H@10 0.558740
INFO:meta-cli.py:Epoch 99/100	test results	MRR 0.363032	H@1 0.268372	H@3 0.399150	H@5 0.467092	H@10 0.554261
INFO:meta-cli.py:Epoch 100/100	Loss 11.2269 ± 0.2096
INFO:meta-cli.py:Final 	dev results	MRR 0.368496	H@1 0.274080	H@3 0.404163	H@5 0.470687	H@10 0.558996
INFO:meta-cli.py:Final 	test results	MRR 0.363222	H@1 0.268616	H@3 0.399248	H@5 0.467776	H@10 0.554310
INFO:meta-cli.py:Training finished
