./bin/meta-cli.py --train data/fb15k-237/train.tsv --dev data/fb15k-237/dev.tsv --test data/fb15k-237/test.tsv -m complex -k 2000 -b 1000 -e 100 --F2 0.001 --N3 0 -l 0.1 -I reciprocal -V 3 -o adagrad -q
{'F2': 0.001,
 'N3': 0.0,
 'batch_size': 1000,
 'dev': 'data/fb15k-237/dev.tsv',
 'embedding_size': 2000,
 'epochs': 100,
 'eval_batch_size': None,
 'input_type': 'reciprocal',
 'learning_rate': 0.1,
 'load': None,
 'model': 'complex',
 'optimizer': 'adagrad',
 'quiet': True,
 'save': None,
 'seed': 0,
 'test': 'data/fb15k-237/test.tsv',
 'test_i': None,
 'test_ii': None,
 'train': 'data/fb15k-237/train.tsv',
 'validate_every': 3}
INFO:meta-cli.py:Device: cuda
INFO:meta-cli.py:Model state:
INFO:meta-cli.py:	entities.weight	torch.Size([14541, 4000])
INFO:meta-cli.py:	predicates.weight	torch.Size([474, 4000])
INFO:meta-cli.py:Epoch 1/100	Loss 10.3529 ± 2.3529
INFO:meta-cli.py:Epoch 2/100	Loss 7.0892 ± 0.1048
INFO:meta-cli.py:Epoch 3/100	Loss 6.6434 ± 0.1569
INFO:meta-cli.py:Epoch 3/100	dev results	MRR 0.332488	H@1 0.244539	H@3 0.363730	H@5 0.424551	H@10 0.508098
INFO:meta-cli.py:Epoch 3/100	test results	MRR 0.326088	H@1 0.237443	H@3 0.358375	H@5 0.419965	H@10 0.503762
INFO:meta-cli.py:Epoch 4/100	Loss 6.4402 ± 0.1627
INFO:meta-cli.py:Epoch 5/100	Loss 6.3152 ± 0.1673
INFO:meta-cli.py:Epoch 6/100	Loss 6.2273 ± 0.1699
INFO:meta-cli.py:Epoch 6/100	dev results	MRR 0.340890	H@1 0.251925	H@3 0.373111	H@5 0.435757	H@10 0.522213
INFO:meta-cli.py:Epoch 6/100	test results	MRR 0.333089	H@1 0.241791	H@3 0.366217	H@5 0.432009	H@10 0.514512
INFO:meta-cli.py:Epoch 7/100	Loss 6.1625 ± 0.1685
INFO:meta-cli.py:Epoch 8/100	Loss 6.1099 ± 0.1699
INFO:meta-cli.py:Epoch 9/100	Loss 6.0680 ± 0.1664
INFO:meta-cli.py:Epoch 9/100	dev results	MRR 0.344509	H@1 0.254520	H@3 0.376647	H@5 0.439664	H@10 0.526661
INFO:meta-cli.py:Epoch 9/100	test results	MRR 0.336298	H@1 0.244601	H@3 0.369857	H@5 0.434355	H@10 0.518348
INFO:meta-cli.py:Epoch 10/100	Loss 6.0325 ± 0.1618
INFO:meta-cli.py:Epoch 11/100	Loss 6.0013 ± 0.1541
INFO:meta-cli.py:Epoch 12/100	Loss 5.9753 ± 0.1544
INFO:meta-cli.py:Epoch 12/100	dev results	MRR 0.348712	H@1 0.259281	H@3 0.382635	H@5 0.442543	H@10 0.528514
INFO:meta-cli.py:Epoch 12/100	test results	MRR 0.340978	H@1 0.250855	H@3 0.373717	H@5 0.435894	H@10 0.522110
INFO:meta-cli.py:Epoch 13/100	Loss 5.9522 ± 0.1572
INFO:meta-cli.py:Epoch 14/100	Loss 5.9313 ± 0.1524
INFO:meta-cli.py:Epoch 15/100	Loss 5.9123 ± 0.1414
INFO:meta-cli.py:Epoch 15/100	dev results	MRR 0.347917	H@1 0.258027	H@3 0.381437	H@5 0.442287	H@10 0.528942
INFO:meta-cli.py:Epoch 15/100	test results	MRR 0.341173	H@1 0.250269	H@3 0.375965	H@5 0.438386	H@10 0.521670
INFO:meta-cli.py:Epoch 16/100	Loss 5.8957 ± 0.1454
INFO:meta-cli.py:Epoch 17/100	Loss 5.8804 ± 0.1442
INFO:meta-cli.py:Epoch 18/100	Loss 5.8657 ± 0.1383
INFO:meta-cli.py:Epoch 18/100	dev results	MRR 0.350308	H@1 0.260793	H@3 0.383861	H@5 0.443627	H@10 0.532364
INFO:meta-cli.py:Epoch 18/100	test results	MRR 0.341931	H@1 0.252052	H@3 0.374328	H@5 0.438630	H@10 0.524357
INFO:meta-cli.py:Epoch 19/100	Loss 5.8531 ± 0.1395
INFO:meta-cli.py:Epoch 20/100	Loss 5.8401 ± 0.1352
INFO:meta-cli.py:Epoch 21/100	Loss 5.8294 ± 0.1330
INFO:meta-cli.py:Epoch 21/100	dev results	MRR 0.350764	H@1 0.261506	H@3 0.383918	H@5 0.444026	H@10 0.531679
INFO:meta-cli.py:Epoch 21/100	test results	MRR 0.342216	H@1 0.251051	H@3 0.376331	H@5 0.439827	H@10 0.524406
INFO:meta-cli.py:Epoch 22/100	Loss 5.8179 ± 0.1378
INFO:meta-cli.py:Epoch 23/100	Loss 5.8091 ± 0.1352
INFO:meta-cli.py:Epoch 24/100	Loss 5.7993 ± 0.1345
INFO:meta-cli.py:Epoch 24/100	dev results	MRR 0.350266	H@1 0.260736	H@3 0.382236	H@5 0.442715	H@10 0.532107
INFO:meta-cli.py:Epoch 24/100	test results	MRR 0.342751	H@1 0.252296	H@3 0.375428	H@5 0.439705	H@10 0.524504
INFO:meta-cli.py:Epoch 25/100	Loss 5.7910 ± 0.1329
INFO:meta-cli.py:Epoch 26/100	Loss 5.7824 ± 0.1309
INFO:meta-cli.py:Epoch 27/100	Loss 5.7742 ± 0.1339
INFO:meta-cli.py:Epoch 27/100	dev results	MRR 0.350986	H@1 0.261534	H@3 0.384773	H@5 0.444140	H@10 0.530311
INFO:meta-cli.py:Epoch 27/100	test results	MRR 0.342548	H@1 0.251295	H@3 0.376356	H@5 0.441317	H@10 0.524211
INFO:meta-cli.py:Epoch 28/100	Loss 5.7672 ± 0.1325
INFO:meta-cli.py:Epoch 29/100	Loss 5.7601 ± 0.1298
INFO:meta-cli.py:Epoch 30/100	Loss 5.7530 ± 0.1282
INFO:meta-cli.py:Epoch 30/100	dev results	MRR 0.350646	H@1 0.261563	H@3 0.382806	H@5 0.444511	H@10 0.530910
INFO:meta-cli.py:Epoch 30/100	test results	MRR 0.342570	H@1 0.251930	H@3 0.375696	H@5 0.441097	H@10 0.524089
INFO:meta-cli.py:Epoch 31/100	Loss 5.7466 ± 0.1269
INFO:meta-cli.py:Epoch 32/100	Loss 5.7408 ± 0.1313
INFO:meta-cli.py:Epoch 33/100	Loss 5.7347 ± 0.1262
INFO:meta-cli.py:Epoch 33/100	dev results	MRR 0.350705	H@1 0.260764	H@3 0.383861	H@5 0.444910	H@10 0.532307
INFO:meta-cli.py:Epoch 33/100	test results	MRR 0.342474	H@1 0.251735	H@3 0.375599	H@5 0.441586	H@10 0.525188
INFO:meta-cli.py:Epoch 34/100	Loss 5.7291 ± 0.1245
INFO:meta-cli.py:Epoch 35/100	Loss 5.7242 ± 0.1250
INFO:meta-cli.py:Epoch 36/100	Loss 5.7185 ± 0.1255
INFO:meta-cli.py:Epoch 36/100	dev results	MRR 0.352005	H@1 0.263102	H@3 0.385058	H@5 0.445338	H@10 0.531052
INFO:meta-cli.py:Epoch 36/100	test results	MRR 0.343630	H@1 0.253713	H@3 0.375721	H@5 0.440609	H@10 0.524113
INFO:meta-cli.py:Epoch 37/100	Loss 5.7136 ± 0.1223
INFO:meta-cli.py:Epoch 38/100	Loss 5.7092 ± 0.1226
INFO:meta-cli.py:Epoch 39/100	Loss 5.7039 ± 0.1178
INFO:meta-cli.py:Epoch 39/100	dev results	MRR 0.350645	H@1 0.261106	H@3 0.383547	H@5 0.443256	H@10 0.531337
INFO:meta-cli.py:Epoch 39/100	test results	MRR 0.343816	H@1 0.253665	H@3 0.376551	H@5 0.440633	H@10 0.525115
INFO:meta-cli.py:Epoch 40/100	Loss 5.6999 ± 0.1180
INFO:meta-cli.py:Epoch 41/100	Loss 5.6951 ± 0.1186
INFO:meta-cli.py:Epoch 42/100	Loss 5.6906 ± 0.1175
INFO:meta-cli.py:Epoch 42/100	dev results	MRR 0.351528	H@1 0.262218	H@3 0.385429	H@5 0.444482	H@10 0.530653
INFO:meta-cli.py:Epoch 42/100	test results	MRR 0.342806	H@1 0.251637	H@3 0.377040	H@5 0.440731	H@10 0.525921
INFO:meta-cli.py:Epoch 43/100	Loss 5.6876 ± 0.1227
INFO:meta-cli.py:Epoch 44/100	Loss 5.6833 ± 0.1206
INFO:meta-cli.py:Epoch 45/100	Loss 5.6793 ± 0.1164
INFO:meta-cli.py:Epoch 45/100	dev results	MRR 0.350785	H@1 0.261620	H@3 0.383889	H@5 0.442658	H@10 0.530596
INFO:meta-cli.py:Epoch 45/100	test results	MRR 0.343102	H@1 0.253347	H@3 0.375428	H@5 0.439558	H@10 0.525213
INFO:meta-cli.py:Epoch 46/100	Loss 5.6757 ± 0.1136
INFO:meta-cli.py:Epoch 47/100	Loss 5.6720 ± 0.1121
INFO:meta-cli.py:Epoch 48/100	Loss 5.6684 ± 0.1179
INFO:meta-cli.py:Epoch 48/100	dev results	MRR 0.350575	H@1 0.261135	H@3 0.383519	H@5 0.443228	H@10 0.531337
INFO:meta-cli.py:Epoch 48/100	test results	MRR 0.342979	H@1 0.252785	H@3 0.376185	H@5 0.440291	H@10 0.524675
INFO:meta-cli.py:Epoch 49/100	Loss 5.6654 ± 0.1156
INFO:meta-cli.py:Epoch 50/100	Loss 5.6621 ± 0.1154
INFO:meta-cli.py:Epoch 51/100	Loss 5.6591 ± 0.1111
INFO:meta-cli.py:Epoch 51/100	dev results	MRR 0.350684	H@1 0.261334	H@3 0.383975	H@5 0.443513	H@10 0.531908
INFO:meta-cli.py:Epoch 51/100	test results	MRR 0.342727	H@1 0.252199	H@3 0.376185	H@5 0.440462	H@10 0.524211
INFO:meta-cli.py:Epoch 52/100	Loss 5.6557 ± 0.1098
INFO:meta-cli.py:Epoch 53/100	Loss 5.6526 ± 0.1114
INFO:meta-cli.py:Epoch 54/100	Loss 5.6494 ± 0.1121
INFO:meta-cli.py:Epoch 54/100	dev results	MRR 0.350899	H@1 0.261762	H@3 0.383804	H@5 0.443541	H@10 0.531508
INFO:meta-cli.py:Epoch 54/100	test results	MRR 0.342468	H@1 0.251735	H@3 0.375672	H@5 0.440291	H@10 0.524357
INFO:meta-cli.py:Epoch 55/100	Loss 5.6469 ± 0.1142
INFO:meta-cli.py:Epoch 56/100	Loss 5.6438 ± 0.1119
INFO:meta-cli.py:Epoch 57/100	Loss 5.6417 ± 0.1136
INFO:meta-cli.py:Epoch 57/100	dev results	MRR 0.350421	H@1 0.261449	H@3 0.382891	H@5 0.443884	H@10 0.529741
INFO:meta-cli.py:Epoch 57/100	test results	MRR 0.342781	H@1 0.252761	H@3 0.375623	H@5 0.440096	H@10 0.524382
INFO:meta-cli.py:Epoch 58/100	Loss 5.6383 ± 0.1115
INFO:meta-cli.py:Epoch 59/100	Loss 5.6360 ± 0.1097
INFO:meta-cli.py:Epoch 60/100	Loss 5.6334 ± 0.1079
INFO:meta-cli.py:Epoch 60/100	dev results	MRR 0.350495	H@1 0.261049	H@3 0.384175	H@5 0.443599	H@10 0.531908
INFO:meta-cli.py:Epoch 60/100	test results	MRR 0.342931	H@1 0.253029	H@3 0.375501	H@5 0.439900	H@10 0.523454
INFO:meta-cli.py:Epoch 61/100	Loss 5.6312 ± 0.1126
INFO:meta-cli.py:Epoch 62/100	Loss 5.6285 ± 0.1105
INFO:meta-cli.py:Epoch 63/100	Loss 5.6264 ± 0.1087
INFO:meta-cli.py:Epoch 63/100	dev results	MRR 0.350600	H@1 0.261620	H@3 0.382606	H@5 0.444055	H@10 0.531280
INFO:meta-cli.py:Epoch 63/100	test results	MRR 0.343210	H@1 0.253103	H@3 0.375867	H@5 0.440340	H@10 0.524406
INFO:meta-cli.py:Epoch 64/100	Loss 5.6241 ± 0.1051
INFO:meta-cli.py:Epoch 65/100	Loss 5.6216 ± 0.1079
INFO:meta-cli.py:Epoch 66/100	Loss 5.6192 ± 0.1009
INFO:meta-cli.py:Epoch 66/100	dev results	MRR 0.350398	H@1 0.261163	H@3 0.382806	H@5 0.443713	H@10 0.530425
INFO:meta-cli.py:Epoch 66/100	test results	MRR 0.342604	H@1 0.252516	H@3 0.375012	H@5 0.439094	H@10 0.524333
INFO:meta-cli.py:Epoch 67/100	Loss 5.6173 ± 0.1078
INFO:meta-cli.py:Epoch 68/100	Loss 5.6154 ± 0.1091
INFO:meta-cli.py:Epoch 69/100	Loss 5.6133 ± 0.1058
INFO:meta-cli.py:Epoch 69/100	dev results	MRR 0.350944	H@1 0.261791	H@3 0.383718	H@5 0.443998	H@10 0.531651
INFO:meta-cli.py:Epoch 69/100	test results	MRR 0.342534	H@1 0.251979	H@3 0.375623	H@5 0.440438	H@10 0.524626
INFO:meta-cli.py:Epoch 70/100	Loss 5.6110 ± 0.1077
INFO:meta-cli.py:Epoch 71/100	Loss 5.6097 ± 0.1100
INFO:meta-cli.py:Epoch 72/100	Loss 5.6069 ± 0.1054
INFO:meta-cli.py:Epoch 72/100	dev results	MRR 0.349683	H@1 0.259852	H@3 0.383262	H@5 0.443342	H@10 0.530910
INFO:meta-cli.py:Epoch 72/100	test results	MRR 0.342084	H@1 0.251735	H@3 0.375134	H@5 0.440096	H@10 0.523844
INFO:meta-cli.py:Epoch 73/100	Loss 5.6050 ± 0.1035
INFO:meta-cli.py:Epoch 74/100	Loss 5.6031 ± 0.1090
INFO:meta-cli.py:Epoch 75/100	Loss 5.6017 ± 0.1034
INFO:meta-cli.py:Epoch 75/100	dev results	MRR 0.349895	H@1 0.260536	H@3 0.382150	H@5 0.443599	H@10 0.531565
INFO:meta-cli.py:Epoch 75/100	test results	MRR 0.342156	H@1 0.251588	H@3 0.375916	H@5 0.439998	H@10 0.523991
INFO:meta-cli.py:Epoch 76/100	Loss 5.6000 ± 0.1045
INFO:meta-cli.py:Epoch 77/100	Loss 5.5979 ± 0.1013
INFO:meta-cli.py:Epoch 78/100	Loss 5.5963 ± 0.1054
INFO:meta-cli.py:Epoch 78/100	dev results	MRR 0.349867	H@1 0.260878	H@3 0.380924	H@5 0.443000	H@10 0.530282
INFO:meta-cli.py:Epoch 78/100	test results	MRR 0.341923	H@1 0.251783	H@3 0.375037	H@5 0.439290	H@10 0.522940
INFO:meta-cli.py:Epoch 79/100	Loss 5.5944 ± 0.1020
INFO:meta-cli.py:Epoch 80/100	Loss 5.5927 ± 0.1017
INFO:meta-cli.py:Epoch 81/100	Loss 5.5912 ± 0.1082
INFO:meta-cli.py:Epoch 81/100	dev results	MRR 0.349978	H@1 0.260365	H@3 0.382891	H@5 0.444340	H@10 0.531708
INFO:meta-cli.py:Epoch 81/100	test results	MRR 0.342567	H@1 0.252077	H@3 0.376136	H@5 0.440047	H@10 0.523844
INFO:meta-cli.py:Epoch 82/100	Loss 5.5896 ± 0.1076
INFO:meta-cli.py:Epoch 83/100	Loss 5.5881 ± 0.1012
INFO:meta-cli.py:Epoch 84/100	Loss 5.5863 ± 0.0984
INFO:meta-cli.py:Epoch 84/100	dev results	MRR 0.349714	H@1 0.260222	H@3 0.382549	H@5 0.443770	H@10 0.531024
INFO:meta-cli.py:Epoch 84/100	test results	MRR 0.342373	H@1 0.252223	H@3 0.375672	H@5 0.440022	H@10 0.524406
INFO:meta-cli.py:Epoch 85/100	Loss 5.5848 ± 0.0989
INFO:meta-cli.py:Epoch 86/100	Loss 5.5837 ± 0.0996
INFO:meta-cli.py:Epoch 87/100	Loss 5.5816 ± 0.1001
INFO:meta-cli.py:Epoch 87/100	dev results	MRR 0.350071	H@1 0.261220	H@3 0.381950	H@5 0.441859	H@10 0.530710
INFO:meta-cli.py:Epoch 87/100	test results	MRR 0.342351	H@1 0.252199	H@3 0.374621	H@5 0.439851	H@10 0.523283
INFO:meta-cli.py:Epoch 88/100	Loss 5.5806 ± 0.1013
INFO:meta-cli.py:Epoch 89/100	Loss 5.5787 ± 0.1003
INFO:meta-cli.py:Epoch 90/100	Loss 5.5776 ± 0.1038
INFO:meta-cli.py:Epoch 90/100	dev results	MRR 0.349567	H@1 0.260508	H@3 0.381637	H@5 0.442344	H@10 0.529798
INFO:meta-cli.py:Epoch 90/100	test results	MRR 0.341572	H@1 0.251124	H@3 0.374841	H@5 0.439680	H@10 0.524064
INFO:meta-cli.py:Epoch 91/100	Loss 5.5764 ± 0.0980
INFO:meta-cli.py:Epoch 92/100	Loss 5.5744 ± 0.1008
INFO:meta-cli.py:Epoch 93/100	Loss 5.5730 ± 0.0950
INFO:meta-cli.py:Epoch 93/100	dev results	MRR 0.350148	H@1 0.260907	H@3 0.382891	H@5 0.442429	H@10 0.530710
INFO:meta-cli.py:Epoch 93/100	test results	MRR 0.342246	H@1 0.251979	H@3 0.375134	H@5 0.439241	H@10 0.523576
INFO:meta-cli.py:Epoch 94/100	Loss 5.5723 ± 0.1012
INFO:meta-cli.py:Epoch 95/100	Loss 5.5706 ± 0.0999
INFO:meta-cli.py:Epoch 96/100	Loss 5.5692 ± 0.0980
INFO:meta-cli.py:Epoch 96/100	dev results	MRR 0.349457	H@1 0.260051	H@3 0.381836	H@5 0.443057	H@10 0.530396
INFO:meta-cli.py:Epoch 96/100	test results	MRR 0.341919	H@1 0.251808	H@3 0.375623	H@5 0.438777	H@10 0.523234
INFO:meta-cli.py:Epoch 97/100	Loss 5.5678 ± 0.1029
INFO:meta-cli.py:Epoch 98/100	Loss 5.5669 ± 0.0928
INFO:meta-cli.py:Epoch 99/100	Loss 5.5656 ± 0.1020
INFO:meta-cli.py:Epoch 99/100	dev results	MRR 0.348919	H@1 0.259338	H@3 0.382064	H@5 0.442971	H@10 0.530111
INFO:meta-cli.py:Epoch 99/100	test results	MRR 0.342063	H@1 0.251979	H@3 0.375452	H@5 0.439705	H@10 0.523429
INFO:meta-cli.py:Epoch 100/100	Loss 5.5641 ± 0.1008
INFO:meta-cli.py:Final 	dev results	MRR 0.349136	H@1 0.259453	H@3 0.381494	H@5 0.442658	H@10 0.531024
INFO:meta-cli.py:Final 	test results	MRR 0.341991	H@1 0.251881	H@3 0.374792	H@5 0.439290	H@10 0.523454
INFO:meta-cli.py:Training finished
