./bin/meta-cli.py --train data/fb15k-237/train.tsv --dev data/fb15k-237/dev.tsv --test data/fb15k-237/test.tsv -m complex -k 4000 -b 1000 -e 100 --F2 0.005 --N3 0 -l 0.1 -I reciprocal -V 3 -o adagrad -q
{'F2': 0.005,
 'N3': 0.0,
 'batch_size': 1000,
 'dev': 'data/fb15k-237/dev.tsv',
 'embedding_size': 4000,
 'epochs': 100,
 'eval_batch_size': None,
 'input_type': 'reciprocal',
 'learning_rate': 0.1,
 'load': None,
 'model': 'complex',
 'optimizer': 'adagrad',
 'quiet': True,
 'save': None,
 'seed': 0,
 'test': 'data/fb15k-237/test.tsv',
 'test_i': None,
 'test_ii': None,
 'train': 'data/fb15k-237/train.tsv',
 'validate_every': 3}
INFO:meta-cli.py:Device: cuda
INFO:meta-cli.py:Model state:
INFO:meta-cli.py:	entities.weight	torch.Size([14541, 8000])
INFO:meta-cli.py:	predicates.weight	torch.Size([474, 8000])
INFO:meta-cli.py:Epoch 1/100	Loss 11.8068 ± 2.5400
INFO:meta-cli.py:Epoch 2/100	Loss 8.2912 ± 0.1077
INFO:meta-cli.py:Epoch 3/100	Loss 7.6660 ± 0.1130
INFO:meta-cli.py:Epoch 3/100	dev results	MRR 0.337647	H@1 0.246878	H@3 0.369917	H@5 0.435301	H@10 0.520473
INFO:meta-cli.py:Epoch 3/100	test results	MRR 0.331788	H@1 0.241449	H@3 0.363383	H@5 0.428467	H@10 0.512215
INFO:meta-cli.py:Epoch 4/100	Loss 7.3643 ± 0.1255
INFO:meta-cli.py:Epoch 5/100	Loss 7.1779 ± 0.1342
INFO:meta-cli.py:Epoch 6/100	Loss 7.0491 ± 0.1390
INFO:meta-cli.py:Epoch 6/100	dev results	MRR 0.343488	H@1 0.252609	H@3 0.377673	H@5 0.440034	H@10 0.524693
INFO:meta-cli.py:Epoch 6/100	test results	MRR 0.336842	H@1 0.246409	H@3 0.368440	H@5 0.434452	H@10 0.518494
INFO:meta-cli.py:Epoch 7/100	Loss 6.9547 ± 0.1400
INFO:meta-cli.py:Epoch 8/100	Loss 6.8804 ± 0.1430
INFO:meta-cli.py:Epoch 9/100	Loss 6.8216 ± 0.1407
INFO:meta-cli.py:Epoch 9/100	dev results	MRR 0.344139	H@1 0.253693	H@3 0.375421	H@5 0.439749	H@10 0.528429
INFO:meta-cli.py:Epoch 9/100	test results	MRR 0.336806	H@1 0.245334	H@3 0.369393	H@5 0.434721	H@10 0.522427
INFO:meta-cli.py:Epoch 10/100	Loss 6.7727 ± 0.1376
INFO:meta-cli.py:Epoch 11/100	Loss 6.7305 ± 0.1304
INFO:meta-cli.py:Epoch 12/100	Loss 6.6951 ± 0.1317
INFO:meta-cli.py:Epoch 12/100	dev results	MRR 0.346228	H@1 0.255204	H@3 0.379641	H@5 0.444283	H@10 0.529997
INFO:meta-cli.py:Epoch 12/100	test results	MRR 0.339548	H@1 0.248632	H@3 0.372471	H@5 0.438166	H@10 0.522085
INFO:meta-cli.py:Epoch 13/100	Loss 6.6642 ± 0.1351
INFO:meta-cli.py:Epoch 14/100	Loss 6.6365 ± 0.1315
INFO:meta-cli.py:Epoch 15/100	Loss 6.6116 ± 0.1210
INFO:meta-cli.py:Epoch 15/100	dev results	MRR 0.345761	H@1 0.255118	H@3 0.379327	H@5 0.443028	H@10 0.526889
INFO:meta-cli.py:Epoch 15/100	test results	MRR 0.339459	H@1 0.249243	H@3 0.372349	H@5 0.437995	H@10 0.520204
INFO:meta-cli.py:Epoch 16/100	Loss 6.5899 ± 0.1252
INFO:meta-cli.py:Epoch 17/100	Loss 6.5701 ± 0.1244
INFO:meta-cli.py:Epoch 18/100	Loss 6.5512 ± 0.1188
INFO:meta-cli.py:Epoch 18/100	dev results	MRR 0.345176	H@1 0.254463	H@3 0.378415	H@5 0.441374	H@10 0.529284
INFO:meta-cli.py:Epoch 18/100	test results	MRR 0.339389	H@1 0.248607	H@3 0.372569	H@5 0.436846	H@10 0.521401
INFO:meta-cli.py:Epoch 19/100	Loss 6.5348 ± 0.1201
INFO:meta-cli.py:Epoch 20/100	Loss 6.5183 ± 0.1166
INFO:meta-cli.py:Epoch 21/100	Loss 6.5046 ± 0.1139
INFO:meta-cli.py:Epoch 21/100	dev results	MRR 0.345551	H@1 0.255118	H@3 0.378015	H@5 0.442059	H@10 0.528999
INFO:meta-cli.py:Epoch 21/100	test results	MRR 0.339255	H@1 0.247777	H@3 0.372887	H@5 0.437164	H@10 0.520913
INFO:meta-cli.py:Epoch 22/100	Loss 6.4904 ± 0.1194
INFO:meta-cli.py:Epoch 23/100	Loss 6.4789 ± 0.1170
INFO:meta-cli.py:Epoch 24/100	Loss 6.4667 ± 0.1163
INFO:meta-cli.py:Epoch 24/100	dev results	MRR 0.344892	H@1 0.253664	H@3 0.378500	H@5 0.442458	H@10 0.527402
INFO:meta-cli.py:Epoch 24/100	test results	MRR 0.338866	H@1 0.247655	H@3 0.371910	H@5 0.437066	H@10 0.520693
INFO:meta-cli.py:Epoch 25/100	Loss 6.4561 ± 0.1152
INFO:meta-cli.py:Epoch 26/100	Loss 6.4453 ± 0.1131
INFO:meta-cli.py:Epoch 27/100	Loss 6.4352 ± 0.1158
INFO:meta-cli.py:Epoch 27/100	dev results	MRR 0.344822	H@1 0.253892	H@3 0.379156	H@5 0.440719	H@10 0.527317
INFO:meta-cli.py:Epoch 27/100	test results	MRR 0.338573	H@1 0.247142	H@3 0.373107	H@5 0.436969	H@10 0.520449
INFO:meta-cli.py:Epoch 28/100	Loss 6.4263 ± 0.1145
INFO:meta-cli.py:Epoch 29/100	Loss 6.4174 ± 0.1124
INFO:meta-cli.py:Epoch 30/100	Loss 6.4087 ± 0.1111
INFO:meta-cli.py:Epoch 30/100	dev results	MRR 0.344180	H@1 0.253236	H@3 0.377702	H@5 0.441888	H@10 0.526005
INFO:meta-cli.py:Epoch 30/100	test results	MRR 0.338041	H@1 0.246531	H@3 0.372032	H@5 0.436553	H@10 0.520791
INFO:meta-cli.py:Epoch 31/100	Loss 6.4006 ± 0.1101
INFO:meta-cli.py:Epoch 32/100	Loss 6.3932 ± 0.1141
INFO:meta-cli.py:Epoch 33/100	Loss 6.3857 ± 0.1098
INFO:meta-cli.py:Epoch 33/100	dev results	MRR 0.343948	H@1 0.253094	H@3 0.376818	H@5 0.440776	H@10 0.526575
INFO:meta-cli.py:Epoch 33/100	test results	MRR 0.338180	H@1 0.246629	H@3 0.372569	H@5 0.437189	H@10 0.519325
INFO:meta-cli.py:Epoch 34/100	Loss 6.3787 ± 0.1075
INFO:meta-cli.py:Epoch 35/100	Loss 6.3724 ± 0.1089
INFO:meta-cli.py:Epoch 36/100	Loss 6.3655 ± 0.1095
INFO:meta-cli.py:Epoch 36/100	dev results	MRR 0.343804	H@1 0.252866	H@3 0.376960	H@5 0.439949	H@10 0.525264
INFO:meta-cli.py:Epoch 36/100	test results	MRR 0.337587	H@1 0.246213	H@3 0.371323	H@5 0.436016	H@10 0.518763
INFO:meta-cli.py:Epoch 37/100	Loss 6.3593 ± 0.1063
INFO:meta-cli.py:Epoch 38/100	Loss 6.3537 ± 0.1071
INFO:meta-cli.py:Epoch 39/100	Loss 6.3473 ± 0.1025
INFO:meta-cli.py:Epoch 39/100	dev results	MRR 0.342848	H@1 0.252067	H@3 0.376675	H@5 0.438780	H@10 0.524152
INFO:meta-cli.py:Epoch 39/100	test results	MRR 0.337456	H@1 0.246213	H@3 0.371910	H@5 0.436407	H@10 0.518323
INFO:meta-cli.py:Epoch 40/100	Loss 6.3422 ± 0.1023
INFO:meta-cli.py:Epoch 41/100	Loss 6.3363 ± 0.1033
INFO:meta-cli.py:Epoch 42/100	Loss 6.3308 ± 0.1026
INFO:meta-cli.py:Epoch 42/100	dev results	MRR 0.342465	H@1 0.251497	H@3 0.376533	H@5 0.439008	H@10 0.524750
INFO:meta-cli.py:Epoch 42/100	test results	MRR 0.337376	H@1 0.246604	H@3 0.372007	H@5 0.436065	H@10 0.517321
INFO:meta-cli.py:Epoch 43/100	Loss 6.3268 ± 0.1076
INFO:meta-cli.py:Epoch 44/100	Loss 6.3215 ± 0.1053
INFO:meta-cli.py:Epoch 45/100	Loss 6.3165 ± 0.1011
INFO:meta-cli.py:Epoch 45/100	dev results	MRR 0.341904	H@1 0.251269	H@3 0.375877	H@5 0.438209	H@10 0.523011
INFO:meta-cli.py:Epoch 45/100	test results	MRR 0.336584	H@1 0.245554	H@3 0.370566	H@5 0.434794	H@10 0.517663
INFO:meta-cli.py:Epoch 46/100	Loss 6.3120 ± 0.0986
INFO:meta-cli.py:Epoch 47/100	Loss 6.3074 ± 0.0976
INFO:meta-cli.py:Epoch 48/100	Loss 6.3030 ± 0.1028
INFO:meta-cli.py:Epoch 48/100	dev results	MRR 0.341896	H@1 0.251526	H@3 0.374337	H@5 0.438124	H@10 0.524579
INFO:meta-cli.py:Epoch 48/100	test results	MRR 0.335908	H@1 0.244674	H@3 0.370468	H@5 0.434770	H@10 0.517834
INFO:meta-cli.py:Epoch 49/100	Loss 6.2990 ± 0.1009
INFO:meta-cli.py:Epoch 50/100	Loss 6.2949 ± 0.1007
INFO:meta-cli.py:Epoch 51/100	Loss 6.2910 ± 0.0968
INFO:meta-cli.py:Epoch 51/100	dev results	MRR 0.341456	H@1 0.250784	H@3 0.375421	H@5 0.437839	H@10 0.524152
INFO:meta-cli.py:Epoch 51/100	test results	MRR 0.335756	H@1 0.244576	H@3 0.370639	H@5 0.434257	H@10 0.517663
INFO:meta-cli.py:Epoch 52/100	Loss 6.2869 ± 0.0959
INFO:meta-cli.py:Epoch 53/100	Loss 6.2830 ± 0.0976
INFO:meta-cli.py:Epoch 54/100	Loss 6.2791 ± 0.0976
INFO:meta-cli.py:Epoch 54/100	dev results	MRR 0.340830	H@1 0.249530	H@3 0.374850	H@5 0.437382	H@10 0.522241
INFO:meta-cli.py:Epoch 54/100	test results	MRR 0.334749	H@1 0.243159	H@3 0.370126	H@5 0.433622	H@10 0.516442
INFO:meta-cli.py:Epoch 55/100	Loss 6.2758 ± 0.1003
INFO:meta-cli.py:Epoch 56/100	Loss 6.2719 ± 0.0983
INFO:meta-cli.py:Epoch 57/100	Loss 6.2690 ± 0.1000
INFO:meta-cli.py:Epoch 57/100	dev results	MRR 0.340725	H@1 0.249872	H@3 0.374622	H@5 0.437069	H@10 0.522099
INFO:meta-cli.py:Epoch 57/100	test results	MRR 0.335161	H@1 0.244308	H@3 0.370150	H@5 0.434843	H@10 0.515220
INFO:meta-cli.py:Epoch 58/100	Loss 6.2649 ± 0.0972
INFO:meta-cli.py:Epoch 59/100	Loss 6.2619 ± 0.0964
INFO:meta-cli.py:Epoch 60/100	Loss 6.2587 ± 0.0947
INFO:meta-cli.py:Epoch 60/100	dev results	MRR 0.340063	H@1 0.248931	H@3 0.374137	H@5 0.437439	H@10 0.522241
INFO:meta-cli.py:Epoch 60/100	test results	MRR 0.334886	H@1 0.244137	H@3 0.369784	H@5 0.432253	H@10 0.515245
INFO:meta-cli.py:Epoch 61/100	Loss 6.2557 ± 0.0990
INFO:meta-cli.py:Epoch 62/100	Loss 6.2524 ± 0.0966
INFO:meta-cli.py:Epoch 63/100	Loss 6.2497 ± 0.0956
INFO:meta-cli.py:Epoch 63/100	dev results	MRR 0.340628	H@1 0.250242	H@3 0.374394	H@5 0.436356	H@10 0.521101
INFO:meta-cli.py:Epoch 63/100	test results	MRR 0.334982	H@1 0.244356	H@3 0.370395	H@5 0.432473	H@10 0.515025
INFO:meta-cli.py:Epoch 64/100	Loss 6.2467 ± 0.0912
INFO:meta-cli.py:Epoch 65/100	Loss 6.2437 ± 0.0947
INFO:meta-cli.py:Epoch 66/100	Loss 6.2406 ± 0.0887
INFO:meta-cli.py:Epoch 66/100	dev results	MRR 0.340083	H@1 0.249301	H@3 0.374251	H@5 0.435415	H@10 0.520530
INFO:meta-cli.py:Epoch 66/100	test results	MRR 0.334445	H@1 0.243843	H@3 0.369222	H@5 0.432547	H@10 0.514854
INFO:meta-cli.py:Epoch 67/100	Loss 6.2380 ± 0.0948
INFO:meta-cli.py:Epoch 68/100	Loss 6.2355 ± 0.0960
INFO:meta-cli.py:Epoch 69/100	Loss 6.2328 ± 0.0931
INFO:meta-cli.py:Epoch 69/100	dev results	MRR 0.340262	H@1 0.249815	H@3 0.373909	H@5 0.434788	H@10 0.520730
INFO:meta-cli.py:Epoch 69/100	test results	MRR 0.334116	H@1 0.243501	H@3 0.368367	H@5 0.433084	H@10 0.515294
INFO:meta-cli.py:Epoch 70/100	Loss 6.2300 ± 0.0951
INFO:meta-cli.py:Epoch 71/100	Loss 6.2280 ± 0.0969
INFO:meta-cli.py:Epoch 72/100	Loss 6.2247 ± 0.0927
INFO:meta-cli.py:Epoch 72/100	dev results	MRR 0.338968	H@1 0.248075	H@3 0.373139	H@5 0.435187	H@10 0.520445
INFO:meta-cli.py:Epoch 72/100	test results	MRR 0.333486	H@1 0.242720	H@3 0.368416	H@5 0.431667	H@10 0.514414
INFO:meta-cli.py:Epoch 73/100	Loss nan ± nan
INFO:meta-cli.py:Epoch 74/100	Loss nan ± nan
INFO:meta-cli.py:Epoch 75/100	Loss nan ± nan
INFO:meta-cli.py:Epoch 75/100	dev results	MRR 0.000434	H@1 0.000000	H@3 0.000000	H@5 0.000057	H@10 0.000057
INFO:meta-cli.py:Epoch 75/100	test results	MRR 0.000421	H@1 0.000000	H@3 0.000000	H@5 0.000000	H@10 0.000024
INFO:meta-cli.py:Epoch 76/100	Loss nan ± nan
INFO:meta-cli.py:Epoch 77/100	Loss nan ± nan
INFO:meta-cli.py:Epoch 78/100	Loss nan ± nan
INFO:meta-cli.py:Epoch 78/100	dev results	MRR 0.000434	H@1 0.000000	H@3 0.000000	H@5 0.000057	H@10 0.000057
INFO:meta-cli.py:Epoch 78/100	test results	MRR 0.000421	H@1 0.000000	H@3 0.000000	H@5 0.000000	H@10 0.000024
INFO:meta-cli.py:Epoch 79/100	Loss nan ± nan
INFO:meta-cli.py:Epoch 80/100	Loss nan ± nan
INFO:meta-cli.py:Epoch 81/100	Loss nan ± nan
INFO:meta-cli.py:Epoch 81/100	dev results	MRR 0.000434	H@1 0.000000	H@3 0.000000	H@5 0.000057	H@10 0.000057
INFO:meta-cli.py:Epoch 81/100	test results	MRR 0.000421	H@1 0.000000	H@3 0.000000	H@5 0.000000	H@10 0.000024
INFO:meta-cli.py:Epoch 82/100	Loss nan ± nan
INFO:meta-cli.py:Epoch 83/100	Loss nan ± nan
INFO:meta-cli.py:Epoch 84/100	Loss nan ± nan
INFO:meta-cli.py:Epoch 84/100	dev results	MRR 0.000434	H@1 0.000000	H@3 0.000000	H@5 0.000057	H@10 0.000057
INFO:meta-cli.py:Epoch 84/100	test results	MRR 0.000421	H@1 0.000000	H@3 0.000000	H@5 0.000000	H@10 0.000024
INFO:meta-cli.py:Epoch 85/100	Loss nan ± nan
INFO:meta-cli.py:Epoch 86/100	Loss nan ± nan
INFO:meta-cli.py:Epoch 87/100	Loss nan ± nan
INFO:meta-cli.py:Epoch 87/100	dev results	MRR 0.000434	H@1 0.000000	H@3 0.000000	H@5 0.000057	H@10 0.000057
INFO:meta-cli.py:Epoch 87/100	test results	MRR 0.000421	H@1 0.000000	H@3 0.000000	H@5 0.000000	H@10 0.000024
INFO:meta-cli.py:Epoch 88/100	Loss nan ± nan
INFO:meta-cli.py:Epoch 89/100	Loss nan ± nan
INFO:meta-cli.py:Epoch 90/100	Loss nan ± nan
INFO:meta-cli.py:Epoch 90/100	dev results	MRR 0.000434	H@1 0.000000	H@3 0.000000	H@5 0.000057	H@10 0.000057
INFO:meta-cli.py:Epoch 90/100	test results	MRR 0.000421	H@1 0.000000	H@3 0.000000	H@5 0.000000	H@10 0.000024
INFO:meta-cli.py:Epoch 91/100	Loss nan ± nan
INFO:meta-cli.py:Epoch 92/100	Loss nan ± nan
INFO:meta-cli.py:Epoch 93/100	Loss nan ± nan
INFO:meta-cli.py:Epoch 93/100	dev results	MRR 0.000434	H@1 0.000000	H@3 0.000000	H@5 0.000057	H@10 0.000057
INFO:meta-cli.py:Epoch 93/100	test results	MRR 0.000421	H@1 0.000000	H@3 0.000000	H@5 0.000000	H@10 0.000024
INFO:meta-cli.py:Epoch 94/100	Loss nan ± nan
INFO:meta-cli.py:Epoch 95/100	Loss nan ± nan
INFO:meta-cli.py:Epoch 96/100	Loss nan ± nan
INFO:meta-cli.py:Epoch 96/100	dev results	MRR 0.000434	H@1 0.000000	H@3 0.000000	H@5 0.000057	H@10 0.000057
INFO:meta-cli.py:Epoch 96/100	test results	MRR 0.000421	H@1 0.000000	H@3 0.000000	H@5 0.000000	H@10 0.000024
INFO:meta-cli.py:Epoch 97/100	Loss nan ± nan
INFO:meta-cli.py:Epoch 98/100	Loss nan ± nan
INFO:meta-cli.py:Epoch 99/100	Loss nan ± nan
INFO:meta-cli.py:Epoch 99/100	dev results	MRR 0.000434	H@1 0.000000	H@3 0.000000	H@5 0.000057	H@10 0.000057
INFO:meta-cli.py:Epoch 99/100	test results	MRR 0.000421	H@1 0.000000	H@3 0.000000	H@5 0.000000	H@10 0.000024
INFO:meta-cli.py:Epoch 100/100	Loss nan ± nan
INFO:meta-cli.py:Final 	dev results	MRR 0.000434	H@1 0.000000	H@3 0.000000	H@5 0.000057	H@10 0.000057
INFO:meta-cli.py:Final 	test results	MRR 0.000421	H@1 0.000000	H@3 0.000000	H@5 0.000000	H@10 0.000024
INFO:meta-cli.py:Training finished
