./bin/meta-cli.py --train data/fb15k-237/train.tsv --dev data/fb15k-237/dev.tsv --test data/fb15k-237/test.tsv -m complex -k 1000 -b 1000 -e 100 --F2 0 --N3 0.005 -l 0.1 -I standard -V 3 -o adagrad -q
{'F2': 0.0,
 'N3': 0.005,
 'batch_size': 1000,
 'dev': 'data/fb15k-237/dev.tsv',
 'embedding_size': 1000,
 'epochs': 100,
 'eval_batch_size': None,
 'input_type': 'standard',
 'learning_rate': 0.1,
 'load': None,
 'model': 'complex',
 'optimizer': 'adagrad',
 'quiet': True,
 'save': None,
 'seed': 0,
 'test': 'data/fb15k-237/test.tsv',
 'test_i': None,
 'test_ii': None,
 'train': 'data/fb15k-237/train.tsv',
 'validate_every': 3}
INFO:meta-cli.py:Device: cuda
INFO:meta-cli.py:Model state:
INFO:meta-cli.py:	entities.weight	torch.Size([14541, 2000])
INFO:meta-cli.py:	predicates.weight	torch.Size([237, 2000])
INFO:meta-cli.py:Epoch 1/100	Loss 12.1229 ± 1.9839
INFO:meta-cli.py:Epoch 2/100	Loss 8.2274 ± 0.1553
INFO:meta-cli.py:Epoch 3/100	Loss 7.4016 ± 0.2438
INFO:meta-cli.py:Epoch 3/100	dev results	MRR 0.320808	H@1 0.232022	H@3 0.352524	H@5 0.416396	H@10 0.500713
INFO:meta-cli.py:Epoch 3/100	test results	MRR 0.314235	H@1 0.224763	H@3 0.344767	H@5 0.412025	H@10 0.497068
INFO:meta-cli.py:Epoch 4/100	Loss 7.0711 ± 0.2569
INFO:meta-cli.py:Epoch 5/100	Loss 6.8849 ± 0.2602
INFO:meta-cli.py:Epoch 6/100	Loss 6.7579 ± 0.2482
INFO:meta-cli.py:Epoch 6/100	dev results	MRR 0.334366	H@1 0.242743	H@3 0.368092	H@5 0.433162	H@10 0.518278
INFO:meta-cli.py:Epoch 6/100	test results	MRR 0.328307	H@1 0.236881	H@3 0.360720	H@5 0.426903	H@10 0.512484
INFO:meta-cli.py:Epoch 7/100	Loss 6.6679 ± 0.2411
INFO:meta-cli.py:Epoch 8/100	Loss 6.5960 ± 0.2364
INFO:meta-cli.py:Epoch 9/100	Loss 6.5403 ± 0.2367
INFO:meta-cli.py:Epoch 9/100	dev results	MRR 0.340888	H@1 0.250927	H@3 0.371571	H@5 0.436983	H@10 0.523182
INFO:meta-cli.py:Epoch 9/100	test results	MRR 0.334641	H@1 0.243086	H@3 0.367878	H@5 0.432571	H@10 0.518934
INFO:meta-cli.py:Epoch 10/100	Loss 6.4922 ± 0.2255
INFO:meta-cli.py:Epoch 11/100	Loss 6.4504 ± 0.2297
INFO:meta-cli.py:Epoch 12/100	Loss 6.4178 ± 0.2306
INFO:meta-cli.py:Epoch 12/100	dev results	MRR 0.343172	H@1 0.252866	H@3 0.376333	H@5 0.440006	H@10 0.526290
INFO:meta-cli.py:Epoch 12/100	test results	MRR 0.336229	H@1 0.244430	H@3 0.369222	H@5 0.434819	H@10 0.520449
INFO:meta-cli.py:Epoch 13/100	Loss 6.3869 ± 0.2169
INFO:meta-cli.py:Epoch 14/100	Loss 6.3599 ± 0.2205
INFO:meta-cli.py:Epoch 15/100	Loss 6.3343 ± 0.2112
INFO:meta-cli.py:Epoch 15/100	dev results	MRR 0.345971	H@1 0.254833	H@3 0.378186	H@5 0.443228	H@10 0.530624
INFO:meta-cli.py:Epoch 15/100	test results	MRR 0.339484	H@1 0.246580	H@3 0.373791	H@5 0.440022	H@10 0.526043
INFO:meta-cli.py:Epoch 16/100	Loss 6.3134 ± 0.2094
INFO:meta-cli.py:Epoch 17/100	Loss 6.2947 ± 0.2090
INFO:meta-cli.py:Epoch 18/100	Loss 6.2765 ± 0.2068
INFO:meta-cli.py:Epoch 18/100	dev results	MRR 0.348770	H@1 0.258397	H@3 0.380838	H@5 0.444425	H@10 0.531537
INFO:meta-cli.py:Epoch 18/100	test results	MRR 0.341652	H@1 0.250244	H@3 0.374182	H@5 0.439925	H@10 0.526678
INFO:meta-cli.py:Epoch 19/100	Loss 6.2591 ± 0.1970
INFO:meta-cli.py:Epoch 20/100	Loss 6.2444 ± 0.1974
INFO:meta-cli.py:Epoch 21/100	Loss 6.2310 ± 0.1873
INFO:meta-cli.py:Epoch 21/100	dev results	MRR 0.348629	H@1 0.257685	H@3 0.380924	H@5 0.445766	H@10 0.531851
INFO:meta-cli.py:Epoch 21/100	test results	MRR 0.343423	H@1 0.251832	H@3 0.376527	H@5 0.442319	H@10 0.527582
INFO:meta-cli.py:Epoch 22/100	Loss 6.2188 ± 0.1917
INFO:meta-cli.py:Epoch 23/100	Loss 6.2048 ± 0.1907
INFO:meta-cli.py:Epoch 24/100	Loss 6.1946 ± 0.1852
INFO:meta-cli.py:Epoch 24/100	dev results	MRR 0.349867	H@1 0.258711	H@3 0.383462	H@5 0.447676	H@10 0.533504
INFO:meta-cli.py:Epoch 24/100	test results	MRR 0.343752	H@1 0.251808	H@3 0.377235	H@5 0.443198	H@10 0.529146
INFO:meta-cli.py:Epoch 25/100	Loss 6.1828 ± 0.1856
INFO:meta-cli.py:Epoch 26/100	Loss 6.1720 ± 0.1835
INFO:meta-cli.py:Epoch 27/100	Loss 6.1641 ± 0.1832
INFO:meta-cli.py:Epoch 27/100	dev results	MRR 0.350430	H@1 0.259224	H@3 0.383034	H@5 0.449501	H@10 0.533676
INFO:meta-cli.py:Epoch 27/100	test results	MRR 0.345221	H@1 0.253909	H@3 0.379288	H@5 0.444029	H@10 0.529854
INFO:meta-cli.py:Epoch 28/100	Loss 6.1554 ± 0.1766
INFO:meta-cli.py:Epoch 29/100	Loss 6.1461 ± 0.1742
INFO:meta-cli.py:Epoch 30/100	Loss 6.1380 ± 0.1742
INFO:meta-cli.py:Epoch 30/100	dev results	MRR 0.351001	H@1 0.260536	H@3 0.384060	H@5 0.448646	H@10 0.534331
INFO:meta-cli.py:Epoch 30/100	test results	MRR 0.344772	H@1 0.252639	H@3 0.379434	H@5 0.445055	H@10 0.529537
INFO:meta-cli.py:Epoch 31/100	Loss 6.1299 ± 0.1723
INFO:meta-cli.py:Epoch 32/100	Loss 6.1224 ± 0.1746
INFO:meta-cli.py:Epoch 33/100	Loss 6.1157 ± 0.1663
INFO:meta-cli.py:Epoch 33/100	dev results	MRR 0.351574	H@1 0.260336	H@3 0.384488	H@5 0.449615	H@10 0.535272
INFO:meta-cli.py:Epoch 33/100	test results	MRR 0.345775	H@1 0.253542	H@3 0.381218	H@5 0.444127	H@10 0.530538
INFO:meta-cli.py:Epoch 34/100	Loss 6.1083 ± 0.1655
INFO:meta-cli.py:Epoch 35/100	Loss 6.1024 ± 0.1711
INFO:meta-cli.py:Epoch 36/100	Loss 6.0962 ± 0.1583
INFO:meta-cli.py:Epoch 36/100	dev results	MRR 0.352136	H@1 0.261363	H@3 0.384260	H@5 0.447305	H@10 0.536185
INFO:meta-cli.py:Epoch 36/100	test results	MRR 0.346181	H@1 0.254349	H@3 0.380045	H@5 0.444884	H@10 0.530978
INFO:meta-cli.py:Epoch 37/100	Loss 6.0898 ± 0.1585
INFO:meta-cli.py:Epoch 38/100	Loss 6.0857 ± 0.1712
INFO:meta-cli.py:Epoch 39/100	Loss 6.0790 ± 0.1577
INFO:meta-cli.py:Epoch 39/100	dev results	MRR 0.352621	H@1 0.262304	H@3 0.384403	H@5 0.451069	H@10 0.535529
INFO:meta-cli.py:Epoch 39/100	test results	MRR 0.347004	H@1 0.255912	H@3 0.379996	H@5 0.445519	H@10 0.532224
INFO:meta-cli.py:Epoch 40/100	Loss 6.0744 ± 0.1641
INFO:meta-cli.py:Epoch 41/100	Loss 6.0679 ± 0.1610
INFO:meta-cli.py:Epoch 42/100	Loss 6.0632 ± 0.1539
INFO:meta-cli.py:Epoch 42/100	dev results	MRR 0.353426	H@1 0.262903	H@3 0.385743	H@5 0.449501	H@10 0.536727
INFO:meta-cli.py:Epoch 42/100	test results	MRR 0.346954	H@1 0.254935	H@3 0.381804	H@5 0.444909	H@10 0.529659
INFO:meta-cli.py:Epoch 43/100	Loss 6.0585 ± 0.1567
INFO:meta-cli.py:Epoch 44/100	Loss 6.0535 ± 0.1539
INFO:meta-cli.py:Epoch 45/100	Loss 6.0503 ± 0.1602
INFO:meta-cli.py:Epoch 45/100	dev results	MRR 0.354069	H@1 0.264157	H@3 0.386342	H@5 0.450556	H@10 0.536099
INFO:meta-cli.py:Epoch 45/100	test results	MRR 0.346916	H@1 0.255228	H@3 0.382415	H@5 0.445324	H@10 0.531100
INFO:meta-cli.py:Epoch 46/100	Loss 6.0457 ± 0.1555
INFO:meta-cli.py:Epoch 47/100	Loss 6.0409 ± 0.1558
INFO:meta-cli.py:Epoch 48/100	Loss 6.0367 ± 0.1567
INFO:meta-cli.py:Epoch 48/100	dev results	MRR 0.353496	H@1 0.262504	H@3 0.386826	H@5 0.450157	H@10 0.536441
INFO:meta-cli.py:Epoch 48/100	test results	MRR 0.347087	H@1 0.254666	H@3 0.382293	H@5 0.446228	H@10 0.531149
INFO:meta-cli.py:Epoch 49/100	Loss 6.0332 ± 0.1529
INFO:meta-cli.py:Epoch 50/100	Loss 6.0289 ± 0.1401
INFO:meta-cli.py:Epoch 51/100	Loss 6.0257 ± 0.1449
INFO:meta-cli.py:Epoch 51/100	dev results	MRR 0.353941	H@1 0.263445	H@3 0.386142	H@5 0.451868	H@10 0.537097
INFO:meta-cli.py:Epoch 51/100	test results	MRR 0.346937	H@1 0.255082	H@3 0.381315	H@5 0.445739	H@10 0.531858
INFO:meta-cli.py:Epoch 52/100	Loss 6.0234 ± 0.1612
INFO:meta-cli.py:Epoch 53/100	Loss 6.0174 ± 0.1528
INFO:meta-cli.py:Epoch 54/100	Loss 6.0154 ± 0.1620
INFO:meta-cli.py:Epoch 54/100	dev results	MRR 0.354249	H@1 0.263815	H@3 0.386684	H@5 0.451611	H@10 0.536584
INFO:meta-cli.py:Epoch 54/100	test results	MRR 0.347511	H@1 0.255644	H@3 0.381828	H@5 0.445788	H@10 0.531980
INFO:meta-cli.py:Epoch 55/100	Loss 6.0108 ± 0.1414
INFO:meta-cli.py:Epoch 56/100	Loss 6.0095 ± 0.1534
INFO:meta-cli.py:Epoch 57/100	Loss 6.0062 ± 0.1458
INFO:meta-cli.py:Epoch 57/100	dev results	MRR 0.354659	H@1 0.264699	H@3 0.386883	H@5 0.452096	H@10 0.536755
INFO:meta-cli.py:Epoch 57/100	test results	MRR 0.347858	H@1 0.256816	H@3 0.382854	H@5 0.446472	H@10 0.531296
INFO:meta-cli.py:Epoch 58/100	Loss 6.0034 ± 0.1539
INFO:meta-cli.py:Epoch 59/100	Loss 5.9984 ± 0.1378
INFO:meta-cli.py:Epoch 60/100	Loss 5.9974 ± 0.1444
INFO:meta-cli.py:Epoch 60/100	dev results	MRR 0.354985	H@1 0.264328	H@3 0.387767	H@5 0.452638	H@10 0.536784
INFO:meta-cli.py:Epoch 60/100	test results	MRR 0.348097	H@1 0.256450	H@3 0.382879	H@5 0.446863	H@10 0.531320
INFO:meta-cli.py:Epoch 61/100	Loss 5.9944 ± 0.1432
INFO:meta-cli.py:Epoch 62/100	Loss 5.9908 ± 0.1444
INFO:meta-cli.py:Epoch 63/100	Loss 5.9873 ± 0.1367
INFO:meta-cli.py:Epoch 63/100	dev results	MRR 0.354840	H@1 0.264500	H@3 0.386997	H@5 0.452067	H@10 0.537154
INFO:meta-cli.py:Epoch 63/100	test results	MRR 0.347649	H@1 0.255497	H@3 0.382952	H@5 0.447083	H@10 0.531442
INFO:meta-cli.py:Epoch 64/100	Loss 5.9859 ± 0.1485
INFO:meta-cli.py:Epoch 65/100	Loss 5.9833 ± 0.1391
INFO:meta-cli.py:Epoch 66/100	Loss 5.9805 ± 0.1378
INFO:meta-cli.py:Epoch 66/100	dev results	MRR 0.354419	H@1 0.264129	H@3 0.386912	H@5 0.451012	H@10 0.537012
INFO:meta-cli.py:Epoch 66/100	test results	MRR 0.347588	H@1 0.255301	H@3 0.382195	H@5 0.445861	H@10 0.532884
INFO:meta-cli.py:Epoch 67/100	Loss 5.9781 ± 0.1381
INFO:meta-cli.py:Epoch 68/100	Loss 5.9762 ± 0.1412
INFO:meta-cli.py:Epoch 69/100	Loss 5.9725 ± 0.1444
INFO:meta-cli.py:Epoch 69/100	dev results	MRR 0.355341	H@1 0.265098	H@3 0.387283	H@5 0.451754	H@10 0.537696
INFO:meta-cli.py:Epoch 69/100	test results	MRR 0.347766	H@1 0.255497	H@3 0.382048	H@5 0.446423	H@10 0.532029
INFO:meta-cli.py:Epoch 70/100	Loss 5.9699 ± 0.1339
INFO:meta-cli.py:Epoch 71/100	Loss 5.9681 ± 0.1407
INFO:meta-cli.py:Epoch 72/100	Loss 5.9664 ± 0.1368
INFO:meta-cli.py:Epoch 72/100	dev results	MRR 0.355997	H@1 0.266182	H@3 0.388081	H@5 0.451754	H@10 0.538323
INFO:meta-cli.py:Epoch 72/100	test results	MRR 0.349225	H@1 0.257989	H@3 0.383392	H@5 0.446863	H@10 0.531809
INFO:meta-cli.py:Epoch 73/100	Loss 5.9648 ± 0.1435
INFO:meta-cli.py:Epoch 74/100	Loss 5.9615 ± 0.1392
INFO:meta-cli.py:Epoch 75/100	Loss 5.9600 ± 0.1395
INFO:meta-cli.py:Epoch 75/100	dev results	MRR 0.355926	H@1 0.265640	H@3 0.388993	H@5 0.452638	H@10 0.536185
INFO:meta-cli.py:Epoch 75/100	test results	MRR 0.348538	H@1 0.257012	H@3 0.382781	H@5 0.447083	H@10 0.531491
INFO:meta-cli.py:Epoch 76/100	Loss 5.9580 ± 0.1344
INFO:meta-cli.py:Epoch 77/100	Loss 5.9563 ± 0.1386
INFO:meta-cli.py:Epoch 78/100	Loss 5.9538 ± 0.1369
INFO:meta-cli.py:Epoch 78/100	dev results	MRR 0.355224	H@1 0.265098	H@3 0.386969	H@5 0.451868	H@10 0.537097
INFO:meta-cli.py:Epoch 78/100	test results	MRR 0.347595	H@1 0.255204	H@3 0.382903	H@5 0.446619	H@10 0.532175
INFO:meta-cli.py:Epoch 79/100	Loss 5.9526 ± 0.1325
INFO:meta-cli.py:Epoch 80/100	Loss 5.9503 ± 0.1381
INFO:meta-cli.py:Epoch 81/100	Loss 5.9478 ± 0.1296
INFO:meta-cli.py:Epoch 81/100	dev results	MRR 0.356014	H@1 0.266011	H@3 0.388708	H@5 0.452552	H@10 0.538238
INFO:meta-cli.py:Epoch 81/100	test results	MRR 0.348535	H@1 0.256767	H@3 0.383905	H@5 0.446521	H@10 0.531418
INFO:meta-cli.py:Epoch 82/100	Loss 5.9458 ± 0.1326
INFO:meta-cli.py:Epoch 83/100	Loss 5.9443 ± 0.1315
INFO:meta-cli.py:Epoch 84/100	Loss 5.9419 ± 0.1245
INFO:meta-cli.py:Epoch 84/100	dev results	MRR 0.354833	H@1 0.264328	H@3 0.387767	H@5 0.452780	H@10 0.538466
INFO:meta-cli.py:Epoch 84/100	test results	MRR 0.348373	H@1 0.256181	H@3 0.383416	H@5 0.447401	H@10 0.532786
INFO:meta-cli.py:Epoch 85/100	Loss 5.9401 ± 0.1283
INFO:meta-cli.py:Epoch 86/100	Loss 5.9389 ± 0.1272
INFO:meta-cli.py:Epoch 87/100	Loss 5.9378 ± 0.1293
INFO:meta-cli.py:Epoch 87/100	dev results	MRR 0.355560	H@1 0.265326	H@3 0.389450	H@5 0.451212	H@10 0.539407
INFO:meta-cli.py:Epoch 87/100	test results	MRR 0.348841	H@1 0.257085	H@3 0.383001	H@5 0.447474	H@10 0.533372
INFO:meta-cli.py:Epoch 88/100	Loss 5.9361 ± 0.1331
INFO:meta-cli.py:Epoch 89/100	Loss 5.9338 ± 0.1305
INFO:meta-cli.py:Epoch 90/100	Loss 5.9324 ± 0.1233
INFO:meta-cli.py:Epoch 90/100	dev results	MRR 0.354979	H@1 0.264300	H@3 0.388366	H@5 0.452096	H@10 0.538266
INFO:meta-cli.py:Epoch 90/100	test results	MRR 0.348615	H@1 0.256841	H@3 0.382610	H@5 0.447791	H@10 0.532420
INFO:meta-cli.py:Epoch 91/100	Loss 5.9305 ± 0.1243
INFO:meta-cli.py:Epoch 92/100	Loss 5.9286 ± 0.1288
INFO:meta-cli.py:Epoch 93/100	Loss 5.9272 ± 0.1305
INFO:meta-cli.py:Epoch 93/100	dev results	MRR 0.355820	H@1 0.265754	H@3 0.388195	H@5 0.452181	H@10 0.537668
INFO:meta-cli.py:Epoch 93/100	test results	MRR 0.349007	H@1 0.257378	H@3 0.382610	H@5 0.447059	H@10 0.532297
INFO:meta-cli.py:Epoch 94/100	Loss 5.9264 ± 0.1167
INFO:meta-cli.py:Epoch 95/100	Loss 5.9257 ± 0.1358
INFO:meta-cli.py:Epoch 96/100	Loss 5.9220 ± 0.1298
INFO:meta-cli.py:Epoch 96/100	dev results	MRR 0.356352	H@1 0.266838	H@3 0.387938	H@5 0.452666	H@10 0.539635
INFO:meta-cli.py:Epoch 96/100	test results	MRR 0.349347	H@1 0.257964	H@3 0.383710	H@5 0.447620	H@10 0.532762
INFO:meta-cli.py:Epoch 97/100	Loss 5.9220 ± 0.1243
INFO:meta-cli.py:Epoch 98/100	Loss 5.9191 ± 0.1181
INFO:meta-cli.py:Epoch 99/100	Loss 5.9190 ± 0.1211
INFO:meta-cli.py:Epoch 99/100	dev results	MRR 0.355837	H@1 0.265412	H@3 0.388338	H@5 0.453664	H@10 0.539179
INFO:meta-cli.py:Epoch 99/100	test results	MRR 0.349359	H@1 0.257769	H@3 0.383685	H@5 0.447914	H@10 0.532615
INFO:meta-cli.py:Epoch 100/100	Loss 5.9172 ± 0.1251
INFO:meta-cli.py:Final 	dev results	MRR 0.355977	H@1 0.265697	H@3 0.388309	H@5 0.453037	H@10 0.538067
INFO:meta-cli.py:Final 	test results	MRR 0.349043	H@1 0.256987	H@3 0.383514	H@5 0.447498	H@10 0.532664
INFO:meta-cli.py:Training finished
