./bin/meta-cli.py --train data/fb15k-237/train.tsv --dev data/fb15k-237/dev.tsv --test data/fb15k-237/test.tsv -m complex -k 4000 -b 1000 -e 100 --F2 0 --N3 0.05 -l 0.1 -I reciprocal -V 3 -o adagrad -q
{'F2': 0.0,
 'N3': 0.05,
 'batch_size': 1000,
 'dev': 'data/fb15k-237/dev.tsv',
 'embedding_size': 4000,
 'epochs': 100,
 'eval_batch_size': None,
 'input_type': 'reciprocal',
 'learning_rate': 0.1,
 'load': None,
 'model': 'complex',
 'optimizer': 'adagrad',
 'quiet': True,
 'save': None,
 'seed': 0,
 'test': 'data/fb15k-237/test.tsv',
 'test_i': None,
 'test_ii': None,
 'train': 'data/fb15k-237/train.tsv',
 'validate_every': 3}
INFO:meta-cli.py:Device: cuda
INFO:meta-cli.py:Model state:
INFO:meta-cli.py:	entities.weight	torch.Size([14541, 8000])
INFO:meta-cli.py:	predicates.weight	torch.Size([474, 8000])
INFO:meta-cli.py:Epoch 1/100	Loss 13.0584 ± 2.4240
INFO:meta-cli.py:Epoch 2/100	Loss 10.2489 ± 0.0880
INFO:meta-cli.py:Epoch 3/100	Loss 9.8112 ± 0.1189
INFO:meta-cli.py:Epoch 3/100	dev results	MRR 0.347353	H@1 0.254548	H@3 0.381009	H@5 0.446878	H@10 0.535786
INFO:meta-cli.py:Epoch 3/100	test results	MRR 0.342124	H@1 0.249731	H@3 0.377138	H@5 0.440267	H@10 0.526385
INFO:meta-cli.py:Epoch 4/100	Loss 9.6067 ± 0.1268
INFO:meta-cli.py:Epoch 5/100	Loss 9.4805 ± 0.1337
INFO:meta-cli.py:Epoch 6/100	Loss 9.3925 ± 0.1380
INFO:meta-cli.py:Epoch 6/100	dev results	MRR 0.355957	H@1 0.262789	H@3 0.389934	H@5 0.456829	H@10 0.543998
INFO:meta-cli.py:Epoch 6/100	test results	MRR 0.348976	H@1 0.254593	H@3 0.383905	H@5 0.451505	H@10 0.537917
INFO:meta-cli.py:Epoch 7/100	Loss 9.3271 ± 0.1371
INFO:meta-cli.py:Epoch 8/100	Loss 9.2745 ± 0.1392
INFO:meta-cli.py:Epoch 9/100	Loss 9.2326 ± 0.1374
INFO:meta-cli.py:Epoch 9/100	dev results	MRR 0.358906	H@1 0.263986	H@3 0.395865	H@5 0.460964	H@10 0.547705
INFO:meta-cli.py:Epoch 9/100	test results	MRR 0.352139	H@1 0.257720	H@3 0.386690	H@5 0.453337	H@10 0.541532
INFO:meta-cli.py:Epoch 10/100	Loss 9.1974 ± 0.1354
INFO:meta-cli.py:Epoch 11/100	Loss 9.1668 ± 0.1286
INFO:meta-cli.py:Epoch 12/100	Loss 9.1409 ± 0.1303
INFO:meta-cli.py:Epoch 12/100	dev results	MRR 0.361873	H@1 0.267408	H@3 0.398346	H@5 0.463359	H@10 0.551640
INFO:meta-cli.py:Epoch 12/100	test results	MRR 0.355402	H@1 0.260969	H@3 0.391234	H@5 0.457393	H@10 0.544928
INFO:meta-cli.py:Epoch 13/100	Loss 9.1182 ± 0.1325
INFO:meta-cli.py:Epoch 14/100	Loss 9.0978 ± 0.1317
INFO:meta-cli.py:Epoch 15/100	Loss 9.0793 ± 0.1245
INFO:meta-cli.py:Epoch 15/100	dev results	MRR 0.361976	H@1 0.267465	H@3 0.397975	H@5 0.462104	H@10 0.551012
INFO:meta-cli.py:Epoch 15/100	test results	MRR 0.356936	H@1 0.262875	H@3 0.392993	H@5 0.458101	H@10 0.544928
INFO:meta-cli.py:Epoch 16/100	Loss 9.0632 ± 0.1254
INFO:meta-cli.py:Epoch 17/100	Loss 9.0484 ± 0.1249
INFO:meta-cli.py:Epoch 18/100	Loss 9.0342 ± 0.1195
INFO:meta-cli.py:Epoch 18/100	dev results	MRR 0.364695	H@1 0.271029	H@3 0.397861	H@5 0.466638	H@10 0.555860
INFO:meta-cli.py:Epoch 18/100	test results	MRR 0.357490	H@1 0.262631	H@3 0.393360	H@5 0.461522	H@10 0.547518
INFO:meta-cli.py:Epoch 19/100	Loss 9.0218 ± 0.1193
INFO:meta-cli.py:Epoch 20/100	Loss 9.0095 ± 0.1191
INFO:meta-cli.py:Epoch 21/100	Loss 8.9993 ± 0.1146
INFO:meta-cli.py:Epoch 21/100	dev results	MRR 0.364821	H@1 0.270145	H@3 0.402224	H@5 0.467380	H@10 0.553550
INFO:meta-cli.py:Epoch 21/100	test results	MRR 0.358556	H@1 0.263486	H@3 0.394972	H@5 0.461473	H@10 0.548886
INFO:meta-cli.py:Epoch 22/100	Loss 8.9884 ± 0.1197
INFO:meta-cli.py:Epoch 23/100	Loss 8.9799 ± 0.1175
INFO:meta-cli.py:Epoch 24/100	Loss 8.9708 ± 0.1180
INFO:meta-cli.py:Epoch 24/100	dev results	MRR 0.363306	H@1 0.268092	H@3 0.399316	H@5 0.465098	H@10 0.554149
INFO:meta-cli.py:Epoch 24/100	test results	MRR 0.357700	H@1 0.262948	H@3 0.393873	H@5 0.459958	H@10 0.546980
INFO:meta-cli.py:Epoch 25/100	Loss 8.9628 ± 0.1173
INFO:meta-cli.py:Epoch 26/100	Loss 8.9546 ± 0.1147
INFO:meta-cli.py:Epoch 27/100	Loss 8.9468 ± 0.1165
INFO:meta-cli.py:Epoch 27/100	dev results	MRR 0.364928	H@1 0.270858	H@3 0.400342	H@5 0.465269	H@10 0.554890
INFO:meta-cli.py:Epoch 27/100	test results	MRR 0.358619	H@1 0.263632	H@3 0.395094	H@5 0.460789	H@10 0.545954
INFO:meta-cli.py:Epoch 28/100	Loss 8.9406 ± 0.1153
INFO:meta-cli.py:Epoch 29/100	Loss 8.9337 ± 0.1146
INFO:meta-cli.py:Epoch 30/100	Loss 8.9271 ± 0.1138
INFO:meta-cli.py:Epoch 30/100	dev results	MRR 0.364699	H@1 0.270145	H@3 0.401454	H@5 0.465269	H@10 0.553693
INFO:meta-cli.py:Epoch 30/100	test results	MRR 0.358200	H@1 0.263290	H@3 0.395656	H@5 0.460764	H@10 0.547103
INFO:meta-cli.py:Epoch 31/100	Loss 8.9210 ± 0.1123
INFO:meta-cli.py:Epoch 32/100	Loss 8.9156 ± 0.1163
INFO:meta-cli.py:Epoch 33/100	Loss 8.9101 ± 0.1119
INFO:meta-cli.py:Epoch 33/100	dev results	MRR 0.363800	H@1 0.268492	H@3 0.399886	H@5 0.466239	H@10 0.556088
INFO:meta-cli.py:Epoch 33/100	test results	MRR 0.358991	H@1 0.263559	H@3 0.396291	H@5 0.461546	H@10 0.547860
INFO:meta-cli.py:Epoch 34/100	Loss 8.9047 ± 0.1092
INFO:meta-cli.py:Epoch 35/100	Loss 8.9001 ± 0.1111
INFO:meta-cli.py:Epoch 36/100	Loss 8.8949 ± 0.1134
INFO:meta-cli.py:Epoch 36/100	dev results	MRR 0.365798	H@1 0.271742	H@3 0.401454	H@5 0.466752	H@10 0.553978
INFO:meta-cli.py:Epoch 36/100	test results	MRR 0.359667	H@1 0.264854	H@3 0.397024	H@5 0.462254	H@10 0.547664
INFO:meta-cli.py:Epoch 37/100	Loss 8.8906 ± 0.1103
INFO:meta-cli.py:Epoch 38/100	Loss 8.8865 ± 0.1117
INFO:meta-cli.py:Epoch 39/100	Loss 8.8816 ± 0.1056
INFO:meta-cli.py:Epoch 39/100	dev results	MRR 0.365143	H@1 0.270915	H@3 0.401169	H@5 0.465783	H@10 0.555232
INFO:meta-cli.py:Epoch 39/100	test results	MRR 0.359684	H@1 0.264732	H@3 0.397489	H@5 0.461619	H@10 0.548129
INFO:meta-cli.py:Epoch 40/100	Loss 8.8779 ± 0.1063
INFO:meta-cli.py:Epoch 41/100	Loss 8.8733 ± 0.1068
INFO:meta-cli.py:Epoch 42/100	Loss 8.8694 ± 0.1057
INFO:meta-cli.py:Epoch 42/100	dev results	MRR 0.365856	H@1 0.270972	H@3 0.403365	H@5 0.467807	H@10 0.555717
INFO:meta-cli.py:Epoch 42/100	test results	MRR 0.360183	H@1 0.265391	H@3 0.397586	H@5 0.461766	H@10 0.548422
INFO:meta-cli.py:Epoch 43/100	Loss 8.8667 ± 0.1103
INFO:meta-cli.py:Epoch 44/100	Loss 8.8627 ± 0.1092
INFO:meta-cli.py:Epoch 45/100	Loss 8.8590 ± 0.1038
INFO:meta-cli.py:Epoch 45/100	dev results	MRR 0.365366	H@1 0.271029	H@3 0.402053	H@5 0.466838	H@10 0.555346
INFO:meta-cli.py:Epoch 45/100	test results	MRR 0.359619	H@1 0.265220	H@3 0.396853	H@5 0.461082	H@10 0.548691
INFO:meta-cli.py:Epoch 46/100	Loss 8.8558 ± 0.1016
INFO:meta-cli.py:Epoch 47/100	Loss 8.8523 ± 0.1020
INFO:meta-cli.py:Epoch 48/100	Loss 8.8492 ± 0.1052
INFO:meta-cli.py:Epoch 48/100	dev results	MRR 0.365954	H@1 0.271086	H@3 0.402053	H@5 0.467208	H@10 0.556173
INFO:meta-cli.py:Epoch 48/100	test results	MRR 0.359761	H@1 0.265025	H@3 0.396756	H@5 0.461253	H@10 0.547713
INFO:meta-cli.py:Epoch 49/100	Loss 8.8463 ± 0.1023
INFO:meta-cli.py:Epoch 50/100	Loss 8.8434 ± 0.1035
INFO:meta-cli.py:Epoch 51/100	Loss 8.8406 ± 0.1007
INFO:meta-cli.py:Epoch 51/100	dev results	MRR 0.366963	H@1 0.272769	H@3 0.402766	H@5 0.468634	H@10 0.556344
INFO:meta-cli.py:Epoch 51/100	test results	MRR 0.360296	H@1 0.265782	H@3 0.397757	H@5 0.462181	H@10 0.548226
INFO:meta-cli.py:Epoch 52/100	Loss 8.8377 ± 0.0993
INFO:meta-cli.py:Epoch 53/100	Loss 8.8348 ± 0.1009
INFO:meta-cli.py:Epoch 54/100	Loss 8.8319 ± 0.1027
INFO:meta-cli.py:Epoch 54/100	dev results	MRR 0.366229	H@1 0.271771	H@3 0.402338	H@5 0.467750	H@10 0.556801
INFO:meta-cli.py:Epoch 54/100	test results	MRR 0.359826	H@1 0.265074	H@3 0.397366	H@5 0.460837	H@10 0.548275
INFO:meta-cli.py:Epoch 55/100	Loss 8.8296 ± 0.1025
INFO:meta-cli.py:Epoch 56/100	Loss 8.8267 ± 0.1033
INFO:meta-cli.py:Epoch 57/100	Loss 8.8250 ± 0.1034
INFO:meta-cli.py:Epoch 57/100	dev results	MRR 0.365608	H@1 0.270659	H@3 0.401682	H@5 0.467950	H@10 0.554463
INFO:meta-cli.py:Epoch 57/100	test results	MRR 0.360251	H@1 0.265709	H@3 0.396780	H@5 0.462621	H@10 0.547371
INFO:meta-cli.py:Epoch 58/100	Loss 8.8218 ± 0.1004
INFO:meta-cli.py:Epoch 59/100	Loss 8.8197 ± 0.1005
INFO:meta-cli.py:Epoch 60/100	Loss 8.8173 ± 0.0988
INFO:meta-cli.py:Epoch 60/100	dev results	MRR 0.366291	H@1 0.271429	H@3 0.402538	H@5 0.468976	H@10 0.557086
INFO:meta-cli.py:Epoch 60/100	test results	MRR 0.360844	H@1 0.266491	H@3 0.398344	H@5 0.462694	H@10 0.549375
INFO:meta-cli.py:Epoch 61/100	Loss 8.8153 ± 0.1012
INFO:meta-cli.py:Epoch 62/100	Loss 8.8130 ± 0.0997
INFO:meta-cli.py:Epoch 63/100	Loss 8.8112 ± 0.0983
INFO:meta-cli.py:Epoch 63/100	dev results	MRR 0.366203	H@1 0.271771	H@3 0.400969	H@5 0.467693	H@10 0.556230
INFO:meta-cli.py:Epoch 63/100	test results	MRR 0.361413	H@1 0.266637	H@3 0.398808	H@5 0.463452	H@10 0.549301
INFO:meta-cli.py:Epoch 64/100	Loss 8.8090 ± 0.0936
INFO:meta-cli.py:Epoch 65/100	Loss 8.8069 ± 0.0967
INFO:meta-cli.py:Epoch 66/100	Loss 8.8046 ± 0.0923
INFO:meta-cli.py:Epoch 66/100	dev results	MRR 0.366205	H@1 0.271115	H@3 0.403051	H@5 0.468606	H@10 0.556915
INFO:meta-cli.py:Epoch 66/100	test results	MRR 0.360805	H@1 0.265807	H@3 0.398808	H@5 0.463671	H@10 0.548397
INFO:meta-cli.py:Epoch 67/100	Loss 8.8028 ± 0.0982
INFO:meta-cli.py:Epoch 68/100	Loss 8.8013 ± 0.0987
INFO:meta-cli.py:Epoch 69/100	Loss 8.7993 ± 0.0955
INFO:meta-cli.py:Epoch 69/100	dev results	MRR 0.367530	H@1 0.273339	H@3 0.403108	H@5 0.468834	H@10 0.557200
INFO:meta-cli.py:Epoch 69/100	test results	MRR 0.360377	H@1 0.265343	H@3 0.398710	H@5 0.462181	H@10 0.549936
INFO:meta-cli.py:Epoch 70/100	Loss 8.7974 ± 0.0985
INFO:meta-cli.py:Epoch 71/100	Loss 8.7961 ± 0.0992
INFO:meta-cli.py:Epoch 72/100	Loss 8.7936 ± 0.0970
INFO:meta-cli.py:Epoch 72/100	dev results	MRR 0.366417	H@1 0.272056	H@3 0.402595	H@5 0.467551	H@10 0.557143
INFO:meta-cli.py:Epoch 72/100	test results	MRR 0.360571	H@1 0.266198	H@3 0.398197	H@5 0.461375	H@10 0.549228
INFO:meta-cli.py:Epoch 73/100	Loss 8.7919 ± 0.0948
INFO:meta-cli.py:Epoch 74/100	Loss 8.7901 ± 0.0983
INFO:meta-cli.py:Epoch 75/100	Loss 8.7889 ± 0.0961
INFO:meta-cli.py:Epoch 75/100	dev results	MRR 0.366626	H@1 0.271571	H@3 0.402481	H@5 0.468263	H@10 0.557114
INFO:meta-cli.py:Epoch 75/100	test results	MRR 0.361557	H@1 0.267688	H@3 0.398002	H@5 0.463720	H@10 0.548984
INFO:meta-cli.py:Epoch 76/100	Loss 8.7875 ± 0.0958
INFO:meta-cli.py:Epoch 77/100	Loss 8.7854 ± 0.0926
INFO:meta-cli.py:Epoch 78/100	Loss 8.7842 ± 0.0948
INFO:meta-cli.py:Epoch 78/100	dev results	MRR 0.366623	H@1 0.271600	H@3 0.403678	H@5 0.468577	H@10 0.556287
INFO:meta-cli.py:Epoch 78/100	test results	MRR 0.360578	H@1 0.266002	H@3 0.398368	H@5 0.462865	H@10 0.548446
INFO:meta-cli.py:Epoch 79/100	Loss 8.7823 ± 0.0928
INFO:meta-cli.py:Epoch 80/100	Loss 8.7810 ± 0.0935
INFO:meta-cli.py:Epoch 81/100	Loss 8.7797 ± 0.0987
INFO:meta-cli.py:Epoch 81/100	dev results	MRR 0.366710	H@1 0.271885	H@3 0.402310	H@5 0.468663	H@10 0.557228
INFO:meta-cli.py:Epoch 81/100	test results	MRR 0.361060	H@1 0.266344	H@3 0.398734	H@5 0.462450	H@10 0.548373
INFO:meta-cli.py:Epoch 82/100	Loss 8.7783 ± 0.0971
INFO:meta-cli.py:Epoch 83/100	Loss 8.7771 ± 0.0920
INFO:meta-cli.py:Epoch 84/100	Loss 8.7753 ± 0.0907
INFO:meta-cli.py:Epoch 84/100	dev results	MRR 0.366592	H@1 0.271856	H@3 0.403308	H@5 0.468891	H@10 0.556173
INFO:meta-cli.py:Epoch 84/100	test results	MRR 0.361201	H@1 0.266271	H@3 0.399125	H@5 0.463452	H@10 0.549985
INFO:meta-cli.py:Epoch 85/100	Loss 8.7741 ± 0.0910
INFO:meta-cli.py:Epoch 86/100	Loss 8.7729 ± 0.0901
INFO:meta-cli.py:Epoch 87/100	Loss 8.7711 ± 0.0922
INFO:meta-cli.py:Epoch 87/100	dev results	MRR 0.366538	H@1 0.271913	H@3 0.403365	H@5 0.468235	H@10 0.557342
INFO:meta-cli.py:Epoch 87/100	test results	MRR 0.361250	H@1 0.266417	H@3 0.399443	H@5 0.463110	H@10 0.549350
INFO:meta-cli.py:Epoch 88/100	Loss 8.7701 ± 0.0934
INFO:meta-cli.py:Epoch 89/100	Loss 8.7685 ± 0.0937
INFO:meta-cli.py:Epoch 90/100	Loss 8.7676 ± 0.0955
INFO:meta-cli.py:Epoch 90/100	dev results	MRR 0.366999	H@1 0.271799	H@3 0.405361	H@5 0.469147	H@10 0.556658
INFO:meta-cli.py:Epoch 90/100	test results	MRR 0.361223	H@1 0.266540	H@3 0.400127	H@5 0.463549	H@10 0.548764
INFO:meta-cli.py:Epoch 91/100	Loss 8.7665 ± 0.0904
INFO:meta-cli.py:Epoch 92/100	Loss 8.7647 ± 0.0931
INFO:meta-cli.py:Epoch 93/100	Loss 8.7634 ± 0.0873
INFO:meta-cli.py:Epoch 93/100	dev results	MRR 0.366641	H@1 0.271286	H@3 0.404021	H@5 0.469062	H@10 0.557970
INFO:meta-cli.py:Epoch 93/100	test results	MRR 0.361060	H@1 0.266711	H@3 0.398270	H@5 0.462865	H@10 0.549155
INFO:meta-cli.py:Epoch 94/100	Loss 8.7627 ± 0.0920
INFO:meta-cli.py:Epoch 95/100	Loss 8.7613 ± 0.0923
INFO:meta-cli.py:Epoch 96/100	Loss 8.7601 ± 0.0882
INFO:meta-cli.py:Epoch 96/100	dev results	MRR 0.367045	H@1 0.272255	H@3 0.404220	H@5 0.469176	H@10 0.556316
INFO:meta-cli.py:Epoch 96/100	test results	MRR 0.360923	H@1 0.266100	H@3 0.398979	H@5 0.463329	H@10 0.549863
INFO:meta-cli.py:Epoch 97/100	Loss 8.7588 ± 0.0954
INFO:meta-cli.py:Epoch 98/100	Loss 8.7580 ± 0.0874
INFO:meta-cli.py:Epoch 99/100	Loss 8.7570 ± 0.0929
INFO:meta-cli.py:Epoch 99/100	dev results	MRR 0.367269	H@1 0.272569	H@3 0.403821	H@5 0.468577	H@10 0.557599
INFO:meta-cli.py:Epoch 99/100	test results	MRR 0.360792	H@1 0.265978	H@3 0.399125	H@5 0.463061	H@10 0.550376
INFO:meta-cli.py:Epoch 100/100	Loss 8.7555 ± 0.0919
INFO:meta-cli.py:Final 	dev results	MRR 0.366849	H@1 0.272084	H@3 0.402709	H@5 0.468720	H@10 0.558027
INFO:meta-cli.py:Final 	test results	MRR 0.361372	H@1 0.267175	H@3 0.398954	H@5 0.462499	H@10 0.550523
INFO:meta-cli.py:Training finished
