./bin/meta-cli.py --train data/fb15k-237/train.tsv --dev data/fb15k-237/dev.tsv --test data/fb15k-237/test.tsv -m complex -k 4000 -b 1000 -e 100 --F2 0 --N3 0.1 -l 0.1 -I standard -V 3 -o adagrad -q
{'F2': 0.0,
 'N3': 0.1,
 'batch_size': 1000,
 'dev': 'data/fb15k-237/dev.tsv',
 'embedding_size': 4000,
 'epochs': 100,
 'eval_batch_size': None,
 'input_type': 'standard',
 'learning_rate': 0.1,
 'load': None,
 'model': 'complex',
 'optimizer': 'adagrad',
 'quiet': True,
 'save': None,
 'seed': 0,
 'test': 'data/fb15k-237/test.tsv',
 'test_i': None,
 'test_ii': None,
 'train': 'data/fb15k-237/train.tsv',
 'validate_every': 3}
INFO:meta-cli.py:Device: cuda
INFO:meta-cli.py:Model state:
INFO:meta-cli.py:	entities.weight	torch.Size([14541, 8000])
INFO:meta-cli.py:	predicates.weight	torch.Size([237, 8000])
INFO:meta-cli.py:Epoch 1/100	Loss 15.6241 ± 2.1391
INFO:meta-cli.py:Epoch 2/100	Loss 12.9934 ± 0.0959
INFO:meta-cli.py:Epoch 3/100	Loss 12.4723 ± 0.1483
INFO:meta-cli.py:Epoch 3/100	dev results	MRR 0.320256	H@1 0.228429	H@3 0.352238	H@5 0.417451	H@10 0.505304
INFO:meta-cli.py:Epoch 3/100	test results	MRR 0.314281	H@1 0.221905	H@3 0.347650	H@5 0.413588	H@10 0.499487
INFO:meta-cli.py:Epoch 4/100	Loss 12.2220 ± 0.1722
INFO:meta-cli.py:Epoch 5/100	Loss 12.0699 ± 0.1761
INFO:meta-cli.py:Epoch 6/100	Loss 11.9625 ± 0.1791
INFO:meta-cli.py:Epoch 6/100	dev results	MRR 0.340541	H@1 0.248018	H@3 0.372541	H@5 0.440034	H@10 0.528400
INFO:meta-cli.py:Epoch 6/100	test results	MRR 0.334947	H@1 0.242182	H@3 0.367512	H@5 0.435747	H@10 0.524211
INFO:meta-cli.py:Epoch 7/100	Loss 11.8845 ± 0.1703
INFO:meta-cli.py:Epoch 8/100	Loss 11.8227 ± 0.1737
INFO:meta-cli.py:Epoch 9/100	Loss 11.7727 ± 0.1755
INFO:meta-cli.py:Epoch 9/100	dev results	MRR 0.346492	H@1 0.253550	H@3 0.378899	H@5 0.445224	H@10 0.536698
INFO:meta-cli.py:Epoch 9/100	test results	MRR 0.340651	H@1 0.246482	H@3 0.374377	H@5 0.442197	H@10 0.531271
INFO:meta-cli.py:Epoch 10/100	Loss 11.7308 ± 0.1675
INFO:meta-cli.py:Epoch 11/100	Loss 11.6948 ± 0.1698
INFO:meta-cli.py:Epoch 12/100	Loss 11.6642 ± 0.1689
INFO:meta-cli.py:Epoch 12/100	dev results	MRR 0.348539	H@1 0.253864	H@3 0.382492	H@5 0.449872	H@10 0.540747
INFO:meta-cli.py:Epoch 12/100	test results	MRR 0.342286	H@1 0.247117	H@3 0.376820	H@5 0.446839	H@10 0.537306
INFO:meta-cli.py:Epoch 13/100	Loss 11.6374 ± 0.1613
INFO:meta-cli.py:Epoch 14/100	Loss 11.6135 ± 0.1657
INFO:meta-cli.py:Epoch 15/100	Loss 11.5914 ± 0.1590
INFO:meta-cli.py:Epoch 15/100	dev results	MRR 0.353941	H@1 0.258626	H@3 0.389421	H@5 0.456886	H@10 0.544254
INFO:meta-cli.py:Epoch 15/100	test results	MRR 0.348666	H@1 0.252858	H@3 0.384369	H@5 0.453508	H@10 0.541801
INFO:meta-cli.py:Epoch 16/100	Loss 11.5727 ± 0.1660
INFO:meta-cli.py:Epoch 17/100	Loss 11.5569 ± 0.1549
INFO:meta-cli.py:Epoch 18/100	Loss 11.5394 ± 0.1527
INFO:meta-cli.py:Epoch 18/100	dev results	MRR 0.357132	H@1 0.263216	H@3 0.391816	H@5 0.457884	H@10 0.546963
INFO:meta-cli.py:Epoch 18/100	test results	MRR 0.351486	H@1 0.258282	H@3 0.384003	H@5 0.452580	H@10 0.542436
INFO:meta-cli.py:Epoch 19/100	Loss 11.5246 ± 0.1466
INFO:meta-cli.py:Epoch 20/100	Loss 11.5122 ± 0.1476
INFO:meta-cli.py:Epoch 21/100	Loss 11.5001 ± 0.1451
INFO:meta-cli.py:Epoch 21/100	dev results	MRR 0.357385	H@1 0.263616	H@3 0.392501	H@5 0.458540	H@10 0.547305
INFO:meta-cli.py:Epoch 21/100	test results	MRR 0.352054	H@1 0.257647	H@3 0.387521	H@5 0.455170	H@10 0.543316
INFO:meta-cli.py:Epoch 22/100	Loss 11.4882 ± 0.1463
INFO:meta-cli.py:Epoch 23/100	Loss 11.4757 ± 0.1454
INFO:meta-cli.py:Epoch 24/100	Loss 11.4673 ± 0.1422
INFO:meta-cli.py:Epoch 24/100	dev results	MRR 0.358149	H@1 0.262874	H@3 0.395352	H@5 0.461905	H@10 0.548303
INFO:meta-cli.py:Epoch 24/100	test results	MRR 0.353624	H@1 0.258526	H@3 0.389646	H@5 0.457906	H@10 0.547298
INFO:meta-cli.py:Epoch 25/100	Loss 11.4565 ± 0.1422
INFO:meta-cli.py:Epoch 26/100	Loss 11.4484 ± 0.1318
INFO:meta-cli.py:Epoch 27/100	Loss 11.4406 ± 0.1405
INFO:meta-cli.py:Epoch 27/100	dev results	MRR 0.358935	H@1 0.262532	H@3 0.396208	H@5 0.462247	H@10 0.551640
INFO:meta-cli.py:Epoch 27/100	test results	MRR 0.354717	H@1 0.258893	H@3 0.391356	H@5 0.458736	H@10 0.547298
INFO:meta-cli.py:Epoch 28/100	Loss 11.4318 ± 0.1356
INFO:meta-cli.py:Epoch 29/100	Loss 11.4242 ± 0.1363
INFO:meta-cli.py:Epoch 30/100	Loss 11.4167 ± 0.1373
INFO:meta-cli.py:Epoch 30/100	dev results	MRR 0.360082	H@1 0.264842	H@3 0.397120	H@5 0.463216	H@10 0.550699
INFO:meta-cli.py:Epoch 30/100	test results	MRR 0.355675	H@1 0.260652	H@3 0.391259	H@5 0.457759	H@10 0.547860
INFO:meta-cli.py:Epoch 31/100	Loss 11.4102 ± 0.1300
INFO:meta-cli.py:Epoch 32/100	Loss 11.4029 ± 0.1292
INFO:meta-cli.py:Epoch 33/100	Loss 11.3969 ± 0.1248
INFO:meta-cli.py:Epoch 33/100	dev results	MRR 0.362384	H@1 0.267978	H@3 0.399373	H@5 0.465098	H@10 0.551354
INFO:meta-cli.py:Epoch 33/100	test results	MRR 0.356527	H@1 0.261189	H@3 0.392993	H@5 0.460276	H@10 0.548984
INFO:meta-cli.py:Epoch 34/100	Loss 11.3914 ± 0.1258
INFO:meta-cli.py:Epoch 35/100	Loss 11.3852 ± 0.1281
INFO:meta-cli.py:Epoch 36/100	Loss 11.3795 ± 0.1222
INFO:meta-cli.py:Epoch 36/100	dev results	MRR 0.361673	H@1 0.266895	H@3 0.396806	H@5 0.464728	H@10 0.554092
INFO:meta-cli.py:Epoch 36/100	test results	MRR 0.357702	H@1 0.263241	H@3 0.392725	H@5 0.461180	H@10 0.550010
INFO:meta-cli.py:Epoch 37/100	Loss 11.3749 ± 0.1249
INFO:meta-cli.py:Epoch 38/100	Loss 11.3697 ± 0.1231
INFO:meta-cli.py:Epoch 39/100	Loss 11.3649 ± 0.1216
INFO:meta-cli.py:Epoch 39/100	dev results	MRR 0.362545	H@1 0.267551	H@3 0.399857	H@5 0.465013	H@10 0.552409
INFO:meta-cli.py:Epoch 39/100	test results	MRR 0.357002	H@1 0.261702	H@3 0.393286	H@5 0.461204	H@10 0.550083
INFO:meta-cli.py:Epoch 40/100	Loss 11.3609 ± 0.1254
INFO:meta-cli.py:Epoch 41/100	Loss 11.3546 ± 0.1214
INFO:meta-cli.py:Epoch 42/100	Loss 11.3515 ± 0.1164
INFO:meta-cli.py:Epoch 42/100	dev results	MRR 0.363498	H@1 0.269433	H@3 0.398346	H@5 0.465954	H@10 0.553065
INFO:meta-cli.py:Epoch 42/100	test results	MRR 0.356652	H@1 0.261776	H@3 0.391088	H@5 0.460764	H@10 0.548984
INFO:meta-cli.py:Epoch 43/100	Loss 11.3475 ± 0.1199
INFO:meta-cli.py:Epoch 44/100	Loss 11.3418 ± 0.1181
INFO:meta-cli.py:Epoch 45/100	Loss 11.3401 ± 0.1216
INFO:meta-cli.py:Epoch 45/100	dev results	MRR 0.363809	H@1 0.268862	H@3 0.401768	H@5 0.466125	H@10 0.553978
INFO:meta-cli.py:Epoch 45/100	test results	MRR 0.357977	H@1 0.262509	H@3 0.395949	H@5 0.460471	H@10 0.550523
INFO:meta-cli.py:Epoch 46/100	Loss 11.3355 ± 0.1191
INFO:meta-cli.py:Epoch 47/100	Loss 11.3306 ± 0.1205
INFO:meta-cli.py:Epoch 48/100	Loss 11.3275 ± 0.1223
INFO:meta-cli.py:Epoch 48/100	dev results	MRR 0.364626	H@1 0.269974	H@3 0.401711	H@5 0.465469	H@10 0.555033
INFO:meta-cli.py:Epoch 48/100	test results	MRR 0.360160	H@1 0.265489	H@3 0.395730	H@5 0.461888	H@10 0.551720
INFO:meta-cli.py:Epoch 49/100	Loss 11.3244 ± 0.1207
INFO:meta-cli.py:Epoch 50/100	Loss 11.3205 ± 0.1117
INFO:meta-cli.py:Epoch 51/100	Loss 11.3174 ± 0.1122
INFO:meta-cli.py:Epoch 51/100	dev results	MRR 0.364370	H@1 0.269433	H@3 0.400855	H@5 0.468263	H@10 0.555346
INFO:meta-cli.py:Epoch 51/100	test results	MRR 0.358702	H@1 0.263437	H@3 0.396243	H@5 0.462987	H@10 0.551598
INFO:meta-cli.py:Epoch 52/100	Loss 11.3151 ± 0.1188
INFO:meta-cli.py:Epoch 53/100	Loss 11.3111 ± 0.1203
INFO:meta-cli.py:Epoch 54/100	Loss 11.3080 ± 0.1200
INFO:meta-cli.py:Epoch 54/100	dev results	MRR 0.365803	H@1 0.271628	H@3 0.402139	H@5 0.468321	H@10 0.554577
INFO:meta-cli.py:Epoch 54/100	test results	MRR 0.360076	H@1 0.265904	H@3 0.395778	H@5 0.461961	H@10 0.552599
INFO:meta-cli.py:Epoch 55/100	Loss 11.3053 ± 0.1113
INFO:meta-cli.py:Epoch 56/100	Loss 11.3040 ± 0.1186
INFO:meta-cli.py:Epoch 57/100	Loss 11.3009 ± 0.1111
INFO:meta-cli.py:Epoch 57/100	dev results	MRR 0.365622	H@1 0.270972	H@3 0.402794	H@5 0.467408	H@10 0.557514
INFO:meta-cli.py:Epoch 57/100	test results	MRR 0.359479	H@1 0.263901	H@3 0.396560	H@5 0.462523	H@10 0.552599
INFO:meta-cli.py:Epoch 58/100	Loss 11.2976 ± 0.1178
INFO:meta-cli.py:Epoch 59/100	Loss 11.2940 ± 0.1067
INFO:meta-cli.py:Epoch 60/100	Loss 11.2930 ± 0.1148
INFO:meta-cli.py:Epoch 60/100	dev results	MRR 0.366411	H@1 0.272712	H@3 0.402395	H@5 0.467864	H@10 0.555717
INFO:meta-cli.py:Epoch 60/100	test results	MRR 0.361171	H@1 0.267346	H@3 0.396462	H@5 0.462206	H@10 0.552599
INFO:meta-cli.py:Epoch 61/100	Loss 11.2898 ± 0.1067
INFO:meta-cli.py:Epoch 62/100	Loss 11.2874 ± 0.1117
INFO:meta-cli.py:Epoch 63/100	Loss 11.2849 ± 0.1077
INFO:meta-cli.py:Epoch 63/100	dev results	MRR 0.366344	H@1 0.271372	H@3 0.404334	H@5 0.468663	H@10 0.556829
INFO:meta-cli.py:Epoch 63/100	test results	MRR 0.360915	H@1 0.266149	H@3 0.397293	H@5 0.462963	H@10 0.552941
INFO:meta-cli.py:Epoch 64/100	Loss 11.2826 ± 0.1172
INFO:meta-cli.py:Epoch 65/100	Loss 11.2806 ± 0.1107
INFO:meta-cli.py:Epoch 66/100	Loss 11.2785 ± 0.1088
INFO:meta-cli.py:Epoch 66/100	dev results	MRR 0.365547	H@1 0.271286	H@3 0.402139	H@5 0.467608	H@10 0.556630
INFO:meta-cli.py:Epoch 66/100	test results	MRR 0.360214	H@1 0.265831	H@3 0.395876	H@5 0.462548	H@10 0.552380
INFO:meta-cli.py:Epoch 67/100	Loss 11.2764 ± 0.1055
INFO:meta-cli.py:Epoch 68/100	Loss 11.2738 ± 0.1065
INFO:meta-cli.py:Epoch 69/100	Loss 11.2708 ± 0.1105
INFO:meta-cli.py:Epoch 69/100	dev results	MRR 0.367679	H@1 0.273368	H@3 0.403735	H@5 0.468606	H@10 0.557342
INFO:meta-cli.py:Epoch 69/100	test results	MRR 0.361196	H@1 0.266491	H@3 0.397611	H@5 0.464649	H@10 0.553919
INFO:meta-cli.py:Epoch 70/100	Loss 11.2696 ± 0.1068
INFO:meta-cli.py:Epoch 71/100	Loss 11.2671 ± 0.1085
INFO:meta-cli.py:Epoch 72/100	Loss 11.2660 ± 0.1034
INFO:meta-cli.py:Epoch 72/100	dev results	MRR 0.367080	H@1 0.273054	H@3 0.402424	H@5 0.469204	H@10 0.557399
INFO:meta-cli.py:Epoch 72/100	test results	MRR 0.362056	H@1 0.267517	H@3 0.397318	H@5 0.464209	H@10 0.555067
INFO:meta-cli.py:Epoch 73/100	Loss 11.2639 ± 0.1116
INFO:meta-cli.py:Epoch 74/100	Loss 11.2622 ± 0.1132
INFO:meta-cli.py:Epoch 75/100	Loss 11.2602 ± 0.1095
INFO:meta-cli.py:Epoch 75/100	dev results	MRR 0.367240	H@1 0.272683	H@3 0.404448	H@5 0.468549	H@10 0.557571
INFO:meta-cli.py:Epoch 75/100	test results	MRR 0.361470	H@1 0.266784	H@3 0.396340	H@5 0.463427	H@10 0.552502
INFO:meta-cli.py:Epoch 76/100	Loss 11.2583 ± 0.1069
INFO:meta-cli.py:Epoch 77/100	Loss 11.2568 ± 0.1002
INFO:meta-cli.py:Epoch 78/100	Loss 11.2542 ± 0.1061
INFO:meta-cli.py:Epoch 78/100	dev results	MRR 0.366981	H@1 0.273596	H@3 0.402082	H@5 0.466952	H@10 0.556202
INFO:meta-cli.py:Epoch 78/100	test results	MRR 0.361877	H@1 0.267859	H@3 0.397244	H@5 0.463183	H@10 0.553601
INFO:meta-cli.py:Epoch 79/100	Loss 11.2538 ± 0.1082
INFO:meta-cli.py:Epoch 80/100	Loss 11.2513 ± 0.1029
INFO:meta-cli.py:Epoch 81/100	Loss 11.2496 ± 0.1054
INFO:meta-cli.py:Epoch 81/100	dev results	MRR 0.367256	H@1 0.273025	H@3 0.402766	H@5 0.470231	H@10 0.557314
INFO:meta-cli.py:Epoch 81/100	test results	MRR 0.361097	H@1 0.266466	H@3 0.396023	H@5 0.463305	H@10 0.553332
INFO:meta-cli.py:Epoch 82/100	Loss 11.2468 ± 0.1052
INFO:meta-cli.py:Epoch 83/100	Loss 11.2466 ± 0.0994
INFO:meta-cli.py:Epoch 84/100	Loss 11.2439 ± 0.0975
INFO:meta-cli.py:Epoch 84/100	dev results	MRR 0.367444	H@1 0.272626	H@3 0.404106	H@5 0.469261	H@10 0.557742
INFO:meta-cli.py:Epoch 84/100	test results	MRR 0.362168	H@1 0.267737	H@3 0.396804	H@5 0.463891	H@10 0.554456
INFO:meta-cli.py:Epoch 85/100	Loss 11.2434 ± 0.1009
INFO:meta-cli.py:Epoch 86/100	Loss 11.2412 ± 0.1015
INFO:meta-cli.py:Epoch 87/100	Loss 11.2409 ± 0.1024
INFO:meta-cli.py:Epoch 87/100	dev results	MRR 0.367415	H@1 0.272484	H@3 0.404534	H@5 0.470174	H@10 0.559652
INFO:meta-cli.py:Epoch 87/100	test results	MRR 0.362322	H@1 0.268005	H@3 0.397171	H@5 0.464893	H@10 0.554823
INFO:meta-cli.py:Epoch 88/100	Loss 11.2387 ± 0.1012
INFO:meta-cli.py:Epoch 89/100	Loss 11.2375 ± 0.1018
INFO:meta-cli.py:Epoch 90/100	Loss 11.2359 ± 0.0960
INFO:meta-cli.py:Epoch 90/100	dev results	MRR 0.367374	H@1 0.272968	H@3 0.403792	H@5 0.470231	H@10 0.558483
INFO:meta-cli.py:Epoch 90/100	test results	MRR 0.362608	H@1 0.268665	H@3 0.397342	H@5 0.465504	H@10 0.555262
INFO:meta-cli.py:Epoch 91/100	Loss 11.2349 ± 0.1001
INFO:meta-cli.py:Epoch 92/100	Loss 11.2334 ± 0.1036
INFO:meta-cli.py:Epoch 93/100	Loss 11.2312 ± 0.1075
INFO:meta-cli.py:Epoch 93/100	dev results	MRR 0.367799	H@1 0.273738	H@3 0.402965	H@5 0.469261	H@10 0.558654
INFO:meta-cli.py:Epoch 93/100	test results	MRR 0.362393	H@1 0.267419	H@3 0.398857	H@5 0.463965	H@10 0.554871
INFO:meta-cli.py:Epoch 94/100	Loss 11.2304 ± 0.0933
INFO:meta-cli.py:Epoch 95/100	Loss 11.2301 ± 0.1030
INFO:meta-cli.py:Epoch 96/100	Loss 11.2271 ± 0.1028
INFO:meta-cli.py:Epoch 96/100	dev results	MRR 0.368977	H@1 0.275506	H@3 0.403821	H@5 0.470630	H@10 0.558711
INFO:meta-cli.py:Epoch 96/100	test results	MRR 0.363209	H@1 0.268445	H@3 0.399003	H@5 0.466017	H@10 0.555311
INFO:meta-cli.py:Epoch 97/100	Loss 11.2271 ± 0.1023
INFO:meta-cli.py:Epoch 98/100	Loss 11.2251 ± 0.0962
INFO:meta-cli.py:Epoch 99/100	Loss 11.2242 ± 0.1008
INFO:meta-cli.py:Epoch 99/100	dev results	MRR 0.367813	H@1 0.273082	H@3 0.404249	H@5 0.470145	H@10 0.559196
INFO:meta-cli.py:Epoch 99/100	test results	MRR 0.362328	H@1 0.267395	H@3 0.397904	H@5 0.464160	H@10 0.554871
INFO:meta-cli.py:Epoch 100/100	Loss 11.2233 ± 0.1011
INFO:meta-cli.py:Final 	dev results	MRR 0.368370	H@1 0.274194	H@3 0.404277	H@5 0.469946	H@10 0.558911
INFO:meta-cli.py:Final 	test results	MRR 0.362761	H@1 0.268201	H@3 0.397318	H@5 0.464527	H@10 0.553723
INFO:meta-cli.py:Training finished
