./bin/meta-cli.py --train data/fb15k-237/train.tsv --dev data/fb15k-237/dev.tsv --test data/fb15k-237/test.tsv -m complex -k 1000 -b 1000 -e 100 --F2 0.005 --N3 0 -l 0.1 -I standard -V 3 -o adagrad -q
{'F2': 0.005,
 'N3': 0.0,
 'batch_size': 1000,
 'dev': 'data/fb15k-237/dev.tsv',
 'embedding_size': 1000,
 'epochs': 100,
 'eval_batch_size': None,
 'input_type': 'standard',
 'learning_rate': 0.1,
 'load': None,
 'model': 'complex',
 'optimizer': 'adagrad',
 'quiet': True,
 'save': None,
 'seed': 0,
 'test': 'data/fb15k-237/test.tsv',
 'test_i': None,
 'test_ii': None,
 'train': 'data/fb15k-237/train.tsv',
 'validate_every': 3}
INFO:meta-cli.py:Device: cuda
INFO:meta-cli.py:Model state:
INFO:meta-cli.py:	entities.weight	torch.Size([14541, 2000])
INFO:meta-cli.py:	predicates.weight	torch.Size([237, 2000])
INFO:meta-cli.py:Epoch 1/100	Loss 12.5496 ± 1.9605
INFO:meta-cli.py:Epoch 2/100	Loss 8.8024 ± 0.1428
INFO:meta-cli.py:Epoch 3/100	Loss 7.9680 ± 0.2253
INFO:meta-cli.py:Epoch 3/100	dev results	MRR 0.323643	H@1 0.233847	H@3 0.355375	H@5 0.419447	H@10 0.507642
INFO:meta-cli.py:Epoch 3/100	test results	MRR 0.317150	H@1 0.227060	H@3 0.346648	H@5 0.414077	H@10 0.499780
INFO:meta-cli.py:Epoch 4/100	Loss 7.6230 ± 0.2361
INFO:meta-cli.py:Epoch 5/100	Loss 7.4241 ± 0.2366
INFO:meta-cli.py:Epoch 6/100	Loss 7.2863 ± 0.2242
INFO:meta-cli.py:Epoch 6/100	dev results	MRR 0.336897	H@1 0.246222	H@3 0.367836	H@5 0.434103	H@10 0.521899
INFO:meta-cli.py:Epoch 6/100	test results	MRR 0.330974	H@1 0.240032	H@3 0.361746	H@5 0.428491	H@10 0.516198
INFO:meta-cli.py:Epoch 7/100	Loss 7.1866 ± 0.2169
INFO:meta-cli.py:Epoch 8/100	Loss 7.1063 ± 0.2122
INFO:meta-cli.py:Epoch 9/100	Loss 7.0429 ± 0.2121
INFO:meta-cli.py:Epoch 9/100	dev results	MRR 0.341450	H@1 0.250813	H@3 0.372512	H@5 0.437382	H@10 0.526005
INFO:meta-cli.py:Epoch 9/100	test results	MRR 0.336154	H@1 0.245089	H@3 0.367610	H@5 0.433328	H@10 0.517932
INFO:meta-cli.py:Epoch 10/100	Loss 6.9883 ± 0.2003
INFO:meta-cli.py:Epoch 11/100	Loss 6.9405 ± 0.2043
INFO:meta-cli.py:Epoch 12/100	Loss 6.9021 ± 0.2042
INFO:meta-cli.py:Epoch 12/100	dev results	MRR 0.343187	H@1 0.253407	H@3 0.374480	H@5 0.439435	H@10 0.525863
INFO:meta-cli.py:Epoch 12/100	test results	MRR 0.336695	H@1 0.246384	H@3 0.368660	H@5 0.434013	H@10 0.519667
INFO:meta-cli.py:Epoch 13/100	Loss 6.8662 ± 0.1914
INFO:meta-cli.py:Epoch 14/100	Loss 6.8343 ± 0.1958
INFO:meta-cli.py:Epoch 15/100	Loss 6.8043 ± 0.1865
INFO:meta-cli.py:Epoch 15/100	dev results	MRR 0.345098	H@1 0.254291	H@3 0.377217	H@5 0.441517	H@10 0.529997
INFO:meta-cli.py:Epoch 15/100	test results	MRR 0.337548	H@1 0.246384	H@3 0.370150	H@5 0.434916	H@10 0.522574
INFO:meta-cli.py:Epoch 16/100	Loss 6.7793 ± 0.1843
INFO:meta-cli.py:Epoch 17/100	Loss 6.7566 ± 0.1841
INFO:meta-cli.py:Epoch 18/100	Loss 6.7345 ± 0.1822
INFO:meta-cli.py:Epoch 18/100	dev results	MRR 0.346660	H@1 0.256002	H@3 0.379470	H@5 0.442658	H@10 0.529712
INFO:meta-cli.py:Epoch 18/100	test results	MRR 0.339467	H@1 0.248998	H@3 0.372569	H@5 0.435674	H@10 0.521524
INFO:meta-cli.py:Epoch 19/100	Loss 6.7138 ± 0.1728
INFO:meta-cli.py:Epoch 20/100	Loss 6.6956 ± 0.1730
INFO:meta-cli.py:Epoch 21/100	Loss 6.6790 ± 0.1632
INFO:meta-cli.py:Epoch 21/100	dev results	MRR 0.345860	H@1 0.255461	H@3 0.377616	H@5 0.443057	H@10 0.529512
INFO:meta-cli.py:Epoch 21/100	test results	MRR 0.339506	H@1 0.248632	H@3 0.371787	H@5 0.437213	H@10 0.522623
INFO:meta-cli.py:Epoch 22/100	Loss 6.6635 ± 0.1681
INFO:meta-cli.py:Epoch 23/100	Loss 6.6469 ± 0.1668
INFO:meta-cli.py:Epoch 24/100	Loss 6.6337 ± 0.1627
INFO:meta-cli.py:Epoch 24/100	dev results	MRR 0.345761	H@1 0.255061	H@3 0.378358	H@5 0.443114	H@10 0.528258
INFO:meta-cli.py:Epoch 24/100	test results	MRR 0.338980	H@1 0.247899	H@3 0.372203	H@5 0.436627	H@10 0.522037
INFO:meta-cli.py:Epoch 25/100	Loss 6.6193 ± 0.1614
INFO:meta-cli.py:Epoch 26/100	Loss 6.6060 ± 0.1593
INFO:meta-cli.py:Epoch 27/100	Loss 6.5957 ± 0.1594
INFO:meta-cli.py:Epoch 27/100	dev results	MRR 0.346726	H@1 0.256287	H@3 0.379612	H@5 0.443969	H@10 0.530254
INFO:meta-cli.py:Epoch 27/100	test results	MRR 0.340463	H@1 0.249976	H@3 0.373131	H@5 0.438044	H@10 0.522647
INFO:meta-cli.py:Epoch 28/100	Loss 6.5845 ± 0.1535
INFO:meta-cli.py:Epoch 29/100	Loss 6.5732 ± 0.1508
INFO:meta-cli.py:Epoch 30/100	Loss 6.5629 ± 0.1510
INFO:meta-cli.py:Epoch 30/100	dev results	MRR 0.346070	H@1 0.255403	H@3 0.378985	H@5 0.442201	H@10 0.529569
INFO:meta-cli.py:Epoch 30/100	test results	MRR 0.339510	H@1 0.248681	H@3 0.374182	H@5 0.437164	H@10 0.522574
INFO:meta-cli.py:Epoch 31/100	Loss 6.5529 ± 0.1485
INFO:meta-cli.py:Epoch 32/100	Loss 6.5434 ± 0.1511
INFO:meta-cli.py:Epoch 33/100	Loss 6.5346 ± 0.1435
INFO:meta-cli.py:Epoch 33/100	dev results	MRR 0.346685	H@1 0.256829	H@3 0.379270	H@5 0.443427	H@10 0.527916
INFO:meta-cli.py:Epoch 33/100	test results	MRR 0.339354	H@1 0.248412	H@3 0.372691	H@5 0.437408	H@10 0.521743
INFO:meta-cli.py:Epoch 34/100	Loss 6.5256 ± 0.1421
INFO:meta-cli.py:Epoch 35/100	Loss 6.5177 ± 0.1477
INFO:meta-cli.py:Epoch 36/100	Loss 6.5099 ± 0.1366
INFO:meta-cli.py:Epoch 36/100	dev results	MRR 0.345964	H@1 0.255974	H@3 0.379270	H@5 0.440719	H@10 0.527859
INFO:meta-cli.py:Epoch 36/100	test results	MRR 0.339100	H@1 0.247850	H@3 0.373375	H@5 0.436602	H@10 0.522647
INFO:meta-cli.py:Epoch 37/100	Loss 6.5018 ± 0.1364
INFO:meta-cli.py:Epoch 38/100	Loss 6.4960 ± 0.1480
INFO:meta-cli.py:Epoch 39/100	Loss 6.4881 ± 0.1353
INFO:meta-cli.py:Epoch 39/100	dev results	MRR 0.346336	H@1 0.256287	H@3 0.378928	H@5 0.441488	H@10 0.527973
INFO:meta-cli.py:Epoch 39/100	test results	MRR 0.339496	H@1 0.248778	H@3 0.372520	H@5 0.436065	H@10 0.521988
INFO:meta-cli.py:Epoch 40/100	Loss 6.4820 ± 0.1413
INFO:meta-cli.py:Epoch 41/100	Loss 6.4739 ± 0.1383
INFO:meta-cli.py:Epoch 42/100	Loss 6.4679 ± 0.1312
INFO:meta-cli.py:Epoch 42/100	dev results	MRR 0.347173	H@1 0.257941	H@3 0.379127	H@5 0.441460	H@10 0.528999
INFO:meta-cli.py:Epoch 42/100	test results	MRR 0.339510	H@1 0.249145	H@3 0.372667	H@5 0.435258	H@10 0.522085
INFO:meta-cli.py:Epoch 43/100	Loss 6.4620 ± 0.1339
INFO:meta-cli.py:Epoch 44/100	Loss 6.4555 ± 0.1316
INFO:meta-cli.py:Epoch 45/100	Loss 6.4510 ± 0.1373
INFO:meta-cli.py:Epoch 45/100	dev results	MRR 0.346191	H@1 0.256487	H@3 0.378643	H@5 0.441774	H@10 0.527260
INFO:meta-cli.py:Epoch 45/100	test results	MRR 0.339082	H@1 0.248388	H@3 0.372154	H@5 0.436260	H@10 0.519447
INFO:meta-cli.py:Epoch 46/100	Loss 6.4452 ± 0.1332
INFO:meta-cli.py:Epoch 47/100	Loss 6.4391 ± 0.1336
INFO:meta-cli.py:Epoch 48/100	Loss 6.4339 ± 0.1344
INFO:meta-cli.py:Epoch 48/100	dev results	MRR 0.345002	H@1 0.254947	H@3 0.379013	H@5 0.441061	H@10 0.527687
INFO:meta-cli.py:Epoch 48/100	test results	MRR 0.338230	H@1 0.246751	H@3 0.373424	H@5 0.434745	H@10 0.521230
INFO:meta-cli.py:Epoch 49/100	Loss 6.4293 ± 0.1315
INFO:meta-cli.py:Epoch 50/100	Loss 6.4238 ± 0.1184
INFO:meta-cli.py:Epoch 51/100	Loss 6.4195 ± 0.1227
INFO:meta-cli.py:Epoch 51/100	dev results	MRR 0.345488	H@1 0.255803	H@3 0.378015	H@5 0.440177	H@10 0.527374
INFO:meta-cli.py:Epoch 51/100	test results	MRR 0.338715	H@1 0.247581	H@3 0.373229	H@5 0.435283	H@10 0.519789
INFO:meta-cli.py:Epoch 52/100	Loss 6.4160 ± 0.1384
INFO:meta-cli.py:Epoch 53/100	Loss 6.4091 ± 0.1307
INFO:meta-cli.py:Epoch 54/100	Loss 6.4060 ± 0.1390
INFO:meta-cli.py:Epoch 54/100	dev results	MRR 0.345629	H@1 0.256145	H@3 0.378443	H@5 0.440633	H@10 0.526775
INFO:meta-cli.py:Epoch 54/100	test results	MRR 0.338188	H@1 0.247166	H@3 0.371861	H@5 0.435356	H@10 0.520278
INFO:meta-cli.py:Epoch 55/100	Loss 6.4005 ± 0.1203
INFO:meta-cli.py:Epoch 56/100	Loss 6.3980 ± 0.1316
INFO:meta-cli.py:Epoch 57/100	Loss 6.3939 ± 0.1242
INFO:meta-cli.py:Epoch 57/100	dev results	MRR 0.345215	H@1 0.255888	H@3 0.377559	H@5 0.440177	H@10 0.526233
INFO:meta-cli.py:Epoch 57/100	test results	MRR 0.338054	H@1 0.247239	H@3 0.372203	H@5 0.435136	H@10 0.519056
INFO:meta-cli.py:Epoch 58/100	Loss 6.3902 ± 0.1319
INFO:meta-cli.py:Epoch 59/100	Loss 6.3843 ± 0.1164
INFO:meta-cli.py:Epoch 60/100	Loss 6.3823 ± 0.1235
INFO:meta-cli.py:Epoch 60/100	dev results	MRR 0.345428	H@1 0.256287	H@3 0.378101	H@5 0.440234	H@10 0.526376
INFO:meta-cli.py:Epoch 60/100	test results	MRR 0.338195	H@1 0.247655	H@3 0.372154	H@5 0.435429	H@10 0.518836
INFO:meta-cli.py:Epoch 61/100	Loss 6.3785 ± 0.1216
INFO:meta-cli.py:Epoch 62/100	Loss 6.3740 ± 0.1232
INFO:meta-cli.py:Epoch 63/100	Loss 6.3697 ± 0.1153
INFO:meta-cli.py:Epoch 63/100	dev results	MRR 0.344654	H@1 0.255004	H@3 0.377873	H@5 0.440291	H@10 0.526376
INFO:meta-cli.py:Epoch 63/100	test results	MRR 0.337270	H@1 0.246189	H@3 0.371641	H@5 0.434574	H@10 0.519178
INFO:meta-cli.py:Epoch 64/100	Loss 6.3674 ± 0.1268
INFO:meta-cli.py:Epoch 65/100	Loss 6.3640 ± 0.1186
INFO:meta-cli.py:Epoch 66/100	Loss 6.3603 ± 0.1174
INFO:meta-cli.py:Epoch 66/100	dev results	MRR 0.344084	H@1 0.254405	H@3 0.376704	H@5 0.439293	H@10 0.525663
INFO:meta-cli.py:Epoch 66/100	test results	MRR 0.337330	H@1 0.246360	H@3 0.371616	H@5 0.434086	H@10 0.517883
INFO:meta-cli.py:Epoch 67/100	Loss 6.3572 ± 0.1167
INFO:meta-cli.py:Epoch 68/100	Loss 6.3544 ± 0.1199
INFO:meta-cli.py:Epoch 69/100	Loss 6.3501 ± 0.1233
INFO:meta-cli.py:Epoch 69/100	dev results	MRR 0.344570	H@1 0.255261	H@3 0.377559	H@5 0.438922	H@10 0.525663
INFO:meta-cli.py:Epoch 69/100	test results	MRR 0.337625	H@1 0.246897	H@3 0.373229	H@5 0.434208	H@10 0.518787
INFO:meta-cli.py:Epoch 70/100	Loss 6.3467 ± 0.1134
INFO:meta-cli.py:Epoch 71/100	Loss 6.3440 ± 0.1202
INFO:meta-cli.py:Epoch 72/100	Loss 6.3415 ± 0.1158
INFO:meta-cli.py:Epoch 72/100	dev results	MRR 0.345256	H@1 0.256344	H@3 0.377388	H@5 0.438808	H@10 0.525720
INFO:meta-cli.py:Epoch 72/100	test results	MRR 0.337747	H@1 0.247435	H@3 0.372569	H@5 0.434013	H@10 0.519105
INFO:meta-cli.py:Epoch 73/100	Loss 6.3393 ± 0.1225
INFO:meta-cli.py:Epoch 74/100	Loss 6.3353 ± 0.1178
INFO:meta-cli.py:Epoch 75/100	Loss 6.3330 ± 0.1184
INFO:meta-cli.py:Epoch 75/100	dev results	MRR 0.344674	H@1 0.255175	H@3 0.377730	H@5 0.438181	H@10 0.525121
INFO:meta-cli.py:Epoch 75/100	test results	MRR 0.337372	H@1 0.246653	H@3 0.372520	H@5 0.433280	H@10 0.518225
INFO:meta-cli.py:Epoch 76/100	Loss 6.3304 ± 0.1141
INFO:meta-cli.py:Epoch 77/100	Loss 6.3280 ± 0.1179
INFO:meta-cli.py:Epoch 78/100	Loss 6.3249 ± 0.1170
INFO:meta-cli.py:Epoch 78/100	dev results	MRR 0.343186	H@1 0.253265	H@3 0.376133	H@5 0.437896	H@10 0.523952
INFO:meta-cli.py:Epoch 78/100	test results	MRR 0.336790	H@1 0.246067	H@3 0.370908	H@5 0.433133	H@10 0.516662
INFO:meta-cli.py:Epoch 79/100	Loss 6.3232 ± 0.1138
INFO:meta-cli.py:Epoch 80/100	Loss 6.3200 ± 0.1176
INFO:meta-cli.py:Epoch 81/100	Loss 6.3169 ± 0.1097
INFO:meta-cli.py:Epoch 81/100	dev results	MRR 0.344330	H@1 0.255090	H@3 0.378101	H@5 0.437639	H@10 0.523981
INFO:meta-cli.py:Epoch 81/100	test results	MRR 0.337043	H@1 0.246702	H@3 0.371787	H@5 0.433377	H@10 0.516784
INFO:meta-cli.py:Epoch 82/100	Loss 6.3142 ± 0.1125
INFO:meta-cli.py:Epoch 83/100	Loss 6.3121 ± 0.1111
INFO:meta-cli.py:Epoch 84/100	Loss 6.3093 ± 0.1046
INFO:meta-cli.py:Epoch 84/100	dev results	MRR 0.343720	H@1 0.254548	H@3 0.376105	H@5 0.438010	H@10 0.524009
INFO:meta-cli.py:Epoch 84/100	test results	MRR 0.336695	H@1 0.245969	H@3 0.371934	H@5 0.433841	H@10 0.516637
INFO:meta-cli.py:Epoch 85/100	Loss 6.3067 ± 0.1085
INFO:meta-cli.py:Epoch 86/100	Loss 6.3048 ± 0.1086
INFO:meta-cli.py:Epoch 87/100	Loss 6.3031 ± 0.1090
INFO:meta-cli.py:Epoch 87/100	dev results	MRR 0.343980	H@1 0.254634	H@3 0.377873	H@5 0.438152	H@10 0.524893
INFO:meta-cli.py:Epoch 87/100	test results	MRR 0.336806	H@1 0.246458	H@3 0.371494	H@5 0.433793	H@10 0.517639
INFO:meta-cli.py:Epoch 88/100	Loss 6.3009 ± 0.1124
INFO:meta-cli.py:Epoch 89/100	Loss 6.2982 ± 0.1100
INFO:meta-cli.py:Epoch 90/100	Loss 6.2961 ± 0.1040
INFO:meta-cli.py:Epoch 90/100	dev results	MRR 0.342978	H@1 0.253407	H@3 0.377188	H@5 0.436926	H@10 0.524608
INFO:meta-cli.py:Epoch 90/100	test results	MRR 0.336234	H@1 0.245896	H@3 0.370468	H@5 0.433524	H@10 0.516955
INFO:meta-cli.py:Epoch 91/100	Loss 6.2936 ± 0.1051
INFO:meta-cli.py:Epoch 92/100	Loss 6.2912 ± 0.1086
INFO:meta-cli.py:Epoch 93/100	Loss 6.2892 ± 0.1111
INFO:meta-cli.py:Epoch 93/100	dev results	MRR 0.343227	H@1 0.253864	H@3 0.375706	H@5 0.437183	H@10 0.524152
INFO:meta-cli.py:Epoch 93/100	test results	MRR 0.336386	H@1 0.245993	H@3 0.370590	H@5 0.433817	H@10 0.516222
INFO:meta-cli.py:Epoch 94/100	Loss 6.2878 ± 0.0980
INFO:meta-cli.py:Epoch 95/100	Loss 6.2864 ± 0.1165
INFO:meta-cli.py:Epoch 96/100	Loss 6.2824 ± 0.1107
INFO:meta-cli.py:Epoch 96/100	dev results	MRR 0.343621	H@1 0.254605	H@3 0.376590	H@5 0.437354	H@10 0.524636
INFO:meta-cli.py:Epoch 96/100	test results	MRR 0.336545	H@1 0.246116	H@3 0.371152	H@5 0.433353	H@10 0.516369
INFO:meta-cli.py:Epoch 97/100	Loss 6.2819 ± 0.1061
INFO:meta-cli.py:Epoch 98/100	Loss 6.2785 ± 0.0991
INFO:meta-cli.py:Epoch 99/100	Loss 6.2778 ± 0.1031
INFO:meta-cli.py:Epoch 99/100	dev results	MRR 0.342976	H@1 0.253436	H@3 0.376447	H@5 0.437468	H@10 0.524437
INFO:meta-cli.py:Epoch 99/100	test results	MRR 0.336373	H@1 0.245920	H@3 0.371030	H@5 0.433402	H@10 0.516002
INFO:meta-cli.py:Epoch 100/100	Loss 6.2755 ± 0.1061
INFO:meta-cli.py:Final 	dev results	MRR 0.343216	H@1 0.254006	H@3 0.376419	H@5 0.436926	H@10 0.524237
INFO:meta-cli.py:Final 	test results	MRR 0.336130	H@1 0.245676	H@3 0.371250	H@5 0.432522	H@10 0.515782
INFO:meta-cli.py:Training finished
