./bin/meta-cli.py --train data/fb15k-237/train.tsv --dev data/fb15k-237/dev.tsv --test data/fb15k-237/test.tsv -m complex -k 1000 -b 500 -e 100 --F2 0 --N3 0.1 -l 0.1 -I reciprocal -V 3 -o adagrad -q
{'F2': 0.0,
 'N3': 0.1,
 'batch_size': 500,
 'dev': 'data/fb15k-237/dev.tsv',
 'embedding_size': 1000,
 'epochs': 100,
 'eval_batch_size': None,
 'input_type': 'reciprocal',
 'learning_rate': 0.1,
 'load': None,
 'model': 'complex',
 'optimizer': 'adagrad',
 'quiet': True,
 'save': None,
 'seed': 0,
 'test': 'data/fb15k-237/test.tsv',
 'test_i': None,
 'test_ii': None,
 'train': 'data/fb15k-237/train.tsv',
 'validate_every': 3}
INFO:meta-cli.py:Device: cuda
INFO:meta-cli.py:Model state:
INFO:meta-cli.py:	entities.weight	torch.Size([14541, 2000])
INFO:meta-cli.py:	predicates.weight	torch.Size([474, 2000])
INFO:meta-cli.py:Epoch 1/100	Loss 14.4418 ± 1.8380
INFO:meta-cli.py:Epoch 2/100	Loss 12.3425 ± 0.1085
INFO:meta-cli.py:Epoch 3/100	Loss 11.9754 ± 0.1168
INFO:meta-cli.py:Epoch 3/100	dev results	MRR 0.347362	H@1 0.256544	H@3 0.381836	H@5 0.444169	H@10 0.528315
INFO:meta-cli.py:Epoch 3/100	test results	MRR 0.342809	H@1 0.251979	H@3 0.377553	H@5 0.440145	H@10 0.525066
INFO:meta-cli.py:Epoch 4/100	Loss 11.8071 ± 0.1248
INFO:meta-cli.py:Epoch 5/100	Loss 11.7061 ± 0.1291
INFO:meta-cli.py:Epoch 6/100	Loss 11.6370 ± 0.1321
INFO:meta-cli.py:Epoch 6/100	dev results	MRR 0.353587	H@1 0.260907	H@3 0.388309	H@5 0.453464	H@10 0.541631
INFO:meta-cli.py:Epoch 6/100	test results	MRR 0.348737	H@1 0.255350	H@3 0.382366	H@5 0.450479	H@10 0.538356
INFO:meta-cli.py:Epoch 7/100	Loss 11.5856 ± 0.1292
INFO:meta-cli.py:Epoch 8/100	Loss 11.5450 ± 0.1321
INFO:meta-cli.py:Epoch 9/100	Loss 11.5128 ± 0.1255
INFO:meta-cli.py:Epoch 9/100	dev results	MRR 0.358309	H@1 0.265241	H@3 0.392301	H@5 0.458426	H@10 0.544397
INFO:meta-cli.py:Epoch 9/100	test results	MRR 0.351726	H@1 0.258331	H@3 0.386470	H@5 0.452531	H@10 0.541630
INFO:meta-cli.py:Epoch 10/100	Loss 11.4857 ± 0.1273
INFO:meta-cli.py:Epoch 11/100	Loss 11.4624 ± 0.1233
INFO:meta-cli.py:Epoch 12/100	Loss 11.4427 ± 0.1258
INFO:meta-cli.py:Epoch 12/100	dev results	MRR 0.360149	H@1 0.266182	H@3 0.395837	H@5 0.462475	H@10 0.547106
INFO:meta-cli.py:Epoch 12/100	test results	MRR 0.355453	H@1 0.262069	H@3 0.390452	H@5 0.456538	H@10 0.544000
INFO:meta-cli.py:Epoch 13/100	Loss 11.4253 ± 0.1233
INFO:meta-cli.py:Epoch 14/100	Loss 11.4100 ± 0.1267
INFO:meta-cli.py:Epoch 15/100	Loss 11.3959 ± 0.1237
INFO:meta-cli.py:Epoch 15/100	dev results	MRR 0.360557	H@1 0.266667	H@3 0.396550	H@5 0.461449	H@10 0.548760
INFO:meta-cli.py:Epoch 15/100	test results	MRR 0.355846	H@1 0.262142	H@3 0.391601	H@5 0.456513	H@10 0.545075
INFO:meta-cli.py:Epoch 16/100	Loss 11.3836 ± 0.1232
INFO:meta-cli.py:Epoch 17/100	Loss 11.3723 ± 0.1179
INFO:meta-cli.py:Epoch 18/100	Loss 11.3619 ± 0.1147
INFO:meta-cli.py:Epoch 18/100	dev results	MRR 0.364503	H@1 0.271913	H@3 0.398774	H@5 0.464642	H@10 0.551269
INFO:meta-cli.py:Epoch 18/100	test results	MRR 0.358515	H@1 0.265147	H@3 0.393067	H@5 0.459421	H@10 0.548959
INFO:meta-cli.py:Epoch 19/100	Loss 11.3523 ± 0.1127
INFO:meta-cli.py:Epoch 20/100	Loss 11.3435 ± 0.1183
INFO:meta-cli.py:Epoch 21/100	Loss 11.3353 ± 0.1125
INFO:meta-cli.py:Epoch 21/100	dev results	MRR 0.364645	H@1 0.271828	H@3 0.398774	H@5 0.464870	H@10 0.550413
INFO:meta-cli.py:Epoch 21/100	test results	MRR 0.359196	H@1 0.265269	H@3 0.393628	H@5 0.461057	H@10 0.548593
INFO:meta-cli.py:Epoch 22/100	Loss 11.3276 ± 0.1168
INFO:meta-cli.py:Epoch 23/100	Loss 11.3208 ± 0.1123
INFO:meta-cli.py:Epoch 24/100	Loss 11.3143 ± 0.1156
INFO:meta-cli.py:Epoch 24/100	dev results	MRR 0.363692	H@1 0.269860	H@3 0.397462	H@5 0.465184	H@10 0.552295
INFO:meta-cli.py:Epoch 24/100	test results	MRR 0.359119	H@1 0.265074	H@3 0.393922	H@5 0.460520	H@10 0.548837
INFO:meta-cli.py:Epoch 25/100	Loss 11.3080 ± 0.1150
INFO:meta-cli.py:Epoch 26/100	Loss 11.3021 ± 0.1148
INFO:meta-cli.py:Epoch 27/100	Loss 11.2964 ± 0.1144
INFO:meta-cli.py:Epoch 27/100	dev results	MRR 0.364948	H@1 0.271685	H@3 0.399430	H@5 0.464585	H@10 0.552238
INFO:meta-cli.py:Epoch 27/100	test results	MRR 0.358590	H@1 0.263803	H@3 0.393995	H@5 0.459616	H@10 0.550181
INFO:meta-cli.py:Epoch 28/100	Loss 11.2915 ± 0.1115
INFO:meta-cli.py:Epoch 29/100	Loss 11.2863 ± 0.1117
INFO:meta-cli.py:Epoch 30/100	Loss 11.2815 ± 0.1126
INFO:meta-cli.py:Epoch 30/100	dev results	MRR 0.364608	H@1 0.271172	H@3 0.398717	H@5 0.465441	H@10 0.554006
INFO:meta-cli.py:Epoch 30/100	test results	MRR 0.358868	H@1 0.264536	H@3 0.393384	H@5 0.460373	H@10 0.550181
INFO:meta-cli.py:Epoch 31/100	Loss 11.2770 ± 0.1094
INFO:meta-cli.py:Epoch 32/100	Loss 11.2729 ± 0.1134
INFO:meta-cli.py:Epoch 33/100	Loss 11.2687 ± 0.1116
INFO:meta-cli.py:Epoch 33/100	dev results	MRR 0.364790	H@1 0.270972	H@3 0.401483	H@5 0.466866	H@10 0.554976
INFO:meta-cli.py:Epoch 33/100	test results	MRR 0.359160	H@1 0.264683	H@3 0.394459	H@5 0.462303	H@10 0.550743
INFO:meta-cli.py:Epoch 34/100	Loss 11.2647 ± 0.1075
INFO:meta-cli.py:Epoch 35/100	Loss 11.2611 ± 0.1115
INFO:meta-cli.py:Epoch 36/100	Loss 11.2574 ± 0.1158
INFO:meta-cli.py:Epoch 36/100	dev results	MRR 0.365963	H@1 0.272512	H@3 0.400513	H@5 0.466125	H@10 0.553179
INFO:meta-cli.py:Epoch 36/100	test results	MRR 0.359933	H@1 0.265782	H@3 0.395363	H@5 0.461986	H@10 0.550816
INFO:meta-cli.py:Epoch 37/100	Loss 11.2541 ± 0.1103
INFO:meta-cli.py:Epoch 38/100	Loss 11.2509 ± 0.1113
INFO:meta-cli.py:Epoch 39/100	Loss 11.2475 ± 0.1094
INFO:meta-cli.py:Epoch 39/100	dev results	MRR 0.366234	H@1 0.272541	H@3 0.402452	H@5 0.467950	H@10 0.554491
INFO:meta-cli.py:Epoch 39/100	test results	MRR 0.361034	H@1 0.266369	H@3 0.397708	H@5 0.463476	H@10 0.550669
INFO:meta-cli.py:Epoch 40/100	Loss 11.2446 ± 0.1078
INFO:meta-cli.py:Epoch 41/100	Loss 11.2414 ± 0.1084
INFO:meta-cli.py:Epoch 42/100	Loss 11.2385 ± 0.1101
INFO:meta-cli.py:Epoch 42/100	dev results	MRR 0.365916	H@1 0.271885	H@3 0.400798	H@5 0.467294	H@10 0.553978
INFO:meta-cli.py:Epoch 42/100	test results	MRR 0.360701	H@1 0.265856	H@3 0.396780	H@5 0.463158	H@10 0.552184
INFO:meta-cli.py:Epoch 43/100	Loss 11.2361 ± 0.1114
INFO:meta-cli.py:Epoch 44/100	Loss 11.2333 ± 0.1098
INFO:meta-cli.py:Epoch 45/100	Loss 11.2306 ± 0.1057
INFO:meta-cli.py:Epoch 45/100	dev results	MRR 0.366848	H@1 0.273681	H@3 0.402025	H@5 0.467094	H@10 0.555461
INFO:meta-cli.py:Epoch 45/100	test results	MRR 0.360971	H@1 0.266344	H@3 0.397586	H@5 0.462157	H@10 0.551329
INFO:meta-cli.py:Epoch 46/100	Loss 11.2282 ± 0.1037
INFO:meta-cli.py:Epoch 47/100	Loss 11.2256 ± 0.1069
INFO:meta-cli.py:Epoch 48/100	Loss 11.2234 ± 0.1060
INFO:meta-cli.py:Epoch 48/100	dev results	MRR 0.367011	H@1 0.273253	H@3 0.402623	H@5 0.468549	H@10 0.555774
INFO:meta-cli.py:Epoch 48/100	test results	MRR 0.360530	H@1 0.265953	H@3 0.396536	H@5 0.462963	H@10 0.551915
INFO:meta-cli.py:Epoch 49/100	Loss 11.2210 ± 0.1053
INFO:meta-cli.py:Epoch 50/100	Loss 11.2189 ± 0.1081
INFO:meta-cli.py:Epoch 51/100	Loss 11.2167 ± 0.1046
INFO:meta-cli.py:Epoch 51/100	dev results	MRR 0.367128	H@1 0.273710	H@3 0.402623	H@5 0.468349	H@10 0.555403
INFO:meta-cli.py:Epoch 51/100	test results	MRR 0.360753	H@1 0.266564	H@3 0.396169	H@5 0.463452	H@10 0.552966
INFO:meta-cli.py:Epoch 52/100	Loss 11.2147 ± 0.1034
INFO:meta-cli.py:Epoch 53/100	Loss 11.2126 ± 0.1038
INFO:meta-cli.py:Epoch 54/100	Loss 11.2105 ± 0.1079
INFO:meta-cli.py:Epoch 54/100	dev results	MRR 0.367110	H@1 0.273567	H@3 0.402395	H@5 0.468035	H@10 0.555831
INFO:meta-cli.py:Epoch 54/100	test results	MRR 0.360904	H@1 0.266466	H@3 0.396340	H@5 0.464698	H@10 0.551940
INFO:meta-cli.py:Epoch 55/100	Loss 11.2086 ± 0.1062
INFO:meta-cli.py:Epoch 56/100	Loss 11.2067 ± 0.1097
INFO:meta-cli.py:Epoch 57/100	Loss 11.2050 ± 0.1064
INFO:meta-cli.py:Epoch 57/100	dev results	MRR 0.367077	H@1 0.273025	H@3 0.403621	H@5 0.468549	H@10 0.555204
INFO:meta-cli.py:Epoch 57/100	test results	MRR 0.361745	H@1 0.267566	H@3 0.398221	H@5 0.463647	H@10 0.552746
INFO:meta-cli.py:Epoch 58/100	Loss 11.2030 ± 0.1054
INFO:meta-cli.py:Epoch 59/100	Loss 11.2013 ± 0.1065
INFO:meta-cli.py:Epoch 60/100	Loss 11.1995 ± 0.1048
INFO:meta-cli.py:Epoch 60/100	dev results	MRR 0.367731	H@1 0.273539	H@3 0.403279	H@5 0.469775	H@10 0.556316
INFO:meta-cli.py:Epoch 60/100	test results	MRR 0.362233	H@1 0.268470	H@3 0.396438	H@5 0.464820	H@10 0.552746
INFO:meta-cli.py:Epoch 61/100	Loss 11.1980 ± 0.1041
INFO:meta-cli.py:Epoch 62/100	Loss 11.1963 ± 0.1048
INFO:meta-cli.py:Epoch 63/100	Loss 11.1948 ± 0.1044
INFO:meta-cli.py:Epoch 63/100	dev results	MRR 0.367586	H@1 0.273995	H@3 0.403080	H@5 0.468919	H@10 0.556344
INFO:meta-cli.py:Epoch 63/100	test results	MRR 0.362067	H@1 0.267370	H@3 0.398026	H@5 0.464991	H@10 0.552453
INFO:meta-cli.py:Epoch 64/100	Loss 11.1932 ± 0.1007
INFO:meta-cli.py:Epoch 65/100	Loss 11.1917 ± 0.1022
INFO:meta-cli.py:Epoch 66/100	Loss 11.1901 ± 0.1002
INFO:meta-cli.py:Epoch 66/100	dev results	MRR 0.367719	H@1 0.273482	H@3 0.404306	H@5 0.469062	H@10 0.555917
INFO:meta-cli.py:Epoch 66/100	test results	MRR 0.361876	H@1 0.267688	H@3 0.397391	H@5 0.465724	H@10 0.553406
INFO:meta-cli.py:Epoch 67/100	Loss 11.1886 ± 0.1042
INFO:meta-cli.py:Epoch 68/100	Loss 11.1874 ± 0.1066
INFO:meta-cli.py:Epoch 69/100	Loss 11.1859 ± 0.1018
INFO:meta-cli.py:Epoch 69/100	dev results	MRR 0.368858	H@1 0.275820	H@3 0.405019	H@5 0.468777	H@10 0.557000
INFO:meta-cli.py:Epoch 69/100	test results	MRR 0.361839	H@1 0.267492	H@3 0.397977	H@5 0.464404	H@10 0.553748
INFO:meta-cli.py:Epoch 70/100	Loss 11.1846 ± 0.1063
INFO:meta-cli.py:Epoch 71/100	Loss 11.1833 ± 0.1034
INFO:meta-cli.py:Epoch 72/100	Loss 11.1817 ± 0.1054
INFO:meta-cli.py:Epoch 72/100	dev results	MRR 0.368339	H@1 0.274964	H@3 0.404790	H@5 0.469803	H@10 0.555461
INFO:meta-cli.py:Epoch 72/100	test results	MRR 0.361843	H@1 0.267639	H@3 0.396927	H@5 0.465577	H@10 0.552697
INFO:meta-cli.py:Epoch 73/100	Loss 11.1805 ± 0.1020
INFO:meta-cli.py:Epoch 74/100	Loss 11.1791 ± 0.1049
INFO:meta-cli.py:Epoch 75/100	Loss 11.1781 ± 0.1040
INFO:meta-cli.py:Epoch 75/100	dev results	MRR 0.368137	H@1 0.273852	H@3 0.404819	H@5 0.470231	H@10 0.557371
INFO:meta-cli.py:Epoch 75/100	test results	MRR 0.362157	H@1 0.267737	H@3 0.397122	H@5 0.465724	H@10 0.553381
INFO:meta-cli.py:Epoch 76/100	Loss 11.1770 ± 0.1018
INFO:meta-cli.py:Epoch 77/100	Loss 11.1756 ± 0.1003
INFO:meta-cli.py:Epoch 78/100	Loss 11.1745 ± 0.1019
INFO:meta-cli.py:Epoch 78/100	dev results	MRR 0.368094	H@1 0.273852	H@3 0.406045	H@5 0.469661	H@10 0.556230
INFO:meta-cli.py:Epoch 78/100	test results	MRR 0.362376	H@1 0.268128	H@3 0.399834	H@5 0.465259	H@10 0.552331
INFO:meta-cli.py:Epoch 79/100	Loss 11.1732 ± 0.1016
INFO:meta-cli.py:Epoch 80/100	Loss 11.1722 ± 0.1017
INFO:meta-cli.py:Epoch 81/100	Loss 11.1711 ± 0.1059
INFO:meta-cli.py:Epoch 81/100	dev results	MRR 0.369221	H@1 0.276076	H@3 0.404220	H@5 0.469775	H@10 0.556943
INFO:meta-cli.py:Epoch 81/100	test results	MRR 0.362267	H@1 0.268103	H@3 0.397879	H@5 0.464893	H@10 0.552184
INFO:meta-cli.py:Epoch 82/100	Loss 11.1701 ± 0.1024
INFO:meta-cli.py:Epoch 83/100	Loss 11.1692 ± 0.1001
INFO:meta-cli.py:Epoch 84/100	Loss 11.1679 ± 0.1029
INFO:meta-cli.py:Epoch 84/100	dev results	MRR 0.368685	H@1 0.274850	H@3 0.406302	H@5 0.469718	H@10 0.556259
INFO:meta-cli.py:Epoch 84/100	test results	MRR 0.362468	H@1 0.267859	H@3 0.399028	H@5 0.466041	H@10 0.553919
INFO:meta-cli.py:Epoch 85/100	Loss 11.1670 ± 0.1020
INFO:meta-cli.py:Epoch 86/100	Loss 11.1659 ± 0.1001
INFO:meta-cli.py:Epoch 87/100	Loss 11.1648 ± 0.0991
INFO:meta-cli.py:Epoch 87/100	dev results	MRR 0.367347	H@1 0.272655	H@3 0.403707	H@5 0.468891	H@10 0.557599
INFO:meta-cli.py:Epoch 87/100	test results	MRR 0.362473	H@1 0.268201	H@3 0.397806	H@5 0.465821	H@10 0.553088
INFO:meta-cli.py:Epoch 88/100	Loss 11.1639 ± 0.1036
INFO:meta-cli.py:Epoch 89/100	Loss 11.1628 ± 0.1041
INFO:meta-cli.py:Epoch 90/100	Loss 11.1620 ± 0.1004
INFO:meta-cli.py:Epoch 90/100	dev results	MRR 0.368447	H@1 0.274622	H@3 0.405076	H@5 0.468834	H@10 0.557599
INFO:meta-cli.py:Epoch 90/100	test results	MRR 0.362710	H@1 0.268543	H@3 0.399321	H@5 0.464404	H@10 0.552575
INFO:meta-cli.py:Epoch 91/100	Loss 11.1611 ± 0.1021
INFO:meta-cli.py:Epoch 92/100	Loss 11.1600 ± 0.1006
INFO:meta-cli.py:Epoch 93/100	Loss 11.1591 ± 0.0982
INFO:meta-cli.py:Epoch 93/100	dev results	MRR 0.368276	H@1 0.274251	H@3 0.404876	H@5 0.471029	H@10 0.558255
INFO:meta-cli.py:Epoch 93/100	test results	MRR 0.362422	H@1 0.268421	H@3 0.398686	H@5 0.465895	H@10 0.553357
INFO:meta-cli.py:Epoch 94/100	Loss 11.1583 ± 0.1019
INFO:meta-cli.py:Epoch 95/100	Loss 11.1573 ± 0.1002
INFO:meta-cli.py:Epoch 96/100	Loss 11.1565 ± 0.0972
INFO:meta-cli.py:Epoch 96/100	dev results	MRR 0.368417	H@1 0.274309	H@3 0.405047	H@5 0.469090	H@10 0.556487
INFO:meta-cli.py:Epoch 96/100	test results	MRR 0.362679	H@1 0.268103	H@3 0.398515	H@5 0.465870	H@10 0.553381
INFO:meta-cli.py:Epoch 97/100	Loss 11.1556 ± 0.1020
INFO:meta-cli.py:Epoch 98/100	Loss 11.1548 ± 0.1020
INFO:meta-cli.py:Epoch 99/100	Loss 11.1540 ± 0.1028
INFO:meta-cli.py:Epoch 99/100	dev results	MRR 0.368467	H@1 0.274508	H@3 0.405589	H@5 0.470060	H@10 0.558141
INFO:meta-cli.py:Epoch 99/100	test results	MRR 0.362711	H@1 0.268543	H@3 0.398246	H@5 0.465088	H@10 0.553626
INFO:meta-cli.py:Epoch 100/100	Loss 11.1530 ± 0.1023
INFO:meta-cli.py:Final 	dev results	MRR 0.369043	H@1 0.275192	H@3 0.405503	H@5 0.471571	H@10 0.558569
INFO:meta-cli.py:Final 	test results	MRR 0.362516	H@1 0.268176	H@3 0.399223	H@5 0.465992	H@10 0.552917
INFO:meta-cli.py:Training finished
