./bin/meta-cli.py --train data/fb15k-237/train.tsv --dev data/fb15k-237/dev.tsv --test data/fb15k-237/test.tsv -m complex -k 2000 -b 500 -e 100 --F2 0.001 --N3 0 -l 0.1 -I reciprocal -V 3 -o adagrad -q
{'F2': 0.001,
 'N3': 0.0,
 'batch_size': 500,
 'dev': 'data/fb15k-237/dev.tsv',
 'embedding_size': 2000,
 'epochs': 100,
 'eval_batch_size': None,
 'input_type': 'reciprocal',
 'learning_rate': 0.1,
 'load': None,
 'model': 'complex',
 'optimizer': 'adagrad',
 'quiet': True,
 'save': None,
 'seed': 0,
 'test': 'data/fb15k-237/test.tsv',
 'test_i': None,
 'test_ii': None,
 'train': 'data/fb15k-237/train.tsv',
 'validate_every': 3}
INFO:meta-cli.py:Device: cuda
INFO:meta-cli.py:Model state:
INFO:meta-cli.py:	entities.weight	torch.Size([14541, 4000])
INFO:meta-cli.py:	predicates.weight	torch.Size([474, 4000])
INFO:meta-cli.py:Epoch 1/100	Loss 10.4079 ± 2.3228
INFO:meta-cli.py:Epoch 2/100	Loss 7.0959 ± 0.1335
INFO:meta-cli.py:Epoch 3/100	Loss 6.6490 ± 0.1763
INFO:meta-cli.py:Epoch 3/100	dev results	MRR 0.331385	H@1 0.244055	H@3 0.361163	H@5 0.422783	H@10 0.510009
INFO:meta-cli.py:Epoch 3/100	test results	MRR 0.326150	H@1 0.237320	H@3 0.358302	H@5 0.420234	H@10 0.505057
INFO:meta-cli.py:Epoch 4/100	Loss 6.4460 ± 0.1823
INFO:meta-cli.py:Epoch 5/100	Loss 6.3220 ± 0.1839
INFO:meta-cli.py:Epoch 6/100	Loss 6.2341 ± 0.1871
INFO:meta-cli.py:Epoch 6/100	dev results	MRR 0.339724	H@1 0.250499	H@3 0.371742	H@5 0.435415	H@10 0.519618
INFO:meta-cli.py:Epoch 6/100	test results	MRR 0.333324	H@1 0.242402	H@3 0.366779	H@5 0.431643	H@10 0.513950
INFO:meta-cli.py:Epoch 7/100	Loss 6.1697 ± 0.1853
INFO:meta-cli.py:Epoch 8/100	Loss 6.1175 ± 0.1854
INFO:meta-cli.py:Epoch 9/100	Loss 6.0756 ± 0.1836
INFO:meta-cli.py:Epoch 9/100	dev results	MRR 0.343847	H@1 0.254035	H@3 0.376504	H@5 0.439977	H@10 0.526176
INFO:meta-cli.py:Epoch 9/100	test results	MRR 0.337239	H@1 0.246189	H@3 0.370932	H@5 0.436333	H@10 0.520229
INFO:meta-cli.py:Epoch 10/100	Loss 6.0401 ± 0.1770
INFO:meta-cli.py:Epoch 11/100	Loss 6.0094 ± 0.1715
INFO:meta-cli.py:Epoch 12/100	Loss 5.9835 ± 0.1729
INFO:meta-cli.py:Epoch 12/100	dev results	MRR 0.346709	H@1 0.257457	H@3 0.379527	H@5 0.441859	H@10 0.527630
INFO:meta-cli.py:Epoch 12/100	test results	MRR 0.340294	H@1 0.250073	H@3 0.374939	H@5 0.437628	H@10 0.522354
INFO:meta-cli.py:Epoch 13/100	Loss 5.9607 ± 0.1735
INFO:meta-cli.py:Epoch 14/100	Loss 5.9398 ± 0.1716
INFO:meta-cli.py:Epoch 15/100	Loss 5.9211 ± 0.1610
INFO:meta-cli.py:Epoch 15/100	dev results	MRR 0.346315	H@1 0.256401	H@3 0.379498	H@5 0.442829	H@10 0.527859
INFO:meta-cli.py:Epoch 15/100	test results	MRR 0.340940	H@1 0.250098	H@3 0.374548	H@5 0.439851	H@10 0.523405
INFO:meta-cli.py:Epoch 16/100	Loss 5.9043 ± 0.1642
INFO:meta-cli.py:Epoch 17/100	Loss 5.8890 ± 0.1615
INFO:meta-cli.py:Epoch 18/100	Loss 5.8746 ± 0.1541
INFO:meta-cli.py:Epoch 18/100	dev results	MRR 0.349259	H@1 0.260137	H@3 0.381038	H@5 0.443827	H@10 0.530197
INFO:meta-cli.py:Epoch 18/100	test results	MRR 0.341776	H@1 0.251002	H@3 0.375061	H@5 0.441000	H@10 0.522965
INFO:meta-cli.py:Epoch 19/100	Loss 5.8619 ± 0.1565
INFO:meta-cli.py:Epoch 20/100	Loss 5.8496 ± 0.1535
INFO:meta-cli.py:Epoch 21/100	Loss 5.8383 ± 0.1510
INFO:meta-cli.py:Epoch 21/100	dev results	MRR 0.349151	H@1 0.259053	H@3 0.383205	H@5 0.444853	H@10 0.530938
INFO:meta-cli.py:Epoch 21/100	test results	MRR 0.342240	H@1 0.251686	H@3 0.376307	H@5 0.440755	H@10 0.524577
INFO:meta-cli.py:Epoch 22/100	Loss 5.8273 ± 0.1564
INFO:meta-cli.py:Epoch 23/100	Loss 5.8180 ± 0.1526
INFO:meta-cli.py:Epoch 24/100	Loss 5.8085 ± 0.1526
INFO:meta-cli.py:Epoch 24/100	dev results	MRR 0.349509	H@1 0.259909	H@3 0.381637	H@5 0.445994	H@10 0.531024
INFO:meta-cli.py:Epoch 24/100	test results	MRR 0.342788	H@1 0.252199	H@3 0.375183	H@5 0.442099	H@10 0.524651
INFO:meta-cli.py:Epoch 25/100	Loss 5.7999 ± 0.1507
INFO:meta-cli.py:Epoch 26/100	Loss 5.7917 ± 0.1515
INFO:meta-cli.py:Epoch 27/100	Loss 5.7835 ± 0.1526
INFO:meta-cli.py:Epoch 27/100	dev results	MRR 0.349225	H@1 0.259110	H@3 0.381608	H@5 0.447391	H@10 0.531423
INFO:meta-cli.py:Epoch 27/100	test results	MRR 0.343180	H@1 0.252296	H@3 0.377382	H@5 0.441806	H@10 0.526043
INFO:meta-cli.py:Epoch 28/100	Loss 5.7763 ± 0.1502
INFO:meta-cli.py:Epoch 29/100	Loss 5.7693 ± 0.1469
INFO:meta-cli.py:Epoch 30/100	Loss 5.7623 ± 0.1469
INFO:meta-cli.py:Epoch 30/100	dev results	MRR 0.349139	H@1 0.258854	H@3 0.382464	H@5 0.446250	H@10 0.531851
INFO:meta-cli.py:Epoch 30/100	test results	MRR 0.342344	H@1 0.251612	H@3 0.376014	H@5 0.441122	H@10 0.525628
INFO:meta-cli.py:Epoch 31/100	Loss 5.7559 ± 0.1462
INFO:meta-cli.py:Epoch 32/100	Loss 5.7500 ± 0.1499
INFO:meta-cli.py:Epoch 33/100	Loss 5.7439 ± 0.1450
INFO:meta-cli.py:Epoch 33/100	dev results	MRR 0.349912	H@1 0.260194	H@3 0.381979	H@5 0.445709	H@10 0.531822
INFO:meta-cli.py:Epoch 33/100	test results	MRR 0.343552	H@1 0.252981	H@3 0.376429	H@5 0.443418	H@10 0.525457
INFO:meta-cli.py:Epoch 34/100	Loss 5.7383 ± 0.1420
INFO:meta-cli.py:Epoch 35/100	Loss 5.7332 ± 0.1441
INFO:meta-cli.py:Epoch 36/100	Loss 5.7277 ± 0.1455
INFO:meta-cli.py:Epoch 36/100	dev results	MRR 0.350653	H@1 0.261905	H@3 0.382606	H@5 0.445851	H@10 0.530539
INFO:meta-cli.py:Epoch 36/100	test results	MRR 0.343612	H@1 0.253054	H@3 0.377235	H@5 0.442099	H@10 0.525066
INFO:meta-cli.py:Epoch 37/100	Loss 5.7228 ± 0.1432
INFO:meta-cli.py:Epoch 38/100	Loss 5.7181 ± 0.1424
INFO:meta-cli.py:Epoch 39/100	Loss 5.7131 ± 0.1386
INFO:meta-cli.py:Epoch 39/100	dev results	MRR 0.349780	H@1 0.260451	H@3 0.381865	H@5 0.445737	H@10 0.530282
INFO:meta-cli.py:Epoch 39/100	test results	MRR 0.343254	H@1 0.252761	H@3 0.377211	H@5 0.441220	H@10 0.524773
INFO:meta-cli.py:Epoch 40/100	Loss 5.7088 ± 0.1383
INFO:meta-cli.py:Epoch 41/100	Loss 5.7042 ± 0.1383
INFO:meta-cli.py:Epoch 42/100	Loss 5.6999 ± 0.1389
INFO:meta-cli.py:Epoch 42/100	dev results	MRR 0.350018	H@1 0.260593	H@3 0.383576	H@5 0.446764	H@10 0.530510
INFO:meta-cli.py:Epoch 42/100	test results	MRR 0.343148	H@1 0.252468	H@3 0.376893	H@5 0.442001	H@10 0.526288
INFO:meta-cli.py:Epoch 43/100	Loss 5.6963 ± 0.1410
INFO:meta-cli.py:Epoch 44/100	Loss 5.6922 ± 0.1405
INFO:meta-cli.py:Epoch 45/100	Loss 5.6883 ± 0.1372
INFO:meta-cli.py:Epoch 45/100	dev results	MRR 0.349820	H@1 0.260650	H@3 0.381836	H@5 0.444967	H@10 0.530425
INFO:meta-cli.py:Epoch 45/100	test results	MRR 0.342729	H@1 0.252296	H@3 0.376112	H@5 0.440609	H@10 0.524944
INFO:meta-cli.py:Epoch 46/100	Loss 5.6846 ± 0.1347
INFO:meta-cli.py:Epoch 47/100	Loss 5.6810 ± 0.1323
INFO:meta-cli.py:Epoch 48/100	Loss 5.6775 ± 0.1366
INFO:meta-cli.py:Epoch 48/100	dev results	MRR 0.349787	H@1 0.260222	H@3 0.381551	H@5 0.445452	H@10 0.531651
INFO:meta-cli.py:Epoch 48/100	test results	MRR 0.342753	H@1 0.252321	H@3 0.374548	H@5 0.441879	H@10 0.525139
INFO:meta-cli.py:Epoch 49/100	Loss 5.6742 ± 0.1355
INFO:meta-cli.py:Epoch 50/100	Loss 5.6710 ± 0.1373
INFO:meta-cli.py:Epoch 51/100	Loss 5.6678 ± 0.1314
INFO:meta-cli.py:Epoch 51/100	dev results	MRR 0.349500	H@1 0.259966	H@3 0.381979	H@5 0.445138	H@10 0.531480
INFO:meta-cli.py:Epoch 51/100	test results	MRR 0.342811	H@1 0.252125	H@3 0.376234	H@5 0.441146	H@10 0.524651
INFO:meta-cli.py:Epoch 52/100	Loss 5.6646 ± 0.1316
INFO:meta-cli.py:Epoch 53/100	Loss 5.6616 ± 0.1309
INFO:meta-cli.py:Epoch 54/100	Loss 5.6584 ± 0.1338
INFO:meta-cli.py:Epoch 54/100	dev results	MRR 0.349860	H@1 0.260393	H@3 0.383119	H@5 0.445395	H@10 0.530254
INFO:meta-cli.py:Epoch 54/100	test results	MRR 0.342497	H@1 0.251808	H@3 0.376527	H@5 0.441562	H@10 0.524186
INFO:meta-cli.py:Epoch 55/100	Loss 5.6556 ± 0.1337
INFO:meta-cli.py:Epoch 56/100	Loss 5.6528 ± 0.1341
INFO:meta-cli.py:Epoch 57/100	Loss 5.6503 ± 0.1325
INFO:meta-cli.py:Epoch 57/100	dev results	MRR 0.349479	H@1 0.260222	H@3 0.381722	H@5 0.445338	H@10 0.529712
INFO:meta-cli.py:Epoch 57/100	test results	MRR 0.343030	H@1 0.252956	H@3 0.376845	H@5 0.441268	H@10 0.523722
INFO:meta-cli.py:Epoch 58/100	Loss 5.6473 ± 0.1325
INFO:meta-cli.py:Epoch 59/100	Loss 5.6448 ± 0.1308
INFO:meta-cli.py:Epoch 60/100	Loss 5.6421 ± 0.1289
INFO:meta-cli.py:Epoch 60/100	dev results	MRR 0.349549	H@1 0.260137	H@3 0.382635	H@5 0.446165	H@10 0.530482
INFO:meta-cli.py:Epoch 60/100	test results	MRR 0.342667	H@1 0.252321	H@3 0.376258	H@5 0.440316	H@10 0.524651
INFO:meta-cli.py:Epoch 61/100	Loss 5.6398 ± 0.1334
INFO:meta-cli.py:Epoch 62/100	Loss 5.6371 ± 0.1305
INFO:meta-cli.py:Epoch 63/100	Loss 5.6349 ± 0.1302
INFO:meta-cli.py:Epoch 63/100	dev results	MRR 0.349928	H@1 0.260764	H@3 0.382549	H@5 0.445366	H@10 0.530624
INFO:meta-cli.py:Epoch 63/100	test results	MRR 0.342741	H@1 0.252174	H@3 0.375916	H@5 0.441342	H@10 0.524089
INFO:meta-cli.py:Epoch 64/100	Loss 5.6326 ± 0.1269
INFO:meta-cli.py:Epoch 65/100	Loss 5.6302 ± 0.1296
INFO:meta-cli.py:Epoch 66/100	Loss 5.6278 ± 0.1234
INFO:meta-cli.py:Epoch 66/100	dev results	MRR 0.349647	H@1 0.260393	H@3 0.382635	H@5 0.444682	H@10 0.531052
INFO:meta-cli.py:Epoch 66/100	test results	MRR 0.343023	H@1 0.252907	H@3 0.376234	H@5 0.440413	H@10 0.524504
INFO:meta-cli.py:Epoch 67/100	Loss 5.6258 ± 0.1304
INFO:meta-cli.py:Epoch 68/100	Loss 5.6238 ± 0.1316
INFO:meta-cli.py:Epoch 69/100	Loss 5.6216 ± 0.1295
INFO:meta-cli.py:Epoch 69/100	dev results	MRR 0.349504	H@1 0.259766	H@3 0.382663	H@5 0.445595	H@10 0.530681
INFO:meta-cli.py:Epoch 69/100	test results	MRR 0.342902	H@1 0.252736	H@3 0.376160	H@5 0.440169	H@10 0.524553
INFO:meta-cli.py:Epoch 70/100	Loss 5.6194 ± 0.1304
INFO:meta-cli.py:Epoch 71/100	Loss 5.6177 ± 0.1308
INFO:meta-cli.py:Epoch 72/100	Loss 5.6154 ± 0.1286
INFO:meta-cli.py:Epoch 72/100	dev results	MRR 0.349295	H@1 0.259766	H@3 0.382293	H@5 0.445680	H@10 0.530453
INFO:meta-cli.py:Epoch 72/100	test results	MRR 0.342204	H@1 0.251832	H@3 0.375916	H@5 0.439974	H@10 0.523722
INFO:meta-cli.py:Epoch 73/100	Loss 5.6135 ± 0.1247
INFO:meta-cli.py:Epoch 74/100	Loss 5.6115 ± 0.1303
INFO:meta-cli.py:Epoch 75/100	Loss 5.6097 ± 0.1244
INFO:meta-cli.py:Epoch 75/100	dev results	MRR 0.349004	H@1 0.259880	H@3 0.380981	H@5 0.444711	H@10 0.530453
INFO:meta-cli.py:Epoch 75/100	test results	MRR 0.342178	H@1 0.251417	H@3 0.376698	H@5 0.440780	H@10 0.524724
INFO:meta-cli.py:Epoch 76/100	Loss 5.6080 ± 0.1253
INFO:meta-cli.py:Epoch 77/100	Loss 5.6061 ± 0.1236
INFO:meta-cli.py:Epoch 78/100	Loss 5.6044 ± 0.1291
INFO:meta-cli.py:Epoch 78/100	dev results	MRR 0.348658	H@1 0.259082	H@3 0.381437	H@5 0.444853	H@10 0.530311
INFO:meta-cli.py:Epoch 78/100	test results	MRR 0.342366	H@1 0.252077	H@3 0.375867	H@5 0.440169	H@10 0.523258
INFO:meta-cli.py:Epoch 79/100	Loss 5.6025 ± 0.1234
INFO:meta-cli.py:Epoch 80/100	Loss 5.6008 ± 0.1242
INFO:meta-cli.py:Epoch 81/100	Loss 5.5993 ± 0.1305
INFO:meta-cli.py:Epoch 81/100	dev results	MRR 0.349432	H@1 0.260479	H@3 0.380639	H@5 0.445509	H@10 0.530339
INFO:meta-cli.py:Epoch 81/100	test results	MRR 0.342424	H@1 0.252248	H@3 0.375012	H@5 0.440829	H@10 0.523967
INFO:meta-cli.py:Epoch 82/100	Loss 5.5976 ± 0.1291
INFO:meta-cli.py:Epoch 83/100	Loss 5.5960 ± 0.1239
INFO:meta-cli.py:Epoch 84/100	Loss 5.5943 ± 0.1214
INFO:meta-cli.py:Epoch 84/100	dev results	MRR 0.349150	H@1 0.259738	H@3 0.382064	H@5 0.445823	H@10 0.529769
INFO:meta-cli.py:Epoch 84/100	test results	MRR 0.342390	H@1 0.251832	H@3 0.376112	H@5 0.440731	H@10 0.523307
INFO:meta-cli.py:Epoch 85/100	Loss 5.5927 ± 0.1221
INFO:meta-cli.py:Epoch 86/100	Loss 5.5913 ± 0.1219
INFO:meta-cli.py:Epoch 87/100	Loss 5.5896 ± 0.1228
INFO:meta-cli.py:Epoch 87/100	dev results	MRR 0.348705	H@1 0.259395	H@3 0.382093	H@5 0.444654	H@10 0.529085
INFO:meta-cli.py:Epoch 87/100	test results	MRR 0.342319	H@1 0.251906	H@3 0.375818	H@5 0.441220	H@10 0.523234
INFO:meta-cli.py:Epoch 88/100	Loss 5.5882 ± 0.1246
INFO:meta-cli.py:Epoch 89/100	Loss 5.5866 ± 0.1234
INFO:meta-cli.py:Epoch 90/100	Loss 5.5853 ± 0.1239
INFO:meta-cli.py:Epoch 90/100	dev results	MRR 0.349059	H@1 0.260165	H@3 0.381123	H@5 0.444796	H@10 0.529969
INFO:meta-cli.py:Epoch 90/100	test results	MRR 0.341691	H@1 0.251197	H@3 0.375330	H@5 0.439998	H@10 0.523136
INFO:meta-cli.py:Epoch 91/100	Loss 5.5839 ± 0.1203
INFO:meta-cli.py:Epoch 92/100	Loss 5.5823 ± 0.1245
INFO:meta-cli.py:Epoch 93/100	Loss 5.5809 ± 0.1188
INFO:meta-cli.py:Epoch 93/100	dev results	MRR 0.348635	H@1 0.259510	H@3 0.381893	H@5 0.444568	H@10 0.528914
INFO:meta-cli.py:Epoch 93/100	test results	MRR 0.342198	H@1 0.252003	H@3 0.374890	H@5 0.439974	H@10 0.522769
INFO:meta-cli.py:Epoch 94/100	Loss 5.5797 ± 0.1236
INFO:meta-cli.py:Epoch 95/100	Loss 5.5783 ± 0.1214
INFO:meta-cli.py:Epoch 96/100	Loss 5.5769 ± 0.1202
INFO:meta-cli.py:Epoch 96/100	dev results	MRR 0.348599	H@1 0.259567	H@3 0.381551	H@5 0.444682	H@10 0.529341
INFO:meta-cli.py:Epoch 96/100	test results	MRR 0.341968	H@1 0.251954	H@3 0.375941	H@5 0.439705	H@10 0.522085
INFO:meta-cli.py:Epoch 97/100	Loss 5.5756 ± 0.1213
INFO:meta-cli.py:Epoch 98/100	Loss 5.5744 ± 0.1158
INFO:meta-cli.py:Epoch 99/100	Loss 5.5731 ± 0.1238
INFO:meta-cli.py:Epoch 99/100	dev results	MRR 0.349038	H@1 0.260251	H@3 0.381266	H@5 0.443741	H@10 0.529028
INFO:meta-cli.py:Epoch 99/100	test results	MRR 0.341682	H@1 0.251270	H@3 0.375672	H@5 0.439167	H@10 0.523014
INFO:meta-cli.py:Epoch 100/100	Loss 5.5717 ± 0.1239
INFO:meta-cli.py:Final 	dev results	MRR 0.349181	H@1 0.260565	H@3 0.381380	H@5 0.444853	H@10 0.529085
INFO:meta-cli.py:Final 	test results	MRR 0.341483	H@1 0.250928	H@3 0.375892	H@5 0.439045	H@10 0.523014
INFO:meta-cli.py:Training finished
