./bin/meta-cli.py --train data/fb15k-237/train.tsv --dev data/fb15k-237/dev.tsv --test data/fb15k-237/test.tsv -m complex -k 2000 -b 100 -e 100 --F2 0.001 --N3 0 -l 0.1 -I standard -V 3 -o adagrad -q
{'F2': 0.001,
 'N3': 0.0,
 'batch_size': 100,
 'dev': 'data/fb15k-237/dev.tsv',
 'embedding_size': 2000,
 'epochs': 100,
 'eval_batch_size': None,
 'input_type': 'standard',
 'learning_rate': 0.1,
 'load': None,
 'model': 'complex',
 'optimizer': 'adagrad',
 'quiet': True,
 'save': None,
 'seed': 0,
 'test': 'data/fb15k-237/test.tsv',
 'test_i': None,
 'test_ii': None,
 'train': 'data/fb15k-237/train.tsv',
 'validate_every': 3}
INFO:meta-cli.py:Device: cuda
INFO:meta-cli.py:Model state:
INFO:meta-cli.py:	entities.weight	torch.Size([14541, 4000])
INFO:meta-cli.py:	predicates.weight	torch.Size([237, 4000])
INFO:meta-cli.py:Epoch 1/100	Loss 12.1748 ± 1.8975
INFO:meta-cli.py:Epoch 2/100	Loss 8.1536 ± 0.2814
INFO:meta-cli.py:Epoch 3/100	Loss 7.2652 ± 0.3297
INFO:meta-cli.py:Epoch 3/100	dev results	MRR 0.323482	H@1 0.236356	H@3 0.353835	H@5 0.413801	H@10 0.499914
INFO:meta-cli.py:Epoch 3/100	test results	MRR 0.315896	H@1 0.227011	H@3 0.346526	H@5 0.409533	H@10 0.494894
INFO:meta-cli.py:Epoch 4/100	Loss 6.9160 ± 0.3420
INFO:meta-cli.py:Epoch 5/100	Loss 6.7171 ± 0.3481
INFO:meta-cli.py:Epoch 6/100	Loss 6.5835 ± 0.3366
INFO:meta-cli.py:Epoch 6/100	dev results	MRR 0.335890	H@1 0.244967	H@3 0.368976	H@5 0.433048	H@10 0.516538
INFO:meta-cli.py:Epoch 6/100	test results	MRR 0.330473	H@1 0.239788	H@3 0.363481	H@5 0.427392	H@10 0.513217
INFO:meta-cli.py:Epoch 7/100	Loss 6.4861 ± 0.3327
INFO:meta-cli.py:Epoch 8/100	Loss 6.4103 ± 0.3303
INFO:meta-cli.py:Epoch 9/100	Loss 6.3490 ± 0.3245
INFO:meta-cli.py:Epoch 9/100	dev results	MRR 0.342757	H@1 0.253721	H@3 0.373909	H@5 0.436983	H@10 0.522270
INFO:meta-cli.py:Epoch 9/100	test results	MRR 0.337146	H@1 0.247361	H@3 0.369589	H@5 0.434281	H@10 0.517468
INFO:meta-cli.py:Epoch 10/100	Loss 6.2976 ± 0.3201
INFO:meta-cli.py:Epoch 11/100	Loss 6.2537 ± 0.3244
INFO:meta-cli.py:Epoch 12/100	Loss 6.2166 ± 0.3212
INFO:meta-cli.py:Epoch 12/100	dev results	MRR 0.345108	H@1 0.255204	H@3 0.377844	H@5 0.442572	H@10 0.526005
INFO:meta-cli.py:Epoch 12/100	test results	MRR 0.337885	H@1 0.246922	H@3 0.372252	H@5 0.436993	H@10 0.519838
INFO:meta-cli.py:Epoch 13/100	Loss 6.1833 ± 0.3089
INFO:meta-cli.py:Epoch 14/100	Loss 6.1545 ± 0.3125
INFO:meta-cli.py:Epoch 15/100	Loss 6.1277 ± 0.3048
INFO:meta-cli.py:Epoch 15/100	dev results	MRR 0.346567	H@1 0.256116	H@3 0.379356	H@5 0.442743	H@10 0.528286
INFO:meta-cli.py:Epoch 15/100	test results	MRR 0.340722	H@1 0.250098	H@3 0.374304	H@5 0.439338	H@10 0.521866
INFO:meta-cli.py:Epoch 16/100	Loss 6.1043 ± 0.3033
INFO:meta-cli.py:Epoch 17/100	Loss 6.0830 ± 0.3054
INFO:meta-cli.py:Epoch 18/100	Loss 6.0630 ± 0.3032
INFO:meta-cli.py:Epoch 18/100	dev results	MRR 0.349437	H@1 0.258797	H@3 0.382578	H@5 0.447077	H@10 0.530567
INFO:meta-cli.py:Epoch 18/100	test results	MRR 0.342411	H@1 0.252101	H@3 0.375452	H@5 0.440389	H@10 0.523258
INFO:meta-cli.py:Epoch 19/100	Loss 6.0449 ± 0.2925
INFO:meta-cli.py:Epoch 20/100	Loss 6.0286 ± 0.2928
INFO:meta-cli.py:Epoch 21/100	Loss 6.0130 ± 0.2838
INFO:meta-cli.py:Epoch 21/100	dev results	MRR 0.349176	H@1 0.258569	H@3 0.382948	H@5 0.446963	H@10 0.530624
INFO:meta-cli.py:Epoch 21/100	test results	MRR 0.342988	H@1 0.251735	H@3 0.377944	H@5 0.442588	H@10 0.523649
INFO:meta-cli.py:Epoch 22/100	Loss 5.9990 ± 0.2904
INFO:meta-cli.py:Epoch 23/100	Loss 5.9849 ± 0.2893
INFO:meta-cli.py:Epoch 24/100	Loss 5.9725 ± 0.2868
INFO:meta-cli.py:Epoch 24/100	dev results	MRR 0.350623	H@1 0.260650	H@3 0.382635	H@5 0.448417	H@10 0.532193
INFO:meta-cli.py:Epoch 24/100	test results	MRR 0.343764	H@1 0.253738	H@3 0.375452	H@5 0.441904	H@10 0.524797
INFO:meta-cli.py:Epoch 25/100	Loss 5.9601 ± 0.2860
INFO:meta-cli.py:Epoch 26/100	Loss 5.9488 ± 0.2803
INFO:meta-cli.py:Epoch 27/100	Loss 5.9386 ± 0.2833
INFO:meta-cli.py:Epoch 27/100	dev results	MRR 0.351994	H@1 0.262361	H@3 0.383661	H@5 0.449358	H@10 0.534246
INFO:meta-cli.py:Epoch 27/100	test results	MRR 0.345272	H@1 0.255326	H@3 0.377944	H@5 0.443296	H@10 0.525530
INFO:meta-cli.py:Epoch 28/100	Loss 5.9287 ± 0.2778
INFO:meta-cli.py:Epoch 29/100	Loss 5.9190 ± 0.2733
INFO:meta-cli.py:Epoch 30/100	Loss 5.9100 ± 0.2799
INFO:meta-cli.py:Epoch 30/100	dev results	MRR 0.351008	H@1 0.260622	H@3 0.386370	H@5 0.448417	H@10 0.533077
INFO:meta-cli.py:Epoch 30/100	test results	MRR 0.345019	H@1 0.254446	H@3 0.379239	H@5 0.443125	H@10 0.525677
INFO:meta-cli.py:Epoch 31/100	Loss 5.9014 ± 0.2761
INFO:meta-cli.py:Epoch 32/100	Loss 5.8931 ± 0.2758
INFO:meta-cli.py:Epoch 33/100	Loss 5.8849 ± 0.2685
INFO:meta-cli.py:Epoch 33/100	dev results	MRR 0.351439	H@1 0.260907	H@3 0.385714	H@5 0.449244	H@10 0.534417
INFO:meta-cli.py:Epoch 33/100	test results	MRR 0.344856	H@1 0.253542	H@3 0.380045	H@5 0.443663	H@10 0.526898
INFO:meta-cli.py:Epoch 34/100	Loss 5.8774 ± 0.2700
INFO:meta-cli.py:Epoch 35/100	Loss 5.8703 ± 0.2759
INFO:meta-cli.py:Epoch 36/100	Loss 5.8633 ± 0.2667
INFO:meta-cli.py:Epoch 36/100	dev results	MRR 0.352237	H@1 0.262504	H@3 0.384003	H@5 0.449472	H@10 0.533590
INFO:meta-cli.py:Epoch 36/100	test results	MRR 0.345686	H@1 0.255179	H@3 0.379239	H@5 0.444396	H@10 0.526410
INFO:meta-cli.py:Epoch 37/100	Loss 5.8568 ± 0.2651
INFO:meta-cli.py:Epoch 38/100	Loss 5.8503 ± 0.2719
INFO:meta-cli.py:Epoch 39/100	Loss 5.8440 ± 0.2683
INFO:meta-cli.py:Epoch 39/100	dev results	MRR 0.352052	H@1 0.261249	H@3 0.386598	H@5 0.450870	H@10 0.534388
INFO:meta-cli.py:Epoch 39/100	test results	MRR 0.345703	H@1 0.254764	H@3 0.379923	H@5 0.444249	H@10 0.527265
INFO:meta-cli.py:Epoch 40/100	Loss 5.8378 ± 0.2676
INFO:meta-cli.py:Epoch 41/100	Loss 5.8322 ± 0.2626
INFO:meta-cli.py:Epoch 42/100	Loss 5.8263 ± 0.2645
INFO:meta-cli.py:Epoch 42/100	dev results	MRR 0.352813	H@1 0.263388	H@3 0.386228	H@5 0.450556	H@10 0.534417
INFO:meta-cli.py:Epoch 42/100	test results	MRR 0.346330	H@1 0.255863	H@3 0.379263	H@5 0.443516	H@10 0.527485
INFO:meta-cli.py:Epoch 43/100	Loss 5.8212 ± 0.2646
INFO:meta-cli.py:Epoch 44/100	Loss 5.8159 ± 0.2642
INFO:meta-cli.py:Epoch 45/100	Loss 5.8111 ± 0.2665
INFO:meta-cli.py:Epoch 45/100	dev results	MRR 0.352353	H@1 0.261962	H@3 0.385572	H@5 0.449415	H@10 0.535215
INFO:meta-cli.py:Epoch 45/100	test results	MRR 0.346141	H@1 0.255619	H@3 0.378823	H@5 0.444493	H@10 0.527020
INFO:meta-cli.py:Epoch 46/100	Loss 5.8057 ± 0.2662
INFO:meta-cli.py:Epoch 47/100	Loss 5.8012 ± 0.2592
INFO:meta-cli.py:Epoch 48/100	Loss 5.7966 ± 0.2632
INFO:meta-cli.py:Epoch 48/100	dev results	MRR 0.352389	H@1 0.262161	H@3 0.386513	H@5 0.450271	H@10 0.534075
INFO:meta-cli.py:Epoch 48/100	test results	MRR 0.345536	H@1 0.254324	H@3 0.380045	H@5 0.444200	H@10 0.527387
INFO:meta-cli.py:Epoch 49/100	Loss 5.7919 ± 0.2608
INFO:meta-cli.py:Epoch 50/100	Loss 5.7877 ± 0.2590
INFO:meta-cli.py:Epoch 51/100	Loss 5.7833 ± 0.2568
INFO:meta-cli.py:Epoch 51/100	dev results	MRR 0.352753	H@1 0.262475	H@3 0.386113	H@5 0.450955	H@10 0.534702
INFO:meta-cli.py:Epoch 51/100	test results	MRR 0.346494	H@1 0.256132	H@3 0.379605	H@5 0.444005	H@10 0.526703
INFO:meta-cli.py:Epoch 52/100	Loss 5.7795 ± 0.2629
INFO:meta-cli.py:Epoch 53/100	Loss 5.7753 ± 0.2613
INFO:meta-cli.py:Epoch 54/100	Loss 5.7713 ± 0.2669
INFO:meta-cli.py:Epoch 54/100	dev results	MRR 0.352788	H@1 0.262817	H@3 0.386427	H@5 0.449615	H@10 0.534816
INFO:meta-cli.py:Epoch 54/100	test results	MRR 0.346074	H@1 0.255692	H@3 0.379117	H@5 0.444396	H@10 0.526507
INFO:meta-cli.py:Epoch 55/100	Loss 5.7673 ± 0.2526
INFO:meta-cli.py:Epoch 56/100	Loss 5.7640 ± 0.2582
INFO:meta-cli.py:Epoch 57/100	Loss 5.7608 ± 0.2562
INFO:meta-cli.py:Epoch 57/100	dev results	MRR 0.352577	H@1 0.262589	H@3 0.385001	H@5 0.450528	H@10 0.534474
INFO:meta-cli.py:Epoch 57/100	test results	MRR 0.345974	H@1 0.255497	H@3 0.379752	H@5 0.444591	H@10 0.526703
INFO:meta-cli.py:Epoch 58/100	Loss 5.7568 ± 0.2571
INFO:meta-cli.py:Epoch 59/100	Loss 5.7533 ± 0.2515
INFO:meta-cli.py:Epoch 60/100	Loss 5.7504 ± 0.2560
INFO:meta-cli.py:Epoch 60/100	dev results	MRR 0.352995	H@1 0.262960	H@3 0.385857	H@5 0.450870	H@10 0.534616
INFO:meta-cli.py:Epoch 60/100	test results	MRR 0.346681	H@1 0.256474	H@3 0.380167	H@5 0.445471	H@10 0.526434
INFO:meta-cli.py:Epoch 61/100	Loss 5.7465 ± 0.2522
INFO:meta-cli.py:Epoch 62/100	Loss 5.7436 ± 0.2555
INFO:meta-cli.py:Epoch 63/100	Loss 5.7405 ± 0.2500
INFO:meta-cli.py:Epoch 63/100	dev results	MRR 0.352849	H@1 0.262817	H@3 0.386712	H@5 0.450984	H@10 0.534816
INFO:meta-cli.py:Epoch 63/100	test results	MRR 0.346350	H@1 0.256328	H@3 0.378872	H@5 0.444493	H@10 0.526825
INFO:meta-cli.py:Epoch 64/100	Loss 5.7374 ± 0.2560
INFO:meta-cli.py:Epoch 65/100	Loss 5.7346 ± 0.2520
INFO:meta-cli.py:Epoch 66/100	Loss 5.7319 ± 0.2486
INFO:meta-cli.py:Epoch 66/100	dev results	MRR 0.352677	H@1 0.262447	H@3 0.386342	H@5 0.449843	H@10 0.534588
INFO:meta-cli.py:Epoch 66/100	test results	MRR 0.346706	H@1 0.256352	H@3 0.380411	H@5 0.445104	H@10 0.526776
INFO:meta-cli.py:Epoch 67/100	Loss 5.7286 ± 0.2513
INFO:meta-cli.py:Epoch 68/100	Loss 5.7257 ± 0.2559
INFO:meta-cli.py:Epoch 69/100	Loss 5.7228 ± 0.2540
INFO:meta-cli.py:Epoch 69/100	dev results	MRR 0.353075	H@1 0.263302	H@3 0.386570	H@5 0.450242	H@10 0.534531
INFO:meta-cli.py:Epoch 69/100	test results	MRR 0.346287	H@1 0.256083	H@3 0.379996	H@5 0.444054	H@10 0.526361
INFO:meta-cli.py:Epoch 70/100	Loss 5.7202 ± 0.2518
INFO:meta-cli.py:Epoch 71/100	Loss 5.7175 ± 0.2514
INFO:meta-cli.py:Epoch 72/100	Loss 5.7148 ± 0.2494
INFO:meta-cli.py:Epoch 72/100	dev results	MRR 0.353452	H@1 0.263872	H@3 0.387254	H@5 0.450413	H@10 0.534588
INFO:meta-cli.py:Epoch 72/100	test results	MRR 0.346677	H@1 0.256132	H@3 0.380387	H@5 0.444640	H@10 0.527265
INFO:meta-cli.py:Epoch 73/100	Loss 5.7128 ± 0.2515
INFO:meta-cli.py:Epoch 74/100	Loss 5.7098 ± 0.2539
INFO:meta-cli.py:Epoch 75/100	Loss 5.7076 ± 0.2557
INFO:meta-cli.py:Epoch 75/100	dev results	MRR 0.352982	H@1 0.263045	H@3 0.386113	H@5 0.450841	H@10 0.533790
INFO:meta-cli.py:Epoch 75/100	test results	MRR 0.346500	H@1 0.256376	H@3 0.379850	H@5 0.444567	H@10 0.526825
INFO:meta-cli.py:Epoch 76/100	Loss 5.7049 ± 0.2532
INFO:meta-cli.py:Epoch 77/100	Loss 5.7029 ± 0.2490
INFO:meta-cli.py:Epoch 78/100	Loss 5.7002 ± 0.2494
INFO:meta-cli.py:Epoch 78/100	dev results	MRR 0.351988	H@1 0.261819	H@3 0.385971	H@5 0.449301	H@10 0.533847
INFO:meta-cli.py:Epoch 78/100	test results	MRR 0.345764	H@1 0.255106	H@3 0.379654	H@5 0.443760	H@10 0.527069
INFO:meta-cli.py:Epoch 79/100	Loss 5.6982 ± 0.2486
INFO:meta-cli.py:Epoch 80/100	Loss 5.6963 ± 0.2477
INFO:meta-cli.py:Epoch 81/100	Loss 5.6941 ± 0.2458
INFO:meta-cli.py:Epoch 81/100	dev results	MRR 0.352818	H@1 0.262618	H@3 0.386912	H@5 0.449244	H@10 0.534303
INFO:meta-cli.py:Epoch 81/100	test results	MRR 0.345887	H@1 0.255399	H@3 0.379434	H@5 0.443150	H@10 0.526116
INFO:meta-cli.py:Epoch 82/100	Loss 5.6915 ± 0.2485
INFO:meta-cli.py:Epoch 83/100	Loss 5.6892 ± 0.2472
INFO:meta-cli.py:Epoch 84/100	Loss 5.6875 ± 0.2462
INFO:meta-cli.py:Epoch 84/100	dev results	MRR 0.352722	H@1 0.262903	H@3 0.386399	H@5 0.449558	H@10 0.533847
INFO:meta-cli.py:Epoch 84/100	test results	MRR 0.345949	H@1 0.255644	H@3 0.379850	H@5 0.443247	H@10 0.526459
INFO:meta-cli.py:Epoch 85/100	Loss 5.6854 ± 0.2470
INFO:meta-cli.py:Epoch 86/100	Loss 5.6835 ± 0.2439
INFO:meta-cli.py:Epoch 87/100	Loss 5.6816 ± 0.2441
INFO:meta-cli.py:Epoch 87/100	dev results	MRR 0.353257	H@1 0.263730	H@3 0.386427	H@5 0.449815	H@10 0.533875
INFO:meta-cli.py:Epoch 87/100	test results	MRR 0.346038	H@1 0.255717	H@3 0.379801	H@5 0.443541	H@10 0.526630
INFO:meta-cli.py:Epoch 88/100	Loss 5.6795 ± 0.2457
INFO:meta-cli.py:Epoch 89/100	Loss 5.6775 ± 0.2462
INFO:meta-cli.py:Epoch 90/100	Loss 5.6757 ± 0.2432
INFO:meta-cli.py:Epoch 90/100	dev results	MRR 0.352429	H@1 0.262504	H@3 0.385857	H@5 0.450413	H@10 0.533847
INFO:meta-cli.py:Epoch 90/100	test results	MRR 0.345823	H@1 0.255179	H@3 0.379410	H@5 0.444322	H@10 0.527216
INFO:meta-cli.py:Epoch 91/100	Loss 5.6737 ± 0.2447
INFO:meta-cli.py:Epoch 92/100	Loss 5.6717 ± 0.2435
INFO:meta-cli.py:Epoch 93/100	Loss 5.6701 ± 0.2481
INFO:meta-cli.py:Epoch 93/100	dev results	MRR 0.352819	H@1 0.263445	H@3 0.385885	H@5 0.449472	H@10 0.534303
INFO:meta-cli.py:Epoch 93/100	test results	MRR 0.346153	H@1 0.256010	H@3 0.380045	H@5 0.443834	H@10 0.526776
INFO:meta-cli.py:Epoch 94/100	Loss 5.6683 ± 0.2389
INFO:meta-cli.py:Epoch 95/100	Loss 5.6663 ± 0.2438
INFO:meta-cli.py:Epoch 96/100	Loss 5.6647 ± 0.2470
INFO:meta-cli.py:Epoch 96/100	dev results	MRR 0.352903	H@1 0.263359	H@3 0.385458	H@5 0.449701	H@10 0.533790
INFO:meta-cli.py:Epoch 96/100	test results	MRR 0.345619	H@1 0.254886	H@3 0.379214	H@5 0.444762	H@10 0.525823
INFO:meta-cli.py:Epoch 97/100	Loss 5.6629 ± 0.2443
INFO:meta-cli.py:Epoch 98/100	Loss 5.6614 ± 0.2403
INFO:meta-cli.py:Epoch 99/100	Loss 5.6599 ± 0.2413
INFO:meta-cli.py:Epoch 99/100	dev results	MRR 0.352555	H@1 0.262675	H@3 0.385600	H@5 0.449472	H@10 0.533932
INFO:meta-cli.py:Epoch 99/100	test results	MRR 0.345856	H@1 0.255497	H@3 0.379288	H@5 0.443736	H@10 0.526556
INFO:meta-cli.py:Epoch 100/100	Loss 5.6582 ± 0.2400
INFO:meta-cli.py:Final 	dev results	MRR 0.352755	H@1 0.263045	H@3 0.386113	H@5 0.449644	H@10 0.533447
INFO:meta-cli.py:Final 	test results	MRR 0.345501	H@1 0.254764	H@3 0.379825	H@5 0.444200	H@10 0.525945
INFO:meta-cli.py:Training finished
