./bin/meta-cli.py --train data/fb15k-237/train.tsv --dev data/fb15k-237/dev.tsv --test data/fb15k-237/test.tsv -m complex -k 4000 -b 500 -e 100 --F2 0 --N3 0.5 -l 0.1 -I standard -V 3 -o adagrad -q
{'F2': 0.0,
 'N3': 0.5,
 'batch_size': 500,
 'dev': 'data/fb15k-237/dev.tsv',
 'embedding_size': 4000,
 'epochs': 100,
 'eval_batch_size': None,
 'input_type': 'standard',
 'learning_rate': 0.1,
 'load': None,
 'model': 'complex',
 'optimizer': 'adagrad',
 'quiet': True,
 'save': None,
 'seed': 0,
 'test': 'data/fb15k-237/test.tsv',
 'test_i': None,
 'test_ii': None,
 'train': 'data/fb15k-237/train.tsv',
 'validate_every': 3}
INFO:meta-cli.py:Device: cuda
INFO:meta-cli.py:Model state:
INFO:meta-cli.py:	entities.weight	torch.Size([14541, 8000])
INFO:meta-cli.py:	predicates.weight	torch.Size([237, 8000])
INFO:meta-cli.py:Epoch 1/100	Loss 23.9174 ± 1.9564
INFO:meta-cli.py:Epoch 2/100	Loss 20.9820 ± 0.6717
INFO:meta-cli.py:Epoch 3/100	Loss 20.3295 ± 0.5495
INFO:meta-cli.py:Epoch 3/100	dev results	MRR 0.136176	H@1 0.072769	H@3 0.154463	H@5 0.199886	H@10 0.265754
INFO:meta-cli.py:Epoch 3/100	test results	MRR 0.136372	H@1 0.073781	H@3 0.155282	H@5 0.199770	H@10 0.261311
INFO:meta-cli.py:Epoch 4/100	Loss 20.0070 ± 0.4982
INFO:meta-cli.py:Epoch 5/100	Loss 19.8038 ± 0.4473
INFO:meta-cli.py:Epoch 6/100	Loss 19.6596 ± 0.4199
INFO:meta-cli.py:Epoch 6/100	dev results	MRR 0.144683	H@1 0.082179	H@3 0.157228	H@5 0.205361	H@10 0.268720
INFO:meta-cli.py:Epoch 6/100	test results	MRR 0.143452	H@1 0.081623	H@3 0.155331	H@5 0.202678	H@10 0.265733
INFO:meta-cli.py:Epoch 7/100	Loss 19.5487 ± 0.3706
INFO:meta-cli.py:Epoch 8/100	Loss 19.4633 ± 0.3776
INFO:meta-cli.py:Epoch 9/100	Loss 19.3923 ± 0.3550
INFO:meta-cli.py:Epoch 9/100	dev results	MRR 0.139592	H@1 0.078472	H@3 0.146564	H@5 0.195552	H@10 0.265326
INFO:meta-cli.py:Epoch 9/100	test results	MRR 0.137708	H@1 0.077910	H@3 0.143091	H@5 0.189949	H@10 0.259528
INFO:meta-cli.py:Epoch 10/100	Loss 19.3337 ± 0.3280
INFO:meta-cli.py:Epoch 11/100	Loss 19.2844 ± 0.3115
INFO:meta-cli.py:Epoch 12/100	Loss 19.2404 ± 0.2855
INFO:meta-cli.py:Epoch 12/100	dev results	MRR 0.138003	H@1 0.078415	H@3 0.143599	H@5 0.193698	H@10 0.255860
INFO:meta-cli.py:Epoch 12/100	test results	MRR 0.138229	H@1 0.079644	H@3 0.143091	H@5 0.192759	H@10 0.255082
INFO:meta-cli.py:Epoch 13/100	Loss 19.2030 ± 0.2742
INFO:meta-cli.py:Epoch 14/100	Loss 19.1706 ± 0.2662
INFO:meta-cli.py:Epoch 15/100	Loss 19.1421 ± 0.2596
INFO:meta-cli.py:Epoch 15/100	dev results	MRR 0.139484	H@1 0.080496	H@3 0.144882	H@5 0.193071	H@10 0.254776
INFO:meta-cli.py:Epoch 15/100	test results	MRR 0.137277	H@1 0.079424	H@3 0.141210	H@5 0.188312	H@10 0.252248
INFO:meta-cli.py:Epoch 16/100	Loss 19.1151 ± 0.2452
INFO:meta-cli.py:Epoch 17/100	Loss 19.0918 ± 0.2328
INFO:meta-cli.py:Epoch 18/100	Loss 19.0718 ± 0.2280
INFO:meta-cli.py:Epoch 18/100	dev results	MRR 0.142282	H@1 0.083062	H@3 0.147933	H@5 0.195837	H@10 0.260251
INFO:meta-cli.py:Epoch 18/100	test results	MRR 0.140833	H@1 0.082869	H@3 0.144386	H@5 0.191855	H@10 0.256841
INFO:meta-cli.py:Epoch 19/100	Loss 19.0513 ± 0.2350
INFO:meta-cli.py:Epoch 20/100	Loss 19.0345 ± 0.2139
INFO:meta-cli.py:Epoch 21/100	Loss 19.0197 ± 0.2229
INFO:meta-cli.py:Epoch 21/100	dev results	MRR 0.142926	H@1 0.084602	H@3 0.146792	H@5 0.195438	H@10 0.257114
INFO:meta-cli.py:Epoch 21/100	test results	MRR 0.141676	H@1 0.085361	H@3 0.141943	H@5 0.190829	H@10 0.253176
INFO:meta-cli.py:Epoch 22/100	Loss 19.0027 ± 0.2196
INFO:meta-cli.py:Epoch 23/100	Loss 18.9901 ± 0.2109
INFO:meta-cli.py:Epoch 24/100	Loss 18.9767 ± 0.1841
INFO:meta-cli.py:Epoch 24/100	dev results	MRR 0.142247	H@1 0.084003	H@3 0.146336	H@5 0.192586	H@10 0.259567
INFO:meta-cli.py:Epoch 24/100	test results	MRR 0.141362	H@1 0.083773	H@3 0.145143	H@5 0.191146	H@10 0.257769
INFO:meta-cli.py:Epoch 25/100	Loss 18.9651 ± 0.1839
INFO:meta-cli.py:Epoch 26/100	Loss 18.9537 ± 0.1820
INFO:meta-cli.py:Epoch 27/100	Loss 18.9438 ± 0.1807
INFO:meta-cli.py:Epoch 27/100	dev results	MRR 0.140459	H@1 0.081523	H@3 0.144910	H@5 0.190818	H@10 0.258426
INFO:meta-cli.py:Epoch 27/100	test results	MRR 0.138540	H@1 0.080475	H@3 0.140941	H@5 0.188459	H@10 0.256254
INFO:meta-cli.py:Epoch 28/100	Loss 18.9333 ± 0.1684
INFO:meta-cli.py:Epoch 29/100	Loss 18.9247 ± 0.1705
INFO:meta-cli.py:Epoch 30/100	Loss 18.9157 ± 0.1665
INFO:meta-cli.py:Epoch 30/100	dev results	MRR 0.141927	H@1 0.082293	H@3 0.150100	H@5 0.194696	H@10 0.256915
INFO:meta-cli.py:Epoch 30/100	test results	MRR 0.139416	H@1 0.080646	H@3 0.143995	H@5 0.190145	H@10 0.256376
INFO:meta-cli.py:Epoch 31/100	Loss 18.9086 ± 0.1617
INFO:meta-cli.py:Epoch 32/100	Loss 18.9000 ± 0.1589
INFO:meta-cli.py:Epoch 33/100	Loss 18.8929 ± 0.1508
INFO:meta-cli.py:Epoch 33/100	dev results	MRR 0.140791	H@1 0.081694	H@3 0.147077	H@5 0.193271	H@10 0.256829
INFO:meta-cli.py:Epoch 33/100	test results	MRR 0.138843	H@1 0.080573	H@3 0.142651	H@5 0.188557	H@10 0.254691
INFO:meta-cli.py:Epoch 34/100	Loss 18.8864 ± 0.1464
INFO:meta-cli.py:Epoch 35/100	Loss 18.8800 ± 0.1432
INFO:meta-cli.py:Epoch 36/100	Loss 18.8740 ± 0.1413
INFO:meta-cli.py:Epoch 36/100	dev results	MRR 0.142620	H@1 0.083576	H@3 0.147448	H@5 0.195580	H@10 0.258683
INFO:meta-cli.py:Epoch 36/100	test results	MRR 0.141970	H@1 0.084213	H@3 0.144484	H@5 0.191220	H@10 0.256889
INFO:meta-cli.py:Epoch 37/100	Loss 18.8678 ± 0.1453
INFO:meta-cli.py:Epoch 38/100	Loss 18.8621 ± 0.1517
INFO:meta-cli.py:Epoch 39/100	Loss 18.8570 ± 0.1353
INFO:meta-cli.py:Epoch 39/100	dev results	MRR 0.142345	H@1 0.081722	H@3 0.150727	H@5 0.195153	H@10 0.259224
INFO:meta-cli.py:Epoch 39/100	test results	MRR 0.141443	H@1 0.082894	H@3 0.146707	H@5 0.191708	H@10 0.257134
INFO:meta-cli.py:Epoch 40/100	Loss 18.8520 ± 0.1357
INFO:meta-cli.py:Epoch 41/100	Loss 18.8472 ± 0.1373
INFO:meta-cli.py:Epoch 42/100	Loss 18.8428 ± 0.1289
INFO:meta-cli.py:Epoch 42/100	dev results	MRR 0.140497	H@1 0.079726	H@3 0.149358	H@5 0.193869	H@10 0.262504
INFO:meta-cli.py:Epoch 42/100	test results	MRR 0.138595	H@1 0.078960	H@3 0.144190	H@5 0.190267	H@10 0.259088
INFO:meta-cli.py:Epoch 43/100	Loss 18.8385 ± 0.1319
INFO:meta-cli.py:Epoch 44/100	Loss 18.8342 ± 0.1293
INFO:meta-cli.py:Epoch 45/100	Loss 18.8298 ± 0.1303
INFO:meta-cli.py:Epoch 45/100	dev results	MRR 0.140190	H@1 0.079042	H@3 0.147419	H@5 0.193869	H@10 0.259937
INFO:meta-cli.py:Epoch 45/100	test results	MRR 0.138930	H@1 0.079034	H@3 0.143311	H@5 0.191464	H@10 0.257549
INFO:meta-cli.py:Epoch 46/100	Loss 18.8260 ± 0.1254
INFO:meta-cli.py:Epoch 47/100	Loss 18.8223 ± 0.1219
INFO:meta-cli.py:Epoch 48/100	Loss 18.8195 ± 0.1182
INFO:meta-cli.py:Epoch 48/100	dev results	MRR 0.143766	H@1 0.084574	H@3 0.151497	H@5 0.195580	H@10 0.259281
INFO:meta-cli.py:Epoch 48/100	test results	MRR 0.141908	H@1 0.084017	H@3 0.147586	H@5 0.190536	H@10 0.257793
INFO:meta-cli.py:Epoch 49/100	Loss 18.8152 ± 0.1155
INFO:meta-cli.py:Epoch 50/100	Loss 18.8120 ± 0.1121
INFO:meta-cli.py:Epoch 51/100	Loss 18.8089 ± 0.1161
INFO:meta-cli.py:Epoch 51/100	dev results	MRR 0.143816	H@1 0.084403	H@3 0.153037	H@5 0.195067	H@10 0.257542
INFO:meta-cli.py:Epoch 51/100	test results	MRR 0.142412	H@1 0.084530	H@3 0.149370	H@5 0.190462	H@10 0.255130
INFO:meta-cli.py:Epoch 52/100	Loss 18.8056 ± 0.1149
INFO:meta-cli.py:Epoch 53/100	Loss 18.8029 ± 0.1135
INFO:meta-cli.py:Epoch 54/100	Loss 18.7998 ± 0.1091
INFO:meta-cli.py:Epoch 54/100	dev results	MRR 0.142112	H@1 0.082007	H@3 0.147819	H@5 0.194098	H@10 0.258626
INFO:meta-cli.py:Epoch 54/100	test results	MRR 0.142081	H@1 0.083871	H@3 0.145803	H@5 0.192270	H@10 0.256865
INFO:meta-cli.py:Epoch 55/100	Loss 18.7970 ± 0.1069
INFO:meta-cli.py:Epoch 56/100	Loss 18.7945 ± 0.1051
INFO:meta-cli.py:Epoch 57/100	Loss 18.7920 ± 0.1025
INFO:meta-cli.py:Epoch 57/100	dev results	MRR 0.144298	H@1 0.084374	H@3 0.152324	H@5 0.195694	H@10 0.261705
INFO:meta-cli.py:Epoch 57/100	test results	MRR 0.142708	H@1 0.084946	H@3 0.147220	H@5 0.191244	H@10 0.258160
INFO:meta-cli.py:Epoch 58/100	Loss 18.7893 ± 0.1045
INFO:meta-cli.py:Epoch 59/100	Loss 18.7872 ± 0.1011
INFO:meta-cli.py:Epoch 60/100	Loss 18.7854 ± 0.1102
INFO:meta-cli.py:Epoch 60/100	dev results	MRR 0.143743	H@1 0.083946	H@3 0.150670	H@5 0.195723	H@10 0.259681
INFO:meta-cli.py:Epoch 60/100	test results	MRR 0.142090	H@1 0.083236	H@3 0.146560	H@5 0.192710	H@10 0.257378
INFO:meta-cli.py:Epoch 61/100	Loss 18.7821 ± 0.0984
INFO:meta-cli.py:Epoch 62/100	Loss 18.7801 ± 0.0960
INFO:meta-cli.py:Epoch 63/100	Loss 18.7781 ± 0.0967
INFO:meta-cli.py:Epoch 63/100	dev results	MRR 0.143986	H@1 0.083319	H@3 0.152581	H@5 0.196863	H@10 0.260821
INFO:meta-cli.py:Epoch 63/100	test results	MRR 0.142791	H@1 0.083407	H@3 0.149199	H@5 0.194493	H@10 0.259284
INFO:meta-cli.py:Epoch 64/100	Loss 18.7757 ± 0.0987
INFO:meta-cli.py:Epoch 65/100	Loss 18.7739 ± 0.0927
INFO:meta-cli.py:Epoch 66/100	Loss 18.7721 ± 0.0957
INFO:meta-cli.py:Epoch 66/100	dev results	MRR 0.143951	H@1 0.083205	H@3 0.152609	H@5 0.196379	H@10 0.260821
INFO:meta-cli.py:Epoch 66/100	test results	MRR 0.143054	H@1 0.083236	H@3 0.149199	H@5 0.195251	H@10 0.260261
INFO:meta-cli.py:Epoch 67/100	Loss 18.7702 ± 0.0889
INFO:meta-cli.py:Epoch 68/100	Loss 18.7681 ± 0.0916
INFO:meta-cli.py:Epoch 69/100	Loss 18.7666 ± 0.0948
INFO:meta-cli.py:Epoch 69/100	dev results	MRR 0.146201	H@1 0.085857	H@3 0.156145	H@5 0.198318	H@10 0.262760
INFO:meta-cli.py:Epoch 69/100	test results	MRR 0.144851	H@1 0.085703	H@3 0.153156	H@5 0.194762	H@10 0.260285
INFO:meta-cli.py:Epoch 70/100	Loss 18.7648 ± 0.0892
INFO:meta-cli.py:Epoch 71/100	Loss 18.7635 ± 0.0895
INFO:meta-cli.py:Epoch 72/100	Loss 18.7615 ± 0.0868
INFO:meta-cli.py:Epoch 72/100	dev results	MRR 0.143155	H@1 0.083661	H@3 0.149615	H@5 0.195181	H@10 0.259909
INFO:meta-cli.py:Epoch 72/100	test results	MRR 0.142025	H@1 0.084262	H@3 0.145412	H@5 0.191049	H@10 0.258038
INFO:meta-cli.py:Epoch 73/100	Loss 18.7597 ± 0.0876
INFO:meta-cli.py:Epoch 74/100	Loss 18.7584 ± 0.0816
INFO:meta-cli.py:Epoch 75/100	Loss 18.7568 ± 0.0856
INFO:meta-cli.py:Epoch 75/100	dev results	MRR 0.144103	H@1 0.084289	H@3 0.151212	H@5 0.195267	H@10 0.259880
INFO:meta-cli.py:Epoch 75/100	test results	MRR 0.143047	H@1 0.085043	H@3 0.146829	H@5 0.193198	H@10 0.257158
INFO:meta-cli.py:Epoch 76/100	Loss 18.7552 ± 0.0885
INFO:meta-cli.py:Epoch 77/100	Loss 18.7538 ± 0.0817
INFO:meta-cli.py:Epoch 78/100	Loss 18.7524 ± 0.0808
INFO:meta-cli.py:Epoch 78/100	dev results	MRR 0.143105	H@1 0.083005	H@3 0.150642	H@5 0.194297	H@10 0.259909
INFO:meta-cli.py:Epoch 78/100	test results	MRR 0.142642	H@1 0.084262	H@3 0.147391	H@5 0.191684	H@10 0.257427
INFO:meta-cli.py:Epoch 79/100	Loss 18.7510 ± 0.0803
INFO:meta-cli.py:Epoch 80/100	Loss 18.7499 ± 0.0779
INFO:meta-cli.py:Epoch 81/100	Loss 18.7484 ± 0.0765
INFO:meta-cli.py:Epoch 81/100	dev results	MRR 0.145459	H@1 0.085030	H@3 0.155660	H@5 0.197662	H@10 0.260451
INFO:meta-cli.py:Epoch 81/100	test results	MRR 0.144616	H@1 0.086192	H@3 0.151226	H@5 0.193956	H@10 0.258551
INFO:meta-cli.py:Epoch 82/100	Loss 18.7473 ± 0.0773
INFO:meta-cli.py:Epoch 83/100	Loss 18.7460 ± 0.0794
INFO:meta-cli.py:Epoch 84/100	Loss 18.7449 ± 0.0735
INFO:meta-cli.py:Epoch 84/100	dev results	MRR 0.145564	H@1 0.086199	H@3 0.151668	H@5 0.197548	H@10 0.261563
INFO:meta-cli.py:Epoch 84/100	test results	MRR 0.145019	H@1 0.086803	H@3 0.149883	H@5 0.194689	H@10 0.259235
INFO:meta-cli.py:Epoch 85/100	Loss 18.7443 ± 0.0775
INFO:meta-cli.py:Epoch 86/100	Loss 18.7423 ± 0.0770
INFO:meta-cli.py:Epoch 87/100	Loss 18.7413 ± 0.0767
INFO:meta-cli.py:Epoch 87/100	dev results	MRR 0.145543	H@1 0.086142	H@3 0.151012	H@5 0.197177	H@10 0.263074
INFO:meta-cli.py:Epoch 87/100	test results	MRR 0.145023	H@1 0.087438	H@3 0.148392	H@5 0.192759	H@10 0.260285
INFO:meta-cli.py:Epoch 88/100	Loss 18.7402 ± 0.0719
INFO:meta-cli.py:Epoch 89/100	Loss 18.7391 ± 0.0735
INFO:meta-cli.py:Epoch 90/100	Loss 18.7383 ± 0.0756
INFO:meta-cli.py:Epoch 90/100	dev results	MRR 0.144146	H@1 0.083319	H@3 0.153607	H@5 0.197149	H@10 0.261135
INFO:meta-cli.py:Epoch 90/100	test results	MRR 0.143155	H@1 0.083529	H@3 0.150274	H@5 0.194127	H@10 0.258893
INFO:meta-cli.py:Epoch 91/100	Loss 18.7371 ± 0.0717
INFO:meta-cli.py:Epoch 92/100	Loss 18.7365 ± 0.0693
INFO:meta-cli.py:Epoch 93/100	Loss 18.7352 ± 0.0672
INFO:meta-cli.py:Epoch 93/100	dev results	MRR 0.143416	H@1 0.082948	H@3 0.150470	H@5 0.195609	H@10 0.261734
INFO:meta-cli.py:Epoch 93/100	test results	MRR 0.142812	H@1 0.083480	H@3 0.146927	H@5 0.193614	H@10 0.259968
INFO:meta-cli.py:Epoch 94/100	Loss 18.7342 ± 0.0690
INFO:meta-cli.py:Epoch 95/100	Loss 18.7333 ± 0.0720
INFO:meta-cli.py:Epoch 96/100	Loss 18.7325 ± 0.0673
INFO:meta-cli.py:Epoch 96/100	dev results	MRR 0.146171	H@1 0.086997	H@3 0.153322	H@5 0.196692	H@10 0.260279
INFO:meta-cli.py:Epoch 96/100	test results	MRR 0.144147	H@1 0.086167	H@3 0.149541	H@5 0.193467	H@10 0.257671
INFO:meta-cli.py:Epoch 97/100	Loss 18.7313 ± 0.0740
INFO:meta-cli.py:Epoch 98/100	Loss 18.7306 ± 0.0690
INFO:meta-cli.py:Epoch 99/100	Loss 18.7296 ± 0.0689
INFO:meta-cli.py:Epoch 99/100	dev results	MRR 0.147099	H@1 0.088338	H@3 0.155090	H@5 0.195694	H@10 0.259738
INFO:meta-cli.py:Epoch 99/100	test results	MRR 0.146287	H@1 0.088586	H@3 0.151495	H@5 0.193663	H@10 0.257745
INFO:meta-cli.py:Epoch 100/100	Loss 18.7288 ± 0.0671
INFO:meta-cli.py:Final 	dev results	MRR 0.145293	H@1 0.084802	H@3 0.154805	H@5 0.195637	H@10 0.261734
INFO:meta-cli.py:Final 	test results	MRR 0.144049	H@1 0.084946	H@3 0.150127	H@5 0.193272	H@10 0.258795
INFO:meta-cli.py:Training finished
