./bin/meta-cli.py --train data/fb15k-237/train.tsv --dev data/fb15k-237/dev.tsv --test data/fb15k-237/test.tsv -m complex -k 4000 -b 500 -e 100 --F2 0.001 --N3 0 -l 0.1 -I reciprocal -V 3 -o adagrad -q
{'F2': 0.001,
 'N3': 0.0,
 'batch_size': 500,
 'dev': 'data/fb15k-237/dev.tsv',
 'embedding_size': 4000,
 'epochs': 100,
 'eval_batch_size': None,
 'input_type': 'reciprocal',
 'learning_rate': 0.1,
 'load': None,
 'model': 'complex',
 'optimizer': 'adagrad',
 'quiet': True,
 'save': None,
 'seed': 0,
 'test': 'data/fb15k-237/test.tsv',
 'test_i': None,
 'test_ii': None,
 'train': 'data/fb15k-237/train.tsv',
 'validate_every': 3}
INFO:meta-cli.py:Device: cuda
INFO:meta-cli.py:Model state:
INFO:meta-cli.py:	entities.weight	torch.Size([14541, 8000])
INFO:meta-cli.py:	predicates.weight	torch.Size([474, 8000])
INFO:meta-cli.py:Epoch 1/100	Loss 10.7342 ± 2.4636
INFO:meta-cli.py:Epoch 2/100	Loss 7.3347 ± 0.1299
INFO:meta-cli.py:Epoch 3/100	Loss 6.8340 ± 0.1666
INFO:meta-cli.py:Epoch 3/100	dev results	MRR 0.332721	H@1 0.244254	H@3 0.364585	H@5 0.425463	H@10 0.509552
INFO:meta-cli.py:Epoch 3/100	test results	MRR 0.329237	H@1 0.240521	H@3 0.360525	H@5 0.425169	H@10 0.507109
INFO:meta-cli.py:Epoch 4/100	Loss 6.6005 ± 0.1750
INFO:meta-cli.py:Epoch 5/100	Loss 6.4554 ± 0.1789
INFO:meta-cli.py:Epoch 6/100	Loss 6.3512 ± 0.1837
INFO:meta-cli.py:Epoch 6/100	dev results	MRR 0.342099	H@1 0.251611	H@3 0.375563	H@5 0.437154	H@10 0.524380
INFO:meta-cli.py:Epoch 6/100	test results	MRR 0.336944	H@1 0.245749	H@3 0.370590	H@5 0.434330	H@10 0.517468
INFO:meta-cli.py:Epoch 7/100	Loss 6.2735 ± 0.1830
INFO:meta-cli.py:Epoch 8/100	Loss 6.2102 ± 0.1834
INFO:meta-cli.py:Epoch 9/100	Loss 6.1590 ± 0.1817
INFO:meta-cli.py:Epoch 9/100	dev results	MRR 0.345508	H@1 0.255004	H@3 0.378643	H@5 0.441346	H@10 0.527260
INFO:meta-cli.py:Epoch 9/100	test results	MRR 0.339423	H@1 0.248412	H@3 0.373278	H@5 0.436407	H@10 0.520937
INFO:meta-cli.py:Epoch 10/100	Loss 6.1153 ± 0.1757
INFO:meta-cli.py:Epoch 11/100	Loss 6.0777 ± 0.1700
INFO:meta-cli.py:Epoch 12/100	Loss 6.0457 ± 0.1715
INFO:meta-cli.py:Epoch 12/100	dev results	MRR 0.347585	H@1 0.255774	H@3 0.381751	H@5 0.444853	H@10 0.528914
INFO:meta-cli.py:Epoch 12/100	test results	MRR 0.342509	H@1 0.250880	H@3 0.377016	H@5 0.440145	H@10 0.523356
INFO:meta-cli.py:Epoch 13/100	Loss 6.0174 ± 0.1720
INFO:meta-cli.py:Epoch 14/100	Loss 5.9918 ± 0.1700
INFO:meta-cli.py:Epoch 15/100	Loss 5.9687 ± 0.1596
INFO:meta-cli.py:Epoch 15/100	dev results	MRR 0.347883	H@1 0.257342	H@3 0.382407	H@5 0.444254	H@10 0.528201
INFO:meta-cli.py:Epoch 15/100	test results	MRR 0.342299	H@1 0.252052	H@3 0.374255	H@5 0.439534	H@10 0.523112
INFO:meta-cli.py:Epoch 16/100	Loss 5.9480 ± 0.1630
INFO:meta-cli.py:Epoch 17/100	Loss 5.9291 ± 0.1601
INFO:meta-cli.py:Epoch 18/100	Loss 5.9115 ± 0.1528
INFO:meta-cli.py:Epoch 18/100	dev results	MRR 0.349277	H@1 0.258854	H@3 0.382207	H@5 0.445452	H@10 0.531280
INFO:meta-cli.py:Epoch 18/100	test results	MRR 0.343506	H@1 0.252810	H@3 0.377748	H@5 0.441049	H@10 0.524577
INFO:meta-cli.py:Epoch 19/100	Loss 5.8958 ± 0.1554
INFO:meta-cli.py:Epoch 20/100	Loss 5.8808 ± 0.1523
INFO:meta-cli.py:Epoch 21/100	Loss 5.8671 ± 0.1498
INFO:meta-cli.py:Epoch 21/100	dev results	MRR 0.348893	H@1 0.257742	H@3 0.383490	H@5 0.445851	H@10 0.531024
INFO:meta-cli.py:Epoch 21/100	test results	MRR 0.344121	H@1 0.253347	H@3 0.377871	H@5 0.441928	H@10 0.524357
INFO:meta-cli.py:Epoch 22/100	Loss 5.8537 ± 0.1550
INFO:meta-cli.py:Epoch 23/100	Loss 5.8422 ± 0.1511
INFO:meta-cli.py:Epoch 24/100	Loss 5.8309 ± 0.1511
INFO:meta-cli.py:Epoch 24/100	dev results	MRR 0.349065	H@1 0.258198	H@3 0.382720	H@5 0.446279	H@10 0.531423
INFO:meta-cli.py:Epoch 24/100	test results	MRR 0.343590	H@1 0.252541	H@3 0.377309	H@5 0.441268	H@10 0.525017
INFO:meta-cli.py:Epoch 25/100	Loss 5.8204 ± 0.1495
INFO:meta-cli.py:Epoch 26/100	Loss 5.8104 ± 0.1502
INFO:meta-cli.py:Epoch 27/100	Loss 5.8007 ± 0.1513
INFO:meta-cli.py:Epoch 27/100	dev results	MRR 0.350554	H@1 0.259880	H@3 0.384146	H@5 0.447419	H@10 0.531936
INFO:meta-cli.py:Epoch 27/100	test results	MRR 0.343911	H@1 0.252394	H@3 0.378481	H@5 0.443272	H@10 0.524993
INFO:meta-cli.py:Epoch 28/100	Loss 5.7921 ± 0.1487
INFO:meta-cli.py:Epoch 29/100	Loss 5.7836 ± 0.1457
INFO:meta-cli.py:Epoch 30/100	Loss 5.7754 ± 0.1456
INFO:meta-cli.py:Epoch 30/100	dev results	MRR 0.350040	H@1 0.259424	H@3 0.384089	H@5 0.447163	H@10 0.531651
INFO:meta-cli.py:Epoch 30/100	test results	MRR 0.343773	H@1 0.252663	H@3 0.378090	H@5 0.441855	H@10 0.524113
INFO:meta-cli.py:Epoch 31/100	Loss 5.7678 ± 0.1450
INFO:meta-cli.py:Epoch 32/100	Loss 5.7608 ± 0.1487
INFO:meta-cli.py:Epoch 33/100	Loss 5.7536 ± 0.1437
INFO:meta-cli.py:Epoch 33/100	dev results	MRR 0.349437	H@1 0.258369	H@3 0.383062	H@5 0.448047	H@10 0.532364
INFO:meta-cli.py:Epoch 33/100	test results	MRR 0.344469	H@1 0.253323	H@3 0.379434	H@5 0.441855	H@10 0.524895
INFO:meta-cli.py:Epoch 34/100	Loss 5.7470 ± 0.1408
INFO:meta-cli.py:Epoch 35/100	Loss 5.7410 ± 0.1429
INFO:meta-cli.py:Epoch 36/100	Loss 5.7347 ± 0.1443
INFO:meta-cli.py:Epoch 36/100	dev results	MRR 0.349213	H@1 0.258055	H@3 0.382863	H@5 0.446593	H@10 0.530796
INFO:meta-cli.py:Epoch 36/100	test results	MRR 0.344506	H@1 0.253811	H@3 0.378775	H@5 0.442563	H@10 0.524626
INFO:meta-cli.py:Epoch 37/100	Loss 5.7290 ± 0.1422
INFO:meta-cli.py:Epoch 38/100	Loss 5.7235 ± 0.1413
INFO:meta-cli.py:Epoch 39/100	Loss 5.7178 ± 0.1374
INFO:meta-cli.py:Epoch 39/100	dev results	MRR 0.349660	H@1 0.259196	H@3 0.382407	H@5 0.447049	H@10 0.531223
INFO:meta-cli.py:Epoch 39/100	test results	MRR 0.344419	H@1 0.253323	H@3 0.379825	H@5 0.442075	H@10 0.524431
INFO:meta-cli.py:Epoch 40/100	Loss 5.7128 ± 0.1372
INFO:meta-cli.py:Epoch 41/100	Loss 5.7076 ± 0.1371
INFO:meta-cli.py:Epoch 42/100	Loss 5.7026 ± 0.1380
INFO:meta-cli.py:Epoch 42/100	dev results	MRR 0.349458	H@1 0.258882	H@3 0.382635	H@5 0.446421	H@10 0.531737
INFO:meta-cli.py:Epoch 42/100	test results	MRR 0.343593	H@1 0.252003	H@3 0.379019	H@5 0.441586	H@10 0.524504
INFO:meta-cli.py:Epoch 43/100	Loss 5.6985 ± 0.1399
INFO:meta-cli.py:Epoch 44/100	Loss 5.6939 ± 0.1395
INFO:meta-cli.py:Epoch 45/100	Loss 5.6895 ± 0.1362
INFO:meta-cli.py:Epoch 45/100	dev results	MRR 0.349361	H@1 0.259281	H@3 0.381551	H@5 0.446992	H@10 0.531337
INFO:meta-cli.py:Epoch 45/100	test results	MRR 0.343267	H@1 0.252125	H@3 0.377577	H@5 0.442124	H@10 0.523942
INFO:meta-cli.py:Epoch 46/100	Loss 5.6853 ± 0.1337
INFO:meta-cli.py:Epoch 47/100	Loss 5.6812 ± 0.1314
INFO:meta-cli.py:Epoch 48/100	Loss 5.6774 ± 0.1356
INFO:meta-cli.py:Epoch 48/100	dev results	MRR 0.349249	H@1 0.258512	H@3 0.381494	H@5 0.446193	H@10 0.530368
INFO:meta-cli.py:Epoch 48/100	test results	MRR 0.343122	H@1 0.251710	H@3 0.378359	H@5 0.440878	H@10 0.524235
INFO:meta-cli.py:Epoch 49/100	Loss 5.6737 ± 0.1346
INFO:meta-cli.py:Epoch 50/100	Loss 5.6701 ± 0.1364
INFO:meta-cli.py:Epoch 51/100	Loss 5.6665 ± 0.1305
INFO:meta-cli.py:Epoch 51/100	dev results	MRR 0.349406	H@1 0.258825	H@3 0.382492	H@5 0.447049	H@10 0.530910
INFO:meta-cli.py:Epoch 51/100	test results	MRR 0.343309	H@1 0.252052	H@3 0.378384	H@5 0.441049	H@10 0.524846
INFO:meta-cli.py:Epoch 52/100	Loss 5.6630 ± 0.1308
INFO:meta-cli.py:Epoch 53/100	Loss 5.6597 ± 0.1299
INFO:meta-cli.py:Epoch 54/100	Loss 5.6562 ± 0.1328
INFO:meta-cli.py:Epoch 54/100	dev results	MRR 0.348486	H@1 0.257713	H@3 0.381523	H@5 0.445937	H@10 0.530853
INFO:meta-cli.py:Epoch 54/100	test results	MRR 0.343183	H@1 0.251783	H@3 0.378701	H@5 0.440755	H@10 0.523722
INFO:meta-cli.py:Epoch 55/100	Loss 5.6532 ± 0.1328
INFO:meta-cli.py:Epoch 56/100	Loss 5.6501 ± 0.1334
INFO:meta-cli.py:Epoch 57/100	Loss 5.6474 ± 0.1315
INFO:meta-cli.py:Epoch 57/100	dev results	MRR 0.348437	H@1 0.257856	H@3 0.381665	H@5 0.444882	H@10 0.530653
INFO:meta-cli.py:Epoch 57/100	test results	MRR 0.343052	H@1 0.252077	H@3 0.377406	H@5 0.440365	H@10 0.524260
INFO:meta-cli.py:Epoch 58/100	Loss 5.6441 ± 0.1315
INFO:meta-cli.py:Epoch 59/100	Loss 5.6414 ± 0.1300
INFO:meta-cli.py:Epoch 60/100	Loss 5.6386 ± 0.1281
INFO:meta-cli.py:Epoch 60/100	dev results	MRR 0.348495	H@1 0.257371	H@3 0.381580	H@5 0.446906	H@10 0.531309
INFO:meta-cli.py:Epoch 60/100	test results	MRR 0.342765	H@1 0.250806	H@3 0.378262	H@5 0.440804	H@10 0.524089
INFO:meta-cli.py:Epoch 61/100	Loss 5.6361 ± 0.1325
INFO:meta-cli.py:Epoch 62/100	Loss 5.6332 ± 0.1297
INFO:meta-cli.py:Epoch 63/100	Loss 5.6309 ± 0.1293
INFO:meta-cli.py:Epoch 63/100	dev results	MRR 0.348747	H@1 0.258226	H@3 0.380981	H@5 0.447220	H@10 0.530368
INFO:meta-cli.py:Epoch 63/100	test results	MRR 0.343830	H@1 0.252834	H@3 0.377577	H@5 0.441610	H@10 0.523502
INFO:meta-cli.py:Epoch 64/100	Loss 5.6284 ± 0.1260
INFO:meta-cli.py:Epoch 65/100	Loss 5.6258 ± 0.1288
INFO:meta-cli.py:Epoch 66/100	Loss 5.6233 ± 0.1225
INFO:meta-cli.py:Epoch 66/100	dev results	MRR 0.348439	H@1 0.258255	H@3 0.380610	H@5 0.445081	H@10 0.529855
INFO:meta-cli.py:Epoch 66/100	test results	MRR 0.342942	H@1 0.251710	H@3 0.377675	H@5 0.440707	H@10 0.523991
INFO:meta-cli.py:Epoch 67/100	Loss 5.6211 ± 0.1296
INFO:meta-cli.py:Epoch 68/100	Loss 5.6190 ± 0.1309
INFO:meta-cli.py:Epoch 69/100	Loss 5.6167 ± 0.1287
INFO:meta-cli.py:Epoch 69/100	dev results	MRR 0.348866	H@1 0.258797	H@3 0.380895	H@5 0.445480	H@10 0.530225
INFO:meta-cli.py:Epoch 69/100	test results	MRR 0.343110	H@1 0.252174	H@3 0.376991	H@5 0.440022	H@10 0.524357
INFO:meta-cli.py:Epoch 70/100	Loss 5.6144 ± 0.1295
INFO:meta-cli.py:Epoch 71/100	Loss 5.6126 ± 0.1300
INFO:meta-cli.py:Epoch 72/100	Loss 5.6102 ± 0.1278
INFO:meta-cli.py:Epoch 72/100	dev results	MRR 0.348209	H@1 0.257228	H@3 0.381009	H@5 0.446079	H@10 0.530539
INFO:meta-cli.py:Epoch 72/100	test results	MRR 0.342330	H@1 0.250928	H@3 0.376869	H@5 0.440780	H@10 0.523478
INFO:meta-cli.py:Epoch 73/100	Loss 5.6083 ± 0.1239
INFO:meta-cli.py:Epoch 74/100	Loss 5.6062 ± 0.1295
INFO:meta-cli.py:Epoch 75/100	Loss 5.6043 ± 0.1236
INFO:meta-cli.py:Epoch 75/100	dev results	MRR 0.348293	H@1 0.257713	H@3 0.380724	H@5 0.445994	H@10 0.530140
INFO:meta-cli.py:Epoch 75/100	test results	MRR 0.343118	H@1 0.252370	H@3 0.376747	H@5 0.441000	H@10 0.522769
INFO:meta-cli.py:Epoch 76/100	Loss 5.6025 ± 0.1246
INFO:meta-cli.py:Epoch 77/100	Loss 5.6005 ± 0.1228
INFO:meta-cli.py:Epoch 78/100	Loss 5.5988 ± 0.1283
INFO:meta-cli.py:Epoch 78/100	dev results	MRR 0.347619	H@1 0.257114	H@3 0.380011	H@5 0.444625	H@10 0.529741
INFO:meta-cli.py:Epoch 78/100	test results	MRR 0.342572	H@1 0.251735	H@3 0.377040	H@5 0.439778	H@10 0.522769
INFO:meta-cli.py:Epoch 79/100	Loss 5.5969 ± 0.1228
INFO:meta-cli.py:Epoch 80/100	Loss 5.5952 ± 0.1234
INFO:meta-cli.py:Epoch 81/100	Loss 5.5935 ± 0.1298
INFO:meta-cli.py:Epoch 81/100	dev results	MRR 0.348152	H@1 0.257742	H@3 0.380468	H@5 0.445366	H@10 0.530254
INFO:meta-cli.py:Epoch 81/100	test results	MRR 0.342721	H@1 0.251954	H@3 0.377333	H@5 0.440560	H@10 0.522134
INFO:meta-cli.py:Epoch 82/100	Loss 5.5918 ± 0.1285
INFO:meta-cli.py:Epoch 83/100	Loss 5.5902 ± 0.1232
INFO:meta-cli.py:Epoch 84/100	Loss 5.5884 ± 0.1206
INFO:meta-cli.py:Epoch 84/100	dev results	MRR 0.347695	H@1 0.256687	H@3 0.380610	H@5 0.445138	H@10 0.530425
INFO:meta-cli.py:Epoch 84/100	test results	MRR 0.342824	H@1 0.252125	H@3 0.377235	H@5 0.440633	H@10 0.522452
INFO:meta-cli.py:Epoch 85/100	Loss 5.5869 ± 0.1214
INFO:meta-cli.py:Epoch 86/100	Loss 5.5854 ± 0.1212
INFO:meta-cli.py:Epoch 87/100	Loss 5.5837 ± 0.1221
INFO:meta-cli.py:Epoch 87/100	dev results	MRR 0.348015	H@1 0.257485	H@3 0.380125	H@5 0.444682	H@10 0.529598
INFO:meta-cli.py:Epoch 87/100	test results	MRR 0.342717	H@1 0.251686	H@3 0.377309	H@5 0.440487	H@10 0.522867
INFO:meta-cli.py:Epoch 88/100	Loss 5.5823 ± 0.1240
INFO:meta-cli.py:Epoch 89/100	Loss 5.5807 ± 0.1226
INFO:meta-cli.py:Epoch 90/100	Loss 5.5793 ± 0.1231
INFO:meta-cli.py:Epoch 90/100	dev results	MRR 0.347427	H@1 0.256858	H@3 0.380667	H@5 0.444568	H@10 0.528942
INFO:meta-cli.py:Epoch 90/100	test results	MRR 0.342138	H@1 0.251295	H@3 0.376038	H@5 0.440145	H@10 0.521914
INFO:meta-cli.py:Epoch 91/100	Loss 5.5780 ± 0.1196
INFO:meta-cli.py:Epoch 92/100	Loss 5.5763 ± 0.1239
INFO:meta-cli.py:Epoch 93/100	Loss 5.5749 ± 0.1183
INFO:meta-cli.py:Epoch 93/100	dev results	MRR 0.346977	H@1 0.256173	H@3 0.380582	H@5 0.445395	H@10 0.530026
INFO:meta-cli.py:Epoch 93/100	test results	MRR 0.341798	H@1 0.250635	H@3 0.375941	H@5 0.440267	H@10 0.521866
INFO:meta-cli.py:Epoch 94/100	Loss 5.5737 ± 0.1230
INFO:meta-cli.py:Epoch 95/100	Loss 5.5723 ± 0.1207
INFO:meta-cli.py:Epoch 96/100	Loss 5.5709 ± 0.1197
INFO:meta-cli.py:Epoch 96/100	dev results	MRR 0.347735	H@1 0.257342	H@3 0.380297	H@5 0.445537	H@10 0.530054
INFO:meta-cli.py:Epoch 96/100	test results	MRR 0.341877	H@1 0.251197	H@3 0.376112	H@5 0.440218	H@10 0.522427
INFO:meta-cli.py:Epoch 97/100	Loss 5.5696 ± 0.1206
INFO:meta-cli.py:Epoch 98/100	Loss 5.5684 ± 0.1154
INFO:meta-cli.py:Epoch 99/100	Loss 5.5671 ± 0.1234
INFO:meta-cli.py:Epoch 99/100	dev results	MRR 0.347045	H@1 0.256544	H@3 0.379270	H@5 0.443741	H@10 0.530225
INFO:meta-cli.py:Epoch 99/100	test results	MRR 0.342092	H@1 0.251686	H@3 0.375061	H@5 0.439021	H@10 0.522012
INFO:meta-cli.py:Epoch 100/100	Loss 5.5658 ± 0.1235
INFO:meta-cli.py:Final 	dev results	MRR 0.347438	H@1 0.257029	H@3 0.380411	H@5 0.445195	H@10 0.530054
INFO:meta-cli.py:Final 	test results	MRR 0.342203	H@1 0.251661	H@3 0.375647	H@5 0.440633	H@10 0.522281
INFO:meta-cli.py:Training finished
