./bin/meta-cli.py --train data/fb15k-237/train.tsv --dev data/fb15k-237/dev.tsv --test data/fb15k-237/test.tsv -m complex -k 2000 -b 100 -e 100 --F2 0 --N3 0.005 -l 0.1 -I standard -V 3 -o adagrad -q
{'F2': 0.0,
 'N3': 0.005,
 'batch_size': 100,
 'dev': 'data/fb15k-237/dev.tsv',
 'embedding_size': 2000,
 'epochs': 100,
 'eval_batch_size': None,
 'input_type': 'standard',
 'learning_rate': 0.1,
 'load': None,
 'model': 'complex',
 'optimizer': 'adagrad',
 'quiet': True,
 'save': None,
 'seed': 0,
 'test': 'data/fb15k-237/test.tsv',
 'test_i': None,
 'test_ii': None,
 'train': 'data/fb15k-237/train.tsv',
 'validate_every': 3}
INFO:meta-cli.py:Device: cuda
INFO:meta-cli.py:Model state:
INFO:meta-cli.py:	entities.weight	torch.Size([14541, 4000])
INFO:meta-cli.py:	predicates.weight	torch.Size([237, 4000])
INFO:meta-cli.py:Epoch 1/100	Loss 12.4231 ± 1.8638
INFO:meta-cli.py:Epoch 2/100	Loss 8.5181 ± 0.2783
INFO:meta-cli.py:Epoch 3/100	Loss 7.6350 ± 0.3259
INFO:meta-cli.py:Epoch 3/100	dev results	MRR 0.328608	H@1 0.240804	H@3 0.359937	H@5 0.421072	H@10 0.505418
INFO:meta-cli.py:Epoch 3/100	test results	MRR 0.321626	H@1 0.233167	H@3 0.351950	H@5 0.416398	H@10 0.501173
INFO:meta-cli.py:Epoch 4/100	Loss 7.2804 ± 0.3407
INFO:meta-cli.py:Epoch 5/100	Loss 7.0758 ± 0.3461
INFO:meta-cli.py:Epoch 6/100	Loss 6.9367 ± 0.3341
INFO:meta-cli.py:Epoch 6/100	dev results	MRR 0.340543	H@1 0.249159	H@3 0.372997	H@5 0.437639	H@10 0.524237
INFO:meta-cli.py:Epoch 6/100	test results	MRR 0.335644	H@1 0.243526	H@3 0.370224	H@5 0.434110	H@10 0.521010
INFO:meta-cli.py:Epoch 7/100	Loss 6.8342 ± 0.3306
INFO:meta-cli.py:Epoch 8/100	Loss 6.7541 ± 0.3286
INFO:meta-cli.py:Epoch 9/100	Loss 6.6891 ± 0.3234
INFO:meta-cli.py:Epoch 9/100	dev results	MRR 0.345780	H@1 0.255175	H@3 0.378129	H@5 0.443228	H@10 0.529855
INFO:meta-cli.py:Epoch 9/100	test results	MRR 0.340858	H@1 0.249634	H@3 0.373913	H@5 0.439558	H@10 0.523429
INFO:meta-cli.py:Epoch 10/100	Loss 6.6347 ± 0.3195
INFO:meta-cli.py:Epoch 11/100	Loss 6.5877 ± 0.3232
INFO:meta-cli.py:Epoch 12/100	Loss 6.5481 ± 0.3204
INFO:meta-cli.py:Epoch 12/100	dev results	MRR 0.348520	H@1 0.257713	H@3 0.382948	H@5 0.444140	H@10 0.531366
INFO:meta-cli.py:Epoch 12/100	test results	MRR 0.344085	H@1 0.252761	H@3 0.378726	H@5 0.441122	H@10 0.526019
INFO:meta-cli.py:Epoch 13/100	Loss 6.5124 ± 0.3086
INFO:meta-cli.py:Epoch 14/100	Loss 6.4818 ± 0.3124
INFO:meta-cli.py:Epoch 15/100	Loss 6.4528 ± 0.3051
INFO:meta-cli.py:Epoch 15/100	dev results	MRR 0.350684	H@1 0.259624	H@3 0.382777	H@5 0.447819	H@10 0.534930
INFO:meta-cli.py:Epoch 15/100	test results	MRR 0.344849	H@1 0.253176	H@3 0.378872	H@5 0.443687	H@10 0.527631
INFO:meta-cli.py:Epoch 16/100	Loss 6.4278 ± 0.3043
INFO:meta-cli.py:Epoch 17/100	Loss 6.4049 ± 0.3058
INFO:meta-cli.py:Epoch 18/100	Loss 6.3834 ± 0.3038
INFO:meta-cli.py:Epoch 18/100	dev results	MRR 0.352526	H@1 0.261420	H@3 0.385401	H@5 0.450014	H@10 0.537040
INFO:meta-cli.py:Epoch 18/100	test results	MRR 0.346635	H@1 0.255863	H@3 0.379972	H@5 0.445300	H@10 0.529390
INFO:meta-cli.py:Epoch 19/100	Loss 6.3638 ± 0.2936
INFO:meta-cli.py:Epoch 20/100	Loss 6.3463 ± 0.2939
INFO:meta-cli.py:Epoch 21/100	Loss 6.3294 ± 0.2845
INFO:meta-cli.py:Epoch 21/100	dev results	MRR 0.352603	H@1 0.261192	H@3 0.386627	H@5 0.450556	H@10 0.535643
INFO:meta-cli.py:Epoch 21/100	test results	MRR 0.347860	H@1 0.257036	H@3 0.383099	H@5 0.446521	H@10 0.529708
INFO:meta-cli.py:Epoch 22/100	Loss 6.3144 ± 0.2913
INFO:meta-cli.py:Epoch 23/100	Loss 6.2991 ± 0.2902
INFO:meta-cli.py:Epoch 24/100	Loss 6.2858 ± 0.2877
INFO:meta-cli.py:Epoch 24/100	dev results	MRR 0.354490	H@1 0.263730	H@3 0.387283	H@5 0.450727	H@10 0.537924
INFO:meta-cli.py:Epoch 24/100	test results	MRR 0.348804	H@1 0.257720	H@3 0.383123	H@5 0.447498	H@10 0.531100
INFO:meta-cli.py:Epoch 25/100	Loss 6.2725 ± 0.2870
INFO:meta-cli.py:Epoch 26/100	Loss 6.2604 ± 0.2813
INFO:meta-cli.py:Epoch 27/100	Loss 6.2492 ± 0.2846
INFO:meta-cli.py:Epoch 27/100	dev results	MRR 0.354129	H@1 0.262304	H@3 0.387710	H@5 0.453179	H@10 0.539321
INFO:meta-cli.py:Epoch 27/100	test results	MRR 0.349452	H@1 0.258160	H@3 0.384369	H@5 0.447401	H@10 0.532786
INFO:meta-cli.py:Epoch 28/100	Loss 6.2386 ± 0.2793
INFO:meta-cli.py:Epoch 29/100	Loss 6.2282 ± 0.2751
INFO:meta-cli.py:Epoch 30/100	Loss 6.2185 ± 0.2813
INFO:meta-cli.py:Epoch 30/100	dev results	MRR 0.354266	H@1 0.262817	H@3 0.388623	H@5 0.452438	H@10 0.539521
INFO:meta-cli.py:Epoch 30/100	test results	MRR 0.349445	H@1 0.257989	H@3 0.384809	H@5 0.448891	H@10 0.532762
INFO:meta-cli.py:Epoch 31/100	Loss 6.2093 ± 0.2777
INFO:meta-cli.py:Epoch 32/100	Loss 6.2004 ± 0.2774
INFO:meta-cli.py:Epoch 33/100	Loss 6.1916 ± 0.2700
INFO:meta-cli.py:Epoch 33/100	dev results	MRR 0.355736	H@1 0.265241	H@3 0.388708	H@5 0.452752	H@10 0.538865
INFO:meta-cli.py:Epoch 33/100	test results	MRR 0.349928	H@1 0.258209	H@3 0.384956	H@5 0.449404	H@10 0.532517
INFO:meta-cli.py:Epoch 34/100	Loss 6.1836 ± 0.2719
INFO:meta-cli.py:Epoch 35/100	Loss 6.1759 ± 0.2778
INFO:meta-cli.py:Epoch 36/100	Loss 6.1683 ± 0.2684
INFO:meta-cli.py:Epoch 36/100	dev results	MRR 0.355178	H@1 0.264129	H@3 0.388338	H@5 0.453350	H@10 0.539008
INFO:meta-cli.py:Epoch 36/100	test results	MRR 0.349871	H@1 0.257793	H@3 0.386079	H@5 0.449331	H@10 0.532811
INFO:meta-cli.py:Epoch 37/100	Loss 6.1615 ± 0.2669
INFO:meta-cli.py:Epoch 38/100	Loss 6.1544 ± 0.2741
INFO:meta-cli.py:Epoch 39/100	Loss 6.1477 ± 0.2701
INFO:meta-cli.py:Epoch 39/100	dev results	MRR 0.356036	H@1 0.265469	H@3 0.388651	H@5 0.453807	H@10 0.539179
INFO:meta-cli.py:Epoch 39/100	test results	MRR 0.350405	H@1 0.258746	H@3 0.385249	H@5 0.449648	H@10 0.533617
INFO:meta-cli.py:Epoch 40/100	Loss 6.1410 ± 0.2696
INFO:meta-cli.py:Epoch 41/100	Loss 6.1352 ± 0.2649
INFO:meta-cli.py:Epoch 42/100	Loss 6.1289 ± 0.2662
INFO:meta-cli.py:Epoch 42/100	dev results	MRR 0.356704	H@1 0.265982	H@3 0.389507	H@5 0.454976	H@10 0.539492
INFO:meta-cli.py:Epoch 42/100	test results	MRR 0.351183	H@1 0.260163	H@3 0.385395	H@5 0.449599	H@10 0.533690
INFO:meta-cli.py:Epoch 43/100	Loss 6.1233 ± 0.2667
INFO:meta-cli.py:Epoch 44/100	Loss 6.1177 ± 0.2662
INFO:meta-cli.py:Epoch 45/100	Loss 6.1127 ± 0.2685
INFO:meta-cli.py:Epoch 45/100	dev results	MRR 0.355511	H@1 0.263986	H@3 0.388309	H@5 0.455118	H@10 0.540291
INFO:meta-cli.py:Epoch 45/100	test results	MRR 0.350570	H@1 0.259064	H@3 0.385371	H@5 0.450283	H@10 0.532835
INFO:meta-cli.py:Epoch 46/100	Loss 6.1068 ± 0.2679
INFO:meta-cli.py:Epoch 47/100	Loss 6.1020 ± 0.2615
INFO:meta-cli.py:Epoch 48/100	Loss 6.0972 ± 0.2655
INFO:meta-cli.py:Epoch 48/100	dev results	MRR 0.356110	H@1 0.264756	H@3 0.390048	H@5 0.454520	H@10 0.540177
INFO:meta-cli.py:Epoch 48/100	test results	MRR 0.350590	H@1 0.258600	H@3 0.386690	H@5 0.449746	H@10 0.533055
INFO:meta-cli.py:Epoch 49/100	Loss 6.0922 ± 0.2632
INFO:meta-cli.py:Epoch 50/100	Loss 6.0878 ± 0.2609
INFO:meta-cli.py:Epoch 51/100	Loss 6.0830 ± 0.2591
INFO:meta-cli.py:Epoch 51/100	dev results	MRR 0.357220	H@1 0.266467	H@3 0.389820	H@5 0.454748	H@10 0.539949
INFO:meta-cli.py:Epoch 51/100	test results	MRR 0.351347	H@1 0.259846	H@3 0.386812	H@5 0.449697	H@10 0.533592
INFO:meta-cli.py:Epoch 52/100	Loss 6.0790 ± 0.2652
INFO:meta-cli.py:Epoch 53/100	Loss 6.0745 ± 0.2639
INFO:meta-cli.py:Epoch 54/100	Loss 6.0703 ± 0.2692
INFO:meta-cli.py:Epoch 54/100	dev results	MRR 0.357305	H@1 0.266239	H@3 0.390790	H@5 0.455746	H@10 0.539949
INFO:meta-cli.py:Epoch 54/100	test results	MRR 0.351049	H@1 0.259504	H@3 0.387008	H@5 0.449355	H@10 0.533226
INFO:meta-cli.py:Epoch 55/100	Loss 6.0661 ± 0.2549
INFO:meta-cli.py:Epoch 56/100	Loss 6.0626 ± 0.2605
INFO:meta-cli.py:Epoch 57/100	Loss 6.0592 ± 0.2584
INFO:meta-cli.py:Epoch 57/100	dev results	MRR 0.356600	H@1 0.265469	H@3 0.389450	H@5 0.455175	H@10 0.541175
INFO:meta-cli.py:Epoch 57/100	test results	MRR 0.351756	H@1 0.260945	H@3 0.386592	H@5 0.449819	H@10 0.533861
INFO:meta-cli.py:Epoch 58/100	Loss 6.0550 ± 0.2595
INFO:meta-cli.py:Epoch 59/100	Loss 6.0513 ± 0.2536
INFO:meta-cli.py:Epoch 60/100	Loss 6.0482 ± 0.2585
INFO:meta-cli.py:Epoch 60/100	dev results	MRR 0.357498	H@1 0.266923	H@3 0.389507	H@5 0.454577	H@10 0.540433
INFO:meta-cli.py:Epoch 60/100	test results	MRR 0.351332	H@1 0.259919	H@3 0.386495	H@5 0.450186	H@10 0.533543
INFO:meta-cli.py:Epoch 61/100	Loss 6.0441 ± 0.2547
INFO:meta-cli.py:Epoch 62/100	Loss 6.0411 ± 0.2575
INFO:meta-cli.py:Epoch 63/100	Loss 6.0377 ± 0.2525
INFO:meta-cli.py:Epoch 63/100	dev results	MRR 0.356407	H@1 0.264642	H@3 0.390248	H@5 0.455717	H@10 0.541175
INFO:meta-cli.py:Epoch 63/100	test results	MRR 0.351336	H@1 0.259552	H@3 0.385884	H@5 0.451016	H@10 0.533861
INFO:meta-cli.py:Epoch 64/100	Loss 6.0345 ± 0.2582
INFO:meta-cli.py:Epoch 65/100	Loss 6.0315 ± 0.2543
INFO:meta-cli.py:Epoch 66/100	Loss 6.0286 ± 0.2509
INFO:meta-cli.py:Epoch 66/100	dev results	MRR 0.356595	H@1 0.265298	H@3 0.390647	H@5 0.455461	H@10 0.540890
INFO:meta-cli.py:Epoch 66/100	test results	MRR 0.352134	H@1 0.261092	H@3 0.386592	H@5 0.450625	H@10 0.533617
INFO:meta-cli.py:Epoch 67/100	Loss 6.0252 ± 0.2538
INFO:meta-cli.py:Epoch 68/100	Loss 6.0222 ± 0.2582
INFO:meta-cli.py:Epoch 69/100	Loss 6.0192 ± 0.2566
INFO:meta-cli.py:Epoch 69/100	dev results	MRR 0.357105	H@1 0.265697	H@3 0.390818	H@5 0.455518	H@10 0.541346
INFO:meta-cli.py:Epoch 69/100	test results	MRR 0.351320	H@1 0.259821	H@3 0.386421	H@5 0.450699	H@10 0.532982
INFO:meta-cli.py:Epoch 70/100	Loss 6.0164 ± 0.2540
INFO:meta-cli.py:Epoch 71/100	Loss 6.0136 ± 0.2536
INFO:meta-cli.py:Epoch 72/100	Loss 6.0108 ± 0.2515
INFO:meta-cli.py:Epoch 72/100	dev results	MRR 0.357527	H@1 0.266524	H@3 0.390619	H@5 0.455774	H@10 0.540776
INFO:meta-cli.py:Epoch 72/100	test results	MRR 0.352058	H@1 0.260945	H@3 0.386763	H@5 0.449673	H@10 0.533739
INFO:meta-cli.py:Epoch 73/100	Loss 6.0086 ± 0.2541
INFO:meta-cli.py:Epoch 74/100	Loss 6.0055 ± 0.2567
INFO:meta-cli.py:Epoch 75/100	Loss 6.0033 ± 0.2582
INFO:meta-cli.py:Epoch 75/100	dev results	MRR 0.357654	H@1 0.266695	H@3 0.391474	H@5 0.455432	H@10 0.541403
INFO:meta-cli.py:Epoch 75/100	test results	MRR 0.351999	H@1 0.260652	H@3 0.386861	H@5 0.450430	H@10 0.534618
INFO:meta-cli.py:Epoch 76/100	Loss 6.0004 ± 0.2557
INFO:meta-cli.py:Epoch 77/100	Loss 5.9983 ± 0.2516
INFO:meta-cli.py:Epoch 78/100	Loss 5.9956 ± 0.2519
INFO:meta-cli.py:Epoch 78/100	dev results	MRR 0.357280	H@1 0.266153	H@3 0.391189	H@5 0.455603	H@10 0.541089
INFO:meta-cli.py:Epoch 78/100	test results	MRR 0.351610	H@1 0.260163	H@3 0.386568	H@5 0.449819	H@10 0.534227
INFO:meta-cli.py:Epoch 79/100	Loss 5.9934 ± 0.2509
INFO:meta-cli.py:Epoch 80/100	Loss 5.9914 ± 0.2499
INFO:meta-cli.py:Epoch 81/100	Loss 5.9890 ± 0.2484
INFO:meta-cli.py:Epoch 81/100	dev results	MRR 0.357590	H@1 0.266724	H@3 0.389963	H@5 0.455346	H@10 0.540376
INFO:meta-cli.py:Epoch 81/100	test results	MRR 0.352214	H@1 0.261238	H@3 0.387154	H@5 0.449966	H@10 0.534423
INFO:meta-cli.py:Epoch 82/100	Loss 5.9864 ± 0.2509
INFO:meta-cli.py:Epoch 83/100	Loss 5.9841 ± 0.2497
INFO:meta-cli.py:Epoch 84/100	Loss 5.9822 ± 0.2483
INFO:meta-cli.py:Epoch 84/100	dev results	MRR 0.357165	H@1 0.265954	H@3 0.390989	H@5 0.456116	H@10 0.541232
INFO:meta-cli.py:Epoch 84/100	test results	MRR 0.351644	H@1 0.260236	H@3 0.387252	H@5 0.450137	H@10 0.533959
INFO:meta-cli.py:Epoch 85/100	Loss 5.9800 ± 0.2495
INFO:meta-cli.py:Epoch 86/100	Loss 5.9781 ± 0.2462
INFO:meta-cli.py:Epoch 87/100	Loss 5.9761 ± 0.2466
INFO:meta-cli.py:Epoch 87/100	dev results	MRR 0.357827	H@1 0.267208	H@3 0.389450	H@5 0.456401	H@10 0.542059
INFO:meta-cli.py:Epoch 87/100	test results	MRR 0.351738	H@1 0.260163	H@3 0.387399	H@5 0.450064	H@10 0.534716
INFO:meta-cli.py:Epoch 88/100	Loss 5.9739 ± 0.2484
INFO:meta-cli.py:Epoch 89/100	Loss 5.9718 ± 0.2487
INFO:meta-cli.py:Epoch 90/100	Loss 5.9699 ± 0.2455
INFO:meta-cli.py:Epoch 90/100	dev results	MRR 0.357384	H@1 0.266239	H@3 0.390818	H@5 0.456287	H@10 0.541631
INFO:meta-cli.py:Epoch 90/100	test results	MRR 0.351820	H@1 0.260188	H@3 0.387008	H@5 0.451261	H@10 0.534545
INFO:meta-cli.py:Epoch 91/100	Loss 5.9679 ± 0.2468
INFO:meta-cli.py:Epoch 92/100	Loss 5.9658 ± 0.2460
INFO:meta-cli.py:Epoch 93/100	Loss 5.9641 ± 0.2506
INFO:meta-cli.py:Epoch 93/100	dev results	MRR 0.357405	H@1 0.266752	H@3 0.390305	H@5 0.455974	H@10 0.541745
INFO:meta-cli.py:Epoch 93/100	test results	MRR 0.351907	H@1 0.260603	H@3 0.386592	H@5 0.450894	H@10 0.534789
INFO:meta-cli.py:Epoch 94/100	Loss 5.9622 ± 0.2415
INFO:meta-cli.py:Epoch 95/100	Loss 5.9602 ± 0.2462
INFO:meta-cli.py:Epoch 96/100	Loss 5.9586 ± 0.2494
INFO:meta-cli.py:Epoch 96/100	dev results	MRR 0.357763	H@1 0.266952	H@3 0.390733	H@5 0.456145	H@10 0.542287
INFO:meta-cli.py:Epoch 96/100	test results	MRR 0.351866	H@1 0.260408	H@3 0.386666	H@5 0.451334	H@10 0.534276
INFO:meta-cli.py:Epoch 97/100	Loss 5.9567 ± 0.2468
INFO:meta-cli.py:Epoch 98/100	Loss 5.9551 ± 0.2426
INFO:meta-cli.py:Epoch 99/100	Loss 5.9536 ± 0.2434
INFO:meta-cli.py:Epoch 99/100	dev results	MRR 0.357211	H@1 0.266039	H@3 0.389963	H@5 0.455888	H@10 0.542772
INFO:meta-cli.py:Epoch 99/100	test results	MRR 0.351975	H@1 0.260579	H@3 0.386788	H@5 0.450748	H@10 0.535229
INFO:meta-cli.py:Epoch 100/100	Loss 5.9519 ± 0.2424
INFO:meta-cli.py:Final 	dev results	MRR 0.357498	H@1 0.266324	H@3 0.390790	H@5 0.456516	H@10 0.542258
INFO:meta-cli.py:Final 	test results	MRR 0.351691	H@1 0.259919	H@3 0.386592	H@5 0.450748	H@10 0.534399
INFO:meta-cli.py:Training finished
