./bin/meta-cli.py --train data/fb15k-237/train.tsv --dev data/fb15k-237/dev.tsv --test data/fb15k-237/test.tsv -m complex -k 500 -b 500 -e 100 --F2 0 --N3 0.005 -l 0.1 -I reciprocal -V 3 -o adagrad -q
{'F2': 0.0,
 'N3': 0.005,
 'batch_size': 500,
 'dev': 'data/fb15k-237/dev.tsv',
 'embedding_size': 500,
 'epochs': 100,
 'eval_batch_size': None,
 'input_type': 'reciprocal',
 'learning_rate': 0.1,
 'load': None,
 'model': 'complex',
 'optimizer': 'adagrad',
 'quiet': True,
 'save': None,
 'seed': 0,
 'test': 'data/fb15k-237/test.tsv',
 'test_i': None,
 'test_ii': None,
 'train': 'data/fb15k-237/train.tsv',
 'validate_every': 3}
INFO:meta-cli.py:Device: cuda
INFO:meta-cli.py:Model state:
INFO:meta-cli.py:	entities.weight	torch.Size([14541, 1000])
INFO:meta-cli.py:	predicates.weight	torch.Size([474, 1000])
INFO:meta-cli.py:Epoch 1/100	Loss 10.4420 ± 2.1551
INFO:meta-cli.py:Epoch 2/100	Loss 7.1981 ± 0.1245
INFO:meta-cli.py:Epoch 3/100	Loss 6.7678 ± 0.1686
INFO:meta-cli.py:Epoch 3/100	dev results	MRR 0.325977	H@1 0.238266	H@3 0.357029	H@5 0.418078	H@10 0.504277
INFO:meta-cli.py:Epoch 3/100	test results	MRR 0.321512	H@1 0.232898	H@3 0.354735	H@5 0.412684	H@10 0.497117
INFO:meta-cli.py:Epoch 4/100	Loss 6.5813 ± 0.1696
INFO:meta-cli.py:Epoch 5/100	Loss 6.4703 ± 0.1694
INFO:meta-cli.py:Epoch 6/100	Loss 6.3925 ± 0.1714
INFO:meta-cli.py:Epoch 6/100	dev results	MRR 0.331651	H@1 0.241717	H@3 0.365412	H@5 0.427174	H@10 0.509894
INFO:meta-cli.py:Epoch 6/100	test results	MRR 0.327230	H@1 0.237809	H@3 0.359743	H@5 0.420624	H@10 0.504984
INFO:meta-cli.py:Epoch 7/100	Loss 6.3359 ± 0.1697
INFO:meta-cli.py:Epoch 8/100	Loss 6.2899 ± 0.1700
INFO:meta-cli.py:Epoch 9/100	Loss 6.2534 ± 0.1685
INFO:meta-cli.py:Epoch 9/100	dev results	MRR 0.335747	H@1 0.245937	H@3 0.367836	H@5 0.430168	H@10 0.516738
INFO:meta-cli.py:Epoch 9/100	test results	MRR 0.330281	H@1 0.240619	H@3 0.362479	H@5 0.425511	H@10 0.509552
INFO:meta-cli.py:Epoch 10/100	Loss 6.2225 ± 0.1627
INFO:meta-cli.py:Epoch 11/100	Loss 6.1959 ± 0.1570
INFO:meta-cli.py:Epoch 12/100	Loss 6.1736 ± 0.1587
INFO:meta-cli.py:Epoch 12/100	dev results	MRR 0.339099	H@1 0.249843	H@3 0.371742	H@5 0.433875	H@10 0.518477
INFO:meta-cli.py:Epoch 12/100	test results	MRR 0.333270	H@1 0.244063	H@3 0.366632	H@5 0.427514	H@10 0.511092
INFO:meta-cli.py:Epoch 13/100	Loss 6.1538 ± 0.1600
INFO:meta-cli.py:Epoch 14/100	Loss 6.1360 ± 0.1590
INFO:meta-cli.py:Epoch 15/100	Loss 6.1200 ± 0.1486
INFO:meta-cli.py:Epoch 15/100	dev results	MRR 0.340260	H@1 0.251297	H@3 0.373225	H@5 0.433847	H@10 0.518335
INFO:meta-cli.py:Epoch 15/100	test results	MRR 0.334826	H@1 0.245334	H@3 0.367976	H@5 0.429884	H@10 0.512338
INFO:meta-cli.py:Epoch 16/100	Loss 6.1058 ± 0.1520
INFO:meta-cli.py:Epoch 17/100	Loss 6.0928 ± 0.1492
INFO:meta-cli.py:Epoch 18/100	Loss 6.0806 ± 0.1421
INFO:meta-cli.py:Epoch 18/100	dev results	MRR 0.342500	H@1 0.253265	H@3 0.375506	H@5 0.436641	H@10 0.519390
INFO:meta-cli.py:Epoch 18/100	test results	MRR 0.335952	H@1 0.246433	H@3 0.369589	H@5 0.431056	H@10 0.513877
INFO:meta-cli.py:Epoch 19/100	Loss 6.0698 ± 0.1448
INFO:meta-cli.py:Epoch 20/100	Loss 6.0593 ± 0.1425
INFO:meta-cli.py:Epoch 21/100	Loss 6.0500 ± 0.1397
INFO:meta-cli.py:Epoch 21/100	dev results	MRR 0.342823	H@1 0.253693	H@3 0.376105	H@5 0.436670	H@10 0.520217
INFO:meta-cli.py:Epoch 21/100	test results	MRR 0.336938	H@1 0.247215	H@3 0.370786	H@5 0.431374	H@10 0.515098
INFO:meta-cli.py:Epoch 22/100	Loss 6.0407 ± 0.1455
INFO:meta-cli.py:Epoch 23/100	Loss 6.0330 ± 0.1418
INFO:meta-cli.py:Epoch 24/100	Loss 6.0251 ± 0.1421
INFO:meta-cli.py:Epoch 24/100	dev results	MRR 0.342765	H@1 0.253493	H@3 0.376305	H@5 0.437268	H@10 0.521642
INFO:meta-cli.py:Epoch 24/100	test results	MRR 0.336690	H@1 0.246677	H@3 0.369491	H@5 0.432425	H@10 0.516051
INFO:meta-cli.py:Epoch 25/100	Loss 6.0179 ± 0.1405
INFO:meta-cli.py:Epoch 26/100	Loss 6.0109 ± 0.1414
INFO:meta-cli.py:Epoch 27/100	Loss 6.0042 ± 0.1422
INFO:meta-cli.py:Epoch 27/100	dev results	MRR 0.344161	H@1 0.254890	H@3 0.377787	H@5 0.438723	H@10 0.521928
INFO:meta-cli.py:Epoch 27/100	test results	MRR 0.337824	H@1 0.248143	H@3 0.370981	H@5 0.432205	H@10 0.516075
INFO:meta-cli.py:Epoch 28/100	Loss 5.9982 ± 0.1401
INFO:meta-cli.py:Epoch 29/100	Loss 5.9924 ± 0.1371
INFO:meta-cli.py:Epoch 30/100	Loss 5.9866 ± 0.1376
INFO:meta-cli.py:Epoch 30/100	dev results	MRR 0.343897	H@1 0.254691	H@3 0.377787	H@5 0.439721	H@10 0.522327
INFO:meta-cli.py:Epoch 30/100	test results	MRR 0.337839	H@1 0.248241	H@3 0.370493	H@5 0.432327	H@10 0.516637
INFO:meta-cli.py:Epoch 31/100	Loss 5.9813 ± 0.1370
INFO:meta-cli.py:Epoch 32/100	Loss 5.9764 ± 0.1407
INFO:meta-cli.py:Epoch 33/100	Loss 5.9714 ± 0.1360
INFO:meta-cli.py:Epoch 33/100	dev results	MRR 0.345014	H@1 0.256173	H@3 0.377531	H@5 0.438181	H@10 0.523553
INFO:meta-cli.py:Epoch 33/100	test results	MRR 0.339074	H@1 0.249609	H@3 0.372423	H@5 0.433475	H@10 0.517712
INFO:meta-cli.py:Epoch 34/100	Loss 5.9668 ± 0.1326
INFO:meta-cli.py:Epoch 35/100	Loss 5.9626 ± 0.1358
INFO:meta-cli.py:Epoch 36/100	Loss 5.9581 ± 0.1368
INFO:meta-cli.py:Epoch 36/100	dev results	MRR 0.344739	H@1 0.256287	H@3 0.376989	H@5 0.439521	H@10 0.523182
INFO:meta-cli.py:Epoch 36/100	test results	MRR 0.338366	H@1 0.248656	H@3 0.372154	H@5 0.432962	H@10 0.517199
INFO:meta-cli.py:Epoch 37/100	Loss 5.9540 ± 0.1349
INFO:meta-cli.py:Epoch 38/100	Loss 5.9502 ± 0.1343
INFO:meta-cli.py:Epoch 39/100	Loss 5.9461 ± 0.1306
INFO:meta-cli.py:Epoch 39/100	dev results	MRR 0.344607	H@1 0.254947	H@3 0.378586	H@5 0.440519	H@10 0.522042
INFO:meta-cli.py:Epoch 39/100	test results	MRR 0.338438	H@1 0.248461	H@3 0.372862	H@5 0.433280	H@10 0.517346
INFO:meta-cli.py:Epoch 40/100	Loss 5.9426 ± 0.1304
INFO:meta-cli.py:Epoch 41/100	Loss 5.9389 ± 0.1307
INFO:meta-cli.py:Epoch 42/100	Loss 5.9353 ± 0.1313
INFO:meta-cli.py:Epoch 42/100	dev results	MRR 0.345452	H@1 0.256202	H@3 0.378301	H@5 0.440120	H@10 0.523838
INFO:meta-cli.py:Epoch 42/100	test results	MRR 0.339085	H@1 0.249120	H@3 0.372545	H@5 0.434648	H@10 0.518396
INFO:meta-cli.py:Epoch 43/100	Loss 5.9324 ± 0.1335
INFO:meta-cli.py:Epoch 44/100	Loss 5.9291 ± 0.1331
INFO:meta-cli.py:Epoch 45/100	Loss 5.9259 ± 0.1299
INFO:meta-cli.py:Epoch 45/100	dev results	MRR 0.344601	H@1 0.255546	H@3 0.377844	H@5 0.439065	H@10 0.522897
INFO:meta-cli.py:Epoch 45/100	test results	MRR 0.338662	H@1 0.249145	H@3 0.371079	H@5 0.433793	H@10 0.517688
INFO:meta-cli.py:Epoch 46/100	Loss 5.9229 ± 0.1272
INFO:meta-cli.py:Epoch 47/100	Loss 5.9199 ± 0.1251
INFO:meta-cli.py:Epoch 48/100	Loss 5.9171 ± 0.1294
INFO:meta-cli.py:Epoch 48/100	dev results	MRR 0.345342	H@1 0.256658	H@3 0.378072	H@5 0.440205	H@10 0.524950
INFO:meta-cli.py:Epoch 48/100	test results	MRR 0.339204	H@1 0.249560	H@3 0.372471	H@5 0.434184	H@10 0.518885
INFO:meta-cli.py:Epoch 49/100	Loss 5.9145 ± 0.1284
INFO:meta-cli.py:Epoch 50/100	Loss 5.9119 ± 0.1304
INFO:meta-cli.py:Epoch 51/100	Loss 5.9092 ± 0.1247
INFO:meta-cli.py:Epoch 51/100	dev results	MRR 0.345653	H@1 0.256401	H@3 0.378985	H@5 0.440605	H@10 0.524237
INFO:meta-cli.py:Epoch 51/100	test results	MRR 0.339146	H@1 0.249292	H@3 0.372545	H@5 0.434086	H@10 0.518958
INFO:meta-cli.py:Epoch 52/100	Loss 5.9066 ± 0.1253
INFO:meta-cli.py:Epoch 53/100	Loss 5.9043 ± 0.1242
INFO:meta-cli.py:Epoch 54/100	Loss 5.9017 ± 0.1269
INFO:meta-cli.py:Epoch 54/100	dev results	MRR 0.345717	H@1 0.256230	H@3 0.378358	H@5 0.441346	H@10 0.523924
INFO:meta-cli.py:Epoch 54/100	test results	MRR 0.338759	H@1 0.248754	H@3 0.372056	H@5 0.435063	H@10 0.519422
INFO:meta-cli.py:Epoch 55/100	Loss 5.8994 ± 0.1274
INFO:meta-cli.py:Epoch 56/100	Loss 5.8971 ± 0.1280
INFO:meta-cli.py:Epoch 57/100	Loss 5.8951 ± 0.1264
INFO:meta-cli.py:Epoch 57/100	dev results	MRR 0.345158	H@1 0.255803	H@3 0.378728	H@5 0.440234	H@10 0.524294
INFO:meta-cli.py:Epoch 57/100	test results	MRR 0.339545	H@1 0.249853	H@3 0.372667	H@5 0.434599	H@10 0.518714
INFO:meta-cli.py:Epoch 58/100	Loss 5.8927 ± 0.1259
INFO:meta-cli.py:Epoch 59/100	Loss 5.8907 ± 0.1250
INFO:meta-cli.py:Epoch 60/100	Loss 5.8886 ± 0.1231
INFO:meta-cli.py:Epoch 60/100	dev results	MRR 0.345718	H@1 0.256516	H@3 0.378129	H@5 0.441802	H@10 0.524836
INFO:meta-cli.py:Epoch 60/100	test results	MRR 0.340063	H@1 0.250513	H@3 0.372960	H@5 0.435087	H@10 0.518885
INFO:meta-cli.py:Epoch 61/100	Loss 5.8867 ± 0.1274
INFO:meta-cli.py:Epoch 62/100	Loss 5.8846 ± 0.1245
INFO:meta-cli.py:Epoch 63/100	Loss 5.8828 ± 0.1243
INFO:meta-cli.py:Epoch 63/100	dev results	MRR 0.346028	H@1 0.256972	H@3 0.378757	H@5 0.441631	H@10 0.524579
INFO:meta-cli.py:Epoch 63/100	test results	MRR 0.340391	H@1 0.250855	H@3 0.373620	H@5 0.435894	H@10 0.519496
INFO:meta-cli.py:Epoch 64/100	Loss 5.8809 ± 0.1211
INFO:meta-cli.py:Epoch 65/100	Loss 5.8790 ± 0.1240
INFO:meta-cli.py:Epoch 66/100	Loss 5.8771 ± 0.1180
INFO:meta-cli.py:Epoch 66/100	dev results	MRR 0.346091	H@1 0.256801	H@3 0.379527	H@5 0.441603	H@10 0.524722
INFO:meta-cli.py:Epoch 66/100	test results	MRR 0.339893	H@1 0.249976	H@3 0.373009	H@5 0.435698	H@10 0.519593
INFO:meta-cli.py:Epoch 67/100	Loss 5.8754 ± 0.1249
INFO:meta-cli.py:Epoch 68/100	Loss 5.8739 ± 0.1262
INFO:meta-cli.py:Epoch 69/100	Loss 5.8721 ± 0.1242
INFO:meta-cli.py:Epoch 69/100	dev results	MRR 0.346662	H@1 0.257884	H@3 0.378785	H@5 0.441175	H@10 0.525349
INFO:meta-cli.py:Epoch 69/100	test results	MRR 0.340360	H@1 0.250806	H@3 0.373766	H@5 0.436065	H@10 0.519374
INFO:meta-cli.py:Epoch 70/100	Loss 5.8704 ± 0.1252
INFO:meta-cli.py:Epoch 71/100	Loss 5.8690 ± 0.1253
INFO:meta-cli.py:Epoch 72/100	Loss 5.8671 ± 0.1234
INFO:meta-cli.py:Epoch 72/100	dev results	MRR 0.345381	H@1 0.255546	H@3 0.378842	H@5 0.441802	H@10 0.525634
INFO:meta-cli.py:Epoch 72/100	test results	MRR 0.339571	H@1 0.249780	H@3 0.372642	H@5 0.435869	H@10 0.519300
INFO:meta-cli.py:Epoch 73/100	Loss 5.8656 ± 0.1196
INFO:meta-cli.py:Epoch 74/100	Loss 5.8640 ± 0.1247
INFO:meta-cli.py:Epoch 75/100	Loss 5.8626 ± 0.1194
INFO:meta-cli.py:Epoch 75/100	dev results	MRR 0.346005	H@1 0.256487	H@3 0.379783	H@5 0.442658	H@10 0.525463
INFO:meta-cli.py:Epoch 75/100	test results	MRR 0.340511	H@1 0.250928	H@3 0.373229	H@5 0.436480	H@10 0.519887
INFO:meta-cli.py:Epoch 76/100	Loss 5.8612 ± 0.1202
INFO:meta-cli.py:Epoch 77/100	Loss 5.8597 ± 0.1187
INFO:meta-cli.py:Epoch 78/100	Loss 5.8584 ± 0.1241
INFO:meta-cli.py:Epoch 78/100	dev results	MRR 0.346005	H@1 0.256687	H@3 0.379470	H@5 0.441631	H@10 0.525150
INFO:meta-cli.py:Epoch 78/100	test results	MRR 0.340307	H@1 0.250904	H@3 0.372667	H@5 0.435503	H@10 0.518616
INFO:meta-cli.py:Epoch 79/100	Loss 5.8568 ± 0.1186
INFO:meta-cli.py:Epoch 80/100	Loss 5.8555 ± 0.1195
INFO:meta-cli.py:Epoch 81/100	Loss 5.8543 ± 0.1256
INFO:meta-cli.py:Epoch 81/100	dev results	MRR 0.346909	H@1 0.257856	H@3 0.380011	H@5 0.441603	H@10 0.524808
INFO:meta-cli.py:Epoch 81/100	test results	MRR 0.340070	H@1 0.250269	H@3 0.373669	H@5 0.436407	H@10 0.520082
INFO:meta-cli.py:Epoch 82/100	Loss 5.8529 ± 0.1243
INFO:meta-cli.py:Epoch 83/100	Loss 5.8517 ± 0.1190
INFO:meta-cli.py:Epoch 84/100	Loss 5.8503 ± 0.1168
INFO:meta-cli.py:Epoch 84/100	dev results	MRR 0.346560	H@1 0.257371	H@3 0.379527	H@5 0.442486	H@10 0.524979
INFO:meta-cli.py:Epoch 84/100	test results	MRR 0.340208	H@1 0.250049	H@3 0.373766	H@5 0.436016	H@10 0.519887
INFO:meta-cli.py:Epoch 85/100	Loss 5.8491 ± 0.1175
INFO:meta-cli.py:Epoch 86/100	Loss 5.8480 ± 0.1174
INFO:meta-cli.py:Epoch 87/100	Loss 5.8466 ± 0.1182
INFO:meta-cli.py:Epoch 87/100	dev results	MRR 0.346136	H@1 0.256601	H@3 0.380068	H@5 0.441545	H@10 0.524922
INFO:meta-cli.py:Epoch 87/100	test results	MRR 0.341129	H@1 0.251710	H@3 0.372984	H@5 0.436138	H@10 0.520131
INFO:meta-cli.py:Epoch 88/100	Loss 5.8455 ± 0.1205
INFO:meta-cli.py:Epoch 89/100	Loss 5.8442 ± 0.1189
INFO:meta-cli.py:Epoch 90/100	Loss 5.8432 ± 0.1194
INFO:meta-cli.py:Epoch 90/100	dev results	MRR 0.346458	H@1 0.257086	H@3 0.379897	H@5 0.441973	H@10 0.525321
INFO:meta-cli.py:Epoch 90/100	test results	MRR 0.340186	H@1 0.250024	H@3 0.373644	H@5 0.435991	H@10 0.519642
INFO:meta-cli.py:Epoch 91/100	Loss 5.8421 ± 0.1161
INFO:meta-cli.py:Epoch 92/100	Loss 5.8408 ± 0.1202
INFO:meta-cli.py:Epoch 93/100	Loss 5.8396 ± 0.1147
INFO:meta-cli.py:Epoch 93/100	dev results	MRR 0.346618	H@1 0.257428	H@3 0.379612	H@5 0.442315	H@10 0.525178
INFO:meta-cli.py:Epoch 93/100	test results	MRR 0.340305	H@1 0.250660	H@3 0.373082	H@5 0.437017	H@10 0.519618
INFO:meta-cli.py:Epoch 94/100	Loss 5.8387 ± 0.1193
INFO:meta-cli.py:Epoch 95/100	Loss 5.8376 ± 0.1172
INFO:meta-cli.py:Epoch 96/100	Loss 5.8365 ± 0.1162
INFO:meta-cli.py:Epoch 96/100	dev results	MRR 0.347095	H@1 0.258027	H@3 0.380125	H@5 0.441973	H@10 0.525007
INFO:meta-cli.py:Epoch 96/100	test results	MRR 0.340984	H@1 0.251417	H@3 0.373155	H@5 0.436944	H@10 0.519105
INFO:meta-cli.py:Epoch 97/100	Loss 5.8354 ± 0.1169
INFO:meta-cli.py:Epoch 98/100	Loss 5.8345 ± 0.1123
INFO:meta-cli.py:Epoch 99/100	Loss 5.8335 ± 0.1200
INFO:meta-cli.py:Epoch 99/100	dev results	MRR 0.346748	H@1 0.257342	H@3 0.379641	H@5 0.441688	H@10 0.525606
INFO:meta-cli.py:Epoch 99/100	test results	MRR 0.340390	H@1 0.250366	H@3 0.373840	H@5 0.436260	H@10 0.519691
INFO:meta-cli.py:Epoch 100/100	Loss 5.8324 ± 0.1203
INFO:meta-cli.py:Final 	dev results	MRR 0.346812	H@1 0.257656	H@3 0.379441	H@5 0.442658	H@10 0.526034
INFO:meta-cli.py:Final 	test results	MRR 0.340287	H@1 0.249976	H@3 0.374108	H@5 0.437237	H@10 0.519471
INFO:meta-cli.py:Training finished
