./bin/meta-cli.py --train data/fb15k-237/train.tsv --dev data/fb15k-237/dev.tsv --test data/fb15k-237/test.tsv -m complex -k 500 -b 100 -e 100 --F2 0 --N3 0.1 -l 0.1 -I standard -V 3 -o adagrad -q
{'F2': 0.0,
 'N3': 0.1,
 'batch_size': 100,
 'dev': 'data/fb15k-237/dev.tsv',
 'embedding_size': 500,
 'epochs': 100,
 'eval_batch_size': None,
 'input_type': 'standard',
 'learning_rate': 0.1,
 'load': None,
 'model': 'complex',
 'optimizer': 'adagrad',
 'quiet': True,
 'save': None,
 'seed': 0,
 'test': 'data/fb15k-237/test.tsv',
 'test_i': None,
 'test_ii': None,
 'train': 'data/fb15k-237/train.tsv',
 'validate_every': 3}
INFO:meta-cli.py:Device: cuda
INFO:meta-cli.py:Model state:
INFO:meta-cli.py:	entities.weight	torch.Size([14541, 1000])
INFO:meta-cli.py:	predicates.weight	torch.Size([237, 1000])
INFO:meta-cli.py:Epoch 1/100	Loss 17.8419 ± 2.6435
INFO:meta-cli.py:Epoch 2/100	Loss 13.9189 ± 0.3665
INFO:meta-cli.py:Epoch 3/100	Loss 12.9735 ± 0.2516
INFO:meta-cli.py:Epoch 3/100	dev results	MRR 0.331690	H@1 0.242800	H@3 0.365098	H@5 0.425292	H@10 0.507927
INFO:meta-cli.py:Epoch 3/100	test results	MRR 0.326993	H@1 0.237565	H@3 0.359743	H@5 0.421699	H@10 0.506841
INFO:meta-cli.py:Epoch 4/100	Loss 12.5368 ± 0.2500
INFO:meta-cli.py:Epoch 5/100	Loss 12.2836 ± 0.2459
INFO:meta-cli.py:Epoch 6/100	Loss 12.1160 ± 0.2453
INFO:meta-cli.py:Epoch 6/100	dev results	MRR 0.347636	H@1 0.256316	H@3 0.382007	H@5 0.445737	H@10 0.531508
INFO:meta-cli.py:Epoch 6/100	test results	MRR 0.342873	H@1 0.251099	H@3 0.375892	H@5 0.442368	H@10 0.528975
INFO:meta-cli.py:Epoch 7/100	Loss 11.9975 ± 0.2394
INFO:meta-cli.py:Epoch 8/100	Loss 11.9086 ± 0.2378
INFO:meta-cli.py:Epoch 9/100	Loss 11.8393 ± 0.2447
INFO:meta-cli.py:Epoch 9/100	dev results	MRR 0.351207	H@1 0.259538	H@3 0.384089	H@5 0.450185	H@10 0.537839
INFO:meta-cli.py:Epoch 9/100	test results	MRR 0.346764	H@1 0.253738	H@3 0.381828	H@5 0.446961	H@10 0.533739
INFO:meta-cli.py:Epoch 10/100	Loss 11.7833 ± 0.2412
INFO:meta-cli.py:Epoch 11/100	Loss 11.7367 ± 0.2454
INFO:meta-cli.py:Epoch 12/100	Loss 11.6978 ± 0.2384
INFO:meta-cli.py:Epoch 12/100	dev results	MRR 0.353719	H@1 0.260422	H@3 0.389450	H@5 0.454092	H@10 0.541175
INFO:meta-cli.py:Epoch 12/100	test results	MRR 0.348681	H@1 0.255155	H@3 0.382977	H@5 0.451700	H@10 0.538136
INFO:meta-cli.py:Epoch 13/100	Loss 11.6648 ± 0.2354
INFO:meta-cli.py:Epoch 14/100	Loss 11.6361 ± 0.2356
INFO:meta-cli.py:Epoch 15/100	Loss 11.6105 ± 0.2353
INFO:meta-cli.py:Epoch 15/100	dev results	MRR 0.356842	H@1 0.263273	H@3 0.392700	H@5 0.459167	H@10 0.544283
INFO:meta-cli.py:Epoch 15/100	test results	MRR 0.351297	H@1 0.257134	H@3 0.387008	H@5 0.453704	H@10 0.540335
INFO:meta-cli.py:Epoch 16/100	Loss 11.5886 ± 0.2410
INFO:meta-cli.py:Epoch 17/100	Loss 11.5689 ± 0.2324
INFO:meta-cli.py:Epoch 18/100	Loss 11.5507 ± 0.2313
INFO:meta-cli.py:Epoch 18/100	dev results	MRR 0.357953	H@1 0.264813	H@3 0.393442	H@5 0.458626	H@10 0.546507
INFO:meta-cli.py:Epoch 18/100	test results	MRR 0.352263	H@1 0.259308	H@3 0.385444	H@5 0.454168	H@10 0.541337
INFO:meta-cli.py:Epoch 19/100	Loss 11.5344 ± 0.2313
INFO:meta-cli.py:Epoch 20/100	Loss 11.5201 ± 0.2300
INFO:meta-cli.py:Epoch 21/100	Loss 11.5065 ± 0.2279
INFO:meta-cli.py:Epoch 21/100	dev results	MRR 0.358154	H@1 0.264214	H@3 0.393841	H@5 0.459766	H@10 0.545908
INFO:meta-cli.py:Epoch 21/100	test results	MRR 0.353112	H@1 0.259357	H@3 0.388205	H@5 0.455463	H@10 0.541654
INFO:meta-cli.py:Epoch 22/100	Loss 11.4942 ± 0.2325
INFO:meta-cli.py:Epoch 23/100	Loss 11.4825 ± 0.2284
INFO:meta-cli.py:Epoch 24/100	Loss 11.4721 ± 0.2268
INFO:meta-cli.py:Epoch 24/100	dev results	MRR 0.359152	H@1 0.265754	H@3 0.394497	H@5 0.461306	H@10 0.545851
INFO:meta-cli.py:Epoch 24/100	test results	MRR 0.354755	H@1 0.261238	H@3 0.390037	H@5 0.456611	H@10 0.543511
INFO:meta-cli.py:Epoch 25/100	Loss 11.4617 ± 0.2282
INFO:meta-cli.py:Epoch 26/100	Loss 11.4525 ± 0.2182
INFO:meta-cli.py:Epoch 27/100	Loss 11.4442 ± 0.2262
INFO:meta-cli.py:Epoch 27/100	dev results	MRR 0.360718	H@1 0.266952	H@3 0.396835	H@5 0.462646	H@10 0.547904
INFO:meta-cli.py:Epoch 27/100	test results	MRR 0.355786	H@1 0.262435	H@3 0.389646	H@5 0.459103	H@10 0.544635
INFO:meta-cli.py:Epoch 28/100	Loss 11.4362 ± 0.2242
INFO:meta-cli.py:Epoch 29/100	Loss 11.4285 ± 0.2247
INFO:meta-cli.py:Epoch 30/100	Loss 11.4213 ± 0.2245
INFO:meta-cli.py:Epoch 30/100	dev results	MRR 0.361187	H@1 0.267864	H@3 0.397149	H@5 0.461933	H@10 0.548389
INFO:meta-cli.py:Epoch 30/100	test results	MRR 0.356559	H@1 0.262899	H@3 0.392382	H@5 0.458981	H@10 0.544635
INFO:meta-cli.py:Epoch 31/100	Loss 11.4143 ± 0.2201
INFO:meta-cli.py:Epoch 32/100	Loss 11.4079 ± 0.2212
INFO:meta-cli.py:Epoch 33/100	Loss 11.4017 ± 0.2173
INFO:meta-cli.py:Epoch 33/100	dev results	MRR 0.361384	H@1 0.267294	H@3 0.398660	H@5 0.462931	H@10 0.548503
INFO:meta-cli.py:Epoch 33/100	test results	MRR 0.356409	H@1 0.262728	H@3 0.390868	H@5 0.457710	H@10 0.545637
INFO:meta-cli.py:Epoch 34/100	Loss 11.3960 ± 0.2199
INFO:meta-cli.py:Epoch 35/100	Loss 11.3903 ± 0.2209
INFO:meta-cli.py:Epoch 36/100	Loss 11.3847 ± 0.2170
INFO:meta-cli.py:Epoch 36/100	dev results	MRR 0.360760	H@1 0.266496	H@3 0.397462	H@5 0.463530	H@10 0.548902
INFO:meta-cli.py:Epoch 36/100	test results	MRR 0.356324	H@1 0.262802	H@3 0.390648	H@5 0.459982	H@10 0.544806
INFO:meta-cli.py:Epoch 37/100	Loss 11.3798 ± 0.2213
INFO:meta-cli.py:Epoch 38/100	Loss 11.3748 ± 0.2180
INFO:meta-cli.py:Epoch 39/100	Loss 11.3701 ± 0.2213
INFO:meta-cli.py:Epoch 39/100	dev results	MRR 0.361939	H@1 0.268064	H@3 0.399800	H@5 0.463758	H@10 0.549558
INFO:meta-cli.py:Epoch 39/100	test results	MRR 0.357039	H@1 0.263046	H@3 0.393091	H@5 0.460666	H@10 0.544782
INFO:meta-cli.py:Epoch 40/100	Loss 11.3655 ± 0.2180
INFO:meta-cli.py:Epoch 41/100	Loss 11.3613 ± 0.2180
INFO:meta-cli.py:Epoch 42/100	Loss 11.3573 ± 0.2145
INFO:meta-cli.py:Epoch 42/100	dev results	MRR 0.362329	H@1 0.269005	H@3 0.398147	H@5 0.462589	H@10 0.550299
INFO:meta-cli.py:Epoch 42/100	test results	MRR 0.356975	H@1 0.263437	H@3 0.392114	H@5 0.460300	H@10 0.546467
INFO:meta-cli.py:Epoch 43/100	Loss 11.3532 ± 0.2163
INFO:meta-cli.py:Epoch 44/100	Loss 11.3492 ± 0.2196
INFO:meta-cli.py:Epoch 45/100	Loss 11.3460 ± 0.2202
INFO:meta-cli.py:Epoch 45/100	dev results	MRR 0.362553	H@1 0.268406	H@3 0.398916	H@5 0.465212	H@10 0.550898
INFO:meta-cli.py:Epoch 45/100	test results	MRR 0.357209	H@1 0.262875	H@3 0.392480	H@5 0.461204	H@10 0.546907
INFO:meta-cli.py:Epoch 46/100	Loss 11.3419 ± 0.2166
INFO:meta-cli.py:Epoch 47/100	Loss 11.3385 ± 0.2156
INFO:meta-cli.py:Epoch 48/100	Loss 11.3353 ± 0.2183
INFO:meta-cli.py:Epoch 48/100	dev results	MRR 0.362669	H@1 0.268606	H@3 0.398660	H@5 0.464186	H@10 0.551640
INFO:meta-cli.py:Epoch 48/100	test results	MRR 0.358137	H@1 0.264756	H@3 0.393164	H@5 0.461839	H@10 0.546980
INFO:meta-cli.py:Epoch 49/100	Loss 11.3319 ± 0.2195
INFO:meta-cli.py:Epoch 50/100	Loss 11.3289 ± 0.2185
INFO:meta-cli.py:Epoch 51/100	Loss 11.3255 ± 0.2173
INFO:meta-cli.py:Epoch 51/100	dev results	MRR 0.362544	H@1 0.268263	H@3 0.400143	H@5 0.464842	H@10 0.550870
INFO:meta-cli.py:Epoch 51/100	test results	MRR 0.358070	H@1 0.264756	H@3 0.392700	H@5 0.460960	H@10 0.547347
INFO:meta-cli.py:Epoch 52/100	Loss 11.3231 ± 0.2162
INFO:meta-cli.py:Epoch 53/100	Loss 11.3200 ± 0.2215
INFO:meta-cli.py:Epoch 54/100	Loss 11.3172 ± 0.2181
INFO:meta-cli.py:Epoch 54/100	dev results	MRR 0.363169	H@1 0.269461	H@3 0.400200	H@5 0.464614	H@10 0.550100
INFO:meta-cli.py:Epoch 54/100	test results	MRR 0.357580	H@1 0.263779	H@3 0.393555	H@5 0.460813	H@10 0.546980
INFO:meta-cli.py:Epoch 55/100	Loss 11.3142 ± 0.2130
INFO:meta-cli.py:Epoch 56/100	Loss 11.3121 ± 0.2124
INFO:meta-cli.py:Epoch 57/100	Loss 11.3095 ± 0.2160
INFO:meta-cli.py:Epoch 57/100	dev results	MRR 0.363285	H@1 0.269575	H@3 0.400599	H@5 0.464471	H@10 0.552096
INFO:meta-cli.py:Epoch 57/100	test results	MRR 0.358218	H@1 0.264610	H@3 0.393653	H@5 0.460520	H@10 0.547591
INFO:meta-cli.py:Epoch 58/100	Loss 11.3068 ± 0.2147
INFO:meta-cli.py:Epoch 59/100	Loss 11.3044 ± 0.2132
INFO:meta-cli.py:Epoch 60/100	Loss 11.3020 ± 0.2197
INFO:meta-cli.py:Epoch 60/100	dev results	MRR 0.363395	H@1 0.269889	H@3 0.400086	H@5 0.465726	H@10 0.551297
INFO:meta-cli.py:Epoch 60/100	test results	MRR 0.358129	H@1 0.264610	H@3 0.393726	H@5 0.461522	H@10 0.547640
INFO:meta-cli.py:Epoch 61/100	Loss 11.2994 ± 0.2112
INFO:meta-cli.py:Epoch 62/100	Loss 11.2975 ± 0.2168
INFO:meta-cli.py:Epoch 63/100	Loss 11.2951 ± 0.2139
INFO:meta-cli.py:Epoch 63/100	dev results	MRR 0.363657	H@1 0.269917	H@3 0.400941	H@5 0.465498	H@10 0.551554
INFO:meta-cli.py:Epoch 63/100	test results	MRR 0.358269	H@1 0.264365	H@3 0.393873	H@5 0.461253	H@10 0.548568
INFO:meta-cli.py:Epoch 64/100	Loss 11.2931 ± 0.2134
INFO:meta-cli.py:Epoch 65/100	Loss 11.2910 ± 0.2183
INFO:meta-cli.py:Epoch 66/100	Loss 11.2892 ± 0.2150
INFO:meta-cli.py:Epoch 66/100	dev results	MRR 0.363130	H@1 0.269204	H@3 0.400029	H@5 0.465840	H@10 0.551668
INFO:meta-cli.py:Epoch 66/100	test results	MRR 0.358354	H@1 0.264952	H@3 0.393799	H@5 0.461057	H@10 0.547689
INFO:meta-cli.py:Epoch 67/100	Loss 11.2868 ± 0.2165
INFO:meta-cli.py:Epoch 68/100	Loss 11.2850 ± 0.2157
INFO:meta-cli.py:Epoch 69/100	Loss 11.2827 ± 0.2158
INFO:meta-cli.py:Epoch 69/100	dev results	MRR 0.364188	H@1 0.270630	H@3 0.401340	H@5 0.467094	H@10 0.551126
INFO:meta-cli.py:Epoch 69/100	test results	MRR 0.358732	H@1 0.265049	H@3 0.394557	H@5 0.461448	H@10 0.547958
INFO:meta-cli.py:Epoch 70/100	Loss 11.2810 ± 0.2136
INFO:meta-cli.py:Epoch 71/100	Loss 11.2790 ± 0.2110
INFO:meta-cli.py:Epoch 72/100	Loss 11.2774 ± 0.2123
INFO:meta-cli.py:Epoch 72/100	dev results	MRR 0.364263	H@1 0.270915	H@3 0.400342	H@5 0.465526	H@10 0.551611
INFO:meta-cli.py:Epoch 72/100	test results	MRR 0.358944	H@1 0.265611	H@3 0.393995	H@5 0.461570	H@10 0.548837
INFO:meta-cli.py:Epoch 73/100	Loss 11.2759 ± 0.2081
INFO:meta-cli.py:Epoch 74/100	Loss 11.2742 ± 0.2192
INFO:meta-cli.py:Epoch 75/100	Loss 11.2725 ± 0.2151
INFO:meta-cli.py:Epoch 75/100	dev results	MRR 0.364847	H@1 0.271742	H@3 0.402139	H@5 0.465498	H@10 0.551583
INFO:meta-cli.py:Epoch 75/100	test results	MRR 0.359059	H@1 0.265538	H@3 0.395583	H@5 0.459665	H@10 0.548055
INFO:meta-cli.py:Epoch 76/100	Loss 11.2707 ± 0.2189
INFO:meta-cli.py:Epoch 77/100	Loss 11.2690 ± 0.2113
INFO:meta-cli.py:Epoch 78/100	Loss 11.2674 ± 0.2143
INFO:meta-cli.py:Epoch 78/100	dev results	MRR 0.363787	H@1 0.270488	H@3 0.400000	H@5 0.465555	H@10 0.550898
INFO:meta-cli.py:Epoch 78/100	test results	MRR 0.359086	H@1 0.266051	H@3 0.394777	H@5 0.460984	H@10 0.547542
INFO:meta-cli.py:Epoch 79/100	Loss 11.2660 ± 0.2125
INFO:meta-cli.py:Epoch 80/100	Loss 11.2647 ± 0.2113
INFO:meta-cli.py:Epoch 81/100	Loss 11.2632 ± 0.2112
INFO:meta-cli.py:Epoch 81/100	dev results	MRR 0.364181	H@1 0.270830	H@3 0.400570	H@5 0.466382	H@10 0.552894
INFO:meta-cli.py:Epoch 81/100	test results	MRR 0.358590	H@1 0.265000	H@3 0.394484	H@5 0.461570	H@10 0.549228
INFO:meta-cli.py:Epoch 82/100	Loss 11.2613 ± 0.2156
INFO:meta-cli.py:Epoch 83/100	Loss 11.2599 ± 0.2103
INFO:meta-cli.py:Epoch 84/100	Loss 11.2585 ± 0.2133
INFO:meta-cli.py:Epoch 84/100	dev results	MRR 0.364338	H@1 0.270573	H@3 0.401141	H@5 0.465098	H@10 0.552552
INFO:meta-cli.py:Epoch 84/100	test results	MRR 0.359640	H@1 0.266393	H@3 0.395681	H@5 0.461082	H@10 0.548495
INFO:meta-cli.py:Epoch 85/100	Loss 11.2573 ± 0.2132
INFO:meta-cli.py:Epoch 86/100	Loss 11.2559 ± 0.2066
INFO:meta-cli.py:Epoch 87/100	Loss 11.2546 ± 0.2084
INFO:meta-cli.py:Epoch 87/100	dev results	MRR 0.364751	H@1 0.271315	H@3 0.401483	H@5 0.465669	H@10 0.552809
INFO:meta-cli.py:Epoch 87/100	test results	MRR 0.358708	H@1 0.264707	H@3 0.394874	H@5 0.461693	H@10 0.548813
INFO:meta-cli.py:Epoch 88/100	Loss 11.2531 ± 0.2116
INFO:meta-cli.py:Epoch 89/100	Loss 11.2516 ± 0.2147
INFO:meta-cli.py:Epoch 90/100	Loss 11.2506 ± 0.2109
INFO:meta-cli.py:Epoch 90/100	dev results	MRR 0.364431	H@1 0.270830	H@3 0.400485	H@5 0.466838	H@10 0.553065
INFO:meta-cli.py:Epoch 90/100	test results	MRR 0.359578	H@1 0.266075	H@3 0.394386	H@5 0.462914	H@10 0.549912
INFO:meta-cli.py:Epoch 91/100	Loss 11.2493 ± 0.2122
INFO:meta-cli.py:Epoch 92/100	Loss 11.2481 ± 0.2101
INFO:meta-cli.py:Epoch 93/100	Loss 11.2469 ± 0.2158
INFO:meta-cli.py:Epoch 93/100	dev results	MRR 0.364715	H@1 0.271429	H@3 0.401112	H@5 0.466553	H@10 0.551982
INFO:meta-cli.py:Epoch 93/100	test results	MRR 0.360001	H@1 0.266515	H@3 0.395827	H@5 0.462890	H@10 0.549888
INFO:meta-cli.py:Epoch 94/100	Loss 11.2457 ± 0.2172
INFO:meta-cli.py:Epoch 95/100	Loss 11.2443 ± 0.2090
INFO:meta-cli.py:Epoch 96/100	Loss 11.2432 ± 0.2125
INFO:meta-cli.py:Epoch 96/100	dev results	MRR 0.364849	H@1 0.271514	H@3 0.401198	H@5 0.466182	H@10 0.552552
INFO:meta-cli.py:Epoch 96/100	test results	MRR 0.359332	H@1 0.265514	H@3 0.395681	H@5 0.461766	H@10 0.548910
INFO:meta-cli.py:Epoch 97/100	Loss 11.2419 ± 0.2164
INFO:meta-cli.py:Epoch 98/100	Loss 11.2410 ± 0.2113
INFO:meta-cli.py:Epoch 99/100	Loss 11.2401 ± 0.2135
INFO:meta-cli.py:Epoch 99/100	dev results	MRR 0.364421	H@1 0.270488	H@3 0.402053	H@5 0.465612	H@10 0.553179
INFO:meta-cli.py:Epoch 99/100	test results	MRR 0.359211	H@1 0.265294	H@3 0.395363	H@5 0.460740	H@10 0.549423
INFO:meta-cli.py:Epoch 100/100	Loss 11.2388 ± 0.2060
INFO:meta-cli.py:Final 	dev results	MRR 0.364933	H@1 0.271828	H@3 0.402053	H@5 0.466610	H@10 0.552409
INFO:meta-cli.py:Final 	test results	MRR 0.359544	H@1 0.266002	H@3 0.395803	H@5 0.462059	H@10 0.548837
INFO:meta-cli.py:Training finished
