./bin/meta-cli.py --train data/fb15k-237/train.tsv --dev data/fb15k-237/dev.tsv --test data/fb15k-237/test.tsv -m complex -k 1000 -b 100 -e 100 --F2 0.01 --N3 0 -l 0.1 -I standard -V 3 -o adagrad -q
{'F2': 0.01,
 'N3': 0.0,
 'batch_size': 100,
 'dev': 'data/fb15k-237/dev.tsv',
 'embedding_size': 1000,
 'epochs': 100,
 'eval_batch_size': None,
 'input_type': 'standard',
 'learning_rate': 0.1,
 'load': None,
 'model': 'complex',
 'optimizer': 'adagrad',
 'quiet': True,
 'save': None,
 'seed': 0,
 'test': 'data/fb15k-237/test.tsv',
 'test_i': None,
 'test_ii': None,
 'train': 'data/fb15k-237/train.tsv',
 'validate_every': 3}
INFO:meta-cli.py:Device: cuda
INFO:meta-cli.py:Model state:
INFO:meta-cli.py:	entities.weight	torch.Size([14541, 2000])
INFO:meta-cli.py:	predicates.weight	torch.Size([237, 2000])
INFO:meta-cli.py:Epoch 1/100	Loss 13.2251 ± 1.7943
INFO:meta-cli.py:Epoch 2/100	Loss 9.7644 ± 0.2553
INFO:meta-cli.py:Epoch 3/100	Loss 8.8436 ± 0.2747
INFO:meta-cli.py:Epoch 3/100	dev results	MRR 0.330272	H@1 0.241916	H@3 0.361933	H@5 0.423924	H@10 0.507243
INFO:meta-cli.py:Epoch 3/100	test results	MRR 0.322948	H@1 0.233680	H@3 0.355248	H@5 0.418694	H@10 0.502590
INFO:meta-cli.py:Epoch 4/100	Loss 8.4421 ± 0.2869
INFO:meta-cli.py:Epoch 5/100	Loss 8.2045 ± 0.2876
INFO:meta-cli.py:Epoch 6/100	Loss 8.0403 ± 0.2724
INFO:meta-cli.py:Epoch 6/100	dev results	MRR 0.337331	H@1 0.246963	H@3 0.370174	H@5 0.434445	H@10 0.519732
INFO:meta-cli.py:Epoch 6/100	test results	MRR 0.331993	H@1 0.240399	H@3 0.365997	H@5 0.430128	H@10 0.513437
INFO:meta-cli.py:Epoch 7/100	Loss 7.9181 ± 0.2710
INFO:meta-cli.py:Epoch 8/100	Loss 7.8217 ± 0.2690
INFO:meta-cli.py:Epoch 9/100	Loss 7.7432 ± 0.2652
INFO:meta-cli.py:Epoch 9/100	dev results	MRR 0.338477	H@1 0.248560	H@3 0.369176	H@5 0.433904	H@10 0.520816
INFO:meta-cli.py:Epoch 9/100	test results	MRR 0.332211	H@1 0.240057	H@3 0.367292	H@5 0.429444	H@10 0.513535
INFO:meta-cli.py:Epoch 10/100	Loss 7.6771 ± 0.2622
INFO:meta-cli.py:Epoch 11/100	Loss 7.6206 ± 0.2659
INFO:meta-cli.py:Epoch 12/100	Loss 7.5722 ± 0.2610
INFO:meta-cli.py:Epoch 12/100	dev results	MRR 0.338293	H@1 0.248817	H@3 0.370573	H@5 0.432792	H@10 0.520245
INFO:meta-cli.py:Epoch 12/100	test results	MRR 0.331963	H@1 0.240692	H@3 0.365924	H@5 0.429004	H@10 0.514145
INFO:meta-cli.py:Epoch 13/100	Loss 7.5290 ± 0.2521
INFO:meta-cli.py:Epoch 14/100	Loss 7.4911 ± 0.2568
INFO:meta-cli.py:Epoch 15/100	Loss 7.4565 ± 0.2496
INFO:meta-cli.py:Epoch 15/100	dev results	MRR 0.338493	H@1 0.249701	H@3 0.370317	H@5 0.432763	H@10 0.519276
INFO:meta-cli.py:Epoch 15/100	test results	MRR 0.331549	H@1 0.240252	H@3 0.366535	H@5 0.428760	H@10 0.512142
INFO:meta-cli.py:Epoch 16/100	Loss 7.4257 ± 0.2501
INFO:meta-cli.py:Epoch 17/100	Loss 7.3978 ± 0.2524
INFO:meta-cli.py:Epoch 18/100	Loss 7.3716 ± 0.2502
INFO:meta-cli.py:Epoch 18/100	dev results	MRR 0.338892	H@1 0.249672	H@3 0.370972	H@5 0.433162	H@10 0.518363
INFO:meta-cli.py:Epoch 18/100	test results	MRR 0.332343	H@1 0.242207	H@3 0.364751	H@5 0.428809	H@10 0.513070
INFO:meta-cli.py:Epoch 19/100	Loss 7.3477 ± 0.2425
INFO:meta-cli.py:Epoch 20/100	Loss 7.3260 ± 0.2424
INFO:meta-cli.py:Epoch 21/100	Loss 7.3053 ± 0.2350
INFO:meta-cli.py:Epoch 21/100	dev results	MRR 0.336343	H@1 0.246478	H@3 0.368976	H@5 0.431765	H@10 0.517964
INFO:meta-cli.py:Epoch 21/100	test results	MRR 0.330535	H@1 0.239324	H@3 0.364605	H@5 0.429053	H@10 0.511996
INFO:meta-cli.py:Epoch 22/100	Loss 7.2865 ± 0.2428
INFO:meta-cli.py:Epoch 23/100	Loss 7.2682 ± 0.2404
INFO:meta-cli.py:Epoch 24/100	Loss 7.2513 ± 0.2399
INFO:meta-cli.py:Epoch 24/100	dev results	MRR 0.337204	H@1 0.248389	H@3 0.369090	H@5 0.430681	H@10 0.517422
INFO:meta-cli.py:Epoch 24/100	test results	MRR 0.331498	H@1 0.241718	H@3 0.363774	H@5 0.428076	H@10 0.510847
INFO:meta-cli.py:Epoch 25/100	Loss 7.2352 ± 0.2384
INFO:meta-cli.py:Epoch 26/100	Loss 7.2202 ± 0.2325
INFO:meta-cli.py:Epoch 27/100	Loss 7.2065 ± 0.2374
INFO:meta-cli.py:Epoch 27/100	dev results	MRR 0.336659	H@1 0.247391	H@3 0.368862	H@5 0.429997	H@10 0.516852
INFO:meta-cli.py:Epoch 27/100	test results	MRR 0.330481	H@1 0.240057	H@3 0.362870	H@5 0.427905	H@10 0.511067
INFO:meta-cli.py:Epoch 28/100	Loss 7.1929 ± 0.2336
INFO:meta-cli.py:Epoch 29/100	Loss 7.1800 ± 0.2294
INFO:meta-cli.py:Epoch 30/100	Loss 7.1678 ± 0.2349
INFO:meta-cli.py:Epoch 30/100	dev results	MRR 0.336341	H@1 0.247277	H@3 0.368292	H@5 0.429969	H@10 0.516367
INFO:meta-cli.py:Epoch 30/100	test results	MRR 0.329704	H@1 0.238664	H@3 0.363432	H@5 0.427783	H@10 0.509162
INFO:meta-cli.py:Epoch 31/100	Loss 7.1561 ± 0.2312
INFO:meta-cli.py:Epoch 32/100	Loss 7.1450 ± 0.2320
INFO:meta-cli.py:Epoch 33/100	Loss 7.1340 ± 0.2266
INFO:meta-cli.py:Epoch 33/100	dev results	MRR 0.335584	H@1 0.246536	H@3 0.368263	H@5 0.428914	H@10 0.515255
INFO:meta-cli.py:Epoch 33/100	test results	MRR 0.329677	H@1 0.239421	H@3 0.362259	H@5 0.426512	H@10 0.508795
INFO:meta-cli.py:Epoch 34/100	Loss 7.1239 ± 0.2285
INFO:meta-cli.py:Epoch 35/100	Loss 7.1140 ± 0.2328
INFO:meta-cli.py:Epoch 36/100	Loss 7.1045 ± 0.2267
INFO:meta-cli.py:Epoch 36/100	dev results	MRR 0.334831	H@1 0.245994	H@3 0.366895	H@5 0.427944	H@10 0.513801
INFO:meta-cli.py:Epoch 36/100	test results	MRR 0.329377	H@1 0.239519	H@3 0.361991	H@5 0.424875	H@10 0.508306
INFO:meta-cli.py:Epoch 37/100	Loss 7.0955 ± 0.2265
INFO:meta-cli.py:Epoch 38/100	Loss 7.0868 ± 0.2313
INFO:meta-cli.py:Epoch 39/100	Loss 7.0781 ± 0.2296
INFO:meta-cli.py:Epoch 39/100	dev results	MRR 0.335058	H@1 0.245937	H@3 0.366496	H@5 0.429113	H@10 0.513601
INFO:meta-cli.py:Epoch 39/100	test results	MRR 0.329784	H@1 0.239764	H@3 0.362235	H@5 0.425657	H@10 0.507964
INFO:meta-cli.py:Epoch 40/100	Loss 7.0697 ± 0.2277
INFO:meta-cli.py:Epoch 41/100	Loss 7.0621 ± 0.2237
INFO:meta-cli.py:Epoch 42/100	Loss 7.0541 ± 0.2254
INFO:meta-cli.py:Epoch 42/100	dev results	MRR 0.334783	H@1 0.246364	H@3 0.366039	H@5 0.427459	H@10 0.512917
INFO:meta-cli.py:Epoch 42/100	test results	MRR 0.329271	H@1 0.239739	H@3 0.361478	H@5 0.425266	H@10 0.506914
INFO:meta-cli.py:Epoch 43/100	Loss 7.0469 ± 0.2261
INFO:meta-cli.py:Epoch 44/100	Loss 7.0397 ± 0.2257
INFO:meta-cli.py:Epoch 45/100	Loss 7.0330 ± 0.2278
INFO:meta-cli.py:Epoch 45/100	dev results	MRR 0.334575	H@1 0.246279	H@3 0.364528	H@5 0.426946	H@10 0.512404
INFO:meta-cli.py:Epoch 45/100	test results	MRR 0.328615	H@1 0.239397	H@3 0.360280	H@5 0.423532	H@10 0.506083
INFO:meta-cli.py:Epoch 46/100	Loss 7.0259 ± 0.2282
INFO:meta-cli.py:Epoch 47/100	Loss 7.0194 ± 0.2231
INFO:meta-cli.py:Epoch 48/100	Loss 7.0131 ± 0.2255
INFO:meta-cli.py:Epoch 48/100	dev results	MRR 0.333730	H@1 0.245252	H@3 0.364870	H@5 0.425691	H@10 0.512119
INFO:meta-cli.py:Epoch 48/100	test results	MRR 0.328000	H@1 0.238371	H@3 0.360207	H@5 0.422994	H@10 0.505888
INFO:meta-cli.py:Epoch 49/100	Loss 7.0067 ± 0.2254
INFO:meta-cli.py:Epoch 50/100	Loss 7.0007 ± 0.2238
INFO:meta-cli.py:Epoch 51/100	Loss 6.9947 ± 0.2216
INFO:meta-cli.py:Epoch 51/100	dev results	MRR 0.334329	H@1 0.246478	H@3 0.364471	H@5 0.426433	H@10 0.512119
INFO:meta-cli.py:Epoch 51/100	test results	MRR 0.327768	H@1 0.238249	H@3 0.360036	H@5 0.423532	H@10 0.505155
INFO:meta-cli.py:Epoch 52/100	Loss 6.9893 ± 0.2258
INFO:meta-cli.py:Epoch 53/100	Loss 6.9836 ± 0.2268
INFO:meta-cli.py:Epoch 54/100	Loss 6.9780 ± 0.2291
INFO:meta-cli.py:Epoch 54/100	dev results	MRR 0.333330	H@1 0.244825	H@3 0.364642	H@5 0.425806	H@10 0.511634
INFO:meta-cli.py:Epoch 54/100	test results	MRR 0.327360	H@1 0.237369	H@3 0.360745	H@5 0.422970	H@10 0.504300
INFO:meta-cli.py:Epoch 55/100	Loss 6.9725 ± 0.2185
INFO:meta-cli.py:Epoch 56/100	Loss 6.9677 ± 0.2223
INFO:meta-cli.py:Epoch 57/100	Loss 6.9629 ± 0.2225
INFO:meta-cli.py:Epoch 57/100	dev results	MRR 0.332598	H@1 0.243941	H@3 0.364186	H@5 0.425235	H@10 0.511206
INFO:meta-cli.py:Epoch 57/100	test results	MRR 0.326827	H@1 0.237125	H@3 0.360451	H@5 0.422408	H@10 0.504104
INFO:meta-cli.py:Epoch 58/100	Loss 6.9577 ± 0.2218
INFO:meta-cli.py:Epoch 59/100	Loss 6.9527 ± 0.2185
INFO:meta-cli.py:Epoch 60/100	Loss 6.9483 ± 0.2240
INFO:meta-cli.py:Epoch 60/100	dev results	MRR 0.333269	H@1 0.245081	H@3 0.364728	H@5 0.424294	H@10 0.510180
INFO:meta-cli.py:Epoch 60/100	test results	MRR 0.327599	H@1 0.238566	H@3 0.359743	H@5 0.422481	H@10 0.504324
INFO:meta-cli.py:Epoch 61/100	Loss 6.9433 ± 0.2198
INFO:meta-cli.py:Epoch 62/100	Loss 6.9390 ± 0.2228
INFO:meta-cli.py:Epoch 63/100	Loss 6.9345 ± 0.2185
INFO:meta-cli.py:Epoch 63/100	dev results	MRR 0.332209	H@1 0.243484	H@3 0.362789	H@5 0.423924	H@10 0.510351
INFO:meta-cli.py:Epoch 63/100	test results	MRR 0.325852	H@1 0.235830	H@3 0.359572	H@5 0.421846	H@10 0.503518
INFO:meta-cli.py:Epoch 64/100	Loss 6.9303 ± 0.2232
INFO:meta-cli.py:Epoch 65/100	Loss 6.9261 ± 0.2204
INFO:meta-cli.py:Epoch 66/100	Loss 6.9221 ± 0.2176
INFO:meta-cli.py:Epoch 66/100	dev results	MRR 0.332076	H@1 0.243798	H@3 0.362903	H@5 0.423838	H@10 0.509495
INFO:meta-cli.py:Epoch 66/100	test results	MRR 0.326302	H@1 0.236661	H@3 0.359181	H@5 0.422164	H@10 0.503494
INFO:meta-cli.py:Epoch 67/100	Loss 6.9177 ± 0.2190
INFO:meta-cli.py:Epoch 68/100	Loss 6.9136 ± 0.2230
INFO:meta-cli.py:Epoch 69/100	Loss 6.9096 ± 0.2221
INFO:meta-cli.py:Epoch 69/100	dev results	MRR 0.331741	H@1 0.243199	H@3 0.363701	H@5 0.423524	H@10 0.508383
INFO:meta-cli.py:Epoch 69/100	test results	MRR 0.326097	H@1 0.236636	H@3 0.359034	H@5 0.420942	H@10 0.503274
INFO:meta-cli.py:Epoch 70/100	Loss 6.9058 ± 0.2206
INFO:meta-cli.py:Epoch 71/100	Loss 6.9019 ± 0.2201
INFO:meta-cli.py:Epoch 72/100	Loss 6.8981 ± 0.2180
INFO:meta-cli.py:Epoch 72/100	dev results	MRR 0.331721	H@1 0.243199	H@3 0.363245	H@5 0.422726	H@10 0.509324
INFO:meta-cli.py:Epoch 72/100	test results	MRR 0.325855	H@1 0.236319	H@3 0.358937	H@5 0.420453	H@10 0.502834
INFO:meta-cli.py:Epoch 73/100	Loss 6.8950 ± 0.2193
INFO:meta-cli.py:Epoch 74/100	Loss 6.8910 ± 0.2241
INFO:meta-cli.py:Epoch 75/100	Loss 6.8877 ± 0.2244
INFO:meta-cli.py:Epoch 75/100	dev results	MRR 0.331415	H@1 0.243057	H@3 0.362931	H@5 0.423439	H@10 0.508355
INFO:meta-cli.py:Epoch 75/100	test results	MRR 0.325312	H@1 0.235659	H@3 0.359401	H@5 0.420307	H@10 0.502687
INFO:meta-cli.py:Epoch 76/100	Loss 6.8839 ± 0.2234
INFO:meta-cli.py:Epoch 77/100	Loss 6.8808 ± 0.2188
INFO:meta-cli.py:Epoch 78/100	Loss 6.8772 ± 0.2206
INFO:meta-cli.py:Epoch 78/100	dev results	MRR 0.330370	H@1 0.241660	H@3 0.362133	H@5 0.421814	H@10 0.508469
INFO:meta-cli.py:Epoch 78/100	test results	MRR 0.324591	H@1 0.235000	H@3 0.358424	H@5 0.420209	H@10 0.502150
INFO:meta-cli.py:Epoch 79/100	Loss 6.8742 ± 0.2205
INFO:meta-cli.py:Epoch 80/100	Loss 6.8712 ± 0.2174
INFO:meta-cli.py:Epoch 81/100	Loss 6.8679 ± 0.2170
INFO:meta-cli.py:Epoch 81/100	dev results	MRR 0.330137	H@1 0.241717	H@3 0.361477	H@5 0.422441	H@10 0.507328
INFO:meta-cli.py:Epoch 81/100	test results	MRR 0.324752	H@1 0.235097	H@3 0.358546	H@5 0.419672	H@10 0.501588
INFO:meta-cli.py:Epoch 82/100	Loss 6.8644 ± 0.2199
INFO:meta-cli.py:Epoch 83/100	Loss 6.8612 ± 0.2186
INFO:meta-cli.py:Epoch 84/100	Loss 6.8585 ± 0.2177
INFO:meta-cli.py:Epoch 84/100	dev results	MRR 0.330092	H@1 0.241717	H@3 0.361106	H@5 0.421215	H@10 0.506872
INFO:meta-cli.py:Epoch 84/100	test results	MRR 0.324399	H@1 0.234804	H@3 0.358521	H@5 0.419354	H@10 0.501490
INFO:meta-cli.py:Epoch 85/100	Loss 6.8555 ± 0.2191
INFO:meta-cli.py:Epoch 86/100	Loss 6.8526 ± 0.2166
INFO:meta-cli.py:Epoch 87/100	Loss 6.8497 ± 0.2158
INFO:meta-cli.py:Epoch 87/100	dev results	MRR 0.330059	H@1 0.241717	H@3 0.361049	H@5 0.421899	H@10 0.507727
INFO:meta-cli.py:Epoch 87/100	test results	MRR 0.323969	H@1 0.234291	H@3 0.357618	H@5 0.419085	H@10 0.500855
INFO:meta-cli.py:Epoch 88/100	Loss 6.8468 ± 0.2168
INFO:meta-cli.py:Epoch 89/100	Loss 6.8439 ± 0.2183
INFO:meta-cli.py:Epoch 90/100	Loss 6.8412 ± 0.2162
INFO:meta-cli.py:Epoch 90/100	dev results	MRR 0.329967	H@1 0.241973	H@3 0.360764	H@5 0.421728	H@10 0.506273
INFO:meta-cli.py:Epoch 90/100	test results	MRR 0.324169	H@1 0.234828	H@3 0.357569	H@5 0.419549	H@10 0.500757
INFO:meta-cli.py:Epoch 91/100	Loss 6.8384 ± 0.2179
INFO:meta-cli.py:Epoch 92/100	Loss 6.8355 ± 0.2154
INFO:meta-cli.py:Epoch 93/100	Loss 6.8331 ± 0.2203
INFO:meta-cli.py:Epoch 93/100	dev results	MRR 0.329488	H@1 0.241431	H@3 0.359852	H@5 0.420416	H@10 0.505845
INFO:meta-cli.py:Epoch 93/100	test results	MRR 0.323668	H@1 0.234071	H@3 0.357764	H@5 0.418597	H@10 0.501124
INFO:meta-cli.py:Epoch 94/100	Loss 6.8303 ± 0.2147
INFO:meta-cli.py:Epoch 95/100	Loss 6.8275 ± 0.2163
INFO:meta-cli.py:Epoch 96/100	Loss 6.8251 ± 0.2196
INFO:meta-cli.py:Epoch 96/100	dev results	MRR 0.329518	H@1 0.241574	H@3 0.360365	H@5 0.420730	H@10 0.506017
INFO:meta-cli.py:Epoch 96/100	test results	MRR 0.323263	H@1 0.233705	H@3 0.357202	H@5 0.418768	H@10 0.500220
INFO:meta-cli.py:Epoch 97/100	Loss 6.8225 ± 0.2187
INFO:meta-cli.py:Epoch 98/100	Loss 6.8201 ± 0.2145
INFO:meta-cli.py:Epoch 99/100	Loss 6.8179 ± 0.2146
INFO:meta-cli.py:Epoch 99/100	dev results	MRR 0.329081	H@1 0.241146	H@3 0.360422	H@5 0.420103	H@10 0.505446
INFO:meta-cli.py:Epoch 99/100	test results	MRR 0.323324	H@1 0.233973	H@3 0.357007	H@5 0.418255	H@10 0.500489
INFO:meta-cli.py:Epoch 100/100	Loss 6.8154 ± 0.2132
INFO:meta-cli.py:Final 	dev results	MRR 0.328741	H@1 0.240490	H@3 0.360222	H@5 0.419846	H@10 0.505845
INFO:meta-cli.py:Final 	test results	MRR 0.323086	H@1 0.233485	H@3 0.357886	H@5 0.418401	H@10 0.500586
INFO:meta-cli.py:Training finished
