./bin/meta-cli.py --train data/fb15k-237/train.tsv --dev data/fb15k-237/dev.tsv --test data/fb15k-237/test.tsv -m complex -k 500 -b 100 -e 100 --F2 0 --N3 0.001 -l 0.1 -I standard -V 3 -o adagrad -q
{'F2': 0.0,
 'N3': 0.001,
 'batch_size': 100,
 'dev': 'data/fb15k-237/dev.tsv',
 'embedding_size': 500,
 'epochs': 100,
 'eval_batch_size': None,
 'input_type': 'standard',
 'learning_rate': 0.1,
 'load': None,
 'model': 'complex',
 'optimizer': 'adagrad',
 'quiet': True,
 'save': None,
 'seed': 0,
 'test': 'data/fb15k-237/test.tsv',
 'test_i': None,
 'test_ii': None,
 'train': 'data/fb15k-237/train.tsv',
 'validate_every': 3}
INFO:meta-cli.py:Device: cuda
INFO:meta-cli.py:Model state:
INFO:meta-cli.py:	entities.weight	torch.Size([14541, 1000])
INFO:meta-cli.py:	predicates.weight	torch.Size([237, 1000])
INFO:meta-cli.py:Epoch 1/100	Loss 12.1039 ± 1.9503
INFO:meta-cli.py:Epoch 2/100	Loss 7.8319 ± 0.2727
INFO:meta-cli.py:Epoch 3/100	Loss 6.9283 ± 0.3389
INFO:meta-cli.py:Epoch 3/100	dev results	MRR 0.317937	H@1 0.230967	H@3 0.346906	H@5 0.408127	H@10 0.493926
INFO:meta-cli.py:Epoch 3/100	test results	MRR 0.311728	H@1 0.223322	H@3 0.342593	H@5 0.404818	H@10 0.489446
INFO:meta-cli.py:Epoch 4/100	Loss 6.5936 ± 0.3451
INFO:meta-cli.py:Epoch 5/100	Loss 6.4063 ± 0.3490
INFO:meta-cli.py:Epoch 6/100	Loss 6.2815 ± 0.3321
INFO:meta-cli.py:Epoch 6/100	dev results	MRR 0.327496	H@1 0.238666	H@3 0.360023	H@5 0.421158	H@10 0.506986
INFO:meta-cli.py:Epoch 6/100	test results	MRR 0.322042	H@1 0.232679	H@3 0.354393	H@5 0.416667	H@10 0.502028
INFO:meta-cli.py:Epoch 7/100	Loss 6.1918 ± 0.3268
INFO:meta-cli.py:Epoch 8/100	Loss 6.1229 ± 0.3247
INFO:meta-cli.py:Epoch 9/100	Loss 6.0674 ± 0.3183
INFO:meta-cli.py:Epoch 9/100	dev results	MRR 0.331201	H@1 0.242543	H@3 0.361876	H@5 0.425492	H@10 0.512119
INFO:meta-cli.py:Epoch 9/100	test results	MRR 0.326471	H@1 0.237638	H@3 0.357642	H@5 0.421333	H@10 0.505839
INFO:meta-cli.py:Epoch 10/100	Loss 6.0212 ± 0.3141
INFO:meta-cli.py:Epoch 11/100	Loss 5.9824 ± 0.3180
INFO:meta-cli.py:Epoch 12/100	Loss 5.9497 ± 0.3147
INFO:meta-cli.py:Epoch 12/100	dev results	MRR 0.334528	H@1 0.245680	H@3 0.364956	H@5 0.428857	H@10 0.514428
INFO:meta-cli.py:Epoch 12/100	test results	MRR 0.328150	H@1 0.238786	H@3 0.360451	H@5 0.423532	H@10 0.507134
INFO:meta-cli.py:Epoch 13/100	Loss 5.9204 ± 0.3028
INFO:meta-cli.py:Epoch 14/100	Loss 5.8957 ± 0.3063
INFO:meta-cli.py:Epoch 15/100	Loss 5.8725 ± 0.2995
INFO:meta-cli.py:Epoch 15/100	dev results	MRR 0.336097	H@1 0.247619	H@3 0.367408	H@5 0.428714	H@10 0.516481
INFO:meta-cli.py:Epoch 15/100	test results	MRR 0.329783	H@1 0.240545	H@3 0.362162	H@5 0.425266	H@10 0.509797
INFO:meta-cli.py:Epoch 16/100	Loss 5.8527 ± 0.2972
INFO:meta-cli.py:Epoch 17/100	Loss 5.8344 ± 0.3000
INFO:meta-cli.py:Epoch 18/100	Loss 5.8175 ± 0.2979
INFO:meta-cli.py:Epoch 18/100	dev results	MRR 0.338305	H@1 0.249929	H@3 0.370231	H@5 0.430539	H@10 0.518164
INFO:meta-cli.py:Epoch 18/100	test results	MRR 0.331797	H@1 0.242768	H@3 0.364922	H@5 0.426659	H@10 0.511092
INFO:meta-cli.py:Epoch 19/100	Loss 5.8025 ± 0.2874
INFO:meta-cli.py:Epoch 20/100	Loss 5.7888 ± 0.2874
INFO:meta-cli.py:Epoch 21/100	Loss 5.7758 ± 0.2787
INFO:meta-cli.py:Epoch 21/100	dev results	MRR 0.338899	H@1 0.250556	H@3 0.370459	H@5 0.431965	H@10 0.518762
INFO:meta-cli.py:Epoch 21/100	test results	MRR 0.332398	H@1 0.243184	H@3 0.365191	H@5 0.428589	H@10 0.511507
INFO:meta-cli.py:Epoch 22/100	Loss 5.7643 ± 0.2857
INFO:meta-cli.py:Epoch 23/100	Loss 5.7527 ± 0.2846
INFO:meta-cli.py:Epoch 24/100	Loss 5.7426 ± 0.2823
INFO:meta-cli.py:Epoch 24/100	dev results	MRR 0.339763	H@1 0.250813	H@3 0.372027	H@5 0.433362	H@10 0.519989
INFO:meta-cli.py:Epoch 24/100	test results	MRR 0.333831	H@1 0.244943	H@3 0.367243	H@5 0.429542	H@10 0.512142
INFO:meta-cli.py:Epoch 25/100	Loss 5.7326 ± 0.2811
INFO:meta-cli.py:Epoch 26/100	Loss 5.7234 ± 0.2754
INFO:meta-cli.py:Epoch 27/100	Loss 5.7152 ± 0.2790
INFO:meta-cli.py:Epoch 27/100	dev results	MRR 0.340754	H@1 0.252010	H@3 0.372712	H@5 0.435016	H@10 0.520958
INFO:meta-cli.py:Epoch 27/100	test results	MRR 0.333809	H@1 0.244161	H@3 0.367659	H@5 0.430812	H@10 0.513486
INFO:meta-cli.py:Epoch 28/100	Loss 5.7073 ± 0.2742
INFO:meta-cli.py:Epoch 29/100	Loss 5.6996 ± 0.2697
INFO:meta-cli.py:Epoch 30/100	Loss 5.6925 ± 0.2766
INFO:meta-cli.py:Epoch 30/100	dev results	MRR 0.341077	H@1 0.252124	H@3 0.374565	H@5 0.435073	H@10 0.521072
INFO:meta-cli.py:Epoch 30/100	test results	MRR 0.335041	H@1 0.246140	H@3 0.368489	H@5 0.430519	H@10 0.513095
INFO:meta-cli.py:Epoch 31/100	Loss 5.6856 ± 0.2728
INFO:meta-cli.py:Epoch 32/100	Loss 5.6791 ± 0.2723
INFO:meta-cli.py:Epoch 33/100	Loss 5.6727 ± 0.2654
INFO:meta-cli.py:Epoch 33/100	dev results	MRR 0.342042	H@1 0.253350	H@3 0.375107	H@5 0.435643	H@10 0.521186
INFO:meta-cli.py:Epoch 33/100	test results	MRR 0.334479	H@1 0.245309	H@3 0.368709	H@5 0.431130	H@10 0.513437
INFO:meta-cli.py:Epoch 34/100	Loss 5.6669 ± 0.2673
INFO:meta-cli.py:Epoch 35/100	Loss 5.6613 ± 0.2733
INFO:meta-cli.py:Epoch 36/100	Loss 5.6559 ± 0.2642
INFO:meta-cli.py:Epoch 36/100	dev results	MRR 0.342178	H@1 0.253921	H@3 0.374508	H@5 0.434845	H@10 0.521471
INFO:meta-cli.py:Epoch 36/100	test results	MRR 0.334914	H@1 0.245602	H@3 0.368538	H@5 0.431423	H@10 0.512973
INFO:meta-cli.py:Epoch 37/100	Loss 5.6509 ± 0.2626
INFO:meta-cli.py:Epoch 38/100	Loss 5.6460 ± 0.2691
INFO:meta-cli.py:Epoch 39/100	Loss 5.6410 ± 0.2664
INFO:meta-cli.py:Epoch 39/100	dev results	MRR 0.342095	H@1 0.252980	H@3 0.375563	H@5 0.435643	H@10 0.521329
INFO:meta-cli.py:Epoch 39/100	test results	MRR 0.335839	H@1 0.247142	H@3 0.369198	H@5 0.431423	H@10 0.513584
INFO:meta-cli.py:Epoch 40/100	Loss 5.6362 ± 0.2654
INFO:meta-cli.py:Epoch 41/100	Loss 5.6320 ± 0.2604
INFO:meta-cli.py:Epoch 42/100	Loss 5.6273 ± 0.2627
INFO:meta-cli.py:Epoch 42/100	dev results	MRR 0.343119	H@1 0.254092	H@3 0.378301	H@5 0.436869	H@10 0.522127
INFO:meta-cli.py:Epoch 42/100	test results	MRR 0.336278	H@1 0.247801	H@3 0.369955	H@5 0.431203	H@10 0.514414
INFO:meta-cli.py:Epoch 43/100	Loss 5.6236 ± 0.2628
INFO:meta-cli.py:Epoch 44/100	Loss 5.6195 ± 0.2626
INFO:meta-cli.py:Epoch 45/100	Loss 5.6160 ± 0.2645
INFO:meta-cli.py:Epoch 45/100	dev results	MRR 0.343073	H@1 0.254634	H@3 0.375934	H@5 0.436185	H@10 0.521300
INFO:meta-cli.py:Epoch 45/100	test results	MRR 0.336009	H@1 0.246800	H@3 0.370664	H@5 0.431863	H@10 0.513535
INFO:meta-cli.py:Epoch 46/100	Loss 5.6119 ± 0.2648
INFO:meta-cli.py:Epoch 47/100	Loss 5.6084 ± 0.2572
INFO:meta-cli.py:Epoch 48/100	Loss 5.6051 ± 0.2616
INFO:meta-cli.py:Epoch 48/100	dev results	MRR 0.342990	H@1 0.254291	H@3 0.375307	H@5 0.436869	H@10 0.523239
INFO:meta-cli.py:Epoch 48/100	test results	MRR 0.335987	H@1 0.246800	H@3 0.369637	H@5 0.432180	H@10 0.514145
INFO:meta-cli.py:Epoch 49/100	Loss 5.6015 ± 0.2594
INFO:meta-cli.py:Epoch 50/100	Loss 5.5985 ± 0.2582
INFO:meta-cli.py:Epoch 51/100	Loss 5.5950 ± 0.2556
INFO:meta-cli.py:Epoch 51/100	dev results	MRR 0.343606	H@1 0.254719	H@3 0.377246	H@5 0.437553	H@10 0.523610
INFO:meta-cli.py:Epoch 51/100	test results	MRR 0.336311	H@1 0.247044	H@3 0.369808	H@5 0.431008	H@10 0.513681
INFO:meta-cli.py:Epoch 52/100	Loss 5.5923 ± 0.2612
INFO:meta-cli.py:Epoch 53/100	Loss 5.5892 ± 0.2597
INFO:meta-cli.py:Epoch 54/100	Loss 5.5862 ± 0.2657
INFO:meta-cli.py:Epoch 54/100	dev results	MRR 0.343614	H@1 0.254748	H@3 0.377246	H@5 0.436926	H@10 0.522926
INFO:meta-cli.py:Epoch 54/100	test results	MRR 0.336365	H@1 0.247142	H@3 0.370077	H@5 0.432131	H@10 0.514487
INFO:meta-cli.py:Epoch 55/100	Loss 5.5832 ± 0.2514
INFO:meta-cli.py:Epoch 56/100	Loss 5.5808 ± 0.2574
INFO:meta-cli.py:Epoch 57/100	Loss 5.5785 ± 0.2553
INFO:meta-cli.py:Epoch 57/100	dev results	MRR 0.343511	H@1 0.254520	H@3 0.375763	H@5 0.436727	H@10 0.523553
INFO:meta-cli.py:Epoch 57/100	test results	MRR 0.336456	H@1 0.247410	H@3 0.370370	H@5 0.431789	H@10 0.514854
INFO:meta-cli.py:Epoch 58/100	Loss 5.5756 ± 0.2561
INFO:meta-cli.py:Epoch 59/100	Loss 5.5729 ± 0.2507
INFO:meta-cli.py:Epoch 60/100	Loss 5.5709 ± 0.2553
INFO:meta-cli.py:Epoch 60/100	dev results	MRR 0.344234	H@1 0.255660	H@3 0.376476	H@5 0.437240	H@10 0.523981
INFO:meta-cli.py:Epoch 60/100	test results	MRR 0.336974	H@1 0.248070	H@3 0.371103	H@5 0.433084	H@10 0.514829
INFO:meta-cli.py:Epoch 61/100	Loss 5.5679 ± 0.2513
INFO:meta-cli.py:Epoch 62/100	Loss 5.5659 ± 0.2545
INFO:meta-cli.py:Epoch 63/100	Loss 5.5636 ± 0.2493
INFO:meta-cli.py:Epoch 63/100	dev results	MRR 0.344298	H@1 0.255090	H@3 0.378072	H@5 0.437725	H@10 0.523638
INFO:meta-cli.py:Epoch 63/100	test results	MRR 0.337125	H@1 0.248094	H@3 0.371543	H@5 0.432058	H@10 0.514952
INFO:meta-cli.py:Epoch 64/100	Loss 5.5614 ± 0.2555
INFO:meta-cli.py:Epoch 65/100	Loss 5.5593 ± 0.2513
INFO:meta-cli.py:Epoch 66/100	Loss 5.5574 ± 0.2481
INFO:meta-cli.py:Epoch 66/100	dev results	MRR 0.344188	H@1 0.255204	H@3 0.377987	H@5 0.436926	H@10 0.524237
INFO:meta-cli.py:Epoch 66/100	test results	MRR 0.337325	H@1 0.248217	H@3 0.371201	H@5 0.432107	H@10 0.514878
INFO:meta-cli.py:Epoch 67/100	Loss 5.5550 ± 0.2509
INFO:meta-cli.py:Epoch 68/100	Loss 5.5528 ± 0.2556
INFO:meta-cli.py:Epoch 69/100	Loss 5.5507 ± 0.2538
INFO:meta-cli.py:Epoch 69/100	dev results	MRR 0.344968	H@1 0.256173	H@3 0.378358	H@5 0.438637	H@10 0.522754
INFO:meta-cli.py:Epoch 69/100	test results	MRR 0.337261	H@1 0.248290	H@3 0.370761	H@5 0.432693	H@10 0.515049
INFO:meta-cli.py:Epoch 70/100	Loss 5.5488 ± 0.2521
INFO:meta-cli.py:Epoch 71/100	Loss 5.5468 ± 0.2511
INFO:meta-cli.py:Epoch 72/100	Loss 5.5449 ± 0.2492
INFO:meta-cli.py:Epoch 72/100	dev results	MRR 0.344804	H@1 0.256002	H@3 0.377531	H@5 0.438010	H@10 0.524237
INFO:meta-cli.py:Epoch 72/100	test results	MRR 0.338020	H@1 0.249487	H@3 0.371690	H@5 0.433255	H@10 0.515343
INFO:meta-cli.py:Epoch 73/100	Loss 5.5436 ± 0.2513
INFO:meta-cli.py:Epoch 74/100	Loss 5.5413 ± 0.2538
INFO:meta-cli.py:Epoch 75/100	Loss 5.5398 ± 0.2558
INFO:meta-cli.py:Epoch 75/100	dev results	MRR 0.344717	H@1 0.255632	H@3 0.379070	H@5 0.438494	H@10 0.524408
INFO:meta-cli.py:Epoch 75/100	test results	MRR 0.337950	H@1 0.249292	H@3 0.371421	H@5 0.433060	H@10 0.515269
INFO:meta-cli.py:Epoch 76/100	Loss 5.5378 ± 0.2532
INFO:meta-cli.py:Epoch 77/100	Loss 5.5364 ± 0.2488
INFO:meta-cli.py:Epoch 78/100	Loss 5.5344 ± 0.2493
INFO:meta-cli.py:Epoch 78/100	dev results	MRR 0.344943	H@1 0.256287	H@3 0.378757	H@5 0.437981	H@10 0.524323
INFO:meta-cli.py:Epoch 78/100	test results	MRR 0.337514	H@1 0.248778	H@3 0.371103	H@5 0.432693	H@10 0.515123
INFO:meta-cli.py:Epoch 79/100	Loss 5.5331 ± 0.2487
INFO:meta-cli.py:Epoch 80/100	Loss 5.5318 ± 0.2478
INFO:meta-cli.py:Epoch 81/100	Loss 5.5301 ± 0.2458
INFO:meta-cli.py:Epoch 81/100	dev results	MRR 0.344910	H@1 0.256287	H@3 0.378272	H@5 0.437639	H@10 0.524494
INFO:meta-cli.py:Epoch 81/100	test results	MRR 0.338189	H@1 0.249389	H@3 0.372398	H@5 0.432669	H@10 0.515049
INFO:meta-cli.py:Epoch 82/100	Loss 5.5282 ± 0.2484
INFO:meta-cli.py:Epoch 83/100	Loss 5.5265 ± 0.2473
INFO:meta-cli.py:Epoch 84/100	Loss 5.5254 ± 0.2466
INFO:meta-cli.py:Epoch 84/100	dev results	MRR 0.345103	H@1 0.256601	H@3 0.378329	H@5 0.438409	H@10 0.524266
INFO:meta-cli.py:Epoch 84/100	test results	MRR 0.338085	H@1 0.249511	H@3 0.372398	H@5 0.432425	H@10 0.515807
INFO:meta-cli.py:Epoch 85/100	Loss 5.5239 ± 0.2471
INFO:meta-cli.py:Epoch 86/100	Loss 5.5226 ± 0.2443
INFO:meta-cli.py:Epoch 87/100	Loss 5.5213 ± 0.2447
INFO:meta-cli.py:Epoch 87/100	dev results	MRR 0.345124	H@1 0.256401	H@3 0.377930	H@5 0.438152	H@10 0.524408
INFO:meta-cli.py:Epoch 87/100	test results	MRR 0.338154	H@1 0.249438	H@3 0.371787	H@5 0.433182	H@10 0.515196
INFO:meta-cli.py:Epoch 88/100	Loss 5.5198 ± 0.2460
INFO:meta-cli.py:Epoch 89/100	Loss 5.5183 ± 0.2464
INFO:meta-cli.py:Epoch 90/100	Loss 5.5170 ± 0.2439
INFO:meta-cli.py:Epoch 90/100	dev results	MRR 0.345475	H@1 0.257200	H@3 0.377673	H@5 0.439236	H@10 0.524323
INFO:meta-cli.py:Epoch 90/100	test results	MRR 0.338130	H@1 0.249658	H@3 0.371714	H@5 0.434037	H@10 0.514683
INFO:meta-cli.py:Epoch 91/100	Loss 5.5157 ± 0.2454
INFO:meta-cli.py:Epoch 92/100	Loss 5.5141 ± 0.2439
INFO:meta-cli.py:Epoch 93/100	Loss 5.5131 ± 0.2485
INFO:meta-cli.py:Epoch 93/100	dev results	MRR 0.345409	H@1 0.256972	H@3 0.377502	H@5 0.438380	H@10 0.524636
INFO:meta-cli.py:Epoch 93/100	test results	MRR 0.338202	H@1 0.249389	H@3 0.372105	H@5 0.433353	H@10 0.514756
INFO:meta-cli.py:Epoch 94/100	Loss 5.5117 ± 0.2397
INFO:meta-cli.py:Epoch 95/100	Loss 5.5103 ± 0.2445
INFO:meta-cli.py:Epoch 96/100	Loss 5.5092 ± 0.2476
INFO:meta-cli.py:Epoch 96/100	dev results	MRR 0.345449	H@1 0.256943	H@3 0.377616	H@5 0.439692	H@10 0.524380
INFO:meta-cli.py:Epoch 96/100	test results	MRR 0.338142	H@1 0.249438	H@3 0.372252	H@5 0.433255	H@10 0.514878
INFO:meta-cli.py:Epoch 97/100	Loss 5.5079 ± 0.2452
INFO:meta-cli.py:Epoch 98/100	Loss 5.5069 ± 0.2413
INFO:meta-cli.py:Epoch 99/100	Loss 5.5059 ± 0.2419
INFO:meta-cli.py:Epoch 99/100	dev results	MRR 0.345300	H@1 0.256601	H@3 0.377702	H@5 0.439065	H@10 0.524636
INFO:meta-cli.py:Epoch 99/100	test results	MRR 0.338249	H@1 0.249487	H@3 0.372032	H@5 0.433793	H@10 0.515538
INFO:meta-cli.py:Epoch 100/100	Loss 5.5047 ± 0.2406
INFO:meta-cli.py:Final 	dev results	MRR 0.345375	H@1 0.256487	H@3 0.378500	H@5 0.438979	H@10 0.523952
INFO:meta-cli.py:Final 	test results	MRR 0.338242	H@1 0.249194	H@3 0.372252	H@5 0.432791	H@10 0.515147
INFO:meta-cli.py:Training finished
