./bin/meta-cli.py --train data/fb15k-237/train.tsv --dev data/fb15k-237/dev.tsv --test data/fb15k-237/test.tsv -m complex -k 1000 -b 1000 -e 100 --F2 0.005 --N3 0 -l 0.1 -I reciprocal -V 3 -o adagrad -q
{'F2': 0.005,
 'N3': 0.0,
 'batch_size': 1000,
 'dev': 'data/fb15k-237/dev.tsv',
 'embedding_size': 1000,
 'epochs': 100,
 'eval_batch_size': None,
 'input_type': 'reciprocal',
 'learning_rate': 0.1,
 'load': None,
 'model': 'complex',
 'optimizer': 'adagrad',
 'quiet': True,
 'save': None,
 'seed': 0,
 'test': 'data/fb15k-237/test.tsv',
 'test_i': None,
 'test_ii': None,
 'train': 'data/fb15k-237/train.tsv',
 'validate_every': 3}
INFO:meta-cli.py:Device: cuda
INFO:meta-cli.py:Model state:
INFO:meta-cli.py:	entities.weight	torch.Size([14541, 2000])
INFO:meta-cli.py:	predicates.weight	torch.Size([474, 2000])
INFO:meta-cli.py:Epoch 1/100	Loss 10.9186 ± 2.1937
INFO:meta-cli.py:Epoch 2/100	Loss 7.8312 ± 0.0939
INFO:meta-cli.py:Epoch 3/100	Loss 7.3902 ± 0.1385
INFO:meta-cli.py:Epoch 3/100	dev results	MRR 0.333090	H@1 0.244112	H@3 0.364129	H@5 0.427260	H@10 0.512147
INFO:meta-cli.py:Epoch 3/100	test results	MRR 0.326845	H@1 0.237076	H@3 0.358277	H@5 0.423019	H@10 0.507671
INFO:meta-cli.py:Epoch 4/100	Loss 7.1837 ± 0.1411
INFO:meta-cli.py:Epoch 5/100	Loss 7.0541 ± 0.1431
INFO:meta-cli.py:Epoch 6/100	Loss 6.9612 ± 0.1448
INFO:meta-cli.py:Epoch 6/100	dev results	MRR 0.340110	H@1 0.249900	H@3 0.374251	H@5 0.437382	H@10 0.520445
INFO:meta-cli.py:Epoch 6/100	test results	MRR 0.334573	H@1 0.244454	H@3 0.367781	H@5 0.430079	H@10 0.514414
INFO:meta-cli.py:Epoch 7/100	Loss 6.8908 ± 0.1435
INFO:meta-cli.py:Epoch 8/100	Loss 6.8332 ± 0.1452
INFO:meta-cli.py:Epoch 9/100	Loss 6.7861 ± 0.1416
INFO:meta-cli.py:Epoch 9/100	dev results	MRR 0.341189	H@1 0.250499	H@3 0.374052	H@5 0.437867	H@10 0.522897
INFO:meta-cli.py:Epoch 9/100	test results	MRR 0.334320	H@1 0.243379	H@3 0.367854	H@5 0.429908	H@10 0.517370
INFO:meta-cli.py:Epoch 10/100	Loss 6.7457 ± 0.1379
INFO:meta-cli.py:Epoch 11/100	Loss 6.7098 ± 0.1308
INFO:meta-cli.py:Epoch 12/100	Loss 6.6793 ± 0.1315
INFO:meta-cli.py:Epoch 12/100	dev results	MRR 0.343543	H@1 0.253094	H@3 0.376504	H@5 0.440319	H@10 0.525948
INFO:meta-cli.py:Epoch 12/100	test results	MRR 0.336824	H@1 0.246287	H@3 0.370346	H@5 0.432205	H@10 0.518030
INFO:meta-cli.py:Epoch 13/100	Loss 6.6519 ± 0.1346
INFO:meta-cli.py:Epoch 14/100	Loss 6.6269 ± 0.1306
INFO:meta-cli.py:Epoch 15/100	Loss 6.6040 ± 0.1204
INFO:meta-cli.py:Epoch 15/100	dev results	MRR 0.343035	H@1 0.252695	H@3 0.376419	H@5 0.440234	H@10 0.523410
INFO:meta-cli.py:Epoch 15/100	test results	MRR 0.336853	H@1 0.247166	H@3 0.368807	H@5 0.433035	H@10 0.517468
INFO:meta-cli.py:Epoch 16/100	Loss 6.5839 ± 0.1244
INFO:meta-cli.py:Epoch 17/100	Loss 6.5652 ± 0.1238
INFO:meta-cli.py:Epoch 18/100	Loss 6.5473 ± 0.1177
INFO:meta-cli.py:Epoch 18/100	dev results	MRR 0.344232	H@1 0.254063	H@3 0.376675	H@5 0.442372	H@10 0.525492
INFO:meta-cli.py:Epoch 18/100	test results	MRR 0.337395	H@1 0.247215	H@3 0.370810	H@5 0.433744	H@10 0.517688
INFO:meta-cli.py:Epoch 19/100	Loss 6.5315 ± 0.1188
INFO:meta-cli.py:Epoch 20/100	Loss 6.5156 ± 0.1159
INFO:meta-cli.py:Epoch 21/100	Loss 6.5021 ± 0.1130
INFO:meta-cli.py:Epoch 21/100	dev results	MRR 0.342910	H@1 0.251668	H@3 0.377160	H@5 0.442258	H@10 0.524893
INFO:meta-cli.py:Epoch 21/100	test results	MRR 0.336916	H@1 0.246335	H@3 0.369979	H@5 0.434013	H@10 0.517883
INFO:meta-cli.py:Epoch 22/100	Loss 6.4881 ± 0.1179
INFO:meta-cli.py:Epoch 23/100	Loss 6.4767 ± 0.1157
INFO:meta-cli.py:Epoch 24/100	Loss 6.4645 ± 0.1152
INFO:meta-cli.py:Epoch 24/100	dev results	MRR 0.342773	H@1 0.252067	H@3 0.375791	H@5 0.443513	H@10 0.525435
INFO:meta-cli.py:Epoch 24/100	test results	MRR 0.337474	H@1 0.247728	H@3 0.369418	H@5 0.433670	H@10 0.517859
INFO:meta-cli.py:Epoch 25/100	Loss 6.4539 ± 0.1142
INFO:meta-cli.py:Epoch 26/100	Loss 6.4431 ± 0.1119
INFO:meta-cli.py:Epoch 27/100	Loss 6.4329 ± 0.1148
INFO:meta-cli.py:Epoch 27/100	dev results	MRR 0.342810	H@1 0.252524	H@3 0.375278	H@5 0.441574	H@10 0.525121
INFO:meta-cli.py:Epoch 27/100	test results	MRR 0.336523	H@1 0.246213	H@3 0.368465	H@5 0.433548	H@10 0.516613
INFO:meta-cli.py:Epoch 28/100	Loss 6.4239 ± 0.1135
INFO:meta-cli.py:Epoch 29/100	Loss 6.4148 ± 0.1112
INFO:meta-cli.py:Epoch 30/100	Loss 6.4059 ± 0.1102
INFO:meta-cli.py:Epoch 30/100	dev results	MRR 0.343541	H@1 0.252951	H@3 0.378443	H@5 0.441745	H@10 0.524693
INFO:meta-cli.py:Epoch 30/100	test results	MRR 0.336495	H@1 0.246604	H@3 0.369027	H@5 0.432986	H@10 0.516075
INFO:meta-cli.py:Epoch 31/100	Loss 6.3977 ± 0.1090
INFO:meta-cli.py:Epoch 32/100	Loss 6.3901 ± 0.1130
INFO:meta-cli.py:Epoch 33/100	Loss 6.3825 ± 0.1087
INFO:meta-cli.py:Epoch 33/100	dev results	MRR 0.343124	H@1 0.252980	H@3 0.376162	H@5 0.441203	H@10 0.524123
INFO:meta-cli.py:Epoch 33/100	test results	MRR 0.336171	H@1 0.246580	H@3 0.368660	H@5 0.432620	H@10 0.515611
INFO:meta-cli.py:Epoch 34/100	Loss 6.3753 ± 0.1066
INFO:meta-cli.py:Epoch 35/100	Loss 6.3687 ± 0.1084
INFO:meta-cli.py:Epoch 36/100	Loss 6.3616 ± 0.1081
INFO:meta-cli.py:Epoch 36/100	dev results	MRR 0.342362	H@1 0.252238	H@3 0.376533	H@5 0.439977	H@10 0.523268
INFO:meta-cli.py:Epoch 36/100	test results	MRR 0.335916	H@1 0.245822	H@3 0.369369	H@5 0.433280	H@10 0.515489
INFO:meta-cli.py:Epoch 37/100	Loss 6.3553 ± 0.1054
INFO:meta-cli.py:Epoch 38/100	Loss 6.3495 ± 0.1063
INFO:meta-cli.py:Epoch 39/100	Loss 6.3429 ± 0.1015
INFO:meta-cli.py:Epoch 39/100	dev results	MRR 0.341896	H@1 0.251668	H@3 0.376390	H@5 0.440690	H@10 0.521756
INFO:meta-cli.py:Epoch 39/100	test results	MRR 0.335554	H@1 0.245480	H@3 0.368294	H@5 0.432620	H@10 0.515416
INFO:meta-cli.py:Epoch 40/100	Loss 6.3376 ± 0.1015
INFO:meta-cli.py:Epoch 41/100	Loss 6.3316 ± 0.1026
INFO:meta-cli.py:Epoch 42/100	Loss 6.3259 ± 0.1017
INFO:meta-cli.py:Epoch 42/100	dev results	MRR 0.341642	H@1 0.251497	H@3 0.375506	H@5 0.440405	H@10 0.522469
INFO:meta-cli.py:Epoch 42/100	test results	MRR 0.336223	H@1 0.246751	H@3 0.368636	H@5 0.432229	H@10 0.515562
INFO:meta-cli.py:Epoch 43/100	Loss 6.3217 ± 0.1068
INFO:meta-cli.py:Epoch 44/100	Loss 6.3163 ± 0.1045
INFO:meta-cli.py:Epoch 45/100	Loss 6.3111 ± 0.1001
INFO:meta-cli.py:Epoch 45/100	dev results	MRR 0.341034	H@1 0.250927	H@3 0.374993	H@5 0.438979	H@10 0.521871
INFO:meta-cli.py:Epoch 45/100	test results	MRR 0.334294	H@1 0.244283	H@3 0.367365	H@5 0.430665	H@10 0.514243
INFO:meta-cli.py:Epoch 46/100	Loss 6.3064 ± 0.0978
INFO:meta-cli.py:Epoch 47/100	Loss 6.3017 ± 0.0967
INFO:meta-cli.py:Epoch 48/100	Loss 6.2971 ± 0.1019
INFO:meta-cli.py:Epoch 48/100	dev results	MRR 0.341095	H@1 0.250784	H@3 0.375135	H@5 0.440291	H@10 0.521956
INFO:meta-cli.py:Epoch 48/100	test results	MRR 0.334069	H@1 0.243819	H@3 0.366755	H@5 0.430763	H@10 0.514365
INFO:meta-cli.py:Epoch 49/100	Loss 6.2930 ± 0.0997
INFO:meta-cli.py:Epoch 50/100	Loss 6.2888 ± 0.1001
INFO:meta-cli.py:Epoch 51/100	Loss 6.2847 ± 0.0958
INFO:meta-cli.py:Epoch 51/100	dev results	MRR 0.341067	H@1 0.250442	H@3 0.375592	H@5 0.439350	H@10 0.522156
INFO:meta-cli.py:Epoch 51/100	test results	MRR 0.333966	H@1 0.243550	H@3 0.367365	H@5 0.431203	H@10 0.514072
INFO:meta-cli.py:Epoch 52/100	Loss 6.2805 ± 0.0952
INFO:meta-cli.py:Epoch 53/100	Loss 6.2764 ± 0.0968
INFO:meta-cli.py:Epoch 54/100	Loss 6.2724 ± 0.0967
INFO:meta-cli.py:Epoch 54/100	dev results	MRR 0.339857	H@1 0.249301	H@3 0.374879	H@5 0.438409	H@10 0.521101
INFO:meta-cli.py:Epoch 54/100	test results	MRR 0.333469	H@1 0.243721	H@3 0.367243	H@5 0.430372	H@10 0.513461
INFO:meta-cli.py:Epoch 55/100	Loss 6.2690 ± 0.0995
INFO:meta-cli.py:Epoch 56/100	Loss 6.2650 ± 0.0977
INFO:meta-cli.py:Epoch 57/100	Loss 6.2621 ± 0.0993
INFO:meta-cli.py:Epoch 57/100	dev results	MRR 0.340086	H@1 0.249758	H@3 0.374964	H@5 0.438608	H@10 0.519846
INFO:meta-cli.py:Epoch 57/100	test results	MRR 0.333183	H@1 0.243306	H@3 0.366535	H@5 0.430372	H@10 0.513803
INFO:meta-cli.py:Epoch 58/100	Loss 6.2579 ± 0.0961
INFO:meta-cli.py:Epoch 59/100	Loss 6.2548 ± 0.0956
INFO:meta-cli.py:Epoch 60/100	Loss 6.2514 ± 0.0938
INFO:meta-cli.py:Epoch 60/100	dev results	MRR 0.340093	H@1 0.249672	H@3 0.374879	H@5 0.438723	H@10 0.520930
INFO:meta-cli.py:Epoch 60/100	test results	MRR 0.332934	H@1 0.242964	H@3 0.366071	H@5 0.428564	H@10 0.513193
INFO:meta-cli.py:Epoch 61/100	Loss 6.2484 ± 0.0982
INFO:meta-cli.py:Epoch 62/100	Loss 6.2451 ± 0.0958
INFO:meta-cli.py:Epoch 63/100	Loss 6.2422 ± 0.0949
INFO:meta-cli.py:Epoch 63/100	dev results	MRR 0.340500	H@1 0.250927	H@3 0.373196	H@5 0.438067	H@10 0.520160
INFO:meta-cli.py:Epoch 63/100	test results	MRR 0.333736	H@1 0.244479	H@3 0.366339	H@5 0.429713	H@10 0.512655
INFO:meta-cli.py:Epoch 64/100	Loss 6.2392 ± 0.0905
INFO:meta-cli.py:Epoch 65/100	Loss 6.2360 ± 0.0939
INFO:meta-cli.py:Epoch 66/100	Loss 6.2329 ± 0.0878
INFO:meta-cli.py:Epoch 66/100	dev results	MRR 0.340170	H@1 0.250955	H@3 0.373852	H@5 0.436755	H@10 0.519903
INFO:meta-cli.py:Epoch 66/100	test results	MRR 0.333111	H@1 0.243746	H@3 0.365973	H@5 0.429200	H@10 0.513119
INFO:meta-cli.py:Epoch 67/100	Loss 6.2303 ± 0.0942
INFO:meta-cli.py:Epoch 68/100	Loss 6.2277 ± 0.0953
INFO:meta-cli.py:Epoch 69/100	Loss 6.2250 ± 0.0925
INFO:meta-cli.py:Epoch 69/100	dev results	MRR 0.339821	H@1 0.250043	H@3 0.373596	H@5 0.437211	H@10 0.520530
INFO:meta-cli.py:Epoch 69/100	test results	MRR 0.332374	H@1 0.242524	H@3 0.365606	H@5 0.429126	H@10 0.512533
INFO:meta-cli.py:Epoch 70/100	Loss 6.2221 ± 0.0944
INFO:meta-cli.py:Epoch 71/100	Loss 6.2200 ± 0.0961
INFO:meta-cli.py:Epoch 72/100	Loss 6.2168 ± 0.0919
INFO:meta-cli.py:Epoch 72/100	dev results	MRR 0.339148	H@1 0.249301	H@3 0.373282	H@5 0.436356	H@10 0.519475
INFO:meta-cli.py:Epoch 72/100	test results	MRR 0.331593	H@1 0.241913	H@3 0.364556	H@5 0.428003	H@10 0.512167
INFO:meta-cli.py:Epoch 73/100	Loss 6.2142 ± 0.0904
INFO:meta-cli.py:Epoch 74/100	Loss 6.2117 ± 0.0948
INFO:meta-cli.py:Epoch 75/100	Loss 6.2097 ± 0.0902
INFO:meta-cli.py:Epoch 75/100	dev results	MRR 0.339204	H@1 0.249558	H@3 0.372569	H@5 0.435614	H@10 0.519019
INFO:meta-cli.py:Epoch 75/100	test results	MRR 0.331816	H@1 0.242109	H@3 0.364800	H@5 0.428174	H@10 0.511971
INFO:meta-cli.py:Epoch 76/100	Loss 6.2074 ± 0.0910
INFO:meta-cli.py:Epoch 77/100	Loss 6.2047 ± 0.0884
INFO:meta-cli.py:Epoch 78/100	Loss 6.2026 ± 0.0922
INFO:meta-cli.py:Epoch 78/100	dev results	MRR 0.338486	H@1 0.248617	H@3 0.371657	H@5 0.434987	H@10 0.518506
INFO:meta-cli.py:Epoch 78/100	test results	MRR 0.331332	H@1 0.241718	H@3 0.364287	H@5 0.427636	H@10 0.511507
INFO:meta-cli.py:Epoch 79/100	Loss 6.2001 ± 0.0890
INFO:meta-cli.py:Epoch 80/100	Loss 6.1979 ± 0.0894
INFO:meta-cli.py:Epoch 81/100	Loss 6.1958 ± 0.0953
INFO:meta-cli.py:Epoch 81/100	dev results	MRR 0.338961	H@1 0.249472	H@3 0.372341	H@5 0.436498	H@10 0.518278
INFO:meta-cli.py:Epoch 81/100	test results	MRR 0.331514	H@1 0.242133	H@3 0.364067	H@5 0.427929	H@10 0.511996
INFO:meta-cli.py:Epoch 82/100	Loss 6.1937 ± 0.0948
INFO:meta-cli.py:Epoch 83/100	Loss 6.1917 ± 0.0883
INFO:meta-cli.py:Epoch 84/100	Loss 6.1893 ± 0.0866
INFO:meta-cli.py:Epoch 84/100	dev results	MRR 0.338699	H@1 0.249330	H@3 0.372455	H@5 0.435757	H@10 0.517936
INFO:meta-cli.py:Epoch 84/100	test results	MRR 0.331558	H@1 0.242207	H@3 0.364825	H@5 0.426757	H@10 0.511507
INFO:meta-cli.py:Epoch 85/100	Loss 6.1874 ± 0.0867
INFO:meta-cli.py:Epoch 86/100	Loss 6.1857 ± 0.0870
INFO:meta-cli.py:Epoch 87/100	Loss 6.1831 ± 0.0879
INFO:meta-cli.py:Epoch 87/100	dev results	MRR 0.338541	H@1 0.249672	H@3 0.371343	H@5 0.434588	H@10 0.518392
INFO:meta-cli.py:Epoch 87/100	test results	MRR 0.330602	H@1 0.240643	H@3 0.363945	H@5 0.426439	H@10 0.510627
INFO:meta-cli.py:Epoch 88/100	Loss 6.1816 ± 0.0896
INFO:meta-cli.py:Epoch 89/100	Loss 6.1793 ± 0.0883
INFO:meta-cli.py:Epoch 90/100	Loss 6.1777 ± 0.0918
INFO:meta-cli.py:Epoch 90/100	dev results	MRR 0.337945	H@1 0.248446	H@3 0.372141	H@5 0.434816	H@10 0.517451
INFO:meta-cli.py:Epoch 90/100	test results	MRR 0.330685	H@1 0.241132	H@3 0.363847	H@5 0.425853	H@10 0.510505
INFO:meta-cli.py:Epoch 91/100	Loss 6.1760 ± 0.0861
INFO:meta-cli.py:Epoch 92/100	Loss 6.1736 ± 0.0886
INFO:meta-cli.py:Epoch 93/100	Loss 6.1716 ± 0.0834
INFO:meta-cli.py:Epoch 93/100	dev results	MRR 0.338137	H@1 0.249073	H@3 0.370431	H@5 0.434588	H@10 0.517337
INFO:meta-cli.py:Epoch 93/100	test results	MRR 0.330579	H@1 0.240936	H@3 0.363701	H@5 0.426415	H@10 0.509723
INFO:meta-cli.py:Epoch 94/100	Loss 6.1705 ± 0.0891
INFO:meta-cli.py:Epoch 95/100	Loss 6.1684 ± 0.0880
INFO:meta-cli.py:Epoch 96/100	Loss 6.1665 ± 0.0861
INFO:meta-cli.py:Epoch 96/100	dev results	MRR 0.338034	H@1 0.249187	H@3 0.370744	H@5 0.435016	H@10 0.517080
INFO:meta-cli.py:Epoch 96/100	test results	MRR 0.330194	H@1 0.240814	H@3 0.362968	H@5 0.426561	H@10 0.509894
INFO:meta-cli.py:Epoch 97/100	Loss 6.1647 ± 0.0913
INFO:meta-cli.py:Epoch 98/100	Loss 6.1633 ± 0.0817
INFO:meta-cli.py:Epoch 99/100	Loss 6.1617 ± 0.0905
INFO:meta-cli.py:Epoch 99/100	dev results	MRR 0.337702	H@1 0.248874	H@3 0.370431	H@5 0.433305	H@10 0.515968
INFO:meta-cli.py:Epoch 99/100	test results	MRR 0.329829	H@1 0.240399	H@3 0.362821	H@5 0.425315	H@10 0.509772
INFO:meta-cli.py:Epoch 100/100	Loss 6.1597 ± 0.0892
INFO:meta-cli.py:Final 	dev results	MRR 0.337794	H@1 0.248817	H@3 0.370459	H@5 0.433704	H@10 0.516310
INFO:meta-cli.py:Final 	test results	MRR 0.330012	H@1 0.240619	H@3 0.362895	H@5 0.424802	H@10 0.509284
INFO:meta-cli.py:Training finished
