./bin/kbc-cli.py --train data/fb15k-237/train.tsv --dev data/fb15k-237/dev.tsv --test data/fb15k-237/test.tsv -m complex -k 500 -b 500 -e 100 --F2 0.005 --N3 0 -l 0.1 -I reciprocal -V 3 -o adagrad -q
{'F2': 0.005,
 'N3': 0.0,
 'batch_size': 500,
 'dev': 'data/fb15k-237/dev.tsv',
 'embedding_size': 500,
 'epochs': 100,
 'eval_batch_size': None,
 'input_type': 'reciprocal',
 'learning_rate': 0.1,
 'load': None,
 'model': 'complex',
 'optimizer': 'adagrad',
 'quiet': True,
 'save': None,
 'seed': 0,
 'test': 'data/fb15k-237/test.tsv',
 'test_i': None,
 'test_ii': None,
 'train': 'data/fb15k-237/train.tsv',
 'validate_every': 3}
INFO:kbc-cli.py:Device: cuda
INFO:kbc-cli.py:Model state:
INFO:kbc-cli.py:	entities.weight	torch.Size([14541, 1000])
INFO:kbc-cli.py:	predicates.weight	torch.Size([474, 1000])
INFO:kbc-cli.py:Epoch 1/100	Loss 10.7662 ± 2.0989
INFO:kbc-cli.py:Epoch 2/100	Loss 7.6383 ± 0.1194
INFO:kbc-cli.py:Epoch 3/100	Loss 7.2062 ± 0.1581
INFO:kbc-cli.py:Epoch 3/100	dev results	MRR 0.328679	H@1 0.241175	H@3 0.359567	H@5 0.419447	H@10 0.506587
INFO:kbc-cli.py:Epoch 3/100	test results	MRR 0.323640	H@1 0.235171	H@3 0.354295	H@5 0.417937	H@10 0.501393
INFO:kbc-cli.py:Epoch 4/100	Loss 7.0172 ± 0.1593
INFO:kbc-cli.py:Epoch 5/100	Loss 6.9031 ± 0.1587
INFO:kbc-cli.py:Epoch 6/100	Loss 6.8233 ± 0.1610
INFO:kbc-cli.py:Epoch 6/100	dev results	MRR 0.333792	H@1 0.244625	H@3 0.366781	H@5 0.428685	H@10 0.514514
INFO:kbc-cli.py:Epoch 6/100	test results	MRR 0.327186	H@1 0.236074	H@3 0.361893	H@5 0.423727	H@10 0.509137
INFO:kbc-cli.py:Epoch 7/100	Loss 6.7643 ± 0.1593
INFO:kbc-cli.py:Epoch 8/100	Loss 6.7163 ± 0.1590
INFO:kbc-cli.py:Epoch 9/100	Loss 6.6778 ± 0.1574
INFO:kbc-cli.py:Epoch 9/100	dev results	MRR 0.336109	H@1 0.246593	H@3 0.368263	H@5 0.431309	H@10 0.517479
INFO:kbc-cli.py:Epoch 9/100	test results	MRR 0.329505	H@1 0.238542	H@3 0.363798	H@5 0.427367	H@10 0.509699
INFO:kbc-cli.py:Epoch 10/100	Loss 6.6449 ± 0.1521
INFO:kbc-cli.py:Epoch 11/100	Loss 6.6163 ± 0.1467
INFO:kbc-cli.py:Epoch 12/100	Loss 6.5919 ± 0.1483
INFO:kbc-cli.py:Epoch 12/100	dev results	MRR 0.337653	H@1 0.248047	H@3 0.371400	H@5 0.433276	H@10 0.519760
INFO:kbc-cli.py:Epoch 12/100	test results	MRR 0.332104	H@1 0.242207	H@3 0.365729	H@5 0.429346	H@10 0.512338
INFO:kbc-cli.py:Epoch 13/100	Loss 6.5702 ± 0.1493
INFO:kbc-cli.py:Epoch 14/100	Loss 6.5506 ± 0.1492
INFO:kbc-cli.py:Epoch 15/100	Loss 6.5329 ± 0.1387
INFO:kbc-cli.py:Epoch 15/100	dev results	MRR 0.337867	H@1 0.247505	H@3 0.370402	H@5 0.432849	H@10 0.520502
INFO:kbc-cli.py:Epoch 15/100	test results	MRR 0.332540	H@1 0.242524	H@3 0.365924	H@5 0.428516	H@10 0.512020
INFO:kbc-cli.py:Epoch 16/100	Loss 6.5169 ± 0.1419
INFO:kbc-cli.py:Epoch 17/100	Loss 6.5023 ± 0.1395
INFO:kbc-cli.py:Epoch 18/100	Loss 6.4886 ± 0.1324
INFO:kbc-cli.py:Epoch 18/100	dev results	MRR 0.339007	H@1 0.249786	H@3 0.371400	H@5 0.433733	H@10 0.521614
INFO:kbc-cli.py:Epoch 18/100	test results	MRR 0.332768	H@1 0.243135	H@3 0.366119	H@5 0.429029	H@10 0.513461
INFO:kbc-cli.py:Epoch 19/100	Loss 6.4763 ± 0.1343
INFO:kbc-cli.py:Epoch 20/100	Loss 6.4643 ± 0.1328
INFO:kbc-cli.py:Epoch 21/100	Loss 6.4535 ± 0.1297
INFO:kbc-cli.py:Epoch 21/100	dev results	MRR 0.339042	H@1 0.250043	H@3 0.369889	H@5 0.434559	H@10 0.520758
INFO:kbc-cli.py:Epoch 21/100	test results	MRR 0.333469	H@1 0.243795	H@3 0.365997	H@5 0.429615	H@10 0.513974
INFO:kbc-cli.py:Epoch 22/100	Loss 6.4429 ± 0.1355
INFO:kbc-cli.py:Epoch 23/100	Loss 6.4337 ± 0.1313
INFO:kbc-cli.py:Epoch 24/100	Loss 6.4245 ± 0.1320
INFO:kbc-cli.py:Epoch 24/100	dev results	MRR 0.339049	H@1 0.249501	H@3 0.372313	H@5 0.435073	H@10 0.521443
INFO:kbc-cli.py:Epoch 24/100	test results	MRR 0.333702	H@1 0.244332	H@3 0.366242	H@5 0.428467	H@10 0.514585
INFO:kbc-cli.py:Epoch 25/100	Loss 6.4160 ± 0.1307
INFO:kbc-cli.py:Epoch 26/100	Loss 6.4077 ± 0.1317
INFO:kbc-cli.py:Epoch 27/100	Loss 6.3998 ± 0.1323
INFO:kbc-cli.py:Epoch 27/100	dev results	MRR 0.339005	H@1 0.249358	H@3 0.371172	H@5 0.434502	H@10 0.520473
INFO:kbc-cli.py:Epoch 27/100	test results	MRR 0.333077	H@1 0.242671	H@3 0.366779	H@5 0.430152	H@10 0.513046
INFO:kbc-cli.py:Epoch 28/100	Loss 6.3925 ± 0.1301
INFO:kbc-cli.py:Epoch 29/100	Loss 6.3855 ± 0.1272
INFO:kbc-cli.py:Epoch 30/100	Loss 6.3786 ± 0.1279
INFO:kbc-cli.py:Epoch 30/100	dev results	MRR 0.339333	H@1 0.249558	H@3 0.371457	H@5 0.434930	H@10 0.520274
INFO:kbc-cli.py:Epoch 30/100	test results	MRR 0.333469	H@1 0.243868	H@3 0.366388	H@5 0.428418	H@10 0.512582
INFO:kbc-cli.py:Epoch 31/100	Loss 6.3721 ± 0.1270
INFO:kbc-cli.py:Epoch 32/100	Loss 6.3660 ± 0.1305
INFO:kbc-cli.py:Epoch 33/100	Loss 6.3599 ± 0.1268
INFO:kbc-cli.py:Epoch 33/100	dev results	MRR 0.339368	H@1 0.249957	H@3 0.370887	H@5 0.435672	H@10 0.520930
INFO:kbc-cli.py:Epoch 33/100	test results	MRR 0.333829	H@1 0.244308	H@3 0.367439	H@5 0.429224	H@10 0.513266
INFO:kbc-cli.py:Epoch 34/100	Loss 6.3542 ± 0.1228
INFO:kbc-cli.py:Epoch 35/100	Loss 6.3488 ± 0.1262
INFO:kbc-cli.py:Epoch 36/100	Loss 6.3433 ± 0.1274
INFO:kbc-cli.py:Epoch 36/100	dev results	MRR 0.339503	H@1 0.250385	H@3 0.372027	H@5 0.436128	H@10 0.519789
INFO:kbc-cli.py:Epoch 36/100	test results	MRR 0.333811	H@1 0.244479	H@3 0.367317	H@5 0.428809	H@10 0.512875
INFO:kbc-cli.py:Epoch 37/100	Loss 6.3381 ± 0.1254
INFO:kbc-cli.py:Epoch 38/100	Loss 6.3333 ± 0.1249
INFO:kbc-cli.py:Epoch 39/100	Loss 6.3282 ± 0.1216
INFO:kbc-cli.py:Epoch 39/100	dev results	MRR 0.338553	H@1 0.248874	H@3 0.371486	H@5 0.434987	H@10 0.519418
INFO:kbc-cli.py:Epoch 39/100	test results	MRR 0.332688	H@1 0.242426	H@3 0.366877	H@5 0.429957	H@10 0.513266
INFO:kbc-cli.py:Epoch 40/100	Loss 6.3237 ± 0.1211
INFO:kbc-cli.py:Epoch 41/100	Loss 6.3189 ± 0.1214
INFO:kbc-cli.py:Epoch 42/100	Loss 6.3143 ± 0.1224
INFO:kbc-cli.py:Epoch 42/100	dev results	MRR 0.339127	H@1 0.249900	H@3 0.372997	H@5 0.434845	H@10 0.519247
INFO:kbc-cli.py:Epoch 42/100	test results	MRR 0.333466	H@1 0.244210	H@3 0.365777	H@5 0.430494	H@10 0.511678
INFO:kbc-cli.py:Epoch 43/100	Loss 6.3105 ± 0.1242
INFO:kbc-cli.py:Epoch 44/100	Loss 6.3062 ± 0.1237
INFO:kbc-cli.py:Epoch 45/100	Loss 6.3020 ± 0.1207
INFO:kbc-cli.py:Epoch 45/100	dev results	MRR 0.338839	H@1 0.249957	H@3 0.371143	H@5 0.434246	H@10 0.519589
INFO:kbc-cli.py:Epoch 45/100	test results	MRR 0.332012	H@1 0.242207	H@3 0.365851	H@5 0.428662	H@10 0.511727
INFO:kbc-cli.py:Epoch 46/100	Loss 6.2981 ± 0.1183
INFO:kbc-cli.py:Epoch 47/100	Loss 6.2941 ± 0.1162
INFO:kbc-cli.py:Epoch 48/100	Loss 6.2904 ± 0.1201
INFO:kbc-cli.py:Epoch 48/100	dev results	MRR 0.338975	H@1 0.250100	H@3 0.371543	H@5 0.433618	H@10 0.519675
INFO:kbc-cli.py:Epoch 48/100	test results	MRR 0.332457	H@1 0.242891	H@3 0.365582	H@5 0.428442	H@10 0.511434
INFO:kbc-cli.py:Epoch 49/100	Loss 6.2868 ± 0.1191
INFO:kbc-cli.py:Epoch 50/100	Loss 6.2833 ± 0.1211
INFO:kbc-cli.py:Epoch 51/100	Loss 6.2798 ± 0.1160
INFO:kbc-cli.py:Epoch 51/100	dev results	MRR 0.338653	H@1 0.249530	H@3 0.371685	H@5 0.434046	H@10 0.519019
INFO:kbc-cli.py:Epoch 51/100	test results	MRR 0.331905	H@1 0.242109	H@3 0.365851	H@5 0.428491	H@10 0.511385
INFO:kbc-cli.py:Epoch 52/100	Loss 6.2763 ± 0.1167
INFO:kbc-cli.py:Epoch 53/100	Loss 6.2730 ± 0.1156
INFO:kbc-cli.py:Epoch 54/100	Loss 6.2696 ± 0.1179
INFO:kbc-cli.py:Epoch 54/100	dev results	MRR 0.338402	H@1 0.249530	H@3 0.371457	H@5 0.433561	H@10 0.518677
INFO:kbc-cli.py:Epoch 54/100	test results	MRR 0.331790	H@1 0.241987	H@3 0.365606	H@5 0.427441	H@10 0.510921
INFO:kbc-cli.py:Epoch 55/100	Loss 6.2665 ± 0.1184
INFO:kbc-cli.py:Epoch 56/100	Loss 6.2634 ± 0.1192
INFO:kbc-cli.py:Epoch 57/100	Loss 6.2606 ± 0.1174
INFO:kbc-cli.py:Epoch 57/100	dev results	MRR 0.338291	H@1 0.249472	H@3 0.371571	H@5 0.432392	H@10 0.517508
INFO:kbc-cli.py:Epoch 57/100	test results	MRR 0.331960	H@1 0.242378	H@3 0.366022	H@5 0.427563	H@10 0.511311
INFO:kbc-cli.py:Epoch 58/100	Loss 6.2573 ± 0.1169
INFO:kbc-cli.py:Epoch 59/100	Loss 6.2544 ± 0.1166
INFO:kbc-cli.py:Epoch 60/100	Loss 6.2515 ± 0.1146
INFO:kbc-cli.py:Epoch 60/100	dev results	MRR 0.338286	H@1 0.249159	H@3 0.371200	H@5 0.434046	H@10 0.517679
INFO:kbc-cli.py:Epoch 60/100	test results	MRR 0.332162	H@1 0.243013	H@3 0.365509	H@5 0.428296	H@10 0.510823
INFO:kbc-cli.py:Epoch 61/100	Loss 6.2488 ± 0.1188
INFO:kbc-cli.py:Epoch 62/100	Loss 6.2459 ± 0.1158
INFO:kbc-cli.py:Epoch 63/100	Loss 6.2434 ± 0.1159
INFO:kbc-cli.py:Epoch 63/100	dev results	MRR 0.338655	H@1 0.250043	H@3 0.371257	H@5 0.433533	H@10 0.517679
INFO:kbc-cli.py:Epoch 63/100	test results	MRR 0.331951	H@1 0.242500	H@3 0.365313	H@5 0.428955	H@10 0.510652
INFO:kbc-cli.py:Epoch 64/100	Loss 6.2407 ± 0.1122
INFO:kbc-cli.py:Epoch 65/100	Loss 6.2380 ± 0.1154
INFO:kbc-cli.py:Epoch 66/100	Loss 6.2353 ± 0.1101
INFO:kbc-cli.py:Epoch 66/100	dev results	MRR 0.338066	H@1 0.249558	H@3 0.370088	H@5 0.433020	H@10 0.517736
INFO:kbc-cli.py:Epoch 66/100	test results	MRR 0.331208	H@1 0.241376	H@3 0.365777	H@5 0.428442	H@10 0.510579
INFO:kbc-cli.py:Epoch 67/100	Loss 6.2330 ± 0.1161
INFO:kbc-cli.py:Epoch 68/100	Loss 6.2306 ± 0.1175
INFO:kbc-cli.py:Epoch 69/100	Loss 6.2281 ± 0.1157
INFO:kbc-cli.py:Epoch 69/100	dev results	MRR 0.338411	H@1 0.250043	H@3 0.370545	H@5 0.433248	H@10 0.516823
INFO:kbc-cli.py:Epoch 69/100	test results	MRR 0.331463	H@1 0.241938	H@3 0.365631	H@5 0.428931	H@10 0.510041
INFO:kbc-cli.py:Epoch 70/100	Loss 6.2257 ± 0.1169
INFO:kbc-cli.py:Epoch 71/100	Loss 6.2236 ± 0.1167
INFO:kbc-cli.py:Epoch 72/100	Loss 6.2210 ± 0.1150
INFO:kbc-cli.py:Epoch 72/100	dev results	MRR 0.338001	H@1 0.249330	H@3 0.369860	H@5 0.433276	H@10 0.516225
INFO:kbc-cli.py:Epoch 72/100	test results	MRR 0.330806	H@1 0.241327	H@3 0.364336	H@5 0.428320	H@10 0.508868
INFO:kbc-cli.py:Epoch 73/100	Loss 6.2187 ± 0.1116
INFO:kbc-cli.py:Epoch 74/100	Loss 6.2164 ± 0.1159
INFO:kbc-cli.py:Epoch 75/100	Loss 6.2144 ± 0.1110
INFO:kbc-cli.py:Epoch 75/100	dev results	MRR 0.337538	H@1 0.248589	H@3 0.369404	H@5 0.432678	H@10 0.516738
INFO:kbc-cli.py:Epoch 75/100	test results	MRR 0.330728	H@1 0.241058	H@3 0.364605	H@5 0.428393	H@10 0.509186
INFO:kbc-cli.py:Epoch 76/100	Loss 6.2122 ± 0.1121
INFO:kbc-cli.py:Epoch 77/100	Loss 6.2100 ± 0.1105
INFO:kbc-cli.py:Epoch 78/100	Loss 6.2080 ± 0.1157
INFO:kbc-cli.py:Epoch 78/100	dev results	MRR 0.336921	H@1 0.247933	H@3 0.369689	H@5 0.432022	H@10 0.516282
INFO:kbc-cli.py:Epoch 78/100	test results	MRR 0.330220	H@1 0.240643	H@3 0.364434	H@5 0.428418	H@10 0.508429
INFO:kbc-cli.py:Epoch 79/100	Loss 6.2058 ± 0.1104
INFO:kbc-cli.py:Epoch 80/100	Loss 6.2038 ± 0.1115
INFO:kbc-cli.py:Epoch 81/100	Loss 6.2019 ± 0.1172
INFO:kbc-cli.py:Epoch 81/100	dev results	MRR 0.337673	H@1 0.249130	H@3 0.370317	H@5 0.432820	H@10 0.515312
INFO:kbc-cli.py:Epoch 81/100	test results	MRR 0.330559	H@1 0.241034	H@3 0.364458	H@5 0.428613	H@10 0.508600
INFO:kbc-cli.py:Epoch 82/100	Loss 6.1999 ± 0.1162
INFO:kbc-cli.py:Epoch 83/100	Loss 6.1980 ± 0.1107
INFO:kbc-cli.py:Epoch 84/100	Loss 6.1959 ± 0.1094
INFO:kbc-cli.py:Epoch 84/100	dev results	MRR 0.337013	H@1 0.247847	H@3 0.370031	H@5 0.432079	H@10 0.516139
INFO:kbc-cli.py:Epoch 84/100	test results	MRR 0.329983	H@1 0.239788	H@3 0.364189	H@5 0.428271	H@10 0.507842
INFO:kbc-cli.py:Epoch 85/100	Loss 6.1941 ± 0.1100
INFO:kbc-cli.py:Epoch 86/100	Loss 6.1923 ± 0.1094
INFO:kbc-cli.py:Epoch 87/100	Loss 6.1903 ± 0.1101
INFO:kbc-cli.py:Epoch 87/100	dev results	MRR 0.336593	H@1 0.247534	H@3 0.369090	H@5 0.431765	H@10 0.515341
INFO:kbc-cli.py:Epoch 87/100	test results	MRR 0.330215	H@1 0.240448	H@3 0.364409	H@5 0.427978	H@10 0.508282
INFO:kbc-cli.py:Epoch 88/100	Loss 6.1886 ± 0.1128
INFO:kbc-cli.py:Epoch 89/100	Loss 6.1867 ± 0.1111
INFO:kbc-cli.py:Epoch 90/100	Loss 6.1850 ± 0.1117
INFO:kbc-cli.py:Epoch 90/100	dev results	MRR 0.336646	H@1 0.247762	H@3 0.369632	H@5 0.431651	H@10 0.514229
INFO:kbc-cli.py:Epoch 90/100	test results	MRR 0.329324	H@1 0.239079	H@3 0.364116	H@5 0.427929	H@10 0.507134
INFO:kbc-cli.py:Epoch 91/100	Loss 6.1834 ± 0.1083
INFO:kbc-cli.py:Epoch 92/100	Loss 6.1814 ± 0.1121
INFO:kbc-cli.py:Epoch 93/100	Loss 6.1797 ± 0.1072
INFO:kbc-cli.py:Epoch 93/100	dev results	MRR 0.336420	H@1 0.247648	H@3 0.369290	H@5 0.431223	H@10 0.514770
INFO:kbc-cli.py:Epoch 93/100	test results	MRR 0.329753	H@1 0.240179	H@3 0.364018	H@5 0.427147	H@10 0.506889
INFO:kbc-cli.py:Epoch 94/100	Loss 6.1782 ± 0.1116
INFO:kbc-cli.py:Epoch 95/100	Loss 6.1764 ± 0.1093
INFO:kbc-cli.py:Epoch 96/100	Loss 6.1748 ± 0.1083
INFO:kbc-cli.py:Epoch 96/100	dev results	MRR 0.336071	H@1 0.246963	H@3 0.368720	H@5 0.430938	H@10 0.515113
INFO:kbc-cli.py:Epoch 96/100	test results	MRR 0.329357	H@1 0.239421	H@3 0.363847	H@5 0.426488	H@10 0.506254
INFO:kbc-cli.py:Epoch 97/100	Loss 6.1731 ± 0.1093
INFO:kbc-cli.py:Epoch 98/100	Loss 6.1716 ± 0.1051
INFO:kbc-cli.py:Epoch 99/100	Loss 6.1700 ± 0.1122
INFO:kbc-cli.py:Epoch 99/100	dev results	MRR 0.336360	H@1 0.247648	H@3 0.369090	H@5 0.431737	H@10 0.514343
INFO:kbc-cli.py:Epoch 99/100	test results	MRR 0.329106	H@1 0.239275	H@3 0.362943	H@5 0.426512	H@10 0.507280
INFO:kbc-cli.py:Epoch 100/100	Loss 6.1683 ± 0.1125
INFO:kbc-cli.py:Final 	dev results	MRR 0.336117	H@1 0.247077	H@3 0.368834	H@5 0.431594	H@10 0.514742
INFO:kbc-cli.py:Final 	test results	MRR 0.328937	H@1 0.239177	H@3 0.362626	H@5 0.426903	H@10 0.506621
INFO:kbc-cli.py:Training finished
