./bin/meta-cli.py --train data/fb15k-237/train.tsv --dev data/fb15k-237/dev.tsv --test data/fb15k-237/test.tsv -m complex -k 4000 -b 1000 -e 100 --F2 0.01 --N3 0 -l 0.1 -I standard -V 3 -o adagrad -q
{'F2': 0.01,
 'N3': 0.0,
 'batch_size': 1000,
 'dev': 'data/fb15k-237/dev.tsv',
 'embedding_size': 4000,
 'epochs': 100,
 'eval_batch_size': None,
 'input_type': 'standard',
 'learning_rate': 0.1,
 'load': None,
 'model': 'complex',
 'optimizer': 'adagrad',
 'quiet': True,
 'save': None,
 'seed': 0,
 'test': 'data/fb15k-237/test.tsv',
 'test_i': None,
 'test_ii': None,
 'train': 'data/fb15k-237/train.tsv',
 'validate_every': 3}
INFO:meta-cli.py:Device: cuda
INFO:meta-cli.py:Model state:
INFO:meta-cli.py:	entities.weight	torch.Size([14541, 8000])
INFO:meta-cli.py:	predicates.weight	torch.Size([237, 8000])
INFO:meta-cli.py:Epoch 1/100	Loss 14.0318 ± 2.4410
INFO:meta-cli.py:Epoch 2/100	Loss 9.8907 ± 0.0917
INFO:meta-cli.py:Epoch 3/100	Loss 8.8977 ± 0.1807
INFO:meta-cli.py:Epoch 3/100	dev results	MRR 0.331534	H@1 0.241260	H@3 0.364271	H@5 0.428514	H@10 0.515198
INFO:meta-cli.py:Epoch 3/100	test results	MRR 0.322881	H@1 0.231897	H@3 0.353977	H@5 0.420136	H@10 0.508722
INFO:meta-cli.py:Epoch 4/100	Loss 8.4617 ± 0.2033
INFO:meta-cli.py:Epoch 5/100	Loss 8.2124 ± 0.2076
INFO:meta-cli.py:Epoch 6/100	Loss 8.0420 ± 0.1978
INFO:meta-cli.py:Epoch 6/100	dev results	MRR 0.340657	H@1 0.248560	H@3 0.374793	H@5 0.439464	H@10 0.526461
INFO:meta-cli.py:Epoch 6/100	test results	MRR 0.333316	H@1 0.241400	H@3 0.365729	H@5 0.433084	H@10 0.518934
INFO:meta-cli.py:Epoch 7/100	Loss 7.9191 ± 0.1910
INFO:meta-cli.py:Epoch 8/100	Loss 7.8223 ± 0.1895
INFO:meta-cli.py:Epoch 9/100	Loss 7.7451 ± 0.1896
INFO:meta-cli.py:Epoch 9/100	dev results	MRR 0.342904	H@1 0.251982	H@3 0.375763	H@5 0.439093	H@10 0.526918
INFO:meta-cli.py:Epoch 9/100	test results	MRR 0.336089	H@1 0.244381	H@3 0.370566	H@5 0.434232	H@10 0.519251
INFO:meta-cli.py:Epoch 10/100	Loss 7.6796 ± 0.1783
INFO:meta-cli.py:Epoch 11/100	Loss 7.6231 ± 0.1837
INFO:meta-cli.py:Epoch 12/100	Loss 7.5769 ± 0.1827
INFO:meta-cli.py:Epoch 12/100	dev results	MRR 0.341933	H@1 0.251098	H@3 0.373653	H@5 0.440006	H@10 0.526461
INFO:meta-cli.py:Epoch 12/100	test results	MRR 0.334225	H@1 0.243037	H@3 0.367365	H@5 0.433377	H@10 0.519056
INFO:meta-cli.py:Epoch 13/100	Loss 7.5345 ± 0.1705
INFO:meta-cli.py:Epoch 14/100	Loss 7.4969 ± 0.1757
INFO:meta-cli.py:Epoch 15/100	Loss 7.4625 ± 0.1668
INFO:meta-cli.py:Epoch 15/100	dev results	MRR 0.342638	H@1 0.252324	H@3 0.374052	H@5 0.440177	H@10 0.526490
INFO:meta-cli.py:Epoch 15/100	test results	MRR 0.334701	H@1 0.243966	H@3 0.367243	H@5 0.433866	H@10 0.519716
INFO:meta-cli.py:Epoch 16/100	Loss 7.4329 ± 0.1649
INFO:meta-cli.py:Epoch 17/100	Loss 7.4065 ± 0.1646
INFO:meta-cli.py:Epoch 18/100	Loss 7.3808 ± 0.1626
INFO:meta-cli.py:Epoch 18/100	dev results	MRR 0.343171	H@1 0.253122	H@3 0.373710	H@5 0.440405	H@10 0.527089
INFO:meta-cli.py:Epoch 18/100	test results	MRR 0.334729	H@1 0.243770	H@3 0.367976	H@5 0.432473	H@10 0.518079
INFO:meta-cli.py:Epoch 19/100	Loss 7.3567 ± 0.1539
INFO:meta-cli.py:Epoch 20/100	Loss 7.3355 ± 0.1540
INFO:meta-cli.py:Epoch 21/100	Loss 7.3161 ± 0.1457
INFO:meta-cli.py:Epoch 21/100	dev results	MRR 0.343065	H@1 0.254291	H@3 0.373767	H@5 0.438780	H@10 0.523268
INFO:meta-cli.py:Epoch 21/100	test results	MRR 0.334712	H@1 0.244308	H@3 0.368367	H@5 0.433646	H@10 0.516931
INFO:meta-cli.py:Epoch 22/100	Loss 7.2984 ± 0.1511
INFO:meta-cli.py:Epoch 23/100	Loss 7.2792 ± 0.1494
INFO:meta-cli.py:Epoch 24/100	Loss 7.2636 ± 0.1456
INFO:meta-cli.py:Epoch 24/100	dev results	MRR 0.341933	H@1 0.252552	H@3 0.372769	H@5 0.438295	H@10 0.523867
INFO:meta-cli.py:Epoch 24/100	test results	MRR 0.334669	H@1 0.244845	H@3 0.366266	H@5 0.432082	H@10 0.515807
INFO:meta-cli.py:Epoch 25/100	Loss 7.2473 ± 0.1443
INFO:meta-cli.py:Epoch 26/100	Loss 7.2321 ± 0.1413
INFO:meta-cli.py:Epoch 27/100	Loss 7.2200 ± 0.1429
INFO:meta-cli.py:Epoch 27/100	dev results	MRR 0.342095	H@1 0.252951	H@3 0.373852	H@5 0.438494	H@10 0.523125
INFO:meta-cli.py:Epoch 27/100	test results	MRR 0.334283	H@1 0.244552	H@3 0.366461	H@5 0.431740	H@10 0.515147
INFO:meta-cli.py:Epoch 28/100	Loss 7.2070 ± 0.1374
INFO:meta-cli.py:Epoch 29/100	Loss 7.1939 ± 0.1341
INFO:meta-cli.py:Epoch 30/100	Loss 7.1819 ± 0.1354
INFO:meta-cli.py:Epoch 30/100	dev results	MRR 0.340868	H@1 0.251583	H@3 0.372341	H@5 0.437325	H@10 0.521928
INFO:meta-cli.py:Epoch 30/100	test results	MRR 0.333317	H@1 0.243086	H@3 0.366119	H@5 0.431008	H@10 0.514023
INFO:meta-cli.py:Epoch 31/100	Loss 7.1705 ± 0.1322
INFO:meta-cli.py:Epoch 32/100	Loss 7.1593 ± 0.1342
INFO:meta-cli.py:Epoch 33/100	Loss nan ± nan
INFO:meta-cli.py:Epoch 33/100	dev results	MRR 0.000434	H@1 0.000000	H@3 0.000000	H@5 0.000057	H@10 0.000057
INFO:meta-cli.py:Epoch 33/100	test results	MRR 0.000421	H@1 0.000000	H@3 0.000000	H@5 0.000000	H@10 0.000024
INFO:meta-cli.py:Epoch 34/100	Loss nan ± nan
INFO:meta-cli.py:Epoch 35/100	Loss nan ± nan
INFO:meta-cli.py:Epoch 36/100	Loss nan ± nan
INFO:meta-cli.py:Epoch 36/100	dev results	MRR 0.000434	H@1 0.000000	H@3 0.000000	H@5 0.000057	H@10 0.000057
INFO:meta-cli.py:Epoch 36/100	test results	MRR 0.000421	H@1 0.000000	H@3 0.000000	H@5 0.000000	H@10 0.000024
INFO:meta-cli.py:Epoch 37/100	Loss nan ± nan
INFO:meta-cli.py:Epoch 38/100	Loss nan ± nan
INFO:meta-cli.py:Epoch 39/100	Loss nan ± nan
INFO:meta-cli.py:Epoch 39/100	dev results	MRR 0.000434	H@1 0.000000	H@3 0.000000	H@5 0.000057	H@10 0.000057
INFO:meta-cli.py:Epoch 39/100	test results	MRR 0.000421	H@1 0.000000	H@3 0.000000	H@5 0.000000	H@10 0.000024
INFO:meta-cli.py:Epoch 40/100	Loss nan ± nan
INFO:meta-cli.py:Epoch 41/100	Loss nan ± nan
INFO:meta-cli.py:Epoch 42/100	Loss nan ± nan
INFO:meta-cli.py:Epoch 42/100	dev results	MRR 0.000434	H@1 0.000000	H@3 0.000000	H@5 0.000057	H@10 0.000057
INFO:meta-cli.py:Epoch 42/100	test results	MRR 0.000421	H@1 0.000000	H@3 0.000000	H@5 0.000000	H@10 0.000024
INFO:meta-cli.py:Epoch 43/100	Loss nan ± nan
INFO:meta-cli.py:Epoch 44/100	Loss nan ± nan
INFO:meta-cli.py:Epoch 45/100	Loss nan ± nan
INFO:meta-cli.py:Epoch 45/100	dev results	MRR 0.000434	H@1 0.000000	H@3 0.000000	H@5 0.000057	H@10 0.000057
INFO:meta-cli.py:Epoch 45/100	test results	MRR 0.000421	H@1 0.000000	H@3 0.000000	H@5 0.000000	H@10 0.000024
INFO:meta-cli.py:Epoch 46/100	Loss nan ± nan
INFO:meta-cli.py:Epoch 47/100	Loss nan ± nan
INFO:meta-cli.py:Epoch 48/100	Loss nan ± nan
INFO:meta-cli.py:Epoch 48/100	dev results	MRR 0.000434	H@1 0.000000	H@3 0.000000	H@5 0.000057	H@10 0.000057
INFO:meta-cli.py:Epoch 48/100	test results	MRR 0.000421	H@1 0.000000	H@3 0.000000	H@5 0.000000	H@10 0.000024
INFO:meta-cli.py:Epoch 49/100	Loss nan ± nan
INFO:meta-cli.py:Epoch 50/100	Loss nan ± nan
INFO:meta-cli.py:Epoch 51/100	Loss nan ± nan
INFO:meta-cli.py:Epoch 51/100	dev results	MRR 0.000434	H@1 0.000000	H@3 0.000000	H@5 0.000057	H@10 0.000057
INFO:meta-cli.py:Epoch 51/100	test results	MRR 0.000421	H@1 0.000000	H@3 0.000000	H@5 0.000000	H@10 0.000024
INFO:meta-cli.py:Epoch 52/100	Loss nan ± nan
INFO:meta-cli.py:Epoch 53/100	Loss nan ± nan
INFO:meta-cli.py:Epoch 54/100	Loss nan ± nan
INFO:meta-cli.py:Epoch 54/100	dev results	MRR 0.000434	H@1 0.000000	H@3 0.000000	H@5 0.000057	H@10 0.000057
INFO:meta-cli.py:Epoch 54/100	test results	MRR 0.000421	H@1 0.000000	H@3 0.000000	H@5 0.000000	H@10 0.000024
INFO:meta-cli.py:Epoch 55/100	Loss nan ± nan
INFO:meta-cli.py:Epoch 56/100	Loss nan ± nan
INFO:meta-cli.py:Epoch 57/100	Loss nan ± nan
INFO:meta-cli.py:Epoch 57/100	dev results	MRR 0.000434	H@1 0.000000	H@3 0.000000	H@5 0.000057	H@10 0.000057
INFO:meta-cli.py:Epoch 57/100	test results	MRR 0.000421	H@1 0.000000	H@3 0.000000	H@5 0.000000	H@10 0.000024
INFO:meta-cli.py:Epoch 58/100	Loss nan ± nan
INFO:meta-cli.py:Epoch 59/100	Loss nan ± nan
INFO:meta-cli.py:Epoch 60/100	Loss nan ± nan
INFO:meta-cli.py:Epoch 60/100	dev results	MRR 0.000434	H@1 0.000000	H@3 0.000000	H@5 0.000057	H@10 0.000057
INFO:meta-cli.py:Epoch 60/100	test results	MRR 0.000421	H@1 0.000000	H@3 0.000000	H@5 0.000000	H@10 0.000024
INFO:meta-cli.py:Epoch 61/100	Loss nan ± nan
INFO:meta-cli.py:Epoch 62/100	Loss nan ± nan
INFO:meta-cli.py:Epoch 63/100	Loss nan ± nan
INFO:meta-cli.py:Epoch 63/100	dev results	MRR 0.000434	H@1 0.000000	H@3 0.000000	H@5 0.000057	H@10 0.000057
INFO:meta-cli.py:Epoch 63/100	test results	MRR 0.000421	H@1 0.000000	H@3 0.000000	H@5 0.000000	H@10 0.000024
INFO:meta-cli.py:Epoch 64/100	Loss nan ± nan
INFO:meta-cli.py:Epoch 65/100	Loss nan ± nan
INFO:meta-cli.py:Epoch 66/100	Loss nan ± nan
INFO:meta-cli.py:Epoch 66/100	dev results	MRR 0.000434	H@1 0.000000	H@3 0.000000	H@5 0.000057	H@10 0.000057
INFO:meta-cli.py:Epoch 66/100	test results	MRR 0.000421	H@1 0.000000	H@3 0.000000	H@5 0.000000	H@10 0.000024
INFO:meta-cli.py:Epoch 67/100	Loss nan ± nan
INFO:meta-cli.py:Epoch 68/100	Loss nan ± nan
INFO:meta-cli.py:Epoch 69/100	Loss nan ± nan
INFO:meta-cli.py:Epoch 69/100	dev results	MRR 0.000434	H@1 0.000000	H@3 0.000000	H@5 0.000057	H@10 0.000057
INFO:meta-cli.py:Epoch 69/100	test results	MRR 0.000421	H@1 0.000000	H@3 0.000000	H@5 0.000000	H@10 0.000024
INFO:meta-cli.py:Epoch 70/100	Loss nan ± nan
INFO:meta-cli.py:Epoch 71/100	Loss nan ± nan
INFO:meta-cli.py:Epoch 72/100	Loss nan ± nan
INFO:meta-cli.py:Epoch 72/100	dev results	MRR 0.000434	H@1 0.000000	H@3 0.000000	H@5 0.000057	H@10 0.000057
INFO:meta-cli.py:Epoch 72/100	test results	MRR 0.000421	H@1 0.000000	H@3 0.000000	H@5 0.000000	H@10 0.000024
INFO:meta-cli.py:Epoch 73/100	Loss nan ± nan
INFO:meta-cli.py:Epoch 74/100	Loss nan ± nan
INFO:meta-cli.py:Epoch 75/100	Loss nan ± nan
INFO:meta-cli.py:Epoch 75/100	dev results	MRR 0.000434	H@1 0.000000	H@3 0.000000	H@5 0.000057	H@10 0.000057
INFO:meta-cli.py:Epoch 75/100	test results	MRR 0.000421	H@1 0.000000	H@3 0.000000	H@5 0.000000	H@10 0.000024
INFO:meta-cli.py:Epoch 76/100	Loss nan ± nan
INFO:meta-cli.py:Epoch 77/100	Loss nan ± nan
INFO:meta-cli.py:Epoch 78/100	Loss nan ± nan
INFO:meta-cli.py:Epoch 78/100	dev results	MRR 0.000434	H@1 0.000000	H@3 0.000000	H@5 0.000057	H@10 0.000057
INFO:meta-cli.py:Epoch 78/100	test results	MRR 0.000421	H@1 0.000000	H@3 0.000000	H@5 0.000000	H@10 0.000024
INFO:meta-cli.py:Epoch 79/100	Loss nan ± nan
INFO:meta-cli.py:Epoch 80/100	Loss nan ± nan
INFO:meta-cli.py:Epoch 81/100	Loss nan ± nan
INFO:meta-cli.py:Epoch 81/100	dev results	MRR 0.000434	H@1 0.000000	H@3 0.000000	H@5 0.000057	H@10 0.000057
INFO:meta-cli.py:Epoch 81/100	test results	MRR 0.000421	H@1 0.000000	H@3 0.000000	H@5 0.000000	H@10 0.000024
INFO:meta-cli.py:Epoch 82/100	Loss nan ± nan
INFO:meta-cli.py:Epoch 83/100	Loss nan ± nan
INFO:meta-cli.py:Epoch 84/100	Loss nan ± nan
INFO:meta-cli.py:Epoch 84/100	dev results	MRR 0.000434	H@1 0.000000	H@3 0.000000	H@5 0.000057	H@10 0.000057
INFO:meta-cli.py:Epoch 84/100	test results	MRR 0.000421	H@1 0.000000	H@3 0.000000	H@5 0.000000	H@10 0.000024
INFO:meta-cli.py:Epoch 85/100	Loss nan ± nan
INFO:meta-cli.py:Epoch 86/100	Loss nan ± nan
INFO:meta-cli.py:Epoch 87/100	Loss nan ± nan
INFO:meta-cli.py:Epoch 87/100	dev results	MRR 0.000434	H@1 0.000000	H@3 0.000000	H@5 0.000057	H@10 0.000057
INFO:meta-cli.py:Epoch 87/100	test results	MRR 0.000421	H@1 0.000000	H@3 0.000000	H@5 0.000000	H@10 0.000024
INFO:meta-cli.py:Epoch 88/100	Loss nan ± nan
INFO:meta-cli.py:Epoch 89/100	Loss nan ± nan
INFO:meta-cli.py:Epoch 90/100	Loss nan ± nan
INFO:meta-cli.py:Epoch 90/100	dev results	MRR 0.000434	H@1 0.000000	H@3 0.000000	H@5 0.000057	H@10 0.000057
INFO:meta-cli.py:Epoch 90/100	test results	MRR 0.000421	H@1 0.000000	H@3 0.000000	H@5 0.000000	H@10 0.000024
INFO:meta-cli.py:Epoch 91/100	Loss nan ± nan
INFO:meta-cli.py:Epoch 92/100	Loss nan ± nan
INFO:meta-cli.py:Epoch 93/100	Loss nan ± nan
INFO:meta-cli.py:Epoch 93/100	dev results	MRR 0.000434	H@1 0.000000	H@3 0.000000	H@5 0.000057	H@10 0.000057
INFO:meta-cli.py:Epoch 93/100	test results	MRR 0.000421	H@1 0.000000	H@3 0.000000	H@5 0.000000	H@10 0.000024
INFO:meta-cli.py:Epoch 94/100	Loss nan ± nan
INFO:meta-cli.py:Epoch 95/100	Loss nan ± nan
INFO:meta-cli.py:Epoch 96/100	Loss nan ± nan
INFO:meta-cli.py:Epoch 96/100	dev results	MRR 0.000434	H@1 0.000000	H@3 0.000000	H@5 0.000057	H@10 0.000057
INFO:meta-cli.py:Epoch 96/100	test results	MRR 0.000421	H@1 0.000000	H@3 0.000000	H@5 0.000000	H@10 0.000024
INFO:meta-cli.py:Epoch 97/100	Loss nan ± nan
INFO:meta-cli.py:Epoch 98/100	Loss nan ± nan
INFO:meta-cli.py:Epoch 99/100	Loss nan ± nan
INFO:meta-cli.py:Epoch 99/100	dev results	MRR 0.000434	H@1 0.000000	H@3 0.000000	H@5 0.000057	H@10 0.000057
INFO:meta-cli.py:Epoch 99/100	test results	MRR 0.000421	H@1 0.000000	H@3 0.000000	H@5 0.000000	H@10 0.000024
INFO:meta-cli.py:Epoch 100/100	Loss nan ± nan
INFO:meta-cli.py:Final 	dev results	MRR 0.000434	H@1 0.000000	H@3 0.000000	H@5 0.000057	H@10 0.000057
INFO:meta-cli.py:Final 	test results	MRR 0.000421	H@1 0.000000	H@3 0.000000	H@5 0.000000	H@10 0.000024
INFO:meta-cli.py:Training finished
