./bin/meta-cli.py --train data/fb15k-237/train.tsv --dev data/fb15k-237/dev.tsv --test data/fb15k-237/test.tsv -m complex -k 500 -b 1000 -e 100 --F2 0 --N3 0.5 -l 0.1 -I reciprocal -V 3 -o adagrad -q
{'F2': 0.0,
 'N3': 0.5,
 'batch_size': 1000,
 'dev': 'data/fb15k-237/dev.tsv',
 'embedding_size': 500,
 'epochs': 100,
 'eval_batch_size': None,
 'input_type': 'reciprocal',
 'learning_rate': 0.1,
 'load': None,
 'model': 'complex',
 'optimizer': 'adagrad',
 'quiet': True,
 'save': None,
 'seed': 0,
 'test': 'data/fb15k-237/test.tsv',
 'test_i': None,
 'test_ii': None,
 'train': 'data/fb15k-237/train.tsv',
 'validate_every': 3}
INFO:meta-cli.py:Device: cuda
INFO:meta-cli.py:Model state:
INFO:meta-cli.py:	entities.weight	torch.Size([14541, 1000])
INFO:meta-cli.py:	predicates.weight	torch.Size([474, 1000])
INFO:meta-cli.py:Epoch 1/100	Loss 21.2867 ± 0.8413
INFO:meta-cli.py:Epoch 2/100	Loss 19.7177 ± 0.3581
INFO:meta-cli.py:Epoch 3/100	Loss 19.3999 ± 0.2731
INFO:meta-cli.py:Epoch 3/100	dev results	MRR 0.133766	H@1 0.074993	H@3 0.146593	H@5 0.186655	H@10 0.250271
INFO:meta-cli.py:Epoch 3/100	test results	MRR 0.133944	H@1 0.075344	H@3 0.146536	H@5 0.186285	H@10 0.250440
INFO:meta-cli.py:Epoch 4/100	Loss 19.2434 ± 0.2477
INFO:meta-cli.py:Epoch 5/100	Loss 19.1438 ± 0.2206
INFO:meta-cli.py:Epoch 6/100	Loss 19.0751 ± 0.1893
INFO:meta-cli.py:Epoch 6/100	dev results	MRR 0.136930	H@1 0.078215	H@3 0.145452	H@5 0.188651	H@10 0.250071
INFO:meta-cli.py:Epoch 6/100	test results	MRR 0.135388	H@1 0.077201	H@3 0.143360	H@5 0.186895	H@10 0.249731
INFO:meta-cli.py:Epoch 7/100	Loss 19.0247 ± 0.1816
INFO:meta-cli.py:Epoch 8/100	Loss 18.9851 ± 0.1720
INFO:meta-cli.py:Epoch 9/100	Loss 18.9532 ± 0.1534
INFO:meta-cli.py:Epoch 9/100	dev results	MRR 0.138815	H@1 0.079527	H@3 0.148731	H@5 0.187796	H@10 0.251554
INFO:meta-cli.py:Epoch 9/100	test results	MRR 0.136843	H@1 0.078594	H@3 0.143873	H@5 0.185454	H@10 0.248559
INFO:meta-cli.py:Epoch 10/100	Loss 18.9270 ± 0.1423
INFO:meta-cli.py:Epoch 11/100	Loss 18.9053 ± 0.1388
INFO:meta-cli.py:Epoch 12/100	Loss 18.8871 ± 0.1278
INFO:meta-cli.py:Epoch 12/100	dev results	MRR 0.141606	H@1 0.083234	H@3 0.147790	H@5 0.192643	H@10 0.254348
INFO:meta-cli.py:Epoch 12/100	test results	MRR 0.140296	H@1 0.082454	H@3 0.144874	H@5 0.191855	H@10 0.255399
INFO:meta-cli.py:Epoch 13/100	Loss 18.8718 ± 0.1196
INFO:meta-cli.py:Epoch 14/100	Loss 18.8575 ± 0.1201
INFO:meta-cli.py:Epoch 15/100	Loss 18.8447 ± 0.1094
INFO:meta-cli.py:Epoch 15/100	dev results	MRR 0.140962	H@1 0.083062	H@3 0.146336	H@5 0.188794	H@10 0.253322
INFO:meta-cli.py:Epoch 15/100	test results	MRR 0.140462	H@1 0.083651	H@3 0.144117	H@5 0.187506	H@10 0.252003
INFO:meta-cli.py:Epoch 16/100	Loss 18.8342 ± 0.1060
INFO:meta-cli.py:Epoch 17/100	Loss 18.8243 ± 0.1062
INFO:meta-cli.py:Epoch 18/100	Loss 18.8158 ± 0.0981
INFO:meta-cli.py:Epoch 18/100	dev results	MRR 0.141523	H@1 0.083119	H@3 0.147277	H@5 0.188109	H@10 0.254947
INFO:meta-cli.py:Epoch 18/100	test results	MRR 0.138720	H@1 0.081599	H@3 0.142309	H@5 0.184745	H@10 0.251246
INFO:meta-cli.py:Epoch 19/100	Loss 18.8073 ± 0.0951
INFO:meta-cli.py:Epoch 20/100	Loss 18.8008 ± 0.0966
INFO:meta-cli.py:Epoch 21/100	Loss 18.7938 ± 0.0873
INFO:meta-cli.py:Epoch 21/100	dev results	MRR 0.142592	H@1 0.083234	H@3 0.152096	H@5 0.191018	H@10 0.251354
INFO:meta-cli.py:Epoch 21/100	test results	MRR 0.140244	H@1 0.081867	H@3 0.147122	H@5 0.188337	H@10 0.250391
INFO:meta-cli.py:Epoch 22/100	Loss 18.7875 ± 0.0835
INFO:meta-cli.py:Epoch 23/100	Loss 18.7823 ± 0.0833
INFO:meta-cli.py:Epoch 24/100	Loss 18.7771 ± 0.0812
INFO:meta-cli.py:Epoch 24/100	dev results	MRR 0.143634	H@1 0.084460	H@3 0.153721	H@5 0.193413	H@10 0.255774
INFO:meta-cli.py:Epoch 24/100	test results	MRR 0.142263	H@1 0.084237	H@3 0.149956	H@5 0.190218	H@10 0.253933
INFO:meta-cli.py:Epoch 25/100	Loss 18.7721 ± 0.0801
INFO:meta-cli.py:Epoch 26/100	Loss 18.7676 ± 0.0773
INFO:meta-cli.py:Epoch 27/100	Loss 18.7636 ± 0.0713
INFO:meta-cli.py:Epoch 27/100	dev results	MRR 0.143916	H@1 0.086256	H@3 0.149672	H@5 0.192501	H@10 0.257485
INFO:meta-cli.py:Epoch 27/100	test results	MRR 0.142636	H@1 0.085605	H@3 0.147122	H@5 0.189949	H@10 0.256425
INFO:meta-cli.py:Epoch 28/100	Loss 18.7598 ± 0.0722
INFO:meta-cli.py:Epoch 29/100	Loss 18.7565 ± 0.0702
INFO:meta-cli.py:Epoch 30/100	Loss 18.7527 ± 0.0710
INFO:meta-cli.py:Epoch 30/100	dev results	MRR 0.141834	H@1 0.082464	H@3 0.150157	H@5 0.191873	H@10 0.257057
INFO:meta-cli.py:Epoch 30/100	test results	MRR 0.141942	H@1 0.083969	H@3 0.147489	H@5 0.189461	H@10 0.255766
INFO:meta-cli.py:Epoch 31/100	Loss 18.7500 ± 0.0663
INFO:meta-cli.py:Epoch 32/100	Loss 18.7466 ± 0.0671
INFO:meta-cli.py:Epoch 33/100	Loss 18.7441 ± 0.0622
INFO:meta-cli.py:Epoch 33/100	dev results	MRR 0.143712	H@1 0.085942	H@3 0.148902	H@5 0.194411	H@10 0.255774
INFO:meta-cli.py:Epoch 33/100	test results	MRR 0.142280	H@1 0.085679	H@3 0.145314	H@5 0.190071	H@10 0.254569
INFO:meta-cli.py:Epoch 34/100	Loss 18.7411 ± 0.0632
INFO:meta-cli.py:Epoch 35/100	Loss 18.7385 ± 0.0607
INFO:meta-cli.py:Epoch 36/100	Loss 18.7363 ± 0.0581
INFO:meta-cli.py:Epoch 36/100	dev results	MRR 0.143242	H@1 0.084773	H@3 0.150071	H@5 0.193356	H@10 0.255518
INFO:meta-cli.py:Epoch 36/100	test results	MRR 0.142856	H@1 0.085728	H@3 0.146145	H@5 0.190731	H@10 0.255595
INFO:meta-cli.py:Epoch 37/100	Loss 18.7341 ± 0.0545
INFO:meta-cli.py:Epoch 38/100	Loss 18.7323 ± 0.0574
INFO:meta-cli.py:Epoch 39/100	Loss 18.7299 ± 0.0550
INFO:meta-cli.py:Epoch 39/100	dev results	MRR 0.142904	H@1 0.084346	H@3 0.150927	H@5 0.192016	H@10 0.256059
INFO:meta-cli.py:Epoch 39/100	test results	MRR 0.143098	H@1 0.085752	H@3 0.149296	H@5 0.191562	H@10 0.254324
INFO:meta-cli.py:Epoch 40/100	Loss 18.7280 ± 0.0516
INFO:meta-cli.py:Epoch 41/100	Loss 18.7261 ± 0.0556
INFO:meta-cli.py:Epoch 42/100	Loss 18.7245 ± 0.0532
INFO:meta-cli.py:Epoch 42/100	dev results	MRR 0.141095	H@1 0.081152	H@3 0.150585	H@5 0.191503	H@10 0.255546
INFO:meta-cli.py:Epoch 42/100	test results	MRR 0.139758	H@1 0.080524	H@3 0.147122	H@5 0.189803	H@10 0.254642
INFO:meta-cli.py:Epoch 43/100	Loss 18.7229 ± 0.0500
INFO:meta-cli.py:Epoch 44/100	Loss 18.7211 ± 0.0519
INFO:meta-cli.py:Epoch 45/100	Loss 18.7197 ± 0.0511
INFO:meta-cli.py:Epoch 45/100	dev results	MRR 0.142271	H@1 0.083747	H@3 0.148731	H@5 0.192358	H@10 0.254577
INFO:meta-cli.py:Epoch 45/100	test results	MRR 0.142119	H@1 0.084555	H@3 0.146780	H@5 0.190658	H@10 0.254300
INFO:meta-cli.py:Epoch 46/100	Loss 18.7181 ± 0.0483
INFO:meta-cli.py:Epoch 47/100	Loss 18.7167 ± 0.0488
INFO:meta-cli.py:Epoch 48/100	Loss 18.7155 ± 0.0468
INFO:meta-cli.py:Epoch 48/100	dev results	MRR 0.141988	H@1 0.081494	H@3 0.151554	H@5 0.194696	H@10 0.256658
INFO:meta-cli.py:Epoch 48/100	test results	MRR 0.142254	H@1 0.083382	H@3 0.149565	H@5 0.192661	H@10 0.254813
INFO:meta-cli.py:Epoch 49/100	Loss 18.7141 ± 0.0510
INFO:meta-cli.py:Epoch 50/100	Loss 18.7130 ± 0.0449
INFO:meta-cli.py:Epoch 51/100	Loss 18.7117 ± 0.0431
INFO:meta-cli.py:Epoch 51/100	dev results	MRR 0.144772	H@1 0.086199	H@3 0.153122	H@5 0.194383	H@10 0.257514
INFO:meta-cli.py:Epoch 51/100	test results	MRR 0.144104	H@1 0.086314	H@3 0.151422	H@5 0.192075	H@10 0.256230
INFO:meta-cli.py:Epoch 52/100	Loss 18.7106 ± 0.0435
INFO:meta-cli.py:Epoch 53/100	Loss 18.7094 ± 0.0456
INFO:meta-cli.py:Epoch 54/100	Loss 18.7083 ± 0.0439
INFO:meta-cli.py:Epoch 54/100	dev results	MRR 0.142454	H@1 0.084460	H@3 0.148503	H@5 0.190134	H@10 0.255147
INFO:meta-cli.py:Epoch 54/100	test results	MRR 0.140923	H@1 0.084164	H@3 0.143580	H@5 0.185772	H@10 0.253200
INFO:meta-cli.py:Epoch 55/100	Loss 18.7076 ± 0.0449
INFO:meta-cli.py:Epoch 56/100	Loss 18.7068 ± 0.0425
INFO:meta-cli.py:Epoch 57/100	Loss 18.7055 ± 0.0419
INFO:meta-cli.py:Epoch 57/100	dev results	MRR 0.145087	H@1 0.086313	H@3 0.153721	H@5 0.193812	H@10 0.257799
INFO:meta-cli.py:Epoch 57/100	test results	MRR 0.144251	H@1 0.087071	H@3 0.149932	H@5 0.192026	H@10 0.256767
INFO:meta-cli.py:Epoch 58/100	Loss 18.7046 ± 0.0423
INFO:meta-cli.py:Epoch 59/100	Loss 18.7040 ± 0.0404
INFO:meta-cli.py:Epoch 60/100	Loss 18.7028 ± 0.0420
INFO:meta-cli.py:Epoch 60/100	dev results	MRR 0.142851	H@1 0.084003	H@3 0.149472	H@5 0.193356	H@10 0.256744
INFO:meta-cli.py:Epoch 60/100	test results	MRR 0.142014	H@1 0.084433	H@3 0.144972	H@5 0.191317	H@10 0.255986
INFO:meta-cli.py:Epoch 61/100	Loss 18.7020 ± 0.0390
INFO:meta-cli.py:Epoch 62/100	Loss 18.7011 ± 0.0388
INFO:meta-cli.py:Epoch 63/100	Loss 18.7004 ± 0.0365
INFO:meta-cli.py:Epoch 63/100	dev results	MRR 0.144071	H@1 0.085486	H@3 0.150699	H@5 0.194040	H@10 0.256459
INFO:meta-cli.py:Epoch 63/100	test results	MRR 0.143348	H@1 0.085972	H@3 0.147464	H@5 0.190120	H@10 0.255644
INFO:meta-cli.py:Epoch 64/100	Loss 18.6999 ± 0.0391
INFO:meta-cli.py:Epoch 65/100	Loss 18.6989 ± 0.0378
INFO:meta-cli.py:Epoch 66/100	Loss 18.6981 ± 0.0377
INFO:meta-cli.py:Epoch 66/100	dev results	MRR 0.144251	H@1 0.086228	H@3 0.149929	H@5 0.193641	H@10 0.257685
INFO:meta-cli.py:Epoch 66/100	test results	MRR 0.142674	H@1 0.085312	H@3 0.145314	H@5 0.191146	H@10 0.256718
INFO:meta-cli.py:Epoch 67/100	Loss 18.6975 ± 0.0415
INFO:meta-cli.py:Epoch 68/100	Loss 18.6970 ± 0.0359
INFO:meta-cli.py:Epoch 69/100	Loss 18.6961 ± 0.0359
INFO:meta-cli.py:Epoch 69/100	dev results	MRR 0.146741	H@1 0.087938	H@3 0.156059	H@5 0.195837	H@10 0.260622
INFO:meta-cli.py:Epoch 69/100	test results	MRR 0.145387	H@1 0.087364	H@3 0.152350	H@5 0.193760	H@10 0.257354
INFO:meta-cli.py:Epoch 70/100	Loss 18.6956 ± 0.0344
INFO:meta-cli.py:Epoch 71/100	Loss 18.6951 ± 0.0357
INFO:meta-cli.py:Epoch 72/100	Loss 18.6945 ± 0.0349
INFO:meta-cli.py:Epoch 72/100	dev results	MRR 0.144018	H@1 0.085058	H@3 0.152381	H@5 0.194839	H@10 0.257970
INFO:meta-cli.py:Epoch 72/100	test results	MRR 0.142751	H@1 0.084237	H@3 0.149492	H@5 0.192832	H@10 0.256572
INFO:meta-cli.py:Epoch 73/100	Loss 18.6939 ± 0.0337
INFO:meta-cli.py:Epoch 74/100	Loss 18.6934 ± 0.0358
INFO:meta-cli.py:Epoch 75/100	Loss 18.6926 ± 0.0346
INFO:meta-cli.py:Epoch 75/100	dev results	MRR 0.144144	H@1 0.085315	H@3 0.152238	H@5 0.193926	H@10 0.257913
INFO:meta-cli.py:Epoch 75/100	test results	MRR 0.143982	H@1 0.086070	H@3 0.149736	H@5 0.191659	H@10 0.257549
INFO:meta-cli.py:Epoch 76/100	Loss 18.6923 ± 0.0338
INFO:meta-cli.py:Epoch 77/100	Loss 18.6917 ± 0.0345
INFO:meta-cli.py:Epoch 78/100	Loss 18.6915 ± 0.0332
INFO:meta-cli.py:Epoch 78/100	dev results	MRR 0.143586	H@1 0.084944	H@3 0.150499	H@5 0.193698	H@10 0.257000
INFO:meta-cli.py:Epoch 78/100	test results	MRR 0.142021	H@1 0.084091	H@3 0.147293	H@5 0.189583	H@10 0.256425
INFO:meta-cli.py:Epoch 79/100	Loss 18.6909 ± 0.0325
INFO:meta-cli.py:Epoch 80/100	Loss 18.6904 ± 0.0323
INFO:meta-cli.py:Epoch 81/100	Loss 18.6899 ± 0.0343
INFO:meta-cli.py:Epoch 81/100	dev results	MRR 0.145739	H@1 0.086427	H@3 0.155489	H@5 0.196008	H@10 0.259310
INFO:meta-cli.py:Epoch 81/100	test results	MRR 0.144463	H@1 0.086680	H@3 0.150542	H@5 0.193956	H@10 0.259308
INFO:meta-cli.py:Epoch 82/100	Loss 18.6894 ± 0.0335
INFO:meta-cli.py:Epoch 83/100	Loss 18.6890 ± 0.0325
INFO:meta-cli.py:Epoch 84/100	Loss 18.6885 ± 0.0314
INFO:meta-cli.py:Epoch 84/100	dev results	MRR 0.143488	H@1 0.084545	H@3 0.150128	H@5 0.193442	H@10 0.257000
INFO:meta-cli.py:Epoch 84/100	test results	MRR 0.143237	H@1 0.085337	H@3 0.147440	H@5 0.191024	H@10 0.256181
INFO:meta-cli.py:Epoch 85/100	Loss 18.6881 ± 0.0324
INFO:meta-cli.py:Epoch 86/100	Loss 18.6880 ± 0.0321
INFO:meta-cli.py:Epoch 87/100	Loss 18.6874 ± 0.0321
INFO:meta-cli.py:Epoch 87/100	dev results	MRR 0.144102	H@1 0.085230	H@3 0.152010	H@5 0.194240	H@10 0.258626
INFO:meta-cli.py:Epoch 87/100	test results	MRR 0.144088	H@1 0.086705	H@3 0.149419	H@5 0.192099	H@10 0.257403
INFO:meta-cli.py:Epoch 88/100	Loss 18.6870 ± 0.0299
INFO:meta-cli.py:Epoch 89/100	Loss 18.6865 ± 0.0306
INFO:meta-cli.py:Epoch 90/100	Loss 18.6863 ± 0.0317
INFO:meta-cli.py:Epoch 90/100	dev results	MRR 0.145704	H@1 0.086171	H@3 0.155461	H@5 0.196607	H@10 0.260279
INFO:meta-cli.py:Epoch 90/100	test results	MRR 0.144840	H@1 0.086827	H@3 0.150933	H@5 0.194615	H@10 0.259968
INFO:meta-cli.py:Epoch 91/100	Loss 18.6857 ± 0.0314
INFO:meta-cli.py:Epoch 92/100	Loss 18.6856 ± 0.0318
INFO:meta-cli.py:Epoch 93/100	Loss 18.6853 ± 0.0298
INFO:meta-cli.py:Epoch 93/100	dev results	MRR 0.144209	H@1 0.085857	H@3 0.149900	H@5 0.192985	H@10 0.260679
INFO:meta-cli.py:Epoch 93/100	test results	MRR 0.143874	H@1 0.086509	H@3 0.148124	H@5 0.191268	H@10 0.258991
INFO:meta-cli.py:Epoch 94/100	Loss 18.6847 ± 0.0299
INFO:meta-cli.py:Epoch 95/100	Loss 18.6845 ± 0.0301
INFO:meta-cli.py:Epoch 96/100	Loss 18.6843 ± 0.0292
INFO:meta-cli.py:Epoch 96/100	dev results	MRR 0.144648	H@1 0.085771	H@3 0.154006	H@5 0.194155	H@10 0.258397
INFO:meta-cli.py:Epoch 96/100	test results	MRR 0.144751	H@1 0.086729	H@3 0.151617	H@5 0.193027	H@10 0.257696
INFO:meta-cli.py:Epoch 97/100	Loss 18.6840 ± 0.0294
INFO:meta-cli.py:Epoch 98/100	Loss 18.6836 ± 0.0289
INFO:meta-cli.py:Epoch 99/100	Loss 18.6833 ± 0.0285
INFO:meta-cli.py:Epoch 99/100	dev results	MRR 0.145476	H@1 0.085857	H@3 0.153094	H@5 0.197947	H@10 0.259738
INFO:meta-cli.py:Epoch 99/100	test results	MRR 0.144884	H@1 0.086754	H@3 0.149321	H@5 0.194713	H@10 0.259162
INFO:meta-cli.py:Epoch 100/100	Loss 18.6831 ± 0.0303
INFO:meta-cli.py:Final 	dev results	MRR 0.142656	H@1 0.083661	H@3 0.148931	H@5 0.192672	H@10 0.257941
INFO:meta-cli.py:Final 	test results	MRR 0.142721	H@1 0.085019	H@3 0.145901	H@5 0.191488	H@10 0.256352
INFO:meta-cli.py:Training finished
