./bin/meta-cli.py --train data/fb15k-237/train.tsv --dev data/fb15k-237/dev.tsv --test data/fb15k-237/test.tsv -m complex -k 500 -b 100 -e 100 --F2 0.005 --N3 0 -l 0.1 -I standard -V 3 -o adagrad -q
{'F2': 0.005,
 'N3': 0.0,
 'batch_size': 100,
 'dev': 'data/fb15k-237/dev.tsv',
 'embedding_size': 500,
 'epochs': 100,
 'eval_batch_size': None,
 'input_type': 'standard',
 'learning_rate': 0.1,
 'load': None,
 'model': 'complex',
 'optimizer': 'adagrad',
 'quiet': True,
 'save': None,
 'seed': 0,
 'test': 'data/fb15k-237/test.tsv',
 'test_i': None,
 'test_ii': None,
 'train': 'data/fb15k-237/train.tsv',
 'validate_every': 3}
INFO:meta-cli.py:Device: cuda
INFO:meta-cli.py:Model state:
INFO:meta-cli.py:	entities.weight	torch.Size([14541, 1000])
INFO:meta-cli.py:	predicates.weight	torch.Size([237, 1000])
INFO:meta-cli.py:Epoch 1/100	Loss 12.4781 ± 1.7952
INFO:meta-cli.py:Epoch 2/100	Loss 8.7486 ± 0.2641
INFO:meta-cli.py:Epoch 3/100	Loss 7.8283 ± 0.3097
INFO:meta-cli.py:Epoch 3/100	dev results	MRR 0.324474	H@1 0.237154	H@3 0.354748	H@5 0.416938	H@10 0.501825
INFO:meta-cli.py:Epoch 3/100	test results	MRR 0.316823	H@1 0.228305	H@3 0.347405	H@5 0.411096	H@10 0.497655
INFO:meta-cli.py:Epoch 4/100	Loss 7.4782 ± 0.3181
INFO:meta-cli.py:Epoch 5/100	Loss 7.2849 ± 0.3204
INFO:meta-cli.py:Epoch 6/100	Loss 7.1558 ± 0.3035
INFO:meta-cli.py:Epoch 6/100	dev results	MRR 0.334388	H@1 0.244882	H@3 0.368292	H@5 0.428571	H@10 0.513145
INFO:meta-cli.py:Epoch 6/100	test results	MRR 0.327417	H@1 0.237247	H@3 0.361893	H@5 0.423239	H@10 0.507916
INFO:meta-cli.py:Epoch 7/100	Loss 7.0627 ± 0.3010
INFO:meta-cli.py:Epoch 8/100	Loss 6.9907 ± 0.2978
INFO:meta-cli.py:Epoch 9/100	Loss 6.9327 ± 0.2909
INFO:meta-cli.py:Epoch 9/100	dev results	MRR 0.337813	H@1 0.249130	H@3 0.368748	H@5 0.431765	H@10 0.516995
INFO:meta-cli.py:Epoch 9/100	test results	MRR 0.330753	H@1 0.241278	H@3 0.362943	H@5 0.426708	H@10 0.509919
INFO:meta-cli.py:Epoch 10/100	Loss 6.8844 ± 0.2886
INFO:meta-cli.py:Epoch 11/100	Loss 6.8432 ± 0.2909
INFO:meta-cli.py:Epoch 12/100	Loss 6.8086 ± 0.2868
INFO:meta-cli.py:Epoch 12/100	dev results	MRR 0.339393	H@1 0.250528	H@3 0.371286	H@5 0.435643	H@10 0.519276
INFO:meta-cli.py:Epoch 12/100	test results	MRR 0.331566	H@1 0.242011	H@3 0.362919	H@5 0.428809	H@10 0.512826
INFO:meta-cli.py:Epoch 13/100	Loss 6.7774 ± 0.2760
INFO:meta-cli.py:Epoch 14/100	Loss 6.7507 ± 0.2799
INFO:meta-cli.py:Epoch 15/100	Loss 6.7256 ± 0.2731
INFO:meta-cli.py:Epoch 15/100	dev results	MRR 0.340124	H@1 0.251240	H@3 0.371343	H@5 0.435187	H@10 0.520017
INFO:meta-cli.py:Epoch 15/100	test results	MRR 0.331988	H@1 0.241889	H@3 0.364947	H@5 0.427880	H@10 0.513339
INFO:meta-cli.py:Epoch 16/100	Loss 6.7039 ± 0.2726
INFO:meta-cli.py:Epoch 17/100	Loss 6.6839 ± 0.2743
INFO:meta-cli.py:Epoch 18/100	Loss 6.6653 ± 0.2721
INFO:meta-cli.py:Epoch 18/100	dev results	MRR 0.341258	H@1 0.252039	H@3 0.374337	H@5 0.436784	H@10 0.521272
INFO:meta-cli.py:Epoch 18/100	test results	MRR 0.333131	H@1 0.243379	H@3 0.365240	H@5 0.430226	H@10 0.513461
INFO:meta-cli.py:Epoch 19/100	Loss 6.6483 ± 0.2632
INFO:meta-cli.py:Epoch 20/100	Loss 6.6329 ± 0.2629
INFO:meta-cli.py:Epoch 21/100	Loss 6.6181 ± 0.2546
INFO:meta-cli.py:Epoch 21/100	dev results	MRR 0.341585	H@1 0.253008	H@3 0.373767	H@5 0.436612	H@10 0.521101
INFO:meta-cli.py:Epoch 21/100	test results	MRR 0.333436	H@1 0.243550	H@3 0.365948	H@5 0.429810	H@10 0.515000
INFO:meta-cli.py:Epoch 22/100	Loss 6.6050 ± 0.2623
INFO:meta-cli.py:Epoch 23/100	Loss 6.5918 ± 0.2595
INFO:meta-cli.py:Epoch 24/100	Loss 6.5800 ± 0.2588
INFO:meta-cli.py:Epoch 24/100	dev results	MRR 0.342440	H@1 0.254206	H@3 0.373339	H@5 0.438266	H@10 0.521015
INFO:meta-cli.py:Epoch 24/100	test results	MRR 0.334943	H@1 0.245773	H@3 0.366510	H@5 0.430812	H@10 0.515660
INFO:meta-cli.py:Epoch 25/100	Loss 6.5684 ± 0.2580
INFO:meta-cli.py:Epoch 26/100	Loss 6.5577 ± 0.2516
INFO:meta-cli.py:Epoch 27/100	Loss 6.5481 ± 0.2555
INFO:meta-cli.py:Epoch 27/100	dev results	MRR 0.342536	H@1 0.253892	H@3 0.374080	H@5 0.437268	H@10 0.522184
INFO:meta-cli.py:Epoch 27/100	test results	MRR 0.334233	H@1 0.244356	H@3 0.366950	H@5 0.431740	H@10 0.514732
INFO:meta-cli.py:Epoch 28/100	Loss 6.5385 ± 0.2513
INFO:meta-cli.py:Epoch 29/100	Loss 6.5294 ± 0.2470
INFO:meta-cli.py:Epoch 30/100	Loss 6.5209 ± 0.2533
INFO:meta-cli.py:Epoch 30/100	dev results	MRR 0.342082	H@1 0.253464	H@3 0.374423	H@5 0.435928	H@10 0.522241
INFO:meta-cli.py:Epoch 30/100	test results	MRR 0.334374	H@1 0.244796	H@3 0.367683	H@5 0.431252	H@10 0.514927
INFO:meta-cli.py:Epoch 31/100	Loss 6.5125 ± 0.2498
INFO:meta-cli.py:Epoch 32/100	Loss 6.5047 ± 0.2494
INFO:meta-cli.py:Epoch 33/100	Loss 6.4969 ± 0.2434
INFO:meta-cli.py:Epoch 33/100	dev results	MRR 0.341626	H@1 0.252324	H@3 0.374993	H@5 0.437496	H@10 0.521871
INFO:meta-cli.py:Epoch 33/100	test results	MRR 0.334280	H@1 0.244552	H@3 0.367683	H@5 0.430323	H@10 0.514536
INFO:meta-cli.py:Epoch 34/100	Loss 6.4898 ± 0.2452
INFO:meta-cli.py:Epoch 35/100	Loss 6.4828 ± 0.2503
INFO:meta-cli.py:Epoch 36/100	Loss 6.4761 ± 0.2428
INFO:meta-cli.py:Epoch 36/100	dev results	MRR 0.342209	H@1 0.253579	H@3 0.374907	H@5 0.435871	H@10 0.522783
INFO:meta-cli.py:Epoch 36/100	test results	MRR 0.333879	H@1 0.244112	H@3 0.366779	H@5 0.430519	H@10 0.515587
INFO:meta-cli.py:Epoch 37/100	Loss 6.4698 ± 0.2418
INFO:meta-cli.py:Epoch 38/100	Loss 6.4636 ± 0.2469
INFO:meta-cli.py:Epoch 39/100	Loss 6.4575 ± 0.2453
INFO:meta-cli.py:Epoch 39/100	dev results	MRR 0.342129	H@1 0.253664	H@3 0.374023	H@5 0.436841	H@10 0.522241
INFO:meta-cli.py:Epoch 39/100	test results	MRR 0.334841	H@1 0.245456	H@3 0.366926	H@5 0.431032	H@10 0.515318
INFO:meta-cli.py:Epoch 40/100	Loss 6.4515 ± 0.2435
INFO:meta-cli.py:Epoch 41/100	Loss 6.4462 ± 0.2387
INFO:meta-cli.py:Epoch 42/100	Loss 6.4404 ± 0.2406
INFO:meta-cli.py:Epoch 42/100	dev results	MRR 0.342157	H@1 0.253864	H@3 0.373738	H@5 0.437411	H@10 0.521928
INFO:meta-cli.py:Epoch 42/100	test results	MRR 0.335071	H@1 0.245847	H@3 0.367952	H@5 0.431374	H@10 0.515245
INFO:meta-cli.py:Epoch 43/100	Loss 6.4354 ± 0.2416
INFO:meta-cli.py:Epoch 44/100	Loss 6.4302 ± 0.2411
INFO:meta-cli.py:Epoch 45/100	Loss 6.4256 ± 0.2423
INFO:meta-cli.py:Epoch 45/100	dev results	MRR 0.341755	H@1 0.253008	H@3 0.373966	H@5 0.436812	H@10 0.521471
INFO:meta-cli.py:Epoch 45/100	test results	MRR 0.334352	H@1 0.244747	H@3 0.367365	H@5 0.431447	H@10 0.514292
INFO:meta-cli.py:Epoch 46/100	Loss 6.4204 ± 0.2431
INFO:meta-cli.py:Epoch 47/100	Loss 6.4159 ± 0.2368
INFO:meta-cli.py:Epoch 48/100	Loss 6.4114 ± 0.2402
INFO:meta-cli.py:Epoch 48/100	dev results	MRR 0.341412	H@1 0.252524	H@3 0.373453	H@5 0.436670	H@10 0.521814
INFO:meta-cli.py:Epoch 48/100	test results	MRR 0.334083	H@1 0.244479	H@3 0.366242	H@5 0.430861	H@10 0.515123
INFO:meta-cli.py:Epoch 49/100	Loss 6.4068 ± 0.2396
INFO:meta-cli.py:Epoch 50/100	Loss 6.4027 ± 0.2380
INFO:meta-cli.py:Epoch 51/100	Loss 6.3983 ± 0.2352
INFO:meta-cli.py:Epoch 51/100	dev results	MRR 0.341446	H@1 0.252609	H@3 0.373653	H@5 0.436612	H@10 0.521842
INFO:meta-cli.py:Epoch 51/100	test results	MRR 0.334195	H@1 0.244772	H@3 0.367439	H@5 0.430934	H@10 0.513901
INFO:meta-cli.py:Epoch 52/100	Loss 6.3946 ± 0.2399
INFO:meta-cli.py:Epoch 53/100	Loss 6.3904 ± 0.2397
INFO:meta-cli.py:Epoch 54/100	Loss 6.3865 ± 0.2440
INFO:meta-cli.py:Epoch 54/100	dev results	MRR 0.341373	H@1 0.252210	H@3 0.373995	H@5 0.437097	H@10 0.521386
INFO:meta-cli.py:Epoch 54/100	test results	MRR 0.333950	H@1 0.244430	H@3 0.367194	H@5 0.430665	H@10 0.514145
INFO:meta-cli.py:Epoch 55/100	Loss 6.3825 ± 0.2314
INFO:meta-cli.py:Epoch 56/100	Loss 6.3792 ± 0.2361
INFO:meta-cli.py:Epoch 57/100	Loss 6.3759 ± 0.2355
INFO:meta-cli.py:Epoch 57/100	dev results	MRR 0.341326	H@1 0.252466	H@3 0.373082	H@5 0.437668	H@10 0.521386
INFO:meta-cli.py:Epoch 57/100	test results	MRR 0.333742	H@1 0.244234	H@3 0.365875	H@5 0.430812	H@10 0.514414
INFO:meta-cli.py:Epoch 58/100	Loss 6.3720 ± 0.2356
INFO:meta-cli.py:Epoch 59/100	Loss 6.3684 ± 0.2313
INFO:meta-cli.py:Epoch 60/100	Loss 6.3655 ± 0.2360
INFO:meta-cli.py:Epoch 60/100	dev results	MRR 0.341885	H@1 0.253464	H@3 0.373082	H@5 0.437012	H@10 0.521842
INFO:meta-cli.py:Epoch 60/100	test results	MRR 0.333644	H@1 0.244210	H@3 0.366584	H@5 0.430397	H@10 0.513926
INFO:meta-cli.py:Epoch 61/100	Loss 6.3616 ± 0.2321
INFO:meta-cli.py:Epoch 62/100	Loss 6.3587 ± 0.2350
INFO:meta-cli.py:Epoch 63/100	Loss 6.3555 ± 0.2301
INFO:meta-cli.py:Epoch 63/100	dev results	MRR 0.340994	H@1 0.251982	H@3 0.373482	H@5 0.436327	H@10 0.522013
INFO:meta-cli.py:Epoch 63/100	test results	MRR 0.332992	H@1 0.243086	H@3 0.366535	H@5 0.430592	H@10 0.513803
INFO:meta-cli.py:Epoch 64/100	Loss 6.3524 ± 0.2352
INFO:meta-cli.py:Epoch 65/100	Loss 6.3495 ± 0.2323
INFO:meta-cli.py:Epoch 66/100	Loss 6.3467 ± 0.2293
INFO:meta-cli.py:Epoch 66/100	dev results	MRR 0.340374	H@1 0.251183	H@3 0.372569	H@5 0.436641	H@10 0.520873
INFO:meta-cli.py:Epoch 66/100	test results	MRR 0.333577	H@1 0.243941	H@3 0.366315	H@5 0.429371	H@10 0.513657
INFO:meta-cli.py:Epoch 67/100	Loss 6.3434 ± 0.2311
INFO:meta-cli.py:Epoch 68/100	Loss 6.3405 ± 0.2354
INFO:meta-cli.py:Epoch 69/100	Loss 6.3376 ± 0.2342
INFO:meta-cli.py:Epoch 69/100	dev results	MRR 0.340987	H@1 0.252324	H@3 0.373025	H@5 0.436584	H@10 0.521158
INFO:meta-cli.py:Epoch 69/100	test results	MRR 0.333393	H@1 0.244014	H@3 0.366071	H@5 0.430128	H@10 0.513779
INFO:meta-cli.py:Epoch 70/100	Loss 6.3349 ± 0.2328
INFO:meta-cli.py:Epoch 71/100	Loss 6.3320 ± 0.2319
INFO:meta-cli.py:Epoch 72/100	Loss 6.3293 ± 0.2300
INFO:meta-cli.py:Epoch 72/100	dev results	MRR 0.341070	H@1 0.252267	H@3 0.373596	H@5 0.436413	H@10 0.520901
INFO:meta-cli.py:Epoch 72/100	test results	MRR 0.333217	H@1 0.243599	H@3 0.365484	H@5 0.429786	H@10 0.513950
INFO:meta-cli.py:Epoch 73/100	Loss 6.3272 ± 0.2315
INFO:meta-cli.py:Epoch 74/100	Loss 6.3242 ± 0.2350
INFO:meta-cli.py:Epoch 75/100	Loss 6.3219 ± 0.2361
INFO:meta-cli.py:Epoch 75/100	dev results	MRR 0.341169	H@1 0.252581	H@3 0.373282	H@5 0.436242	H@10 0.519760
INFO:meta-cli.py:Epoch 75/100	test results	MRR 0.332885	H@1 0.243282	H@3 0.365509	H@5 0.429615	H@10 0.513828
INFO:meta-cli.py:Epoch 76/100	Loss 6.3191 ± 0.2347
INFO:meta-cli.py:Epoch 77/100	Loss 6.3169 ± 0.2301
INFO:meta-cli.py:Epoch 78/100	Loss 6.3143 ± 0.2313
INFO:meta-cli.py:Epoch 78/100	dev results	MRR 0.340517	H@1 0.252210	H@3 0.372683	H@5 0.435044	H@10 0.520445
INFO:meta-cli.py:Epoch 78/100	test results	MRR 0.332371	H@1 0.242255	H@3 0.365973	H@5 0.429077	H@10 0.513168
INFO:meta-cli.py:Epoch 79/100	Loss 6.3122 ± 0.2313
INFO:meta-cli.py:Epoch 80/100	Loss 6.3101 ± 0.2286
INFO:meta-cli.py:Epoch 81/100	Loss 6.3077 ± 0.2278
INFO:meta-cli.py:Epoch 81/100	dev results	MRR 0.340652	H@1 0.252067	H@3 0.372626	H@5 0.435614	H@10 0.519818
INFO:meta-cli.py:Epoch 81/100	test results	MRR 0.332716	H@1 0.243135	H@3 0.366290	H@5 0.429444	H@10 0.513364
INFO:meta-cli.py:Epoch 82/100	Loss 6.3050 ± 0.2302
INFO:meta-cli.py:Epoch 83/100	Loss 6.3027 ± 0.2291
INFO:meta-cli.py:Epoch 84/100	Loss 6.3008 ± 0.2288
INFO:meta-cli.py:Epoch 84/100	dev results	MRR 0.340018	H@1 0.251126	H@3 0.372370	H@5 0.435614	H@10 0.520445
INFO:meta-cli.py:Epoch 84/100	test results	MRR 0.332526	H@1 0.243013	H@3 0.365875	H@5 0.428882	H@10 0.514170
INFO:meta-cli.py:Epoch 85/100	Loss 6.2986 ± 0.2295
INFO:meta-cli.py:Epoch 86/100	Loss 6.2966 ± 0.2264
INFO:meta-cli.py:Epoch 87/100	Loss 6.2945 ± 0.2263
INFO:meta-cli.py:Epoch 87/100	dev results	MRR 0.339980	H@1 0.250870	H@3 0.372541	H@5 0.435301	H@10 0.520017
INFO:meta-cli.py:Epoch 87/100	test results	MRR 0.331993	H@1 0.242084	H@3 0.365924	H@5 0.428931	H@10 0.513022
INFO:meta-cli.py:Epoch 88/100	Loss 6.2923 ± 0.2276
INFO:meta-cli.py:Epoch 89/100	Loss 6.2902 ± 0.2283
INFO:meta-cli.py:Epoch 90/100	Loss 6.2883 ± 0.2261
INFO:meta-cli.py:Epoch 90/100	dev results	MRR 0.339865	H@1 0.251297	H@3 0.371286	H@5 0.434731	H@10 0.519589
INFO:meta-cli.py:Epoch 90/100	test results	MRR 0.331851	H@1 0.242036	H@3 0.365020	H@5 0.428540	H@10 0.513070
INFO:meta-cli.py:Epoch 91/100	Loss 6.2862 ± 0.2280
INFO:meta-cli.py:Epoch 92/100	Loss 6.2840 ± 0.2258
INFO:meta-cli.py:Epoch 93/100	Loss 6.2824 ± 0.2304
INFO:meta-cli.py:Epoch 93/100	dev results	MRR 0.340023	H@1 0.251497	H@3 0.371856	H@5 0.434417	H@10 0.519333
INFO:meta-cli.py:Epoch 93/100	test results	MRR 0.331767	H@1 0.242011	H@3 0.365191	H@5 0.428564	H@10 0.513119
INFO:meta-cli.py:Epoch 94/100	Loss 6.2803 ± 0.2236
INFO:meta-cli.py:Epoch 95/100	Loss 6.2783 ± 0.2264
INFO:meta-cli.py:Epoch 96/100	Loss 6.2765 ± 0.2299
INFO:meta-cli.py:Epoch 96/100	dev results	MRR 0.339948	H@1 0.251411	H@3 0.372113	H@5 0.434873	H@10 0.520103
INFO:meta-cli.py:Epoch 96/100	test results	MRR 0.331546	H@1 0.241767	H@3 0.365069	H@5 0.428955	H@10 0.512899
INFO:meta-cli.py:Epoch 97/100	Loss 6.2746 ± 0.2281
INFO:meta-cli.py:Epoch 98/100	Loss 6.2729 ± 0.2241
INFO:meta-cli.py:Epoch 99/100	Loss 6.2713 ± 0.2247
INFO:meta-cli.py:Epoch 99/100	dev results	MRR 0.339517	H@1 0.250898	H@3 0.371400	H@5 0.433847	H@10 0.518962
INFO:meta-cli.py:Epoch 99/100	test results	MRR 0.331642	H@1 0.241840	H@3 0.364825	H@5 0.428174	H@10 0.512533
INFO:meta-cli.py:Epoch 100/100	Loss 6.2695 ± 0.2234
INFO:meta-cli.py:Final 	dev results	MRR 0.339719	H@1 0.251155	H@3 0.371742	H@5 0.434075	H@10 0.518877
INFO:meta-cli.py:Final 	test results	MRR 0.331304	H@1 0.241376	H@3 0.364800	H@5 0.428003	H@10 0.512704
INFO:meta-cli.py:Training finished
