./bin/meta-cli.py --train data/fb15k-237/train.tsv --dev data/fb15k-237/dev.tsv --test data/fb15k-237/test.tsv -m complex -k 500 -b 1000 -e 100 --F2 0 --N3 0.1 -l 0.1 -I reciprocal -V 3 -o adagrad -q
{'F2': 0.0,
 'N3': 0.1,
 'batch_size': 1000,
 'dev': 'data/fb15k-237/dev.tsv',
 'embedding_size': 500,
 'epochs': 100,
 'eval_batch_size': None,
 'input_type': 'reciprocal',
 'learning_rate': 0.1,
 'load': None,
 'model': 'complex',
 'optimizer': 'adagrad',
 'quiet': True,
 'save': None,
 'seed': 0,
 'test': 'data/fb15k-237/test.tsv',
 'test_i': None,
 'test_ii': None,
 'train': 'data/fb15k-237/train.tsv',
 'validate_every': 3}
INFO:meta-cli.py:Device: cuda
INFO:meta-cli.py:Model state:
INFO:meta-cli.py:	entities.weight	torch.Size([14541, 1000])
INFO:meta-cli.py:	predicates.weight	torch.Size([474, 1000])
INFO:meta-cli.py:Epoch 1/100	Loss 14.1430 ± 1.6355
INFO:meta-cli.py:Epoch 2/100	Loss 12.2781 ± 0.0788
INFO:meta-cli.py:Epoch 3/100	Loss 11.9357 ± 0.0956
INFO:meta-cli.py:Epoch 3/100	dev results	MRR 0.343822	H@1 0.252381	H@3 0.378186	H@5 0.440947	H@10 0.524779
INFO:meta-cli.py:Epoch 3/100	test results	MRR 0.339805	H@1 0.249023	H@3 0.373155	H@5 0.438166	H@10 0.521621
INFO:meta-cli.py:Epoch 4/100	Loss 11.7791 ± 0.1021
INFO:meta-cli.py:Epoch 5/100	Loss 11.6853 ± 0.1085
INFO:meta-cli.py:Epoch 6/100	Loss 11.6216 ± 0.1105
INFO:meta-cli.py:Epoch 6/100	dev results	MRR 0.351789	H@1 0.259367	H@3 0.386228	H@5 0.450898	H@10 0.538038
INFO:meta-cli.py:Epoch 6/100	test results	MRR 0.346650	H@1 0.253371	H@3 0.381266	H@5 0.448427	H@10 0.533421
INFO:meta-cli.py:Epoch 7/100	Loss 11.5738 ± 0.1068
INFO:meta-cli.py:Epoch 8/100	Loss 11.5361 ± 0.1071
INFO:meta-cli.py:Epoch 9/100	Loss 11.5066 ± 0.1047
INFO:meta-cli.py:Epoch 9/100	dev results	MRR 0.356521	H@1 0.264300	H@3 0.389535	H@5 0.456972	H@10 0.543114
INFO:meta-cli.py:Epoch 9/100	test results	MRR 0.350138	H@1 0.257793	H@3 0.382659	H@5 0.452653	H@10 0.538454
INFO:meta-cli.py:Epoch 10/100	Loss 11.4816 ± 0.1034
INFO:meta-cli.py:Epoch 11/100	Loss 11.4599 ± 0.0986
INFO:meta-cli.py:Epoch 12/100	Loss 11.4416 ± 0.0980
INFO:meta-cli.py:Epoch 12/100	dev results	MRR 0.358925	H@1 0.265555	H@3 0.395466	H@5 0.459595	H@10 0.546593
INFO:meta-cli.py:Epoch 12/100	test results	MRR 0.352562	H@1 0.259455	H@3 0.386104	H@5 0.454461	H@10 0.541288
INFO:meta-cli.py:Epoch 13/100	Loss 11.4255 ± 0.1001
INFO:meta-cli.py:Epoch 14/100	Loss 11.4114 ± 0.1026
INFO:meta-cli.py:Epoch 15/100	Loss 11.3982 ± 0.0982
INFO:meta-cli.py:Epoch 15/100	dev results	MRR 0.358546	H@1 0.265127	H@3 0.393841	H@5 0.459510	H@10 0.547619
INFO:meta-cli.py:Epoch 15/100	test results	MRR 0.353624	H@1 0.260847	H@3 0.387154	H@5 0.454925	H@10 0.542681
INFO:meta-cli.py:Epoch 16/100	Loss 11.3868 ± 0.0967
INFO:meta-cli.py:Epoch 17/100	Loss 11.3765 ± 0.0948
INFO:meta-cli.py:Epoch 18/100	Loss 11.3664 ± 0.0922
INFO:meta-cli.py:Epoch 18/100	dev results	MRR 0.362378	H@1 0.269889	H@3 0.396436	H@5 0.463188	H@10 0.550328
INFO:meta-cli.py:Epoch 18/100	test results	MRR 0.355688	H@1 0.262728	H@3 0.389597	H@5 0.457661	H@10 0.544269
INFO:meta-cli.py:Epoch 19/100	Loss 11.3577 ± 0.0885
INFO:meta-cli.py:Epoch 20/100	Loss 11.3489 ± 0.0930
INFO:meta-cli.py:Epoch 21/100	Loss 11.3418 ± 0.0873
INFO:meta-cli.py:Epoch 21/100	dev results	MRR 0.362970	H@1 0.269832	H@3 0.397519	H@5 0.464443	H@10 0.550242
INFO:meta-cli.py:Epoch 21/100	test results	MRR 0.356123	H@1 0.261824	H@3 0.391259	H@5 0.458956	H@10 0.545759
INFO:meta-cli.py:Epoch 22/100	Loss 11.3341 ± 0.0926
INFO:meta-cli.py:Epoch 23/100	Loss 11.3282 ± 0.0883
INFO:meta-cli.py:Epoch 24/100	Loss 11.3221 ± 0.0904
INFO:meta-cli.py:Epoch 24/100	dev results	MRR 0.361478	H@1 0.267665	H@3 0.396806	H@5 0.461705	H@10 0.550727
INFO:meta-cli.py:Epoch 24/100	test results	MRR 0.355703	H@1 0.262118	H@3 0.389720	H@5 0.456855	H@10 0.545197
INFO:meta-cli.py:Epoch 25/100	Loss 11.3164 ± 0.0906
INFO:meta-cli.py:Epoch 26/100	Loss 11.3106 ± 0.0876
INFO:meta-cli.py:Epoch 27/100	Loss 11.3050 ± 0.0882
INFO:meta-cli.py:Epoch 27/100	dev results	MRR 0.361621	H@1 0.267437	H@3 0.398004	H@5 0.463445	H@10 0.550442
INFO:meta-cli.py:Epoch 27/100	test results	MRR 0.355638	H@1 0.260725	H@3 0.391698	H@5 0.458223	H@10 0.546321
INFO:meta-cli.py:Epoch 28/100	Loss 11.3008 ± 0.0868
INFO:meta-cli.py:Epoch 29/100	Loss 11.2957 ± 0.0879
INFO:meta-cli.py:Epoch 30/100	Loss 11.2911 ± 0.0872
INFO:meta-cli.py:Epoch 30/100	dev results	MRR 0.362486	H@1 0.269404	H@3 0.397662	H@5 0.462675	H@10 0.551183
INFO:meta-cli.py:Epoch 30/100	test results	MRR 0.355950	H@1 0.262264	H@3 0.390306	H@5 0.458761	H@10 0.547078
INFO:meta-cli.py:Epoch 31/100	Loss 11.2869 ± 0.0842
INFO:meta-cli.py:Epoch 32/100	Loss 11.2832 ± 0.0902
INFO:meta-cli.py:Epoch 33/100	Loss 11.2792 ± 0.0861
INFO:meta-cli.py:Epoch 33/100	dev results	MRR 0.362293	H@1 0.267750	H@3 0.399458	H@5 0.464699	H@10 0.552352
INFO:meta-cli.py:Epoch 33/100	test results	MRR 0.357070	H@1 0.263046	H@3 0.392431	H@5 0.460862	H@10 0.548104
INFO:meta-cli.py:Epoch 34/100	Loss 11.2753 ± 0.0828
INFO:meta-cli.py:Epoch 35/100	Loss 11.2719 ± 0.0870
INFO:meta-cli.py:Epoch 36/100	Loss 11.2684 ± 0.0896
INFO:meta-cli.py:Epoch 36/100	dev results	MRR 0.363258	H@1 0.269147	H@3 0.400741	H@5 0.464072	H@10 0.550442
INFO:meta-cli.py:Epoch 36/100	test results	MRR 0.357232	H@1 0.262924	H@3 0.392993	H@5 0.460080	H@10 0.546931
INFO:meta-cli.py:Epoch 37/100	Loss 11.2655 ± 0.0865
INFO:meta-cli.py:Epoch 38/100	Loss 11.2626 ± 0.0873
INFO:meta-cli.py:Epoch 39/100	Loss 11.2591 ± 0.0819
INFO:meta-cli.py:Epoch 39/100	dev results	MRR 0.364691	H@1 0.271742	H@3 0.400029	H@5 0.463986	H@10 0.552381
INFO:meta-cli.py:Epoch 39/100	test results	MRR 0.358590	H@1 0.265220	H@3 0.393311	H@5 0.460422	H@10 0.548031
INFO:meta-cli.py:Epoch 40/100	Loss 11.2566 ± 0.0832
INFO:meta-cli.py:Epoch 41/100	Loss 11.2532 ± 0.0840
INFO:meta-cli.py:Epoch 42/100	Loss 11.2506 ± 0.0831
INFO:meta-cli.py:Epoch 42/100	dev results	MRR 0.363903	H@1 0.269832	H@3 0.401027	H@5 0.465754	H@10 0.553579
INFO:meta-cli.py:Epoch 42/100	test results	MRR 0.357987	H@1 0.263339	H@3 0.394655	H@5 0.462279	H@10 0.548862
INFO:meta-cli.py:Epoch 43/100	Loss 11.2487 ± 0.0855
INFO:meta-cli.py:Epoch 44/100	Loss 11.2459 ± 0.0850
INFO:meta-cli.py:Epoch 45/100	Loss 11.2431 ± 0.0802
INFO:meta-cli.py:Epoch 45/100	dev results	MRR 0.364312	H@1 0.270573	H@3 0.400798	H@5 0.465412	H@10 0.552752
INFO:meta-cli.py:Epoch 45/100	test results	MRR 0.358572	H@1 0.264829	H@3 0.393433	H@5 0.460373	H@10 0.547591
INFO:meta-cli.py:Epoch 46/100	Loss 11.2410 ± 0.0790
INFO:meta-cli.py:Epoch 47/100	Loss 11.2385 ± 0.0797
INFO:meta-cli.py:Epoch 48/100	Loss 11.2364 ± 0.0820
INFO:meta-cli.py:Epoch 48/100	dev results	MRR 0.364962	H@1 0.271315	H@3 0.400285	H@5 0.466267	H@10 0.553151
INFO:meta-cli.py:Epoch 48/100	test results	MRR 0.358052	H@1 0.264170	H@3 0.392505	H@5 0.460056	H@10 0.547738
INFO:meta-cli.py:Epoch 49/100	Loss 11.2343 ± 0.0792
INFO:meta-cli.py:Epoch 50/100	Loss 11.2322 ± 0.0817
INFO:meta-cli.py:Epoch 51/100	Loss 11.2302 ± 0.0792
INFO:meta-cli.py:Epoch 51/100	dev results	MRR 0.364742	H@1 0.270687	H@3 0.401312	H@5 0.466039	H@10 0.554263
INFO:meta-cli.py:Epoch 51/100	test results	MRR 0.358238	H@1 0.264170	H@3 0.392969	H@5 0.460642	H@10 0.549252
INFO:meta-cli.py:Epoch 52/100	Loss 11.2282 ± 0.0774
INFO:meta-cli.py:Epoch 53/100	Loss 11.2261 ± 0.0795
INFO:meta-cli.py:Epoch 54/100	Loss 11.2240 ± 0.0826
INFO:meta-cli.py:Epoch 54/100	dev results	MRR 0.365062	H@1 0.271628	H@3 0.401597	H@5 0.466382	H@10 0.552581
INFO:meta-cli.py:Epoch 54/100	test results	MRR 0.358158	H@1 0.263974	H@3 0.394019	H@5 0.461717	H@10 0.548617
INFO:meta-cli.py:Epoch 55/100	Loss 11.2226 ± 0.0796
INFO:meta-cli.py:Epoch 56/100	Loss 11.2204 ± 0.0839
INFO:meta-cli.py:Epoch 57/100	Loss 11.2192 ± 0.0828
INFO:meta-cli.py:Epoch 57/100	dev results	MRR 0.365146	H@1 0.271315	H@3 0.402025	H@5 0.466581	H@10 0.554063
INFO:meta-cli.py:Epoch 57/100	test results	MRR 0.359462	H@1 0.265636	H@3 0.394972	H@5 0.461180	H@10 0.549448
INFO:meta-cli.py:Epoch 58/100	Loss 11.2170 ± 0.0792
INFO:meta-cli.py:Epoch 59/100	Loss 11.2154 ± 0.0812
INFO:meta-cli.py:Epoch 60/100	Loss 11.2138 ± 0.0793
INFO:meta-cli.py:Epoch 60/100	dev results	MRR 0.365054	H@1 0.270573	H@3 0.402395	H@5 0.467322	H@10 0.553778
INFO:meta-cli.py:Epoch 60/100	test results	MRR 0.359413	H@1 0.265220	H@3 0.395216	H@5 0.462010	H@10 0.550107
INFO:meta-cli.py:Epoch 61/100	Loss 11.2123 ± 0.0802
INFO:meta-cli.py:Epoch 62/100	Loss 11.2107 ± 0.0787
INFO:meta-cli.py:Epoch 63/100	Loss 11.2095 ± 0.0778
INFO:meta-cli.py:Epoch 63/100	dev results	MRR 0.365432	H@1 0.271828	H@3 0.401112	H@5 0.467237	H@10 0.554520
INFO:meta-cli.py:Epoch 63/100	test results	MRR 0.359714	H@1 0.265758	H@3 0.394777	H@5 0.462499	H@10 0.550254
INFO:meta-cli.py:Epoch 64/100	Loss 11.2078 ± 0.0729
INFO:meta-cli.py:Epoch 65/100	Loss 11.2065 ± 0.0759
INFO:meta-cli.py:Epoch 66/100	Loss 11.2048 ± 0.0736
INFO:meta-cli.py:Epoch 66/100	dev results	MRR 0.364907	H@1 0.270716	H@3 0.402025	H@5 0.467123	H@10 0.553293
INFO:meta-cli.py:Epoch 66/100	test results	MRR 0.358757	H@1 0.264292	H@3 0.394093	H@5 0.462157	H@10 0.549497
INFO:meta-cli.py:Epoch 67/100	Loss 11.2033 ± 0.0808
INFO:meta-cli.py:Epoch 68/100	Loss 11.2024 ± 0.0797
INFO:meta-cli.py:Epoch 69/100	Loss 11.2010 ± 0.0762
INFO:meta-cli.py:Epoch 69/100	dev results	MRR 0.365567	H@1 0.271685	H@3 0.403222	H@5 0.466125	H@10 0.554092
INFO:meta-cli.py:Epoch 69/100	test results	MRR 0.358779	H@1 0.264365	H@3 0.394239	H@5 0.461815	H@10 0.550181
INFO:meta-cli.py:Epoch 70/100	Loss 11.1997 ± 0.0792
INFO:meta-cli.py:Epoch 71/100	Loss 11.1987 ± 0.0794
INFO:meta-cli.py:Epoch 72/100	Loss 11.1968 ± 0.0797
INFO:meta-cli.py:Epoch 72/100	dev results	MRR 0.364633	H@1 0.270345	H@3 0.402395	H@5 0.466923	H@10 0.554320
INFO:meta-cli.py:Epoch 72/100	test results	MRR 0.358910	H@1 0.264585	H@3 0.394264	H@5 0.461790	H@10 0.550132
INFO:meta-cli.py:Epoch 73/100	Loss 11.1957 ± 0.0776
INFO:meta-cli.py:Epoch 74/100	Loss 11.1944 ± 0.0791
INFO:meta-cli.py:Epoch 75/100	Loss 11.1936 ± 0.0792
INFO:meta-cli.py:Epoch 75/100	dev results	MRR 0.365496	H@1 0.271001	H@3 0.402994	H@5 0.467551	H@10 0.553892
INFO:meta-cli.py:Epoch 75/100	test results	MRR 0.359899	H@1 0.265709	H@3 0.394288	H@5 0.462059	H@10 0.550303
INFO:meta-cli.py:Epoch 76/100	Loss 11.1927 ± 0.0777
INFO:meta-cli.py:Epoch 77/100	Loss 11.1910 ± 0.0738
INFO:meta-cli.py:Epoch 78/100	Loss 11.1902 ± 0.0742
INFO:meta-cli.py:Epoch 78/100	dev results	MRR 0.365041	H@1 0.270459	H@3 0.402509	H@5 0.467380	H@10 0.552809
INFO:meta-cli.py:Epoch 78/100	test results	MRR 0.359529	H@1 0.265318	H@3 0.394801	H@5 0.461668	H@10 0.550303
INFO:meta-cli.py:Epoch 79/100	Loss 11.1888 ± 0.0746
INFO:meta-cli.py:Epoch 80/100	Loss 11.1880 ± 0.0749
INFO:meta-cli.py:Epoch 81/100	Loss 11.1870 ± 0.0807
INFO:meta-cli.py:Epoch 81/100	dev results	MRR 0.365949	H@1 0.272427	H@3 0.401540	H@5 0.467579	H@10 0.554348
INFO:meta-cli.py:Epoch 81/100	test results	MRR 0.359913	H@1 0.266271	H@3 0.394117	H@5 0.462279	H@10 0.549765
INFO:meta-cli.py:Epoch 82/100	Loss 11.1860 ± 0.0771
INFO:meta-cli.py:Epoch 83/100	Loss 11.1854 ± 0.0745
INFO:meta-cli.py:Epoch 84/100	Loss 11.1839 ± 0.0751
INFO:meta-cli.py:Epoch 84/100	dev results	MRR 0.364965	H@1 0.270516	H@3 0.402965	H@5 0.466239	H@10 0.554291
INFO:meta-cli.py:Epoch 84/100	test results	MRR 0.359674	H@1 0.265269	H@3 0.395632	H@5 0.461277	H@10 0.550474
INFO:meta-cli.py:Epoch 85/100	Loss 11.1832 ± 0.0743
INFO:meta-cli.py:Epoch 86/100	Loss 11.1821 ± 0.0732
INFO:meta-cli.py:Epoch 87/100	Loss 11.1809 ± 0.0745
INFO:meta-cli.py:Epoch 87/100	dev results	MRR 0.365000	H@1 0.270288	H@3 0.403023	H@5 0.466809	H@10 0.554234
INFO:meta-cli.py:Epoch 87/100	test results	MRR 0.360074	H@1 0.266222	H@3 0.394166	H@5 0.461644	H@10 0.551378
INFO:meta-cli.py:Epoch 88/100	Loss 11.1802 ± 0.0761
INFO:meta-cli.py:Epoch 89/100	Loss 11.1789 ± 0.0781
INFO:meta-cli.py:Epoch 90/100	Loss 11.1785 ± 0.0774
INFO:meta-cli.py:Epoch 90/100	dev results	MRR 0.365335	H@1 0.270972	H@3 0.403365	H@5 0.466980	H@10 0.554291
INFO:meta-cli.py:Epoch 90/100	test results	MRR 0.359809	H@1 0.265685	H@3 0.394997	H@5 0.461277	H@10 0.550572
INFO:meta-cli.py:Epoch 91/100	Loss 11.1774 ± 0.0743
INFO:meta-cli.py:Epoch 92/100	Loss 11.1762 ± 0.0756
INFO:meta-cli.py:Epoch 93/100	Loss 11.1753 ± 0.0710
INFO:meta-cli.py:Epoch 93/100	dev results	MRR 0.365238	H@1 0.270830	H@3 0.402338	H@5 0.467893	H@10 0.555831
INFO:meta-cli.py:Epoch 93/100	test results	MRR 0.359331	H@1 0.265025	H@3 0.394288	H@5 0.462401	H@10 0.550352
INFO:meta-cli.py:Epoch 94/100	Loss 11.1748 ± 0.0745
INFO:meta-cli.py:Epoch 95/100	Loss 11.1739 ± 0.0763
INFO:meta-cli.py:Epoch 96/100	Loss 11.1730 ± 0.0698
INFO:meta-cli.py:Epoch 96/100	dev results	MRR 0.365717	H@1 0.271343	H@3 0.403165	H@5 0.467408	H@10 0.554434
INFO:meta-cli.py:Epoch 96/100	test results	MRR 0.359647	H@1 0.265245	H@3 0.395143	H@5 0.463036	H@10 0.551134
INFO:meta-cli.py:Epoch 97/100	Loss 11.1720 ± 0.0788
INFO:meta-cli.py:Epoch 98/100	Loss 11.1714 ± 0.0753
INFO:meta-cli.py:Epoch 99/100	Loss 11.1708 ± 0.0768
INFO:meta-cli.py:Epoch 99/100	dev results	MRR 0.365393	H@1 0.270887	H@3 0.403393	H@5 0.466353	H@10 0.555860
INFO:meta-cli.py:Epoch 99/100	test results	MRR 0.360264	H@1 0.266246	H@3 0.395583	H@5 0.463036	H@10 0.550963
INFO:meta-cli.py:Epoch 100/100	Loss 11.1695 ± 0.0762
INFO:meta-cli.py:Final 	dev results	MRR 0.365933	H@1 0.271457	H@3 0.404249	H@5 0.466439	H@10 0.555090
INFO:meta-cli.py:Final 	test results	MRR 0.360013	H@1 0.265758	H@3 0.395632	H@5 0.462328	H@10 0.551256
INFO:meta-cli.py:Training finished
