./bin/meta-cli.py --train data/fb15k-237/train.tsv --dev data/fb15k-237/dev.tsv --test data/fb15k-237/test.tsv -m complex -k 1000 -b 100 -e 100 --F2 0.001 --N3 0 -l 0.1 -I reciprocal -V 3 -o adagrad -q
{'F2': 0.001,
 'N3': 0.0,
 'batch_size': 100,
 'dev': 'data/fb15k-237/dev.tsv',
 'embedding_size': 1000,
 'epochs': 100,
 'eval_batch_size': None,
 'input_type': 'reciprocal',
 'learning_rate': 0.1,
 'load': None,
 'model': 'complex',
 'optimizer': 'adagrad',
 'quiet': True,
 'save': None,
 'seed': 0,
 'test': 'data/fb15k-237/test.tsv',
 'test_i': None,
 'test_ii': None,
 'train': 'data/fb15k-237/train.tsv',
 'validate_every': 3}
INFO:meta-cli.py:Device: cuda
INFO:meta-cli.py:Model state:
INFO:meta-cli.py:	entities.weight	torch.Size([14541, 2000])
INFO:meta-cli.py:	predicates.weight	torch.Size([474, 2000])
INFO:meta-cli.py:Epoch 1/100	Loss 10.4520 ± 2.4520
INFO:meta-cli.py:Epoch 2/100	Loss 6.9142 ± 0.2575
INFO:meta-cli.py:Epoch 3/100	Loss 6.4961 ± 0.2731
INFO:meta-cli.py:Epoch 3/100	dev results	MRR 0.330552	H@1 0.244625	H@3 0.359338	H@5 0.420302	H@10 0.505047
INFO:meta-cli.py:Epoch 3/100	test results	MRR 0.324421	H@1 0.236661	H@3 0.356909	H@5 0.418817	H@10 0.499267
INFO:meta-cli.py:Epoch 4/100	Loss 6.3100 ± 0.2764
INFO:meta-cli.py:Epoch 5/100	Loss 6.1985 ± 0.2750
INFO:meta-cli.py:Epoch 6/100	Loss 6.1199 ± 0.2749
INFO:meta-cli.py:Epoch 6/100	dev results	MRR 0.336719	H@1 0.248104	H@3 0.369290	H@5 0.429626	H@10 0.516082
INFO:meta-cli.py:Epoch 6/100	test results	MRR 0.329734	H@1 0.239226	H@3 0.363603	H@5 0.426537	H@10 0.510017
INFO:meta-cli.py:Epoch 7/100	Loss 6.0635 ± 0.2729
INFO:meta-cli.py:Epoch 8/100	Loss 6.0174 ± 0.2723
INFO:meta-cli.py:Epoch 9/100	Loss 5.9807 ± 0.2709
INFO:meta-cli.py:Epoch 9/100	dev results	MRR 0.341020	H@1 0.252951	H@3 0.371799	H@5 0.436327	H@10 0.519361
INFO:meta-cli.py:Epoch 9/100	test results	MRR 0.333449	H@1 0.243306	H@3 0.367610	H@5 0.431789	H@10 0.513486
INFO:meta-cli.py:Epoch 10/100	Loss 5.9499 ± 0.2686
INFO:meta-cli.py:Epoch 11/100	Loss 5.9237 ± 0.2636
INFO:meta-cli.py:Epoch 12/100	Loss 5.9015 ± 0.2620
INFO:meta-cli.py:Epoch 12/100	dev results	MRR 0.343428	H@1 0.255204	H@3 0.374793	H@5 0.437040	H@10 0.522013
INFO:meta-cli.py:Epoch 12/100	test results	MRR 0.336701	H@1 0.246873	H@3 0.370517	H@5 0.433206	H@10 0.515489
INFO:meta-cli.py:Epoch 13/100	Loss 5.8819 ± 0.2642
INFO:meta-cli.py:Epoch 14/100	Loss 5.8643 ± 0.2652
INFO:meta-cli.py:Epoch 15/100	Loss 5.8486 ± 0.2557
INFO:meta-cli.py:Epoch 15/100	dev results	MRR 0.343819	H@1 0.255004	H@3 0.377188	H@5 0.437040	H@10 0.523353
INFO:meta-cli.py:Epoch 15/100	test results	MRR 0.338074	H@1 0.248607	H@3 0.371299	H@5 0.434281	H@10 0.517077
INFO:meta-cli.py:Epoch 16/100	Loss 5.8344 ± 0.2563
INFO:meta-cli.py:Epoch 17/100	Loss 5.8216 ± 0.2553
INFO:meta-cli.py:Epoch 18/100	Loss 5.8097 ± 0.2492
INFO:meta-cli.py:Epoch 18/100	dev results	MRR 0.346592	H@1 0.258740	H@3 0.377331	H@5 0.439464	H@10 0.524522
INFO:meta-cli.py:Epoch 18/100	test results	MRR 0.338608	H@1 0.248436	H@3 0.373326	H@5 0.435356	H@10 0.518421
INFO:meta-cli.py:Epoch 19/100	Loss 5.7992 ± 0.2497
INFO:meta-cli.py:Epoch 20/100	Loss 5.7890 ± 0.2496
INFO:meta-cli.py:Epoch 21/100	Loss 5.7797 ± 0.2485
INFO:meta-cli.py:Epoch 21/100	dev results	MRR 0.346836	H@1 0.259367	H@3 0.378158	H@5 0.439635	H@10 0.524950
INFO:meta-cli.py:Epoch 21/100	test results	MRR 0.339877	H@1 0.250269	H@3 0.373888	H@5 0.436773	H@10 0.519056
INFO:meta-cli.py:Epoch 22/100	Loss 5.7707 ± 0.2522
INFO:meta-cli.py:Epoch 23/100	Loss 5.7629 ± 0.2523
INFO:meta-cli.py:Epoch 24/100	Loss 5.7551 ± 0.2486
INFO:meta-cli.py:Epoch 24/100	dev results	MRR 0.346526	H@1 0.258255	H@3 0.378700	H@5 0.441431	H@10 0.525463
INFO:meta-cli.py:Epoch 24/100	test results	MRR 0.339663	H@1 0.249585	H@3 0.374695	H@5 0.436529	H@10 0.518958
INFO:meta-cli.py:Epoch 25/100	Loss 5.7481 ± 0.2502
INFO:meta-cli.py:Epoch 26/100	Loss 5.7415 ± 0.2504
INFO:meta-cli.py:Epoch 27/100	Loss 5.7349 ± 0.2504
INFO:meta-cli.py:Epoch 27/100	dev results	MRR 0.346823	H@1 0.258397	H@3 0.379926	H@5 0.441203	H@10 0.524779
INFO:meta-cli.py:Epoch 27/100	test results	MRR 0.340046	H@1 0.249707	H@3 0.375574	H@5 0.436187	H@10 0.518567
INFO:meta-cli.py:Epoch 28/100	Loss 5.7289 ± 0.2494
INFO:meta-cli.py:Epoch 29/100	Loss 5.7233 ± 0.2440
INFO:meta-cli.py:Epoch 30/100	Loss 5.7176 ± 0.2498
INFO:meta-cli.py:Epoch 30/100	dev results	MRR 0.347715	H@1 0.259738	H@3 0.380068	H@5 0.441745	H@10 0.525235
INFO:meta-cli.py:Epoch 30/100	test results	MRR 0.339934	H@1 0.249927	H@3 0.375281	H@5 0.435845	H@10 0.518885
INFO:meta-cli.py:Epoch 31/100	Loss 5.7124 ± 0.2435
INFO:meta-cli.py:Epoch 32/100	Loss 5.7076 ± 0.2467
INFO:meta-cli.py:Epoch 33/100	Loss 5.7027 ± 0.2462
INFO:meta-cli.py:Epoch 33/100	dev results	MRR 0.347628	H@1 0.259510	H@3 0.380439	H@5 0.440120	H@10 0.526319
INFO:meta-cli.py:Epoch 33/100	test results	MRR 0.341030	H@1 0.251124	H@3 0.376527	H@5 0.436529	H@10 0.519936
INFO:meta-cli.py:Epoch 34/100	Loss 5.6981 ± 0.2422
INFO:meta-cli.py:Epoch 35/100	Loss 5.6941 ± 0.2447
INFO:meta-cli.py:Epoch 36/100	Loss 5.6898 ± 0.2465
INFO:meta-cli.py:Epoch 36/100	dev results	MRR 0.348450	H@1 0.260821	H@3 0.380924	H@5 0.441232	H@10 0.526461
INFO:meta-cli.py:Epoch 36/100	test results	MRR 0.341070	H@1 0.251710	H@3 0.375623	H@5 0.436285	H@10 0.519764
INFO:meta-cli.py:Epoch 37/100	Loss 5.6857 ± 0.2451
INFO:meta-cli.py:Epoch 38/100	Loss 5.6819 ± 0.2438
INFO:meta-cli.py:Epoch 39/100	Loss 5.6780 ± 0.2418
INFO:meta-cli.py:Epoch 39/100	dev results	MRR 0.348015	H@1 0.260080	H@3 0.379498	H@5 0.441403	H@10 0.526091
INFO:meta-cli.py:Epoch 39/100	test results	MRR 0.340526	H@1 0.249731	H@3 0.375818	H@5 0.437311	H@10 0.519593
INFO:meta-cli.py:Epoch 40/100	Loss 5.6745 ± 0.2416
INFO:meta-cli.py:Epoch 41/100	Loss 5.6710 ± 0.2407
INFO:meta-cli.py:Epoch 42/100	Loss 5.6676 ± 0.2392
INFO:meta-cli.py:Epoch 42/100	dev results	MRR 0.348992	H@1 0.261477	H@3 0.380753	H@5 0.441631	H@10 0.526575
INFO:meta-cli.py:Epoch 42/100	test results	MRR 0.341540	H@1 0.251930	H@3 0.376649	H@5 0.437799	H@10 0.520546
INFO:meta-cli.py:Epoch 43/100	Loss 5.6644 ± 0.2421
INFO:meta-cli.py:Epoch 44/100	Loss 5.6613 ± 0.2404
INFO:meta-cli.py:Epoch 45/100	Loss 5.6581 ± 0.2440
INFO:meta-cli.py:Epoch 45/100	dev results	MRR 0.347909	H@1 0.259738	H@3 0.380297	H@5 0.441004	H@10 0.526404
INFO:meta-cli.py:Epoch 45/100	test results	MRR 0.341286	H@1 0.251368	H@3 0.376136	H@5 0.437189	H@10 0.519178
INFO:meta-cli.py:Epoch 46/100	Loss 5.6553 ± 0.2404
INFO:meta-cli.py:Epoch 47/100	Loss 5.6522 ± 0.2354
INFO:meta-cli.py:Epoch 48/100	Loss 5.6496 ± 0.2427
INFO:meta-cli.py:Epoch 48/100	dev results	MRR 0.348371	H@1 0.260108	H@3 0.379726	H@5 0.441175	H@10 0.526889
INFO:meta-cli.py:Epoch 48/100	test results	MRR 0.341879	H@1 0.252296	H@3 0.375794	H@5 0.437433	H@10 0.519887
INFO:meta-cli.py:Epoch 49/100	Loss 5.6469 ± 0.2382
INFO:meta-cli.py:Epoch 50/100	Loss 5.6444 ± 0.2393
INFO:meta-cli.py:Epoch 51/100	Loss 5.6418 ± 0.2371
INFO:meta-cli.py:Epoch 51/100	dev results	MRR 0.348389	H@1 0.260422	H@3 0.380240	H@5 0.441603	H@10 0.526804
INFO:meta-cli.py:Epoch 51/100	test results	MRR 0.341381	H@1 0.251710	H@3 0.375794	H@5 0.436993	H@10 0.520571
INFO:meta-cli.py:Epoch 52/100	Loss 5.6394 ± 0.2369
INFO:meta-cli.py:Epoch 53/100	Loss 5.6370 ± 0.2367
INFO:meta-cli.py:Epoch 54/100	Loss 5.6344 ± 0.2406
INFO:meta-cli.py:Epoch 54/100	dev results	MRR 0.348137	H@1 0.259880	H@3 0.380667	H@5 0.441973	H@10 0.526575
INFO:meta-cli.py:Epoch 54/100	test results	MRR 0.341234	H@1 0.251222	H@3 0.376625	H@5 0.437750	H@10 0.520033
INFO:meta-cli.py:Epoch 55/100	Loss 5.6322 ± 0.2387
INFO:meta-cli.py:Epoch 56/100	Loss 5.6300 ± 0.2379
INFO:meta-cli.py:Epoch 57/100	Loss 5.6279 ± 0.2380
INFO:meta-cli.py:Epoch 57/100	dev results	MRR 0.348174	H@1 0.260194	H@3 0.379698	H@5 0.442458	H@10 0.525891
INFO:meta-cli.py:Epoch 57/100	test results	MRR 0.341285	H@1 0.251417	H@3 0.376112	H@5 0.437213	H@10 0.519838
INFO:meta-cli.py:Epoch 58/100	Loss 5.6256 ± 0.2365
INFO:meta-cli.py:Epoch 59/100	Loss 5.6235 ± 0.2332
INFO:meta-cli.py:Epoch 60/100	Loss 5.6215 ± 0.2367
INFO:meta-cli.py:Epoch 60/100	dev results	MRR 0.348503	H@1 0.260536	H@3 0.380182	H@5 0.442772	H@10 0.526518
INFO:meta-cli.py:Epoch 60/100	test results	MRR 0.341198	H@1 0.250977	H@3 0.376747	H@5 0.437995	H@10 0.519007
INFO:meta-cli.py:Epoch 61/100	Loss 5.6196 ± 0.2375
INFO:meta-cli.py:Epoch 62/100	Loss 5.6175 ± 0.2376
INFO:meta-cli.py:Epoch 63/100	Loss 5.6157 ± 0.2360
INFO:meta-cli.py:Epoch 63/100	dev results	MRR 0.349016	H@1 0.261620	H@3 0.379869	H@5 0.442059	H@10 0.526148
INFO:meta-cli.py:Epoch 63/100	test results	MRR 0.342039	H@1 0.252443	H@3 0.376405	H@5 0.437799	H@10 0.519227
INFO:meta-cli.py:Epoch 64/100	Loss 5.6138 ± 0.2331
INFO:meta-cli.py:Epoch 65/100	Loss 5.6118 ± 0.2339
INFO:meta-cli.py:Epoch 66/100	Loss 5.6101 ± 0.2324
INFO:meta-cli.py:Epoch 66/100	dev results	MRR 0.348570	H@1 0.260707	H@3 0.380468	H@5 0.442287	H@10 0.526290
INFO:meta-cli.py:Epoch 66/100	test results	MRR 0.341419	H@1 0.251173	H@3 0.377089	H@5 0.438312	H@10 0.520668
INFO:meta-cli.py:Epoch 67/100	Loss 5.6084 ± 0.2365
INFO:meta-cli.py:Epoch 68/100	Loss 5.6068 ± 0.2377
INFO:meta-cli.py:Epoch 69/100	Loss 5.6051 ± 0.2372
INFO:meta-cli.py:Epoch 69/100	dev results	MRR 0.348735	H@1 0.260679	H@3 0.381095	H@5 0.441431	H@10 0.526718
INFO:meta-cli.py:Epoch 69/100	test results	MRR 0.341710	H@1 0.251857	H@3 0.377577	H@5 0.438263	H@10 0.519740
INFO:meta-cli.py:Epoch 70/100	Loss 5.6033 ± 0.2381
INFO:meta-cli.py:Epoch 71/100	Loss 5.6018 ± 0.2362
INFO:meta-cli.py:Epoch 72/100	Loss 5.6001 ± 0.2381
INFO:meta-cli.py:Epoch 72/100	dev results	MRR 0.348186	H@1 0.259681	H@3 0.380582	H@5 0.441688	H@10 0.525463
INFO:meta-cli.py:Epoch 72/100	test results	MRR 0.341272	H@1 0.251197	H@3 0.376674	H@5 0.437262	H@10 0.518812
INFO:meta-cli.py:Epoch 73/100	Loss 5.5987 ± 0.2340
INFO:meta-cli.py:Epoch 74/100	Loss 5.5971 ± 0.2352
INFO:meta-cli.py:Epoch 75/100	Loss 5.5956 ± 0.2305
INFO:meta-cli.py:Epoch 75/100	dev results	MRR 0.348597	H@1 0.260451	H@3 0.380810	H@5 0.442686	H@10 0.525292
INFO:meta-cli.py:Epoch 75/100	test results	MRR 0.340979	H@1 0.250733	H@3 0.376478	H@5 0.437628	H@10 0.519716
INFO:meta-cli.py:Epoch 76/100	Loss 5.5942 ± 0.2313
INFO:meta-cli.py:Epoch 77/100	Loss 5.5928 ± 0.2327
INFO:meta-cli.py:Epoch 78/100	Loss 5.5913 ± 0.2355
INFO:meta-cli.py:Epoch 78/100	dev results	MRR 0.347930	H@1 0.259310	H@3 0.380468	H@5 0.441945	H@10 0.526119
INFO:meta-cli.py:Epoch 78/100	test results	MRR 0.341195	H@1 0.251246	H@3 0.376063	H@5 0.437433	H@10 0.519740
INFO:meta-cli.py:Epoch 79/100	Loss 5.5899 ± 0.2342
INFO:meta-cli.py:Epoch 80/100	Loss 5.5886 ± 0.2333
INFO:meta-cli.py:Epoch 81/100	Loss 5.5872 ± 0.2356
INFO:meta-cli.py:Epoch 81/100	dev results	MRR 0.348521	H@1 0.260336	H@3 0.380810	H@5 0.441431	H@10 0.526233
INFO:meta-cli.py:Epoch 81/100	test results	MRR 0.341183	H@1 0.251148	H@3 0.376698	H@5 0.437873	H@10 0.519032
INFO:meta-cli.py:Epoch 82/100	Loss 5.5859 ± 0.2370
INFO:meta-cli.py:Epoch 83/100	Loss 5.5846 ± 0.2339
INFO:meta-cli.py:Epoch 84/100	Loss 5.5833 ± 0.2336
INFO:meta-cli.py:Epoch 84/100	dev results	MRR 0.348637	H@1 0.260479	H@3 0.380781	H@5 0.442287	H@10 0.526062
INFO:meta-cli.py:Epoch 84/100	test results	MRR 0.341398	H@1 0.251417	H@3 0.377089	H@5 0.437677	H@10 0.519251
INFO:meta-cli.py:Epoch 85/100	Loss 5.5819 ± 0.2329
INFO:meta-cli.py:Epoch 86/100	Loss 5.5808 ± 0.2314
INFO:meta-cli.py:Epoch 87/100	Loss 5.5795 ± 0.2341
INFO:meta-cli.py:Epoch 87/100	dev results	MRR 0.348077	H@1 0.259937	H@3 0.379783	H@5 0.441888	H@10 0.526233
INFO:meta-cli.py:Epoch 87/100	test results	MRR 0.341068	H@1 0.250855	H@3 0.376478	H@5 0.436920	H@10 0.519349
INFO:meta-cli.py:Epoch 88/100	Loss 5.5783 ± 0.2363
INFO:meta-cli.py:Epoch 89/100	Loss 5.5771 ± 0.2321
INFO:meta-cli.py:Epoch 90/100	Loss 5.5760 ± 0.2325
INFO:meta-cli.py:Epoch 90/100	dev results	MRR 0.348450	H@1 0.260650	H@3 0.380268	H@5 0.441374	H@10 0.524865
INFO:meta-cli.py:Epoch 90/100	test results	MRR 0.341025	H@1 0.251099	H@3 0.376331	H@5 0.437091	H@10 0.518421
INFO:meta-cli.py:Epoch 91/100	Loss 5.5749 ± 0.2321
INFO:meta-cli.py:Epoch 92/100	Loss 5.5736 ± 0.2350
INFO:meta-cli.py:Epoch 93/100	Loss 5.5725 ± 0.2300
INFO:meta-cli.py:Epoch 93/100	dev results	MRR 0.348377	H@1 0.260508	H@3 0.380268	H@5 0.441916	H@10 0.525492
INFO:meta-cli.py:Epoch 93/100	test results	MRR 0.341237	H@1 0.251173	H@3 0.377138	H@5 0.437286	H@10 0.518372
INFO:meta-cli.py:Epoch 94/100	Loss 5.5714 ± 0.2281
INFO:meta-cli.py:Epoch 95/100	Loss 5.5703 ± 0.2331
INFO:meta-cli.py:Epoch 96/100	Loss 5.5693 ± 0.2295
INFO:meta-cli.py:Epoch 96/100	dev results	MRR 0.348649	H@1 0.260736	H@3 0.380952	H@5 0.442230	H@10 0.525663
INFO:meta-cli.py:Epoch 96/100	test results	MRR 0.340754	H@1 0.250366	H@3 0.376429	H@5 0.437335	H@10 0.518983
INFO:meta-cli.py:Epoch 97/100	Loss 5.5683 ± 0.2329
INFO:meta-cli.py:Epoch 98/100	Loss 5.5672 ± 0.2303
INFO:meta-cli.py:Epoch 99/100	Loss 5.5661 ± 0.2357
INFO:meta-cli.py:Epoch 99/100	dev results	MRR 0.348445	H@1 0.260393	H@3 0.380154	H@5 0.441831	H@10 0.526091
INFO:meta-cli.py:Epoch 99/100	test results	MRR 0.340996	H@1 0.250904	H@3 0.376356	H@5 0.436871	H@10 0.518738
INFO:meta-cli.py:Epoch 100/100	Loss 5.5652 ± 0.2371
INFO:meta-cli.py:Final 	dev results	MRR 0.348321	H@1 0.260736	H@3 0.379356	H@5 0.441374	H@10 0.526319
INFO:meta-cli.py:Final 	test results	MRR 0.340744	H@1 0.250757	H@3 0.376283	H@5 0.437286	H@10 0.519032
INFO:meta-cli.py:Training finished
