./bin/meta-cli.py --train data/fb15k-237/train.tsv --dev data/fb15k-237/dev.tsv --test data/fb15k-237/test.tsv -m complex -k 2000 -b 500 -e 100 --F2 0 --N3 0.005 -l 0.1 -I standard -V 3 -o adagrad -q
{'F2': 0.0,
 'N3': 0.005,
 'batch_size': 500,
 'dev': 'data/fb15k-237/dev.tsv',
 'embedding_size': 2000,
 'epochs': 100,
 'eval_batch_size': None,
 'input_type': 'standard',
 'learning_rate': 0.1,
 'load': None,
 'model': 'complex',
 'optimizer': 'adagrad',
 'quiet': True,
 'save': None,
 'seed': 0,
 'test': 'data/fb15k-237/test.tsv',
 'test_i': None,
 'test_ii': None,
 'train': 'data/fb15k-237/train.tsv',
 'validate_every': 3}
INFO:meta-cli.py:Device: cuda
INFO:meta-cli.py:Model state:
INFO:meta-cli.py:	entities.weight	torch.Size([14541, 4000])
INFO:meta-cli.py:	predicates.weight	torch.Size([237, 4000])
INFO:meta-cli.py:Epoch 1/100	Loss 12.3187 ± 1.9399
INFO:meta-cli.py:Epoch 2/100	Loss 8.3938 ± 0.1755
INFO:meta-cli.py:Epoch 3/100	Loss 7.5401 ± 0.2576
INFO:meta-cli.py:Epoch 3/100	dev results	MRR 0.328247	H@1 0.239036	H@3 0.359937	H@5 0.423667	H@10 0.508412
INFO:meta-cli.py:Epoch 3/100	test results	MRR 0.321531	H@1 0.232288	H@3 0.353147	H@5 0.416251	H@10 0.502761
INFO:meta-cli.py:Epoch 4/100	Loss 7.1933 ± 0.2721
INFO:meta-cli.py:Epoch 5/100	Loss 6.9943 ± 0.2778
INFO:meta-cli.py:Epoch 6/100	Loss 6.8594 ± 0.2695
INFO:meta-cli.py:Epoch 6/100	dev results	MRR 0.340467	H@1 0.248474	H@3 0.374993	H@5 0.437924	H@10 0.525435
INFO:meta-cli.py:Epoch 6/100	test results	MRR 0.335040	H@1 0.242891	H@3 0.369418	H@5 0.433841	H@10 0.520815
INFO:meta-cli.py:Epoch 7/100	Loss 6.7614 ± 0.2636
INFO:meta-cli.py:Epoch 8/100	Loss 6.6835 ± 0.2600
INFO:meta-cli.py:Epoch 9/100	Loss 6.6219 ± 0.2591
INFO:meta-cli.py:Epoch 9/100	dev results	MRR 0.346037	H@1 0.254833	H@3 0.378643	H@5 0.444597	H@10 0.530681
INFO:meta-cli.py:Epoch 9/100	test results	MRR 0.341022	H@1 0.249927	H@3 0.375330	H@5 0.438996	H@10 0.524309
INFO:meta-cli.py:Epoch 10/100	Loss 6.5692 ± 0.2500
INFO:meta-cli.py:Epoch 11/100	Loss 6.5240 ± 0.2532
INFO:meta-cli.py:Epoch 12/100	Loss 6.4866 ± 0.2550
INFO:meta-cli.py:Epoch 12/100	dev results	MRR 0.349234	H@1 0.258340	H@3 0.381865	H@5 0.447562	H@10 0.532991
INFO:meta-cli.py:Epoch 12/100	test results	MRR 0.342715	H@1 0.250464	H@3 0.377675	H@5 0.442026	H@10 0.528682
INFO:meta-cli.py:Epoch 13/100	Loss 6.4529 ± 0.2400
INFO:meta-cli.py:Epoch 14/100	Loss 6.4231 ± 0.2461
INFO:meta-cli.py:Epoch 15/100	Loss 6.3959 ± 0.2367
INFO:meta-cli.py:Epoch 15/100	dev results	MRR 0.351001	H@1 0.258939	H@3 0.384688	H@5 0.450185	H@10 0.535643
INFO:meta-cli.py:Epoch 15/100	test results	MRR 0.345003	H@1 0.252663	H@3 0.379214	H@5 0.445666	H@10 0.530245
INFO:meta-cli.py:Epoch 16/100	Loss 6.3719 ± 0.2324
INFO:meta-cli.py:Epoch 17/100	Loss 6.3507 ± 0.2327
INFO:meta-cli.py:Epoch 18/100	Loss 6.3303 ± 0.2306
INFO:meta-cli.py:Epoch 18/100	dev results	MRR 0.353821	H@1 0.262190	H@3 0.386627	H@5 0.451411	H@10 0.537981
INFO:meta-cli.py:Epoch 18/100	test results	MRR 0.346965	H@1 0.255155	H@3 0.380338	H@5 0.447107	H@10 0.531442
INFO:meta-cli.py:Epoch 19/100	Loss 6.3117 ± 0.2214
INFO:meta-cli.py:Epoch 20/100	Loss 6.2953 ± 0.2206
INFO:meta-cli.py:Epoch 21/100	Loss 6.2800 ± 0.2099
INFO:meta-cli.py:Epoch 21/100	dev results	MRR 0.353584	H@1 0.261591	H@3 0.387653	H@5 0.453265	H@10 0.538266
INFO:meta-cli.py:Epoch 21/100	test results	MRR 0.347603	H@1 0.255790	H@3 0.382732	H@5 0.446741	H@10 0.531174
INFO:meta-cli.py:Epoch 22/100	Loss 6.2656 ± 0.2142
INFO:meta-cli.py:Epoch 23/100	Loss 6.2513 ± 0.2152
INFO:meta-cli.py:Epoch 24/100	Loss 6.2392 ± 0.2102
INFO:meta-cli.py:Epoch 24/100	dev results	MRR 0.353727	H@1 0.262161	H@3 0.387140	H@5 0.452381	H@10 0.538238
INFO:meta-cli.py:Epoch 24/100	test results	MRR 0.349363	H@1 0.258624	H@3 0.382244	H@5 0.448451	H@10 0.531516
INFO:meta-cli.py:Epoch 25/100	Loss 6.2263 ± 0.2102
INFO:meta-cli.py:Epoch 26/100	Loss 6.2148 ± 0.2083
INFO:meta-cli.py:Epoch 27/100	Loss 6.2047 ± 0.2056
INFO:meta-cli.py:Epoch 27/100	dev results	MRR 0.354940	H@1 0.263445	H@3 0.388737	H@5 0.453778	H@10 0.540633
INFO:meta-cli.py:Epoch 27/100	test results	MRR 0.348992	H@1 0.257476	H@3 0.383270	H@5 0.449502	H@10 0.532762
INFO:meta-cli.py:Epoch 28/100	Loss 6.1949 ± 0.2017
INFO:meta-cli.py:Epoch 29/100	Loss 6.1850 ± 0.1979
INFO:meta-cli.py:Epoch 30/100	Loss 6.1761 ± 0.1980
INFO:meta-cli.py:Epoch 30/100	dev results	MRR 0.355511	H@1 0.264756	H@3 0.386655	H@5 0.454520	H@10 0.540120
INFO:meta-cli.py:Epoch 30/100	test results	MRR 0.349365	H@1 0.257525	H@3 0.383099	H@5 0.449819	H@10 0.532957
INFO:meta-cli.py:Epoch 31/100	Loss 6.1673 ± 0.1957
INFO:meta-cli.py:Epoch 32/100	Loss 6.1590 ± 0.1998
INFO:meta-cli.py:Epoch 33/100	Loss 6.1512 ± 0.1888
INFO:meta-cli.py:Epoch 33/100	dev results	MRR 0.355170	H@1 0.263045	H@3 0.389079	H@5 0.454263	H@10 0.540947
INFO:meta-cli.py:Epoch 33/100	test results	MRR 0.349582	H@1 0.257378	H@3 0.384247	H@5 0.450283	H@10 0.534399
INFO:meta-cli.py:Epoch 34/100	Loss 6.1434 ± 0.1896
INFO:meta-cli.py:Epoch 35/100	Loss 6.1364 ± 0.1958
INFO:meta-cli.py:Epoch 36/100	Loss 6.1294 ± 0.1815
INFO:meta-cli.py:Epoch 36/100	dev results	MRR 0.355266	H@1 0.264043	H@3 0.387625	H@5 0.452752	H@10 0.540547
INFO:meta-cli.py:Epoch 36/100	test results	MRR 0.349619	H@1 0.257622	H@3 0.384736	H@5 0.449477	H@10 0.534154
INFO:meta-cli.py:Epoch 37/100	Loss 6.1228 ± 0.1827
INFO:meta-cli.py:Epoch 38/100	Loss 6.1169 ± 0.1929
INFO:meta-cli.py:Epoch 39/100	Loss 6.1104 ± 0.1809
INFO:meta-cli.py:Epoch 39/100	dev results	MRR 0.355836	H@1 0.264386	H@3 0.388281	H@5 0.454634	H@10 0.541032
INFO:meta-cli.py:Epoch 39/100	test results	MRR 0.349998	H@1 0.258331	H@3 0.383148	H@5 0.448842	H@10 0.534692
INFO:meta-cli.py:Epoch 40/100	Loss 6.1046 ± 0.1859
INFO:meta-cli.py:Epoch 41/100	Loss 6.0984 ± 0.1839
INFO:meta-cli.py:Epoch 42/100	Loss 6.0931 ± 0.1788
INFO:meta-cli.py:Epoch 42/100	dev results	MRR 0.356798	H@1 0.266068	H@3 0.388708	H@5 0.454919	H@10 0.540433
INFO:meta-cli.py:Epoch 42/100	test results	MRR 0.350500	H@1 0.258551	H@3 0.384907	H@5 0.449428	H@10 0.534570
INFO:meta-cli.py:Epoch 43/100	Loss 6.0877 ± 0.1798
INFO:meta-cli.py:Epoch 44/100	Loss 6.0825 ± 0.1787
INFO:meta-cli.py:Epoch 45/100	Loss 6.0782 ± 0.1832
INFO:meta-cli.py:Epoch 45/100	dev results	MRR 0.356152	H@1 0.265155	H@3 0.388680	H@5 0.454862	H@10 0.542144
INFO:meta-cli.py:Epoch 45/100	test results	MRR 0.350671	H@1 0.259015	H@3 0.385078	H@5 0.449648	H@10 0.534814
INFO:meta-cli.py:Epoch 46/100	Loss 6.0729 ± 0.1802
INFO:meta-cli.py:Epoch 47/100	Loss 6.0682 ± 0.1791
INFO:meta-cli.py:Epoch 48/100	Loss 6.0637 ± 0.1814
INFO:meta-cli.py:Epoch 48/100	dev results	MRR 0.355563	H@1 0.264671	H@3 0.387625	H@5 0.455346	H@10 0.540120
INFO:meta-cli.py:Epoch 48/100	test results	MRR 0.350277	H@1 0.258477	H@3 0.384614	H@5 0.450210	H@10 0.533910
INFO:meta-cli.py:Epoch 49/100	Loss 6.0596 ± 0.1758
INFO:meta-cli.py:Epoch 50/100	Loss 6.0550 ± 0.1649
INFO:meta-cli.py:Epoch 51/100	Loss 6.0511 ± 0.1691
INFO:meta-cli.py:Epoch 51/100	dev results	MRR 0.356596	H@1 0.265498	H@3 0.389193	H@5 0.455803	H@10 0.540576
INFO:meta-cli.py:Epoch 51/100	test results	MRR 0.350231	H@1 0.258111	H@3 0.385591	H@5 0.449697	H@10 0.533934
INFO:meta-cli.py:Epoch 52/100	Loss 6.0476 ± 0.1829
INFO:meta-cli.py:Epoch 53/100	Loss 6.0425 ± 0.1777
INFO:meta-cli.py:Epoch 54/100	Loss 6.0394 ± 0.1841
INFO:meta-cli.py:Epoch 54/100	dev results	MRR 0.356547	H@1 0.264842	H@3 0.389535	H@5 0.456116	H@10 0.541603
INFO:meta-cli.py:Epoch 54/100	test results	MRR 0.350866	H@1 0.259381	H@3 0.384394	H@5 0.450308	H@10 0.535498
INFO:meta-cli.py:Epoch 55/100	Loss 6.0352 ± 0.1651
INFO:meta-cli.py:Epoch 56/100	Loss 6.0324 ± 0.1734
INFO:meta-cli.py:Epoch 57/100	Loss 6.0291 ± 0.1694
INFO:meta-cli.py:Epoch 57/100	dev results	MRR 0.356512	H@1 0.265640	H@3 0.388737	H@5 0.455660	H@10 0.541488
INFO:meta-cli.py:Epoch 57/100	test results	MRR 0.350607	H@1 0.259210	H@3 0.384296	H@5 0.450528	H@10 0.534912
INFO:meta-cli.py:Epoch 58/100	Loss 6.0257 ± 0.1747
INFO:meta-cli.py:Epoch 59/100	Loss 6.0215 ± 0.1606
INFO:meta-cli.py:Epoch 60/100	Loss 6.0191 ± 0.1676
INFO:meta-cli.py:Epoch 60/100	dev results	MRR 0.356890	H@1 0.265811	H@3 0.389136	H@5 0.456687	H@10 0.540747
INFO:meta-cli.py:Epoch 60/100	test results	MRR 0.350949	H@1 0.259235	H@3 0.385420	H@5 0.451334	H@10 0.534741
INFO:meta-cli.py:Epoch 61/100	Loss 6.0158 ± 0.1647
INFO:meta-cli.py:Epoch 62/100	Loss 6.0124 ± 0.1663
INFO:meta-cli.py:Epoch 63/100	Loss 6.0091 ± 0.1596
INFO:meta-cli.py:Epoch 63/100	dev results	MRR 0.357064	H@1 0.266039	H@3 0.389450	H@5 0.455603	H@10 0.541146
INFO:meta-cli.py:Epoch 63/100	test results	MRR 0.350749	H@1 0.258795	H@3 0.385469	H@5 0.450650	H@10 0.535156
INFO:meta-cli.py:Epoch 64/100	Loss 6.0066 ± 0.1719
INFO:meta-cli.py:Epoch 65/100	Loss 6.0038 ± 0.1631
INFO:meta-cli.py:Epoch 66/100	Loss 6.0009 ± 0.1612
INFO:meta-cli.py:Epoch 66/100	dev results	MRR 0.356676	H@1 0.265384	H@3 0.389165	H@5 0.456031	H@10 0.541431
INFO:meta-cli.py:Epoch 66/100	test results	MRR 0.350765	H@1 0.258771	H@3 0.385127	H@5 0.449917	H@10 0.535425
INFO:meta-cli.py:Epoch 67/100	Loss 5.9981 ± 0.1610
INFO:meta-cli.py:Epoch 68/100	Loss 5.9956 ± 0.1624
INFO:meta-cli.py:Epoch 69/100	Loss 5.9923 ± 0.1679
INFO:meta-cli.py:Epoch 69/100	dev results	MRR 0.357017	H@1 0.266096	H@3 0.388423	H@5 0.455403	H@10 0.540490
INFO:meta-cli.py:Epoch 69/100	test results	MRR 0.350619	H@1 0.258771	H@3 0.384882	H@5 0.449917	H@10 0.535840
INFO:meta-cli.py:Epoch 70/100	Loss 5.9896 ± 0.1569
INFO:meta-cli.py:Epoch 71/100	Loss 5.9873 ± 0.1619
INFO:meta-cli.py:Epoch 72/100	Loss 5.9851 ± 0.1619
INFO:meta-cli.py:Epoch 72/100	dev results	MRR 0.358054	H@1 0.267750	H@3 0.390334	H@5 0.454947	H@10 0.541717
INFO:meta-cli.py:Epoch 72/100	test results	MRR 0.351115	H@1 0.259333	H@3 0.386153	H@5 0.451065	H@10 0.536329
INFO:meta-cli.py:Epoch 73/100	Loss 5.9828 ± 0.1659
INFO:meta-cli.py:Epoch 74/100	Loss 5.9801 ± 0.1620
INFO:meta-cli.py:Epoch 75/100	Loss 5.9780 ± 0.1647
INFO:meta-cli.py:Epoch 75/100	dev results	MRR 0.357888	H@1 0.267494	H@3 0.390476	H@5 0.456516	H@10 0.541004
INFO:meta-cli.py:Epoch 75/100	test results	MRR 0.350869	H@1 0.259015	H@3 0.385713	H@5 0.450967	H@10 0.535669
INFO:meta-cli.py:Epoch 76/100	Loss 5.9757 ± 0.1590
INFO:meta-cli.py:Epoch 77/100	Loss 5.9737 ± 0.1609
INFO:meta-cli.py:Epoch 78/100	Loss 5.9712 ± 0.1604
INFO:meta-cli.py:Epoch 78/100	dev results	MRR 0.356821	H@1 0.265612	H@3 0.390106	H@5 0.456259	H@10 0.539635
INFO:meta-cli.py:Epoch 78/100	test results	MRR 0.350927	H@1 0.259088	H@3 0.385957	H@5 0.450870	H@10 0.535156
INFO:meta-cli.py:Epoch 79/100	Loss 5.9694 ± 0.1552
INFO:meta-cli.py:Epoch 80/100	Loss 5.9671 ± 0.1580
INFO:meta-cli.py:Epoch 81/100	Loss 5.9648 ± 0.1552
INFO:meta-cli.py:Epoch 81/100	dev results	MRR 0.357127	H@1 0.266267	H@3 0.389820	H@5 0.455033	H@10 0.540319
INFO:meta-cli.py:Epoch 81/100	test results	MRR 0.351154	H@1 0.259675	H@3 0.385224	H@5 0.450430	H@10 0.534570
INFO:meta-cli.py:Epoch 82/100	Loss 5.9626 ± 0.1566
INFO:meta-cli.py:Epoch 83/100	Loss 5.9608 ± 0.1546
INFO:meta-cli.py:Epoch 84/100	Loss 5.9585 ± 0.1478
INFO:meta-cli.py:Epoch 84/100	dev results	MRR 0.356767	H@1 0.265526	H@3 0.389678	H@5 0.456401	H@10 0.540433
INFO:meta-cli.py:Epoch 84/100	test results	MRR 0.351231	H@1 0.259479	H@3 0.385859	H@5 0.450821	H@10 0.536426
INFO:meta-cli.py:Epoch 85/100	Loss 5.9565 ± 0.1517
INFO:meta-cli.py:Epoch 86/100	Loss 5.9548 ± 0.1518
INFO:meta-cli.py:Epoch 87/100	Loss 5.9531 ± 0.1505
INFO:meta-cli.py:Epoch 87/100	dev results	MRR 0.357534	H@1 0.266011	H@3 0.390733	H@5 0.456687	H@10 0.541146
INFO:meta-cli.py:Epoch 87/100	test results	MRR 0.351048	H@1 0.259039	H@3 0.385542	H@5 0.451090	H@10 0.535987
INFO:meta-cli.py:Epoch 88/100	Loss 5.9513 ± 0.1545
INFO:meta-cli.py:Epoch 89/100	Loss 5.9493 ± 0.1548
INFO:meta-cli.py:Epoch 90/100	Loss 5.9475 ± 0.1492
INFO:meta-cli.py:Epoch 90/100	dev results	MRR 0.357203	H@1 0.265868	H@3 0.389507	H@5 0.456401	H@10 0.542059
INFO:meta-cli.py:Epoch 90/100	test results	MRR 0.351373	H@1 0.259723	H@3 0.384809	H@5 0.450699	H@10 0.536890
INFO:meta-cli.py:Epoch 91/100	Loss 5.9457 ± 0.1484
INFO:meta-cli.py:Epoch 92/100	Loss 5.9439 ± 0.1521
INFO:meta-cli.py:Epoch 93/100	Loss 5.9421 ± 0.1547
INFO:meta-cli.py:Epoch 93/100	dev results	MRR 0.357499	H@1 0.266809	H@3 0.389364	H@5 0.455375	H@10 0.541631
INFO:meta-cli.py:Epoch 93/100	test results	MRR 0.351491	H@1 0.259772	H@3 0.385127	H@5 0.450308	H@10 0.536329
INFO:meta-cli.py:Epoch 94/100	Loss 5.9408 ± 0.1399
INFO:meta-cli.py:Epoch 95/100	Loss 5.9394 ± 0.1549
INFO:meta-cli.py:Epoch 96/100	Loss 5.9368 ± 0.1519
INFO:meta-cli.py:Epoch 96/100	dev results	MRR 0.357406	H@1 0.266553	H@3 0.389022	H@5 0.456744	H@10 0.541260
INFO:meta-cli.py:Epoch 96/100	test results	MRR 0.350850	H@1 0.259162	H@3 0.384516	H@5 0.450625	H@10 0.536426
INFO:meta-cli.py:Epoch 97/100	Loss 5.9358 ± 0.1473
INFO:meta-cli.py:Epoch 98/100	Loss 5.9336 ± 0.1448
INFO:meta-cli.py:Epoch 99/100	Loss 5.9326 ± 0.1452
INFO:meta-cli.py:Epoch 99/100	dev results	MRR 0.357603	H@1 0.266752	H@3 0.390134	H@5 0.456088	H@10 0.541374
INFO:meta-cli.py:Epoch 99/100	test results	MRR 0.351403	H@1 0.260114	H@3 0.385908	H@5 0.450919	H@10 0.536671
INFO:meta-cli.py:Epoch 100/100	Loss 5.9310 ± 0.1482
INFO:meta-cli.py:Final 	dev results	MRR 0.357237	H@1 0.266068	H@3 0.388879	H@5 0.455774	H@10 0.541660
INFO:meta-cli.py:Final 	test results	MRR 0.350864	H@1 0.258966	H@3 0.385444	H@5 0.449893	H@10 0.535889
INFO:meta-cli.py:Training finished
