./bin/meta-cli.py --train data/fb15k-237/train.tsv --dev data/fb15k-237/dev.tsv --test data/fb15k-237/test.tsv -m complex -k 1000 -b 1000 -e 100 --F2 0 --N3 0.05 -l 0.1 -I reciprocal -V 3 -o adagrad -q
{'F2': 0.0,
 'N3': 0.05,
 'batch_size': 1000,
 'dev': 'data/fb15k-237/dev.tsv',
 'embedding_size': 1000,
 'epochs': 100,
 'eval_batch_size': None,
 'input_type': 'reciprocal',
 'learning_rate': 0.1,
 'load': None,
 'model': 'complex',
 'optimizer': 'adagrad',
 'quiet': True,
 'save': None,
 'seed': 0,
 'test': 'data/fb15k-237/test.tsv',
 'test_i': None,
 'test_ii': None,
 'train': 'data/fb15k-237/train.tsv',
 'validate_every': 3}
INFO:meta-cli.py:Device: cuda
INFO:meta-cli.py:Model state:
INFO:meta-cli.py:	entities.weight	torch.Size([14541, 2000])
INFO:meta-cli.py:	predicates.weight	torch.Size([474, 2000])
INFO:meta-cli.py:Epoch 1/100	Loss 12.6569 ± 1.9824
INFO:meta-cli.py:Epoch 2/100	Loss 10.1477 ± 0.0833
INFO:meta-cli.py:Epoch 3/100	Loss 9.7391 ± 0.1201
INFO:meta-cli.py:Epoch 3/100	dev results	MRR 0.346099	H@1 0.254434	H@3 0.377958	H@5 0.443656	H@10 0.533390
INFO:meta-cli.py:Epoch 3/100	test results	MRR 0.340602	H@1 0.249120	H@3 0.374817	H@5 0.437482	H@10 0.524064
INFO:meta-cli.py:Epoch 4/100	Loss 9.5512 ± 0.1239
INFO:meta-cli.py:Epoch 5/100	Loss 9.4354 ± 0.1282
INFO:meta-cli.py:Epoch 6/100	Loss 9.3551 ± 0.1318
INFO:meta-cli.py:Epoch 6/100	dev results	MRR 0.352418	H@1 0.259167	H@3 0.387653	H@5 0.452409	H@10 0.539521
INFO:meta-cli.py:Epoch 6/100	test results	MRR 0.347437	H@1 0.254031	H@3 0.382659	H@5 0.448524	H@10 0.533104
INFO:meta-cli.py:Epoch 7/100	Loss 9.2948 ± 0.1297
INFO:meta-cli.py:Epoch 8/100	Loss 9.2467 ± 0.1319
INFO:meta-cli.py:Epoch 9/100	Loss 9.2084 ± 0.1297
INFO:meta-cli.py:Epoch 9/100	dev results	MRR 0.355756	H@1 0.261990	H@3 0.389877	H@5 0.456744	H@10 0.544625
INFO:meta-cli.py:Epoch 9/100	test results	MRR 0.349114	H@1 0.255888	H@3 0.383148	H@5 0.448476	H@10 0.537794
INFO:meta-cli.py:Epoch 10/100	Loss 9.1761 ± 0.1271
INFO:meta-cli.py:Epoch 11/100	Loss 9.1479 ± 0.1199
INFO:meta-cli.py:Epoch 12/100	Loss 9.1241 ± 0.1216
INFO:meta-cli.py:Epoch 12/100	dev results	MRR 0.358053	H@1 0.263787	H@3 0.393926	H@5 0.459595	H@10 0.549130
INFO:meta-cli.py:Epoch 12/100	test results	MRR 0.352049	H@1 0.258404	H@3 0.387741	H@5 0.453166	H@10 0.540579
INFO:meta-cli.py:Epoch 13/100	Loss 9.1032 ± 0.1235
INFO:meta-cli.py:Epoch 14/100	Loss 9.0844 ± 0.1229
INFO:meta-cli.py:Epoch 15/100	Loss 9.0673 ± 0.1153
INFO:meta-cli.py:Epoch 15/100	dev results	MRR 0.358953	H@1 0.265098	H@3 0.394326	H@5 0.459766	H@10 0.548018
INFO:meta-cli.py:Epoch 15/100	test results	MRR 0.354567	H@1 0.261776	H@3 0.389231	H@5 0.455389	H@10 0.542167
INFO:meta-cli.py:Epoch 16/100	Loss 9.0524 ± 0.1165
INFO:meta-cli.py:Epoch 17/100	Loss 9.0388 ± 0.1166
INFO:meta-cli.py:Epoch 18/100	Loss 9.0256 ± 0.1109
INFO:meta-cli.py:Epoch 18/100	dev results	MRR 0.361943	H@1 0.269204	H@3 0.396379	H@5 0.462104	H@10 0.551697
INFO:meta-cli.py:Epoch 18/100	test results	MRR 0.355104	H@1 0.261653	H@3 0.389524	H@5 0.455267	H@10 0.543462
INFO:meta-cli.py:Epoch 19/100	Loss 9.0143 ± 0.1102
INFO:meta-cli.py:Epoch 20/100	Loss 9.0027 ± 0.1103
INFO:meta-cli.py:Epoch 21/100	Loss 8.9933 ± 0.1058
INFO:meta-cli.py:Epoch 21/100	dev results	MRR 0.362155	H@1 0.268691	H@3 0.398204	H@5 0.462076	H@10 0.551041
INFO:meta-cli.py:Epoch 21/100	test results	MRR 0.355410	H@1 0.260896	H@3 0.392651	H@5 0.456342	H@10 0.544659
INFO:meta-cli.py:Epoch 22/100	Loss 8.9832 ± 0.1108
INFO:meta-cli.py:Epoch 23/100	Loss 8.9754 ± 0.1089
INFO:meta-cli.py:Epoch 24/100	Loss 8.9669 ± 0.1093
INFO:meta-cli.py:Epoch 24/100	dev results	MRR 0.361034	H@1 0.266781	H@3 0.397006	H@5 0.461021	H@10 0.552010
INFO:meta-cli.py:Epoch 24/100	test results	MRR 0.355194	H@1 0.261018	H@3 0.391283	H@5 0.456122	H@10 0.544488
INFO:meta-cli.py:Epoch 25/100	Loss 8.9596 ± 0.1089
INFO:meta-cli.py:Epoch 26/100	Loss 8.9519 ± 0.1061
INFO:meta-cli.py:Epoch 27/100	Loss 8.9447 ± 0.1079
INFO:meta-cli.py:Epoch 27/100	dev results	MRR 0.361574	H@1 0.267608	H@3 0.397434	H@5 0.461791	H@10 0.552010
INFO:meta-cli.py:Epoch 27/100	test results	MRR 0.355128	H@1 0.259870	H@3 0.392358	H@5 0.457564	H@10 0.543536
INFO:meta-cli.py:Epoch 28/100	Loss 8.9389 ± 0.1070
INFO:meta-cli.py:Epoch 29/100	Loss 8.9325 ± 0.1061
INFO:meta-cli.py:Epoch 30/100	Loss 8.9263 ± 0.1054
INFO:meta-cli.py:Epoch 30/100	dev results	MRR 0.361735	H@1 0.267123	H@3 0.398261	H@5 0.463359	H@10 0.552039
INFO:meta-cli.py:Epoch 30/100	test results	MRR 0.356233	H@1 0.262411	H@3 0.393067	H@5 0.456416	H@10 0.545075
INFO:meta-cli.py:Epoch 31/100	Loss 8.9207 ± 0.1038
INFO:meta-cli.py:Epoch 32/100	Loss 8.9156 ± 0.1077
INFO:meta-cli.py:Epoch 33/100	Loss 8.9105 ± 0.1036
INFO:meta-cli.py:Epoch 33/100	dev results	MRR 0.361434	H@1 0.267066	H@3 0.396920	H@5 0.463815	H@10 0.555432
INFO:meta-cli.py:Epoch 33/100	test results	MRR 0.356824	H@1 0.262362	H@3 0.392920	H@5 0.458272	H@10 0.546296
INFO:meta-cli.py:Epoch 34/100	Loss 8.9055 ± 0.1010
INFO:meta-cli.py:Epoch 35/100	Loss 8.9011 ± 0.1031
INFO:meta-cli.py:Epoch 36/100	Loss 8.8963 ± 0.1054
INFO:meta-cli.py:Epoch 36/100	dev results	MRR 0.362975	H@1 0.269547	H@3 0.398603	H@5 0.462675	H@10 0.552067
INFO:meta-cli.py:Epoch 36/100	test results	MRR 0.357376	H@1 0.264121	H@3 0.392896	H@5 0.458272	H@10 0.544195
INFO:meta-cli.py:Epoch 37/100	Loss 8.8922 ± 0.1021
INFO:meta-cli.py:Epoch 38/100	Loss 8.8884 ± 0.1040
INFO:meta-cli.py:Epoch 39/100	Loss 8.8838 ± 0.0978
INFO:meta-cli.py:Epoch 39/100	dev results	MRR 0.362731	H@1 0.268919	H@3 0.398147	H@5 0.463245	H@10 0.554063
INFO:meta-cli.py:Epoch 39/100	test results	MRR 0.357249	H@1 0.263193	H@3 0.392896	H@5 0.458785	H@10 0.545710
INFO:meta-cli.py:Epoch 40/100	Loss 8.8804 ± 0.0985
INFO:meta-cli.py:Epoch 41/100	Loss 8.8761 ± 0.0991
INFO:meta-cli.py:Epoch 42/100	Loss 8.8725 ± 0.0981
INFO:meta-cli.py:Epoch 42/100	dev results	MRR 0.363242	H@1 0.269033	H@3 0.399914	H@5 0.465241	H@10 0.553835
INFO:meta-cli.py:Epoch 42/100	test results	MRR 0.357273	H@1 0.262655	H@3 0.394874	H@5 0.459396	H@10 0.545490
INFO:meta-cli.py:Epoch 43/100	Loss 8.8699 ± 0.1028
INFO:meta-cli.py:Epoch 44/100	Loss 8.8662 ± 0.1014
INFO:meta-cli.py:Epoch 45/100	Loss 8.8626 ± 0.0961
INFO:meta-cli.py:Epoch 45/100	dev results	MRR 0.363584	H@1 0.270003	H@3 0.399629	H@5 0.464870	H@10 0.552695
INFO:meta-cli.py:Epoch 45/100	test results	MRR 0.357870	H@1 0.263681	H@3 0.394850	H@5 0.459592	H@10 0.544977
INFO:meta-cli.py:Epoch 46/100	Loss 8.8597 ± 0.0941
INFO:meta-cli.py:Epoch 47/100	Loss 8.8565 ± 0.0945
INFO:meta-cli.py:Epoch 48/100	Loss 8.8535 ± 0.0977
INFO:meta-cli.py:Epoch 48/100	dev results	MRR 0.364085	H@1 0.269860	H@3 0.400285	H@5 0.465982	H@10 0.553864
INFO:meta-cli.py:Epoch 48/100	test results	MRR 0.357757	H@1 0.263486	H@3 0.393775	H@5 0.460666	H@10 0.544879
INFO:meta-cli.py:Epoch 49/100	Loss 8.8508 ± 0.0950
INFO:meta-cli.py:Epoch 50/100	Loss 8.8481 ± 0.0964
INFO:meta-cli.py:Epoch 51/100	Loss 8.8454 ± 0.0935
INFO:meta-cli.py:Epoch 51/100	dev results	MRR 0.364258	H@1 0.270031	H@3 0.400399	H@5 0.466439	H@10 0.555432
INFO:meta-cli.py:Epoch 51/100	test results	MRR 0.357913	H@1 0.263608	H@3 0.394972	H@5 0.460471	H@10 0.545612
INFO:meta-cli.py:Epoch 52/100	Loss 8.8426 ± 0.0920
INFO:meta-cli.py:Epoch 53/100	Loss 8.8399 ± 0.0941
INFO:meta-cli.py:Epoch 54/100	Loss 8.8372 ± 0.0954
INFO:meta-cli.py:Epoch 54/100	dev results	MRR 0.364134	H@1 0.270145	H@3 0.400200	H@5 0.465583	H@10 0.554234
INFO:meta-cli.py:Epoch 54/100	test results	MRR 0.357287	H@1 0.263388	H@3 0.393751	H@5 0.458956	H@10 0.545417
INFO:meta-cli.py:Epoch 55/100	Loss 8.8351 ± 0.0958
INFO:meta-cli.py:Epoch 56/100	Loss 8.8324 ± 0.0961
INFO:meta-cli.py:Epoch 57/100	Loss 8.8307 ± 0.0965
INFO:meta-cli.py:Epoch 57/100	dev results	MRR 0.363714	H@1 0.269290	H@3 0.400713	H@5 0.466553	H@10 0.553522
INFO:meta-cli.py:Epoch 57/100	test results	MRR 0.357890	H@1 0.263755	H@3 0.395730	H@5 0.460740	H@10 0.545221
INFO:meta-cli.py:Epoch 58/100	Loss 8.8277 ± 0.0932
INFO:meta-cli.py:Epoch 59/100	Loss 8.8258 ± 0.0939
INFO:meta-cli.py:Epoch 60/100	Loss 8.8235 ± 0.0920
INFO:meta-cli.py:Epoch 60/100	dev results	MRR 0.364242	H@1 0.269746	H@3 0.400428	H@5 0.465412	H@10 0.555090
INFO:meta-cli.py:Epoch 60/100	test results	MRR 0.359026	H@1 0.265196	H@3 0.394044	H@5 0.461253	H@10 0.546150
INFO:meta-cli.py:Epoch 61/100	Loss 8.8216 ± 0.0948
INFO:meta-cli.py:Epoch 62/100	Loss 8.8195 ± 0.0926
INFO:meta-cli.py:Epoch 63/100	Loss 8.8178 ± 0.0916
INFO:meta-cli.py:Epoch 63/100	dev results	MRR 0.364404	H@1 0.270545	H@3 0.399829	H@5 0.465783	H@10 0.554463
INFO:meta-cli.py:Epoch 63/100	test results	MRR 0.358983	H@1 0.264805	H@3 0.395510	H@5 0.460984	H@10 0.546321
INFO:meta-cli.py:Epoch 64/100	Loss 8.8157 ± 0.0866
INFO:meta-cli.py:Epoch 65/100	Loss 8.8137 ± 0.0903
INFO:meta-cli.py:Epoch 66/100	Loss 8.8116 ± 0.0859
INFO:meta-cli.py:Epoch 66/100	dev results	MRR 0.364235	H@1 0.269832	H@3 0.400656	H@5 0.466267	H@10 0.554919
INFO:meta-cli.py:Epoch 66/100	test results	MRR 0.358588	H@1 0.264316	H@3 0.394899	H@5 0.461766	H@10 0.546565
INFO:meta-cli.py:Epoch 67/100	Loss 8.8098 ± 0.0920
INFO:meta-cli.py:Epoch 68/100	Loss 8.8084 ± 0.0925
INFO:meta-cli.py:Epoch 69/100	Loss 8.8066 ± 0.0889
INFO:meta-cli.py:Epoch 69/100	dev results	MRR 0.365000	H@1 0.270630	H@3 0.402566	H@5 0.467636	H@10 0.555061
INFO:meta-cli.py:Epoch 69/100	test results	MRR 0.358885	H@1 0.265245	H@3 0.396145	H@5 0.460740	H@10 0.545857
INFO:meta-cli.py:Epoch 70/100	Loss 8.8047 ± 0.0920
INFO:meta-cli.py:Epoch 71/100	Loss 8.8035 ± 0.0931
INFO:meta-cli.py:Epoch 72/100	Loss 8.8012 ± 0.0905
INFO:meta-cli.py:Epoch 72/100	dev results	MRR 0.364842	H@1 0.270659	H@3 0.401768	H@5 0.465982	H@10 0.554377
INFO:meta-cli.py:Epoch 72/100	test results	MRR 0.358074	H@1 0.263706	H@3 0.395534	H@5 0.459885	H@10 0.546101
INFO:meta-cli.py:Epoch 73/100	Loss 8.7995 ± 0.0886
INFO:meta-cli.py:Epoch 74/100	Loss 8.7978 ± 0.0918
INFO:meta-cli.py:Epoch 75/100	Loss 8.7968 ± 0.0891
INFO:meta-cli.py:Epoch 75/100	dev results	MRR 0.365029	H@1 0.270573	H@3 0.400884	H@5 0.467294	H@10 0.555261
INFO:meta-cli.py:Epoch 75/100	test results	MRR 0.359210	H@1 0.264927	H@3 0.396243	H@5 0.461595	H@10 0.547029
INFO:meta-cli.py:Epoch 76/100	Loss 8.7954 ± 0.0892
INFO:meta-cli.py:Epoch 77/100	Loss 8.7934 ± 0.0862
INFO:meta-cli.py:Epoch 78/100	Loss 8.7922 ± 0.0885
INFO:meta-cli.py:Epoch 78/100	dev results	MRR 0.364567	H@1 0.269889	H@3 0.400969	H@5 0.466267	H@10 0.554748
INFO:meta-cli.py:Epoch 78/100	test results	MRR 0.358980	H@1 0.264683	H@3 0.396389	H@5 0.460422	H@10 0.546931
INFO:meta-cli.py:Epoch 79/100	Loss 8.7905 ± 0.0864
INFO:meta-cli.py:Epoch 80/100	Loss 8.7892 ± 0.0872
INFO:meta-cli.py:Epoch 81/100	Loss 8.7879 ± 0.0926
INFO:meta-cli.py:Epoch 81/100	dev results	MRR 0.365437	H@1 0.271628	H@3 0.400941	H@5 0.466467	H@10 0.555860
INFO:meta-cli.py:Epoch 81/100	test results	MRR 0.359268	H@1 0.265294	H@3 0.396169	H@5 0.461497	H@10 0.545783
INFO:meta-cli.py:Epoch 82/100	Loss 8.7866 ± 0.0912
INFO:meta-cli.py:Epoch 83/100	Loss 8.7855 ± 0.0857
INFO:meta-cli.py:Epoch 84/100	Loss 8.7838 ± 0.0849
INFO:meta-cli.py:Epoch 84/100	dev results	MRR 0.365063	H@1 0.270744	H@3 0.402253	H@5 0.467693	H@10 0.555289
INFO:meta-cli.py:Epoch 84/100	test results	MRR 0.359439	H@1 0.265074	H@3 0.398319	H@5 0.462450	H@10 0.546370
INFO:meta-cli.py:Epoch 85/100	Loss 8.7826 ± 0.0850
INFO:meta-cli.py:Epoch 86/100	Loss 8.7815 ± 0.0841
INFO:meta-cli.py:Epoch 87/100	Loss 8.7798 ± 0.0864
INFO:meta-cli.py:Epoch 87/100	dev results	MRR 0.364915	H@1 0.270516	H@3 0.401426	H@5 0.467522	H@10 0.554263
INFO:meta-cli.py:Epoch 87/100	test results	MRR 0.359474	H@1 0.265245	H@3 0.396291	H@5 0.461961	H@10 0.546199
INFO:meta-cli.py:Epoch 88/100	Loss 8.7789 ± 0.0875
INFO:meta-cli.py:Epoch 89/100	Loss 8.7773 ± 0.0879
INFO:meta-cli.py:Epoch 90/100	Loss 8.7765 ± 0.0897
INFO:meta-cli.py:Epoch 90/100	dev results	MRR 0.365600	H@1 0.271486	H@3 0.402367	H@5 0.466695	H@10 0.555318
INFO:meta-cli.py:Epoch 90/100	test results	MRR 0.359130	H@1 0.264536	H@3 0.396731	H@5 0.460789	H@10 0.546418
INFO:meta-cli.py:Epoch 91/100	Loss 8.7754 ± 0.0847
INFO:meta-cli.py:Epoch 92/100	Loss 8.7738 ± 0.0873
INFO:meta-cli.py:Epoch 93/100	Loss 8.7725 ± 0.0815
INFO:meta-cli.py:Epoch 93/100	dev results	MRR 0.365343	H@1 0.271058	H@3 0.402566	H@5 0.466838	H@10 0.556658
INFO:meta-cli.py:Epoch 93/100	test results	MRR 0.359232	H@1 0.265025	H@3 0.398124	H@5 0.460544	H@10 0.545857
INFO:meta-cli.py:Epoch 94/100	Loss 8.7718 ± 0.0863
INFO:meta-cli.py:Epoch 95/100	Loss 8.7705 ± 0.0864
INFO:meta-cli.py:Epoch 96/100	Loss 8.7694 ± 0.0827
INFO:meta-cli.py:Epoch 96/100	dev results	MRR 0.365668	H@1 0.271400	H@3 0.403365	H@5 0.466667	H@10 0.555860
INFO:meta-cli.py:Epoch 96/100	test results	MRR 0.359910	H@1 0.265587	H@3 0.396731	H@5 0.461741	H@10 0.546809
INFO:meta-cli.py:Epoch 97/100	Loss 8.7681 ± 0.0898
INFO:meta-cli.py:Epoch 98/100	Loss 8.7673 ± 0.0824
INFO:meta-cli.py:Epoch 99/100	Loss 8.7665 ± 0.0877
INFO:meta-cli.py:Epoch 99/100	dev results	MRR 0.365697	H@1 0.271400	H@3 0.401454	H@5 0.467437	H@10 0.556344
INFO:meta-cli.py:Epoch 99/100	test results	MRR 0.359416	H@1 0.264683	H@3 0.396902	H@5 0.462377	H@10 0.547493
INFO:meta-cli.py:Epoch 100/100	Loss 8.7649 ± 0.0864
INFO:meta-cli.py:Final 	dev results	MRR 0.365493	H@1 0.271229	H@3 0.401825	H@5 0.467123	H@10 0.555660
INFO:meta-cli.py:Final 	test results	MRR 0.359606	H@1 0.265391	H@3 0.396682	H@5 0.461155	H@10 0.546980
INFO:meta-cli.py:Training finished
