./bin/meta-cli.py --train data/fb15k-237/train.tsv --dev data/fb15k-237/dev.tsv --test data/fb15k-237/test.tsv -m complex -k 2000 -b 100 -e 100 --F2 0.005 --N3 0 -l 0.1 -I reciprocal -V 3 -o adagrad -q
{'F2': 0.005,
 'N3': 0.0,
 'batch_size': 100,
 'dev': 'data/fb15k-237/dev.tsv',
 'embedding_size': 2000,
 'epochs': 100,
 'eval_batch_size': None,
 'input_type': 'reciprocal',
 'learning_rate': 0.1,
 'load': None,
 'model': 'complex',
 'optimizer': 'adagrad',
 'quiet': True,
 'save': None,
 'seed': 0,
 'test': 'data/fb15k-237/test.tsv',
 'test_i': None,
 'test_ii': None,
 'train': 'data/fb15k-237/train.tsv',
 'validate_every': 3}
INFO:meta-cli.py:Device: cuda
INFO:meta-cli.py:Model state:
INFO:meta-cli.py:	entities.weight	torch.Size([14541, 4000])
INFO:meta-cli.py:	predicates.weight	torch.Size([474, 4000])
INFO:meta-cli.py:Epoch 1/100	Loss 11.4763 ± 2.3083
INFO:meta-cli.py:Epoch 2/100	Loss 8.1339 ± 0.2371
INFO:meta-cli.py:Epoch 3/100	Loss 7.6222 ± 0.2384
INFO:meta-cli.py:Epoch 3/100	dev results	MRR 0.337171	H@1 0.249615	H@3 0.367779	H@5 0.429256	H@10 0.514742
INFO:meta-cli.py:Epoch 3/100	test results	MRR 0.331076	H@1 0.242573	H@3 0.362846	H@5 0.425779	H@10 0.509210
INFO:meta-cli.py:Epoch 4/100	Loss 7.3718 ± 0.2425
INFO:meta-cli.py:Epoch 5/100	Loss 7.2107 ± 0.2432
INFO:meta-cli.py:Epoch 6/100	Loss 7.0931 ± 0.2431
INFO:meta-cli.py:Epoch 6/100	dev results	MRR 0.341595	H@1 0.250984	H@3 0.374964	H@5 0.439065	H@10 0.523810
INFO:meta-cli.py:Epoch 6/100	test results	MRR 0.334678	H@1 0.243624	H@3 0.368807	H@5 0.433060	H@10 0.516808
INFO:meta-cli.py:Epoch 7/100	Loss 7.0038 ± 0.2429
INFO:meta-cli.py:Epoch 8/100	Loss 6.9300 ± 0.2423
INFO:meta-cli.py:Epoch 9/100	Loss 6.8695 ± 0.2424
INFO:meta-cli.py:Epoch 9/100	dev results	MRR 0.342688	H@1 0.252267	H@3 0.376504	H@5 0.438095	H@10 0.524380
INFO:meta-cli.py:Epoch 9/100	test results	MRR 0.334857	H@1 0.243526	H@3 0.369979	H@5 0.432693	H@10 0.516979
INFO:meta-cli.py:Epoch 10/100	Loss 6.8176 ± 0.2409
INFO:meta-cli.py:Epoch 11/100	Loss 6.7730 ± 0.2373
INFO:meta-cli.py:Epoch 12/100	Loss 6.7342 ± 0.2361
INFO:meta-cli.py:Epoch 12/100	dev results	MRR 0.342820	H@1 0.252495	H@3 0.374850	H@5 0.439549	H@10 0.524693
INFO:meta-cli.py:Epoch 12/100	test results	MRR 0.336033	H@1 0.245505	H@3 0.369295	H@5 0.432669	H@10 0.517028
INFO:meta-cli.py:Epoch 13/100	Loss 6.6999 ± 0.2384
INFO:meta-cli.py:Epoch 14/100	Loss 6.6691 ± 0.2399
INFO:meta-cli.py:Epoch 15/100	Loss 6.6414 ± 0.2324
INFO:meta-cli.py:Epoch 15/100	dev results	MRR 0.341882	H@1 0.251240	H@3 0.374793	H@5 0.438238	H@10 0.523752
INFO:meta-cli.py:Epoch 15/100	test results	MRR 0.336264	H@1 0.246018	H@3 0.369393	H@5 0.432498	H@10 0.517468
INFO:meta-cli.py:Epoch 16/100	Loss 6.6163 ± 0.2325
INFO:meta-cli.py:Epoch 17/100	Loss 6.5936 ± 0.2322
INFO:meta-cli.py:Epoch 18/100	Loss 6.5727 ± 0.2271
INFO:meta-cli.py:Epoch 18/100	dev results	MRR 0.343672	H@1 0.254263	H@3 0.375164	H@5 0.437810	H@10 0.523182
INFO:meta-cli.py:Epoch 18/100	test results	MRR 0.335280	H@1 0.244723	H@3 0.368196	H@5 0.433255	H@10 0.516613
INFO:meta-cli.py:Epoch 19/100	Loss 6.5537 ± 0.2271
INFO:meta-cli.py:Epoch 20/100	Loss 6.5359 ± 0.2280
INFO:meta-cli.py:Epoch 21/100	Loss 6.5194 ± 0.2269
INFO:meta-cli.py:Epoch 21/100	dev results	MRR 0.343069	H@1 0.253721	H@3 0.375250	H@5 0.437240	H@10 0.523553
INFO:meta-cli.py:Epoch 21/100	test results	MRR 0.335348	H@1 0.245358	H@3 0.367830	H@5 0.431692	H@10 0.516613
INFO:meta-cli.py:Epoch 22/100	Loss 6.5039 ± 0.2302
INFO:meta-cli.py:Epoch 23/100	Loss 6.4899 ± 0.2305
INFO:meta-cli.py:Epoch 24/100	Loss 6.4763 ± 0.2276
INFO:meta-cli.py:Epoch 24/100	dev results	MRR 0.342151	H@1 0.252951	H@3 0.373425	H@5 0.436527	H@10 0.522355
INFO:meta-cli.py:Epoch 24/100	test results	MRR 0.335058	H@1 0.245236	H@3 0.367170	H@5 0.429591	H@10 0.515538
INFO:meta-cli.py:Epoch 25/100	Loss 6.4640 ± 0.2296
INFO:meta-cli.py:Epoch 26/100	Loss 6.4522 ± 0.2298
INFO:meta-cli.py:Epoch 27/100	Loss 6.4409 ± 0.2293
INFO:meta-cli.py:Epoch 27/100	dev results	MRR 0.341707	H@1 0.252096	H@3 0.374080	H@5 0.436156	H@10 0.522070
INFO:meta-cli.py:Epoch 27/100	test results	MRR 0.334783	H@1 0.245187	H@3 0.367683	H@5 0.429493	H@10 0.514487
INFO:meta-cli.py:Epoch 28/100	Loss 6.4304 ± 0.2288
INFO:meta-cli.py:Epoch 29/100	Loss 6.4204 ± 0.2241
INFO:meta-cli.py:Epoch 30/100	Loss 6.4107 ± 0.2300
INFO:meta-cli.py:Epoch 30/100	dev results	MRR 0.341337	H@1 0.251554	H@3 0.373881	H@5 0.436270	H@10 0.519903
INFO:meta-cli.py:Epoch 30/100	test results	MRR 0.333628	H@1 0.243624	H@3 0.366364	H@5 0.429249	H@10 0.513290
INFO:meta-cli.py:Epoch 31/100	Loss 6.4017 ± 0.2240
INFO:meta-cli.py:Epoch 32/100	Loss 6.3932 ± 0.2266
INFO:meta-cli.py:Epoch 33/100	Loss 6.3847 ± 0.2268
INFO:meta-cli.py:Epoch 33/100	dev results	MRR 0.341054	H@1 0.251411	H@3 0.372997	H@5 0.436099	H@10 0.519732
INFO:meta-cli.py:Epoch 33/100	test results	MRR 0.333946	H@1 0.244405	H@3 0.366608	H@5 0.429273	H@10 0.512875
INFO:meta-cli.py:Epoch 34/100	Loss 6.3768 ± 0.2230
INFO:meta-cli.py:Epoch 35/100	Loss 6.3695 ± 0.2258
INFO:meta-cli.py:Epoch 36/100	Loss 6.3622 ± 0.2277
INFO:meta-cli.py:Epoch 36/100	dev results	MRR 0.340686	H@1 0.251953	H@3 0.372027	H@5 0.434559	H@10 0.518506
INFO:meta-cli.py:Epoch 36/100	test results	MRR 0.333634	H@1 0.244699	H@3 0.364605	H@5 0.428589	H@10 0.511922
INFO:meta-cli.py:Epoch 37/100	Loss 6.3551 ± 0.2266
INFO:meta-cli.py:Epoch 38/100	Loss 6.3485 ± 0.2249
INFO:meta-cli.py:Epoch 39/100	Loss 6.3419 ± 0.2234
INFO:meta-cli.py:Epoch 39/100	dev results	MRR 0.339610	H@1 0.250413	H@3 0.371429	H@5 0.433847	H@10 0.518164
INFO:meta-cli.py:Epoch 39/100	test results	MRR 0.332344	H@1 0.242622	H@3 0.364898	H@5 0.427880	H@10 0.511482
INFO:meta-cli.py:Epoch 40/100	Loss 6.3358 ± 0.2231
INFO:meta-cli.py:Epoch 41/100	Loss 6.3298 ± 0.2230
INFO:meta-cli.py:Epoch 42/100	Loss 6.3239 ± 0.2217
INFO:meta-cli.py:Epoch 42/100	dev results	MRR 0.339419	H@1 0.250185	H@3 0.372541	H@5 0.434046	H@10 0.516225
INFO:meta-cli.py:Epoch 42/100	test results	MRR 0.332061	H@1 0.242671	H@3 0.364214	H@5 0.426634	H@10 0.510481
INFO:meta-cli.py:Epoch 43/100	Loss 6.3185 ± 0.2238
INFO:meta-cli.py:Epoch 44/100	Loss 6.3130 ± 0.2225
INFO:meta-cli.py:Epoch 45/100	Loss 6.3077 ± 0.2266
INFO:meta-cli.py:Epoch 45/100	dev results	MRR 0.338370	H@1 0.249216	H@3 0.370915	H@5 0.433932	H@10 0.516367
INFO:meta-cli.py:Epoch 45/100	test results	MRR 0.331293	H@1 0.241913	H@3 0.363505	H@5 0.425364	H@10 0.509748
INFO:meta-cli.py:Epoch 46/100	Loss 6.3027 ± 0.2229
INFO:meta-cli.py:Epoch 47/100	Loss 6.2976 ± 0.2184
INFO:meta-cli.py:Epoch 48/100	Loss 6.2930 ± 0.2256
INFO:meta-cli.py:Epoch 48/100	dev results	MRR 0.338941	H@1 0.249530	H@3 0.371999	H@5 0.433476	H@10 0.516396
INFO:meta-cli.py:Epoch 48/100	test results	MRR 0.331075	H@1 0.241889	H@3 0.363774	H@5 0.425901	H@10 0.509406
INFO:meta-cli.py:Epoch 49/100	Loss 6.2883 ± 0.2210
INFO:meta-cli.py:Epoch 50/100	Loss 6.2839 ± 0.2228
INFO:meta-cli.py:Epoch 51/100	Loss 6.2795 ± 0.2206
INFO:meta-cli.py:Epoch 51/100	dev results	MRR 0.338113	H@1 0.248760	H@3 0.370801	H@5 0.433419	H@10 0.515426
INFO:meta-cli.py:Epoch 51/100	test results	MRR 0.330434	H@1 0.241107	H@3 0.363212	H@5 0.424827	H@10 0.509235
INFO:meta-cli.py:Epoch 52/100	Loss 6.2753 ± 0.2206
INFO:meta-cli.py:Epoch 53/100	Loss 6.2711 ± 0.2202
INFO:meta-cli.py:Epoch 54/100	Loss 6.2670 ± 0.2236
INFO:meta-cli.py:Epoch 54/100	dev results	MRR 0.337928	H@1 0.248788	H@3 0.371172	H@5 0.433077	H@10 0.514599
INFO:meta-cli.py:Epoch 54/100	test results	MRR 0.330308	H@1 0.241009	H@3 0.363139	H@5 0.425462	H@10 0.508477
INFO:meta-cli.py:Epoch 55/100	Loss 6.2631 ± 0.2223
INFO:meta-cli.py:Epoch 56/100	Loss 6.2593 ± 0.2218
INFO:meta-cli.py:Epoch 57/100	Loss 6.2556 ± 0.2221
INFO:meta-cli.py:Epoch 57/100	dev results	MRR 0.337619	H@1 0.248617	H@3 0.371229	H@5 0.431622	H@10 0.513601
INFO:meta-cli.py:Epoch 57/100	test results	MRR 0.329524	H@1 0.240179	H@3 0.361917	H@5 0.424704	H@10 0.507329
INFO:meta-cli.py:Epoch 58/100	Loss 6.2518 ± 0.2205
INFO:meta-cli.py:Epoch 59/100	Loss 6.2483 ± 0.2176
INFO:meta-cli.py:Epoch 60/100	Loss 6.2448 ± 0.2211
INFO:meta-cli.py:Epoch 60/100	dev results	MRR 0.337067	H@1 0.247904	H@3 0.370431	H@5 0.432307	H@10 0.513145
INFO:meta-cli.py:Epoch 60/100	test results	MRR 0.329528	H@1 0.240643	H@3 0.362064	H@5 0.424020	H@10 0.507207
INFO:meta-cli.py:Epoch 61/100	Loss 6.2415 ± 0.2214
INFO:meta-cli.py:Epoch 62/100	Loss 6.2380 ± 0.2222
INFO:meta-cli.py:Epoch 63/100	Loss 6.2349 ± 0.2208
INFO:meta-cli.py:Epoch 63/100	dev results	MRR 0.336631	H@1 0.247391	H@3 0.370801	H@5 0.432307	H@10 0.512946
INFO:meta-cli.py:Epoch 63/100	test results	MRR 0.329623	H@1 0.240643	H@3 0.362162	H@5 0.423874	H@10 0.506963
INFO:meta-cli.py:Epoch 64/100	Loss 6.2317 ± 0.2180
INFO:meta-cli.py:Epoch 65/100	Loss 6.2284 ± 0.2185
INFO:meta-cli.py:Epoch 66/100	Loss 6.2254 ± 0.2179
INFO:meta-cli.py:Epoch 66/100	dev results	MRR 0.336139	H@1 0.246849	H@3 0.370602	H@5 0.432022	H@10 0.512290
INFO:meta-cli.py:Epoch 66/100	test results	MRR 0.328936	H@1 0.239788	H@3 0.361942	H@5 0.423605	H@10 0.506474
INFO:meta-cli.py:Epoch 67/100	Loss 6.2225 ± 0.2212
INFO:meta-cli.py:Epoch 68/100	Loss 6.2196 ± 0.2224
INFO:meta-cli.py:Epoch 69/100	Loss 6.2167 ± 0.2224
INFO:meta-cli.py:Epoch 69/100	dev results	MRR 0.336350	H@1 0.247305	H@3 0.369575	H@5 0.431508	H@10 0.511919
INFO:meta-cli.py:Epoch 69/100	test results	MRR 0.328465	H@1 0.239153	H@3 0.361771	H@5 0.422383	H@10 0.506083
INFO:meta-cli.py:Epoch 70/100	Loss 6.2138 ± 0.2233
INFO:meta-cli.py:Epoch 71/100	Loss 6.2112 ± 0.2209
INFO:meta-cli.py:Epoch 72/100	Loss 6.2084 ± 0.2230
INFO:meta-cli.py:Epoch 72/100	dev results	MRR 0.335180	H@1 0.245937	H@3 0.368492	H@5 0.431252	H@10 0.511149
INFO:meta-cli.py:Epoch 72/100	test results	MRR 0.328309	H@1 0.239666	H@3 0.360427	H@5 0.422945	H@10 0.504398
INFO:meta-cli.py:Epoch 73/100	Loss 6.2058 ± 0.2191
INFO:meta-cli.py:Epoch 74/100	Loss 6.2032 ± 0.2200
INFO:meta-cli.py:Epoch 75/100	Loss 6.2007 ± 0.2159
INFO:meta-cli.py:Epoch 75/100	dev results	MRR 0.335083	H@1 0.245851	H@3 0.368919	H@5 0.431280	H@10 0.510978
INFO:meta-cli.py:Epoch 75/100	test results	MRR 0.327517	H@1 0.238371	H@3 0.360598	H@5 0.422408	H@10 0.504813
INFO:meta-cli.py:Epoch 76/100	Loss 6.1981 ± 0.2171
INFO:meta-cli.py:Epoch 77/100	Loss 6.1958 ± 0.2183
INFO:meta-cli.py:Epoch 78/100	Loss 6.1933 ± 0.2210
INFO:meta-cli.py:Epoch 78/100	dev results	MRR 0.335096	H@1 0.246450	H@3 0.368378	H@5 0.429798	H@10 0.510550
INFO:meta-cli.py:Epoch 78/100	test results	MRR 0.327173	H@1 0.238566	H@3 0.359548	H@5 0.421015	H@10 0.504398
INFO:meta-cli.py:Epoch 79/100	Loss 6.1908 ± 0.2200
INFO:meta-cli.py:Epoch 80/100	Loss 6.1886 ± 0.2194
INFO:meta-cli.py:Epoch 81/100	Loss 6.1862 ± 0.2213
INFO:meta-cli.py:Epoch 81/100	dev results	MRR 0.334594	H@1 0.245309	H@3 0.369033	H@5 0.429798	H@10 0.509695
INFO:meta-cli.py:Epoch 81/100	test results	MRR 0.327112	H@1 0.238298	H@3 0.359425	H@5 0.421333	H@10 0.504642
INFO:meta-cli.py:Epoch 82/100	Loss 6.1840 ± 0.2223
INFO:meta-cli.py:Epoch 83/100	Loss 6.1817 ± 0.2200
INFO:meta-cli.py:Epoch 84/100	Loss 6.1796 ± 0.2200
INFO:meta-cli.py:Epoch 84/100	dev results	MRR 0.334192	H@1 0.245366	H@3 0.368263	H@5 0.429997	H@10 0.509410
INFO:meta-cli.py:Epoch 84/100	test results	MRR 0.326670	H@1 0.237638	H@3 0.359914	H@5 0.421528	H@10 0.503713
INFO:meta-cli.py:Epoch 85/100	Loss 6.1773 ± 0.2195
INFO:meta-cli.py:Epoch 86/100	Loss 6.1753 ± 0.2176
INFO:meta-cli.py:Epoch 87/100	Loss 6.1731 ± 0.2203
INFO:meta-cli.py:Epoch 87/100	dev results	MRR 0.333547	H@1 0.244368	H@3 0.368064	H@5 0.429256	H@10 0.509695
INFO:meta-cli.py:Epoch 87/100	test results	MRR 0.326689	H@1 0.238053	H@3 0.359254	H@5 0.420576	H@10 0.503518
INFO:meta-cli.py:Epoch 88/100	Loss 6.1711 ± 0.2231
INFO:meta-cli.py:Epoch 89/100	Loss 6.1691 ± 0.2185
INFO:meta-cli.py:Epoch 90/100	Loss 6.1671 ± 0.2193
INFO:meta-cli.py:Epoch 90/100	dev results	MRR 0.333852	H@1 0.244967	H@3 0.368349	H@5 0.428258	H@10 0.508925
INFO:meta-cli.py:Epoch 90/100	test results	MRR 0.325853	H@1 0.236954	H@3 0.358521	H@5 0.420356	H@10 0.503494
INFO:meta-cli.py:Epoch 91/100	Loss 6.1652 ± 0.2187
INFO:meta-cli.py:Epoch 92/100	Loss 6.1632 ± 0.2218
INFO:meta-cli.py:Epoch 93/100	Loss 6.1612 ± 0.2169
INFO:meta-cli.py:Epoch 93/100	dev results	MRR 0.333288	H@1 0.244340	H@3 0.368406	H@5 0.427431	H@10 0.508127
INFO:meta-cli.py:Epoch 93/100	test results	MRR 0.326311	H@1 0.238004	H@3 0.358839	H@5 0.420502	H@10 0.503445
INFO:meta-cli.py:Epoch 94/100	Loss 6.1593 ± 0.2149
INFO:meta-cli.py:Epoch 95/100	Loss 6.1575 ± 0.2196
INFO:meta-cli.py:Epoch 96/100	Loss 6.1557 ± 0.2162
INFO:meta-cli.py:Epoch 96/100	dev results	MRR 0.332932	H@1 0.244226	H@3 0.366809	H@5 0.428144	H@10 0.507528
INFO:meta-cli.py:Epoch 96/100	test results	MRR 0.325794	H@1 0.237394	H@3 0.357935	H@5 0.419525	H@10 0.502907
INFO:meta-cli.py:Epoch 97/100	Loss 6.1539 ± 0.2197
INFO:meta-cli.py:Epoch 98/100	Loss 6.1521 ± 0.2177
INFO:meta-cli.py:Epoch 99/100	Loss 6.1503 ± 0.2224
INFO:meta-cli.py:Epoch 99/100	dev results	MRR 0.332660	H@1 0.243884	H@3 0.366410	H@5 0.428172	H@10 0.507813
INFO:meta-cli.py:Epoch 99/100	test results	MRR 0.325520	H@1 0.237052	H@3 0.357715	H@5 0.419965	H@10 0.502370
INFO:meta-cli.py:Epoch 100/100	Loss 6.1486 ± 0.2237
INFO:meta-cli.py:Final 	dev results	MRR 0.332204	H@1 0.243057	H@3 0.367237	H@5 0.427174	H@10 0.507300
INFO:meta-cli.py:Final 	test results	MRR 0.325009	H@1 0.236270	H@3 0.357544	H@5 0.418914	H@10 0.502125
INFO:meta-cli.py:Training finished
