./bin/meta-cli.py --train data/fb15k-237/train.tsv --dev data/fb15k-237/dev.tsv --test data/fb15k-237/test.tsv -m complex -k 500 -b 1000 -e 100 --F2 0 --N3 0.01 -l 0.1 -I reciprocal -V 3 -o adagrad -q
{'F2': 0.0,
 'N3': 0.01,
 'batch_size': 1000,
 'dev': 'data/fb15k-237/dev.tsv',
 'embedding_size': 500,
 'epochs': 100,
 'eval_batch_size': None,
 'input_type': 'reciprocal',
 'learning_rate': 0.1,
 'load': None,
 'model': 'complex',
 'optimizer': 'adagrad',
 'quiet': True,
 'save': None,
 'seed': 0,
 'test': 'data/fb15k-237/test.tsv',
 'test_i': None,
 'test_ii': None,
 'train': 'data/fb15k-237/train.tsv',
 'validate_every': 3}
INFO:meta-cli.py:Device: cuda
INFO:meta-cli.py:Model state:
INFO:meta-cli.py:	entities.weight	torch.Size([14541, 1000])
INFO:meta-cli.py:	predicates.weight	torch.Size([474, 1000])
INFO:meta-cli.py:Epoch 1/100	Loss 10.7483 ± 2.1748
INFO:meta-cli.py:Epoch 2/100	Loss 7.6225 ± 0.0939
INFO:meta-cli.py:Epoch 3/100	Loss 7.1965 ± 0.1441
INFO:meta-cli.py:Epoch 3/100	dev results	MRR 0.331094	H@1 0.242658	H@3 0.362418	H@5 0.424551	H@10 0.507642
INFO:meta-cli.py:Epoch 3/100	test results	MRR 0.325110	H@1 0.236905	H@3 0.355394	H@5 0.419061	H@10 0.502052
INFO:meta-cli.py:Epoch 4/100	Loss 7.0102 ± 0.1453
INFO:meta-cli.py:Epoch 5/100	Loss 6.8974 ± 0.1470
INFO:meta-cli.py:Epoch 6/100	Loss 6.8190 ± 0.1486
INFO:meta-cli.py:Epoch 6/100	dev results	MRR 0.337920	H@1 0.248503	H@3 0.371429	H@5 0.432563	H@10 0.517622
INFO:meta-cli.py:Epoch 6/100	test results	MRR 0.331848	H@1 0.242573	H@3 0.364605	H@5 0.427587	H@10 0.512020
INFO:meta-cli.py:Epoch 7/100	Loss 6.7609 ± 0.1471
INFO:meta-cli.py:Epoch 8/100	Loss 6.7140 ± 0.1491
INFO:meta-cli.py:Epoch 9/100	Loss 6.6766 ± 0.1456
INFO:meta-cli.py:Epoch 9/100	dev results	MRR 0.340609	H@1 0.250813	H@3 0.372854	H@5 0.437325	H@10 0.520188
INFO:meta-cli.py:Epoch 9/100	test results	MRR 0.333098	H@1 0.243306	H@3 0.364996	H@5 0.430275	H@10 0.513412
INFO:meta-cli.py:Epoch 10/100	Loss 6.6451 ± 0.1419
INFO:meta-cli.py:Epoch 11/100	Loss 6.6173 ± 0.1343
INFO:meta-cli.py:Epoch 12/100	Loss 6.5942 ± 0.1354
INFO:meta-cli.py:Epoch 12/100	dev results	MRR 0.344238	H@1 0.254320	H@3 0.377559	H@5 0.439977	H@10 0.523924
INFO:meta-cli.py:Epoch 12/100	test results	MRR 0.337531	H@1 0.246995	H@3 0.371006	H@5 0.436651	H@10 0.519838
INFO:meta-cli.py:Epoch 13/100	Loss 6.5738 ± 0.1382
INFO:meta-cli.py:Epoch 14/100	Loss 6.5552 ± 0.1346
INFO:meta-cli.py:Epoch 15/100	Loss 6.5384 ± 0.1241
INFO:meta-cli.py:Epoch 15/100	dev results	MRR 0.345257	H@1 0.255518	H@3 0.379356	H@5 0.440262	H@10 0.525777
INFO:meta-cli.py:Epoch 15/100	test results	MRR 0.339121	H@1 0.249463	H@3 0.371421	H@5 0.437457	H@10 0.519838
INFO:meta-cli.py:Epoch 16/100	Loss 6.5239 ± 0.1280
INFO:meta-cli.py:Epoch 17/100	Loss 6.5106 ± 0.1273
INFO:meta-cli.py:Epoch 18/100	Loss 6.4976 ± 0.1217
INFO:meta-cli.py:Epoch 18/100	dev results	MRR 0.346920	H@1 0.257114	H@3 0.380268	H@5 0.443028	H@10 0.526319
INFO:meta-cli.py:Epoch 18/100	test results	MRR 0.338923	H@1 0.248925	H@3 0.371299	H@5 0.438239	H@10 0.521401
INFO:meta-cli.py:Epoch 19/100	Loss 6.4866 ± 0.1230
INFO:meta-cli.py:Epoch 20/100	Loss 6.4751 ± 0.1198
INFO:meta-cli.py:Epoch 21/100	Loss 6.4661 ± 0.1167
INFO:meta-cli.py:Epoch 21/100	dev results	MRR 0.346307	H@1 0.256002	H@3 0.381152	H@5 0.443399	H@10 0.527488
INFO:meta-cli.py:Epoch 21/100	test results	MRR 0.339326	H@1 0.248632	H@3 0.373498	H@5 0.438190	H@10 0.522501
INFO:meta-cli.py:Epoch 22/100	Loss 6.4561 ± 0.1223
INFO:meta-cli.py:Epoch 23/100	Loss 6.4486 ± 0.1200
INFO:meta-cli.py:Epoch 24/100	Loss 6.4400 ± 0.1194
INFO:meta-cli.py:Epoch 24/100	dev results	MRR 0.346891	H@1 0.256573	H@3 0.381209	H@5 0.443171	H@10 0.529284
INFO:meta-cli.py:Epoch 24/100	test results	MRR 0.340354	H@1 0.249682	H@3 0.374963	H@5 0.439558	H@10 0.523283
INFO:meta-cli.py:Epoch 25/100	Loss 6.4330 ± 0.1180
INFO:meta-cli.py:Epoch 26/100	Loss 6.4255 ± 0.1161
INFO:meta-cli.py:Epoch 27/100	Loss 6.4186 ± 0.1190
INFO:meta-cli.py:Epoch 27/100	dev results	MRR 0.347798	H@1 0.258141	H@3 0.381779	H@5 0.443484	H@10 0.527659
INFO:meta-cli.py:Epoch 27/100	test results	MRR 0.340440	H@1 0.249365	H@3 0.374572	H@5 0.438801	H@10 0.521866
INFO:meta-cli.py:Epoch 28/100	Loss 6.4126 ± 0.1179
INFO:meta-cli.py:Epoch 29/100	Loss 6.4066 ± 0.1155
INFO:meta-cli.py:Epoch 30/100	Loss 6.4005 ± 0.1145
INFO:meta-cli.py:Epoch 30/100	dev results	MRR 0.347944	H@1 0.257514	H@3 0.383376	H@5 0.444083	H@10 0.528771
INFO:meta-cli.py:Epoch 30/100	test results	MRR 0.340963	H@1 0.250220	H@3 0.374988	H@5 0.438605	H@10 0.524406
INFO:meta-cli.py:Epoch 31/100	Loss 6.3951 ± 0.1133
INFO:meta-cli.py:Epoch 32/100	Loss 6.3901 ± 0.1175
INFO:meta-cli.py:Epoch 33/100	Loss 6.3850 ± 0.1131
INFO:meta-cli.py:Epoch 33/100	dev results	MRR 0.347929	H@1 0.257485	H@3 0.382977	H@5 0.444539	H@10 0.530254
INFO:meta-cli.py:Epoch 33/100	test results	MRR 0.341700	H@1 0.251588	H@3 0.375232	H@5 0.439558	H@10 0.525115
INFO:meta-cli.py:Epoch 34/100	Loss 6.3803 ± 0.1108
INFO:meta-cli.py:Epoch 35/100	Loss 6.3761 ± 0.1126
INFO:meta-cli.py:Epoch 36/100	Loss 6.3713 ± 0.1127
INFO:meta-cli.py:Epoch 36/100	dev results	MRR 0.347949	H@1 0.257599	H@3 0.382777	H@5 0.444169	H@10 0.529683
INFO:meta-cli.py:Epoch 36/100	test results	MRR 0.341644	H@1 0.251368	H@3 0.375061	H@5 0.438874	H@10 0.524528
INFO:meta-cli.py:Epoch 37/100	Loss 6.3672 ± 0.1101
INFO:meta-cli.py:Epoch 38/100	Loss 6.3635 ± 0.1109
INFO:meta-cli.py:Epoch 39/100	Loss 6.3591 ± 0.1059
INFO:meta-cli.py:Epoch 39/100	dev results	MRR 0.348311	H@1 0.258084	H@3 0.383775	H@5 0.444654	H@10 0.530510
INFO:meta-cli.py:Epoch 39/100	test results	MRR 0.341803	H@1 0.251124	H@3 0.376063	H@5 0.439241	H@10 0.524944
INFO:meta-cli.py:Epoch 40/100	Loss 6.3558 ± 0.1059
INFO:meta-cli.py:Epoch 41/100	Loss 6.3517 ± 0.1068
INFO:meta-cli.py:Epoch 42/100	Loss 6.3479 ± 0.1061
INFO:meta-cli.py:Epoch 42/100	dev results	MRR 0.349074	H@1 0.258455	H@3 0.384545	H@5 0.445167	H@10 0.530425
INFO:meta-cli.py:Epoch 42/100	test results	MRR 0.341986	H@1 0.251515	H@3 0.376112	H@5 0.440389	H@10 0.524577
INFO:meta-cli.py:Epoch 43/100	Loss 6.3456 ± 0.1114
INFO:meta-cli.py:Epoch 44/100	Loss 6.3419 ± 0.1092
INFO:meta-cli.py:Epoch 45/100	Loss 6.3385 ± 0.1046
INFO:meta-cli.py:Epoch 45/100	dev results	MRR 0.348532	H@1 0.258483	H@3 0.382891	H@5 0.444711	H@10 0.530197
INFO:meta-cli.py:Epoch 45/100	test results	MRR 0.342378	H@1 0.252077	H@3 0.376576	H@5 0.439998	H@10 0.524211
INFO:meta-cli.py:Epoch 46/100	Loss 6.3356 ± 0.1022
INFO:meta-cli.py:Epoch 47/100	Loss 6.3325 ± 0.1011
INFO:meta-cli.py:Epoch 48/100	Loss 6.3295 ± 0.1066
INFO:meta-cli.py:Epoch 48/100	dev results	MRR 0.348927	H@1 0.258369	H@3 0.384745	H@5 0.444939	H@10 0.530197
INFO:meta-cli.py:Epoch 48/100	test results	MRR 0.342587	H@1 0.252516	H@3 0.375867	H@5 0.439754	H@10 0.525945
INFO:meta-cli.py:Epoch 49/100	Loss 6.3270 ± 0.1040
INFO:meta-cli.py:Epoch 50/100	Loss 6.3243 ± 0.1044
INFO:meta-cli.py:Epoch 51/100	Loss 6.3217 ± 0.1003
INFO:meta-cli.py:Epoch 51/100	dev results	MRR 0.349813	H@1 0.259624	H@3 0.384032	H@5 0.446821	H@10 0.531765
INFO:meta-cli.py:Epoch 51/100	test results	MRR 0.341730	H@1 0.250855	H@3 0.375989	H@5 0.440462	H@10 0.525652
INFO:meta-cli.py:Epoch 52/100	Loss 6.3189 ± 0.0997
INFO:meta-cli.py:Epoch 53/100	Loss 6.3163 ± 0.1011
INFO:meta-cli.py:Epoch 54/100	Loss 6.3137 ± 0.1012
INFO:meta-cli.py:Epoch 54/100	dev results	MRR 0.349793	H@1 0.260051	H@3 0.384802	H@5 0.446564	H@10 0.531081
INFO:meta-cli.py:Epoch 54/100	test results	MRR 0.341984	H@1 0.251026	H@3 0.377626	H@5 0.439216	H@10 0.525432
INFO:meta-cli.py:Epoch 55/100	Loss 6.3117 ± 0.1042
INFO:meta-cli.py:Epoch 56/100	Loss 6.3091 ± 0.1020
INFO:meta-cli.py:Epoch 57/100	Loss 6.3074 ± 0.1038
INFO:meta-cli.py:Epoch 57/100	dev results	MRR 0.349407	H@1 0.259367	H@3 0.384488	H@5 0.444882	H@10 0.531451
INFO:meta-cli.py:Epoch 57/100	test results	MRR 0.343098	H@1 0.253029	H@3 0.377455	H@5 0.439851	H@10 0.525261
INFO:meta-cli.py:Epoch 58/100	Loss 6.3045 ± 0.1010
INFO:meta-cli.py:Epoch 59/100	Loss 6.3026 ± 0.1002
INFO:meta-cli.py:Epoch 60/100	Loss 6.3005 ± 0.0983
INFO:meta-cli.py:Epoch 60/100	dev results	MRR 0.349611	H@1 0.258854	H@3 0.385115	H@5 0.445737	H@10 0.531081
INFO:meta-cli.py:Epoch 60/100	test results	MRR 0.342943	H@1 0.252443	H@3 0.377138	H@5 0.439534	H@10 0.526581
INFO:meta-cli.py:Epoch 61/100	Loss 6.2986 ± 0.1027
INFO:meta-cli.py:Epoch 62/100	Loss 6.2965 ± 0.1004
INFO:meta-cli.py:Epoch 63/100	Loss 6.2948 ± 0.0992
INFO:meta-cli.py:Epoch 63/100	dev results	MRR 0.350131	H@1 0.260393	H@3 0.384089	H@5 0.446079	H@10 0.531195
INFO:meta-cli.py:Epoch 63/100	test results	MRR 0.342996	H@1 0.252199	H@3 0.377846	H@5 0.440536	H@10 0.526239
INFO:meta-cli.py:Epoch 64/100	Loss 6.2929 ± 0.0949
INFO:meta-cli.py:Epoch 65/100	Loss 6.2909 ± 0.0982
INFO:meta-cli.py:Epoch 66/100	Loss 6.2888 ± 0.0919
INFO:meta-cli.py:Epoch 66/100	dev results	MRR 0.349568	H@1 0.258996	H@3 0.385173	H@5 0.446450	H@10 0.531936
INFO:meta-cli.py:Epoch 66/100	test results	MRR 0.342617	H@1 0.251637	H@3 0.376845	H@5 0.440804	H@10 0.526141
INFO:meta-cli.py:Epoch 67/100	Loss 6.2872 ± 0.0986
INFO:meta-cli.py:Epoch 68/100	Loss 6.2858 ± 0.0999
INFO:meta-cli.py:Epoch 69/100	Loss 6.2840 ± 0.0967
INFO:meta-cli.py:Epoch 69/100	dev results	MRR 0.350973	H@1 0.261249	H@3 0.385657	H@5 0.445994	H@10 0.532449
INFO:meta-cli.py:Epoch 69/100	test results	MRR 0.343677	H@1 0.253445	H@3 0.377284	H@5 0.441024	H@10 0.526703
INFO:meta-cli.py:Epoch 70/100	Loss 6.2821 ± 0.0990
INFO:meta-cli.py:Epoch 71/100	Loss 6.2811 ± 0.1008
INFO:meta-cli.py:Epoch 72/100	Loss 6.2787 ± 0.0964
INFO:meta-cli.py:Epoch 72/100	dev results	MRR 0.350079	H@1 0.259994	H@3 0.385058	H@5 0.446678	H@10 0.531423
INFO:meta-cli.py:Epoch 72/100	test results	MRR 0.342480	H@1 0.251612	H@3 0.377113	H@5 0.439094	H@10 0.525652
INFO:meta-cli.py:Epoch 73/100	Loss 6.2771 ± 0.0950
INFO:meta-cli.py:Epoch 74/100	Loss 6.2755 ± 0.0995
INFO:meta-cli.py:Epoch 75/100	Loss 6.2745 ± 0.0948
INFO:meta-cli.py:Epoch 75/100	dev results	MRR 0.350446	H@1 0.260251	H@3 0.385942	H@5 0.447419	H@10 0.532478
INFO:meta-cli.py:Epoch 75/100	test results	MRR 0.343069	H@1 0.251954	H@3 0.376893	H@5 0.441146	H@10 0.526385
INFO:meta-cli.py:Epoch 76/100	Loss 6.2731 ± 0.0956
INFO:meta-cli.py:Epoch 77/100	Loss 6.2713 ± 0.0929
INFO:meta-cli.py:Epoch 78/100	Loss 6.2701 ± 0.0966
INFO:meta-cli.py:Epoch 78/100	dev results	MRR 0.350133	H@1 0.260194	H@3 0.384887	H@5 0.446450	H@10 0.531537
INFO:meta-cli.py:Epoch 78/100	test results	MRR 0.342813	H@1 0.252150	H@3 0.376991	H@5 0.440755	H@10 0.526312
INFO:meta-cli.py:Epoch 79/100	Loss 6.2684 ± 0.0934
INFO:meta-cli.py:Epoch 80/100	Loss 6.2671 ± 0.0936
INFO:meta-cli.py:Epoch 81/100	Loss 6.2659 ± 0.0997
INFO:meta-cli.py:Epoch 81/100	dev results	MRR 0.351531	H@1 0.261648	H@3 0.386655	H@5 0.446792	H@10 0.531993
INFO:meta-cli.py:Epoch 81/100	test results	MRR 0.343281	H@1 0.252761	H@3 0.376649	H@5 0.440780	H@10 0.526776
INFO:meta-cli.py:Epoch 82/100	Loss 6.2646 ± 0.0991
INFO:meta-cli.py:Epoch 83/100	Loss 6.2634 ± 0.0927
INFO:meta-cli.py:Epoch 84/100	Loss 6.2618 ± 0.0907
INFO:meta-cli.py:Epoch 84/100	dev results	MRR 0.350555	H@1 0.260251	H@3 0.385629	H@5 0.446650	H@10 0.532392
INFO:meta-cli.py:Epoch 84/100	test results	MRR 0.343544	H@1 0.253005	H@3 0.377284	H@5 0.440511	H@10 0.526972
INFO:meta-cli.py:Epoch 85/100	Loss 6.2606 ± 0.0912
INFO:meta-cli.py:Epoch 86/100	Loss 6.2598 ± 0.0915
INFO:meta-cli.py:Epoch 87/100	Loss 6.2580 ± 0.0922
INFO:meta-cli.py:Epoch 87/100	dev results	MRR 0.350512	H@1 0.260622	H@3 0.385201	H@5 0.446678	H@10 0.532592
INFO:meta-cli.py:Epoch 87/100	test results	MRR 0.343949	H@1 0.253542	H@3 0.377919	H@5 0.440951	H@10 0.525994
INFO:meta-cli.py:Epoch 88/100	Loss 6.2572 ± 0.0941
INFO:meta-cli.py:Epoch 89/100	Loss 6.2556 ± 0.0928
INFO:meta-cli.py:Epoch 90/100	Loss 6.2548 ± 0.0961
INFO:meta-cli.py:Epoch 90/100	dev results	MRR 0.350880	H@1 0.260964	H@3 0.385971	H@5 0.446821	H@10 0.531936
INFO:meta-cli.py:Epoch 90/100	test results	MRR 0.343324	H@1 0.252419	H@3 0.378139	H@5 0.441268	H@10 0.526141
INFO:meta-cli.py:Epoch 91/100	Loss 6.2539 ± 0.0904
INFO:meta-cli.py:Epoch 92/100	Loss 6.2521 ± 0.0933
INFO:meta-cli.py:Epoch 93/100	Loss 6.2508 ± 0.0877
INFO:meta-cli.py:Epoch 93/100	dev results	MRR 0.350950	H@1 0.260850	H@3 0.386798	H@5 0.447448	H@10 0.532592
INFO:meta-cli.py:Epoch 93/100	test results	MRR 0.343507	H@1 0.252687	H@3 0.378262	H@5 0.441391	H@10 0.526874
INFO:meta-cli.py:Epoch 94/100	Loss 6.2504 ± 0.0936
INFO:meta-cli.py:Epoch 95/100	Loss 6.2490 ± 0.0925
INFO:meta-cli.py:Epoch 96/100	Loss 6.2478 ± 0.0904
INFO:meta-cli.py:Epoch 96/100	dev results	MRR 0.350909	H@1 0.260736	H@3 0.386826	H@5 0.447305	H@10 0.532991
INFO:meta-cli.py:Epoch 96/100	test results	MRR 0.343784	H@1 0.253054	H@3 0.377480	H@5 0.442148	H@10 0.527143
INFO:meta-cli.py:Epoch 97/100	Loss 6.2466 ± 0.0957
INFO:meta-cli.py:Epoch 98/100	Loss 6.2460 ± 0.0861
INFO:meta-cli.py:Epoch 99/100	Loss 6.2450 ± 0.0949
INFO:meta-cli.py:Epoch 99/100	dev results	MRR 0.351093	H@1 0.261277	H@3 0.384830	H@5 0.446963	H@10 0.533105
INFO:meta-cli.py:Epoch 99/100	test results	MRR 0.343710	H@1 0.253518	H@3 0.377406	H@5 0.441122	H@10 0.527411
INFO:meta-cli.py:Epoch 100/100	Loss 6.2436 ± 0.0937
INFO:meta-cli.py:Final 	dev results	MRR 0.350860	H@1 0.260650	H@3 0.385914	H@5 0.447619	H@10 0.532763
INFO:meta-cli.py:Final 	test results	MRR 0.343577	H@1 0.252712	H@3 0.378384	H@5 0.441000	H@10 0.526947
INFO:meta-cli.py:Training finished
