./bin/meta-cli.py --train data/fb15k-237/train.tsv --dev data/fb15k-237/dev.tsv --test data/fb15k-237/test.tsv -m complex -k 2000 -b 1000 -e 100 --F2 0 --N3 0.1 -l 0.1 -I reciprocal -V 3 -o adagrad -q
{'F2': 0.0,
 'N3': 0.1,
 'batch_size': 1000,
 'dev': 'data/fb15k-237/dev.tsv',
 'embedding_size': 2000,
 'epochs': 100,
 'eval_batch_size': None,
 'input_type': 'reciprocal',
 'learning_rate': 0.1,
 'load': None,
 'model': 'complex',
 'optimizer': 'adagrad',
 'quiet': True,
 'save': None,
 'seed': 0,
 'test': 'data/fb15k-237/test.tsv',
 'test_i': None,
 'test_ii': None,
 'train': 'data/fb15k-237/train.tsv',
 'validate_every': 3}
INFO:meta-cli.py:Device: cuda
INFO:meta-cli.py:Model state:
INFO:meta-cli.py:	entities.weight	torch.Size([14541, 4000])
INFO:meta-cli.py:	predicates.weight	torch.Size([474, 4000])
INFO:meta-cli.py:Epoch 1/100	Loss 14.3200 ± 1.8879
INFO:meta-cli.py:Epoch 2/100	Loss 12.3144 ± 0.0807
INFO:meta-cli.py:Epoch 3/100	Loss 11.9777 ± 0.0996
INFO:meta-cli.py:Epoch 3/100	dev results	MRR 0.342844	H@1 0.250756	H@3 0.376875	H@5 0.441232	H@10 0.526575
INFO:meta-cli.py:Epoch 3/100	test results	MRR 0.338304	H@1 0.245969	H@3 0.373937	H@5 0.437897	H@10 0.521010
INFO:meta-cli.py:Epoch 4/100	Loss 11.8175 ± 0.1079
INFO:meta-cli.py:Epoch 5/100	Loss 11.7188 ± 0.1146
INFO:meta-cli.py:Epoch 6/100	Loss 11.6507 ± 0.1180
INFO:meta-cli.py:Epoch 6/100	dev results	MRR 0.352003	H@1 0.259110	H@3 0.386997	H@5 0.451725	H@10 0.540319
INFO:meta-cli.py:Epoch 6/100	test results	MRR 0.347156	H@1 0.253176	H@3 0.381975	H@5 0.449111	H@10 0.536890
INFO:meta-cli.py:Epoch 7/100	Loss 11.5991 ± 0.1148
INFO:meta-cli.py:Epoch 8/100	Loss 11.5580 ± 0.1152
INFO:meta-cli.py:Epoch 9/100	Loss 11.5255 ± 0.1134
INFO:meta-cli.py:Epoch 9/100	dev results	MRR 0.357274	H@1 0.264386	H@3 0.391332	H@5 0.458112	H@10 0.544397
INFO:meta-cli.py:Epoch 9/100	test results	MRR 0.351454	H@1 0.258209	H@3 0.384491	H@5 0.453679	H@10 0.541801
INFO:meta-cli.py:Epoch 10/100	Loss 11.4978 ± 0.1125
INFO:meta-cli.py:Epoch 11/100	Loss 11.4738 ± 0.1079
INFO:meta-cli.py:Epoch 12/100	Loss 11.4534 ± 0.1075
INFO:meta-cli.py:Epoch 12/100	dev results	MRR 0.359186	H@1 0.264671	H@3 0.395922	H@5 0.463787	H@10 0.547705
INFO:meta-cli.py:Epoch 12/100	test results	MRR 0.354813	H@1 0.261214	H@3 0.389768	H@5 0.456709	H@10 0.543511
INFO:meta-cli.py:Epoch 13/100	Loss 11.4354 ± 0.1090
INFO:meta-cli.py:Epoch 14/100	Loss 11.4196 ± 0.1115
INFO:meta-cli.py:Epoch 15/100	Loss 11.4048 ± 0.1080
INFO:meta-cli.py:Epoch 15/100	dev results	MRR 0.359812	H@1 0.265697	H@3 0.395067	H@5 0.461762	H@10 0.549244
INFO:meta-cli.py:Epoch 15/100	test results	MRR 0.356433	H@1 0.263803	H@3 0.390062	H@5 0.456049	H@10 0.546028
INFO:meta-cli.py:Epoch 16/100	Loss 11.3921 ± 0.1060
INFO:meta-cli.py:Epoch 17/100	Loss 11.3804 ± 0.1041
INFO:meta-cli.py:Epoch 18/100	Loss 11.3691 ± 0.1018
INFO:meta-cli.py:Epoch 18/100	dev results	MRR 0.363891	H@1 0.270659	H@3 0.398546	H@5 0.463559	H@10 0.552638
INFO:meta-cli.py:Epoch 18/100	test results	MRR 0.358604	H@1 0.265318	H@3 0.391845	H@5 0.460105	H@10 0.548544
INFO:meta-cli.py:Epoch 19/100	Loss 11.3593 ± 0.0977
INFO:meta-cli.py:Epoch 20/100	Loss 11.3495 ± 0.1019
INFO:meta-cli.py:Epoch 21/100	Loss 11.3415 ± 0.0965
INFO:meta-cli.py:Epoch 21/100	dev results	MRR 0.364263	H@1 0.270602	H@3 0.399715	H@5 0.466324	H@10 0.551811
INFO:meta-cli.py:Epoch 21/100	test results	MRR 0.359342	H@1 0.265000	H@3 0.394166	H@5 0.461912	H@10 0.549033
INFO:meta-cli.py:Epoch 22/100	Loss 11.3328 ± 0.1017
INFO:meta-cli.py:Epoch 23/100	Loss 11.3261 ± 0.0977
INFO:meta-cli.py:Epoch 24/100	Loss 11.3192 ± 0.0991
INFO:meta-cli.py:Epoch 24/100	dev results	MRR 0.362354	H@1 0.267322	H@3 0.398261	H@5 0.465469	H@10 0.553522
INFO:meta-cli.py:Epoch 24/100	test results	MRR 0.358061	H@1 0.263046	H@3 0.393360	H@5 0.460837	H@10 0.548202
INFO:meta-cli.py:Epoch 25/100	Loss 11.3127 ± 0.0994
INFO:meta-cli.py:Epoch 26/100	Loss 11.3062 ± 0.0966
INFO:meta-cli.py:Epoch 27/100	Loss 11.2999 ± 0.0972
INFO:meta-cli.py:Epoch 27/100	dev results	MRR 0.364124	H@1 0.270003	H@3 0.401084	H@5 0.465241	H@10 0.553407
INFO:meta-cli.py:Epoch 27/100	test results	MRR 0.358719	H@1 0.264243	H@3 0.394606	H@5 0.461106	H@10 0.549155
INFO:meta-cli.py:Epoch 28/100	Loss 11.2952 ± 0.0956
INFO:meta-cli.py:Epoch 29/100	Loss 11.2895 ± 0.0966
INFO:meta-cli.py:Epoch 30/100	Loss 11.2843 ± 0.0955
INFO:meta-cli.py:Epoch 30/100	dev results	MRR 0.364676	H@1 0.270630	H@3 0.400399	H@5 0.465697	H@10 0.553978
INFO:meta-cli.py:Epoch 30/100	test results	MRR 0.359101	H@1 0.264536	H@3 0.393555	H@5 0.461790	H@10 0.549399
INFO:meta-cli.py:Epoch 31/100	Loss 11.2795 ± 0.0933
INFO:meta-cli.py:Epoch 32/100	Loss 11.2753 ± 0.0989
INFO:meta-cli.py:Epoch 33/100	Loss 11.2709 ± 0.0944
INFO:meta-cli.py:Epoch 33/100	dev results	MRR 0.363880	H@1 0.269176	H@3 0.399914	H@5 0.468149	H@10 0.555489
INFO:meta-cli.py:Epoch 33/100	test results	MRR 0.360088	H@1 0.265807	H@3 0.394972	H@5 0.463671	H@10 0.550498
INFO:meta-cli.py:Epoch 34/100	Loss 11.2664 ± 0.0915
INFO:meta-cli.py:Epoch 35/100	Loss 11.2627 ± 0.0947
INFO:meta-cli.py:Epoch 36/100	Loss 11.2587 ± 0.0980
INFO:meta-cli.py:Epoch 36/100	dev results	MRR 0.366238	H@1 0.272911	H@3 0.401853	H@5 0.466667	H@10 0.553892
INFO:meta-cli.py:Epoch 36/100	test results	MRR 0.361100	H@1 0.267248	H@3 0.396243	H@5 0.463818	H@10 0.549057
INFO:meta-cli.py:Epoch 37/100	Loss 11.2554 ± 0.0946
INFO:meta-cli.py:Epoch 38/100	Loss 11.2522 ± 0.0955
INFO:meta-cli.py:Epoch 39/100	Loss 11.2482 ± 0.0901
INFO:meta-cli.py:Epoch 39/100	dev results	MRR 0.366721	H@1 0.272940	H@3 0.402167	H@5 0.468292	H@10 0.555175
INFO:meta-cli.py:Epoch 39/100	test results	MRR 0.362507	H@1 0.269007	H@3 0.397024	H@5 0.464087	H@10 0.552233
INFO:meta-cli.py:Epoch 40/100	Loss 11.2454 ± 0.0911
INFO:meta-cli.py:Epoch 41/100	Loss 11.2416 ± 0.0922
INFO:meta-cli.py:Epoch 42/100	Loss 11.2387 ± 0.0907
INFO:meta-cli.py:Epoch 42/100	dev results	MRR 0.365362	H@1 0.270630	H@3 0.402224	H@5 0.469433	H@10 0.555489
INFO:meta-cli.py:Epoch 42/100	test results	MRR 0.361783	H@1 0.267615	H@3 0.397464	H@5 0.465235	H@10 0.552477
INFO:meta-cli.py:Epoch 43/100	Loss 11.2365 ± 0.0938
INFO:meta-cli.py:Epoch 44/100	Loss 11.2333 ± 0.0929
INFO:meta-cli.py:Epoch 45/100	Loss 11.2302 ± 0.0882
INFO:meta-cli.py:Epoch 45/100	dev results	MRR 0.365347	H@1 0.270317	H@3 0.402139	H@5 0.467437	H@10 0.555717
INFO:meta-cli.py:Epoch 45/100	test results	MRR 0.361613	H@1 0.267004	H@3 0.397879	H@5 0.463647	H@10 0.552086
INFO:meta-cli.py:Epoch 46/100	Loss 11.2279 ± 0.0867
INFO:meta-cli.py:Epoch 47/100	Loss 11.2250 ± 0.0876
INFO:meta-cli.py:Epoch 48/100	Loss 11.2227 ± 0.0892
INFO:meta-cli.py:Epoch 48/100	dev results	MRR 0.366871	H@1 0.272712	H@3 0.402224	H@5 0.468235	H@10 0.557485
INFO:meta-cli.py:Epoch 48/100	test results	MRR 0.361836	H@1 0.268054	H@3 0.397000	H@5 0.463012	H@10 0.551524
INFO:meta-cli.py:Epoch 49/100	Loss 11.2203 ± 0.0865
INFO:meta-cli.py:Epoch 50/100	Loss 11.2180 ± 0.0888
INFO:meta-cli.py:Epoch 51/100	Loss 11.2157 ± 0.0863
INFO:meta-cli.py:Epoch 51/100	dev results	MRR 0.367603	H@1 0.273425	H@3 0.402367	H@5 0.469233	H@10 0.556430
INFO:meta-cli.py:Epoch 51/100	test results	MRR 0.361550	H@1 0.267297	H@3 0.395705	H@5 0.463671	H@10 0.552722
INFO:meta-cli.py:Epoch 52/100	Loss 11.2134 ± 0.0845
INFO:meta-cli.py:Epoch 53/100	Loss 11.2111 ± 0.0862
INFO:meta-cli.py:Epoch 54/100	Loss 11.2088 ± 0.0894
INFO:meta-cli.py:Epoch 54/100	dev results	MRR 0.367018	H@1 0.273311	H@3 0.402851	H@5 0.468349	H@10 0.555660
INFO:meta-cli.py:Epoch 54/100	test results	MRR 0.361490	H@1 0.267126	H@3 0.396682	H@5 0.464771	H@10 0.552380
INFO:meta-cli.py:Epoch 55/100	Loss 11.2071 ± 0.0869
INFO:meta-cli.py:Epoch 56/100	Loss 11.2048 ± 0.0909
INFO:meta-cli.py:Epoch 57/100	Loss 11.2034 ± 0.0898
INFO:meta-cli.py:Epoch 57/100	dev results	MRR 0.367272	H@1 0.272455	H@3 0.403650	H@5 0.470858	H@10 0.557656
INFO:meta-cli.py:Epoch 57/100	test results	MRR 0.362495	H@1 0.268079	H@3 0.398783	H@5 0.466139	H@10 0.552966
INFO:meta-cli.py:Epoch 58/100	Loss 11.2009 ± 0.0866
INFO:meta-cli.py:Epoch 59/100	Loss 11.1992 ± 0.0881
INFO:meta-cli.py:Epoch 60/100	Loss 11.1973 ± 0.0859
INFO:meta-cli.py:Epoch 60/100	dev results	MRR 0.367435	H@1 0.272455	H@3 0.404106	H@5 0.470887	H@10 0.556772
INFO:meta-cli.py:Epoch 60/100	test results	MRR 0.363346	H@1 0.269691	H@3 0.398221	H@5 0.465455	H@10 0.553015
INFO:meta-cli.py:Epoch 61/100	Loss 11.1957 ± 0.0865
INFO:meta-cli.py:Epoch 62/100	Loss 11.1939 ± 0.0852
INFO:meta-cli.py:Epoch 63/100	Loss 11.1925 ± 0.0847
INFO:meta-cli.py:Epoch 63/100	dev results	MRR 0.367868	H@1 0.273767	H@3 0.404391	H@5 0.469547	H@10 0.558169
INFO:meta-cli.py:Epoch 63/100	test results	MRR 0.363684	H@1 0.270082	H@3 0.398686	H@5 0.465357	H@10 0.553723
INFO:meta-cli.py:Epoch 64/100	Loss 11.1907 ± 0.0797
INFO:meta-cli.py:Epoch 65/100	Loss 11.1891 ± 0.0825
INFO:meta-cli.py:Epoch 66/100	Loss 11.1872 ± 0.0795
INFO:meta-cli.py:Epoch 66/100	dev results	MRR 0.367805	H@1 0.273710	H@3 0.403222	H@5 0.470374	H@10 0.557542
INFO:meta-cli.py:Epoch 66/100	test results	MRR 0.362505	H@1 0.268176	H@3 0.398344	H@5 0.466383	H@10 0.553235
INFO:meta-cli.py:Epoch 67/100	Loss 11.1856 ± 0.0866
INFO:meta-cli.py:Epoch 68/100	Loss 11.1846 ± 0.0863
INFO:meta-cli.py:Epoch 69/100	Loss 11.1830 ± 0.0828
INFO:meta-cli.py:Epoch 69/100	dev results	MRR 0.368482	H@1 0.274622	H@3 0.405076	H@5 0.468777	H@10 0.557485
INFO:meta-cli.py:Epoch 69/100	test results	MRR 0.362548	H@1 0.268079	H@3 0.398759	H@5 0.465870	H@10 0.553161
INFO:meta-cli.py:Epoch 70/100	Loss 11.1817 ± 0.0856
INFO:meta-cli.py:Epoch 71/100	Loss 11.1805 ± 0.0856
INFO:meta-cli.py:Epoch 72/100	Loss 11.1784 ± 0.0859
INFO:meta-cli.py:Epoch 72/100	dev results	MRR 0.367682	H@1 0.273225	H@3 0.404021	H@5 0.470231	H@10 0.556772
INFO:meta-cli.py:Epoch 72/100	test results	MRR 0.362426	H@1 0.267932	H@3 0.398954	H@5 0.464771	H@10 0.553552
INFO:meta-cli.py:Epoch 73/100	Loss 11.1771 ± 0.0837
INFO:meta-cli.py:Epoch 74/100	Loss 11.1757 ± 0.0851
INFO:meta-cli.py:Epoch 75/100	Loss 11.1748 ± 0.0853
INFO:meta-cli.py:Epoch 75/100	dev results	MRR 0.367795	H@1 0.272968	H@3 0.403906	H@5 0.470117	H@10 0.558654
INFO:meta-cli.py:Epoch 75/100	test results	MRR 0.363000	H@1 0.268470	H@3 0.398515	H@5 0.466286	H@10 0.554236
INFO:meta-cli.py:Epoch 76/100	Loss 11.1738 ± 0.0847
INFO:meta-cli.py:Epoch 77/100	Loss 11.1719 ± 0.0803
INFO:meta-cli.py:Epoch 78/100	Loss 11.1710 ± 0.0807
INFO:meta-cli.py:Epoch 78/100	dev results	MRR 0.367737	H@1 0.273054	H@3 0.405019	H@5 0.470288	H@10 0.556630
INFO:meta-cli.py:Epoch 78/100	test results	MRR 0.363235	H@1 0.269569	H@3 0.398441	H@5 0.464673	H@10 0.552941
INFO:meta-cli.py:Epoch 79/100	Loss 11.1695 ± 0.0808
INFO:meta-cli.py:Epoch 80/100	Loss 11.1686 ± 0.0811
INFO:meta-cli.py:Epoch 81/100	Loss 11.1674 ± 0.0869
INFO:meta-cli.py:Epoch 81/100	dev results	MRR 0.368916	H@1 0.275620	H@3 0.403479	H@5 0.469917	H@10 0.557514
INFO:meta-cli.py:Epoch 81/100	test results	MRR 0.363675	H@1 0.270351	H@3 0.397513	H@5 0.464771	H@10 0.553015
INFO:meta-cli.py:Epoch 82/100	Loss 11.1664 ± 0.0830
INFO:meta-cli.py:Epoch 83/100	Loss 11.1656 ± 0.0803
INFO:meta-cli.py:Epoch 84/100	Loss 11.1641 ± 0.0799
INFO:meta-cli.py:Epoch 84/100	dev results	MRR 0.367988	H@1 0.273311	H@3 0.404990	H@5 0.470003	H@10 0.557143
INFO:meta-cli.py:Epoch 84/100	test results	MRR 0.363264	H@1 0.268885	H@3 0.399028	H@5 0.466432	H@10 0.554016
INFO:meta-cli.py:Epoch 85/100	Loss 11.1632 ± 0.0802
INFO:meta-cli.py:Epoch 86/100	Loss 11.1620 ± 0.0788
INFO:meta-cli.py:Epoch 87/100	Loss 11.1608 ± 0.0801
INFO:meta-cli.py:Epoch 87/100	dev results	MRR 0.368230	H@1 0.273567	H@3 0.404334	H@5 0.470887	H@10 0.558369
INFO:meta-cli.py:Epoch 87/100	test results	MRR 0.363952	H@1 0.270278	H@3 0.398832	H@5 0.465553	H@10 0.554554
INFO:meta-cli.py:Epoch 88/100	Loss 11.1599 ± 0.0818
INFO:meta-cli.py:Epoch 89/100	Loss 11.1585 ± 0.0839
INFO:meta-cli.py:Epoch 90/100	Loss 11.1580 ± 0.0831
INFO:meta-cli.py:Epoch 90/100	dev results	MRR 0.368796	H@1 0.274822	H@3 0.403792	H@5 0.469518	H@10 0.558169
INFO:meta-cli.py:Epoch 90/100	test results	MRR 0.363237	H@1 0.268836	H@3 0.399638	H@5 0.465406	H@10 0.553528
INFO:meta-cli.py:Epoch 91/100	Loss 11.1569 ± 0.0798
INFO:meta-cli.py:Epoch 92/100	Loss 11.1556 ± 0.0813
INFO:meta-cli.py:Epoch 93/100	Loss 11.1546 ± 0.0769
INFO:meta-cli.py:Epoch 93/100	dev results	MRR 0.368300	H@1 0.274023	H@3 0.404676	H@5 0.471315	H@10 0.558711
INFO:meta-cli.py:Epoch 93/100	test results	MRR 0.363238	H@1 0.269496	H@3 0.397904	H@5 0.465284	H@10 0.553577
INFO:meta-cli.py:Epoch 94/100	Loss 11.1539 ± 0.0801
INFO:meta-cli.py:Epoch 95/100	Loss 11.1529 ± 0.0819
INFO:meta-cli.py:Epoch 96/100	Loss 11.1520 ± 0.0749
INFO:meta-cli.py:Epoch 96/100	dev results	MRR 0.368778	H@1 0.274394	H@3 0.405275	H@5 0.471172	H@10 0.557371
INFO:meta-cli.py:Epoch 96/100	test results	MRR 0.363674	H@1 0.269349	H@3 0.400054	H@5 0.466945	H@10 0.553332
INFO:meta-cli.py:Epoch 97/100	Loss 11.1509 ± 0.0846
INFO:meta-cli.py:Epoch 98/100	Loss 11.1502 ± 0.0805
INFO:meta-cli.py:Epoch 99/100	Loss 11.1496 ± 0.0814
INFO:meta-cli.py:Epoch 99/100	dev results	MRR 0.368420	H@1 0.273852	H@3 0.404790	H@5 0.470145	H@10 0.558569
INFO:meta-cli.py:Epoch 99/100	test results	MRR 0.363230	H@1 0.268934	H@3 0.399590	H@5 0.465968	H@10 0.554505
INFO:meta-cli.py:Epoch 100/100	Loss 11.1481 ± 0.0812
INFO:meta-cli.py:Final 	dev results	MRR 0.368926	H@1 0.274850	H@3 0.404220	H@5 0.471543	H@10 0.558226
INFO:meta-cli.py:Final 	test results	MRR 0.364270	H@1 0.271035	H@3 0.399516	H@5 0.465773	H@10 0.554823
INFO:meta-cli.py:Training finished
