./bin/meta-cli.py --train data/fb15k-237/train.tsv --dev data/fb15k-237/dev.tsv --test data/fb15k-237/test.tsv -m complex -k 500 -b 1000 -e 100 --F2 0.001 --N3 0 -l 0.1 -I reciprocal -V 3 -o adagrad -q
{'F2': 0.001,
 'N3': 0.0,
 'batch_size': 1000,
 'dev': 'data/fb15k-237/dev.tsv',
 'embedding_size': 500,
 'epochs': 100,
 'eval_batch_size': None,
 'input_type': 'reciprocal',
 'learning_rate': 0.1,
 'load': None,
 'model': 'complex',
 'optimizer': 'adagrad',
 'quiet': True,
 'save': None,
 'seed': 0,
 'test': 'data/fb15k-237/test.tsv',
 'test_i': None,
 'test_ii': None,
 'train': 'data/fb15k-237/train.tsv',
 'validate_every': 3}
INFO:meta-cli.py:Device: cuda
INFO:meta-cli.py:Model state:
INFO:meta-cli.py:	entities.weight	torch.Size([14541, 1000])
INFO:meta-cli.py:	predicates.weight	torch.Size([474, 1000])
INFO:meta-cli.py:Epoch 1/100	Loss 10.1516 ± 2.2736
INFO:meta-cli.py:Epoch 2/100	Loss 6.8280 ± 0.1014
INFO:meta-cli.py:Epoch 3/100	Loss 6.4002 ± 0.1546
INFO:meta-cli.py:Epoch 3/100	dev results	MRR 0.319084	H@1 0.233248	H@3 0.349102	H@5 0.407956	H@10 0.491759
INFO:meta-cli.py:Epoch 3/100	test results	MRR 0.314244	H@1 0.227035	H@3 0.344791	H@5 0.406748	H@10 0.489886
INFO:meta-cli.py:Epoch 4/100	Loss 6.2158 ± 0.1564
INFO:meta-cli.py:Epoch 5/100	Loss 6.1056 ± 0.1574
INFO:meta-cli.py:Epoch 6/100	Loss 6.0297 ± 0.1590
INFO:meta-cli.py:Epoch 6/100	dev results	MRR 0.327614	H@1 0.240234	H@3 0.359766	H@5 0.418705	H@10 0.502253
INFO:meta-cli.py:Epoch 6/100	test results	MRR 0.321100	H@1 0.232556	H@3 0.352340	H@5 0.414443	H@10 0.497728
INFO:meta-cli.py:Epoch 7/100	Loss 5.9742 ± 0.1581
INFO:meta-cli.py:Epoch 8/100	Loss 5.9298 ± 0.1603
INFO:meta-cli.py:Epoch 9/100	Loss 5.8950 ± 0.1562
INFO:meta-cli.py:Epoch 9/100	dev results	MRR 0.332152	H@1 0.244910	H@3 0.363245	H@5 0.423296	H@10 0.506815
INFO:meta-cli.py:Epoch 9/100	test results	MRR 0.325552	H@1 0.237711	H@3 0.357862	H@5 0.418597	H@10 0.501735
INFO:meta-cli.py:Epoch 10/100	Loss 5.8658 ± 0.1522
INFO:meta-cli.py:Epoch 11/100	Loss 5.8401 ± 0.1445
INFO:meta-cli.py:Epoch 12/100	Loss 5.8194 ± 0.1455
INFO:meta-cli.py:Epoch 12/100	dev results	MRR 0.334200	H@1 0.246165	H@3 0.367294	H@5 0.426119	H@10 0.510436
INFO:meta-cli.py:Epoch 12/100	test results	MRR 0.328807	H@1 0.241180	H@3 0.360183	H@5 0.421382	H@10 0.506059
INFO:meta-cli.py:Epoch 13/100	Loss 5.8010 ± 0.1486
INFO:meta-cli.py:Epoch 14/100	Loss 5.7844 ± 0.1440
INFO:meta-cli.py:Epoch 15/100	Loss 5.7695 ± 0.1327
INFO:meta-cli.py:Epoch 15/100	dev results	MRR 0.336638	H@1 0.248988	H@3 0.368549	H@5 0.427459	H@10 0.511748
INFO:meta-cli.py:Epoch 15/100	test results	MRR 0.330113	H@1 0.242011	H@3 0.361942	H@5 0.423287	H@10 0.506816
INFO:meta-cli.py:Epoch 16/100	Loss 5.7566 ± 0.1372
INFO:meta-cli.py:Epoch 17/100	Loss 5.7450 ± 0.1365
INFO:meta-cli.py:Epoch 18/100	Loss 5.7335 ± 0.1302
INFO:meta-cli.py:Epoch 18/100	dev results	MRR 0.337589	H@1 0.250271	H@3 0.369547	H@5 0.428172	H@10 0.512204
INFO:meta-cli.py:Epoch 18/100	test results	MRR 0.331101	H@1 0.243086	H@3 0.363456	H@5 0.425413	H@10 0.507964
INFO:meta-cli.py:Epoch 19/100	Loss 5.7240 ± 0.1319
INFO:meta-cli.py:Epoch 20/100	Loss 5.7139 ± 0.1277
INFO:meta-cli.py:Epoch 21/100	Loss 5.7061 ± 0.1259
INFO:meta-cli.py:Epoch 21/100	dev results	MRR 0.339171	H@1 0.251440	H@3 0.372255	H@5 0.429883	H@10 0.512318
INFO:meta-cli.py:Epoch 21/100	test results	MRR 0.332683	H@1 0.244699	H@3 0.364654	H@5 0.426292	H@10 0.507525
INFO:meta-cli.py:Epoch 22/100	Loss 5.6974 ± 0.1306
INFO:meta-cli.py:Epoch 23/100	Loss 5.6910 ± 0.1281
INFO:meta-cli.py:Epoch 24/100	Loss 5.6836 ± 0.1277
INFO:meta-cli.py:Epoch 24/100	dev results	MRR 0.339180	H@1 0.251526	H@3 0.371400	H@5 0.431024	H@10 0.513772
INFO:meta-cli.py:Epoch 24/100	test results	MRR 0.333347	H@1 0.245285	H@3 0.365900	H@5 0.426121	H@10 0.509479
INFO:meta-cli.py:Epoch 25/100	Loss 5.6776 ± 0.1260
INFO:meta-cli.py:Epoch 26/100	Loss 5.6713 ± 0.1242
INFO:meta-cli.py:Epoch 27/100	Loss 5.6652 ± 0.1272
INFO:meta-cli.py:Epoch 27/100	dev results	MRR 0.340177	H@1 0.252210	H@3 0.373425	H@5 0.432079	H@10 0.513858
INFO:meta-cli.py:Epoch 27/100	test results	MRR 0.332886	H@1 0.243819	H@3 0.367341	H@5 0.427221	H@10 0.508746
INFO:meta-cli.py:Epoch 28/100	Loss 5.6602 ± 0.1260
INFO:meta-cli.py:Epoch 29/100	Loss 5.6551 ± 0.1234
INFO:meta-cli.py:Epoch 30/100	Loss 5.6499 ± 0.1221
INFO:meta-cli.py:Epoch 30/100	dev results	MRR 0.340849	H@1 0.253236	H@3 0.373225	H@5 0.432678	H@10 0.513887
INFO:meta-cli.py:Epoch 30/100	test results	MRR 0.333695	H@1 0.245602	H@3 0.366681	H@5 0.426488	H@10 0.510163
INFO:meta-cli.py:Epoch 31/100	Loss 5.6452 ± 0.1209
INFO:meta-cli.py:Epoch 32/100	Loss 5.6411 ± 0.1255
INFO:meta-cli.py:Epoch 33/100	Loss 5.6368 ± 0.1203
INFO:meta-cli.py:Epoch 33/100	dev results	MRR 0.341271	H@1 0.253579	H@3 0.373852	H@5 0.433362	H@10 0.516082
INFO:meta-cli.py:Epoch 33/100	test results	MRR 0.335440	H@1 0.247313	H@3 0.368538	H@5 0.427685	H@10 0.512167
INFO:meta-cli.py:Epoch 34/100	Loss 5.6328 ± 0.1186
INFO:meta-cli.py:Epoch 35/100	Loss 5.6294 ± 0.1197
INFO:meta-cli.py:Epoch 36/100	Loss 5.6252 ± 0.1197
INFO:meta-cli.py:Epoch 36/100	dev results	MRR 0.341116	H@1 0.253892	H@3 0.372712	H@5 0.432763	H@10 0.515398
INFO:meta-cli.py:Epoch 36/100	test results	MRR 0.334491	H@1 0.246140	H@3 0.366706	H@5 0.427832	H@10 0.510847
INFO:meta-cli.py:Epoch 37/100	Loss 5.6218 ± 0.1166
INFO:meta-cli.py:Epoch 38/100	Loss 5.6187 ± 0.1174
INFO:meta-cli.py:Epoch 39/100	Loss 5.6149 ± 0.1124
INFO:meta-cli.py:Epoch 39/100	dev results	MRR 0.341752	H@1 0.254177	H@3 0.374736	H@5 0.434360	H@10 0.515683
INFO:meta-cli.py:Epoch 39/100	test results	MRR 0.335242	H@1 0.246848	H@3 0.368440	H@5 0.429053	H@10 0.511165
INFO:meta-cli.py:Epoch 40/100	Loss 5.6123 ± 0.1126
INFO:meta-cli.py:Epoch 41/100	Loss 5.6087 ± 0.1133
INFO:meta-cli.py:Epoch 42/100	Loss 5.6055 ± 0.1125
INFO:meta-cli.py:Epoch 42/100	dev results	MRR 0.342515	H@1 0.255118	H@3 0.374651	H@5 0.434388	H@10 0.514514
INFO:meta-cli.py:Epoch 42/100	test results	MRR 0.335828	H@1 0.247215	H@3 0.369515	H@5 0.427807	H@10 0.511360
INFO:meta-cli.py:Epoch 43/100	Loss 5.6037 ± 0.1179
INFO:meta-cli.py:Epoch 44/100	Loss 5.6006 ± 0.1155
INFO:meta-cli.py:Epoch 45/100	Loss 5.5977 ± 0.1113
INFO:meta-cli.py:Epoch 45/100	dev results	MRR 0.341503	H@1 0.253607	H@3 0.373909	H@5 0.432934	H@10 0.516139
INFO:meta-cli.py:Epoch 45/100	test results	MRR 0.335258	H@1 0.246629	H@3 0.368562	H@5 0.428760	H@10 0.511311
INFO:meta-cli.py:Epoch 46/100	Loss 5.5953 ± 0.1086
INFO:meta-cli.py:Epoch 47/100	Loss 5.5927 ± 0.1072
INFO:meta-cli.py:Epoch 48/100	Loss 5.5901 ± 0.1132
INFO:meta-cli.py:Epoch 48/100	dev results	MRR 0.341586	H@1 0.253693	H@3 0.373824	H@5 0.433989	H@10 0.516938
INFO:meta-cli.py:Epoch 48/100	test results	MRR 0.334955	H@1 0.245944	H@3 0.367952	H@5 0.428222	H@10 0.511531
INFO:meta-cli.py:Epoch 49/100	Loss 5.5881 ± 0.1110
INFO:meta-cli.py:Epoch 50/100	Loss 5.5859 ± 0.1108
INFO:meta-cli.py:Epoch 51/100	Loss 5.5837 ± 0.1064
INFO:meta-cli.py:Epoch 51/100	dev results	MRR 0.342521	H@1 0.254577	H@3 0.375592	H@5 0.434674	H@10 0.517707
INFO:meta-cli.py:Epoch 51/100	test results	MRR 0.335346	H@1 0.246140	H@3 0.369369	H@5 0.429786	H@10 0.512167
INFO:meta-cli.py:Epoch 52/100	Loss 5.5814 ± 0.1054
INFO:meta-cli.py:Epoch 53/100	Loss 5.5792 ± 0.1070
INFO:meta-cli.py:Epoch 54/100	Loss 5.5770 ± 0.1074
INFO:meta-cli.py:Epoch 54/100	dev results	MRR 0.341809	H@1 0.253493	H@3 0.375848	H@5 0.434274	H@10 0.516196
INFO:meta-cli.py:Epoch 54/100	test results	MRR 0.335318	H@1 0.246604	H@3 0.369076	H@5 0.428589	H@10 0.512118
INFO:meta-cli.py:Epoch 55/100	Loss 5.5753 ± 0.1100
INFO:meta-cli.py:Epoch 56/100	Loss 5.5731 ± 0.1075
INFO:meta-cli.py:Epoch 57/100	Loss 5.5718 ± 0.1095
INFO:meta-cli.py:Epoch 57/100	dev results	MRR 0.342073	H@1 0.254092	H@3 0.374822	H@5 0.434873	H@10 0.516282
INFO:meta-cli.py:Epoch 57/100	test results	MRR 0.335377	H@1 0.246311	H@3 0.368416	H@5 0.429346	H@10 0.513046
INFO:meta-cli.py:Epoch 58/100	Loss 5.5692 ± 0.1071
INFO:meta-cli.py:Epoch 59/100	Loss 5.5678 ± 0.1056
INFO:meta-cli.py:Epoch 60/100	Loss 5.5660 ± 0.1039
INFO:meta-cli.py:Epoch 60/100	dev results	MRR 0.342649	H@1 0.254063	H@3 0.376704	H@5 0.435329	H@10 0.516424
INFO:meta-cli.py:Epoch 60/100	test results	MRR 0.335772	H@1 0.246751	H@3 0.369051	H@5 0.430372	H@10 0.512093
INFO:meta-cli.py:Epoch 61/100	Loss 5.5645 ± 0.1086
INFO:meta-cli.py:Epoch 62/100	Loss 5.5626 ± 0.1065
INFO:meta-cli.py:Epoch 63/100	Loss 5.5613 ± 0.1048
INFO:meta-cli.py:Epoch 63/100	dev results	MRR 0.342728	H@1 0.255232	H@3 0.375021	H@5 0.434274	H@10 0.517337
INFO:meta-cli.py:Epoch 63/100	test results	MRR 0.336530	H@1 0.247826	H@3 0.370077	H@5 0.430641	H@10 0.514145
INFO:meta-cli.py:Epoch 64/100	Loss 5.5597 ± 0.1012
INFO:meta-cli.py:Epoch 65/100	Loss 5.5580 ± 0.1041
INFO:meta-cli.py:Epoch 66/100	Loss 5.5562 ± 0.0972
INFO:meta-cli.py:Epoch 66/100	dev results	MRR 0.342408	H@1 0.254434	H@3 0.375392	H@5 0.435329	H@10 0.517451
INFO:meta-cli.py:Epoch 66/100	test results	MRR 0.336281	H@1 0.247435	H@3 0.370053	H@5 0.430006	H@10 0.513070
INFO:meta-cli.py:Epoch 67/100	Loss 5.5549 ± 0.1042
INFO:meta-cli.py:Epoch 68/100	Loss 5.5538 ± 0.1056
INFO:meta-cli.py:Epoch 69/100	Loss 5.5523 ± 0.1023
INFO:meta-cli.py:Epoch 69/100	dev results	MRR 0.343888	H@1 0.256573	H@3 0.376276	H@5 0.435614	H@10 0.517194
INFO:meta-cli.py:Epoch 69/100	test results	MRR 0.336849	H@1 0.248192	H@3 0.370248	H@5 0.429884	H@10 0.513070
INFO:meta-cli.py:Epoch 70/100	Loss 5.5507 ± 0.1043
INFO:meta-cli.py:Epoch 71/100	Loss 5.5500 ± 0.1065
INFO:meta-cli.py:Epoch 72/100	Loss 5.5478 ± 0.1017
INFO:meta-cli.py:Epoch 72/100	dev results	MRR 0.342663	H@1 0.254748	H@3 0.375506	H@5 0.435529	H@10 0.516909
INFO:meta-cli.py:Epoch 72/100	test results	MRR 0.335572	H@1 0.246458	H@3 0.368929	H@5 0.430494	H@10 0.512435
INFO:meta-cli.py:Epoch 73/100	Loss 5.5466 ± 0.1000
INFO:meta-cli.py:Epoch 74/100	Loss 5.5452 ± 0.1055
INFO:meta-cli.py:Epoch 75/100	Loss 5.5444 ± 0.0998
INFO:meta-cli.py:Epoch 75/100	dev results	MRR 0.343093	H@1 0.255489	H@3 0.375820	H@5 0.435786	H@10 0.517736
INFO:meta-cli.py:Epoch 75/100	test results	MRR 0.336386	H@1 0.247435	H@3 0.369857	H@5 0.430592	H@10 0.513241
INFO:meta-cli.py:Epoch 76/100	Loss 5.5433 ± 0.1010
INFO:meta-cli.py:Epoch 77/100	Loss 5.5418 ± 0.0979
INFO:meta-cli.py:Epoch 78/100	Loss 5.5408 ± 0.1021
INFO:meta-cli.py:Epoch 78/100	dev results	MRR 0.342492	H@1 0.254691	H@3 0.376333	H@5 0.434674	H@10 0.516881
INFO:meta-cli.py:Epoch 78/100	test results	MRR 0.336626	H@1 0.247801	H@3 0.369833	H@5 0.430323	H@10 0.512191
INFO:meta-cli.py:Epoch 79/100	Loss 5.5393 ± 0.0987
INFO:meta-cli.py:Epoch 80/100	Loss 5.5383 ± 0.0985
INFO:meta-cli.py:Epoch 81/100	Loss 5.5373 ± 0.1049
INFO:meta-cli.py:Epoch 81/100	dev results	MRR 0.343175	H@1 0.255232	H@3 0.376590	H@5 0.435843	H@10 0.516823
INFO:meta-cli.py:Epoch 81/100	test results	MRR 0.336491	H@1 0.247337	H@3 0.370615	H@5 0.430177	H@10 0.512631
INFO:meta-cli.py:Epoch 82/100	Loss 5.5362 ± 0.1046
INFO:meta-cli.py:Epoch 83/100	Loss 5.5352 ± 0.0979
INFO:meta-cli.py:Epoch 84/100	Loss 5.5338 ± 0.0954
INFO:meta-cli.py:Epoch 84/100	dev results	MRR 0.343044	H@1 0.255261	H@3 0.376219	H@5 0.435443	H@10 0.516966
INFO:meta-cli.py:Epoch 84/100	test results	MRR 0.336465	H@1 0.247313	H@3 0.370419	H@5 0.430592	H@10 0.513999
INFO:meta-cli.py:Epoch 85/100	Loss 5.5329 ± 0.0959
INFO:meta-cli.py:Epoch 86/100	Loss 5.5323 ± 0.0967
INFO:meta-cli.py:Epoch 87/100	Loss 5.5306 ± 0.0971
INFO:meta-cli.py:Epoch 87/100	dev results	MRR 0.342925	H@1 0.255004	H@3 0.376105	H@5 0.436327	H@10 0.518021
INFO:meta-cli.py:Epoch 87/100	test results	MRR 0.337297	H@1 0.248998	H@3 0.370370	H@5 0.430275	H@10 0.512606
INFO:meta-cli.py:Epoch 88/100	Loss 5.5300 ± 0.0986
INFO:meta-cli.py:Epoch 89/100	Loss 5.5287 ± 0.0973
INFO:meta-cli.py:Epoch 90/100	Loss 5.5281 ± 0.1007
INFO:meta-cli.py:Epoch 90/100	dev results	MRR 0.342829	H@1 0.254662	H@3 0.376162	H@5 0.435871	H@10 0.517109
INFO:meta-cli.py:Epoch 90/100	test results	MRR 0.336463	H@1 0.247239	H@3 0.370273	H@5 0.429981	H@10 0.512899
INFO:meta-cli.py:Epoch 91/100	Loss 5.5273 ± 0.0952
INFO:meta-cli.py:Epoch 92/100	Loss 5.5258 ± 0.0979
INFO:meta-cli.py:Epoch 93/100	Loss 5.5247 ± 0.0923
INFO:meta-cli.py:Epoch 93/100	dev results	MRR 0.343224	H@1 0.255689	H@3 0.376533	H@5 0.435900	H@10 0.517251
INFO:meta-cli.py:Epoch 93/100	test results	MRR 0.336692	H@1 0.247679	H@3 0.370370	H@5 0.430959	H@10 0.512875
INFO:meta-cli.py:Epoch 94/100	Loss 5.5245 ± 0.0986
INFO:meta-cli.py:Epoch 95/100	Loss 5.5232 ± 0.0971
INFO:meta-cli.py:Epoch 96/100	Loss 5.5222 ± 0.0954
INFO:meta-cli.py:Epoch 96/100	dev results	MRR 0.343045	H@1 0.255261	H@3 0.376276	H@5 0.436784	H@10 0.516995
INFO:meta-cli.py:Epoch 96/100	test results	MRR 0.336618	H@1 0.247581	H@3 0.370883	H@5 0.430372	H@10 0.513070
INFO:meta-cli.py:Epoch 97/100	Loss 5.5212 ± 0.1002
INFO:meta-cli.py:Epoch 98/100	Loss 5.5207 ± 0.0901
INFO:meta-cli.py:Epoch 99/100	Loss 5.5199 ± 0.0995
INFO:meta-cli.py:Epoch 99/100	dev results	MRR 0.342960	H@1 0.255118	H@3 0.376048	H@5 0.435472	H@10 0.516966
INFO:meta-cli.py:Epoch 99/100	test results	MRR 0.336316	H@1 0.247166	H@3 0.369955	H@5 0.431227	H@10 0.513168
INFO:meta-cli.py:Epoch 100/100	Loss 5.5188 ± 0.0981
INFO:meta-cli.py:Final 	dev results	MRR 0.343058	H@1 0.254833	H@3 0.377103	H@5 0.436755	H@10 0.516054
INFO:meta-cli.py:Final 	test results	MRR 0.336277	H@1 0.247166	H@3 0.369906	H@5 0.430323	H@10 0.512948
INFO:meta-cli.py:Training finished
