./bin/meta-cli.py --train data/fb15k-237/train.tsv --dev data/fb15k-237/dev.tsv --test data/fb15k-237/test.tsv -m complex -k 4000 -b 1000 -e 100 --F2 0 --N3 0.005 -l 0.1 -I reciprocal -V 3 -o adagrad -q
{'F2': 0.0,
 'N3': 0.005,
 'batch_size': 1000,
 'dev': 'data/fb15k-237/dev.tsv',
 'embedding_size': 4000,
 'epochs': 100,
 'eval_batch_size': None,
 'input_type': 'reciprocal',
 'learning_rate': 0.1,
 'load': None,
 'model': 'complex',
 'optimizer': 'adagrad',
 'quiet': True,
 'save': None,
 'seed': 0,
 'test': 'data/fb15k-237/test.tsv',
 'test_i': None,
 'test_ii': None,
 'train': 'data/fb15k-237/train.tsv',
 'validate_every': 3}
INFO:meta-cli.py:Device: cuda
INFO:meta-cli.py:Model state:
INFO:meta-cli.py:	entities.weight	torch.Size([14541, 8000])
INFO:meta-cli.py:	predicates.weight	torch.Size([474, 8000])
INFO:meta-cli.py:Epoch 1/100	Loss 10.9665 ± 2.5402
INFO:meta-cli.py:Epoch 2/100	Loss 7.5740 ± 0.1032
INFO:meta-cli.py:Epoch 3/100	Loss 7.0619 ± 0.1451
INFO:meta-cli.py:Epoch 3/100	dev results	MRR 0.335904	H@1 0.246222	H@3 0.368691	H@5 0.431052	H@10 0.516823
INFO:meta-cli.py:Epoch 3/100	test results	MRR 0.330919	H@1 0.240961	H@3 0.363310	H@5 0.427294	H@10 0.512191
INFO:meta-cli.py:Epoch 4/100	Loss 6.8227 ± 0.1556
INFO:meta-cli.py:Epoch 5/100	Loss 6.6749 ± 0.1634
INFO:meta-cli.py:Epoch 6/100	Loss 6.5707 ± 0.1681
INFO:meta-cli.py:Epoch 6/100	dev results	MRR 0.345975	H@1 0.254605	H@3 0.379299	H@5 0.442629	H@10 0.529569
INFO:meta-cli.py:Epoch 6/100	test results	MRR 0.339000	H@1 0.246140	H@3 0.374279	H@5 0.439216	H@10 0.524944
INFO:meta-cli.py:Epoch 7/100	Loss 6.4942 ± 0.1682
INFO:meta-cli.py:Epoch 8/100	Loss 6.4326 ± 0.1706
INFO:meta-cli.py:Epoch 9/100	Loss 6.3836 ± 0.1678
INFO:meta-cli.py:Epoch 9/100	dev results	MRR 0.349645	H@1 0.256630	H@3 0.383348	H@5 0.450014	H@10 0.534303
INFO:meta-cli.py:Epoch 9/100	test results	MRR 0.343071	H@1 0.250391	H@3 0.378139	H@5 0.443174	H@10 0.529806
INFO:meta-cli.py:Epoch 10/100	Loss 6.3424 ± 0.1642
INFO:meta-cli.py:Epoch 11/100	Loss 6.3066 ± 0.1570
INFO:meta-cli.py:Epoch 12/100	Loss 6.2768 ± 0.1582
INFO:meta-cli.py:Epoch 12/100	dev results	MRR 0.353503	H@1 0.261848	H@3 0.387824	H@5 0.451326	H@10 0.536555
INFO:meta-cli.py:Epoch 12/100	test results	MRR 0.345847	H@1 0.252125	H@3 0.382366	H@5 0.446350	H@10 0.530221
INFO:meta-cli.py:Epoch 13/100	Loss 6.2508 ± 0.1608
INFO:meta-cli.py:Epoch 14/100	Loss 6.2270 ± 0.1564
INFO:meta-cli.py:Epoch 15/100	Loss 6.2057 ± 0.1460
INFO:meta-cli.py:Epoch 15/100	dev results	MRR 0.354046	H@1 0.262047	H@3 0.388708	H@5 0.453151	H@10 0.536955
INFO:meta-cli.py:Epoch 15/100	test results	MRR 0.347201	H@1 0.254178	H@3 0.381902	H@5 0.448818	H@10 0.532297
INFO:meta-cli.py:Epoch 16/100	Loss 6.1873 ± 0.1500
INFO:meta-cli.py:Epoch 17/100	Loss 6.1703 ± 0.1490
INFO:meta-cli.py:Epoch 18/100	Loss 6.1540 ± 0.1436
INFO:meta-cli.py:Epoch 18/100	dev results	MRR 0.355733	H@1 0.264357	H@3 0.387739	H@5 0.454520	H@10 0.540833
INFO:meta-cli.py:Epoch 18/100	test results	MRR 0.347884	H@1 0.254837	H@3 0.383245	H@5 0.448402	H@10 0.534325
INFO:meta-cli.py:Epoch 19/100	Loss 6.1402 ± 0.1445
INFO:meta-cli.py:Epoch 20/100	Loss 6.1261 ± 0.1407
INFO:meta-cli.py:Epoch 21/100	Loss 6.1145 ± 0.1384
INFO:meta-cli.py:Epoch 21/100	dev results	MRR 0.355278	H@1 0.263102	H@3 0.391046	H@5 0.454149	H@10 0.541431
INFO:meta-cli.py:Epoch 21/100	test results	MRR 0.349307	H@1 0.255766	H@3 0.386250	H@5 0.449819	H@10 0.534203
INFO:meta-cli.py:Epoch 22/100	Loss 6.1020 ± 0.1432
INFO:meta-cli.py:Epoch 23/100	Loss 6.0924 ± 0.1409
INFO:meta-cli.py:Epoch 24/100	Loss 6.0820 ± 0.1404
INFO:meta-cli.py:Epoch 24/100	dev results	MRR 0.354506	H@1 0.261420	H@3 0.389478	H@5 0.454976	H@10 0.540861
INFO:meta-cli.py:Epoch 24/100	test results	MRR 0.349544	H@1 0.256718	H@3 0.384614	H@5 0.450870	H@10 0.534643
INFO:meta-cli.py:Epoch 25/100	Loss 6.0731 ± 0.1390
INFO:meta-cli.py:Epoch 26/100	Loss 6.0640 ± 0.1369
INFO:meta-cli.py:Epoch 27/100	Loss 6.0553 ± 0.1397
INFO:meta-cli.py:Epoch 27/100	dev results	MRR 0.355754	H@1 0.262703	H@3 0.390733	H@5 0.455632	H@10 0.542458
INFO:meta-cli.py:Epoch 27/100	test results	MRR 0.349589	H@1 0.255326	H@3 0.386079	H@5 0.451407	H@10 0.535547
INFO:meta-cli.py:Epoch 28/100	Loss 6.0480 ± 0.1384
INFO:meta-cli.py:Epoch 29/100	Loss 6.0405 ± 0.1360
INFO:meta-cli.py:Epoch 30/100	Loss 6.0331 ± 0.1346
INFO:meta-cli.py:Epoch 30/100	dev results	MRR 0.356242	H@1 0.263986	H@3 0.390619	H@5 0.455632	H@10 0.541745
INFO:meta-cli.py:Epoch 30/100	test results	MRR 0.349442	H@1 0.256230	H@3 0.385762	H@5 0.450552	H@10 0.535791
INFO:meta-cli.py:Epoch 31/100	Loss 6.0264 ± 0.1334
INFO:meta-cli.py:Epoch 32/100	Loss 6.0203 ± 0.1377
INFO:meta-cli.py:Epoch 33/100	Loss 6.0140 ± 0.1326
INFO:meta-cli.py:Epoch 33/100	dev results	MRR 0.356137	H@1 0.263131	H@3 0.390163	H@5 0.455974	H@10 0.543142
INFO:meta-cli.py:Epoch 33/100	test results	MRR 0.350101	H@1 0.256474	H@3 0.386690	H@5 0.450625	H@10 0.535351
INFO:meta-cli.py:Epoch 34/100	Loss 6.0082 ± 0.1306
INFO:meta-cli.py:Epoch 35/100	Loss 6.0032 ± 0.1313
INFO:meta-cli.py:Epoch 36/100	Loss 5.9973 ± 0.1322
INFO:meta-cli.py:Epoch 36/100	dev results	MRR 0.357194	H@1 0.264870	H@3 0.392643	H@5 0.456316	H@10 0.541460
INFO:meta-cli.py:Epoch 36/100	test results	MRR 0.351134	H@1 0.258526	H@3 0.386446	H@5 0.451578	H@10 0.535425
INFO:meta-cli.py:Epoch 37/100	Loss 5.9924 ± 0.1291
INFO:meta-cli.py:Epoch 38/100	Loss 5.9878 ± 0.1292
INFO:meta-cli.py:Epoch 39/100	Loss 5.9824 ± 0.1245
INFO:meta-cli.py:Epoch 39/100	dev results	MRR 0.356983	H@1 0.264927	H@3 0.390875	H@5 0.455917	H@10 0.543171
INFO:meta-cli.py:Epoch 39/100	test results	MRR 0.350228	H@1 0.257207	H@3 0.385444	H@5 0.451676	H@10 0.536793
INFO:meta-cli.py:Epoch 40/100	Loss 5.9783 ± 0.1247
INFO:meta-cli.py:Epoch 41/100	Loss 5.9735 ± 0.1251
INFO:meta-cli.py:Epoch 42/100	Loss 5.9689 ± 0.1242
INFO:meta-cli.py:Epoch 42/100	dev results	MRR 0.358582	H@1 0.266980	H@3 0.392729	H@5 0.456259	H@10 0.543541
INFO:meta-cli.py:Epoch 42/100	test results	MRR 0.351173	H@1 0.258282	H@3 0.387032	H@5 0.451847	H@10 0.536548
INFO:meta-cli.py:Epoch 43/100	Loss 5.9659 ± 0.1293
INFO:meta-cli.py:Epoch 44/100	Loss 5.9616 ± 0.1275
INFO:meta-cli.py:Epoch 45/100	Loss 5.9576 ± 0.1228
INFO:meta-cli.py:Epoch 45/100	dev results	MRR 0.356542	H@1 0.264443	H@3 0.390476	H@5 0.456059	H@10 0.544454
INFO:meta-cli.py:Epoch 45/100	test results	MRR 0.350335	H@1 0.257451	H@3 0.386324	H@5 0.451603	H@10 0.536060
INFO:meta-cli.py:Epoch 46/100	Loss 5.9540 ± 0.1202
INFO:meta-cli.py:Epoch 47/100	Loss 5.9503 ± 0.1188
INFO:meta-cli.py:Epoch 48/100	Loss 5.9467 ± 0.1244
INFO:meta-cli.py:Epoch 48/100	dev results	MRR 0.357219	H@1 0.265127	H@3 0.391845	H@5 0.455489	H@10 0.543827
INFO:meta-cli.py:Epoch 48/100	test results	MRR 0.350483	H@1 0.257378	H@3 0.385713	H@5 0.451481	H@10 0.535718
INFO:meta-cli.py:Epoch 49/100	Loss 5.9437 ± 0.1219
INFO:meta-cli.py:Epoch 50/100	Loss 5.9405 ± 0.1218
INFO:meta-cli.py:Epoch 51/100	Loss 5.9374 ± 0.1177
INFO:meta-cli.py:Epoch 51/100	dev results	MRR 0.357321	H@1 0.264414	H@3 0.392843	H@5 0.456116	H@10 0.544283
INFO:meta-cli.py:Epoch 51/100	test results	MRR 0.350541	H@1 0.257647	H@3 0.386104	H@5 0.452067	H@10 0.536842
INFO:meta-cli.py:Epoch 52/100	Loss 5.9341 ± 0.1163
INFO:meta-cli.py:Epoch 53/100	Loss 5.9310 ± 0.1181
INFO:meta-cli.py:Epoch 54/100	Loss 5.9278 ± 0.1189
INFO:meta-cli.py:Epoch 54/100	dev results	MRR 0.357946	H@1 0.266153	H@3 0.391645	H@5 0.457228	H@10 0.543399
INFO:meta-cli.py:Epoch 54/100	test results	MRR 0.350460	H@1 0.256816	H@3 0.386641	H@5 0.451627	H@10 0.535913
INFO:meta-cli.py:Epoch 55/100	Loss 5.9253 ± 0.1208
INFO:meta-cli.py:Epoch 56/100	Loss 5.9223 ± 0.1188
INFO:meta-cli.py:Epoch 57/100	Loss 5.9203 ± 0.1202
INFO:meta-cli.py:Epoch 57/100	dev results	MRR 0.357442	H@1 0.264842	H@3 0.392501	H@5 0.456630	H@10 0.543599
INFO:meta-cli.py:Epoch 57/100	test results	MRR 0.350127	H@1 0.256279	H@3 0.387228	H@5 0.451969	H@10 0.536500
INFO:meta-cli.py:Epoch 58/100	Loss 5.9169 ± 0.1181
INFO:meta-cli.py:Epoch 59/100	Loss 5.9147 ± 0.1160
INFO:meta-cli.py:Epoch 60/100	Loss 5.9120 ± 0.1144
INFO:meta-cli.py:Epoch 60/100	dev results	MRR 0.357704	H@1 0.264842	H@3 0.393100	H@5 0.457228	H@10 0.543171
INFO:meta-cli.py:Epoch 60/100	test results	MRR 0.351238	H@1 0.258306	H@3 0.386739	H@5 0.451065	H@10 0.536915
INFO:meta-cli.py:Epoch 61/100	Loss 5.9099 ± 0.1191
INFO:meta-cli.py:Epoch 62/100	Loss 5.9073 ± 0.1171
INFO:meta-cli.py:Epoch 63/100	Loss 5.9053 ± 0.1152
INFO:meta-cli.py:Epoch 63/100	dev results	MRR 0.357896	H@1 0.266125	H@3 0.391531	H@5 0.456886	H@10 0.543798
INFO:meta-cli.py:Epoch 63/100	test results	MRR 0.351263	H@1 0.257745	H@3 0.387741	H@5 0.451798	H@10 0.537086
INFO:meta-cli.py:Epoch 64/100	Loss 5.9030 ± 0.1115
INFO:meta-cli.py:Epoch 65/100	Loss 5.9006 ± 0.1141
INFO:meta-cli.py:Epoch 66/100	Loss 5.8981 ± 0.1072
INFO:meta-cli.py:Epoch 66/100	dev results	MRR 0.357895	H@1 0.265298	H@3 0.393242	H@5 0.456687	H@10 0.543627
INFO:meta-cli.py:Epoch 66/100	test results	MRR 0.351163	H@1 0.257378	H@3 0.387667	H@5 0.451920	H@10 0.537061
INFO:meta-cli.py:Epoch 67/100	Loss 5.8964 ± 0.1141
INFO:meta-cli.py:Epoch 68/100	Loss 5.8946 ± 0.1154
INFO:meta-cli.py:Epoch 69/100	Loss 5.8925 ± 0.1121
INFO:meta-cli.py:Epoch 69/100	dev results	MRR 0.358215	H@1 0.265697	H@3 0.392871	H@5 0.456316	H@10 0.543427
INFO:meta-cli.py:Epoch 69/100	test results	MRR 0.350987	H@1 0.257256	H@3 0.387741	H@5 0.452531	H@10 0.537257
INFO:meta-cli.py:Epoch 70/100	Loss 5.8903 ± 0.1141
INFO:meta-cli.py:Epoch 71/100	Loss 5.8890 ± 0.1165
INFO:meta-cli.py:Epoch 72/100	Loss 5.8863 ± 0.1118
INFO:meta-cli.py:Epoch 72/100	dev results	MRR 0.357515	H@1 0.264756	H@3 0.393926	H@5 0.456801	H@10 0.542886
INFO:meta-cli.py:Epoch 72/100	test results	MRR 0.350622	H@1 0.257134	H@3 0.387228	H@5 0.450601	H@10 0.535815
INFO:meta-cli.py:Epoch 73/100	Loss 5.8846 ± 0.1098
INFO:meta-cli.py:Epoch 74/100	Loss 5.8826 ± 0.1154
INFO:meta-cli.py:Epoch 75/100	Loss 5.8813 ± 0.1101
INFO:meta-cli.py:Epoch 75/100	dev results	MRR 0.358145	H@1 0.265526	H@3 0.393185	H@5 0.457342	H@10 0.544539
INFO:meta-cli.py:Epoch 75/100	test results	MRR 0.351106	H@1 0.257427	H@3 0.387276	H@5 0.452726	H@10 0.537281
INFO:meta-cli.py:Epoch 76/100	Loss 5.8797 ± 0.1111
INFO:meta-cli.py:Epoch 77/100	Loss 5.8776 ± 0.1077
INFO:meta-cli.py:Epoch 78/100	Loss 5.8762 ± 0.1117
INFO:meta-cli.py:Epoch 78/100	dev results	MRR 0.357445	H@1 0.264414	H@3 0.392501	H@5 0.457342	H@10 0.543114
INFO:meta-cli.py:Epoch 78/100	test results	MRR 0.350950	H@1 0.257720	H@3 0.386470	H@5 0.452409	H@10 0.536866
INFO:meta-cli.py:Epoch 79/100	Loss 5.8742 ± 0.1084
INFO:meta-cli.py:Epoch 80/100	Loss 5.8727 ± 0.1080
INFO:meta-cli.py:Epoch 81/100	Loss 5.8713 ± 0.1146
INFO:meta-cli.py:Epoch 81/100	dev results	MRR 0.359148	H@1 0.267066	H@3 0.393727	H@5 0.457457	H@10 0.544055
INFO:meta-cli.py:Epoch 81/100	test results	MRR 0.351276	H@1 0.258160	H@3 0.387447	H@5 0.452824	H@10 0.536231
INFO:meta-cli.py:Epoch 82/100	Loss 5.8698 ± 0.1137
INFO:meta-cli.py:Epoch 83/100	Loss 5.8683 ± 0.1075
INFO:meta-cli.py:Epoch 84/100	Loss 5.8666 ± 0.1047
INFO:meta-cli.py:Epoch 84/100	dev results	MRR 0.357801	H@1 0.265155	H@3 0.393898	H@5 0.456344	H@10 0.542601
INFO:meta-cli.py:Epoch 84/100	test results	MRR 0.351181	H@1 0.257818	H@3 0.387521	H@5 0.452653	H@10 0.536719
INFO:meta-cli.py:Epoch 85/100	Loss 5.8651 ± 0.1052
INFO:meta-cli.py:Epoch 86/100	Loss 5.8641 ± 0.1058
INFO:meta-cli.py:Epoch 87/100	Loss 5.8620 ± 0.1064
INFO:meta-cli.py:Epoch 87/100	dev results	MRR 0.358662	H@1 0.266553	H@3 0.393214	H@5 0.457884	H@10 0.544112
INFO:meta-cli.py:Epoch 87/100	test results	MRR 0.351844	H@1 0.258697	H@3 0.386910	H@5 0.453191	H@10 0.536988
INFO:meta-cli.py:Epoch 88/100	Loss 5.8611 ± 0.1076
INFO:meta-cli.py:Epoch 89/100	Loss 5.8593 ± 0.1068
INFO:meta-cli.py:Epoch 90/100	Loss 5.8583 ± 0.1101
INFO:meta-cli.py:Epoch 90/100	dev results	MRR 0.358277	H@1 0.265412	H@3 0.394212	H@5 0.457285	H@10 0.543256
INFO:meta-cli.py:Epoch 90/100	test results	MRR 0.351263	H@1 0.257842	H@3 0.387716	H@5 0.452555	H@10 0.536329
INFO:meta-cli.py:Epoch 91/100	Loss 5.8571 ± 0.1043
INFO:meta-cli.py:Epoch 92/100	Loss 5.8552 ± 0.1070
INFO:meta-cli.py:Epoch 93/100	Loss 5.8538 ± 0.1011
INFO:meta-cli.py:Epoch 93/100	dev results	MRR 0.358392	H@1 0.265498	H@3 0.394582	H@5 0.457998	H@10 0.543998
INFO:meta-cli.py:Epoch 93/100	test results	MRR 0.351645	H@1 0.258795	H@3 0.386495	H@5 0.452091	H@10 0.536573
INFO:meta-cli.py:Epoch 94/100	Loss 5.8532 ± 0.1073
INFO:meta-cli.py:Epoch 95/100	Loss 5.8516 ± 0.1061
INFO:meta-cli.py:Epoch 96/100	Loss 5.8503 ± 0.1039
INFO:meta-cli.py:Epoch 96/100	dev results	MRR 0.358609	H@1 0.266096	H@3 0.393584	H@5 0.457399	H@10 0.543627
INFO:meta-cli.py:Epoch 96/100	test results	MRR 0.351556	H@1 0.258844	H@3 0.386250	H@5 0.452213	H@10 0.536280
INFO:meta-cli.py:Epoch 97/100	Loss 5.8489 ± 0.1089
INFO:meta-cli.py:Epoch 98/100	Loss 5.8481 ± 0.0987
INFO:meta-cli.py:Epoch 99/100	Loss 5.8469 ± 0.1078
INFO:meta-cli.py:Epoch 99/100	dev results	MRR 0.358573	H@1 0.266324	H@3 0.392586	H@5 0.457457	H@10 0.543684
INFO:meta-cli.py:Epoch 99/100	test results	MRR 0.351782	H@1 0.259259	H@3 0.386030	H@5 0.452311	H@10 0.536402
INFO:meta-cli.py:Epoch 100/100	Loss 5.8454 ± 0.1066
INFO:meta-cli.py:Final 	dev results	MRR 0.358763	H@1 0.266382	H@3 0.392643	H@5 0.457884	H@10 0.544853
INFO:meta-cli.py:Final 	test results	MRR 0.351762	H@1 0.258697	H@3 0.388132	H@5 0.452897	H@10 0.537648
INFO:meta-cli.py:Training finished
