./bin/meta-cli.py --train data/fb15k-237/train.tsv --dev data/fb15k-237/dev.tsv --test data/fb15k-237/test.tsv -m complex -k 500 -b 100 -e 100 --F2 0 --N3 0.5 -l 0.1 -I reciprocal -V 3 -o adagrad -q
{'F2': 0.0,
 'N3': 0.5,
 'batch_size': 100,
 'dev': 'data/fb15k-237/dev.tsv',
 'embedding_size': 500,
 'epochs': 100,
 'eval_batch_size': None,
 'input_type': 'reciprocal',
 'learning_rate': 0.1,
 'load': None,
 'model': 'complex',
 'optimizer': 'adagrad',
 'quiet': True,
 'save': None,
 'seed': 0,
 'test': 'data/fb15k-237/test.tsv',
 'test_i': None,
 'test_ii': None,
 'train': 'data/fb15k-237/train.tsv',
 'validate_every': 3}
INFO:meta-cli.py:Device: cuda
INFO:meta-cli.py:Model state:
INFO:meta-cli.py:	entities.weight	torch.Size([14541, 1000])
INFO:meta-cli.py:	predicates.weight	torch.Size([474, 1000])
INFO:meta-cli.py:Epoch 1/100	Loss 32.3610 ± 7.2583
INFO:meta-cli.py:Epoch 2/100	Loss 23.3529 ± 2.1798
INFO:meta-cli.py:Epoch 3/100	Loss 21.6192 ± 1.6729
INFO:meta-cli.py:Epoch 3/100	dev results	MRR 0.173777	H@1 0.111235	H@3 0.186256	H@5 0.234759	H@10 0.309638
INFO:meta-cli.py:Epoch 3/100	test results	MRR 0.173973	H@1 0.112846	H@3 0.184501	H@5 0.232996	H@10 0.307266
INFO:meta-cli.py:Epoch 4/100	Loss 20.8304 ± 1.4707
INFO:meta-cli.py:Epoch 5/100	Loss 20.3730 ± 1.2773
INFO:meta-cli.py:Epoch 6/100	Loss 20.0754 ± 1.1720
INFO:meta-cli.py:Epoch 6/100	dev results	MRR 0.174958	H@1 0.110607	H@3 0.189535	H@5 0.234046	H@10 0.305218
INFO:meta-cli.py:Epoch 6/100	test results	MRR 0.174372	H@1 0.110940	H@3 0.188166	H@5 0.231799	H@10 0.302697
INFO:meta-cli.py:Epoch 7/100	Loss 19.8654 ± 1.0591
INFO:meta-cli.py:Epoch 8/100	Loss 19.7094 ± 0.9897
INFO:meta-cli.py:Epoch 9/100	Loss 19.5890 ± 0.9180
INFO:meta-cli.py:Epoch 9/100	dev results	MRR 0.173729	H@1 0.112546	H@3 0.186513	H@5 0.228115	H@10 0.294383
INFO:meta-cli.py:Epoch 9/100	test results	MRR 0.172253	H@1 0.111331	H@3 0.184794	H@5 0.226302	H@10 0.290237
INFO:meta-cli.py:Epoch 10/100	Loss 19.4926 ± 0.8812
INFO:meta-cli.py:Epoch 11/100	Loss 19.4142 ± 0.8257
INFO:meta-cli.py:Epoch 12/100	Loss 19.3491 ± 0.7793
INFO:meta-cli.py:Epoch 12/100	dev results	MRR 0.167830	H@1 0.103336	H@3 0.186484	H@5 0.228115	H@10 0.289621
INFO:meta-cli.py:Epoch 12/100	test results	MRR 0.166033	H@1 0.101998	H@3 0.183304	H@5 0.226742	H@10 0.288772
INFO:meta-cli.py:Epoch 13/100	Loss 19.2945 ± 0.7367
INFO:meta-cli.py:Epoch 14/100	Loss 19.2468 ± 0.7180
INFO:meta-cli.py:Epoch 15/100	Loss 19.2059 ± 0.6866
INFO:meta-cli.py:Epoch 15/100	dev results	MRR 0.164159	H@1 0.099943	H@3 0.179983	H@5 0.221899	H@10 0.285001
INFO:meta-cli.py:Epoch 15/100	test results	MRR 0.163551	H@1 0.099189	H@3 0.180519	H@5 0.220121	H@10 0.283543
INFO:meta-cli.py:Epoch 16/100	Loss 19.1701 ± 0.6564
INFO:meta-cli.py:Epoch 17/100	Loss 19.1385 ± 0.6413
INFO:meta-cli.py:Epoch 18/100	Loss 19.1104 ± 0.6025
INFO:meta-cli.py:Epoch 18/100	dev results	MRR 0.161046	H@1 0.096065	H@3 0.177958	H@5 0.220530	H@10 0.285030
INFO:meta-cli.py:Epoch 18/100	test results	MRR 0.159488	H@1 0.095378	H@3 0.174998	H@5 0.217189	H@10 0.282591
INFO:meta-cli.py:Epoch 19/100	Loss 19.0851 ± 0.5869
INFO:meta-cli.py:Epoch 20/100	Loss 19.0634 ± 0.5765
INFO:meta-cli.py:Epoch 21/100	Loss 19.0418 ± 0.5503
INFO:meta-cli.py:Epoch 21/100	dev results	MRR 0.157966	H@1 0.092700	H@3 0.177958	H@5 0.217593	H@10 0.280496
INFO:meta-cli.py:Epoch 21/100	test results	MRR 0.156395	H@1 0.092080	H@3 0.174460	H@5 0.214478	H@10 0.278779
INFO:meta-cli.py:Epoch 22/100	Loss 19.0231 ± 0.5290
INFO:meta-cli.py:Epoch 23/100	Loss 19.0062 ± 0.5191
INFO:meta-cli.py:Epoch 24/100	Loss 18.9903 ± 0.4995
INFO:meta-cli.py:Epoch 24/100	dev results	MRR 0.157895	H@1 0.092928	H@3 0.176333	H@5 0.217821	H@10 0.279242
INFO:meta-cli.py:Epoch 24/100	test results	MRR 0.155928	H@1 0.091493	H@3 0.172530	H@5 0.213891	H@10 0.277411
INFO:meta-cli.py:Epoch 25/100	Loss 18.9758 ± 0.4885
INFO:meta-cli.py:Epoch 26/100	Loss 18.9625 ± 0.4812
INFO:meta-cli.py:Epoch 27/100	Loss 18.9501 ± 0.4633
INFO:meta-cli.py:Epoch 27/100	dev results	MRR 0.157525	H@1 0.094611	H@3 0.173681	H@5 0.214001	H@10 0.278500
INFO:meta-cli.py:Epoch 27/100	test results	MRR 0.155720	H@1 0.092910	H@3 0.169867	H@5 0.214331	H@10 0.276849
INFO:meta-cli.py:Epoch 28/100	Loss 18.9387 ± 0.4503
INFO:meta-cli.py:Epoch 29/100	Loss 18.9286 ± 0.4437
INFO:meta-cli.py:Epoch 30/100	Loss 18.9180 ± 0.4326
INFO:meta-cli.py:Epoch 30/100	dev results	MRR 0.154005	H@1 0.089535	H@3 0.168349	H@5 0.215683	H@10 0.279184
INFO:meta-cli.py:Epoch 30/100	test results	MRR 0.153212	H@1 0.090052	H@3 0.166569	H@5 0.212352	H@10 0.277924
INFO:meta-cli.py:Epoch 31/100	Loss 18.9092 ± 0.4191
INFO:meta-cli.py:Epoch 32/100	Loss 18.9000 ± 0.4111
INFO:meta-cli.py:Epoch 33/100	Loss 18.8919 ± 0.4056
INFO:meta-cli.py:Epoch 33/100	dev results	MRR 0.154186	H@1 0.091873	H@3 0.165469	H@5 0.213744	H@10 0.277074
INFO:meta-cli.py:Epoch 33/100	test results	MRR 0.153031	H@1 0.091347	H@3 0.162562	H@5 0.211082	H@10 0.275237
INFO:meta-cli.py:Epoch 34/100	Loss 18.8841 ± 0.3941
INFO:meta-cli.py:Epoch 35/100	Loss 18.8768 ± 0.3773
INFO:meta-cli.py:Epoch 36/100	Loss 18.8699 ± 0.3722
INFO:meta-cli.py:Epoch 36/100	dev results	MRR 0.153912	H@1 0.091645	H@3 0.164899	H@5 0.212860	H@10 0.276590
INFO:meta-cli.py:Epoch 36/100	test results	MRR 0.152551	H@1 0.090711	H@3 0.162098	H@5 0.209616	H@10 0.274089
INFO:meta-cli.py:Epoch 37/100	Loss 18.8633 ± 0.3630
INFO:meta-cli.py:Epoch 38/100	Loss 18.8571 ± 0.3550
INFO:meta-cli.py:Epoch 39/100	Loss 18.8513 ± 0.3509
INFO:meta-cli.py:Epoch 39/100	dev results	MRR 0.151942	H@1 0.089849	H@3 0.162019	H@5 0.210522	H@10 0.275021
INFO:meta-cli.py:Epoch 39/100	test results	MRR 0.151282	H@1 0.089661	H@3 0.160046	H@5 0.208590	H@10 0.274040
INFO:meta-cli.py:Epoch 40/100	Loss 18.8457 ± 0.3383
INFO:meta-cli.py:Epoch 41/100	Loss 18.8404 ± 0.3395
INFO:meta-cli.py:Epoch 42/100	Loss 18.8353 ± 0.3303
INFO:meta-cli.py:Epoch 42/100	dev results	MRR 0.151482	H@1 0.089649	H@3 0.160051	H@5 0.209666	H@10 0.274708
INFO:meta-cli.py:Epoch 42/100	test results	MRR 0.150137	H@1 0.089075	H@3 0.158336	H@5 0.206953	H@10 0.272745
INFO:meta-cli.py:Epoch 43/100	Loss 18.8305 ± 0.3260
INFO:meta-cli.py:Epoch 44/100	Loss 18.8260 ± 0.3247
INFO:meta-cli.py:Epoch 45/100	Loss 18.8216 ± 0.3218
INFO:meta-cli.py:Epoch 45/100	dev results	MRR 0.151826	H@1 0.090761	H@3 0.159395	H@5 0.210636	H@10 0.273282
INFO:meta-cli.py:Epoch 45/100	test results	MRR 0.150786	H@1 0.090076	H@3 0.158458	H@5 0.208052	H@10 0.271401
INFO:meta-cli.py:Epoch 46/100	Loss 18.8174 ± 0.3086
INFO:meta-cli.py:Epoch 47/100	Loss 18.8134 ± 0.3046
INFO:meta-cli.py:Epoch 48/100	Loss 18.8096 ± 0.2951
INFO:meta-cli.py:Epoch 48/100	dev results	MRR 0.150391	H@1 0.087995	H@3 0.160479	H@5 0.210693	H@10 0.273539
INFO:meta-cli.py:Epoch 48/100	test results	MRR 0.150771	H@1 0.090345	H@3 0.158776	H@5 0.208126	H@10 0.271475
INFO:meta-cli.py:Epoch 49/100	Loss 18.8059 ± 0.2943
INFO:meta-cli.py:Epoch 50/100	Loss 18.8025 ± 0.2852
INFO:meta-cli.py:Epoch 51/100	Loss 18.7991 ± 0.2807
INFO:meta-cli.py:Epoch 51/100	dev results	MRR 0.151682	H@1 0.090048	H@3 0.163131	H@5 0.210208	H@10 0.271856
INFO:meta-cli.py:Epoch 51/100	test results	MRR 0.150890	H@1 0.090394	H@3 0.160486	H@5 0.207588	H@10 0.270937
INFO:meta-cli.py:Epoch 52/100	Loss 18.7958 ± 0.2780
INFO:meta-cli.py:Epoch 53/100	Loss 18.7927 ± 0.2731
INFO:meta-cli.py:Epoch 54/100	Loss 18.7897 ± 0.2694
INFO:meta-cli.py:Epoch 54/100	dev results	MRR 0.150821	H@1 0.090020	H@3 0.158483	H@5 0.208013	H@10 0.270716
INFO:meta-cli.py:Epoch 54/100	test results	MRR 0.149391	H@1 0.090174	H@3 0.153841	H@5 0.203044	H@10 0.269593
INFO:meta-cli.py:Epoch 55/100	Loss 18.7868 ± 0.2658
INFO:meta-cli.py:Epoch 56/100	Loss 18.7841 ± 0.2622
INFO:meta-cli.py:Epoch 57/100	Loss 18.7814 ± 0.2598
INFO:meta-cli.py:Epoch 57/100	dev results	MRR 0.151275	H@1 0.090476	H@3 0.160935	H@5 0.207585	H@10 0.270345
INFO:meta-cli.py:Epoch 57/100	test results	MRR 0.150313	H@1 0.090394	H@3 0.159289	H@5 0.205170	H@10 0.270424
INFO:meta-cli.py:Epoch 58/100	Loss 18.7788 ± 0.2518
INFO:meta-cli.py:Epoch 59/100	Loss 18.7764 ± 0.2475
INFO:meta-cli.py:Epoch 60/100	Loss 18.7739 ± 0.2498
INFO:meta-cli.py:Epoch 60/100	dev results	MRR 0.149715	H@1 0.088879	H@3 0.157371	H@5 0.208241	H@10 0.268834
INFO:meta-cli.py:Epoch 60/100	test results	MRR 0.148957	H@1 0.089441	H@3 0.154256	H@5 0.204388	H@10 0.267224
INFO:meta-cli.py:Epoch 61/100	Loss 18.7716 ± 0.2422
INFO:meta-cli.py:Epoch 62/100	Loss 18.7694 ± 0.2382
INFO:meta-cli.py:Epoch 63/100	Loss 18.7672 ± 0.2366
INFO:meta-cli.py:Epoch 63/100	dev results	MRR 0.150438	H@1 0.090448	H@3 0.156915	H@5 0.206701	H@10 0.268235
INFO:meta-cli.py:Epoch 63/100	test results	MRR 0.149506	H@1 0.090394	H@3 0.154598	H@5 0.203240	H@10 0.266882
INFO:meta-cli.py:Epoch 64/100	Loss 18.7654 ± 0.2375
INFO:meta-cli.py:Epoch 65/100	Loss 18.7631 ± 0.2301
INFO:meta-cli.py:Epoch 66/100	Loss 18.7611 ± 0.2257
INFO:meta-cli.py:Epoch 66/100	dev results	MRR 0.149694	H@1 0.090562	H@3 0.155717	H@5 0.204562	H@10 0.268492
INFO:meta-cli.py:Epoch 66/100	test results	MRR 0.148027	H@1 0.089197	H@3 0.151446	H@5 0.201969	H@10 0.266686
INFO:meta-cli.py:Epoch 67/100	Loss 18.7593 ± 0.2257
INFO:meta-cli.py:Epoch 68/100	Loss 18.7574 ± 0.2265
INFO:meta-cli.py:Epoch 69/100	Loss 18.7556 ± 0.2178
INFO:meta-cli.py:Epoch 69/100	dev results	MRR 0.152153	H@1 0.092273	H@3 0.160907	H@5 0.205988	H@10 0.268634
INFO:meta-cli.py:Epoch 69/100	test results	MRR 0.151132	H@1 0.092324	H@3 0.158922	H@5 0.203337	H@10 0.266246
INFO:meta-cli.py:Epoch 70/100	Loss 18.7539 ± 0.2180
INFO:meta-cli.py:Epoch 71/100	Loss 18.7523 ± 0.2186
INFO:meta-cli.py:Epoch 72/100	Loss 18.7506 ± 0.2092
INFO:meta-cli.py:Epoch 72/100	dev results	MRR 0.148685	H@1 0.088623	H@3 0.157200	H@5 0.202538	H@10 0.266980
INFO:meta-cli.py:Epoch 72/100	test results	MRR 0.148043	H@1 0.088781	H@3 0.155282	H@5 0.201261	H@10 0.265440
INFO:meta-cli.py:Epoch 73/100	Loss 18.7491 ± 0.2092
INFO:meta-cli.py:Epoch 74/100	Loss 18.7475 ± 0.2073
INFO:meta-cli.py:Epoch 75/100	Loss 18.7460 ± 0.2076
INFO:meta-cli.py:Epoch 75/100	dev results	MRR 0.149012	H@1 0.089079	H@3 0.158141	H@5 0.202452	H@10 0.266039
INFO:meta-cli.py:Epoch 75/100	test results	MRR 0.148370	H@1 0.089490	H@3 0.155502	H@5 0.200357	H@10 0.264292
INFO:meta-cli.py:Epoch 76/100	Loss 18.7446 ± 0.2025
INFO:meta-cli.py:Epoch 77/100	Loss 18.7432 ± 0.2009
INFO:meta-cli.py:Epoch 78/100	Loss 18.7419 ± 0.1981
INFO:meta-cli.py:Epoch 78/100	dev results	MRR 0.149152	H@1 0.090305	H@3 0.155689	H@5 0.200456	H@10 0.265326
INFO:meta-cli.py:Epoch 78/100	test results	MRR 0.147442	H@1 0.089319	H@3 0.152717	H@5 0.196936	H@10 0.264219
INFO:meta-cli.py:Epoch 79/100	Loss 18.7405 ± 0.1961
INFO:meta-cli.py:Epoch 80/100	Loss 18.7392 ± 0.1934
INFO:meta-cli.py:Epoch 81/100	Loss 18.7379 ± 0.1917
INFO:meta-cli.py:Epoch 81/100	dev results	MRR 0.149770	H@1 0.090106	H@3 0.158711	H@5 0.202566	H@10 0.264728
INFO:meta-cli.py:Epoch 81/100	test results	MRR 0.148261	H@1 0.089685	H@3 0.155306	H@5 0.200112	H@10 0.262997
INFO:meta-cli.py:Epoch 82/100	Loss 18.7368 ± 0.1895
INFO:meta-cli.py:Epoch 83/100	Loss 18.7355 ± 0.1905
INFO:meta-cli.py:Epoch 84/100	Loss 18.7344 ± 0.1869
INFO:meta-cli.py:Epoch 84/100	dev results	MRR 0.148734	H@1 0.090191	H@3 0.154805	H@5 0.199515	H@10 0.263701
INFO:meta-cli.py:Epoch 84/100	test results	MRR 0.147772	H@1 0.089807	H@3 0.152228	H@5 0.197987	H@10 0.261434
INFO:meta-cli.py:Epoch 85/100	Loss 18.7332 ± 0.1848
INFO:meta-cli.py:Epoch 86/100	Loss 18.7322 ± 0.1835
INFO:meta-cli.py:Epoch 87/100	Loss 18.7311 ± 0.1794
INFO:meta-cli.py:Epoch 87/100	dev results	MRR 0.148897	H@1 0.090305	H@3 0.156088	H@5 0.200428	H@10 0.262675
INFO:meta-cli.py:Epoch 87/100	test results	MRR 0.147715	H@1 0.089905	H@3 0.153865	H@5 0.197547	H@10 0.262460
INFO:meta-cli.py:Epoch 88/100	Loss 18.7300 ± 0.1763
INFO:meta-cli.py:Epoch 89/100	Loss 18.7290 ± 0.1753
INFO:meta-cli.py:Epoch 90/100	Loss 18.7281 ± 0.1756
INFO:meta-cli.py:Epoch 90/100	dev results	MRR 0.149766	H@1 0.090419	H@3 0.158654	H@5 0.201768	H@10 0.264927
INFO:meta-cli.py:Epoch 90/100	test results	MRR 0.148307	H@1 0.090174	H@3 0.154793	H@5 0.197669	H@10 0.264219
INFO:meta-cli.py:Epoch 91/100	Loss 18.7270 ± 0.1731
INFO:meta-cli.py:Epoch 92/100	Loss 18.7261 ± 0.1759
INFO:meta-cli.py:Epoch 93/100	Loss 18.7252 ± 0.1684
INFO:meta-cli.py:Epoch 93/100	dev results	MRR 0.148785	H@1 0.090904	H@3 0.152581	H@5 0.198660	H@10 0.263216
INFO:meta-cli.py:Epoch 93/100	test results	MRR 0.147932	H@1 0.091078	H@3 0.150176	H@5 0.197743	H@10 0.262606
INFO:meta-cli.py:Epoch 94/100	Loss 18.7243 ± 0.1677
INFO:meta-cli.py:Epoch 95/100	Loss 18.7234 ± 0.1670
INFO:meta-cli.py:Epoch 96/100	Loss 18.7226 ± 0.1659
INFO:meta-cli.py:Epoch 96/100	dev results	MRR 0.148528	H@1 0.089678	H@3 0.157542	H@5 0.199686	H@10 0.262418
INFO:meta-cli.py:Epoch 96/100	test results	MRR 0.148182	H@1 0.090589	H@3 0.154549	H@5 0.198109	H@10 0.260774
INFO:meta-cli.py:Epoch 97/100	Loss 18.7217 ± 0.1646
INFO:meta-cli.py:Epoch 98/100	Loss 18.7209 ± 0.1631
INFO:meta-cli.py:Epoch 99/100	Loss 18.7201 ± 0.1631
INFO:meta-cli.py:Epoch 99/100	dev results	MRR 0.149089	H@1 0.089991	H@3 0.156516	H@5 0.201226	H@10 0.263102
INFO:meta-cli.py:Epoch 99/100	test results	MRR 0.148189	H@1 0.090540	H@3 0.152277	H@5 0.198842	H@10 0.261971
INFO:meta-cli.py:Epoch 100/100	Loss 18.7193 ± 0.1609
INFO:meta-cli.py:Final 	dev results	MRR 0.146438	H@1 0.087653	H@3 0.151668	H@5 0.198232	H@10 0.262076
INFO:meta-cli.py:Final 	test results	MRR 0.145855	H@1 0.087780	H@3 0.149492	H@5 0.196179	H@10 0.260408
INFO:meta-cli.py:Training finished
