./bin/meta-cli.py --train data/fb15k-237/train.tsv --dev data/fb15k-237/dev.tsv --test data/fb15k-237/test.tsv -m complex -k 4000 -b 500 -e 100 --F2 0 --N3 0.005 -l 0.1 -I reciprocal -V 3 -o adagrad -q
{'F2': 0.0,
 'N3': 0.005,
 'batch_size': 500,
 'dev': 'data/fb15k-237/dev.tsv',
 'embedding_size': 4000,
 'epochs': 100,
 'eval_batch_size': None,
 'input_type': 'reciprocal',
 'learning_rate': 0.1,
 'load': None,
 'model': 'complex',
 'optimizer': 'adagrad',
 'quiet': True,
 'save': None,
 'seed': 0,
 'test': 'data/fb15k-237/test.tsv',
 'test_i': None,
 'test_ii': None,
 'train': 'data/fb15k-237/train.tsv',
 'validate_every': 3}
INFO:meta-cli.py:Device: cuda
INFO:meta-cli.py:Model state:
INFO:meta-cli.py:	entities.weight	torch.Size([14541, 8000])
INFO:meta-cli.py:	predicates.weight	torch.Size([474, 8000])
INFO:meta-cli.py:Epoch 1/100	Loss 10.9288 ± 2.4307
INFO:meta-cli.py:Epoch 2/100	Loss 7.5822 ± 0.1300
INFO:meta-cli.py:Epoch 3/100	Loss 7.0688 ± 0.1635
INFO:meta-cli.py:Epoch 3/100	dev results	MRR 0.337924	H@1 0.249073	H@3 0.368606	H@5 0.432478	H@10 0.518221
INFO:meta-cli.py:Epoch 3/100	test results	MRR 0.333074	H@1 0.243159	H@3 0.365802	H@5 0.428760	H@10 0.512411
INFO:meta-cli.py:Epoch 4/100	Loss 6.8288 ± 0.1731
INFO:meta-cli.py:Epoch 5/100	Loss 6.6807 ± 0.1782
INFO:meta-cli.py:Epoch 6/100	Loss 6.5758 ± 0.1836
INFO:meta-cli.py:Epoch 6/100	dev results	MRR 0.346710	H@1 0.254890	H@3 0.380211	H@5 0.444425	H@10 0.531651
INFO:meta-cli.py:Epoch 6/100	test results	MRR 0.340257	H@1 0.247606	H@3 0.374450	H@5 0.438801	H@10 0.525066
INFO:meta-cli.py:Epoch 7/100	Loss 6.4990 ± 0.1831
INFO:meta-cli.py:Epoch 8/100	Loss 6.4369 ± 0.1841
INFO:meta-cli.py:Epoch 9/100	Loss 6.3875 ± 0.1827
INFO:meta-cli.py:Epoch 9/100	dev results	MRR 0.349997	H@1 0.257799	H@3 0.383946	H@5 0.448303	H@10 0.535643
INFO:meta-cli.py:Epoch 9/100	test results	MRR 0.342640	H@1 0.248656	H@3 0.379581	H@5 0.443785	H@10 0.529952
INFO:meta-cli.py:Epoch 10/100	Loss 6.3457 ± 0.1773
INFO:meta-cli.py:Epoch 11/100	Loss 6.3101 ± 0.1722
INFO:meta-cli.py:Epoch 12/100	Loss 6.2800 ± 0.1739
INFO:meta-cli.py:Epoch 12/100	dev results	MRR 0.353168	H@1 0.260707	H@3 0.387653	H@5 0.451326	H@10 0.537867
INFO:meta-cli.py:Epoch 12/100	test results	MRR 0.346906	H@1 0.254471	H@3 0.382146	H@5 0.445446	H@10 0.532542
INFO:meta-cli.py:Epoch 13/100	Loss 6.2537 ± 0.1747
INFO:meta-cli.py:Epoch 14/100	Loss 6.2298 ± 0.1733
INFO:meta-cli.py:Epoch 15/100	Loss 6.2087 ± 0.1633
INFO:meta-cli.py:Epoch 15/100	dev results	MRR 0.354285	H@1 0.262504	H@3 0.389393	H@5 0.452238	H@10 0.538951
INFO:meta-cli.py:Epoch 15/100	test results	MRR 0.347427	H@1 0.254764	H@3 0.383197	H@5 0.447474	H@10 0.532444
INFO:meta-cli.py:Epoch 16/100	Loss 6.1897 ± 0.1667
INFO:meta-cli.py:Epoch 17/100	Loss 6.1724 ± 0.1638
INFO:meta-cli.py:Epoch 18/100	Loss 6.1563 ± 0.1570
INFO:meta-cli.py:Epoch 18/100	dev results	MRR 0.356483	H@1 0.265811	H@3 0.387910	H@5 0.454234	H@10 0.541545
INFO:meta-cli.py:Epoch 18/100	test results	MRR 0.348888	H@1 0.256865	H@3 0.382293	H@5 0.448793	H@10 0.535791
INFO:meta-cli.py:Epoch 19/100	Loss 6.1421 ± 0.1593
INFO:meta-cli.py:Epoch 20/100	Loss 6.1286 ± 0.1567
INFO:meta-cli.py:Epoch 21/100	Loss 6.1162 ± 0.1541
INFO:meta-cli.py:Epoch 21/100	dev results	MRR 0.356119	H@1 0.264671	H@3 0.389963	H@5 0.452951	H@10 0.539863
INFO:meta-cli.py:Epoch 21/100	test results	MRR 0.349861	H@1 0.257403	H@3 0.385200	H@5 0.448891	H@10 0.536695
INFO:meta-cli.py:Epoch 22/100	Loss 6.1042 ± 0.1596
INFO:meta-cli.py:Epoch 23/100	Loss 6.0939 ± 0.1558
INFO:meta-cli.py:Epoch 24/100	Loss 6.0838 ± 0.1559
INFO:meta-cli.py:Epoch 24/100	dev results	MRR 0.355776	H@1 0.264271	H@3 0.387824	H@5 0.453807	H@10 0.541973
INFO:meta-cli.py:Epoch 24/100	test results	MRR 0.349030	H@1 0.256670	H@3 0.381486	H@5 0.449428	H@10 0.535815
INFO:meta-cli.py:Epoch 25/100	Loss 6.0744 ± 0.1544
INFO:meta-cli.py:Epoch 26/100	Loss 6.0655 ± 0.1550
INFO:meta-cli.py:Epoch 27/100	Loss 6.0568 ± 0.1562
INFO:meta-cli.py:Epoch 27/100	dev results	MRR 0.357182	H@1 0.265441	H@3 0.391845	H@5 0.454976	H@10 0.542429
INFO:meta-cli.py:Epoch 27/100	test results	MRR 0.349731	H@1 0.256621	H@3 0.386055	H@5 0.450528	H@10 0.536768
INFO:meta-cli.py:Epoch 28/100	Loss 6.0492 ± 0.1538
INFO:meta-cli.py:Epoch 29/100	Loss 6.0417 ± 0.1507
INFO:meta-cli.py:Epoch 30/100	Loss 6.0344 ± 0.1509
INFO:meta-cli.py:Epoch 30/100	dev results	MRR 0.357581	H@1 0.266239	H@3 0.391702	H@5 0.455061	H@10 0.542144
INFO:meta-cli.py:Epoch 30/100	test results	MRR 0.350075	H@1 0.257085	H@3 0.385859	H@5 0.450039	H@10 0.535107
INFO:meta-cli.py:Epoch 31/100	Loss 6.0275 ± 0.1502
INFO:meta-cli.py:Epoch 32/100	Loss 6.0213 ± 0.1540
INFO:meta-cli.py:Epoch 33/100	Loss 6.0150 ± 0.1489
INFO:meta-cli.py:Epoch 33/100	dev results	MRR 0.357519	H@1 0.266382	H@3 0.390448	H@5 0.454149	H@10 0.543171
INFO:meta-cli.py:Epoch 33/100	test results	MRR 0.350559	H@1 0.257720	H@3 0.385664	H@5 0.450723	H@10 0.535840
INFO:meta-cli.py:Epoch 34/100	Loss 6.0091 ± 0.1458
INFO:meta-cli.py:Epoch 35/100	Loss 6.0039 ± 0.1480
INFO:meta-cli.py:Epoch 36/100	Loss 5.9982 ± 0.1497
INFO:meta-cli.py:Epoch 36/100	dev results	MRR 0.357584	H@1 0.266267	H@3 0.390961	H@5 0.456202	H@10 0.541488
INFO:meta-cli.py:Epoch 36/100	test results	MRR 0.350951	H@1 0.258502	H@3 0.385640	H@5 0.451847	H@10 0.536084
INFO:meta-cli.py:Epoch 37/100	Loss 5.9931 ± 0.1475
INFO:meta-cli.py:Epoch 38/100	Loss 5.9883 ± 0.1465
INFO:meta-cli.py:Epoch 39/100	Loss 5.9832 ± 0.1428
INFO:meta-cli.py:Epoch 39/100	dev results	MRR 0.357665	H@1 0.266353	H@3 0.389393	H@5 0.456858	H@10 0.541802
INFO:meta-cli.py:Epoch 39/100	test results	MRR 0.350420	H@1 0.257696	H@3 0.384638	H@5 0.451261	H@10 0.536622
INFO:meta-cli.py:Epoch 40/100	Loss 5.9787 ± 0.1424
INFO:meta-cli.py:Epoch 41/100	Loss 5.9741 ± 0.1426
INFO:meta-cli.py:Epoch 42/100	Loss 5.9697 ± 0.1432
INFO:meta-cli.py:Epoch 42/100	dev results	MRR 0.358568	H@1 0.267779	H@3 0.390733	H@5 0.455774	H@10 0.542315
INFO:meta-cli.py:Epoch 42/100	test results	MRR 0.351410	H@1 0.258673	H@3 0.387887	H@5 0.452165	H@10 0.537819
INFO:meta-cli.py:Epoch 43/100	Loss 5.9661 ± 0.1454
INFO:meta-cli.py:Epoch 44/100	Loss 5.9620 ± 0.1450
INFO:meta-cli.py:Epoch 45/100	Loss 5.9580 ± 0.1414
INFO:meta-cli.py:Epoch 45/100	dev results	MRR 0.357334	H@1 0.265269	H@3 0.391189	H@5 0.456886	H@10 0.541973
INFO:meta-cli.py:Epoch 45/100	test results	MRR 0.350898	H@1 0.258820	H@3 0.385029	H@5 0.451529	H@10 0.536084
INFO:meta-cli.py:Epoch 46/100	Loss 5.9543 ± 0.1388
INFO:meta-cli.py:Epoch 47/100	Loss 5.9506 ± 0.1368
INFO:meta-cli.py:Epoch 48/100	Loss 5.9471 ± 0.1410
INFO:meta-cli.py:Epoch 48/100	dev results	MRR 0.358119	H@1 0.266610	H@3 0.391702	H@5 0.455289	H@10 0.542686
INFO:meta-cli.py:Epoch 48/100	test results	MRR 0.351132	H@1 0.258087	H@3 0.386666	H@5 0.452165	H@10 0.537184
INFO:meta-cli.py:Epoch 49/100	Loss 5.9438 ± 0.1397
INFO:meta-cli.py:Epoch 50/100	Loss 5.9407 ± 0.1414
INFO:meta-cli.py:Epoch 51/100	Loss 5.9375 ± 0.1358
INFO:meta-cli.py:Epoch 51/100	dev results	MRR 0.358217	H@1 0.266467	H@3 0.391617	H@5 0.456829	H@10 0.543199
INFO:meta-cli.py:Epoch 51/100	test results	MRR 0.350925	H@1 0.257769	H@3 0.386324	H@5 0.451358	H@10 0.538430
INFO:meta-cli.py:Epoch 52/100	Loss 5.9343 ± 0.1359
INFO:meta-cli.py:Epoch 53/100	Loss 5.9314 ± 0.1352
INFO:meta-cli.py:Epoch 54/100	Loss 5.9282 ± 0.1382
INFO:meta-cli.py:Epoch 54/100	dev results	MRR 0.358378	H@1 0.266866	H@3 0.391132	H@5 0.455774	H@10 0.543256
INFO:meta-cli.py:Epoch 54/100	test results	MRR 0.350632	H@1 0.257598	H@3 0.385859	H@5 0.451920	H@10 0.537697
INFO:meta-cli.py:Epoch 55/100	Loss 5.9254 ± 0.1381
INFO:meta-cli.py:Epoch 56/100	Loss 5.9227 ± 0.1386
INFO:meta-cli.py:Epoch 57/100	Loss 5.9202 ± 0.1369
INFO:meta-cli.py:Epoch 57/100	dev results	MRR 0.357901	H@1 0.266724	H@3 0.390761	H@5 0.456487	H@10 0.543513
INFO:meta-cli.py:Epoch 57/100	test results	MRR 0.351855	H@1 0.259552	H@3 0.385859	H@5 0.451212	H@10 0.538063
INFO:meta-cli.py:Epoch 58/100	Loss 5.9172 ± 0.1368
INFO:meta-cli.py:Epoch 59/100	Loss 5.9148 ± 0.1352
INFO:meta-cli.py:Epoch 60/100	Loss 5.9122 ± 0.1333
INFO:meta-cli.py:Epoch 60/100	dev results	MRR 0.358172	H@1 0.266410	H@3 0.391845	H@5 0.457485	H@10 0.544625
INFO:meta-cli.py:Epoch 60/100	test results	MRR 0.351794	H@1 0.259015	H@3 0.388034	H@5 0.452555	H@10 0.537721
INFO:meta-cli.py:Epoch 61/100	Loss 5.9099 ± 0.1377
INFO:meta-cli.py:Epoch 62/100	Loss 5.9073 ± 0.1350
INFO:meta-cli.py:Epoch 63/100	Loss 5.9052 ± 0.1344
INFO:meta-cli.py:Epoch 63/100	dev results	MRR 0.358253	H@1 0.266667	H@3 0.390790	H@5 0.456202	H@10 0.544539
INFO:meta-cli.py:Epoch 63/100	test results	MRR 0.351660	H@1 0.258795	H@3 0.387154	H@5 0.451920	H@10 0.538307
INFO:meta-cli.py:Epoch 64/100	Loss 5.9030 ± 0.1311
INFO:meta-cli.py:Epoch 65/100	Loss 5.9006 ± 0.1339
INFO:meta-cli.py:Epoch 66/100	Loss 5.8983 ± 0.1273
INFO:meta-cli.py:Epoch 66/100	dev results	MRR 0.358414	H@1 0.266838	H@3 0.391959	H@5 0.456772	H@10 0.543855
INFO:meta-cli.py:Epoch 66/100	test results	MRR 0.351583	H@1 0.258575	H@3 0.386959	H@5 0.452213	H@10 0.538405
INFO:meta-cli.py:Epoch 67/100	Loss 5.8964 ± 0.1346
INFO:meta-cli.py:Epoch 68/100	Loss 5.8945 ± 0.1358
INFO:meta-cli.py:Epoch 69/100	Loss 5.8923 ± 0.1335
INFO:meta-cli.py:Epoch 69/100	dev results	MRR 0.359336	H@1 0.268092	H@3 0.392159	H@5 0.456173	H@10 0.544796
INFO:meta-cli.py:Epoch 69/100	test results	MRR 0.351895	H@1 0.259235	H@3 0.387252	H@5 0.453337	H@10 0.539016
INFO:meta-cli.py:Epoch 70/100	Loss 5.8902 ± 0.1346
INFO:meta-cli.py:Epoch 71/100	Loss 5.8886 ± 0.1351
INFO:meta-cli.py:Epoch 72/100	Loss 5.8863 ± 0.1328
INFO:meta-cli.py:Epoch 72/100	dev results	MRR 0.358083	H@1 0.265954	H@3 0.391303	H@5 0.456487	H@10 0.543000
INFO:meta-cli.py:Epoch 72/100	test results	MRR 0.351256	H@1 0.258429	H@3 0.386495	H@5 0.451383	H@10 0.537599
INFO:meta-cli.py:Epoch 73/100	Loss 5.8846 ± 0.1289
INFO:meta-cli.py:Epoch 74/100	Loss 5.8826 ± 0.1346
INFO:meta-cli.py:Epoch 75/100	Loss 5.8809 ± 0.1290
INFO:meta-cli.py:Epoch 75/100	dev results	MRR 0.358431	H@1 0.267237	H@3 0.391360	H@5 0.456972	H@10 0.543256
INFO:meta-cli.py:Epoch 75/100	test results	MRR 0.351535	H@1 0.258477	H@3 0.386861	H@5 0.452482	H@10 0.538161
INFO:meta-cli.py:Epoch 76/100	Loss 5.8793 ± 0.1299
INFO:meta-cli.py:Epoch 77/100	Loss 5.8775 ± 0.1280
INFO:meta-cli.py:Epoch 78/100	Loss 5.8759 ± 0.1333
INFO:meta-cli.py:Epoch 78/100	dev results	MRR 0.358280	H@1 0.266610	H@3 0.392159	H@5 0.456658	H@10 0.543941
INFO:meta-cli.py:Epoch 78/100	test results	MRR 0.351926	H@1 0.259528	H@3 0.386837	H@5 0.451700	H@10 0.537990
INFO:meta-cli.py:Epoch 79/100	Loss 5.8741 ± 0.1278
INFO:meta-cli.py:Epoch 80/100	Loss 5.8725 ± 0.1284
INFO:meta-cli.py:Epoch 81/100	Loss 5.8711 ± 0.1348
INFO:meta-cli.py:Epoch 81/100	dev results	MRR 0.359109	H@1 0.267978	H@3 0.391275	H@5 0.457542	H@10 0.544739
INFO:meta-cli.py:Epoch 81/100	test results	MRR 0.352128	H@1 0.259601	H@3 0.387081	H@5 0.451847	H@10 0.537819
INFO:meta-cli.py:Epoch 82/100	Loss 5.8695 ± 0.1332
INFO:meta-cli.py:Epoch 83/100	Loss 5.8680 ± 0.1281
INFO:meta-cli.py:Epoch 84/100	Loss 5.8663 ± 0.1253
INFO:meta-cli.py:Epoch 84/100	dev results	MRR 0.358732	H@1 0.267123	H@3 0.392273	H@5 0.457770	H@10 0.543827
INFO:meta-cli.py:Epoch 84/100	test results	MRR 0.352018	H@1 0.259210	H@3 0.387545	H@5 0.453313	H@10 0.537941
INFO:meta-cli.py:Epoch 85/100	Loss 5.8648 ± 0.1262
INFO:meta-cli.py:Epoch 86/100	Loss 5.8636 ± 0.1259
INFO:meta-cli.py:Epoch 87/100	Loss 5.8619 ± 0.1267
INFO:meta-cli.py:Epoch 87/100	dev results	MRR 0.358599	H@1 0.266980	H@3 0.391218	H@5 0.457285	H@10 0.543798
INFO:meta-cli.py:Epoch 87/100	test results	MRR 0.352386	H@1 0.259723	H@3 0.388107	H@5 0.452946	H@10 0.537746
INFO:meta-cli.py:Epoch 88/100	Loss 5.8607 ± 0.1287
INFO:meta-cli.py:Epoch 89/100	Loss 5.8591 ± 0.1275
INFO:meta-cli.py:Epoch 90/100	Loss 5.8579 ± 0.1282
INFO:meta-cli.py:Epoch 90/100	dev results	MRR 0.358775	H@1 0.267551	H@3 0.391702	H@5 0.456202	H@10 0.544425
INFO:meta-cli.py:Epoch 90/100	test results	MRR 0.351479	H@1 0.258355	H@3 0.388107	H@5 0.451627	H@10 0.538527
INFO:meta-cli.py:Epoch 91/100	Loss 5.8566 ± 0.1245
INFO:meta-cli.py:Epoch 92/100	Loss 5.8551 ± 0.1286
INFO:meta-cli.py:Epoch 93/100	Loss 5.8537 ± 0.1229
INFO:meta-cli.py:Epoch 93/100	dev results	MRR 0.359145	H@1 0.268035	H@3 0.392159	H@5 0.457599	H@10 0.543199
INFO:meta-cli.py:Epoch 93/100	test results	MRR 0.352036	H@1 0.259430	H@3 0.387399	H@5 0.452531	H@10 0.538527
INFO:meta-cli.py:Epoch 94/100	Loss 5.8526 ± 0.1276
INFO:meta-cli.py:Epoch 95/100	Loss 5.8513 ± 0.1256
INFO:meta-cli.py:Epoch 96/100	Loss 5.8500 ± 0.1244
INFO:meta-cli.py:Epoch 96/100	dev results	MRR 0.359058	H@1 0.267608	H@3 0.392472	H@5 0.457285	H@10 0.543969
INFO:meta-cli.py:Epoch 96/100	test results	MRR 0.351722	H@1 0.258746	H@3 0.387105	H@5 0.452311	H@10 0.538894
INFO:meta-cli.py:Epoch 97/100	Loss 5.8488 ± 0.1254
INFO:meta-cli.py:Epoch 98/100	Loss 5.8477 ± 0.1199
INFO:meta-cli.py:Epoch 99/100	Loss 5.8465 ± 0.1278
INFO:meta-cli.py:Epoch 99/100	dev results	MRR 0.358483	H@1 0.267066	H@3 0.390334	H@5 0.456772	H@10 0.545252
INFO:meta-cli.py:Epoch 99/100	test results	MRR 0.351395	H@1 0.258551	H@3 0.386079	H@5 0.452629	H@10 0.538185
INFO:meta-cli.py:Epoch 100/100	Loss 5.8453 ± 0.1279
INFO:meta-cli.py:Final 	dev results	MRR 0.358907	H@1 0.267665	H@3 0.391446	H@5 0.457342	H@10 0.543941
INFO:meta-cli.py:Final 	test results	MRR 0.352190	H@1 0.259455	H@3 0.386690	H@5 0.452653	H@10 0.538552
INFO:meta-cli.py:Training finished
