./bin/meta-cli.py --train data/fb15k-237/train.tsv --dev data/fb15k-237/dev.tsv --test data/fb15k-237/test.tsv -m complex -k 4000 -b 1000 -e 100 --F2 0 --N3 0.001 -l 0.1 -I standard -V 3 -o adagrad -q
{'F2': 0.0,
 'N3': 0.001,
 'batch_size': 1000,
 'dev': 'data/fb15k-237/dev.tsv',
 'embedding_size': 4000,
 'epochs': 100,
 'eval_batch_size': None,
 'input_type': 'standard',
 'learning_rate': 0.1,
 'load': None,
 'model': 'complex',
 'optimizer': 'adagrad',
 'quiet': True,
 'save': None,
 'seed': 0,
 'test': 'data/fb15k-237/test.tsv',
 'test_i': None,
 'test_ii': None,
 'train': 'data/fb15k-237/train.tsv',
 'validate_every': 3}
INFO:meta-cli.py:Device: cuda
INFO:meta-cli.py:Model state:
INFO:meta-cli.py:	entities.weight	torch.Size([14541, 8000])
INFO:meta-cli.py:	predicates.weight	torch.Size([237, 8000])
INFO:meta-cli.py:Epoch 1/100	Loss 12.2646 ± 2.4069
INFO:meta-cli.py:Epoch 2/100	Loss 8.0765 ± 0.1287
INFO:meta-cli.py:Epoch 3/100	Loss 7.1889 ± 0.2223
INFO:meta-cli.py:Epoch 3/100	dev results	MRR 0.315417	H@1 0.223752	H@3 0.347534	H@5 0.413516	H@10 0.500770
INFO:meta-cli.py:Epoch 3/100	test results	MRR 0.309884	H@1 0.218191	H@3 0.340980	H@5 0.407212	H@10 0.496531
INFO:meta-cli.py:Epoch 4/100	Loss 6.8244 ± 0.2440
INFO:meta-cli.py:Epoch 5/100	Loss 6.6204 ± 0.2540
INFO:meta-cli.py:Epoch 6/100	Loss 6.4798 ± 0.2482
INFO:meta-cli.py:Epoch 6/100	dev results	MRR 0.333066	H@1 0.239835	H@3 0.367009	H@5 0.433590	H@10 0.520930
INFO:meta-cli.py:Epoch 6/100	test results	MRR 0.328248	H@1 0.235610	H@3 0.361917	H@5 0.428051	H@10 0.516588
INFO:meta-cli.py:Epoch 7/100	Loss 6.3806 ± 0.2444
INFO:meta-cli.py:Epoch 8/100	Loss 6.2993 ± 0.2423
INFO:meta-cli.py:Epoch 9/100	Loss 6.2367 ± 0.2461
INFO:meta-cli.py:Epoch 9/100	dev results	MRR 0.342239	H@1 0.250556	H@3 0.375421	H@5 0.439549	H@10 0.527944
INFO:meta-cli.py:Epoch 9/100	test results	MRR 0.336496	H@1 0.244039	H@3 0.371690	H@5 0.434697	H@10 0.520424
INFO:meta-cli.py:Epoch 10/100	Loss 6.1831 ± 0.2357
INFO:meta-cli.py:Epoch 11/100	Loss 6.1353 ± 0.2421
INFO:meta-cli.py:Epoch 12/100	Loss 6.0988 ± 0.2447
INFO:meta-cli.py:Epoch 12/100	dev results	MRR 0.345422	H@1 0.253835	H@3 0.378215	H@5 0.444568	H@10 0.531451
INFO:meta-cli.py:Epoch 12/100	test results	MRR 0.338179	H@1 0.245651	H@3 0.373009	H@5 0.437531	H@10 0.524480
INFO:meta-cli.py:Epoch 13/100	Loss 6.0635 ± 0.2316
INFO:meta-cli.py:Epoch 14/100	Loss 6.0332 ± 0.2348
INFO:meta-cli.py:Epoch 15/100	Loss 6.0042 ± 0.2266
INFO:meta-cli.py:Epoch 15/100	dev results	MRR 0.348034	H@1 0.255118	H@3 0.382720	H@5 0.448218	H@10 0.533276
INFO:meta-cli.py:Epoch 15/100	test results	MRR 0.341935	H@1 0.250195	H@3 0.374499	H@5 0.442270	H@10 0.527362
INFO:meta-cli.py:Epoch 16/100	Loss 5.9803 ± 0.2244
INFO:meta-cli.py:Epoch 17/100	Loss 5.9587 ± 0.2247
INFO:meta-cli.py:Epoch 18/100	Loss 5.9384 ± 0.2223
INFO:meta-cli.py:Epoch 18/100	dev results	MRR 0.351536	H@1 0.258768	H@3 0.387169	H@5 0.449758	H@10 0.537668
INFO:meta-cli.py:Epoch 18/100	test results	MRR 0.343610	H@1 0.251393	H@3 0.378848	H@5 0.443003	H@10 0.527827
INFO:meta-cli.py:Epoch 19/100	Loss 5.9188 ± 0.2125
INFO:meta-cli.py:Epoch 20/100	Loss 5.9024 ± 0.2133
INFO:meta-cli.py:Epoch 21/100	Loss 5.8872 ± 0.2026
INFO:meta-cli.py:Epoch 21/100	dev results	MRR 0.351407	H@1 0.259053	H@3 0.386085	H@5 0.450442	H@10 0.536755
INFO:meta-cli.py:Epoch 21/100	test results	MRR 0.344949	H@1 0.252663	H@3 0.380216	H@5 0.445813	H@10 0.529292
INFO:meta-cli.py:Epoch 22/100	Loss 5.8734 ± 0.2066
INFO:meta-cli.py:Epoch 23/100	Loss 5.8578 ± 0.2065
INFO:meta-cli.py:Epoch 24/100	Loss 5.8463 ± 0.2006
INFO:meta-cli.py:Epoch 24/100	dev results	MRR 0.351773	H@1 0.258968	H@3 0.386484	H@5 0.452409	H@10 0.535614
INFO:meta-cli.py:Epoch 24/100	test results	MRR 0.344682	H@1 0.251637	H@3 0.380094	H@5 0.444738	H@10 0.531418
INFO:meta-cli.py:Epoch 25/100	Loss 5.8330 ± 0.2009
INFO:meta-cli.py:Epoch 26/100	Loss 5.8210 ± 0.1988
INFO:meta-cli.py:Epoch 27/100	Loss 5.8121 ± 0.1978
INFO:meta-cli.py:Epoch 27/100	dev results	MRR 0.352377	H@1 0.259681	H@3 0.387197	H@5 0.453322	H@10 0.537924
INFO:meta-cli.py:Epoch 27/100	test results	MRR 0.346595	H@1 0.254202	H@3 0.381218	H@5 0.445690	H@10 0.533299
INFO:meta-cli.py:Epoch 28/100	Loss 5.8022 ± 0.1912
INFO:meta-cli.py:Epoch 29/100	Loss 5.7917 ± 0.1884
INFO:meta-cli.py:Epoch 30/100	Loss 5.7827 ± 0.1885
INFO:meta-cli.py:Epoch 30/100	dev results	MRR 0.352649	H@1 0.259453	H@3 0.388936	H@5 0.452438	H@10 0.538266
INFO:meta-cli.py:Epoch 30/100	test results	MRR 0.345993	H@1 0.252321	H@3 0.382219	H@5 0.446790	H@10 0.532224
INFO:meta-cli.py:Epoch 31/100	Loss 5.7738 ± 0.1867
INFO:meta-cli.py:Epoch 32/100	Loss 5.7657 ± 0.1892
INFO:meta-cli.py:Epoch 33/100	Loss 5.7582 ± 0.1804
INFO:meta-cli.py:Epoch 33/100	dev results	MRR 0.353505	H@1 0.260878	H@3 0.388509	H@5 0.453379	H@10 0.538723
INFO:meta-cli.py:Epoch 33/100	test results	MRR 0.346696	H@1 0.253958	H@3 0.382073	H@5 0.447181	H@10 0.531687
INFO:meta-cli.py:Epoch 34/100	Loss 5.7496 ± 0.1795
INFO:meta-cli.py:Epoch 35/100	Loss 5.7434 ± 0.1851
INFO:meta-cli.py:Epoch 36/100	Loss 5.7363 ± 0.1714
INFO:meta-cli.py:Epoch 36/100	dev results	MRR 0.353230	H@1 0.260422	H@3 0.388052	H@5 0.452723	H@10 0.539179
INFO:meta-cli.py:Epoch 36/100	test results	MRR 0.347449	H@1 0.254691	H@3 0.383881	H@5 0.447474	H@10 0.533519
INFO:meta-cli.py:Epoch 37/100	Loss 5.7294 ± 0.1712
INFO:meta-cli.py:Epoch 38/100	Loss 5.7247 ± 0.1847
INFO:meta-cli.py:Epoch 39/100	Loss 5.7173 ± 0.1707
INFO:meta-cli.py:Epoch 39/100	dev results	MRR 0.354668	H@1 0.262361	H@3 0.389706	H@5 0.454434	H@10 0.539721
INFO:meta-cli.py:Epoch 39/100	test results	MRR 0.347273	H@1 0.254104	H@3 0.383343	H@5 0.447523	H@10 0.533959
INFO:meta-cli.py:Epoch 40/100	Loss 5.7122 ± 0.1774
INFO:meta-cli.py:Epoch 41/100	Loss 5.7051 ± 0.1741
INFO:meta-cli.py:Epoch 42/100	Loss 5.6999 ± 0.1667
INFO:meta-cli.py:Epoch 42/100	dev results	MRR 0.355617	H@1 0.263530	H@3 0.389963	H@5 0.454463	H@10 0.538951
INFO:meta-cli.py:Epoch 42/100	test results	MRR 0.348397	H@1 0.255839	H@3 0.384271	H@5 0.447938	H@10 0.533275
INFO:meta-cli.py:Epoch 43/100	Loss 5.6947 ± 0.1691
INFO:meta-cli.py:Epoch 44/100	Loss 5.6893 ± 0.1664
INFO:meta-cli.py:Epoch 45/100	Loss 5.6857 ± 0.1730
INFO:meta-cli.py:Epoch 45/100	dev results	MRR 0.355205	H@1 0.263388	H@3 0.389735	H@5 0.455318	H@10 0.538808
INFO:meta-cli.py:Epoch 45/100	test results	MRR 0.348801	H@1 0.256889	H@3 0.384418	H@5 0.447962	H@10 0.532908
INFO:meta-cli.py:Epoch 46/100	Loss 5.6805 ± 0.1682
INFO:meta-cli.py:Epoch 47/100	Loss 5.6753 ± 0.1678
INFO:meta-cli.py:Epoch 48/100	Loss 5.6707 ± 0.1692
INFO:meta-cli.py:Epoch 48/100	dev results	MRR 0.355002	H@1 0.262390	H@3 0.390989	H@5 0.454691	H@10 0.539065
INFO:meta-cli.py:Epoch 48/100	test results	MRR 0.348242	H@1 0.255106	H@3 0.383954	H@5 0.449331	H@10 0.534301
INFO:meta-cli.py:Epoch 49/100	Loss 5.6668 ± 0.1645
INFO:meta-cli.py:Epoch 50/100	Loss 5.6621 ± 0.1518
INFO:meta-cli.py:Epoch 51/100	Loss 5.6586 ± 0.1568
INFO:meta-cli.py:Epoch 51/100	dev results	MRR 0.354973	H@1 0.262418	H@3 0.389820	H@5 0.454577	H@10 0.540519
INFO:meta-cli.py:Epoch 51/100	test results	MRR 0.347888	H@1 0.255057	H@3 0.382977	H@5 0.447816	H@10 0.534399
INFO:meta-cli.py:Epoch 52/100	Loss 5.6559 ± 0.1734
INFO:meta-cli.py:Epoch 53/100	Loss 5.6495 ± 0.1648
INFO:meta-cli.py:Epoch 54/100	Loss 5.6474 ± 0.1738
INFO:meta-cli.py:Epoch 54/100	dev results	MRR 0.355374	H@1 0.262903	H@3 0.390533	H@5 0.456059	H@10 0.540633
INFO:meta-cli.py:Epoch 54/100	test results	MRR 0.348689	H@1 0.256450	H@3 0.382586	H@5 0.448744	H@10 0.534618
INFO:meta-cli.py:Epoch 55/100	Loss 5.6424 ± 0.1528
INFO:meta-cli.py:Epoch 56/100	Loss 5.6408 ± 0.1646
INFO:meta-cli.py:Epoch 57/100	Loss 5.6372 ± 0.1567
INFO:meta-cli.py:Epoch 57/100	dev results	MRR 0.356209	H@1 0.264157	H@3 0.390733	H@5 0.454577	H@10 0.540861
INFO:meta-cli.py:Epoch 57/100	test results	MRR 0.348818	H@1 0.256059	H@3 0.383734	H@5 0.448402	H@10 0.533788
INFO:meta-cli.py:Epoch 58/100	Loss 5.6342 ± 0.1651
INFO:meta-cli.py:Epoch 59/100	Loss 5.6287 ± 0.1489
INFO:meta-cli.py:Epoch 60/100	Loss 5.6276 ± 0.1551
INFO:meta-cli.py:Epoch 60/100	dev results	MRR 0.356579	H@1 0.264186	H@3 0.391617	H@5 0.457000	H@10 0.541945
INFO:meta-cli.py:Epoch 60/100	test results	MRR 0.349436	H@1 0.256767	H@3 0.384516	H@5 0.450528	H@10 0.534374
INFO:meta-cli.py:Epoch 61/100	Loss 5.6244 ± 0.1544
INFO:meta-cli.py:Epoch 62/100	Loss 5.6205 ± 0.1556
INFO:meta-cli.py:Epoch 63/100	Loss 5.6168 ± 0.1474
INFO:meta-cli.py:Epoch 63/100	dev results	MRR 0.356288	H@1 0.264214	H@3 0.391674	H@5 0.455518	H@10 0.540576
INFO:meta-cli.py:Epoch 63/100	test results	MRR 0.349560	H@1 0.257134	H@3 0.385249	H@5 0.450454	H@10 0.533959
INFO:meta-cli.py:Epoch 64/100	Loss 5.6152 ± 0.1592
INFO:meta-cli.py:Epoch 65/100	Loss 5.6123 ± 0.1496
INFO:meta-cli.py:Epoch 66/100	Loss 5.6094 ± 0.1483
INFO:meta-cli.py:Epoch 66/100	dev results	MRR 0.354728	H@1 0.262104	H@3 0.390277	H@5 0.453949	H@10 0.540006
INFO:meta-cli.py:Epoch 66/100	test results	MRR 0.348226	H@1 0.255033	H@3 0.384418	H@5 0.448060	H@10 0.534399
INFO:meta-cli.py:Epoch 67/100	Loss 5.6068 ± 0.1490
INFO:meta-cli.py:Epoch 68/100	Loss 5.6046 ± 0.1520
INFO:meta-cli.py:Epoch 69/100	Loss 5.6007 ± 0.1547
INFO:meta-cli.py:Epoch 69/100	dev results	MRR 0.356118	H@1 0.264015	H@3 0.390220	H@5 0.455489	H@10 0.541260
INFO:meta-cli.py:Epoch 69/100	test results	MRR 0.349021	H@1 0.256132	H@3 0.384100	H@5 0.448818	H@10 0.533959
INFO:meta-cli.py:Epoch 70/100	Loss 5.5979 ± 0.1441
INFO:meta-cli.py:Epoch 71/100	Loss 5.5961 ± 0.1508
INFO:meta-cli.py:Epoch 72/100	Loss 5.5940 ± 0.1469
INFO:meta-cli.py:Epoch 72/100	dev results	MRR 0.357065	H@1 0.265783	H@3 0.390961	H@5 0.455147	H@10 0.540433
INFO:meta-cli.py:Epoch 72/100	test results	MRR 0.350215	H@1 0.258038	H@3 0.384760	H@5 0.449599	H@10 0.535522
INFO:meta-cli.py:Epoch 73/100	Loss 5.5924 ± 0.1535
INFO:meta-cli.py:Epoch 74/100	Loss 5.5889 ± 0.1492
INFO:meta-cli.py:Epoch 75/100	Loss 5.5871 ± 0.1495
INFO:meta-cli.py:Epoch 75/100	dev results	MRR 0.356846	H@1 0.265241	H@3 0.390505	H@5 0.456145	H@10 0.540205
INFO:meta-cli.py:Epoch 75/100	test results	MRR 0.349377	H@1 0.256987	H@3 0.384174	H@5 0.450088	H@10 0.534765
INFO:meta-cli.py:Epoch 76/100	Loss 5.5851 ± 0.1441
INFO:meta-cli.py:Epoch 77/100	Loss 5.5833 ± 0.1484
INFO:meta-cli.py:Epoch 78/100	Loss 5.5804 ± 0.1462
INFO:meta-cli.py:Epoch 78/100	dev results	MRR 0.356014	H@1 0.264300	H@3 0.390505	H@5 0.454776	H@10 0.540405
INFO:meta-cli.py:Epoch 78/100	test results	MRR 0.348720	H@1 0.256303	H@3 0.384296	H@5 0.449331	H@10 0.535302
INFO:meta-cli.py:Epoch 79/100	Loss 5.5791 ± 0.1417
INFO:meta-cli.py:Epoch 80/100	Loss 5.5768 ± 0.1478
INFO:meta-cli.py:Epoch 81/100	Loss 5.5742 ± 0.1391
INFO:meta-cli.py:Epoch 81/100	dev results	MRR 0.356804	H@1 0.265326	H@3 0.391075	H@5 0.455318	H@10 0.540234
INFO:meta-cli.py:Epoch 81/100	test results	MRR 0.349659	H@1 0.257427	H@3 0.384589	H@5 0.448573	H@10 0.533592
INFO:meta-cli.py:Epoch 82/100	Loss 5.5721 ± 0.1417
INFO:meta-cli.py:Epoch 83/100	Loss 5.5703 ± 0.1414
INFO:meta-cli.py:Epoch 84/100	Loss 5.5679 ± 0.1340
INFO:meta-cli.py:Epoch 84/100	dev results	MRR 0.356267	H@1 0.264300	H@3 0.391189	H@5 0.456059	H@10 0.540804
INFO:meta-cli.py:Epoch 84/100	test results	MRR 0.348769	H@1 0.255521	H@3 0.384614	H@5 0.449599	H@10 0.534545
INFO:meta-cli.py:Epoch 85/100	Loss 5.5658 ± 0.1377
INFO:meta-cli.py:Epoch 86/100	Loss 5.5645 ± 0.1360
INFO:meta-cli.py:Epoch 87/100	Loss 5.5634 ± 0.1383
INFO:meta-cli.py:Epoch 87/100	dev results	MRR 0.356337	H@1 0.264956	H@3 0.389877	H@5 0.455375	H@10 0.540462
INFO:meta-cli.py:Epoch 87/100	test results	MRR 0.349365	H@1 0.256621	H@3 0.384247	H@5 0.450210	H@10 0.535767
INFO:meta-cli.py:Epoch 88/100	Loss 5.5615 ± 0.1427
INFO:meta-cli.py:Epoch 89/100	Loss 5.5591 ± 0.1400
INFO:meta-cli.py:Epoch 90/100	Loss 5.5576 ± 0.1320
INFO:meta-cli.py:Epoch 90/100	dev results	MRR 0.356269	H@1 0.264728	H@3 0.389763	H@5 0.455289	H@10 0.540747
INFO:meta-cli.py:Epoch 90/100	test results	MRR 0.349378	H@1 0.256743	H@3 0.383807	H@5 0.449697	H@10 0.534985
INFO:meta-cli.py:Epoch 91/100	Loss 5.5555 ± 0.1330
INFO:meta-cli.py:Epoch 92/100	Loss 5.5536 ± 0.1377
INFO:meta-cli.py:Epoch 93/100	Loss 5.5522 ± 0.1396
INFO:meta-cli.py:Epoch 93/100	dev results	MRR 0.356594	H@1 0.264927	H@3 0.389820	H@5 0.456943	H@10 0.541317
INFO:meta-cli.py:Epoch 93/100	test results	MRR 0.348985	H@1 0.256132	H@3 0.383441	H@5 0.451236	H@10 0.534985
INFO:meta-cli.py:Epoch 94/100	Loss 5.5513 ± 0.1253
INFO:meta-cli.py:Epoch 95/100	Loss 5.5504 ± 0.1444
INFO:meta-cli.py:Epoch 96/100	Loss 5.5466 ± 0.1385
INFO:meta-cli.py:Epoch 96/100	dev results	MRR 0.357049	H@1 0.265954	H@3 0.390448	H@5 0.456259	H@10 0.540747
INFO:meta-cli.py:Epoch 96/100	test results	MRR 0.349730	H@1 0.257329	H@3 0.384442	H@5 0.451114	H@10 0.534447
INFO:meta-cli.py:Epoch 97/100	Loss 5.5465 ± 0.1328
INFO:meta-cli.py:Epoch 98/100	Loss 5.5435 ± 0.1267
INFO:meta-cli.py:Epoch 99/100	Loss 5.5434 ± 0.1298
INFO:meta-cli.py:Epoch 99/100	dev results	MRR 0.356767	H@1 0.264984	H@3 0.390704	H@5 0.456430	H@10 0.541660
INFO:meta-cli.py:Epoch 99/100	test results	MRR 0.349559	H@1 0.257158	H@3 0.383319	H@5 0.449868	H@10 0.535327
INFO:meta-cli.py:Epoch 100/100	Loss 5.5415 ± 0.1337
INFO:meta-cli.py:Final 	dev results	MRR 0.356548	H@1 0.264956	H@3 0.389279	H@5 0.455803	H@10 0.541289
INFO:meta-cli.py:Final 	test results	MRR 0.349349	H@1 0.256523	H@3 0.384052	H@5 0.449746	H@10 0.536011
INFO:meta-cli.py:Training finished
