./bin/meta-cli.py --train data/fb15k-237/train.tsv --dev data/fb15k-237/dev.tsv --test data/fb15k-237/test.tsv -m complex -k 4000 -b 100 -e 100 --F2 0.001 --N3 0 -l 0.1 -I reciprocal -V 3 -o adagrad -q
{'F2': 0.001,
 'N3': 0.0,
 'batch_size': 100,
 'dev': 'data/fb15k-237/dev.tsv',
 'embedding_size': 4000,
 'epochs': 100,
 'eval_batch_size': None,
 'input_type': 'reciprocal',
 'learning_rate': 0.1,
 'load': None,
 'model': 'complex',
 'optimizer': 'adagrad',
 'quiet': True,
 'save': None,
 'seed': 0,
 'test': 'data/fb15k-237/test.tsv',
 'test_i': None,
 'test_ii': None,
 'train': 'data/fb15k-237/train.tsv',
 'validate_every': 3}
INFO:meta-cli.py:Device: cuda
INFO:meta-cli.py:Model state:
INFO:meta-cli.py:	entities.weight	torch.Size([14541, 8000])
INFO:meta-cli.py:	predicates.weight	torch.Size([474, 8000])
INFO:meta-cli.py:Epoch 1/100	Loss 10.8318 ± 2.4835
INFO:meta-cli.py:Epoch 2/100	Loss 7.3401 ± 0.2537
INFO:meta-cli.py:Epoch 3/100	Loss 6.8342 ± 0.2617
INFO:meta-cli.py:Epoch 3/100	dev results	MRR 0.331907	H@1 0.243285	H@3 0.363559	H@5 0.425235	H@10 0.508184
INFO:meta-cli.py:Epoch 3/100	test results	MRR 0.326146	H@1 0.237467	H@3 0.357764	H@5 0.421309	H@10 0.502956
INFO:meta-cli.py:Epoch 4/100	Loss 6.6014 ± 0.2681
INFO:meta-cli.py:Epoch 5/100	Loss 6.4569 ± 0.2696
INFO:meta-cli.py:Epoch 6/100	Loss 6.3532 ± 0.2712
INFO:meta-cli.py:Epoch 6/100	dev results	MRR 0.339761	H@1 0.249216	H@3 0.374565	H@5 0.437097	H@10 0.520730
INFO:meta-cli.py:Epoch 6/100	test results	MRR 0.332697	H@1 0.241474	H@3 0.366315	H@5 0.429713	H@10 0.514707
INFO:meta-cli.py:Epoch 7/100	Loss 6.2763 ± 0.2700
INFO:meta-cli.py:Epoch 8/100	Loss 6.2132 ± 0.2698
INFO:meta-cli.py:Epoch 9/100	Loss 6.1622 ± 0.2690
INFO:meta-cli.py:Epoch 9/100	dev results	MRR 0.344386	H@1 0.255061	H@3 0.376533	H@5 0.439635	H@10 0.524665
INFO:meta-cli.py:Epoch 9/100	test results	MRR 0.336410	H@1 0.245358	H@3 0.370615	H@5 0.433866	H@10 0.518054
INFO:meta-cli.py:Epoch 10/100	Loss 6.1187 ± 0.2662
INFO:meta-cli.py:Epoch 11/100	Loss 6.0815 ± 0.2615
INFO:meta-cli.py:Epoch 12/100	Loss 6.0495 ± 0.2600
INFO:meta-cli.py:Epoch 12/100	dev results	MRR 0.346463	H@1 0.257342	H@3 0.379299	H@5 0.442344	H@10 0.526490
INFO:meta-cli.py:Epoch 12/100	test results	MRR 0.338585	H@1 0.247997	H@3 0.371641	H@5 0.435796	H@10 0.520962
INFO:meta-cli.py:Epoch 13/100	Loss 6.0212 ± 0.2618
INFO:meta-cli.py:Epoch 14/100	Loss 5.9956 ± 0.2627
INFO:meta-cli.py:Epoch 15/100	Loss 5.9725 ± 0.2536
INFO:meta-cli.py:Epoch 15/100	dev results	MRR 0.346192	H@1 0.256687	H@3 0.378044	H@5 0.442230	H@10 0.527630
INFO:meta-cli.py:Epoch 15/100	test results	MRR 0.339161	H@1 0.248412	H@3 0.372154	H@5 0.436211	H@10 0.521010
INFO:meta-cli.py:Epoch 16/100	Loss 5.9517 ± 0.2540
INFO:meta-cli.py:Epoch 17/100	Loss 5.9327 ± 0.2530
INFO:meta-cli.py:Epoch 18/100	Loss 5.9152 ± 0.2468
INFO:meta-cli.py:Epoch 18/100	dev results	MRR 0.347796	H@1 0.258882	H@3 0.379270	H@5 0.443142	H@10 0.528258
INFO:meta-cli.py:Epoch 18/100	test results	MRR 0.338835	H@1 0.247630	H@3 0.372447	H@5 0.437237	H@10 0.522281
INFO:meta-cli.py:Epoch 19/100	Loss 5.8992 ± 0.2475
INFO:meta-cli.py:Epoch 20/100	Loss 5.8842 ± 0.2473
INFO:meta-cli.py:Epoch 21/100	Loss 5.8702 ± 0.2461
INFO:meta-cli.py:Epoch 21/100	dev results	MRR 0.347170	H@1 0.257827	H@3 0.379356	H@5 0.443313	H@10 0.528087
INFO:meta-cli.py:Epoch 21/100	test results	MRR 0.339800	H@1 0.248949	H@3 0.373131	H@5 0.438410	H@10 0.522550
INFO:meta-cli.py:Epoch 22/100	Loss 5.8569 ± 0.2495
INFO:meta-cli.py:Epoch 23/100	Loss 5.8451 ± 0.2496
INFO:meta-cli.py:Epoch 24/100	Loss 5.8335 ± 0.2462
INFO:meta-cli.py:Epoch 24/100	dev results	MRR 0.346624	H@1 0.256573	H@3 0.380468	H@5 0.444682	H@10 0.528914
INFO:meta-cli.py:Epoch 24/100	test results	MRR 0.339352	H@1 0.248290	H@3 0.373278	H@5 0.438581	H@10 0.521426
INFO:meta-cli.py:Epoch 25/100	Loss 5.8228 ± 0.2480
INFO:meta-cli.py:Epoch 26/100	Loss 5.8129 ± 0.2480
INFO:meta-cli.py:Epoch 27/100	Loss 5.8030 ± 0.2479
INFO:meta-cli.py:Epoch 27/100	dev results	MRR 0.347174	H@1 0.257371	H@3 0.379869	H@5 0.444368	H@10 0.528714
INFO:meta-cli.py:Epoch 27/100	test results	MRR 0.339834	H@1 0.248314	H@3 0.374182	H@5 0.439485	H@10 0.523576
INFO:meta-cli.py:Epoch 28/100	Loss 5.7940 ± 0.2471
INFO:meta-cli.py:Epoch 29/100	Loss 5.7855 ± 0.2416
INFO:meta-cli.py:Epoch 30/100	Loss 5.7771 ± 0.2474
INFO:meta-cli.py:Epoch 30/100	dev results	MRR 0.347502	H@1 0.258597	H@3 0.379897	H@5 0.443627	H@10 0.528657
INFO:meta-cli.py:Epoch 30/100	test results	MRR 0.339758	H@1 0.248949	H@3 0.374548	H@5 0.436993	H@10 0.522745
INFO:meta-cli.py:Epoch 31/100	Loss 5.7692 ± 0.2414
INFO:meta-cli.py:Epoch 32/100	Loss 5.7620 ± 0.2442
INFO:meta-cli.py:Epoch 33/100	Loss 5.7547 ± 0.2437
INFO:meta-cli.py:Epoch 33/100	dev results	MRR 0.347730	H@1 0.257884	H@3 0.380867	H@5 0.444397	H@10 0.528543
INFO:meta-cli.py:Epoch 33/100	test results	MRR 0.340390	H@1 0.249780	H@3 0.373229	H@5 0.438752	H@10 0.522525
INFO:meta-cli.py:Epoch 34/100	Loss 5.7477 ± 0.2398
INFO:meta-cli.py:Epoch 35/100	Loss 5.7416 ± 0.2423
INFO:meta-cli.py:Epoch 36/100	Loss 5.7352 ± 0.2443
INFO:meta-cli.py:Epoch 36/100	dev results	MRR 0.347265	H@1 0.257713	H@3 0.379726	H@5 0.443342	H@10 0.528400
INFO:meta-cli.py:Epoch 36/100	test results	MRR 0.340078	H@1 0.249682	H@3 0.372447	H@5 0.437995	H@10 0.522134
INFO:meta-cli.py:Epoch 37/100	Loss 5.7292 ± 0.2430
INFO:meta-cli.py:Epoch 38/100	Loss 5.7235 ± 0.2415
INFO:meta-cli.py:Epoch 39/100	Loss 5.7177 ± 0.2395
INFO:meta-cli.py:Epoch 39/100	dev results	MRR 0.347491	H@1 0.258340	H@3 0.379869	H@5 0.443998	H@10 0.527887
INFO:meta-cli.py:Epoch 39/100	test results	MRR 0.340217	H@1 0.249805	H@3 0.373278	H@5 0.438215	H@10 0.521866
INFO:meta-cli.py:Epoch 40/100	Loss 5.7126 ± 0.2393
INFO:meta-cli.py:Epoch 41/100	Loss 5.7073 ± 0.2383
INFO:meta-cli.py:Epoch 42/100	Loss 5.7023 ± 0.2369
INFO:meta-cli.py:Epoch 42/100	dev results	MRR 0.347252	H@1 0.258340	H@3 0.379612	H@5 0.443028	H@10 0.527117
INFO:meta-cli.py:Epoch 42/100	test results	MRR 0.339206	H@1 0.248094	H@3 0.372618	H@5 0.438068	H@10 0.521377
INFO:meta-cli.py:Epoch 43/100	Loss 5.6977 ± 0.2397
INFO:meta-cli.py:Epoch 44/100	Loss 5.6930 ± 0.2381
INFO:meta-cli.py:Epoch 45/100	Loss 5.6884 ± 0.2417
INFO:meta-cli.py:Epoch 45/100	dev results	MRR 0.345737	H@1 0.255746	H@3 0.378643	H@5 0.441745	H@10 0.528087
INFO:meta-cli.py:Epoch 45/100	test results	MRR 0.338331	H@1 0.247752	H@3 0.371812	H@5 0.436065	H@10 0.521108
INFO:meta-cli.py:Epoch 46/100	Loss 5.6842 ± 0.2381
INFO:meta-cli.py:Epoch 47/100	Loss 5.6798 ± 0.2335
INFO:meta-cli.py:Epoch 48/100	Loss 5.6759 ± 0.2406
INFO:meta-cli.py:Epoch 48/100	dev results	MRR 0.346359	H@1 0.256487	H@3 0.379384	H@5 0.443199	H@10 0.527973
INFO:meta-cli.py:Epoch 48/100	test results	MRR 0.338777	H@1 0.248119	H@3 0.371787	H@5 0.437531	H@10 0.521010
INFO:meta-cli.py:Epoch 49/100	Loss 5.6720 ± 0.2361
INFO:meta-cli.py:Epoch 50/100	Loss 5.6683 ± 0.2372
INFO:meta-cli.py:Epoch 51/100	Loss 5.6646 ± 0.2349
INFO:meta-cli.py:Epoch 51/100	dev results	MRR 0.346709	H@1 0.257457	H@3 0.380068	H@5 0.442715	H@10 0.526689
INFO:meta-cli.py:Epoch 51/100	test results	MRR 0.338546	H@1 0.247484	H@3 0.373351	H@5 0.436944	H@10 0.520546
INFO:meta-cli.py:Epoch 52/100	Loss 5.6611 ± 0.2350
INFO:meta-cli.py:Epoch 53/100	Loss 5.6576 ± 0.2346
INFO:meta-cli.py:Epoch 54/100	Loss 5.6539 ± 0.2384
INFO:meta-cli.py:Epoch 54/100	dev results	MRR 0.346699	H@1 0.257428	H@3 0.379413	H@5 0.442886	H@10 0.527089
INFO:meta-cli.py:Epoch 54/100	test results	MRR 0.337911	H@1 0.246848	H@3 0.371787	H@5 0.436969	H@10 0.521719
INFO:meta-cli.py:Epoch 55/100	Loss 5.6508 ± 0.2367
INFO:meta-cli.py:Epoch 56/100	Loss 5.6477 ± 0.2361
INFO:meta-cli.py:Epoch 57/100	Loss 5.6446 ± 0.2361
INFO:meta-cli.py:Epoch 57/100	dev results	MRR 0.345705	H@1 0.255917	H@3 0.378842	H@5 0.443199	H@10 0.526975
INFO:meta-cli.py:Epoch 57/100	test results	MRR 0.338114	H@1 0.247142	H@3 0.371396	H@5 0.437237	H@10 0.521181
INFO:meta-cli.py:Epoch 58/100	Loss 5.6414 ± 0.2346
INFO:meta-cli.py:Epoch 59/100	Loss 5.6385 ± 0.2314
INFO:meta-cli.py:Epoch 60/100	Loss 5.6356 ± 0.2348
INFO:meta-cli.py:Epoch 60/100	dev results	MRR 0.346128	H@1 0.256459	H@3 0.379127	H@5 0.442886	H@10 0.526575
INFO:meta-cli.py:Epoch 60/100	test results	MRR 0.338436	H@1 0.247728	H@3 0.371836	H@5 0.435723	H@10 0.520571
INFO:meta-cli.py:Epoch 61/100	Loss 5.6329 ± 0.2356
INFO:meta-cli.py:Epoch 62/100	Loss 5.6300 ± 0.2356
INFO:meta-cli.py:Epoch 63/100	Loss 5.6275 ± 0.2341
INFO:meta-cli.py:Epoch 63/100	dev results	MRR 0.346042	H@1 0.256630	H@3 0.379042	H@5 0.441631	H@10 0.526718
INFO:meta-cli.py:Epoch 63/100	test results	MRR 0.338611	H@1 0.247923	H@3 0.372496	H@5 0.437213	H@10 0.521157
INFO:meta-cli.py:Epoch 64/100	Loss 5.6248 ± 0.2314
INFO:meta-cli.py:Epoch 65/100	Loss 5.6221 ± 0.2319
INFO:meta-cli.py:Epoch 66/100	Loss 5.6197 ± 0.2306
INFO:meta-cli.py:Epoch 66/100	dev results	MRR 0.345779	H@1 0.256886	H@3 0.378500	H@5 0.442059	H@10 0.526832
INFO:meta-cli.py:Epoch 66/100	test results	MRR 0.337734	H@1 0.246824	H@3 0.372056	H@5 0.436724	H@10 0.521059
INFO:meta-cli.py:Epoch 67/100	Loss 5.6174 ± 0.2347
INFO:meta-cli.py:Epoch 68/100	Loss 5.6151 ± 0.2359
INFO:meta-cli.py:Epoch 69/100	Loss 5.6127 ± 0.2354
INFO:meta-cli.py:Epoch 69/100	dev results	MRR 0.345427	H@1 0.256173	H@3 0.377958	H@5 0.442315	H@10 0.525948
INFO:meta-cli.py:Epoch 69/100	test results	MRR 0.337885	H@1 0.246971	H@3 0.371885	H@5 0.435674	H@10 0.520766
INFO:meta-cli.py:Epoch 70/100	Loss 5.6103 ± 0.2362
INFO:meta-cli.py:Epoch 71/100	Loss 5.6083 ± 0.2343
INFO:meta-cli.py:Epoch 72/100	Loss 5.6060 ± 0.2363
INFO:meta-cli.py:Epoch 72/100	dev results	MRR 0.344752	H@1 0.254805	H@3 0.377274	H@5 0.442344	H@10 0.525235
INFO:meta-cli.py:Epoch 72/100	test results	MRR 0.337407	H@1 0.246604	H@3 0.371494	H@5 0.435063	H@10 0.519422
INFO:meta-cli.py:Epoch 73/100	Loss 5.6040 ± 0.2322
INFO:meta-cli.py:Epoch 74/100	Loss 5.6018 ± 0.2334
INFO:meta-cli.py:Epoch 75/100	Loss 5.5998 ± 0.2288
INFO:meta-cli.py:Epoch 75/100	dev results	MRR 0.345064	H@1 0.255175	H@3 0.377901	H@5 0.442800	H@10 0.526005
INFO:meta-cli.py:Epoch 75/100	test results	MRR 0.337997	H@1 0.247410	H@3 0.371445	H@5 0.436431	H@10 0.519813
INFO:meta-cli.py:Epoch 76/100	Loss 5.5978 ± 0.2298
INFO:meta-cli.py:Epoch 77/100	Loss 5.5960 ± 0.2310
INFO:meta-cli.py:Epoch 78/100	Loss 5.5940 ± 0.2339
INFO:meta-cli.py:Epoch 78/100	dev results	MRR 0.344830	H@1 0.255831	H@3 0.376846	H@5 0.441574	H@10 0.526461
INFO:meta-cli.py:Epoch 78/100	test results	MRR 0.337166	H@1 0.246482	H@3 0.370835	H@5 0.436065	H@10 0.519374
INFO:meta-cli.py:Epoch 79/100	Loss 5.5921 ± 0.2324
INFO:meta-cli.py:Epoch 80/100	Loss 5.5903 ± 0.2317
INFO:meta-cli.py:Epoch 81/100	Loss 5.5885 ± 0.2340
INFO:meta-cli.py:Epoch 81/100	dev results	MRR 0.345048	H@1 0.255917	H@3 0.378072	H@5 0.441260	H@10 0.526404
INFO:meta-cli.py:Epoch 81/100	test results	MRR 0.337139	H@1 0.246433	H@3 0.371054	H@5 0.434721	H@10 0.519520
INFO:meta-cli.py:Epoch 82/100	Loss 5.5867 ± 0.2355
INFO:meta-cli.py:Epoch 83/100	Loss 5.5850 ± 0.2323
INFO:meta-cli.py:Epoch 84/100	Loss 5.5834 ± 0.2322
INFO:meta-cli.py:Epoch 84/100	dev results	MRR 0.344683	H@1 0.255289	H@3 0.377046	H@5 0.441232	H@10 0.526034
INFO:meta-cli.py:Epoch 84/100	test results	MRR 0.337351	H@1 0.246531	H@3 0.372007	H@5 0.435820	H@10 0.519422
INFO:meta-cli.py:Epoch 85/100	Loss 5.5816 ± 0.2312
INFO:meta-cli.py:Epoch 86/100	Loss 5.5800 ± 0.2297
INFO:meta-cli.py:Epoch 87/100	Loss 5.5783 ± 0.2324
INFO:meta-cli.py:Epoch 87/100	dev results	MRR 0.344611	H@1 0.255261	H@3 0.377303	H@5 0.441203	H@10 0.526262
INFO:meta-cli.py:Epoch 87/100	test results	MRR 0.337588	H@1 0.247361	H@3 0.370835	H@5 0.434990	H@10 0.519325
INFO:meta-cli.py:Epoch 88/100	Loss 5.5768 ± 0.2347
INFO:meta-cli.py:Epoch 89/100	Loss 5.5752 ± 0.2306
INFO:meta-cli.py:Epoch 90/100	Loss 5.5737 ± 0.2309
INFO:meta-cli.py:Epoch 90/100	dev results	MRR 0.344593	H@1 0.255603	H@3 0.377474	H@5 0.440804	H@10 0.525948
INFO:meta-cli.py:Epoch 90/100	test results	MRR 0.336996	H@1 0.246702	H@3 0.370810	H@5 0.433768	H@10 0.519227
INFO:meta-cli.py:Epoch 91/100	Loss 5.5723 ± 0.2306
INFO:meta-cli.py:Epoch 92/100	Loss 5.5707 ± 0.2336
INFO:meta-cli.py:Epoch 93/100	Loss 5.5693 ± 0.2287
INFO:meta-cli.py:Epoch 93/100	dev results	MRR 0.344109	H@1 0.254463	H@3 0.376789	H@5 0.442772	H@10 0.525093
INFO:meta-cli.py:Epoch 93/100	test results	MRR 0.336966	H@1 0.246506	H@3 0.370346	H@5 0.435991	H@10 0.517932
INFO:meta-cli.py:Epoch 94/100	Loss 5.5678 ± 0.2266
INFO:meta-cli.py:Epoch 95/100	Loss 5.5664 ± 0.2316
INFO:meta-cli.py:Epoch 96/100	Loss 5.5651 ± 0.2281
INFO:meta-cli.py:Epoch 96/100	dev results	MRR 0.344314	H@1 0.254662	H@3 0.377074	H@5 0.440433	H@10 0.525749
INFO:meta-cli.py:Epoch 96/100	test results	MRR 0.336819	H@1 0.246360	H@3 0.370444	H@5 0.435332	H@10 0.519007
INFO:meta-cli.py:Epoch 97/100	Loss 5.5638 ± 0.2316
INFO:meta-cli.py:Epoch 98/100	Loss 5.5624 ± 0.2289
INFO:meta-cli.py:Epoch 99/100	Loss 5.5611 ± 0.2344
INFO:meta-cli.py:Epoch 99/100	dev results	MRR 0.344185	H@1 0.255033	H@3 0.376761	H@5 0.441403	H@10 0.525349
INFO:meta-cli.py:Epoch 99/100	test results	MRR 0.336573	H@1 0.245651	H@3 0.371128	H@5 0.434990	H@10 0.518250
INFO:meta-cli.py:Epoch 100/100	Loss 5.5598 ± 0.2357
INFO:meta-cli.py:Final 	dev results	MRR 0.344415	H@1 0.255175	H@3 0.377046	H@5 0.441004	H@10 0.525007
INFO:meta-cli.py:Final 	test results	MRR 0.336836	H@1 0.246458	H@3 0.370370	H@5 0.434672	H@10 0.518690
INFO:meta-cli.py:Training finished
