./bin/meta-cli.py --train data/fb15k-237/train.tsv --dev data/fb15k-237/dev.tsv --test data/fb15k-237/test.tsv -m complex -k 500 -b 500 -e 100 --F2 0.001 --N3 0 -l 0.1 -I standard -V 3 -o adagrad -q
{'F2': 0.001,
 'N3': 0.0,
 'batch_size': 500,
 'dev': 'data/fb15k-237/dev.tsv',
 'embedding_size': 500,
 'epochs': 100,
 'eval_batch_size': None,
 'input_type': 'standard',
 'learning_rate': 0.1,
 'load': None,
 'model': 'complex',
 'optimizer': 'adagrad',
 'quiet': True,
 'save': None,
 'seed': 0,
 'test': 'data/fb15k-237/test.tsv',
 'test_i': None,
 'test_ii': None,
 'train': 'data/fb15k-237/train.tsv',
 'validate_every': 3}
INFO:meta-cli.py:Device: cuda
INFO:meta-cli.py:Model state:
INFO:meta-cli.py:	entities.weight	torch.Size([14541, 1000])
INFO:meta-cli.py:	predicates.weight	torch.Size([237, 1000])
INFO:meta-cli.py:Epoch 1/100	Loss 11.8701 ± 1.8930
INFO:meta-cli.py:Epoch 2/100	Loss 7.9195 ± 0.1569
INFO:meta-cli.py:Epoch 3/100	Loss 7.0153 ± 0.2554
INFO:meta-cli.py:Epoch 3/100	dev results	MRR 0.316376	H@1 0.229284	H@3 0.345281	H@5 0.408241	H@10 0.492928
INFO:meta-cli.py:Epoch 3/100	test results	MRR 0.308899	H@1 0.220854	H@3 0.339563	H@5 0.402863	H@10 0.486514
INFO:meta-cli.py:Epoch 4/100	Loss 6.6723 ± 0.2659
INFO:meta-cli.py:Epoch 5/100	Loss 6.4820 ± 0.2695
INFO:meta-cli.py:Epoch 6/100	Loss 6.3555 ± 0.2571
INFO:meta-cli.py:Epoch 6/100	dev results	MRR 0.327704	H@1 0.239806	H@3 0.358882	H@5 0.419247	H@10 0.506074
INFO:meta-cli.py:Epoch 6/100	test results	MRR 0.320494	H@1 0.231237	H@3 0.352609	H@5 0.415005	H@10 0.498827
INFO:meta-cli.py:Epoch 7/100	Loss 6.2661 ± 0.2503
INFO:meta-cli.py:Epoch 8/100	Loss 6.1958 ± 0.2456
INFO:meta-cli.py:Epoch 9/100	Loss 6.1414 ± 0.2428
INFO:meta-cli.py:Epoch 9/100	dev results	MRR 0.330571	H@1 0.242372	H@3 0.361819	H@5 0.422926	H@10 0.507328
INFO:meta-cli.py:Epoch 9/100	test results	MRR 0.325943	H@1 0.237614	H@3 0.357984	H@5 0.418523	H@10 0.502443
INFO:meta-cli.py:Epoch 10/100	Loss 6.0948 ± 0.2338
INFO:meta-cli.py:Epoch 11/100	Loss 6.0555 ± 0.2363
INFO:meta-cli.py:Epoch 12/100	Loss 6.0234 ± 0.2381
INFO:meta-cli.py:Epoch 12/100	dev results	MRR 0.334428	H@1 0.246992	H@3 0.365868	H@5 0.425634	H@10 0.511948
INFO:meta-cli.py:Epoch 12/100	test results	MRR 0.326930	H@1 0.237882	H@3 0.358790	H@5 0.421675	H@10 0.507696
INFO:meta-cli.py:Epoch 13/100	Loss 5.9944 ± 0.2222
INFO:meta-cli.py:Epoch 14/100	Loss 5.9692 ± 0.2296
INFO:meta-cli.py:Epoch 15/100	Loss 5.9460 ± 0.2195
INFO:meta-cli.py:Epoch 15/100	dev results	MRR 0.336939	H@1 0.249986	H@3 0.366296	H@5 0.429199	H@10 0.514086
INFO:meta-cli.py:Epoch 15/100	test results	MRR 0.329518	H@1 0.240692	H@3 0.360891	H@5 0.425511	H@10 0.508868
INFO:meta-cli.py:Epoch 16/100	Loss 5.9261 ± 0.2148
INFO:meta-cli.py:Epoch 17/100	Loss 5.9085 ± 0.2156
INFO:meta-cli.py:Epoch 18/100	Loss 5.8916 ± 0.2142
INFO:meta-cli.py:Epoch 18/100	dev results	MRR 0.338266	H@1 0.250014	H@3 0.370573	H@5 0.431679	H@10 0.515626
INFO:meta-cli.py:Epoch 18/100	test results	MRR 0.331664	H@1 0.243086	H@3 0.362821	H@5 0.426952	H@10 0.508624
INFO:meta-cli.py:Epoch 19/100	Loss 5.8763 ± 0.2047
INFO:meta-cli.py:Epoch 20/100	Loss 5.8629 ± 0.2039
INFO:meta-cli.py:Epoch 21/100	Loss 5.8503 ± 0.1931
INFO:meta-cli.py:Epoch 21/100	dev results	MRR 0.338672	H@1 0.251440	H@3 0.368862	H@5 0.431679	H@10 0.515825
INFO:meta-cli.py:Epoch 21/100	test results	MRR 0.332726	H@1 0.244601	H@3 0.364922	H@5 0.427587	H@10 0.509821
INFO:meta-cli.py:Epoch 22/100	Loss 5.8387 ± 0.1975
INFO:meta-cli.py:Epoch 23/100	Loss 5.8271 ± 0.1986
INFO:meta-cli.py:Epoch 24/100	Loss 5.8173 ± 0.1941
INFO:meta-cli.py:Epoch 24/100	dev results	MRR 0.339635	H@1 0.251354	H@3 0.370858	H@5 0.433818	H@10 0.517337
INFO:meta-cli.py:Epoch 24/100	test results	MRR 0.333076	H@1 0.244356	H@3 0.365533	H@5 0.429737	H@10 0.511067
INFO:meta-cli.py:Epoch 25/100	Loss 5.8071 ± 0.1941
INFO:meta-cli.py:Epoch 26/100	Loss 5.7978 ± 0.1920
INFO:meta-cli.py:Epoch 27/100	Loss 5.7899 ± 0.1892
INFO:meta-cli.py:Epoch 27/100	dev results	MRR 0.340545	H@1 0.252466	H@3 0.372769	H@5 0.434959	H@10 0.519989
INFO:meta-cli.py:Epoch 27/100	test results	MRR 0.333968	H@1 0.244601	H@3 0.367097	H@5 0.430470	H@10 0.511409
INFO:meta-cli.py:Epoch 28/100	Loss 5.7821 ± 0.1861
INFO:meta-cli.py:Epoch 29/100	Loss 5.7743 ± 0.1815
INFO:meta-cli.py:Epoch 30/100	Loss 5.7672 ± 0.1819
INFO:meta-cli.py:Epoch 30/100	dev results	MRR 0.340098	H@1 0.251611	H@3 0.372797	H@5 0.435672	H@10 0.519732
INFO:meta-cli.py:Epoch 30/100	test results	MRR 0.333782	H@1 0.244210	H@3 0.368074	H@5 0.429981	H@10 0.512044
INFO:meta-cli.py:Epoch 31/100	Loss 5.7604 ± 0.1794
INFO:meta-cli.py:Epoch 32/100	Loss 5.7538 ± 0.1842
INFO:meta-cli.py:Epoch 33/100	Loss 5.7478 ± 0.1736
INFO:meta-cli.py:Epoch 33/100	dev results	MRR 0.340801	H@1 0.252495	H@3 0.372769	H@5 0.436784	H@10 0.520131
INFO:meta-cli.py:Epoch 33/100	test results	MRR 0.334113	H@1 0.244454	H@3 0.368245	H@5 0.431350	H@10 0.513266
INFO:meta-cli.py:Epoch 34/100	Loss 5.7416 ± 0.1741
INFO:meta-cli.py:Epoch 35/100	Loss 5.7362 ± 0.1806
INFO:meta-cli.py:Epoch 36/100	Loss 5.7308 ± 0.1664
INFO:meta-cli.py:Epoch 36/100	dev results	MRR 0.340702	H@1 0.252524	H@3 0.373082	H@5 0.435529	H@10 0.519333
INFO:meta-cli.py:Epoch 36/100	test results	MRR 0.335317	H@1 0.246775	H@3 0.368220	H@5 0.431350	H@10 0.513119
INFO:meta-cli.py:Epoch 37/100	Loss 5.7255 ± 0.1673
INFO:meta-cli.py:Epoch 38/100	Loss 5.7213 ± 0.1775
INFO:meta-cli.py:Epoch 39/100	Loss 5.7160 ± 0.1659
INFO:meta-cli.py:Epoch 39/100	dev results	MRR 0.341807	H@1 0.253721	H@3 0.373653	H@5 0.436014	H@10 0.519703
INFO:meta-cli.py:Epoch 39/100	test results	MRR 0.335688	H@1 0.247142	H@3 0.368636	H@5 0.431203	H@10 0.513877
INFO:meta-cli.py:Epoch 40/100	Loss 5.7117 ± 0.1706
INFO:meta-cli.py:Epoch 41/100	Loss 5.7068 ± 0.1689
INFO:meta-cli.py:Epoch 42/100	Loss 5.7027 ± 0.1645
INFO:meta-cli.py:Epoch 42/100	dev results	MRR 0.341886	H@1 0.253978	H@3 0.373795	H@5 0.436698	H@10 0.519076
INFO:meta-cli.py:Epoch 42/100	test results	MRR 0.335959	H@1 0.247166	H@3 0.369613	H@5 0.432302	H@10 0.512851
INFO:meta-cli.py:Epoch 43/100	Loss 5.6986 ± 0.1649
INFO:meta-cli.py:Epoch 44/100	Loss 5.6946 ± 0.1645
INFO:meta-cli.py:Epoch 45/100	Loss 5.6914 ± 0.1687
INFO:meta-cli.py:Epoch 45/100	dev results	MRR 0.341708	H@1 0.253892	H@3 0.373139	H@5 0.435985	H@10 0.519703
INFO:meta-cli.py:Epoch 45/100	test results	MRR 0.335802	H@1 0.246922	H@3 0.368929	H@5 0.431716	H@10 0.512484
INFO:meta-cli.py:Epoch 46/100	Loss 5.6873 ± 0.1658
INFO:meta-cli.py:Epoch 47/100	Loss 5.6837 ± 0.1647
INFO:meta-cli.py:Epoch 48/100	Loss 5.6804 ± 0.1673
INFO:meta-cli.py:Epoch 48/100	dev results	MRR 0.341857	H@1 0.253550	H@3 0.374109	H@5 0.435130	H@10 0.519818
INFO:meta-cli.py:Epoch 48/100	test results	MRR 0.336043	H@1 0.247435	H@3 0.369515	H@5 0.431374	H@10 0.512728
INFO:meta-cli.py:Epoch 49/100	Loss 5.6772 ± 0.1618
INFO:meta-cli.py:Epoch 50/100	Loss 5.6738 ± 0.1510
INFO:meta-cli.py:Epoch 51/100	Loss 5.6708 ± 0.1550
INFO:meta-cli.py:Epoch 51/100	dev results	MRR 0.342647	H@1 0.254719	H@3 0.374793	H@5 0.436812	H@10 0.521158
INFO:meta-cli.py:Epoch 51/100	test results	MRR 0.336528	H@1 0.247948	H@3 0.370883	H@5 0.431643	H@10 0.514048
INFO:meta-cli.py:Epoch 52/100	Loss 5.6683 ± 0.1690
INFO:meta-cli.py:Epoch 53/100	Loss 5.6642 ± 0.1634
INFO:meta-cli.py:Epoch 54/100	Loss 5.6620 ± 0.1703
INFO:meta-cli.py:Epoch 54/100	dev results	MRR 0.342735	H@1 0.254548	H@3 0.374879	H@5 0.437582	H@10 0.520188
INFO:meta-cli.py:Epoch 54/100	test results	MRR 0.336492	H@1 0.247752	H@3 0.370126	H@5 0.431667	H@10 0.513144
INFO:meta-cli.py:Epoch 55/100	Loss 5.6588 ± 0.1508
INFO:meta-cli.py:Epoch 56/100	Loss 5.6567 ± 0.1594
INFO:meta-cli.py:Epoch 57/100	Loss 5.6542 ± 0.1560
INFO:meta-cli.py:Epoch 57/100	dev results	MRR 0.342394	H@1 0.254149	H@3 0.374964	H@5 0.437582	H@10 0.520473
INFO:meta-cli.py:Epoch 57/100	test results	MRR 0.336782	H@1 0.248241	H@3 0.370370	H@5 0.432815	H@10 0.513779
INFO:meta-cli.py:Epoch 58/100	Loss 5.6518 ± 0.1615
INFO:meta-cli.py:Epoch 59/100	Loss 5.6484 ± 0.1469
INFO:meta-cli.py:Epoch 60/100	Loss 5.6467 ± 0.1545
INFO:meta-cli.py:Epoch 60/100	dev results	MRR 0.343624	H@1 0.255831	H@3 0.375877	H@5 0.436071	H@10 0.519818
INFO:meta-cli.py:Epoch 60/100	test results	MRR 0.336933	H@1 0.248168	H@3 0.370541	H@5 0.432278	H@10 0.513584
INFO:meta-cli.py:Epoch 61/100	Loss 5.6443 ± 0.1513
INFO:meta-cli.py:Epoch 62/100	Loss 5.6416 ± 0.1527
INFO:meta-cli.py:Epoch 63/100	Loss 5.6392 ± 0.1461
INFO:meta-cli.py:Epoch 63/100	dev results	MRR 0.342808	H@1 0.254520	H@3 0.375677	H@5 0.435985	H@10 0.521756
INFO:meta-cli.py:Epoch 63/100	test results	MRR 0.336259	H@1 0.246995	H@3 0.371201	H@5 0.431545	H@10 0.515147
INFO:meta-cli.py:Epoch 64/100	Loss 5.6374 ± 0.1590
INFO:meta-cli.py:Epoch 65/100	Loss 5.6352 ± 0.1505
INFO:meta-cli.py:Epoch 66/100	Loss 5.6331 ± 0.1481
INFO:meta-cli.py:Epoch 66/100	dev results	MRR 0.343140	H@1 0.255289	H@3 0.375620	H@5 0.437268	H@10 0.521215
INFO:meta-cli.py:Epoch 66/100	test results	MRR 0.337374	H@1 0.248803	H@3 0.371274	H@5 0.432376	H@10 0.514341
INFO:meta-cli.py:Epoch 67/100	Loss 5.6310 ± 0.1484
INFO:meta-cli.py:Epoch 68/100	Loss 5.6291 ± 0.1493
INFO:meta-cli.py:Epoch 69/100	Loss 5.6266 ± 0.1556
INFO:meta-cli.py:Epoch 69/100	dev results	MRR 0.343610	H@1 0.255860	H@3 0.375278	H@5 0.436898	H@10 0.521072
INFO:meta-cli.py:Epoch 69/100	test results	MRR 0.336336	H@1 0.247288	H@3 0.370444	H@5 0.431838	H@10 0.514512
INFO:meta-cli.py:Epoch 70/100	Loss 5.6245 ± 0.1443
INFO:meta-cli.py:Epoch 71/100	Loss 5.6228 ± 0.1494
INFO:meta-cli.py:Epoch 72/100	Loss 5.6212 ± 0.1497
INFO:meta-cli.py:Epoch 72/100	dev results	MRR 0.343867	H@1 0.256430	H@3 0.376305	H@5 0.436185	H@10 0.521386
INFO:meta-cli.py:Epoch 72/100	test results	MRR 0.337487	H@1 0.248681	H@3 0.370835	H@5 0.433353	H@10 0.514463
INFO:meta-cli.py:Epoch 73/100	Loss 5.6197 ± 0.1532
INFO:meta-cli.py:Epoch 74/100	Loss 5.6175 ± 0.1491
INFO:meta-cli.py:Epoch 75/100	Loss 5.6159 ± 0.1522
INFO:meta-cli.py:Epoch 75/100	dev results	MRR 0.343679	H@1 0.255204	H@3 0.376390	H@5 0.437553	H@10 0.521614
INFO:meta-cli.py:Epoch 75/100	test results	MRR 0.337670	H@1 0.248974	H@3 0.371177	H@5 0.433157	H@10 0.515025
INFO:meta-cli.py:Epoch 76/100	Loss 5.6143 ± 0.1472
INFO:meta-cli.py:Epoch 77/100	Loss 5.6128 ± 0.1485
INFO:meta-cli.py:Epoch 78/100	Loss 5.6109 ± 0.1487
INFO:meta-cli.py:Epoch 78/100	dev results	MRR 0.343458	H@1 0.255803	H@3 0.375620	H@5 0.437126	H@10 0.520958
INFO:meta-cli.py:Epoch 78/100	test results	MRR 0.337580	H@1 0.248974	H@3 0.371616	H@5 0.432229	H@10 0.514487
INFO:meta-cli.py:Epoch 79/100	Loss 5.6097 ± 0.1432
INFO:meta-cli.py:Epoch 80/100	Loss 5.6079 ± 0.1468
INFO:meta-cli.py:Epoch 81/100	Loss 5.6061 ± 0.1433
INFO:meta-cli.py:Epoch 81/100	dev results	MRR 0.343936	H@1 0.255717	H@3 0.377160	H@5 0.437753	H@10 0.520844
INFO:meta-cli.py:Epoch 81/100	test results	MRR 0.337234	H@1 0.248314	H@3 0.371006	H@5 0.433280	H@10 0.514610
INFO:meta-cli.py:Epoch 82/100	Loss 5.6045 ± 0.1448
INFO:meta-cli.py:Epoch 83/100	Loss 5.6032 ± 0.1428
INFO:meta-cli.py:Epoch 84/100	Loss 5.6015 ± 0.1364
INFO:meta-cli.py:Epoch 84/100	dev results	MRR 0.343439	H@1 0.255518	H@3 0.375506	H@5 0.437069	H@10 0.521215
INFO:meta-cli.py:Epoch 84/100	test results	MRR 0.337424	H@1 0.248681	H@3 0.371616	H@5 0.432913	H@10 0.514732
INFO:meta-cli.py:Epoch 85/100	Loss 5.5999 ± 0.1399
INFO:meta-cli.py:Epoch 86/100	Loss 5.5986 ± 0.1405
INFO:meta-cli.py:Epoch 87/100	Loss 5.5975 ± 0.1386
INFO:meta-cli.py:Epoch 87/100	dev results	MRR 0.343493	H@1 0.255147	H@3 0.375763	H@5 0.436299	H@10 0.521671
INFO:meta-cli.py:Epoch 87/100	test results	MRR 0.337816	H@1 0.249145	H@3 0.371152	H@5 0.432278	H@10 0.515343
INFO:meta-cli.py:Epoch 88/100	Loss 5.5962 ± 0.1430
INFO:meta-cli.py:Epoch 89/100	Loss 5.5946 ± 0.1431
INFO:meta-cli.py:Epoch 90/100	Loss 5.5933 ± 0.1386
INFO:meta-cli.py:Epoch 90/100	dev results	MRR 0.343641	H@1 0.255546	H@3 0.375677	H@5 0.437725	H@10 0.521928
INFO:meta-cli.py:Epoch 90/100	test results	MRR 0.337623	H@1 0.248754	H@3 0.371372	H@5 0.432889	H@10 0.514903
INFO:meta-cli.py:Epoch 91/100	Loss 5.5920 ± 0.1378
INFO:meta-cli.py:Epoch 92/100	Loss 5.5906 ± 0.1404
INFO:meta-cli.py:Epoch 93/100	Loss 5.5893 ± 0.1429
INFO:meta-cli.py:Epoch 93/100	dev results	MRR 0.343950	H@1 0.256202	H@3 0.375563	H@5 0.437924	H@10 0.521414
INFO:meta-cli.py:Epoch 93/100	test results	MRR 0.337615	H@1 0.248754	H@3 0.371201	H@5 0.433280	H@10 0.514390
INFO:meta-cli.py:Epoch 94/100	Loss 5.5883 ± 0.1289
INFO:meta-cli.py:Epoch 95/100	Loss 5.5874 ± 0.1443
INFO:meta-cli.py:Epoch 96/100	Loss 5.5853 ± 0.1406
INFO:meta-cli.py:Epoch 96/100	dev results	MRR 0.343519	H@1 0.255318	H@3 0.376248	H@5 0.437382	H@10 0.521728
INFO:meta-cli.py:Epoch 96/100	test results	MRR 0.337858	H@1 0.249536	H@3 0.370859	H@5 0.432913	H@10 0.514487
INFO:meta-cli.py:Epoch 97/100	Loss 5.5847 ± 0.1364
INFO:meta-cli.py:Epoch 98/100	Loss 5.5829 ± 0.1343
INFO:meta-cli.py:Epoch 99/100	Loss 5.5823 ± 0.1345
INFO:meta-cli.py:Epoch 99/100	dev results	MRR 0.343593	H@1 0.255346	H@3 0.375877	H@5 0.437411	H@10 0.521528
INFO:meta-cli.py:Epoch 99/100	test results	MRR 0.337773	H@1 0.249023	H@3 0.371054	H@5 0.432913	H@10 0.514854
INFO:meta-cli.py:Epoch 100/100	Loss 5.5810 ± 0.1374
INFO:meta-cli.py:Final 	dev results	MRR 0.343867	H@1 0.256059	H@3 0.375734	H@5 0.437439	H@10 0.521557
INFO:meta-cli.py:Final 	test results	MRR 0.337712	H@1 0.248730	H@3 0.371787	H@5 0.433109	H@10 0.514976
INFO:meta-cli.py:Training finished
