./bin/meta-cli.py --train data/fb15k-237/train.tsv --dev data/fb15k-237/dev.tsv --test data/fb15k-237/test.tsv -m complex -k 4000 -b 1000 -e 100 --F2 0 --N3 0.005 -l 0.1 -I standard -V 3 -o adagrad -q
{'F2': 0.0,
 'N3': 0.005,
 'batch_size': 1000,
 'dev': 'data/fb15k-237/dev.tsv',
 'embedding_size': 4000,
 'epochs': 100,
 'eval_batch_size': None,
 'input_type': 'standard',
 'learning_rate': 0.1,
 'load': None,
 'model': 'complex',
 'optimizer': 'adagrad',
 'quiet': True,
 'save': None,
 'seed': 0,
 'test': 'data/fb15k-237/test.tsv',
 'test_i': None,
 'test_ii': None,
 'train': 'data/fb15k-237/train.tsv',
 'validate_every': 3}
INFO:meta-cli.py:Device: cuda
INFO:meta-cli.py:Model state:
INFO:meta-cli.py:	entities.weight	torch.Size([14541, 8000])
INFO:meta-cli.py:	predicates.weight	torch.Size([237, 8000])
INFO:meta-cli.py:Epoch 1/100	Loss 12.6468 ± 2.2792
INFO:meta-cli.py:Epoch 2/100	Loss 8.5961 ± 0.1290
INFO:meta-cli.py:Epoch 3/100	Loss 7.6949 ± 0.2237
INFO:meta-cli.py:Epoch 3/100	dev results	MRR 0.321006	H@1 0.229455	H@3 0.353037	H@5 0.418278	H@10 0.505646
INFO:meta-cli.py:Epoch 3/100	test results	MRR 0.314751	H@1 0.222369	H@3 0.347772	H@5 0.412147	H@10 0.501612
INFO:meta-cli.py:Epoch 4/100	Loss 7.3133 ± 0.2462
INFO:meta-cli.py:Epoch 5/100	Loss 7.0940 ± 0.2558
INFO:meta-cli.py:Epoch 6/100	Loss 6.9424 ± 0.2496
INFO:meta-cli.py:Epoch 6/100	dev results	MRR 0.337514	H@1 0.244368	H@3 0.371543	H@5 0.436784	H@10 0.522840
INFO:meta-cli.py:Epoch 6/100	test results	MRR 0.331678	H@1 0.237882	H@3 0.366144	H@5 0.432571	H@10 0.520693
INFO:meta-cli.py:Epoch 7/100	Loss 6.8338 ± 0.2457
INFO:meta-cli.py:Epoch 8/100	Loss 6.7457 ± 0.2431
INFO:meta-cli.py:Epoch 9/100	Loss 6.6770 ± 0.2461
INFO:meta-cli.py:Epoch 9/100	dev results	MRR 0.344785	H@1 0.253436	H@3 0.378015	H@5 0.440890	H@10 0.530396
INFO:meta-cli.py:Epoch 9/100	test results	MRR 0.339293	H@1 0.246555	H@3 0.373888	H@5 0.436822	H@10 0.524871
INFO:meta-cli.py:Epoch 10/100	Loss 6.6186 ± 0.2349
INFO:meta-cli.py:Epoch 11/100	Loss 6.5671 ± 0.2401
INFO:meta-cli.py:Epoch 12/100	Loss 6.5268 ± 0.2421
INFO:meta-cli.py:Epoch 12/100	dev results	MRR 0.347142	H@1 0.255289	H@3 0.381437	H@5 0.444112	H@10 0.532906
INFO:meta-cli.py:Epoch 12/100	test results	MRR 0.340984	H@1 0.248412	H@3 0.374963	H@5 0.440120	H@10 0.528633
INFO:meta-cli.py:Epoch 13/100	Loss 6.4888 ± 0.2290
INFO:meta-cli.py:Epoch 14/100	Loss 6.4557 ± 0.2321
INFO:meta-cli.py:Epoch 15/100	Loss 6.4246 ± 0.2236
INFO:meta-cli.py:Epoch 15/100	dev results	MRR 0.350386	H@1 0.257628	H@3 0.385087	H@5 0.448731	H@10 0.535757
INFO:meta-cli.py:Epoch 15/100	test results	MRR 0.343808	H@1 0.250880	H@3 0.378090	H@5 0.443687	H@10 0.532151
INFO:meta-cli.py:Epoch 16/100	Loss 6.3987 ± 0.2214
INFO:meta-cli.py:Epoch 17/100	Loss 6.3755 ± 0.2213
INFO:meta-cli.py:Epoch 18/100	Loss 6.3532 ± 0.2188
INFO:meta-cli.py:Epoch 18/100	dev results	MRR 0.353190	H@1 0.261277	H@3 0.387824	H@5 0.451896	H@10 0.537553
INFO:meta-cli.py:Epoch 18/100	test results	MRR 0.345733	H@1 0.253078	H@3 0.379556	H@5 0.444689	H@10 0.534032
INFO:meta-cli.py:Epoch 19/100	Loss 6.3323 ± 0.2092
INFO:meta-cli.py:Epoch 20/100	Loss 6.3144 ± 0.2098
INFO:meta-cli.py:Epoch 21/100	Loss 6.2982 ± 0.1994
INFO:meta-cli.py:Epoch 21/100	dev results	MRR 0.352757	H@1 0.260279	H@3 0.387596	H@5 0.451383	H@10 0.538152
INFO:meta-cli.py:Epoch 21/100	test results	MRR 0.346795	H@1 0.253713	H@3 0.381462	H@5 0.446594	H@10 0.532908
INFO:meta-cli.py:Epoch 22/100	Loss 6.2831 ± 0.2035
INFO:meta-cli.py:Epoch 23/100	Loss 6.2663 ± 0.2026
INFO:meta-cli.py:Epoch 24/100	Loss 6.2541 ± 0.1968
INFO:meta-cli.py:Epoch 24/100	dev results	MRR 0.353109	H@1 0.259994	H@3 0.388252	H@5 0.452409	H@10 0.537354
INFO:meta-cli.py:Epoch 24/100	test results	MRR 0.347216	H@1 0.254544	H@3 0.380558	H@5 0.447816	H@10 0.536280
INFO:meta-cli.py:Epoch 25/100	Loss 6.2398 ± 0.1973
INFO:meta-cli.py:Epoch 26/100	Loss 6.2269 ± 0.1947
INFO:meta-cli.py:Epoch 27/100	Loss 6.2172 ± 0.1945
INFO:meta-cli.py:Epoch 27/100	dev results	MRR 0.354266	H@1 0.261420	H@3 0.389307	H@5 0.455175	H@10 0.540490
INFO:meta-cli.py:Epoch 27/100	test results	MRR 0.347581	H@1 0.253713	H@3 0.383319	H@5 0.450088	H@10 0.536133
INFO:meta-cli.py:Epoch 28/100	Loss 6.2066 ± 0.1874
INFO:meta-cli.py:Epoch 29/100	Loss 6.1955 ± 0.1852
INFO:meta-cli.py:Epoch 30/100	Loss 6.1858 ± 0.1851
INFO:meta-cli.py:Epoch 30/100	dev results	MRR 0.354713	H@1 0.262760	H@3 0.388680	H@5 0.455232	H@10 0.540291
INFO:meta-cli.py:Epoch 30/100	test results	MRR 0.347627	H@1 0.253982	H@3 0.383416	H@5 0.448647	H@10 0.536109
INFO:meta-cli.py:Epoch 31/100	Loss 6.1763 ± 0.1835
INFO:meta-cli.py:Epoch 32/100	Loss 6.1675 ± 0.1855
INFO:meta-cli.py:Epoch 33/100	Loss 6.1594 ± 0.1771
INFO:meta-cli.py:Epoch 33/100	dev results	MRR 0.355250	H@1 0.262960	H@3 0.390163	H@5 0.454520	H@10 0.539977
INFO:meta-cli.py:Epoch 33/100	test results	MRR 0.348179	H@1 0.254959	H@3 0.382586	H@5 0.449331	H@10 0.536817
INFO:meta-cli.py:Epoch 34/100	Loss 6.1505 ± 0.1759
INFO:meta-cli.py:Epoch 35/100	Loss 6.1437 ± 0.1815
INFO:meta-cli.py:Epoch 36/100	Loss 6.1362 ± 0.1686
INFO:meta-cli.py:Epoch 36/100	dev results	MRR 0.354980	H@1 0.262561	H@3 0.390590	H@5 0.453636	H@10 0.540234
INFO:meta-cli.py:Epoch 36/100	test results	MRR 0.349051	H@1 0.255424	H@3 0.385175	H@5 0.450112	H@10 0.536304
INFO:meta-cli.py:Epoch 37/100	Loss 6.1289 ± 0.1684
INFO:meta-cli.py:Epoch 38/100	Loss 6.1235 ± 0.1812
INFO:meta-cli.py:Epoch 39/100	Loss 6.1159 ± 0.1674
INFO:meta-cli.py:Epoch 39/100	dev results	MRR 0.355258	H@1 0.262504	H@3 0.391588	H@5 0.455575	H@10 0.540234
INFO:meta-cli.py:Epoch 39/100	test results	MRR 0.348633	H@1 0.254911	H@3 0.384198	H@5 0.449624	H@10 0.536597
INFO:meta-cli.py:Epoch 40/100	Loss 6.1103 ± 0.1743
INFO:meta-cli.py:Epoch 41/100	Loss 6.1030 ± 0.1706
INFO:meta-cli.py:Epoch 42/100	Loss 6.0975 ± 0.1634
INFO:meta-cli.py:Epoch 42/100	dev results	MRR 0.356864	H@1 0.265298	H@3 0.391104	H@5 0.456715	H@10 0.540319
INFO:meta-cli.py:Epoch 42/100	test results	MRR 0.350051	H@1 0.257867	H@3 0.384638	H@5 0.449062	H@10 0.534960
INFO:meta-cli.py:Epoch 43/100	Loss 6.0918 ± 0.1661
INFO:meta-cli.py:Epoch 44/100	Loss 6.0862 ± 0.1632
INFO:meta-cli.py:Epoch 45/100	Loss 6.0822 ± 0.1696
INFO:meta-cli.py:Epoch 45/100	dev results	MRR 0.357050	H@1 0.265612	H@3 0.392444	H@5 0.456287	H@10 0.541660
INFO:meta-cli.py:Epoch 45/100	test results	MRR 0.350245	H@1 0.257916	H@3 0.385713	H@5 0.452067	H@10 0.535498
INFO:meta-cli.py:Epoch 46/100	Loss 6.0767 ± 0.1648
INFO:meta-cli.py:Epoch 47/100	Loss 6.0713 ± 0.1649
INFO:meta-cli.py:Epoch 48/100	Loss 6.0663 ± 0.1658
INFO:meta-cli.py:Epoch 48/100	dev results	MRR 0.355911	H@1 0.263445	H@3 0.391417	H@5 0.455945	H@10 0.540376
INFO:meta-cli.py:Epoch 48/100	test results	MRR 0.349944	H@1 0.256572	H@3 0.385273	H@5 0.449990	H@10 0.536035
INFO:meta-cli.py:Epoch 49/100	Loss 6.0622 ± 0.1616
INFO:meta-cli.py:Epoch 50/100	Loss 6.0572 ± 0.1490
INFO:meta-cli.py:Epoch 51/100	Loss 6.0536 ± 0.1538
INFO:meta-cli.py:Epoch 51/100	dev results	MRR 0.356546	H@1 0.264414	H@3 0.391987	H@5 0.454890	H@10 0.540804
INFO:meta-cli.py:Epoch 51/100	test results	MRR 0.349541	H@1 0.256132	H@3 0.385175	H@5 0.449062	H@10 0.536988
INFO:meta-cli.py:Epoch 52/100	Loss 6.0505 ± 0.1699
INFO:meta-cli.py:Epoch 53/100	Loss 6.0440 ± 0.1617
INFO:meta-cli.py:Epoch 54/100	Loss 6.0416 ± 0.1702
INFO:meta-cli.py:Epoch 54/100	dev results	MRR 0.357094	H@1 0.265355	H@3 0.391816	H@5 0.455603	H@10 0.541545
INFO:meta-cli.py:Epoch 54/100	test results	MRR 0.349850	H@1 0.257183	H@3 0.384100	H@5 0.449966	H@10 0.536402
INFO:meta-cli.py:Epoch 55/100	Loss 6.0364 ± 0.1500
INFO:meta-cli.py:Epoch 56/100	Loss 6.0346 ± 0.1616
INFO:meta-cli.py:Epoch 57/100	Loss 6.0309 ± 0.1539
INFO:meta-cli.py:Epoch 57/100	dev results	MRR 0.357244	H@1 0.265754	H@3 0.391474	H@5 0.457342	H@10 0.542002
INFO:meta-cli.py:Epoch 57/100	test results	MRR 0.350045	H@1 0.257329	H@3 0.384491	H@5 0.451847	H@10 0.536939
INFO:meta-cli.py:Epoch 58/100	Loss 6.0275 ± 0.1618
INFO:meta-cli.py:Epoch 59/100	Loss 6.0220 ± 0.1460
INFO:meta-cli.py:Epoch 60/100	Loss 6.0206 ± 0.1520
INFO:meta-cli.py:Epoch 60/100	dev results	MRR 0.357869	H@1 0.266267	H@3 0.391560	H@5 0.456544	H@10 0.541317
INFO:meta-cli.py:Epoch 60/100	test results	MRR 0.350786	H@1 0.258209	H@3 0.385322	H@5 0.450772	H@10 0.536671
INFO:meta-cli.py:Epoch 61/100	Loss 6.0172 ± 0.1513
INFO:meta-cli.py:Epoch 62/100	Loss 6.0132 ± 0.1523
INFO:meta-cli.py:Epoch 63/100	Loss 6.0093 ± 0.1445
INFO:meta-cli.py:Epoch 63/100	dev results	MRR 0.357153	H@1 0.264528	H@3 0.393470	H@5 0.455888	H@10 0.541403
INFO:meta-cli.py:Epoch 63/100	test results	MRR 0.350962	H@1 0.257940	H@3 0.387008	H@5 0.451505	H@10 0.536573
INFO:meta-cli.py:Epoch 64/100	Loss 6.0076 ± 0.1562
INFO:meta-cli.py:Epoch 65/100	Loss 6.0045 ± 0.1467
INFO:meta-cli.py:Epoch 66/100	Loss 6.0014 ± 0.1455
INFO:meta-cli.py:Epoch 66/100	dev results	MRR 0.356568	H@1 0.264614	H@3 0.391132	H@5 0.456259	H@10 0.540861
INFO:meta-cli.py:Epoch 66/100	test results	MRR 0.350422	H@1 0.256938	H@3 0.386373	H@5 0.451945	H@10 0.536182
INFO:meta-cli.py:Epoch 67/100	Loss 5.9986 ± 0.1456
INFO:meta-cli.py:Epoch 68/100	Loss 5.9964 ± 0.1488
INFO:meta-cli.py:Epoch 69/100	Loss 5.9924 ± 0.1516
INFO:meta-cli.py:Epoch 69/100	dev results	MRR 0.357364	H@1 0.265754	H@3 0.391702	H@5 0.455375	H@10 0.542201
INFO:meta-cli.py:Epoch 69/100	test results	MRR 0.350644	H@1 0.257916	H@3 0.385542	H@5 0.450821	H@10 0.537428
INFO:meta-cli.py:Epoch 70/100	Loss 5.9895 ± 0.1412
INFO:meta-cli.py:Epoch 71/100	Loss 5.9874 ± 0.1479
INFO:meta-cli.py:Epoch 72/100	Loss 5.9853 ± 0.1438
INFO:meta-cli.py:Epoch 72/100	dev results	MRR 0.358160	H@1 0.266638	H@3 0.392643	H@5 0.457599	H@10 0.542486
INFO:meta-cli.py:Epoch 72/100	test results	MRR 0.351817	H@1 0.259039	H@3 0.387472	H@5 0.453044	H@10 0.536622
INFO:meta-cli.py:Epoch 73/100	Loss 5.9834 ± 0.1508
INFO:meta-cli.py:Epoch 74/100	Loss 5.9799 ± 0.1463
INFO:meta-cli.py:Epoch 75/100	Loss 5.9780 ± 0.1469
INFO:meta-cli.py:Epoch 75/100	dev results	MRR 0.357914	H@1 0.266011	H@3 0.393841	H@5 0.457371	H@10 0.541603
INFO:meta-cli.py:Epoch 75/100	test results	MRR 0.351319	H@1 0.258624	H@3 0.386348	H@5 0.451847	H@10 0.536964
INFO:meta-cli.py:Epoch 76/100	Loss 5.9758 ± 0.1413
INFO:meta-cli.py:Epoch 77/100	Loss 5.9739 ± 0.1456
INFO:meta-cli.py:Epoch 78/100	Loss 5.9709 ± 0.1436
INFO:meta-cli.py:Epoch 78/100	dev results	MRR 0.356390	H@1 0.264585	H@3 0.390163	H@5 0.455717	H@10 0.541004
INFO:meta-cli.py:Epoch 78/100	test results	MRR 0.350484	H@1 0.257500	H@3 0.385762	H@5 0.451163	H@10 0.536035
INFO:meta-cli.py:Epoch 79/100	Loss 5.9696 ± 0.1392
INFO:meta-cli.py:Epoch 80/100	Loss 5.9671 ± 0.1444
INFO:meta-cli.py:Epoch 81/100	Loss 5.9643 ± 0.1365
INFO:meta-cli.py:Epoch 81/100	dev results	MRR 0.357504	H@1 0.265583	H@3 0.391759	H@5 0.456829	H@10 0.541603
INFO:meta-cli.py:Epoch 81/100	test results	MRR 0.351188	H@1 0.258746	H@3 0.386715	H@5 0.451212	H@10 0.535938
INFO:meta-cli.py:Epoch 82/100	Loss 5.9621 ± 0.1391
INFO:meta-cli.py:Epoch 83/100	Loss 5.9602 ± 0.1384
INFO:meta-cli.py:Epoch 84/100	Loss 5.9577 ± 0.1312
INFO:meta-cli.py:Epoch 84/100	dev results	MRR 0.357334	H@1 0.265754	H@3 0.392301	H@5 0.456202	H@10 0.541545
INFO:meta-cli.py:Epoch 84/100	test results	MRR 0.351452	H@1 0.258771	H@3 0.386617	H@5 0.450699	H@10 0.536768
INFO:meta-cli.py:Epoch 85/100	Loss 5.9556 ± 0.1349
INFO:meta-cli.py:Epoch 86/100	Loss 5.9542 ± 0.1336
INFO:meta-cli.py:Epoch 87/100	Loss 5.9529 ± 0.1358
INFO:meta-cli.py:Epoch 87/100	dev results	MRR 0.357867	H@1 0.266096	H@3 0.392273	H@5 0.457399	H@10 0.541973
INFO:meta-cli.py:Epoch 87/100	test results	MRR 0.351246	H@1 0.258111	H@3 0.387130	H@5 0.451700	H@10 0.537403
INFO:meta-cli.py:Epoch 88/100	Loss 5.9510 ± 0.1397
INFO:meta-cli.py:Epoch 89/100	Loss 5.9485 ± 0.1371
INFO:meta-cli.py:Epoch 90/100	Loss 5.9469 ± 0.1294
INFO:meta-cli.py:Epoch 90/100	dev results	MRR 0.357547	H@1 0.265840	H@3 0.392358	H@5 0.456459	H@10 0.541488
INFO:meta-cli.py:Epoch 90/100	test results	MRR 0.351061	H@1 0.258111	H@3 0.386861	H@5 0.451285	H@10 0.536109
INFO:meta-cli.py:Epoch 91/100	Loss 5.9448 ± 0.1302
INFO:meta-cli.py:Epoch 92/100	Loss 5.9428 ± 0.1351
INFO:meta-cli.py:Epoch 93/100	Loss 5.9412 ± 0.1368
INFO:meta-cli.py:Epoch 93/100	dev results	MRR 0.357694	H@1 0.266096	H@3 0.391788	H@5 0.456972	H@10 0.541004
INFO:meta-cli.py:Epoch 93/100	test results	MRR 0.351689	H@1 0.258868	H@3 0.387692	H@5 0.452800	H@10 0.537061
INFO:meta-cli.py:Epoch 94/100	Loss 5.9402 ± 0.1227
INFO:meta-cli.py:Epoch 95/100	Loss 5.9393 ± 0.1414
INFO:meta-cli.py:Epoch 96/100	Loss 5.9355 ± 0.1358
INFO:meta-cli.py:Epoch 96/100	dev results	MRR 0.357714	H@1 0.266210	H@3 0.391845	H@5 0.455746	H@10 0.542230
INFO:meta-cli.py:Epoch 96/100	test results	MRR 0.352009	H@1 0.259357	H@3 0.387570	H@5 0.452140	H@10 0.537550
INFO:meta-cli.py:Epoch 97/100	Loss 5.9353 ± 0.1303
INFO:meta-cli.py:Epoch 98/100	Loss 5.9322 ± 0.1238
INFO:meta-cli.py:Epoch 99/100	Loss 5.9319 ± 0.1271
INFO:meta-cli.py:Epoch 99/100	dev results	MRR 0.357494	H@1 0.265498	H@3 0.392016	H@5 0.456145	H@10 0.542144
INFO:meta-cli.py:Epoch 99/100	test results	MRR 0.351722	H@1 0.258771	H@3 0.387570	H@5 0.451920	H@10 0.536768
INFO:meta-cli.py:Epoch 100/100	Loss 5.9300 ± 0.1310
INFO:meta-cli.py:Final 	dev results	MRR 0.357263	H@1 0.265155	H@3 0.392330	H@5 0.456744	H@10 0.540890
INFO:meta-cli.py:Final 	test results	MRR 0.351313	H@1 0.258135	H@3 0.387081	H@5 0.452213	H@10 0.536890
INFO:meta-cli.py:Training finished
