./bin/meta-cli.py --train data/fb15k-237/train.tsv --dev data/fb15k-237/dev.tsv --test data/fb15k-237/test.tsv -m complex -k 2000 -b 500 -e 100 --F2 0 --N3 0.05 -l 0.1 -I standard -V 3 -o adagrad -q
{'F2': 0.0,
 'N3': 0.05,
 'batch_size': 500,
 'dev': 'data/fb15k-237/dev.tsv',
 'embedding_size': 2000,
 'epochs': 100,
 'eval_batch_size': None,
 'input_type': 'standard',
 'learning_rate': 0.1,
 'load': None,
 'model': 'complex',
 'optimizer': 'adagrad',
 'quiet': True,
 'save': None,
 'seed': 0,
 'test': 'data/fb15k-237/test.tsv',
 'test_i': None,
 'test_ii': None,
 'train': 'data/fb15k-237/train.tsv',
 'validate_every': 3}
INFO:meta-cli.py:Device: cuda
INFO:meta-cli.py:Model state:
INFO:meta-cli.py:	entities.weight	torch.Size([14541, 4000])
INFO:meta-cli.py:	predicates.weight	torch.Size([237, 4000])
INFO:meta-cli.py:Epoch 1/100	Loss 14.3922 ± 1.9649
INFO:meta-cli.py:Epoch 2/100	Loss 11.1406 ± 0.1429
INFO:meta-cli.py:Epoch 3/100	Loss 10.3970 ± 0.2122
INFO:meta-cli.py:Epoch 3/100	dev results	MRR 0.340997	H@1 0.249615	H@3 0.374508	H@5 0.438466	H@10 0.525207
INFO:meta-cli.py:Epoch 3/100	test results	MRR 0.333670	H@1 0.242280	H@3 0.366828	H@5 0.432840	H@10 0.518348
INFO:meta-cli.py:Epoch 4/100	Loss 10.0648 ± 0.2300
INFO:meta-cli.py:Epoch 5/100	Loss 9.8702 ± 0.2315
INFO:meta-cli.py:Epoch 6/100	Loss 9.7370 ± 0.2262
INFO:meta-cli.py:Epoch 6/100	dev results	MRR 0.353582	H@1 0.258455	H@3 0.389421	H@5 0.457656	H@10 0.543941
INFO:meta-cli.py:Epoch 6/100	test results	MRR 0.347145	H@1 0.253323	H@3 0.381193	H@5 0.450015	H@10 0.535425
INFO:meta-cli.py:Epoch 7/100	Loss 9.6397 ± 0.2177
INFO:meta-cli.py:Epoch 8/100	Loss 9.5631 ± 0.2174
INFO:meta-cli.py:Epoch 9/100	Loss 9.5022 ± 0.2183
INFO:meta-cli.py:Epoch 9/100	dev results	MRR 0.358107	H@1 0.263901	H@3 0.393898	H@5 0.458996	H@10 0.548959
INFO:meta-cli.py:Epoch 9/100	test results	MRR 0.351736	H@1 0.257671	H@3 0.385957	H@5 0.453557	H@10 0.539578
INFO:meta-cli.py:Epoch 10/100	Loss 9.4510 ± 0.2114
INFO:meta-cli.py:Epoch 11/100	Loss 9.4070 ± 0.2127
INFO:meta-cli.py:Epoch 12/100	Loss 9.3699 ± 0.2118
INFO:meta-cli.py:Epoch 12/100	dev results	MRR 0.359023	H@1 0.263986	H@3 0.395808	H@5 0.461791	H@10 0.549587
INFO:meta-cli.py:Epoch 12/100	test results	MRR 0.352875	H@1 0.258648	H@3 0.388009	H@5 0.454852	H@10 0.543902
INFO:meta-cli.py:Epoch 13/100	Loss 9.3374 ± 0.1987
INFO:meta-cli.py:Epoch 14/100	Loss 9.3085 ± 0.2067
INFO:meta-cli.py:Epoch 15/100	Loss 9.2824 ± 0.1974
INFO:meta-cli.py:Epoch 15/100	dev results	MRR 0.362022	H@1 0.266496	H@3 0.398916	H@5 0.466011	H@10 0.553037
INFO:meta-cli.py:Epoch 15/100	test results	MRR 0.355434	H@1 0.259943	H@3 0.392749	H@5 0.460031	H@10 0.545661
INFO:meta-cli.py:Epoch 16/100	Loss 9.2589 ± 0.1994
INFO:meta-cli.py:Epoch 17/100	Loss 9.2388 ± 0.1933
INFO:meta-cli.py:Epoch 18/100	Loss 9.2190 ± 0.1921
INFO:meta-cli.py:Epoch 18/100	dev results	MRR 0.363710	H@1 0.268948	H@3 0.398859	H@5 0.466182	H@10 0.554634
INFO:meta-cli.py:Epoch 18/100	test results	MRR 0.355604	H@1 0.260798	H@3 0.390819	H@5 0.458859	H@10 0.547493
INFO:meta-cli.py:Epoch 19/100	Loss 9.2013 ± 0.1846
INFO:meta-cli.py:Epoch 20/100	Loss 9.1857 ± 0.1849
INFO:meta-cli.py:Epoch 21/100	Loss 9.1708 ± 0.1781
INFO:meta-cli.py:Epoch 21/100	dev results	MRR 0.363536	H@1 0.268321	H@3 0.400057	H@5 0.465098	H@10 0.553607
INFO:meta-cli.py:Epoch 21/100	test results	MRR 0.356628	H@1 0.260896	H@3 0.394313	H@5 0.460080	H@10 0.546858
INFO:meta-cli.py:Epoch 22/100	Loss 9.1570 ± 0.1815
INFO:meta-cli.py:Epoch 23/100	Loss 9.1432 ± 0.1811
INFO:meta-cli.py:Epoch 24/100	Loss 9.1319 ± 0.1787
INFO:meta-cli.py:Epoch 24/100	dev results	MRR 0.364519	H@1 0.269518	H@3 0.400456	H@5 0.467265	H@10 0.553978
INFO:meta-cli.py:Epoch 24/100	test results	MRR 0.357913	H@1 0.263144	H@3 0.394874	H@5 0.461888	H@10 0.547689
INFO:meta-cli.py:Epoch 25/100	Loss 9.1196 ± 0.1785
INFO:meta-cli.py:Epoch 26/100	Loss 9.1088 ± 0.1738
INFO:meta-cli.py:Epoch 27/100	Loss 9.0992 ± 0.1745
INFO:meta-cli.py:Epoch 27/100	dev results	MRR 0.365062	H@1 0.269860	H@3 0.400285	H@5 0.467950	H@10 0.558312
INFO:meta-cli.py:Epoch 27/100	test results	MRR 0.358718	H@1 0.264121	H@3 0.394923	H@5 0.461155	H@10 0.548837
INFO:meta-cli.py:Epoch 28/100	Loss 9.0896 ± 0.1705
INFO:meta-cli.py:Epoch 29/100	Loss 9.0804 ± 0.1682
INFO:meta-cli.py:Epoch 30/100	Loss 9.0718 ± 0.1694
INFO:meta-cli.py:Epoch 30/100	dev results	MRR 0.364184	H@1 0.268121	H@3 0.403194	H@5 0.467551	H@10 0.554577
INFO:meta-cli.py:Epoch 30/100	test results	MRR 0.358099	H@1 0.262753	H@3 0.395827	H@5 0.463256	H@10 0.547347
INFO:meta-cli.py:Epoch 31/100	Loss 9.0636 ± 0.1643
INFO:meta-cli.py:Epoch 32/100	Loss 9.0556 ± 0.1667
INFO:meta-cli.py:Epoch 33/100	Loss 9.0482 ± 0.1580
INFO:meta-cli.py:Epoch 33/100	dev results	MRR 0.364660	H@1 0.268634	H@3 0.403450	H@5 0.466781	H@10 0.553949
INFO:meta-cli.py:Epoch 33/100	test results	MRR 0.358164	H@1 0.262338	H@3 0.395778	H@5 0.462474	H@10 0.548153
INFO:meta-cli.py:Epoch 34/100	Loss 9.0411 ± 0.1598
INFO:meta-cli.py:Epoch 35/100	Loss 9.0343 ± 0.1634
INFO:meta-cli.py:Epoch 36/100	Loss 9.0276 ± 0.1540
INFO:meta-cli.py:Epoch 36/100	dev results	MRR 0.364706	H@1 0.269604	H@3 0.401369	H@5 0.467265	H@10 0.555546
INFO:meta-cli.py:Epoch 36/100	test results	MRR 0.358874	H@1 0.264072	H@3 0.395583	H@5 0.462377	H@10 0.547518
INFO:meta-cli.py:Epoch 37/100	Loss 9.0215 ± 0.1555
INFO:meta-cli.py:Epoch 38/100	Loss 9.0157 ± 0.1609
INFO:meta-cli.py:Epoch 39/100	Loss 9.0098 ± 0.1525
INFO:meta-cli.py:Epoch 39/100	dev results	MRR 0.365243	H@1 0.270060	H@3 0.401682	H@5 0.467693	H@10 0.556430
INFO:meta-cli.py:Epoch 39/100	test results	MRR 0.358639	H@1 0.263095	H@3 0.397073	H@5 0.462303	H@10 0.549472
INFO:meta-cli.py:Epoch 40/100	Loss 9.0044 ± 0.1580
INFO:meta-cli.py:Epoch 41/100	Loss 8.9984 ± 0.1547
INFO:meta-cli.py:Epoch 42/100	Loss 8.9936 ± 0.1499
INFO:meta-cli.py:Epoch 42/100	dev results	MRR 0.365917	H@1 0.271400	H@3 0.401255	H@5 0.467265	H@10 0.555917
INFO:meta-cli.py:Epoch 42/100	test results	MRR 0.359157	H@1 0.264463	H@3 0.395558	H@5 0.462377	H@10 0.548373
INFO:meta-cli.py:Epoch 43/100	Loss 8.9886 ± 0.1521
INFO:meta-cli.py:Epoch 44/100	Loss 8.9834 ± 0.1502
INFO:meta-cli.py:Epoch 45/100	Loss 8.9794 ± 0.1554
INFO:meta-cli.py:Epoch 45/100	dev results	MRR 0.365813	H@1 0.270858	H@3 0.402082	H@5 0.467265	H@10 0.556630
INFO:meta-cli.py:Epoch 45/100	test results	MRR 0.359460	H@1 0.264439	H@3 0.396389	H@5 0.462474	H@10 0.548935
INFO:meta-cli.py:Epoch 46/100	Loss 8.9745 ± 0.1516
INFO:meta-cli.py:Epoch 47/100	Loss 8.9700 ± 0.1522
INFO:meta-cli.py:Epoch 48/100	Loss 8.9658 ± 0.1540
INFO:meta-cli.py:Epoch 48/100	dev results	MRR 0.364764	H@1 0.269119	H@3 0.401996	H@5 0.468691	H@10 0.555660
INFO:meta-cli.py:Epoch 48/100	test results	MRR 0.359206	H@1 0.264072	H@3 0.395949	H@5 0.461644	H@10 0.548348
INFO:meta-cli.py:Epoch 49/100	Loss 8.9619 ± 0.1508
INFO:meta-cli.py:Epoch 50/100	Loss 8.9577 ± 0.1408
INFO:meta-cli.py:Epoch 51/100	Loss 8.9539 ± 0.1434
INFO:meta-cli.py:Epoch 51/100	dev results	MRR 0.365948	H@1 0.270830	H@3 0.401882	H@5 0.468435	H@10 0.556772
INFO:meta-cli.py:Epoch 51/100	test results	MRR 0.358858	H@1 0.262753	H@3 0.396487	H@5 0.462987	H@10 0.549326
INFO:meta-cli.py:Epoch 52/100	Loss 8.9507 ± 0.1527
INFO:meta-cli.py:Epoch 53/100	Loss 8.9462 ± 0.1528
INFO:meta-cli.py:Epoch 54/100	Loss 8.9428 ± 0.1531
INFO:meta-cli.py:Epoch 54/100	dev results	MRR 0.366038	H@1 0.271086	H@3 0.403023	H@5 0.467750	H@10 0.556658
INFO:meta-cli.py:Epoch 54/100	test results	MRR 0.359382	H@1 0.264341	H@3 0.395656	H@5 0.462132	H@10 0.548642
INFO:meta-cli.py:Epoch 55/100	Loss 8.9393 ± 0.1413
INFO:meta-cli.py:Epoch 56/100	Loss 8.9365 ± 0.1466
INFO:meta-cli.py:Epoch 57/100	Loss 8.9333 ± 0.1427
INFO:meta-cli.py:Epoch 57/100	dev results	MRR 0.365344	H@1 0.270459	H@3 0.401682	H@5 0.468492	H@10 0.557029
INFO:meta-cli.py:Epoch 57/100	test results	MRR 0.359767	H@1 0.265049	H@3 0.395901	H@5 0.463232	H@10 0.549057
INFO:meta-cli.py:Epoch 58/100	Loss 8.9300 ± 0.1491
INFO:meta-cli.py:Epoch 59/100	Loss 8.9263 ± 0.1367
INFO:meta-cli.py:Epoch 60/100	Loss 8.9239 ± 0.1439
INFO:meta-cli.py:Epoch 60/100	dev results	MRR 0.366494	H@1 0.272084	H@3 0.402566	H@5 0.468577	H@10 0.556373
INFO:meta-cli.py:Epoch 60/100	test results	MRR 0.359547	H@1 0.264658	H@3 0.397195	H@5 0.462328	H@10 0.549375
INFO:meta-cli.py:Epoch 61/100	Loss 8.9208 ± 0.1384
INFO:meta-cli.py:Epoch 62/100	Loss 8.9178 ± 0.1410
INFO:meta-cli.py:Epoch 63/100	Loss 8.9148 ± 0.1378
INFO:meta-cli.py:Epoch 63/100	dev results	MRR 0.366389	H@1 0.271286	H@3 0.402851	H@5 0.469119	H@10 0.557656
INFO:meta-cli.py:Epoch 63/100	test results	MRR 0.359373	H@1 0.263730	H@3 0.396609	H@5 0.463403	H@10 0.549277
INFO:meta-cli.py:Epoch 64/100	Loss 8.9122 ± 0.1459
INFO:meta-cli.py:Epoch 65/100	Loss 8.9096 ± 0.1396
INFO:meta-cli.py:Epoch 66/100	Loss 8.9070 ± 0.1386
INFO:meta-cli.py:Epoch 66/100	dev results	MRR 0.365721	H@1 0.270573	H@3 0.401654	H@5 0.469290	H@10 0.556972
INFO:meta-cli.py:Epoch 66/100	test results	MRR 0.360551	H@1 0.266198	H@3 0.396804	H@5 0.462499	H@10 0.548300
INFO:meta-cli.py:Epoch 67/100	Loss 8.9043 ± 0.1348
INFO:meta-cli.py:Epoch 68/100	Loss 8.9019 ± 0.1386
INFO:meta-cli.py:Epoch 69/100	Loss 8.8988 ± 0.1430
INFO:meta-cli.py:Epoch 69/100	dev results	MRR 0.366296	H@1 0.271742	H@3 0.401739	H@5 0.469661	H@10 0.556373
INFO:meta-cli.py:Epoch 69/100	test results	MRR 0.359838	H@1 0.264536	H@3 0.397195	H@5 0.463500	H@10 0.549692
INFO:meta-cli.py:Epoch 70/100	Loss 8.8966 ± 0.1345
INFO:meta-cli.py:Epoch 71/100	Loss 8.8942 ± 0.1380
INFO:meta-cli.py:Epoch 72/100	Loss 8.8921 ± 0.1372
INFO:meta-cli.py:Epoch 72/100	dev results	MRR 0.366790	H@1 0.272170	H@3 0.403707	H@5 0.469176	H@10 0.556687
INFO:meta-cli.py:Epoch 72/100	test results	MRR 0.360503	H@1 0.265856	H@3 0.396438	H@5 0.463818	H@10 0.549814
INFO:meta-cli.py:Epoch 73/100	Loss 8.8899 ± 0.1424
INFO:meta-cli.py:Epoch 74/100	Loss 8.8876 ± 0.1415
INFO:meta-cli.py:Epoch 75/100	Loss 8.8854 ± 0.1416
INFO:meta-cli.py:Epoch 75/100	dev results	MRR 0.366686	H@1 0.272084	H@3 0.404220	H@5 0.468121	H@10 0.557998
INFO:meta-cli.py:Epoch 75/100	test results	MRR 0.360325	H@1 0.265514	H@3 0.398417	H@5 0.463354	H@10 0.549008
INFO:meta-cli.py:Epoch 76/100	Loss 8.8832 ± 0.1373
INFO:meta-cli.py:Epoch 77/100	Loss 8.8814 ± 0.1359
INFO:meta-cli.py:Epoch 78/100	Loss 8.8790 ± 0.1374
INFO:meta-cli.py:Epoch 78/100	dev results	MRR 0.366029	H@1 0.271685	H@3 0.401711	H@5 0.467693	H@10 0.556915
INFO:meta-cli.py:Epoch 78/100	test results	MRR 0.360327	H@1 0.265587	H@3 0.397415	H@5 0.463158	H@10 0.548666
INFO:meta-cli.py:Epoch 79/100	Loss 8.8775 ± 0.1369
INFO:meta-cli.py:Epoch 80/100	Loss 8.8752 ± 0.1331
INFO:meta-cli.py:Epoch 81/100	Loss 8.8731 ± 0.1338
INFO:meta-cli.py:Epoch 81/100	dev results	MRR 0.366610	H@1 0.272313	H@3 0.401454	H@5 0.468406	H@10 0.557542
INFO:meta-cli.py:Epoch 81/100	test results	MRR 0.359973	H@1 0.265245	H@3 0.397635	H@5 0.462474	H@10 0.548666
INFO:meta-cli.py:Epoch 82/100	Loss 8.8709 ± 0.1358
INFO:meta-cli.py:Epoch 83/100	Loss 8.8694 ± 0.1302
INFO:meta-cli.py:Epoch 84/100	Loss 8.8671 ± 0.1269
INFO:meta-cli.py:Epoch 84/100	dev results	MRR 0.365851	H@1 0.270687	H@3 0.402880	H@5 0.469090	H@10 0.556430
INFO:meta-cli.py:Epoch 84/100	test results	MRR 0.360455	H@1 0.265904	H@3 0.397244	H@5 0.463012	H@10 0.548495
INFO:meta-cli.py:Epoch 85/100	Loss 8.8654 ± 0.1309
INFO:meta-cli.py:Epoch 86/100	Loss 8.8637 ± 0.1314
INFO:meta-cli.py:Epoch 87/100	Loss 8.8623 ± 0.1299
INFO:meta-cli.py:Epoch 87/100	dev results	MRR 0.366533	H@1 0.271571	H@3 0.402880	H@5 0.469261	H@10 0.558283
INFO:meta-cli.py:Epoch 87/100	test results	MRR 0.360110	H@1 0.265123	H@3 0.397342	H@5 0.463281	H@10 0.549790
INFO:meta-cli.py:Epoch 88/100	Loss 8.8604 ± 0.1308
INFO:meta-cli.py:Epoch 89/100	Loss 8.8586 ± 0.1317
INFO:meta-cli.py:Epoch 90/100	Loss 8.8570 ± 0.1277
INFO:meta-cli.py:Epoch 90/100	dev results	MRR 0.366179	H@1 0.271571	H@3 0.402709	H@5 0.467180	H@10 0.558226
INFO:meta-cli.py:Epoch 90/100	test results	MRR 0.361125	H@1 0.266906	H@3 0.397440	H@5 0.463036	H@10 0.549423
INFO:meta-cli.py:Epoch 91/100	Loss 8.8553 ± 0.1288
INFO:meta-cli.py:Epoch 92/100	Loss 8.8536 ± 0.1317
INFO:meta-cli.py:Epoch 93/100	Loss 8.8518 ± 0.1364
INFO:meta-cli.py:Epoch 93/100	dev results	MRR 0.366411	H@1 0.271799	H@3 0.402424	H@5 0.468235	H@10 0.557428
INFO:meta-cli.py:Epoch 93/100	test results	MRR 0.360857	H@1 0.266442	H@3 0.397073	H@5 0.463696	H@10 0.549912
INFO:meta-cli.py:Epoch 94/100	Loss 8.8505 ± 0.1206
INFO:meta-cli.py:Epoch 95/100	Loss 8.8494 ± 0.1320
INFO:meta-cli.py:Epoch 96/100	Loss 8.8470 ± 0.1321
INFO:meta-cli.py:Epoch 96/100	dev results	MRR 0.366734	H@1 0.272370	H@3 0.402196	H@5 0.468948	H@10 0.558483
INFO:meta-cli.py:Epoch 96/100	test results	MRR 0.360738	H@1 0.266442	H@3 0.397146	H@5 0.463769	H@10 0.549863
INFO:meta-cli.py:Epoch 97/100	Loss 8.8461 ± 0.1294
INFO:meta-cli.py:Epoch 98/100	Loss 8.8441 ± 0.1251
INFO:meta-cli.py:Epoch 99/100	Loss 8.8430 ± 0.1272
INFO:meta-cli.py:Epoch 99/100	dev results	MRR 0.367255	H@1 0.272968	H@3 0.402566	H@5 0.467950	H@10 0.558369
INFO:meta-cli.py:Epoch 99/100	test results	MRR 0.361282	H@1 0.267370	H@3 0.397098	H@5 0.462890	H@10 0.549546
INFO:meta-cli.py:Epoch 100/100	Loss 8.8416 ± 0.1290
INFO:meta-cli.py:Final 	dev results	MRR 0.366883	H@1 0.272569	H@3 0.402851	H@5 0.468321	H@10 0.557485
INFO:meta-cli.py:Final 	test results	MRR 0.360934	H@1 0.266588	H@3 0.397733	H@5 0.462694	H@10 0.549912
INFO:meta-cli.py:Training finished
