./bin/meta-cli.py --train data/fb15k-237/train.tsv --dev data/fb15k-237/dev.tsv --test data/fb15k-237/test.tsv -m complex -k 2000 -b 500 -e 100 --F2 0.01 --N3 0 -l 0.1 -I standard -V 3 -o adagrad -q
{'F2': 0.01,
 'N3': 0.0,
 'batch_size': 500,
 'dev': 'data/fb15k-237/dev.tsv',
 'embedding_size': 2000,
 'epochs': 100,
 'eval_batch_size': None,
 'input_type': 'standard',
 'learning_rate': 0.1,
 'load': None,
 'model': 'complex',
 'optimizer': 'adagrad',
 'quiet': True,
 'save': None,
 'seed': 0,
 'test': 'data/fb15k-237/test.tsv',
 'test_i': None,
 'test_ii': None,
 'train': 'data/fb15k-237/train.tsv',
 'validate_every': 3}
INFO:meta-cli.py:Device: cuda
INFO:meta-cli.py:Model state:
INFO:meta-cli.py:	entities.weight	torch.Size([14541, 4000])
INFO:meta-cli.py:	predicates.weight	torch.Size([237, 4000])
INFO:meta-cli.py:Epoch 1/100	Loss 13.5051 ± 1.9995
INFO:meta-cli.py:Epoch 2/100	Loss 9.8029 ± 0.1277
INFO:meta-cli.py:Epoch 3/100	Loss 8.8558 ± 0.1964
INFO:meta-cli.py:Epoch 3/100	dev results	MRR 0.334028	H@1 0.243912	H@3 0.366610	H@5 0.431480	H@10 0.516339
INFO:meta-cli.py:Epoch 3/100	test results	MRR 0.325417	H@1 0.234560	H@3 0.358741	H@5 0.422139	H@10 0.508087
INFO:meta-cli.py:Epoch 4/100	Loss 8.4263 ± 0.2139
INFO:meta-cli.py:Epoch 5/100	Loss 8.1735 ± 0.2187
INFO:meta-cli.py:Epoch 6/100	Loss 8.0012 ± 0.2083
INFO:meta-cli.py:Epoch 6/100	dev results	MRR 0.341308	H@1 0.249558	H@3 0.374052	H@5 0.439578	H@10 0.527231
INFO:meta-cli.py:Epoch 6/100	test results	MRR 0.334691	H@1 0.243111	H@3 0.368172	H@5 0.433157	H@10 0.518494
INFO:meta-cli.py:Epoch 7/100	Loss 7.8760 ± 0.2036
INFO:meta-cli.py:Epoch 8/100	Loss 7.7776 ± 0.2008
INFO:meta-cli.py:Epoch 9/100	Loss 7.6994 ± 0.2000
INFO:meta-cli.py:Epoch 9/100	dev results	MRR 0.342267	H@1 0.250784	H@3 0.374508	H@5 0.440690	H@10 0.528543
INFO:meta-cli.py:Epoch 9/100	test results	MRR 0.335083	H@1 0.243624	H@3 0.367830	H@5 0.433988	H@10 0.519300
INFO:meta-cli.py:Epoch 10/100	Loss 7.6336 ± 0.1916
INFO:meta-cli.py:Epoch 11/100	Loss 7.5774 ± 0.1937
INFO:meta-cli.py:Epoch 12/100	Loss 7.5302 ± 0.1934
INFO:meta-cli.py:Epoch 12/100	dev results	MRR 0.341373	H@1 0.249843	H@3 0.374537	H@5 0.441859	H@10 0.528343
INFO:meta-cli.py:Epoch 12/100	test results	MRR 0.334784	H@1 0.243795	H@3 0.366095	H@5 0.433793	H@10 0.520546
INFO:meta-cli.py:Epoch 13/100	Loss 7.4883 ± 0.1806
INFO:meta-cli.py:Epoch 14/100	Loss 7.4509 ± 0.1883
INFO:meta-cli.py:Epoch 15/100	Loss 7.4173 ± 0.1779
INFO:meta-cli.py:Epoch 15/100	dev results	MRR 0.340828	H@1 0.248988	H@3 0.375164	H@5 0.439863	H@10 0.526575
INFO:meta-cli.py:Epoch 15/100	test results	MRR 0.334278	H@1 0.242842	H@3 0.366852	H@5 0.434965	H@10 0.519056
INFO:meta-cli.py:Epoch 16/100	Loss 7.3873 ± 0.1756
INFO:meta-cli.py:Epoch 17/100	Loss 7.3607 ± 0.1749
INFO:meta-cli.py:Epoch 18/100	Loss 7.3353 ± 0.1735
INFO:meta-cli.py:Epoch 18/100	dev results	MRR 0.341617	H@1 0.250499	H@3 0.374907	H@5 0.439293	H@10 0.526376
INFO:meta-cli.py:Epoch 18/100	test results	MRR 0.334697	H@1 0.244308	H@3 0.367732	H@5 0.433744	H@10 0.518005
INFO:meta-cli.py:Epoch 19/100	Loss 7.3120 ± 0.1647
INFO:meta-cli.py:Epoch 20/100	Loss 7.2911 ± 0.1659
INFO:meta-cli.py:Epoch 21/100	Loss 7.2715 ± 0.1572
INFO:meta-cli.py:Epoch 21/100	dev results	MRR 0.340711	H@1 0.250556	H@3 0.373482	H@5 0.438038	H@10 0.524836
INFO:meta-cli.py:Epoch 21/100	test results	MRR 0.334644	H@1 0.244601	H@3 0.366901	H@5 0.433622	H@10 0.517419
INFO:meta-cli.py:Epoch 22/100	Loss 7.2533 ± 0.1616
INFO:meta-cli.py:Epoch 23/100	Loss 7.2354 ± 0.1613
INFO:meta-cli.py:Epoch 24/100	Loss 7.2197 ± 0.1592
INFO:meta-cli.py:Epoch 24/100	dev results	MRR 0.339735	H@1 0.249130	H@3 0.371942	H@5 0.437496	H@10 0.524408
INFO:meta-cli.py:Epoch 24/100	test results	MRR 0.333878	H@1 0.243868	H@3 0.365509	H@5 0.432034	H@10 0.516491
INFO:meta-cli.py:Epoch 25/100	Loss 7.2038 ± 0.1584
INFO:meta-cli.py:Epoch 26/100	Loss 7.1891 ± 0.1557
INFO:meta-cli.py:Epoch 27/100	Loss 7.1761 ± 0.1543
INFO:meta-cli.py:Epoch 27/100	dev results	MRR 0.339646	H@1 0.249187	H@3 0.373168	H@5 0.437040	H@10 0.523695
INFO:meta-cli.py:Epoch 27/100	test results	MRR 0.333034	H@1 0.242964	H@3 0.365362	H@5 0.431887	H@10 0.516588
INFO:meta-cli.py:Epoch 28/100	Loss 7.1633 ± 0.1515
INFO:meta-cli.py:Epoch 29/100	Loss 7.1508 ± 0.1475
INFO:meta-cli.py:Epoch 30/100	Loss 7.1391 ± 0.1484
INFO:meta-cli.py:Epoch 30/100	dev results	MRR 0.339256	H@1 0.248731	H@3 0.372854	H@5 0.437439	H@10 0.522697
INFO:meta-cli.py:Epoch 30/100	test results	MRR 0.332565	H@1 0.242207	H@3 0.365411	H@5 0.430519	H@10 0.515685
INFO:meta-cli.py:Epoch 31/100	Loss 7.1279 ± 0.1444
INFO:meta-cli.py:Epoch 32/100	Loss 7.1171 ± 0.1496
INFO:meta-cli.py:Epoch 33/100	Loss 7.1069 ± 0.1408
INFO:meta-cli.py:Epoch 33/100	dev results	MRR 0.338498	H@1 0.247790	H@3 0.371486	H@5 0.436270	H@10 0.520958
INFO:meta-cli.py:Epoch 33/100	test results	MRR 0.331882	H@1 0.241205	H@3 0.364702	H@5 0.430763	H@10 0.515538
INFO:meta-cli.py:Epoch 34/100	Loss 7.0970 ± 0.1417
INFO:meta-cli.py:Epoch 35/100	Loss 7.0876 ± 0.1468
INFO:meta-cli.py:Epoch 36/100	Loss 7.0786 ± 0.1359
INFO:meta-cli.py:Epoch 36/100	dev results	MRR 0.338656	H@1 0.248617	H@3 0.371913	H@5 0.435301	H@10 0.521756
INFO:meta-cli.py:Epoch 36/100	test results	MRR 0.331962	H@1 0.241987	H@3 0.364605	H@5 0.429664	H@10 0.513877
INFO:meta-cli.py:Epoch 37/100	Loss 7.0697 ± 0.1376
INFO:meta-cli.py:Epoch 38/100	Loss 7.0619 ± 0.1440
INFO:meta-cli.py:Epoch 39/100	Loss 7.0535 ± 0.1347
INFO:meta-cli.py:Epoch 39/100	dev results	MRR 0.338038	H@1 0.248018	H@3 0.370317	H@5 0.435672	H@10 0.519960
INFO:meta-cli.py:Epoch 39/100	test results	MRR 0.331521	H@1 0.241865	H@3 0.363456	H@5 0.429126	H@10 0.513559
INFO:meta-cli.py:Epoch 40/100	Loss 7.0458 ± 0.1392
INFO:meta-cli.py:Epoch 41/100	Loss 7.0378 ± 0.1382
INFO:meta-cli.py:Epoch 42/100	Loss 7.0306 ± 0.1332
INFO:meta-cli.py:Epoch 42/100	dev results	MRR 0.338055	H@1 0.248189	H@3 0.371058	H@5 0.434303	H@10 0.520445
INFO:meta-cli.py:Epoch 42/100	test results	MRR 0.331328	H@1 0.241327	H@3 0.364067	H@5 0.428882	H@10 0.514145
INFO:meta-cli.py:Epoch 43/100	Loss 7.0236 ± 0.1352
INFO:meta-cli.py:Epoch 44/100	Loss 7.0165 ± 0.1344
INFO:meta-cli.py:Epoch 45/100	Loss 7.0104 ± 0.1378
INFO:meta-cli.py:Epoch 45/100	dev results	MRR 0.337891	H@1 0.248703	H@3 0.370231	H@5 0.432849	H@10 0.519019
INFO:meta-cli.py:Epoch 45/100	test results	MRR 0.330710	H@1 0.241058	H@3 0.363285	H@5 0.427856	H@10 0.512875
INFO:meta-cli.py:Epoch 46/100	Loss 7.0038 ± 0.1358
INFO:meta-cli.py:Epoch 47/100	Loss 6.9973 ± 0.1358
INFO:meta-cli.py:Epoch 48/100	Loss 6.9912 ± 0.1372
INFO:meta-cli.py:Epoch 48/100	dev results	MRR 0.336640	H@1 0.246821	H@3 0.369661	H@5 0.433020	H@10 0.517308
INFO:meta-cli.py:Epoch 48/100	test results	MRR 0.329699	H@1 0.239690	H@3 0.363041	H@5 0.426976	H@10 0.512435
INFO:meta-cli.py:Epoch 49/100	Loss 6.9856 ± 0.1336
INFO:meta-cli.py:Epoch 50/100	Loss 6.9796 ± 0.1224
INFO:meta-cli.py:Epoch 51/100	Loss 6.9741 ± 0.1262
INFO:meta-cli.py:Epoch 51/100	dev results	MRR 0.336880	H@1 0.247362	H@3 0.369176	H@5 0.433419	H@10 0.518021
INFO:meta-cli.py:Epoch 51/100	test results	MRR 0.329843	H@1 0.239983	H@3 0.362821	H@5 0.427978	H@10 0.511653
INFO:meta-cli.py:Epoch 52/100	Loss 6.9691 ± 0.1378
INFO:meta-cli.py:Epoch 53/100	Loss 6.9628 ± 0.1349
INFO:meta-cli.py:Epoch 54/100	Loss 6.9581 ± 0.1388
INFO:meta-cli.py:Epoch 54/100	dev results	MRR 0.336088	H@1 0.246193	H@3 0.369147	H@5 0.433447	H@10 0.517394
INFO:meta-cli.py:Epoch 54/100	test results	MRR 0.329493	H@1 0.239739	H@3 0.362162	H@5 0.426928	H@10 0.511678
INFO:meta-cli.py:Epoch 55/100	Loss 6.9527 ± 0.1239
INFO:meta-cli.py:Epoch 56/100	Loss 6.9484 ± 0.1302
INFO:meta-cli.py:Epoch 57/100	Loss 6.9437 ± 0.1289
INFO:meta-cli.py:Epoch 57/100	dev results	MRR 0.335570	H@1 0.246136	H@3 0.368035	H@5 0.432421	H@10 0.516168
INFO:meta-cli.py:Epoch 57/100	test results	MRR 0.329049	H@1 0.239495	H@3 0.361502	H@5 0.426586	H@10 0.510603
INFO:meta-cli.py:Epoch 58/100	Loss 6.9390 ± 0.1330
INFO:meta-cli.py:Epoch 59/100	Loss 6.9337 ± 0.1204
INFO:meta-cli.py:Epoch 60/100	Loss 6.9299 ± 0.1281
INFO:meta-cli.py:Epoch 60/100	dev results	MRR 0.335549	H@1 0.246250	H@3 0.368378	H@5 0.432563	H@10 0.516111
INFO:meta-cli.py:Epoch 60/100	test results	MRR 0.328820	H@1 0.239128	H@3 0.361111	H@5 0.426244	H@10 0.510823
INFO:meta-cli.py:Epoch 61/100	Loss 6.9254 ± 0.1244
INFO:meta-cli.py:Epoch 62/100	Loss 6.9208 ± 0.1258
INFO:meta-cli.py:Epoch 63/100	Loss 6.9163 ± 0.1203
INFO:meta-cli.py:Epoch 63/100	dev results	MRR 0.335021	H@1 0.245480	H@3 0.367950	H@5 0.431480	H@10 0.515911
INFO:meta-cli.py:Epoch 63/100	test results	MRR 0.327823	H@1 0.237662	H@3 0.360769	H@5 0.425779	H@10 0.510505
INFO:meta-cli.py:Epoch 64/100	Loss 6.9127 ± 0.1317
INFO:meta-cli.py:Epoch 65/100	Loss 6.9086 ± 0.1240
INFO:meta-cli.py:Epoch 66/100	Loss nan ± nan
INFO:meta-cli.py:Epoch 66/100	dev results	MRR 0.000434	H@1 0.000000	H@3 0.000000	H@5 0.000057	H@10 0.000057
INFO:meta-cli.py:Epoch 66/100	test results	MRR 0.000421	H@1 0.000000	H@3 0.000000	H@5 0.000000	H@10 0.000024
INFO:meta-cli.py:Epoch 67/100	Loss nan ± nan
INFO:meta-cli.py:Epoch 68/100	Loss nan ± nan
INFO:meta-cli.py:Epoch 69/100	Loss nan ± nan
INFO:meta-cli.py:Epoch 69/100	dev results	MRR 0.000434	H@1 0.000000	H@3 0.000000	H@5 0.000057	H@10 0.000057
INFO:meta-cli.py:Epoch 69/100	test results	MRR 0.000421	H@1 0.000000	H@3 0.000000	H@5 0.000000	H@10 0.000024
INFO:meta-cli.py:Epoch 70/100	Loss nan ± nan
INFO:meta-cli.py:Epoch 71/100	Loss nan ± nan
INFO:meta-cli.py:Epoch 72/100	Loss nan ± nan
INFO:meta-cli.py:Epoch 72/100	dev results	MRR 0.000434	H@1 0.000000	H@3 0.000000	H@5 0.000057	H@10 0.000057
INFO:meta-cli.py:Epoch 72/100	test results	MRR 0.000421	H@1 0.000000	H@3 0.000000	H@5 0.000000	H@10 0.000024
INFO:meta-cli.py:Epoch 73/100	Loss nan ± nan
INFO:meta-cli.py:Epoch 74/100	Loss nan ± nan
INFO:meta-cli.py:Epoch 75/100	Loss nan ± nan
INFO:meta-cli.py:Epoch 75/100	dev results	MRR 0.000434	H@1 0.000000	H@3 0.000000	H@5 0.000057	H@10 0.000057
INFO:meta-cli.py:Epoch 75/100	test results	MRR 0.000421	H@1 0.000000	H@3 0.000000	H@5 0.000000	H@10 0.000024
INFO:meta-cli.py:Epoch 76/100	Loss nan ± nan
INFO:meta-cli.py:Epoch 77/100	Loss nan ± nan
INFO:meta-cli.py:Epoch 78/100	Loss nan ± nan
INFO:meta-cli.py:Epoch 78/100	dev results	MRR 0.000434	H@1 0.000000	H@3 0.000000	H@5 0.000057	H@10 0.000057
INFO:meta-cli.py:Epoch 78/100	test results	MRR 0.000421	H@1 0.000000	H@3 0.000000	H@5 0.000000	H@10 0.000024
INFO:meta-cli.py:Epoch 79/100	Loss nan ± nan
INFO:meta-cli.py:Epoch 80/100	Loss nan ± nan
INFO:meta-cli.py:Epoch 81/100	Loss nan ± nan
INFO:meta-cli.py:Epoch 81/100	dev results	MRR 0.000434	H@1 0.000000	H@3 0.000000	H@5 0.000057	H@10 0.000057
INFO:meta-cli.py:Epoch 81/100	test results	MRR 0.000421	H@1 0.000000	H@3 0.000000	H@5 0.000000	H@10 0.000024
INFO:meta-cli.py:Epoch 82/100	Loss nan ± nan
INFO:meta-cli.py:Epoch 83/100	Loss nan ± nan
INFO:meta-cli.py:Epoch 84/100	Loss nan ± nan
INFO:meta-cli.py:Epoch 84/100	dev results	MRR 0.000434	H@1 0.000000	H@3 0.000000	H@5 0.000057	H@10 0.000057
INFO:meta-cli.py:Epoch 84/100	test results	MRR 0.000421	H@1 0.000000	H@3 0.000000	H@5 0.000000	H@10 0.000024
INFO:meta-cli.py:Epoch 85/100	Loss nan ± nan
INFO:meta-cli.py:Epoch 86/100	Loss nan ± nan
INFO:meta-cli.py:Epoch 87/100	Loss nan ± nan
INFO:meta-cli.py:Epoch 87/100	dev results	MRR 0.000434	H@1 0.000000	H@3 0.000000	H@5 0.000057	H@10 0.000057
INFO:meta-cli.py:Epoch 87/100	test results	MRR 0.000421	H@1 0.000000	H@3 0.000000	H@5 0.000000	H@10 0.000024
INFO:meta-cli.py:Epoch 88/100	Loss nan ± nan
INFO:meta-cli.py:Epoch 89/100	Loss nan ± nan
INFO:meta-cli.py:Epoch 90/100	Loss nan ± nan
INFO:meta-cli.py:Epoch 90/100	dev results	MRR 0.000434	H@1 0.000000	H@3 0.000000	H@5 0.000057	H@10 0.000057
INFO:meta-cli.py:Epoch 90/100	test results	MRR 0.000421	H@1 0.000000	H@3 0.000000	H@5 0.000000	H@10 0.000024
INFO:meta-cli.py:Epoch 91/100	Loss nan ± nan
INFO:meta-cli.py:Epoch 92/100	Loss nan ± nan
INFO:meta-cli.py:Epoch 93/100	Loss nan ± nan
INFO:meta-cli.py:Epoch 93/100	dev results	MRR 0.000434	H@1 0.000000	H@3 0.000000	H@5 0.000057	H@10 0.000057
INFO:meta-cli.py:Epoch 93/100	test results	MRR 0.000421	H@1 0.000000	H@3 0.000000	H@5 0.000000	H@10 0.000024
INFO:meta-cli.py:Epoch 94/100	Loss nan ± nan
INFO:meta-cli.py:Epoch 95/100	Loss nan ± nan
INFO:meta-cli.py:Epoch 96/100	Loss nan ± nan
INFO:meta-cli.py:Epoch 96/100	dev results	MRR 0.000434	H@1 0.000000	H@3 0.000000	H@5 0.000057	H@10 0.000057
INFO:meta-cli.py:Epoch 96/100	test results	MRR 0.000421	H@1 0.000000	H@3 0.000000	H@5 0.000000	H@10 0.000024
INFO:meta-cli.py:Epoch 97/100	Loss nan ± nan
INFO:meta-cli.py:Epoch 98/100	Loss nan ± nan
INFO:meta-cli.py:Epoch 99/100	Loss nan ± nan
INFO:meta-cli.py:Epoch 99/100	dev results	MRR 0.000434	H@1 0.000000	H@3 0.000000	H@5 0.000057	H@10 0.000057
INFO:meta-cli.py:Epoch 99/100	test results	MRR 0.000421	H@1 0.000000	H@3 0.000000	H@5 0.000000	H@10 0.000024
INFO:meta-cli.py:Epoch 100/100	Loss nan ± nan
INFO:meta-cli.py:Final 	dev results	MRR 0.000434	H@1 0.000000	H@3 0.000000	H@5 0.000057	H@10 0.000057
INFO:meta-cli.py:Final 	test results	MRR 0.000421	H@1 0.000000	H@3 0.000000	H@5 0.000000	H@10 0.000024
INFO:meta-cli.py:Training finished
