./bin/kbc-cli.py --train data/fb15k-237/train.tsv --dev data/fb15k-237/dev.tsv --test data/fb15k-237/test.tsv -m complex -k 1000 -b 500 -e 100 --F2 0 --N3 0.5 -l 0.1 -I reciprocal -V 3 -o adagrad -q
{'F2': 0.0,
 'N3': 0.5,
 'batch_size': 500,
 'dev': 'data/fb15k-237/dev.tsv',
 'embedding_size': 1000,
 'epochs': 100,
 'eval_batch_size': None,
 'input_type': 'reciprocal',
 'learning_rate': 0.1,
 'load': None,
 'model': 'complex',
 'optimizer': 'adagrad',
 'quiet': True,
 'save': None,
 'seed': 0,
 'test': 'data/fb15k-237/test.tsv',
 'test_i': None,
 'test_ii': None,
 'train': 'data/fb15k-237/train.tsv',
 'validate_every': 3}
INFO:kbc-cli.py:Device: cuda
INFO:kbc-cli.py:Model state:
INFO:kbc-cli.py:	entities.weight	torch.Size([14541, 2000])
INFO:kbc-cli.py:	predicates.weight	torch.Size([474, 2000])
INFO:kbc-cli.py:Epoch 1/100	Loss 24.2715 ± 1.9037
INFO:kbc-cli.py:Epoch 2/100	Loss 21.0095 ± 0.9716
INFO:kbc-cli.py:Epoch 3/100	Loss 20.3004 ± 0.7576
INFO:kbc-cli.py:Epoch 3/100	dev results	MRR 0.147536	H@1 0.086199	H@3 0.164870	H@5 0.206045	H@10 0.266638
INFO:kbc-cli.py:Epoch 3/100	test results	MRR 0.148059	H@1 0.087242	H@3 0.165396	H@5 0.205218	H@10 0.267175
INFO:kbc-cli.py:Epoch 4/100	Loss 19.9445 ± 0.6624
INFO:kbc-cli.py:Epoch 5/100	Loss 19.7206 ± 0.5872
INFO:kbc-cli.py:Epoch 6/100	Loss 19.5659 ± 0.5253
INFO:kbc-cli.py:Epoch 6/100	dev results	MRR 0.143836	H@1 0.082749	H@3 0.154691	H@5 0.198888	H@10 0.263758
INFO:kbc-cli.py:Epoch 6/100	test results	MRR 0.143360	H@1 0.082991	H@3 0.155258	H@5 0.196326	H@10 0.262826
INFO:kbc-cli.py:Epoch 7/100	Loss 19.4515 ± 0.4770
INFO:kbc-cli.py:Epoch 8/100	Loss 19.3626 ± 0.4484
INFO:kbc-cli.py:Epoch 9/100	Loss 19.2912 ± 0.4096
INFO:kbc-cli.py:Epoch 9/100	dev results	MRR 0.144990	H@1 0.085287	H@3 0.153122	H@5 0.194040	H@10 0.264100
INFO:kbc-cli.py:Epoch 9/100	test results	MRR 0.143150	H@1 0.083627	H@3 0.150225	H@5 0.193125	H@10 0.260530
INFO:kbc-cli.py:Epoch 10/100	Loss 19.2325 ± 0.3763
INFO:kbc-cli.py:Epoch 11/100	Loss 19.1836 ± 0.3656
INFO:kbc-cli.py:Epoch 12/100	Loss 19.1425 ± 0.3418
INFO:kbc-cli.py:Epoch 12/100	dev results	MRR 0.145297	H@1 0.086056	H@3 0.150727	H@5 0.197719	H@10 0.263502
INFO:kbc-cli.py:Epoch 12/100	test results	MRR 0.144008	H@1 0.085141	H@3 0.148759	H@5 0.197572	H@10 0.263657
INFO:kbc-cli.py:Epoch 13/100	Loss 19.1071 ± 0.3189
INFO:kbc-cli.py:Epoch 14/100	Loss 19.0758 ± 0.3095
INFO:kbc-cli.py:Epoch 15/100	Loss 19.0481 ± 0.2990
INFO:kbc-cli.py:Epoch 15/100	dev results	MRR 0.143966	H@1 0.084374	H@3 0.150927	H@5 0.194440	H@10 0.260023
INFO:kbc-cli.py:Epoch 15/100	test results	MRR 0.144102	H@1 0.085581	H@3 0.150151	H@5 0.193272	H@10 0.259357
INFO:kbc-cli.py:Epoch 16/100	Loss 19.0242 ± 0.2827
INFO:kbc-cli.py:Epoch 17/100	Loss 19.0025 ± 0.2777
INFO:kbc-cli.py:Epoch 18/100	Loss 18.9833 ± 0.2531
INFO:kbc-cli.py:Epoch 18/100	dev results	MRR 0.144251	H@1 0.084773	H@3 0.150585	H@5 0.194297	H@10 0.262275
INFO:kbc-cli.py:Epoch 18/100	test results	MRR 0.141606	H@1 0.082747	H@3 0.146682	H@5 0.190413	H@10 0.260114
INFO:kbc-cli.py:Epoch 19/100	Loss 18.9654 ± 0.2542
INFO:kbc-cli.py:Epoch 20/100	Loss 18.9500 ± 0.2472
INFO:kbc-cli.py:Epoch 21/100	Loss 18.9354 ± 0.2311
INFO:kbc-cli.py:Epoch 21/100	dev results	MRR 0.145341	H@1 0.085942	H@3 0.153407	H@5 0.194183	H@10 0.258683
INFO:kbc-cli.py:Epoch 21/100	test results	MRR 0.142749	H@1 0.083773	H@3 0.149590	H@5 0.191830	H@10 0.257232
INFO:kbc-cli.py:Epoch 22/100	Loss 18.9221 ± 0.2219
INFO:kbc-cli.py:Epoch 23/100	Loss 18.9102 ± 0.2239
INFO:kbc-cli.py:Epoch 24/100	Loss 18.8989 ± 0.2079
INFO:kbc-cli.py:Epoch 24/100	dev results	MRR 0.145913	H@1 0.086171	H@3 0.156173	H@5 0.196036	H@10 0.262418
INFO:kbc-cli.py:Epoch 24/100	test results	MRR 0.144509	H@1 0.085337	H@3 0.152985	H@5 0.193980	H@10 0.260921
INFO:kbc-cli.py:Epoch 25/100	Loss 18.8886 ± 0.2075
INFO:kbc-cli.py:Epoch 26/100	Loss 18.8789 ± 0.2011
INFO:kbc-cli.py:Epoch 27/100	Loss 18.8700 ± 0.1877
INFO:kbc-cli.py:Epoch 27/100	dev results	MRR 0.146901	H@1 0.088765	H@3 0.153864	H@5 0.195552	H@10 0.264129
INFO:kbc-cli.py:Epoch 27/100	test results	MRR 0.145505	H@1 0.087633	H@3 0.151153	H@5 0.193956	H@10 0.262557
INFO:kbc-cli.py:Epoch 28/100	Loss 18.8618 ± 0.1881
INFO:kbc-cli.py:Epoch 29/100	Loss 18.8543 ± 0.1830
INFO:kbc-cli.py:Epoch 30/100	Loss 18.8468 ± 0.1810
INFO:kbc-cli.py:Epoch 30/100	dev results	MRR 0.145367	H@1 0.085458	H@3 0.153379	H@5 0.197291	H@10 0.263388
INFO:kbc-cli.py:Epoch 30/100	test results	MRR 0.144052	H@1 0.084921	H@3 0.150811	H@5 0.194225	H@10 0.262899
INFO:kbc-cli.py:Epoch 31/100	Loss 18.8403 ± 0.1696
INFO:kbc-cli.py:Epoch 32/100	Loss 18.8337 ± 0.1711
INFO:kbc-cli.py:Epoch 33/100	Loss 18.8279 ± 0.1638
INFO:kbc-cli.py:Epoch 33/100	dev results	MRR 0.145887	H@1 0.087254	H@3 0.151497	H@5 0.197348	H@10 0.262903
INFO:kbc-cli.py:Epoch 33/100	test results	MRR 0.144428	H@1 0.086729	H@3 0.148392	H@5 0.192905	H@10 0.261067
INFO:kbc-cli.py:Epoch 34/100	Loss 18.8220 ± 0.1590
INFO:kbc-cli.py:Epoch 35/100	Loss 18.8167 ± 0.1587
INFO:kbc-cli.py:Epoch 36/100	Loss 18.8117 ± 0.1500
INFO:kbc-cli.py:Epoch 36/100	dev results	MRR 0.145973	H@1 0.086655	H@3 0.153094	H@5 0.196379	H@10 0.261734
INFO:kbc-cli.py:Epoch 36/100	test results	MRR 0.145317	H@1 0.086974	H@3 0.150127	H@5 0.194005	H@10 0.260725
INFO:kbc-cli.py:Epoch 37/100	Loss 18.8070 ± 0.1483
INFO:kbc-cli.py:Epoch 38/100	Loss 18.8027 ± 0.1491
INFO:kbc-cli.py:Epoch 39/100	Loss 18.7981 ± 0.1392
INFO:kbc-cli.py:Epoch 39/100	dev results	MRR 0.144738	H@1 0.085714	H@3 0.152752	H@5 0.194354	H@10 0.260479
INFO:kbc-cli.py:Epoch 39/100	test results	MRR 0.144274	H@1 0.085874	H@3 0.150787	H@5 0.193541	H@10 0.258844
INFO:kbc-cli.py:Epoch 40/100	Loss 18.7941 ± 0.1319
INFO:kbc-cli.py:Epoch 41/100	Loss 18.7901 ± 0.1382
INFO:kbc-cli.py:Epoch 42/100	Loss 18.7865 ± 0.1336
INFO:kbc-cli.py:Epoch 42/100	dev results	MRR 0.144169	H@1 0.084317	H@3 0.151583	H@5 0.194725	H@10 0.262475
INFO:kbc-cli.py:Epoch 42/100	test results	MRR 0.143086	H@1 0.084188	H@3 0.149394	H@5 0.193589	H@10 0.260456
INFO:kbc-cli.py:Epoch 43/100	Loss 18.7831 ± 0.1231
INFO:kbc-cli.py:Epoch 44/100	Loss 18.7796 ± 0.1299
INFO:kbc-cli.py:Epoch 45/100	Loss 18.7765 ± 0.1254
INFO:kbc-cli.py:Epoch 45/100	dev results	MRR 0.145000	H@1 0.086370	H@3 0.152067	H@5 0.195381	H@10 0.259510
INFO:kbc-cli.py:Epoch 45/100	test results	MRR 0.143744	H@1 0.085557	H@3 0.149223	H@5 0.193223	H@10 0.259381
INFO:kbc-cli.py:Epoch 46/100	Loss 18.7733 ± 0.1206
INFO:kbc-cli.py:Epoch 47/100	Loss 18.7704 ± 0.1232
INFO:kbc-cli.py:Epoch 48/100	Loss 18.7676 ± 0.1151
INFO:kbc-cli.py:Epoch 48/100	dev results	MRR 0.143511	H@1 0.082549	H@3 0.153350	H@5 0.196236	H@10 0.261277
INFO:kbc-cli.py:Epoch 48/100	test results	MRR 0.143460	H@1 0.084359	H@3 0.150298	H@5 0.193369	H@10 0.260334
INFO:kbc-cli.py:Epoch 49/100	Loss 18.7649 ± 0.1183
INFO:kbc-cli.py:Epoch 50/100	Loss 18.7623 ± 0.1124
INFO:kbc-cli.py:Epoch 51/100	Loss 18.7598 ± 0.1079
INFO:kbc-cli.py:Epoch 51/100	dev results	MRR 0.145630	H@1 0.086228	H@3 0.154776	H@5 0.196635	H@10 0.260793
INFO:kbc-cli.py:Epoch 51/100	test results	MRR 0.144874	H@1 0.086265	H@3 0.152155	H@5 0.194420	H@10 0.260285
INFO:kbc-cli.py:Epoch 52/100	Loss 18.7574 ± 0.1070
INFO:kbc-cli.py:Epoch 53/100	Loss 18.7551 ± 0.1052
INFO:kbc-cli.py:Epoch 54/100	Loss 18.7529 ± 0.1030
INFO:kbc-cli.py:Epoch 54/100	dev results	MRR 0.144923	H@1 0.085971	H@3 0.152552	H@5 0.193955	H@10 0.259367
INFO:kbc-cli.py:Epoch 54/100	test results	MRR 0.143225	H@1 0.085850	H@3 0.146243	H@5 0.189143	H@10 0.258038
INFO:kbc-cli.py:Epoch 55/100	Loss 18.7510 ± 0.1071
INFO:kbc-cli.py:Epoch 56/100	Loss 18.7490 ± 0.0973
INFO:kbc-cli.py:Epoch 57/100	Loss 18.7468 ± 0.0977
INFO:kbc-cli.py:Epoch 57/100	dev results	MRR 0.146376	H@1 0.087653	H@3 0.154719	H@5 0.195808	H@10 0.260565
INFO:kbc-cli.py:Epoch 57/100	test results	MRR 0.145681	H@1 0.088391	H@3 0.150762	H@5 0.194127	H@10 0.260163
INFO:kbc-cli.py:Epoch 58/100	Loss 18.7449 ± 0.0970
INFO:kbc-cli.py:Epoch 59/100	Loss 18.7432 ± 0.0962
INFO:kbc-cli.py:Epoch 60/100	Loss 18.7413 ± 0.0959
INFO:kbc-cli.py:Epoch 60/100	dev results	MRR 0.144392	H@1 0.085030	H@3 0.151868	H@5 0.195894	H@10 0.261220
INFO:kbc-cli.py:Epoch 60/100	test results	MRR 0.143403	H@1 0.085361	H@3 0.146902	H@5 0.193565	H@10 0.259797
INFO:kbc-cli.py:Epoch 61/100	Loss 18.7396 ± 0.0903
INFO:kbc-cli.py:Epoch 62/100	Loss 18.7379 ± 0.0904
INFO:kbc-cli.py:Epoch 63/100	Loss 18.7363 ± 0.0868
INFO:kbc-cli.py:Epoch 63/100	dev results	MRR 0.145619	H@1 0.086769	H@3 0.152894	H@5 0.195837	H@10 0.259310
INFO:kbc-cli.py:Epoch 63/100	test results	MRR 0.144604	H@1 0.086974	H@3 0.148759	H@5 0.192905	H@10 0.258771
INFO:kbc-cli.py:Epoch 64/100	Loss 18.7349 ± 0.0869
INFO:kbc-cli.py:Epoch 65/100	Loss 18.7333 ± 0.0867
INFO:kbc-cli.py:Epoch 66/100	Loss 18.7318 ± 0.0869
INFO:kbc-cli.py:Epoch 66/100	dev results	MRR 0.145182	H@1 0.086342	H@3 0.151811	H@5 0.195808	H@10 0.260935
INFO:kbc-cli.py:Epoch 66/100	test results	MRR 0.143731	H@1 0.086094	H@3 0.146291	H@5 0.193516	H@10 0.259992
INFO:kbc-cli.py:Epoch 67/100	Loss 18.7304 ± 0.0903
INFO:kbc-cli.py:Epoch 68/100	Loss 18.7291 ± 0.0852
INFO:kbc-cli.py:Epoch 69/100	Loss 18.7277 ± 0.0814
INFO:kbc-cli.py:Epoch 69/100	dev results	MRR 0.148443	H@1 0.089193	H@3 0.158084	H@5 0.197776	H@10 0.263302
INFO:kbc-cli.py:Epoch 69/100	test results	MRR 0.147068	H@1 0.089294	H@3 0.153987	H@5 0.195006	H@10 0.260969
INFO:kbc-cli.py:Epoch 70/100	Loss 18.7264 ± 0.0787
INFO:kbc-cli.py:Epoch 71/100	Loss 18.7252 ± 0.0795
INFO:kbc-cli.py:Epoch 72/100	Loss 18.7240 ± 0.0775
INFO:kbc-cli.py:Epoch 72/100	dev results	MRR 0.145153	H@1 0.085743	H@3 0.153892	H@5 0.196721	H@10 0.261106
INFO:kbc-cli.py:Epoch 72/100	test results	MRR 0.144151	H@1 0.085337	H@3 0.151153	H@5 0.193980	H@10 0.259675
INFO:kbc-cli.py:Epoch 73/100	Loss 18.7229 ± 0.0742
INFO:kbc-cli.py:Epoch 74/100	Loss 18.7217 ± 0.0755
INFO:kbc-cli.py:Epoch 75/100	Loss 18.7205 ± 0.0741
INFO:kbc-cli.py:Epoch 75/100	dev results	MRR 0.145584	H@1 0.086342	H@3 0.154719	H@5 0.196436	H@10 0.260165
INFO:kbc-cli.py:Epoch 75/100	test results	MRR 0.145238	H@1 0.087071	H@3 0.152033	H@5 0.193443	H@10 0.260383
INFO:kbc-cli.py:Epoch 76/100	Loss 18.7196 ± 0.0748
INFO:kbc-cli.py:Epoch 77/100	Loss 18.7185 ± 0.0748
INFO:kbc-cli.py:Epoch 78/100	Loss 18.7176 ± 0.0716
INFO:kbc-cli.py:Epoch 78/100	dev results	MRR 0.145230	H@1 0.086256	H@3 0.152352	H@5 0.195894	H@10 0.259966
INFO:kbc-cli.py:Epoch 78/100	test results	MRR 0.143393	H@1 0.085581	H@3 0.148515	H@5 0.190658	H@10 0.260212
INFO:kbc-cli.py:Epoch 79/100	Loss 18.7165 ± 0.0700
INFO:kbc-cli.py:Epoch 80/100	Loss 18.7156 ± 0.0715
INFO:kbc-cli.py:Epoch 81/100	Loss 18.7146 ± 0.0710
INFO:kbc-cli.py:Epoch 81/100	dev results	MRR 0.146769	H@1 0.087083	H@3 0.156915	H@5 0.197263	H@10 0.262418
INFO:kbc-cli.py:Epoch 81/100	test results	MRR 0.145067	H@1 0.086925	H@3 0.151446	H@5 0.193516	H@10 0.261018
INFO:kbc-cli.py:Epoch 82/100	Loss 18.7137 ± 0.0688
INFO:kbc-cli.py:Epoch 83/100	Loss 18.7129 ± 0.0685
INFO:kbc-cli.py:Epoch 84/100	Loss 18.7120 ± 0.0653
INFO:kbc-cli.py:Epoch 84/100	dev results	MRR 0.145308	H@1 0.086171	H@3 0.152181	H@5 0.195523	H@10 0.260479
INFO:kbc-cli.py:Epoch 84/100	test results	MRR 0.144546	H@1 0.086387	H@3 0.149077	H@5 0.193003	H@10 0.259162
INFO:kbc-cli.py:Epoch 85/100	Loss 18.7111 ± 0.0671
INFO:kbc-cli.py:Epoch 86/100	Loss 18.7105 ± 0.0675
INFO:kbc-cli.py:Epoch 87/100	Loss 18.7096 ± 0.0664
INFO:kbc-cli.py:Epoch 87/100	dev results	MRR 0.145713	H@1 0.086484	H@3 0.154120	H@5 0.196464	H@10 0.260821
INFO:kbc-cli.py:Epoch 87/100	test results	MRR 0.145430	H@1 0.087926	H@3 0.150958	H@5 0.193052	H@10 0.259699
INFO:kbc-cli.py:Epoch 88/100	Loss 18.7088 ± 0.0614
INFO:kbc-cli.py:Epoch 89/100	Loss 18.7080 ± 0.0620
INFO:kbc-cli.py:Epoch 90/100	Loss 18.7073 ± 0.0624
INFO:kbc-cli.py:Epoch 90/100	dev results	MRR 0.147299	H@1 0.087454	H@3 0.156972	H@5 0.198289	H@10 0.263958
INFO:kbc-cli.py:Epoch 90/100	test results	MRR 0.145546	H@1 0.087047	H@3 0.152375	H@5 0.195153	H@10 0.262655
INFO:kbc-cli.py:Epoch 91/100	Loss 18.7065 ± 0.0643
INFO:kbc-cli.py:Epoch 92/100	Loss 18.7059 ± 0.0618
INFO:kbc-cli.py:Epoch 93/100	Loss 18.7053 ± 0.0598
INFO:kbc-cli.py:Epoch 93/100	dev results	MRR 0.146733	H@1 0.088737	H@3 0.152096	H@5 0.195580	H@10 0.261848
INFO:kbc-cli.py:Epoch 93/100	test results	MRR 0.145552	H@1 0.088366	H@3 0.148954	H@5 0.193247	H@10 0.261507
INFO:kbc-cli.py:Epoch 94/100	Loss 18.7045 ± 0.0590
INFO:kbc-cli.py:Epoch 95/100	Loss 18.7038 ± 0.0605
INFO:kbc-cli.py:Epoch 96/100	Loss 18.7032 ± 0.0589
INFO:kbc-cli.py:Epoch 96/100	dev results	MRR 0.146119	H@1 0.086940	H@3 0.155147	H@5 0.196322	H@10 0.260622
INFO:kbc-cli.py:Epoch 96/100	test results	MRR 0.145574	H@1 0.087658	H@3 0.151617	H@5 0.194078	H@10 0.259186
INFO:kbc-cli.py:Epoch 97/100	Loss 18.7026 ± 0.0574
INFO:kbc-cli.py:Epoch 98/100	Loss 18.7020 ± 0.0582
INFO:kbc-cli.py:Epoch 99/100	Loss 18.7014 ± 0.0581
INFO:kbc-cli.py:Epoch 99/100	dev results	MRR 0.146898	H@1 0.086997	H@3 0.155518	H@5 0.199002	H@10 0.261220
INFO:kbc-cli.py:Epoch 99/100	test results	MRR 0.145988	H@1 0.087462	H@3 0.152350	H@5 0.196032	H@10 0.261214
INFO:kbc-cli.py:Epoch 100/100	Loss 18.7009 ± 0.0584
INFO:kbc-cli.py:Final 	dev results	MRR 0.144256	H@1 0.084887	H@3 0.151183	H@5 0.194696	H@10 0.260165
INFO:kbc-cli.py:Final 	test results	MRR 0.143507	H@1 0.085312	H@3 0.147366	H@5 0.192832	H@10 0.258184
INFO:kbc-cli.py:Training finished
