./bin/meta-cli.py --train data/fb15k-237/train.tsv --dev data/fb15k-237/dev.tsv --test data/fb15k-237/test.tsv -m complex -k 4000 -b 500 -e 100 --F2 0 --N3 0.001 -l 0.1 -I standard -V 3 -o adagrad -q
{'F2': 0.0,
 'N3': 0.001,
 'batch_size': 500,
 'dev': 'data/fb15k-237/dev.tsv',
 'embedding_size': 4000,
 'epochs': 100,
 'eval_batch_size': None,
 'input_type': 'standard',
 'learning_rate': 0.1,
 'load': None,
 'model': 'complex',
 'optimizer': 'adagrad',
 'quiet': True,
 'save': None,
 'seed': 0,
 'test': 'data/fb15k-237/test.tsv',
 'test_i': None,
 'test_ii': None,
 'train': 'data/fb15k-237/train.tsv',
 'validate_every': 3}
INFO:meta-cli.py:Device: cuda
INFO:meta-cli.py:Model state:
INFO:meta-cli.py:	entities.weight	torch.Size([14541, 8000])
INFO:meta-cli.py:	predicates.weight	torch.Size([237, 8000])
INFO:meta-cli.py:Epoch 1/100	Loss 12.1266 ± 2.1864
INFO:meta-cli.py:Epoch 2/100	Loss 8.0806 ± 0.1599
INFO:meta-cli.py:Epoch 3/100	Loss 7.1862 ± 0.2433
INFO:meta-cli.py:Epoch 3/100	dev results	MRR 0.324378	H@1 0.236784	H@3 0.354149	H@5 0.417879	H@10 0.502025
INFO:meta-cli.py:Epoch 3/100	test results	MRR 0.317200	H@1 0.227939	H@3 0.347503	H@5 0.411976	H@10 0.496409
INFO:meta-cli.py:Epoch 4/100	Loss 6.8219 ± 0.2613
INFO:meta-cli.py:Epoch 5/100	Loss 6.6161 ± 0.2698
INFO:meta-cli.py:Epoch 6/100	Loss 6.4760 ± 0.2648
INFO:meta-cli.py:Epoch 6/100	dev results	MRR 0.337004	H@1 0.245965	H@3 0.370687	H@5 0.434588	H@10 0.521015
INFO:meta-cli.py:Epoch 6/100	test results	MRR 0.332213	H@1 0.241303	H@3 0.365118	H@5 0.429542	H@10 0.515562
INFO:meta-cli.py:Epoch 7/100	Loss 6.3761 ± 0.2607
INFO:meta-cli.py:Epoch 8/100	Loss 6.2964 ± 0.2588
INFO:meta-cli.py:Epoch 9/100	Loss 6.2332 ± 0.2594
INFO:meta-cli.py:Epoch 9/100	dev results	MRR 0.345240	H@1 0.255375	H@3 0.378586	H@5 0.440890	H@10 0.527089
INFO:meta-cli.py:Epoch 9/100	test results	MRR 0.337754	H@1 0.245798	H@3 0.373155	H@5 0.435332	H@10 0.520986
INFO:meta-cli.py:Epoch 10/100	Loss 6.1797 ± 0.2512
INFO:meta-cli.py:Epoch 11/100	Loss 6.1333 ± 0.2559
INFO:meta-cli.py:Epoch 12/100	Loss 6.0953 ± 0.2591
INFO:meta-cli.py:Epoch 12/100	dev results	MRR 0.347245	H@1 0.256829	H@3 0.380411	H@5 0.444311	H@10 0.530254
INFO:meta-cli.py:Epoch 12/100	test results	MRR 0.339970	H@1 0.248143	H@3 0.372374	H@5 0.440633	H@10 0.525848
INFO:meta-cli.py:Epoch 13/100	Loss 6.0609 ± 0.2444
INFO:meta-cli.py:Epoch 14/100	Loss 6.0305 ± 0.2505
INFO:meta-cli.py:Epoch 15/100	Loss 6.0028 ± 0.2419
INFO:meta-cli.py:Epoch 15/100	dev results	MRR 0.350458	H@1 0.260137	H@3 0.382549	H@5 0.448417	H@10 0.532906
INFO:meta-cli.py:Epoch 15/100	test results	MRR 0.342558	H@1 0.251222	H@3 0.374401	H@5 0.442734	H@10 0.527900
INFO:meta-cli.py:Epoch 16/100	Loss 5.9785 ± 0.2375
INFO:meta-cli.py:Epoch 17/100	Loss 5.9570 ± 0.2381
INFO:meta-cli.py:Epoch 18/100	Loss 5.9364 ± 0.2364
INFO:meta-cli.py:Epoch 18/100	dev results	MRR 0.352574	H@1 0.261791	H@3 0.385686	H@5 0.450813	H@10 0.534103
INFO:meta-cli.py:Epoch 18/100	test results	MRR 0.344656	H@1 0.253029	H@3 0.378090	H@5 0.443638	H@10 0.529903
INFO:meta-cli.py:Epoch 19/100	Loss 5.9176 ± 0.2269
INFO:meta-cli.py:Epoch 20/100	Loss 5.9013 ± 0.2263
INFO:meta-cli.py:Epoch 21/100	Loss 5.8856 ± 0.2155
INFO:meta-cli.py:Epoch 21/100	dev results	MRR 0.352089	H@1 0.261677	H@3 0.385458	H@5 0.447933	H@10 0.535044
INFO:meta-cli.py:Epoch 21/100	test results	MRR 0.344878	H@1 0.252956	H@3 0.379239	H@5 0.445739	H@10 0.529732
INFO:meta-cli.py:Epoch 22/100	Loss 5.8713 ± 0.2196
INFO:meta-cli.py:Epoch 23/100	Loss 5.8569 ± 0.2209
INFO:meta-cli.py:Epoch 24/100	Loss 5.8448 ± 0.2156
INFO:meta-cli.py:Epoch 24/100	dev results	MRR 0.353469	H@1 0.262361	H@3 0.386712	H@5 0.450470	H@10 0.536384
INFO:meta-cli.py:Epoch 24/100	test results	MRR 0.344744	H@1 0.252419	H@3 0.379312	H@5 0.444444	H@10 0.531198
INFO:meta-cli.py:Epoch 25/100	Loss 5.8318 ± 0.2158
INFO:meta-cli.py:Epoch 26/100	Loss 5.8201 ± 0.2141
INFO:meta-cli.py:Epoch 27/100	Loss 5.8102 ± 0.2107
INFO:meta-cli.py:Epoch 27/100	dev results	MRR 0.354571	H@1 0.263616	H@3 0.389507	H@5 0.451611	H@10 0.536612
INFO:meta-cli.py:Epoch 27/100	test results	MRR 0.347296	H@1 0.255888	H@3 0.380998	H@5 0.446814	H@10 0.532493
INFO:meta-cli.py:Epoch 28/100	Loss 5.8004 ± 0.2069
INFO:meta-cli.py:Epoch 29/100	Loss 5.7906 ± 0.2026
INFO:meta-cli.py:Epoch 30/100	Loss 5.7816 ± 0.2030
INFO:meta-cli.py:Epoch 30/100	dev results	MRR 0.353958	H@1 0.262903	H@3 0.387995	H@5 0.451155	H@10 0.538494
INFO:meta-cli.py:Epoch 30/100	test results	MRR 0.346830	H@1 0.254911	H@3 0.380338	H@5 0.447083	H@10 0.532615
INFO:meta-cli.py:Epoch 31/100	Loss 5.7729 ± 0.2006
INFO:meta-cli.py:Epoch 32/100	Loss 5.7646 ± 0.2049
INFO:meta-cli.py:Epoch 33/100	Loss 5.7570 ± 0.1939
INFO:meta-cli.py:Epoch 33/100	dev results	MRR 0.354650	H@1 0.263644	H@3 0.388879	H@5 0.452466	H@10 0.537610
INFO:meta-cli.py:Epoch 33/100	test results	MRR 0.346538	H@1 0.254056	H@3 0.380753	H@5 0.447865	H@10 0.533617
INFO:meta-cli.py:Epoch 34/100	Loss 5.7490 ± 0.1946
INFO:meta-cli.py:Epoch 35/100	Loss 5.7422 ± 0.2008
INFO:meta-cli.py:Epoch 36/100	Loss 5.7353 ± 0.1858
INFO:meta-cli.py:Epoch 36/100	dev results	MRR 0.354694	H@1 0.264129	H@3 0.388651	H@5 0.451326	H@10 0.538266
INFO:meta-cli.py:Epoch 36/100	test results	MRR 0.347428	H@1 0.255986	H@3 0.380631	H@5 0.446448	H@10 0.533446
INFO:meta-cli.py:Epoch 37/100	Loss 5.7287 ± 0.1869
INFO:meta-cli.py:Epoch 38/100	Loss 5.7229 ± 0.1973
INFO:meta-cli.py:Epoch 39/100	Loss 5.7164 ± 0.1854
INFO:meta-cli.py:Epoch 39/100	dev results	MRR 0.354858	H@1 0.263901	H@3 0.389193	H@5 0.451782	H@10 0.537981
INFO:meta-cli.py:Epoch 39/100	test results	MRR 0.347146	H@1 0.255253	H@3 0.382048	H@5 0.446741	H@10 0.532811
INFO:meta-cli.py:Epoch 40/100	Loss 5.7108 ± 0.1905
INFO:meta-cli.py:Epoch 41/100	Loss 5.7046 ± 0.1882
INFO:meta-cli.py:Epoch 42/100	Loss 5.6993 ± 0.1831
INFO:meta-cli.py:Epoch 42/100	dev results	MRR 0.356228	H@1 0.265868	H@3 0.391046	H@5 0.452581	H@10 0.538808
INFO:meta-cli.py:Epoch 42/100	test results	MRR 0.349174	H@1 0.257891	H@3 0.383612	H@5 0.447230	H@10 0.533104
INFO:meta-cli.py:Epoch 43/100	Loss 5.6940 ± 0.1840
INFO:meta-cli.py:Epoch 44/100	Loss 5.6889 ± 0.1829
INFO:meta-cli.py:Epoch 45/100	Loss 5.6847 ± 0.1877
INFO:meta-cli.py:Epoch 45/100	dev results	MRR 0.355976	H@1 0.265498	H@3 0.389934	H@5 0.452638	H@10 0.538751
INFO:meta-cli.py:Epoch 45/100	test results	MRR 0.348187	H@1 0.256743	H@3 0.382268	H@5 0.447132	H@10 0.532346
INFO:meta-cli.py:Epoch 46/100	Loss 5.6794 ± 0.1843
INFO:meta-cli.py:Epoch 47/100	Loss 5.6748 ± 0.1830
INFO:meta-cli.py:Epoch 48/100	Loss 5.6704 ± 0.1856
INFO:meta-cli.py:Epoch 48/100	dev results	MRR 0.355318	H@1 0.264100	H@3 0.390590	H@5 0.452295	H@10 0.539350
INFO:meta-cli.py:Epoch 48/100	test results	MRR 0.348143	H@1 0.256230	H@3 0.383099	H@5 0.447303	H@10 0.532713
INFO:meta-cli.py:Epoch 49/100	Loss 5.6663 ± 0.1794
INFO:meta-cli.py:Epoch 50/100	Loss 5.6619 ± 0.1685
INFO:meta-cli.py:Epoch 51/100	Loss 5.6581 ± 0.1728
INFO:meta-cli.py:Epoch 51/100	dev results	MRR 0.356122	H@1 0.265269	H@3 0.390733	H@5 0.453208	H@10 0.539207
INFO:meta-cli.py:Epoch 51/100	test results	MRR 0.348050	H@1 0.256157	H@3 0.383612	H@5 0.447205	H@10 0.531882
INFO:meta-cli.py:Epoch 52/100	Loss 5.6546 ± 0.1871
INFO:meta-cli.py:Epoch 53/100	Loss 5.6495 ± 0.1814
INFO:meta-cli.py:Epoch 54/100	Loss 5.6466 ± 0.1882
INFO:meta-cli.py:Epoch 54/100	dev results	MRR 0.356250	H@1 0.265640	H@3 0.390647	H@5 0.452723	H@10 0.540234
INFO:meta-cli.py:Epoch 54/100	test results	MRR 0.347796	H@1 0.255986	H@3 0.382488	H@5 0.447083	H@10 0.532517
INFO:meta-cli.py:Epoch 55/100	Loss 5.6424 ± 0.1685
INFO:meta-cli.py:Epoch 56/100	Loss 5.6396 ± 0.1771
INFO:meta-cli.py:Epoch 57/100	Loss 5.6365 ± 0.1728
INFO:meta-cli.py:Epoch 57/100	dev results	MRR 0.356321	H@1 0.265754	H@3 0.389877	H@5 0.452495	H@10 0.540975
INFO:meta-cli.py:Epoch 57/100	test results	MRR 0.348162	H@1 0.256889	H@3 0.382146	H@5 0.446936	H@10 0.533519
INFO:meta-cli.py:Epoch 58/100	Loss 5.6331 ± 0.1786
INFO:meta-cli.py:Epoch 59/100	Loss 5.6291 ± 0.1639
INFO:meta-cli.py:Epoch 60/100	Loss 5.6266 ± 0.1710
INFO:meta-cli.py:Epoch 60/100	dev results	MRR 0.356654	H@1 0.266011	H@3 0.391046	H@5 0.452894	H@10 0.539835
INFO:meta-cli.py:Epoch 60/100	test results	MRR 0.348395	H@1 0.256743	H@3 0.383001	H@5 0.447889	H@10 0.533519
INFO:meta-cli.py:Epoch 61/100	Loss 5.6235 ± 0.1684
INFO:meta-cli.py:Epoch 62/100	Loss 5.6201 ± 0.1697
INFO:meta-cli.py:Epoch 63/100	Loss 5.6170 ± 0.1627
INFO:meta-cli.py:Epoch 63/100	dev results	MRR 0.356161	H@1 0.264984	H@3 0.391417	H@5 0.453778	H@10 0.538837
INFO:meta-cli.py:Epoch 63/100	test results	MRR 0.347961	H@1 0.255863	H@3 0.382635	H@5 0.447914	H@10 0.533617
INFO:meta-cli.py:Epoch 64/100	Loss 5.6145 ± 0.1755
INFO:meta-cli.py:Epoch 65/100	Loss 5.6118 ± 0.1663
INFO:meta-cli.py:Epoch 66/100	Loss 5.6090 ± 0.1641
INFO:meta-cli.py:Epoch 66/100	dev results	MRR 0.355961	H@1 0.264728	H@3 0.390362	H@5 0.453835	H@10 0.539635
INFO:meta-cli.py:Epoch 66/100	test results	MRR 0.348048	H@1 0.256010	H@3 0.383001	H@5 0.448011	H@10 0.533910
INFO:meta-cli.py:Epoch 67/100	Loss 5.6062 ± 0.1647
INFO:meta-cli.py:Epoch 68/100	Loss 5.6037 ± 0.1659
INFO:meta-cli.py:Epoch 69/100	Loss 5.6006 ± 0.1714
INFO:meta-cli.py:Epoch 69/100	dev results	MRR 0.356466	H@1 0.265726	H@3 0.390904	H@5 0.454577	H@10 0.539835
INFO:meta-cli.py:Epoch 69/100	test results	MRR 0.348438	H@1 0.256670	H@3 0.382488	H@5 0.448329	H@10 0.533153
INFO:meta-cli.py:Epoch 70/100	Loss 5.5979 ± 0.1600
INFO:meta-cli.py:Epoch 71/100	Loss 5.5957 ± 0.1651
INFO:meta-cli.py:Epoch 72/100	Loss 5.5934 ± 0.1650
INFO:meta-cli.py:Epoch 72/100	dev results	MRR 0.356976	H@1 0.266638	H@3 0.392187	H@5 0.452837	H@10 0.541004
INFO:meta-cli.py:Epoch 72/100	test results	MRR 0.348961	H@1 0.257769	H@3 0.383221	H@5 0.448060	H@10 0.534496
INFO:meta-cli.py:Epoch 73/100	Loss 5.5914 ± 0.1689
INFO:meta-cli.py:Epoch 74/100	Loss 5.5887 ± 0.1649
INFO:meta-cli.py:Epoch 75/100	Loss 5.5866 ± 0.1677
INFO:meta-cli.py:Epoch 75/100	dev results	MRR 0.356571	H@1 0.265355	H@3 0.391161	H@5 0.455090	H@10 0.540006
INFO:meta-cli.py:Epoch 75/100	test results	MRR 0.349376	H@1 0.258600	H@3 0.382903	H@5 0.448524	H@10 0.533788
INFO:meta-cli.py:Epoch 76/100	Loss 5.5844 ± 0.1621
INFO:meta-cli.py:Epoch 77/100	Loss 5.5825 ± 0.1641
INFO:meta-cli.py:Epoch 78/100	Loss 5.5800 ± 0.1634
INFO:meta-cli.py:Epoch 78/100	dev results	MRR 0.356537	H@1 0.265868	H@3 0.391132	H@5 0.453978	H@10 0.540205
INFO:meta-cli.py:Epoch 78/100	test results	MRR 0.348184	H@1 0.256499	H@3 0.383050	H@5 0.447572	H@10 0.533446
INFO:meta-cli.py:Epoch 79/100	Loss 5.5783 ± 0.1576
INFO:meta-cli.py:Epoch 80/100	Loss 5.5761 ± 0.1615
INFO:meta-cli.py:Epoch 81/100	Loss 5.5739 ± 0.1582
INFO:meta-cli.py:Epoch 81/100	dev results	MRR 0.356919	H@1 0.267037	H@3 0.390847	H@5 0.454463	H@10 0.539749
INFO:meta-cli.py:Epoch 81/100	test results	MRR 0.348707	H@1 0.257158	H@3 0.384076	H@5 0.448476	H@10 0.532982
INFO:meta-cli.py:Epoch 82/100	Loss 5.5717 ± 0.1594
INFO:meta-cli.py:Epoch 83/100	Loss 5.5700 ± 0.1579
INFO:meta-cli.py:Epoch 84/100	Loss 5.5678 ± 0.1508
INFO:meta-cli.py:Epoch 84/100	dev results	MRR 0.356677	H@1 0.266324	H@3 0.390676	H@5 0.453978	H@10 0.540148
INFO:meta-cli.py:Epoch 84/100	test results	MRR 0.348493	H@1 0.257036	H@3 0.383001	H@5 0.449306	H@10 0.534105
INFO:meta-cli.py:Epoch 85/100	Loss 5.5658 ± 0.1543
INFO:meta-cli.py:Epoch 86/100	Loss 5.5641 ± 0.1545
INFO:meta-cli.py:Epoch 87/100	Loss 5.5626 ± 0.1533
INFO:meta-cli.py:Epoch 87/100	dev results	MRR 0.356510	H@1 0.265640	H@3 0.390932	H@5 0.453493	H@10 0.541004
INFO:meta-cli.py:Epoch 87/100	test results	MRR 0.349189	H@1 0.257720	H@3 0.383758	H@5 0.447669	H@10 0.534301
INFO:meta-cli.py:Epoch 88/100	Loss 5.5608 ± 0.1576
INFO:meta-cli.py:Epoch 89/100	Loss 5.5588 ± 0.1578
INFO:meta-cli.py:Epoch 90/100	Loss 5.5572 ± 0.1519
INFO:meta-cli.py:Epoch 90/100	dev results	MRR 0.356459	H@1 0.265469	H@3 0.390590	H@5 0.453949	H@10 0.540662
INFO:meta-cli.py:Epoch 90/100	test results	MRR 0.349125	H@1 0.258282	H@3 0.382830	H@5 0.448060	H@10 0.534765
INFO:meta-cli.py:Epoch 91/100	Loss 5.5554 ± 0.1511
INFO:meta-cli.py:Epoch 92/100	Loss 5.5537 ± 0.1548
INFO:meta-cli.py:Epoch 93/100	Loss 5.5519 ± 0.1573
INFO:meta-cli.py:Epoch 93/100	dev results	MRR 0.356460	H@1 0.265783	H@3 0.390676	H@5 0.454520	H@10 0.539350
INFO:meta-cli.py:Epoch 93/100	test results	MRR 0.348644	H@1 0.256987	H@3 0.383905	H@5 0.448378	H@10 0.533861
INFO:meta-cli.py:Epoch 94/100	Loss 5.5507 ± 0.1422
INFO:meta-cli.py:Epoch 95/100	Loss 5.5493 ± 0.1580
INFO:meta-cli.py:Epoch 96/100	Loss 5.5468 ± 0.1545
INFO:meta-cli.py:Epoch 96/100	dev results	MRR 0.356693	H@1 0.266239	H@3 0.390904	H@5 0.454320	H@10 0.540205
INFO:meta-cli.py:Epoch 96/100	test results	MRR 0.348846	H@1 0.257574	H@3 0.383685	H@5 0.448085	H@10 0.534179
INFO:meta-cli.py:Epoch 97/100	Loss 5.5459 ± 0.1499
INFO:meta-cli.py:Epoch 98/100	Loss 5.5437 ± 0.1473
INFO:meta-cli.py:Epoch 99/100	Loss 5.5428 ± 0.1477
INFO:meta-cli.py:Epoch 99/100	dev results	MRR 0.356316	H@1 0.265612	H@3 0.389963	H@5 0.454919	H@10 0.540234
INFO:meta-cli.py:Epoch 99/100	test results	MRR 0.348991	H@1 0.257549	H@3 0.383197	H@5 0.448524	H@10 0.534350
INFO:meta-cli.py:Epoch 100/100	Loss 5.5412 ± 0.1507
INFO:meta-cli.py:Final 	dev results	MRR 0.355896	H@1 0.264756	H@3 0.390191	H@5 0.454320	H@10 0.540034
INFO:meta-cli.py:Final 	test results	MRR 0.348944	H@1 0.257500	H@3 0.383612	H@5 0.448622	H@10 0.534203
INFO:meta-cli.py:Training finished
