./bin/meta-cli.py --train data/fb15k-237/train.tsv --dev data/fb15k-237/dev.tsv --test data/fb15k-237/test.tsv -m complex -k 500 -b 100 -e 100 --F2 0.001 --N3 0 -l 0.1 -I reciprocal -V 3 -o adagrad -q
{'F2': 0.001,
 'N3': 0.0,
 'batch_size': 100,
 'dev': 'data/fb15k-237/dev.tsv',
 'embedding_size': 500,
 'epochs': 100,
 'eval_batch_size': None,
 'input_type': 'reciprocal',
 'learning_rate': 0.1,
 'load': None,
 'model': 'complex',
 'optimizer': 'adagrad',
 'quiet': True,
 'save': None,
 'seed': 0,
 'test': 'data/fb15k-237/test.tsv',
 'test_i': None,
 'test_ii': None,
 'train': 'data/fb15k-237/train.tsv',
 'validate_every': 3}
INFO:meta-cli.py:Device: cuda
INFO:meta-cli.py:Model state:
INFO:meta-cli.py:	entities.weight	torch.Size([14541, 1000])
INFO:meta-cli.py:	predicates.weight	torch.Size([474, 1000])
INFO:meta-cli.py:Epoch 1/100	Loss 10.4464 ± 2.4699
INFO:meta-cli.py:Epoch 2/100	Loss 6.8090 ± 0.2558
INFO:meta-cli.py:Epoch 3/100	Loss 6.3887 ± 0.2707
INFO:meta-cli.py:Epoch 3/100	dev results	MRR 0.322296	H@1 0.236841	H@3 0.350870	H@5 0.412831	H@10 0.494611
INFO:meta-cli.py:Epoch 3/100	test results	MRR 0.317567	H@1 0.230504	H@3 0.348627	H@5 0.410706	H@10 0.492720
INFO:meta-cli.py:Epoch 4/100	Loss 6.2078 ± 0.2728
INFO:meta-cli.py:Epoch 5/100	Loss 6.1002 ± 0.2700
INFO:meta-cli.py:Epoch 6/100	Loss 6.0250 ± 0.2699
INFO:meta-cli.py:Epoch 6/100	dev results	MRR 0.329054	H@1 0.241688	H@3 0.359909	H@5 0.421215	H@10 0.503080
INFO:meta-cli.py:Epoch 6/100	test results	MRR 0.323533	H@1 0.234804	H@3 0.354784	H@5 0.417400	H@10 0.500293
INFO:meta-cli.py:Epoch 7/100	Loss 5.9708 ± 0.2683
INFO:meta-cli.py:Epoch 8/100	Loss 5.9269 ± 0.2683
INFO:meta-cli.py:Epoch 9/100	Loss 5.8921 ± 0.2668
INFO:meta-cli.py:Epoch 9/100	dev results	MRR 0.331618	H@1 0.244254	H@3 0.362732	H@5 0.424038	H@10 0.506530
INFO:meta-cli.py:Epoch 9/100	test results	MRR 0.326510	H@1 0.238518	H@3 0.358179	H@5 0.420234	H@10 0.504398
INFO:meta-cli.py:Epoch 10/100	Loss 5.8630 ± 0.2647
INFO:meta-cli.py:Epoch 11/100	Loss 5.8383 ± 0.2598
INFO:meta-cli.py:Epoch 12/100	Loss 5.8177 ± 0.2582
INFO:meta-cli.py:Epoch 12/100	dev results	MRR 0.334787	H@1 0.248047	H@3 0.365441	H@5 0.426005	H@10 0.508554
INFO:meta-cli.py:Epoch 12/100	test results	MRR 0.329615	H@1 0.241180	H@3 0.361746	H@5 0.423947	H@10 0.507305
INFO:meta-cli.py:Epoch 13/100	Loss 5.7994 ± 0.2608
INFO:meta-cli.py:Epoch 14/100	Loss 5.7831 ± 0.2619
INFO:meta-cli.py:Epoch 15/100	Loss 5.7685 ± 0.2528
INFO:meta-cli.py:Epoch 15/100	dev results	MRR 0.335601	H@1 0.248560	H@3 0.365754	H@5 0.426547	H@10 0.509809
INFO:meta-cli.py:Epoch 15/100	test results	MRR 0.330174	H@1 0.241620	H@3 0.363627	H@5 0.423116	H@10 0.507891
INFO:meta-cli.py:Epoch 16/100	Loss 5.7554 ± 0.2535
INFO:meta-cli.py:Epoch 17/100	Loss 5.7437 ± 0.2525
INFO:meta-cli.py:Epoch 18/100	Loss 5.7327 ± 0.2466
INFO:meta-cli.py:Epoch 18/100	dev results	MRR 0.337114	H@1 0.250185	H@3 0.368263	H@5 0.427716	H@10 0.511434
INFO:meta-cli.py:Epoch 18/100	test results	MRR 0.331433	H@1 0.243062	H@3 0.364458	H@5 0.425413	H@10 0.509479
INFO:meta-cli.py:Epoch 19/100	Loss 5.7231 ± 0.2470
INFO:meta-cli.py:Epoch 20/100	Loss 5.7138 ± 0.2471
INFO:meta-cli.py:Epoch 21/100	Loss 5.7054 ± 0.2461
INFO:meta-cli.py:Epoch 21/100	dev results	MRR 0.336686	H@1 0.249501	H@3 0.367665	H@5 0.427973	H@10 0.511121
INFO:meta-cli.py:Epoch 21/100	test results	MRR 0.332394	H@1 0.244088	H@3 0.365215	H@5 0.426683	H@10 0.509723
INFO:meta-cli.py:Epoch 22/100	Loss 5.6973 ± 0.2500
INFO:meta-cli.py:Epoch 23/100	Loss 5.6903 ± 0.2501
INFO:meta-cli.py:Epoch 24/100	Loss 5.6833 ± 0.2465
INFO:meta-cli.py:Epoch 24/100	dev results	MRR 0.337193	H@1 0.250214	H@3 0.368435	H@5 0.429798	H@10 0.511320
INFO:meta-cli.py:Epoch 24/100	test results	MRR 0.332677	H@1 0.244112	H@3 0.364898	H@5 0.427587	H@10 0.509699
INFO:meta-cli.py:Epoch 25/100	Loss 5.6770 ± 0.2484
INFO:meta-cli.py:Epoch 26/100	Loss 5.6711 ± 0.2484
INFO:meta-cli.py:Epoch 27/100	Loss 5.6652 ± 0.2483
INFO:meta-cli.py:Epoch 27/100	dev results	MRR 0.337688	H@1 0.250385	H@3 0.368720	H@5 0.429398	H@10 0.512974
INFO:meta-cli.py:Epoch 27/100	test results	MRR 0.333482	H@1 0.245407	H@3 0.365411	H@5 0.428125	H@10 0.511263
INFO:meta-cli.py:Epoch 28/100	Loss 5.6599 ± 0.2472
INFO:meta-cli.py:Epoch 29/100	Loss 5.6549 ± 0.2419
INFO:meta-cli.py:Epoch 30/100	Loss 5.6498 ± 0.2480
INFO:meta-cli.py:Epoch 30/100	dev results	MRR 0.338104	H@1 0.251069	H@3 0.369376	H@5 0.428857	H@10 0.511976
INFO:meta-cli.py:Epoch 30/100	test results	MRR 0.333303	H@1 0.245138	H@3 0.365558	H@5 0.427905	H@10 0.509137
INFO:meta-cli.py:Epoch 31/100	Loss 5.6452 ± 0.2419
INFO:meta-cli.py:Epoch 32/100	Loss 5.6410 ± 0.2449
INFO:meta-cli.py:Epoch 33/100	Loss 5.6367 ± 0.2445
INFO:meta-cli.py:Epoch 33/100	dev results	MRR 0.339137	H@1 0.252267	H@3 0.369233	H@5 0.430311	H@10 0.513544
INFO:meta-cli.py:Epoch 33/100	test results	MRR 0.334225	H@1 0.245920	H@3 0.366388	H@5 0.429029	H@10 0.510481
INFO:meta-cli.py:Epoch 34/100	Loss 5.6327 ± 0.2404
INFO:meta-cli.py:Epoch 35/100	Loss 5.6291 ± 0.2431
INFO:meta-cli.py:Epoch 36/100	Loss 5.6253 ± 0.2447
INFO:meta-cli.py:Epoch 36/100	dev results	MRR 0.338468	H@1 0.251098	H@3 0.368805	H@5 0.429940	H@10 0.513231
INFO:meta-cli.py:Epoch 36/100	test results	MRR 0.334367	H@1 0.246067	H@3 0.366828	H@5 0.428809	H@10 0.510701
INFO:meta-cli.py:Epoch 37/100	Loss 5.6217 ± 0.2436
INFO:meta-cli.py:Epoch 38/100	Loss 5.6185 ± 0.2424
INFO:meta-cli.py:Epoch 39/100	Loss 5.6150 ± 0.2404
INFO:meta-cli.py:Epoch 39/100	dev results	MRR 0.338364	H@1 0.250271	H@3 0.370202	H@5 0.431565	H@10 0.513117
INFO:meta-cli.py:Epoch 39/100	test results	MRR 0.334176	H@1 0.245529	H@3 0.366681	H@5 0.429371	H@10 0.511140
INFO:meta-cli.py:Epoch 40/100	Loss 5.6120 ± 0.2402
INFO:meta-cli.py:Epoch 41/100	Loss 5.6089 ± 0.2392
INFO:meta-cli.py:Epoch 42/100	Loss 5.6060 ± 0.2377
INFO:meta-cli.py:Epoch 42/100	dev results	MRR 0.339259	H@1 0.251896	H@3 0.369718	H@5 0.430653	H@10 0.513772
INFO:meta-cli.py:Epoch 42/100	test results	MRR 0.334735	H@1 0.246604	H@3 0.367390	H@5 0.428955	H@10 0.511092
INFO:meta-cli.py:Epoch 43/100	Loss 5.6033 ± 0.2405
INFO:meta-cli.py:Epoch 44/100	Loss 5.6005 ± 0.2389
INFO:meta-cli.py:Epoch 45/100	Loss 5.5978 ± 0.2428
INFO:meta-cli.py:Epoch 45/100	dev results	MRR 0.338649	H@1 0.250955	H@3 0.370887	H@5 0.430482	H@10 0.513715
INFO:meta-cli.py:Epoch 45/100	test results	MRR 0.334378	H@1 0.245896	H@3 0.367854	H@5 0.428516	H@10 0.510701
INFO:meta-cli.py:Epoch 46/100	Loss 5.5953 ± 0.2393
INFO:meta-cli.py:Epoch 47/100	Loss 5.5927 ± 0.2343
INFO:meta-cli.py:Epoch 48/100	Loss 5.5905 ± 0.2415
INFO:meta-cli.py:Epoch 48/100	dev results	MRR 0.339735	H@1 0.252552	H@3 0.370744	H@5 0.430425	H@10 0.513687
INFO:meta-cli.py:Epoch 48/100	test results	MRR 0.334799	H@1 0.246458	H@3 0.367317	H@5 0.428369	H@10 0.511287
INFO:meta-cli.py:Epoch 49/100	Loss 5.5881 ± 0.2369
INFO:meta-cli.py:Epoch 50/100	Loss 5.5860 ± 0.2381
INFO:meta-cli.py:Epoch 51/100	Loss 5.5838 ± 0.2358
INFO:meta-cli.py:Epoch 51/100	dev results	MRR 0.339859	H@1 0.252552	H@3 0.371571	H@5 0.432022	H@10 0.514599
INFO:meta-cli.py:Epoch 51/100	test results	MRR 0.334368	H@1 0.245773	H@3 0.367219	H@5 0.428784	H@10 0.511287
INFO:meta-cli.py:Epoch 52/100	Loss 5.5817 ± 0.2360
INFO:meta-cli.py:Epoch 53/100	Loss 5.5797 ± 0.2356
INFO:meta-cli.py:Epoch 54/100	Loss 5.5774 ± 0.2395
INFO:meta-cli.py:Epoch 54/100	dev results	MRR 0.339837	H@1 0.252666	H@3 0.371229	H@5 0.431451	H@10 0.513972
INFO:meta-cli.py:Epoch 54/100	test results	MRR 0.334347	H@1 0.245969	H@3 0.366852	H@5 0.428100	H@10 0.510969
INFO:meta-cli.py:Epoch 55/100	Loss 5.5756 ± 0.2377
INFO:meta-cli.py:Epoch 56/100	Loss 5.5738 ± 0.2367
INFO:meta-cli.py:Epoch 57/100	Loss 5.5720 ± 0.2370
INFO:meta-cli.py:Epoch 57/100	dev results	MRR 0.339338	H@1 0.251782	H@3 0.371315	H@5 0.431394	H@10 0.514257
INFO:meta-cli.py:Epoch 57/100	test results	MRR 0.334308	H@1 0.245627	H@3 0.367439	H@5 0.428369	H@10 0.511653
INFO:meta-cli.py:Epoch 58/100	Loss 5.5700 ± 0.2354
INFO:meta-cli.py:Epoch 59/100	Loss 5.5682 ± 0.2324
INFO:meta-cli.py:Epoch 60/100	Loss 5.5665 ± 0.2357
INFO:meta-cli.py:Epoch 60/100	dev results	MRR 0.340002	H@1 0.252466	H@3 0.372170	H@5 0.431822	H@10 0.514685
INFO:meta-cli.py:Epoch 60/100	test results	MRR 0.334386	H@1 0.245505	H@3 0.367659	H@5 0.428931	H@10 0.511605
INFO:meta-cli.py:Epoch 61/100	Loss 5.5650 ± 0.2367
INFO:meta-cli.py:Epoch 62/100	Loss 5.5631 ± 0.2367
INFO:meta-cli.py:Epoch 63/100	Loss 5.5617 ± 0.2352
INFO:meta-cli.py:Epoch 63/100	dev results	MRR 0.339884	H@1 0.252381	H@3 0.371742	H@5 0.431936	H@10 0.515113
INFO:meta-cli.py:Epoch 63/100	test results	MRR 0.335108	H@1 0.246555	H@3 0.367292	H@5 0.429468	H@10 0.511263
INFO:meta-cli.py:Epoch 64/100	Loss 5.5601 ± 0.2323
INFO:meta-cli.py:Epoch 65/100	Loss 5.5584 ± 0.2330
INFO:meta-cli.py:Epoch 66/100	Loss 5.5570 ± 0.2317
INFO:meta-cli.py:Epoch 66/100	dev results	MRR 0.340000	H@1 0.252723	H@3 0.372427	H@5 0.431480	H@10 0.514999
INFO:meta-cli.py:Epoch 66/100	test results	MRR 0.335067	H@1 0.246824	H@3 0.368269	H@5 0.428540	H@10 0.512020
INFO:meta-cli.py:Epoch 67/100	Loss 5.5556 ± 0.2358
INFO:meta-cli.py:Epoch 68/100	Loss 5.5542 ± 0.2369
INFO:meta-cli.py:Epoch 69/100	Loss 5.5527 ± 0.2365
INFO:meta-cli.py:Epoch 69/100	dev results	MRR 0.340243	H@1 0.252809	H@3 0.372027	H@5 0.431622	H@10 0.514599
INFO:meta-cli.py:Epoch 69/100	test results	MRR 0.335148	H@1 0.247117	H@3 0.366828	H@5 0.428516	H@10 0.511971
INFO:meta-cli.py:Epoch 70/100	Loss 5.5513 ± 0.2374
INFO:meta-cli.py:Epoch 71/100	Loss 5.5500 ± 0.2354
INFO:meta-cli.py:Epoch 72/100	Loss 5.5486 ± 0.2374
INFO:meta-cli.py:Epoch 72/100	dev results	MRR 0.339839	H@1 0.252124	H@3 0.371343	H@5 0.431708	H@10 0.513915
INFO:meta-cli.py:Epoch 72/100	test results	MRR 0.334619	H@1 0.246091	H@3 0.367023	H@5 0.429053	H@10 0.511751
INFO:meta-cli.py:Epoch 73/100	Loss 5.5474 ± 0.2335
INFO:meta-cli.py:Epoch 74/100	Loss 5.5461 ± 0.2343
INFO:meta-cli.py:Epoch 75/100	Loss 5.5449 ± 0.2298
INFO:meta-cli.py:Epoch 75/100	dev results	MRR 0.340458	H@1 0.253151	H@3 0.372512	H@5 0.431965	H@10 0.514571
INFO:meta-cli.py:Epoch 75/100	test results	MRR 0.335179	H@1 0.246677	H@3 0.367805	H@5 0.428858	H@10 0.512728
INFO:meta-cli.py:Epoch 76/100	Loss 5.5436 ± 0.2307
INFO:meta-cli.py:Epoch 77/100	Loss 5.5425 ± 0.2320
INFO:meta-cli.py:Epoch 78/100	Loss 5.5413 ± 0.2350
INFO:meta-cli.py:Epoch 78/100	dev results	MRR 0.340063	H@1 0.252951	H@3 0.370830	H@5 0.431651	H@10 0.514514
INFO:meta-cli.py:Epoch 78/100	test results	MRR 0.335265	H@1 0.247313	H@3 0.366632	H@5 0.428174	H@10 0.511653
INFO:meta-cli.py:Epoch 79/100	Loss 5.5401 ± 0.2335
INFO:meta-cli.py:Epoch 80/100	Loss 5.5390 ± 0.2328
INFO:meta-cli.py:Epoch 81/100	Loss 5.5379 ± 0.2349
INFO:meta-cli.py:Epoch 81/100	dev results	MRR 0.340512	H@1 0.253436	H@3 0.371286	H@5 0.432335	H@10 0.514827
INFO:meta-cli.py:Epoch 81/100	test results	MRR 0.335294	H@1 0.246971	H@3 0.367390	H@5 0.429737	H@10 0.512240
INFO:meta-cli.py:Epoch 82/100	Loss 5.5368 ± 0.2365
INFO:meta-cli.py:Epoch 83/100	Loss 5.5357 ± 0.2333
INFO:meta-cli.py:Epoch 84/100	Loss 5.5347 ± 0.2332
INFO:meta-cli.py:Epoch 84/100	dev results	MRR 0.340197	H@1 0.253008	H@3 0.371343	H@5 0.431851	H@10 0.514970
INFO:meta-cli.py:Epoch 84/100	test results	MRR 0.335272	H@1 0.247093	H@3 0.367683	H@5 0.429444	H@10 0.512533
INFO:meta-cli.py:Epoch 85/100	Loss 5.5336 ± 0.2323
INFO:meta-cli.py:Epoch 86/100	Loss 5.5327 ± 0.2308
INFO:meta-cli.py:Epoch 87/100	Loss 5.5315 ± 0.2336
INFO:meta-cli.py:Epoch 87/100	dev results	MRR 0.340235	H@1 0.253122	H@3 0.371828	H@5 0.431679	H@10 0.514257
INFO:meta-cli.py:Epoch 87/100	test results	MRR 0.335379	H@1 0.247068	H@3 0.367805	H@5 0.429835	H@10 0.512606
INFO:meta-cli.py:Epoch 88/100	Loss 5.5306 ± 0.2361
INFO:meta-cli.py:Epoch 89/100	Loss 5.5296 ± 0.2316
INFO:meta-cli.py:Epoch 90/100	Loss 5.5287 ± 0.2320
INFO:meta-cli.py:Epoch 90/100	dev results	MRR 0.340757	H@1 0.253493	H@3 0.371571	H@5 0.431651	H@10 0.514856
INFO:meta-cli.py:Epoch 90/100	test results	MRR 0.334932	H@1 0.246335	H@3 0.366950	H@5 0.429249	H@10 0.512557
INFO:meta-cli.py:Epoch 91/100	Loss 5.5278 ± 0.2318
INFO:meta-cli.py:Epoch 92/100	Loss 5.5268 ± 0.2347
INFO:meta-cli.py:Epoch 93/100	Loss 5.5258 ± 0.2297
INFO:meta-cli.py:Epoch 93/100	dev results	MRR 0.340035	H@1 0.252267	H@3 0.372056	H@5 0.432449	H@10 0.514628
INFO:meta-cli.py:Epoch 93/100	test results	MRR 0.334951	H@1 0.246653	H@3 0.367414	H@5 0.428906	H@10 0.512484
INFO:meta-cli.py:Epoch 94/100	Loss 5.5249 ± 0.2275
INFO:meta-cli.py:Epoch 95/100	Loss 5.5241 ± 0.2327
INFO:meta-cli.py:Epoch 96/100	Loss 5.5232 ± 0.2292
INFO:meta-cli.py:Epoch 96/100	dev results	MRR 0.340424	H@1 0.253293	H@3 0.371885	H@5 0.432164	H@10 0.514599
INFO:meta-cli.py:Epoch 96/100	test results	MRR 0.334872	H@1 0.246506	H@3 0.367292	H@5 0.428809	H@10 0.512606
INFO:meta-cli.py:Epoch 97/100	Loss 5.5224 ± 0.2326
INFO:meta-cli.py:Epoch 98/100	Loss 5.5215 ± 0.2301
INFO:meta-cli.py:Epoch 99/100	Loss 5.5206 ± 0.2355
INFO:meta-cli.py:Epoch 99/100	dev results	MRR 0.339800	H@1 0.251953	H@3 0.371771	H@5 0.431908	H@10 0.514970
INFO:meta-cli.py:Epoch 99/100	test results	MRR 0.335095	H@1 0.246506	H@3 0.367488	H@5 0.429420	H@10 0.513168
INFO:meta-cli.py:Epoch 100/100	Loss 5.5198 ± 0.2368
INFO:meta-cli.py:Final 	dev results	MRR 0.340668	H@1 0.253607	H@3 0.371856	H@5 0.432735	H@10 0.513944
INFO:meta-cli.py:Final 	test results	MRR 0.335158	H@1 0.246726	H@3 0.368220	H@5 0.429542	H@10 0.512264
INFO:meta-cli.py:Training finished
