./bin/meta-cli.py --train data/fb15k-237/train.tsv --dev data/fb15k-237/dev.tsv --test data/fb15k-237/test.tsv -m complex -k 4000 -b 100 -e 100 --F2 0 --N3 0.005 -l 0.1 -I reciprocal -V 3 -o adagrad -q
{'F2': 0.0,
 'N3': 0.005,
 'batch_size': 100,
 'dev': 'data/fb15k-237/dev.tsv',
 'embedding_size': 4000,
 'epochs': 100,
 'eval_batch_size': None,
 'input_type': 'reciprocal',
 'learning_rate': 0.1,
 'load': None,
 'model': 'complex',
 'optimizer': 'adagrad',
 'quiet': True,
 'save': None,
 'seed': 0,
 'test': 'data/fb15k-237/test.tsv',
 'test_i': None,
 'test_ii': None,
 'train': 'data/fb15k-237/train.tsv',
 'validate_every': 3}
INFO:meta-cli.py:Device: cuda
INFO:meta-cli.py:Model state:
INFO:meta-cli.py:	entities.weight	torch.Size([14541, 8000])
INFO:meta-cli.py:	predicates.weight	torch.Size([474, 8000])
INFO:meta-cli.py:Epoch 1/100	Loss 11.1478 ± 2.4515
INFO:meta-cli.py:Epoch 2/100	Loss 7.6934 ± 0.2497
INFO:meta-cli.py:Epoch 3/100	Loss 7.1656 ± 0.2551
INFO:meta-cli.py:Epoch 3/100	dev results	MRR 0.337025	H@1 0.248646	H@3 0.368691	H@5 0.429398	H@10 0.514656
INFO:meta-cli.py:Epoch 3/100	test results	MRR 0.332373	H@1 0.243282	H@3 0.365900	H@5 0.428198	H@10 0.510383
INFO:meta-cli.py:Epoch 4/100	Loss 6.9181 ± 0.2636
INFO:meta-cli.py:Epoch 5/100	Loss 6.7646 ± 0.2662
INFO:meta-cli.py:Epoch 6/100	Loss 6.6549 ± 0.2684
INFO:meta-cli.py:Epoch 6/100	dev results	MRR 0.346400	H@1 0.255974	H@3 0.379698	H@5 0.444711	H@10 0.528372
INFO:meta-cli.py:Epoch 6/100	test results	MRR 0.338769	H@1 0.246384	H@3 0.374035	H@5 0.437824	H@10 0.523185
INFO:meta-cli.py:Epoch 7/100	Loss 6.5745 ± 0.2681
INFO:meta-cli.py:Epoch 8/100	Loss 6.5087 ± 0.2684
INFO:meta-cli.py:Epoch 9/100	Loss 6.4561 ± 0.2678
INFO:meta-cli.py:Epoch 9/100	dev results	MRR 0.350353	H@1 0.259338	H@3 0.382549	H@5 0.449016	H@10 0.533362
INFO:meta-cli.py:Epoch 9/100	test results	MRR 0.342808	H@1 0.250806	H@3 0.376991	H@5 0.441879	H@10 0.527338
INFO:meta-cli.py:Epoch 10/100	Loss 6.4113 ± 0.2661
INFO:meta-cli.py:Epoch 11/100	Loss 6.3735 ± 0.2616
INFO:meta-cli.py:Epoch 12/100	Loss 6.3409 ± 0.2605
INFO:meta-cli.py:Epoch 12/100	dev results	MRR 0.352946	H@1 0.260764	H@3 0.388252	H@5 0.451240	H@10 0.534160
INFO:meta-cli.py:Epoch 12/100	test results	MRR 0.346239	H@1 0.254080	H@3 0.382122	H@5 0.445031	H@10 0.528926
INFO:meta-cli.py:Epoch 13/100	Loss 6.3123 ± 0.2627
INFO:meta-cli.py:Epoch 14/100	Loss 6.2865 ± 0.2635
INFO:meta-cli.py:Epoch 15/100	Loss 6.2635 ± 0.2550
INFO:meta-cli.py:Epoch 15/100	dev results	MRR 0.353989	H@1 0.262675	H@3 0.387397	H@5 0.453065	H@10 0.535700
INFO:meta-cli.py:Epoch 15/100	test results	MRR 0.346591	H@1 0.254373	H@3 0.382293	H@5 0.446692	H@10 0.531418
INFO:meta-cli.py:Epoch 16/100	Loss 6.2427 ± 0.2553
INFO:meta-cli.py:Epoch 17/100	Loss 6.2237 ± 0.2547
INFO:meta-cli.py:Epoch 18/100	Loss 6.2063 ± 0.2492
INFO:meta-cli.py:Epoch 18/100	dev results	MRR 0.355426	H@1 0.264785	H@3 0.388594	H@5 0.452809	H@10 0.537953
INFO:meta-cli.py:Epoch 18/100	test results	MRR 0.347351	H@1 0.255472	H@3 0.381584	H@5 0.446912	H@10 0.531565
INFO:meta-cli.py:Epoch 19/100	Loss 6.1905 ± 0.2492
INFO:meta-cli.py:Epoch 20/100	Loss 6.1758 ± 0.2494
INFO:meta-cli.py:Epoch 21/100	Loss 6.1621 ± 0.2481
INFO:meta-cli.py:Epoch 21/100	dev results	MRR 0.355877	H@1 0.264500	H@3 0.391617	H@5 0.453921	H@10 0.537268
INFO:meta-cli.py:Epoch 21/100	test results	MRR 0.348018	H@1 0.255863	H@3 0.384052	H@5 0.447523	H@10 0.532566
INFO:meta-cli.py:Epoch 22/100	Loss 6.1490 ± 0.2520
INFO:meta-cli.py:Epoch 23/100	Loss 6.1373 ± 0.2522
INFO:meta-cli.py:Epoch 24/100	Loss 6.1260 ± 0.2486
INFO:meta-cli.py:Epoch 24/100	dev results	MRR 0.355939	H@1 0.264813	H@3 0.390419	H@5 0.455147	H@10 0.537183
INFO:meta-cli.py:Epoch 24/100	test results	MRR 0.348787	H@1 0.257232	H@3 0.383783	H@5 0.448158	H@10 0.532346
INFO:meta-cli.py:Epoch 25/100	Loss 6.1156 ± 0.2503
INFO:meta-cli.py:Epoch 26/100	Loss 6.1059 ± 0.2506
INFO:meta-cli.py:Epoch 27/100	Loss 6.0962 ± 0.2505
INFO:meta-cli.py:Epoch 27/100	dev results	MRR 0.356658	H@1 0.265041	H@3 0.391930	H@5 0.454691	H@10 0.538637
INFO:meta-cli.py:Epoch 27/100	test results	MRR 0.348500	H@1 0.255497	H@3 0.384149	H@5 0.448866	H@10 0.533470
INFO:meta-cli.py:Epoch 28/100	Loss 6.0875 ± 0.2497
INFO:meta-cli.py:Epoch 29/100	Loss 6.0793 ± 0.2444
INFO:meta-cli.py:Epoch 30/100	Loss 6.0711 ± 0.2501
INFO:meta-cli.py:Epoch 30/100	dev results	MRR 0.356977	H@1 0.265783	H@3 0.391246	H@5 0.454862	H@10 0.538352
INFO:meta-cli.py:Epoch 30/100	test results	MRR 0.348387	H@1 0.255937	H@3 0.384516	H@5 0.447889	H@10 0.534301
INFO:meta-cli.py:Epoch 31/100	Loss 6.0635 ± 0.2441
INFO:meta-cli.py:Epoch 32/100	Loss 6.0564 ± 0.2473
INFO:meta-cli.py:Epoch 33/100	Loss 6.0493 ± 0.2465
INFO:meta-cli.py:Epoch 33/100	dev results	MRR 0.356675	H@1 0.265241	H@3 0.390904	H@5 0.454377	H@10 0.540091
INFO:meta-cli.py:Epoch 33/100	test results	MRR 0.349385	H@1 0.257012	H@3 0.384760	H@5 0.449233	H@10 0.534350
INFO:meta-cli.py:Epoch 34/100	Loss 6.0427 ± 0.2425
INFO:meta-cli.py:Epoch 35/100	Loss 6.0367 ± 0.2450
INFO:meta-cli.py:Epoch 36/100	Loss 6.0305 ± 0.2473
INFO:meta-cli.py:Epoch 36/100	dev results	MRR 0.357232	H@1 0.265897	H@3 0.391104	H@5 0.454805	H@10 0.538010
INFO:meta-cli.py:Epoch 36/100	test results	MRR 0.349094	H@1 0.256963	H@3 0.384076	H@5 0.449697	H@10 0.532982
INFO:meta-cli.py:Epoch 37/100	Loss 6.0246 ± 0.2459
INFO:meta-cli.py:Epoch 38/100	Loss 6.0192 ± 0.2441
INFO:meta-cli.py:Epoch 39/100	Loss 6.0136 ± 0.2422
INFO:meta-cli.py:Epoch 39/100	dev results	MRR 0.357061	H@1 0.265982	H@3 0.390904	H@5 0.455689	H@10 0.538580
INFO:meta-cli.py:Epoch 39/100	test results	MRR 0.348843	H@1 0.256376	H@3 0.383929	H@5 0.450528	H@10 0.533421
INFO:meta-cli.py:Epoch 40/100	Loss 6.0085 ± 0.2420
INFO:meta-cli.py:Epoch 41/100	Loss 6.0035 ± 0.2414
INFO:meta-cli.py:Epoch 42/100	Loss 5.9986 ± 0.2397
INFO:meta-cli.py:Epoch 42/100	dev results	MRR 0.357863	H@1 0.266838	H@3 0.392330	H@5 0.454092	H@10 0.540063
INFO:meta-cli.py:Epoch 42/100	test results	MRR 0.349643	H@1 0.257427	H@3 0.385566	H@5 0.449990	H@10 0.533714
INFO:meta-cli.py:Epoch 43/100	Loss 5.9941 ± 0.2427
INFO:meta-cli.py:Epoch 44/100	Loss 5.9895 ± 0.2410
INFO:meta-cli.py:Epoch 45/100	Loss 5.9852 ± 0.2447
INFO:meta-cli.py:Epoch 45/100	dev results	MRR 0.357264	H@1 0.266267	H@3 0.391531	H@5 0.455147	H@10 0.540120
INFO:meta-cli.py:Epoch 45/100	test results	MRR 0.348801	H@1 0.256303	H@3 0.385517	H@5 0.450039	H@10 0.533495
INFO:meta-cli.py:Epoch 46/100	Loss 5.9810 ± 0.2408
INFO:meta-cli.py:Epoch 47/100	Loss 5.9768 ± 0.2364
INFO:meta-cli.py:Epoch 48/100	Loss 5.9730 ± 0.2436
INFO:meta-cli.py:Epoch 48/100	dev results	MRR 0.357372	H@1 0.266210	H@3 0.392130	H@5 0.454833	H@10 0.538266
INFO:meta-cli.py:Epoch 48/100	test results	MRR 0.349199	H@1 0.256694	H@3 0.385859	H@5 0.449624	H@10 0.533788
INFO:meta-cli.py:Epoch 49/100	Loss 5.9692 ± 0.2389
INFO:meta-cli.py:Epoch 50/100	Loss 5.9656 ± 0.2401
INFO:meta-cli.py:Epoch 51/100	Loss 5.9619 ± 0.2376
INFO:meta-cli.py:Epoch 51/100	dev results	MRR 0.357487	H@1 0.266068	H@3 0.392073	H@5 0.456287	H@10 0.539207
INFO:meta-cli.py:Epoch 51/100	test results	MRR 0.349098	H@1 0.256157	H@3 0.384614	H@5 0.450845	H@10 0.535131
INFO:meta-cli.py:Epoch 52/100	Loss 5.9585 ± 0.2376
INFO:meta-cli.py:Epoch 53/100	Loss 5.9552 ± 0.2376
INFO:meta-cli.py:Epoch 54/100	Loss 5.9516 ± 0.2413
INFO:meta-cli.py:Epoch 54/100	dev results	MRR 0.357560	H@1 0.266382	H@3 0.391417	H@5 0.456373	H@10 0.538466
INFO:meta-cli.py:Epoch 54/100	test results	MRR 0.348711	H@1 0.255937	H@3 0.384858	H@5 0.451041	H@10 0.533030
INFO:meta-cli.py:Epoch 55/100	Loss 5.9485 ± 0.2396
INFO:meta-cli.py:Epoch 56/100	Loss 5.9455 ± 0.2390
INFO:meta-cli.py:Epoch 57/100	Loss 5.9425 ± 0.2389
INFO:meta-cli.py:Epoch 57/100	dev results	MRR 0.357482	H@1 0.266382	H@3 0.392216	H@5 0.454919	H@10 0.538751
INFO:meta-cli.py:Epoch 57/100	test results	MRR 0.349781	H@1 0.257793	H@3 0.384247	H@5 0.450479	H@10 0.534570
INFO:meta-cli.py:Epoch 58/100	Loss 5.9393 ± 0.2376
INFO:meta-cli.py:Epoch 59/100	Loss 5.9365 ± 0.2344
INFO:meta-cli.py:Epoch 60/100	Loss 5.9336 ± 0.2375
INFO:meta-cli.py:Epoch 60/100	dev results	MRR 0.357641	H@1 0.266524	H@3 0.391531	H@5 0.455033	H@10 0.539207
INFO:meta-cli.py:Epoch 60/100	test results	MRR 0.349501	H@1 0.257158	H@3 0.385249	H@5 0.449868	H@10 0.533617
INFO:meta-cli.py:Epoch 61/100	Loss 5.9310 ± 0.2386
INFO:meta-cli.py:Epoch 62/100	Loss 5.9281 ± 0.2387
INFO:meta-cli.py:Epoch 63/100	Loss 5.9256 ± 0.2370
INFO:meta-cli.py:Epoch 63/100	dev results	MRR 0.357536	H@1 0.266296	H@3 0.391930	H@5 0.455175	H@10 0.540063
INFO:meta-cli.py:Epoch 63/100	test results	MRR 0.350056	H@1 0.257769	H@3 0.386055	H@5 0.450430	H@10 0.535180
INFO:meta-cli.py:Epoch 64/100	Loss 5.9231 ± 0.2342
INFO:meta-cli.py:Epoch 65/100	Loss 5.9204 ± 0.2347
INFO:meta-cli.py:Epoch 66/100	Loss 5.9180 ± 0.2331
INFO:meta-cli.py:Epoch 66/100	dev results	MRR 0.358112	H@1 0.267408	H@3 0.392729	H@5 0.455432	H@10 0.540205
INFO:meta-cli.py:Epoch 66/100	test results	MRR 0.349393	H@1 0.256523	H@3 0.386299	H@5 0.450210	H@10 0.534423
INFO:meta-cli.py:Epoch 67/100	Loss 5.9157 ± 0.2373
INFO:meta-cli.py:Epoch 68/100	Loss 5.9134 ± 0.2386
INFO:meta-cli.py:Epoch 69/100	Loss 5.9111 ± 0.2379
INFO:meta-cli.py:Epoch 69/100	dev results	MRR 0.358859	H@1 0.268178	H@3 0.393042	H@5 0.455518	H@10 0.539664
INFO:meta-cli.py:Epoch 69/100	test results	MRR 0.349919	H@1 0.257696	H@3 0.385175	H@5 0.450210	H@10 0.533763
INFO:meta-cli.py:Epoch 70/100	Loss 5.9087 ± 0.2388
INFO:meta-cli.py:Epoch 71/100	Loss 5.9067 ± 0.2371
INFO:meta-cli.py:Epoch 72/100	Loss 5.9044 ± 0.2391
INFO:meta-cli.py:Epoch 72/100	dev results	MRR 0.357290	H@1 0.265412	H@3 0.391845	H@5 0.455461	H@10 0.539407
INFO:meta-cli.py:Epoch 72/100	test results	MRR 0.348836	H@1 0.255937	H@3 0.385102	H@5 0.450259	H@10 0.534008
INFO:meta-cli.py:Epoch 73/100	Loss 5.9025 ± 0.2349
INFO:meta-cli.py:Epoch 74/100	Loss 5.9003 ± 0.2364
INFO:meta-cli.py:Epoch 75/100	Loss 5.8983 ± 0.2315
INFO:meta-cli.py:Epoch 75/100	dev results	MRR 0.357476	H@1 0.265954	H@3 0.392358	H@5 0.456573	H@10 0.540547
INFO:meta-cli.py:Epoch 75/100	test results	MRR 0.349799	H@1 0.257158	H@3 0.386250	H@5 0.450821	H@10 0.534301
INFO:meta-cli.py:Epoch 76/100	Loss 5.8964 ± 0.2325
INFO:meta-cli.py:Epoch 77/100	Loss 5.8945 ± 0.2336
INFO:meta-cli.py:Epoch 78/100	Loss 5.8926 ± 0.2367
INFO:meta-cli.py:Epoch 78/100	dev results	MRR 0.357555	H@1 0.266496	H@3 0.391731	H@5 0.454605	H@10 0.539692
INFO:meta-cli.py:Epoch 78/100	test results	MRR 0.349152	H@1 0.256792	H@3 0.385395	H@5 0.449893	H@10 0.533983
INFO:meta-cli.py:Epoch 79/100	Loss 5.8906 ± 0.2352
INFO:meta-cli.py:Epoch 80/100	Loss 5.8889 ± 0.2343
INFO:meta-cli.py:Epoch 81/100	Loss 5.8871 ± 0.2369
INFO:meta-cli.py:Epoch 81/100	dev results	MRR 0.358117	H@1 0.267322	H@3 0.391930	H@5 0.455746	H@10 0.540319
INFO:meta-cli.py:Epoch 81/100	test results	MRR 0.349807	H@1 0.257671	H@3 0.384980	H@5 0.450357	H@10 0.534716
INFO:meta-cli.py:Epoch 82/100	Loss 5.8853 ± 0.2378
INFO:meta-cli.py:Epoch 83/100	Loss 5.8836 ± 0.2350
INFO:meta-cli.py:Epoch 84/100	Loss 5.8819 ± 0.2345
INFO:meta-cli.py:Epoch 84/100	dev results	MRR 0.357658	H@1 0.266353	H@3 0.392216	H@5 0.455147	H@10 0.540234
INFO:meta-cli.py:Epoch 84/100	test results	MRR 0.349598	H@1 0.256621	H@3 0.386153	H@5 0.451578	H@10 0.534447
INFO:meta-cli.py:Epoch 85/100	Loss 5.8801 ± 0.2339
INFO:meta-cli.py:Epoch 86/100	Loss 5.8786 ± 0.2322
INFO:meta-cli.py:Epoch 87/100	Loss 5.8769 ± 0.2349
INFO:meta-cli.py:Epoch 87/100	dev results	MRR 0.357417	H@1 0.265982	H@3 0.391417	H@5 0.455774	H@10 0.540205
INFO:meta-cli.py:Epoch 87/100	test results	MRR 0.350154	H@1 0.257745	H@3 0.385566	H@5 0.450796	H@10 0.534472
INFO:meta-cli.py:Epoch 88/100	Loss 5.8753 ± 0.2374
INFO:meta-cli.py:Epoch 89/100	Loss 5.8737 ± 0.2332
INFO:meta-cli.py:Epoch 90/100	Loss 5.8723 ± 0.2337
INFO:meta-cli.py:Epoch 90/100	dev results	MRR 0.357732	H@1 0.266467	H@3 0.392529	H@5 0.454434	H@10 0.540433
INFO:meta-cli.py:Epoch 90/100	test results	MRR 0.349307	H@1 0.256474	H@3 0.385517	H@5 0.450259	H@10 0.534887
INFO:meta-cli.py:Epoch 91/100	Loss 5.8708 ± 0.2330
INFO:meta-cli.py:Epoch 92/100	Loss 5.8692 ± 0.2362
INFO:meta-cli.py:Epoch 93/100	Loss 5.8677 ± 0.2309
INFO:meta-cli.py:Epoch 93/100	dev results	MRR 0.357471	H@1 0.266096	H@3 0.392643	H@5 0.456088	H@10 0.539293
INFO:meta-cli.py:Epoch 93/100	test results	MRR 0.350057	H@1 0.257793	H@3 0.386299	H@5 0.451114	H@10 0.533788
INFO:meta-cli.py:Epoch 94/100	Loss 5.8663 ± 0.2290
INFO:meta-cli.py:Epoch 95/100	Loss 5.8649 ± 0.2340
INFO:meta-cli.py:Epoch 96/100	Loss 5.8636 ± 0.2305
INFO:meta-cli.py:Epoch 96/100	dev results	MRR 0.357928	H@1 0.266524	H@3 0.393698	H@5 0.454976	H@10 0.540719
INFO:meta-cli.py:Epoch 96/100	test results	MRR 0.349503	H@1 0.256914	H@3 0.385811	H@5 0.450186	H@10 0.534667
INFO:meta-cli.py:Epoch 97/100	Loss 5.8622 ± 0.2341
INFO:meta-cli.py:Epoch 98/100	Loss 5.8608 ± 0.2313
INFO:meta-cli.py:Epoch 99/100	Loss 5.8595 ± 0.2365
INFO:meta-cli.py:Epoch 99/100	dev results	MRR 0.357765	H@1 0.266695	H@3 0.392330	H@5 0.454348	H@10 0.541061
INFO:meta-cli.py:Epoch 99/100	test results	MRR 0.349657	H@1 0.257183	H@3 0.386006	H@5 0.449941	H@10 0.534789
INFO:meta-cli.py:Epoch 100/100	Loss 5.8582 ± 0.2381
INFO:meta-cli.py:Final 	dev results	MRR 0.357948	H@1 0.267351	H@3 0.391389	H@5 0.455147	H@10 0.540376
INFO:meta-cli.py:Final 	test results	MRR 0.349543	H@1 0.257256	H@3 0.384565	H@5 0.450235	H@10 0.535327
INFO:meta-cli.py:Training finished
