./bin/meta-cli.py --train data/fb15k-237/train.tsv --dev data/fb15k-237/dev.tsv --test data/fb15k-237/test.tsv -m complex -k 500 -b 100 -e 100 --F2 0 --N3 0.05 -l 0.1 -I reciprocal -V 3 -o adagrad -q
{'F2': 0.0,
 'N3': 0.05,
 'batch_size': 100,
 'dev': 'data/fb15k-237/dev.tsv',
 'embedding_size': 500,
 'epochs': 100,
 'eval_batch_size': None,
 'input_type': 'reciprocal',
 'learning_rate': 0.1,
 'load': None,
 'model': 'complex',
 'optimizer': 'adagrad',
 'quiet': True,
 'save': None,
 'seed': 0,
 'test': 'data/fb15k-237/test.tsv',
 'test_i': None,
 'test_ii': None,
 'train': 'data/fb15k-237/train.tsv',
 'validate_every': 3}
INFO:meta-cli.py:Device: cuda
INFO:meta-cli.py:Model state:
INFO:meta-cli.py:	entities.weight	torch.Size([14541, 1000])
INFO:meta-cli.py:	predicates.weight	torch.Size([474, 1000])
INFO:meta-cli.py:Epoch 1/100	Loss 13.6020 ± 2.2547
INFO:meta-cli.py:Epoch 2/100	Loss 10.4982 ± 0.2296
INFO:meta-cli.py:Epoch 3/100	Loss 9.9330 ± 0.2121
INFO:meta-cli.py:Epoch 3/100	dev results	MRR 0.348658	H@1 0.257827	H@3 0.382036	H@5 0.445309	H@10 0.532649
INFO:meta-cli.py:Epoch 3/100	test results	MRR 0.342717	H@1 0.250806	H@3 0.376869	H@5 0.441244	H@10 0.527020
INFO:meta-cli.py:Epoch 4/100	Loss 9.6816 ± 0.2188
INFO:meta-cli.py:Epoch 5/100	Loss 9.5319 ± 0.2231
INFO:meta-cli.py:Epoch 6/100	Loss 9.4300 ± 0.2228
INFO:meta-cli.py:Epoch 6/100	dev results	MRR 0.353502	H@1 0.261506	H@3 0.387083	H@5 0.450642	H@10 0.537668
INFO:meta-cli.py:Epoch 6/100	test results	MRR 0.347555	H@1 0.253884	H@3 0.383612	H@5 0.448500	H@10 0.534472
INFO:meta-cli.py:Epoch 7/100	Loss 9.3563 ± 0.2242
INFO:meta-cli.py:Epoch 8/100	Loss 9.2984 ± 0.2266
INFO:meta-cli.py:Epoch 9/100	Loss 9.2529 ± 0.2244
INFO:meta-cli.py:Epoch 9/100	dev results	MRR 0.355203	H@1 0.261933	H@3 0.390590	H@5 0.454120	H@10 0.541061
INFO:meta-cli.py:Epoch 9/100	test results	MRR 0.348558	H@1 0.254324	H@3 0.385078	H@5 0.450601	H@10 0.537135
INFO:meta-cli.py:Epoch 10/100	Loss 9.2151 ± 0.2271
INFO:meta-cli.py:Epoch 11/100	Loss 9.1834 ± 0.2250
INFO:meta-cli.py:Epoch 12/100	Loss 9.1564 ± 0.2246
INFO:meta-cli.py:Epoch 12/100	dev results	MRR 0.355749	H@1 0.262304	H@3 0.390619	H@5 0.455575	H@10 0.542772
INFO:meta-cli.py:Epoch 12/100	test results	MRR 0.350143	H@1 0.255912	H@3 0.385811	H@5 0.451383	H@10 0.539211
INFO:meta-cli.py:Epoch 13/100	Loss 9.1329 ± 0.2245
INFO:meta-cli.py:Epoch 14/100	Loss 9.1124 ± 0.2270
INFO:meta-cli.py:Epoch 15/100	Loss 9.0940 ± 0.2229
INFO:meta-cli.py:Epoch 15/100	dev results	MRR 0.356151	H@1 0.263131	H@3 0.390134	H@5 0.455289	H@10 0.544454
INFO:meta-cli.py:Epoch 15/100	test results	MRR 0.351016	H@1 0.257671	H@3 0.386202	H@5 0.452336	H@10 0.539724
INFO:meta-cli.py:Epoch 16/100	Loss 9.0775 ± 0.2203
INFO:meta-cli.py:Epoch 17/100	Loss 9.0627 ± 0.2204
INFO:meta-cli.py:Epoch 18/100	Loss 9.0493 ± 0.2170
INFO:meta-cli.py:Epoch 18/100	dev results	MRR 0.357772	H@1 0.264471	H@3 0.392330	H@5 0.458882	H@10 0.545823
INFO:meta-cli.py:Epoch 18/100	test results	MRR 0.351637	H@1 0.257451	H@3 0.387985	H@5 0.453459	H@10 0.540433
INFO:meta-cli.py:Epoch 19/100	Loss 9.0369 ± 0.2160
INFO:meta-cli.py:Epoch 20/100	Loss 9.0255 ± 0.2192
INFO:meta-cli.py:Epoch 21/100	Loss 9.0149 ± 0.2170
INFO:meta-cli.py:Epoch 21/100	dev results	MRR 0.358104	H@1 0.265070	H@3 0.392928	H@5 0.457285	H@10 0.545167
INFO:meta-cli.py:Epoch 21/100	test results	MRR 0.351824	H@1 0.257378	H@3 0.388254	H@5 0.454901	H@10 0.540286
INFO:meta-cli.py:Epoch 22/100	Loss 9.0052 ± 0.2198
INFO:meta-cli.py:Epoch 23/100	Loss 8.9963 ± 0.2193
INFO:meta-cli.py:Epoch 24/100	Loss 8.9877 ± 0.2172
INFO:meta-cli.py:Epoch 24/100	dev results	MRR 0.357894	H@1 0.264357	H@3 0.393214	H@5 0.457114	H@10 0.546450
INFO:meta-cli.py:Epoch 24/100	test results	MRR 0.351840	H@1 0.257818	H@3 0.387301	H@5 0.453557	H@10 0.540189
INFO:meta-cli.py:Epoch 25/100	Loss 8.9799 ± 0.2194
INFO:meta-cli.py:Epoch 26/100	Loss 8.9724 ± 0.2201
INFO:meta-cli.py:Epoch 27/100	Loss 8.9653 ± 0.2206
INFO:meta-cli.py:Epoch 27/100	dev results	MRR 0.357797	H@1 0.263986	H@3 0.393983	H@5 0.457314	H@10 0.545994
INFO:meta-cli.py:Epoch 27/100	test results	MRR 0.351853	H@1 0.257158	H@3 0.389109	H@5 0.454217	H@10 0.540115
INFO:meta-cli.py:Epoch 28/100	Loss 8.9589 ± 0.2184
INFO:meta-cli.py:Epoch 29/100	Loss 8.9526 ± 0.2162
INFO:meta-cli.py:Epoch 30/100	Loss 8.9465 ± 0.2205
INFO:meta-cli.py:Epoch 30/100	dev results	MRR 0.357880	H@1 0.263986	H@3 0.393784	H@5 0.458455	H@10 0.544882
INFO:meta-cli.py:Epoch 30/100	test results	MRR 0.351488	H@1 0.256987	H@3 0.388693	H@5 0.453850	H@10 0.539358
INFO:meta-cli.py:Epoch 31/100	Loss 8.9408 ± 0.2145
INFO:meta-cli.py:Epoch 32/100	Loss 8.9355 ± 0.2165
INFO:meta-cli.py:Epoch 33/100	Loss 8.9303 ± 0.2176
INFO:meta-cli.py:Epoch 33/100	dev results	MRR 0.357539	H@1 0.263787	H@3 0.393157	H@5 0.458512	H@10 0.546450
INFO:meta-cli.py:Epoch 33/100	test results	MRR 0.352614	H@1 0.258282	H@3 0.388791	H@5 0.454705	H@10 0.540628
INFO:meta-cli.py:Epoch 34/100	Loss 8.9254 ± 0.2139
INFO:meta-cli.py:Epoch 35/100	Loss 8.9209 ± 0.2176
INFO:meta-cli.py:Epoch 36/100	Loss 8.9163 ± 0.2185
INFO:meta-cli.py:Epoch 36/100	dev results	MRR 0.357922	H@1 0.264414	H@3 0.394012	H@5 0.457998	H@10 0.545595
INFO:meta-cli.py:Epoch 36/100	test results	MRR 0.352974	H@1 0.258551	H@3 0.389475	H@5 0.455267	H@10 0.540360
INFO:meta-cli.py:Epoch 37/100	Loss 8.9120 ± 0.2176
INFO:meta-cli.py:Epoch 38/100	Loss 8.9080 ± 0.2146
INFO:meta-cli.py:Epoch 39/100	Loss 8.9038 ± 0.2154
INFO:meta-cli.py:Epoch 39/100	dev results	MRR 0.358298	H@1 0.264357	H@3 0.394554	H@5 0.459338	H@10 0.546336
INFO:meta-cli.py:Epoch 39/100	test results	MRR 0.352664	H@1 0.258258	H@3 0.389133	H@5 0.455487	H@10 0.541606
INFO:meta-cli.py:Epoch 40/100	Loss 8.9001 ± 0.2149
INFO:meta-cli.py:Epoch 41/100	Loss 8.8964 ± 0.2140
INFO:meta-cli.py:Epoch 42/100	Loss 8.8928 ± 0.2130
INFO:meta-cli.py:Epoch 42/100	dev results	MRR 0.358461	H@1 0.264614	H@3 0.394582	H@5 0.460251	H@10 0.547020
INFO:meta-cli.py:Epoch 42/100	test results	MRR 0.353205	H@1 0.259015	H@3 0.389744	H@5 0.455609	H@10 0.541044
INFO:meta-cli.py:Epoch 43/100	Loss 8.8894 ± 0.2149
INFO:meta-cli.py:Epoch 44/100	Loss 8.8861 ± 0.2141
INFO:meta-cli.py:Epoch 45/100	Loss 8.8828 ± 0.2185
INFO:meta-cli.py:Epoch 45/100	dev results	MRR 0.359031	H@1 0.265669	H@3 0.394611	H@5 0.459338	H@10 0.546906
INFO:meta-cli.py:Epoch 45/100	test results	MRR 0.352767	H@1 0.258600	H@3 0.389915	H@5 0.454192	H@10 0.541483
INFO:meta-cli.py:Epoch 46/100	Loss 8.8798 ± 0.2142
INFO:meta-cli.py:Epoch 47/100	Loss 8.8766 ± 0.2120
INFO:meta-cli.py:Epoch 48/100	Loss 8.8738 ± 0.2183
INFO:meta-cli.py:Epoch 48/100	dev results	MRR 0.359010	H@1 0.265441	H@3 0.395210	H@5 0.459196	H@10 0.546193
INFO:meta-cli.py:Epoch 48/100	test results	MRR 0.353563	H@1 0.259552	H@3 0.390037	H@5 0.455145	H@10 0.541264
INFO:meta-cli.py:Epoch 49/100	Loss 8.8710 ± 0.2129
INFO:meta-cli.py:Epoch 50/100	Loss 8.8683 ± 0.2156
INFO:meta-cli.py:Epoch 51/100	Loss 8.8656 ± 0.2128
INFO:meta-cli.py:Epoch 51/100	dev results	MRR 0.358816	H@1 0.265212	H@3 0.394696	H@5 0.459167	H@10 0.547990
INFO:meta-cli.py:Epoch 51/100	test results	MRR 0.353683	H@1 0.259943	H@3 0.390013	H@5 0.454779	H@10 0.541825
INFO:meta-cli.py:Epoch 52/100	Loss 8.8632 ± 0.2116
INFO:meta-cli.py:Epoch 53/100	Loss 8.8605 ± 0.2122
INFO:meta-cli.py:Epoch 54/100	Loss 8.8580 ± 0.2144
INFO:meta-cli.py:Epoch 54/100	dev results	MRR 0.358970	H@1 0.265669	H@3 0.394411	H@5 0.459567	H@10 0.546507
INFO:meta-cli.py:Epoch 54/100	test results	MRR 0.353005	H@1 0.259015	H@3 0.389035	H@5 0.454266	H@10 0.541679
INFO:meta-cli.py:Epoch 55/100	Loss 8.8557 ± 0.2142
INFO:meta-cli.py:Epoch 56/100	Loss 8.8535 ± 0.2159
INFO:meta-cli.py:Epoch 57/100	Loss 8.8512 ± 0.2143
INFO:meta-cli.py:Epoch 57/100	dev results	MRR 0.358976	H@1 0.265155	H@3 0.395780	H@5 0.459937	H@10 0.545595
INFO:meta-cli.py:Epoch 57/100	test results	MRR 0.353409	H@1 0.259381	H@3 0.390037	H@5 0.453899	H@10 0.541703
INFO:meta-cli.py:Epoch 58/100	Loss 8.8488 ± 0.2137
INFO:meta-cli.py:Epoch 59/100	Loss 8.8467 ± 0.2127
INFO:meta-cli.py:Epoch 60/100	Loss 8.8446 ± 0.2144
INFO:meta-cli.py:Epoch 60/100	dev results	MRR 0.358990	H@1 0.265355	H@3 0.393613	H@5 0.459909	H@10 0.547134
INFO:meta-cli.py:Epoch 60/100	test results	MRR 0.353091	H@1 0.258477	H@3 0.389304	H@5 0.455047	H@10 0.542143
INFO:meta-cli.py:Epoch 61/100	Loss 8.8427 ± 0.2131
INFO:meta-cli.py:Epoch 62/100	Loss 8.8405 ± 0.2153
INFO:meta-cli.py:Epoch 63/100	Loss 8.8387 ± 0.2135
INFO:meta-cli.py:Epoch 63/100	dev results	MRR 0.359054	H@1 0.265783	H@3 0.394440	H@5 0.459196	H@10 0.546735
INFO:meta-cli.py:Epoch 63/100	test results	MRR 0.353616	H@1 0.259210	H@3 0.390501	H@5 0.455365	H@10 0.542339
INFO:meta-cli.py:Epoch 64/100	Loss 8.8367 ± 0.2116
INFO:meta-cli.py:Epoch 65/100	Loss 8.8348 ± 0.2113
INFO:meta-cli.py:Epoch 66/100	Loss 8.8330 ± 0.2100
INFO:meta-cli.py:Epoch 66/100	dev results	MRR 0.358721	H@1 0.264528	H@3 0.395038	H@5 0.460451	H@10 0.547619
INFO:meta-cli.py:Epoch 66/100	test results	MRR 0.353278	H@1 0.258868	H@3 0.390086	H@5 0.455731	H@10 0.542900
INFO:meta-cli.py:Epoch 67/100	Loss 8.8313 ± 0.2124
INFO:meta-cli.py:Epoch 68/100	Loss 8.8296 ± 0.2142
INFO:meta-cli.py:Epoch 69/100	Loss 8.8278 ± 0.2136
INFO:meta-cli.py:Epoch 69/100	dev results	MRR 0.359480	H@1 0.265526	H@3 0.395751	H@5 0.460222	H@10 0.546478
INFO:meta-cli.py:Epoch 69/100	test results	MRR 0.353883	H@1 0.259430	H@3 0.391332	H@5 0.455731	H@10 0.541581
INFO:meta-cli.py:Epoch 70/100	Loss 8.8262 ± 0.2156
INFO:meta-cli.py:Epoch 71/100	Loss 8.8245 ± 0.2128
INFO:meta-cli.py:Epoch 72/100	Loss 8.8229 ± 0.2155
INFO:meta-cli.py:Epoch 72/100	dev results	MRR 0.358595	H@1 0.264728	H@3 0.394012	H@5 0.460308	H@10 0.545965
INFO:meta-cli.py:Epoch 72/100	test results	MRR 0.353362	H@1 0.258795	H@3 0.391161	H@5 0.454852	H@10 0.542021
INFO:meta-cli.py:Epoch 73/100	Loss 8.8214 ± 0.2106
INFO:meta-cli.py:Epoch 74/100	Loss 8.8197 ± 0.2135
INFO:meta-cli.py:Epoch 75/100	Loss 8.8183 ± 0.2095
INFO:meta-cli.py:Epoch 75/100	dev results	MRR 0.359195	H@1 0.265441	H@3 0.395038	H@5 0.460736	H@10 0.547248
INFO:meta-cli.py:Epoch 75/100	test results	MRR 0.354427	H@1 0.260310	H@3 0.390697	H@5 0.455609	H@10 0.542070
INFO:meta-cli.py:Epoch 76/100	Loss 8.8168 ± 0.2099
INFO:meta-cli.py:Epoch 77/100	Loss 8.8155 ± 0.2109
INFO:meta-cli.py:Epoch 78/100	Loss 8.8140 ± 0.2138
INFO:meta-cli.py:Epoch 78/100	dev results	MRR 0.359057	H@1 0.265612	H@3 0.394383	H@5 0.460051	H@10 0.545766
INFO:meta-cli.py:Epoch 78/100	test results	MRR 0.353698	H@1 0.259650	H@3 0.389964	H@5 0.454657	H@10 0.542290
INFO:meta-cli.py:Epoch 79/100	Loss 8.8126 ± 0.2133
INFO:meta-cli.py:Epoch 80/100	Loss 8.8112 ± 0.2119
INFO:meta-cli.py:Epoch 81/100	Loss 8.8098 ± 0.2136
INFO:meta-cli.py:Epoch 81/100	dev results	MRR 0.359327	H@1 0.265412	H@3 0.395295	H@5 0.460451	H@10 0.546735
INFO:meta-cli.py:Epoch 81/100	test results	MRR 0.353689	H@1 0.259162	H@3 0.390135	H@5 0.455829	H@10 0.542045
INFO:meta-cli.py:Epoch 82/100	Loss 8.8085 ± 0.2126
INFO:meta-cli.py:Epoch 83/100	Loss 8.8072 ± 0.2125
INFO:meta-cli.py:Epoch 84/100	Loss 8.8060 ± 0.2127
INFO:meta-cli.py:Epoch 84/100	dev results	MRR 0.359630	H@1 0.265783	H@3 0.395694	H@5 0.460451	H@10 0.547077
INFO:meta-cli.py:Epoch 84/100	test results	MRR 0.353935	H@1 0.259088	H@3 0.391234	H@5 0.455634	H@10 0.542632
INFO:meta-cli.py:Epoch 85/100	Loss 8.8046 ± 0.2132
INFO:meta-cli.py:Epoch 86/100	Loss 8.8035 ± 0.2101
INFO:meta-cli.py:Epoch 87/100	Loss 8.8022 ± 0.2114
INFO:meta-cli.py:Epoch 87/100	dev results	MRR 0.359414	H@1 0.265697	H@3 0.395153	H@5 0.461078	H@10 0.546478
INFO:meta-cli.py:Epoch 87/100	test results	MRR 0.353874	H@1 0.258820	H@3 0.391552	H@5 0.455194	H@10 0.542729
INFO:meta-cli.py:Epoch 88/100	Loss 8.8010 ± 0.2169
INFO:meta-cli.py:Epoch 89/100	Loss 8.7998 ± 0.2113
INFO:meta-cli.py:Epoch 90/100	Loss 8.7987 ± 0.2114
INFO:meta-cli.py:Epoch 90/100	dev results	MRR 0.359175	H@1 0.265269	H@3 0.394383	H@5 0.461049	H@10 0.546536
INFO:meta-cli.py:Epoch 90/100	test results	MRR 0.353865	H@1 0.259430	H@3 0.391088	H@5 0.455560	H@10 0.541728
INFO:meta-cli.py:Epoch 91/100	Loss 8.7976 ± 0.2119
INFO:meta-cli.py:Epoch 92/100	Loss 8.7964 ± 0.2151
INFO:meta-cli.py:Epoch 93/100	Loss 8.7952 ± 0.2105
INFO:meta-cli.py:Epoch 93/100	dev results	MRR 0.359840	H@1 0.266096	H@3 0.395552	H@5 0.461876	H@10 0.547419
INFO:meta-cli.py:Epoch 93/100	test results	MRR 0.354227	H@1 0.260090	H@3 0.390746	H@5 0.455414	H@10 0.541899
INFO:meta-cli.py:Epoch 94/100	Loss 8.7942 ± 0.2072
INFO:meta-cli.py:Epoch 95/100	Loss 8.7931 ± 0.2114
INFO:meta-cli.py:Epoch 96/100	Loss 8.7921 ± 0.2082
INFO:meta-cli.py:Epoch 96/100	dev results	MRR 0.359646	H@1 0.265726	H@3 0.395751	H@5 0.461477	H@10 0.546821
INFO:meta-cli.py:Epoch 96/100	test results	MRR 0.354479	H@1 0.260359	H@3 0.390404	H@5 0.456538	H@10 0.541874
INFO:meta-cli.py:Epoch 97/100	Loss 8.7910 ± 0.2121
INFO:meta-cli.py:Epoch 98/100	Loss 8.7900 ± 0.2115
INFO:meta-cli.py:Epoch 99/100	Loss 8.7891 ± 0.2133
INFO:meta-cli.py:Epoch 99/100	dev results	MRR 0.359546	H@1 0.265754	H@3 0.394953	H@5 0.460536	H@10 0.547220
INFO:meta-cli.py:Epoch 99/100	test results	MRR 0.354551	H@1 0.260408	H@3 0.391283	H@5 0.455878	H@10 0.542510
INFO:meta-cli.py:Epoch 100/100	Loss 8.7880 ± 0.2144
INFO:meta-cli.py:Final 	dev results	MRR 0.359543	H@1 0.265897	H@3 0.395352	H@5 0.461135	H@10 0.547362
INFO:meta-cli.py:Final 	test results	MRR 0.354358	H@1 0.260334	H@3 0.390941	H@5 0.456147	H@10 0.542216
INFO:meta-cli.py:Training finished
