./bin/meta-cli.py --train data/fb15k-237/train.tsv --dev data/fb15k-237/dev.tsv --test data/fb15k-237/test.tsv -m complex -k 4000 -b 100 -e 100 --F2 0 --N3 0.05 -l 0.1 -I standard -V 3 -o adagrad -q
{'F2': 0.0,
 'N3': 0.05,
 'batch_size': 100,
 'dev': 'data/fb15k-237/dev.tsv',
 'embedding_size': 4000,
 'epochs': 100,
 'eval_batch_size': None,
 'input_type': 'standard',
 'learning_rate': 0.1,
 'load': None,
 'model': 'complex',
 'optimizer': 'adagrad',
 'quiet': True,
 'save': None,
 'seed': 0,
 'test': 'data/fb15k-237/test.tsv',
 'test_i': None,
 'test_ii': None,
 'train': 'data/fb15k-237/train.tsv',
 'validate_every': 3}
INFO:meta-cli.py:Device: cuda
INFO:meta-cli.py:Model state:
INFO:meta-cli.py:	entities.weight	torch.Size([14541, 8000])
INFO:meta-cli.py:	predicates.weight	torch.Size([237, 8000])
INFO:meta-cli.py:Epoch 1/100	Loss 15.4768 ± 2.4084
INFO:meta-cli.py:Epoch 2/100	Loss 11.5664 ± 0.2615
INFO:meta-cli.py:Epoch 3/100	Loss 10.6636 ± 0.2691
INFO:meta-cli.py:Epoch 3/100	dev results	MRR 0.342771	H@1 0.251896	H@3 0.375791	H@5 0.440205	H@10 0.526433
INFO:meta-cli.py:Epoch 3/100	test results	MRR 0.336130	H@1 0.244845	H@3 0.369076	H@5 0.435869	H@10 0.521817
INFO:meta-cli.py:Epoch 4/100	Loss 10.2577 ± 0.2902
INFO:meta-cli.py:Epoch 5/100	Loss 10.0196 ± 0.2939
INFO:meta-cli.py:Epoch 6/100	Loss 9.8575 ± 0.2858
INFO:meta-cli.py:Epoch 6/100	dev results	MRR 0.355738	H@1 0.262218	H@3 0.389421	H@5 0.456373	H@10 0.544511
INFO:meta-cli.py:Epoch 6/100	test results	MRR 0.349407	H@1 0.255130	H@3 0.383978	H@5 0.452384	H@10 0.537379
INFO:meta-cli.py:Epoch 7/100	Loss 9.7394 ± 0.2835
INFO:meta-cli.py:Epoch 8/100	Loss 9.6482 ± 0.2817
INFO:meta-cli.py:Epoch 9/100	Loss 9.5753 ± 0.2834
INFO:meta-cli.py:Epoch 9/100	dev results	MRR 0.359920	H@1 0.266039	H@3 0.395124	H@5 0.460165	H@10 0.548589
INFO:meta-cli.py:Epoch 9/100	test results	MRR 0.354031	H@1 0.259846	H@3 0.389426	H@5 0.455194	H@10 0.542705
INFO:meta-cli.py:Epoch 10/100	Loss 9.5151 ± 0.2815
INFO:meta-cli.py:Epoch 11/100	Loss 9.4639 ± 0.2841
INFO:meta-cli.py:Epoch 12/100	Loss 9.4207 ± 0.2796
INFO:meta-cli.py:Epoch 12/100	dev results	MRR 0.360999	H@1 0.266324	H@3 0.398574	H@5 0.462903	H@10 0.549244
INFO:meta-cli.py:Epoch 12/100	test results	MRR 0.354723	H@1 0.259748	H@3 0.390233	H@5 0.458248	H@10 0.545172
INFO:meta-cli.py:Epoch 13/100	Loss 9.3830 ± 0.2710
INFO:meta-cli.py:Epoch 14/100	Loss 9.3503 ± 0.2749
INFO:meta-cli.py:Epoch 15/100	Loss 9.3203 ± 0.2695
INFO:meta-cli.py:Epoch 15/100	dev results	MRR 0.362506	H@1 0.266553	H@3 0.402082	H@5 0.465868	H@10 0.552409
INFO:meta-cli.py:Epoch 15/100	test results	MRR 0.356737	H@1 0.261458	H@3 0.393262	H@5 0.459811	H@10 0.546418
INFO:meta-cli.py:Epoch 16/100	Loss 9.2942 ± 0.2727
INFO:meta-cli.py:Epoch 17/100	Loss 9.2707 ± 0.2692
INFO:meta-cli.py:Epoch 18/100	Loss 9.2488 ± 0.2688
INFO:meta-cli.py:Epoch 18/100	dev results	MRR 0.363789	H@1 0.269290	H@3 0.399800	H@5 0.465697	H@10 0.553265
INFO:meta-cli.py:Epoch 18/100	test results	MRR 0.356909	H@1 0.262191	H@3 0.392309	H@5 0.458004	H@10 0.548788
INFO:meta-cli.py:Epoch 19/100	Loss 9.2290 ± 0.2631
INFO:meta-cli.py:Epoch 20/100	Loss 9.2113 ± 0.2608
INFO:meta-cli.py:Epoch 21/100	Loss 9.1946 ± 0.2547
INFO:meta-cli.py:Epoch 21/100	dev results	MRR 0.362911	H@1 0.267665	H@3 0.399886	H@5 0.464642	H@10 0.552894
INFO:meta-cli.py:Epoch 21/100	test results	MRR 0.357592	H@1 0.262362	H@3 0.393897	H@5 0.459860	H@10 0.547616
INFO:meta-cli.py:Epoch 22/100	Loss 9.1794 ± 0.2608
INFO:meta-cli.py:Epoch 23/100	Loss 9.1645 ± 0.2594
INFO:meta-cli.py:Epoch 24/100	Loss 9.1516 ± 0.2558
INFO:meta-cli.py:Epoch 24/100	dev results	MRR 0.364552	H@1 0.270088	H@3 0.401682	H@5 0.466267	H@10 0.553122
INFO:meta-cli.py:Epoch 24/100	test results	MRR 0.358745	H@1 0.263950	H@3 0.394630	H@5 0.460520	H@10 0.549228
INFO:meta-cli.py:Epoch 25/100	Loss 9.1385 ± 0.2576
INFO:meta-cli.py:Epoch 26/100	Loss 9.1267 ± 0.2485
INFO:meta-cli.py:Epoch 27/100	Loss 9.1160 ± 0.2544
INFO:meta-cli.py:Epoch 27/100	dev results	MRR 0.364900	H@1 0.270088	H@3 0.399943	H@5 0.468178	H@10 0.555489
INFO:meta-cli.py:Epoch 27/100	test results	MRR 0.359210	H@1 0.264756	H@3 0.393604	H@5 0.462254	H@10 0.549790
INFO:meta-cli.py:Epoch 28/100	Loss 9.1056 ± 0.2509
INFO:meta-cli.py:Epoch 29/100	Loss 9.0957 ± 0.2479
INFO:meta-cli.py:Epoch 30/100	Loss 9.0865 ± 0.2517
INFO:meta-cli.py:Epoch 30/100	dev results	MRR 0.364345	H@1 0.268748	H@3 0.401340	H@5 0.468321	H@10 0.555689
INFO:meta-cli.py:Epoch 30/100	test results	MRR 0.359178	H@1 0.264463	H@3 0.394923	H@5 0.462157	H@10 0.549570
INFO:meta-cli.py:Epoch 31/100	Loss 9.0775 ± 0.2485
INFO:meta-cli.py:Epoch 32/100	Loss 9.0692 ± 0.2472
INFO:meta-cli.py:Epoch 33/100	Loss 9.0609 ± 0.2412
INFO:meta-cli.py:Epoch 33/100	dev results	MRR 0.365304	H@1 0.269974	H@3 0.403222	H@5 0.468121	H@10 0.554291
INFO:meta-cli.py:Epoch 33/100	test results	MRR 0.359107	H@1 0.264097	H@3 0.395436	H@5 0.461790	H@10 0.548935
INFO:meta-cli.py:Epoch 34/100	Loss 9.0535 ± 0.2440
INFO:meta-cli.py:Epoch 35/100	Loss 9.0462 ± 0.2477
INFO:meta-cli.py:Epoch 36/100	Loss 9.0389 ± 0.2407
INFO:meta-cli.py:Epoch 36/100	dev results	MRR 0.364476	H@1 0.269433	H@3 0.401540	H@5 0.467722	H@10 0.554833
INFO:meta-cli.py:Epoch 36/100	test results	MRR 0.358626	H@1 0.263608	H@3 0.394874	H@5 0.462157	H@10 0.549008
INFO:meta-cli.py:Epoch 37/100	Loss 9.0325 ± 0.2416
INFO:meta-cli.py:Epoch 38/100	Loss 9.0259 ± 0.2448
INFO:meta-cli.py:Epoch 39/100	Loss 9.0197 ± 0.2435
INFO:meta-cli.py:Epoch 39/100	dev results	MRR 0.365029	H@1 0.270202	H@3 0.401853	H@5 0.468092	H@10 0.555061
INFO:meta-cli.py:Epoch 39/100	test results	MRR 0.359597	H@1 0.264878	H@3 0.396169	H@5 0.461864	H@10 0.549472
INFO:meta-cli.py:Epoch 40/100	Loss 9.0135 ± 0.2415
INFO:meta-cli.py:Epoch 41/100	Loss 9.0081 ± 0.2390
INFO:meta-cli.py:Epoch 42/100	Loss 9.0025 ± 0.2388
INFO:meta-cli.py:Epoch 42/100	dev results	MRR 0.366383	H@1 0.272569	H@3 0.401739	H@5 0.467608	H@10 0.555717
INFO:meta-cli.py:Epoch 42/100	test results	MRR 0.359568	H@1 0.264805	H@3 0.396096	H@5 0.462132	H@10 0.548691
INFO:meta-cli.py:Epoch 43/100	Loss 8.9973 ± 0.2401
INFO:meta-cli.py:Epoch 44/100	Loss 8.9921 ± 0.2389
INFO:meta-cli.py:Epoch 45/100	Loss 8.9875 ± 0.2421
INFO:meta-cli.py:Epoch 45/100	dev results	MRR 0.366038	H@1 0.272370	H@3 0.401397	H@5 0.466467	H@10 0.555888
INFO:meta-cli.py:Epoch 45/100	test results	MRR 0.359351	H@1 0.264805	H@3 0.395021	H@5 0.461375	H@10 0.548715
INFO:meta-cli.py:Epoch 46/100	Loss 8.9822 ± 0.2392
INFO:meta-cli.py:Epoch 47/100	Loss 8.9777 ± 0.2367
INFO:meta-cli.py:Epoch 48/100	Loss 8.9733 ± 0.2395
INFO:meta-cli.py:Epoch 48/100	dev results	MRR 0.365417	H@1 0.270773	H@3 0.402652	H@5 0.467351	H@10 0.555432
INFO:meta-cli.py:Epoch 48/100	test results	MRR 0.359936	H@1 0.265391	H@3 0.395998	H@5 0.461741	H@10 0.548813
INFO:meta-cli.py:Epoch 49/100	Loss 8.9689 ± 0.2395
INFO:meta-cli.py:Epoch 50/100	Loss 8.9649 ± 0.2360
INFO:meta-cli.py:Epoch 51/100	Loss 8.9604 ± 0.2344
INFO:meta-cli.py:Epoch 51/100	dev results	MRR 0.365498	H@1 0.270345	H@3 0.402566	H@5 0.468178	H@10 0.556573
INFO:meta-cli.py:Epoch 51/100	test results	MRR 0.359382	H@1 0.264268	H@3 0.396023	H@5 0.461888	H@10 0.549252
INFO:meta-cli.py:Epoch 52/100	Loss 8.9570 ± 0.2383
INFO:meta-cli.py:Epoch 53/100	Loss 8.9528 ± 0.2401
INFO:meta-cli.py:Epoch 54/100	Loss 8.9489 ± 0.2409
INFO:meta-cli.py:Epoch 54/100	dev results	MRR 0.365313	H@1 0.270744	H@3 0.402167	H@5 0.467522	H@10 0.555803
INFO:meta-cli.py:Epoch 54/100	test results	MRR 0.359528	H@1 0.264610	H@3 0.395901	H@5 0.461326	H@10 0.549081
INFO:meta-cli.py:Epoch 55/100	Loss 8.9452 ± 0.2308
INFO:meta-cli.py:Epoch 56/100	Loss 8.9421 ± 0.2338
INFO:meta-cli.py:Epoch 57/100	Loss 8.9389 ± 0.2337
INFO:meta-cli.py:Epoch 57/100	dev results	MRR 0.365414	H@1 0.271001	H@3 0.401312	H@5 0.467779	H@10 0.556173
INFO:meta-cli.py:Epoch 57/100	test results	MRR 0.359142	H@1 0.264243	H@3 0.395510	H@5 0.461204	H@10 0.548959
INFO:meta-cli.py:Epoch 58/100	Loss 8.9351 ± 0.2354
INFO:meta-cli.py:Epoch 59/100	Loss 8.9318 ± 0.2305
INFO:meta-cli.py:Epoch 60/100	Loss 8.9289 ± 0.2360
INFO:meta-cli.py:Epoch 60/100	dev results	MRR 0.366022	H@1 0.271799	H@3 0.401454	H@5 0.468206	H@10 0.555232
INFO:meta-cli.py:Epoch 60/100	test results	MRR 0.359228	H@1 0.264194	H@3 0.395949	H@5 0.461595	H@10 0.548422
INFO:meta-cli.py:Epoch 61/100	Loss 8.9253 ± 0.2305
INFO:meta-cli.py:Epoch 62/100	Loss 8.9227 ± 0.2335
INFO:meta-cli.py:Epoch 63/100	Loss 8.9196 ± 0.2306
INFO:meta-cli.py:Epoch 63/100	dev results	MRR 0.365262	H@1 0.270231	H@3 0.403080	H@5 0.467978	H@10 0.556544
INFO:meta-cli.py:Epoch 63/100	test results	MRR 0.358878	H@1 0.263290	H@3 0.396316	H@5 0.462499	H@10 0.550034
INFO:meta-cli.py:Epoch 64/100	Loss 8.9167 ± 0.2337
INFO:meta-cli.py:Epoch 65/100	Loss 8.9141 ± 0.2322
INFO:meta-cli.py:Epoch 66/100	Loss 8.9116 ± 0.2288
INFO:meta-cli.py:Epoch 66/100	dev results	MRR 0.365010	H@1 0.269974	H@3 0.402509	H@5 0.468206	H@10 0.556459
INFO:meta-cli.py:Epoch 66/100	test results	MRR 0.359660	H@1 0.265294	H@3 0.395387	H@5 0.463134	H@10 0.548373
INFO:meta-cli.py:Epoch 67/100	Loss 8.9084 ± 0.2310
INFO:meta-cli.py:Epoch 68/100	Loss 8.9059 ± 0.2326
INFO:meta-cli.py:Epoch 69/100	Loss 8.9029 ± 0.2339
INFO:meta-cli.py:Epoch 69/100	dev results	MRR 0.366151	H@1 0.271714	H@3 0.403051	H@5 0.468720	H@10 0.555803
INFO:meta-cli.py:Epoch 69/100	test results	MRR 0.360039	H@1 0.265709	H@3 0.395730	H@5 0.462719	H@10 0.549204
INFO:meta-cli.py:Epoch 70/100	Loss 8.9006 ± 0.2294
INFO:meta-cli.py:Epoch 71/100	Loss 8.8980 ± 0.2280
INFO:meta-cli.py:Epoch 72/100	Loss 8.8956 ± 0.2273
INFO:meta-cli.py:Epoch 72/100	dev results	MRR 0.366543	H@1 0.272569	H@3 0.402851	H@5 0.467779	H@10 0.555746
INFO:meta-cli.py:Epoch 72/100	test results	MRR 0.360037	H@1 0.265514	H@3 0.397464	H@5 0.462474	H@10 0.549155
INFO:meta-cli.py:Epoch 73/100	Loss 8.8936 ± 0.2295
INFO:meta-cli.py:Epoch 74/100	Loss 8.8910 ± 0.2344
INFO:meta-cli.py:Epoch 75/100	Loss 8.8890 ± 0.2344
INFO:meta-cli.py:Epoch 75/100	dev results	MRR 0.366216	H@1 0.271742	H@3 0.403051	H@5 0.468378	H@10 0.556002
INFO:meta-cli.py:Epoch 75/100	test results	MRR 0.359698	H@1 0.265098	H@3 0.396047	H@5 0.462157	H@10 0.548373
INFO:meta-cli.py:Epoch 76/100	Loss 8.8865 ± 0.2346
INFO:meta-cli.py:Epoch 77/100	Loss 8.8845 ± 0.2285
INFO:meta-cli.py:Epoch 78/100	Loss 8.8821 ± 0.2293
INFO:meta-cli.py:Epoch 78/100	dev results	MRR 0.365673	H@1 0.271286	H@3 0.402908	H@5 0.466866	H@10 0.555974
INFO:meta-cli.py:Epoch 78/100	test results	MRR 0.359476	H@1 0.264512	H@3 0.396878	H@5 0.463110	H@10 0.548080
INFO:meta-cli.py:Epoch 79/100	Loss 8.8802 ± 0.2292
INFO:meta-cli.py:Epoch 80/100	Loss 8.8785 ± 0.2249
INFO:meta-cli.py:Epoch 81/100	Loss 8.8763 ± 0.2257
INFO:meta-cli.py:Epoch 81/100	dev results	MRR 0.365929	H@1 0.271571	H@3 0.402823	H@5 0.467294	H@10 0.555432
INFO:meta-cli.py:Epoch 81/100	test results	MRR 0.359538	H@1 0.265098	H@3 0.395925	H@5 0.461619	H@10 0.548177
INFO:meta-cli.py:Epoch 82/100	Loss 8.8739 ± 0.2291
INFO:meta-cli.py:Epoch 83/100	Loss 8.8720 ± 0.2263
INFO:meta-cli.py:Epoch 84/100	Loss 8.8703 ± 0.2268
INFO:meta-cli.py:Epoch 84/100	dev results	MRR 0.366096	H@1 0.271543	H@3 0.403194	H@5 0.468378	H@10 0.556316
INFO:meta-cli.py:Epoch 84/100	test results	MRR 0.359791	H@1 0.265416	H@3 0.396731	H@5 0.461448	H@10 0.548886
INFO:meta-cli.py:Epoch 85/100	Loss 8.8684 ± 0.2281
INFO:meta-cli.py:Epoch 86/100	Loss 8.8667 ± 0.2235
INFO:meta-cli.py:Epoch 87/100	Loss 8.8649 ± 0.2241
INFO:meta-cli.py:Epoch 87/100	dev results	MRR 0.366309	H@1 0.271885	H@3 0.401853	H@5 0.467665	H@10 0.556202
INFO:meta-cli.py:Epoch 87/100	test results	MRR 0.359445	H@1 0.264658	H@3 0.395949	H@5 0.463158	H@10 0.549326
INFO:meta-cli.py:Epoch 88/100	Loss 8.8630 ± 0.2265
INFO:meta-cli.py:Epoch 89/100	Loss 8.8610 ± 0.2278
INFO:meta-cli.py:Epoch 90/100	Loss 8.8595 ± 0.2243
INFO:meta-cli.py:Epoch 90/100	dev results	MRR 0.366348	H@1 0.272113	H@3 0.402766	H@5 0.467579	H@10 0.556373
INFO:meta-cli.py:Epoch 90/100	test results	MRR 0.360111	H@1 0.265880	H@3 0.396072	H@5 0.462401	H@10 0.548422
INFO:meta-cli.py:Epoch 91/100	Loss 8.8578 ± 0.2259
INFO:meta-cli.py:Epoch 92/100	Loss 8.8560 ± 0.2235
INFO:meta-cli.py:Epoch 93/100	Loss 8.8544 ± 0.2302
INFO:meta-cli.py:Epoch 93/100	dev results	MRR 0.366284	H@1 0.272341	H@3 0.402139	H@5 0.467836	H@10 0.556487
INFO:meta-cli.py:Epoch 93/100	test results	MRR 0.360225	H@1 0.265831	H@3 0.395949	H@5 0.462523	H@10 0.549326
INFO:meta-cli.py:Epoch 94/100	Loss 8.8528 ± 0.2254
INFO:meta-cli.py:Epoch 95/100	Loss 8.8510 ± 0.2232
INFO:meta-cli.py:Epoch 96/100	Loss 8.8495 ± 0.2266
INFO:meta-cli.py:Epoch 96/100	dev results	MRR 0.366315	H@1 0.272255	H@3 0.401739	H@5 0.468263	H@10 0.555660
INFO:meta-cli.py:Epoch 96/100	test results	MRR 0.360261	H@1 0.266027	H@3 0.396633	H@5 0.461790	H@10 0.548715
INFO:meta-cli.py:Epoch 97/100	Loss 8.8479 ± 0.2279
INFO:meta-cli.py:Epoch 98/100	Loss 8.8466 ± 0.2225
INFO:meta-cli.py:Epoch 99/100	Loss 8.8453 ± 0.2229
INFO:meta-cli.py:Epoch 99/100	dev results	MRR 0.366322	H@1 0.271999	H@3 0.402424	H@5 0.468777	H@10 0.556658
INFO:meta-cli.py:Epoch 99/100	test results	MRR 0.360403	H@1 0.266393	H@3 0.396316	H@5 0.462572	H@10 0.549546
INFO:meta-cli.py:Epoch 100/100	Loss 8.8436 ± 0.2205
INFO:meta-cli.py:Final 	dev results	MRR 0.366328	H@1 0.271885	H@3 0.402595	H@5 0.467893	H@10 0.555831
INFO:meta-cli.py:Final 	test results	MRR 0.360376	H@1 0.266271	H@3 0.396585	H@5 0.462572	H@10 0.548764
INFO:meta-cli.py:Training finished
