./bin/meta-cli.py --train data/fb15k-237/train.tsv --dev data/fb15k-237/dev.tsv --test data/fb15k-237/test.tsv -m complex -k 1000 -b 500 -e 100 --F2 0 --N3 0.001 -l 0.1 -I standard -V 3 -o adagrad -q
{'F2': 0.0,
 'N3': 0.001,
 'batch_size': 500,
 'dev': 'data/fb15k-237/dev.tsv',
 'embedding_size': 1000,
 'epochs': 100,
 'eval_batch_size': None,
 'input_type': 'standard',
 'learning_rate': 0.1,
 'load': None,
 'model': 'complex',
 'optimizer': 'adagrad',
 'quiet': True,
 'save': None,
 'seed': 0,
 'test': 'data/fb15k-237/test.tsv',
 'test_i': None,
 'test_ii': None,
 'train': 'data/fb15k-237/train.tsv',
 'validate_every': 3}
INFO:meta-cli.py:Device: cuda
INFO:meta-cli.py:Model state:
INFO:meta-cli.py:	entities.weight	torch.Size([14541, 2000])
INFO:meta-cli.py:	predicates.weight	torch.Size([237, 2000])
INFO:meta-cli.py:Epoch 1/100	Loss 11.8715 ± 1.9264
INFO:meta-cli.py:Epoch 2/100	Loss 7.8084 ± 0.1790
INFO:meta-cli.py:Epoch 3/100	Loss 6.9593 ± 0.2663
INFO:meta-cli.py:Epoch 3/100	dev results	MRR 0.320395	H@1 0.233333	H@3 0.348731	H@5 0.412518	H@10 0.497206
INFO:meta-cli.py:Epoch 3/100	test results	MRR 0.315144	H@1 0.227084	H@3 0.344205	H@5 0.407676	H@10 0.494796
INFO:meta-cli.py:Epoch 4/100	Loss 6.6275 ± 0.2794
INFO:meta-cli.py:Epoch 5/100	Loss 6.4397 ± 0.2825
INFO:meta-cli.py:Epoch 6/100	Loss 6.3139 ± 0.2721
INFO:meta-cli.py:Epoch 6/100	dev results	MRR 0.332601	H@1 0.242829	H@3 0.363929	H@5 0.428571	H@10 0.513516
INFO:meta-cli.py:Epoch 6/100	test results	MRR 0.328343	H@1 0.238053	H@3 0.360769	H@5 0.424338	H@10 0.507940
INFO:meta-cli.py:Epoch 7/100	Loss 6.2240 ± 0.2660
INFO:meta-cli.py:Epoch 8/100	Loss 6.1533 ± 0.2608
INFO:meta-cli.py:Epoch 9/100	Loss 6.0980 ± 0.2585
INFO:meta-cli.py:Epoch 9/100	dev results	MRR 0.338146	H@1 0.248560	H@3 0.369632	H@5 0.434018	H@10 0.518078
INFO:meta-cli.py:Epoch 9/100	test results	MRR 0.333976	H@1 0.244503	H@3 0.367439	H@5 0.428711	H@10 0.511947
INFO:meta-cli.py:Epoch 10/100	Loss 6.0507 ± 0.2483
INFO:meta-cli.py:Epoch 11/100	Loss 6.0105 ± 0.2518
INFO:meta-cli.py:Epoch 12/100	Loss 5.9777 ± 0.2533
INFO:meta-cli.py:Epoch 12/100	dev results	MRR 0.340923	H@1 0.250413	H@3 0.374052	H@5 0.437839	H@10 0.521956
INFO:meta-cli.py:Epoch 12/100	test results	MRR 0.336721	H@1 0.246824	H@3 0.369833	H@5 0.433695	H@10 0.515318
INFO:meta-cli.py:Epoch 13/100	Loss 5.9481 ± 0.2378
INFO:meta-cli.py:Epoch 14/100	Loss 5.9221 ± 0.2438
INFO:meta-cli.py:Epoch 15/100	Loss 5.8984 ± 0.2342
INFO:meta-cli.py:Epoch 15/100	dev results	MRR 0.344540	H@1 0.255632	H@3 0.375934	H@5 0.439692	H@10 0.523838
INFO:meta-cli.py:Epoch 15/100	test results	MRR 0.338076	H@1 0.248217	H@3 0.370737	H@5 0.434916	H@10 0.517761
INFO:meta-cli.py:Epoch 16/100	Loss 5.8778 ± 0.2293
INFO:meta-cli.py:Epoch 17/100	Loss 5.8597 ± 0.2298
INFO:meta-cli.py:Epoch 18/100	Loss 5.8423 ± 0.2280
INFO:meta-cli.py:Epoch 18/100	dev results	MRR 0.345465	H@1 0.255147	H@3 0.378244	H@5 0.442401	H@10 0.527716
INFO:meta-cli.py:Epoch 18/100	test results	MRR 0.340463	H@1 0.250293	H@3 0.372887	H@5 0.437017	H@10 0.520009
INFO:meta-cli.py:Epoch 19/100	Loss 5.8264 ± 0.2184
INFO:meta-cli.py:Epoch 20/100	Loss 5.8127 ± 0.2178
INFO:meta-cli.py:Epoch 21/100	Loss 5.7996 ± 0.2068
INFO:meta-cli.py:Epoch 21/100	dev results	MRR 0.346450	H@1 0.256687	H@3 0.380125	H@5 0.442230	H@10 0.526461
INFO:meta-cli.py:Epoch 21/100	test results	MRR 0.341150	H@1 0.250415	H@3 0.376747	H@5 0.438337	H@10 0.520326
INFO:meta-cli.py:Epoch 22/100	Loss 5.7876 ± 0.2110
INFO:meta-cli.py:Epoch 23/100	Loss 5.7754 ± 0.2121
INFO:meta-cli.py:Epoch 24/100	Loss 5.7655 ± 0.2070
INFO:meta-cli.py:Epoch 24/100	dev results	MRR 0.347347	H@1 0.257200	H@3 0.379555	H@5 0.443399	H@10 0.527944
INFO:meta-cli.py:Epoch 24/100	test results	MRR 0.342638	H@1 0.252785	H@3 0.376209	H@5 0.439485	H@10 0.522037
INFO:meta-cli.py:Epoch 25/100	Loss 5.7546 ± 0.2074
INFO:meta-cli.py:Epoch 26/100	Loss 5.7450 ± 0.2054
INFO:meta-cli.py:Epoch 27/100	Loss 5.7367 ± 0.2022
INFO:meta-cli.py:Epoch 27/100	dev results	MRR 0.349025	H@1 0.259338	H@3 0.381665	H@5 0.445224	H@10 0.529256
INFO:meta-cli.py:Epoch 27/100	test results	MRR 0.342869	H@1 0.252321	H@3 0.377455	H@5 0.440145	H@10 0.522598
INFO:meta-cli.py:Epoch 28/100	Loss 5.7286 ± 0.1985
INFO:meta-cli.py:Epoch 29/100	Loss 5.7204 ± 0.1944
INFO:meta-cli.py:Epoch 30/100	Loss 5.7130 ± 0.1947
INFO:meta-cli.py:Epoch 30/100	dev results	MRR 0.348373	H@1 0.257913	H@3 0.383291	H@5 0.443741	H@10 0.528914
INFO:meta-cli.py:Epoch 30/100	test results	MRR 0.343330	H@1 0.252858	H@3 0.377382	H@5 0.439485	H@10 0.523502
INFO:meta-cli.py:Epoch 31/100	Loss 5.7057 ± 0.1924
INFO:meta-cli.py:Epoch 32/100	Loss 5.6988 ± 0.1968
INFO:meta-cli.py:Epoch 33/100	Loss 5.6925 ± 0.1860
INFO:meta-cli.py:Epoch 33/100	dev results	MRR 0.348913	H@1 0.259110	H@3 0.382093	H@5 0.444169	H@10 0.529028
INFO:meta-cli.py:Epoch 33/100	test results	MRR 0.343888	H@1 0.253445	H@3 0.378188	H@5 0.440487	H@10 0.523649
INFO:meta-cli.py:Epoch 34/100	Loss 5.6860 ± 0.1866
INFO:meta-cli.py:Epoch 35/100	Loss 5.6803 ± 0.1931
INFO:meta-cli.py:Epoch 36/100	Loss 5.6746 ± 0.1783
INFO:meta-cli.py:Epoch 36/100	dev results	MRR 0.349924	H@1 0.260279	H@3 0.382036	H@5 0.444967	H@10 0.529598
INFO:meta-cli.py:Epoch 36/100	test results	MRR 0.344658	H@1 0.254202	H@3 0.378652	H@5 0.442392	H@10 0.524382
INFO:meta-cli.py:Epoch 37/100	Loss 5.6691 ± 0.1793
INFO:meta-cli.py:Epoch 38/100	Loss 5.6644 ± 0.1898
INFO:meta-cli.py:Epoch 39/100	Loss 5.6590 ± 0.1778
INFO:meta-cli.py:Epoch 39/100	dev results	MRR 0.350530	H@1 0.260650	H@3 0.383633	H@5 0.445794	H@10 0.529227
INFO:meta-cli.py:Epoch 39/100	test results	MRR 0.344841	H@1 0.254373	H@3 0.379312	H@5 0.442295	H@10 0.523942
INFO:meta-cli.py:Epoch 40/100	Loss 5.6544 ± 0.1830
INFO:meta-cli.py:Epoch 41/100	Loss 5.6492 ± 0.1808
INFO:meta-cli.py:Epoch 42/100	Loss 5.6449 ± 0.1762
INFO:meta-cli.py:Epoch 42/100	dev results	MRR 0.351272	H@1 0.262133	H@3 0.383405	H@5 0.445338	H@10 0.530026
INFO:meta-cli.py:Epoch 42/100	test results	MRR 0.345579	H@1 0.255472	H@3 0.379801	H@5 0.442246	H@10 0.524211
INFO:meta-cli.py:Epoch 43/100	Loss 5.6405 ± 0.1768
INFO:meta-cli.py:Epoch 44/100	Loss 5.6363 ± 0.1761
INFO:meta-cli.py:Epoch 45/100	Loss 5.6328 ± 0.1806
INFO:meta-cli.py:Epoch 45/100	dev results	MRR 0.351083	H@1 0.261477	H@3 0.383148	H@5 0.446678	H@10 0.531052
INFO:meta-cli.py:Epoch 45/100	test results	MRR 0.344844	H@1 0.254446	H@3 0.379361	H@5 0.442148	H@10 0.524015
INFO:meta-cli.py:Epoch 46/100	Loss 5.6285 ± 0.1774
INFO:meta-cli.py:Epoch 47/100	Loss 5.6247 ± 0.1761
INFO:meta-cli.py:Epoch 48/100	Loss 5.6211 ± 0.1789
INFO:meta-cli.py:Epoch 48/100	dev results	MRR 0.350968	H@1 0.261192	H@3 0.384060	H@5 0.445680	H@10 0.531223
INFO:meta-cli.py:Epoch 48/100	test results	MRR 0.344521	H@1 0.253347	H@3 0.380167	H@5 0.441855	H@10 0.525139
INFO:meta-cli.py:Epoch 49/100	Loss 5.6177 ± 0.1730
INFO:meta-cli.py:Epoch 50/100	Loss 5.6140 ± 0.1621
INFO:meta-cli.py:Epoch 51/100	Loss 5.6109 ± 0.1665
INFO:meta-cli.py:Epoch 51/100	dev results	MRR 0.351866	H@1 0.262532	H@3 0.384060	H@5 0.447020	H@10 0.530596
INFO:meta-cli.py:Epoch 51/100	test results	MRR 0.345648	H@1 0.254984	H@3 0.380631	H@5 0.443003	H@10 0.524382
INFO:meta-cli.py:Epoch 52/100	Loss 5.6082 ± 0.1806
INFO:meta-cli.py:Epoch 53/100	Loss 5.6038 ± 0.1749
INFO:meta-cli.py:Epoch 54/100	Loss 5.6015 ± 0.1818
INFO:meta-cli.py:Epoch 54/100	dev results	MRR 0.352072	H@1 0.262447	H@3 0.384830	H@5 0.447248	H@10 0.531109
INFO:meta-cli.py:Epoch 54/100	test results	MRR 0.345974	H@1 0.255668	H@3 0.380338	H@5 0.442979	H@10 0.524260
INFO:meta-cli.py:Epoch 55/100	Loss 5.5980 ± 0.1621
INFO:meta-cli.py:Epoch 56/100	Loss 5.5958 ± 0.1709
INFO:meta-cli.py:Epoch 57/100	Loss 5.5931 ± 0.1670
INFO:meta-cli.py:Epoch 57/100	dev results	MRR 0.352161	H@1 0.262817	H@3 0.384403	H@5 0.447020	H@10 0.531622
INFO:meta-cli.py:Epoch 57/100	test results	MRR 0.345715	H@1 0.255350	H@3 0.381462	H@5 0.442295	H@10 0.525188
INFO:meta-cli.py:Epoch 58/100	Loss 5.5905 ± 0.1725
INFO:meta-cli.py:Epoch 59/100	Loss 5.5870 ± 0.1579
INFO:meta-cli.py:Epoch 60/100	Loss 5.5851 ± 0.1653
INFO:meta-cli.py:Epoch 60/100	dev results	MRR 0.352840	H@1 0.263388	H@3 0.385429	H@5 0.447876	H@10 0.531451
INFO:meta-cli.py:Epoch 60/100	test results	MRR 0.346548	H@1 0.256523	H@3 0.381364	H@5 0.442050	H@10 0.524822
INFO:meta-cli.py:Epoch 61/100	Loss 5.5825 ± 0.1624
INFO:meta-cli.py:Epoch 62/100	Loss 5.5797 ± 0.1638
INFO:meta-cli.py:Epoch 63/100	Loss 5.5770 ± 0.1570
INFO:meta-cli.py:Epoch 63/100	dev results	MRR 0.352475	H@1 0.262789	H@3 0.385600	H@5 0.447077	H@10 0.531794
INFO:meta-cli.py:Epoch 63/100	test results	MRR 0.345979	H@1 0.255155	H@3 0.380753	H@5 0.443272	H@10 0.524968
INFO:meta-cli.py:Epoch 64/100	Loss 5.5751 ± 0.1699
INFO:meta-cli.py:Epoch 65/100	Loss 5.5728 ± 0.1610
INFO:meta-cli.py:Epoch 66/100	Loss 5.5705 ± 0.1587
INFO:meta-cli.py:Epoch 66/100	dev results	MRR 0.352549	H@1 0.263330	H@3 0.384460	H@5 0.447847	H@10 0.531794
INFO:meta-cli.py:Epoch 66/100	test results	MRR 0.345645	H@1 0.254300	H@3 0.380680	H@5 0.443712	H@10 0.525017
INFO:meta-cli.py:Epoch 67/100	Loss 5.5683 ± 0.1594
INFO:meta-cli.py:Epoch 68/100	Loss 5.5663 ± 0.1601
INFO:meta-cli.py:Epoch 69/100	Loss 5.5635 ± 0.1662
INFO:meta-cli.py:Epoch 69/100	dev results	MRR 0.352770	H@1 0.263159	H@3 0.386228	H@5 0.447077	H@10 0.532278
INFO:meta-cli.py:Epoch 69/100	test results	MRR 0.345993	H@1 0.255399	H@3 0.381095	H@5 0.443027	H@10 0.526190
INFO:meta-cli.py:Epoch 70/100	Loss 5.5613 ± 0.1547
INFO:meta-cli.py:Epoch 71/100	Loss 5.5595 ± 0.1597
INFO:meta-cli.py:Epoch 72/100	Loss 5.5577 ± 0.1600
INFO:meta-cli.py:Epoch 72/100	dev results	MRR 0.353034	H@1 0.263559	H@3 0.385657	H@5 0.447676	H@10 0.533219
INFO:meta-cli.py:Epoch 72/100	test results	MRR 0.346606	H@1 0.255986	H@3 0.382415	H@5 0.443321	H@10 0.525555
INFO:meta-cli.py:Epoch 73/100	Loss 5.5560 ± 0.1636
INFO:meta-cli.py:Epoch 74/100	Loss 5.5537 ± 0.1598
INFO:meta-cli.py:Epoch 75/100	Loss 5.5521 ± 0.1625
INFO:meta-cli.py:Epoch 75/100	dev results	MRR 0.353764	H@1 0.264557	H@3 0.386370	H@5 0.447876	H@10 0.532963
INFO:meta-cli.py:Epoch 75/100	test results	MRR 0.346999	H@1 0.256621	H@3 0.381951	H@5 0.443712	H@10 0.525408
INFO:meta-cli.py:Epoch 76/100	Loss 5.5502 ± 0.1572
INFO:meta-cli.py:Epoch 77/100	Loss 5.5487 ± 0.1588
INFO:meta-cli.py:Epoch 78/100	Loss 5.5466 ± 0.1587
INFO:meta-cli.py:Epoch 78/100	dev results	MRR 0.352685	H@1 0.262646	H@3 0.385857	H@5 0.448417	H@10 0.533590
INFO:meta-cli.py:Epoch 78/100	test results	MRR 0.346058	H@1 0.254471	H@3 0.381999	H@5 0.444469	H@10 0.526507
INFO:meta-cli.py:Epoch 79/100	Loss 5.5453 ± 0.1528
INFO:meta-cli.py:Epoch 80/100	Loss 5.5434 ± 0.1567
INFO:meta-cli.py:Epoch 81/100	Loss 5.5415 ± 0.1532
INFO:meta-cli.py:Epoch 81/100	dev results	MRR 0.353198	H@1 0.263644	H@3 0.386456	H@5 0.448246	H@10 0.531851
INFO:meta-cli.py:Epoch 81/100	test results	MRR 0.347153	H@1 0.256670	H@3 0.382268	H@5 0.444469	H@10 0.525530
INFO:meta-cli.py:Epoch 82/100	Loss 5.5397 ± 0.1546
INFO:meta-cli.py:Epoch 83/100	Loss 5.5382 ± 0.1530
INFO:meta-cli.py:Epoch 84/100	Loss 5.5364 ± 0.1462
INFO:meta-cli.py:Epoch 84/100	dev results	MRR 0.353201	H@1 0.263616	H@3 0.386370	H@5 0.448446	H@10 0.532849
INFO:meta-cli.py:Epoch 84/100	test results	MRR 0.346830	H@1 0.256108	H@3 0.382195	H@5 0.444078	H@10 0.525457
INFO:meta-cli.py:Epoch 85/100	Loss 5.5347 ± 0.1498
INFO:meta-cli.py:Epoch 86/100	Loss 5.5334 ± 0.1501
INFO:meta-cli.py:Epoch 87/100	Loss 5.5322 ± 0.1486
INFO:meta-cli.py:Epoch 87/100	dev results	MRR 0.353709	H@1 0.264414	H@3 0.386655	H@5 0.448560	H@10 0.533704
INFO:meta-cli.py:Epoch 87/100	test results	MRR 0.347194	H@1 0.256425	H@3 0.382464	H@5 0.443980	H@10 0.526263
INFO:meta-cli.py:Epoch 88/100	Loss 5.5307 ± 0.1530
INFO:meta-cli.py:Epoch 89/100	Loss 5.5290 ± 0.1533
INFO:meta-cli.py:Epoch 90/100	Loss 5.5276 ± 0.1477
INFO:meta-cli.py:Epoch 90/100	dev results	MRR 0.353560	H@1 0.263730	H@3 0.387511	H@5 0.448646	H@10 0.533875
INFO:meta-cli.py:Epoch 90/100	test results	MRR 0.347059	H@1 0.256474	H@3 0.382390	H@5 0.444640	H@10 0.526312
INFO:meta-cli.py:Epoch 91/100	Loss 5.5262 ± 0.1470
INFO:meta-cli.py:Epoch 92/100	Loss 5.5247 ± 0.1503
INFO:meta-cli.py:Epoch 93/100	Loss 5.5233 ± 0.1526
INFO:meta-cli.py:Epoch 93/100	dev results	MRR 0.353219	H@1 0.263616	H@3 0.386085	H@5 0.448389	H@10 0.533305
INFO:meta-cli.py:Epoch 93/100	test results	MRR 0.347127	H@1 0.256596	H@3 0.381804	H@5 0.444396	H@10 0.526288
INFO:meta-cli.py:Epoch 94/100	Loss 5.5222 ± 0.1382
INFO:meta-cli.py:Epoch 95/100	Loss 5.5212 ± 0.1537
INFO:meta-cli.py:Epoch 96/100	Loss 5.5190 ± 0.1501
INFO:meta-cli.py:Epoch 96/100	dev results	MRR 0.353585	H@1 0.263901	H@3 0.386855	H@5 0.449159	H@10 0.533875
INFO:meta-cli.py:Epoch 96/100	test results	MRR 0.347342	H@1 0.256718	H@3 0.382146	H@5 0.444542	H@10 0.527240
INFO:meta-cli.py:Epoch 97/100	Loss 5.5183 ± 0.1457
INFO:meta-cli.py:Epoch 98/100	Loss 5.5164 ± 0.1434
INFO:meta-cli.py:Epoch 99/100	Loss 5.5157 ± 0.1437
INFO:meta-cli.py:Epoch 99/100	dev results	MRR 0.353610	H@1 0.263929	H@3 0.387054	H@5 0.449016	H@10 0.533077
INFO:meta-cli.py:Epoch 99/100	test results	MRR 0.347025	H@1 0.256205	H@3 0.381853	H@5 0.445177	H@10 0.526239
INFO:meta-cli.py:Epoch 100/100	Loss 5.5144 ± 0.1466
INFO:meta-cli.py:Final 	dev results	MRR 0.353360	H@1 0.263701	H@3 0.386028	H@5 0.448589	H@10 0.533048
INFO:meta-cli.py:Final 	test results	MRR 0.346572	H@1 0.255155	H@3 0.382122	H@5 0.444200	H@10 0.526434
INFO:meta-cli.py:Training finished
