./bin/meta-cli.py --train data/fb15k-237/train.tsv --dev data/fb15k-237/dev.tsv --test data/fb15k-237/test.tsv -m complex -k 2000 -b 1000 -e 100 --F2 0.01 --N3 0 -l 0.1 -I standard -V 3 -o adagrad -q
{'F2': 0.01,
 'N3': 0.0,
 'batch_size': 1000,
 'dev': 'data/fb15k-237/dev.tsv',
 'embedding_size': 2000,
 'epochs': 100,
 'eval_batch_size': None,
 'input_type': 'standard',
 'learning_rate': 0.1,
 'load': None,
 'model': 'complex',
 'optimizer': 'adagrad',
 'quiet': True,
 'save': None,
 'seed': 0,
 'test': 'data/fb15k-237/test.tsv',
 'test_i': None,
 'test_ii': None,
 'train': 'data/fb15k-237/train.tsv',
 'validate_every': 3}
INFO:meta-cli.py:Device: cuda
INFO:meta-cli.py:Model state:
INFO:meta-cli.py:	entities.weight	torch.Size([14541, 4000])
INFO:meta-cli.py:	predicates.weight	torch.Size([237, 4000])
INFO:meta-cli.py:Epoch 1/100	Loss 13.5386 ± 2.1179
INFO:meta-cli.py:Epoch 2/100	Loss 9.7674 ± 0.1036
INFO:meta-cli.py:Epoch 3/100	Loss 8.8444 ± 0.1849
INFO:meta-cli.py:Epoch 3/100	dev results	MRR 0.328554	H@1 0.237924	H@3 0.359795	H@5 0.425977	H@10 0.513715
INFO:meta-cli.py:Epoch 3/100	test results	MRR 0.322251	H@1 0.231408	H@3 0.354710	H@5 0.420356	H@10 0.507012
INFO:meta-cli.py:Epoch 4/100	Loss 8.4290 ± 0.2045
INFO:meta-cli.py:Epoch 5/100	Loss 8.1859 ± 0.2071
INFO:meta-cli.py:Epoch 6/100	Loss 8.0187 ± 0.1970
INFO:meta-cli.py:Epoch 6/100	dev results	MRR 0.338000	H@1 0.245110	H@3 0.370402	H@5 0.438494	H@10 0.526490
INFO:meta-cli.py:Epoch 6/100	test results	MRR 0.332544	H@1 0.239715	H@3 0.367048	H@5 0.432571	H@10 0.519960
INFO:meta-cli.py:Epoch 7/100	Loss 7.8979 ± 0.1922
INFO:meta-cli.py:Epoch 8/100	Loss 7.8025 ± 0.1888
INFO:meta-cli.py:Epoch 9/100	Loss 7.7271 ± 0.1890
INFO:meta-cli.py:Epoch 9/100	dev results	MRR 0.341641	H@1 0.250100	H@3 0.373909	H@5 0.438865	H@10 0.527573
INFO:meta-cli.py:Epoch 9/100	test results	MRR 0.335518	H@1 0.243062	H@3 0.369515	H@5 0.434501	H@10 0.520815
INFO:meta-cli.py:Epoch 10/100	Loss 7.6626 ± 0.1770
INFO:meta-cli.py:Epoch 11/100	Loss 7.6074 ± 0.1824
INFO:meta-cli.py:Epoch 12/100	Loss 7.5619 ± 0.1814
INFO:meta-cli.py:Epoch 12/100	dev results	MRR 0.340970	H@1 0.249301	H@3 0.374822	H@5 0.438494	H@10 0.526205
INFO:meta-cli.py:Epoch 12/100	test results	MRR 0.334850	H@1 0.242084	H@3 0.370199	H@5 0.433182	H@10 0.520546
INFO:meta-cli.py:Epoch 13/100	Loss 7.5208 ± 0.1696
INFO:meta-cli.py:Epoch 14/100	Loss 7.4839 ± 0.1743
INFO:meta-cli.py:Epoch 15/100	Loss 7.4501 ± 0.1658
INFO:meta-cli.py:Epoch 15/100	dev results	MRR 0.341565	H@1 0.250356	H@3 0.373681	H@5 0.437639	H@10 0.525207
INFO:meta-cli.py:Epoch 15/100	test results	MRR 0.335545	H@1 0.243428	H@3 0.369149	H@5 0.434257	H@10 0.520815
INFO:meta-cli.py:Epoch 16/100	Loss 7.4213 ± 0.1647
INFO:meta-cli.py:Epoch 17/100	Loss 7.3956 ± 0.1637
INFO:meta-cli.py:Epoch 18/100	Loss 7.3704 ± 0.1622
INFO:meta-cli.py:Epoch 18/100	dev results	MRR 0.342273	H@1 0.251725	H@3 0.373253	H@5 0.438124	H@10 0.527260
INFO:meta-cli.py:Epoch 18/100	test results	MRR 0.335753	H@1 0.243843	H@3 0.368953	H@5 0.435356	H@10 0.520864
INFO:meta-cli.py:Epoch 19/100	Loss 7.3471 ± 0.1536
INFO:meta-cli.py:Epoch 20/100	Loss 7.3264 ± 0.1536
INFO:meta-cli.py:Epoch 21/100	Loss 7.3076 ± 0.1454
INFO:meta-cli.py:Epoch 21/100	dev results	MRR 0.341012	H@1 0.250841	H@3 0.371685	H@5 0.435329	H@10 0.523667
INFO:meta-cli.py:Epoch 21/100	test results	MRR 0.335304	H@1 0.243672	H@3 0.368489	H@5 0.433988	H@10 0.519203
INFO:meta-cli.py:Epoch 22/100	Loss 7.2900 ± 0.1501
INFO:meta-cli.py:Epoch 23/100	Loss 7.2716 ± 0.1481
INFO:meta-cli.py:Epoch 24/100	Loss 7.2563 ± 0.1450
INFO:meta-cli.py:Epoch 24/100	dev results	MRR 0.340114	H@1 0.249444	H@3 0.371942	H@5 0.436071	H@10 0.524323
INFO:meta-cli.py:Epoch 24/100	test results	MRR 0.335066	H@1 0.243721	H@3 0.368611	H@5 0.433988	H@10 0.519740
INFO:meta-cli.py:Epoch 25/100	Loss 7.2404 ± 0.1443
INFO:meta-cli.py:Epoch 26/100	Loss 7.2256 ± 0.1409
INFO:meta-cli.py:Epoch 27/100	Loss 7.2137 ± 0.1420
INFO:meta-cli.py:Epoch 27/100	dev results	MRR 0.340186	H@1 0.249929	H@3 0.370288	H@5 0.436042	H@10 0.523581
INFO:meta-cli.py:Epoch 27/100	test results	MRR 0.334198	H@1 0.242646	H@3 0.366852	H@5 0.433353	H@10 0.518983
INFO:meta-cli.py:Epoch 28/100	Loss 7.2009 ± 0.1363
INFO:meta-cli.py:Epoch 29/100	Loss 7.1883 ± 0.1337
INFO:meta-cli.py:Epoch 30/100	Loss 7.1765 ± 0.1344
INFO:meta-cli.py:Epoch 30/100	dev results	MRR 0.339990	H@1 0.250157	H@3 0.371115	H@5 0.434160	H@10 0.522013
INFO:meta-cli.py:Epoch 30/100	test results	MRR 0.334530	H@1 0.243770	H@3 0.366926	H@5 0.432742	H@10 0.518543
INFO:meta-cli.py:Epoch 31/100	Loss 7.1653 ± 0.1314
INFO:meta-cli.py:Epoch 32/100	Loss 7.1544 ± 0.1336
INFO:meta-cli.py:Epoch 33/100	Loss 7.1446 ± 0.1278
INFO:meta-cli.py:Epoch 33/100	dev results	MRR 0.338930	H@1 0.248988	H@3 0.369946	H@5 0.433048	H@10 0.521243
INFO:meta-cli.py:Epoch 33/100	test results	MRR 0.333390	H@1 0.241938	H@3 0.366706	H@5 0.431398	H@10 0.517737
INFO:meta-cli.py:Epoch 34/100	Loss 7.1345 ± 0.1262
INFO:meta-cli.py:Epoch 35/100	Loss 7.1253 ± 0.1319
INFO:meta-cli.py:Epoch 36/100	Loss 7.1163 ± 0.1218
INFO:meta-cli.py:Epoch 36/100	dev results	MRR 0.338220	H@1 0.248389	H@3 0.368463	H@5 0.432906	H@10 0.520701
INFO:meta-cli.py:Epoch 36/100	test results	MRR 0.333633	H@1 0.242597	H@3 0.365460	H@5 0.432156	H@10 0.517297
INFO:meta-cli.py:Epoch 37/100	Loss 7.1072 ± 0.1223
INFO:meta-cli.py:Epoch 38/100	Loss 7.1004 ± 0.1318
INFO:meta-cli.py:Epoch 39/100	Loss 7.0916 ± 0.1204
INFO:meta-cli.py:Epoch 39/100	dev results	MRR 0.338560	H@1 0.249330	H@3 0.369033	H@5 0.432250	H@10 0.520758
INFO:meta-cli.py:Epoch 39/100	test results	MRR 0.333284	H@1 0.242573	H@3 0.366315	H@5 0.431594	H@10 0.517615
INFO:meta-cli.py:Epoch 40/100	Loss 7.0845 ± 0.1267
INFO:meta-cli.py:Epoch 41/100	Loss 7.0754 ± 0.1246
INFO:meta-cli.py:Epoch 42/100	Loss 7.0686 ± 0.1166
INFO:meta-cli.py:Epoch 42/100	dev results	MRR 0.338049	H@1 0.248532	H@3 0.368235	H@5 0.432735	H@10 0.519532
INFO:meta-cli.py:Epoch 42/100	test results	MRR 0.332874	H@1 0.242036	H@3 0.365386	H@5 0.431105	H@10 0.516149
INFO:meta-cli.py:Epoch 43/100	Loss 7.0618 ± 0.1199
INFO:meta-cli.py:Epoch 44/100	Loss 7.0544 ± 0.1170
INFO:meta-cli.py:Epoch 45/100	Loss 7.0489 ± 0.1228
INFO:meta-cli.py:Epoch 45/100	dev results	MRR 0.337751	H@1 0.248674	H@3 0.367836	H@5 0.431737	H@10 0.519760
INFO:meta-cli.py:Epoch 45/100	test results	MRR 0.332917	H@1 0.242695	H@3 0.365167	H@5 0.430152	H@10 0.515660
INFO:meta-cli.py:Epoch 46/100	Loss 7.0424 ± 0.1188
INFO:meta-cli.py:Epoch 47/100	Loss 7.0353 ± 0.1207
INFO:meta-cli.py:Epoch 48/100	Loss 7.0292 ± 0.1204
INFO:meta-cli.py:Epoch 48/100	dev results	MRR 0.336641	H@1 0.246992	H@3 0.367351	H@5 0.429940	H@10 0.517907
INFO:meta-cli.py:Epoch 48/100	test results	MRR 0.332140	H@1 0.241058	H@3 0.365191	H@5 0.429346	H@10 0.514903
INFO:meta-cli.py:Epoch 49/100	Loss 7.0240 ± 0.1184
INFO:meta-cli.py:Epoch 50/100	Loss 7.0175 ± 0.1048
INFO:meta-cli.py:Epoch 51/100	Loss 7.0126 ± 0.1100
INFO:meta-cli.py:Epoch 51/100	dev results	MRR 0.336941	H@1 0.248389	H@3 0.367094	H@5 0.429741	H@10 0.517080
INFO:meta-cli.py:Epoch 51/100	test results	MRR 0.332023	H@1 0.241474	H@3 0.364287	H@5 0.429053	H@10 0.513510
INFO:meta-cli.py:Epoch 52/100	Loss 7.0081 ± 0.1242
INFO:meta-cli.py:Epoch 53/100	Loss 7.0008 ± 0.1175
INFO:meta-cli.py:Epoch 54/100	Loss 6.9967 ± 0.1248
INFO:meta-cli.py:Epoch 54/100	dev results	MRR 0.336405	H@1 0.247106	H@3 0.367294	H@5 0.430197	H@10 0.516938
INFO:meta-cli.py:Epoch 54/100	test results	MRR 0.331717	H@1 0.241596	H@3 0.363750	H@5 0.428516	H@10 0.513779
INFO:meta-cli.py:Epoch 55/100	Loss 6.9908 ± 0.1080
INFO:meta-cli.py:Epoch 56/100	Loss 6.9875 ± 0.1188
INFO:meta-cli.py:Epoch 57/100	Loss 6.9827 ± 0.1115
INFO:meta-cli.py:Epoch 57/100	dev results	MRR 0.336199	H@1 0.247049	H@3 0.367294	H@5 0.428914	H@10 0.517166
INFO:meta-cli.py:Epoch 57/100	test results	MRR 0.331106	H@1 0.240472	H@3 0.364287	H@5 0.428882	H@10 0.513584
INFO:meta-cli.py:Epoch 58/100	Loss nan ± nan
INFO:meta-cli.py:Epoch 59/100	Loss nan ± nan
INFO:meta-cli.py:Epoch 60/100	Loss nan ± nan
INFO:meta-cli.py:Epoch 60/100	dev results	MRR 0.000434	H@1 0.000000	H@3 0.000000	H@5 0.000057	H@10 0.000057
INFO:meta-cli.py:Epoch 60/100	test results	MRR 0.000421	H@1 0.000000	H@3 0.000000	H@5 0.000000	H@10 0.000024
INFO:meta-cli.py:Epoch 61/100	Loss nan ± nan
INFO:meta-cli.py:Epoch 62/100	Loss nan ± nan
INFO:meta-cli.py:Epoch 63/100	Loss nan ± nan
INFO:meta-cli.py:Epoch 63/100	dev results	MRR 0.000434	H@1 0.000000	H@3 0.000000	H@5 0.000057	H@10 0.000057
INFO:meta-cli.py:Epoch 63/100	test results	MRR 0.000421	H@1 0.000000	H@3 0.000000	H@5 0.000000	H@10 0.000024
INFO:meta-cli.py:Epoch 64/100	Loss nan ± nan
INFO:meta-cli.py:Epoch 65/100	Loss nan ± nan
INFO:meta-cli.py:Epoch 66/100	Loss nan ± nan
INFO:meta-cli.py:Epoch 66/100	dev results	MRR 0.000434	H@1 0.000000	H@3 0.000000	H@5 0.000057	H@10 0.000057
INFO:meta-cli.py:Epoch 66/100	test results	MRR 0.000421	H@1 0.000000	H@3 0.000000	H@5 0.000000	H@10 0.000024
INFO:meta-cli.py:Epoch 67/100	Loss nan ± nan
INFO:meta-cli.py:Epoch 68/100	Loss nan ± nan
INFO:meta-cli.py:Epoch 69/100	Loss nan ± nan
INFO:meta-cli.py:Epoch 69/100	dev results	MRR 0.000434	H@1 0.000000	H@3 0.000000	H@5 0.000057	H@10 0.000057
INFO:meta-cli.py:Epoch 69/100	test results	MRR 0.000421	H@1 0.000000	H@3 0.000000	H@5 0.000000	H@10 0.000024
INFO:meta-cli.py:Epoch 70/100	Loss nan ± nan
INFO:meta-cli.py:Epoch 71/100	Loss nan ± nan
INFO:meta-cli.py:Epoch 72/100	Loss nan ± nan
INFO:meta-cli.py:Epoch 72/100	dev results	MRR 0.000434	H@1 0.000000	H@3 0.000000	H@5 0.000057	H@10 0.000057
INFO:meta-cli.py:Epoch 72/100	test results	MRR 0.000421	H@1 0.000000	H@3 0.000000	H@5 0.000000	H@10 0.000024
INFO:meta-cli.py:Epoch 73/100	Loss nan ± nan
INFO:meta-cli.py:Epoch 74/100	Loss nan ± nan
INFO:meta-cli.py:Epoch 75/100	Loss nan ± nan
INFO:meta-cli.py:Epoch 75/100	dev results	MRR 0.000434	H@1 0.000000	H@3 0.000000	H@5 0.000057	H@10 0.000057
INFO:meta-cli.py:Epoch 75/100	test results	MRR 0.000421	H@1 0.000000	H@3 0.000000	H@5 0.000000	H@10 0.000024
INFO:meta-cli.py:Epoch 76/100	Loss nan ± nan
INFO:meta-cli.py:Epoch 77/100	Loss nan ± nan
INFO:meta-cli.py:Epoch 78/100	Loss nan ± nan
INFO:meta-cli.py:Epoch 78/100	dev results	MRR 0.000434	H@1 0.000000	H@3 0.000000	H@5 0.000057	H@10 0.000057
INFO:meta-cli.py:Epoch 78/100	test results	MRR 0.000421	H@1 0.000000	H@3 0.000000	H@5 0.000000	H@10 0.000024
INFO:meta-cli.py:Epoch 79/100	Loss nan ± nan
INFO:meta-cli.py:Epoch 80/100	Loss nan ± nan
INFO:meta-cli.py:Epoch 81/100	Loss nan ± nan
INFO:meta-cli.py:Epoch 81/100	dev results	MRR 0.000434	H@1 0.000000	H@3 0.000000	H@5 0.000057	H@10 0.000057
INFO:meta-cli.py:Epoch 81/100	test results	MRR 0.000421	H@1 0.000000	H@3 0.000000	H@5 0.000000	H@10 0.000024
INFO:meta-cli.py:Epoch 82/100	Loss nan ± nan
INFO:meta-cli.py:Epoch 83/100	Loss nan ± nan
INFO:meta-cli.py:Epoch 84/100	Loss nan ± nan
INFO:meta-cli.py:Epoch 84/100	dev results	MRR 0.000434	H@1 0.000000	H@3 0.000000	H@5 0.000057	H@10 0.000057
INFO:meta-cli.py:Epoch 84/100	test results	MRR 0.000421	H@1 0.000000	H@3 0.000000	H@5 0.000000	H@10 0.000024
INFO:meta-cli.py:Epoch 85/100	Loss nan ± nan
INFO:meta-cli.py:Epoch 86/100	Loss nan ± nan
INFO:meta-cli.py:Epoch 87/100	Loss nan ± nan
INFO:meta-cli.py:Epoch 87/100	dev results	MRR 0.000434	H@1 0.000000	H@3 0.000000	H@5 0.000057	H@10 0.000057
INFO:meta-cli.py:Epoch 87/100	test results	MRR 0.000421	H@1 0.000000	H@3 0.000000	H@5 0.000000	H@10 0.000024
INFO:meta-cli.py:Epoch 88/100	Loss nan ± nan
INFO:meta-cli.py:Epoch 89/100	Loss nan ± nan
INFO:meta-cli.py:Epoch 90/100	Loss nan ± nan
INFO:meta-cli.py:Epoch 90/100	dev results	MRR 0.000434	H@1 0.000000	H@3 0.000000	H@5 0.000057	H@10 0.000057
INFO:meta-cli.py:Epoch 90/100	test results	MRR 0.000421	H@1 0.000000	H@3 0.000000	H@5 0.000000	H@10 0.000024
INFO:meta-cli.py:Epoch 91/100	Loss nan ± nan
INFO:meta-cli.py:Epoch 92/100	Loss nan ± nan
INFO:meta-cli.py:Epoch 93/100	Loss nan ± nan
INFO:meta-cli.py:Epoch 93/100	dev results	MRR 0.000434	H@1 0.000000	H@3 0.000000	H@5 0.000057	H@10 0.000057
INFO:meta-cli.py:Epoch 93/100	test results	MRR 0.000421	H@1 0.000000	H@3 0.000000	H@5 0.000000	H@10 0.000024
INFO:meta-cli.py:Epoch 94/100	Loss nan ± nan
INFO:meta-cli.py:Epoch 95/100	Loss nan ± nan
INFO:meta-cli.py:Epoch 96/100	Loss nan ± nan
INFO:meta-cli.py:Epoch 96/100	dev results	MRR 0.000434	H@1 0.000000	H@3 0.000000	H@5 0.000057	H@10 0.000057
INFO:meta-cli.py:Epoch 96/100	test results	MRR 0.000421	H@1 0.000000	H@3 0.000000	H@5 0.000000	H@10 0.000024
INFO:meta-cli.py:Epoch 97/100	Loss nan ± nan
INFO:meta-cli.py:Epoch 98/100	Loss nan ± nan
INFO:meta-cli.py:Epoch 99/100	Loss nan ± nan
INFO:meta-cli.py:Epoch 99/100	dev results	MRR 0.000434	H@1 0.000000	H@3 0.000000	H@5 0.000057	H@10 0.000057
INFO:meta-cli.py:Epoch 99/100	test results	MRR 0.000421	H@1 0.000000	H@3 0.000000	H@5 0.000000	H@10 0.000024
INFO:meta-cli.py:Epoch 100/100	Loss nan ± nan
INFO:meta-cli.py:Final 	dev results	MRR 0.000434	H@1 0.000000	H@3 0.000000	H@5 0.000057	H@10 0.000057
INFO:meta-cli.py:Final 	test results	MRR 0.000421	H@1 0.000000	H@3 0.000000	H@5 0.000000	H@10 0.000024
INFO:meta-cli.py:Training finished
