./bin/meta-cli.py --train data/fb15k-237/train.tsv --dev data/fb15k-237/dev.tsv --test data/fb15k-237/test.tsv -m complex -k 1000 -b 500 -e 100 --F2 0 --N3 0.05 -l 0.1 -I standard -V 3 -o adagrad -q
{'F2': 0.0,
 'N3': 0.05,
 'batch_size': 500,
 'dev': 'data/fb15k-237/dev.tsv',
 'embedding_size': 1000,
 'epochs': 100,
 'eval_batch_size': None,
 'input_type': 'standard',
 'learning_rate': 0.1,
 'load': None,
 'model': 'complex',
 'optimizer': 'adagrad',
 'quiet': True,
 'save': None,
 'seed': 0,
 'test': 'data/fb15k-237/test.tsv',
 'test_i': None,
 'test_ii': None,
 'train': 'data/fb15k-237/train.tsv',
 'validate_every': 3}
INFO:meta-cli.py:Device: cuda
INFO:meta-cli.py:Model state:
INFO:meta-cli.py:	entities.weight	torch.Size([14541, 2000])
INFO:meta-cli.py:	predicates.weight	torch.Size([237, 2000])
INFO:meta-cli.py:Epoch 1/100	Loss 14.1331 ± 1.8510
INFO:meta-cli.py:Epoch 2/100	Loss 11.0573 ± 0.1365
INFO:meta-cli.py:Epoch 3/100	Loss 10.3248 ± 0.2058
INFO:meta-cli.py:Epoch 3/100	dev results	MRR 0.339857	H@1 0.248988	H@3 0.372826	H@5 0.436498	H@10 0.521642
INFO:meta-cli.py:Epoch 3/100	test results	MRR 0.333497	H@1 0.242231	H@3 0.365362	H@5 0.432596	H@10 0.518396
INFO:meta-cli.py:Epoch 4/100	Loss 10.0014 ± 0.2219
INFO:meta-cli.py:Epoch 5/100	Loss 9.8149 ± 0.2233
INFO:meta-cli.py:Epoch 6/100	Loss 9.6885 ± 0.2159
INFO:meta-cli.py:Epoch 6/100	dev results	MRR 0.352145	H@1 0.257998	H@3 0.386484	H@5 0.453464	H@10 0.541688
INFO:meta-cli.py:Epoch 6/100	test results	MRR 0.345548	H@1 0.251417	H@3 0.379410	H@5 0.447694	H@10 0.535571
INFO:meta-cli.py:Epoch 7/100	Loss 9.5966 ± 0.2077
INFO:meta-cli.py:Epoch 8/100	Loss 9.5245 ± 0.2071
INFO:meta-cli.py:Epoch 9/100	Loss 9.4672 ± 0.2064
INFO:meta-cli.py:Epoch 9/100	dev results	MRR 0.356363	H@1 0.262789	H@3 0.390476	H@5 0.455774	H@10 0.545195
INFO:meta-cli.py:Epoch 9/100	test results	MRR 0.349829	H@1 0.255692	H@3 0.384809	H@5 0.449575	H@10 0.538405
INFO:meta-cli.py:Epoch 10/100	Loss 9.4191 ± 0.1994
INFO:meta-cli.py:Epoch 11/100	Loss 9.3778 ± 0.2024
INFO:meta-cli.py:Epoch 12/100	Loss 9.3432 ± 0.2010
INFO:meta-cli.py:Epoch 12/100	dev results	MRR 0.357371	H@1 0.262675	H@3 0.393670	H@5 0.459880	H@10 0.545794
INFO:meta-cli.py:Epoch 12/100	test results	MRR 0.351778	H@1 0.257818	H@3 0.385102	H@5 0.453386	H@10 0.541459
INFO:meta-cli.py:Epoch 13/100	Loss 9.3126 ± 0.1876
INFO:meta-cli.py:Epoch 14/100	Loss 9.2856 ± 0.1964
INFO:meta-cli.py:Epoch 15/100	Loss 9.2610 ± 0.1871
INFO:meta-cli.py:Epoch 15/100	dev results	MRR 0.359873	H@1 0.264927	H@3 0.395666	H@5 0.462047	H@10 0.548817
INFO:meta-cli.py:Epoch 15/100	test results	MRR 0.353401	H@1 0.258404	H@3 0.389500	H@5 0.455902	H@10 0.543071
INFO:meta-cli.py:Epoch 16/100	Loss 9.2391 ± 0.1882
INFO:meta-cli.py:Epoch 17/100	Loss 9.2203 ± 0.1833
INFO:meta-cli.py:Epoch 18/100	Loss 9.2017 ± 0.1821
INFO:meta-cli.py:Epoch 18/100	dev results	MRR 0.361470	H@1 0.266866	H@3 0.397206	H@5 0.462247	H@10 0.551868
INFO:meta-cli.py:Epoch 18/100	test results	MRR 0.354189	H@1 0.259992	H@3 0.387887	H@5 0.455512	H@10 0.545686
INFO:meta-cli.py:Epoch 19/100	Loss 9.1850 ± 0.1745
INFO:meta-cli.py:Epoch 20/100	Loss 9.1704 ± 0.1739
INFO:meta-cli.py:Epoch 21/100	Loss 9.1564 ± 0.1682
INFO:meta-cli.py:Epoch 21/100	dev results	MRR 0.361364	H@1 0.267066	H@3 0.397548	H@5 0.462447	H@10 0.550898
INFO:meta-cli.py:Epoch 21/100	test results	MRR 0.355166	H@1 0.260359	H@3 0.391356	H@5 0.457588	H@10 0.544244
INFO:meta-cli.py:Epoch 22/100	Loss 9.1435 ± 0.1711
INFO:meta-cli.py:Epoch 23/100	Loss 9.1305 ± 0.1716
INFO:meta-cli.py:Epoch 24/100	Loss 9.1198 ± 0.1689
INFO:meta-cli.py:Epoch 24/100	dev results	MRR 0.361691	H@1 0.267151	H@3 0.397918	H@5 0.462532	H@10 0.551269
INFO:meta-cli.py:Epoch 24/100	test results	MRR 0.356051	H@1 0.261678	H@3 0.391552	H@5 0.457002	H@10 0.546321
INFO:meta-cli.py:Epoch 25/100	Loss 9.1083 ± 0.1689
INFO:meta-cli.py:Epoch 26/100	Loss 9.0982 ± 0.1640
INFO:meta-cli.py:Epoch 27/100	Loss 9.0891 ± 0.1647
INFO:meta-cli.py:Epoch 27/100	dev results	MRR 0.362916	H@1 0.268121	H@3 0.399202	H@5 0.465326	H@10 0.553379
INFO:meta-cli.py:Epoch 27/100	test results	MRR 0.356343	H@1 0.262069	H@3 0.390941	H@5 0.459689	H@10 0.545857
INFO:meta-cli.py:Epoch 28/100	Loss 9.0802 ± 0.1620
INFO:meta-cli.py:Epoch 29/100	Loss 9.0715 ± 0.1590
INFO:meta-cli.py:Epoch 30/100	Loss 9.0633 ± 0.1601
INFO:meta-cli.py:Epoch 30/100	dev results	MRR 0.361712	H@1 0.266096	H@3 0.400684	H@5 0.464756	H@10 0.552638
INFO:meta-cli.py:Epoch 30/100	test results	MRR 0.355460	H@1 0.259723	H@3 0.393580	H@5 0.458932	H@10 0.545881
INFO:meta-cli.py:Epoch 31/100	Loss 9.0556 ± 0.1557
INFO:meta-cli.py:Epoch 32/100	Loss 9.0481 ± 0.1578
INFO:meta-cli.py:Epoch 33/100	Loss 9.0411 ± 0.1493
INFO:meta-cli.py:Epoch 33/100	dev results	MRR 0.363088	H@1 0.268149	H@3 0.399059	H@5 0.464699	H@10 0.552609
INFO:meta-cli.py:Epoch 33/100	test results	MRR 0.356442	H@1 0.260872	H@3 0.392896	H@5 0.458761	H@10 0.546272
INFO:meta-cli.py:Epoch 34/100	Loss 9.0344 ± 0.1513
INFO:meta-cli.py:Epoch 35/100	Loss 9.0280 ± 0.1545
INFO:meta-cli.py:Epoch 36/100	Loss 9.0217 ± 0.1457
INFO:meta-cli.py:Epoch 36/100	dev results	MRR 0.362480	H@1 0.267608	H@3 0.399059	H@5 0.465098	H@10 0.552381
INFO:meta-cli.py:Epoch 36/100	test results	MRR 0.356654	H@1 0.261507	H@3 0.393335	H@5 0.459469	H@10 0.546199
INFO:meta-cli.py:Epoch 37/100	Loss 9.0159 ± 0.1471
INFO:meta-cli.py:Epoch 38/100	Loss 9.0105 ± 0.1523
INFO:meta-cli.py:Epoch 39/100	Loss 9.0049 ± 0.1443
INFO:meta-cli.py:Epoch 39/100	dev results	MRR 0.362996	H@1 0.268549	H@3 0.398717	H@5 0.464015	H@10 0.553607
INFO:meta-cli.py:Epoch 39/100	test results	MRR 0.357129	H@1 0.262631	H@3 0.393653	H@5 0.458394	H@10 0.546638
INFO:meta-cli.py:Epoch 40/100	Loss 8.9998 ± 0.1497
INFO:meta-cli.py:Epoch 41/100	Loss 8.9941 ± 0.1469
INFO:meta-cli.py:Epoch 42/100	Loss 8.9896 ± 0.1428
INFO:meta-cli.py:Epoch 42/100	dev results	MRR 0.363539	H@1 0.269062	H@3 0.398916	H@5 0.463958	H@10 0.553892
INFO:meta-cli.py:Epoch 42/100	test results	MRR 0.357043	H@1 0.262435	H@3 0.392016	H@5 0.459201	H@10 0.545466
INFO:meta-cli.py:Epoch 43/100	Loss 8.9849 ± 0.1444
INFO:meta-cli.py:Epoch 44/100	Loss 8.9799 ± 0.1424
INFO:meta-cli.py:Epoch 45/100	Loss 8.9762 ± 0.1472
INFO:meta-cli.py:Epoch 45/100	dev results	MRR 0.363852	H@1 0.269632	H@3 0.399572	H@5 0.464785	H@10 0.553778
INFO:meta-cli.py:Epoch 45/100	test results	MRR 0.356866	H@1 0.262044	H@3 0.393970	H@5 0.459396	H@10 0.546370
INFO:meta-cli.py:Epoch 46/100	Loss 8.9717 ± 0.1440
INFO:meta-cli.py:Epoch 47/100	Loss 8.9672 ± 0.1448
INFO:meta-cli.py:Epoch 48/100	Loss 8.9633 ± 0.1463
INFO:meta-cli.py:Epoch 48/100	dev results	MRR 0.362811	H@1 0.267037	H@3 0.401426	H@5 0.464443	H@10 0.553664
INFO:meta-cli.py:Epoch 48/100	test results	MRR 0.356907	H@1 0.261702	H@3 0.394215	H@5 0.460227	H@10 0.546247
INFO:meta-cli.py:Epoch 49/100	Loss 8.9596 ± 0.1436
INFO:meta-cli.py:Epoch 50/100	Loss 8.9556 ± 0.1335
INFO:meta-cli.py:Epoch 51/100	Loss 8.9521 ± 0.1359
INFO:meta-cli.py:Epoch 51/100	dev results	MRR 0.363927	H@1 0.268634	H@3 0.400314	H@5 0.465298	H@10 0.554577
INFO:meta-cli.py:Epoch 51/100	test results	MRR 0.357069	H@1 0.261751	H@3 0.393922	H@5 0.460520	H@10 0.546956
INFO:meta-cli.py:Epoch 52/100	Loss 8.9490 ± 0.1452
INFO:meta-cli.py:Epoch 53/100	Loss 8.9447 ± 0.1457
INFO:meta-cli.py:Epoch 54/100	Loss 8.9416 ± 0.1457
INFO:meta-cli.py:Epoch 54/100	dev results	MRR 0.364091	H@1 0.269547	H@3 0.401112	H@5 0.465269	H@10 0.553464
INFO:meta-cli.py:Epoch 54/100	test results	MRR 0.357106	H@1 0.262167	H@3 0.393653	H@5 0.460227	H@10 0.547689
INFO:meta-cli.py:Epoch 55/100	Loss 8.9382 ± 0.1341
INFO:meta-cli.py:Epoch 56/100	Loss 8.9356 ± 0.1394
INFO:meta-cli.py:Epoch 57/100	Loss 8.9326 ± 0.1358
INFO:meta-cli.py:Epoch 57/100	dev results	MRR 0.363243	H@1 0.268292	H@3 0.398346	H@5 0.465526	H@10 0.554377
INFO:meta-cli.py:Epoch 57/100	test results	MRR 0.357278	H@1 0.262069	H@3 0.393677	H@5 0.459836	H@10 0.547469
INFO:meta-cli.py:Epoch 58/100	Loss 8.9293 ± 0.1424
INFO:meta-cli.py:Epoch 59/100	Loss 8.9258 ± 0.1294
INFO:meta-cli.py:Epoch 60/100	Loss 8.9236 ± 0.1373
INFO:meta-cli.py:Epoch 60/100	dev results	MRR 0.364806	H@1 0.270459	H@3 0.401511	H@5 0.465612	H@10 0.554149
INFO:meta-cli.py:Epoch 60/100	test results	MRR 0.357782	H@1 0.263046	H@3 0.393628	H@5 0.460886	H@10 0.546199
INFO:meta-cli.py:Epoch 61/100	Loss 8.9207 ± 0.1321
INFO:meta-cli.py:Epoch 62/100	Loss 8.9178 ± 0.1346
INFO:meta-cli.py:Epoch 63/100	Loss 8.9149 ± 0.1313
INFO:meta-cli.py:Epoch 63/100	dev results	MRR 0.364012	H@1 0.268948	H@3 0.401255	H@5 0.466439	H@10 0.555860
INFO:meta-cli.py:Epoch 63/100	test results	MRR 0.357301	H@1 0.261580	H@3 0.394826	H@5 0.462401	H@10 0.547616
INFO:meta-cli.py:Epoch 64/100	Loss 8.9125 ± 0.1394
INFO:meta-cli.py:Epoch 65/100	Loss 8.9101 ± 0.1334
INFO:meta-cli.py:Epoch 66/100	Loss 8.9075 ± 0.1322
INFO:meta-cli.py:Epoch 66/100	dev results	MRR 0.363867	H@1 0.269033	H@3 0.400399	H@5 0.466068	H@10 0.555090
INFO:meta-cli.py:Epoch 66/100	test results	MRR 0.358200	H@1 0.263950	H@3 0.393677	H@5 0.460886	H@10 0.547200
INFO:meta-cli.py:Epoch 67/100	Loss 8.9050 ± 0.1286
INFO:meta-cli.py:Epoch 68/100	Loss 8.9027 ± 0.1314
INFO:meta-cli.py:Epoch 69/100	Loss 8.8997 ± 0.1372
INFO:meta-cli.py:Epoch 69/100	dev results	MRR 0.364509	H@1 0.269261	H@3 0.402310	H@5 0.467380	H@10 0.554805
INFO:meta-cli.py:Epoch 69/100	test results	MRR 0.357623	H@1 0.262142	H@3 0.395094	H@5 0.462157	H@10 0.547542
INFO:meta-cli.py:Epoch 70/100	Loss 8.8975 ± 0.1285
INFO:meta-cli.py:Epoch 71/100	Loss 8.8953 ± 0.1321
INFO:meta-cli.py:Epoch 72/100	Loss 8.8934 ± 0.1310
INFO:meta-cli.py:Epoch 72/100	dev results	MRR 0.364487	H@1 0.269917	H@3 0.400941	H@5 0.466610	H@10 0.555090
INFO:meta-cli.py:Epoch 72/100	test results	MRR 0.357624	H@1 0.262264	H@3 0.395363	H@5 0.461424	H@10 0.548226
INFO:meta-cli.py:Epoch 73/100	Loss 8.8912 ± 0.1362
INFO:meta-cli.py:Epoch 74/100	Loss 8.8890 ± 0.1354
INFO:meta-cli.py:Epoch 75/100	Loss 8.8869 ± 0.1354
INFO:meta-cli.py:Epoch 75/100	dev results	MRR 0.364855	H@1 0.270345	H@3 0.402224	H@5 0.466752	H@10 0.555147
INFO:meta-cli.py:Epoch 75/100	test results	MRR 0.357898	H@1 0.262509	H@3 0.396072	H@5 0.461033	H@10 0.546296
INFO:meta-cli.py:Epoch 76/100	Loss 8.8849 ± 0.1314
INFO:meta-cli.py:Epoch 77/100	Loss 8.8832 ± 0.1295
INFO:meta-cli.py:Epoch 78/100	Loss 8.8809 ± 0.1312
INFO:meta-cli.py:Epoch 78/100	dev results	MRR 0.363840	H@1 0.269090	H@3 0.400257	H@5 0.465526	H@10 0.553978
INFO:meta-cli.py:Epoch 78/100	test results	MRR 0.357833	H@1 0.262777	H@3 0.394703	H@5 0.460789	H@10 0.546931
INFO:meta-cli.py:Epoch 79/100	Loss 8.8795 ± 0.1317
INFO:meta-cli.py:Epoch 80/100	Loss 8.8772 ± 0.1271
INFO:meta-cli.py:Epoch 81/100	Loss 8.8752 ± 0.1280
INFO:meta-cli.py:Epoch 81/100	dev results	MRR 0.364551	H@1 0.270031	H@3 0.400998	H@5 0.466125	H@10 0.555061
INFO:meta-cli.py:Epoch 81/100	test results	MRR 0.357914	H@1 0.263119	H@3 0.395216	H@5 0.461009	H@10 0.545979
INFO:meta-cli.py:Epoch 82/100	Loss 8.8730 ± 0.1301
INFO:meta-cli.py:Epoch 83/100	Loss 8.8716 ± 0.1243
INFO:meta-cli.py:Epoch 84/100	Loss 8.8694 ± 0.1213
INFO:meta-cli.py:Epoch 84/100	dev results	MRR 0.363857	H@1 0.268862	H@3 0.400798	H@5 0.467009	H@10 0.554405
INFO:meta-cli.py:Epoch 84/100	test results	MRR 0.358462	H@1 0.263486	H@3 0.395803	H@5 0.461595	H@10 0.546663
INFO:meta-cli.py:Epoch 85/100	Loss 8.8678 ± 0.1254
INFO:meta-cli.py:Epoch 86/100	Loss 8.8661 ± 0.1260
INFO:meta-cli.py:Epoch 87/100	Loss 8.8648 ± 0.1241
INFO:meta-cli.py:Epoch 87/100	dev results	MRR 0.364711	H@1 0.269746	H@3 0.401283	H@5 0.466980	H@10 0.555774
INFO:meta-cli.py:Epoch 87/100	test results	MRR 0.358455	H@1 0.263486	H@3 0.395607	H@5 0.461399	H@10 0.548446
INFO:meta-cli.py:Epoch 88/100	Loss 8.8631 ± 0.1254
INFO:meta-cli.py:Epoch 89/100	Loss 8.8614 ± 0.1265
INFO:meta-cli.py:Epoch 90/100	Loss 8.8598 ± 0.1223
INFO:meta-cli.py:Epoch 90/100	dev results	MRR 0.364274	H@1 0.269319	H@3 0.402025	H@5 0.464756	H@10 0.555888
INFO:meta-cli.py:Epoch 90/100	test results	MRR 0.358734	H@1 0.264072	H@3 0.395778	H@5 0.460642	H@10 0.547274
INFO:meta-cli.py:Epoch 91/100	Loss 8.8582 ± 0.1240
INFO:meta-cli.py:Epoch 92/100	Loss 8.8566 ± 0.1264
INFO:meta-cli.py:Epoch 93/100	Loss 8.8548 ± 0.1311
INFO:meta-cli.py:Epoch 93/100	dev results	MRR 0.364295	H@1 0.269547	H@3 0.401483	H@5 0.466324	H@10 0.556145
INFO:meta-cli.py:Epoch 93/100	test results	MRR 0.358894	H@1 0.263999	H@3 0.396438	H@5 0.461375	H@10 0.547738
INFO:meta-cli.py:Epoch 94/100	Loss 8.8536 ± 0.1158
INFO:meta-cli.py:Epoch 95/100	Loss 8.8525 ± 0.1266
INFO:meta-cli.py:Epoch 96/100	Loss 8.8502 ± 0.1269
INFO:meta-cli.py:Epoch 96/100	dev results	MRR 0.364182	H@1 0.268948	H@3 0.401682	H@5 0.467294	H@10 0.555689
INFO:meta-cli.py:Epoch 96/100	test results	MRR 0.358571	H@1 0.263681	H@3 0.396169	H@5 0.462035	H@10 0.548373
INFO:meta-cli.py:Epoch 97/100	Loss 8.8494 ± 0.1237
INFO:meta-cli.py:Epoch 98/100	Loss 8.8474 ± 0.1203
INFO:meta-cli.py:Epoch 99/100	Loss 8.8464 ± 0.1220
INFO:meta-cli.py:Epoch 99/100	dev results	MRR 0.364827	H@1 0.269917	H@3 0.401625	H@5 0.467066	H@10 0.555860
INFO:meta-cli.py:Epoch 99/100	test results	MRR 0.358291	H@1 0.263193	H@3 0.396682	H@5 0.461473	H@10 0.546858
INFO:meta-cli.py:Epoch 100/100	Loss 8.8450 ± 0.1237
INFO:meta-cli.py:Final 	dev results	MRR 0.364608	H@1 0.269718	H@3 0.400399	H@5 0.467151	H@10 0.555432
INFO:meta-cli.py:Final 	test results	MRR 0.358102	H@1 0.262655	H@3 0.395510	H@5 0.462035	H@10 0.547933
INFO:meta-cli.py:Training finished
