./bin/meta-cli.py --train data/fb15k-237/train.tsv --dev data/fb15k-237/dev.tsv --test data/fb15k-237/test.tsv -m complex -k 1000 -b 100 -e 100 --F2 0 --N3 0.1 -l 0.1 -I reciprocal -V 3 -o adagrad -q
{'F2': 0.0,
 'N3': 0.1,
 'batch_size': 100,
 'dev': 'data/fb15k-237/dev.tsv',
 'embedding_size': 1000,
 'epochs': 100,
 'eval_batch_size': None,
 'input_type': 'reciprocal',
 'learning_rate': 0.1,
 'load': None,
 'model': 'complex',
 'optimizer': 'adagrad',
 'quiet': True,
 'save': None,
 'seed': 0,
 'test': 'data/fb15k-237/test.tsv',
 'test_i': None,
 'test_ii': None,
 'train': 'data/fb15k-237/train.tsv',
 'validate_every': 3}
INFO:meta-cli.py:Device: cuda
INFO:meta-cli.py:Model state:
INFO:meta-cli.py:	entities.weight	torch.Size([14541, 2000])
INFO:meta-cli.py:	predicates.weight	torch.Size([474, 2000])
INFO:meta-cli.py:Epoch 1/100	Loss 16.3646 ± 2.8067
INFO:meta-cli.py:Epoch 2/100	Loss 12.9307 ± 0.2946
INFO:meta-cli.py:Epoch 3/100	Loss 12.3017 ± 0.2209
INFO:meta-cli.py:Epoch 3/100	dev results	MRR 0.347000	H@1 0.255860	H@3 0.380639	H@5 0.444425	H@10 0.528571
INFO:meta-cli.py:Epoch 3/100	test results	MRR 0.343185	H@1 0.252492	H@3 0.376429	H@5 0.440902	H@10 0.526703
INFO:meta-cli.py:Epoch 4/100	Loss 12.0243 ± 0.2201
INFO:meta-cli.py:Epoch 5/100	Loss 11.8647 ± 0.2238
INFO:meta-cli.py:Epoch 6/100	Loss 11.7594 ± 0.2203
INFO:meta-cli.py:Epoch 6/100	dev results	MRR 0.354318	H@1 0.262561	H@3 0.387682	H@5 0.453664	H@10 0.540034
INFO:meta-cli.py:Epoch 6/100	test results	MRR 0.349773	H@1 0.256865	H@3 0.383807	H@5 0.450919	H@10 0.538601
INFO:meta-cli.py:Epoch 7/100	Loss 11.6844 ± 0.2188
INFO:meta-cli.py:Epoch 8/100	Loss 11.6269 ± 0.2217
INFO:meta-cli.py:Epoch 9/100	Loss 11.5824 ± 0.2184
INFO:meta-cli.py:Epoch 9/100	dev results	MRR 0.358422	H@1 0.265555	H@3 0.393042	H@5 0.458996	H@10 0.544197
INFO:meta-cli.py:Epoch 9/100	test results	MRR 0.352915	H@1 0.259919	H@3 0.387179	H@5 0.453655	H@10 0.540946
INFO:meta-cli.py:Epoch 10/100	Loss 11.5458 ± 0.2228
INFO:meta-cli.py:Epoch 11/100	Loss 11.5154 ± 0.2208
INFO:meta-cli.py:Epoch 12/100	Loss 11.4896 ± 0.2206
INFO:meta-cli.py:Epoch 12/100	dev results	MRR 0.359399	H@1 0.265241	H@3 0.395637	H@5 0.462104	H@10 0.547448
INFO:meta-cli.py:Epoch 12/100	test results	MRR 0.355961	H@1 0.262240	H@3 0.391381	H@5 0.457319	H@10 0.544659
INFO:meta-cli.py:Epoch 13/100	Loss 11.4674 ± 0.2176
INFO:meta-cli.py:Epoch 14/100	Loss 11.4482 ± 0.2212
INFO:meta-cli.py:Epoch 15/100	Loss 11.4311 ± 0.2204
INFO:meta-cli.py:Epoch 15/100	dev results	MRR 0.360357	H@1 0.266838	H@3 0.395381	H@5 0.462104	H@10 0.549102
INFO:meta-cli.py:Epoch 15/100	test results	MRR 0.356546	H@1 0.263339	H@3 0.390648	H@5 0.457881	H@10 0.545172
INFO:meta-cli.py:Epoch 16/100	Loss 11.4157 ± 0.2155
INFO:meta-cli.py:Epoch 17/100	Loss 11.4022 ± 0.2150
INFO:meta-cli.py:Epoch 18/100	Loss 11.3899 ± 0.2145
INFO:meta-cli.py:Epoch 18/100	dev results	MRR 0.363744	H@1 0.271058	H@3 0.397719	H@5 0.465469	H@10 0.553436
INFO:meta-cli.py:Epoch 18/100	test results	MRR 0.359064	H@1 0.266369	H@3 0.392285	H@5 0.460276	H@10 0.547200
INFO:meta-cli.py:Epoch 19/100	Loss 11.3786 ± 0.2103
INFO:meta-cli.py:Epoch 20/100	Loss 11.3682 ± 0.2150
INFO:meta-cli.py:Epoch 21/100	Loss 11.3586 ± 0.2137
INFO:meta-cli.py:Epoch 21/100	dev results	MRR 0.364376	H@1 0.270488	H@3 0.400000	H@5 0.465925	H@10 0.550271
INFO:meta-cli.py:Epoch 21/100	test results	MRR 0.358774	H@1 0.264756	H@3 0.393824	H@5 0.460178	H@10 0.546785
INFO:meta-cli.py:Epoch 22/100	Loss 11.3498 ± 0.2164
INFO:meta-cli.py:Epoch 23/100	Loss 11.3417 ± 0.2131
INFO:meta-cli.py:Epoch 24/100	Loss 11.3341 ± 0.2124
INFO:meta-cli.py:Epoch 24/100	dev results	MRR 0.363423	H@1 0.269319	H@3 0.399202	H@5 0.465868	H@10 0.552010
INFO:meta-cli.py:Epoch 24/100	test results	MRR 0.358551	H@1 0.264512	H@3 0.393457	H@5 0.460520	H@10 0.547322
INFO:meta-cli.py:Epoch 25/100	Loss 11.3270 ± 0.2131
INFO:meta-cli.py:Epoch 26/100	Loss 11.3204 ± 0.2144
INFO:meta-cli.py:Epoch 27/100	Loss 11.3139 ± 0.2162
INFO:meta-cli.py:Epoch 27/100	dev results	MRR 0.364348	H@1 0.271200	H@3 0.398631	H@5 0.465697	H@10 0.552951
INFO:meta-cli.py:Epoch 27/100	test results	MRR 0.358688	H@1 0.264536	H@3 0.393067	H@5 0.461228	H@10 0.548226
INFO:meta-cli.py:Epoch 28/100	Loss 11.3083 ± 0.2114
INFO:meta-cli.py:Epoch 29/100	Loss 11.3027 ± 0.2112
INFO:meta-cli.py:Epoch 30/100	Loss 11.2973 ± 0.2138
INFO:meta-cli.py:Epoch 30/100	dev results	MRR 0.364255	H@1 0.270744	H@3 0.399772	H@5 0.464899	H@10 0.553807
INFO:meta-cli.py:Epoch 30/100	test results	MRR 0.359052	H@1 0.265440	H@3 0.393628	H@5 0.460422	H@10 0.548910
INFO:meta-cli.py:Epoch 31/100	Loss 11.2923 ± 0.2089
INFO:meta-cli.py:Epoch 32/100	Loss 11.2876 ± 0.2135
INFO:meta-cli.py:Epoch 33/100	Loss 11.2830 ± 0.2124
INFO:meta-cli.py:Epoch 33/100	dev results	MRR 0.364313	H@1 0.270887	H@3 0.399401	H@5 0.466553	H@10 0.554976
INFO:meta-cli.py:Epoch 33/100	test results	MRR 0.359427	H@1 0.265685	H@3 0.394630	H@5 0.462083	H@10 0.549448
INFO:meta-cli.py:Epoch 34/100	Loss 11.2786 ± 0.2099
INFO:meta-cli.py:Epoch 35/100	Loss 11.2748 ± 0.2132
INFO:meta-cli.py:Epoch 36/100	Loss 11.2707 ± 0.2129
INFO:meta-cli.py:Epoch 36/100	dev results	MRR 0.365453	H@1 0.272455	H@3 0.400485	H@5 0.466068	H@10 0.552524
INFO:meta-cli.py:Epoch 36/100	test results	MRR 0.360244	H@1 0.266931	H@3 0.395363	H@5 0.462425	H@10 0.548666
INFO:meta-cli.py:Epoch 37/100	Loss 11.2669 ± 0.2144
INFO:meta-cli.py:Epoch 38/100	Loss 11.2634 ± 0.2076
INFO:meta-cli.py:Epoch 39/100	Loss 11.2598 ± 0.2118
INFO:meta-cli.py:Epoch 39/100	dev results	MRR 0.365476	H@1 0.271600	H@3 0.400599	H@5 0.466781	H@10 0.554491
INFO:meta-cli.py:Epoch 39/100	test results	MRR 0.361117	H@1 0.267346	H@3 0.395803	H@5 0.462572	H@10 0.549765
INFO:meta-cli.py:Epoch 40/100	Loss 11.2565 ± 0.2106
INFO:meta-cli.py:Epoch 41/100	Loss 11.2533 ± 0.2093
INFO:meta-cli.py:Epoch 42/100	Loss 11.2502 ± 0.2093
INFO:meta-cli.py:Epoch 42/100	dev results	MRR 0.366327	H@1 0.272740	H@3 0.401967	H@5 0.468634	H@10 0.555318
INFO:meta-cli.py:Epoch 42/100	test results	MRR 0.360791	H@1 0.266735	H@3 0.395827	H@5 0.463549	H@10 0.550083
INFO:meta-cli.py:Epoch 43/100	Loss 11.2473 ± 0.2100
INFO:meta-cli.py:Epoch 44/100	Loss 11.2443 ± 0.2081
INFO:meta-cli.py:Epoch 45/100	Loss 11.2414 ± 0.2119
INFO:meta-cli.py:Epoch 45/100	dev results	MRR 0.365992	H@1 0.272769	H@3 0.400713	H@5 0.468206	H@10 0.555603
INFO:meta-cli.py:Epoch 45/100	test results	MRR 0.360985	H@1 0.267321	H@3 0.395363	H@5 0.462377	H@10 0.550547
INFO:meta-cli.py:Epoch 46/100	Loss 11.2389 ± 0.2092
INFO:meta-cli.py:Epoch 47/100	Loss 11.2361 ± 0.2085
INFO:meta-cli.py:Epoch 48/100	Loss 11.2337 ± 0.2123
INFO:meta-cli.py:Epoch 48/100	dev results	MRR 0.366497	H@1 0.272911	H@3 0.401882	H@5 0.468777	H@10 0.555774
INFO:meta-cli.py:Epoch 48/100	test results	MRR 0.361187	H@1 0.267834	H@3 0.394410	H@5 0.462768	H@10 0.549717
INFO:meta-cli.py:Epoch 49/100	Loss 11.2312 ± 0.2080
INFO:meta-cli.py:Epoch 50/100	Loss 11.2289 ± 0.2122
INFO:meta-cli.py:Epoch 51/100	Loss 11.2266 ± 0.2080
INFO:meta-cli.py:Epoch 51/100	dev results	MRR 0.366609	H@1 0.273225	H@3 0.402110	H@5 0.468349	H@10 0.555061
INFO:meta-cli.py:Epoch 51/100	test results	MRR 0.360916	H@1 0.267370	H@3 0.395339	H@5 0.463329	H@10 0.550254
INFO:meta-cli.py:Epoch 52/100	Loss 11.2246 ± 0.2055
INFO:meta-cli.py:Epoch 53/100	Loss 11.2222 ± 0.2057
INFO:meta-cli.py:Epoch 54/100	Loss 11.2200 ± 0.2080
INFO:meta-cli.py:Epoch 54/100	dev results	MRR 0.366759	H@1 0.273453	H@3 0.402766	H@5 0.467750	H@10 0.555061
INFO:meta-cli.py:Epoch 54/100	test results	MRR 0.360682	H@1 0.266417	H@3 0.396291	H@5 0.463207	H@10 0.550254
INFO:meta-cli.py:Epoch 55/100	Loss 11.2180 ± 0.2080
INFO:meta-cli.py:Epoch 56/100	Loss 11.2161 ± 0.2128
INFO:meta-cli.py:Epoch 57/100	Loss 11.2141 ± 0.2091
INFO:meta-cli.py:Epoch 57/100	dev results	MRR 0.366851	H@1 0.273425	H@3 0.403108	H@5 0.467807	H@10 0.555403
INFO:meta-cli.py:Epoch 57/100	test results	MRR 0.361698	H@1 0.267908	H@3 0.396853	H@5 0.462939	H@10 0.549765
INFO:meta-cli.py:Epoch 58/100	Loss 11.2121 ± 0.2098
INFO:meta-cli.py:Epoch 59/100	Loss 11.2103 ± 0.2109
INFO:meta-cli.py:Epoch 60/100	Loss 11.2085 ± 0.2100
INFO:meta-cli.py:Epoch 60/100	dev results	MRR 0.367096	H@1 0.273168	H@3 0.403707	H@5 0.469575	H@10 0.555831
INFO:meta-cli.py:Epoch 60/100	test results	MRR 0.361588	H@1 0.267810	H@3 0.396389	H@5 0.463891	H@10 0.550840
INFO:meta-cli.py:Epoch 61/100	Loss 11.2069 ± 0.2076
INFO:meta-cli.py:Epoch 62/100	Loss 11.2050 ± 0.2103
INFO:meta-cli.py:Epoch 63/100	Loss 11.2034 ± 0.2091
INFO:meta-cli.py:Epoch 63/100	dev results	MRR 0.366583	H@1 0.272740	H@3 0.403450	H@5 0.468606	H@10 0.555803
INFO:meta-cli.py:Epoch 63/100	test results	MRR 0.361682	H@1 0.267444	H@3 0.397611	H@5 0.464258	H@10 0.550743
INFO:meta-cli.py:Epoch 64/100	Loss 11.2017 ± 0.2074
INFO:meta-cli.py:Epoch 65/100	Loss 11.2001 ± 0.2056
INFO:meta-cli.py:Epoch 66/100	Loss 11.1986 ± 0.2048
INFO:meta-cli.py:Epoch 66/100	dev results	MRR 0.367090	H@1 0.273396	H@3 0.402509	H@5 0.469604	H@10 0.556544
INFO:meta-cli.py:Epoch 66/100	test results	MRR 0.361665	H@1 0.267737	H@3 0.396658	H@5 0.464624	H@10 0.551622
INFO:meta-cli.py:Epoch 67/100	Loss 11.1970 ± 0.2063
INFO:meta-cli.py:Epoch 68/100	Loss 11.1957 ± 0.2080
INFO:meta-cli.py:Epoch 69/100	Loss 11.1941 ± 0.2070
INFO:meta-cli.py:Epoch 69/100	dev results	MRR 0.367807	H@1 0.274565	H@3 0.404591	H@5 0.467921	H@10 0.556687
INFO:meta-cli.py:Epoch 69/100	test results	MRR 0.361666	H@1 0.267737	H@3 0.396804	H@5 0.463012	H@10 0.551451
INFO:meta-cli.py:Epoch 70/100	Loss 11.1927 ± 0.2094
INFO:meta-cli.py:Epoch 71/100	Loss 11.1913 ± 0.2060
INFO:meta-cli.py:Epoch 72/100	Loss 11.1899 ± 0.2099
INFO:meta-cli.py:Epoch 72/100	dev results	MRR 0.367536	H@1 0.274337	H@3 0.403564	H@5 0.468691	H@10 0.556116
INFO:meta-cli.py:Epoch 72/100	test results	MRR 0.362083	H@1 0.268616	H@3 0.396951	H@5 0.463207	H@10 0.549961
INFO:meta-cli.py:Epoch 73/100	Loss 11.1886 ± 0.2058
INFO:meta-cli.py:Epoch 74/100	Loss 11.1871 ± 0.2086
INFO:meta-cli.py:Epoch 75/100	Loss 11.1859 ± 0.2076
INFO:meta-cli.py:Epoch 75/100	dev results	MRR 0.367945	H@1 0.274394	H@3 0.403279	H@5 0.469832	H@10 0.555831
INFO:meta-cli.py:Epoch 75/100	test results	MRR 0.362028	H@1 0.268054	H@3 0.396756	H@5 0.464991	H@10 0.551647
INFO:meta-cli.py:Epoch 76/100	Loss 11.1847 ± 0.2065
INFO:meta-cli.py:Epoch 77/100	Loss 11.1835 ± 0.2047
INFO:meta-cli.py:Epoch 78/100	Loss 11.1823 ± 0.2088
INFO:meta-cli.py:Epoch 78/100	dev results	MRR 0.367200	H@1 0.273282	H@3 0.403964	H@5 0.468606	H@10 0.555888
INFO:meta-cli.py:Epoch 78/100	test results	MRR 0.362040	H@1 0.267957	H@3 0.397586	H@5 0.464233	H@10 0.550914
INFO:meta-cli.py:Epoch 79/100	Loss 11.1810 ± 0.2085
INFO:meta-cli.py:Epoch 80/100	Loss 11.1799 ± 0.2064
INFO:meta-cli.py:Epoch 81/100	Loss 11.1787 ± 0.2089
INFO:meta-cli.py:Epoch 81/100	dev results	MRR 0.367666	H@1 0.274309	H@3 0.402880	H@5 0.468834	H@10 0.556573
INFO:meta-cli.py:Epoch 81/100	test results	MRR 0.361854	H@1 0.267883	H@3 0.397366	H@5 0.463329	H@10 0.550279
INFO:meta-cli.py:Epoch 82/100	Loss 11.1776 ± 0.2059
INFO:meta-cli.py:Epoch 83/100	Loss 11.1765 ± 0.2073
INFO:meta-cli.py:Epoch 84/100	Loss 11.1754 ± 0.2075
INFO:meta-cli.py:Epoch 84/100	dev results	MRR 0.368263	H@1 0.275192	H@3 0.404648	H@5 0.469632	H@10 0.556601
INFO:meta-cli.py:Epoch 84/100	test results	MRR 0.362008	H@1 0.268030	H@3 0.396975	H@5 0.465040	H@10 0.551818
INFO:meta-cli.py:Epoch 85/100	Loss 11.1742 ± 0.2091
INFO:meta-cli.py:Epoch 86/100	Loss 11.1732 ± 0.2049
INFO:meta-cli.py:Epoch 87/100	Loss 11.1721 ± 0.2054
INFO:meta-cli.py:Epoch 87/100	dev results	MRR 0.367221	H@1 0.272997	H@3 0.403222	H@5 0.470374	H@10 0.557314
INFO:meta-cli.py:Epoch 87/100	test results	MRR 0.362094	H@1 0.268225	H@3 0.396878	H@5 0.466139	H@10 0.551207
INFO:meta-cli.py:Epoch 88/100	Loss 11.1711 ± 0.2121
INFO:meta-cli.py:Epoch 89/100	Loss 11.1701 ± 0.2069
INFO:meta-cli.py:Epoch 90/100	Loss 11.1691 ± 0.2057
INFO:meta-cli.py:Epoch 90/100	dev results	MRR 0.367433	H@1 0.273539	H@3 0.403165	H@5 0.468891	H@10 0.557713
INFO:meta-cli.py:Epoch 90/100	test results	MRR 0.362412	H@1 0.268714	H@3 0.397220	H@5 0.463549	H@10 0.550938
INFO:meta-cli.py:Epoch 91/100	Loss 11.1683 ± 0.2066
INFO:meta-cli.py:Epoch 92/100	Loss 11.1672 ± 0.2111
INFO:meta-cli.py:Epoch 93/100	Loss 11.1662 ± 0.2075
INFO:meta-cli.py:Epoch 93/100	dev results	MRR 0.367810	H@1 0.273852	H@3 0.404990	H@5 0.470944	H@10 0.558369
INFO:meta-cli.py:Epoch 93/100	test results	MRR 0.362085	H@1 0.267834	H@3 0.398075	H@5 0.465040	H@10 0.551598
INFO:meta-cli.py:Epoch 94/100	Loss 11.1653 ± 0.2025
INFO:meta-cli.py:Epoch 95/100	Loss 11.1644 ± 0.2056
INFO:meta-cli.py:Epoch 96/100	Loss 11.1635 ± 0.2039
INFO:meta-cli.py:Epoch 96/100	dev results	MRR 0.368270	H@1 0.274708	H@3 0.404249	H@5 0.469832	H@10 0.556487
INFO:meta-cli.py:Epoch 96/100	test results	MRR 0.362767	H@1 0.268836	H@3 0.397879	H@5 0.464087	H@10 0.551085
INFO:meta-cli.py:Epoch 97/100	Loss 11.1626 ± 0.2073
INFO:meta-cli.py:Epoch 98/100	Loss 11.1617 ± 0.2060
INFO:meta-cli.py:Epoch 99/100	Loss 11.1610 ± 0.2054
INFO:meta-cli.py:Epoch 99/100	dev results	MRR 0.368108	H@1 0.274651	H@3 0.403051	H@5 0.470602	H@10 0.558198
INFO:meta-cli.py:Epoch 99/100	test results	MRR 0.362098	H@1 0.267761	H@3 0.397244	H@5 0.464869	H@10 0.551915
INFO:meta-cli.py:Epoch 100/100	Loss 11.1600 ± 0.2072
INFO:meta-cli.py:Final 	dev results	MRR 0.368240	H@1 0.274280	H@3 0.404505	H@5 0.469832	H@10 0.557628
INFO:meta-cli.py:Final 	test results	MRR 0.362858	H@1 0.269325	H@3 0.397122	H@5 0.464624	H@10 0.551915
INFO:meta-cli.py:Training finished
