./bin/meta-cli.py --train data/fb15k-237/train.tsv --dev data/fb15k-237/dev.tsv --test data/fb15k-237/test.tsv -m complex -k 500 -b 1000 -e 100 --F2 0 --N3 0.1 -l 0.1 -I standard -V 3 -o adagrad -q
{'F2': 0.0,
 'N3': 0.1,
 'batch_size': 1000,
 'dev': 'data/fb15k-237/dev.tsv',
 'embedding_size': 500,
 'epochs': 100,
 'eval_batch_size': None,
 'input_type': 'standard',
 'learning_rate': 0.1,
 'load': None,
 'model': 'complex',
 'optimizer': 'adagrad',
 'quiet': True,
 'save': None,
 'seed': 0,
 'test': 'data/fb15k-237/test.tsv',
 'test_i': None,
 'test_ii': None,
 'train': 'data/fb15k-237/train.tsv',
 'validate_every': 3}
INFO:meta-cli.py:Device: cuda
INFO:meta-cli.py:Model state:
INFO:meta-cli.py:	entities.weight	torch.Size([14541, 1000])
INFO:meta-cli.py:	predicates.weight	torch.Size([237, 1000])
INFO:meta-cli.py:Epoch 1/100	Loss 15.1232 ± 1.6131
INFO:meta-cli.py:Epoch 2/100	Loss 12.9052 ± 0.0876
INFO:meta-cli.py:Epoch 3/100	Loss 12.3838 ± 0.1251
INFO:meta-cli.py:Epoch 3/100	dev results	MRR 0.326044	H@1 0.236156	H@3 0.358255	H@5 0.420017	H@10 0.507043
INFO:meta-cli.py:Epoch 3/100	test results	MRR 0.320233	H@1 0.230040	H@3 0.352780	H@5 0.416789	H@10 0.502077
INFO:meta-cli.py:Epoch 4/100	Loss 12.1346 ± 0.1480
INFO:meta-cli.py:Epoch 5/100	Loss 11.9857 ± 0.1521
INFO:meta-cli.py:Epoch 6/100	Loss 11.8835 ± 0.1551
INFO:meta-cli.py:Epoch 6/100	dev results	MRR 0.343532	H@1 0.250955	H@3 0.377502	H@5 0.443399	H@10 0.528885
INFO:meta-cli.py:Epoch 6/100	test results	MRR 0.338029	H@1 0.245944	H@3 0.369882	H@5 0.439045	H@10 0.525701
INFO:meta-cli.py:Epoch 7/100	Loss 11.8100 ± 0.1459
INFO:meta-cli.py:Epoch 8/100	Loss 11.7535 ± 0.1481
INFO:meta-cli.py:Epoch 9/100	Loss 11.7081 ± 0.1504
INFO:meta-cli.py:Epoch 9/100	dev results	MRR 0.348140	H@1 0.255603	H@3 0.380924	H@5 0.447648	H@10 0.536270
INFO:meta-cli.py:Epoch 9/100	test results	MRR 0.343273	H@1 0.249634	H@3 0.376551	H@5 0.443101	H@10 0.530709
INFO:meta-cli.py:Epoch 10/100	Loss 11.6702 ± 0.1414
INFO:meta-cli.py:Epoch 11/100	Loss 11.6381 ± 0.1455
INFO:meta-cli.py:Epoch 12/100	Loss 11.6108 ± 0.1445
INFO:meta-cli.py:Epoch 12/100	dev results	MRR 0.349331	H@1 0.255603	H@3 0.382321	H@5 0.450299	H@10 0.540091
INFO:meta-cli.py:Epoch 12/100	test results	MRR 0.343655	H@1 0.248803	H@3 0.377748	H@5 0.447889	H@10 0.535351
INFO:meta-cli.py:Epoch 13/100	Loss 11.5874 ± 0.1367
INFO:meta-cli.py:Epoch 14/100	Loss 11.5664 ± 0.1410
INFO:meta-cli.py:Epoch 15/100	Loss 11.5470 ± 0.1346
INFO:meta-cli.py:Epoch 15/100	dev results	MRR 0.354364	H@1 0.259367	H@3 0.390704	H@5 0.457029	H@10 0.543342
INFO:meta-cli.py:Epoch 15/100	test results	MRR 0.348764	H@1 0.253713	H@3 0.384736	H@5 0.452042	H@10 0.539529
INFO:meta-cli.py:Epoch 16/100	Loss 11.5308 ± 0.1424
INFO:meta-cli.py:Epoch 17/100	Loss 11.5172 ± 0.1314
INFO:meta-cli.py:Epoch 18/100	Loss 11.5020 ± 0.1292
INFO:meta-cli.py:Epoch 18/100	dev results	MRR 0.357356	H@1 0.264756	H@3 0.388052	H@5 0.457998	H@10 0.546393
INFO:meta-cli.py:Epoch 18/100	test results	MRR 0.351734	H@1 0.259455	H@3 0.382781	H@5 0.451652	H@10 0.540335
INFO:meta-cli.py:Epoch 19/100	Loss 11.4892 ± 0.1228
INFO:meta-cli.py:Epoch 20/100	Loss 11.4786 ± 0.1240
INFO:meta-cli.py:Epoch 21/100	Loss 11.4679 ± 0.1213
INFO:meta-cli.py:Epoch 21/100	dev results	MRR 0.356803	H@1 0.263159	H@3 0.391018	H@5 0.458226	H@10 0.546650
INFO:meta-cli.py:Epoch 21/100	test results	MRR 0.351014	H@1 0.257183	H@3 0.385566	H@5 0.452555	H@10 0.540873
INFO:meta-cli.py:Epoch 22/100	Loss 11.4580 ± 0.1235
INFO:meta-cli.py:Epoch 23/100	Loss 11.4471 ± 0.1220
INFO:meta-cli.py:Epoch 24/100	Loss 11.4399 ± 0.1207
INFO:meta-cli.py:Epoch 24/100	dev results	MRR 0.358703	H@1 0.265469	H@3 0.393841	H@5 0.460679	H@10 0.546507
INFO:meta-cli.py:Epoch 24/100	test results	MRR 0.352496	H@1 0.258282	H@3 0.387081	H@5 0.456098	H@10 0.543975
INFO:meta-cli.py:Epoch 25/100	Loss 11.4306 ± 0.1196
INFO:meta-cli.py:Epoch 26/100	Loss 11.4240 ± 0.1097
INFO:meta-cli.py:Epoch 27/100	Loss 11.4172 ± 0.1187
INFO:meta-cli.py:Epoch 27/100	dev results	MRR 0.359075	H@1 0.264785	H@3 0.393841	H@5 0.459709	H@10 0.551012
INFO:meta-cli.py:Epoch 27/100	test results	MRR 0.353369	H@1 0.258722	H@3 0.387790	H@5 0.455658	H@10 0.544440
INFO:meta-cli.py:Epoch 28/100	Loss 11.4095 ± 0.1144
INFO:meta-cli.py:Epoch 29/100	Loss 11.4033 ± 0.1143
INFO:meta-cli.py:Epoch 30/100	Loss 11.3966 ± 0.1163
INFO:meta-cli.py:Epoch 30/100	dev results	MRR 0.359659	H@1 0.265697	H@3 0.395096	H@5 0.461563	H@10 0.549444
INFO:meta-cli.py:Epoch 30/100	test results	MRR 0.353720	H@1 0.259137	H@3 0.389500	H@5 0.457002	H@10 0.544195
INFO:meta-cli.py:Epoch 31/100	Loss 11.3913 ± 0.1088
INFO:meta-cli.py:Epoch 32/100	Loss 11.3849 ± 0.1088
INFO:meta-cli.py:Epoch 33/100	Loss 11.3799 ± 0.1042
INFO:meta-cli.py:Epoch 33/100	dev results	MRR 0.360830	H@1 0.267123	H@3 0.396436	H@5 0.462561	H@10 0.550157
INFO:meta-cli.py:Epoch 33/100	test results	MRR 0.353337	H@1 0.258429	H@3 0.387521	H@5 0.456538	H@10 0.545075
INFO:meta-cli.py:Epoch 34/100	Loss 11.3754 ± 0.1056
INFO:meta-cli.py:Epoch 35/100	Loss 11.3697 ± 0.1077
INFO:meta-cli.py:Epoch 36/100	Loss 11.3650 ± 0.1031
INFO:meta-cli.py:Epoch 36/100	dev results	MRR 0.360777	H@1 0.267208	H@3 0.395210	H@5 0.463074	H@10 0.551583
INFO:meta-cli.py:Epoch 36/100	test results	MRR 0.354611	H@1 0.260627	H@3 0.388376	H@5 0.457979	H@10 0.544879
INFO:meta-cli.py:Epoch 37/100	Loss 11.3612 ± 0.1055
INFO:meta-cli.py:Epoch 38/100	Loss 11.3568 ± 0.1032
INFO:meta-cli.py:Epoch 39/100	Loss 11.3529 ± 0.1025
INFO:meta-cli.py:Epoch 39/100	dev results	MRR 0.360763	H@1 0.266382	H@3 0.396749	H@5 0.462931	H@10 0.550727
INFO:meta-cli.py:Epoch 39/100	test results	MRR 0.354760	H@1 0.259821	H@3 0.391381	H@5 0.457686	H@10 0.543853
INFO:meta-cli.py:Epoch 40/100	Loss 11.3496 ± 0.1055
INFO:meta-cli.py:Epoch 41/100	Loss 11.3439 ± 0.1031
INFO:meta-cli.py:Epoch 42/100	Loss 11.3415 ± 0.0976
INFO:meta-cli.py:Epoch 42/100	dev results	MRR 0.361105	H@1 0.267322	H@3 0.395922	H@5 0.463416	H@10 0.551868
INFO:meta-cli.py:Epoch 42/100	test results	MRR 0.353922	H@1 0.259357	H@3 0.389206	H@5 0.457002	H@10 0.545954
INFO:meta-cli.py:Epoch 43/100	Loss 11.3382 ± 0.1010
INFO:meta-cli.py:Epoch 44/100	Loss 11.3329 ± 0.1005
INFO:meta-cli.py:Epoch 45/100	Loss 11.3320 ± 0.1035
INFO:meta-cli.py:Epoch 45/100	dev results	MRR 0.362492	H@1 0.268549	H@3 0.398375	H@5 0.464927	H@10 0.551383
INFO:meta-cli.py:Epoch 45/100	test results	MRR 0.355235	H@1 0.260212	H@3 0.391772	H@5 0.458248	H@10 0.545172
INFO:meta-cli.py:Epoch 46/100	Loss 11.3280 ± 0.1015
INFO:meta-cli.py:Epoch 47/100	Loss 11.3237 ± 0.1030
INFO:meta-cli.py:Epoch 48/100	Loss 11.3212 ± 0.1044
INFO:meta-cli.py:Epoch 48/100	dev results	MRR 0.362729	H@1 0.268406	H@3 0.399515	H@5 0.464870	H@10 0.551868
INFO:meta-cli.py:Epoch 48/100	test results	MRR 0.356387	H@1 0.262020	H@3 0.391674	H@5 0.458419	H@10 0.546663
INFO:meta-cli.py:Epoch 49/100	Loss 11.3185 ± 0.1038
INFO:meta-cli.py:Epoch 50/100	Loss 11.3151 ± 0.0942
INFO:meta-cli.py:Epoch 51/100	Loss 11.3125 ± 0.0941
INFO:meta-cli.py:Epoch 51/100	dev results	MRR 0.362863	H@1 0.268492	H@3 0.398631	H@5 0.466210	H@10 0.553550
INFO:meta-cli.py:Epoch 51/100	test results	MRR 0.355650	H@1 0.261116	H@3 0.391234	H@5 0.457881	H@10 0.546223
INFO:meta-cli.py:Epoch 52/100	Loss 11.3108 ± 0.1014
INFO:meta-cli.py:Epoch 53/100	Loss 11.3073 ± 0.1031
INFO:meta-cli.py:Epoch 54/100	Loss 11.3046 ± 0.1021
INFO:meta-cli.py:Epoch 54/100	dev results	MRR 0.362995	H@1 0.268948	H@3 0.397918	H@5 0.466267	H@10 0.553350
INFO:meta-cli.py:Epoch 54/100	test results	MRR 0.356480	H@1 0.262191	H@3 0.391161	H@5 0.458907	H@10 0.546394
INFO:meta-cli.py:Epoch 55/100	Loss 11.3026 ± 0.0941
INFO:meta-cli.py:Epoch 56/100	Loss 11.3014 ± 0.1011
INFO:meta-cli.py:Epoch 57/100	Loss 11.2988 ± 0.0943
INFO:meta-cli.py:Epoch 57/100	dev results	MRR 0.363050	H@1 0.268919	H@3 0.399031	H@5 0.465498	H@10 0.554605
INFO:meta-cli.py:Epoch 57/100	test results	MRR 0.356114	H@1 0.261214	H@3 0.391576	H@5 0.459372	H@10 0.547445
INFO:meta-cli.py:Epoch 58/100	Loss 11.2959 ± 0.1003
INFO:meta-cli.py:Epoch 59/100	Loss 11.2928 ± 0.0904
INFO:meta-cli.py:Epoch 60/100	Loss 11.2921 ± 0.0985
INFO:meta-cli.py:Epoch 60/100	dev results	MRR 0.364076	H@1 0.270431	H@3 0.400057	H@5 0.466011	H@10 0.552951
INFO:meta-cli.py:Epoch 60/100	test results	MRR 0.357311	H@1 0.263070	H@3 0.393018	H@5 0.460227	H@10 0.546418
INFO:meta-cli.py:Epoch 61/100	Loss 11.2893 ± 0.0912
INFO:meta-cli.py:Epoch 62/100	Loss 11.2873 ± 0.0964
INFO:meta-cli.py:Epoch 63/100	Loss 11.2852 ± 0.0919
INFO:meta-cli.py:Epoch 63/100	dev results	MRR 0.364432	H@1 0.270659	H@3 0.400086	H@5 0.465269	H@10 0.553293
INFO:meta-cli.py:Epoch 63/100	test results	MRR 0.357324	H@1 0.262704	H@3 0.393677	H@5 0.459982	H@10 0.546663
INFO:meta-cli.py:Epoch 64/100	Loss 11.2832 ± 0.1012
INFO:meta-cli.py:Epoch 65/100	Loss 11.2818 ± 0.0952
INFO:meta-cli.py:Epoch 66/100	Loss 11.2798 ± 0.0933
INFO:meta-cli.py:Epoch 66/100	dev results	MRR 0.362973	H@1 0.269062	H@3 0.398574	H@5 0.465783	H@10 0.553750
INFO:meta-cli.py:Epoch 66/100	test results	MRR 0.357101	H@1 0.263046	H@3 0.391503	H@5 0.458736	H@10 0.547200
INFO:meta-cli.py:Epoch 67/100	Loss 11.2780 ± 0.0895
INFO:meta-cli.py:Epoch 68/100	Loss 11.2757 ± 0.0909
INFO:meta-cli.py:Epoch 69/100	Loss 11.2730 ± 0.0950
INFO:meta-cli.py:Epoch 69/100	dev results	MRR 0.365088	H@1 0.271514	H@3 0.401283	H@5 0.465783	H@10 0.554006
INFO:meta-cli.py:Epoch 69/100	test results	MRR 0.357386	H@1 0.262680	H@3 0.393213	H@5 0.460080	H@10 0.546956
INFO:meta-cli.py:Epoch 70/100	Loss 11.2721 ± 0.0919
INFO:meta-cli.py:Epoch 71/100	Loss 11.2700 ± 0.0936
INFO:meta-cli.py:Epoch 72/100	Loss 11.2691 ± 0.0887
INFO:meta-cli.py:Epoch 72/100	dev results	MRR 0.364704	H@1 0.271115	H@3 0.400399	H@5 0.467265	H@10 0.554405
INFO:meta-cli.py:Epoch 72/100	test results	MRR 0.358366	H@1 0.264194	H@3 0.393531	H@5 0.461473	H@10 0.548617
INFO:meta-cli.py:Epoch 73/100	Loss 11.2674 ± 0.0967
INFO:meta-cli.py:Epoch 74/100	Loss 11.2660 ± 0.0989
INFO:meta-cli.py:Epoch 75/100	Loss 11.2642 ± 0.0934
INFO:meta-cli.py:Epoch 75/100	dev results	MRR 0.364683	H@1 0.270830	H@3 0.400285	H@5 0.466667	H@10 0.554605
INFO:meta-cli.py:Epoch 75/100	test results	MRR 0.357251	H@1 0.262606	H@3 0.393482	H@5 0.459860	H@10 0.547200
INFO:meta-cli.py:Epoch 76/100	Loss 11.2626 ± 0.0921
INFO:meta-cli.py:Epoch 77/100	Loss 11.2613 ± 0.0858
INFO:meta-cli.py:Epoch 78/100	Loss 11.2592 ± 0.0922
INFO:meta-cli.py:Epoch 78/100	dev results	MRR 0.364527	H@1 0.271172	H@3 0.399857	H@5 0.465897	H@10 0.553407
INFO:meta-cli.py:Epoch 78/100	test results	MRR 0.358169	H@1 0.264463	H@3 0.392163	H@5 0.459494	H@10 0.547493
INFO:meta-cli.py:Epoch 79/100	Loss 11.2589 ± 0.0942
INFO:meta-cli.py:Epoch 80/100	Loss 11.2566 ± 0.0899
INFO:meta-cli.py:Epoch 81/100	Loss 11.2551 ± 0.0909
INFO:meta-cli.py:Epoch 81/100	dev results	MRR 0.365575	H@1 0.272341	H@3 0.400570	H@5 0.467066	H@10 0.555432
INFO:meta-cli.py:Epoch 81/100	test results	MRR 0.358061	H@1 0.263901	H@3 0.392627	H@5 0.459885	H@10 0.547420
INFO:meta-cli.py:Epoch 82/100	Loss 11.2527 ± 0.0917
INFO:meta-cli.py:Epoch 83/100	Loss 11.2526 ± 0.0852
INFO:meta-cli.py:Epoch 84/100	Loss 11.2501 ± 0.0840
INFO:meta-cli.py:Epoch 84/100	dev results	MRR 0.364356	H@1 0.270545	H@3 0.400428	H@5 0.465555	H@10 0.554805
INFO:meta-cli.py:Epoch 84/100	test results	MRR 0.358201	H@1 0.263999	H@3 0.393897	H@5 0.458517	H@10 0.548080
INFO:meta-cli.py:Epoch 85/100	Loss 11.2498 ± 0.0868
INFO:meta-cli.py:Epoch 86/100	Loss 11.2477 ± 0.0882
INFO:meta-cli.py:Epoch 87/100	Loss 11.2478 ± 0.0890
INFO:meta-cli.py:Epoch 87/100	dev results	MRR 0.364875	H@1 0.270944	H@3 0.401141	H@5 0.467807	H@10 0.555204
INFO:meta-cli.py:Epoch 87/100	test results	MRR 0.358388	H@1 0.264365	H@3 0.394264	H@5 0.460153	H@10 0.548055
INFO:meta-cli.py:Epoch 88/100	Loss 11.2459 ± 0.0866
INFO:meta-cli.py:Epoch 89/100	Loss 11.2449 ± 0.0875
INFO:meta-cli.py:Epoch 90/100	Loss 11.2436 ± 0.0842
INFO:meta-cli.py:Epoch 90/100	dev results	MRR 0.364885	H@1 0.271058	H@3 0.400200	H@5 0.466610	H@10 0.555575
INFO:meta-cli.py:Epoch 90/100	test results	MRR 0.358703	H@1 0.264854	H@3 0.393238	H@5 0.460153	H@10 0.548910
INFO:meta-cli.py:Epoch 91/100	Loss 11.2427 ± 0.0867
INFO:meta-cli.py:Epoch 92/100	Loss 11.2413 ± 0.0903
INFO:meta-cli.py:Epoch 93/100	Loss 11.2394 ± 0.0937
INFO:meta-cli.py:Epoch 93/100	dev results	MRR 0.365238	H@1 0.271600	H@3 0.401654	H@5 0.467779	H@10 0.555289
INFO:meta-cli.py:Epoch 93/100	test results	MRR 0.358739	H@1 0.264341	H@3 0.394361	H@5 0.461351	H@10 0.549130
INFO:meta-cli.py:Epoch 94/100	Loss 11.2388 ± 0.0803
INFO:meta-cli.py:Epoch 95/100	Loss 11.2386 ± 0.0905
INFO:meta-cli.py:Epoch 96/100	Loss 11.2360 ± 0.0906
INFO:meta-cli.py:Epoch 96/100	dev results	MRR 0.365525	H@1 0.271970	H@3 0.401825	H@5 0.466382	H@10 0.555518
INFO:meta-cli.py:Epoch 96/100	test results	MRR 0.358969	H@1 0.264634	H@3 0.394581	H@5 0.461180	H@10 0.548959
INFO:meta-cli.py:Epoch 97/100	Loss 11.2361 ± 0.0906
INFO:meta-cli.py:Epoch 98/100	Loss 11.2342 ± 0.0837
INFO:meta-cli.py:Epoch 99/100	Loss 11.2335 ± 0.0889
INFO:meta-cli.py:Epoch 99/100	dev results	MRR 0.365603	H@1 0.272313	H@3 0.401141	H@5 0.467779	H@10 0.555831
INFO:meta-cli.py:Epoch 99/100	test results	MRR 0.358549	H@1 0.264610	H@3 0.394752	H@5 0.460886	H@10 0.548813
INFO:meta-cli.py:Epoch 100/100	Loss 11.2328 ± 0.0880
INFO:meta-cli.py:Final 	dev results	MRR 0.365371	H@1 0.271714	H@3 0.400684	H@5 0.466980	H@10 0.555004
INFO:meta-cli.py:Final 	test results	MRR 0.358529	H@1 0.264023	H@3 0.394655	H@5 0.461082	H@10 0.548324
INFO:meta-cli.py:Training finished
