./bin/meta-cli.py --train data/fb15k-237/train.tsv --dev data/fb15k-237/dev.tsv --test data/fb15k-237/test.tsv -m complex -k 2000 -b 100 -e 100 --F2 0.005 --N3 0 -l 0.1 -I standard -V 3 -o adagrad -q
{'F2': 0.005,
 'N3': 0.0,
 'batch_size': 100,
 'dev': 'data/fb15k-237/dev.tsv',
 'embedding_size': 2000,
 'epochs': 100,
 'eval_batch_size': None,
 'input_type': 'standard',
 'learning_rate': 0.1,
 'load': None,
 'model': 'complex',
 'optimizer': 'adagrad',
 'quiet': True,
 'save': None,
 'seed': 0,
 'test': 'data/fb15k-237/test.tsv',
 'test_i': None,
 'test_ii': None,
 'train': 'data/fb15k-237/train.tsv',
 'validate_every': 3}
INFO:meta-cli.py:Device: cuda
INFO:meta-cli.py:Model state:
INFO:meta-cli.py:	entities.weight	torch.Size([14541, 4000])
INFO:meta-cli.py:	predicates.weight	torch.Size([237, 4000])
INFO:meta-cli.py:Epoch 1/100	Loss 13.0296 ± 1.8824
INFO:meta-cli.py:Epoch 2/100	Loss 9.1580 ± 0.2659
INFO:meta-cli.py:Epoch 3/100	Loss 8.2323 ± 0.3015
INFO:meta-cli.py:Epoch 3/100	dev results	MRR 0.329004	H@1 0.241061	H@3 0.359766	H@5 0.422840	H@10 0.507642
INFO:meta-cli.py:Epoch 3/100	test results	MRR 0.322438	H@1 0.233607	H@3 0.352365	H@5 0.416618	H@10 0.501954
INFO:meta-cli.py:Epoch 4/100	Loss 7.8407 ± 0.3122
INFO:meta-cli.py:Epoch 5/100	Loss 7.6073 ± 0.3152
INFO:meta-cli.py:Epoch 6/100	Loss 7.4446 ± 0.3005
INFO:meta-cli.py:Epoch 6/100	dev results	MRR 0.337144	H@1 0.245766	H@3 0.369290	H@5 0.434331	H@10 0.522298
INFO:meta-cli.py:Epoch 6/100	test results	MRR 0.333082	H@1 0.241449	H@3 0.367952	H@5 0.430079	H@10 0.515782
INFO:meta-cli.py:Epoch 7/100	Loss 7.3227 ± 0.2973
INFO:meta-cli.py:Epoch 8/100	Loss 7.2262 ± 0.2953
INFO:meta-cli.py:Epoch 9/100	Loss 7.1469 ± 0.2902
INFO:meta-cli.py:Epoch 9/100	dev results	MRR 0.340376	H@1 0.249615	H@3 0.373938	H@5 0.435843	H@10 0.523353
INFO:meta-cli.py:Epoch 9/100	test results	MRR 0.336401	H@1 0.246458	H@3 0.369466	H@5 0.432351	H@10 0.517077
INFO:meta-cli.py:Epoch 10/100	Loss 7.0802 ± 0.2873
INFO:meta-cli.py:Epoch 11/100	Loss 7.0226 ± 0.2899
INFO:meta-cli.py:Epoch 12/100	Loss 6.9736 ± 0.2851
INFO:meta-cli.py:Epoch 12/100	dev results	MRR 0.341015	H@1 0.250528	H@3 0.374137	H@5 0.436841	H@10 0.522298
INFO:meta-cli.py:Epoch 12/100	test results	MRR 0.335282	H@1 0.244381	H@3 0.368514	H@5 0.433744	H@10 0.517834
INFO:meta-cli.py:Epoch 13/100	Loss 6.9296 ± 0.2751
INFO:meta-cli.py:Epoch 14/100	Loss 6.8914 ± 0.2790
INFO:meta-cli.py:Epoch 15/100	Loss 6.8561 ± 0.2719
INFO:meta-cli.py:Epoch 15/100	dev results	MRR 0.341939	H@1 0.251069	H@3 0.375135	H@5 0.438095	H@10 0.524294
INFO:meta-cli.py:Epoch 15/100	test results	MRR 0.335441	H@1 0.243917	H@3 0.369735	H@5 0.434086	H@10 0.516931
INFO:meta-cli.py:Epoch 16/100	Loss 6.8251 ± 0.2714
INFO:meta-cli.py:Epoch 17/100	Loss 6.7966 ± 0.2732
INFO:meta-cli.py:Epoch 18/100	Loss 6.7703 ± 0.2713
INFO:meta-cli.py:Epoch 18/100	dev results	MRR 0.342432	H@1 0.251953	H@3 0.376732	H@5 0.439435	H@10 0.524551
INFO:meta-cli.py:Epoch 18/100	test results	MRR 0.336992	H@1 0.246262	H@3 0.369637	H@5 0.435649	H@10 0.518079
INFO:meta-cli.py:Epoch 19/100	Loss 6.7463 ± 0.2619
INFO:meta-cli.py:Epoch 20/100	Loss 6.7246 ± 0.2623
INFO:meta-cli.py:Epoch 21/100	Loss 6.7039 ± 0.2535
INFO:meta-cli.py:Epoch 21/100	dev results	MRR 0.342523	H@1 0.252666	H@3 0.375192	H@5 0.438580	H@10 0.523524
INFO:meta-cli.py:Epoch 21/100	test results	MRR 0.336872	H@1 0.246311	H@3 0.370199	H@5 0.436211	H@10 0.517688
INFO:meta-cli.py:Epoch 22/100	Loss 6.6853 ± 0.2613
INFO:meta-cli.py:Epoch 23/100	Loss 6.6671 ± 0.2588
INFO:meta-cli.py:Epoch 24/100	Loss 6.6507 ± 0.2576
INFO:meta-cli.py:Epoch 24/100	dev results	MRR 0.343139	H@1 0.252980	H@3 0.377588	H@5 0.437496	H@10 0.523781
INFO:meta-cli.py:Epoch 24/100	test results	MRR 0.337525	H@1 0.247484	H@3 0.371054	H@5 0.435185	H@10 0.518005
INFO:meta-cli.py:Epoch 25/100	Loss 6.6347 ± 0.2570
INFO:meta-cli.py:Epoch 26/100	Loss 6.6201 ± 0.2508
INFO:meta-cli.py:Epoch 27/100	Loss 6.6067 ± 0.2547
INFO:meta-cli.py:Epoch 27/100	dev results	MRR 0.342229	H@1 0.251326	H@3 0.376333	H@5 0.438295	H@10 0.523781
INFO:meta-cli.py:Epoch 27/100	test results	MRR 0.336759	H@1 0.246311	H@3 0.370395	H@5 0.435918	H@10 0.517370
INFO:meta-cli.py:Epoch 28/100	Loss 6.5937 ± 0.2503
INFO:meta-cli.py:Epoch 29/100	Loss 6.5813 ± 0.2463
INFO:meta-cli.py:Epoch 30/100	Loss 6.5697 ± 0.2526
INFO:meta-cli.py:Epoch 30/100	dev results	MRR 0.341957	H@1 0.250898	H@3 0.378557	H@5 0.438380	H@10 0.522498
INFO:meta-cli.py:Epoch 30/100	test results	MRR 0.336870	H@1 0.245969	H@3 0.372740	H@5 0.434770	H@10 0.516369
INFO:meta-cli.py:Epoch 31/100	Loss 6.5585 ± 0.2484
INFO:meta-cli.py:Epoch 32/100	Loss 6.5480 ± 0.2483
INFO:meta-cli.py:Epoch 33/100	Loss 6.5378 ± 0.2429
INFO:meta-cli.py:Epoch 33/100	dev results	MRR 0.342190	H@1 0.251297	H@3 0.378015	H@5 0.437040	H@10 0.523097
INFO:meta-cli.py:Epoch 33/100	test results	MRR 0.335897	H@1 0.244576	H@3 0.371348	H@5 0.434379	H@10 0.516246
INFO:meta-cli.py:Epoch 34/100	Loss 6.5282 ± 0.2438
INFO:meta-cli.py:Epoch 35/100	Loss 6.5190 ± 0.2490
INFO:meta-cli.py:Epoch 36/100	Loss 6.5102 ± 0.2418
INFO:meta-cli.py:Epoch 36/100	dev results	MRR 0.341431	H@1 0.251411	H@3 0.376333	H@5 0.436384	H@10 0.521414
INFO:meta-cli.py:Epoch 36/100	test results	MRR 0.335361	H@1 0.244723	H@3 0.370737	H@5 0.433964	H@10 0.514341
INFO:meta-cli.py:Epoch 37/100	Loss 6.5018 ± 0.2406
INFO:meta-cli.py:Epoch 38/100	Loss 6.4938 ± 0.2458
INFO:meta-cli.py:Epoch 39/100	Loss 6.4858 ± 0.2440
INFO:meta-cli.py:Epoch 39/100	dev results	MRR 0.340926	H@1 0.250271	H@3 0.377388	H@5 0.436356	H@10 0.521072
INFO:meta-cli.py:Epoch 39/100	test results	MRR 0.335788	H@1 0.245065	H@3 0.370248	H@5 0.433817	H@10 0.513926
INFO:meta-cli.py:Epoch 40/100	Loss 6.4780 ± 0.2423
INFO:meta-cli.py:Epoch 41/100	Loss 6.4711 ± 0.2380
INFO:meta-cli.py:Epoch 42/100	Loss 6.4637 ± 0.2399
INFO:meta-cli.py:Epoch 42/100	dev results	MRR 0.341389	H@1 0.251583	H@3 0.376333	H@5 0.435529	H@10 0.521899
INFO:meta-cli.py:Epoch 42/100	test results	MRR 0.335728	H@1 0.245383	H@3 0.370566	H@5 0.432449	H@10 0.514268
INFO:meta-cli.py:Epoch 43/100	Loss 6.4573 ± 0.2402
INFO:meta-cli.py:Epoch 44/100	Loss 6.4507 ± 0.2401
INFO:meta-cli.py:Epoch 45/100	Loss 6.4447 ± 0.2418
INFO:meta-cli.py:Epoch 45/100	dev results	MRR 0.340863	H@1 0.250813	H@3 0.375991	H@5 0.436099	H@10 0.521272
INFO:meta-cli.py:Epoch 45/100	test results	MRR 0.335025	H@1 0.244283	H@3 0.370370	H@5 0.433109	H@10 0.512631
INFO:meta-cli.py:Epoch 46/100	Loss 6.4381 ± 0.2422
INFO:meta-cli.py:Epoch 47/100	Loss 6.4324 ± 0.2359
INFO:meta-cli.py:Epoch 48/100	Loss 6.4268 ± 0.2390
INFO:meta-cli.py:Epoch 48/100	dev results	MRR 0.340213	H@1 0.249815	H@3 0.375706	H@5 0.435957	H@10 0.520530
INFO:meta-cli.py:Epoch 48/100	test results	MRR 0.334668	H@1 0.244063	H@3 0.369418	H@5 0.432180	H@10 0.512777
INFO:meta-cli.py:Epoch 49/100	Loss 6.4210 ± 0.2382
INFO:meta-cli.py:Epoch 50/100	Loss 6.4158 ± 0.2368
INFO:meta-cli.py:Epoch 51/100	Loss 6.4103 ± 0.2344
INFO:meta-cli.py:Epoch 51/100	dev results	MRR 0.340326	H@1 0.250214	H@3 0.374736	H@5 0.436470	H@10 0.519818
INFO:meta-cli.py:Epoch 51/100	test results	MRR 0.334345	H@1 0.243550	H@3 0.369393	H@5 0.432302	H@10 0.511824
INFO:meta-cli.py:Epoch 52/100	Loss 6.4056 ± 0.2395
INFO:meta-cli.py:Epoch 53/100	Loss 6.4005 ± 0.2387
INFO:meta-cli.py:Epoch 54/100	Loss 6.3956 ± 0.2425
INFO:meta-cli.py:Epoch 54/100	dev results	MRR 0.339893	H@1 0.249358	H@3 0.375563	H@5 0.435672	H@10 0.519618
INFO:meta-cli.py:Epoch 54/100	test results	MRR 0.334593	H@1 0.244088	H@3 0.369906	H@5 0.432229	H@10 0.512093
INFO:meta-cli.py:Epoch 55/100	Loss 6.3908 ± 0.2308
INFO:meta-cli.py:Epoch 56/100	Loss 6.3866 ± 0.2350
INFO:meta-cli.py:Epoch 57/100	Loss 6.3824 ± 0.2345
INFO:meta-cli.py:Epoch 57/100	dev results	MRR 0.339749	H@1 0.249729	H@3 0.374594	H@5 0.435158	H@10 0.519960
INFO:meta-cli.py:Epoch 57/100	test results	MRR 0.333829	H@1 0.243477	H@3 0.368660	H@5 0.431008	H@10 0.511898
INFO:meta-cli.py:Epoch 58/100	Loss 6.3778 ± 0.2348
INFO:meta-cli.py:Epoch 59/100	Loss 6.3734 ± 0.2305
INFO:meta-cli.py:Epoch 60/100	Loss 6.3697 ± 0.2352
INFO:meta-cli.py:Epoch 60/100	dev results	MRR 0.339900	H@1 0.249986	H@3 0.374480	H@5 0.435529	H@10 0.519390
INFO:meta-cli.py:Epoch 60/100	test results	MRR 0.333699	H@1 0.243477	H@3 0.368318	H@5 0.430885	H@10 0.511482
INFO:meta-cli.py:Epoch 61/100	Loss 6.3652 ± 0.2313
INFO:meta-cli.py:Epoch 62/100	Loss 6.3615 ± 0.2343
INFO:meta-cli.py:Epoch 63/100	Loss 6.3577 ± 0.2294
INFO:meta-cli.py:Epoch 63/100	dev results	MRR 0.338729	H@1 0.248132	H@3 0.375078	H@5 0.435871	H@10 0.518249
INFO:meta-cli.py:Epoch 63/100	test results	MRR 0.333170	H@1 0.242500	H@3 0.368440	H@5 0.430543	H@10 0.511873
INFO:meta-cli.py:Epoch 64/100	Loss 6.3540 ± 0.2344
INFO:meta-cli.py:Epoch 65/100	Loss 6.3504 ± 0.2316
INFO:meta-cli.py:Epoch 66/100	Loss 6.3470 ± 0.2284
INFO:meta-cli.py:Epoch 66/100	dev results	MRR 0.338692	H@1 0.248731	H@3 0.373339	H@5 0.434702	H@10 0.518449
INFO:meta-cli.py:Epoch 66/100	test results	MRR 0.333221	H@1 0.242988	H@3 0.367878	H@5 0.430519	H@10 0.510847
INFO:meta-cli.py:Epoch 67/100	Loss 6.3432 ± 0.2304
INFO:meta-cli.py:Epoch 68/100	Loss 6.3397 ± 0.2343
INFO:meta-cli.py:Epoch 69/100	Loss 6.3362 ± 0.2333
INFO:meta-cli.py:Epoch 69/100	dev results	MRR 0.338174	H@1 0.247648	H@3 0.374109	H@5 0.434674	H@10 0.518192
INFO:meta-cli.py:Epoch 69/100	test results	MRR 0.333190	H@1 0.243062	H@3 0.367927	H@5 0.429664	H@10 0.510530
INFO:meta-cli.py:Epoch 70/100	Loss 6.3329 ± 0.2319
INFO:meta-cli.py:Epoch 71/100	Loss 6.3296 ± 0.2314
INFO:meta-cli.py:Epoch 72/100	Loss 6.3264 ± 0.2292
INFO:meta-cli.py:Epoch 72/100	dev results	MRR 0.338354	H@1 0.248303	H@3 0.373795	H@5 0.434103	H@10 0.518078
INFO:meta-cli.py:Epoch 72/100	test results	MRR 0.332812	H@1 0.242475	H@3 0.367634	H@5 0.429444	H@10 0.510969
INFO:meta-cli.py:Epoch 73/100	Loss 6.3238 ± 0.2309
INFO:meta-cli.py:Epoch 74/100	Loss 6.3203 ± 0.2344
INFO:meta-cli.py:Epoch 75/100	Loss 6.3175 ± 0.2355
INFO:meta-cli.py:Epoch 75/100	dev results	MRR 0.338193	H@1 0.248161	H@3 0.373339	H@5 0.433961	H@10 0.517508
INFO:meta-cli.py:Epoch 75/100	test results	MRR 0.332646	H@1 0.242402	H@3 0.367048	H@5 0.429249	H@10 0.510334
INFO:meta-cli.py:Epoch 76/100	Loss 6.3143 ± 0.2338
INFO:meta-cli.py:Epoch 77/100	Loss 6.3117 ± 0.2290
INFO:meta-cli.py:Epoch 78/100	Loss 6.3087 ± 0.2303
INFO:meta-cli.py:Epoch 78/100	dev results	MRR 0.337215	H@1 0.247248	H@3 0.372569	H@5 0.433847	H@10 0.516909
INFO:meta-cli.py:Epoch 78/100	test results	MRR 0.331989	H@1 0.241571	H@3 0.366877	H@5 0.428906	H@10 0.509455
INFO:meta-cli.py:Epoch 79/100	Loss 6.3061 ± 0.2306
INFO:meta-cli.py:Epoch 80/100	Loss 6.3037 ± 0.2280
INFO:meta-cli.py:Epoch 81/100	Loss 6.3008 ± 0.2272
INFO:meta-cli.py:Epoch 81/100	dev results	MRR 0.337570	H@1 0.247648	H@3 0.372141	H@5 0.433390	H@10 0.516567
INFO:meta-cli.py:Epoch 81/100	test results	MRR 0.331664	H@1 0.241156	H@3 0.367023	H@5 0.428369	H@10 0.509430
INFO:meta-cli.py:Epoch 82/100	Loss 6.2979 ± 0.2297
INFO:meta-cli.py:Epoch 83/100	Loss 6.2951 ± 0.2286
INFO:meta-cli.py:Epoch 84/100	Loss 6.2930 ± 0.2280
INFO:meta-cli.py:Epoch 84/100	dev results	MRR 0.336822	H@1 0.246279	H@3 0.371856	H@5 0.434018	H@10 0.515768
INFO:meta-cli.py:Epoch 84/100	test results	MRR 0.331095	H@1 0.240619	H@3 0.366022	H@5 0.428271	H@10 0.509552
INFO:meta-cli.py:Epoch 85/100	Loss 6.2904 ± 0.2285
INFO:meta-cli.py:Epoch 86/100	Loss 6.2881 ± 0.2263
INFO:meta-cli.py:Epoch 87/100	Loss 6.2857 ± 0.2260
INFO:meta-cli.py:Epoch 87/100	dev results	MRR 0.337659	H@1 0.247876	H@3 0.372227	H@5 0.434132	H@10 0.515968
INFO:meta-cli.py:Epoch 87/100	test results	MRR 0.331701	H@1 0.241523	H@3 0.367048	H@5 0.428051	H@10 0.509870
INFO:meta-cli.py:Epoch 88/100	Loss 6.2832 ± 0.2274
INFO:meta-cli.py:Epoch 89/100	Loss 6.2807 ± 0.2278
INFO:meta-cli.py:Epoch 90/100	Loss 6.2785 ± 0.2257
INFO:meta-cli.py:Epoch 90/100	dev results	MRR 0.337077	H@1 0.247220	H@3 0.372626	H@5 0.433333	H@10 0.515825
INFO:meta-cli.py:Epoch 90/100	test results	MRR 0.330998	H@1 0.240985	H@3 0.365191	H@5 0.427538	H@10 0.509284
INFO:meta-cli.py:Epoch 91/100	Loss 6.2762 ± 0.2275
INFO:meta-cli.py:Epoch 92/100	Loss 6.2737 ± 0.2253
INFO:meta-cli.py:Epoch 93/100	Loss 6.2718 ± 0.2299
INFO:meta-cli.py:Epoch 93/100	dev results	MRR 0.336992	H@1 0.247476	H@3 0.371742	H@5 0.431765	H@10 0.515369
INFO:meta-cli.py:Epoch 93/100	test results	MRR 0.330732	H@1 0.240496	H@3 0.365435	H@5 0.427172	H@10 0.509870
INFO:meta-cli.py:Epoch 94/100	Loss 6.2694 ± 0.2229
INFO:meta-cli.py:Epoch 95/100	Loss 6.2672 ± 0.2259
INFO:meta-cli.py:Epoch 96/100	Loss 6.2651 ± 0.2290
INFO:meta-cli.py:Epoch 96/100	dev results	MRR 0.336524	H@1 0.246650	H@3 0.370972	H@5 0.433134	H@10 0.514970
INFO:meta-cli.py:Epoch 96/100	test results	MRR 0.330685	H@1 0.240790	H@3 0.364922	H@5 0.427538	H@10 0.508868
INFO:meta-cli.py:Epoch 97/100	Loss 6.2630 ± 0.2276
INFO:meta-cli.py:Epoch 98/100	Loss 6.2611 ± 0.2235
INFO:meta-cli.py:Epoch 99/100	Loss 6.2592 ± 0.2243
INFO:meta-cli.py:Epoch 99/100	dev results	MRR 0.336352	H@1 0.246507	H@3 0.371514	H@5 0.432506	H@10 0.514115
INFO:meta-cli.py:Epoch 99/100	test results	MRR 0.330635	H@1 0.240667	H@3 0.364898	H@5 0.427270	H@10 0.508771
INFO:meta-cli.py:Epoch 100/100	Loss 6.2572 ± 0.2229
INFO:meta-cli.py:Final 	dev results	MRR 0.336338	H@1 0.246707	H@3 0.371828	H@5 0.432620	H@10 0.514029
INFO:meta-cli.py:Final 	test results	MRR 0.330249	H@1 0.239837	H@3 0.364947	H@5 0.426952	H@10 0.508697
INFO:meta-cli.py:Training finished
