./bin/meta-cli.py --train data/fb15k-237/train.tsv --dev data/fb15k-237/dev.tsv --test data/fb15k-237/test.tsv -m complex -k 2000 -b 1000 -e 100 --F2 0.001 --N3 0 -l 0.1 -I standard -V 3 -o adagrad -q
{'F2': 0.001,
 'N3': 0.0,
 'batch_size': 1000,
 'dev': 'data/fb15k-237/dev.tsv',
 'embedding_size': 2000,
 'epochs': 100,
 'eval_batch_size': None,
 'input_type': 'standard',
 'learning_rate': 0.1,
 'load': None,
 'model': 'complex',
 'optimizer': 'adagrad',
 'quiet': True,
 'save': None,
 'seed': 0,
 'test': 'data/fb15k-237/test.tsv',
 'test_i': None,
 'test_ii': None,
 'train': 'data/fb15k-237/train.tsv',
 'validate_every': 3}
INFO:meta-cli.py:Device: cuda
INFO:meta-cli.py:Model state:
INFO:meta-cli.py:	entities.weight	torch.Size([14541, 4000])
INFO:meta-cli.py:	predicates.weight	torch.Size([237, 4000])
INFO:meta-cli.py:Epoch 1/100	Loss 12.1165 ± 2.0855
INFO:meta-cli.py:Epoch 2/100	Loss 8.0910 ± 0.1489
INFO:meta-cli.py:Epoch 3/100	Loss 7.2423 ± 0.2369
INFO:meta-cli.py:Epoch 3/100	dev results	MRR 0.317474	H@1 0.227402	H@3 0.349159	H@5 0.413174	H@10 0.498802
INFO:meta-cli.py:Epoch 3/100	test results	MRR 0.310776	H@1 0.219901	H@3 0.342251	H@5 0.408214	H@10 0.495602
INFO:meta-cli.py:Epoch 4/100	Loss 6.8966 ± 0.2530
INFO:meta-cli.py:Epoch 5/100	Loss 6.7019 ± 0.2592
INFO:meta-cli.py:Epoch 6/100	Loss 6.5677 ± 0.2503
INFO:meta-cli.py:Epoch 6/100	dev results	MRR 0.333225	H@1 0.241831	H@3 0.365897	H@5 0.430767	H@10 0.517251
INFO:meta-cli.py:Epoch 6/100	test results	MRR 0.327161	H@1 0.235610	H@3 0.359987	H@5 0.425511	H@10 0.512655
INFO:meta-cli.py:Epoch 7/100	Loss 6.4724 ± 0.2446
INFO:meta-cli.py:Epoch 8/100	Loss 6.3949 ± 0.2405
INFO:meta-cli.py:Epoch 9/100	Loss 6.3347 ± 0.2424
INFO:meta-cli.py:Epoch 9/100	dev results	MRR 0.339926	H@1 0.248902	H@3 0.373368	H@5 0.436670	H@10 0.522583
INFO:meta-cli.py:Epoch 9/100	test results	MRR 0.333937	H@1 0.242329	H@3 0.367707	H@5 0.432644	H@10 0.515807
INFO:meta-cli.py:Epoch 10/100	Loss 6.2828 ± 0.2301
INFO:meta-cli.py:Epoch 11/100	Loss 6.2371 ± 0.2354
INFO:meta-cli.py:Epoch 12/100	Loss 6.2017 ± 0.2361
INFO:meta-cli.py:Epoch 12/100	dev results	MRR 0.342981	H@1 0.253094	H@3 0.375706	H@5 0.438837	H@10 0.526461
INFO:meta-cli.py:Epoch 12/100	test results	MRR 0.335938	H@1 0.244454	H@3 0.369442	H@5 0.435967	H@10 0.522721
INFO:meta-cli.py:Epoch 13/100	Loss 6.1677 ± 0.2226
INFO:meta-cli.py:Epoch 14/100	Loss 6.1384 ± 0.2256
INFO:meta-cli.py:Epoch 15/100	Loss 6.1101 ± 0.2166
INFO:meta-cli.py:Epoch 15/100	dev results	MRR 0.346011	H@1 0.254947	H@3 0.379555	H@5 0.442829	H@10 0.528543
INFO:meta-cli.py:Epoch 15/100	test results	MRR 0.339880	H@1 0.248998	H@3 0.372936	H@5 0.439338	H@10 0.522892
INFO:meta-cli.py:Epoch 16/100	Loss 6.0871 ± 0.2138
INFO:meta-cli.py:Epoch 17/100	Loss 6.0663 ± 0.2139
INFO:meta-cli.py:Epoch 18/100	Loss 6.0462 ± 0.2112
INFO:meta-cli.py:Epoch 18/100	dev results	MRR 0.348534	H@1 0.257285	H@3 0.380753	H@5 0.446621	H@10 0.530881
INFO:meta-cli.py:Epoch 18/100	test results	MRR 0.340942	H@1 0.249731	H@3 0.374206	H@5 0.440096	H@10 0.524186
INFO:meta-cli.py:Epoch 19/100	Loss 6.0271 ± 0.2012
INFO:meta-cli.py:Epoch 20/100	Loss 6.0108 ± 0.2016
INFO:meta-cli.py:Epoch 21/100	Loss 5.9959 ± 0.1911
INFO:meta-cli.py:Epoch 21/100	dev results	MRR 0.348778	H@1 0.257913	H@3 0.383148	H@5 0.445595	H@10 0.531394
INFO:meta-cli.py:Epoch 21/100	test results	MRR 0.342393	H@1 0.251173	H@3 0.375843	H@5 0.441879	H@10 0.524871
INFO:meta-cli.py:Epoch 22/100	Loss 5.9821 ± 0.1952
INFO:meta-cli.py:Epoch 23/100	Loss 5.9668 ± 0.1943
INFO:meta-cli.py:Epoch 24/100	Loss 5.9553 ± 0.1888
INFO:meta-cli.py:Epoch 24/100	dev results	MRR 0.349236	H@1 0.257827	H@3 0.384032	H@5 0.445566	H@10 0.532335
INFO:meta-cli.py:Epoch 24/100	test results	MRR 0.343221	H@1 0.252394	H@3 0.375941	H@5 0.441146	H@10 0.525115
INFO:meta-cli.py:Epoch 25/100	Loss 5.9422 ± 0.1889
INFO:meta-cli.py:Epoch 26/100	Loss 5.9303 ± 0.1865
INFO:meta-cli.py:Epoch 27/100	Loss 5.9213 ± 0.1861
INFO:meta-cli.py:Epoch 27/100	dev results	MRR 0.350518	H@1 0.260137	H@3 0.383148	H@5 0.448902	H@10 0.533333
INFO:meta-cli.py:Epoch 27/100	test results	MRR 0.343848	H@1 0.253567	H@3 0.376454	H@5 0.442612	H@10 0.526678
INFO:meta-cli.py:Epoch 28/100	Loss 5.9115 ± 0.1796
INFO:meta-cli.py:Epoch 29/100	Loss 5.9011 ± 0.1766
INFO:meta-cli.py:Epoch 30/100	Loss 5.8920 ± 0.1766
INFO:meta-cli.py:Epoch 30/100	dev results	MRR 0.349439	H@1 0.258112	H@3 0.383490	H@5 0.447049	H@10 0.533447
INFO:meta-cli.py:Epoch 30/100	test results	MRR 0.343281	H@1 0.251441	H@3 0.378384	H@5 0.442637	H@10 0.527729
INFO:meta-cli.py:Epoch 31/100	Loss 5.8830 ± 0.1745
INFO:meta-cli.py:Epoch 32/100	Loss 5.8747 ± 0.1771
INFO:meta-cli.py:Epoch 33/100	Loss 5.8672 ± 0.1687
INFO:meta-cli.py:Epoch 33/100	dev results	MRR 0.350320	H@1 0.258740	H@3 0.385344	H@5 0.448018	H@10 0.534075
INFO:meta-cli.py:Epoch 33/100	test results	MRR 0.343749	H@1 0.252394	H@3 0.378433	H@5 0.441977	H@10 0.526825
INFO:meta-cli.py:Epoch 34/100	Loss 5.8587 ± 0.1677
INFO:meta-cli.py:Epoch 35/100	Loss 5.8521 ± 0.1732
INFO:meta-cli.py:Epoch 36/100	Loss 5.8451 ± 0.1599
INFO:meta-cli.py:Epoch 36/100	dev results	MRR 0.351622	H@1 0.260821	H@3 0.385115	H@5 0.446906	H@10 0.534274
INFO:meta-cli.py:Epoch 36/100	test results	MRR 0.344812	H@1 0.253445	H@3 0.378970	H@5 0.442221	H@10 0.527240
INFO:meta-cli.py:Epoch 37/100	Loss 5.8380 ± 0.1599
INFO:meta-cli.py:Epoch 38/100	Loss 5.8332 ± 0.1726
INFO:meta-cli.py:Epoch 39/100	Loss 5.8258 ± 0.1589
INFO:meta-cli.py:Epoch 39/100	dev results	MRR 0.351543	H@1 0.261021	H@3 0.384830	H@5 0.449244	H@10 0.534987
INFO:meta-cli.py:Epoch 39/100	test results	MRR 0.345177	H@1 0.254178	H@3 0.380021	H@5 0.441757	H@10 0.527289
INFO:meta-cli.py:Epoch 40/100	Loss 5.8205 ± 0.1655
INFO:meta-cli.py:Epoch 41/100	Loss 5.8133 ± 0.1621
INFO:meta-cli.py:Epoch 42/100	Loss 5.8080 ± 0.1553
INFO:meta-cli.py:Epoch 42/100	dev results	MRR 0.352509	H@1 0.262218	H@3 0.386855	H@5 0.449273	H@10 0.533590
INFO:meta-cli.py:Epoch 42/100	test results	MRR 0.345761	H@1 0.255472	H@3 0.379825	H@5 0.442417	H@10 0.527314
INFO:meta-cli.py:Epoch 43/100	Loss 5.8026 ± 0.1577
INFO:meta-cli.py:Epoch 44/100	Loss 5.7970 ± 0.1549
INFO:meta-cli.py:Epoch 45/100	Loss 5.7933 ± 0.1614
INFO:meta-cli.py:Epoch 45/100	dev results	MRR 0.352472	H@1 0.262390	H@3 0.386541	H@5 0.449045	H@10 0.534616
INFO:meta-cli.py:Epoch 45/100	test results	MRR 0.345160	H@1 0.254178	H@3 0.380021	H@5 0.443467	H@10 0.526849
INFO:meta-cli.py:Epoch 46/100	Loss 5.7880 ± 0.1564
INFO:meta-cli.py:Epoch 47/100	Loss 5.7827 ± 0.1565
INFO:meta-cli.py:Epoch 48/100	Loss 5.7779 ± 0.1578
INFO:meta-cli.py:Epoch 48/100	dev results	MRR 0.351999	H@1 0.261220	H@3 0.386199	H@5 0.449187	H@10 0.533390
INFO:meta-cli.py:Epoch 48/100	test results	MRR 0.344918	H@1 0.253396	H@3 0.379312	H@5 0.442270	H@10 0.527094
INFO:meta-cli.py:Epoch 49/100	Loss 5.7739 ± 0.1534
INFO:meta-cli.py:Epoch 50/100	Loss 5.7691 ± 0.1405
INFO:meta-cli.py:Epoch 51/100	Loss 5.7654 ± 0.1452
INFO:meta-cli.py:Epoch 51/100	dev results	MRR 0.352304	H@1 0.261534	H@3 0.386741	H@5 0.449102	H@10 0.534902
INFO:meta-cli.py:Epoch 51/100	test results	MRR 0.344903	H@1 0.253787	H@3 0.379385	H@5 0.442881	H@10 0.527094
INFO:meta-cli.py:Epoch 52/100	Loss 5.7625 ± 0.1620
INFO:meta-cli.py:Epoch 53/100	Loss 5.7560 ± 0.1533
INFO:meta-cli.py:Epoch 54/100	Loss 5.7537 ± 0.1625
INFO:meta-cli.py:Epoch 54/100	dev results	MRR 0.352449	H@1 0.261420	H@3 0.387083	H@5 0.449957	H@10 0.535016
INFO:meta-cli.py:Epoch 54/100	test results	MRR 0.345586	H@1 0.254862	H@3 0.379312	H@5 0.442319	H@10 0.526727
INFO:meta-cli.py:Epoch 55/100	Loss 5.7487 ± 0.1416
INFO:meta-cli.py:Epoch 56/100	Loss 5.7469 ± 0.1534
INFO:meta-cli.py:Epoch 57/100	Loss 5.7431 ± 0.1456
INFO:meta-cli.py:Epoch 57/100	dev results	MRR 0.352140	H@1 0.261334	H@3 0.385999	H@5 0.449501	H@10 0.535130
INFO:meta-cli.py:Epoch 57/100	test results	MRR 0.345132	H@1 0.254153	H@3 0.378994	H@5 0.443565	H@10 0.526825
INFO:meta-cli.py:Epoch 58/100	Loss 5.7400 ± 0.1538
INFO:meta-cli.py:Epoch 59/100	Loss 5.7345 ± 0.1378
INFO:meta-cli.py:Epoch 60/100	Loss 5.7331 ± 0.1441
INFO:meta-cli.py:Epoch 60/100	dev results	MRR 0.353185	H@1 0.262789	H@3 0.386912	H@5 0.450071	H@10 0.533761
INFO:meta-cli.py:Epoch 60/100	test results	MRR 0.345985	H@1 0.255570	H@3 0.379019	H@5 0.443174	H@10 0.527094
INFO:meta-cli.py:Epoch 61/100	Loss 5.7298 ± 0.1432
INFO:meta-cli.py:Epoch 62/100	Loss 5.7257 ± 0.1445
INFO:meta-cli.py:Epoch 63/100	Loss 5.7220 ± 0.1363
INFO:meta-cli.py:Epoch 63/100	dev results	MRR 0.352525	H@1 0.261534	H@3 0.386456	H@5 0.449929	H@10 0.535814
INFO:meta-cli.py:Epoch 63/100	test results	MRR 0.344854	H@1 0.253347	H@3 0.378726	H@5 0.443272	H@10 0.527485
INFO:meta-cli.py:Epoch 64/100	Loss 5.7202 ± 0.1480
INFO:meta-cli.py:Epoch 65/100	Loss 5.7172 ± 0.1385
INFO:meta-cli.py:Epoch 66/100	Loss 5.7140 ± 0.1374
INFO:meta-cli.py:Epoch 66/100	dev results	MRR 0.351451	H@1 0.260336	H@3 0.386598	H@5 0.448332	H@10 0.535358
INFO:meta-cli.py:Epoch 66/100	test results	MRR 0.344518	H@1 0.252981	H@3 0.380094	H@5 0.443247	H@10 0.526923
INFO:meta-cli.py:Epoch 67/100	Loss 5.7113 ± 0.1376
INFO:meta-cli.py:Epoch 68/100	Loss 5.7091 ± 0.1409
INFO:meta-cli.py:Epoch 69/100	Loss 5.7050 ± 0.1437
INFO:meta-cli.py:Epoch 69/100	dev results	MRR 0.352315	H@1 0.262076	H@3 0.386256	H@5 0.449501	H@10 0.533961
INFO:meta-cli.py:Epoch 69/100	test results	MRR 0.345317	H@1 0.254764	H@3 0.378872	H@5 0.444347	H@10 0.526898
INFO:meta-cli.py:Epoch 70/100	Loss 5.7021 ± 0.1333
INFO:meta-cli.py:Epoch 71/100	Loss 5.7000 ± 0.1401
INFO:meta-cli.py:Epoch 72/100	Loss 5.6979 ± 0.1360
INFO:meta-cli.py:Epoch 72/100	dev results	MRR 0.353022	H@1 0.262447	H@3 0.387226	H@5 0.449216	H@10 0.534645
INFO:meta-cli.py:Epoch 72/100	test results	MRR 0.345740	H@1 0.254886	H@3 0.379776	H@5 0.443516	H@10 0.527582
INFO:meta-cli.py:Epoch 73/100	Loss 5.6961 ± 0.1424
INFO:meta-cli.py:Epoch 74/100	Loss 5.6924 ± 0.1381
INFO:meta-cli.py:Epoch 75/100	Loss 5.6905 ± 0.1386
INFO:meta-cli.py:Epoch 75/100	dev results	MRR 0.352634	H@1 0.261392	H@3 0.387938	H@5 0.449501	H@10 0.533875
INFO:meta-cli.py:Epoch 75/100	test results	MRR 0.345121	H@1 0.254275	H@3 0.378433	H@5 0.443492	H@10 0.527314
INFO:meta-cli.py:Epoch 76/100	Loss 5.6883 ± 0.1334
INFO:meta-cli.py:Epoch 77/100	Loss 5.6864 ± 0.1376
INFO:meta-cli.py:Epoch 78/100	Loss 5.6836 ± 0.1360
INFO:meta-cli.py:Epoch 78/100	dev results	MRR 0.352311	H@1 0.261620	H@3 0.386370	H@5 0.449587	H@10 0.534959
INFO:meta-cli.py:Epoch 78/100	test results	MRR 0.345170	H@1 0.254715	H@3 0.378555	H@5 0.442881	H@10 0.526752
INFO:meta-cli.py:Epoch 79/100	Loss 5.6822 ± 0.1313
INFO:meta-cli.py:Epoch 80/100	Loss 5.6796 ± 0.1373
INFO:meta-cli.py:Epoch 81/100	Loss 5.6769 ± 0.1284
INFO:meta-cli.py:Epoch 81/100	dev results	MRR 0.352759	H@1 0.262133	H@3 0.387568	H@5 0.449301	H@10 0.534046
INFO:meta-cli.py:Epoch 81/100	test results	MRR 0.345480	H@1 0.254911	H@3 0.379263	H@5 0.442734	H@10 0.526630
INFO:meta-cli.py:Epoch 82/100	Loss 5.6746 ± 0.1312
INFO:meta-cli.py:Epoch 83/100	Loss 5.6728 ± 0.1308
INFO:meta-cli.py:Epoch 84/100	Loss 5.6703 ± 0.1236
INFO:meta-cli.py:Epoch 84/100	dev results	MRR 0.351453	H@1 0.260023	H@3 0.386684	H@5 0.449957	H@10 0.535272
INFO:meta-cli.py:Epoch 84/100	test results	MRR 0.344888	H@1 0.254153	H@3 0.378262	H@5 0.443369	H@10 0.526165
INFO:meta-cli.py:Epoch 85/100	Loss 5.6681 ± 0.1271
INFO:meta-cli.py:Epoch 86/100	Loss 5.6666 ± 0.1259
INFO:meta-cli.py:Epoch 87/100	Loss 5.6654 ± 0.1278
INFO:meta-cli.py:Epoch 87/100	dev results	MRR 0.352824	H@1 0.262504	H@3 0.386370	H@5 0.449244	H@10 0.535073
INFO:meta-cli.py:Epoch 87/100	test results	MRR 0.345813	H@1 0.255546	H@3 0.379092	H@5 0.442612	H@10 0.527998
INFO:meta-cli.py:Epoch 88/100	Loss 5.6635 ± 0.1320
INFO:meta-cli.py:Epoch 89/100	Loss 5.6609 ± 0.1293
INFO:meta-cli.py:Epoch 90/100	Loss 5.6593 ± 0.1219
INFO:meta-cli.py:Epoch 90/100	dev results	MRR 0.352083	H@1 0.261962	H@3 0.386370	H@5 0.448589	H@10 0.534331
INFO:meta-cli.py:Epoch 90/100	test results	MRR 0.345296	H@1 0.254862	H@3 0.378872	H@5 0.442490	H@10 0.526654
INFO:meta-cli.py:Epoch 91/100	Loss 5.6572 ± 0.1229
INFO:meta-cli.py:Epoch 92/100	Loss 5.6551 ± 0.1273
INFO:meta-cli.py:Epoch 93/100	Loss 5.6535 ± 0.1291
INFO:meta-cli.py:Epoch 93/100	dev results	MRR 0.352560	H@1 0.262190	H@3 0.385885	H@5 0.448332	H@10 0.534331
INFO:meta-cli.py:Epoch 93/100	test results	MRR 0.345344	H@1 0.254617	H@3 0.379385	H@5 0.443883	H@10 0.527167
INFO:meta-cli.py:Epoch 94/100	Loss 5.6524 ± 0.1151
INFO:meta-cli.py:Epoch 95/100	Loss 5.6515 ± 0.1345
INFO:meta-cli.py:Epoch 96/100	Loss 5.6477 ± 0.1281
INFO:meta-cli.py:Epoch 96/100	dev results	MRR 0.353260	H@1 0.263245	H@3 0.386598	H@5 0.449672	H@10 0.532991
INFO:meta-cli.py:Epoch 96/100	test results	MRR 0.345565	H@1 0.255179	H@3 0.379605	H@5 0.442588	H@10 0.527069
INFO:meta-cli.py:Epoch 97/100	Loss 5.6474 ± 0.1226
INFO:meta-cli.py:Epoch 98/100	Loss 5.6443 ± 0.1166
INFO:meta-cli.py:Epoch 99/100	Loss 5.6441 ± 0.1196
INFO:meta-cli.py:Epoch 99/100	dev results	MRR 0.352364	H@1 0.261306	H@3 0.387482	H@5 0.449016	H@10 0.533875
INFO:meta-cli.py:Epoch 99/100	test results	MRR 0.345601	H@1 0.255106	H@3 0.379996	H@5 0.443247	H@10 0.527533
INFO:meta-cli.py:Epoch 100/100	Loss 5.6421 ± 0.1235
INFO:meta-cli.py:Final 	dev results	MRR 0.352346	H@1 0.261591	H@3 0.386883	H@5 0.449358	H@10 0.533105
INFO:meta-cli.py:Final 	test results	MRR 0.344776	H@1 0.253836	H@3 0.379092	H@5 0.443150	H@10 0.526996
INFO:meta-cli.py:Training finished
