./bin/meta-cli.py --train data/fb15k-237/train.tsv --dev data/fb15k-237/dev.tsv --test data/fb15k-237/test.tsv -m complex -k 500 -b 500 -e 100 --F2 0.01 --N3 0 -l 0.1 -I standard -V 3 -o adagrad -q
{'F2': 0.01,
 'N3': 0.0,
 'batch_size': 500,
 'dev': 'data/fb15k-237/dev.tsv',
 'embedding_size': 500,
 'epochs': 100,
 'eval_batch_size': None,
 'input_type': 'standard',
 'learning_rate': 0.1,
 'load': None,
 'model': 'complex',
 'optimizer': 'adagrad',
 'quiet': True,
 'save': None,
 'seed': 0,
 'test': 'data/fb15k-237/test.tsv',
 'test_i': None,
 'test_ii': None,
 'train': 'data/fb15k-237/train.tsv',
 'validate_every': 3}
INFO:meta-cli.py:Device: cuda
INFO:meta-cli.py:Model state:
INFO:meta-cli.py:	entities.weight	torch.Size([14541, 1000])
INFO:meta-cli.py:	predicates.weight	torch.Size([237, 1000])
INFO:meta-cli.py:Epoch 1/100	Loss 12.9021 ± 1.8292
INFO:meta-cli.py:Epoch 2/100	Loss 9.4719 ± 0.1292
INFO:meta-cli.py:Epoch 3/100	Loss 8.5720 ± 0.2060
INFO:meta-cli.py:Epoch 3/100	dev results	MRR 0.330577	H@1 0.242601	H@3 0.360707	H@5 0.422954	H@10 0.508127
INFO:meta-cli.py:Epoch 3/100	test results	MRR 0.321812	H@1 0.232508	H@3 0.352731	H@5 0.415885	H@10 0.503445
INFO:meta-cli.py:Epoch 4/100	Loss 8.2000 ± 0.2191
INFO:meta-cli.py:Epoch 5/100	Loss 7.9916 ± 0.2199
INFO:meta-cli.py:Epoch 6/100	Loss 7.8511 ± 0.2082
INFO:meta-cli.py:Epoch 6/100	dev results	MRR 0.336851	H@1 0.246022	H@3 0.368235	H@5 0.434046	H@10 0.520388
INFO:meta-cli.py:Epoch 6/100	test results	MRR 0.331707	H@1 0.241254	H@3 0.363066	H@5 0.427856	H@10 0.515245
INFO:meta-cli.py:Epoch 7/100	Loss 7.7490 ± 0.2026
INFO:meta-cli.py:Epoch 8/100	Loss 7.6682 ± 0.1992
INFO:meta-cli.py:Epoch 9/100	Loss 7.6037 ± 0.1975
INFO:meta-cli.py:Epoch 9/100	dev results	MRR 0.338384	H@1 0.248218	H@3 0.370488	H@5 0.432649	H@10 0.522013
INFO:meta-cli.py:Epoch 9/100	test results	MRR 0.332689	H@1 0.242940	H@3 0.363774	H@5 0.426805	H@10 0.515514
INFO:meta-cli.py:Epoch 10/100	Loss 7.5487 ± 0.1888
INFO:meta-cli.py:Epoch 11/100	Loss 7.5019 ± 0.1922
INFO:meta-cli.py:Epoch 12/100	Loss 7.4620 ± 0.1911
INFO:meta-cli.py:Epoch 12/100	dev results	MRR 0.337347	H@1 0.246279	H@3 0.369204	H@5 0.433533	H@10 0.520530
INFO:meta-cli.py:Epoch 12/100	test results	MRR 0.332138	H@1 0.241718	H@3 0.362821	H@5 0.428516	H@10 0.515904
INFO:meta-cli.py:Epoch 13/100	Loss 7.4264 ± 0.1775
INFO:meta-cli.py:Epoch 14/100	Loss 7.3946 ± 0.1862
INFO:meta-cli.py:Epoch 15/100	Loss 7.3657 ± 0.1763
INFO:meta-cli.py:Epoch 15/100	dev results	MRR 0.338336	H@1 0.247847	H@3 0.369632	H@5 0.435472	H@10 0.522042
INFO:meta-cli.py:Epoch 15/100	test results	MRR 0.332591	H@1 0.242329	H@3 0.364214	H@5 0.428980	H@10 0.516369
INFO:meta-cli.py:Epoch 16/100	Loss 7.3399 ± 0.1728
INFO:meta-cli.py:Epoch 17/100	Loss 7.3169 ± 0.1723
INFO:meta-cli.py:Epoch 18/100	Loss 7.2949 ± 0.1718
INFO:meta-cli.py:Epoch 18/100	dev results	MRR 0.339234	H@1 0.249102	H@3 0.370744	H@5 0.436156	H@10 0.522355
INFO:meta-cli.py:Epoch 18/100	test results	MRR 0.333242	H@1 0.243917	H@3 0.363896	H@5 0.428858	H@10 0.515953
INFO:meta-cli.py:Epoch 19/100	Loss 7.2747 ± 0.1639
INFO:meta-cli.py:Epoch 20/100	Loss 7.2566 ± 0.1636
INFO:meta-cli.py:Epoch 21/100	Loss 7.2394 ± 0.1548
INFO:meta-cli.py:Epoch 21/100	dev results	MRR 0.337144	H@1 0.246279	H@3 0.369290	H@5 0.433134	H@10 0.519846
INFO:meta-cli.py:Epoch 21/100	test results	MRR 0.331835	H@1 0.242182	H@3 0.362626	H@5 0.427538	H@10 0.513974
INFO:meta-cli.py:Epoch 22/100	Loss 7.2236 ± 0.1602
INFO:meta-cli.py:Epoch 23/100	Loss 7.2078 ± 0.1598
INFO:meta-cli.py:Epoch 24/100	Loss 7.1940 ± 0.1577
INFO:meta-cli.py:Epoch 24/100	dev results	MRR 0.337454	H@1 0.247391	H@3 0.368178	H@5 0.432792	H@10 0.520445
INFO:meta-cli.py:Epoch 24/100	test results	MRR 0.332158	H@1 0.242475	H@3 0.362479	H@5 0.427123	H@10 0.513559
INFO:meta-cli.py:Epoch 25/100	Loss 7.1799 ± 0.1563
INFO:meta-cli.py:Epoch 26/100	Loss 7.1669 ± 0.1538
INFO:meta-cli.py:Epoch 27/100	Loss 7.1555 ± 0.1520
INFO:meta-cli.py:Epoch 27/100	dev results	MRR 0.337442	H@1 0.247191	H@3 0.369176	H@5 0.431993	H@10 0.519532
INFO:meta-cli.py:Epoch 27/100	test results	MRR 0.331593	H@1 0.242060	H@3 0.362870	H@5 0.427343	H@10 0.513437
INFO:meta-cli.py:Epoch 28/100	Loss 7.1441 ± 0.1511
INFO:meta-cli.py:Epoch 29/100	Loss 7.1329 ± 0.1468
INFO:meta-cli.py:Epoch 30/100	Loss 7.1225 ± 0.1476
INFO:meta-cli.py:Epoch 30/100	dev results	MRR 0.337308	H@1 0.246421	H@3 0.369689	H@5 0.433989	H@10 0.519903
INFO:meta-cli.py:Epoch 30/100	test results	MRR 0.331228	H@1 0.241254	H@3 0.362748	H@5 0.426219	H@10 0.513193
INFO:meta-cli.py:Epoch 31/100	Loss 7.1124 ± 0.1438
INFO:meta-cli.py:Epoch 32/100	Loss 7.1028 ± 0.1485
INFO:meta-cli.py:Epoch 33/100	Loss 7.0936 ± 0.1396
INFO:meta-cli.py:Epoch 33/100	dev results	MRR 0.336334	H@1 0.246250	H@3 0.367579	H@5 0.431594	H@10 0.519219
INFO:meta-cli.py:Epoch 33/100	test results	MRR 0.330519	H@1 0.240716	H@3 0.361087	H@5 0.424851	H@10 0.512313
INFO:meta-cli.py:Epoch 34/100	Loss 7.0846 ± 0.1405
INFO:meta-cli.py:Epoch 35/100	Loss 7.0762 ± 0.1450
INFO:meta-cli.py:Epoch 36/100	Loss 7.0681 ± 0.1345
INFO:meta-cli.py:Epoch 36/100	dev results	MRR 0.336305	H@1 0.246108	H@3 0.367380	H@5 0.430739	H@10 0.518734
INFO:meta-cli.py:Epoch 36/100	test results	MRR 0.330377	H@1 0.240838	H@3 0.361844	H@5 0.424753	H@10 0.511898
INFO:meta-cli.py:Epoch 37/100	Loss 7.0599 ± 0.1361
INFO:meta-cli.py:Epoch 38/100	Loss 7.0530 ± 0.1433
INFO:meta-cli.py:Epoch 39/100	Loss 7.0455 ± 0.1340
INFO:meta-cli.py:Epoch 39/100	dev results	MRR 0.336061	H@1 0.245680	H@3 0.368691	H@5 0.430881	H@10 0.518677
INFO:meta-cli.py:Epoch 39/100	test results	MRR 0.330531	H@1 0.241400	H@3 0.361844	H@5 0.424704	H@10 0.512191
INFO:meta-cli.py:Epoch 40/100	Loss 7.0385 ± 0.1382
INFO:meta-cli.py:Epoch 41/100	Loss 7.0311 ± 0.1372
INFO:meta-cli.py:Epoch 42/100	Loss 7.0246 ± 0.1329
INFO:meta-cli.py:Epoch 42/100	dev results	MRR 0.336386	H@1 0.246849	H@3 0.367237	H@5 0.430796	H@10 0.518135
INFO:meta-cli.py:Epoch 42/100	test results	MRR 0.330158	H@1 0.241180	H@3 0.360989	H@5 0.424656	H@10 0.510603
INFO:meta-cli.py:Epoch 43/100	Loss 7.0183 ± 0.1343
INFO:meta-cli.py:Epoch 44/100	Loss 7.0117 ± 0.1334
INFO:meta-cli.py:Epoch 45/100	Loss 7.0063 ± 0.1378
INFO:meta-cli.py:Epoch 45/100	dev results	MRR 0.335866	H@1 0.246279	H@3 0.367180	H@5 0.430368	H@10 0.518192
INFO:meta-cli.py:Epoch 45/100	test results	MRR 0.329271	H@1 0.240008	H@3 0.360745	H@5 0.424191	H@10 0.509772
INFO:meta-cli.py:Epoch 46/100	Loss 7.0003 ± 0.1345
INFO:meta-cli.py:Epoch 47/100	Loss 6.9943 ± 0.1352
INFO:meta-cli.py:Epoch 48/100	Loss 6.9888 ± 0.1366
INFO:meta-cli.py:Epoch 48/100	dev results	MRR 0.334929	H@1 0.245338	H@3 0.366553	H@5 0.428685	H@10 0.517764
INFO:meta-cli.py:Epoch 48/100	test results	MRR 0.328875	H@1 0.239470	H@3 0.360134	H@5 0.423556	H@10 0.509723
INFO:meta-cli.py:Epoch 49/100	Loss 6.9837 ± 0.1329
INFO:meta-cli.py:Epoch 50/100	Loss 6.9781 ± 0.1222
INFO:meta-cli.py:Epoch 51/100	Loss 6.9732 ± 0.1258
INFO:meta-cli.py:Epoch 51/100	dev results	MRR 0.335380	H@1 0.246165	H@3 0.367265	H@5 0.428571	H@10 0.516823
INFO:meta-cli.py:Epoch 51/100	test results	MRR 0.328523	H@1 0.239153	H@3 0.360256	H@5 0.423410	H@10 0.509015
INFO:meta-cli.py:Epoch 52/100	Loss 6.9686 ± 0.1365
INFO:meta-cli.py:Epoch 53/100	Loss 6.9628 ± 0.1346
INFO:meta-cli.py:Epoch 54/100	Loss 6.9585 ± 0.1385
INFO:meta-cli.py:Epoch 54/100	dev results	MRR 0.335345	H@1 0.246364	H@3 0.366638	H@5 0.428914	H@10 0.516396
INFO:meta-cli.py:Epoch 54/100	test results	MRR 0.328460	H@1 0.239299	H@3 0.360256	H@5 0.423629	H@10 0.508282
INFO:meta-cli.py:Epoch 55/100	Loss 6.9536 ± 0.1228
INFO:meta-cli.py:Epoch 56/100	Loss 6.9497 ± 0.1296
INFO:meta-cli.py:Epoch 57/100	Loss 6.9454 ± 0.1283
INFO:meta-cli.py:Epoch 57/100	dev results	MRR 0.334350	H@1 0.245167	H@3 0.365355	H@5 0.427032	H@10 0.516054
INFO:meta-cli.py:Epoch 57/100	test results	MRR 0.328034	H@1 0.238762	H@3 0.359328	H@5 0.423141	H@10 0.507036
INFO:meta-cli.py:Epoch 58/100	Loss 6.9411 ± 0.1327
INFO:meta-cli.py:Epoch 59/100	Loss 6.9361 ± 0.1194
INFO:meta-cli.py:Epoch 60/100	Loss 6.9327 ± 0.1278
INFO:meta-cli.py:Epoch 60/100	dev results	MRR 0.334930	H@1 0.246079	H@3 0.365669	H@5 0.428087	H@10 0.515255
INFO:meta-cli.py:Epoch 60/100	test results	MRR 0.328157	H@1 0.239446	H@3 0.359987	H@5 0.422457	H@10 0.506816
INFO:meta-cli.py:Epoch 61/100	Loss 6.9287 ± 0.1237
INFO:meta-cli.py:Epoch 62/100	Loss 6.9244 ± 0.1256
INFO:meta-cli.py:Epoch 63/100	Loss 6.9203 ± 0.1202
INFO:meta-cli.py:Epoch 63/100	dev results	MRR 0.334112	H@1 0.244967	H@3 0.365555	H@5 0.426404	H@10 0.515426
INFO:meta-cli.py:Epoch 63/100	test results	MRR 0.327143	H@1 0.237956	H@3 0.358741	H@5 0.422335	H@10 0.505692
INFO:meta-cli.py:Epoch 64/100	Loss 6.9169 ± 0.1304
INFO:meta-cli.py:Epoch 65/100	Loss 6.9132 ± 0.1234
INFO:meta-cli.py:Epoch 66/100	Loss 6.9095 ± 0.1230
INFO:meta-cli.py:Epoch 66/100	dev results	MRR 0.333773	H@1 0.244853	H@3 0.365212	H@5 0.426376	H@10 0.515198
INFO:meta-cli.py:Epoch 66/100	test results	MRR 0.327134	H@1 0.238176	H@3 0.358644	H@5 0.421773	H@10 0.505912
INFO:meta-cli.py:Epoch 67/100	Loss 6.9059 ± 0.1200
INFO:meta-cli.py:Epoch 68/100	Loss 6.9025 ± 0.1225
INFO:meta-cli.py:Epoch 69/100	Loss 6.8985 ± 0.1285
INFO:meta-cli.py:Epoch 69/100	dev results	MRR 0.334160	H@1 0.245709	H@3 0.364357	H@5 0.425806	H@10 0.513630
INFO:meta-cli.py:Epoch 69/100	test results	MRR 0.326822	H@1 0.237882	H@3 0.358228	H@5 0.421675	H@10 0.504666
INFO:meta-cli.py:Epoch 70/100	Loss 6.8950 ± 0.1187
INFO:meta-cli.py:Epoch 71/100	Loss 6.8919 ± 0.1238
INFO:meta-cli.py:Epoch 72/100	Loss 6.8888 ± 0.1231
INFO:meta-cli.py:Epoch 72/100	dev results	MRR 0.333580	H@1 0.244739	H@3 0.364500	H@5 0.426347	H@10 0.513088
INFO:meta-cli.py:Epoch 72/100	test results	MRR 0.326635	H@1 0.237956	H@3 0.358253	H@5 0.421870	H@10 0.504300
INFO:meta-cli.py:Epoch 73/100	Loss 6.8858 ± 0.1279
INFO:meta-cli.py:Epoch 74/100	Loss 6.8824 ± 0.1235
INFO:meta-cli.py:Epoch 75/100	Loss 6.8793 ± 0.1264
INFO:meta-cli.py:Epoch 75/100	dev results	MRR 0.333491	H@1 0.244939	H@3 0.363844	H@5 0.425920	H@10 0.513060
INFO:meta-cli.py:Epoch 75/100	test results	MRR 0.326286	H@1 0.237711	H@3 0.357569	H@5 0.421357	H@10 0.503665
INFO:meta-cli.py:Epoch 76/100	Loss 6.8763 ± 0.1216
INFO:meta-cli.py:Epoch 77/100	Loss 6.8736 ± 0.1228
INFO:meta-cli.py:Epoch 78/100	Loss 6.8704 ± 0.1240
INFO:meta-cli.py:Epoch 78/100	dev results	MRR 0.332419	H@1 0.243713	H@3 0.363330	H@5 0.425349	H@10 0.511891
INFO:meta-cli.py:Epoch 78/100	test results	MRR 0.325385	H@1 0.236270	H@3 0.357911	H@5 0.421064	H@10 0.503103
INFO:meta-cli.py:Epoch 79/100	Loss 6.8679 ± 0.1214
INFO:meta-cli.py:Epoch 80/100	Loss 6.8648 ± 0.1211
INFO:meta-cli.py:Epoch 81/100	Loss 6.8617 ± 0.1190
INFO:meta-cli.py:Epoch 81/100	dev results	MRR 0.332703	H@1 0.244026	H@3 0.364443	H@5 0.425207	H@10 0.512404
INFO:meta-cli.py:Epoch 81/100	test results	MRR 0.325314	H@1 0.236392	H@3 0.357349	H@5 0.420502	H@10 0.502639
INFO:meta-cli.py:Epoch 82/100	Loss 6.8588 ± 0.1216
INFO:meta-cli.py:Epoch 83/100	Loss 6.8563 ± 0.1175
INFO:meta-cli.py:Epoch 84/100	Loss 6.8534 ± 0.1133
INFO:meta-cli.py:Epoch 84/100	dev results	MRR 0.331971	H@1 0.242914	H@3 0.364300	H@5 0.425520	H@10 0.511491
INFO:meta-cli.py:Epoch 84/100	test results	MRR 0.325200	H@1 0.236392	H@3 0.356860	H@5 0.421235	H@10 0.502370
INFO:meta-cli.py:Epoch 85/100	Loss 6.8507 ± 0.1168
INFO:meta-cli.py:Epoch 86/100	Loss 6.8482 ± 0.1180
INFO:meta-cli.py:Epoch 87/100	Loss 6.8459 ± 0.1154
INFO:meta-cli.py:Epoch 87/100	dev results	MRR 0.332193	H@1 0.243171	H@3 0.364699	H@5 0.424608	H@10 0.511121
INFO:meta-cli.py:Epoch 87/100	test results	MRR 0.325089	H@1 0.236588	H@3 0.356836	H@5 0.420234	H@10 0.502223
INFO:meta-cli.py:Epoch 88/100	Loss 6.8434 ± 0.1180
INFO:meta-cli.py:Epoch 89/100	Loss 6.8407 ± 0.1189
INFO:meta-cli.py:Epoch 90/100	Loss 6.8383 ± 0.1165
INFO:meta-cli.py:Epoch 90/100	dev results	MRR 0.332104	H@1 0.243627	H@3 0.363587	H@5 0.424608	H@10 0.511891
INFO:meta-cli.py:Epoch 90/100	test results	MRR 0.325077	H@1 0.236539	H@3 0.356420	H@5 0.420576	H@10 0.501588
INFO:meta-cli.py:Epoch 91/100	Loss 6.8357 ± 0.1157
INFO:meta-cli.py:Epoch 92/100	Loss 6.8333 ± 0.1162
INFO:meta-cli.py:Epoch 93/100	Loss 6.8308 ± 0.1203
INFO:meta-cli.py:Epoch 93/100	dev results	MRR 0.331651	H@1 0.243085	H@3 0.363958	H@5 0.423667	H@10 0.510037
INFO:meta-cli.py:Epoch 93/100	test results	MRR 0.324527	H@1 0.235879	H@3 0.356518	H@5 0.419598	H@10 0.501295
INFO:meta-cli.py:Epoch 94/100	Loss 6.8288 ± 0.1077
INFO:meta-cli.py:Epoch 95/100	Loss 6.8268 ± 0.1207
INFO:meta-cli.py:Epoch 96/100	Loss 6.8237 ± 0.1175
INFO:meta-cli.py:Epoch 96/100	dev results	MRR 0.331460	H@1 0.243028	H@3 0.363616	H@5 0.424123	H@10 0.510921
INFO:meta-cli.py:Epoch 96/100	test results	MRR 0.324347	H@1 0.235757	H@3 0.356274	H@5 0.419354	H@10 0.501808
INFO:meta-cli.py:Epoch 97/100	Loss 6.8220 ± 0.1145
INFO:meta-cli.py:Epoch 98/100	Loss 6.8193 ± 0.1121
INFO:meta-cli.py:Epoch 99/100	Loss 6.8175 ± 0.1134
INFO:meta-cli.py:Epoch 99/100	dev results	MRR 0.330901	H@1 0.242258	H@3 0.362846	H@5 0.423439	H@10 0.509809
INFO:meta-cli.py:Epoch 99/100	test results	MRR 0.324115	H@1 0.235610	H@3 0.356249	H@5 0.418939	H@10 0.500855
INFO:meta-cli.py:Epoch 100/100	Loss 6.8153 ± 0.1154
INFO:meta-cli.py:Final 	dev results	MRR 0.330968	H@1 0.242116	H@3 0.363302	H@5 0.423581	H@10 0.510066
INFO:meta-cli.py:Final 	test results	MRR 0.323559	H@1 0.234584	H@3 0.356152	H@5 0.418523	H@10 0.500708
INFO:meta-cli.py:Training finished
