./bin/meta-cli.py --train data/fb15k-237/train.tsv --dev data/fb15k-237/dev.tsv --test data/fb15k-237/test.tsv -m complex -k 4000 -b 500 -e 100 --F2 0 --N3 0.1 -l 0.1 -I reciprocal -V 3 -o adagrad -q
{'F2': 0.0,
 'N3': 0.1,
 'batch_size': 500,
 'dev': 'data/fb15k-237/dev.tsv',
 'embedding_size': 4000,
 'epochs': 100,
 'eval_batch_size': None,
 'input_type': 'reciprocal',
 'learning_rate': 0.1,
 'load': None,
 'model': 'complex',
 'optimizer': 'adagrad',
 'quiet': True,
 'save': None,
 'seed': 0,
 'test': 'data/fb15k-237/test.tsv',
 'test_i': None,
 'test_ii': None,
 'train': 'data/fb15k-237/train.tsv',
 'validate_every': 3}
INFO:meta-cli.py:Device: cuda
INFO:meta-cli.py:Model state:
INFO:meta-cli.py:	entities.weight	torch.Size([14541, 8000])
INFO:meta-cli.py:	predicates.weight	torch.Size([474, 8000])
INFO:meta-cli.py:Epoch 1/100	Loss 14.7789 ± 2.1993
INFO:meta-cli.py:Epoch 2/100	Loss 12.4294 ± 0.1147
INFO:meta-cli.py:Epoch 3/100	Loss 12.0472 ± 0.1158
INFO:meta-cli.py:Epoch 3/100	dev results	MRR 0.347598	H@1 0.256401	H@3 0.380753	H@5 0.444254	H@10 0.530482
INFO:meta-cli.py:Epoch 3/100	test results	MRR 0.342928	H@1 0.251686	H@3 0.377382	H@5 0.440389	H@10 0.525750
INFO:meta-cli.py:Epoch 4/100	Loss 11.8666 ± 0.1263
INFO:meta-cli.py:Epoch 5/100	Loss 11.7563 ± 0.1315
INFO:meta-cli.py:Epoch 6/100	Loss 11.6802 ± 0.1350
INFO:meta-cli.py:Epoch 6/100	dev results	MRR 0.354675	H@1 0.261534	H@3 0.390106	H@5 0.454491	H@10 0.543228
INFO:meta-cli.py:Epoch 6/100	test results	MRR 0.349389	H@1 0.255717	H@3 0.383270	H@5 0.450430	H@10 0.538943
INFO:meta-cli.py:Epoch 7/100	Loss 11.6236 ± 0.1329
INFO:meta-cli.py:Epoch 8/100	Loss 11.5785 ± 0.1357
INFO:meta-cli.py:Epoch 9/100	Loss 11.5428 ± 0.1297
INFO:meta-cli.py:Epoch 9/100	dev results	MRR 0.359376	H@1 0.265982	H@3 0.395067	H@5 0.459823	H@10 0.545452
INFO:meta-cli.py:Epoch 9/100	test results	MRR 0.351924	H@1 0.258184	H@3 0.385762	H@5 0.454583	H@10 0.542558
INFO:meta-cli.py:Epoch 10/100	Loss 11.5128 ± 0.1311
INFO:meta-cli.py:Epoch 11/100	Loss 11.4869 ± 0.1283
INFO:meta-cli.py:Epoch 12/100	Loss 11.4651 ± 0.1303
INFO:meta-cli.py:Epoch 12/100	dev results	MRR 0.361283	H@1 0.267322	H@3 0.397149	H@5 0.464471	H@10 0.550043
INFO:meta-cli.py:Epoch 12/100	test results	MRR 0.355548	H@1 0.261556	H@3 0.390159	H@5 0.458394	H@10 0.545221
INFO:meta-cli.py:Epoch 13/100	Loss 11.4458 ± 0.1277
INFO:meta-cli.py:Epoch 14/100	Loss 11.4288 ± 0.1310
INFO:meta-cli.py:Epoch 15/100	Loss 11.4133 ± 0.1290
INFO:meta-cli.py:Epoch 15/100	dev results	MRR 0.361171	H@1 0.266467	H@3 0.396863	H@5 0.463758	H@10 0.550642
INFO:meta-cli.py:Epoch 15/100	test results	MRR 0.356996	H@1 0.263364	H@3 0.391650	H@5 0.459714	H@10 0.546418
INFO:meta-cli.py:Epoch 16/100	Loss 11.3996 ± 0.1278
INFO:meta-cli.py:Epoch 17/100	Loss 11.3872 ± 0.1229
INFO:meta-cli.py:Epoch 18/100	Loss 11.3757 ± 0.1196
INFO:meta-cli.py:Epoch 18/100	dev results	MRR 0.365486	H@1 0.272512	H@3 0.399743	H@5 0.467693	H@10 0.553778
INFO:meta-cli.py:Epoch 18/100	test results	MRR 0.358815	H@1 0.264903	H@3 0.393042	H@5 0.461375	H@10 0.549814
INFO:meta-cli.py:Epoch 19/100	Loss 11.3651 ± 0.1173
INFO:meta-cli.py:Epoch 20/100	Loss 11.3554 ± 0.1226
INFO:meta-cli.py:Epoch 21/100	Loss 11.3464 ± 0.1170
INFO:meta-cli.py:Epoch 21/100	dev results	MRR 0.365013	H@1 0.270915	H@3 0.400542	H@5 0.467978	H@10 0.551725
INFO:meta-cli.py:Epoch 21/100	test results	MRR 0.358801	H@1 0.263657	H@3 0.393628	H@5 0.461986	H@10 0.549033
INFO:meta-cli.py:Epoch 22/100	Loss 11.3379 ± 0.1211
INFO:meta-cli.py:Epoch 23/100	Loss 11.3304 ± 0.1167
INFO:meta-cli.py:Epoch 24/100	Loss 11.3232 ± 0.1196
INFO:meta-cli.py:Epoch 24/100	dev results	MRR 0.364170	H@1 0.269632	H@3 0.399287	H@5 0.466581	H@10 0.554149
INFO:meta-cli.py:Epoch 24/100	test results	MRR 0.358597	H@1 0.263168	H@3 0.394703	H@5 0.461448	H@10 0.550181
INFO:meta-cli.py:Epoch 25/100	Loss 11.3163 ± 0.1190
INFO:meta-cli.py:Epoch 26/100	Loss 11.3098 ± 0.1187
INFO:meta-cli.py:Epoch 27/100	Loss 11.3035 ± 0.1187
INFO:meta-cli.py:Epoch 27/100	dev results	MRR 0.364991	H@1 0.271286	H@3 0.399344	H@5 0.467094	H@10 0.554320
INFO:meta-cli.py:Epoch 27/100	test results	MRR 0.359002	H@1 0.264610	H@3 0.393042	H@5 0.461619	H@10 0.550205
INFO:meta-cli.py:Epoch 28/100	Loss 11.2981 ± 0.1158
INFO:meta-cli.py:Epoch 29/100	Loss 11.2925 ± 0.1162
INFO:meta-cli.py:Epoch 30/100	Loss 11.2872 ± 0.1170
INFO:meta-cli.py:Epoch 30/100	dev results	MRR 0.365177	H@1 0.270887	H@3 0.400998	H@5 0.468235	H@10 0.555232
INFO:meta-cli.py:Epoch 30/100	test results	MRR 0.359560	H@1 0.265049	H@3 0.394557	H@5 0.462499	H@10 0.551158
INFO:meta-cli.py:Epoch 31/100	Loss 11.2822 ± 0.1136
INFO:meta-cli.py:Epoch 32/100	Loss 11.2777 ± 0.1179
INFO:meta-cli.py:Epoch 33/100	Loss 11.2731 ± 0.1156
INFO:meta-cli.py:Epoch 33/100	dev results	MRR 0.365387	H@1 0.271229	H@3 0.399886	H@5 0.469176	H@10 0.555632
INFO:meta-cli.py:Epoch 33/100	test results	MRR 0.360198	H@1 0.265685	H@3 0.395045	H@5 0.462987	H@10 0.551867
INFO:meta-cli.py:Epoch 34/100	Loss 11.2687 ± 0.1116
INFO:meta-cli.py:Epoch 35/100	Loss 11.2649 ± 0.1151
INFO:meta-cli.py:Epoch 36/100	Loss 11.2608 ± 0.1193
INFO:meta-cli.py:Epoch 36/100	dev results	MRR 0.366821	H@1 0.272940	H@3 0.401255	H@5 0.468321	H@10 0.555518
INFO:meta-cli.py:Epoch 36/100	test results	MRR 0.360836	H@1 0.266515	H@3 0.395094	H@5 0.463916	H@10 0.550596
INFO:meta-cli.py:Epoch 37/100	Loss 11.2572 ± 0.1145
INFO:meta-cli.py:Epoch 38/100	Loss 11.2536 ± 0.1154
INFO:meta-cli.py:Epoch 39/100	Loss 11.2500 ± 0.1133
INFO:meta-cli.py:Epoch 39/100	dev results	MRR 0.367051	H@1 0.273396	H@3 0.402196	H@5 0.469632	H@10 0.555888
INFO:meta-cli.py:Epoch 39/100	test results	MRR 0.361320	H@1 0.266784	H@3 0.396194	H@5 0.463940	H@10 0.551891
INFO:meta-cli.py:Epoch 40/100	Loss 11.2467 ± 0.1115
INFO:meta-cli.py:Epoch 41/100	Loss 11.2432 ± 0.1125
INFO:meta-cli.py:Epoch 42/100	Loss 11.2401 ± 0.1135
INFO:meta-cli.py:Epoch 42/100	dev results	MRR 0.367061	H@1 0.272940	H@3 0.402823	H@5 0.469319	H@10 0.557285
INFO:meta-cli.py:Epoch 42/100	test results	MRR 0.361401	H@1 0.266588	H@3 0.397831	H@5 0.464820	H@10 0.552086
INFO:meta-cli.py:Epoch 43/100	Loss 11.2375 ± 0.1150
INFO:meta-cli.py:Epoch 44/100	Loss 11.2344 ± 0.1134
INFO:meta-cli.py:Epoch 45/100	Loss 11.2314 ± 0.1095
INFO:meta-cli.py:Epoch 45/100	dev results	MRR 0.366788	H@1 0.272769	H@3 0.401882	H@5 0.468976	H@10 0.555945
INFO:meta-cli.py:Epoch 45/100	test results	MRR 0.361021	H@1 0.265929	H@3 0.397806	H@5 0.464575	H@10 0.551842
INFO:meta-cli.py:Epoch 46/100	Loss 11.2289 ± 0.1074
INFO:meta-cli.py:Epoch 47/100	Loss 11.2261 ± 0.1106
INFO:meta-cli.py:Epoch 48/100	Loss 11.2236 ± 0.1098
INFO:meta-cli.py:Epoch 48/100	dev results	MRR 0.367452	H@1 0.272854	H@3 0.403450	H@5 0.470431	H@10 0.557599
INFO:meta-cli.py:Epoch 48/100	test results	MRR 0.361435	H@1 0.267150	H@3 0.396243	H@5 0.463207	H@10 0.552599
INFO:meta-cli.py:Epoch 49/100	Loss 11.2211 ± 0.1083
INFO:meta-cli.py:Epoch 50/100	Loss 11.2188 ± 0.1117
INFO:meta-cli.py:Epoch 51/100	Loss 11.2164 ± 0.1081
INFO:meta-cli.py:Epoch 51/100	dev results	MRR 0.367794	H@1 0.273653	H@3 0.403678	H@5 0.471571	H@10 0.556658
INFO:meta-cli.py:Epoch 51/100	test results	MRR 0.361502	H@1 0.266662	H@3 0.395656	H@5 0.466872	H@10 0.552453
INFO:meta-cli.py:Epoch 52/100	Loss 11.2142 ± 0.1070
INFO:meta-cli.py:Epoch 53/100	Loss 11.2119 ± 0.1071
INFO:meta-cli.py:Epoch 54/100	Loss 11.2096 ± 0.1116
INFO:meta-cli.py:Epoch 54/100	dev results	MRR 0.367819	H@1 0.273738	H@3 0.404135	H@5 0.470858	H@10 0.555774
INFO:meta-cli.py:Epoch 54/100	test results	MRR 0.361698	H@1 0.267077	H@3 0.396975	H@5 0.465821	H@10 0.551158
INFO:meta-cli.py:Epoch 55/100	Loss 11.2076 ± 0.1094
INFO:meta-cli.py:Epoch 56/100	Loss 11.2055 ± 0.1130
INFO:meta-cli.py:Epoch 57/100	Loss 11.2038 ± 0.1094
INFO:meta-cli.py:Epoch 57/100	dev results	MRR 0.367818	H@1 0.273881	H@3 0.403023	H@5 0.470003	H@10 0.558939
INFO:meta-cli.py:Epoch 57/100	test results	MRR 0.362538	H@1 0.268030	H@3 0.397122	H@5 0.465113	H@10 0.553161
INFO:meta-cli.py:Epoch 58/100	Loss 11.2015 ± 0.1085
INFO:meta-cli.py:Epoch 59/100	Loss 11.1997 ± 0.1098
INFO:meta-cli.py:Epoch 60/100	Loss 11.1978 ± 0.1076
INFO:meta-cli.py:Epoch 60/100	dev results	MRR 0.368149	H@1 0.273396	H@3 0.405190	H@5 0.471828	H@10 0.557941
INFO:meta-cli.py:Epoch 60/100	test results	MRR 0.362400	H@1 0.267883	H@3 0.398173	H@5 0.465577	H@10 0.553283
INFO:meta-cli.py:Epoch 61/100	Loss 11.1961 ± 0.1071
INFO:meta-cli.py:Epoch 62/100	Loss 11.1942 ± 0.1079
INFO:meta-cli.py:Epoch 63/100	Loss 11.1927 ± 0.1075
INFO:meta-cli.py:Epoch 63/100	dev results	MRR 0.367954	H@1 0.273339	H@3 0.404334	H@5 0.470003	H@10 0.557713
INFO:meta-cli.py:Epoch 63/100	test results	MRR 0.363407	H@1 0.269056	H@3 0.398515	H@5 0.467043	H@10 0.552893
INFO:meta-cli.py:Epoch 64/100	Loss 11.1910 ± 0.1037
INFO:meta-cli.py:Epoch 65/100	Loss 11.1893 ± 0.1052
INFO:meta-cli.py:Epoch 66/100	Loss 11.1875 ± 0.1027
INFO:meta-cli.py:Epoch 66/100	dev results	MRR 0.367792	H@1 0.273054	H@3 0.403992	H@5 0.470716	H@10 0.557656
INFO:meta-cli.py:Epoch 66/100	test results	MRR 0.362292	H@1 0.267126	H@3 0.397953	H@5 0.466457	H@10 0.553455
INFO:meta-cli.py:Epoch 67/100	Loss 11.1860 ± 0.1071
INFO:meta-cli.py:Epoch 68/100	Loss 11.1847 ± 0.1097
INFO:meta-cli.py:Epoch 69/100	Loss 11.1831 ± 0.1052
INFO:meta-cli.py:Epoch 69/100	dev results	MRR 0.368791	H@1 0.274907	H@3 0.404391	H@5 0.469889	H@10 0.558654
INFO:meta-cli.py:Epoch 69/100	test results	MRR 0.362538	H@1 0.267883	H@3 0.397318	H@5 0.465650	H@10 0.553552
INFO:meta-cli.py:Epoch 70/100	Loss 11.1816 ± 0.1090
INFO:meta-cli.py:Epoch 71/100	Loss 11.1803 ± 0.1061
INFO:meta-cli.py:Epoch 72/100	Loss 11.1786 ± 0.1082
INFO:meta-cli.py:Epoch 72/100	dev results	MRR 0.368686	H@1 0.274736	H@3 0.404049	H@5 0.470060	H@10 0.557656
INFO:meta-cli.py:Epoch 72/100	test results	MRR 0.362783	H@1 0.268641	H@3 0.398026	H@5 0.465015	H@10 0.552502
INFO:meta-cli.py:Epoch 73/100	Loss 11.1773 ± 0.1048
INFO:meta-cli.py:Epoch 74/100	Loss 11.1758 ± 0.1079
INFO:meta-cli.py:Epoch 75/100	Loss 11.1746 ± 0.1071
INFO:meta-cli.py:Epoch 75/100	dev results	MRR 0.368908	H@1 0.274394	H@3 0.404562	H@5 0.470573	H@10 0.559025
INFO:meta-cli.py:Epoch 75/100	test results	MRR 0.362965	H@1 0.268250	H@3 0.396291	H@5 0.467067	H@10 0.553137
INFO:meta-cli.py:Epoch 76/100	Loss 11.1734 ± 0.1050
INFO:meta-cli.py:Epoch 77/100	Loss 11.1720 ± 0.1034
INFO:meta-cli.py:Epoch 78/100	Loss 11.1708 ± 0.1050
INFO:meta-cli.py:Epoch 78/100	dev results	MRR 0.368773	H@1 0.274565	H@3 0.405247	H@5 0.470345	H@10 0.556772
INFO:meta-cli.py:Epoch 78/100	test results	MRR 0.362547	H@1 0.267712	H@3 0.398221	H@5 0.465430	H@10 0.553455
INFO:meta-cli.py:Epoch 79/100	Loss 11.1694 ± 0.1044
INFO:meta-cli.py:Epoch 80/100	Loss 11.1684 ± 0.1044
INFO:meta-cli.py:Epoch 81/100	Loss 11.1672 ± 0.1090
INFO:meta-cli.py:Epoch 81/100	dev results	MRR 0.368891	H@1 0.275221	H@3 0.404448	H@5 0.471172	H@10 0.558996
INFO:meta-cli.py:Epoch 81/100	test results	MRR 0.362969	H@1 0.269080	H@3 0.397244	H@5 0.465235	H@10 0.552868
INFO:meta-cli.py:Epoch 82/100	Loss 11.1660 ± 0.1053
INFO:meta-cli.py:Epoch 83/100	Loss 11.1651 ± 0.1025
INFO:meta-cli.py:Epoch 84/100	Loss 11.1637 ± 0.1045
INFO:meta-cli.py:Epoch 84/100	dev results	MRR 0.368405	H@1 0.273824	H@3 0.405703	H@5 0.470801	H@10 0.558483
INFO:meta-cli.py:Epoch 84/100	test results	MRR 0.362772	H@1 0.267761	H@3 0.398368	H@5 0.466921	H@10 0.554725
INFO:meta-cli.py:Epoch 85/100	Loss 11.1627 ± 0.1047
INFO:meta-cli.py:Epoch 86/100	Loss 11.1616 ± 0.1028
INFO:meta-cli.py:Epoch 87/100	Loss 11.1604 ± 0.1014
INFO:meta-cli.py:Epoch 87/100	dev results	MRR 0.368059	H@1 0.272968	H@3 0.404363	H@5 0.470687	H@10 0.558198
INFO:meta-cli.py:Epoch 87/100	test results	MRR 0.362988	H@1 0.268470	H@3 0.397024	H@5 0.466090	H@10 0.553845
INFO:meta-cli.py:Epoch 88/100	Loss 11.1594 ± 0.1062
INFO:meta-cli.py:Epoch 89/100	Loss 11.1583 ± 0.1065
INFO:meta-cli.py:Epoch 90/100	Loss 11.1574 ± 0.1033
INFO:meta-cli.py:Epoch 90/100	dev results	MRR 0.368705	H@1 0.274622	H@3 0.403906	H@5 0.470202	H@10 0.558169
INFO:meta-cli.py:Epoch 90/100	test results	MRR 0.363085	H@1 0.268250	H@3 0.398197	H@5 0.465088	H@10 0.552746
INFO:meta-cli.py:Epoch 91/100	Loss 11.1564 ± 0.1048
INFO:meta-cli.py:Epoch 92/100	Loss 11.1552 ± 0.1032
INFO:meta-cli.py:Epoch 93/100	Loss 11.1543 ± 0.1008
INFO:meta-cli.py:Epoch 93/100	dev results	MRR 0.369025	H@1 0.274708	H@3 0.404648	H@5 0.471685	H@10 0.559624
INFO:meta-cli.py:Epoch 93/100	test results	MRR 0.362992	H@1 0.269080	H@3 0.395901	H@5 0.466310	H@10 0.553357
INFO:meta-cli.py:Epoch 94/100	Loss 11.1534 ± 0.1042
INFO:meta-cli.py:Epoch 95/100	Loss 11.1524 ± 0.1030
INFO:meta-cli.py:Epoch 96/100	Loss 11.1515 ± 0.0992
INFO:meta-cli.py:Epoch 96/100	dev results	MRR 0.369129	H@1 0.274679	H@3 0.405446	H@5 0.471543	H@10 0.557628
INFO:meta-cli.py:Epoch 96/100	test results	MRR 0.363505	H@1 0.269080	H@3 0.398808	H@5 0.466945	H@10 0.553455
INFO:meta-cli.py:Epoch 97/100	Loss 11.1505 ± 0.1047
INFO:meta-cli.py:Epoch 98/100	Loss 11.1497 ± 0.1042
INFO:meta-cli.py:Epoch 99/100	Loss 11.1489 ± 0.1045
INFO:meta-cli.py:Epoch 99/100	dev results	MRR 0.369396	H@1 0.275649	H@3 0.405589	H@5 0.471885	H@10 0.559196
INFO:meta-cli.py:Epoch 99/100	test results	MRR 0.363443	H@1 0.269203	H@3 0.399077	H@5 0.465186	H@10 0.554627
INFO:meta-cli.py:Epoch 100/100	Loss 11.1478 ± 0.1045
INFO:meta-cli.py:Final 	dev results	MRR 0.369560	H@1 0.275592	H@3 0.405731	H@5 0.471856	H@10 0.558911
INFO:meta-cli.py:Final 	test results	MRR 0.363842	H@1 0.269936	H@3 0.398441	H@5 0.467092	H@10 0.554798
INFO:meta-cli.py:Training finished
