./bin/meta-cli.py --train data/fb15k-237/train.tsv --dev data/fb15k-237/dev.tsv --test data/fb15k-237/test.tsv -m complex -k 500 -b 500 -e 100 --F2 0 --N3 0.005 -l 0.1 -I standard -V 3 -o adagrad -q
{'F2': 0.0,
 'N3': 0.005,
 'batch_size': 500,
 'dev': 'data/fb15k-237/dev.tsv',
 'embedding_size': 500,
 'epochs': 100,
 'eval_batch_size': None,
 'input_type': 'standard',
 'learning_rate': 0.1,
 'load': None,
 'model': 'complex',
 'optimizer': 'adagrad',
 'quiet': True,
 'save': None,
 'seed': 0,
 'test': 'data/fb15k-237/test.tsv',
 'test_i': None,
 'test_ii': None,
 'train': 'data/fb15k-237/train.tsv',
 'validate_every': 3}
INFO:meta-cli.py:Device: cuda
INFO:meta-cli.py:Model state:
INFO:meta-cli.py:	entities.weight	torch.Size([14541, 1000])
INFO:meta-cli.py:	predicates.weight	torch.Size([237, 1000])
INFO:meta-cli.py:Epoch 1/100	Loss 12.1145 ± 1.8718
INFO:meta-cli.py:Epoch 2/100	Loss 8.2407 ± 0.1553
INFO:meta-cli.py:Epoch 3/100	Loss 7.3511 ± 0.2494
INFO:meta-cli.py:Epoch 3/100	dev results	MRR 0.321313	H@1 0.233191	H@3 0.353122	H@5 0.413915	H@10 0.498489
INFO:meta-cli.py:Epoch 3/100	test results	MRR 0.316530	H@1 0.228990	H@3 0.347283	H@5 0.410144	H@10 0.493697
INFO:meta-cli.py:Epoch 4/100	Loss 7.0103 ± 0.2601
INFO:meta-cli.py:Epoch 5/100	Loss 6.8211 ± 0.2623
INFO:meta-cli.py:Epoch 6/100	Loss 6.6960 ± 0.2500
INFO:meta-cli.py:Epoch 6/100	dev results	MRR 0.331796	H@1 0.242173	H@3 0.363929	H@5 0.427545	H@10 0.512632
INFO:meta-cli.py:Epoch 6/100	test results	MRR 0.328393	H@1 0.238689	H@3 0.360549	H@5 0.423214	H@10 0.508722
INFO:meta-cli.py:Epoch 7/100	Loss 6.6066 ± 0.2428
INFO:meta-cli.py:Epoch 8/100	Loss 6.5375 ± 0.2388
INFO:meta-cli.py:Epoch 9/100	Loss 6.4832 ± 0.2355
INFO:meta-cli.py:Epoch 9/100	dev results	MRR 0.336235	H@1 0.247562	H@3 0.367294	H@5 0.429883	H@10 0.517052
INFO:meta-cli.py:Epoch 9/100	test results	MRR 0.333148	H@1 0.243941	H@3 0.364849	H@5 0.427270	H@10 0.511140
INFO:meta-cli.py:Epoch 10/100	Loss 6.4371 ± 0.2264
INFO:meta-cli.py:Epoch 11/100	Loss 6.3981 ± 0.2290
INFO:meta-cli.py:Epoch 12/100	Loss 6.3660 ± 0.2311
INFO:meta-cli.py:Epoch 12/100	dev results	MRR 0.338211	H@1 0.248703	H@3 0.371058	H@5 0.433533	H@10 0.518363
INFO:meta-cli.py:Epoch 12/100	test results	MRR 0.334077	H@1 0.244576	H@3 0.366510	H@5 0.429102	H@10 0.514194
INFO:meta-cli.py:Epoch 13/100	Loss 6.3370 ± 0.2154
INFO:meta-cli.py:Epoch 14/100	Loss 6.3116 ± 0.2231
INFO:meta-cli.py:Epoch 15/100	Loss 6.2884 ± 0.2133
INFO:meta-cli.py:Epoch 15/100	dev results	MRR 0.339269	H@1 0.249387	H@3 0.372484	H@5 0.434132	H@10 0.521129
INFO:meta-cli.py:Epoch 15/100	test results	MRR 0.335455	H@1 0.245798	H@3 0.367805	H@5 0.430397	H@10 0.515538
INFO:meta-cli.py:Epoch 16/100	Loss 6.2683 ± 0.2087
INFO:meta-cli.py:Epoch 17/100	Loss 6.2506 ± 0.2088
INFO:meta-cli.py:Epoch 18/100	Loss 6.2333 ± 0.2074
INFO:meta-cli.py:Epoch 18/100	dev results	MRR 0.341401	H@1 0.250670	H@3 0.376903	H@5 0.437154	H@10 0.522983
INFO:meta-cli.py:Epoch 18/100	test results	MRR 0.337791	H@1 0.248143	H@3 0.370175	H@5 0.432522	H@10 0.518787
INFO:meta-cli.py:Epoch 19/100	Loss 6.2178 ± 0.1987
INFO:meta-cli.py:Epoch 20/100	Loss 6.2041 ± 0.1978
INFO:meta-cli.py:Epoch 21/100	Loss 6.1912 ± 0.1873
INFO:meta-cli.py:Epoch 21/100	dev results	MRR 0.341106	H@1 0.250442	H@3 0.374964	H@5 0.436498	H@10 0.522441
INFO:meta-cli.py:Epoch 21/100	test results	MRR 0.338781	H@1 0.249340	H@3 0.372227	H@5 0.433402	H@10 0.517786
INFO:meta-cli.py:Epoch 22/100	Loss 6.1793 ± 0.1919
INFO:meta-cli.py:Epoch 23/100	Loss 6.1674 ± 0.1929
INFO:meta-cli.py:Epoch 24/100	Loss 6.1574 ± 0.1882
INFO:meta-cli.py:Epoch 24/100	dev results	MRR 0.342716	H@1 0.252096	H@3 0.378643	H@5 0.438152	H@10 0.523154
INFO:meta-cli.py:Epoch 24/100	test results	MRR 0.339830	H@1 0.250171	H@3 0.373546	H@5 0.435649	H@10 0.518983
INFO:meta-cli.py:Epoch 25/100	Loss 6.1468 ± 0.1884
INFO:meta-cli.py:Epoch 26/100	Loss 6.1372 ± 0.1864
INFO:meta-cli.py:Epoch 27/100	Loss 6.1290 ± 0.1839
INFO:meta-cli.py:Epoch 27/100	dev results	MRR 0.343824	H@1 0.253350	H@3 0.378671	H@5 0.440861	H@10 0.525577
INFO:meta-cli.py:Epoch 27/100	test results	MRR 0.341202	H@1 0.252199	H@3 0.374450	H@5 0.436602	H@10 0.520278
INFO:meta-cli.py:Epoch 28/100	Loss 6.1209 ± 0.1810
INFO:meta-cli.py:Epoch 29/100	Loss 6.1128 ± 0.1771
INFO:meta-cli.py:Epoch 30/100	Loss 6.1053 ± 0.1769
INFO:meta-cli.py:Epoch 30/100	dev results	MRR 0.344039	H@1 0.253864	H@3 0.379783	H@5 0.440177	H@10 0.525178
INFO:meta-cli.py:Epoch 30/100	test results	MRR 0.340896	H@1 0.251002	H@3 0.374597	H@5 0.438361	H@10 0.519203
INFO:meta-cli.py:Epoch 31/100	Loss 6.0981 ± 0.1744
INFO:meta-cli.py:Epoch 32/100	Loss 6.0912 ± 0.1788
INFO:meta-cli.py:Epoch 33/100	Loss 6.0849 ± 0.1689
INFO:meta-cli.py:Epoch 33/100	dev results	MRR 0.343912	H@1 0.253065	H@3 0.379013	H@5 0.440376	H@10 0.524579
INFO:meta-cli.py:Epoch 33/100	test results	MRR 0.341098	H@1 0.251319	H@3 0.373888	H@5 0.437750	H@10 0.519911
INFO:meta-cli.py:Epoch 34/100	Loss 6.0784 ± 0.1693
INFO:meta-cli.py:Epoch 35/100	Loss 6.0726 ± 0.1760
INFO:meta-cli.py:Epoch 36/100	Loss 6.0669 ± 0.1620
INFO:meta-cli.py:Epoch 36/100	dev results	MRR 0.343682	H@1 0.252780	H@3 0.379698	H@5 0.439863	H@10 0.525349
INFO:meta-cli.py:Epoch 36/100	test results	MRR 0.341399	H@1 0.251539	H@3 0.375745	H@5 0.438239	H@10 0.518763
INFO:meta-cli.py:Epoch 37/100	Loss 6.0613 ± 0.1632
INFO:meta-cli.py:Epoch 38/100	Loss 6.0567 ± 0.1729
INFO:meta-cli.py:Epoch 39/100	Loss 6.0513 ± 0.1615
INFO:meta-cli.py:Epoch 39/100	dev results	MRR 0.344327	H@1 0.253379	H@3 0.380525	H@5 0.441517	H@10 0.525492
INFO:meta-cli.py:Epoch 39/100	test results	MRR 0.341254	H@1 0.251466	H@3 0.375672	H@5 0.437311	H@10 0.520278
INFO:meta-cli.py:Epoch 40/100	Loss 6.0466 ± 0.1663
INFO:meta-cli.py:Epoch 41/100	Loss 6.0414 ± 0.1645
INFO:meta-cli.py:Epoch 42/100	Loss 6.0371 ± 0.1603
INFO:meta-cli.py:Epoch 42/100	dev results	MRR 0.345031	H@1 0.254348	H@3 0.381180	H@5 0.440006	H@10 0.526148
INFO:meta-cli.py:Epoch 42/100	test results	MRR 0.341837	H@1 0.251735	H@3 0.376112	H@5 0.437824	H@10 0.521035
INFO:meta-cli.py:Epoch 43/100	Loss 6.0326 ± 0.1609
INFO:meta-cli.py:Epoch 44/100	Loss 6.0283 ± 0.1607
INFO:meta-cli.py:Epoch 45/100	Loss 6.0248 ± 0.1642
INFO:meta-cli.py:Epoch 45/100	dev results	MRR 0.344622	H@1 0.253778	H@3 0.379983	H@5 0.441460	H@10 0.526233
INFO:meta-cli.py:Epoch 45/100	test results	MRR 0.341390	H@1 0.251393	H@3 0.375110	H@5 0.437237	H@10 0.520717
INFO:meta-cli.py:Epoch 46/100	Loss 6.0205 ± 0.1619
INFO:meta-cli.py:Epoch 47/100	Loss 6.0166 ± 0.1608
INFO:meta-cli.py:Epoch 48/100	Loss 6.0129 ± 0.1634
INFO:meta-cli.py:Epoch 48/100	dev results	MRR 0.344842	H@1 0.254263	H@3 0.380724	H@5 0.440490	H@10 0.527630
INFO:meta-cli.py:Epoch 48/100	test results	MRR 0.341648	H@1 0.251246	H@3 0.376356	H@5 0.437360	H@10 0.522085
INFO:meta-cli.py:Epoch 49/100	Loss 6.0095 ± 0.1583
INFO:meta-cli.py:Epoch 50/100	Loss 6.0058 ± 0.1473
INFO:meta-cli.py:Epoch 51/100	Loss 6.0026 ± 0.1515
INFO:meta-cli.py:Epoch 51/100	dev results	MRR 0.345080	H@1 0.254177	H@3 0.381238	H@5 0.440262	H@10 0.527146
INFO:meta-cli.py:Epoch 51/100	test results	MRR 0.342192	H@1 0.252199	H@3 0.376649	H@5 0.437555	H@10 0.521743
INFO:meta-cli.py:Epoch 52/100	Loss 5.9998 ± 0.1648
INFO:meta-cli.py:Epoch 53/100	Loss 5.9955 ± 0.1599
INFO:meta-cli.py:Epoch 54/100	Loss 5.9930 ± 0.1664
INFO:meta-cli.py:Epoch 54/100	dev results	MRR 0.345840	H@1 0.254833	H@3 0.382891	H@5 0.441831	H@10 0.526689
INFO:meta-cli.py:Epoch 54/100	test results	MRR 0.342221	H@1 0.252541	H@3 0.376600	H@5 0.437970	H@10 0.520937
INFO:meta-cli.py:Epoch 55/100	Loss 5.9895 ± 0.1474
INFO:meta-cli.py:Epoch 56/100	Loss 5.9872 ± 0.1558
INFO:meta-cli.py:Epoch 57/100	Loss 5.9845 ± 0.1527
INFO:meta-cli.py:Epoch 57/100	dev results	MRR 0.345775	H@1 0.255375	H@3 0.380582	H@5 0.440833	H@10 0.527146
INFO:meta-cli.py:Epoch 57/100	test results	MRR 0.341989	H@1 0.252003	H@3 0.375770	H@5 0.438434	H@10 0.521719
INFO:meta-cli.py:Epoch 58/100	Loss 5.9818 ± 0.1578
INFO:meta-cli.py:Epoch 59/100	Loss 5.9782 ± 0.1435
INFO:meta-cli.py:Epoch 60/100	Loss 5.9763 ± 0.1513
INFO:meta-cli.py:Epoch 60/100	dev results	MRR 0.345700	H@1 0.254748	H@3 0.381637	H@5 0.441460	H@10 0.526861
INFO:meta-cli.py:Epoch 60/100	test results	MRR 0.342888	H@1 0.253127	H@3 0.377651	H@5 0.437628	H@10 0.521939
INFO:meta-cli.py:Epoch 61/100	Loss 5.9736 ± 0.1480
INFO:meta-cli.py:Epoch 62/100	Loss 5.9707 ± 0.1492
INFO:meta-cli.py:Epoch 63/100	Loss 5.9680 ± 0.1430
INFO:meta-cli.py:Epoch 63/100	dev results	MRR 0.345538	H@1 0.254662	H@3 0.380724	H@5 0.441603	H@10 0.527402
INFO:meta-cli.py:Epoch 63/100	test results	MRR 0.342367	H@1 0.251808	H@3 0.377748	H@5 0.438508	H@10 0.522647
INFO:meta-cli.py:Epoch 64/100	Loss 5.9660 ± 0.1557
INFO:meta-cli.py:Epoch 65/100	Loss 5.9637 ± 0.1474
INFO:meta-cli.py:Epoch 66/100	Loss 5.9613 ± 0.1454
INFO:meta-cli.py:Epoch 66/100	dev results	MRR 0.345630	H@1 0.255061	H@3 0.381152	H@5 0.441175	H@10 0.527516
INFO:meta-cli.py:Epoch 66/100	test results	MRR 0.342798	H@1 0.252663	H@3 0.377724	H@5 0.437702	H@10 0.522232
INFO:meta-cli.py:Epoch 67/100	Loss 5.9589 ± 0.1449
INFO:meta-cli.py:Epoch 68/100	Loss 5.9569 ± 0.1462
INFO:meta-cli.py:Epoch 69/100	Loss 5.9541 ± 0.1524
INFO:meta-cli.py:Epoch 69/100	dev results	MRR 0.346210	H@1 0.255346	H@3 0.381694	H@5 0.442344	H@10 0.527659
INFO:meta-cli.py:Epoch 69/100	test results	MRR 0.342639	H@1 0.252370	H@3 0.377748	H@5 0.439143	H@10 0.522427
INFO:meta-cli.py:Epoch 70/100	Loss 5.9519 ± 0.1413
INFO:meta-cli.py:Epoch 71/100	Loss 5.9499 ± 0.1462
INFO:meta-cli.py:Epoch 72/100	Loss 5.9482 ± 0.1468
INFO:meta-cli.py:Epoch 72/100	dev results	MRR 0.346751	H@1 0.256630	H@3 0.382121	H@5 0.442116	H@10 0.528030
INFO:meta-cli.py:Epoch 72/100	test results	MRR 0.343178	H@1 0.253811	H@3 0.377260	H@5 0.438166	H@10 0.522525
INFO:meta-cli.py:Epoch 73/100	Loss 5.9464 ± 0.1503
INFO:meta-cli.py:Epoch 74/100	Loss 5.9440 ± 0.1464
INFO:meta-cli.py:Epoch 75/100	Loss 5.9422 ± 0.1493
INFO:meta-cli.py:Epoch 75/100	dev results	MRR 0.346396	H@1 0.255717	H@3 0.382064	H@5 0.443171	H@10 0.528457
INFO:meta-cli.py:Epoch 75/100	test results	MRR 0.342990	H@1 0.253127	H@3 0.377284	H@5 0.438337	H@10 0.522867
INFO:meta-cli.py:Epoch 76/100	Loss 5.9404 ± 0.1442
INFO:meta-cli.py:Epoch 77/100	Loss 5.9388 ± 0.1455
INFO:meta-cli.py:Epoch 78/100	Loss 5.9367 ± 0.1461
INFO:meta-cli.py:Epoch 78/100	dev results	MRR 0.346071	H@1 0.255717	H@3 0.381551	H@5 0.441831	H@10 0.528457
INFO:meta-cli.py:Epoch 78/100	test results	MRR 0.342511	H@1 0.252443	H@3 0.377235	H@5 0.439290	H@10 0.521181
INFO:meta-cli.py:Epoch 79/100	Loss 5.9353 ± 0.1409
INFO:meta-cli.py:Epoch 80/100	Loss 5.9333 ± 0.1435
INFO:meta-cli.py:Epoch 81/100	Loss 5.9313 ± 0.1407
INFO:meta-cli.py:Epoch 81/100	dev results	MRR 0.346479	H@1 0.255717	H@3 0.382179	H@5 0.442515	H@10 0.527602
INFO:meta-cli.py:Epoch 81/100	test results	MRR 0.343135	H@1 0.253249	H@3 0.377382	H@5 0.438874	H@10 0.522256
INFO:meta-cli.py:Epoch 82/100	Loss 5.9295 ± 0.1425
INFO:meta-cli.py:Epoch 83/100	Loss 5.9280 ± 0.1399
INFO:meta-cli.py:Epoch 84/100	Loss 5.9261 ± 0.1337
INFO:meta-cli.py:Epoch 84/100	dev results	MRR 0.346187	H@1 0.255346	H@3 0.382464	H@5 0.442315	H@10 0.528115
INFO:meta-cli.py:Epoch 84/100	test results	MRR 0.342612	H@1 0.252321	H@3 0.377455	H@5 0.439045	H@10 0.522501
INFO:meta-cli.py:Epoch 85/100	Loss 5.9244 ± 0.1374
INFO:meta-cli.py:Epoch 86/100	Loss 5.9230 ± 0.1381
INFO:meta-cli.py:Epoch 87/100	Loss 5.9217 ± 0.1364
INFO:meta-cli.py:Epoch 87/100	dev results	MRR 0.346746	H@1 0.256230	H@3 0.381409	H@5 0.441717	H@10 0.528885
INFO:meta-cli.py:Epoch 87/100	test results	MRR 0.343131	H@1 0.253005	H@3 0.377773	H@5 0.439070	H@10 0.522843
INFO:meta-cli.py:Epoch 88/100	Loss 5.9202 ± 0.1401
INFO:meta-cli.py:Epoch 89/100	Loss 5.9185 ± 0.1404
INFO:meta-cli.py:Epoch 90/100	Loss 5.9170 ± 0.1361
INFO:meta-cli.py:Epoch 90/100	dev results	MRR 0.346688	H@1 0.256145	H@3 0.382549	H@5 0.442030	H@10 0.527545
INFO:meta-cli.py:Epoch 90/100	test results	MRR 0.343571	H@1 0.253982	H@3 0.378066	H@5 0.439290	H@10 0.522843
INFO:meta-cli.py:Epoch 91/100	Loss 5.9155 ± 0.1355
INFO:meta-cli.py:Epoch 92/100	Loss 5.9139 ± 0.1380
INFO:meta-cli.py:Epoch 93/100	Loss 5.9124 ± 0.1407
INFO:meta-cli.py:Epoch 93/100	dev results	MRR 0.346329	H@1 0.255774	H@3 0.381665	H@5 0.442458	H@10 0.528457
INFO:meta-cli.py:Epoch 93/100	test results	MRR 0.343557	H@1 0.253738	H@3 0.378017	H@5 0.439461	H@10 0.523502
INFO:meta-cli.py:Epoch 94/100	Loss 5.9114 ± 0.1268
INFO:meta-cli.py:Epoch 95/100	Loss 5.9103 ± 0.1416
INFO:meta-cli.py:Epoch 96/100	Loss 5.9080 ± 0.1384
INFO:meta-cli.py:Epoch 96/100	dev results	MRR 0.346881	H@1 0.256601	H@3 0.382036	H@5 0.442715	H@10 0.528486
INFO:meta-cli.py:Epoch 96/100	test results	MRR 0.343207	H@1 0.253078	H@3 0.378384	H@5 0.439241	H@10 0.522550
INFO:meta-cli.py:Epoch 97/100	Loss 5.9073 ± 0.1342
INFO:meta-cli.py:Epoch 98/100	Loss 5.9053 ± 0.1319
INFO:meta-cli.py:Epoch 99/100	Loss 5.9046 ± 0.1323
INFO:meta-cli.py:Epoch 99/100	dev results	MRR 0.346941	H@1 0.256145	H@3 0.383148	H@5 0.441888	H@10 0.528714
INFO:meta-cli.py:Epoch 99/100	test results	MRR 0.343597	H@1 0.253347	H@3 0.378335	H@5 0.439265	H@10 0.522867
INFO:meta-cli.py:Epoch 100/100	Loss 5.9032 ± 0.1352
INFO:meta-cli.py:Final 	dev results	MRR 0.346872	H@1 0.256544	H@3 0.382236	H@5 0.442144	H@10 0.528429
INFO:meta-cli.py:Final 	test results	MRR 0.343373	H@1 0.253323	H@3 0.378115	H@5 0.438777	H@10 0.522989
INFO:meta-cli.py:Training finished
