./bin/meta-cli.py --train data/fb15k-237/train.tsv --dev data/fb15k-237/dev.tsv --test data/fb15k-237/test.tsv -m complex -k 500 -b 500 -e 100 --F2 0.005 --N3 0 -l 0.1 -I standard -V 3 -o adagrad -q
{'F2': 0.005,
 'N3': 0.0,
 'batch_size': 500,
 'dev': 'data/fb15k-237/dev.tsv',
 'embedding_size': 500,
 'epochs': 100,
 'eval_batch_size': None,
 'input_type': 'standard',
 'learning_rate': 0.1,
 'load': None,
 'model': 'complex',
 'optimizer': 'adagrad',
 'quiet': True,
 'save': None,
 'seed': 0,
 'test': 'data/fb15k-237/test.tsv',
 'test_i': None,
 'test_ii': None,
 'train': 'data/fb15k-237/train.tsv',
 'validate_every': 3}
INFO:meta-cli.py:Device: cuda
INFO:meta-cli.py:Model state:
INFO:meta-cli.py:	entities.weight	torch.Size([14541, 1000])
INFO:meta-cli.py:	predicates.weight	torch.Size([237, 1000])
INFO:meta-cli.py:Epoch 1/100	Loss 12.3770 ± 1.8493
INFO:meta-cli.py:Epoch 2/100	Loss 8.6876 ± 0.1456
INFO:meta-cli.py:Epoch 3/100	Loss 7.7934 ± 0.2350
INFO:meta-cli.py:Epoch 3/100	dev results	MRR 0.325046	H@1 0.237411	H@3 0.355461	H@5 0.416424	H@10 0.502766
INFO:meta-cli.py:Epoch 3/100	test results	MRR 0.318589	H@1 0.229551	H@3 0.350533	H@5 0.411512	H@10 0.498339
INFO:meta-cli.py:Epoch 4/100	Loss 7.4452 ± 0.2437
INFO:meta-cli.py:Epoch 5/100	Loss 7.2521 ± 0.2458
INFO:meta-cli.py:Epoch 6/100	Loss 7.1235 ± 0.2327
INFO:meta-cli.py:Epoch 6/100	dev results	MRR 0.334850	H@1 0.245252	H@3 0.365811	H@5 0.429855	H@10 0.514799
INFO:meta-cli.py:Epoch 6/100	test results	MRR 0.329532	H@1 0.238518	H@3 0.363530	H@5 0.425853	H@10 0.510774
INFO:meta-cli.py:Epoch 7/100	Loss 7.0314 ± 0.2272
INFO:meta-cli.py:Epoch 8/100	Loss 6.9592 ± 0.2225
INFO:meta-cli.py:Epoch 9/100	Loss 6.9027 ± 0.2200
INFO:meta-cli.py:Epoch 9/100	dev results	MRR 0.338515	H@1 0.250470	H@3 0.366467	H@5 0.432991	H@10 0.517337
INFO:meta-cli.py:Epoch 9/100	test results	MRR 0.333038	H@1 0.243062	H@3 0.366290	H@5 0.427441	H@10 0.512851
INFO:meta-cli.py:Epoch 10/100	Loss 6.8547 ± 0.2108
INFO:meta-cli.py:Epoch 11/100	Loss 6.8137 ± 0.2137
INFO:meta-cli.py:Epoch 12/100	Loss 6.7799 ± 0.2143
INFO:meta-cli.py:Epoch 12/100	dev results	MRR 0.338868	H@1 0.250128	H@3 0.369746	H@5 0.433419	H@10 0.520502
INFO:meta-cli.py:Epoch 12/100	test results	MRR 0.333658	H@1 0.243624	H@3 0.366315	H@5 0.429664	H@10 0.516246
INFO:meta-cli.py:Epoch 13/100	Loss 6.7492 ± 0.1999
INFO:meta-cli.py:Epoch 14/100	Loss 6.7223 ± 0.2074
INFO:meta-cli.py:Epoch 15/100	Loss 6.6977 ± 0.1968
INFO:meta-cli.py:Epoch 15/100	dev results	MRR 0.341007	H@1 0.252524	H@3 0.371457	H@5 0.433761	H@10 0.522184
INFO:meta-cli.py:Epoch 15/100	test results	MRR 0.334283	H@1 0.244088	H@3 0.366388	H@5 0.429810	H@10 0.516662
INFO:meta-cli.py:Epoch 16/100	Loss 6.6761 ± 0.1930
INFO:meta-cli.py:Epoch 17/100	Loss 6.6569 ± 0.1928
INFO:meta-cli.py:Epoch 18/100	Loss 6.6383 ± 0.1923
INFO:meta-cli.py:Epoch 18/100	dev results	MRR 0.342111	H@1 0.253522	H@3 0.372598	H@5 0.436413	H@10 0.521329
INFO:meta-cli.py:Epoch 18/100	test results	MRR 0.335695	H@1 0.245676	H@3 0.367756	H@5 0.431740	H@10 0.517908
INFO:meta-cli.py:Epoch 19/100	Loss 6.6214 ± 0.1830
INFO:meta-cli.py:Epoch 20/100	Loss 6.6063 ± 0.1827
INFO:meta-cli.py:Epoch 21/100	Loss 6.5921 ± 0.1725
INFO:meta-cli.py:Epoch 21/100	dev results	MRR 0.341658	H@1 0.252980	H@3 0.372141	H@5 0.436441	H@10 0.522099
INFO:meta-cli.py:Epoch 21/100	test results	MRR 0.335812	H@1 0.245065	H@3 0.369882	H@5 0.432253	H@10 0.516344
INFO:meta-cli.py:Epoch 22/100	Loss 6.5790 ± 0.1777
INFO:meta-cli.py:Epoch 23/100	Loss 6.5659 ± 0.1782
INFO:meta-cli.py:Epoch 24/100	Loss 6.5546 ± 0.1745
INFO:meta-cli.py:Epoch 24/100	dev results	MRR 0.342775	H@1 0.254234	H@3 0.373881	H@5 0.437040	H@10 0.520930
INFO:meta-cli.py:Epoch 24/100	test results	MRR 0.336192	H@1 0.245822	H@3 0.368831	H@5 0.433060	H@10 0.518494
INFO:meta-cli.py:Epoch 25/100	Loss 6.5429 ± 0.1739
INFO:meta-cli.py:Epoch 26/100	Loss 6.5322 ± 0.1715
INFO:meta-cli.py:Epoch 27/100	Loss 6.5229 ± 0.1697
INFO:meta-cli.py:Epoch 27/100	dev results	MRR 0.343437	H@1 0.254890	H@3 0.374166	H@5 0.438494	H@10 0.522412
INFO:meta-cli.py:Epoch 27/100	test results	MRR 0.337076	H@1 0.247166	H@3 0.369931	H@5 0.433182	H@10 0.519154
INFO:meta-cli.py:Epoch 28/100	Loss 6.5138 ± 0.1669
INFO:meta-cli.py:Epoch 29/100	Loss 6.5047 ± 0.1628
INFO:meta-cli.py:Epoch 30/100	Loss 6.4962 ± 0.1626
INFO:meta-cli.py:Epoch 30/100	dev results	MRR 0.342510	H@1 0.253407	H@3 0.373852	H@5 0.437211	H@10 0.521671
INFO:meta-cli.py:Epoch 30/100	test results	MRR 0.336330	H@1 0.245431	H@3 0.371225	H@5 0.432351	H@10 0.518152
INFO:meta-cli.py:Epoch 31/100	Loss 6.4881 ± 0.1603
INFO:meta-cli.py:Epoch 32/100	Loss 6.4802 ± 0.1648
INFO:meta-cli.py:Epoch 33/100	Loss 6.4729 ± 0.1550
INFO:meta-cli.py:Epoch 33/100	dev results	MRR 0.343091	H@1 0.254377	H@3 0.374964	H@5 0.436983	H@10 0.522412
INFO:meta-cli.py:Epoch 33/100	test results	MRR 0.335948	H@1 0.244967	H@3 0.370077	H@5 0.432522	H@10 0.518885
INFO:meta-cli.py:Epoch 34/100	Loss 6.4656 ± 0.1555
INFO:meta-cli.py:Epoch 35/100	Loss 6.4589 ± 0.1615
INFO:meta-cli.py:Epoch 36/100	Loss 6.4524 ± 0.1489
INFO:meta-cli.py:Epoch 36/100	dev results	MRR 0.342722	H@1 0.253978	H@3 0.374366	H@5 0.435672	H@10 0.521300
INFO:meta-cli.py:Epoch 36/100	test results	MRR 0.336931	H@1 0.246531	H@3 0.371152	H@5 0.431911	H@10 0.517615
INFO:meta-cli.py:Epoch 37/100	Loss 6.4458 ± 0.1502
INFO:meta-cli.py:Epoch 38/100	Loss 6.4404 ± 0.1584
INFO:meta-cli.py:Epoch 39/100	Loss 6.4343 ± 0.1482
INFO:meta-cli.py:Epoch 39/100	dev results	MRR 0.343041	H@1 0.254434	H@3 0.373738	H@5 0.437839	H@10 0.522526
INFO:meta-cli.py:Epoch 39/100	test results	MRR 0.336843	H@1 0.246262	H@3 0.371274	H@5 0.432498	H@10 0.517883
INFO:meta-cli.py:Epoch 40/100	Loss 6.4288 ± 0.1529
INFO:meta-cli.py:Epoch 41/100	Loss 6.4228 ± 0.1512
INFO:meta-cli.py:Epoch 42/100	Loss 6.4177 ± 0.1467
INFO:meta-cli.py:Epoch 42/100	dev results	MRR 0.343286	H@1 0.254548	H@3 0.375021	H@5 0.437012	H@10 0.521728
INFO:meta-cli.py:Epoch 42/100	test results	MRR 0.336843	H@1 0.246458	H@3 0.370859	H@5 0.433353	H@10 0.517102
INFO:meta-cli.py:Epoch 43/100	Loss 6.4125 ± 0.1473
INFO:meta-cli.py:Epoch 44/100	Loss 6.4074 ± 0.1474
INFO:meta-cli.py:Epoch 45/100	Loss 6.4032 ± 0.1509
INFO:meta-cli.py:Epoch 45/100	dev results	MRR 0.343674	H@1 0.255461	H@3 0.375250	H@5 0.436555	H@10 0.521928
INFO:meta-cli.py:Epoch 45/100	test results	MRR 0.336099	H@1 0.245505	H@3 0.369344	H@5 0.433841	H@10 0.517712
INFO:meta-cli.py:Epoch 46/100	Loss 6.3982 ± 0.1480
INFO:meta-cli.py:Epoch 47/100	Loss 6.3936 ± 0.1478
INFO:meta-cli.py:Epoch 48/100	Loss 6.3892 ± 0.1501
INFO:meta-cli.py:Epoch 48/100	dev results	MRR 0.342393	H@1 0.253322	H@3 0.374708	H@5 0.436869	H@10 0.521642
INFO:meta-cli.py:Epoch 48/100	test results	MRR 0.335718	H@1 0.245041	H@3 0.369540	H@5 0.432815	H@10 0.517688
INFO:meta-cli.py:Epoch 49/100	Loss 6.3851 ± 0.1456
INFO:meta-cli.py:Epoch 50/100	Loss 6.3807 ± 0.1344
INFO:meta-cli.py:Epoch 51/100	Loss 6.3768 ± 0.1382
INFO:meta-cli.py:Epoch 51/100	dev results	MRR 0.343336	H@1 0.254947	H@3 0.375107	H@5 0.437040	H@10 0.521871
INFO:meta-cli.py:Epoch 51/100	test results	MRR 0.335874	H@1 0.245187	H@3 0.370102	H@5 0.432986	H@10 0.517273
INFO:meta-cli.py:Epoch 52/100	Loss 6.3734 ± 0.1509
INFO:meta-cli.py:Epoch 53/100	Loss 6.3685 ± 0.1470
INFO:meta-cli.py:Epoch 54/100	Loss 6.3653 ± 0.1524
INFO:meta-cli.py:Epoch 54/100	dev results	MRR 0.343050	H@1 0.254377	H@3 0.375307	H@5 0.436555	H@10 0.521985
INFO:meta-cli.py:Epoch 54/100	test results	MRR 0.336155	H@1 0.245676	H@3 0.369271	H@5 0.432986	H@10 0.516906
INFO:meta-cli.py:Epoch 55/100	Loss 6.3612 ± 0.1351
INFO:meta-cli.py:Epoch 56/100	Loss 6.3583 ± 0.1423
INFO:meta-cli.py:Epoch 57/100	Loss 6.3549 ± 0.1400
INFO:meta-cli.py:Epoch 57/100	dev results	MRR 0.342901	H@1 0.254320	H@3 0.374679	H@5 0.436042	H@10 0.522669
INFO:meta-cli.py:Epoch 57/100	test results	MRR 0.335822	H@1 0.245236	H@3 0.369369	H@5 0.432742	H@10 0.516735
INFO:meta-cli.py:Epoch 58/100	Loss 6.3516 ± 0.1448
INFO:meta-cli.py:Epoch 59/100	Loss 6.3474 ± 0.1311
INFO:meta-cli.py:Epoch 60/100	Loss 6.3449 ± 0.1389
INFO:meta-cli.py:Epoch 60/100	dev results	MRR 0.343576	H@1 0.255004	H@3 0.375848	H@5 0.435957	H@10 0.522070
INFO:meta-cli.py:Epoch 60/100	test results	MRR 0.336812	H@1 0.246824	H@3 0.369711	H@5 0.432767	H@10 0.517297
INFO:meta-cli.py:Epoch 61/100	Loss 6.3417 ± 0.1355
INFO:meta-cli.py:Epoch 62/100	Loss 6.3382 ± 0.1370
INFO:meta-cli.py:Epoch 63/100	Loss 6.3349 ± 0.1309
INFO:meta-cli.py:Epoch 63/100	dev results	MRR 0.342598	H@1 0.253835	H@3 0.375050	H@5 0.436869	H@10 0.521329
INFO:meta-cli.py:Epoch 63/100	test results	MRR 0.335580	H@1 0.245114	H@3 0.368905	H@5 0.432229	H@10 0.516466
INFO:meta-cli.py:Epoch 64/100	Loss 6.3324 ± 0.1429
INFO:meta-cli.py:Epoch 65/100	Loss 6.3295 ± 0.1350
INFO:meta-cli.py:Epoch 66/100	Loss 6.3265 ± 0.1334
INFO:meta-cli.py:Epoch 66/100	dev results	MRR 0.342604	H@1 0.253550	H@3 0.375421	H@5 0.436983	H@10 0.521557
INFO:meta-cli.py:Epoch 66/100	test results	MRR 0.335768	H@1 0.245383	H@3 0.369247	H@5 0.432156	H@10 0.516686
INFO:meta-cli.py:Epoch 67/100	Loss 6.3237 ± 0.1324
INFO:meta-cli.py:Epoch 68/100	Loss 6.3211 ± 0.1337
INFO:meta-cli.py:Epoch 69/100	Loss 6.3178 ± 0.1400
INFO:meta-cli.py:Epoch 69/100	dev results	MRR 0.343032	H@1 0.254348	H@3 0.376219	H@5 0.437040	H@10 0.521072
INFO:meta-cli.py:Epoch 69/100	test results	MRR 0.335676	H@1 0.245358	H@3 0.369760	H@5 0.432180	H@10 0.516075
INFO:meta-cli.py:Epoch 70/100	Loss 6.3150 ± 0.1291
INFO:meta-cli.py:Epoch 71/100	Loss 6.3125 ± 0.1344
INFO:meta-cli.py:Epoch 72/100	Loss 6.3102 ± 0.1347
INFO:meta-cli.py:Epoch 72/100	dev results	MRR 0.343255	H@1 0.254805	H@3 0.375192	H@5 0.436413	H@10 0.521557
INFO:meta-cli.py:Epoch 72/100	test results	MRR 0.335659	H@1 0.245309	H@3 0.369393	H@5 0.432351	H@10 0.515978
INFO:meta-cli.py:Epoch 73/100	Loss 6.3079 ± 0.1383
INFO:meta-cli.py:Epoch 74/100	Loss 6.3051 ± 0.1341
INFO:meta-cli.py:Epoch 75/100	Loss 6.3028 ± 0.1370
INFO:meta-cli.py:Epoch 75/100	dev results	MRR 0.342815	H@1 0.254092	H@3 0.375050	H@5 0.436384	H@10 0.521015
INFO:meta-cli.py:Epoch 75/100	test results	MRR 0.335549	H@1 0.245114	H@3 0.368978	H@5 0.432840	H@10 0.515709
INFO:meta-cli.py:Epoch 76/100	Loss 6.3005 ± 0.1326
INFO:meta-cli.py:Epoch 77/100	Loss 6.2983 ± 0.1334
INFO:meta-cli.py:Epoch 78/100	Loss 6.2957 ± 0.1343
INFO:meta-cli.py:Epoch 78/100	dev results	MRR 0.341940	H@1 0.253293	H@3 0.374080	H@5 0.435529	H@10 0.520473
INFO:meta-cli.py:Epoch 78/100	test results	MRR 0.335193	H@1 0.245187	H@3 0.368489	H@5 0.431398	H@10 0.515709
INFO:meta-cli.py:Epoch 79/100	Loss 6.2939 ± 0.1305
INFO:meta-cli.py:Epoch 80/100	Loss 6.2914 ± 0.1315
INFO:meta-cli.py:Epoch 81/100	Loss 6.2889 ± 0.1291
INFO:meta-cli.py:Epoch 81/100	dev results	MRR 0.342463	H@1 0.253835	H@3 0.374964	H@5 0.436156	H@10 0.520473
INFO:meta-cli.py:Epoch 81/100	test results	MRR 0.335033	H@1 0.244552	H@3 0.368856	H@5 0.431838	H@10 0.515562
INFO:meta-cli.py:Epoch 82/100	Loss 6.2866 ± 0.1306
INFO:meta-cli.py:Epoch 83/100	Loss 6.2847 ± 0.1280
INFO:meta-cli.py:Epoch 84/100	Loss 6.2824 ± 0.1225
INFO:meta-cli.py:Epoch 84/100	dev results	MRR 0.342033	H@1 0.253265	H@3 0.374451	H@5 0.435272	H@10 0.520587
INFO:meta-cli.py:Epoch 84/100	test results	MRR 0.335285	H@1 0.244870	H@3 0.369808	H@5 0.431521	H@10 0.515636
INFO:meta-cli.py:Epoch 85/100	Loss 6.2802 ± 0.1261
INFO:meta-cli.py:Epoch 86/100	Loss 6.2783 ± 0.1272
INFO:meta-cli.py:Epoch 87/100	Loss 6.2766 ± 0.1247
INFO:meta-cli.py:Epoch 87/100	dev results	MRR 0.342590	H@1 0.254035	H@3 0.374993	H@5 0.435614	H@10 0.520217
INFO:meta-cli.py:Epoch 87/100	test results	MRR 0.335091	H@1 0.244870	H@3 0.368758	H@5 0.431056	H@10 0.515709
INFO:meta-cli.py:Epoch 88/100	Loss 6.2746 ± 0.1284
INFO:meta-cli.py:Epoch 89/100	Loss 6.2725 ± 0.1288
INFO:meta-cli.py:Epoch 90/100	Loss 6.2706 ± 0.1253
INFO:meta-cli.py:Epoch 90/100	dev results	MRR 0.342161	H@1 0.253464	H@3 0.374708	H@5 0.435928	H@10 0.519760
INFO:meta-cli.py:Epoch 90/100	test results	MRR 0.335218	H@1 0.245065	H@3 0.368709	H@5 0.431496	H@10 0.516124
INFO:meta-cli.py:Epoch 91/100	Loss 6.2686 ± 0.1245
INFO:meta-cli.py:Epoch 92/100	Loss 6.2666 ± 0.1264
INFO:meta-cli.py:Epoch 93/100	Loss 6.2647 ± 0.1293
INFO:meta-cli.py:Epoch 93/100	dev results	MRR 0.342348	H@1 0.254234	H@3 0.373425	H@5 0.435386	H@10 0.520644
INFO:meta-cli.py:Epoch 93/100	test results	MRR 0.334716	H@1 0.244308	H@3 0.368098	H@5 0.431056	H@10 0.515929
INFO:meta-cli.py:Epoch 94/100	Loss 6.2632 ± 0.1160
INFO:meta-cli.py:Epoch 95/100	Loss 6.2617 ± 0.1302
INFO:meta-cli.py:Epoch 96/100	Loss 6.2590 ± 0.1269
INFO:meta-cli.py:Epoch 96/100	dev results	MRR 0.342206	H@1 0.253750	H@3 0.373938	H@5 0.435557	H@10 0.520160
INFO:meta-cli.py:Epoch 96/100	test results	MRR 0.334893	H@1 0.244821	H@3 0.368367	H@5 0.431325	H@10 0.514781
INFO:meta-cli.py:Epoch 97/100	Loss 6.2579 ± 0.1235
INFO:meta-cli.py:Epoch 98/100	Loss 6.2556 ± 0.1211
INFO:meta-cli.py:Epoch 99/100	Loss 6.2544 ± 0.1218
INFO:meta-cli.py:Epoch 99/100	dev results	MRR 0.341693	H@1 0.253094	H@3 0.373453	H@5 0.435215	H@10 0.519932
INFO:meta-cli.py:Epoch 99/100	test results	MRR 0.334665	H@1 0.244454	H@3 0.368465	H@5 0.431081	H@10 0.515098
INFO:meta-cli.py:Epoch 100/100	Loss 6.2526 ± 0.1245
INFO:meta-cli.py:Final 	dev results	MRR 0.341812	H@1 0.253065	H@3 0.374337	H@5 0.435386	H@10 0.519732
INFO:meta-cli.py:Final 	test results	MRR 0.334782	H@1 0.244699	H@3 0.369369	H@5 0.430837	H@10 0.514585
INFO:meta-cli.py:Training finished
