./bin/meta-cli.py --train data/fb15k-237/train.tsv --dev data/fb15k-237/dev.tsv --test data/fb15k-237/test.tsv -m complex -k 2000 -b 500 -e 100 --F2 0.005 --N3 0 -l 0.1 -I reciprocal -V 3 -o adagrad -q
{'F2': 0.005,
 'N3': 0.0,
 'batch_size': 500,
 'dev': 'data/fb15k-237/dev.tsv',
 'embedding_size': 2000,
 'epochs': 100,
 'eval_batch_size': None,
 'input_type': 'reciprocal',
 'learning_rate': 0.1,
 'load': None,
 'model': 'complex',
 'optimizer': 'adagrad',
 'quiet': True,
 'save': None,
 'seed': 0,
 'test': 'data/fb15k-237/test.tsv',
 'test_i': None,
 'test_ii': None,
 'train': 'data/fb15k-237/train.tsv',
 'validate_every': 3}
INFO:meta-cli.py:Device: cuda
INFO:meta-cli.py:Model state:
INFO:meta-cli.py:	entities.weight	torch.Size([14541, 4000])
INFO:meta-cli.py:	predicates.weight	torch.Size([474, 4000])
INFO:meta-cli.py:Epoch 1/100	Loss 11.2885 ± 2.2419
INFO:meta-cli.py:Epoch 2/100	Loss 8.0808 ± 0.1200
INFO:meta-cli.py:Epoch 3/100	Loss 7.5703 ± 0.1457
INFO:meta-cli.py:Epoch 3/100	dev results	MRR 0.335255	H@1 0.246022	H@3 0.366952	H@5 0.430938	H@10 0.516139
INFO:meta-cli.py:Epoch 3/100	test results	MRR 0.329742	H@1 0.239519	H@3 0.362382	H@5 0.425511	H@10 0.510921
INFO:meta-cli.py:Epoch 4/100	Loss 7.3200 ± 0.1510
INFO:meta-cli.py:Epoch 5/100	Loss 7.1602 ± 0.1531
INFO:meta-cli.py:Epoch 6/100	Loss 7.0438 ± 0.1572
INFO:meta-cli.py:Epoch 6/100	dev results	MRR 0.339773	H@1 0.248360	H@3 0.372313	H@5 0.436869	H@10 0.522526
INFO:meta-cli.py:Epoch 6/100	test results	MRR 0.331632	H@1 0.238469	H@3 0.365948	H@5 0.432156	H@10 0.517419
INFO:meta-cli.py:Epoch 7/100	Loss 6.9557 ± 0.1564
INFO:meta-cli.py:Epoch 8/100	Loss 6.8834 ± 0.1569
INFO:meta-cli.py:Epoch 9/100	Loss 6.8245 ± 0.1559
INFO:meta-cli.py:Epoch 9/100	dev results	MRR 0.341063	H@1 0.250670	H@3 0.372683	H@5 0.438067	H@10 0.523382
INFO:meta-cli.py:Epoch 9/100	test results	MRR 0.333638	H@1 0.241742	H@3 0.368489	H@5 0.434672	H@10 0.518103
INFO:meta-cli.py:Epoch 10/100	Loss 6.7741 ± 0.1509
INFO:meta-cli.py:Epoch 11/100	Loss 6.7305 ± 0.1462
INFO:meta-cli.py:Epoch 12/100	Loss 6.6933 ± 0.1479
INFO:meta-cli.py:Epoch 12/100	dev results	MRR 0.342970	H@1 0.252695	H@3 0.374280	H@5 0.438979	H@10 0.523867
INFO:meta-cli.py:Epoch 12/100	test results	MRR 0.335058	H@1 0.242671	H@3 0.370199	H@5 0.434843	H@10 0.518665
INFO:meta-cli.py:Epoch 13/100	Loss 6.6603 ± 0.1487
INFO:meta-cli.py:Epoch 14/100	Loss 6.6307 ± 0.1487
INFO:meta-cli.py:Epoch 15/100	Loss 6.6042 ± 0.1387
INFO:meta-cli.py:Epoch 15/100	dev results	MRR 0.342597	H@1 0.252552	H@3 0.374451	H@5 0.439264	H@10 0.523838
INFO:meta-cli.py:Epoch 15/100	test results	MRR 0.335104	H@1 0.243721	H@3 0.369124	H@5 0.434550	H@10 0.517932
INFO:meta-cli.py:Epoch 16/100	Loss 6.5803 ± 0.1422
INFO:meta-cli.py:Epoch 17/100	Loss 6.5587 ± 0.1398
INFO:meta-cli.py:Epoch 18/100	Loss 6.5387 ± 0.1328
INFO:meta-cli.py:Epoch 18/100	dev results	MRR 0.343231	H@1 0.253493	H@3 0.374394	H@5 0.440433	H@10 0.524095
INFO:meta-cli.py:Epoch 18/100	test results	MRR 0.334924	H@1 0.243159	H@3 0.368978	H@5 0.434330	H@10 0.518690
INFO:meta-cli.py:Epoch 19/100	Loss 6.5205 ± 0.1350
INFO:meta-cli.py:Epoch 20/100	Loss 6.5035 ± 0.1333
INFO:meta-cli.py:Epoch 21/100	Loss 6.4880 ± 0.1302
INFO:meta-cli.py:Epoch 21/100	dev results	MRR 0.341844	H@1 0.251896	H@3 0.374736	H@5 0.438124	H@10 0.524180
INFO:meta-cli.py:Epoch 21/100	test results	MRR 0.334567	H@1 0.243013	H@3 0.368001	H@5 0.434135	H@10 0.517883
INFO:meta-cli.py:Epoch 22/100	Loss 6.4731 ± 0.1360
INFO:meta-cli.py:Epoch 23/100	Loss 6.4600 ± 0.1322
INFO:meta-cli.py:Epoch 24/100	Loss 6.4472 ± 0.1324
INFO:meta-cli.py:Epoch 24/100	dev results	MRR 0.342116	H@1 0.251754	H@3 0.375078	H@5 0.440006	H@10 0.523040
INFO:meta-cli.py:Epoch 24/100	test results	MRR 0.334787	H@1 0.243257	H@3 0.368709	H@5 0.434794	H@10 0.516979
INFO:meta-cli.py:Epoch 25/100	Loss 6.4354 ± 0.1313
INFO:meta-cli.py:Epoch 26/100	Loss 6.4242 ± 0.1320
INFO:meta-cli.py:Epoch 27/100	Loss 6.4134 ± 0.1328
INFO:meta-cli.py:Epoch 27/100	dev results	MRR 0.341139	H@1 0.250271	H@3 0.375278	H@5 0.438124	H@10 0.522897
INFO:meta-cli.py:Epoch 27/100	test results	MRR 0.334228	H@1 0.242891	H@3 0.368465	H@5 0.433499	H@10 0.517395
INFO:meta-cli.py:Epoch 28/100	Loss 6.4036 ± 0.1306
INFO:meta-cli.py:Epoch 29/100	Loss 6.3941 ± 0.1281
INFO:meta-cli.py:Epoch 30/100	Loss 6.3849 ± 0.1282
INFO:meta-cli.py:Epoch 30/100	dev results	MRR 0.341340	H@1 0.251155	H@3 0.375620	H@5 0.438010	H@10 0.520587
INFO:meta-cli.py:Epoch 30/100	test results	MRR 0.334357	H@1 0.243672	H@3 0.368514	H@5 0.433060	H@10 0.515587
INFO:meta-cli.py:Epoch 31/100	Loss 6.3763 ± 0.1276
INFO:meta-cli.py:Epoch 32/100	Loss 6.3683 ± 0.1309
INFO:meta-cli.py:Epoch 33/100	Loss 6.3604 ± 0.1272
INFO:meta-cli.py:Epoch 33/100	dev results	MRR 0.340420	H@1 0.249929	H@3 0.373938	H@5 0.438437	H@10 0.521443
INFO:meta-cli.py:Epoch 33/100	test results	MRR 0.333738	H@1 0.243013	H@3 0.366950	H@5 0.433133	H@10 0.516027
INFO:meta-cli.py:Epoch 34/100	Loss 6.3529 ± 0.1235
INFO:meta-cli.py:Epoch 35/100	Loss 6.3460 ± 0.1267
INFO:meta-cli.py:Epoch 36/100	Loss 6.3390 ± 0.1280
INFO:meta-cli.py:Epoch 36/100	dev results	MRR 0.340779	H@1 0.250727	H@3 0.373111	H@5 0.437382	H@10 0.520388
INFO:meta-cli.py:Epoch 36/100	test results	MRR 0.333547	H@1 0.242988	H@3 0.366950	H@5 0.432596	H@10 0.515025
INFO:meta-cli.py:Epoch 37/100	Loss 6.3324 ± 0.1260
INFO:meta-cli.py:Epoch 38/100	Loss 6.3263 ± 0.1253
INFO:meta-cli.py:Epoch 39/100	Loss 6.3199 ± 0.1221
INFO:meta-cli.py:Epoch 39/100	dev results	MRR 0.339102	H@1 0.248417	H@3 0.373881	H@5 0.436698	H@10 0.519504
INFO:meta-cli.py:Epoch 39/100	test results	MRR 0.333346	H@1 0.242842	H@3 0.365851	H@5 0.432522	H@10 0.514121
INFO:meta-cli.py:Epoch 40/100	Loss 6.3142 ± 0.1215
INFO:meta-cli.py:Epoch 41/100	Loss 6.3083 ± 0.1218
INFO:meta-cli.py:Epoch 42/100	Loss 6.3027 ± 0.1226
INFO:meta-cli.py:Epoch 42/100	dev results	MRR 0.339838	H@1 0.249644	H@3 0.373653	H@5 0.437325	H@10 0.519247
INFO:meta-cli.py:Epoch 42/100	test results	MRR 0.332858	H@1 0.241987	H@3 0.367683	H@5 0.432131	H@10 0.514145
INFO:meta-cli.py:Epoch 43/100	Loss 6.2979 ± 0.1246
INFO:meta-cli.py:Epoch 44/100	Loss 6.2926 ± 0.1238
INFO:meta-cli.py:Epoch 45/100	Loss 6.2876 ± 0.1211
INFO:meta-cli.py:Epoch 45/100	dev results	MRR 0.338451	H@1 0.248132	H@3 0.371315	H@5 0.436327	H@10 0.519561
INFO:meta-cli.py:Epoch 45/100	test results	MRR 0.332550	H@1 0.242353	H@3 0.365631	H@5 0.430446	H@10 0.513461
INFO:meta-cli.py:Epoch 46/100	Loss 6.2828 ± 0.1186
INFO:meta-cli.py:Epoch 47/100	Loss 6.2781 ± 0.1169
INFO:meta-cli.py:Epoch 48/100	Loss 6.2736 ± 0.1205
INFO:meta-cli.py:Epoch 48/100	dev results	MRR 0.338043	H@1 0.247020	H@3 0.372027	H@5 0.436983	H@10 0.519475
INFO:meta-cli.py:Epoch 48/100	test results	MRR 0.332118	H@1 0.241694	H@3 0.365655	H@5 0.430104	H@10 0.513486
INFO:meta-cli.py:Epoch 49/100	Loss 6.2693 ± 0.1196
INFO:meta-cli.py:Epoch 50/100	Loss 6.2651 ± 0.1217
INFO:meta-cli.py:Epoch 51/100	Loss 6.2610 ± 0.1162
INFO:meta-cli.py:Epoch 51/100	dev results	MRR 0.338645	H@1 0.248446	H@3 0.372512	H@5 0.435614	H@10 0.518705
INFO:meta-cli.py:Epoch 51/100	test results	MRR 0.332053	H@1 0.241718	H@3 0.365435	H@5 0.430323	H@10 0.512240
INFO:meta-cli.py:Epoch 52/100	Loss 6.2569 ± 0.1170
INFO:meta-cli.py:Epoch 53/100	Loss 6.2530 ± 0.1157
INFO:meta-cli.py:Epoch 54/100	Loss 6.2490 ± 0.1185
INFO:meta-cli.py:Epoch 54/100	dev results	MRR 0.337616	H@1 0.247448	H@3 0.371200	H@5 0.435472	H@10 0.518648
INFO:meta-cli.py:Epoch 54/100	test results	MRR 0.331367	H@1 0.240814	H@3 0.364996	H@5 0.429859	H@10 0.511263
INFO:meta-cli.py:Epoch 55/100	Loss 6.2454 ± 0.1185
INFO:meta-cli.py:Epoch 56/100	Loss 6.2417 ± 0.1196
INFO:meta-cli.py:Epoch 57/100	Loss 6.2385 ± 0.1178
INFO:meta-cli.py:Epoch 57/100	dev results	MRR 0.337563	H@1 0.247534	H@3 0.369974	H@5 0.434873	H@10 0.517793
INFO:meta-cli.py:Epoch 57/100	test results	MRR 0.331511	H@1 0.241498	H@3 0.365386	H@5 0.429762	H@10 0.511947
INFO:meta-cli.py:Epoch 58/100	Loss 6.2347 ± 0.1174
INFO:meta-cli.py:Epoch 59/100	Loss 6.2315 ± 0.1168
INFO:meta-cli.py:Epoch 60/100	Loss 6.2281 ± 0.1149
INFO:meta-cli.py:Epoch 60/100	dev results	MRR 0.336996	H@1 0.246650	H@3 0.370431	H@5 0.435101	H@10 0.517964
INFO:meta-cli.py:Epoch 60/100	test results	MRR 0.331610	H@1 0.241352	H@3 0.365997	H@5 0.430226	H@10 0.511531
INFO:meta-cli.py:Epoch 61/100	Loss 6.2250 ± 0.1189
INFO:meta-cli.py:Epoch 62/100	Loss 6.2218 ± 0.1157
INFO:meta-cli.py:Epoch 63/100	Loss 6.2188 ± 0.1162
INFO:meta-cli.py:Epoch 63/100	dev results	MRR 0.337196	H@1 0.247334	H@3 0.370545	H@5 0.435130	H@10 0.518420
INFO:meta-cli.py:Epoch 63/100	test results	MRR 0.330876	H@1 0.240399	H@3 0.365069	H@5 0.428980	H@10 0.511482
INFO:meta-cli.py:Epoch 64/100	Loss 6.2158 ± 0.1126
INFO:meta-cli.py:Epoch 65/100	Loss 6.2128 ± 0.1157
INFO:meta-cli.py:Epoch 66/100	Loss 6.2098 ± 0.1105
INFO:meta-cli.py:Epoch 66/100	dev results	MRR 0.336434	H@1 0.246478	H@3 0.369604	H@5 0.434075	H@10 0.517650
INFO:meta-cli.py:Epoch 66/100	test results	MRR 0.330718	H@1 0.240545	H@3 0.364825	H@5 0.428955	H@10 0.511873
INFO:meta-cli.py:Epoch 67/100	Loss 6.2072 ± 0.1165
INFO:meta-cli.py:Epoch 68/100	Loss 6.2045 ± 0.1179
INFO:meta-cli.py:Epoch 69/100	Loss 6.2018 ± 0.1160
INFO:meta-cli.py:Epoch 69/100	dev results	MRR 0.336742	H@1 0.247049	H@3 0.370459	H@5 0.432934	H@10 0.517565
INFO:meta-cli.py:Epoch 69/100	test results	MRR 0.330747	H@1 0.240545	H@3 0.365020	H@5 0.428809	H@10 0.510603
INFO:meta-cli.py:Epoch 70/100	Loss 6.1991 ± 0.1167
INFO:meta-cli.py:Epoch 71/100	Loss 6.1967 ± 0.1170
INFO:meta-cli.py:Epoch 72/100	Loss 6.1939 ± 0.1151
INFO:meta-cli.py:Epoch 72/100	dev results	MRR 0.335577	H@1 0.245423	H@3 0.369775	H@5 0.432678	H@10 0.516909
INFO:meta-cli.py:Epoch 72/100	test results	MRR 0.329659	H@1 0.238762	H@3 0.365289	H@5 0.429102	H@10 0.510823
INFO:meta-cli.py:Epoch 73/100	Loss 6.1914 ± 0.1117
INFO:meta-cli.py:Epoch 74/100	Loss 6.1889 ± 0.1160
INFO:meta-cli.py:Epoch 75/100	Loss 6.1866 ± 0.1112
INFO:meta-cli.py:Epoch 75/100	dev results	MRR 0.335551	H@1 0.245138	H@3 0.369033	H@5 0.433248	H@10 0.516367
INFO:meta-cli.py:Epoch 75/100	test results	MRR 0.329991	H@1 0.239617	H@3 0.364922	H@5 0.427978	H@10 0.509797
INFO:meta-cli.py:Epoch 76/100	Loss 6.1843 ± 0.1123
INFO:meta-cli.py:Epoch 77/100	Loss 6.1819 ± 0.1109
INFO:meta-cli.py:Epoch 78/100	Loss 6.1797 ± 0.1159
INFO:meta-cli.py:Epoch 78/100	dev results	MRR 0.335504	H@1 0.245623	H@3 0.368663	H@5 0.432107	H@10 0.516054
INFO:meta-cli.py:Epoch 78/100	test results	MRR 0.329600	H@1 0.239250	H@3 0.364605	H@5 0.427465	H@10 0.510139
INFO:meta-cli.py:Epoch 79/100	Loss 6.1774 ± 0.1107
INFO:meta-cli.py:Epoch 80/100	Loss 6.1752 ± 0.1120
INFO:meta-cli.py:Epoch 81/100	Loss 6.1731 ± 0.1175
INFO:meta-cli.py:Epoch 81/100	dev results	MRR 0.335414	H@1 0.245652	H@3 0.368748	H@5 0.431965	H@10 0.515997
INFO:meta-cli.py:Epoch 81/100	test results	MRR 0.329581	H@1 0.239446	H@3 0.364507	H@5 0.427221	H@10 0.509333
INFO:meta-cli.py:Epoch 82/100	Loss 6.1710 ± 0.1164
INFO:meta-cli.py:Epoch 83/100	Loss 6.1690 ± 0.1108
INFO:meta-cli.py:Epoch 84/100	Loss 6.1668 ± 0.1096
INFO:meta-cli.py:Epoch 84/100	dev results	MRR 0.334974	H@1 0.245167	H@3 0.368035	H@5 0.430796	H@10 0.515540
INFO:meta-cli.py:Epoch 84/100	test results	MRR 0.328861	H@1 0.238127	H@3 0.363847	H@5 0.427099	H@10 0.508795
INFO:meta-cli.py:Epoch 85/100	Loss 6.1648 ± 0.1100
INFO:meta-cli.py:Epoch 86/100	Loss 6.1629 ± 0.1096
INFO:meta-cli.py:Epoch 87/100	Loss 6.1608 ± 0.1106
INFO:meta-cli.py:Epoch 87/100	dev results	MRR 0.334512	H@1 0.244682	H@3 0.367551	H@5 0.431223	H@10 0.515654
INFO:meta-cli.py:Epoch 87/100	test results	MRR 0.329014	H@1 0.238640	H@3 0.363750	H@5 0.426732	H@10 0.508795
INFO:meta-cli.py:Epoch 88/100	Loss 6.1590 ± 0.1129
INFO:meta-cli.py:Epoch 89/100	Loss 6.1570 ± 0.1113
INFO:meta-cli.py:Epoch 90/100	Loss 6.1552 ± 0.1115
INFO:meta-cli.py:Epoch 90/100	dev results	MRR 0.334433	H@1 0.244625	H@3 0.368263	H@5 0.430910	H@10 0.515255
INFO:meta-cli.py:Epoch 90/100	test results	MRR 0.328475	H@1 0.237956	H@3 0.363847	H@5 0.426146	H@10 0.508306
INFO:meta-cli.py:Epoch 91/100	Loss 6.1535 ± 0.1086
INFO:meta-cli.py:Epoch 92/100	Loss 6.1515 ± 0.1125
INFO:meta-cli.py:Epoch 93/100	Loss 6.1496 ± 0.1074
INFO:meta-cli.py:Epoch 93/100	dev results	MRR 0.334162	H@1 0.244482	H@3 0.367465	H@5 0.430881	H@10 0.515170
INFO:meta-cli.py:Epoch 93/100	test results	MRR 0.328417	H@1 0.238102	H@3 0.363408	H@5 0.426219	H@10 0.507891
INFO:meta-cli.py:Epoch 94/100	Loss 6.1481 ± 0.1118
INFO:meta-cli.py:Epoch 95/100	Loss 6.1463 ± 0.1095
INFO:meta-cli.py:Epoch 96/100	Loss 6.1445 ± 0.1085
INFO:meta-cli.py:Epoch 96/100	dev results	MRR 0.334093	H@1 0.244169	H@3 0.368064	H@5 0.430767	H@10 0.514457
INFO:meta-cli.py:Epoch 96/100	test results	MRR 0.328153	H@1 0.238004	H@3 0.362553	H@5 0.425364	H@10 0.506401
INFO:meta-cli.py:Epoch 97/100	Loss 6.1428 ± 0.1095
INFO:meta-cli.py:Epoch 98/100	Loss 6.1413 ± 0.1052
INFO:meta-cli.py:Epoch 99/100	Loss 6.1396 ± 0.1127
INFO:meta-cli.py:Epoch 99/100	dev results	MRR 0.333689	H@1 0.244368	H@3 0.367208	H@5 0.429598	H@10 0.513915
INFO:meta-cli.py:Epoch 99/100	test results	MRR 0.328385	H@1 0.238420	H@3 0.363212	H@5 0.424998	H@10 0.507989
INFO:meta-cli.py:Epoch 100/100	Loss 6.1379 ± 0.1126
INFO:meta-cli.py:Final 	dev results	MRR 0.334004	H@1 0.244796	H@3 0.367636	H@5 0.429769	H@10 0.513858
INFO:meta-cli.py:Final 	test results	MRR 0.328177	H@1 0.238102	H@3 0.362333	H@5 0.425169	H@10 0.507378
INFO:meta-cli.py:Training finished
