./bin/meta-cli.py --train data/fb15k-237/train.tsv --dev data/fb15k-237/dev.tsv --test data/fb15k-237/test.tsv -m complex -k 1000 -b 100 -e 100 --F2 0 --N3 0.001 -l 0.1 -I reciprocal -V 3 -o adagrad -q
{'F2': 0.0,
 'N3': 0.001,
 'batch_size': 100,
 'dev': 'data/fb15k-237/dev.tsv',
 'embedding_size': 1000,
 'epochs': 100,
 'eval_batch_size': None,
 'input_type': 'reciprocal',
 'learning_rate': 0.1,
 'load': None,
 'model': 'complex',
 'optimizer': 'adagrad',
 'quiet': True,
 'save': None,
 'seed': 0,
 'test': 'data/fb15k-237/test.tsv',
 'test_i': None,
 'test_ii': None,
 'train': 'data/fb15k-237/train.tsv',
 'validate_every': 3}
INFO:meta-cli.py:Device: cuda
INFO:meta-cli.py:Model state:
INFO:meta-cli.py:	entities.weight	torch.Size([14541, 2000])
INFO:meta-cli.py:	predicates.weight	torch.Size([474, 2000])
INFO:meta-cli.py:Epoch 1/100	Loss 10.3906 ± 2.5604
INFO:meta-cli.py:Epoch 2/100	Loss 6.7846 ± 0.2603
INFO:meta-cli.py:Epoch 3/100	Loss 6.3694 ± 0.2761
INFO:meta-cli.py:Epoch 3/100	dev results	MRR 0.329856	H@1 0.241403	H@3 0.363131	H@5 0.422355	H@10 0.507442
INFO:meta-cli.py:Epoch 3/100	test results	MRR 0.326014	H@1 0.236221	H@3 0.360525	H@5 0.421577	H@10 0.505179
INFO:meta-cli.py:Epoch 4/100	Loss 6.1845 ± 0.2791
INFO:meta-cli.py:Epoch 5/100	Loss 6.0732 ± 0.2777
INFO:meta-cli.py:Epoch 6/100	Loss 5.9951 ± 0.2779
INFO:meta-cli.py:Epoch 6/100	dev results	MRR 0.337648	H@1 0.247876	H@3 0.371229	H@5 0.433191	H@10 0.517365
INFO:meta-cli.py:Epoch 6/100	test results	MRR 0.332347	H@1 0.241449	H@3 0.367781	H@5 0.429859	H@10 0.514145
INFO:meta-cli.py:Epoch 7/100	Loss 5.9390 ± 0.2759
INFO:meta-cli.py:Epoch 8/100	Loss 5.8932 ± 0.2754
INFO:meta-cli.py:Epoch 9/100	Loss 5.8568 ± 0.2742
INFO:meta-cli.py:Epoch 9/100	dev results	MRR 0.342145	H@1 0.252181	H@3 0.376447	H@5 0.438010	H@10 0.522127
INFO:meta-cli.py:Epoch 9/100	test results	MRR 0.336552	H@1 0.245065	H@3 0.372007	H@5 0.434623	H@10 0.517248
INFO:meta-cli.py:Epoch 10/100	Loss 5.8262 ± 0.2718
INFO:meta-cli.py:Epoch 11/100	Loss 5.8004 ± 0.2670
INFO:meta-cli.py:Epoch 12/100	Loss 5.7785 ± 0.2655
INFO:meta-cli.py:Epoch 12/100	dev results	MRR 0.345020	H@1 0.255175	H@3 0.378129	H@5 0.441089	H@10 0.524665
INFO:meta-cli.py:Epoch 12/100	test results	MRR 0.340353	H@1 0.249585	H@3 0.375012	H@5 0.436260	H@10 0.519887
INFO:meta-cli.py:Epoch 13/100	Loss 5.7592 ± 0.2673
INFO:meta-cli.py:Epoch 14/100	Loss 5.7419 ± 0.2685
INFO:meta-cli.py:Epoch 15/100	Loss 5.7264 ± 0.2590
INFO:meta-cli.py:Epoch 15/100	dev results	MRR 0.346094	H@1 0.256573	H@3 0.379669	H@5 0.442144	H@10 0.525093
INFO:meta-cli.py:Epoch 15/100	test results	MRR 0.341391	H@1 0.250611	H@3 0.376600	H@5 0.439705	H@10 0.521255
INFO:meta-cli.py:Epoch 16/100	Loss 5.7125 ± 0.2597
INFO:meta-cli.py:Epoch 17/100	Loss 5.6999 ± 0.2587
INFO:meta-cli.py:Epoch 18/100	Loss 5.6883 ± 0.2527
INFO:meta-cli.py:Epoch 18/100	dev results	MRR 0.347779	H@1 0.258540	H@3 0.379954	H@5 0.441859	H@10 0.527745
INFO:meta-cli.py:Epoch 18/100	test results	MRR 0.341749	H@1 0.251051	H@3 0.376869	H@5 0.438825	H@10 0.522208
INFO:meta-cli.py:Epoch 19/100	Loss 5.6779 ± 0.2531
INFO:meta-cli.py:Epoch 20/100	Loss 5.6680 ± 0.2528
INFO:meta-cli.py:Epoch 21/100	Loss 5.6588 ± 0.2518
INFO:meta-cli.py:Epoch 21/100	dev results	MRR 0.348008	H@1 0.258569	H@3 0.382179	H@5 0.444197	H@10 0.526775
INFO:meta-cli.py:Epoch 21/100	test results	MRR 0.343885	H@1 0.254080	H@3 0.379019	H@5 0.440609	H@10 0.522159
INFO:meta-cli.py:Epoch 22/100	Loss 5.6501 ± 0.2559
INFO:meta-cli.py:Epoch 23/100	Loss 5.6425 ± 0.2559
INFO:meta-cli.py:Epoch 24/100	Loss 5.6349 ± 0.2520
INFO:meta-cli.py:Epoch 24/100	dev results	MRR 0.348507	H@1 0.258455	H@3 0.382207	H@5 0.444482	H@10 0.528343
INFO:meta-cli.py:Epoch 24/100	test results	MRR 0.342953	H@1 0.251954	H@3 0.378823	H@5 0.441171	H@10 0.522940
INFO:meta-cli.py:Epoch 25/100	Loss 5.6281 ± 0.2539
INFO:meta-cli.py:Epoch 26/100	Loss 5.6216 ± 0.2540
INFO:meta-cli.py:Epoch 27/100	Loss 5.6152 ± 0.2538
INFO:meta-cli.py:Epoch 27/100	dev results	MRR 0.349816	H@1 0.260479	H@3 0.383034	H@5 0.445423	H@10 0.528001
INFO:meta-cli.py:Epoch 27/100	test results	MRR 0.344290	H@1 0.253103	H@3 0.380289	H@5 0.443027	H@10 0.523698
INFO:meta-cli.py:Epoch 28/100	Loss 5.6095 ± 0.2529
INFO:meta-cli.py:Epoch 29/100	Loss 5.6040 ± 0.2475
INFO:meta-cli.py:Epoch 30/100	Loss 5.5985 ± 0.2533
INFO:meta-cli.py:Epoch 30/100	dev results	MRR 0.350030	H@1 0.260251	H@3 0.384659	H@5 0.446507	H@10 0.528030
INFO:meta-cli.py:Epoch 30/100	test results	MRR 0.343625	H@1 0.252492	H@3 0.380851	H@5 0.441146	H@10 0.522794
INFO:meta-cli.py:Epoch 31/100	Loss 5.5935 ± 0.2473
INFO:meta-cli.py:Epoch 32/100	Loss 5.5889 ± 0.2503
INFO:meta-cli.py:Epoch 33/100	Loss 5.5842 ± 0.2496
INFO:meta-cli.py:Epoch 33/100	dev results	MRR 0.350493	H@1 0.260650	H@3 0.383319	H@5 0.446963	H@10 0.530026
INFO:meta-cli.py:Epoch 33/100	test results	MRR 0.345379	H@1 0.254886	H@3 0.380656	H@5 0.442466	H@10 0.524602
INFO:meta-cli.py:Epoch 34/100	Loss 5.5797 ± 0.2457
INFO:meta-cli.py:Epoch 35/100	Loss 5.5758 ± 0.2481
INFO:meta-cli.py:Epoch 36/100	Loss 5.5717 ± 0.2499
INFO:meta-cli.py:Epoch 36/100	dev results	MRR 0.351052	H@1 0.261334	H@3 0.384716	H@5 0.446165	H@10 0.528999
INFO:meta-cli.py:Epoch 36/100	test results	MRR 0.345564	H@1 0.254788	H@3 0.381218	H@5 0.442563	H@10 0.523942
INFO:meta-cli.py:Epoch 37/100	Loss 5.5677 ± 0.2487
INFO:meta-cli.py:Epoch 38/100	Loss 5.5642 ± 0.2473
INFO:meta-cli.py:Epoch 39/100	Loss 5.5604 ± 0.2450
INFO:meta-cli.py:Epoch 39/100	dev results	MRR 0.351781	H@1 0.262874	H@3 0.384745	H@5 0.446108	H@10 0.531024
INFO:meta-cli.py:Epoch 39/100	test results	MRR 0.345799	H@1 0.255179	H@3 0.381828	H@5 0.443663	H@10 0.523844
INFO:meta-cli.py:Epoch 40/100	Loss 5.5570 ± 0.2451
INFO:meta-cli.py:Epoch 41/100	Loss 5.5536 ± 0.2441
INFO:meta-cli.py:Epoch 42/100	Loss 5.5503 ± 0.2426
INFO:meta-cli.py:Epoch 42/100	dev results	MRR 0.351714	H@1 0.262247	H@3 0.385885	H@5 0.446393	H@10 0.529883
INFO:meta-cli.py:Epoch 42/100	test results	MRR 0.345727	H@1 0.254984	H@3 0.382195	H@5 0.443565	H@10 0.524357
INFO:meta-cli.py:Epoch 43/100	Loss 5.5474 ± 0.2455
INFO:meta-cli.py:Epoch 44/100	Loss 5.5443 ± 0.2439
INFO:meta-cli.py:Epoch 45/100	Loss 5.5414 ± 0.2474
INFO:meta-cli.py:Epoch 45/100	dev results	MRR 0.350737	H@1 0.260964	H@3 0.385572	H@5 0.446364	H@10 0.530596
INFO:meta-cli.py:Epoch 45/100	test results	MRR 0.345766	H@1 0.255595	H@3 0.382268	H@5 0.442441	H@10 0.523625
INFO:meta-cli.py:Epoch 46/100	Loss 5.5386 ± 0.2439
INFO:meta-cli.py:Epoch 47/100	Loss 5.5357 ± 0.2389
INFO:meta-cli.py:Epoch 48/100	Loss 5.5332 ± 0.2462
INFO:meta-cli.py:Epoch 48/100	dev results	MRR 0.351045	H@1 0.261078	H@3 0.385315	H@5 0.446336	H@10 0.530539
INFO:meta-cli.py:Epoch 48/100	test results	MRR 0.345991	H@1 0.255692	H@3 0.381364	H@5 0.441488	H@10 0.525139
INFO:meta-cli.py:Epoch 49/100	Loss 5.5307 ± 0.2416
INFO:meta-cli.py:Epoch 50/100	Loss 5.5283 ± 0.2427
INFO:meta-cli.py:Epoch 51/100	Loss 5.5258 ± 0.2403
INFO:meta-cli.py:Epoch 51/100	dev results	MRR 0.351792	H@1 0.262019	H@3 0.385857	H@5 0.447619	H@10 0.531081
INFO:meta-cli.py:Epoch 51/100	test results	MRR 0.345888	H@1 0.255204	H@3 0.381804	H@5 0.442954	H@10 0.525628
INFO:meta-cli.py:Epoch 52/100	Loss 5.5235 ± 0.2405
INFO:meta-cli.py:Epoch 53/100	Loss 5.5213 ± 0.2401
INFO:meta-cli.py:Epoch 54/100	Loss 5.5188 ± 0.2441
INFO:meta-cli.py:Epoch 54/100	dev results	MRR 0.351718	H@1 0.261933	H@3 0.386199	H@5 0.446650	H@10 0.530995
INFO:meta-cli.py:Epoch 54/100	test results	MRR 0.345865	H@1 0.255204	H@3 0.382195	H@5 0.442930	H@10 0.523796
INFO:meta-cli.py:Epoch 55/100	Loss 5.5167 ± 0.2423
INFO:meta-cli.py:Epoch 56/100	Loss 5.5147 ± 0.2414
INFO:meta-cli.py:Epoch 57/100	Loss 5.5127 ± 0.2415
INFO:meta-cli.py:Epoch 57/100	dev results	MRR 0.351908	H@1 0.262589	H@3 0.386085	H@5 0.446022	H@10 0.530482
INFO:meta-cli.py:Epoch 57/100	test results	MRR 0.345966	H@1 0.255448	H@3 0.382195	H@5 0.442490	H@10 0.525188
INFO:meta-cli.py:Epoch 58/100	Loss 5.5105 ± 0.2401
INFO:meta-cli.py:Epoch 59/100	Loss 5.5085 ± 0.2366
INFO:meta-cli.py:Epoch 60/100	Loss 5.5065 ± 0.2401
INFO:meta-cli.py:Epoch 60/100	dev results	MRR 0.352147	H@1 0.262418	H@3 0.385942	H@5 0.447990	H@10 0.531594
INFO:meta-cli.py:Epoch 60/100	test results	MRR 0.347081	H@1 0.257085	H@3 0.382464	H@5 0.443418	H@10 0.523991
INFO:meta-cli.py:Epoch 61/100	Loss 5.5049 ± 0.2412
INFO:meta-cli.py:Epoch 62/100	Loss 5.5027 ± 0.2411
INFO:meta-cli.py:Epoch 63/100	Loss 5.5012 ± 0.2395
INFO:meta-cli.py:Epoch 63/100	dev results	MRR 0.352266	H@1 0.262675	H@3 0.386228	H@5 0.447904	H@10 0.531109
INFO:meta-cli.py:Epoch 63/100	test results	MRR 0.347589	H@1 0.257378	H@3 0.383368	H@5 0.443247	H@10 0.525945
INFO:meta-cli.py:Epoch 64/100	Loss 5.4994 ± 0.2366
INFO:meta-cli.py:Epoch 65/100	Loss 5.4975 ± 0.2374
INFO:meta-cli.py:Epoch 66/100	Loss 5.4959 ± 0.2356
INFO:meta-cli.py:Epoch 66/100	dev results	MRR 0.352614	H@1 0.263359	H@3 0.386028	H@5 0.447419	H@10 0.531366
INFO:meta-cli.py:Epoch 66/100	test results	MRR 0.346876	H@1 0.256328	H@3 0.382610	H@5 0.444151	H@10 0.525823
INFO:meta-cli.py:Epoch 67/100	Loss 5.4943 ± 0.2400
INFO:meta-cli.py:Epoch 68/100	Loss 5.4928 ± 0.2412
INFO:meta-cli.py:Epoch 69/100	Loss 5.4912 ± 0.2406
INFO:meta-cli.py:Epoch 69/100	dev results	MRR 0.353273	H@1 0.264100	H@3 0.386171	H@5 0.447990	H@10 0.532022
INFO:meta-cli.py:Epoch 69/100	test results	MRR 0.347152	H@1 0.256767	H@3 0.382268	H@5 0.443858	H@10 0.525848
INFO:meta-cli.py:Epoch 70/100	Loss 5.4895 ± 0.2415
INFO:meta-cli.py:Epoch 71/100	Loss 5.4881 ± 0.2396
INFO:meta-cli.py:Epoch 72/100	Loss 5.4865 ± 0.2416
INFO:meta-cli.py:Epoch 72/100	dev results	MRR 0.352006	H@1 0.262133	H@3 0.386228	H@5 0.446906	H@10 0.530967
INFO:meta-cli.py:Epoch 72/100	test results	MRR 0.346351	H@1 0.255619	H@3 0.382683	H@5 0.442881	H@10 0.525994
INFO:meta-cli.py:Epoch 73/100	Loss 5.4852 ± 0.2375
INFO:meta-cli.py:Epoch 74/100	Loss 5.4837 ± 0.2387
INFO:meta-cli.py:Epoch 75/100	Loss 5.4823 ± 0.2338
INFO:meta-cli.py:Epoch 75/100	dev results	MRR 0.352722	H@1 0.263131	H@3 0.385800	H@5 0.448617	H@10 0.532050
INFO:meta-cli.py:Epoch 75/100	test results	MRR 0.346738	H@1 0.256132	H@3 0.382781	H@5 0.443809	H@10 0.525921
INFO:meta-cli.py:Epoch 76/100	Loss 5.4810 ± 0.2347
INFO:meta-cli.py:Epoch 77/100	Loss 5.4797 ± 0.2361
INFO:meta-cli.py:Epoch 78/100	Loss 5.4783 ± 0.2391
INFO:meta-cli.py:Epoch 78/100	dev results	MRR 0.352425	H@1 0.263216	H@3 0.385999	H@5 0.446849	H@10 0.531081
INFO:meta-cli.py:Epoch 78/100	test results	MRR 0.347513	H@1 0.257867	H@3 0.382854	H@5 0.443467	H@10 0.525750
INFO:meta-cli.py:Epoch 79/100	Loss 5.4770 ± 0.2375
INFO:meta-cli.py:Epoch 80/100	Loss 5.4757 ± 0.2365
INFO:meta-cli.py:Epoch 81/100	Loss 5.4745 ± 0.2392
INFO:meta-cli.py:Epoch 81/100	dev results	MRR 0.353194	H@1 0.263673	H@3 0.387368	H@5 0.447220	H@10 0.530910
INFO:meta-cli.py:Epoch 81/100	test results	MRR 0.347255	H@1 0.256621	H@3 0.383270	H@5 0.443589	H@10 0.526019
INFO:meta-cli.py:Epoch 82/100	Loss 5.4733 ± 0.2405
INFO:meta-cli.py:Epoch 83/100	Loss 5.4721 ± 0.2372
INFO:meta-cli.py:Epoch 84/100	Loss 5.4709 ± 0.2370
INFO:meta-cli.py:Epoch 84/100	dev results	MRR 0.352867	H@1 0.263416	H@3 0.386399	H@5 0.448218	H@10 0.531451
INFO:meta-cli.py:Epoch 84/100	test results	MRR 0.347673	H@1 0.257232	H@3 0.383197	H@5 0.444225	H@10 0.525774
INFO:meta-cli.py:Epoch 85/100	Loss 5.4696 ± 0.2361
INFO:meta-cli.py:Epoch 86/100	Loss 5.4686 ± 0.2348
INFO:meta-cli.py:Epoch 87/100	Loss 5.4673 ± 0.2374
INFO:meta-cli.py:Epoch 87/100	dev results	MRR 0.352733	H@1 0.263530	H@3 0.385971	H@5 0.448817	H@10 0.531109
INFO:meta-cli.py:Epoch 87/100	test results	MRR 0.347870	H@1 0.257329	H@3 0.383954	H@5 0.444689	H@10 0.525408
INFO:meta-cli.py:Epoch 88/100	Loss 5.4663 ± 0.2396
INFO:meta-cli.py:Epoch 89/100	Loss 5.4652 ± 0.2355
INFO:meta-cli.py:Epoch 90/100	Loss 5.4641 ± 0.2359
INFO:meta-cli.py:Epoch 90/100	dev results	MRR 0.353166	H@1 0.263701	H@3 0.386883	H@5 0.448760	H@10 0.530881
INFO:meta-cli.py:Epoch 90/100	test results	MRR 0.347150	H@1 0.256376	H@3 0.383563	H@5 0.443369	H@10 0.525921
INFO:meta-cli.py:Epoch 91/100	Loss 5.4631 ± 0.2354
INFO:meta-cli.py:Epoch 92/100	Loss 5.4619 ± 0.2385
INFO:meta-cli.py:Epoch 93/100	Loss 5.4609 ± 0.2332
INFO:meta-cli.py:Epoch 93/100	dev results	MRR 0.353010	H@1 0.263330	H@3 0.387881	H@5 0.447819	H@10 0.531252
INFO:meta-cli.py:Epoch 93/100	test results	MRR 0.347798	H@1 0.257574	H@3 0.383832	H@5 0.443418	H@10 0.525530
INFO:meta-cli.py:Epoch 94/100	Loss 5.4598 ± 0.2313
INFO:meta-cli.py:Epoch 95/100	Loss 5.4589 ± 0.2365
INFO:meta-cli.py:Epoch 96/100	Loss 5.4580 ± 0.2329
INFO:meta-cli.py:Epoch 96/100	dev results	MRR 0.353576	H@1 0.264414	H@3 0.386798	H@5 0.447933	H@10 0.531651
INFO:meta-cli.py:Epoch 96/100	test results	MRR 0.347579	H@1 0.257109	H@3 0.383612	H@5 0.443516	H@10 0.526532
INFO:meta-cli.py:Epoch 97/100	Loss 5.4570 ± 0.2365
INFO:meta-cli.py:Epoch 98/100	Loss 5.4560 ± 0.2336
INFO:meta-cli.py:Epoch 99/100	Loss 5.4550 ± 0.2391
INFO:meta-cli.py:Epoch 99/100	dev results	MRR 0.352718	H@1 0.263017	H@3 0.386798	H@5 0.447847	H@10 0.531508
INFO:meta-cli.py:Epoch 99/100	test results	MRR 0.347366	H@1 0.257158	H@3 0.382952	H@5 0.443638	H@10 0.525310
INFO:meta-cli.py:Epoch 100/100	Loss 5.4542 ± 0.2406
INFO:meta-cli.py:Final 	dev results	MRR 0.353390	H@1 0.264357	H@3 0.386655	H@5 0.447362	H@10 0.532449
INFO:meta-cli.py:Final 	test results	MRR 0.347250	H@1 0.256914	H@3 0.382586	H@5 0.443247	H@10 0.525652
INFO:meta-cli.py:Training finished
