./bin/meta-cli.py --train data/fb15k-237/train.tsv --dev data/fb15k-237/dev.tsv --test data/fb15k-237/test.tsv -m complex -k 2000 -b 1000 -e 100 --F2 0 --N3 0.05 -l 0.1 -I standard -V 3 -o adagrad -q
{'F2': 0.0,
 'N3': 0.05,
 'batch_size': 1000,
 'dev': 'data/fb15k-237/dev.tsv',
 'embedding_size': 2000,
 'epochs': 100,
 'eval_batch_size': None,
 'input_type': 'standard',
 'learning_rate': 0.1,
 'load': None,
 'model': 'complex',
 'optimizer': 'adagrad',
 'quiet': True,
 'save': None,
 'seed': 0,
 'test': 'data/fb15k-237/test.tsv',
 'test_i': None,
 'test_ii': None,
 'train': 'data/fb15k-237/train.tsv',
 'validate_every': 3}
INFO:meta-cli.py:Device: cuda
INFO:meta-cli.py:Model state:
INFO:meta-cli.py:	entities.weight	torch.Size([14541, 4000])
INFO:meta-cli.py:	predicates.weight	torch.Size([237, 4000])
INFO:meta-cli.py:Epoch 1/100	Loss 14.1666 ± 1.9870
INFO:meta-cli.py:Epoch 2/100	Loss 11.0372 ± 0.1246
INFO:meta-cli.py:Epoch 3/100	Loss 10.3404 ± 0.2022
INFO:meta-cli.py:Epoch 3/100	dev results	MRR 0.333415	H@1 0.241232	H@3 0.365840	H@5 0.432392	H@10 0.519361
INFO:meta-cli.py:Epoch 3/100	test results	MRR 0.325543	H@1 0.232996	H@3 0.357569	H@5 0.426952	H@10 0.513217
INFO:meta-cli.py:Epoch 4/100	Loss 10.0263 ± 0.2181
INFO:meta-cli.py:Epoch 5/100	Loss 9.8423 ± 0.2191
INFO:meta-cli.py:Epoch 6/100	Loss 9.7148 ± 0.2120
INFO:meta-cli.py:Epoch 6/100	dev results	MRR 0.346976	H@1 0.251497	H@3 0.380582	H@5 0.449872	H@10 0.538523
INFO:meta-cli.py:Epoch 6/100	test results	MRR 0.341213	H@1 0.247459	H@3 0.373131	H@5 0.443125	H@10 0.532493
INFO:meta-cli.py:Epoch 7/100	Loss 9.6225 ± 0.2035
INFO:meta-cli.py:Epoch 8/100	Loss 9.5490 ± 0.2033
INFO:meta-cli.py:Epoch 9/100	Loss 9.4907 ± 0.2044
INFO:meta-cli.py:Epoch 9/100	dev results	MRR 0.352560	H@1 0.258369	H@3 0.385543	H@5 0.452409	H@10 0.544825
INFO:meta-cli.py:Epoch 9/100	test results	MRR 0.346553	H@1 0.252370	H@3 0.380363	H@5 0.445764	H@10 0.537990
INFO:meta-cli.py:Epoch 10/100	Loss 9.4412 ± 0.1949
INFO:meta-cli.py:Epoch 11/100	Loss 9.3984 ± 0.1984
INFO:meta-cli.py:Epoch 12/100	Loss 9.3633 ± 0.1976
INFO:meta-cli.py:Epoch 12/100	dev results	MRR 0.353102	H@1 0.257913	H@3 0.387938	H@5 0.455917	H@10 0.546051
INFO:meta-cli.py:Epoch 12/100	test results	MRR 0.347035	H@1 0.251954	H@3 0.380900	H@5 0.451285	H@10 0.541825
INFO:meta-cli.py:Epoch 13/100	Loss 9.3317 ± 0.1865
INFO:meta-cli.py:Epoch 14/100	Loss 9.3033 ± 0.1917
INFO:meta-cli.py:Epoch 15/100	Loss 9.2773 ± 0.1826
INFO:meta-cli.py:Epoch 15/100	dev results	MRR 0.358052	H@1 0.261962	H@3 0.395438	H@5 0.461477	H@10 0.549986
INFO:meta-cli.py:Epoch 15/100	test results	MRR 0.352580	H@1 0.257158	H@3 0.388938	H@5 0.456269	H@10 0.543927
INFO:meta-cli.py:Epoch 16/100	Loss 9.2551 ± 0.1853
INFO:meta-cli.py:Epoch 17/100	Loss 9.2361 ± 0.1801
INFO:meta-cli.py:Epoch 18/100	Loss 9.2165 ± 0.1776
INFO:meta-cli.py:Epoch 18/100	dev results	MRR 0.359673	H@1 0.264899	H@3 0.393926	H@5 0.461363	H@10 0.551155
INFO:meta-cli.py:Epoch 18/100	test results	MRR 0.353533	H@1 0.260041	H@3 0.385811	H@5 0.453557	H@10 0.545148
INFO:meta-cli.py:Epoch 19/100	Loss 9.1987 ± 0.1710
INFO:meta-cli.py:Epoch 20/100	Loss 9.1836 ± 0.1708
INFO:meta-cli.py:Epoch 21/100	Loss 9.1695 ± 0.1640
INFO:meta-cli.py:Epoch 21/100	dev results	MRR 0.361038	H@1 0.266410	H@3 0.396920	H@5 0.462846	H@10 0.550898
INFO:meta-cli.py:Epoch 21/100	test results	MRR 0.354722	H@1 0.259699	H@3 0.391552	H@5 0.458565	H@10 0.544317
INFO:meta-cli.py:Epoch 22/100	Loss 9.1564 ± 0.1672
INFO:meta-cli.py:Epoch 23/100	Loss 9.1419 ± 0.1673
INFO:meta-cli.py:Epoch 24/100	Loss 9.1315 ± 0.1625
INFO:meta-cli.py:Epoch 24/100	dev results	MRR 0.361127	H@1 0.265355	H@3 0.397320	H@5 0.462789	H@10 0.551497
INFO:meta-cli.py:Epoch 24/100	test results	MRR 0.355600	H@1 0.260236	H@3 0.391234	H@5 0.457344	H@10 0.546418
INFO:meta-cli.py:Epoch 25/100	Loss 9.1190 ± 0.1628
INFO:meta-cli.py:Epoch 26/100	Loss 9.1083 ± 0.1564
INFO:meta-cli.py:Epoch 27/100	Loss 9.0998 ± 0.1598
INFO:meta-cli.py:Epoch 27/100	dev results	MRR 0.361412	H@1 0.265811	H@3 0.397291	H@5 0.465098	H@10 0.554890
INFO:meta-cli.py:Epoch 27/100	test results	MRR 0.355697	H@1 0.260652	H@3 0.391161	H@5 0.459909	H@10 0.546785
INFO:meta-cli.py:Epoch 28/100	Loss 9.0903 ± 0.1539
INFO:meta-cli.py:Epoch 29/100	Loss 9.0808 ± 0.1533
INFO:meta-cli.py:Epoch 30/100	Loss 9.0722 ± 0.1537
INFO:meta-cli.py:Epoch 30/100	dev results	MRR 0.361343	H@1 0.266210	H@3 0.397719	H@5 0.463074	H@10 0.551383
INFO:meta-cli.py:Epoch 30/100	test results	MRR 0.356191	H@1 0.261482	H@3 0.392944	H@5 0.459982	H@10 0.546321
INFO:meta-cli.py:Epoch 31/100	Loss 9.0643 ± 0.1499
INFO:meta-cli.py:Epoch 32/100	Loss 9.0562 ± 0.1492
INFO:meta-cli.py:Epoch 33/100	Loss 9.0490 ± 0.1435
INFO:meta-cli.py:Epoch 33/100	dev results	MRR 0.362976	H@1 0.268292	H@3 0.398916	H@5 0.464414	H@10 0.552495
INFO:meta-cli.py:Epoch 33/100	test results	MRR 0.357370	H@1 0.262631	H@3 0.392260	H@5 0.459934	H@10 0.546370
INFO:meta-cli.py:Epoch 34/100	Loss 9.0420 ± 0.1433
INFO:meta-cli.py:Epoch 35/100	Loss 9.0354 ± 0.1477
INFO:meta-cli.py:Epoch 36/100	Loss 9.0288 ± 0.1380
INFO:meta-cli.py:Epoch 36/100	dev results	MRR 0.363346	H@1 0.268577	H@3 0.398717	H@5 0.464614	H@10 0.552752
INFO:meta-cli.py:Epoch 36/100	test results	MRR 0.357925	H@1 0.263608	H@3 0.392334	H@5 0.460178	H@10 0.546589
INFO:meta-cli.py:Epoch 37/100	Loss 9.0227 ± 0.1398
INFO:meta-cli.py:Epoch 38/100	Loss 9.0176 ± 0.1460
INFO:meta-cli.py:Epoch 39/100	Loss 9.0113 ± 0.1378
INFO:meta-cli.py:Epoch 39/100	dev results	MRR 0.363199	H@1 0.268634	H@3 0.398004	H@5 0.465669	H@10 0.552894
INFO:meta-cli.py:Epoch 39/100	test results	MRR 0.357083	H@1 0.261580	H@3 0.393311	H@5 0.461375	H@10 0.547445
INFO:meta-cli.py:Epoch 40/100	Loss 9.0065 ± 0.1442
INFO:meta-cli.py:Epoch 41/100	Loss 8.9995 ± 0.1396
INFO:meta-cli.py:Epoch 42/100	Loss 8.9951 ± 0.1329
INFO:meta-cli.py:Epoch 42/100	dev results	MRR 0.363824	H@1 0.269376	H@3 0.398318	H@5 0.464557	H@10 0.553693
INFO:meta-cli.py:Epoch 42/100	test results	MRR 0.357319	H@1 0.262777	H@3 0.391796	H@5 0.459958	H@10 0.546565
INFO:meta-cli.py:Epoch 43/100	Loss 8.9904 ± 0.1359
INFO:meta-cli.py:Epoch 44/100	Loss 8.9847 ± 0.1334
INFO:meta-cli.py:Epoch 45/100	Loss 8.9816 ± 0.1396
INFO:meta-cli.py:Epoch 45/100	dev results	MRR 0.364513	H@1 0.270088	H@3 0.400998	H@5 0.465640	H@10 0.552837
INFO:meta-cli.py:Epoch 45/100	test results	MRR 0.357830	H@1 0.263364	H@3 0.394264	H@5 0.460349	H@10 0.546687
INFO:meta-cli.py:Epoch 46/100	Loss 8.9768 ± 0.1362
INFO:meta-cli.py:Epoch 47/100	Loss 8.9715 ± 0.1366
INFO:meta-cli.py:Epoch 48/100	Loss 8.9673 ± 0.1375
INFO:meta-cli.py:Epoch 48/100	dev results	MRR 0.364068	H@1 0.268492	H@3 0.400770	H@5 0.466866	H@10 0.553693
INFO:meta-cli.py:Epoch 48/100	test results	MRR 0.358907	H@1 0.263681	H@3 0.395021	H@5 0.461741	H@10 0.548471
INFO:meta-cli.py:Epoch 49/100	Loss 8.9637 ± 0.1355
INFO:meta-cli.py:Epoch 50/100	Loss 8.9593 ± 0.1234
INFO:meta-cli.py:Epoch 51/100	Loss 8.9559 ± 0.1262
INFO:meta-cli.py:Epoch 51/100	dev results	MRR 0.364510	H@1 0.269290	H@3 0.400770	H@5 0.465697	H@10 0.553750
INFO:meta-cli.py:Epoch 51/100	test results	MRR 0.358587	H@1 0.263412	H@3 0.394728	H@5 0.462108	H@10 0.548129
INFO:meta-cli.py:Epoch 52/100	Loss 8.9533 ± 0.1390
INFO:meta-cli.py:Epoch 53/100	Loss 8.9477 ± 0.1348
INFO:meta-cli.py:Epoch 54/100	Loss 8.9449 ± 0.1385
INFO:meta-cli.py:Epoch 54/100	dev results	MRR 0.364868	H@1 0.269803	H@3 0.401084	H@5 0.467437	H@10 0.553750
INFO:meta-cli.py:Epoch 54/100	test results	MRR 0.358770	H@1 0.264121	H@3 0.394923	H@5 0.461741	H@10 0.546687
INFO:meta-cli.py:Epoch 55/100	Loss 8.9411 ± 0.1255
INFO:meta-cli.py:Epoch 56/100	Loss 8.9395 ± 0.1350
INFO:meta-cli.py:Epoch 57/100	Loss 8.9360 ± 0.1267
INFO:meta-cli.py:Epoch 57/100	dev results	MRR 0.364261	H@1 0.268663	H@3 0.400228	H@5 0.467921	H@10 0.555261
INFO:meta-cli.py:Epoch 57/100	test results	MRR 0.358560	H@1 0.263608	H@3 0.393702	H@5 0.462254	H@10 0.547787
INFO:meta-cli.py:Epoch 58/100	Loss 8.9325 ± 0.1342
INFO:meta-cli.py:Epoch 59/100	Loss 8.9279 ± 0.1200
INFO:meta-cli.py:Epoch 60/100	Loss 8.9268 ± 0.1272
INFO:meta-cli.py:Epoch 60/100	dev results	MRR 0.365463	H@1 0.270345	H@3 0.403308	H@5 0.466153	H@10 0.553892
INFO:meta-cli.py:Epoch 60/100	test results	MRR 0.359738	H@1 0.265049	H@3 0.396169	H@5 0.461668	H@10 0.547860
INFO:meta-cli.py:Epoch 61/100	Loss 8.9235 ± 0.1237
INFO:meta-cli.py:Epoch 62/100	Loss 8.9201 ± 0.1265
INFO:meta-cli.py:Epoch 63/100	Loss 8.9168 ± 0.1201
INFO:meta-cli.py:Epoch 63/100	dev results	MRR 0.365507	H@1 0.269946	H@3 0.403450	H@5 0.468378	H@10 0.555061
INFO:meta-cli.py:Epoch 63/100	test results	MRR 0.358822	H@1 0.262899	H@3 0.395974	H@5 0.463525	H@10 0.549081
INFO:meta-cli.py:Epoch 64/100	Loss 8.9147 ± 0.1312
INFO:meta-cli.py:Epoch 65/100	Loss 8.9122 ± 0.1227
INFO:meta-cli.py:Epoch 66/100	Loss 8.9094 ± 0.1216
INFO:meta-cli.py:Epoch 66/100	dev results	MRR 0.364526	H@1 0.269404	H@3 0.401027	H@5 0.466439	H@10 0.554862
INFO:meta-cli.py:Epoch 66/100	test results	MRR 0.359999	H@1 0.265636	H@3 0.395339	H@5 0.462181	H@10 0.549301
INFO:meta-cli.py:Epoch 67/100	Loss 8.9069 ± 0.1190
INFO:meta-cli.py:Epoch 68/100	Loss 8.9046 ± 0.1226
INFO:meta-cli.py:Epoch 69/100	Loss 8.9010 ± 0.1265
INFO:meta-cli.py:Epoch 69/100	dev results	MRR 0.366027	H@1 0.271172	H@3 0.403564	H@5 0.468121	H@10 0.555004
INFO:meta-cli.py:Epoch 69/100	test results	MRR 0.360126	H@1 0.265465	H@3 0.396585	H@5 0.463329	H@10 0.549277
INFO:meta-cli.py:Epoch 70/100	Loss 8.8989 ± 0.1191
INFO:meta-cli.py:Epoch 71/100	Loss 8.8965 ± 0.1230
INFO:meta-cli.py:Epoch 72/100	Loss 8.8948 ± 0.1176
INFO:meta-cli.py:Epoch 72/100	dev results	MRR 0.366081	H@1 0.271571	H@3 0.402880	H@5 0.467978	H@10 0.554405
INFO:meta-cli.py:Epoch 72/100	test results	MRR 0.360261	H@1 0.266002	H@3 0.396120	H@5 0.463525	H@10 0.548910
INFO:meta-cli.py:Epoch 73/100	Loss 8.8927 ± 0.1267
INFO:meta-cli.py:Epoch 74/100	Loss 8.8900 ± 0.1238
INFO:meta-cli.py:Epoch 75/100	Loss 8.8879 ± 0.1235
INFO:meta-cli.py:Epoch 75/100	dev results	MRR 0.366354	H@1 0.271486	H@3 0.402566	H@5 0.467265	H@10 0.553721
INFO:meta-cli.py:Epoch 75/100	test results	MRR 0.360381	H@1 0.266466	H@3 0.395607	H@5 0.462670	H@10 0.547762
INFO:meta-cli.py:Epoch 76/100	Loss 8.8859 ± 0.1189
INFO:meta-cli.py:Epoch 77/100	Loss 8.8843 ± 0.1191
INFO:meta-cli.py:Epoch 78/100	Loss 8.8815 ± 0.1200
INFO:meta-cli.py:Epoch 78/100	dev results	MRR 0.364942	H@1 0.270459	H@3 0.400884	H@5 0.465298	H@10 0.554491
INFO:meta-cli.py:Epoch 78/100	test results	MRR 0.359714	H@1 0.264903	H@3 0.396878	H@5 0.462108	H@10 0.548544
INFO:meta-cli.py:Epoch 79/100	Loss 8.8806 ± 0.1206
INFO:meta-cli.py:Epoch 80/100	Loss 8.8778 ± 0.1181
INFO:meta-cli.py:Epoch 81/100	Loss 8.8755 ± 0.1152
INFO:meta-cli.py:Epoch 81/100	dev results	MRR 0.365665	H@1 0.270944	H@3 0.401825	H@5 0.467094	H@10 0.554862
INFO:meta-cli.py:Epoch 81/100	test results	MRR 0.359663	H@1 0.265025	H@3 0.395168	H@5 0.461815	H@10 0.548691
INFO:meta-cli.py:Epoch 82/100	Loss 8.8730 ± 0.1172
INFO:meta-cli.py:Epoch 83/100	Loss 8.8719 ± 0.1131
INFO:meta-cli.py:Epoch 84/100	Loss 8.8691 ± 0.1089
INFO:meta-cli.py:Epoch 84/100	dev results	MRR 0.365403	H@1 0.271229	H@3 0.401454	H@5 0.467750	H@10 0.553949
INFO:meta-cli.py:Epoch 84/100	test results	MRR 0.360007	H@1 0.266222	H@3 0.395265	H@5 0.462328	H@10 0.549399
INFO:meta-cli.py:Epoch 85/100	Loss 8.8678 ± 0.1132
INFO:meta-cli.py:Epoch 86/100	Loss 8.8660 ± 0.1129
INFO:meta-cli.py:Epoch 87/100	Loss 8.8652 ± 0.1148
INFO:meta-cli.py:Epoch 87/100	dev results	MRR 0.366086	H@1 0.271315	H@3 0.402709	H@5 0.467408	H@10 0.555831
INFO:meta-cli.py:Epoch 87/100	test results	MRR 0.360234	H@1 0.265636	H@3 0.396243	H@5 0.462841	H@10 0.550034
INFO:meta-cli.py:Epoch 88/100	Loss 8.8630 ± 0.1147
INFO:meta-cli.py:Epoch 89/100	Loss 8.8612 ± 0.1138
INFO:meta-cli.py:Epoch 90/100	Loss 8.8596 ± 0.1079
INFO:meta-cli.py:Epoch 90/100	dev results	MRR 0.365507	H@1 0.270801	H@3 0.400855	H@5 0.467037	H@10 0.555375
INFO:meta-cli.py:Epoch 90/100	test results	MRR 0.360521	H@1 0.266540	H@3 0.395632	H@5 0.463012	H@10 0.549423
INFO:meta-cli.py:Epoch 91/100	Loss 8.8577 ± 0.1093
INFO:meta-cli.py:Epoch 92/100	Loss 8.8559 ± 0.1148
INFO:meta-cli.py:Epoch 93/100	Loss 8.8541 ± 0.1181
INFO:meta-cli.py:Epoch 93/100	dev results	MRR 0.366596	H@1 0.272341	H@3 0.401711	H@5 0.466724	H@10 0.555147
INFO:meta-cli.py:Epoch 93/100	test results	MRR 0.360915	H@1 0.266613	H@3 0.396487	H@5 0.463378	H@10 0.549570
INFO:meta-cli.py:Epoch 94/100	Loss 8.8531 ± 0.1017
INFO:meta-cli.py:Epoch 95/100	Loss 8.8525 ± 0.1183
INFO:meta-cli.py:Epoch 96/100	Loss 8.8489 ± 0.1149
INFO:meta-cli.py:Epoch 96/100	dev results	MRR 0.366585	H@1 0.272084	H@3 0.402851	H@5 0.467094	H@10 0.555831
INFO:meta-cli.py:Epoch 96/100	test results	MRR 0.361586	H@1 0.267419	H@3 0.397635	H@5 0.463427	H@10 0.549570
INFO:meta-cli.py:Epoch 97/100	Loss 8.8490 ± 0.1113
INFO:meta-cli.py:Epoch 98/100	Loss 8.8462 ± 0.1039
INFO:meta-cli.py:Epoch 99/100	Loss 8.8457 ± 0.1084
INFO:meta-cli.py:Epoch 99/100	dev results	MRR 0.366500	H@1 0.272027	H@3 0.402082	H@5 0.467636	H@10 0.555774
INFO:meta-cli.py:Epoch 99/100	test results	MRR 0.361293	H@1 0.267248	H@3 0.396585	H@5 0.463745	H@10 0.549399
INFO:meta-cli.py:Epoch 100/100	Loss 8.8441 ± 0.1116
INFO:meta-cli.py:Final 	dev results	MRR 0.366156	H@1 0.271143	H@3 0.403593	H@5 0.467864	H@10 0.554776
INFO:meta-cli.py:Final 	test results	MRR 0.360456	H@1 0.265098	H@3 0.397806	H@5 0.463965	H@10 0.549106
INFO:meta-cli.py:Training finished
