./bin/meta-cli.py --train data/fb15k-237/train.tsv --dev data/fb15k-237/dev.tsv --test data/fb15k-237/test.tsv -m complex -k 1000 -b 100 -e 100 --F2 0 --N3 0.01 -l 0.1 -I reciprocal -V 3 -o adagrad -q
{'F2': 0.0,
 'N3': 0.01,
 'batch_size': 100,
 'dev': 'data/fb15k-237/dev.tsv',
 'embedding_size': 1000,
 'epochs': 100,
 'eval_batch_size': None,
 'input_type': 'reciprocal',
 'learning_rate': 0.1,
 'load': None,
 'model': 'complex',
 'optimizer': 'adagrad',
 'quiet': True,
 'save': None,
 'seed': 0,
 'test': 'data/fb15k-237/test.tsv',
 'test_i': None,
 'test_ii': None,
 'train': 'data/fb15k-237/train.tsv',
 'validate_every': 3}
INFO:meta-cli.py:Device: cuda
INFO:meta-cli.py:Model state:
INFO:meta-cli.py:	entities.weight	torch.Size([14541, 2000])
INFO:meta-cli.py:	predicates.weight	torch.Size([474, 2000])
INFO:meta-cli.py:Epoch 1/100	Loss 11.2635 ± 2.3088
INFO:meta-cli.py:Epoch 2/100	Loss 7.9152 ± 0.2406
INFO:meta-cli.py:Epoch 3/100	Loss 7.4605 ± 0.2510
INFO:meta-cli.py:Epoch 3/100	dev results	MRR 0.335469	H@1 0.246507	H@3 0.366667	H@5 0.429997	H@10 0.513516
INFO:meta-cli.py:Epoch 3/100	test results	MRR 0.331401	H@1 0.241498	H@3 0.364727	H@5 0.427343	H@10 0.508991
INFO:meta-cli.py:Epoch 4/100	Loss 7.2455 ± 0.2552
INFO:meta-cli.py:Epoch 5/100	Loss 7.1106 ± 0.2560
INFO:meta-cli.py:Epoch 6/100	Loss 7.0129 ± 0.2563
INFO:meta-cli.py:Epoch 6/100	dev results	MRR 0.343714	H@1 0.252837	H@3 0.377474	H@5 0.440348	H@10 0.524237
INFO:meta-cli.py:Epoch 6/100	test results	MRR 0.338433	H@1 0.247361	H@3 0.371885	H@5 0.437115	H@10 0.518152
INFO:meta-cli.py:Epoch 7/100	Loss 6.9401 ± 0.2556
INFO:meta-cli.py:Epoch 8/100	Loss 6.8799 ± 0.2556
INFO:meta-cli.py:Epoch 9/100	Loss 6.8311 ± 0.2549
INFO:meta-cli.py:Epoch 9/100	dev results	MRR 0.346759	H@1 0.255204	H@3 0.380553	H@5 0.444340	H@10 0.529940
INFO:meta-cli.py:Epoch 9/100	test results	MRR 0.340259	H@1 0.247557	H@3 0.377235	H@5 0.439998	H@10 0.523331
INFO:meta-cli.py:Epoch 10/100	Loss 6.7894 ± 0.2538
INFO:meta-cli.py:Epoch 11/100	Loss 6.7536 ± 0.2497
INFO:meta-cli.py:Epoch 12/100	Loss 6.7226 ± 0.2483
INFO:meta-cli.py:Epoch 12/100	dev results	MRR 0.348847	H@1 0.257086	H@3 0.384346	H@5 0.446336	H@10 0.531908
INFO:meta-cli.py:Epoch 12/100	test results	MRR 0.342971	H@1 0.250977	H@3 0.378433	H@5 0.441513	H@10 0.525652
INFO:meta-cli.py:Epoch 13/100	Loss 6.6952 ± 0.2504
INFO:meta-cli.py:Epoch 14/100	Loss 6.6705 ± 0.2523
INFO:meta-cli.py:Epoch 15/100	Loss 6.6484 ± 0.2442
INFO:meta-cli.py:Epoch 15/100	dev results	MRR 0.350074	H@1 0.258226	H@3 0.385315	H@5 0.447705	H@10 0.532307
INFO:meta-cli.py:Epoch 15/100	test results	MRR 0.344442	H@1 0.252687	H@3 0.378970	H@5 0.442221	H@10 0.527924
INFO:meta-cli.py:Epoch 16/100	Loss 6.6283 ± 0.2446
INFO:meta-cli.py:Epoch 17/100	Loss 6.6099 ± 0.2440
INFO:meta-cli.py:Epoch 18/100	Loss 6.5931 ± 0.2387
INFO:meta-cli.py:Epoch 18/100	dev results	MRR 0.351454	H@1 0.260336	H@3 0.385714	H@5 0.447448	H@10 0.534417
INFO:meta-cli.py:Epoch 18/100	test results	MRR 0.345064	H@1 0.253274	H@3 0.379654	H@5 0.444005	H@10 0.528731
INFO:meta-cli.py:Epoch 19/100	Loss 6.5778 ± 0.2389
INFO:meta-cli.py:Epoch 20/100	Loss 6.5633 ± 0.2396
INFO:meta-cli.py:Epoch 21/100	Loss 6.5500 ± 0.2383
INFO:meta-cli.py:Epoch 21/100	dev results	MRR 0.352106	H@1 0.260508	H@3 0.387482	H@5 0.448389	H@10 0.533818
INFO:meta-cli.py:Epoch 21/100	test results	MRR 0.345834	H@1 0.253298	H@3 0.381780	H@5 0.444420	H@10 0.530123
INFO:meta-cli.py:Epoch 22/100	Loss 6.5373 ± 0.2421
INFO:meta-cli.py:Epoch 23/100	Loss 6.5259 ± 0.2427
INFO:meta-cli.py:Epoch 24/100	Loss 6.5149 ± 0.2393
INFO:meta-cli.py:Epoch 24/100	dev results	MRR 0.351005	H@1 0.258911	H@3 0.386456	H@5 0.448474	H@10 0.534588
INFO:meta-cli.py:Epoch 24/100	test results	MRR 0.346007	H@1 0.254153	H@3 0.380778	H@5 0.443980	H@10 0.529659
INFO:meta-cli.py:Epoch 25/100	Loss 6.5047 ± 0.2409
INFO:meta-cli.py:Epoch 26/100	Loss 6.4951 ± 0.2413
INFO:meta-cli.py:Epoch 27/100	Loss 6.4858 ± 0.2413
INFO:meta-cli.py:Epoch 27/100	dev results	MRR 0.352374	H@1 0.260194	H@3 0.388537	H@5 0.449815	H@10 0.534360
INFO:meta-cli.py:Epoch 27/100	test results	MRR 0.346422	H@1 0.253982	H@3 0.382219	H@5 0.445471	H@10 0.529830
INFO:meta-cli.py:Epoch 28/100	Loss 6.4773 ± 0.2405
INFO:meta-cli.py:Epoch 29/100	Loss 6.4692 ± 0.2357
INFO:meta-cli.py:Epoch 30/100	Loss 6.4612 ± 0.2414
INFO:meta-cli.py:Epoch 30/100	dev results	MRR 0.353179	H@1 0.261534	H@3 0.388623	H@5 0.450699	H@10 0.535044
INFO:meta-cli.py:Epoch 30/100	test results	MRR 0.346437	H@1 0.254886	H@3 0.380729	H@5 0.444909	H@10 0.529219
INFO:meta-cli.py:Epoch 31/100	Loss 6.4538 ± 0.2355
INFO:meta-cli.py:Epoch 32/100	Loss 6.4469 ± 0.2384
INFO:meta-cli.py:Epoch 33/100	Loss 6.4400 ± 0.2381
INFO:meta-cli.py:Epoch 33/100	dev results	MRR 0.353117	H@1 0.261620	H@3 0.387454	H@5 0.450984	H@10 0.534845
INFO:meta-cli.py:Epoch 33/100	test results	MRR 0.347393	H@1 0.255497	H@3 0.382219	H@5 0.446057	H@10 0.531394
INFO:meta-cli.py:Epoch 34/100	Loss 6.4335 ± 0.2341
INFO:meta-cli.py:Epoch 35/100	Loss 6.4277 ± 0.2370
INFO:meta-cli.py:Epoch 36/100	Loss 6.4216 ± 0.2389
INFO:meta-cli.py:Epoch 36/100	dev results	MRR 0.353357	H@1 0.261905	H@3 0.387454	H@5 0.450385	H@10 0.534417
INFO:meta-cli.py:Epoch 36/100	test results	MRR 0.346915	H@1 0.254788	H@3 0.382048	H@5 0.445764	H@10 0.531174
INFO:meta-cli.py:Epoch 37/100	Loss 6.4159 ± 0.2379
INFO:meta-cli.py:Epoch 38/100	Loss 6.4106 ± 0.2359
INFO:meta-cli.py:Epoch 39/100	Loss 6.4051 ± 0.2344
INFO:meta-cli.py:Epoch 39/100	dev results	MRR 0.353183	H@1 0.261591	H@3 0.387283	H@5 0.451583	H@10 0.535130
INFO:meta-cli.py:Epoch 39/100	test results	MRR 0.347276	H@1 0.255155	H@3 0.381975	H@5 0.447669	H@10 0.530636
INFO:meta-cli.py:Epoch 40/100	Loss 6.4002 ± 0.2343
INFO:meta-cli.py:Epoch 41/100	Loss 6.3953 ± 0.2341
INFO:meta-cli.py:Epoch 42/100	Loss 6.3905 ± 0.2323
INFO:meta-cli.py:Epoch 42/100	dev results	MRR 0.354471	H@1 0.262675	H@3 0.390220	H@5 0.451868	H@10 0.536527
INFO:meta-cli.py:Epoch 42/100	test results	MRR 0.347994	H@1 0.255839	H@3 0.383319	H@5 0.447083	H@10 0.531736
INFO:meta-cli.py:Epoch 43/100	Loss 6.3862 ± 0.2353
INFO:meta-cli.py:Epoch 44/100	Loss 6.3818 ± 0.2336
INFO:meta-cli.py:Epoch 45/100	Loss 6.3775 ± 0.2375
INFO:meta-cli.py:Epoch 45/100	dev results	MRR 0.353240	H@1 0.261334	H@3 0.388281	H@5 0.450727	H@10 0.536413
INFO:meta-cli.py:Epoch 45/100	test results	MRR 0.347824	H@1 0.256083	H@3 0.383490	H@5 0.446374	H@10 0.532688
INFO:meta-cli.py:Epoch 46/100	Loss 6.3735 ± 0.2337
INFO:meta-cli.py:Epoch 47/100	Loss 6.3693 ± 0.2294
INFO:meta-cli.py:Epoch 48/100	Loss 6.3657 ± 0.2366
INFO:meta-cli.py:Epoch 48/100	dev results	MRR 0.353587	H@1 0.261762	H@3 0.388109	H@5 0.452039	H@10 0.536670
INFO:meta-cli.py:Epoch 48/100	test results	MRR 0.347851	H@1 0.255815	H@3 0.382439	H@5 0.447669	H@10 0.531149
INFO:meta-cli.py:Epoch 49/100	Loss 6.3620 ± 0.2317
INFO:meta-cli.py:Epoch 50/100	Loss 6.3585 ± 0.2334
INFO:meta-cli.py:Epoch 51/100	Loss 6.3549 ± 0.2309
INFO:meta-cli.py:Epoch 51/100	dev results	MRR 0.353573	H@1 0.261506	H@3 0.389364	H@5 0.451440	H@10 0.536727
INFO:meta-cli.py:Epoch 51/100	test results	MRR 0.348012	H@1 0.256132	H@3 0.382415	H@5 0.447230	H@10 0.531736
INFO:meta-cli.py:Epoch 52/100	Loss 6.3517 ± 0.2310
INFO:meta-cli.py:Epoch 53/100	Loss 6.3484 ± 0.2309
INFO:meta-cli.py:Epoch 54/100	Loss 6.3450 ± 0.2344
INFO:meta-cli.py:Epoch 54/100	dev results	MRR 0.353673	H@1 0.261876	H@3 0.388794	H@5 0.451697	H@10 0.536042
INFO:meta-cli.py:Epoch 54/100	test results	MRR 0.347532	H@1 0.255301	H@3 0.382024	H@5 0.446741	H@10 0.531271
INFO:meta-cli.py:Epoch 55/100	Loss 6.3419 ± 0.2332
INFO:meta-cli.py:Epoch 56/100	Loss 6.3390 ± 0.2325
INFO:meta-cli.py:Epoch 57/100	Loss 6.3361 ± 0.2324
INFO:meta-cli.py:Epoch 57/100	dev results	MRR 0.354076	H@1 0.262504	H@3 0.389421	H@5 0.451297	H@10 0.536128
INFO:meta-cli.py:Epoch 57/100	test results	MRR 0.348195	H@1 0.256279	H@3 0.383221	H@5 0.447620	H@10 0.531516
INFO:meta-cli.py:Epoch 58/100	Loss 6.3331 ± 0.2312
INFO:meta-cli.py:Epoch 59/100	Loss 6.3303 ± 0.2283
INFO:meta-cli.py:Epoch 60/100	Loss 6.3275 ± 0.2315
INFO:meta-cli.py:Epoch 60/100	dev results	MRR 0.353689	H@1 0.261563	H@3 0.389279	H@5 0.451668	H@10 0.537183
INFO:meta-cli.py:Epoch 60/100	test results	MRR 0.348310	H@1 0.256376	H@3 0.382781	H@5 0.448524	H@10 0.532004
INFO:meta-cli.py:Epoch 61/100	Loss 6.3251 ± 0.2321
INFO:meta-cli.py:Epoch 62/100	Loss 6.3222 ± 0.2326
INFO:meta-cli.py:Epoch 63/100	Loss 6.3199 ± 0.2311
INFO:meta-cli.py:Epoch 63/100	dev results	MRR 0.354760	H@1 0.263445	H@3 0.390048	H@5 0.452124	H@10 0.537924
INFO:meta-cli.py:Epoch 63/100	test results	MRR 0.349290	H@1 0.257500	H@3 0.384882	H@5 0.448793	H@10 0.532395
INFO:meta-cli.py:Epoch 64/100	Loss 6.3174 ± 0.2283
INFO:meta-cli.py:Epoch 65/100	Loss 6.3148 ± 0.2289
INFO:meta-cli.py:Epoch 66/100	Loss 6.3125 ± 0.2274
INFO:meta-cli.py:Epoch 66/100	dev results	MRR 0.354632	H@1 0.262618	H@3 0.390790	H@5 0.452238	H@10 0.537610
INFO:meta-cli.py:Epoch 66/100	test results	MRR 0.348598	H@1 0.256303	H@3 0.384369	H@5 0.449062	H@10 0.531711
INFO:meta-cli.py:Epoch 67/100	Loss 6.3103 ± 0.2313
INFO:meta-cli.py:Epoch 68/100	Loss 6.3081 ± 0.2326
INFO:meta-cli.py:Epoch 69/100	Loss 6.3059 ± 0.2322
INFO:meta-cli.py:Epoch 69/100	dev results	MRR 0.355009	H@1 0.263616	H@3 0.388480	H@5 0.452067	H@10 0.537553
INFO:meta-cli.py:Epoch 69/100	test results	MRR 0.349443	H@1 0.258038	H@3 0.383783	H@5 0.449013	H@10 0.531931
INFO:meta-cli.py:Epoch 70/100	Loss 6.3036 ± 0.2332
INFO:meta-cli.py:Epoch 71/100	Loss 6.3016 ± 0.2313
INFO:meta-cli.py:Epoch 72/100	Loss 6.2995 ± 0.2335
INFO:meta-cli.py:Epoch 72/100	dev results	MRR 0.354768	H@1 0.263216	H@3 0.388708	H@5 0.451611	H@10 0.538010
INFO:meta-cli.py:Epoch 72/100	test results	MRR 0.348348	H@1 0.256034	H@3 0.383978	H@5 0.447987	H@10 0.531833
INFO:meta-cli.py:Epoch 73/100	Loss 6.2976 ± 0.2292
INFO:meta-cli.py:Epoch 74/100	Loss 6.2955 ± 0.2308
INFO:meta-cli.py:Epoch 75/100	Loss 6.2936 ± 0.2259
INFO:meta-cli.py:Epoch 75/100	dev results	MRR 0.354731	H@1 0.263245	H@3 0.389421	H@5 0.453151	H@10 0.538466
INFO:meta-cli.py:Epoch 75/100	test results	MRR 0.349015	H@1 0.256841	H@3 0.384540	H@5 0.448158	H@10 0.532591
INFO:meta-cli.py:Epoch 76/100	Loss 6.2917 ± 0.2270
INFO:meta-cli.py:Epoch 77/100	Loss 6.2900 ± 0.2282
INFO:meta-cli.py:Epoch 78/100	Loss 6.2881 ± 0.2313
INFO:meta-cli.py:Epoch 78/100	dev results	MRR 0.354574	H@1 0.263017	H@3 0.388851	H@5 0.452524	H@10 0.537211
INFO:meta-cli.py:Epoch 78/100	test results	MRR 0.348826	H@1 0.256987	H@3 0.384247	H@5 0.448011	H@10 0.531833
INFO:meta-cli.py:Epoch 79/100	Loss 6.2862 ± 0.2300
INFO:meta-cli.py:Epoch 80/100	Loss 6.2845 ± 0.2292
INFO:meta-cli.py:Epoch 81/100	Loss 6.2828 ± 0.2315
INFO:meta-cli.py:Epoch 81/100	dev results	MRR 0.354899	H@1 0.263273	H@3 0.389165	H@5 0.452010	H@10 0.537981
INFO:meta-cli.py:Epoch 81/100	test results	MRR 0.348821	H@1 0.256425	H@3 0.384345	H@5 0.447767	H@10 0.532664
INFO:meta-cli.py:Epoch 82/100	Loss 6.2811 ± 0.2323
INFO:meta-cli.py:Epoch 83/100	Loss 6.2795 ± 0.2299
INFO:meta-cli.py:Epoch 84/100	Loss 6.2779 ± 0.2294
INFO:meta-cli.py:Epoch 84/100	dev results	MRR 0.354985	H@1 0.263131	H@3 0.390448	H@5 0.452780	H@10 0.538694
INFO:meta-cli.py:Epoch 84/100	test results	MRR 0.349209	H@1 0.257085	H@3 0.385200	H@5 0.449257	H@10 0.534105
INFO:meta-cli.py:Epoch 85/100	Loss 6.2761 ± 0.2289
INFO:meta-cli.py:Epoch 86/100	Loss 6.2747 ± 0.2273
INFO:meta-cli.py:Epoch 87/100	Loss 6.2731 ± 0.2296
INFO:meta-cli.py:Epoch 87/100	dev results	MRR 0.354638	H@1 0.262817	H@3 0.388908	H@5 0.452923	H@10 0.538181
INFO:meta-cli.py:Epoch 87/100	test results	MRR 0.349595	H@1 0.257500	H@3 0.385053	H@5 0.449135	H@10 0.532517
INFO:meta-cli.py:Epoch 88/100	Loss 6.2716 ± 0.2327
INFO:meta-cli.py:Epoch 89/100	Loss 6.2701 ± 0.2282
INFO:meta-cli.py:Epoch 90/100	Loss 6.2686 ± 0.2287
INFO:meta-cli.py:Epoch 90/100	dev results	MRR 0.354911	H@1 0.263245	H@3 0.390106	H@5 0.452039	H@10 0.537126
INFO:meta-cli.py:Epoch 90/100	test results	MRR 0.348416	H@1 0.255497	H@3 0.385127	H@5 0.449868	H@10 0.531882
INFO:meta-cli.py:Epoch 91/100	Loss 6.2673 ± 0.2283
INFO:meta-cli.py:Epoch 92/100	Loss 6.2657 ± 0.2313
INFO:meta-cli.py:Epoch 93/100	Loss 6.2643 ± 0.2263
INFO:meta-cli.py:Epoch 93/100	dev results	MRR 0.355269	H@1 0.263787	H@3 0.390334	H@5 0.453151	H@10 0.537924
INFO:meta-cli.py:Epoch 93/100	test results	MRR 0.348821	H@1 0.256621	H@3 0.384638	H@5 0.448182	H@10 0.532004
INFO:meta-cli.py:Epoch 94/100	Loss 6.2629 ± 0.2242
INFO:meta-cli.py:Epoch 95/100	Loss 6.2616 ± 0.2292
INFO:meta-cli.py:Epoch 96/100	Loss 6.2603 ± 0.2256
INFO:meta-cli.py:Epoch 96/100	dev results	MRR 0.354885	H@1 0.263245	H@3 0.389507	H@5 0.454577	H@10 0.537953
INFO:meta-cli.py:Epoch 96/100	test results	MRR 0.349041	H@1 0.256694	H@3 0.385298	H@5 0.449355	H@10 0.531882
INFO:meta-cli.py:Epoch 97/100	Loss 6.2591 ± 0.2293
INFO:meta-cli.py:Epoch 98/100	Loss 6.2577 ± 0.2269
INFO:meta-cli.py:Epoch 99/100	Loss 6.2565 ± 0.2317
INFO:meta-cli.py:Epoch 99/100	dev results	MRR 0.354803	H@1 0.262960	H@3 0.389820	H@5 0.452752	H@10 0.537496
INFO:meta-cli.py:Epoch 99/100	test results	MRR 0.349448	H@1 0.257354	H@3 0.384980	H@5 0.448866	H@10 0.531907
INFO:meta-cli.py:Epoch 100/100	Loss 6.2552 ± 0.2333
INFO:meta-cli.py:Final 	dev results	MRR 0.355182	H@1 0.263787	H@3 0.388936	H@5 0.452609	H@10 0.538437
INFO:meta-cli.py:Final 	test results	MRR 0.349027	H@1 0.256718	H@3 0.384442	H@5 0.448427	H@10 0.532224
INFO:meta-cli.py:Training finished
