./bin/meta-cli.py --train data/nations/train.tsv --dev data/nations/dev.tsv --test data/nations/test.tsv -m complex -k 1000 -b 100 -e 100 --F2 0 --N3 0.005 -l 0.1 -I reciprocal -V 3 -o adagrad -q
{'F2': 0.0,
 'N3': 0.005,
 'batch_size': 100,
 'dev': 'data/nations/dev.tsv',
 'embedding_size': 1000,
 'epochs': 100,
 'eval_batch_size': None,
 'input_type': 'reciprocal',
 'learning_rate': 0.1,
 'load': None,
 'model': 'complex',
 'optimizer': 'adagrad',
 'quiet': True,
 'save': None,
 'seed': 0,
 'test': 'data/nations/test.tsv',
 'test_i': None,
 'test_ii': None,
 'train': 'data/nations/train.tsv',
 'validate_every': 3}
INFO:meta-cli.py:Device: cpu
INFO:meta-cli.py:Model state:
INFO:meta-cli.py:	entities.weight	torch.Size([14, 2000])
INFO:meta-cli.py:	predicates.weight	torch.Size([110, 2000])
INFO:meta-cli.py:Epoch 1/100	Loss 5.5168 ± 0.2730
INFO:meta-cli.py:Epoch 2/100	Loss 4.6534 ± 0.1590
INFO:meta-cli.py:Epoch 3/100	Loss 4.2857 ± 0.2228
INFO:meta-cli.py:Epoch 3/100	dev results	MRR 0.796959	H@1 0.685930	H@3 0.894472	H@5 0.962312	H@10 1.000000
INFO:meta-cli.py:Epoch 3/100	test results	MRR 0.808478	H@1 0.696517	H@3 0.910448	H@5 0.955224	H@10 1.000000
INFO:meta-cli.py:Epoch 4/100	Loss 4.1151 ± 0.1942
INFO:meta-cli.py:Epoch 5/100	Loss 4.0159 ± 0.2109
INFO:meta-cli.py:Epoch 6/100	Loss 3.9442 ± 0.2301
INFO:meta-cli.py:Epoch 6/100	dev results	MRR 0.808467	H@1 0.706030	H@3 0.886935	H@5 0.962312	H@10 0.997487
INFO:meta-cli.py:Epoch 6/100	test results	MRR 0.813563	H@1 0.701493	H@3 0.907960	H@5 0.962687	H@10 1.000000
INFO:meta-cli.py:Epoch 7/100	Loss 3.8914 ± 0.2079
INFO:meta-cli.py:Epoch 8/100	Loss 3.8565 ± 0.2219
INFO:meta-cli.py:Epoch 9/100	Loss 3.8193 ± 0.2117
INFO:meta-cli.py:Epoch 9/100	dev results	MRR 0.810258	H@1 0.708543	H@3 0.896985	H@5 0.964824	H@10 1.000000
INFO:meta-cli.py:Epoch 9/100	test results	MRR 0.818708	H@1 0.708955	H@3 0.917910	H@5 0.967662	H@10 1.000000
INFO:meta-cli.py:Epoch 10/100	Loss 3.7941 ± 0.2204
INFO:meta-cli.py:Epoch 11/100	Loss 3.7707 ± 0.1685
INFO:meta-cli.py:Epoch 12/100	Loss 3.7516 ± 0.1973
INFO:meta-cli.py:Epoch 12/100	dev results	MRR 0.820602	H@1 0.721106	H@3 0.909548	H@5 0.969849	H@10 1.000000
INFO:meta-cli.py:Epoch 12/100	test results	MRR 0.818780	H@1 0.706468	H@3 0.920398	H@5 0.977612	H@10 1.000000
INFO:meta-cli.py:Epoch 13/100	Loss 3.7359 ± 0.1690
INFO:meta-cli.py:Epoch 14/100	Loss 3.7214 ± 0.2043
INFO:meta-cli.py:Epoch 15/100	Loss 3.7063 ± 0.1823
INFO:meta-cli.py:Epoch 15/100	dev results	MRR 0.817119	H@1 0.713568	H@3 0.907035	H@5 0.964824	H@10 1.000000
INFO:meta-cli.py:Epoch 15/100	test results	MRR 0.813764	H@1 0.701493	H@3 0.910448	H@5 0.972637	H@10 1.000000
INFO:meta-cli.py:Epoch 16/100	Loss 3.6959 ± 0.1859
INFO:meta-cli.py:Epoch 17/100	Loss 3.6841 ± 0.1762
INFO:meta-cli.py:Epoch 18/100	Loss 3.6747 ± 0.1736
INFO:meta-cli.py:Epoch 18/100	dev results	MRR 0.811494	H@1 0.706030	H@3 0.896985	H@5 0.959799	H@10 1.000000
INFO:meta-cli.py:Epoch 18/100	test results	MRR 0.810499	H@1 0.699005	H@3 0.910448	H@5 0.977612	H@10 1.000000
INFO:meta-cli.py:Epoch 19/100	Loss 3.6623 ± 0.1316
INFO:meta-cli.py:Epoch 20/100	Loss 3.6575 ± 0.1926
INFO:meta-cli.py:Epoch 21/100	Loss 3.6481 ± 0.1714
INFO:meta-cli.py:Epoch 21/100	dev results	MRR 0.804117	H@1 0.693467	H@3 0.891960	H@5 0.959799	H@10 1.000000
INFO:meta-cli.py:Epoch 21/100	test results	MRR 0.809272	H@1 0.694030	H@3 0.910448	H@5 0.970149	H@10 1.000000
INFO:meta-cli.py:Epoch 22/100	Loss 3.6400 ± 0.1174
INFO:meta-cli.py:Epoch 23/100	Loss 3.6333 ± 0.1774
INFO:meta-cli.py:Epoch 24/100	Loss 3.6313 ± 0.1599
INFO:meta-cli.py:Epoch 24/100	dev results	MRR 0.805924	H@1 0.698492	H@3 0.891960	H@5 0.959799	H@10 1.000000
INFO:meta-cli.py:Epoch 24/100	test results	MRR 0.810802	H@1 0.694030	H@3 0.917910	H@5 0.975124	H@10 1.000000
INFO:meta-cli.py:Epoch 25/100	Loss 3.6213 ± 0.1440
INFO:meta-cli.py:Epoch 26/100	Loss 3.6145 ± 0.1450
INFO:meta-cli.py:Epoch 27/100	Loss 3.6131 ± 0.1421
INFO:meta-cli.py:Epoch 27/100	dev results	MRR 0.806050	H@1 0.695980	H@3 0.896985	H@5 0.954774	H@10 1.000000
INFO:meta-cli.py:Epoch 27/100	test results	MRR 0.809088	H@1 0.694030	H@3 0.907960	H@5 0.972637	H@10 1.000000
INFO:meta-cli.py:Epoch 28/100	Loss 3.6050 ± 0.1544
INFO:meta-cli.py:Epoch 29/100	Loss 3.6021 ± 0.1378
INFO:meta-cli.py:Epoch 30/100	Loss 3.5978 ± 0.1653
INFO:meta-cli.py:Epoch 30/100	dev results	MRR 0.803764	H@1 0.690955	H@3 0.894472	H@5 0.959799	H@10 1.000000
INFO:meta-cli.py:Epoch 30/100	test results	MRR 0.801840	H@1 0.679104	H@3 0.915423	H@5 0.975124	H@10 1.000000
INFO:meta-cli.py:Epoch 31/100	Loss 3.5937 ± 0.1597
INFO:meta-cli.py:Epoch 32/100	Loss 3.5897 ± 0.1367
INFO:meta-cli.py:Epoch 33/100	Loss 3.5883 ± 0.1344
INFO:meta-cli.py:Epoch 33/100	dev results	MRR 0.798219	H@1 0.683417	H@3 0.894472	H@5 0.959799	H@10 1.000000
INFO:meta-cli.py:Epoch 33/100	test results	MRR 0.802849	H@1 0.676617	H@3 0.915423	H@5 0.975124	H@10 1.000000
INFO:meta-cli.py:Epoch 34/100	Loss 3.5839 ± 0.1586
INFO:meta-cli.py:Epoch 35/100	Loss 3.5796 ± 0.1262
INFO:meta-cli.py:Epoch 36/100	Loss 3.5768 ± 0.1368
INFO:meta-cli.py:Epoch 36/100	dev results	MRR 0.794163	H@1 0.675879	H@3 0.899497	H@5 0.954774	H@10 1.000000
INFO:meta-cli.py:Epoch 36/100	test results	MRR 0.801460	H@1 0.679104	H@3 0.915423	H@5 0.970149	H@10 1.000000
INFO:meta-cli.py:Epoch 37/100	Loss 3.5703 ± 0.1512
INFO:meta-cli.py:Epoch 38/100	Loss 3.5700 ± 0.1415
INFO:meta-cli.py:Epoch 39/100	Loss 3.5680 ± 0.1550
INFO:meta-cli.py:Epoch 39/100	dev results	MRR 0.799618	H@1 0.685930	H@3 0.894472	H@5 0.957286	H@10 1.000000
INFO:meta-cli.py:Epoch 39/100	test results	MRR 0.801395	H@1 0.679104	H@3 0.912935	H@5 0.972637	H@10 1.000000
INFO:meta-cli.py:Epoch 40/100	Loss 3.5647 ± 0.1518
INFO:meta-cli.py:Epoch 41/100	Loss 3.5599 ± 0.1255
INFO:meta-cli.py:Epoch 42/100	Loss 3.5582 ± 0.1490
INFO:meta-cli.py:Epoch 42/100	dev results	MRR 0.799869	H@1 0.688442	H@3 0.894472	H@5 0.959799	H@10 1.000000
INFO:meta-cli.py:Epoch 42/100	test results	MRR 0.796095	H@1 0.669154	H@3 0.910448	H@5 0.970149	H@10 1.000000
INFO:meta-cli.py:Epoch 43/100	Loss 3.5556 ± 0.1377
INFO:meta-cli.py:Epoch 44/100	Loss 3.5546 ± 0.1316
INFO:meta-cli.py:Epoch 45/100	Loss 3.5509 ± 0.1389
INFO:meta-cli.py:Epoch 45/100	dev results	MRR 0.791159	H@1 0.673367	H@3 0.894472	H@5 0.949749	H@10 1.000000
INFO:meta-cli.py:Epoch 45/100	test results	MRR 0.799702	H@1 0.679104	H@3 0.907960	H@5 0.972637	H@10 1.000000
INFO:meta-cli.py:Epoch 46/100	Loss 3.5497 ± 0.1358
INFO:meta-cli.py:Epoch 47/100	Loss 3.5481 ± 0.1102
INFO:meta-cli.py:Epoch 48/100	Loss 3.5437 ± 0.1157
INFO:meta-cli.py:Epoch 48/100	dev results	MRR 0.790133	H@1 0.673367	H@3 0.891960	H@5 0.952261	H@10 1.000000
INFO:meta-cli.py:Epoch 48/100	test results	MRR 0.796565	H@1 0.671642	H@3 0.910448	H@5 0.972637	H@10 1.000000
INFO:meta-cli.py:Epoch 49/100	Loss 3.5416 ± 0.1429
INFO:meta-cli.py:Epoch 50/100	Loss 3.5422 ± 0.1234
INFO:meta-cli.py:Epoch 51/100	Loss 3.5398 ± 0.1190
INFO:meta-cli.py:Epoch 51/100	dev results	MRR 0.792555	H@1 0.675879	H@3 0.894472	H@5 0.954774	H@10 1.000000
INFO:meta-cli.py:Epoch 51/100	test results	MRR 0.794579	H@1 0.669154	H@3 0.912935	H@5 0.970149	H@10 1.000000
INFO:meta-cli.py:Epoch 52/100	Loss 3.5370 ± 0.1474
INFO:meta-cli.py:Epoch 53/100	Loss 3.5346 ± 0.1447
INFO:meta-cli.py:Epoch 54/100	Loss 3.5332 ± 0.1678
INFO:meta-cli.py:Epoch 54/100	dev results	MRR 0.791173	H@1 0.673367	H@3 0.891960	H@5 0.957286	H@10 1.000000
INFO:meta-cli.py:Epoch 54/100	test results	MRR 0.793577	H@1 0.666667	H@3 0.910448	H@5 0.970149	H@10 1.000000
INFO:meta-cli.py:Epoch 55/100	Loss 3.5318 ± 0.1492
INFO:meta-cli.py:Epoch 56/100	Loss 3.5282 ± 0.1418
INFO:meta-cli.py:Epoch 57/100	Loss 3.5278 ± 0.1232
INFO:meta-cli.py:Epoch 57/100	dev results	MRR 0.790312	H@1 0.673367	H@3 0.891960	H@5 0.954774	H@10 1.000000
INFO:meta-cli.py:Epoch 57/100	test results	MRR 0.795017	H@1 0.669154	H@3 0.910448	H@5 0.970149	H@10 1.000000
INFO:meta-cli.py:Epoch 58/100	Loss 3.5274 ± 0.1272
INFO:meta-cli.py:Epoch 59/100	Loss 3.5241 ± 0.1029
INFO:meta-cli.py:Epoch 60/100	Loss 3.5221 ± 0.1131
INFO:meta-cli.py:Epoch 60/100	dev results	MRR 0.790361	H@1 0.673367	H@3 0.896985	H@5 0.957286	H@10 1.000000
INFO:meta-cli.py:Epoch 60/100	test results	MRR 0.787945	H@1 0.656716	H@3 0.912935	H@5 0.970149	H@10 1.000000
INFO:meta-cli.py:Epoch 61/100	Loss 3.5229 ± 0.1304
INFO:meta-cli.py:Epoch 62/100	Loss 3.5219 ± 0.1379
INFO:meta-cli.py:Epoch 63/100	Loss 3.5194 ± 0.1170
INFO:meta-cli.py:Epoch 63/100	dev results	MRR 0.791659	H@1 0.675879	H@3 0.894472	H@5 0.952261	H@10 1.000000
INFO:meta-cli.py:Epoch 63/100	test results	MRR 0.786601	H@1 0.659204	H@3 0.912935	H@5 0.972637	H@10 1.000000
INFO:meta-cli.py:Epoch 64/100	Loss 3.5181 ± 0.1436
INFO:meta-cli.py:Epoch 65/100	Loss 3.5152 ± 0.1411
INFO:meta-cli.py:Epoch 66/100	Loss 3.5146 ± 0.1291
INFO:meta-cli.py:Epoch 66/100	dev results	MRR 0.786758	H@1 0.665829	H@3 0.891960	H@5 0.952261	H@10 1.000000
INFO:meta-cli.py:Epoch 66/100	test results	MRR 0.786684	H@1 0.656716	H@3 0.912935	H@5 0.975124	H@10 1.000000
INFO:meta-cli.py:Epoch 67/100	Loss 3.5134 ± 0.1251
INFO:meta-cli.py:Epoch 68/100	Loss 3.5127 ± 0.1330
INFO:meta-cli.py:Epoch 69/100	Loss 3.5098 ± 0.1322
INFO:meta-cli.py:Epoch 69/100	dev results	MRR 0.788273	H@1 0.668342	H@3 0.889447	H@5 0.954774	H@10 1.000000
INFO:meta-cli.py:Epoch 69/100	test results	MRR 0.786228	H@1 0.656716	H@3 0.912935	H@5 0.965174	H@10 1.000000
INFO:meta-cli.py:Epoch 70/100	Loss 3.5099 ± 0.0939
INFO:meta-cli.py:Epoch 71/100	Loss 3.5088 ± 0.1076
INFO:meta-cli.py:Epoch 72/100	Loss 3.5072 ± 0.1515
INFO:meta-cli.py:Epoch 72/100	dev results	MRR 0.786155	H@1 0.665829	H@3 0.889447	H@5 0.952261	H@10 1.000000
INFO:meta-cli.py:Epoch 72/100	test results	MRR 0.783989	H@1 0.651741	H@3 0.905473	H@5 0.975124	H@10 1.000000
INFO:meta-cli.py:Epoch 73/100	Loss 3.5057 ± 0.1147
INFO:meta-cli.py:Epoch 74/100	Loss 3.5057 ± 0.1346
INFO:meta-cli.py:Epoch 75/100	Loss 3.5053 ± 0.1271
INFO:meta-cli.py:Epoch 75/100	dev results	MRR 0.787027	H@1 0.668342	H@3 0.894472	H@5 0.952261	H@10 1.000000
INFO:meta-cli.py:Epoch 75/100	test results	MRR 0.785191	H@1 0.654229	H@3 0.907960	H@5 0.967662	H@10 1.000000
INFO:meta-cli.py:Epoch 76/100	Loss 3.5039 ± 0.1234
INFO:meta-cli.py:Epoch 77/100	Loss 3.5028 ± 0.1153
INFO:meta-cli.py:Epoch 78/100	Loss 3.5011 ± 0.1142
INFO:meta-cli.py:Epoch 78/100	dev results	MRR 0.787889	H@1 0.668342	H@3 0.889447	H@5 0.954774	H@10 1.000000
INFO:meta-cli.py:Epoch 78/100	test results	MRR 0.784942	H@1 0.654229	H@3 0.905473	H@5 0.970149	H@10 1.000000
INFO:meta-cli.py:Epoch 79/100	Loss 3.5004 ± 0.1085
INFO:meta-cli.py:Epoch 80/100	Loss 3.4998 ± 0.1300
INFO:meta-cli.py:Epoch 81/100	Loss 3.4985 ± 0.0994
INFO:meta-cli.py:Epoch 81/100	dev results	MRR 0.786598	H@1 0.665829	H@3 0.889447	H@5 0.954774	H@10 1.000000
INFO:meta-cli.py:Epoch 81/100	test results	MRR 0.785315	H@1 0.654229	H@3 0.905473	H@5 0.965174	H@10 1.000000
INFO:meta-cli.py:Epoch 82/100	Loss 3.4975 ± 0.1210
INFO:meta-cli.py:Epoch 83/100	Loss 3.4955 ± 0.1013
INFO:meta-cli.py:Epoch 84/100	Loss 3.4954 ± 0.1313
INFO:meta-cli.py:Epoch 84/100	dev results	MRR 0.787679	H@1 0.668342	H@3 0.891960	H@5 0.954774	H@10 1.000000
INFO:meta-cli.py:Epoch 84/100	test results	MRR 0.783533	H@1 0.649254	H@3 0.912935	H@5 0.967662	H@10 1.000000
INFO:meta-cli.py:Epoch 85/100	Loss 3.4954 ± 0.1513
INFO:meta-cli.py:Epoch 86/100	Loss 3.4936 ± 0.1012
INFO:meta-cli.py:Epoch 87/100	Loss 3.4947 ± 0.1236
INFO:meta-cli.py:Epoch 87/100	dev results	MRR 0.785376	H@1 0.663317	H@3 0.884422	H@5 0.954774	H@10 1.000000
INFO:meta-cli.py:Epoch 87/100	test results	MRR 0.779698	H@1 0.646766	H@3 0.907960	H@5 0.967662	H@10 1.000000
INFO:meta-cli.py:Epoch 88/100	Loss 3.4930 ± 0.1094
INFO:meta-cli.py:Epoch 89/100	Loss 3.4912 ± 0.1320
INFO:meta-cli.py:Epoch 90/100	Loss 3.4900 ± 0.0970
INFO:meta-cli.py:Epoch 90/100	dev results	MRR 0.787051	H@1 0.665829	H@3 0.891960	H@5 0.952261	H@10 1.000000
INFO:meta-cli.py:Epoch 90/100	test results	MRR 0.781439	H@1 0.649254	H@3 0.907960	H@5 0.970149	H@10 1.000000
INFO:meta-cli.py:Epoch 91/100	Loss 3.4901 ± 0.1072
INFO:meta-cli.py:Epoch 92/100	Loss 3.4886 ± 0.0999
INFO:meta-cli.py:Epoch 93/100	Loss 3.4879 ± 0.1337
INFO:meta-cli.py:Epoch 93/100	dev results	MRR 0.784664	H@1 0.663317	H@3 0.886935	H@5 0.952261	H@10 1.000000
INFO:meta-cli.py:Epoch 93/100	test results	MRR 0.781308	H@1 0.646766	H@3 0.910448	H@5 0.967662	H@10 1.000000
INFO:meta-cli.py:Epoch 94/100	Loss 3.4867 ± 0.1193
INFO:meta-cli.py:Epoch 95/100	Loss 3.4877 ± 0.1424
INFO:meta-cli.py:Epoch 96/100	Loss 3.4854 ± 0.1358
INFO:meta-cli.py:Epoch 96/100	dev results	MRR 0.785460	H@1 0.665829	H@3 0.891960	H@5 0.954774	H@10 1.000000
INFO:meta-cli.py:Epoch 96/100	test results	MRR 0.777127	H@1 0.641791	H@3 0.907960	H@5 0.965174	H@10 1.000000
INFO:meta-cli.py:Epoch 97/100	Loss 3.4855 ± 0.1259
INFO:meta-cli.py:Epoch 98/100	Loss 3.4840 ± 0.1115
INFO:meta-cli.py:Epoch 99/100	Loss 3.4838 ± 0.1185
INFO:meta-cli.py:Epoch 99/100	dev results	MRR 0.785879	H@1 0.665829	H@3 0.886935	H@5 0.954774	H@10 1.000000
INFO:meta-cli.py:Epoch 99/100	test results	MRR 0.779822	H@1 0.646766	H@3 0.905473	H@5 0.965174	H@10 1.000000
INFO:meta-cli.py:Epoch 100/100	Loss 3.4827 ± 0.1009
INFO:meta-cli.py:Final 	dev results	MRR 0.785795	H@1 0.665829	H@3 0.886935	H@5 0.952261	H@10 1.000000
INFO:meta-cli.py:Final 	test results	MRR 0.781110	H@1 0.649254	H@3 0.905473	H@5 0.965174	H@10 1.000000
INFO:meta-cli.py:Training finished
