./bin/meta-cli.py --train data/kinship/train.tsv --dev data/kinship/dev.tsv --test data/kinship/test.tsv -m complex -k 100 -b 100 -e 100 --F2 0 --N3 0.001 -l 0.1 -I reciprocal -V 3 -o adagrad -q
{'F2': 0.0,
 'N3': 0.001,
 'batch_size': 100,
 'dev': 'data/kinship/dev.tsv',
 'embedding_size': 100,
 'epochs': 100,
 'eval_batch_size': None,
 'input_type': 'reciprocal',
 'learning_rate': 0.1,
 'load': None,
 'model': 'complex',
 'optimizer': 'adagrad',
 'quiet': True,
 'save': None,
 'seed': 0,
 'test': 'data/kinship/test.tsv',
 'test_i': None,
 'test_ii': None,
 'train': 'data/kinship/train.tsv',
 'validate_every': 3}
INFO:meta-cli.py:Device: cpu
INFO:meta-cli.py:Model state:
INFO:meta-cli.py:	entities.weight	torch.Size([104, 200])
INFO:meta-cli.py:	predicates.weight	torch.Size([50, 200])
INFO:meta-cli.py:Epoch 1/100	Loss 6.9273 ± 1.2395
INFO:meta-cli.py:Epoch 2/100	Loss 5.3326 ± 0.1421
INFO:meta-cli.py:Epoch 3/100	Loss 5.0315 ± 0.1633
INFO:meta-cli.py:Epoch 3/100	dev results	MRR 0.819791	H@1 0.720037	H@3 0.904963	H@5 0.949906	H@10 0.975655
INFO:meta-cli.py:Epoch 3/100	test results	MRR 0.821027	H@1 0.722533	H@3 0.903631	H@5 0.947393	H@10 0.982775
INFO:meta-cli.py:Epoch 4/100	Loss 4.8707 ± 0.1782
INFO:meta-cli.py:Epoch 5/100	Loss 4.7656 ± 0.1663
INFO:meta-cli.py:Epoch 6/100	Loss 4.6901 ± 0.1587
INFO:meta-cli.py:Epoch 6/100	dev results	MRR 0.827503	H@1 0.733146	H@3 0.911049	H@5 0.947097	H@10 0.974251
INFO:meta-cli.py:Epoch 6/100	test results	MRR 0.831181	H@1 0.736499	H@3 0.914339	H@5 0.949255	H@10 0.982775
INFO:meta-cli.py:Epoch 7/100	Loss 4.6315 ± 0.1528
INFO:meta-cli.py:Epoch 8/100	Loss 4.5857 ± 0.1564
INFO:meta-cli.py:Epoch 9/100	Loss 4.5496 ± 0.1440
INFO:meta-cli.py:Epoch 9/100	dev results	MRR 0.817801	H@1 0.721910	H@3 0.897004	H@5 0.944757	H@10 0.972846
INFO:meta-cli.py:Epoch 9/100	test results	MRR 0.828355	H@1 0.732775	H@3 0.909218	H@5 0.948790	H@10 0.980912
INFO:meta-cli.py:Epoch 10/100	Loss 4.5183 ± 0.1409
INFO:meta-cli.py:Epoch 11/100	Loss 4.4925 ± 0.1529
INFO:meta-cli.py:Epoch 12/100	Loss 4.4711 ± 0.1445
INFO:meta-cli.py:Epoch 12/100	dev results	MRR 0.811762	H@1 0.713951	H@3 0.895599	H@5 0.941479	H@10 0.970037
INFO:meta-cli.py:Epoch 12/100	test results	MRR 0.818907	H@1 0.719739	H@3 0.901769	H@5 0.945531	H@10 0.979516
INFO:meta-cli.py:Epoch 13/100	Loss 4.4524 ± 0.1362
INFO:meta-cli.py:Epoch 14/100	Loss 4.4349 ± 0.1347
INFO:meta-cli.py:Epoch 15/100	Loss 4.4206 ± 0.1365
INFO:meta-cli.py:Epoch 15/100	dev results	MRR 0.809360	H@1 0.712547	H@3 0.890449	H@5 0.937266	H@10 0.970037
INFO:meta-cli.py:Epoch 15/100	test results	MRR 0.814534	H@1 0.713687	H@3 0.900372	H@5 0.943203	H@10 0.979516
INFO:meta-cli.py:Epoch 16/100	Loss 4.4072 ± 0.1322
INFO:meta-cli.py:Epoch 17/100	Loss 4.3952 ± 0.1203
INFO:meta-cli.py:Epoch 18/100	Loss 4.3853 ± 0.1321
INFO:meta-cli.py:Epoch 18/100	dev results	MRR 0.802355	H@1 0.702247	H@3 0.885300	H@5 0.935393	H@10 0.968633
INFO:meta-cli.py:Epoch 18/100	test results	MRR 0.808629	H@1 0.705307	H@3 0.895717	H@5 0.940410	H@10 0.979050
INFO:meta-cli.py:Epoch 19/100	Loss 4.3749 ± 0.1353
INFO:meta-cli.py:Epoch 20/100	Loss 4.3657 ± 0.1272
INFO:meta-cli.py:Epoch 21/100	Loss 4.3580 ± 0.1319
INFO:meta-cli.py:Epoch 21/100	dev results	MRR 0.800298	H@1 0.698502	H@3 0.885300	H@5 0.932584	H@10 0.967228
INFO:meta-cli.py:Epoch 21/100	test results	MRR 0.806863	H@1 0.705307	H@3 0.886406	H@5 0.936220	H@10 0.979050
INFO:meta-cli.py:Epoch 22/100	Loss 4.3502 ± 0.1332
INFO:meta-cli.py:Epoch 23/100	Loss 4.3435 ± 0.1163
INFO:meta-cli.py:Epoch 24/100	Loss 4.3373 ± 0.1316
INFO:meta-cli.py:Epoch 24/100	dev results	MRR 0.796784	H@1 0.693352	H@3 0.881554	H@5 0.933521	H@10 0.964888
INFO:meta-cli.py:Epoch 24/100	test results	MRR 0.800613	H@1 0.694134	H@3 0.884078	H@5 0.936220	H@10 0.979050
INFO:meta-cli.py:Epoch 25/100	Loss 4.3312 ± 0.1156
INFO:meta-cli.py:Epoch 26/100	Loss 4.3254 ± 0.1295
INFO:meta-cli.py:Epoch 27/100	Loss 4.3204 ± 0.1250
INFO:meta-cli.py:Epoch 27/100	dev results	MRR 0.793038	H@1 0.689607	H@3 0.877809	H@5 0.930243	H@10 0.964419
INFO:meta-cli.py:Epoch 27/100	test results	MRR 0.797296	H@1 0.689944	H@3 0.882216	H@5 0.933426	H@10 0.977654
INFO:meta-cli.py:Epoch 28/100	Loss 4.3158 ± 0.1196
INFO:meta-cli.py:Epoch 29/100	Loss 4.3112 ± 0.1116
INFO:meta-cli.py:Epoch 30/100	Loss 4.3064 ± 0.1263
INFO:meta-cli.py:Epoch 30/100	dev results	MRR 0.788545	H@1 0.682116	H@3 0.875468	H@5 0.928839	H@10 0.964419
INFO:meta-cli.py:Epoch 30/100	test results	MRR 0.796410	H@1 0.689479	H@3 0.880354	H@5 0.931564	H@10 0.976723
INFO:meta-cli.py:Epoch 31/100	Loss 4.3027 ± 0.1202
INFO:meta-cli.py:Epoch 32/100	Loss 4.2987 ± 0.1174
INFO:meta-cli.py:Epoch 33/100	Loss 4.2947 ± 0.1079
INFO:meta-cli.py:Epoch 33/100	dev results	MRR 0.786517	H@1 0.681180	H@3 0.872659	H@5 0.926498	H@10 0.965356
INFO:meta-cli.py:Epoch 33/100	test results	MRR 0.793225	H@1 0.684358	H@3 0.878026	H@5 0.929236	H@10 0.977188
INFO:meta-cli.py:Epoch 34/100	Loss 4.2915 ± 0.1187
INFO:meta-cli.py:Epoch 35/100	Loss 4.2882 ± 0.1081
INFO:meta-cli.py:Epoch 36/100	Loss 4.2846 ± 0.1129
INFO:meta-cli.py:Epoch 36/100	dev results	MRR 0.786024	H@1 0.681180	H@3 0.870787	H@5 0.925562	H@10 0.963951
INFO:meta-cli.py:Epoch 36/100	test results	MRR 0.791155	H@1 0.682030	H@3 0.872905	H@5 0.927840	H@10 0.977188
INFO:meta-cli.py:Epoch 37/100	Loss 4.2816 ± 0.1085
INFO:meta-cli.py:Epoch 38/100	Loss 4.2788 ± 0.1134
INFO:meta-cli.py:Epoch 39/100	Loss 4.2761 ± 0.1171
INFO:meta-cli.py:Epoch 39/100	dev results	MRR 0.783534	H@1 0.676966	H@3 0.872659	H@5 0.926030	H@10 0.963483
INFO:meta-cli.py:Epoch 39/100	test results	MRR 0.789885	H@1 0.680168	H@3 0.876164	H@5 0.926909	H@10 0.976723
INFO:meta-cli.py:Epoch 40/100	Loss 4.2732 ± 0.1226
INFO:meta-cli.py:Epoch 41/100	Loss 4.2711 ± 0.1038
INFO:meta-cli.py:Epoch 42/100	Loss 4.2681 ± 0.1140
INFO:meta-cli.py:Epoch 42/100	dev results	MRR 0.782384	H@1 0.676030	H@3 0.868914	H@5 0.925562	H@10 0.963483
INFO:meta-cli.py:Epoch 42/100	test results	MRR 0.786865	H@1 0.676909	H@3 0.870112	H@5 0.928305	H@10 0.975791
INFO:meta-cli.py:Epoch 43/100	Loss 4.2660 ± 0.1210
INFO:meta-cli.py:Epoch 44/100	Loss 4.2639 ± 0.1216
INFO:meta-cli.py:Epoch 45/100	Loss 4.2614 ± 0.1071
INFO:meta-cli.py:Epoch 45/100	dev results	MRR 0.779585	H@1 0.670412	H@3 0.869850	H@5 0.925094	H@10 0.963015
INFO:meta-cli.py:Epoch 45/100	test results	MRR 0.785685	H@1 0.674115	H@3 0.871043	H@5 0.926443	H@10 0.975791
INFO:meta-cli.py:Epoch 46/100	Loss 4.2593 ± 0.1272
INFO:meta-cli.py:Epoch 47/100	Loss 4.2574 ± 0.1129
INFO:meta-cli.py:Epoch 48/100	Loss 4.2553 ± 0.1227
INFO:meta-cli.py:Epoch 48/100	dev results	MRR 0.777143	H@1 0.666667	H@3 0.868446	H@5 0.925094	H@10 0.963015
INFO:meta-cli.py:Epoch 48/100	test results	MRR 0.784420	H@1 0.672719	H@3 0.870112	H@5 0.926443	H@10 0.976257
INFO:meta-cli.py:Epoch 49/100	Loss 4.2534 ± 0.1130
INFO:meta-cli.py:Epoch 50/100	Loss 4.2519 ± 0.1111
INFO:meta-cli.py:Epoch 51/100	Loss 4.2500 ± 0.1090
INFO:meta-cli.py:Epoch 51/100	dev results	MRR 0.774849	H@1 0.663390	H@3 0.867509	H@5 0.924157	H@10 0.961142
INFO:meta-cli.py:Epoch 51/100	test results	MRR 0.784044	H@1 0.672719	H@3 0.869181	H@5 0.924581	H@10 0.973929
INFO:meta-cli.py:Epoch 52/100	Loss 4.2481 ± 0.1074
INFO:meta-cli.py:Epoch 53/100	Loss 4.2467 ± 0.1078
INFO:meta-cli.py:Epoch 54/100	Loss 4.2449 ± 0.1063
INFO:meta-cli.py:Epoch 54/100	dev results	MRR 0.772029	H@1 0.659176	H@3 0.866105	H@5 0.924157	H@10 0.961142
INFO:meta-cli.py:Epoch 54/100	test results	MRR 0.782807	H@1 0.670391	H@3 0.869646	H@5 0.924115	H@10 0.973929
INFO:meta-cli.py:Epoch 55/100	Loss 4.2436 ± 0.1190
INFO:meta-cli.py:Epoch 56/100	Loss 4.2416 ± 0.1048
INFO:meta-cli.py:Epoch 57/100	Loss 4.2404 ± 0.1174
INFO:meta-cli.py:Epoch 57/100	dev results	MRR 0.771284	H@1 0.658240	H@3 0.863296	H@5 0.922285	H@10 0.959738
INFO:meta-cli.py:Epoch 57/100	test results	MRR 0.780155	H@1 0.667132	H@3 0.867784	H@5 0.921322	H@10 0.973929
INFO:meta-cli.py:Epoch 58/100	Loss 4.2392 ± 0.1145
INFO:meta-cli.py:Epoch 59/100	Loss 4.2373 ± 0.1144
INFO:meta-cli.py:Epoch 60/100	Loss 4.2361 ± 0.1109
INFO:meta-cli.py:Epoch 60/100	dev results	MRR 0.767901	H@1 0.653090	H@3 0.865637	H@5 0.921348	H@10 0.960206
INFO:meta-cli.py:Epoch 60/100	test results	MRR 0.780215	H@1 0.667132	H@3 0.868250	H@5 0.921788	H@10 0.973464
INFO:meta-cli.py:Epoch 61/100	Loss 4.2349 ± 0.1091
INFO:meta-cli.py:Epoch 62/100	Loss 4.2334 ± 0.1131
INFO:meta-cli.py:Epoch 63/100	Loss 4.2322 ± 0.1132
INFO:meta-cli.py:Epoch 63/100	dev results	MRR 0.769016	H@1 0.654963	H@3 0.865169	H@5 0.922285	H@10 0.960206
INFO:meta-cli.py:Epoch 63/100	test results	MRR 0.777646	H@1 0.662942	H@3 0.866387	H@5 0.921788	H@10 0.973464
INFO:meta-cli.py:Epoch 64/100	Loss 4.2311 ± 0.1067
INFO:meta-cli.py:Epoch 65/100	Loss 4.2299 ± 0.1088
INFO:meta-cli.py:Epoch 66/100	Loss 4.2285 ± 0.1119
INFO:meta-cli.py:Epoch 66/100	dev results	MRR 0.768437	H@1 0.654026	H@3 0.865637	H@5 0.921348	H@10 0.959738
INFO:meta-cli.py:Epoch 66/100	test results	MRR 0.777869	H@1 0.663408	H@3 0.864525	H@5 0.921788	H@10 0.973464
INFO:meta-cli.py:Epoch 67/100	Loss 4.2279 ± 0.1104
INFO:meta-cli.py:Epoch 68/100	Loss 4.2265 ± 0.1162
INFO:meta-cli.py:Epoch 69/100	Loss 4.2255 ± 0.1001
INFO:meta-cli.py:Epoch 69/100	dev results	MRR 0.767144	H@1 0.652622	H@3 0.862828	H@5 0.920412	H@10 0.959738
INFO:meta-cli.py:Epoch 69/100	test results	MRR 0.775743	H@1 0.660149	H@3 0.864060	H@5 0.920391	H@10 0.973929
INFO:meta-cli.py:Epoch 70/100	Loss 4.2246 ± 0.1107
INFO:meta-cli.py:Epoch 71/100	Loss 4.2234 ± 0.1029
INFO:meta-cli.py:Epoch 72/100	Loss 4.2225 ± 0.1062
INFO:meta-cli.py:Epoch 72/100	dev results	MRR 0.766103	H@1 0.650749	H@3 0.862360	H@5 0.919944	H@10 0.959270
INFO:meta-cli.py:Epoch 72/100	test results	MRR 0.773765	H@1 0.656425	H@3 0.864060	H@5 0.920391	H@10 0.973929
INFO:meta-cli.py:Epoch 73/100	Loss 4.2218 ± 0.1047
INFO:meta-cli.py:Epoch 74/100	Loss 4.2207 ± 0.1076
INFO:meta-cli.py:Epoch 75/100	Loss 4.2197 ± 0.1080
INFO:meta-cli.py:Epoch 75/100	dev results	MRR 0.764795	H@1 0.648876	H@3 0.862828	H@5 0.919944	H@10 0.959270
INFO:meta-cli.py:Epoch 75/100	test results	MRR 0.774353	H@1 0.657821	H@3 0.863594	H@5 0.919926	H@10 0.972998
INFO:meta-cli.py:Epoch 76/100	Loss 4.2189 ± 0.1045
INFO:meta-cli.py:Epoch 77/100	Loss 4.2179 ± 0.1101
INFO:meta-cli.py:Epoch 78/100	Loss 4.2166 ± 0.0976
INFO:meta-cli.py:Epoch 78/100	dev results	MRR 0.762362	H@1 0.645599	H@3 0.860487	H@5 0.918539	H@10 0.958801
INFO:meta-cli.py:Epoch 78/100	test results	MRR 0.771861	H@1 0.653631	H@3 0.863594	H@5 0.921322	H@10 0.972998
INFO:meta-cli.py:Epoch 79/100	Loss 4.2160 ± 0.1078
INFO:meta-cli.py:Epoch 80/100	Loss 4.2152 ± 0.1144
INFO:meta-cli.py:Epoch 81/100	Loss 4.2146 ± 0.1160
INFO:meta-cli.py:Epoch 81/100	dev results	MRR 0.763587	H@1 0.648408	H@3 0.859551	H@5 0.919476	H@10 0.958333
INFO:meta-cli.py:Epoch 81/100	test results	MRR 0.772624	H@1 0.655028	H@3 0.862663	H@5 0.918994	H@10 0.972067
INFO:meta-cli.py:Epoch 82/100	Loss 4.2136 ± 0.0987
INFO:meta-cli.py:Epoch 83/100	Loss 4.2131 ± 0.1209
INFO:meta-cli.py:Epoch 84/100	Loss 4.2120 ± 0.0985
INFO:meta-cli.py:Epoch 84/100	dev results	MRR 0.761005	H@1 0.644195	H@3 0.859082	H@5 0.917603	H@10 0.958333
INFO:meta-cli.py:Epoch 84/100	test results	MRR 0.770844	H@1 0.652235	H@3 0.864991	H@5 0.919460	H@10 0.972067
INFO:meta-cli.py:Epoch 85/100	Loss 4.2112 ± 0.1098
INFO:meta-cli.py:Epoch 86/100	Loss 4.2107 ± 0.1132
INFO:meta-cli.py:Epoch 87/100	Loss 4.2100 ± 0.1125
INFO:meta-cli.py:Epoch 87/100	dev results	MRR 0.759926	H@1 0.642790	H@3 0.858146	H@5 0.916667	H@10 0.957865
INFO:meta-cli.py:Epoch 87/100	test results	MRR 0.770295	H@1 0.651304	H@3 0.863594	H@5 0.919926	H@10 0.972533
INFO:meta-cli.py:Epoch 88/100	Loss 4.2093 ± 0.0940
INFO:meta-cli.py:Epoch 89/100	Loss 4.2081 ± 0.0949
INFO:meta-cli.py:Epoch 90/100	Loss 4.2077 ± 0.1035
INFO:meta-cli.py:Epoch 90/100	dev results	MRR 0.758657	H@1 0.639981	H@3 0.857210	H@5 0.918071	H@10 0.957397
INFO:meta-cli.py:Epoch 90/100	test results	MRR 0.768269	H@1 0.648510	H@3 0.863594	H@5 0.919460	H@10 0.972067
INFO:meta-cli.py:Epoch 91/100	Loss 4.2069 ± 0.1057
INFO:meta-cli.py:Epoch 92/100	Loss 4.2066 ± 0.1166
INFO:meta-cli.py:Epoch 93/100	Loss 4.2057 ± 0.1057
INFO:meta-cli.py:Epoch 93/100	dev results	MRR 0.759123	H@1 0.641854	H@3 0.856742	H@5 0.917603	H@10 0.956929
INFO:meta-cli.py:Epoch 93/100	test results	MRR 0.768370	H@1 0.648510	H@3 0.864991	H@5 0.918529	H@10 0.972067
INFO:meta-cli.py:Epoch 94/100	Loss 4.2051 ± 0.1044
INFO:meta-cli.py:Epoch 95/100	Loss 4.2044 ± 0.1201
INFO:meta-cli.py:Epoch 96/100	Loss 4.2036 ± 0.1069
INFO:meta-cli.py:Epoch 96/100	dev results	MRR 0.757524	H@1 0.639513	H@3 0.855805	H@5 0.915262	H@10 0.957865
INFO:meta-cli.py:Epoch 96/100	test results	MRR 0.768540	H@1 0.649441	H@3 0.862663	H@5 0.918529	H@10 0.972067
INFO:meta-cli.py:Epoch 97/100	Loss 4.2030 ± 0.1021
INFO:meta-cli.py:Epoch 98/100	Loss 4.2026 ± 0.1124
INFO:meta-cli.py:Epoch 99/100	Loss 4.2019 ± 0.1067
INFO:meta-cli.py:Epoch 99/100	dev results	MRR 0.758193	H@1 0.639981	H@3 0.853933	H@5 0.916667	H@10 0.957397
INFO:meta-cli.py:Epoch 99/100	test results	MRR 0.765704	H@1 0.643855	H@3 0.864525	H@5 0.916667	H@10 0.972067
INFO:meta-cli.py:Epoch 100/100	Loss 4.2012 ± 0.0980
INFO:meta-cli.py:Final 	dev results	MRR 0.757831	H@1 0.639981	H@3 0.853933	H@5 0.916199	H@10 0.957397
INFO:meta-cli.py:Final 	test results	MRR 0.765026	H@1 0.642924	H@3 0.864060	H@5 0.917132	H@10 0.972067
INFO:meta-cli.py:Training finished
