./bin/meta-cli.py --train data/kinship/train.tsv --dev data/kinship/dev.tsv --test data/kinship/test.tsv -m complex -k 50 -b 100 -e 100 --F2 0.005 --N3 0 -l 0.1 -I reciprocal -V 3 -o adagrad -q
{'F2': 0.005,
 'N3': 0.0,
 'batch_size': 100,
 'dev': 'data/kinship/dev.tsv',
 'embedding_size': 50,
 'epochs': 100,
 'eval_batch_size': None,
 'input_type': 'reciprocal',
 'learning_rate': 0.1,
 'load': None,
 'model': 'complex',
 'optimizer': 'adagrad',
 'quiet': True,
 'save': None,
 'seed': 0,
 'test': 'data/kinship/test.tsv',
 'test_i': None,
 'test_ii': None,
 'train': 'data/kinship/train.tsv',
 'validate_every': 3}
INFO:meta-cli.py:Device: cpu
INFO:meta-cli.py:Model state:
INFO:meta-cli.py:	entities.weight	torch.Size([104, 100])
INFO:meta-cli.py:	predicates.weight	torch.Size([50, 100])
INFO:meta-cli.py:Epoch 1/100	Loss 7.1324 ± 1.2393
INFO:meta-cli.py:Epoch 2/100	Loss 5.6756 ± 0.1426
INFO:meta-cli.py:Epoch 3/100	Loss 5.4164 ± 0.1449
INFO:meta-cli.py:Epoch 3/100	dev results	MRR 0.807118	H@1 0.705524	H@3 0.891386	H@5 0.944288	H@10 0.975187
INFO:meta-cli.py:Epoch 3/100	test results	MRR 0.812975	H@1 0.714618	H@3 0.896182	H@5 0.945531	H@10 0.976723
INFO:meta-cli.py:Epoch 4/100	Loss 5.2865 ± 0.1609
INFO:meta-cli.py:Epoch 5/100	Loss 5.2044 ± 0.1539
INFO:meta-cli.py:Epoch 6/100	Loss 5.1477 ± 0.1514
INFO:meta-cli.py:Epoch 6/100	dev results	MRR 0.831510	H@1 0.745318	H@3 0.899345	H@5 0.949906	H@10 0.973315
INFO:meta-cli.py:Epoch 6/100	test results	MRR 0.833123	H@1 0.741620	H@3 0.912942	H@5 0.952980	H@10 0.981378
INFO:meta-cli.py:Epoch 7/100	Loss 5.1032 ± 0.1482
INFO:meta-cli.py:Epoch 8/100	Loss 5.0694 ± 0.1489
INFO:meta-cli.py:Epoch 9/100	Loss 5.0418 ± 0.1412
INFO:meta-cli.py:Epoch 9/100	dev results	MRR 0.830997	H@1 0.744850	H@3 0.901685	H@5 0.949438	H@10 0.973315
INFO:meta-cli.py:Epoch 9/100	test results	MRR 0.831919	H@1 0.740689	H@3 0.910149	H@5 0.955307	H@10 0.979981
INFO:meta-cli.py:Epoch 10/100	Loss 5.0180 ± 0.1438
INFO:meta-cli.py:Epoch 11/100	Loss 4.9982 ± 0.1398
INFO:meta-cli.py:Epoch 12/100	Loss 4.9808 ± 0.1396
INFO:meta-cli.py:Epoch 12/100	dev results	MRR 0.827099	H@1 0.738296	H@3 0.901217	H@5 0.947097	H@10 0.973315
INFO:meta-cli.py:Epoch 12/100	test results	MRR 0.828050	H@1 0.736034	H@3 0.907821	H@5 0.951583	H@10 0.978585
INFO:meta-cli.py:Epoch 13/100	Loss 4.9658 ± 0.1418
INFO:meta-cli.py:Epoch 14/100	Loss 4.9526 ± 0.1374
INFO:meta-cli.py:Epoch 15/100	Loss 4.9408 ± 0.1356
INFO:meta-cli.py:Epoch 15/100	dev results	MRR 0.823588	H@1 0.733614	H@3 0.896536	H@5 0.944288	H@10 0.973315
INFO:meta-cli.py:Epoch 15/100	test results	MRR 0.829139	H@1 0.738827	H@3 0.905493	H@5 0.948790	H@10 0.979050
INFO:meta-cli.py:Epoch 16/100	Loss 4.9293 ± 0.1289
INFO:meta-cli.py:Epoch 17/100	Loss 4.9195 ± 0.1284
INFO:meta-cli.py:Epoch 18/100	Loss 4.9109 ± 0.1287
INFO:meta-cli.py:Epoch 18/100	dev results	MRR 0.819990	H@1 0.729401	H@3 0.893258	H@5 0.941948	H@10 0.971442
INFO:meta-cli.py:Epoch 18/100	test results	MRR 0.825793	H@1 0.733240	H@3 0.904097	H@5 0.948324	H@10 0.978119
INFO:meta-cli.py:Epoch 19/100	Loss 4.9028 ± 0.1294
INFO:meta-cli.py:Epoch 20/100	Loss 4.8943 ± 0.1320
INFO:meta-cli.py:Epoch 21/100	Loss 4.8876 ± 0.1308
INFO:meta-cli.py:Epoch 21/100	dev results	MRR 0.815582	H@1 0.722846	H@3 0.891854	H@5 0.941011	H@10 0.970974
INFO:meta-cli.py:Epoch 21/100	test results	MRR 0.821960	H@1 0.726723	H@3 0.902235	H@5 0.945531	H@10 0.976723
INFO:meta-cli.py:Epoch 22/100	Loss 4.8811 ± 0.1385
INFO:meta-cli.py:Epoch 23/100	Loss 4.8748 ± 0.1242
INFO:meta-cli.py:Epoch 24/100	Loss 4.8694 ± 0.1340
INFO:meta-cli.py:Epoch 24/100	dev results	MRR 0.815349	H@1 0.725187	H@3 0.888577	H@5 0.938670	H@10 0.970037
INFO:meta-cli.py:Epoch 24/100	test results	MRR 0.821968	H@1 0.727654	H@3 0.898510	H@5 0.945065	H@10 0.976723
INFO:meta-cli.py:Epoch 25/100	Loss 4.8639 ± 0.1213
INFO:meta-cli.py:Epoch 26/100	Loss 4.8586 ± 0.1277
INFO:meta-cli.py:Epoch 27/100	Loss 4.8539 ± 0.1338
INFO:meta-cli.py:Epoch 27/100	dev results	MRR 0.813660	H@1 0.723783	H@3 0.886236	H@5 0.933521	H@10 0.970506
INFO:meta-cli.py:Epoch 27/100	test results	MRR 0.820736	H@1 0.726257	H@3 0.899907	H@5 0.944134	H@10 0.976723
INFO:meta-cli.py:Epoch 28/100	Loss 4.8497 ± 0.1146
INFO:meta-cli.py:Epoch 29/100	Loss 4.8456 ± 0.1282
INFO:meta-cli.py:Epoch 30/100	Loss 4.8413 ± 0.1219
INFO:meta-cli.py:Epoch 30/100	dev results	MRR 0.809841	H@1 0.717228	H@3 0.885768	H@5 0.931180	H@10 0.969101
INFO:meta-cli.py:Epoch 30/100	test results	MRR 0.819158	H@1 0.724860	H@3 0.896182	H@5 0.940875	H@10 0.976723
INFO:meta-cli.py:Epoch 31/100	Loss 4.8374 ± 0.1240
INFO:meta-cli.py:Epoch 32/100	Loss 4.8335 ± 0.1155
INFO:meta-cli.py:Epoch 33/100	Loss 4.8298 ± 0.1065
INFO:meta-cli.py:Epoch 33/100	dev results	MRR 0.808753	H@1 0.717228	H@3 0.880618	H@5 0.927903	H@10 0.968165
INFO:meta-cli.py:Epoch 33/100	test results	MRR 0.819687	H@1 0.726723	H@3 0.897114	H@5 0.939944	H@10 0.976723
INFO:meta-cli.py:Epoch 34/100	Loss 4.8266 ± 0.1214
INFO:meta-cli.py:Epoch 35/100	Loss 4.8232 ± 0.1077
INFO:meta-cli.py:Epoch 36/100	Loss 4.8200 ± 0.1242
INFO:meta-cli.py:Epoch 36/100	dev results	MRR 0.806672	H@1 0.714419	H@3 0.878277	H@5 0.928839	H@10 0.969101
INFO:meta-cli.py:Epoch 36/100	test results	MRR 0.815227	H@1 0.719274	H@3 0.895717	H@5 0.937151	H@10 0.976257
INFO:meta-cli.py:Epoch 37/100	Loss 4.8171 ± 0.1148
INFO:meta-cli.py:Epoch 38/100	Loss 4.8144 ± 0.1209
INFO:meta-cli.py:Epoch 39/100	Loss 4.8117 ± 0.1234
INFO:meta-cli.py:Epoch 39/100	dev results	MRR 0.804463	H@1 0.710206	H@3 0.878745	H@5 0.925562	H@10 0.966760
INFO:meta-cli.py:Epoch 39/100	test results	MRR 0.813961	H@1 0.716015	H@3 0.896648	H@5 0.936685	H@10 0.976257
INFO:meta-cli.py:Epoch 40/100	Loss 4.8087 ± 0.1241
INFO:meta-cli.py:Epoch 41/100	Loss 4.8065 ± 0.1057
INFO:meta-cli.py:Epoch 42/100	Loss 4.8037 ± 0.1208
INFO:meta-cli.py:Epoch 42/100	dev results	MRR 0.803585	H@1 0.709738	H@3 0.878745	H@5 0.925094	H@10 0.967228
INFO:meta-cli.py:Epoch 42/100	test results	MRR 0.811063	H@1 0.710894	H@3 0.894786	H@5 0.933892	H@10 0.975326
INFO:meta-cli.py:Epoch 43/100	Loss 4.8014 ± 0.1230
INFO:meta-cli.py:Epoch 44/100	Loss 4.7993 ± 0.1266
INFO:meta-cli.py:Epoch 45/100	Loss 4.7968 ± 0.1142
INFO:meta-cli.py:Epoch 45/100	dev results	MRR 0.803145	H@1 0.708801	H@3 0.877341	H@5 0.923689	H@10 0.968165
INFO:meta-cli.py:Epoch 45/100	test results	MRR 0.809919	H@1 0.710428	H@3 0.892924	H@5 0.934823	H@10 0.975326
INFO:meta-cli.py:Epoch 46/100	Loss 4.7948 ± 0.1318
INFO:meta-cli.py:Epoch 47/100	Loss 4.7925 ± 0.1159
INFO:meta-cli.py:Epoch 48/100	Loss 4.7905 ± 0.1270
INFO:meta-cli.py:Epoch 48/100	dev results	MRR 0.802414	H@1 0.708801	H@3 0.876873	H@5 0.923689	H@10 0.968633
INFO:meta-cli.py:Epoch 48/100	test results	MRR 0.808488	H@1 0.707635	H@3 0.891527	H@5 0.934823	H@10 0.974395
INFO:meta-cli.py:Epoch 49/100	Loss 4.7885 ± 0.1101
INFO:meta-cli.py:Epoch 50/100	Loss 4.7867 ± 0.1119
INFO:meta-cli.py:Epoch 51/100	Loss 4.7847 ± 0.1203
INFO:meta-cli.py:Epoch 51/100	dev results	MRR 0.800360	H@1 0.706461	H@3 0.874064	H@5 0.922285	H@10 0.968633
INFO:meta-cli.py:Epoch 51/100	test results	MRR 0.805348	H@1 0.702514	H@3 0.890130	H@5 0.933892	H@10 0.974860
INFO:meta-cli.py:Epoch 52/100	Loss 4.7830 ± 0.1114
INFO:meta-cli.py:Epoch 53/100	Loss 4.7813 ± 0.1100
INFO:meta-cli.py:Epoch 54/100	Loss 4.7793 ± 0.1066
INFO:meta-cli.py:Epoch 54/100	dev results	MRR 0.800101	H@1 0.705993	H@3 0.874532	H@5 0.923689	H@10 0.967697
INFO:meta-cli.py:Epoch 54/100	test results	MRR 0.805389	H@1 0.703445	H@3 0.890596	H@5 0.934358	H@10 0.974860
INFO:meta-cli.py:Epoch 55/100	Loss 4.7778 ± 0.1239
INFO:meta-cli.py:Epoch 56/100	Loss 4.7760 ± 0.1082
INFO:meta-cli.py:Epoch 57/100	Loss 4.7746 ± 0.1185
INFO:meta-cli.py:Epoch 57/100	dev results	MRR 0.797567	H@1 0.701311	H@3 0.874532	H@5 0.923221	H@10 0.968633
INFO:meta-cli.py:Epoch 57/100	test results	MRR 0.803884	H@1 0.700652	H@3 0.889199	H@5 0.934823	H@10 0.975791
INFO:meta-cli.py:Epoch 58/100	Loss 4.7731 ± 0.1089
INFO:meta-cli.py:Epoch 59/100	Loss 4.7715 ± 0.1304
INFO:meta-cli.py:Epoch 60/100	Loss 4.7701 ± 0.1155
INFO:meta-cli.py:Epoch 60/100	dev results	MRR 0.796561	H@1 0.698970	H@3 0.873596	H@5 0.922753	H@10 0.968165
INFO:meta-cli.py:Epoch 60/100	test results	MRR 0.803817	H@1 0.700186	H@3 0.889665	H@5 0.935289	H@10 0.975326
INFO:meta-cli.py:Epoch 61/100	Loss 4.7687 ± 0.1111
INFO:meta-cli.py:Epoch 62/100	Loss 4.7670 ± 0.1168
INFO:meta-cli.py:Epoch 63/100	Loss 4.7657 ± 0.1173
INFO:meta-cli.py:Epoch 63/100	dev results	MRR 0.794782	H@1 0.696629	H@3 0.872659	H@5 0.922285	H@10 0.967697
INFO:meta-cli.py:Epoch 63/100	test results	MRR 0.802031	H@1 0.696927	H@3 0.888734	H@5 0.934358	H@10 0.975791
INFO:meta-cli.py:Epoch 64/100	Loss 4.7642 ± 0.1089
INFO:meta-cli.py:Epoch 65/100	Loss 4.7631 ± 0.1167
INFO:meta-cli.py:Epoch 66/100	Loss 4.7618 ± 0.1143
INFO:meta-cli.py:Epoch 66/100	dev results	MRR 0.794518	H@1 0.696161	H@3 0.872191	H@5 0.919944	H@10 0.967228
INFO:meta-cli.py:Epoch 66/100	test results	MRR 0.801179	H@1 0.696927	H@3 0.888268	H@5 0.933426	H@10 0.975791
INFO:meta-cli.py:Epoch 67/100	Loss 4.7608 ± 0.1189
INFO:meta-cli.py:Epoch 68/100	Loss 4.7592 ± 0.1201
INFO:meta-cli.py:Epoch 69/100	Loss 4.7583 ± 0.1040
INFO:meta-cli.py:Epoch 69/100	dev results	MRR 0.793411	H@1 0.695225	H@3 0.871255	H@5 0.919476	H@10 0.967228
INFO:meta-cli.py:Epoch 69/100	test results	MRR 0.799590	H@1 0.693669	H@3 0.887803	H@5 0.932495	H@10 0.975326
INFO:meta-cli.py:Epoch 70/100	Loss 4.7571 ± 0.1141
INFO:meta-cli.py:Epoch 71/100	Loss 4.7557 ± 0.1109
INFO:meta-cli.py:Epoch 72/100	Loss 4.7547 ± 0.1138
INFO:meta-cli.py:Epoch 72/100	dev results	MRR 0.792024	H@1 0.693352	H@3 0.868914	H@5 0.917603	H@10 0.966292
INFO:meta-cli.py:Epoch 72/100	test results	MRR 0.798680	H@1 0.693203	H@3 0.888734	H@5 0.933426	H@10 0.974860
INFO:meta-cli.py:Epoch 73/100	Loss 4.7537 ± 0.1084
INFO:meta-cli.py:Epoch 74/100	Loss 4.7525 ± 0.1087
INFO:meta-cli.py:Epoch 75/100	Loss 4.7516 ± 0.1109
INFO:meta-cli.py:Epoch 75/100	dev results	MRR 0.791671	H@1 0.692884	H@3 0.868446	H@5 0.917603	H@10 0.966292
INFO:meta-cli.py:Epoch 75/100	test results	MRR 0.798297	H@1 0.692272	H@3 0.886872	H@5 0.931099	H@10 0.973929
INFO:meta-cli.py:Epoch 76/100	Loss 4.7505 ± 0.1123
INFO:meta-cli.py:Epoch 77/100	Loss 4.7493 ± 0.1136
INFO:meta-cli.py:Epoch 78/100	Loss 4.7483 ± 0.1022
INFO:meta-cli.py:Epoch 78/100	dev results	MRR 0.792280	H@1 0.694288	H@3 0.868914	H@5 0.918071	H@10 0.966292
INFO:meta-cli.py:Epoch 78/100	test results	MRR 0.797198	H@1 0.691341	H@3 0.887337	H@5 0.932030	H@10 0.974860
INFO:meta-cli.py:Epoch 79/100	Loss 4.7473 ± 0.1147
INFO:meta-cli.py:Epoch 80/100	Loss 4.7464 ± 0.1138
INFO:meta-cli.py:Epoch 81/100	Loss 4.7457 ± 0.1176
INFO:meta-cli.py:Epoch 81/100	dev results	MRR 0.791282	H@1 0.693352	H@3 0.868914	H@5 0.917603	H@10 0.965824
INFO:meta-cli.py:Epoch 81/100	test results	MRR 0.795897	H@1 0.688547	H@3 0.883613	H@5 0.932030	H@10 0.974860
INFO:meta-cli.py:Epoch 82/100	Loss 4.7445 ± 0.0960
INFO:meta-cli.py:Epoch 83/100	Loss 4.7439 ± 0.1166
INFO:meta-cli.py:Epoch 84/100	Loss 4.7427 ± 0.1039
INFO:meta-cli.py:Epoch 84/100	dev results	MRR 0.789531	H@1 0.690543	H@3 0.868446	H@5 0.916667	H@10 0.965824
INFO:meta-cli.py:Epoch 84/100	test results	MRR 0.795127	H@1 0.688082	H@3 0.884544	H@5 0.932030	H@10 0.974395
INFO:meta-cli.py:Epoch 85/100	Loss 4.7418 ± 0.1117
INFO:meta-cli.py:Epoch 86/100	Loss 4.7409 ± 0.1187
INFO:meta-cli.py:Epoch 87/100	Loss 4.7402 ± 0.1133
INFO:meta-cli.py:Epoch 87/100	dev results	MRR 0.788904	H@1 0.689607	H@3 0.869382	H@5 0.916667	H@10 0.965356
INFO:meta-cli.py:Epoch 87/100	test results	MRR 0.795994	H@1 0.689479	H@3 0.885475	H@5 0.929702	H@10 0.973929
INFO:meta-cli.py:Epoch 88/100	Loss 4.7393 ± 0.1038
INFO:meta-cli.py:Epoch 89/100	Loss 4.7383 ± 0.1031
INFO:meta-cli.py:Epoch 90/100	Loss 4.7375 ± 0.1104
INFO:meta-cli.py:Epoch 90/100	dev results	MRR 0.788509	H@1 0.689139	H@3 0.868446	H@5 0.916199	H@10 0.964419
INFO:meta-cli.py:Epoch 90/100	test results	MRR 0.794360	H@1 0.687151	H@3 0.883613	H@5 0.931099	H@10 0.973929
INFO:meta-cli.py:Epoch 91/100	Loss 4.7366 ± 0.1106
INFO:meta-cli.py:Epoch 92/100	Loss 4.7363 ± 0.1145
INFO:meta-cli.py:Epoch 93/100	Loss 4.7351 ± 0.1078
INFO:meta-cli.py:Epoch 93/100	dev results	MRR 0.788344	H@1 0.689139	H@3 0.867041	H@5 0.916667	H@10 0.965356
INFO:meta-cli.py:Epoch 93/100	test results	MRR 0.793742	H@1 0.685754	H@3 0.884544	H@5 0.930633	H@10 0.973929
INFO:meta-cli.py:Epoch 94/100	Loss 4.7344 ± 0.1088
INFO:meta-cli.py:Epoch 95/100	Loss 4.7337 ± 0.1200
INFO:meta-cli.py:Epoch 96/100	Loss 4.7328 ± 0.1108
INFO:meta-cli.py:Epoch 96/100	dev results	MRR 0.787082	H@1 0.687734	H@3 0.867509	H@5 0.916199	H@10 0.965824
INFO:meta-cli.py:Epoch 96/100	test results	MRR 0.793214	H@1 0.685289	H@3 0.882682	H@5 0.930168	H@10 0.973929
INFO:meta-cli.py:Epoch 97/100	Loss 4.7321 ± 0.1044
INFO:meta-cli.py:Epoch 98/100	Loss 4.7315 ± 0.1153
INFO:meta-cli.py:Epoch 99/100	Loss 4.7308 ± 0.1122
INFO:meta-cli.py:Epoch 99/100	dev results	MRR 0.786600	H@1 0.686330	H@3 0.867509	H@5 0.916199	H@10 0.965356
INFO:meta-cli.py:Epoch 99/100	test results	MRR 0.792081	H@1 0.684358	H@3 0.882216	H@5 0.930168	H@10 0.973929
INFO:meta-cli.py:Epoch 100/100	Loss 4.7300 ± 0.1003
INFO:meta-cli.py:Final 	dev results	MRR 0.787935	H@1 0.689139	H@3 0.867509	H@5 0.915262	H@10 0.964888
INFO:meta-cli.py:Final 	test results	MRR 0.792241	H@1 0.683892	H@3 0.882216	H@5 0.928771	H@10 0.973929
INFO:meta-cli.py:Training finished
