./bin/meta-cli.py --train data/umls/train.tsv --dev data/umls/dev.tsv --test data/umls/test.tsv -m complex -k 10 -b 100 -e 100 --F2 0.001 --N3 0 -l 0.1 -I standard -V 3 -o adagrad -q
{'F2': 0.001,
 'N3': 0.0,
 'batch_size': 100,
 'dev': 'data/umls/dev.tsv',
 'embedding_size': 10,
 'epochs': 100,
 'eval_batch_size': None,
 'input_type': 'standard',
 'learning_rate': 0.1,
 'load': None,
 'model': 'complex',
 'optimizer': 'adagrad',
 'quiet': True,
 'save': None,
 'seed': 0,
 'test': 'data/umls/test.tsv',
 'test_i': None,
 'test_ii': None,
 'train': 'data/umls/train.tsv',
 'validate_every': 3}
INFO:meta-cli.py:Device: cpu
INFO:meta-cli.py:Model state:
INFO:meta-cli.py:	entities.weight	torch.Size([135, 20])
INFO:meta-cli.py:	predicates.weight	torch.Size([46, 20])
INFO:meta-cli.py:Epoch 1/100	Loss 8.6965 ± 0.9542
INFO:meta-cli.py:Epoch 2/100	Loss 6.7064 ± 0.1937
INFO:meta-cli.py:Epoch 3/100	Loss 6.3013 ± 0.1596
INFO:meta-cli.py:Epoch 3/100	dev results	MRR 0.810922	H@1 0.701687	H@3 0.909509	H@5 0.936350	H@10 0.956288
INFO:meta-cli.py:Epoch 3/100	test results	MRR 0.806987	H@1 0.700454	H@3 0.903933	H@5 0.931165	H@10 0.956127
INFO:meta-cli.py:Epoch 4/100	Loss 6.1322 ± 0.1622
INFO:meta-cli.py:Epoch 5/100	Loss 6.0324 ± 0.1636
INFO:meta-cli.py:Epoch 6/100	Loss 5.9637 ± 0.1663
INFO:meta-cli.py:Epoch 6/100	dev results	MRR 0.821365	H@1 0.704755	H@3 0.928681	H@5 0.950153	H@10 0.975460
INFO:meta-cli.py:Epoch 6/100	test results	MRR 0.813546	H@1 0.692890	H@3 0.924357	H@5 0.948563	H@10 0.971256
INFO:meta-cli.py:Epoch 7/100	Loss 5.9027 ± 0.1483
INFO:meta-cli.py:Epoch 8/100	Loss 5.8649 ± 0.1135
INFO:meta-cli.py:Epoch 9/100	Loss 5.8248 ± 0.1520
INFO:meta-cli.py:Epoch 9/100	dev results	MRR 0.844508	H@1 0.741564	H@3 0.944018	H@5 0.957822	H@10 0.979294
INFO:meta-cli.py:Epoch 9/100	test results	MRR 0.836511	H@1 0.729198	H@3 0.932678	H@5 0.954614	H@10 0.975794
INFO:meta-cli.py:Epoch 10/100	Loss 5.8044 ± 0.1775
INFO:meta-cli.py:Epoch 11/100	Loss 5.7804 ± 0.1270
INFO:meta-cli.py:Epoch 12/100	Loss 5.7506 ± 0.1348
INFO:meta-cli.py:Epoch 12/100	dev results	MRR 0.841877	H@1 0.734663	H@3 0.942485	H@5 0.962423	H@10 0.982362
INFO:meta-cli.py:Epoch 12/100	test results	MRR 0.837929	H@1 0.725416	H@3 0.940998	H@5 0.961422	H@10 0.979576
INFO:meta-cli.py:Epoch 13/100	Loss 5.7497 ± 0.1876
INFO:meta-cli.py:Epoch 14/100	Loss 5.7103 ± 0.1541
INFO:meta-cli.py:Epoch 15/100	Loss 5.7087 ± 0.1505
INFO:meta-cli.py:Epoch 15/100	dev results	MRR 0.847193	H@1 0.740031	H@3 0.950920	H@5 0.963190	H@10 0.982362
INFO:meta-cli.py:Epoch 15/100	test results	MRR 0.841413	H@1 0.729198	H@3 0.946293	H@5 0.962935	H@10 0.981846
INFO:meta-cli.py:Epoch 16/100	Loss 5.6853 ± 0.1227
INFO:meta-cli.py:Epoch 17/100	Loss 5.6688 ± 0.1586
INFO:meta-cli.py:Epoch 18/100	Loss 5.6613 ± 0.1462
INFO:meta-cli.py:Epoch 18/100	dev results	MRR 0.850083	H@1 0.746166	H@3 0.944785	H@5 0.963957	H@10 0.982362
INFO:meta-cli.py:Epoch 18/100	test results	MRR 0.849128	H@1 0.742057	H@3 0.952345	H@5 0.965961	H@10 0.983359
INFO:meta-cli.py:Epoch 19/100	Loss 5.6495 ± 0.1467
INFO:meta-cli.py:Epoch 20/100	Loss 5.6497 ± 0.1232
INFO:meta-cli.py:Epoch 21/100	Loss 5.6393 ± 0.1477
INFO:meta-cli.py:Epoch 21/100	dev results	MRR 0.856363	H@1 0.756135	H@3 0.947853	H@5 0.963957	H@10 0.982362
INFO:meta-cli.py:Epoch 21/100	test results	MRR 0.858344	H@1 0.757186	H@3 0.956127	H@5 0.967474	H@10 0.983359
INFO:meta-cli.py:Epoch 22/100	Loss 5.6172 ± 0.1964
INFO:meta-cli.py:Epoch 23/100	Loss 5.6206 ± 0.1379
INFO:meta-cli.py:Epoch 24/100	Loss 5.6131 ± 0.1288
INFO:meta-cli.py:Epoch 24/100	dev results	MRR 0.848397	H@1 0.740031	H@3 0.948620	H@5 0.966258	H@10 0.983129
INFO:meta-cli.py:Epoch 24/100	test results	MRR 0.852753	H@1 0.743570	H@3 0.956884	H@5 0.970499	H@10 0.984871
INFO:meta-cli.py:Epoch 25/100	Loss 5.6033 ± 0.1508
INFO:meta-cli.py:Epoch 26/100	Loss 5.5915 ± 0.1583
INFO:meta-cli.py:Epoch 27/100	Loss 5.6028 ± 0.1385
INFO:meta-cli.py:Epoch 27/100	dev results	MRR 0.850634	H@1 0.743098	H@3 0.947086	H@5 0.968558	H@10 0.983896
INFO:meta-cli.py:Epoch 27/100	test results	MRR 0.849843	H@1 0.736762	H@3 0.957640	H@5 0.972769	H@10 0.985628
INFO:meta-cli.py:Epoch 28/100	Loss 5.5835 ± 0.1448
INFO:meta-cli.py:Epoch 29/100	Loss 5.5834 ± 0.1317
INFO:meta-cli.py:Epoch 30/100	Loss 5.5855 ± 0.1297
INFO:meta-cli.py:Epoch 30/100	dev results	MRR 0.851675	H@1 0.744632	H@3 0.948620	H@5 0.970092	H@10 0.983896
INFO:meta-cli.py:Epoch 30/100	test results	MRR 0.854762	H@1 0.744327	H@3 0.962935	H@5 0.973525	H@10 0.985628
INFO:meta-cli.py:Epoch 31/100	Loss 5.5828 ± 0.1575
INFO:meta-cli.py:Epoch 32/100	Loss 5.5610 ± 0.1498
INFO:meta-cli.py:Epoch 33/100	Loss 5.5718 ± 0.1500
INFO:meta-cli.py:Epoch 33/100	dev results	MRR 0.858236	H@1 0.756135	H@3 0.950153	H@5 0.970092	H@10 0.984663
INFO:meta-cli.py:Epoch 33/100	test results	MRR 0.861338	H@1 0.757943	H@3 0.960666	H@5 0.976551	H@10 0.986384
INFO:meta-cli.py:Epoch 34/100	Loss 5.5550 ± 0.1487
INFO:meta-cli.py:Epoch 35/100	Loss 5.5584 ± 0.1403
INFO:meta-cli.py:Epoch 36/100	Loss 5.5548 ± 0.1450
INFO:meta-cli.py:Epoch 36/100	dev results	MRR 0.853069	H@1 0.746166	H@3 0.948620	H@5 0.970859	H@10 0.983129
INFO:meta-cli.py:Epoch 36/100	test results	MRR 0.857191	H@1 0.748865	H@3 0.963691	H@5 0.978064	H@10 0.987141
INFO:meta-cli.py:Epoch 37/100	Loss 5.5548 ± 0.1341
INFO:meta-cli.py:Epoch 38/100	Loss 5.5400 ± 0.1384
INFO:meta-cli.py:Epoch 39/100	Loss 5.5389 ± 0.1792
INFO:meta-cli.py:Epoch 39/100	dev results	MRR 0.860020	H@1 0.761503	H@3 0.947853	H@5 0.971626	H@10 0.983896
INFO:meta-cli.py:Epoch 39/100	test results	MRR 0.862972	H@1 0.760212	H@3 0.961422	H@5 0.975794	H@10 0.987897
INFO:meta-cli.py:Epoch 40/100	Loss 5.5433 ± 0.1298
INFO:meta-cli.py:Epoch 41/100	Loss 5.5343 ± 0.1528
INFO:meta-cli.py:Epoch 42/100	Loss 5.5361 ± 0.1557
INFO:meta-cli.py:Epoch 42/100	dev results	MRR 0.860830	H@1 0.763804	H@3 0.947086	H@5 0.968558	H@10 0.983896
INFO:meta-cli.py:Epoch 42/100	test results	MRR 0.865566	H@1 0.764750	H@3 0.961422	H@5 0.975794	H@10 0.987897
INFO:meta-cli.py:Epoch 43/100	Loss 5.5325 ± 0.1438
INFO:meta-cli.py:Epoch 44/100	Loss 5.5225 ± 0.1440
INFO:meta-cli.py:Epoch 45/100	Loss 5.5263 ± 0.1489
INFO:meta-cli.py:Epoch 45/100	dev results	MRR 0.856924	H@1 0.754601	H@3 0.950153	H@5 0.969325	H@10 0.983129
INFO:meta-cli.py:Epoch 45/100	test results	MRR 0.859394	H@1 0.750378	H@3 0.962935	H@5 0.978064	H@10 0.987897
INFO:meta-cli.py:Epoch 46/100	Loss 5.5122 ± 0.1363
INFO:meta-cli.py:Epoch 47/100	Loss 5.5104 ± 0.1355
INFO:meta-cli.py:Epoch 48/100	Loss 5.5161 ± 0.1166
INFO:meta-cli.py:Epoch 48/100	dev results	MRR 0.851032	H@1 0.741564	H@3 0.952454	H@5 0.971626	H@10 0.983129
INFO:meta-cli.py:Epoch 48/100	test results	MRR 0.856688	H@1 0.745083	H@3 0.960666	H@5 0.977307	H@10 0.988654
INFO:meta-cli.py:Epoch 49/100	Loss 5.5186 ± 0.1630
INFO:meta-cli.py:Epoch 50/100	Loss 5.5098 ± 0.1249
INFO:meta-cli.py:Epoch 51/100	Loss 5.5072 ± 0.1274
INFO:meta-cli.py:Epoch 51/100	dev results	MRR 0.861627	H@1 0.760736	H@3 0.954755	H@5 0.972393	H@10 0.983896
INFO:meta-cli.py:Epoch 51/100	test results	MRR 0.864608	H@1 0.760212	H@3 0.962179	H@5 0.980333	H@10 0.989410
INFO:meta-cli.py:Epoch 52/100	Loss 5.5012 ± 0.1356
INFO:meta-cli.py:Epoch 53/100	Loss 5.5059 ± 0.1093
INFO:meta-cli.py:Epoch 54/100	Loss 5.5038 ± 0.1508
INFO:meta-cli.py:Epoch 54/100	dev results	MRR 0.858097	H@1 0.754601	H@3 0.954755	H@5 0.973160	H@10 0.983896
INFO:meta-cli.py:Epoch 54/100	test results	MRR 0.857872	H@1 0.748109	H@3 0.961422	H@5 0.980333	H@10 0.990166
INFO:meta-cli.py:Epoch 55/100	Loss 5.5021 ± 0.1393
INFO:meta-cli.py:Epoch 56/100	Loss 5.4934 ± 0.1560
INFO:meta-cli.py:Epoch 57/100	Loss 5.4882 ± 0.1357
INFO:meta-cli.py:Epoch 57/100	dev results	MRR 0.860029	H@1 0.759202	H@3 0.952454	H@5 0.973160	H@10 0.983129
INFO:meta-cli.py:Epoch 57/100	test results	MRR 0.861297	H@1 0.754917	H@3 0.962179	H@5 0.980333	H@10 0.990166
INFO:meta-cli.py:Epoch 58/100	Loss 5.4955 ± 0.1518
INFO:meta-cli.py:Epoch 59/100	Loss 5.4867 ± 0.1479
INFO:meta-cli.py:Epoch 60/100	Loss 5.4884 ± 0.1523
INFO:meta-cli.py:Epoch 60/100	dev results	MRR 0.849914	H@1 0.738497	H@3 0.953988	H@5 0.972393	H@10 0.983129
INFO:meta-cli.py:Epoch 60/100	test results	MRR 0.857282	H@1 0.745840	H@3 0.962935	H@5 0.978820	H@10 0.991679
INFO:meta-cli.py:Epoch 61/100	Loss 5.4810 ± 0.1738
INFO:meta-cli.py:Epoch 62/100	Loss 5.4945 ± 0.1350
INFO:meta-cli.py:Epoch 63/100	Loss 5.4903 ± 0.1485
INFO:meta-cli.py:Epoch 63/100	dev results	MRR 0.859122	H@1 0.756902	H@3 0.953988	H@5 0.972393	H@10 0.983129
INFO:meta-cli.py:Epoch 63/100	test results	MRR 0.862070	H@1 0.755673	H@3 0.961422	H@5 0.980333	H@10 0.991679
INFO:meta-cli.py:Epoch 64/100	Loss 5.4876 ± 0.1432
INFO:meta-cli.py:Epoch 65/100	Loss 5.4881 ± 0.1542
INFO:meta-cli.py:Epoch 66/100	Loss 5.4769 ± 0.1373
INFO:meta-cli.py:Epoch 66/100	dev results	MRR 0.860807	H@1 0.759969	H@3 0.954755	H@5 0.971626	H@10 0.983129
INFO:meta-cli.py:Epoch 66/100	test results	MRR 0.860932	H@1 0.754160	H@3 0.959153	H@5 0.979576	H@10 0.992436
INFO:meta-cli.py:Epoch 67/100	Loss 5.4798 ± 0.1394
INFO:meta-cli.py:Epoch 68/100	Loss 5.4713 ± 0.1395
INFO:meta-cli.py:Epoch 69/100	Loss 5.4776 ± 0.1547
INFO:meta-cli.py:Epoch 69/100	dev results	MRR 0.867284	H@1 0.773006	H@3 0.954755	H@5 0.970859	H@10 0.983129
INFO:meta-cli.py:Epoch 69/100	test results	MRR 0.871092	H@1 0.772315	H@3 0.961422	H@5 0.981089	H@10 0.992436
INFO:meta-cli.py:Epoch 70/100	Loss 5.4726 ± 0.1415
INFO:meta-cli.py:Epoch 71/100	Loss 5.4671 ± 0.1295
INFO:meta-cli.py:Epoch 72/100	Loss 5.4749 ± 0.1464
INFO:meta-cli.py:Epoch 72/100	dev results	MRR 0.863913	H@1 0.764571	H@3 0.957822	H@5 0.973926	H@10 0.983129
INFO:meta-cli.py:Epoch 72/100	test results	MRR 0.861946	H@1 0.755673	H@3 0.960666	H@5 0.980333	H@10 0.992436
INFO:meta-cli.py:Epoch 73/100	Loss 5.4754 ± 0.1368
INFO:meta-cli.py:Epoch 74/100	Loss 5.4720 ± 0.1485
INFO:meta-cli.py:Epoch 75/100	Loss 5.4548 ± 0.1568
INFO:meta-cli.py:Epoch 75/100	dev results	MRR 0.867971	H@1 0.773006	H@3 0.956288	H@5 0.973926	H@10 0.983129
INFO:meta-cli.py:Epoch 75/100	test results	MRR 0.868939	H@1 0.768533	H@3 0.962935	H@5 0.981089	H@10 0.993192
INFO:meta-cli.py:Epoch 76/100	Loss 5.4825 ± 0.2177
INFO:meta-cli.py:Epoch 77/100	Loss 5.4591 ± 0.1335
INFO:meta-cli.py:Epoch 78/100	Loss 5.4633 ± 0.1181
INFO:meta-cli.py:Epoch 78/100	dev results	MRR 0.864606	H@1 0.766104	H@3 0.958589	H@5 0.973160	H@10 0.983129
INFO:meta-cli.py:Epoch 78/100	test results	MRR 0.859132	H@1 0.750378	H@3 0.961422	H@5 0.980333	H@10 0.993192
INFO:meta-cli.py:Epoch 79/100	Loss 5.4645 ± 0.1202
INFO:meta-cli.py:Epoch 80/100	Loss 5.4615 ± 0.1118
INFO:meta-cli.py:Epoch 81/100	Loss 5.4572 ± 0.1111
INFO:meta-cli.py:Epoch 81/100	dev results	MRR 0.867161	H@1 0.771472	H@3 0.957822	H@5 0.973926	H@10 0.983129
INFO:meta-cli.py:Epoch 81/100	test results	MRR 0.866378	H@1 0.762481	H@3 0.963691	H@5 0.979576	H@10 0.993192
INFO:meta-cli.py:Epoch 82/100	Loss 5.4467 ± 0.1553
INFO:meta-cli.py:Epoch 83/100	Loss 5.4566 ± 0.1140
INFO:meta-cli.py:Epoch 84/100	Loss 5.4528 ± 0.1433
INFO:meta-cli.py:Epoch 84/100	dev results	MRR 0.865102	H@1 0.767638	H@3 0.957822	H@5 0.973926	H@10 0.983129
INFO:meta-cli.py:Epoch 84/100	test results	MRR 0.868664	H@1 0.767020	H@3 0.964448	H@5 0.981846	H@10 0.993192
INFO:meta-cli.py:Epoch 85/100	Loss 5.4587 ± 0.1537
INFO:meta-cli.py:Epoch 86/100	Loss 5.4574 ± 0.1510
INFO:meta-cli.py:Epoch 87/100	Loss 5.4497 ± 0.1290
INFO:meta-cli.py:Epoch 87/100	dev results	MRR 0.867637	H@1 0.772239	H@3 0.958589	H@5 0.973160	H@10 0.983129
INFO:meta-cli.py:Epoch 87/100	test results	MRR 0.870356	H@1 0.770802	H@3 0.961422	H@5 0.982602	H@10 0.992436
INFO:meta-cli.py:Epoch 88/100	Loss 5.4507 ± 0.1258
INFO:meta-cli.py:Epoch 89/100	Loss 5.4540 ± 0.1214
INFO:meta-cli.py:Epoch 90/100	Loss 5.4562 ± 0.1503
INFO:meta-cli.py:Epoch 90/100	dev results	MRR 0.861270	H@1 0.759202	H@3 0.959356	H@5 0.971626	H@10 0.983129
INFO:meta-cli.py:Epoch 90/100	test results	MRR 0.862849	H@1 0.757186	H@3 0.963691	H@5 0.981089	H@10 0.992436
INFO:meta-cli.py:Epoch 91/100	Loss 5.4540 ± 0.1308
INFO:meta-cli.py:Epoch 92/100	Loss 5.4508 ± 0.1277
INFO:meta-cli.py:Epoch 93/100	Loss 5.4411 ± 0.1289
INFO:meta-cli.py:Epoch 93/100	dev results	MRR 0.863260	H@1 0.762270	H@3 0.960890	H@5 0.974693	H@10 0.983129
INFO:meta-cli.py:Epoch 93/100	test results	MRR 0.864823	H@1 0.760212	H@3 0.962935	H@5 0.981846	H@10 0.993949
INFO:meta-cli.py:Epoch 94/100	Loss 5.4480 ± 0.1322
INFO:meta-cli.py:Epoch 95/100	Loss 5.4471 ± 0.1216
INFO:meta-cli.py:Epoch 96/100	Loss 5.4343 ± 0.1504
INFO:meta-cli.py:Epoch 96/100	dev results	MRR 0.861196	H@1 0.759202	H@3 0.958589	H@5 0.971626	H@10 0.981595
INFO:meta-cli.py:Epoch 96/100	test results	MRR 0.863620	H@1 0.757943	H@3 0.962179	H@5 0.980333	H@10 0.993192
INFO:meta-cli.py:Epoch 97/100	Loss 5.4470 ± 0.1336
INFO:meta-cli.py:Epoch 98/100	Loss 5.4473 ± 0.1419
INFO:meta-cli.py:Epoch 99/100	Loss 5.4406 ± 0.1089
INFO:meta-cli.py:Epoch 99/100	dev results	MRR 0.861807	H@1 0.759969	H@3 0.960123	H@5 0.972393	H@10 0.983129
INFO:meta-cli.py:Epoch 99/100	test results	MRR 0.860421	H@1 0.751135	H@3 0.962935	H@5 0.981846	H@10 0.993949
INFO:meta-cli.py:Epoch 100/100	Loss 5.4360 ± 0.1316
INFO:meta-cli.py:Final 	dev results	MRR 0.864810	H@1 0.765337	H@3 0.959356	H@5 0.973160	H@10 0.982362
INFO:meta-cli.py:Final 	test results	MRR 0.865828	H@1 0.762481	H@3 0.962935	H@5 0.981846	H@10 0.993949
INFO:meta-cli.py:Training finished
