./bin/meta-cli.py --train data/kinship/train.tsv --dev data/kinship/dev.tsv --test data/kinship/test.tsv -m complex -k 500 -b 100 -e 100 --F2 0.005 --N3 0 -l 0.1 -I standard -V 3 -o adagrad -q
{'F2': 0.005,
 'N3': 0.0,
 'batch_size': 100,
 'dev': 'data/kinship/dev.tsv',
 'embedding_size': 500,
 'epochs': 100,
 'eval_batch_size': None,
 'input_type': 'standard',
 'learning_rate': 0.1,
 'load': None,
 'model': 'complex',
 'optimizer': 'adagrad',
 'quiet': True,
 'save': None,
 'seed': 0,
 'test': 'data/kinship/test.tsv',
 'test_i': None,
 'test_ii': None,
 'train': 'data/kinship/train.tsv',
 'validate_every': 3}
INFO:meta-cli.py:Device: cpu
INFO:meta-cli.py:Model state:
INFO:meta-cli.py:	entities.weight	torch.Size([104, 1000])
INFO:meta-cli.py:	predicates.weight	torch.Size([25, 1000])
INFO:meta-cli.py:Epoch 1/100	Loss 7.6077 ± 1.1084
INFO:meta-cli.py:Epoch 2/100	Loss 5.9862 ± 0.1677
INFO:meta-cli.py:Epoch 3/100	Loss 5.7231 ± 0.1992
INFO:meta-cli.py:Epoch 3/100	dev results	MRR 0.843035	H@1 0.753745	H@3 0.923221	H@5 0.956929	H@10 0.977996
INFO:meta-cli.py:Epoch 3/100	test results	MRR 0.852364	H@1 0.769553	H@3 0.921322	H@5 0.955773	H@10 0.983706
INFO:meta-cli.py:Epoch 4/100	Loss 5.5775 ± 0.1815
INFO:meta-cli.py:Epoch 5/100	Loss 5.4865 ± 0.1821
INFO:meta-cli.py:Epoch 6/100	Loss 5.4144 ± 0.1715
INFO:meta-cli.py:Epoch 6/100	dev results	MRR 0.869834	H@1 0.797753	H@3 0.934925	H@5 0.959738	H@10 0.978464
INFO:meta-cli.py:Epoch 6/100	test results	MRR 0.873959	H@1 0.802142	H@3 0.937151	H@5 0.971136	H@10 0.985102
INFO:meta-cli.py:Epoch 7/100	Loss 5.3623 ± 0.1736
INFO:meta-cli.py:Epoch 8/100	Loss 5.3185 ± 0.1726
INFO:meta-cli.py:Epoch 9/100	Loss 5.2791 ± 0.1572
INFO:meta-cli.py:Epoch 9/100	dev results	MRR 0.871513	H@1 0.803371	H@3 0.931180	H@5 0.959738	H@10 0.978933
INFO:meta-cli.py:Epoch 9/100	test results	MRR 0.876631	H@1 0.806331	H@3 0.935289	H@5 0.967412	H@10 0.986034
INFO:meta-cli.py:Epoch 10/100	Loss 5.2472 ± 0.1612
INFO:meta-cli.py:Epoch 11/100	Loss 5.2211 ± 0.1711
INFO:meta-cli.py:Epoch 12/100	Loss 5.1963 ± 0.1488
INFO:meta-cli.py:Epoch 12/100	dev results	MRR 0.868882	H@1 0.796816	H@3 0.931648	H@5 0.959738	H@10 0.978464
INFO:meta-cli.py:Epoch 12/100	test results	MRR 0.878245	H@1 0.810056	H@3 0.939479	H@5 0.968343	H@10 0.986965
INFO:meta-cli.py:Epoch 13/100	Loss 5.1736 ± 0.1628
INFO:meta-cli.py:Epoch 14/100	Loss 5.1544 ± 0.1593
INFO:meta-cli.py:Epoch 15/100	Loss 5.1365 ± 0.1418
INFO:meta-cli.py:Epoch 15/100	dev results	MRR 0.872139	H@1 0.803371	H@3 0.932116	H@5 0.960674	H@10 0.978464
INFO:meta-cli.py:Epoch 15/100	test results	MRR 0.878099	H@1 0.810521	H@3 0.938547	H@5 0.968343	H@10 0.987430
INFO:meta-cli.py:Epoch 16/100	Loss 5.1217 ± 0.1569
INFO:meta-cli.py:Epoch 17/100	Loss 5.1044 ± 0.1471
INFO:meta-cli.py:Epoch 18/100	Loss 5.0937 ± 0.1604
INFO:meta-cli.py:Epoch 18/100	dev results	MRR 0.870694	H@1 0.801498	H@3 0.932116	H@5 0.958801	H@10 0.977996
INFO:meta-cli.py:Epoch 18/100	test results	MRR 0.873270	H@1 0.801210	H@3 0.937151	H@5 0.966480	H@10 0.986499
INFO:meta-cli.py:Epoch 19/100	Loss 5.0816 ± 0.1472
INFO:meta-cli.py:Epoch 20/100	Loss 5.0689 ± 0.1313
INFO:meta-cli.py:Epoch 21/100	Loss 5.0598 ± 0.1514
INFO:meta-cli.py:Epoch 21/100	dev results	MRR 0.870347	H@1 0.800094	H@3 0.932584	H@5 0.957865	H@10 0.977528
INFO:meta-cli.py:Epoch 21/100	test results	MRR 0.873621	H@1 0.802142	H@3 0.937616	H@5 0.966015	H@10 0.987430
INFO:meta-cli.py:Epoch 22/100	Loss 5.0474 ± 0.1461
INFO:meta-cli.py:Epoch 23/100	Loss 5.0372 ± 0.1602
INFO:meta-cli.py:Epoch 24/100	Loss 5.0306 ± 0.1251
INFO:meta-cli.py:Epoch 24/100	dev results	MRR 0.870360	H@1 0.801030	H@3 0.931648	H@5 0.958801	H@10 0.976592
INFO:meta-cli.py:Epoch 24/100	test results	MRR 0.871213	H@1 0.798883	H@3 0.936220	H@5 0.963687	H@10 0.986499
INFO:meta-cli.py:Epoch 25/100	Loss 5.0227 ± 0.1354
INFO:meta-cli.py:Epoch 26/100	Loss 5.0116 ± 0.1419
INFO:meta-cli.py:Epoch 27/100	Loss 5.0085 ± 0.1326
INFO:meta-cli.py:Epoch 27/100	dev results	MRR 0.867933	H@1 0.795880	H@3 0.932116	H@5 0.957397	H@10 0.976592
INFO:meta-cli.py:Epoch 27/100	test results	MRR 0.871288	H@1 0.799348	H@3 0.934823	H@5 0.965549	H@10 0.986965
INFO:meta-cli.py:Epoch 28/100	Loss 4.9994 ± 0.1342
INFO:meta-cli.py:Epoch 29/100	Loss 4.9954 ± 0.1279
INFO:meta-cli.py:Epoch 30/100	Loss 4.9884 ± 0.1382
INFO:meta-cli.py:Epoch 30/100	dev results	MRR 0.868056	H@1 0.796816	H@3 0.929307	H@5 0.956461	H@10 0.976124
INFO:meta-cli.py:Epoch 30/100	test results	MRR 0.869505	H@1 0.796555	H@3 0.934358	H@5 0.964618	H@10 0.986499
INFO:meta-cli.py:Epoch 31/100	Loss 4.9830 ± 0.1216
INFO:meta-cli.py:Epoch 32/100	Loss 4.9761 ± 0.1172
INFO:meta-cli.py:Epoch 33/100	Loss 4.9719 ± 0.1267
INFO:meta-cli.py:Epoch 33/100	dev results	MRR 0.866261	H@1 0.793539	H@3 0.927903	H@5 0.957865	H@10 0.976124
INFO:meta-cli.py:Epoch 33/100	test results	MRR 0.865770	H@1 0.790037	H@3 0.935754	H@5 0.964618	H@10 0.986965
INFO:meta-cli.py:Epoch 34/100	Loss 4.9673 ± 0.1484
INFO:meta-cli.py:Epoch 35/100	Loss 4.9619 ± 0.1341
INFO:meta-cli.py:Epoch 36/100	Loss 4.9560 ± 0.1170
INFO:meta-cli.py:Epoch 36/100	dev results	MRR 0.865813	H@1 0.793071	H@3 0.929307	H@5 0.956461	H@10 0.977060
INFO:meta-cli.py:Epoch 36/100	test results	MRR 0.865466	H@1 0.789106	H@3 0.936220	H@5 0.964153	H@10 0.986499
INFO:meta-cli.py:Epoch 37/100	Loss 4.9532 ± 0.1337
INFO:meta-cli.py:Epoch 38/100	Loss 4.9510 ± 0.1306
INFO:meta-cli.py:Epoch 39/100	Loss 4.9442 ± 0.1131
INFO:meta-cli.py:Epoch 39/100	dev results	MRR 0.862777	H@1 0.787921	H@3 0.927903	H@5 0.956461	H@10 0.976592
INFO:meta-cli.py:Epoch 39/100	test results	MRR 0.866252	H@1 0.791434	H@3 0.934823	H@5 0.964153	H@10 0.986965
INFO:meta-cli.py:Epoch 40/100	Loss 4.9375 ± 0.1346
INFO:meta-cli.py:Epoch 41/100	Loss 4.9364 ± 0.1171
INFO:meta-cli.py:Epoch 42/100	Loss 4.9314 ± 0.1303
INFO:meta-cli.py:Epoch 42/100	dev results	MRR 0.861703	H@1 0.786049	H@3 0.926966	H@5 0.956461	H@10 0.976592
INFO:meta-cli.py:Epoch 42/100	test results	MRR 0.865791	H@1 0.790503	H@3 0.933892	H@5 0.962756	H@10 0.986499
INFO:meta-cli.py:Epoch 43/100	Loss 4.9281 ± 0.1087
INFO:meta-cli.py:Epoch 44/100	Loss 4.9259 ± 0.1336
INFO:meta-cli.py:Epoch 45/100	Loss 4.9208 ± 0.1173
INFO:meta-cli.py:Epoch 45/100	dev results	MRR 0.858638	H@1 0.781835	H@3 0.923689	H@5 0.955056	H@10 0.976592
INFO:meta-cli.py:Epoch 45/100	test results	MRR 0.862489	H@1 0.784451	H@3 0.934823	H@5 0.962291	H@10 0.986034
INFO:meta-cli.py:Epoch 46/100	Loss 4.9204 ± 0.1184
INFO:meta-cli.py:Epoch 47/100	Loss 4.9158 ± 0.1220
INFO:meta-cli.py:Epoch 48/100	Loss 4.9128 ± 0.1177
INFO:meta-cli.py:Epoch 48/100	dev results	MRR 0.857964	H@1 0.780431	H@3 0.927434	H@5 0.955993	H@10 0.976124
INFO:meta-cli.py:Epoch 48/100	test results	MRR 0.864486	H@1 0.787244	H@3 0.935754	H@5 0.961825	H@10 0.986499
INFO:meta-cli.py:Epoch 49/100	Loss 4.9090 ± 0.1222
INFO:meta-cli.py:Epoch 50/100	Loss 4.9074 ± 0.1129
INFO:meta-cli.py:Epoch 51/100	Loss 4.9028 ± 0.1036
INFO:meta-cli.py:Epoch 51/100	dev results	MRR 0.856939	H@1 0.777622	H@3 0.926966	H@5 0.955056	H@10 0.976592
INFO:meta-cli.py:Epoch 51/100	test results	MRR 0.861936	H@1 0.783054	H@3 0.933892	H@5 0.963222	H@10 0.986034
INFO:meta-cli.py:Epoch 52/100	Loss 4.9005 ± 0.0984
INFO:meta-cli.py:Epoch 53/100	Loss 4.9000 ± 0.1265
INFO:meta-cli.py:Epoch 54/100	Loss 4.8951 ± 0.1221
INFO:meta-cli.py:Epoch 54/100	dev results	MRR 0.855634	H@1 0.776217	H@3 0.925562	H@5 0.955056	H@10 0.976592
INFO:meta-cli.py:Epoch 54/100	test results	MRR 0.862012	H@1 0.783520	H@3 0.935289	H@5 0.962291	H@10 0.986034
INFO:meta-cli.py:Epoch 55/100	Loss 4.8951 ± 0.1200
INFO:meta-cli.py:Epoch 56/100	Loss 4.8900 ± 0.1126
INFO:meta-cli.py:Epoch 57/100	Loss 4.8890 ± 0.1133
INFO:meta-cli.py:Epoch 57/100	dev results	MRR 0.855547	H@1 0.775281	H@3 0.927903	H@5 0.955056	H@10 0.977060
INFO:meta-cli.py:Epoch 57/100	test results	MRR 0.861608	H@1 0.783054	H@3 0.933892	H@5 0.962756	H@10 0.985568
INFO:meta-cli.py:Epoch 58/100	Loss 4.8866 ± 0.1122
INFO:meta-cli.py:Epoch 59/100	Loss 4.8843 ± 0.1205
INFO:meta-cli.py:Epoch 60/100	Loss 4.8826 ± 0.1229
INFO:meta-cli.py:Epoch 60/100	dev results	MRR 0.856663	H@1 0.777622	H@3 0.927434	H@5 0.955524	H@10 0.977060
INFO:meta-cli.py:Epoch 60/100	test results	MRR 0.861188	H@1 0.782123	H@3 0.933892	H@5 0.963687	H@10 0.985568
INFO:meta-cli.py:Epoch 61/100	Loss 4.8814 ± 0.1036
INFO:meta-cli.py:Epoch 62/100	Loss 4.8789 ± 0.1156
INFO:meta-cli.py:Epoch 63/100	Loss 4.8759 ± 0.1119
INFO:meta-cli.py:Epoch 63/100	dev results	MRR 0.854680	H@1 0.774813	H@3 0.925562	H@5 0.956461	H@10 0.977996
INFO:meta-cli.py:Epoch 63/100	test results	MRR 0.860162	H@1 0.779795	H@3 0.934358	H@5 0.962756	H@10 0.986034
INFO:meta-cli.py:Epoch 64/100	Loss 4.8755 ± 0.1235
INFO:meta-cli.py:Epoch 65/100	Loss 4.8740 ± 0.1284
INFO:meta-cli.py:Epoch 66/100	Loss 4.8700 ± 0.1108
INFO:meta-cli.py:Epoch 66/100	dev results	MRR 0.852800	H@1 0.771067	H@3 0.926030	H@5 0.956461	H@10 0.977996
INFO:meta-cli.py:Epoch 66/100	test results	MRR 0.860979	H@1 0.781657	H@3 0.933892	H@5 0.962756	H@10 0.986034
INFO:meta-cli.py:Epoch 67/100	Loss 4.8688 ± 0.1050
INFO:meta-cli.py:Epoch 68/100	Loss 4.8682 ± 0.1255
INFO:meta-cli.py:Epoch 69/100	Loss 4.8660 ± 0.1109
INFO:meta-cli.py:Epoch 69/100	dev results	MRR 0.853941	H@1 0.772940	H@3 0.925562	H@5 0.956929	H@10 0.977528
INFO:meta-cli.py:Epoch 69/100	test results	MRR 0.858873	H@1 0.778399	H@3 0.932495	H@5 0.963222	H@10 0.986034
INFO:meta-cli.py:Epoch 70/100	Loss 4.8629 ± 0.1241
INFO:meta-cli.py:Epoch 71/100	Loss 4.8628 ± 0.1139
INFO:meta-cli.py:Epoch 72/100	Loss 4.8611 ± 0.1019
INFO:meta-cli.py:Epoch 72/100	dev results	MRR 0.851472	H@1 0.768727	H@3 0.922285	H@5 0.956929	H@10 0.977528
INFO:meta-cli.py:Epoch 72/100	test results	MRR 0.858229	H@1 0.777002	H@3 0.933426	H@5 0.962756	H@10 0.984637
INFO:meta-cli.py:Epoch 73/100	Loss 4.8588 ± 0.0899
INFO:meta-cli.py:Epoch 74/100	Loss 4.8570 ± 0.1174
INFO:meta-cli.py:Epoch 75/100	Loss 4.8562 ± 0.1029
INFO:meta-cli.py:Epoch 75/100	dev results	MRR 0.852183	H@1 0.770599	H@3 0.922753	H@5 0.957397	H@10 0.977060
INFO:meta-cli.py:Epoch 75/100	test results	MRR 0.856702	H@1 0.774209	H@3 0.933892	H@5 0.963687	H@10 0.984637
INFO:meta-cli.py:Epoch 76/100	Loss 4.8532 ± 0.1258
INFO:meta-cli.py:Epoch 77/100	Loss 4.8525 ± 0.1110
INFO:meta-cli.py:Epoch 78/100	Loss 4.8502 ± 0.0955
INFO:meta-cli.py:Epoch 78/100	dev results	MRR 0.851120	H@1 0.768727	H@3 0.922285	H@5 0.955993	H@10 0.977060
INFO:meta-cli.py:Epoch 78/100	test results	MRR 0.856725	H@1 0.774674	H@3 0.932961	H@5 0.964153	H@10 0.985102
INFO:meta-cli.py:Epoch 79/100	Loss 4.8497 ± 0.1046
INFO:meta-cli.py:Epoch 80/100	Loss 4.8472 ± 0.1165
INFO:meta-cli.py:Epoch 81/100	Loss 4.8481 ± 0.1014
INFO:meta-cli.py:Epoch 81/100	dev results	MRR 0.851177	H@1 0.768727	H@3 0.923689	H@5 0.956929	H@10 0.977528
INFO:meta-cli.py:Epoch 81/100	test results	MRR 0.857083	H@1 0.775605	H@3 0.932030	H@5 0.964153	H@10 0.985102
INFO:meta-cli.py:Epoch 82/100	Loss 4.8464 ± 0.1069
INFO:meta-cli.py:Epoch 83/100	Loss 4.8454 ± 0.1144
INFO:meta-cli.py:Epoch 84/100	Loss nan ± nan
INFO:meta-cli.py:Epoch 84/100	dev results	MRR 0.025624	H@1 0.000468	H@3 0.000936	H@5 0.002341	H@10 0.016854
INFO:meta-cli.py:Epoch 84/100	test results	MRR 0.025909	H@1 0.000000	H@3 0.000466	H@5 0.002328	H@10 0.018622
INFO:meta-cli.py:Epoch 85/100	Loss nan ± nan
INFO:meta-cli.py:Epoch 86/100	Loss nan ± nan
INFO:meta-cli.py:Epoch 87/100	Loss nan ± nan
INFO:meta-cli.py:Epoch 87/100	dev results	MRR 0.025624	H@1 0.000468	H@3 0.000936	H@5 0.002341	H@10 0.016854
INFO:meta-cli.py:Epoch 87/100	test results	MRR 0.025909	H@1 0.000000	H@3 0.000466	H@5 0.002328	H@10 0.018622
INFO:meta-cli.py:Epoch 88/100	Loss nan ± nan
INFO:meta-cli.py:Epoch 89/100	Loss nan ± nan
INFO:meta-cli.py:Epoch 90/100	Loss nan ± nan
INFO:meta-cli.py:Epoch 90/100	dev results	MRR 0.025624	H@1 0.000468	H@3 0.000936	H@5 0.002341	H@10 0.016854
INFO:meta-cli.py:Epoch 90/100	test results	MRR 0.025909	H@1 0.000000	H@3 0.000466	H@5 0.002328	H@10 0.018622
INFO:meta-cli.py:Epoch 91/100	Loss nan ± nan
INFO:meta-cli.py:Epoch 92/100	Loss nan ± nan
INFO:meta-cli.py:Epoch 93/100	Loss nan ± nan
INFO:meta-cli.py:Epoch 93/100	dev results	MRR 0.025624	H@1 0.000468	H@3 0.000936	H@5 0.002341	H@10 0.016854
INFO:meta-cli.py:Epoch 93/100	test results	MRR 0.025909	H@1 0.000000	H@3 0.000466	H@5 0.002328	H@10 0.018622
INFO:meta-cli.py:Epoch 94/100	Loss nan ± nan
INFO:meta-cli.py:Epoch 95/100	Loss nan ± nan
INFO:meta-cli.py:Epoch 96/100	Loss nan ± nan
INFO:meta-cli.py:Epoch 96/100	dev results	MRR 0.025624	H@1 0.000468	H@3 0.000936	H@5 0.002341	H@10 0.016854
INFO:meta-cli.py:Epoch 96/100	test results	MRR 0.025909	H@1 0.000000	H@3 0.000466	H@5 0.002328	H@10 0.018622
INFO:meta-cli.py:Epoch 97/100	Loss nan ± nan
INFO:meta-cli.py:Epoch 98/100	Loss nan ± nan
INFO:meta-cli.py:Epoch 99/100	Loss nan ± nan
INFO:meta-cli.py:Epoch 99/100	dev results	MRR 0.025624	H@1 0.000468	H@3 0.000936	H@5 0.002341	H@10 0.016854
INFO:meta-cli.py:Epoch 99/100	test results	MRR 0.025909	H@1 0.000000	H@3 0.000466	H@5 0.002328	H@10 0.018622
INFO:meta-cli.py:Epoch 100/100	Loss nan ± nan
INFO:meta-cli.py:Final 	dev results	MRR 0.025624	H@1 0.000468	H@3 0.000936	H@5 0.002341	H@10 0.016854
INFO:meta-cli.py:Final 	test results	MRR 0.025909	H@1 0.000000	H@3 0.000466	H@5 0.002328	H@10 0.018622
INFO:meta-cli.py:Training finished
