./bin/meta-cli.py --train data/nations/train.tsv --dev data/nations/dev.tsv --test data/nations/test.tsv -m complex -k 1000 -b 100 -e 100 --F2 0.005 --N3 0 -l 0.1 -I standard -V 3 -o adagrad -q
{'F2': 0.005,
 'N3': 0.0,
 'batch_size': 100,
 'dev': 'data/nations/dev.tsv',
 'embedding_size': 1000,
 'epochs': 100,
 'eval_batch_size': None,
 'input_type': 'standard',
 'learning_rate': 0.1,
 'load': None,
 'model': 'complex',
 'optimizer': 'adagrad',
 'quiet': True,
 'save': None,
 'seed': 0,
 'test': 'data/nations/test.tsv',
 'test_i': None,
 'test_ii': None,
 'train': 'data/nations/train.tsv',
 'validate_every': 3}
INFO:meta-cli.py:Device: cpu
INFO:meta-cli.py:Model state:
INFO:meta-cli.py:	entities.weight	torch.Size([14, 2000])
INFO:meta-cli.py:	predicates.weight	torch.Size([55, 2000])
INFO:meta-cli.py:Epoch 1/100	Loss 5.8683 ± 0.3017
INFO:meta-cli.py:Epoch 2/100	Loss 5.0530 ± 0.1207
INFO:meta-cli.py:Epoch 3/100	Loss 4.6837 ± 0.1516
INFO:meta-cli.py:Epoch 3/100	dev results	MRR 0.788157	H@1 0.670854	H@3 0.876884	H@5 0.969849	H@10 0.997487
INFO:meta-cli.py:Epoch 3/100	test results	MRR 0.806616	H@1 0.696517	H@3 0.898010	H@5 0.955224	H@10 1.000000
INFO:meta-cli.py:Epoch 4/100	Loss 4.5008 ± 0.1968
INFO:meta-cli.py:Epoch 5/100	Loss 4.3735 ± 0.2004
INFO:meta-cli.py:Epoch 6/100	Loss 4.2885 ± 0.1865
INFO:meta-cli.py:Epoch 6/100	dev results	MRR 0.789757	H@1 0.668342	H@3 0.899497	H@5 0.969849	H@10 1.000000
INFO:meta-cli.py:Epoch 6/100	test results	MRR 0.814945	H@1 0.703980	H@3 0.920398	H@5 0.965174	H@10 1.000000
INFO:meta-cli.py:Epoch 7/100	Loss 4.2255 ± 0.1655
INFO:meta-cli.py:Epoch 8/100	Loss 4.1643 ± 0.1560
INFO:meta-cli.py:Epoch 9/100	Loss 4.1261 ± 0.1697
INFO:meta-cli.py:Epoch 9/100	dev results	MRR 0.793627	H@1 0.670854	H@3 0.907035	H@5 0.964824	H@10 1.000000
INFO:meta-cli.py:Epoch 9/100	test results	MRR 0.810869	H@1 0.696517	H@3 0.917910	H@5 0.970149	H@10 0.997512
INFO:meta-cli.py:Epoch 10/100	Loss 4.0899 ± 0.1872
INFO:meta-cli.py:Epoch 11/100	Loss 4.0585 ± 0.1864
INFO:meta-cli.py:Epoch 12/100	Loss 4.0274 ± 0.1484
INFO:meta-cli.py:Epoch 12/100	dev results	MRR 0.797336	H@1 0.675879	H@3 0.902010	H@5 0.974874	H@10 1.000000
INFO:meta-cli.py:Epoch 12/100	test results	MRR 0.804323	H@1 0.684080	H@3 0.920398	H@5 0.975124	H@10 0.997512
INFO:meta-cli.py:Epoch 13/100	Loss 4.0015 ± 0.1395
INFO:meta-cli.py:Epoch 14/100	Loss 3.9838 ± 0.1517
INFO:meta-cli.py:Epoch 15/100	Loss 3.9627 ± 0.1638
INFO:meta-cli.py:Epoch 15/100	dev results	MRR 0.798264	H@1 0.680905	H@3 0.902010	H@5 0.969849	H@10 1.000000
INFO:meta-cli.py:Epoch 15/100	test results	MRR 0.799218	H@1 0.681592	H@3 0.900498	H@5 0.972637	H@10 0.995025
INFO:meta-cli.py:Epoch 16/100	Loss 3.9417 ± 0.1675
INFO:meta-cli.py:Epoch 17/100	Loss 3.9296 ± 0.1729
INFO:meta-cli.py:Epoch 18/100	Loss 3.9119 ± 0.1470
INFO:meta-cli.py:Epoch 18/100	dev results	MRR 0.796745	H@1 0.680905	H@3 0.889447	H@5 0.969849	H@10 0.997487
INFO:meta-cli.py:Epoch 18/100	test results	MRR 0.788142	H@1 0.661692	H@3 0.900498	H@5 0.967662	H@10 0.995025
INFO:meta-cli.py:Epoch 19/100	Loss 3.9036 ± 0.1505
INFO:meta-cli.py:Epoch 20/100	Loss 3.8903 ± 0.1388
INFO:meta-cli.py:Epoch 21/100	Loss 3.8793 ± 0.1936
INFO:meta-cli.py:Epoch 21/100	dev results	MRR 0.788247	H@1 0.668342	H@3 0.886935	H@5 0.967337	H@10 0.997487
INFO:meta-cli.py:Epoch 21/100	test results	MRR 0.788569	H@1 0.664179	H@3 0.898010	H@5 0.970149	H@10 0.995025
INFO:meta-cli.py:Epoch 22/100	Loss 3.8684 ± 0.1666
INFO:meta-cli.py:Epoch 23/100	Loss 3.8578 ± 0.1607
INFO:meta-cli.py:Epoch 24/100	Loss 3.8512 ± 0.1108
INFO:meta-cli.py:Epoch 24/100	dev results	MRR 0.785422	H@1 0.663317	H@3 0.886935	H@5 0.969849	H@10 1.000000
INFO:meta-cli.py:Epoch 24/100	test results	MRR 0.787070	H@1 0.664179	H@3 0.900498	H@5 0.967662	H@10 0.995025
INFO:meta-cli.py:Epoch 25/100	Loss 3.8403 ± 0.1564
INFO:meta-cli.py:Epoch 26/100	Loss 3.8342 ± 0.1284
INFO:meta-cli.py:Epoch 27/100	Loss 3.8253 ± 0.1384
INFO:meta-cli.py:Epoch 27/100	dev results	MRR 0.783403	H@1 0.663317	H@3 0.886935	H@5 0.969849	H@10 0.997487
INFO:meta-cli.py:Epoch 27/100	test results	MRR 0.781912	H@1 0.654229	H@3 0.893035	H@5 0.965174	H@10 0.995025
INFO:meta-cli.py:Epoch 28/100	Loss 3.8199 ± 0.1001
INFO:meta-cli.py:Epoch 29/100	Loss 3.8101 ± 0.1183
INFO:meta-cli.py:Epoch 30/100	Loss 3.8030 ± 0.1192
INFO:meta-cli.py:Epoch 30/100	dev results	MRR 0.785352	H@1 0.668342	H@3 0.879397	H@5 0.969849	H@10 1.000000
INFO:meta-cli.py:Epoch 30/100	test results	MRR 0.782574	H@1 0.656716	H@3 0.890547	H@5 0.965174	H@10 0.992537
INFO:meta-cli.py:Epoch 31/100	Loss 3.7998 ± 0.1089
INFO:meta-cli.py:Epoch 32/100	Loss 3.7927 ± 0.1319
INFO:meta-cli.py:Epoch 33/100	Loss 3.7888 ± 0.1792
INFO:meta-cli.py:Epoch 33/100	dev results	MRR 0.780156	H@1 0.660804	H@3 0.879397	H@5 0.969849	H@10 0.994975
INFO:meta-cli.py:Epoch 33/100	test results	MRR 0.781497	H@1 0.656716	H@3 0.890547	H@5 0.965174	H@10 0.992537
INFO:meta-cli.py:Epoch 34/100	Loss 3.7811 ± 0.1312
INFO:meta-cli.py:Epoch 35/100	Loss 3.7788 ± 0.1340
INFO:meta-cli.py:Epoch 36/100	Loss 3.7745 ± 0.1668
INFO:meta-cli.py:Epoch 36/100	dev results	MRR 0.777434	H@1 0.655779	H@3 0.876884	H@5 0.969849	H@10 0.994975
INFO:meta-cli.py:Epoch 36/100	test results	MRR 0.779574	H@1 0.654229	H@3 0.888060	H@5 0.962687	H@10 0.992537
INFO:meta-cli.py:Epoch 37/100	Loss 3.7710 ± 0.1235
INFO:meta-cli.py:Epoch 38/100	Loss 3.7652 ± 0.1038
INFO:meta-cli.py:Epoch 39/100	Loss 3.7600 ± 0.0641
INFO:meta-cli.py:Epoch 39/100	dev results	MRR 0.776704	H@1 0.655779	H@3 0.874372	H@5 0.967337	H@10 0.994975
INFO:meta-cli.py:Epoch 39/100	test results	MRR 0.782394	H@1 0.659204	H@3 0.893035	H@5 0.962687	H@10 0.990050
INFO:meta-cli.py:Epoch 40/100	Loss 3.7567 ± 0.1613
INFO:meta-cli.py:Epoch 41/100	Loss 3.7560 ± 0.1546
INFO:meta-cli.py:Epoch 42/100	Loss 3.7505 ± 0.1267
INFO:meta-cli.py:Epoch 42/100	dev results	MRR 0.776827	H@1 0.653266	H@3 0.881910	H@5 0.967337	H@10 0.994975
INFO:meta-cli.py:Epoch 42/100	test results	MRR 0.782650	H@1 0.659204	H@3 0.893035	H@5 0.962687	H@10 0.990050
INFO:meta-cli.py:Epoch 43/100	Loss 3.7455 ± 0.1388
INFO:meta-cli.py:Epoch 44/100	Loss 3.7428 ± 0.1442
INFO:meta-cli.py:Epoch 45/100	Loss 3.7384 ± 0.1216
INFO:meta-cli.py:Epoch 45/100	dev results	MRR 0.775989	H@1 0.653266	H@3 0.881910	H@5 0.962312	H@10 0.994975
INFO:meta-cli.py:Epoch 45/100	test results	MRR 0.780450	H@1 0.656716	H@3 0.888060	H@5 0.960199	H@10 0.990050
INFO:meta-cli.py:Epoch 46/100	Loss 3.7357 ± 0.1314
INFO:meta-cli.py:Epoch 47/100	Loss 3.7328 ± 0.1459
INFO:meta-cli.py:Epoch 48/100	Loss 3.7302 ± 0.1192
INFO:meta-cli.py:Epoch 48/100	dev results	MRR 0.775235	H@1 0.655779	H@3 0.876884	H@5 0.959799	H@10 0.994975
INFO:meta-cli.py:Epoch 48/100	test results	MRR 0.780782	H@1 0.659204	H@3 0.880597	H@5 0.960199	H@10 0.990050
INFO:meta-cli.py:Epoch 49/100	Loss 3.7279 ± 0.1039
INFO:meta-cli.py:Epoch 50/100	Loss 3.7244 ± 0.1085
INFO:meta-cli.py:Epoch 51/100	Loss 3.7241 ± 0.1187
INFO:meta-cli.py:Epoch 51/100	dev results	MRR 0.772981	H@1 0.653266	H@3 0.874372	H@5 0.962312	H@10 0.994975
INFO:meta-cli.py:Epoch 51/100	test results	MRR 0.781927	H@1 0.661692	H@3 0.880597	H@5 0.957711	H@10 0.990050
INFO:meta-cli.py:Epoch 52/100	Loss 3.7204 ± 0.1153
INFO:meta-cli.py:Epoch 53/100	Loss nan ± nan
INFO:meta-cli.py:Epoch 54/100	Loss nan ± nan
INFO:meta-cli.py:Epoch 54/100	dev results	MRR 0.100535	H@1 0.000000	H@3 0.012563	H@5 0.037688	H@10 0.354271
INFO:meta-cli.py:Epoch 54/100	test results	MRR 0.101660	H@1 0.000000	H@3 0.012438	H@5 0.064677	H@10 0.348259
INFO:meta-cli.py:Epoch 55/100	Loss nan ± nan
INFO:meta-cli.py:Epoch 56/100	Loss nan ± nan
INFO:meta-cli.py:Epoch 57/100	Loss nan ± nan
INFO:meta-cli.py:Epoch 57/100	dev results	MRR 0.100535	H@1 0.000000	H@3 0.012563	H@5 0.037688	H@10 0.354271
INFO:meta-cli.py:Epoch 57/100	test results	MRR 0.101660	H@1 0.000000	H@3 0.012438	H@5 0.064677	H@10 0.348259
INFO:meta-cli.py:Epoch 58/100	Loss nan ± nan
INFO:meta-cli.py:Epoch 59/100	Loss nan ± nan
INFO:meta-cli.py:Epoch 60/100	Loss nan ± nan
INFO:meta-cli.py:Epoch 60/100	dev results	MRR 0.100535	H@1 0.000000	H@3 0.012563	H@5 0.037688	H@10 0.354271
INFO:meta-cli.py:Epoch 60/100	test results	MRR 0.101660	H@1 0.000000	H@3 0.012438	H@5 0.064677	H@10 0.348259
INFO:meta-cli.py:Epoch 61/100	Loss nan ± nan
INFO:meta-cli.py:Epoch 62/100	Loss nan ± nan
INFO:meta-cli.py:Epoch 63/100	Loss nan ± nan
INFO:meta-cli.py:Epoch 63/100	dev results	MRR 0.100535	H@1 0.000000	H@3 0.012563	H@5 0.037688	H@10 0.354271
INFO:meta-cli.py:Epoch 63/100	test results	MRR 0.101660	H@1 0.000000	H@3 0.012438	H@5 0.064677	H@10 0.348259
INFO:meta-cli.py:Epoch 64/100	Loss nan ± nan
INFO:meta-cli.py:Epoch 65/100	Loss nan ± nan
INFO:meta-cli.py:Epoch 66/100	Loss nan ± nan
INFO:meta-cli.py:Epoch 66/100	dev results	MRR 0.100535	H@1 0.000000	H@3 0.012563	H@5 0.037688	H@10 0.354271
INFO:meta-cli.py:Epoch 66/100	test results	MRR 0.101660	H@1 0.000000	H@3 0.012438	H@5 0.064677	H@10 0.348259
INFO:meta-cli.py:Epoch 67/100	Loss nan ± nan
INFO:meta-cli.py:Epoch 68/100	Loss nan ± nan
INFO:meta-cli.py:Epoch 69/100	Loss nan ± nan
INFO:meta-cli.py:Epoch 69/100	dev results	MRR 0.100535	H@1 0.000000	H@3 0.012563	H@5 0.037688	H@10 0.354271
INFO:meta-cli.py:Epoch 69/100	test results	MRR 0.101660	H@1 0.000000	H@3 0.012438	H@5 0.064677	H@10 0.348259
INFO:meta-cli.py:Epoch 70/100	Loss nan ± nan
INFO:meta-cli.py:Epoch 71/100	Loss nan ± nan
INFO:meta-cli.py:Epoch 72/100	Loss nan ± nan
INFO:meta-cli.py:Epoch 72/100	dev results	MRR 0.100535	H@1 0.000000	H@3 0.012563	H@5 0.037688	H@10 0.354271
INFO:meta-cli.py:Epoch 72/100	test results	MRR 0.101660	H@1 0.000000	H@3 0.012438	H@5 0.064677	H@10 0.348259
INFO:meta-cli.py:Epoch 73/100	Loss nan ± nan
INFO:meta-cli.py:Epoch 74/100	Loss nan ± nan
INFO:meta-cli.py:Epoch 75/100	Loss nan ± nan
INFO:meta-cli.py:Epoch 75/100	dev results	MRR 0.100535	H@1 0.000000	H@3 0.012563	H@5 0.037688	H@10 0.354271
INFO:meta-cli.py:Epoch 75/100	test results	MRR 0.101660	H@1 0.000000	H@3 0.012438	H@5 0.064677	H@10 0.348259
INFO:meta-cli.py:Epoch 76/100	Loss nan ± nan
INFO:meta-cli.py:Epoch 77/100	Loss nan ± nan
INFO:meta-cli.py:Epoch 78/100	Loss nan ± nan
INFO:meta-cli.py:Epoch 78/100	dev results	MRR 0.100535	H@1 0.000000	H@3 0.012563	H@5 0.037688	H@10 0.354271
INFO:meta-cli.py:Epoch 78/100	test results	MRR 0.101660	H@1 0.000000	H@3 0.012438	H@5 0.064677	H@10 0.348259
INFO:meta-cli.py:Epoch 79/100	Loss nan ± nan
INFO:meta-cli.py:Epoch 80/100	Loss nan ± nan
INFO:meta-cli.py:Epoch 81/100	Loss nan ± nan
INFO:meta-cli.py:Epoch 81/100	dev results	MRR 0.100535	H@1 0.000000	H@3 0.012563	H@5 0.037688	H@10 0.354271
INFO:meta-cli.py:Epoch 81/100	test results	MRR 0.101660	H@1 0.000000	H@3 0.012438	H@5 0.064677	H@10 0.348259
INFO:meta-cli.py:Epoch 82/100	Loss nan ± nan
INFO:meta-cli.py:Epoch 83/100	Loss nan ± nan
INFO:meta-cli.py:Epoch 84/100	Loss nan ± nan
INFO:meta-cli.py:Epoch 84/100	dev results	MRR 0.100535	H@1 0.000000	H@3 0.012563	H@5 0.037688	H@10 0.354271
INFO:meta-cli.py:Epoch 84/100	test results	MRR 0.101660	H@1 0.000000	H@3 0.012438	H@5 0.064677	H@10 0.348259
INFO:meta-cli.py:Epoch 85/100	Loss nan ± nan
INFO:meta-cli.py:Epoch 86/100	Loss nan ± nan
INFO:meta-cli.py:Epoch 87/100	Loss nan ± nan
INFO:meta-cli.py:Epoch 87/100	dev results	MRR 0.100535	H@1 0.000000	H@3 0.012563	H@5 0.037688	H@10 0.354271
INFO:meta-cli.py:Epoch 87/100	test results	MRR 0.101660	H@1 0.000000	H@3 0.012438	H@5 0.064677	H@10 0.348259
INFO:meta-cli.py:Epoch 88/100	Loss nan ± nan
INFO:meta-cli.py:Epoch 89/100	Loss nan ± nan
INFO:meta-cli.py:Epoch 90/100	Loss nan ± nan
INFO:meta-cli.py:Epoch 90/100	dev results	MRR 0.100535	H@1 0.000000	H@3 0.012563	H@5 0.037688	H@10 0.354271
INFO:meta-cli.py:Epoch 90/100	test results	MRR 0.101660	H@1 0.000000	H@3 0.012438	H@5 0.064677	H@10 0.348259
INFO:meta-cli.py:Epoch 91/100	Loss nan ± nan
INFO:meta-cli.py:Epoch 92/100	Loss nan ± nan
INFO:meta-cli.py:Epoch 93/100	Loss nan ± nan
INFO:meta-cli.py:Epoch 93/100	dev results	MRR 0.100535	H@1 0.000000	H@3 0.012563	H@5 0.037688	H@10 0.354271
INFO:meta-cli.py:Epoch 93/100	test results	MRR 0.101660	H@1 0.000000	H@3 0.012438	H@5 0.064677	H@10 0.348259
INFO:meta-cli.py:Epoch 94/100	Loss nan ± nan
INFO:meta-cli.py:Epoch 95/100	Loss nan ± nan
INFO:meta-cli.py:Epoch 96/100	Loss nan ± nan
INFO:meta-cli.py:Epoch 96/100	dev results	MRR 0.100535	H@1 0.000000	H@3 0.012563	H@5 0.037688	H@10 0.354271
INFO:meta-cli.py:Epoch 96/100	test results	MRR 0.101660	H@1 0.000000	H@3 0.012438	H@5 0.064677	H@10 0.348259
INFO:meta-cli.py:Epoch 97/100	Loss nan ± nan
INFO:meta-cli.py:Epoch 98/100	Loss nan ± nan
INFO:meta-cli.py:Epoch 99/100	Loss nan ± nan
INFO:meta-cli.py:Epoch 99/100	dev results	MRR 0.100535	H@1 0.000000	H@3 0.012563	H@5 0.037688	H@10 0.354271
INFO:meta-cli.py:Epoch 99/100	test results	MRR 0.101660	H@1 0.000000	H@3 0.012438	H@5 0.064677	H@10 0.348259
INFO:meta-cli.py:Epoch 100/100	Loss nan ± nan
INFO:meta-cli.py:Final 	dev results	MRR 0.100535	H@1 0.000000	H@3 0.012563	H@5 0.037688	H@10 0.354271
INFO:meta-cli.py:Final 	test results	MRR 0.101660	H@1 0.000000	H@3 0.012438	H@5 0.064677	H@10 0.348259
INFO:meta-cli.py:Training finished
