./bin/meta-cli.py --train data/nations/train.tsv --dev data/nations/dev.tsv --test data/nations/test.tsv -m complex -k 10 -b 100 -e 100 --F2 0.01 --N3 0 -l 0.1 -I reciprocal -V 3 -o adagrad -q
{'F2': 0.01,
 'N3': 0.0,
 'batch_size': 100,
 'dev': 'data/nations/dev.tsv',
 'embedding_size': 10,
 'epochs': 100,
 'eval_batch_size': None,
 'input_type': 'reciprocal',
 'learning_rate': 0.1,
 'load': None,
 'model': 'complex',
 'optimizer': 'adagrad',
 'quiet': True,
 'save': None,
 'seed': 0,
 'test': 'data/nations/test.tsv',
 'test_i': None,
 'test_ii': None,
 'train': 'data/nations/train.tsv',
 'validate_every': 3}
INFO:meta-cli.py:Device: cpu
INFO:meta-cli.py:Model state:
INFO:meta-cli.py:	entities.weight	torch.Size([14, 20])
INFO:meta-cli.py:	predicates.weight	torch.Size([110, 20])
INFO:meta-cli.py:Epoch 1/100	Loss 5.2752 ± 0.0198
INFO:meta-cli.py:Epoch 2/100	Loss 5.1569 ± 0.0514
INFO:meta-cli.py:Epoch 3/100	Loss 4.9823 ± 0.0693
INFO:meta-cli.py:Epoch 3/100	dev results	MRR 0.653288	H@1 0.497487	H@3 0.763819	H@5 0.869347	H@10 0.967337
INFO:meta-cli.py:Epoch 3/100	test results	MRR 0.647709	H@1 0.490050	H@3 0.751244	H@5 0.865672	H@10 0.987562
INFO:meta-cli.py:Epoch 4/100	Loss 4.7887 ± 0.0868
INFO:meta-cli.py:Epoch 5/100	Loss 4.6560 ± 0.1119
INFO:meta-cli.py:Epoch 6/100	Loss 4.5739 ± 0.1242
INFO:meta-cli.py:Epoch 6/100	dev results	MRR 0.685730	H@1 0.537688	H@3 0.786432	H@5 0.912060	H@10 0.997487
INFO:meta-cli.py:Epoch 6/100	test results	MRR 0.672705	H@1 0.504975	H@3 0.803483	H@5 0.890547	H@10 0.975124
INFO:meta-cli.py:Epoch 7/100	Loss 4.5142 ± 0.1147
INFO:meta-cli.py:Epoch 8/100	Loss 4.4700 ± 0.1219
INFO:meta-cli.py:Epoch 9/100	Loss 4.4325 ± 0.1251
INFO:meta-cli.py:Epoch 9/100	dev results	MRR 0.690500	H@1 0.532663	H@3 0.801508	H@5 0.912060	H@10 0.994975
INFO:meta-cli.py:Epoch 9/100	test results	MRR 0.685543	H@1 0.529851	H@3 0.805970	H@5 0.898010	H@10 0.980100
INFO:meta-cli.py:Epoch 10/100	Loss 4.4045 ± 0.1198
INFO:meta-cli.py:Epoch 11/100	Loss 4.3792 ± 0.1122
INFO:meta-cli.py:Epoch 12/100	Loss 4.3603 ± 0.1344
INFO:meta-cli.py:Epoch 12/100	dev results	MRR 0.698010	H@1 0.537688	H@3 0.816583	H@5 0.929648	H@10 0.997487
INFO:meta-cli.py:Epoch 12/100	test results	MRR 0.688897	H@1 0.527363	H@3 0.813433	H@5 0.907960	H@10 0.992537
INFO:meta-cli.py:Epoch 13/100	Loss 4.3431 ± 0.1220
INFO:meta-cli.py:Epoch 14/100	Loss 4.3288 ± 0.1277
INFO:meta-cli.py:Epoch 15/100	Loss 4.3159 ± 0.1158
INFO:meta-cli.py:Epoch 15/100	dev results	MRR 0.706436	H@1 0.547739	H@3 0.826633	H@5 0.934673	H@10 0.997487
INFO:meta-cli.py:Epoch 15/100	test results	MRR 0.698735	H@1 0.539801	H@3 0.823383	H@5 0.912935	H@10 0.990050
INFO:meta-cli.py:Epoch 16/100	Loss 4.3053 ± 0.1272
INFO:meta-cli.py:Epoch 17/100	Loss 4.2948 ± 0.1297
INFO:meta-cli.py:Epoch 18/100	Loss 4.2859 ± 0.1232
INFO:meta-cli.py:Epoch 18/100	dev results	MRR 0.711734	H@1 0.555276	H@3 0.836683	H@5 0.934673	H@10 0.997487
INFO:meta-cli.py:Epoch 18/100	test results	MRR 0.699785	H@1 0.542289	H@3 0.830846	H@5 0.912935	H@10 0.990050
INFO:meta-cli.py:Epoch 19/100	Loss 4.2779 ± 0.1146
INFO:meta-cli.py:Epoch 20/100	Loss 4.2723 ± 0.1336
INFO:meta-cli.py:Epoch 21/100	Loss 4.2646 ± 0.1517
INFO:meta-cli.py:Epoch 21/100	dev results	MRR 0.709370	H@1 0.550251	H@3 0.831658	H@5 0.937186	H@10 0.997487
INFO:meta-cli.py:Epoch 21/100	test results	MRR 0.698372	H@1 0.539801	H@3 0.830846	H@5 0.910448	H@10 0.992537
INFO:meta-cli.py:Epoch 22/100	Loss 4.2567 ± 0.1344
INFO:meta-cli.py:Epoch 23/100	Loss 4.2524 ± 0.1513
INFO:meta-cli.py:Epoch 24/100	Loss 4.2489 ± 0.1313
INFO:meta-cli.py:Epoch 24/100	dev results	MRR 0.700667	H@1 0.535176	H@3 0.834171	H@5 0.934673	H@10 0.997487
INFO:meta-cli.py:Epoch 24/100	test results	MRR 0.697500	H@1 0.537313	H@3 0.828358	H@5 0.922886	H@10 0.995025
INFO:meta-cli.py:Epoch 25/100	Loss 4.2426 ± 0.1195
INFO:meta-cli.py:Epoch 26/100	Loss 4.2381 ± 0.1166
INFO:meta-cli.py:Epoch 27/100	Loss 4.2337 ± 0.0993
INFO:meta-cli.py:Epoch 27/100	dev results	MRR 0.704391	H@1 0.542714	H@3 0.836683	H@5 0.937186	H@10 0.997487
INFO:meta-cli.py:Epoch 27/100	test results	MRR 0.702354	H@1 0.549751	H@3 0.823383	H@5 0.917910	H@10 0.987562
INFO:meta-cli.py:Epoch 28/100	Loss 4.2287 ± 0.1238
INFO:meta-cli.py:Epoch 29/100	Loss 4.2265 ± 0.1127
INFO:meta-cli.py:Epoch 30/100	Loss 4.2222 ± 0.1452
INFO:meta-cli.py:Epoch 30/100	dev results	MRR 0.701376	H@1 0.537688	H@3 0.836683	H@5 0.934673	H@10 0.997487
INFO:meta-cli.py:Epoch 30/100	test results	MRR 0.703666	H@1 0.552239	H@3 0.820896	H@5 0.917910	H@10 0.987562
INFO:meta-cli.py:Epoch 31/100	Loss 4.2197 ± 0.1235
INFO:meta-cli.py:Epoch 32/100	Loss 4.2173 ± 0.1281
INFO:meta-cli.py:Epoch 33/100	Loss 4.2148 ± 0.1244
INFO:meta-cli.py:Epoch 33/100	dev results	MRR 0.697505	H@1 0.530151	H@3 0.836683	H@5 0.937186	H@10 0.997487
INFO:meta-cli.py:Epoch 33/100	test results	MRR 0.701325	H@1 0.549751	H@3 0.818408	H@5 0.920398	H@10 0.987562
INFO:meta-cli.py:Epoch 34/100	Loss 4.2111 ± 0.1456
INFO:meta-cli.py:Epoch 35/100	Loss 4.2083 ± 0.0849
INFO:meta-cli.py:Epoch 36/100	Loss 4.2064 ± 0.0959
INFO:meta-cli.py:Epoch 36/100	dev results	MRR 0.699579	H@1 0.535176	H@3 0.834171	H@5 0.934673	H@10 0.997487
INFO:meta-cli.py:Epoch 36/100	test results	MRR 0.704771	H@1 0.557214	H@3 0.815920	H@5 0.922886	H@10 0.990050
INFO:meta-cli.py:Epoch 37/100	Loss 4.2023 ± 0.1314
INFO:meta-cli.py:Epoch 38/100	Loss 4.2013 ± 0.1263
INFO:meta-cli.py:Epoch 39/100	Loss 4.1999 ± 0.1535
INFO:meta-cli.py:Epoch 39/100	dev results	MRR 0.702340	H@1 0.542714	H@3 0.836683	H@5 0.937186	H@10 0.997487
INFO:meta-cli.py:Epoch 39/100	test results	MRR 0.704854	H@1 0.557214	H@3 0.815920	H@5 0.917910	H@10 0.990050
INFO:meta-cli.py:Epoch 40/100	Loss 4.1976 ± 0.1368
INFO:meta-cli.py:Epoch 41/100	Loss 4.1940 ± 0.1083
INFO:meta-cli.py:Epoch 42/100	Loss 4.1928 ± 0.1527
INFO:meta-cli.py:Epoch 42/100	dev results	MRR 0.701132	H@1 0.540201	H@3 0.839196	H@5 0.932161	H@10 0.997487
INFO:meta-cli.py:Epoch 42/100	test results	MRR 0.706406	H@1 0.559701	H@3 0.813433	H@5 0.915423	H@10 0.990050
INFO:meta-cli.py:Epoch 43/100	Loss 4.1899 ± 0.1097
INFO:meta-cli.py:Epoch 44/100	Loss 4.1888 ± 0.1304
INFO:meta-cli.py:Epoch 45/100	Loss 4.1868 ± 0.1054
INFO:meta-cli.py:Epoch 45/100	dev results	MRR 0.698996	H@1 0.532663	H@3 0.839196	H@5 0.932161	H@10 0.997487
INFO:meta-cli.py:Epoch 45/100	test results	MRR 0.704356	H@1 0.554726	H@3 0.815920	H@5 0.907960	H@10 0.990050
INFO:meta-cli.py:Epoch 46/100	Loss 4.1853 ± 0.1196
INFO:meta-cli.py:Epoch 47/100	Loss 4.1838 ± 0.1134
INFO:meta-cli.py:Epoch 48/100	Loss 4.1811 ± 0.1080
INFO:meta-cli.py:Epoch 48/100	dev results	MRR 0.702220	H@1 0.537688	H@3 0.834171	H@5 0.932161	H@10 0.997487
INFO:meta-cli.py:Epoch 48/100	test results	MRR 0.708520	H@1 0.562189	H@3 0.815920	H@5 0.915423	H@10 0.990050
INFO:meta-cli.py:Epoch 49/100	Loss 4.1795 ± 0.1495
INFO:meta-cli.py:Epoch 50/100	Loss 4.1794 ± 0.0916
INFO:meta-cli.py:Epoch 51/100	Loss 4.1781 ± 0.1207
INFO:meta-cli.py:Epoch 51/100	dev results	MRR 0.698135	H@1 0.530151	H@3 0.834171	H@5 0.929648	H@10 0.997487
INFO:meta-cli.py:Epoch 51/100	test results	MRR 0.707319	H@1 0.559701	H@3 0.820896	H@5 0.912935	H@10 0.990050
INFO:meta-cli.py:Epoch 52/100	Loss 4.1769 ± 0.1458
INFO:meta-cli.py:Epoch 53/100	Loss 4.1748 ± 0.1079
INFO:meta-cli.py:Epoch 54/100	Loss 4.1738 ± 0.1282
INFO:meta-cli.py:Epoch 54/100	dev results	MRR 0.696268	H@1 0.527638	H@3 0.826633	H@5 0.932161	H@10 0.997487
INFO:meta-cli.py:Epoch 54/100	test results	MRR 0.707018	H@1 0.559701	H@3 0.818408	H@5 0.912935	H@10 0.990050
INFO:meta-cli.py:Epoch 55/100	Loss 4.1729 ± 0.1514
INFO:meta-cli.py:Epoch 56/100	Loss 4.1701 ± 0.1282
INFO:meta-cli.py:Epoch 57/100	Loss 4.1700 ± 0.1372
INFO:meta-cli.py:Epoch 57/100	dev results	MRR 0.693739	H@1 0.522613	H@3 0.826633	H@5 0.932161	H@10 0.997487
INFO:meta-cli.py:Epoch 57/100	test results	MRR 0.709550	H@1 0.564677	H@3 0.823383	H@5 0.912935	H@10 0.990050
INFO:meta-cli.py:Epoch 58/100	Loss 4.1691 ± 0.1547
INFO:meta-cli.py:Epoch 59/100	Loss 4.1660 ± 0.1097
INFO:meta-cli.py:Epoch 60/100	Loss 4.1649 ± 0.1135
INFO:meta-cli.py:Epoch 60/100	dev results	MRR 0.693979	H@1 0.522613	H@3 0.826633	H@5 0.929648	H@10 0.997487
INFO:meta-cli.py:Epoch 60/100	test results	MRR 0.711288	H@1 0.567164	H@3 0.823383	H@5 0.912935	H@10 0.990050
INFO:meta-cli.py:Epoch 61/100	Loss 4.1650 ± 0.1115
INFO:meta-cli.py:Epoch 62/100	Loss 4.1650 ± 0.1482
INFO:meta-cli.py:Epoch 63/100	Loss 4.1633 ± 0.1200
INFO:meta-cli.py:Epoch 63/100	dev results	MRR 0.692157	H@1 0.520101	H@3 0.826633	H@5 0.934673	H@10 0.997487
INFO:meta-cli.py:Epoch 63/100	test results	MRR 0.712642	H@1 0.569652	H@3 0.823383	H@5 0.915423	H@10 0.990050
INFO:meta-cli.py:Epoch 64/100	Loss 4.1623 ± 0.1229
INFO:meta-cli.py:Epoch 65/100	Loss 4.1600 ± 0.1240
INFO:meta-cli.py:Epoch 66/100	Loss 4.1589 ± 0.1310
INFO:meta-cli.py:Epoch 66/100	dev results	MRR 0.693144	H@1 0.522613	H@3 0.819095	H@5 0.934673	H@10 0.997487
INFO:meta-cli.py:Epoch 66/100	test results	MRR 0.712349	H@1 0.569652	H@3 0.823383	H@5 0.915423	H@10 0.990050
INFO:meta-cli.py:Epoch 67/100	Loss 4.1594 ± 0.1379
INFO:meta-cli.py:Epoch 68/100	Loss 4.1581 ± 0.1129
INFO:meta-cli.py:Epoch 69/100	Loss 4.1555 ± 0.1256
INFO:meta-cli.py:Epoch 69/100	dev results	MRR 0.694366	H@1 0.527638	H@3 0.814070	H@5 0.934673	H@10 0.997487
INFO:meta-cli.py:Epoch 69/100	test results	MRR 0.711233	H@1 0.567164	H@3 0.823383	H@5 0.910448	H@10 0.990050
INFO:meta-cli.py:Epoch 70/100	Loss 4.1556 ± 0.1162
INFO:meta-cli.py:Epoch 71/100	Loss 4.1546 ± 0.1098
INFO:meta-cli.py:Epoch 72/100	Loss 4.1529 ± 0.1259
INFO:meta-cli.py:Epoch 72/100	dev results	MRR 0.691179	H@1 0.522613	H@3 0.814070	H@5 0.929648	H@10 0.997487
INFO:meta-cli.py:Epoch 72/100	test results	MRR 0.713074	H@1 0.572139	H@3 0.815920	H@5 0.910448	H@10 0.990050
INFO:meta-cli.py:Epoch 73/100	Loss 4.1524 ± 0.1286
INFO:meta-cli.py:Epoch 74/100	Loss 4.1523 ± 0.1417
INFO:meta-cli.py:Epoch 75/100	Loss 4.1520 ± 0.1211
INFO:meta-cli.py:Epoch 75/100	dev results	MRR 0.692435	H@1 0.525126	H@3 0.811558	H@5 0.932161	H@10 0.997487
INFO:meta-cli.py:Epoch 75/100	test results	MRR 0.712594	H@1 0.572139	H@3 0.818408	H@5 0.912935	H@10 0.990050
INFO:meta-cli.py:Epoch 76/100	Loss 4.1515 ± 0.1166
INFO:meta-cli.py:Epoch 77/100	Loss 4.1512 ± 0.1245
INFO:meta-cli.py:Epoch 78/100	Loss 4.1501 ± 0.1150
INFO:meta-cli.py:Epoch 78/100	dev results	MRR 0.691344	H@1 0.522613	H@3 0.814070	H@5 0.932161	H@10 0.997487
INFO:meta-cli.py:Epoch 78/100	test results	MRR 0.716035	H@1 0.577114	H@3 0.823383	H@5 0.912935	H@10 0.990050
INFO:meta-cli.py:Epoch 79/100	Loss 4.1483 ± 0.1193
INFO:meta-cli.py:Epoch 80/100	Loss 4.1486 ± 0.1123
INFO:meta-cli.py:Epoch 81/100	Loss 4.1466 ± 0.1126
INFO:meta-cli.py:Epoch 81/100	dev results	MRR 0.694491	H@1 0.530151	H@3 0.809045	H@5 0.934673	H@10 0.997487
INFO:meta-cli.py:Epoch 81/100	test results	MRR 0.714332	H@1 0.577114	H@3 0.813433	H@5 0.912935	H@10 0.990050
INFO:meta-cli.py:Epoch 82/100	Loss 4.1473 ± 0.1389
INFO:meta-cli.py:Epoch 83/100	Loss 4.1453 ± 0.1320
INFO:meta-cli.py:Epoch 84/100	Loss 4.1447 ± 0.1072
INFO:meta-cli.py:Epoch 84/100	dev results	MRR 0.691979	H@1 0.525126	H@3 0.809045	H@5 0.934673	H@10 0.997487
INFO:meta-cli.py:Epoch 84/100	test results	MRR 0.713095	H@1 0.574627	H@3 0.813433	H@5 0.912935	H@10 0.990050
INFO:meta-cli.py:Epoch 85/100	Loss 4.1451 ± 0.1525
INFO:meta-cli.py:Epoch 86/100	Loss 4.1449 ± 0.1193
INFO:meta-cli.py:Epoch 87/100	Loss 4.1447 ± 0.1127
INFO:meta-cli.py:Epoch 87/100	dev results	MRR 0.692816	H@1 0.525126	H@3 0.811558	H@5 0.937186	H@10 0.997487
INFO:meta-cli.py:Epoch 87/100	test results	MRR 0.713592	H@1 0.574627	H@3 0.813433	H@5 0.915423	H@10 0.990050
INFO:meta-cli.py:Epoch 88/100	Loss 4.1430 ± 0.1195
INFO:meta-cli.py:Epoch 89/100	Loss 4.1417 ± 0.1388
INFO:meta-cli.py:Epoch 90/100	Loss 4.1409 ± 0.1243
INFO:meta-cli.py:Epoch 90/100	dev results	MRR 0.692062	H@1 0.525126	H@3 0.814070	H@5 0.937186	H@10 0.997487
INFO:meta-cli.py:Epoch 90/100	test results	MRR 0.715813	H@1 0.579602	H@3 0.810945	H@5 0.915423	H@10 0.990050
INFO:meta-cli.py:Epoch 91/100	Loss 4.1415 ± 0.1287
INFO:meta-cli.py:Epoch 92/100	Loss 4.1403 ± 0.1102
INFO:meta-cli.py:Epoch 93/100	Loss 4.1388 ± 0.1238
INFO:meta-cli.py:Epoch 93/100	dev results	MRR 0.695622	H@1 0.532663	H@3 0.814070	H@5 0.934673	H@10 0.997487
INFO:meta-cli.py:Epoch 93/100	test results	MRR 0.717416	H@1 0.582090	H@3 0.810945	H@5 0.915423	H@10 0.990050
INFO:meta-cli.py:Epoch 94/100	Loss 4.1390 ± 0.1303
INFO:meta-cli.py:Epoch 95/100	Loss 4.1397 ± 0.1642
INFO:meta-cli.py:Epoch 96/100	Loss 4.1377 ± 0.1415
INFO:meta-cli.py:Epoch 96/100	dev results	MRR 0.695622	H@1 0.532663	H@3 0.814070	H@5 0.934673	H@10 0.997487
INFO:meta-cli.py:Epoch 96/100	test results	MRR 0.717955	H@1 0.582090	H@3 0.810945	H@5 0.915423	H@10 0.990050
INFO:meta-cli.py:Epoch 97/100	Loss 4.1381 ± 0.1350
INFO:meta-cli.py:Epoch 98/100	Loss 4.1375 ± 0.1015
INFO:meta-cli.py:Epoch 99/100	Loss 4.1360 ± 0.1162
INFO:meta-cli.py:Epoch 99/100	dev results	MRR 0.697004	H@1 0.535176	H@3 0.816583	H@5 0.932161	H@10 0.997487
INFO:meta-cli.py:Epoch 99/100	test results	MRR 0.719275	H@1 0.584577	H@3 0.813433	H@5 0.915423	H@10 0.990050
INFO:meta-cli.py:Epoch 100/100	Loss 4.1365 ± 0.1386
INFO:meta-cli.py:Final 	dev results	MRR 0.694491	H@1 0.530151	H@3 0.816583	H@5 0.932161	H@10 0.997487
INFO:meta-cli.py:Final 	test results	MRR 0.719482	H@1 0.584577	H@3 0.815920	H@5 0.915423	H@10 0.990050
INFO:meta-cli.py:Training finished
