./bin/meta-cli.py --train data/kinship/train.tsv --dev data/kinship/dev.tsv --test data/kinship/test.tsv -m complex -k 1000 -b 100 -e 100 --F2 0 --N3 0.05 -l 0.1 -I reciprocal -V 3 -o adagrad -q
{'F2': 0.0,
 'N3': 0.05,
 'batch_size': 100,
 'dev': 'data/kinship/dev.tsv',
 'embedding_size': 1000,
 'epochs': 100,
 'eval_batch_size': None,
 'input_type': 'reciprocal',
 'learning_rate': 0.1,
 'load': None,
 'model': 'complex',
 'optimizer': 'adagrad',
 'quiet': True,
 'save': None,
 'seed': 0,
 'test': 'data/kinship/test.tsv',
 'test_i': None,
 'test_ii': None,
 'train': 'data/kinship/train.tsv',
 'validate_every': 3}
INFO:meta-cli.py:Device: cpu
INFO:meta-cli.py:Model state:
INFO:meta-cli.py:	entities.weight	torch.Size([104, 2000])
INFO:meta-cli.py:	predicates.weight	torch.Size([50, 2000])
INFO:meta-cli.py:Epoch 1/100	Loss 7.5896 ± 1.1621
INFO:meta-cli.py:Epoch 2/100	Loss 6.6530 ± 0.1119
INFO:meta-cli.py:Epoch 3/100	Loss 6.5711 ± 0.1179
INFO:meta-cli.py:Epoch 3/100	dev results	MRR 0.798872	H@1 0.691479	H@3 0.888109	H@5 0.939139	H@10 0.974719
INFO:meta-cli.py:Epoch 3/100	test results	MRR 0.794378	H@1 0.683426	H@3 0.886872	H@5 0.945531	H@10 0.978119
INFO:meta-cli.py:Epoch 4/100	Loss 6.5311 ± 0.1326
INFO:meta-cli.py:Epoch 5/100	Loss 6.5043 ± 0.1266
INFO:meta-cli.py:Epoch 6/100	Loss 6.4862 ± 0.1239
INFO:meta-cli.py:Epoch 6/100	dev results	MRR 0.823092	H@1 0.725187	H@3 0.907303	H@5 0.948970	H@10 0.975655
INFO:meta-cli.py:Epoch 6/100	test results	MRR 0.828542	H@1 0.736034	H@3 0.908752	H@5 0.946462	H@10 0.980447
INFO:meta-cli.py:Epoch 7/100	Loss 6.4699 ± 0.1238
INFO:meta-cli.py:Epoch 8/100	Loss 6.4591 ± 0.1218
INFO:meta-cli.py:Epoch 9/100	Loss 6.4493 ± 0.1186
INFO:meta-cli.py:Epoch 9/100	dev results	MRR 0.842079	H@1 0.756554	H@3 0.913858	H@5 0.951311	H@10 0.975655
INFO:meta-cli.py:Epoch 9/100	test results	MRR 0.845551	H@1 0.763966	H@3 0.914339	H@5 0.951117	H@10 0.980912
INFO:meta-cli.py:Epoch 10/100	Loss 6.4408 ± 0.1233
INFO:meta-cli.py:Epoch 11/100	Loss 6.4336 ± 0.1231
INFO:meta-cli.py:Epoch 12/100	Loss 6.4273 ± 0.1180
INFO:meta-cli.py:Epoch 12/100	dev results	MRR 0.844188	H@1 0.758427	H@3 0.920412	H@5 0.953184	H@10 0.975655
INFO:meta-cli.py:Epoch 12/100	test results	MRR 0.841210	H@1 0.754190	H@3 0.917132	H@5 0.953445	H@10 0.981378
INFO:meta-cli.py:Epoch 13/100	Loss 6.4223 ± 0.1196
INFO:meta-cli.py:Epoch 14/100	Loss 6.4164 ± 0.1250
INFO:meta-cli.py:Epoch 15/100	Loss 6.4125 ± 0.1181
INFO:meta-cli.py:Epoch 15/100	dev results	MRR 0.851146	H@1 0.769195	H@3 0.920880	H@5 0.955056	H@10 0.975655
INFO:meta-cli.py:Epoch 15/100	test results	MRR 0.851924	H@1 0.771881	H@3 0.917598	H@5 0.957169	H@10 0.980912
INFO:meta-cli.py:Epoch 16/100	Loss 6.4078 ± 0.1177
INFO:meta-cli.py:Epoch 17/100	Loss 6.4043 ± 0.1114
INFO:meta-cli.py:Epoch 18/100	Loss 6.4009 ± 0.1214
INFO:meta-cli.py:Epoch 18/100	dev results	MRR 0.848314	H@1 0.764045	H@3 0.919944	H@5 0.955993	H@10 0.976124
INFO:meta-cli.py:Epoch 18/100	test results	MRR 0.853127	H@1 0.773277	H@3 0.921322	H@5 0.955773	H@10 0.979981
INFO:meta-cli.py:Epoch 19/100	Loss 6.3979 ± 0.1242
INFO:meta-cli.py:Epoch 20/100	Loss 6.3944 ± 0.1169
INFO:meta-cli.py:Epoch 21/100	Loss 6.3918 ± 0.1126
INFO:meta-cli.py:Epoch 21/100	dev results	MRR 0.852294	H@1 0.772004	H@3 0.922753	H@5 0.955993	H@10 0.976124
INFO:meta-cli.py:Epoch 21/100	test results	MRR 0.853142	H@1 0.774209	H@3 0.920391	H@5 0.955307	H@10 0.980912
INFO:meta-cli.py:Epoch 22/100	Loss 6.3892 ± 0.1241
INFO:meta-cli.py:Epoch 23/100	Loss 6.3866 ± 0.1109
INFO:meta-cli.py:Epoch 24/100	Loss 6.3848 ± 0.1268
INFO:meta-cli.py:Epoch 24/100	dev results	MRR 0.854344	H@1 0.774345	H@3 0.923221	H@5 0.957865	H@10 0.976124
INFO:meta-cli.py:Epoch 24/100	test results	MRR 0.857404	H@1 0.780261	H@3 0.920857	H@5 0.957169	H@10 0.980447
INFO:meta-cli.py:Epoch 25/100	Loss 6.3823 ± 0.1025
INFO:meta-cli.py:Epoch 26/100	Loss 6.3804 ± 0.1137
INFO:meta-cli.py:Epoch 27/100	Loss 6.3785 ± 0.1210
INFO:meta-cli.py:Epoch 27/100	dev results	MRR 0.856391	H@1 0.778090	H@3 0.924157	H@5 0.956461	H@10 0.976124
INFO:meta-cli.py:Epoch 27/100	test results	MRR 0.859111	H@1 0.783985	H@3 0.921322	H@5 0.959497	H@10 0.981844
INFO:meta-cli.py:Epoch 28/100	Loss 6.3770 ± 0.1022
INFO:meta-cli.py:Epoch 29/100	Loss 6.3753 ± 0.1125
INFO:meta-cli.py:Epoch 30/100	Loss 6.3732 ± 0.1077
INFO:meta-cli.py:Epoch 30/100	dev results	MRR 0.857983	H@1 0.780899	H@3 0.926030	H@5 0.957397	H@10 0.975655
INFO:meta-cli.py:Epoch 30/100	test results	MRR 0.859626	H@1 0.783054	H@3 0.925047	H@5 0.957169	H@10 0.980912
INFO:meta-cli.py:Epoch 31/100	Loss 6.3717 ± 0.1166
INFO:meta-cli.py:Epoch 32/100	Loss 6.3701 ± 0.1172
INFO:meta-cli.py:Epoch 33/100	Loss 6.3685 ± 0.1033
INFO:meta-cli.py:Epoch 33/100	dev results	MRR 0.861688	H@1 0.787453	H@3 0.926966	H@5 0.955524	H@10 0.975655
INFO:meta-cli.py:Epoch 33/100	test results	MRR 0.861008	H@1 0.787244	H@3 0.921322	H@5 0.957169	H@10 0.980912
INFO:meta-cli.py:Epoch 34/100	Loss 6.3674 ± 0.1034
INFO:meta-cli.py:Epoch 35/100	Loss 6.3658 ± 0.1022
INFO:meta-cli.py:Epoch 36/100	Loss 6.3645 ± 0.1114
INFO:meta-cli.py:Epoch 36/100	dev results	MRR 0.858604	H@1 0.780899	H@3 0.926966	H@5 0.956461	H@10 0.976124
INFO:meta-cli.py:Epoch 36/100	test results	MRR 0.861485	H@1 0.788641	H@3 0.919460	H@5 0.959032	H@10 0.980912
INFO:meta-cli.py:Epoch 37/100	Loss 6.3633 ± 0.1105
INFO:meta-cli.py:Epoch 38/100	Loss 6.3624 ± 0.1102
INFO:meta-cli.py:Epoch 39/100	Loss 6.3611 ± 0.1188
INFO:meta-cli.py:Epoch 39/100	dev results	MRR 0.862490	H@1 0.788858	H@3 0.928371	H@5 0.957865	H@10 0.975655
INFO:meta-cli.py:Epoch 39/100	test results	MRR 0.862265	H@1 0.790037	H@3 0.921788	H@5 0.959963	H@10 0.981378
INFO:meta-cli.py:Epoch 40/100	Loss 6.3599 ± 0.1101
INFO:meta-cli.py:Epoch 41/100	Loss 6.3590 ± 0.1127
INFO:meta-cli.py:Epoch 42/100	Loss 6.3577 ± 0.1004
INFO:meta-cli.py:Epoch 42/100	dev results	MRR 0.862621	H@1 0.787921	H@3 0.928371	H@5 0.956929	H@10 0.976124
INFO:meta-cli.py:Epoch 42/100	test results	MRR 0.864045	H@1 0.791434	H@3 0.925047	H@5 0.959032	H@10 0.981378
INFO:meta-cli.py:Epoch 43/100	Loss 6.3568 ± 0.1221
INFO:meta-cli.py:Epoch 44/100	Loss 6.3559 ± 0.1079
INFO:meta-cli.py:Epoch 45/100	Loss 6.3549 ± 0.1100
INFO:meta-cli.py:Epoch 45/100	dev results	MRR 0.861827	H@1 0.787453	H@3 0.926030	H@5 0.957397	H@10 0.975655
INFO:meta-cli.py:Epoch 45/100	test results	MRR 0.862745	H@1 0.789572	H@3 0.921322	H@5 0.958566	H@10 0.980912
INFO:meta-cli.py:Epoch 46/100	Loss 6.3541 ± 0.1176
INFO:meta-cli.py:Epoch 47/100	Loss 6.3529 ± 0.1180
INFO:meta-cli.py:Epoch 48/100	Loss 6.3523 ± 0.1106
INFO:meta-cli.py:Epoch 48/100	dev results	MRR 0.862694	H@1 0.788858	H@3 0.928371	H@5 0.956929	H@10 0.976124
INFO:meta-cli.py:Epoch 48/100	test results	MRR 0.863033	H@1 0.790503	H@3 0.921322	H@5 0.958566	H@10 0.980912
INFO:meta-cli.py:Epoch 49/100	Loss 6.3514 ± 0.1051
INFO:meta-cli.py:Epoch 50/100	Loss 6.3507 ± 0.1110
INFO:meta-cli.py:Epoch 51/100	Loss 6.3499 ± 0.1024
INFO:meta-cli.py:Epoch 51/100	dev results	MRR 0.862757	H@1 0.788390	H@3 0.929775	H@5 0.957397	H@10 0.975655
INFO:meta-cli.py:Epoch 51/100	test results	MRR 0.864912	H@1 0.794227	H@3 0.923184	H@5 0.959963	H@10 0.980447
INFO:meta-cli.py:Epoch 52/100	Loss 6.3493 ± 0.1023
INFO:meta-cli.py:Epoch 53/100	Loss 6.3485 ± 0.1034
INFO:meta-cli.py:Epoch 54/100	Loss 6.3475 ± 0.1024
INFO:meta-cli.py:Epoch 54/100	dev results	MRR 0.863303	H@1 0.788858	H@3 0.930712	H@5 0.957397	H@10 0.975655
INFO:meta-cli.py:Epoch 54/100	test results	MRR 0.864599	H@1 0.791899	H@3 0.924115	H@5 0.959497	H@10 0.980912
INFO:meta-cli.py:Epoch 55/100	Loss 6.3469 ± 0.1129
INFO:meta-cli.py:Epoch 56/100	Loss 6.3461 ± 0.1072
INFO:meta-cli.py:Epoch 57/100	Loss 6.3456 ± 0.1116
INFO:meta-cli.py:Epoch 57/100	dev results	MRR 0.861162	H@1 0.785112	H@3 0.928371	H@5 0.957865	H@10 0.976124
INFO:meta-cli.py:Epoch 57/100	test results	MRR 0.864775	H@1 0.793762	H@3 0.921788	H@5 0.959032	H@10 0.980912
INFO:meta-cli.py:Epoch 58/100	Loss 6.3449 ± 0.1153
INFO:meta-cli.py:Epoch 59/100	Loss 6.3443 ± 0.1128
INFO:meta-cli.py:Epoch 60/100	Loss 6.3439 ± 0.1110
INFO:meta-cli.py:Epoch 60/100	dev results	MRR 0.862807	H@1 0.788390	H@3 0.928839	H@5 0.958801	H@10 0.975655
INFO:meta-cli.py:Epoch 60/100	test results	MRR 0.865087	H@1 0.794693	H@3 0.920857	H@5 0.959497	H@10 0.981378
INFO:meta-cli.py:Epoch 61/100	Loss 6.3431 ± 0.1130
INFO:meta-cli.py:Epoch 62/100	Loss 6.3426 ± 0.1081
INFO:meta-cli.py:Epoch 63/100	Loss 6.3418 ± 0.1123
INFO:meta-cli.py:Epoch 63/100	dev results	MRR 0.862638	H@1 0.787921	H@3 0.929307	H@5 0.958801	H@10 0.975655
INFO:meta-cli.py:Epoch 63/100	test results	MRR 0.864490	H@1 0.792831	H@3 0.921322	H@5 0.961825	H@10 0.981844
