./bin/meta-cli.py --train data/kinship/train.tsv --dev data/kinship/dev.tsv --test data/kinship/test.tsv -m complex -k 10 -b 100 -e 100 --F2 0 --N3 0.5 -l 0.1 -I reciprocal -V 3 -o adagrad -q
{'F2': 0.0,
 'N3': 0.5,
 'batch_size': 100,
 'dev': 'data/kinship/dev.tsv',
 'embedding_size': 10,
 'epochs': 100,
 'eval_batch_size': None,
 'input_type': 'reciprocal',
 'learning_rate': 0.1,
 'load': None,
 'model': 'complex',
 'optimizer': 'adagrad',
 'quiet': True,
 'save': None,
 'seed': 0,
 'test': 'data/kinship/test.tsv',
 'test_i': None,
 'test_ii': None,
 'train': 'data/kinship/train.tsv',
 'validate_every': 3}
INFO:meta-cli.py:Device: cpu
INFO:meta-cli.py:Model state:
INFO:meta-cli.py:	entities.weight	torch.Size([104, 20])
INFO:meta-cli.py:	predicates.weight	torch.Size([50, 20])
INFO:meta-cli.py:Epoch 1/100	Loss 9.2895 ± 0.0046
INFO:meta-cli.py:Epoch 2/100	Loss 9.2888 ± 0.0000
INFO:meta-cli.py:Epoch 3/100	Loss 9.2888 ± 0.0000
INFO:meta-cli.py:Epoch 3/100	dev results	MRR 0.105482	H@1 0.029026	H@3 0.071629	H@5 0.121723	H@10 0.248127
INFO:meta-cli.py:Epoch 3/100	test results	MRR 0.107115	H@1 0.026536	H@3 0.081937	H@5 0.131285	H@10 0.251397
INFO:meta-cli.py:Epoch 4/100	Loss 9.2888 ± 0.0000
INFO:meta-cli.py:Epoch 5/100	Loss 9.2888 ± 0.0000
INFO:meta-cli.py:Epoch 6/100	Loss 9.2888 ± 0.0000
INFO:meta-cli.py:Epoch 6/100	dev results	MRR 0.105269	H@1 0.027154	H@3 0.067416	H@5 0.118446	H@10 0.249532
INFO:meta-cli.py:Epoch 6/100	test results	MRR 0.102238	H@1 0.022346	H@3 0.070298	H@5 0.119646	H@10 0.240689
INFO:meta-cli.py:Epoch 7/100	Loss 9.2416 ± 0.0174
INFO:meta-cli.py:Epoch 8/100	Loss 9.2342 ± 0.0081
INFO:meta-cli.py:Epoch 9/100	Loss 9.2340 ± 0.0071
INFO:meta-cli.py:Epoch 9/100	dev results	MRR 0.100972	H@1 0.020599	H@3 0.073502	H@5 0.110955	H@10 0.239700
INFO:meta-cli.py:Epoch 9/100	test results	MRR 0.098453	H@1 0.019553	H@3 0.067970	H@5 0.108007	H@10 0.234637
INFO:meta-cli.py:Epoch 10/100	Loss 9.2340 ± 0.0075
INFO:meta-cli.py:Epoch 11/100	Loss 9.2339 ± 0.0070
INFO:meta-cli.py:Epoch 12/100	Loss 9.2339 ± 0.0069
INFO:meta-cli.py:Epoch 12/100	dev results	MRR 0.103256	H@1 0.017790	H@3 0.092697	H@5 0.132491	H@10 0.240637
INFO:meta-cli.py:Epoch 12/100	test results	MRR 0.097608	H@1 0.016294	H@3 0.080074	H@5 0.116387	H@10 0.222998
INFO:meta-cli.py:Epoch 13/100	Loss 9.2338 ± 0.0068
INFO:meta-cli.py:Epoch 14/100	Loss 9.2338 ± 0.0080
INFO:meta-cli.py:Epoch 15/100	Loss 9.2338 ± 0.0074
INFO:meta-cli.py:Epoch 15/100	dev results	MRR 0.097347	H@1 0.017322	H@3 0.064139	H@5 0.109082	H@10 0.240169
INFO:meta-cli.py:Epoch 15/100	test results	MRR 0.098828	H@1 0.020484	H@3 0.068901	H@5 0.110335	H@10 0.229516
INFO:meta-cli.py:Epoch 16/100	Loss 9.2338 ± 0.0071
INFO:meta-cli.py:Epoch 17/100	Loss 9.2338 ± 0.0074
INFO:meta-cli.py:Epoch 18/100	Loss 9.2338 ± 0.0070
INFO:meta-cli.py:Epoch 18/100	dev results	MRR 0.103272	H@1 0.026217	H@3 0.073034	H@5 0.119382	H@10 0.227996
INFO:meta-cli.py:Epoch 18/100	test results	MRR 0.099200	H@1 0.021881	H@3 0.068436	H@5 0.114991	H@10 0.231844
INFO:meta-cli.py:Epoch 19/100	Loss 9.2338 ± 0.0067
INFO:meta-cli.py:Epoch 20/100	Loss 9.2337 ± 0.0068
INFO:meta-cli.py:Epoch 21/100	Loss 9.2337 ± 0.0068
INFO:meta-cli.py:Epoch 21/100	dev results	MRR 0.104138	H@1 0.025281	H@3 0.081929	H@5 0.129682	H@10 0.228933
INFO:meta-cli.py:Epoch 21/100	test results	MRR 0.097712	H@1 0.016760	H@3 0.075419	H@5 0.119181	H@10 0.237430
INFO:meta-cli.py:Epoch 22/100	Loss 9.2337 ± 0.0076
INFO:meta-cli.py:Epoch 23/100	Loss 9.2337 ± 0.0073
INFO:meta-cli.py:Epoch 24/100	Loss 9.2337 ± 0.0074
INFO:meta-cli.py:Epoch 24/100	dev results	MRR 0.105438	H@1 0.022004	H@3 0.076779	H@5 0.116573	H@10 0.246255
INFO:meta-cli.py:Epoch 24/100	test results	MRR 0.099624	H@1 0.018156	H@3 0.068901	H@5 0.114060	H@10 0.237430
INFO:meta-cli.py:Epoch 25/100	Loss 9.2337 ± 0.0069
INFO:meta-cli.py:Epoch 26/100	Loss 9.2337 ± 0.0081
INFO:meta-cli.py:Epoch 27/100	Loss 9.2337 ± 0.0071
INFO:meta-cli.py:Epoch 27/100	dev results	MRR 0.103553	H@1 0.024813	H@3 0.078184	H@5 0.117509	H@10 0.236891
INFO:meta-cli.py:Epoch 27/100	test results	MRR 0.103157	H@1 0.024674	H@3 0.081937	H@5 0.116387	H@10 0.233240
INFO:meta-cli.py:Epoch 28/100	Loss 9.2337 ± 0.0069
INFO:meta-cli.py:Epoch 29/100	Loss 9.2337 ± 0.0069
INFO:meta-cli.py:Epoch 30/100	Loss 9.2337 ± 0.0072
INFO:meta-cli.py:Epoch 30/100	dev results	MRR 0.105089	H@1 0.026685	H@3 0.078652	H@5 0.125936	H@10 0.227060
INFO:meta-cli.py:Epoch 30/100	test results	MRR 0.099609	H@1 0.018622	H@3 0.072626	H@5 0.119181	H@10 0.235102
INFO:meta-cli.py:Epoch 31/100	Loss 9.2337 ± 0.0069
INFO:meta-cli.py:Epoch 32/100	Loss 9.2337 ± 0.0074
INFO:meta-cli.py:Epoch 33/100	Loss 9.2337 ± 0.0074
INFO:meta-cli.py:Epoch 33/100	dev results	MRR 0.104202	H@1 0.023876	H@3 0.080993	H@5 0.113764	H@10 0.239232
INFO:meta-cli.py:Epoch 33/100	test results	MRR 0.097067	H@1 0.017691	H@3 0.074022	H@5 0.102886	H@10 0.228585
INFO:meta-cli.py:Epoch 34/100	Loss 9.2337 ± 0.0067
INFO:meta-cli.py:Epoch 35/100	Loss 9.2337 ± 0.0069
INFO:meta-cli.py:Epoch 36/100	Loss 9.2337 ± 0.0074
INFO:meta-cli.py:Epoch 36/100	dev results	MRR 0.099537	H@1 0.024345	H@3 0.062266	H@5 0.107678	H@10 0.229869
INFO:meta-cli.py:Epoch 36/100	test results	MRR 0.097256	H@1 0.021881	H@3 0.058194	H@5 0.103352	H@10 0.235568
INFO:meta-cli.py:Epoch 37/100	Loss 9.2337 ± 0.0073
INFO:meta-cli.py:Epoch 38/100	Loss 9.2337 ± 0.0072
INFO:meta-cli.py:Epoch 39/100	Loss 9.2337 ± 0.0072
INFO:meta-cli.py:Epoch 39/100	dev results	MRR 0.098390	H@1 0.022004	H@3 0.066479	H@5 0.113296	H@10 0.218633
INFO:meta-cli.py:Epoch 39/100	test results	MRR 0.106836	H@1 0.027467	H@3 0.079609	H@5 0.123371	H@10 0.228585
INFO:meta-cli.py:Epoch 40/100	Loss 9.2337 ± 0.0076
INFO:meta-cli.py:Epoch 41/100	Loss 9.2337 ± 0.0075
INFO:meta-cli.py:Epoch 42/100	Loss 9.2337 ± 0.0069
INFO:meta-cli.py:Epoch 42/100	dev results	MRR 0.100402	H@1 0.015918	H@3 0.075843	H@5 0.128745	H@10 0.249532
INFO:meta-cli.py:Epoch 42/100	test results	MRR 0.099756	H@1 0.017225	H@3 0.073557	H@5 0.121043	H@10 0.243017
INFO:meta-cli.py:Epoch 43/100	Loss 9.2337 ± 0.0068
INFO:meta-cli.py:Epoch 44/100	Loss 9.2336 ± 0.0081
INFO:meta-cli.py:Epoch 45/100	Loss 9.2337 ± 0.0068
INFO:meta-cli.py:Epoch 45/100	dev results	MRR 0.101860	H@1 0.023876	H@3 0.068352	H@5 0.125000	H@10 0.227996
INFO:meta-cli.py:Epoch 45/100	test results	MRR 0.097626	H@1 0.018156	H@3 0.069832	H@5 0.119646	H@10 0.224395
INFO:meta-cli.py:Epoch 46/100	Loss 9.2337 ± 0.0072
INFO:meta-cli.py:Epoch 47/100	Loss 9.2337 ± 0.0076
INFO:meta-cli.py:Epoch 48/100	Loss 9.2337 ± 0.0072
INFO:meta-cli.py:Epoch 48/100	dev results	MRR 0.101877	H@1 0.019195	H@3 0.075843	H@5 0.122659	H@10 0.257022
INFO:meta-cli.py:Epoch 48/100	test results	MRR 0.096812	H@1 0.016760	H@3 0.066574	H@5 0.108939	H@10 0.243948
INFO:meta-cli.py:Epoch 49/100	Loss 9.2337 ± 0.0071
INFO:meta-cli.py:Epoch 50/100	Loss 9.2337 ± 0.0075
INFO:meta-cli.py:Epoch 51/100	Loss 9.2337 ± 0.0068
INFO:meta-cli.py:Epoch 51/100	dev results	MRR 0.104212	H@1 0.021536	H@3 0.069288	H@5 0.124532	H@10 0.262640
INFO:meta-cli.py:Epoch 51/100	test results	MRR 0.100722	H@1 0.025140	H@3 0.063315	H@5 0.108939	H@10 0.243948
INFO:meta-cli.py:Epoch 52/100	Loss 9.2337 ± 0.0074
INFO:meta-cli.py:Epoch 53/100	Loss 9.2336 ± 0.0079
INFO:meta-cli.py:Epoch 54/100	Loss 9.2336 ± 0.0075
INFO:meta-cli.py:Epoch 54/100	dev results	MRR 0.106148	H@1 0.029026	H@3 0.068352	H@5 0.120318	H@10 0.237360
INFO:meta-cli.py:Epoch 54/100	test results	MRR 0.106490	H@1 0.030261	H@3 0.069367	H@5 0.123371	H@10 0.235102
INFO:meta-cli.py:Epoch 55/100	Loss 9.2336 ± 0.0072
INFO:meta-cli.py:Epoch 56/100	Loss 9.2337 ± 0.0074
INFO:meta-cli.py:Epoch 57/100	Loss 9.2336 ± 0.0074
INFO:meta-cli.py:Epoch 57/100	dev results	MRR 0.097564	H@1 0.015918	H@3 0.061330	H@5 0.122191	H@10 0.248127
INFO:meta-cli.py:Epoch 57/100	test results	MRR 0.096508	H@1 0.018156	H@3 0.061453	H@5 0.110335	H@10 0.231844
INFO:meta-cli.py:Epoch 58/100	Loss 9.2336 ± 0.0072
INFO:meta-cli.py:Epoch 59/100	Loss 9.2336 ± 0.0070
INFO:meta-cli.py:Epoch 60/100	Loss 9.2336 ± 0.0071
INFO:meta-cli.py:Epoch 60/100	dev results	MRR 0.107679	H@1 0.036049	H@3 0.074906	H@5 0.107678	H@10 0.234082
INFO:meta-cli.py:Epoch 60/100	test results	MRR 0.112972	H@1 0.043296	H@3 0.076816	H@5 0.104749	H@10 0.226723
INFO:meta-cli.py:Epoch 61/100	Loss 9.2336 ± 0.0080
INFO:meta-cli.py:Epoch 62/100	Loss 9.2337 ± 0.0075
INFO:meta-cli.py:Epoch 63/100	Loss 9.2336 ± 0.0075
INFO:meta-cli.py:Epoch 63/100	dev results	MRR 0.100558	H@1 0.026685	H@3 0.060393	H@5 0.120787	H@10 0.232678
INFO:meta-cli.py:Epoch 63/100	test results	MRR 0.104166	H@1 0.027933	H@3 0.067970	H@5 0.121974	H@10 0.244879
INFO:meta-cli.py:Epoch 64/100	Loss 9.2336 ± 0.0073
INFO:meta-cli.py:Epoch 65/100	Loss 9.2336 ± 0.0078
INFO:meta-cli.py:Epoch 66/100	Loss 9.2336 ± 0.0073
INFO:meta-cli.py:Epoch 66/100	dev results	MRR 0.102050	H@1 0.022472	H@3 0.070693	H@5 0.111423	H@10 0.241573
INFO:meta-cli.py:Epoch 66/100	test results	MRR 0.100959	H@1 0.022346	H@3 0.069832	H@5 0.105680	H@10 0.235568
INFO:meta-cli.py:Epoch 67/100	Loss 9.2336 ± 0.0074
INFO:meta-cli.py:Epoch 68/100	Loss 9.2337 ± 0.0075
INFO:meta-cli.py:Epoch 69/100	Loss 9.2336 ± 0.0071
INFO:meta-cli.py:Epoch 69/100	dev results	MRR 0.097767	H@1 0.018258	H@3 0.071629	H@5 0.110019	H@10 0.224251
INFO:meta-cli.py:Epoch 69/100	test results	MRR 0.093948	H@1 0.016760	H@3 0.066108	H@5 0.108473	H@10 0.219739
INFO:meta-cli.py:Epoch 70/100	Loss 9.2336 ± 0.0070
INFO:meta-cli.py:Epoch 71/100	Loss 9.2336 ± 0.0073
INFO:meta-cli.py:Epoch 72/100	Loss 9.2336 ± 0.0074
INFO:meta-cli.py:Epoch 72/100	dev results	MRR 0.101628	H@1 0.022004	H@3 0.068820	H@5 0.129682	H@10 0.235019
INFO:meta-cli.py:Epoch 72/100	test results	MRR 0.098048	H@1 0.019088	H@3 0.068901	H@5 0.117318	H@10 0.226723
INFO:meta-cli.py:Epoch 73/100	Loss 9.2336 ± 0.0072
INFO:meta-cli.py:Epoch 74/100	Loss 9.2336 ± 0.0068
INFO:meta-cli.py:Epoch 75/100	Loss 9.2336 ± 0.0061
INFO:meta-cli.py:Epoch 75/100	dev results	MRR 0.105576	H@1 0.025281	H@3 0.079588	H@5 0.119382	H@10 0.245787
INFO:meta-cli.py:Epoch 75/100	test results	MRR 0.106990	H@1 0.027002	H@3 0.084264	H@5 0.121043	H@10 0.246276
INFO:meta-cli.py:Epoch 76/100	Loss 9.2336 ± 0.0066
INFO:meta-cli.py:Epoch 77/100	Loss 9.2336 ± 0.0071
INFO:meta-cli.py:Epoch 78/100	Loss 9.2336 ± 0.0075
INFO:meta-cli.py:Epoch 78/100	dev results	MRR 0.095764	H@1 0.017322	H@3 0.069757	H@5 0.113764	H@10 0.214888
INFO:meta-cli.py:Epoch 78/100	test results	MRR 0.096407	H@1 0.016760	H@3 0.072626	H@5 0.116853	H@10 0.216480
INFO:meta-cli.py:Epoch 79/100	Loss 9.2336 ± 0.0071
INFO:meta-cli.py:Epoch 80/100	Loss 9.2336 ± 0.0078
INFO:meta-cli.py:Epoch 81/100	Loss 9.2336 ± 0.0067
INFO:meta-cli.py:Epoch 81/100	dev results	MRR 0.104655	H@1 0.027622	H@3 0.068352	H@5 0.120787	H@10 0.231273
INFO:meta-cli.py:Epoch 81/100	test results	MRR 0.106869	H@1 0.028864	H@3 0.074953	H@5 0.120112	H@10 0.231844
INFO:meta-cli.py:Epoch 82/100	Loss 9.2336 ± 0.0076
INFO:meta-cli.py:Epoch 83/100	Loss 9.2336 ± 0.0072
INFO:meta-cli.py:Epoch 84/100	Loss 9.2336 ± 0.0072
INFO:meta-cli.py:Epoch 84/100	dev results	MRR 0.102651	H@1 0.024813	H@3 0.069757	H@5 0.110019	H@10 0.231742
INFO:meta-cli.py:Epoch 84/100	test results	MRR 0.106960	H@1 0.030261	H@3 0.076816	H@5 0.114525	H@10 0.243017
INFO:meta-cli.py:Epoch 85/100	Loss 9.2336 ± 0.0077
INFO:meta-cli.py:Epoch 86/100	Loss 9.2336 ± 0.0073
INFO:meta-cli.py:Epoch 87/100	Loss 9.2336 ± 0.0069
INFO:meta-cli.py:Epoch 87/100	dev results	MRR 0.099165	H@1 0.018258	H@3 0.066011	H@5 0.110487	H@10 0.251404
INFO:meta-cli.py:Epoch 87/100	test results	MRR 0.096400	H@1 0.018156	H@3 0.065177	H@5 0.113128	H@10 0.232309
INFO:meta-cli.py:Epoch 88/100	Loss 9.2336 ± 0.0072
INFO:meta-cli.py:Epoch 89/100	Loss 9.2336 ± 0.0076
INFO:meta-cli.py:Epoch 90/100	Loss 9.2336 ± 0.0071
INFO:meta-cli.py:Epoch 90/100	dev results	MRR 0.099267	H@1 0.020599	H@3 0.070225	H@5 0.121255	H@10 0.224719
INFO:meta-cli.py:Epoch 90/100	test results	MRR 0.094506	H@1 0.015363	H@3 0.061918	H@5 0.118715	H@10 0.222067
INFO:meta-cli.py:Epoch 91/100	Loss 9.2336 ± 0.0067
INFO:meta-cli.py:Epoch 92/100	Loss 9.2336 ± 0.0075
INFO:meta-cli.py:Epoch 93/100	Loss 9.2336 ± 0.0069
INFO:meta-cli.py:Epoch 93/100	dev results	MRR 0.107286	H@1 0.027154	H@3 0.072566	H@5 0.132491	H@10 0.238764
INFO:meta-cli.py:Epoch 93/100	test results	MRR 0.101931	H@1 0.023277	H@3 0.063315	H@5 0.128492	H@10 0.226723
INFO:meta-cli.py:Epoch 94/100	Loss 9.2336 ± 0.0076
INFO:meta-cli.py:Epoch 95/100	Loss 9.2336 ± 0.0075
INFO:meta-cli.py:Epoch 96/100	Loss 9.2336 ± 0.0072
INFO:meta-cli.py:Epoch 96/100	dev results	MRR 0.103527	H@1 0.026217	H@3 0.071629	H@5 0.121255	H@10 0.223783
INFO:meta-cli.py:Epoch 96/100	test results	MRR 0.104798	H@1 0.028399	H@3 0.067039	H@5 0.126164	H@10 0.236499
INFO:meta-cli.py:Epoch 97/100	Loss 9.2336 ± 0.0075
INFO:meta-cli.py:Epoch 98/100	Loss 9.2336 ± 0.0068
INFO:meta-cli.py:Epoch 99/100	Loss 9.2336 ± 0.0074
INFO:meta-cli.py:Epoch 99/100	dev results	MRR 0.096452	H@1 0.018258	H@3 0.051966	H@5 0.123596	H@10 0.230337
INFO:meta-cli.py:Epoch 99/100	test results	MRR 0.101960	H@1 0.022812	H@3 0.062849	H@5 0.128957	H@10 0.243482
INFO:meta-cli.py:Epoch 100/100	Loss 9.2336 ± 0.0072
INFO:meta-cli.py:Final 	dev results	MRR 0.106345	H@1 0.030899	H@3 0.072566	H@5 0.110019	H@10 0.244850
INFO:meta-cli.py:Final 	test results	MRR 0.099265	H@1 0.022346	H@3 0.070764	H@5 0.111266	H@10 0.234171
INFO:meta-cli.py:Training finished
