./bin/meta-cli.py --train data/kinship/train.tsv --dev data/kinship/dev.tsv --test data/kinship/test.tsv -m complex -k 50 -b 100 -e 100 --F2 0 --N3 0.01 -l 0.1 -I standard -V 3 -o adagrad -q
{'F2': 0.0,
 'N3': 0.01,
 'batch_size': 100,
 'dev': 'data/kinship/dev.tsv',
 'embedding_size': 50,
 'epochs': 100,
 'eval_batch_size': None,
 'input_type': 'standard',
 'learning_rate': 0.1,
 'load': None,
 'model': 'complex',
 'optimizer': 'adagrad',
 'quiet': True,
 'save': None,
 'seed': 0,
 'test': 'data/kinship/test.tsv',
 'test_i': None,
 'test_ii': None,
 'train': 'data/kinship/train.tsv',
 'validate_every': 3}
INFO:meta-cli.py:Device: cpu
INFO:meta-cli.py:Model state:
INFO:meta-cli.py:	entities.weight	torch.Size([104, 100])
INFO:meta-cli.py:	predicates.weight	torch.Size([25, 100])
INFO:meta-cli.py:Epoch 1/100	Loss 7.5136 ± 1.1290
INFO:meta-cli.py:Epoch 2/100	Loss 6.0250 ± 0.1532
INFO:meta-cli.py:Epoch 3/100	Loss 5.7423 ± 0.1648
INFO:meta-cli.py:Epoch 3/100	dev results	MRR 0.793441	H@1 0.685861	H@3 0.880150	H@5 0.930712	H@10 0.970037
INFO:meta-cli.py:Epoch 3/100	test results	MRR 0.788922	H@1 0.677840	H@3 0.878957	H@5 0.932495	H@10 0.976723
INFO:meta-cli.py:Epoch 4/100	Loss 5.6023 ± 0.1466
INFO:meta-cli.py:Epoch 5/100	Loss 5.5187 ± 0.1619
INFO:meta-cli.py:Epoch 6/100	Loss 5.4611 ± 0.1436
INFO:meta-cli.py:Epoch 6/100	dev results	MRR 0.822574	H@1 0.727060	H@3 0.906835	H@5 0.943820	H@10 0.974251
INFO:meta-cli.py:Epoch 6/100	test results	MRR 0.824555	H@1 0.729981	H@3 0.904097	H@5 0.947858	H@10 0.979516
INFO:meta-cli.py:Epoch 7/100	Loss 5.4169 ± 0.1575
INFO:meta-cli.py:Epoch 8/100	Loss 5.3872 ± 0.1539
INFO:meta-cli.py:Epoch 9/100	Loss 5.3561 ± 0.1389
INFO:meta-cli.py:Epoch 9/100	dev results	MRR 0.830871	H@1 0.739232	H@3 0.910112	H@5 0.948502	H@10 0.975655
INFO:meta-cli.py:Epoch 9/100	test results	MRR 0.834736	H@1 0.748138	H@3 0.906425	H@5 0.949721	H@10 0.979981
INFO:meta-cli.py:Epoch 10/100	Loss 5.3321 ± 0.1357
INFO:meta-cli.py:Epoch 11/100	Loss 5.3144 ± 0.1373
INFO:meta-cli.py:Epoch 12/100	Loss 5.2974 ± 0.1419
INFO:meta-cli.py:Epoch 12/100	dev results	MRR 0.835318	H@1 0.747659	H@3 0.911985	H@5 0.949438	H@10 0.974719
INFO:meta-cli.py:Epoch 12/100	test results	MRR 0.835190	H@1 0.749069	H@3 0.907356	H@5 0.948790	H@10 0.979516
INFO:meta-cli.py:Epoch 13/100	Loss 5.2820 ± 0.1484
INFO:meta-cli.py:Epoch 14/100	Loss 5.2698 ± 0.1543
INFO:meta-cli.py:Epoch 15/100	Loss 5.2578 ± 0.1336
INFO:meta-cli.py:Epoch 15/100	dev results	MRR 0.835544	H@1 0.748596	H@3 0.912453	H@5 0.948502	H@10 0.977060
INFO:meta-cli.py:Epoch 15/100	test results	MRR 0.834585	H@1 0.747207	H@3 0.907356	H@5 0.949721	H@10 0.981844
INFO:meta-cli.py:Epoch 16/100	Loss 5.2495 ± 0.1648
INFO:meta-cli.py:Epoch 17/100	Loss 5.2376 ± 0.1439
INFO:meta-cli.py:Epoch 18/100	Loss 5.2306 ± 0.1352
INFO:meta-cli.py:Epoch 18/100	dev results	MRR 0.831693	H@1 0.741105	H@3 0.910581	H@5 0.948034	H@10 0.977060
INFO:meta-cli.py:Epoch 18/100	test results	MRR 0.836118	H@1 0.749069	H@3 0.908752	H@5 0.949721	H@10 0.981378
INFO:meta-cli.py:Epoch 19/100	Loss 5.2223 ± 0.1515
INFO:meta-cli.py:Epoch 20/100	Loss 5.2137 ± 0.1220
INFO:meta-cli.py:Epoch 21/100	Loss 5.2093 ± 0.1622
INFO:meta-cli.py:Epoch 21/100	dev results	MRR 0.837287	H@1 0.749532	H@3 0.911517	H@5 0.949438	H@10 0.977528
INFO:meta-cli.py:Epoch 21/100	test results	MRR 0.834644	H@1 0.745810	H@3 0.910149	H@5 0.948324	H@10 0.981378
INFO:meta-cli.py:Epoch 22/100	Loss 5.2001 ± 0.1272
INFO:meta-cli.py:Epoch 23/100	Loss 5.1945 ± 0.1478
INFO:meta-cli.py:Epoch 24/100	Loss 5.1909 ± 0.1303
INFO:meta-cli.py:Epoch 24/100	dev results	MRR 0.833352	H@1 0.743446	H@3 0.912921	H@5 0.948970	H@10 0.977528
INFO:meta-cli.py:Epoch 24/100	test results	MRR 0.835108	H@1 0.746741	H@3 0.910149	H@5 0.949255	H@10 0.980912
INFO:meta-cli.py:Epoch 25/100	Loss 5.1843 ± 0.1395
INFO:meta-cli.py:Epoch 26/100	Loss 5.1768 ± 0.1327
INFO:meta-cli.py:Epoch 27/100	Loss 5.1762 ± 0.1263
INFO:meta-cli.py:Epoch 27/100	dev results	MRR 0.829802	H@1 0.737360	H@3 0.911985	H@5 0.948034	H@10 0.977528
INFO:meta-cli.py:Epoch 27/100	test results	MRR 0.836536	H@1 0.749534	H@3 0.912942	H@5 0.948790	H@10 0.981378
INFO:meta-cli.py:Epoch 28/100	Loss 5.1698 ± 0.1431
INFO:meta-cli.py:Epoch 29/100	Loss 5.1683 ± 0.1286
INFO:meta-cli.py:Epoch 30/100	Loss 5.1649 ± 0.1485
INFO:meta-cli.py:Epoch 30/100	dev results	MRR 0.830270	H@1 0.738764	H@3 0.909644	H@5 0.947566	H@10 0.976124
INFO:meta-cli.py:Epoch 30/100	test results	MRR 0.835605	H@1 0.748603	H@3 0.910149	H@5 0.947393	H@10 0.981378
INFO:meta-cli.py:Epoch 31/100	Loss 5.1598 ± 0.1310
INFO:meta-cli.py:Epoch 32/100	Loss 5.1561 ± 0.1249
INFO:meta-cli.py:Epoch 33/100	Loss 5.1540 ± 0.1315
INFO:meta-cli.py:Epoch 33/100	dev results	MRR 0.830709	H@1 0.741105	H@3 0.911049	H@5 0.946161	H@10 0.976592
INFO:meta-cli.py:Epoch 33/100	test results	MRR 0.834844	H@1 0.747672	H@3 0.909683	H@5 0.947858	H@10 0.981844
INFO:meta-cli.py:Epoch 34/100	Loss 5.1509 ± 0.1489
INFO:meta-cli.py:Epoch 35/100	Loss 5.1478 ± 0.1448
INFO:meta-cli.py:Epoch 36/100	Loss 5.1437 ± 0.1283
INFO:meta-cli.py:Epoch 36/100	dev results	MRR 0.830129	H@1 0.740169	H@3 0.908708	H@5 0.947097	H@10 0.976124
INFO:meta-cli.py:Epoch 36/100	test results	MRR 0.832507	H@1 0.743017	H@3 0.907821	H@5 0.946927	H@10 0.981378
INFO:meta-cli.py:Epoch 37/100	Loss 5.1422 ± 0.1397
INFO:meta-cli.py:Epoch 38/100	Loss 5.1404 ± 0.1255
INFO:meta-cli.py:Epoch 39/100	Loss 5.1345 ± 0.1179
INFO:meta-cli.py:Epoch 39/100	dev results	MRR 0.829941	H@1 0.740169	H@3 0.908240	H@5 0.946161	H@10 0.976124
INFO:meta-cli.py:Epoch 39/100	test results	MRR 0.830076	H@1 0.738361	H@3 0.908752	H@5 0.946462	H@10 0.981378
INFO:meta-cli.py:Epoch 40/100	Loss 5.1314 ± 0.1383
INFO:meta-cli.py:Epoch 41/100	Loss 5.1308 ± 0.1159
INFO:meta-cli.py:Epoch 42/100	Loss 5.1269 ± 0.1312
INFO:meta-cli.py:Epoch 42/100	dev results	MRR 0.828641	H@1 0.738296	H@3 0.906835	H@5 0.946161	H@10 0.976124
INFO:meta-cli.py:Epoch 42/100	test results	MRR 0.829071	H@1 0.736965	H@3 0.909683	H@5 0.946927	H@10 0.981378
INFO:meta-cli.py:Epoch 43/100	Loss 5.1257 ± 0.1155
INFO:meta-cli.py:Epoch 44/100	Loss 5.1255 ± 0.1278
INFO:meta-cli.py:Epoch 45/100	Loss 5.1220 ± 0.1087
INFO:meta-cli.py:Epoch 45/100	dev results	MRR 0.829158	H@1 0.738764	H@3 0.907772	H@5 0.947566	H@10 0.973783
INFO:meta-cli.py:Epoch 45/100	test results	MRR 0.830309	H@1 0.741155	H@3 0.908752	H@5 0.947858	H@10 0.982309
INFO:meta-cli.py:Epoch 46/100	Loss 5.1198 ± 0.1119
INFO:meta-cli.py:Epoch 47/100	Loss 5.1181 ± 0.1345
INFO:meta-cli.py:Epoch 48/100	Loss 5.1163 ± 0.1289
INFO:meta-cli.py:Epoch 48/100	dev results	MRR 0.828093	H@1 0.736891	H@3 0.907303	H@5 0.947566	H@10 0.974719
INFO:meta-cli.py:Epoch 48/100	test results	MRR 0.830354	H@1 0.739758	H@3 0.910615	H@5 0.948324	H@10 0.982309
INFO:meta-cli.py:Epoch 49/100	Loss 5.1133 ± 0.1334
INFO:meta-cli.py:Epoch 50/100	Loss 5.1129 ± 0.1201
INFO:meta-cli.py:Epoch 51/100	Loss 5.1104 ± 0.1028
INFO:meta-cli.py:Epoch 51/100	dev results	MRR 0.827333	H@1 0.734551	H@3 0.909644	H@5 0.946629	H@10 0.974251
INFO:meta-cli.py:Epoch 51/100	test results	MRR 0.827820	H@1 0.735102	H@3 0.906890	H@5 0.947393	H@10 0.981844
INFO:meta-cli.py:Epoch 52/100	Loss 5.1082 ± 0.1096
INFO:meta-cli.py:Epoch 53/100	Loss 5.1100 ± 0.1260
INFO:meta-cli.py:Epoch 54/100	Loss 5.1059 ± 0.1281
INFO:meta-cli.py:Epoch 54/100	dev results	MRR 0.827331	H@1 0.735487	H@3 0.908708	H@5 0.946629	H@10 0.973783
INFO:meta-cli.py:Epoch 54/100	test results	MRR 0.827349	H@1 0.735102	H@3 0.908287	H@5 0.948324	H@10 0.982309
INFO:meta-cli.py:Epoch 55/100	Loss 5.1060 ± 0.1170
INFO:meta-cli.py:Epoch 56/100	Loss 5.1023 ± 0.1198
INFO:meta-cli.py:Epoch 57/100	Loss 5.1016 ± 0.1320
INFO:meta-cli.py:Epoch 57/100	dev results	MRR 0.828179	H@1 0.736423	H@3 0.907772	H@5 0.945693	H@10 0.974251
INFO:meta-cli.py:Epoch 57/100	test results	MRR 0.828751	H@1 0.736965	H@3 0.908287	H@5 0.946462	H@10 0.981844
INFO:meta-cli.py:Epoch 58/100	Loss 5.0991 ± 0.1176
INFO:meta-cli.py:Epoch 59/100	Loss 5.0995 ± 0.1284
INFO:meta-cli.py:Epoch 60/100	Loss 5.0975 ± 0.1156
INFO:meta-cli.py:Epoch 60/100	dev results	MRR 0.828449	H@1 0.737360	H@3 0.908708	H@5 0.945693	H@10 0.974719
INFO:meta-cli.py:Epoch 60/100	test results	MRR 0.827963	H@1 0.735568	H@3 0.909218	H@5 0.946927	H@10 0.981844
INFO:meta-cli.py:Epoch 61/100	Loss 5.0986 ± 0.1092
INFO:meta-cli.py:Epoch 62/100	Loss 5.0955 ± 0.1161
INFO:meta-cli.py:Epoch 63/100	Loss 5.0949 ± 0.1134
INFO:meta-cli.py:Epoch 63/100	dev results	MRR 0.827201	H@1 0.735487	H@3 0.907303	H@5 0.943352	H@10 0.974251
INFO:meta-cli.py:Epoch 63/100	test results	MRR 0.825253	H@1 0.731378	H@3 0.908752	H@5 0.946462	H@10 0.982309
INFO:meta-cli.py:Epoch 64/100	Loss 5.0938 ± 0.1196
INFO:meta-cli.py:Epoch 65/100	Loss 5.0923 ± 0.1254
INFO:meta-cli.py:Epoch 66/100	Loss 5.0898 ± 0.1110
INFO:meta-cli.py:Epoch 66/100	dev results	MRR 0.826419	H@1 0.734082	H@3 0.906367	H@5 0.943352	H@10 0.974719
INFO:meta-cli.py:Epoch 66/100	test results	MRR 0.825486	H@1 0.731378	H@3 0.907356	H@5 0.945996	H@10 0.981844
INFO:meta-cli.py:Epoch 67/100	Loss 5.0888 ± 0.1158
INFO:meta-cli.py:Epoch 68/100	Loss 5.0894 ± 0.1305
INFO:meta-cli.py:Epoch 69/100	Loss 5.0872 ± 0.1083
INFO:meta-cli.py:Epoch 69/100	dev results	MRR 0.827097	H@1 0.736423	H@3 0.905899	H@5 0.943820	H@10 0.975187
INFO:meta-cli.py:Epoch 69/100	test results	MRR 0.824298	H@1 0.729516	H@3 0.907356	H@5 0.946927	H@10 0.982309
INFO:meta-cli.py:Epoch 70/100	Loss 5.0854 ± 0.1181
INFO:meta-cli.py:Epoch 71/100	Loss 5.0873 ± 0.1296
INFO:meta-cli.py:Epoch 72/100	Loss 5.0852 ± 0.1173
INFO:meta-cli.py:Epoch 72/100	dev results	MRR 0.826324	H@1 0.734551	H@3 0.905899	H@5 0.943820	H@10 0.974719
INFO:meta-cli.py:Epoch 72/100	test results	MRR 0.824137	H@1 0.729050	H@3 0.906890	H@5 0.945996	H@10 0.982309
INFO:meta-cli.py:Epoch 73/100	Loss 5.0831 ± 0.1089
INFO:meta-cli.py:Epoch 74/100	Loss 5.0826 ± 0.1216
INFO:meta-cli.py:Epoch 75/100	Loss 5.0829 ± 0.1269
INFO:meta-cli.py:Epoch 75/100	dev results	MRR 0.826884	H@1 0.735955	H@3 0.904963	H@5 0.943820	H@10 0.974719
INFO:meta-cli.py:Epoch 75/100	test results	MRR 0.824382	H@1 0.729050	H@3 0.905493	H@5 0.947393	H@10 0.982775
INFO:meta-cli.py:Epoch 76/100	Loss 5.0790 ± 0.1254
INFO:meta-cli.py:Epoch 77/100	Loss 5.0783 ± 0.1190
INFO:meta-cli.py:Epoch 78/100	Loss 5.0771 ± 0.1015
INFO:meta-cli.py:Epoch 78/100	dev results	MRR 0.827327	H@1 0.736423	H@3 0.903558	H@5 0.944288	H@10 0.974719
INFO:meta-cli.py:Epoch 78/100	test results	MRR 0.824017	H@1 0.728585	H@3 0.905493	H@5 0.946462	H@10 0.982775
INFO:meta-cli.py:Epoch 79/100	Loss 5.0779 ± 0.1110
INFO:meta-cli.py:Epoch 80/100	Loss 5.0753 ± 0.1220
INFO:meta-cli.py:Epoch 81/100	Loss 5.0766 ± 0.1127
INFO:meta-cli.py:Epoch 81/100	dev results	MRR 0.827387	H@1 0.736891	H@3 0.904494	H@5 0.943820	H@10 0.974251
INFO:meta-cli.py:Epoch 81/100	test results	MRR 0.822221	H@1 0.725326	H@3 0.904097	H@5 0.945996	H@10 0.982309
INFO:meta-cli.py:Epoch 82/100	Loss 5.0757 ± 0.1162
INFO:meta-cli.py:Epoch 83/100	Loss 5.0755 ± 0.1179
INFO:meta-cli.py:Epoch 84/100	Loss 5.0754 ± 0.1343
INFO:meta-cli.py:Epoch 84/100	dev results	MRR 0.828172	H@1 0.738296	H@3 0.904026	H@5 0.943352	H@10 0.973783
INFO:meta-cli.py:Epoch 84/100	test results	MRR 0.821251	H@1 0.723464	H@3 0.905028	H@5 0.946462	H@10 0.981844
INFO:meta-cli.py:Epoch 85/100	Loss 5.0741 ± 0.1121
INFO:meta-cli.py:Epoch 86/100	Loss 5.0730 ± 0.1263
INFO:meta-cli.py:Epoch 87/100	Loss 5.0706 ± 0.1251
INFO:meta-cli.py:Epoch 87/100	dev results	MRR 0.826907	H@1 0.735487	H@3 0.904026	H@5 0.942884	H@10 0.973783
INFO:meta-cli.py:Epoch 87/100	test results	MRR 0.821630	H@1 0.724395	H@3 0.903631	H@5 0.946462	H@10 0.981844
INFO:meta-cli.py:Epoch 88/100	Loss 5.0725 ± 0.1077
INFO:meta-cli.py:Epoch 89/100	Loss 5.0685 ± 0.1241
INFO:meta-cli.py:Epoch 90/100	Loss 5.0688 ± 0.1259
INFO:meta-cli.py:Epoch 90/100	dev results	MRR 0.825412	H@1 0.733146	H@3 0.903558	H@5 0.943352	H@10 0.973783
INFO:meta-cli.py:Epoch 90/100	test results	MRR 0.819620	H@1 0.720670	H@3 0.901304	H@5 0.946462	H@10 0.981844
INFO:meta-cli.py:Epoch 91/100	Loss 5.0683 ± 0.1258
INFO:meta-cli.py:Epoch 92/100	Loss 5.0676 ± 0.1191
INFO:meta-cli.py:Epoch 93/100	Loss 5.0674 ± 0.1101
INFO:meta-cli.py:Epoch 93/100	dev results	MRR 0.826520	H@1 0.735019	H@3 0.905431	H@5 0.942884	H@10 0.973315
INFO:meta-cli.py:Epoch 93/100	test results	MRR 0.819724	H@1 0.721136	H@3 0.901304	H@5 0.946927	H@10 0.981844
INFO:meta-cli.py:Epoch 94/100	Loss 5.0662 ± 0.1097
INFO:meta-cli.py:Epoch 95/100	Loss 5.0635 ± 0.1303
INFO:meta-cli.py:Epoch 96/100	Loss 5.0657 ± 0.1242
INFO:meta-cli.py:Epoch 96/100	dev results	MRR 0.824972	H@1 0.731742	H@3 0.905431	H@5 0.942884	H@10 0.973315
INFO:meta-cli.py:Epoch 96/100	test results	MRR 0.818765	H@1 0.719274	H@3 0.900372	H@5 0.946462	H@10 0.981844
INFO:meta-cli.py:Epoch 97/100	Loss 5.0646 ± 0.1088
INFO:meta-cli.py:Epoch 98/100	Loss 5.0637 ± 0.1013
INFO:meta-cli.py:Epoch 99/100	Loss 5.0630 ± 0.1008
INFO:meta-cli.py:Epoch 99/100	dev results	MRR 0.825762	H@1 0.734082	H@3 0.904963	H@5 0.942884	H@10 0.973783
INFO:meta-cli.py:Epoch 99/100	test results	MRR 0.819343	H@1 0.720670	H@3 0.899907	H@5 0.946462	H@10 0.981378
INFO:meta-cli.py:Epoch 100/100	Loss 5.0646 ± 0.1363
INFO:meta-cli.py:Final 	dev results	MRR 0.825235	H@1 0.732678	H@3 0.904494	H@5 0.942884	H@10 0.973783
INFO:meta-cli.py:Final 	test results	MRR 0.818904	H@1 0.719739	H@3 0.901304	H@5 0.946462	H@10 0.980912
INFO:meta-cli.py:Training finished
