./bin/meta-cli.py --train data/kinship/train.tsv --dev data/kinship/dev.tsv --test data/kinship/test.tsv -m complex -k 1000 -b 100 -e 100 --F2 0 --N3 0.5 -l 0.1 -I reciprocal -V 3 -o adagrad -q
{'F2': 0.0,
 'N3': 0.5,
 'batch_size': 100,
 'dev': 'data/kinship/dev.tsv',
 'embedding_size': 1000,
 'epochs': 100,
 'eval_batch_size': None,
 'input_type': 'reciprocal',
 'learning_rate': 0.1,
 'load': None,
 'model': 'complex',
 'optimizer': 'adagrad',
 'quiet': True,
 'save': None,
 'seed': 0,
 'test': 'data/kinship/test.tsv',
 'test_i': None,
 'test_ii': None,
 'train': 'data/kinship/train.tsv',
 'validate_every': 3}
INFO:meta-cli.py:Device: cpu
INFO:meta-cli.py:Model state:
INFO:meta-cli.py:	entities.weight	torch.Size([104, 2000])
INFO:meta-cli.py:	predicates.weight	torch.Size([50, 2000])
INFO:meta-cli.py:Epoch 1/100	Loss 9.3576 ± 0.4557
INFO:meta-cli.py:Epoch 2/100	Loss 9.2769 ± 0.0269
INFO:meta-cli.py:Epoch 3/100	Loss 9.1921 ± 0.0184
INFO:meta-cli.py:Epoch 3/100	dev results	MRR 0.212316	H@1 0.067416	H@3 0.203184	H@5 0.316948	H@10 0.589888
INFO:meta-cli.py:Epoch 3/100	test results	MRR 0.210467	H@1 0.066108	H@3 0.201117	H@5 0.324488	H@10 0.595438
INFO:meta-cli.py:Epoch 4/100	Loss 9.1764 ± 0.0205
INFO:meta-cli.py:Epoch 5/100	Loss 9.1755 ± 0.0213
INFO:meta-cli.py:Epoch 6/100	Loss 9.1754 ± 0.0221
INFO:meta-cli.py:Epoch 6/100	dev results	MRR 0.237036	H@1 0.095037	H@3 0.220974	H@5 0.352996	H@10 0.595974
INFO:meta-cli.py:Epoch 6/100	test results	MRR 0.245115	H@1 0.101490	H@3 0.233706	H@5 0.370112	H@10 0.588920
INFO:meta-cli.py:Epoch 7/100	Loss 9.1752 ± 0.0205
INFO:meta-cli.py:Epoch 8/100	Loss 9.1750 ± 0.0213
INFO:meta-cli.py:Epoch 9/100	Loss 9.1750 ± 0.0176
INFO:meta-cli.py:Epoch 9/100	dev results	MRR 0.227639	H@1 0.074906	H@3 0.249064	H@5 0.360019	H@10 0.573970
INFO:meta-cli.py:Epoch 9/100	test results	MRR 0.227045	H@1 0.075419	H@3 0.236034	H@5 0.352886	H@10 0.594041
INFO:meta-cli.py:Epoch 10/100	Loss 9.1749 ± 0.0215
INFO:meta-cli.py:Epoch 11/100	Loss 9.1749 ± 0.0213
INFO:meta-cli.py:Epoch 12/100	Loss 9.1748 ± 0.0206
INFO:meta-cli.py:Epoch 12/100	dev results	MRR 0.242653	H@1 0.109082	H@3 0.219101	H@5 0.344569	H@10 0.588483
INFO:meta-cli.py:Epoch 12/100	test results	MRR 0.244225	H@1 0.110335	H@3 0.226257	H@5 0.354749	H@10 0.587989
INFO:meta-cli.py:Epoch 13/100	Loss 9.1748 ± 0.0236
INFO:meta-cli.py:Epoch 14/100	Loss 9.1747 ± 0.0200
INFO:meta-cli.py:Epoch 15/100	Loss 9.1747 ± 0.0227
INFO:meta-cli.py:Epoch 15/100	dev results	MRR 0.229813	H@1 0.085206	H@3 0.213951	H@5 0.347846	H@10 0.612828
INFO:meta-cli.py:Epoch 15/100	test results	MRR 0.226526	H@1 0.081937	H@3 0.216946	H@5 0.339385	H@10 0.613128
INFO:meta-cli.py:Epoch 16/100	Loss 9.1747 ± 0.0209
INFO:meta-cli.py:Epoch 17/100	Loss 9.1746 ± 0.0216
INFO:meta-cli.py:Epoch 18/100	Loss 9.1746 ± 0.0214
INFO:meta-cli.py:Epoch 18/100	dev results	MRR 0.230925	H@1 0.083801	H@3 0.240637	H@5 0.341760	H@10 0.586142
INFO:meta-cli.py:Epoch 18/100	test results	MRR 0.231364	H@1 0.081937	H@3 0.248138	H@5 0.359404	H@10 0.588920
INFO:meta-cli.py:Epoch 19/100	Loss 9.1746 ± 0.0198
INFO:meta-cli.py:Epoch 20/100	Loss 9.1746 ± 0.0197
INFO:meta-cli.py:Epoch 21/100	Loss 9.1745 ± 0.0208
INFO:meta-cli.py:Epoch 21/100	dev results	MRR 0.228128	H@1 0.082865	H@3 0.222378	H@5 0.343165	H@10 0.588951
INFO:meta-cli.py:Epoch 21/100	test results	MRR 0.229395	H@1 0.086592	H@3 0.214153	H@5 0.349162	H@10 0.593110
INFO:meta-cli.py:Epoch 22/100	Loss 9.1745 ± 0.0197
INFO:meta-cli.py:Epoch 23/100	Loss 9.1745 ± 0.0210
INFO:meta-cli.py:Epoch 24/100	Loss 9.1745 ± 0.0213
INFO:meta-cli.py:Epoch 24/100	dev results	MRR 0.222250	H@1 0.078652	H@3 0.212079	H@5 0.335674	H@10 0.606273
INFO:meta-cli.py:Epoch 24/100	test results	MRR 0.223052	H@1 0.077747	H@3 0.208566	H@5 0.339851	H@10 0.601955
INFO:meta-cli.py:Epoch 25/100	Loss 9.1745 ± 0.0192
INFO:meta-cli.py:Epoch 26/100	Loss 9.1745 ± 0.0210
INFO:meta-cli.py:Epoch 27/100	Loss 9.1745 ± 0.0188
INFO:meta-cli.py:Epoch 27/100	dev results	MRR 0.234653	H@1 0.097846	H@3 0.216760	H@5 0.358146	H@10 0.591760
INFO:meta-cli.py:Epoch 27/100	test results	MRR 0.234487	H@1 0.097765	H@3 0.212756	H@5 0.352886	H@10 0.587058
INFO:meta-cli.py:Epoch 28/100	Loss 9.1745 ± 0.0188
INFO:meta-cli.py:Epoch 29/100	Loss 9.1745 ± 0.0197
INFO:meta-cli.py:Epoch 30/100	Loss 9.1744 ± 0.0199
INFO:meta-cli.py:Epoch 30/100	dev results	MRR 0.218640	H@1 0.069288	H@3 0.207397	H@5 0.352996	H@10 0.581929
INFO:meta-cli.py:Epoch 30/100	test results	MRR 0.230023	H@1 0.077747	H@3 0.229981	H@5 0.366853	H@10 0.587058
INFO:meta-cli.py:Epoch 31/100	Loss 9.1744 ± 0.0205
INFO:meta-cli.py:Epoch 32/100	Loss 9.1745 ± 0.0224
INFO:meta-cli.py:Epoch 33/100	Loss 9.1745 ± 0.0213
INFO:meta-cli.py:Epoch 33/100	dev results	MRR 0.222457	H@1 0.067416	H@3 0.223315	H@5 0.360487	H@10 0.588483
INFO:meta-cli.py:Epoch 33/100	test results	MRR 0.222420	H@1 0.069832	H@3 0.222533	H@5 0.351490	H@10 0.594507
INFO:meta-cli.py:Epoch 34/100	Loss 9.1744 ± 0.0206
INFO:meta-cli.py:Epoch 35/100	Loss 9.1744 ± 0.0172
INFO:meta-cli.py:Epoch 36/100	Loss 9.1744 ± 0.0221
INFO:meta-cli.py:Epoch 36/100	dev results	MRR 0.234533	H@1 0.090824	H@3 0.231273	H@5 0.365637	H@10 0.589888
INFO:meta-cli.py:Epoch 36/100	test results	MRR 0.236501	H@1 0.092644	H@3 0.242086	H@5 0.362197	H@10 0.587058
INFO:meta-cli.py:Epoch 37/100	Loss 9.1744 ± 0.0201
INFO:meta-cli.py:Epoch 38/100	Loss 9.1744 ± 0.0216
INFO:meta-cli.py:Epoch 39/100	Loss 9.1744 ± 0.0201
INFO:meta-cli.py:Epoch 39/100	dev results	MRR 0.225683	H@1 0.076311	H@3 0.234082	H@5 0.340356	H@10 0.590356
INFO:meta-cli.py:Epoch 39/100	test results	MRR 0.236305	H@1 0.090317	H@3 0.239292	H@5 0.355680	H@10 0.600093
INFO:meta-cli.py:Epoch 40/100	Loss 9.1744 ± 0.0198
INFO:meta-cli.py:Epoch 41/100	Loss 9.1744 ± 0.0204
INFO:meta-cli.py:Epoch 42/100	Loss 9.1744 ± 0.0197
INFO:meta-cli.py:Epoch 42/100	dev results	MRR 0.226948	H@1 0.073970	H@3 0.234551	H@5 0.359551	H@10 0.601592
INFO:meta-cli.py:Epoch 42/100	test results	MRR 0.224677	H@1 0.067039	H@3 0.235102	H@5 0.369646	H@10 0.606145
INFO:meta-cli.py:Epoch 43/100	Loss 9.1744 ± 0.0207
INFO:meta-cli.py:Epoch 44/100	Loss 9.1743 ± 0.0202
INFO:meta-cli.py:Epoch 45/100	Loss 9.1744 ± 0.0198
INFO:meta-cli.py:Epoch 45/100	dev results	MRR 0.249376	H@1 0.104401	H@3 0.251873	H@5 0.365169	H@10 0.575375
INFO:meta-cli.py:Epoch 45/100	test results	MRR 0.250546	H@1 0.104283	H@3 0.260708	H@5 0.379888	H@10 0.585196
INFO:meta-cli.py:Epoch 46/100	Loss 9.1743 ± 0.0207
INFO:meta-cli.py:Epoch 47/100	Loss 9.1743 ± 0.0210
INFO:meta-cli.py:Epoch 48/100	Loss 9.1744 ± 0.0207
INFO:meta-cli.py:Epoch 48/100	dev results	MRR 0.228137	H@1 0.078652	H@3 0.226124	H@5 0.353933	H@10 0.585674
INFO:meta-cli.py:Epoch 48/100	test results	MRR 0.230929	H@1 0.079143	H@3 0.234637	H@5 0.367318	H@10 0.578678
INFO:meta-cli.py:Epoch 49/100	Loss 9.1743 ± 0.0208
INFO:meta-cli.py:Epoch 50/100	Loss 9.1743 ± 0.0212
INFO:meta-cli.py:Epoch 51/100	Loss 9.1743 ± 0.0207
INFO:meta-cli.py:Epoch 51/100	dev results	MRR 0.224024	H@1 0.070693	H@3 0.229869	H@5 0.366105	H@10 0.582397
INFO:meta-cli.py:Epoch 51/100	test results	MRR 0.223119	H@1 0.066108	H@3 0.237896	H@5 0.361266	H@10 0.581006
INFO:meta-cli.py:Epoch 52/100	Loss 9.1744 ± 0.0188
INFO:meta-cli.py:Epoch 53/100	Loss 9.1743 ± 0.0207
INFO:meta-cli.py:Epoch 54/100	Loss 9.1743 ± 0.0210
INFO:meta-cli.py:Epoch 54/100	dev results	MRR 0.238363	H@1 0.093633	H@3 0.242509	H@5 0.358614	H@10 0.574906
INFO:meta-cli.py:Epoch 54/100	test results	MRR 0.243034	H@1 0.101024	H@3 0.242086	H@5 0.367784	H@10 0.592644
INFO:meta-cli.py:Epoch 55/100	Loss 9.1743 ± 0.0198
INFO:meta-cli.py:Epoch 56/100	Loss 9.1743 ± 0.0200
INFO:meta-cli.py:Epoch 57/100	Loss 9.1743 ± 0.0216
INFO:meta-cli.py:Epoch 57/100	dev results	MRR 0.231535	H@1 0.079588	H@3 0.238764	H@5 0.355805	H@10 0.601592
INFO:meta-cli.py:Epoch 57/100	test results	MRR 0.224966	H@1 0.066108	H@3 0.249534	H@5 0.368250	H@10 0.600559
INFO:meta-cli.py:Epoch 58/100	Loss 9.1743 ± 0.0205
INFO:meta-cli.py:Epoch 59/100	Loss 9.1743 ± 0.0203
INFO:meta-cli.py:Epoch 60/100	Loss 9.1743 ± 0.0189
INFO:meta-cli.py:Epoch 60/100	dev results	MRR 0.223976	H@1 0.075843	H@3 0.233146	H@5 0.343165	H@10 0.583333
INFO:meta-cli.py:Epoch 60/100	test results	MRR 0.232525	H@1 0.083333	H@3 0.245810	H@5 0.355214	H@10 0.583333
INFO:meta-cli.py:Epoch 61/100	Loss 9.1743 ± 0.0203
INFO:meta-cli.py:Epoch 62/100	Loss 9.1743 ± 0.0199
