./bin/meta-cli.py --train data/kinship/train.tsv --dev data/kinship/dev.tsv --test data/kinship/test.tsv -m complex -k 10 -b 100 -e 100 --F2 0.01 --N3 0 -l 0.1 -I standard -V 3 -o adagrad -q
{'F2': 0.01,
 'N3': 0.0,
 'batch_size': 100,
 'dev': 'data/kinship/dev.tsv',
 'embedding_size': 10,
 'epochs': 100,
 'eval_batch_size': None,
 'input_type': 'standard',
 'learning_rate': 0.1,
 'load': None,
 'model': 'complex',
 'optimizer': 'adagrad',
 'quiet': True,
 'save': None,
 'seed': 0,
 'test': 'data/kinship/test.tsv',
 'test_i': None,
 'test_ii': None,
 'train': 'data/kinship/train.tsv',
 'validate_every': 3}
INFO:meta-cli.py:Device: cpu
INFO:meta-cli.py:Model state:
INFO:meta-cli.py:	entities.weight	torch.Size([104, 20])
INFO:meta-cli.py:	predicates.weight	torch.Size([25, 20])
INFO:meta-cli.py:Epoch 1/100	Loss 8.0061 ± 1.1388
INFO:meta-cli.py:Epoch 2/100	Loss 6.3625 ± 0.1694
INFO:meta-cli.py:Epoch 3/100	Loss 6.0758 ± 0.1615
INFO:meta-cli.py:Epoch 3/100	dev results	MRR 0.677466	H@1 0.538390	H@3 0.767790	H@5 0.859551	H@10 0.946629
INFO:meta-cli.py:Epoch 3/100	test results	MRR 0.674223	H@1 0.529795	H@3 0.776536	H@5 0.864991	H@10 0.946927
INFO:meta-cli.py:Epoch 4/100	Loss 5.9305 ± 0.1590
INFO:meta-cli.py:Epoch 5/100	Loss 5.8537 ± 0.1665
INFO:meta-cli.py:Epoch 6/100	Loss 5.8063 ± 0.1605
INFO:meta-cli.py:Epoch 6/100	dev results	MRR 0.723893	H@1 0.591760	H@3 0.824438	H@5 0.893258	H@10 0.960206
INFO:meta-cli.py:Epoch 6/100	test results	MRR 0.722417	H@1 0.591248	H@3 0.823091	H@5 0.893855	H@10 0.960894
INFO:meta-cli.py:Epoch 7/100	Loss 5.7723 ± 0.1733
INFO:meta-cli.py:Epoch 8/100	Loss 5.7504 ± 0.1855
INFO:meta-cli.py:Epoch 9/100	Loss 5.7248 ± 0.1698
INFO:meta-cli.py:Epoch 9/100	dev results	MRR 0.738117	H@1 0.609082	H@3 0.836610	H@5 0.901685	H@10 0.962079
INFO:meta-cli.py:Epoch 9/100	test results	MRR 0.734380	H@1 0.605680	H@3 0.835661	H@5 0.906890	H@10 0.965084
INFO:meta-cli.py:Epoch 10/100	Loss 5.7091 ± 0.1661
INFO:meta-cli.py:Epoch 11/100	Loss 5.6974 ± 0.1552
INFO:meta-cli.py:Epoch 12/100	Loss 5.6833 ± 0.1611
INFO:meta-cli.py:Epoch 12/100	dev results	MRR 0.744699	H@1 0.620318	H@3 0.841292	H@5 0.904963	H@10 0.963483
INFO:meta-cli.py:Epoch 12/100	test results	MRR 0.744374	H@1 0.619646	H@3 0.845903	H@5 0.914804	H@10 0.966946
INFO:meta-cli.py:Epoch 13/100	Loss 5.6756 ± 0.1760
INFO:meta-cli.py:Epoch 14/100	Loss 5.6665 ± 0.1557
INFO:meta-cli.py:Epoch 15/100	Loss 5.6590 ± 0.1438
INFO:meta-cli.py:Epoch 15/100	dev results	MRR 0.749483	H@1 0.628277	H@3 0.841760	H@5 0.907303	H@10 0.964419
INFO:meta-cli.py:Epoch 15/100	test results	MRR 0.748210	H@1 0.624302	H@3 0.844972	H@5 0.918994	H@10 0.967877
INFO:meta-cli.py:Epoch 16/100	Loss 5.6523 ± 0.1933
INFO:meta-cli.py:Epoch 17/100	Loss 5.6450 ± 0.1811
INFO:meta-cli.py:Epoch 18/100	Loss 5.6408 ± 0.1417
INFO:meta-cli.py:Epoch 18/100	dev results	MRR 0.753983	H@1 0.636236	H@3 0.845506	H@5 0.911517	H@10 0.960674
INFO:meta-cli.py:Epoch 18/100	test results	MRR 0.750334	H@1 0.626629	H@3 0.851490	H@5 0.918994	H@10 0.966946
INFO:meta-cli.py:Epoch 19/100	Loss 5.6357 ± 0.1650
INFO:meta-cli.py:Epoch 20/100	Loss 5.6303 ± 0.1624
INFO:meta-cli.py:Epoch 21/100	Loss 5.6276 ± 0.1777
INFO:meta-cli.py:Epoch 21/100	dev results	MRR 0.755607	H@1 0.637172	H@3 0.847846	H@5 0.912453	H@10 0.960674
INFO:meta-cli.py:Epoch 21/100	test results	MRR 0.750236	H@1 0.626164	H@3 0.851955	H@5 0.923184	H@10 0.966946
INFO:meta-cli.py:Epoch 22/100	Loss 5.6211 ± 0.1868
INFO:meta-cli.py:Epoch 23/100	Loss 5.6191 ± 0.1721
INFO:meta-cli.py:Epoch 24/100	Loss 5.6164 ± 0.1491
INFO:meta-cli.py:Epoch 24/100	dev results	MRR 0.755159	H@1 0.635768	H@3 0.850187	H@5 0.911049	H@10 0.963015
INFO:meta-cli.py:Epoch 24/100	test results	MRR 0.753307	H@1 0.631750	H@3 0.855214	H@5 0.918994	H@10 0.967412
INFO:meta-cli.py:Epoch 25/100	Loss 5.6145 ± 0.1959
INFO:meta-cli.py:Epoch 26/100	Loss 5.6080 ± 0.1657
INFO:meta-cli.py:Epoch 27/100	Loss 5.6099 ± 0.1572
INFO:meta-cli.py:Epoch 27/100	dev results	MRR 0.758295	H@1 0.641386	H@3 0.852528	H@5 0.911517	H@10 0.963015
INFO:meta-cli.py:Epoch 27/100	test results	MRR 0.754298	H@1 0.632216	H@3 0.856145	H@5 0.923184	H@10 0.967412
INFO:meta-cli.py:Epoch 28/100	Loss 5.6041 ± 0.1852
INFO:meta-cli.py:Epoch 29/100	Loss 5.6028 ± 0.1811
INFO:meta-cli.py:Epoch 30/100	Loss 5.6059 ± 0.2269
INFO:meta-cli.py:Epoch 30/100	dev results	MRR 0.757769	H@1 0.639981	H@3 0.853933	H@5 0.914326	H@10 0.962547
INFO:meta-cli.py:Epoch 30/100	test results	MRR 0.755699	H@1 0.633147	H@3 0.856145	H@5 0.923184	H@10 0.966946
INFO:meta-cli.py:Epoch 31/100	Loss 5.5981 ± 0.1792
INFO:meta-cli.py:Epoch 32/100	Loss 5.5965 ± 0.1555
INFO:meta-cli.py:Epoch 33/100	Loss 5.5947 ± 0.1540
INFO:meta-cli.py:Epoch 33/100	dev results	MRR 0.758689	H@1 0.641854	H@3 0.852996	H@5 0.914794	H@10 0.962547
INFO:meta-cli.py:Epoch 33/100	test results	MRR 0.755964	H@1 0.633613	H@3 0.856611	H@5 0.925978	H@10 0.968343
INFO:meta-cli.py:Epoch 34/100	Loss 5.5930 ± 0.1858
INFO:meta-cli.py:Epoch 35/100	Loss 5.5904 ± 0.1856
INFO:meta-cli.py:Epoch 36/100	Loss 5.5889 ± 0.1812
INFO:meta-cli.py:Epoch 36/100	dev results	MRR 0.759378	H@1 0.643258	H@3 0.852528	H@5 0.915730	H@10 0.962547
INFO:meta-cli.py:Epoch 36/100	test results	MRR 0.758162	H@1 0.637803	H@3 0.856145	H@5 0.925047	H@10 0.967877
INFO:meta-cli.py:Epoch 37/100	Loss 5.5900 ± 0.1856
INFO:meta-cli.py:Epoch 38/100	Loss 5.5884 ± 0.1715
INFO:meta-cli.py:Epoch 39/100	Loss 5.5830 ± 0.1760
INFO:meta-cli.py:Epoch 39/100	dev results	MRR 0.761233	H@1 0.645131	H@3 0.855337	H@5 0.915730	H@10 0.962547
INFO:meta-cli.py:Epoch 39/100	test results	MRR 0.759062	H@1 0.639199	H@3 0.858007	H@5 0.925978	H@10 0.967412
INFO:meta-cli.py:Epoch 40/100	Loss 5.5816 ± 0.1865
INFO:meta-cli.py:Epoch 41/100	Loss 5.5817 ± 0.1655
INFO:meta-cli.py:Epoch 42/100	Loss 5.5804 ± 0.1644
INFO:meta-cli.py:Epoch 42/100	dev results	MRR 0.761401	H@1 0.646536	H@3 0.852996	H@5 0.914326	H@10 0.962547
INFO:meta-cli.py:Epoch 42/100	test results	MRR 0.756382	H@1 0.634078	H@3 0.858939	H@5 0.925047	H@10 0.966946
INFO:meta-cli.py:Epoch 43/100	Loss 5.5788 ± 0.1677
INFO:meta-cli.py:Epoch 44/100	Loss 5.5791 ± 0.1768
INFO:meta-cli.py:Epoch 45/100	Loss 5.5781 ± 0.1569
INFO:meta-cli.py:Epoch 45/100	dev results	MRR 0.760117	H@1 0.644195	H@3 0.853464	H@5 0.914794	H@10 0.963015
INFO:meta-cli.py:Epoch 45/100	test results	MRR 0.759693	H@1 0.640130	H@3 0.860801	H@5 0.927840	H@10 0.968343
INFO:meta-cli.py:Epoch 46/100	Loss 5.5760 ± 0.1651
INFO:meta-cli.py:Epoch 47/100	Loss 5.5743 ± 0.1929
INFO:meta-cli.py:Epoch 48/100	Loss 5.5731 ± 0.1674
INFO:meta-cli.py:Epoch 48/100	dev results	MRR 0.758197	H@1 0.639981	H@3 0.855805	H@5 0.916199	H@10 0.961142
INFO:meta-cli.py:Epoch 48/100	test results	MRR 0.760799	H@1 0.641993	H@3 0.863128	H@5 0.925512	H@10 0.967412
INFO:meta-cli.py:Epoch 49/100	Loss 5.5702 ± 0.1782
INFO:meta-cli.py:Epoch 50/100	Loss 5.5714 ± 0.1684
INFO:meta-cli.py:Epoch 51/100	Loss 5.5694 ± 0.1626
INFO:meta-cli.py:Epoch 51/100	dev results	MRR 0.759200	H@1 0.641854	H@3 0.856273	H@5 0.914326	H@10 0.961142
INFO:meta-cli.py:Epoch 51/100	test results	MRR 0.759825	H@1 0.639665	H@3 0.862197	H@5 0.927374	H@10 0.968343
INFO:meta-cli.py:Epoch 52/100	Loss 5.5713 ± 0.1565
INFO:meta-cli.py:Epoch 53/100	Loss 5.5718 ± 0.1733
INFO:meta-cli.py:Epoch 54/100	Loss 5.5684 ± 0.1479
INFO:meta-cli.py:Epoch 54/100	dev results	MRR 0.761095	H@1 0.644195	H@3 0.860019	H@5 0.914794	H@10 0.961142
INFO:meta-cli.py:Epoch 54/100	test results	MRR 0.759400	H@1 0.638268	H@3 0.861732	H@5 0.927840	H@10 0.968343
INFO:meta-cli.py:Epoch 55/100	Loss 5.5689 ± 0.1818
INFO:meta-cli.py:Epoch 56/100	Loss 5.5668 ± 0.1704
INFO:meta-cli.py:Epoch 57/100	Loss 5.5671 ± 0.1832
INFO:meta-cli.py:Epoch 57/100	dev results	MRR 0.761378	H@1 0.644663	H@3 0.858614	H@5 0.915262	H@10 0.961610
INFO:meta-cli.py:Epoch 57/100	test results	MRR 0.760446	H@1 0.641527	H@3 0.859404	H@5 0.926909	H@10 0.967877
INFO:meta-cli.py:Epoch 58/100	Loss 5.5636 ± 0.1789
INFO:meta-cli.py:Epoch 59/100	Loss 5.5637 ± 0.1619
INFO:meta-cli.py:Epoch 60/100	Loss 5.5625 ± 0.1577
INFO:meta-cli.py:Epoch 60/100	dev results	MRR 0.759170	H@1 0.639981	H@3 0.859551	H@5 0.915730	H@10 0.962079
INFO:meta-cli.py:Epoch 60/100	test results	MRR 0.761921	H@1 0.643389	H@3 0.858473	H@5 0.928305	H@10 0.967877
INFO:meta-cli.py:Epoch 61/100	Loss 5.5658 ± 0.1716
INFO:meta-cli.py:Epoch 62/100	Loss 5.5618 ± 0.1649
INFO:meta-cli.py:Epoch 63/100	Loss 5.5651 ± 0.1755
INFO:meta-cli.py:Epoch 63/100	dev results	MRR 0.758791	H@1 0.640449	H@3 0.859082	H@5 0.918071	H@10 0.962079
INFO:meta-cli.py:Epoch 63/100	test results	MRR 0.761890	H@1 0.643389	H@3 0.861732	H@5 0.927840	H@10 0.966946
INFO:meta-cli.py:Epoch 64/100	Loss 5.5622 ± 0.1838
INFO:meta-cli.py:Epoch 65/100	Loss 5.5606 ± 0.1622
INFO:meta-cli.py:Epoch 66/100	Loss 5.5594 ± 0.1485
INFO:meta-cli.py:Epoch 66/100	dev results	MRR 0.758655	H@1 0.640449	H@3 0.858614	H@5 0.915262	H@10 0.962547
INFO:meta-cli.py:Epoch 66/100	test results	MRR 0.763556	H@1 0.645717	H@3 0.861266	H@5 0.927840	H@10 0.968343
INFO:meta-cli.py:Epoch 67/100	Loss 5.5574 ± 0.1518
INFO:meta-cli.py:Epoch 68/100	Loss 5.5586 ± 0.1749
INFO:meta-cli.py:Epoch 69/100	Loss 5.5571 ± 0.1386
INFO:meta-cli.py:Epoch 69/100	dev results	MRR 0.759773	H@1 0.642322	H@3 0.859551	H@5 0.915262	H@10 0.962079
INFO:meta-cli.py:Epoch 69/100	test results	MRR 0.764589	H@1 0.648045	H@3 0.860801	H@5 0.926909	H@10 0.968343
INFO:meta-cli.py:Epoch 70/100	Loss 5.5574 ± 0.1515
INFO:meta-cli.py:Epoch 71/100	Loss 5.5576 ± 0.1719
INFO:meta-cli.py:Epoch 72/100	Loss 5.5568 ± 0.1594
INFO:meta-cli.py:Epoch 72/100	dev results	MRR 0.759651	H@1 0.640918	H@3 0.858614	H@5 0.915262	H@10 0.962547
INFO:meta-cli.py:Epoch 72/100	test results	MRR 0.763965	H@1 0.646648	H@3 0.860335	H@5 0.925978	H@10 0.967412
INFO:meta-cli.py:Epoch 73/100	Loss 5.5553 ± 0.1534
INFO:meta-cli.py:Epoch 74/100	Loss 5.5560 ± 0.1911
INFO:meta-cli.py:Epoch 75/100	Loss 5.5533 ± 0.1704
INFO:meta-cli.py:Epoch 75/100	dev results	MRR 0.759512	H@1 0.641854	H@3 0.858146	H@5 0.914794	H@10 0.962547
INFO:meta-cli.py:Epoch 75/100	test results	MRR 0.765590	H@1 0.649441	H@3 0.860801	H@5 0.926909	H@10 0.968343
INFO:meta-cli.py:Epoch 76/100	Loss 5.5546 ± 0.1668
INFO:meta-cli.py:Epoch 77/100	Loss 5.5529 ± 0.1936
INFO:meta-cli.py:Epoch 78/100	Loss 5.5529 ± 0.1776
INFO:meta-cli.py:Epoch 78/100	dev results	MRR 0.760115	H@1 0.642790	H@3 0.858146	H@5 0.913858	H@10 0.962547
INFO:meta-cli.py:Epoch 78/100	test results	MRR 0.766347	H@1 0.650372	H@3 0.859870	H@5 0.925978	H@10 0.968343
INFO:meta-cli.py:Epoch 79/100	Loss 5.5534 ± 0.1589
INFO:meta-cli.py:Epoch 80/100	Loss 5.5533 ± 0.1791
INFO:meta-cli.py:Epoch 81/100	Loss 5.5549 ± 0.1891
INFO:meta-cli.py:Epoch 81/100	dev results	MRR 0.759276	H@1 0.640918	H@3 0.858614	H@5 0.914326	H@10 0.962547
INFO:meta-cli.py:Epoch 81/100	test results	MRR 0.766867	H@1 0.651304	H@3 0.861732	H@5 0.926443	H@10 0.969739
INFO:meta-cli.py:Epoch 82/100	Loss 5.5514 ± 0.1782
INFO:meta-cli.py:Epoch 83/100	Loss 5.5518 ± 0.1530
INFO:meta-cli.py:Epoch 84/100	Loss 5.5529 ± 0.1831
INFO:meta-cli.py:Epoch 84/100	dev results	MRR 0.759391	H@1 0.640918	H@3 0.859082	H@5 0.914326	H@10 0.962547
INFO:meta-cli.py:Epoch 84/100	test results	MRR 0.768550	H@1 0.654562	H@3 0.860801	H@5 0.925512	H@10 0.969274
INFO:meta-cli.py:Epoch 85/100	Loss 5.5537 ± 0.1721
INFO:meta-cli.py:Epoch 86/100	Loss 5.5503 ± 0.1901
INFO:meta-cli.py:Epoch 87/100	Loss 5.5488 ± 0.1633
INFO:meta-cli.py:Epoch 87/100	dev results	MRR 0.760400	H@1 0.643258	H@3 0.859551	H@5 0.914326	H@10 0.962079
INFO:meta-cli.py:Epoch 87/100	test results	MRR 0.767713	H@1 0.652235	H@3 0.861732	H@5 0.923650	H@10 0.968808
INFO:meta-cli.py:Epoch 88/100	Loss 5.5553 ± 0.1767
INFO:meta-cli.py:Epoch 89/100	Loss 5.5478 ± 0.1568
INFO:meta-cli.py:Epoch 90/100	Loss 5.5459 ± 0.1622
INFO:meta-cli.py:Epoch 90/100	dev results	MRR 0.760001	H@1 0.641386	H@3 0.859082	H@5 0.915262	H@10 0.962079
INFO:meta-cli.py:Epoch 90/100	test results	MRR 0.767521	H@1 0.652235	H@3 0.860801	H@5 0.924581	H@10 0.968808
INFO:meta-cli.py:Epoch 91/100	Loss 5.5458 ± 0.2073
INFO:meta-cli.py:Epoch 92/100	Loss 5.5469 ± 0.1676
INFO:meta-cli.py:Epoch 93/100	Loss 5.5488 ± 0.1724
INFO:meta-cli.py:Epoch 93/100	dev results	MRR 0.760369	H@1 0.641386	H@3 0.862360	H@5 0.914794	H@10 0.962547
INFO:meta-cli.py:Epoch 93/100	test results	MRR 0.768230	H@1 0.654097	H@3 0.859870	H@5 0.925512	H@10 0.967877
INFO:meta-cli.py:Epoch 94/100	Loss 5.5499 ± 0.1877
INFO:meta-cli.py:Epoch 95/100	Loss 5.5458 ± 0.1871
INFO:meta-cli.py:Epoch 96/100	Loss 5.5473 ± 0.1748
INFO:meta-cli.py:Epoch 96/100	dev results	MRR 0.760541	H@1 0.642322	H@3 0.860955	H@5 0.915262	H@10 0.963483
INFO:meta-cli.py:Epoch 96/100	test results	MRR 0.768599	H@1 0.654097	H@3 0.860801	H@5 0.925047	H@10 0.967412
INFO:meta-cli.py:Epoch 97/100	Loss 5.5464 ± 0.1613
INFO:meta-cli.py:Epoch 98/100	Loss 5.5478 ± 0.1685
INFO:meta-cli.py:Epoch 99/100	Loss 5.5444 ± 0.1549
INFO:meta-cli.py:Epoch 99/100	dev results	MRR 0.760438	H@1 0.641386	H@3 0.861891	H@5 0.914794	H@10 0.963483
INFO:meta-cli.py:Epoch 99/100	test results	MRR 0.769006	H@1 0.654562	H@3 0.862197	H@5 0.925047	H@10 0.967877
INFO:meta-cli.py:Epoch 100/100	Loss 5.5491 ± 0.1701
INFO:meta-cli.py:Final 	dev results	MRR 0.759597	H@1 0.639981	H@3 0.861891	H@5 0.914794	H@10 0.963483
INFO:meta-cli.py:Final 	test results	MRR 0.768953	H@1 0.654562	H@3 0.861732	H@5 0.924581	H@10 0.967877
INFO:meta-cli.py:Training finished
