./bin/meta-cli.py --train data/kinship/train.tsv --dev data/kinship/dev.tsv --test data/kinship/test.tsv -m complex -k 10 -b 100 -e 100 --F2 0 --N3 0.01 -l 0.1 -I standard -V 3 -o adagrad -q
{'F2': 0.0,
 'N3': 0.01,
 'batch_size': 100,
 'dev': 'data/kinship/dev.tsv',
 'embedding_size': 10,
 'epochs': 100,
 'eval_batch_size': None,
 'input_type': 'standard',
 'learning_rate': 0.1,
 'load': None,
 'model': 'complex',
 'optimizer': 'adagrad',
 'quiet': True,
 'save': None,
 'seed': 0,
 'test': 'data/kinship/test.tsv',
 'test_i': None,
 'test_ii': None,
 'train': 'data/kinship/train.tsv',
 'validate_every': 3}
INFO:meta-cli.py:Device: cpu
INFO:meta-cli.py:Model state:
INFO:meta-cli.py:	entities.weight	torch.Size([104, 20])
INFO:meta-cli.py:	predicates.weight	torch.Size([25, 20])
INFO:meta-cli.py:Epoch 1/100	Loss 7.7700 ± 1.0618
INFO:meta-cli.py:Epoch 2/100	Loss 6.4086 ± 0.1688
INFO:meta-cli.py:Epoch 3/100	Loss 6.1065 ± 0.1450
INFO:meta-cli.py:Epoch 3/100	dev results	MRR 0.655567	H@1 0.505618	H@3 0.763577	H@5 0.849251	H@10 0.945693
INFO:meta-cli.py:Epoch 3/100	test results	MRR 0.656825	H@1 0.508845	H@3 0.760708	H@5 0.862197	H@10 0.944600
INFO:meta-cli.py:Epoch 4/100	Loss 5.9641 ± 0.1519
INFO:meta-cli.py:Epoch 5/100	Loss 5.8962 ± 0.1635
INFO:meta-cli.py:Epoch 6/100	Loss 5.8550 ± 0.1424
INFO:meta-cli.py:Epoch 6/100	dev results	MRR 0.700603	H@1 0.560393	H@3 0.801498	H@5 0.882959	H@10 0.955993
INFO:meta-cli.py:Epoch 6/100	test results	MRR 0.694245	H@1 0.549814	H@3 0.806331	H@5 0.889199	H@10 0.960428
INFO:meta-cli.py:Epoch 7/100	Loss 5.8245 ± 0.1709
INFO:meta-cli.py:Epoch 8/100	Loss 5.8038 ± 0.1778
INFO:meta-cli.py:Epoch 9/100	Loss 5.7822 ± 0.1574
INFO:meta-cli.py:Epoch 9/100	dev results	MRR 0.722737	H@1 0.595037	H@3 0.814139	H@5 0.892790	H@10 0.961142
INFO:meta-cli.py:Epoch 9/100	test results	MRR 0.715961	H@1 0.582868	H@3 0.821695	H@5 0.904097	H@10 0.963687
INFO:meta-cli.py:Epoch 10/100	Loss 5.7700 ± 0.1602
INFO:meta-cli.py:Epoch 11/100	Loss 5.7592 ± 0.1433
INFO:meta-cli.py:Epoch 12/100	Loss 5.7458 ± 0.1523
INFO:meta-cli.py:Epoch 12/100	dev results	MRR 0.731770	H@1 0.608614	H@3 0.824438	H@5 0.895131	H@10 0.964419
INFO:meta-cli.py:Epoch 12/100	test results	MRR 0.721884	H@1 0.588454	H@3 0.829143	H@5 0.904097	H@10 0.967412
INFO:meta-cli.py:Epoch 13/100	Loss 5.7372 ± 0.1773
INFO:meta-cli.py:Epoch 14/100	Loss 5.7304 ± 0.1626
INFO:meta-cli.py:Epoch 15/100	Loss 5.7219 ± 0.1537
INFO:meta-cli.py:Epoch 15/100	dev results	MRR 0.741076	H@1 0.618914	H@3 0.829120	H@5 0.905899	H@10 0.965356
INFO:meta-cli.py:Epoch 15/100	test results	MRR 0.730311	H@1 0.599162	H@3 0.833799	H@5 0.909218	H@10 0.970670
INFO:meta-cli.py:Epoch 16/100	Loss 5.7173 ± 0.1660
INFO:meta-cli.py:Epoch 17/100	Loss 5.7104 ± 0.1699
INFO:meta-cli.py:Epoch 18/100	Loss 5.7071 ± 0.1430
INFO:meta-cli.py:Epoch 18/100	dev results	MRR 0.743571	H@1 0.619382	H@3 0.838951	H@5 0.908708	H@10 0.965356
INFO:meta-cli.py:Epoch 18/100	test results	MRR 0.733255	H@1 0.604283	H@3 0.832402	H@5 0.911080	H@10 0.972067
INFO:meta-cli.py:Epoch 19/100	Loss 5.7013 ± 0.1582
INFO:meta-cli.py:Epoch 20/100	Loss 5.6972 ± 0.1439
INFO:meta-cli.py:Epoch 21/100	Loss 5.6951 ± 0.1668
INFO:meta-cli.py:Epoch 21/100	dev results	MRR 0.748546	H@1 0.627809	H@3 0.842228	H@5 0.911049	H@10 0.966292
INFO:meta-cli.py:Epoch 21/100	test results	MRR 0.738861	H@1 0.611732	H@3 0.836592	H@5 0.912942	H@10 0.972998
INFO:meta-cli.py:Epoch 22/100	Loss 5.6895 ± 0.1615
INFO:meta-cli.py:Epoch 23/100	Loss 5.6858 ± 0.1538
INFO:meta-cli.py:Epoch 24/100	Loss 5.6857 ± 0.1525
INFO:meta-cli.py:Epoch 24/100	dev results	MRR 0.752294	H@1 0.635300	H@3 0.842228	H@5 0.911985	H@10 0.967697
INFO:meta-cli.py:Epoch 24/100	test results	MRR 0.740431	H@1 0.612197	H@3 0.839385	H@5 0.912477	H@10 0.972998
INFO:meta-cli.py:Epoch 25/100	Loss 5.6818 ± 0.1756
INFO:meta-cli.py:Epoch 26/100	Loss 5.6759 ± 0.1508
INFO:meta-cli.py:Epoch 27/100	Loss 5.6783 ± 0.1589
INFO:meta-cli.py:Epoch 27/100	dev results	MRR 0.753277	H@1 0.634831	H@3 0.845506	H@5 0.911985	H@10 0.967228
INFO:meta-cli.py:Epoch 27/100	test results	MRR 0.741670	H@1 0.614525	H@3 0.838920	H@5 0.912477	H@10 0.972998
INFO:meta-cli.py:Epoch 28/100	Loss 5.6725 ± 0.1728
INFO:meta-cli.py:Epoch 29/100	Loss 5.6718 ± 0.1689
INFO:meta-cli.py:Epoch 30/100	Loss 5.6700 ± 0.1903
INFO:meta-cli.py:Epoch 30/100	dev results	MRR 0.756531	H@1 0.640918	H@3 0.848783	H@5 0.912921	H@10 0.967697
INFO:meta-cli.py:Epoch 30/100	test results	MRR 0.742181	H@1 0.614525	H@3 0.843575	H@5 0.913873	H@10 0.972533
INFO:meta-cli.py:Epoch 31/100	Loss 5.6650 ± 0.1561
INFO:meta-cli.py:Epoch 32/100	Loss 5.6639 ± 0.1594
INFO:meta-cli.py:Epoch 33/100	Loss 5.6622 ± 0.1528
INFO:meta-cli.py:Epoch 33/100	dev results	MRR 0.759320	H@1 0.645599	H@3 0.848783	H@5 0.913858	H@10 0.967228
INFO:meta-cli.py:Epoch 33/100	test results	MRR 0.743973	H@1 0.617318	H@3 0.843575	H@5 0.916201	H@10 0.972533
INFO:meta-cli.py:Epoch 34/100	Loss 5.6592 ± 0.1822
INFO:meta-cli.py:Epoch 35/100	Loss 5.6579 ± 0.1674
INFO:meta-cli.py:Epoch 36/100	Loss 5.6566 ± 0.1659
INFO:meta-cli.py:Epoch 36/100	dev results	MRR 0.759074	H@1 0.645131	H@3 0.850655	H@5 0.911049	H@10 0.968165
INFO:meta-cli.py:Epoch 36/100	test results	MRR 0.746313	H@1 0.621508	H@3 0.843575	H@5 0.916201	H@10 0.972067
INFO:meta-cli.py:Epoch 37/100	Loss 5.6556 ± 0.1644
INFO:meta-cli.py:Epoch 38/100	Loss 5.6531 ± 0.1600
INFO:meta-cli.py:Epoch 39/100	Loss 5.6501 ± 0.1605
INFO:meta-cli.py:Epoch 39/100	dev results	MRR 0.759810	H@1 0.645599	H@3 0.851124	H@5 0.912453	H@10 0.968165
INFO:meta-cli.py:Epoch 39/100	test results	MRR 0.750534	H@1 0.628026	H@3 0.846369	H@5 0.918063	H@10 0.972067
INFO:meta-cli.py:Epoch 40/100	Loss 5.6484 ± 0.1904
INFO:meta-cli.py:Epoch 41/100	Loss 5.6466 ± 0.1491
INFO:meta-cli.py:Epoch 42/100	Loss 5.6447 ± 0.1625
INFO:meta-cli.py:Epoch 42/100	dev results	MRR 0.760709	H@1 0.644663	H@3 0.854869	H@5 0.914794	H@10 0.968633
INFO:meta-cli.py:Epoch 42/100	test results	MRR 0.752698	H@1 0.630819	H@3 0.845903	H@5 0.919460	H@10 0.972533
INFO:meta-cli.py:Epoch 43/100	Loss 5.6437 ± 0.1562
INFO:meta-cli.py:Epoch 44/100	Loss 5.6456 ± 0.1652
INFO:meta-cli.py:Epoch 45/100	Loss 5.6418 ± 0.1557
INFO:meta-cli.py:Epoch 45/100	dev results	MRR 0.761881	H@1 0.646536	H@3 0.854869	H@5 0.914794	H@10 0.968633
INFO:meta-cli.py:Epoch 45/100	test results	MRR 0.754761	H@1 0.635009	H@3 0.845438	H@5 0.919460	H@10 0.972067
INFO:meta-cli.py:Epoch 46/100	Loss 5.6403 ± 0.1644
INFO:meta-cli.py:Epoch 47/100	Loss 5.6383 ± 0.1790
INFO:meta-cli.py:Epoch 48/100	Loss 5.6378 ± 0.1656
INFO:meta-cli.py:Epoch 48/100	dev results	MRR 0.761516	H@1 0.645599	H@3 0.857678	H@5 0.913858	H@10 0.968633
INFO:meta-cli.py:Epoch 48/100	test results	MRR 0.755651	H@1 0.635940	H@3 0.846369	H@5 0.922253	H@10 0.972533
INFO:meta-cli.py:Epoch 49/100	Loss 5.6361 ± 0.1393
INFO:meta-cli.py:Epoch 50/100	Loss 5.6363 ± 0.1617
INFO:meta-cli.py:Epoch 51/100	Loss 5.6341 ± 0.1578
INFO:meta-cli.py:Epoch 51/100	dev results	MRR 0.760949	H@1 0.643258	H@3 0.856742	H@5 0.913858	H@10 0.969569
INFO:meta-cli.py:Epoch 51/100	test results	MRR 0.757585	H@1 0.639665	H@3 0.849162	H@5 0.922719	H@10 0.973464
INFO:meta-cli.py:Epoch 52/100	Loss 5.6331 ± 0.1671
INFO:meta-cli.py:Epoch 53/100	Loss 5.6329 ± 0.1627
INFO:meta-cli.py:Epoch 54/100	Loss 5.6329 ± 0.1345
INFO:meta-cli.py:Epoch 54/100	dev results	MRR 0.762024	H@1 0.644663	H@3 0.858146	H@5 0.915262	H@10 0.969101
INFO:meta-cli.py:Epoch 54/100	test results	MRR 0.758546	H@1 0.640596	H@3 0.852421	H@5 0.924115	H@10 0.973464
INFO:meta-cli.py:Epoch 55/100	Loss 5.6329 ± 0.1700
INFO:meta-cli.py:Epoch 56/100	Loss 5.6296 ± 0.1695
INFO:meta-cli.py:Epoch 57/100	Loss 5.6290 ± 0.1670
INFO:meta-cli.py:Epoch 57/100	dev results	MRR 0.765040	H@1 0.648876	H@3 0.859551	H@5 0.913858	H@10 0.969101
INFO:meta-cli.py:Epoch 57/100	test results	MRR 0.757492	H@1 0.638268	H@3 0.852421	H@5 0.924115	H@10 0.973929
INFO:meta-cli.py:Epoch 58/100	Loss 5.6272 ± 0.1679
INFO:meta-cli.py:Epoch 59/100	Loss 5.6282 ± 0.1676
INFO:meta-cli.py:Epoch 60/100	Loss 5.6253 ± 0.1659
INFO:meta-cli.py:Epoch 60/100	dev results	MRR 0.765579	H@1 0.648876	H@3 0.860487	H@5 0.914326	H@10 0.969569
INFO:meta-cli.py:Epoch 60/100	test results	MRR 0.759460	H@1 0.642458	H@3 0.852421	H@5 0.924581	H@10 0.973464
INFO:meta-cli.py:Epoch 61/100	Loss 5.6278 ± 0.1468
INFO:meta-cli.py:Epoch 62/100	Loss 5.6240 ± 0.1478
INFO:meta-cli.py:Epoch 63/100	Loss 5.6268 ± 0.1536
INFO:meta-cli.py:Epoch 63/100	dev results	MRR 0.765364	H@1 0.648876	H@3 0.861423	H@5 0.913858	H@10 0.969569
INFO:meta-cli.py:Epoch 63/100	test results	MRR 0.761052	H@1 0.645251	H@3 0.852886	H@5 0.925047	H@10 0.973929
INFO:meta-cli.py:Epoch 64/100	Loss 5.6233 ± 0.1558
INFO:meta-cli.py:Epoch 65/100	Loss 5.6220 ± 0.1566
INFO:meta-cli.py:Epoch 66/100	Loss 5.6207 ± 0.1501
INFO:meta-cli.py:Epoch 66/100	dev results	MRR 0.767548	H@1 0.652154	H@3 0.863296	H@5 0.912921	H@10 0.970506
INFO:meta-cli.py:Epoch 66/100	test results	MRR 0.760652	H@1 0.642924	H@3 0.855680	H@5 0.925047	H@10 0.973929
INFO:meta-cli.py:Epoch 67/100	Loss 5.6192 ± 0.1634
INFO:meta-cli.py:Epoch 68/100	Loss 5.6198 ± 0.1637
INFO:meta-cli.py:Epoch 69/100	Loss 5.6189 ± 0.1366
INFO:meta-cli.py:Epoch 69/100	dev results	MRR 0.767656	H@1 0.651217	H@3 0.864700	H@5 0.915262	H@10 0.970506
INFO:meta-cli.py:Epoch 69/100	test results	MRR 0.761557	H@1 0.643855	H@3 0.854749	H@5 0.927840	H@10 0.973464
INFO:meta-cli.py:Epoch 70/100	Loss 5.6173 ± 0.1431
INFO:meta-cli.py:Epoch 71/100	Loss 5.6195 ± 0.1636
INFO:meta-cli.py:Epoch 72/100	Loss 5.6176 ± 0.1485
INFO:meta-cli.py:Epoch 72/100	dev results	MRR 0.768090	H@1 0.652154	H@3 0.865637	H@5 0.917135	H@10 0.970506
INFO:meta-cli.py:Epoch 72/100	test results	MRR 0.762199	H@1 0.644786	H@3 0.857542	H@5 0.926443	H@10 0.973464
INFO:meta-cli.py:Epoch 73/100	Loss 5.6159 ± 0.1409
INFO:meta-cli.py:Epoch 74/100	Loss 5.6162 ± 0.1667
INFO:meta-cli.py:Epoch 75/100	Loss 5.6142 ± 0.1606
INFO:meta-cli.py:Epoch 75/100	dev results	MRR 0.769882	H@1 0.654963	H@3 0.864700	H@5 0.915730	H@10 0.970506
INFO:meta-cli.py:Epoch 75/100	test results	MRR 0.760842	H@1 0.642458	H@3 0.855680	H@5 0.925047	H@10 0.972998
INFO:meta-cli.py:Epoch 76/100	Loss 5.6142 ± 0.1600
INFO:meta-cli.py:Epoch 77/100	Loss 5.6120 ± 0.1816
INFO:meta-cli.py:Epoch 78/100	Loss 5.6116 ± 0.1673
INFO:meta-cli.py:Epoch 78/100	dev results	MRR 0.770561	H@1 0.655899	H@3 0.866105	H@5 0.917135	H@10 0.970506
INFO:meta-cli.py:Epoch 78/100	test results	MRR 0.763664	H@1 0.647114	H@3 0.858939	H@5 0.926443	H@10 0.973464
INFO:meta-cli.py:Epoch 79/100	Loss 5.6126 ± 0.1390
INFO:meta-cli.py:Epoch 80/100	Loss 5.6117 ± 0.1633
INFO:meta-cli.py:Epoch 81/100	Loss 5.6144 ± 0.1593
INFO:meta-cli.py:Epoch 81/100	dev results	MRR 0.769021	H@1 0.652622	H@3 0.867509	H@5 0.916199	H@10 0.970974
INFO:meta-cli.py:Epoch 81/100	test results	MRR 0.765066	H@1 0.648976	H@3 0.858007	H@5 0.927374	H@10 0.972998
INFO:meta-cli.py:Epoch 82/100	Loss 5.6115 ± 0.1614
INFO:meta-cli.py:Epoch 83/100	Loss 5.6107 ± 0.1438
INFO:meta-cli.py:Epoch 84/100	Loss 5.6106 ± 0.1720
INFO:meta-cli.py:Epoch 84/100	dev results	MRR 0.770018	H@1 0.654494	H@3 0.867509	H@5 0.916199	H@10 0.971442
INFO:meta-cli.py:Epoch 84/100	test results	MRR 0.765499	H@1 0.649441	H@3 0.857076	H@5 0.928305	H@10 0.973464
INFO:meta-cli.py:Epoch 85/100	Loss 5.6129 ± 0.1633
INFO:meta-cli.py:Epoch 86/100	Loss 5.6099 ± 0.1919
INFO:meta-cli.py:Epoch 87/100	Loss 5.6072 ± 0.1813
INFO:meta-cli.py:Epoch 87/100	dev results	MRR 0.769654	H@1 0.653558	H@3 0.867509	H@5 0.917135	H@10 0.971910
INFO:meta-cli.py:Epoch 87/100	test results	MRR 0.765931	H@1 0.649907	H@3 0.858007	H@5 0.926909	H@10 0.973929
INFO:meta-cli.py:Epoch 88/100	Loss 5.6123 ± 0.1649
INFO:meta-cli.py:Epoch 89/100	Loss 5.6054 ± 0.1643
INFO:meta-cli.py:Epoch 90/100	Loss 5.6060 ± 0.1439
INFO:meta-cli.py:Epoch 90/100	dev results	MRR 0.771486	H@1 0.655899	H@3 0.868446	H@5 0.917135	H@10 0.971910
INFO:meta-cli.py:Epoch 90/100	test results	MRR 0.765238	H@1 0.647579	H@3 0.860335	H@5 0.928305	H@10 0.973929
INFO:meta-cli.py:Epoch 91/100	Loss 5.6046 ± 0.1914
INFO:meta-cli.py:Epoch 92/100	Loss 5.6051 ± 0.1646
INFO:meta-cli.py:Epoch 93/100	Loss 5.6073 ± 0.1623
INFO:meta-cli.py:Epoch 93/100	dev results	MRR 0.772166	H@1 0.656367	H@3 0.870787	H@5 0.919007	H@10 0.971910
INFO:meta-cli.py:Epoch 93/100	test results	MRR 0.766730	H@1 0.650372	H@3 0.860801	H@5 0.927374	H@10 0.973929
INFO:meta-cli.py:Epoch 94/100	Loss 5.6061 ± 0.1821
INFO:meta-cli.py:Epoch 95/100	Loss 5.6029 ± 0.1650
INFO:meta-cli.py:Epoch 96/100	Loss 5.6075 ± 0.1789
INFO:meta-cli.py:Epoch 96/100	dev results	MRR 0.772770	H@1 0.658240	H@3 0.869850	H@5 0.918539	H@10 0.970974
INFO:meta-cli.py:Epoch 96/100	test results	MRR 0.767177	H@1 0.650838	H@3 0.860801	H@5 0.927374	H@10 0.974860
INFO:meta-cli.py:Epoch 97/100	Loss 5.6040 ± 0.1454
INFO:meta-cli.py:Epoch 98/100	Loss 5.6054 ± 0.1477
INFO:meta-cli.py:Epoch 99/100	Loss 5.6008 ± 0.1606
INFO:meta-cli.py:Epoch 99/100	dev results	MRR 0.774336	H@1 0.661049	H@3 0.867978	H@5 0.919007	H@10 0.972378
INFO:meta-cli.py:Epoch 99/100	test results	MRR 0.768825	H@1 0.653631	H@3 0.861266	H@5 0.927840	H@10 0.974395
INFO:meta-cli.py:Epoch 100/100	Loss 5.6043 ± 0.1543
INFO:meta-cli.py:Final 	dev results	MRR 0.773787	H@1 0.660112	H@3 0.869382	H@5 0.918539	H@10 0.971442
INFO:meta-cli.py:Final 	test results	MRR 0.768182	H@1 0.652235	H@3 0.862197	H@5 0.926909	H@10 0.974395
INFO:meta-cli.py:Training finished
