./bin/meta-cli.py --train data/kinship/train.tsv --dev data/kinship/dev.tsv --test data/kinship/test.tsv -m complex -k 500 -b 100 -e 100 --F2 0.01 --N3 0 -l 0.1 -I standard -V 3 -o adagrad -q
{'F2': 0.01,
 'N3': 0.0,
 'batch_size': 100,
 'dev': 'data/kinship/dev.tsv',
 'embedding_size': 500,
 'epochs': 100,
 'eval_batch_size': None,
 'input_type': 'standard',
 'learning_rate': 0.1,
 'load': None,
 'model': 'complex',
 'optimizer': 'adagrad',
 'quiet': True,
 'save': None,
 'seed': 0,
 'test': 'data/kinship/test.tsv',
 'test_i': None,
 'test_ii': None,
 'train': 'data/kinship/train.tsv',
 'validate_every': 3}
INFO:meta-cli.py:Device: cpu
INFO:meta-cli.py:Model state:
INFO:meta-cli.py:	entities.weight	torch.Size([104, 1000])
INFO:meta-cli.py:	predicates.weight	torch.Size([25, 1000])
INFO:meta-cli.py:Epoch 1/100	Loss 7.8025 ± 1.1387
INFO:meta-cli.py:Epoch 2/100	Loss 6.3057 ± 0.1429
INFO:meta-cli.py:Epoch 3/100	Loss 6.0605 ± 0.1595
INFO:meta-cli.py:Epoch 3/100	dev results	MRR 0.819063	H@1 0.719569	H@3 0.906835	H@5 0.950843	H@10 0.975187
INFO:meta-cli.py:Epoch 3/100	test results	MRR 0.811006	H@1 0.703911	H@3 0.902700	H@5 0.950652	H@10 0.979981
INFO:meta-cli.py:Epoch 4/100	Loss 5.9173 ± 0.1425
INFO:meta-cli.py:Epoch 5/100	Loss 5.8241 ± 0.1539
INFO:meta-cli.py:Epoch 6/100	Loss 5.7531 ± 0.1364
INFO:meta-cli.py:Epoch 6/100	dev results	MRR 0.855054	H@1 0.773408	H@3 0.928371	H@5 0.959270	H@10 0.974719
INFO:meta-cli.py:Epoch 6/100	test results	MRR 0.853434	H@1 0.768156	H@3 0.931564	H@5 0.966480	H@10 0.985102
INFO:meta-cli.py:Epoch 7/100	Loss 5.6997 ± 0.1466
INFO:meta-cli.py:Epoch 8/100	Loss 5.6575 ± 0.1470
INFO:meta-cli.py:Epoch 9/100	Loss 5.6179 ± 0.1396
INFO:meta-cli.py:Epoch 9/100	dev results	MRR 0.863411	H@1 0.786985	H@3 0.929307	H@5 0.961610	H@10 0.974251
INFO:meta-cli.py:Epoch 9/100	test results	MRR 0.859961	H@1 0.775605	H@3 0.936220	H@5 0.968808	H@10 0.986034
INFO:meta-cli.py:Epoch 10/100	Loss 5.5878 ± 0.1399
INFO:meta-cli.py:Epoch 11/100	Loss 5.5639 ± 0.1468
INFO:meta-cli.py:Epoch 12/100	Loss 5.5400 ± 0.1229
INFO:meta-cli.py:Epoch 12/100	dev results	MRR 0.866003	H@1 0.790730	H@3 0.933989	H@5 0.962079	H@10 0.975187
INFO:meta-cli.py:Epoch 12/100	test results	MRR 0.864929	H@1 0.784451	H@3 0.937616	H@5 0.970670	H@10 0.986499
INFO:meta-cli.py:Epoch 13/100	Loss 5.5191 ± 0.1466
INFO:meta-cli.py:Epoch 14/100	Loss 5.5033 ± 0.1420
INFO:meta-cli.py:Epoch 15/100	Loss 5.4857 ± 0.1256
INFO:meta-cli.py:Epoch 15/100	dev results	MRR 0.866829	H@1 0.791667	H@3 0.931648	H@5 0.960674	H@10 0.975187
INFO:meta-cli.py:Epoch 15/100	test results	MRR 0.864346	H@1 0.780726	H@3 0.939013	H@5 0.971601	H@10 0.986499
INFO:meta-cli.py:Epoch 16/100	Loss 5.4737 ± 0.1517
INFO:meta-cli.py:Epoch 17/100	Loss 5.4581 ± 0.1355
INFO:meta-cli.py:Epoch 18/100	Loss 5.4491 ± 0.1388
INFO:meta-cli.py:Epoch 18/100	dev results	MRR 0.862185	H@1 0.783708	H@3 0.931648	H@5 0.961142	H@10 0.975187
INFO:meta-cli.py:Epoch 18/100	test results	MRR 0.861899	H@1 0.777467	H@3 0.937151	H@5 0.969739	H@10 0.986499
INFO:meta-cli.py:Epoch 19/100	Loss nan ± nan
INFO:meta-cli.py:Epoch 20/100	Loss nan ± nan
INFO:meta-cli.py:Epoch 21/100	Loss nan ± nan
INFO:meta-cli.py:Epoch 21/100	dev results	MRR 0.025624	H@1 0.000468	H@3 0.000936	H@5 0.002341	H@10 0.016854
INFO:meta-cli.py:Epoch 21/100	test results	MRR 0.025909	H@1 0.000000	H@3 0.000466	H@5 0.002328	H@10 0.018622
INFO:meta-cli.py:Epoch 22/100	Loss nan ± nan
INFO:meta-cli.py:Epoch 23/100	Loss nan ± nan
INFO:meta-cli.py:Epoch 24/100	Loss nan ± nan
INFO:meta-cli.py:Epoch 24/100	dev results	MRR 0.025624	H@1 0.000468	H@3 0.000936	H@5 0.002341	H@10 0.016854
INFO:meta-cli.py:Epoch 24/100	test results	MRR 0.025909	H@1 0.000000	H@3 0.000466	H@5 0.002328	H@10 0.018622
INFO:meta-cli.py:Epoch 25/100	Loss nan ± nan
INFO:meta-cli.py:Epoch 26/100	Loss nan ± nan
INFO:meta-cli.py:Epoch 27/100	Loss nan ± nan
INFO:meta-cli.py:Epoch 27/100	dev results	MRR 0.025624	H@1 0.000468	H@3 0.000936	H@5 0.002341	H@10 0.016854
INFO:meta-cli.py:Epoch 27/100	test results	MRR 0.025909	H@1 0.000000	H@3 0.000466	H@5 0.002328	H@10 0.018622
INFO:meta-cli.py:Epoch 28/100	Loss nan ± nan
INFO:meta-cli.py:Epoch 29/100	Loss nan ± nan
INFO:meta-cli.py:Epoch 30/100	Loss nan ± nan
INFO:meta-cli.py:Epoch 30/100	dev results	MRR 0.025624	H@1 0.000468	H@3 0.000936	H@5 0.002341	H@10 0.016854
INFO:meta-cli.py:Epoch 30/100	test results	MRR 0.025909	H@1 0.000000	H@3 0.000466	H@5 0.002328	H@10 0.018622
INFO:meta-cli.py:Epoch 31/100	Loss nan ± nan
INFO:meta-cli.py:Epoch 32/100	Loss nan ± nan
INFO:meta-cli.py:Epoch 33/100	Loss nan ± nan
INFO:meta-cli.py:Epoch 33/100	dev results	MRR 0.025624	H@1 0.000468	H@3 0.000936	H@5 0.002341	H@10 0.016854
INFO:meta-cli.py:Epoch 33/100	test results	MRR 0.025909	H@1 0.000000	H@3 0.000466	H@5 0.002328	H@10 0.018622
INFO:meta-cli.py:Epoch 34/100	Loss nan ± nan
INFO:meta-cli.py:Epoch 35/100	Loss nan ± nan
INFO:meta-cli.py:Epoch 36/100	Loss nan ± nan
INFO:meta-cli.py:Epoch 36/100	dev results	MRR 0.025624	H@1 0.000468	H@3 0.000936	H@5 0.002341	H@10 0.016854
INFO:meta-cli.py:Epoch 36/100	test results	MRR 0.025909	H@1 0.000000	H@3 0.000466	H@5 0.002328	H@10 0.018622
INFO:meta-cli.py:Epoch 37/100	Loss nan ± nan
INFO:meta-cli.py:Epoch 38/100	Loss nan ± nan
INFO:meta-cli.py:Epoch 39/100	Loss nan ± nan
INFO:meta-cli.py:Epoch 39/100	dev results	MRR 0.025624	H@1 0.000468	H@3 0.000936	H@5 0.002341	H@10 0.016854
INFO:meta-cli.py:Epoch 39/100	test results	MRR 0.025909	H@1 0.000000	H@3 0.000466	H@5 0.002328	H@10 0.018622
INFO:meta-cli.py:Epoch 40/100	Loss nan ± nan
INFO:meta-cli.py:Epoch 41/100	Loss nan ± nan
INFO:meta-cli.py:Epoch 42/100	Loss nan ± nan
INFO:meta-cli.py:Epoch 42/100	dev results	MRR 0.025624	H@1 0.000468	H@3 0.000936	H@5 0.002341	H@10 0.016854
INFO:meta-cli.py:Epoch 42/100	test results	MRR 0.025909	H@1 0.000000	H@3 0.000466	H@5 0.002328	H@10 0.018622
INFO:meta-cli.py:Epoch 43/100	Loss nan ± nan
INFO:meta-cli.py:Epoch 44/100	Loss nan ± nan
INFO:meta-cli.py:Epoch 45/100	Loss nan ± nan
INFO:meta-cli.py:Epoch 45/100	dev results	MRR 0.025624	H@1 0.000468	H@3 0.000936	H@5 0.002341	H@10 0.016854
INFO:meta-cli.py:Epoch 45/100	test results	MRR 0.025909	H@1 0.000000	H@3 0.000466	H@5 0.002328	H@10 0.018622
INFO:meta-cli.py:Epoch 46/100	Loss nan ± nan
INFO:meta-cli.py:Epoch 47/100	Loss nan ± nan
INFO:meta-cli.py:Epoch 48/100	Loss nan ± nan
INFO:meta-cli.py:Epoch 48/100	dev results	MRR 0.025624	H@1 0.000468	H@3 0.000936	H@5 0.002341	H@10 0.016854
INFO:meta-cli.py:Epoch 48/100	test results	MRR 0.025909	H@1 0.000000	H@3 0.000466	H@5 0.002328	H@10 0.018622
INFO:meta-cli.py:Epoch 49/100	Loss nan ± nan
INFO:meta-cli.py:Epoch 50/100	Loss nan ± nan
INFO:meta-cli.py:Epoch 51/100	Loss nan ± nan
INFO:meta-cli.py:Epoch 51/100	dev results	MRR 0.025624	H@1 0.000468	H@3 0.000936	H@5 0.002341	H@10 0.016854
INFO:meta-cli.py:Epoch 51/100	test results	MRR 0.025909	H@1 0.000000	H@3 0.000466	H@5 0.002328	H@10 0.018622
INFO:meta-cli.py:Epoch 52/100	Loss nan ± nan
INFO:meta-cli.py:Epoch 53/100	Loss nan ± nan
INFO:meta-cli.py:Epoch 54/100	Loss nan ± nan
INFO:meta-cli.py:Epoch 54/100	dev results	MRR 0.025624	H@1 0.000468	H@3 0.000936	H@5 0.002341	H@10 0.016854
INFO:meta-cli.py:Epoch 54/100	test results	MRR 0.025909	H@1 0.000000	H@3 0.000466	H@5 0.002328	H@10 0.018622
INFO:meta-cli.py:Epoch 55/100	Loss nan ± nan
INFO:meta-cli.py:Epoch 56/100	Loss nan ± nan
INFO:meta-cli.py:Epoch 57/100	Loss nan ± nan
INFO:meta-cli.py:Epoch 57/100	dev results	MRR 0.025624	H@1 0.000468	H@3 0.000936	H@5 0.002341	H@10 0.016854
INFO:meta-cli.py:Epoch 57/100	test results	MRR 0.025909	H@1 0.000000	H@3 0.000466	H@5 0.002328	H@10 0.018622
INFO:meta-cli.py:Epoch 58/100	Loss nan ± nan
INFO:meta-cli.py:Epoch 59/100	Loss nan ± nan
INFO:meta-cli.py:Epoch 60/100	Loss nan ± nan
INFO:meta-cli.py:Epoch 60/100	dev results	MRR 0.025624	H@1 0.000468	H@3 0.000936	H@5 0.002341	H@10 0.016854
INFO:meta-cli.py:Epoch 60/100	test results	MRR 0.025909	H@1 0.000000	H@3 0.000466	H@5 0.002328	H@10 0.018622
INFO:meta-cli.py:Epoch 61/100	Loss nan ± nan
INFO:meta-cli.py:Epoch 62/100	Loss nan ± nan
INFO:meta-cli.py:Epoch 63/100	Loss nan ± nan
INFO:meta-cli.py:Epoch 63/100	dev results	MRR 0.025624	H@1 0.000468	H@3 0.000936	H@5 0.002341	H@10 0.016854
INFO:meta-cli.py:Epoch 63/100	test results	MRR 0.025909	H@1 0.000000	H@3 0.000466	H@5 0.002328	H@10 0.018622
INFO:meta-cli.py:Epoch 64/100	Loss nan ± nan
INFO:meta-cli.py:Epoch 65/100	Loss nan ± nan
INFO:meta-cli.py:Epoch 66/100	Loss nan ± nan
INFO:meta-cli.py:Epoch 66/100	dev results	MRR 0.025624	H@1 0.000468	H@3 0.000936	H@5 0.002341	H@10 0.016854
INFO:meta-cli.py:Epoch 66/100	test results	MRR 0.025909	H@1 0.000000	H@3 0.000466	H@5 0.002328	H@10 0.018622
INFO:meta-cli.py:Epoch 67/100	Loss nan ± nan
INFO:meta-cli.py:Epoch 68/100	Loss nan ± nan
INFO:meta-cli.py:Epoch 69/100	Loss nan ± nan
INFO:meta-cli.py:Epoch 69/100	dev results	MRR 0.025624	H@1 0.000468	H@3 0.000936	H@5 0.002341	H@10 0.016854
INFO:meta-cli.py:Epoch 69/100	test results	MRR 0.025909	H@1 0.000000	H@3 0.000466	H@5 0.002328	H@10 0.018622
INFO:meta-cli.py:Epoch 70/100	Loss nan ± nan
INFO:meta-cli.py:Epoch 71/100	Loss nan ± nan
INFO:meta-cli.py:Epoch 72/100	Loss nan ± nan
INFO:meta-cli.py:Epoch 72/100	dev results	MRR 0.025624	H@1 0.000468	H@3 0.000936	H@5 0.002341	H@10 0.016854
INFO:meta-cli.py:Epoch 72/100	test results	MRR 0.025909	H@1 0.000000	H@3 0.000466	H@5 0.002328	H@10 0.018622
INFO:meta-cli.py:Epoch 73/100	Loss nan ± nan
INFO:meta-cli.py:Epoch 74/100	Loss nan ± nan
INFO:meta-cli.py:Epoch 75/100	Loss nan ± nan
INFO:meta-cli.py:Epoch 75/100	dev results	MRR 0.025624	H@1 0.000468	H@3 0.000936	H@5 0.002341	H@10 0.016854
INFO:meta-cli.py:Epoch 75/100	test results	MRR 0.025909	H@1 0.000000	H@3 0.000466	H@5 0.002328	H@10 0.018622
INFO:meta-cli.py:Epoch 76/100	Loss nan ± nan
INFO:meta-cli.py:Epoch 77/100	Loss nan ± nan
INFO:meta-cli.py:Epoch 78/100	Loss nan ± nan
INFO:meta-cli.py:Epoch 78/100	dev results	MRR 0.025624	H@1 0.000468	H@3 0.000936	H@5 0.002341	H@10 0.016854
INFO:meta-cli.py:Epoch 78/100	test results	MRR 0.025909	H@1 0.000000	H@3 0.000466	H@5 0.002328	H@10 0.018622
INFO:meta-cli.py:Epoch 79/100	Loss nan ± nan
INFO:meta-cli.py:Epoch 80/100	Loss nan ± nan
INFO:meta-cli.py:Epoch 81/100	Loss nan ± nan
INFO:meta-cli.py:Epoch 81/100	dev results	MRR 0.025624	H@1 0.000468	H@3 0.000936	H@5 0.002341	H@10 0.016854
INFO:meta-cli.py:Epoch 81/100	test results	MRR 0.025909	H@1 0.000000	H@3 0.000466	H@5 0.002328	H@10 0.018622
INFO:meta-cli.py:Epoch 82/100	Loss nan ± nan
INFO:meta-cli.py:Epoch 83/100	Loss nan ± nan
INFO:meta-cli.py:Epoch 84/100	Loss nan ± nan
INFO:meta-cli.py:Epoch 84/100	dev results	MRR 0.025624	H@1 0.000468	H@3 0.000936	H@5 0.002341	H@10 0.016854
INFO:meta-cli.py:Epoch 84/100	test results	MRR 0.025909	H@1 0.000000	H@3 0.000466	H@5 0.002328	H@10 0.018622
INFO:meta-cli.py:Epoch 85/100	Loss nan ± nan
INFO:meta-cli.py:Epoch 86/100	Loss nan ± nan
INFO:meta-cli.py:Epoch 87/100	Loss nan ± nan
INFO:meta-cli.py:Epoch 87/100	dev results	MRR 0.025624	H@1 0.000468	H@3 0.000936	H@5 0.002341	H@10 0.016854
INFO:meta-cli.py:Epoch 87/100	test results	MRR 0.025909	H@1 0.000000	H@3 0.000466	H@5 0.002328	H@10 0.018622
INFO:meta-cli.py:Epoch 88/100	Loss nan ± nan
INFO:meta-cli.py:Epoch 89/100	Loss nan ± nan
INFO:meta-cli.py:Epoch 90/100	Loss nan ± nan
INFO:meta-cli.py:Epoch 90/100	dev results	MRR 0.025624	H@1 0.000468	H@3 0.000936	H@5 0.002341	H@10 0.016854
INFO:meta-cli.py:Epoch 90/100	test results	MRR 0.025909	H@1 0.000000	H@3 0.000466	H@5 0.002328	H@10 0.018622
INFO:meta-cli.py:Epoch 91/100	Loss nan ± nan
INFO:meta-cli.py:Epoch 92/100	Loss nan ± nan
INFO:meta-cli.py:Epoch 93/100	Loss nan ± nan
INFO:meta-cli.py:Epoch 93/100	dev results	MRR 0.025624	H@1 0.000468	H@3 0.000936	H@5 0.002341	H@10 0.016854
INFO:meta-cli.py:Epoch 93/100	test results	MRR 0.025909	H@1 0.000000	H@3 0.000466	H@5 0.002328	H@10 0.018622
INFO:meta-cli.py:Epoch 94/100	Loss nan ± nan
INFO:meta-cli.py:Epoch 95/100	Loss nan ± nan
INFO:meta-cli.py:Epoch 96/100	Loss nan ± nan
INFO:meta-cli.py:Epoch 96/100	dev results	MRR 0.025624	H@1 0.000468	H@3 0.000936	H@5 0.002341	H@10 0.016854
INFO:meta-cli.py:Epoch 96/100	test results	MRR 0.025909	H@1 0.000000	H@3 0.000466	H@5 0.002328	H@10 0.018622
INFO:meta-cli.py:Epoch 97/100	Loss nan ± nan
INFO:meta-cli.py:Epoch 98/100	Loss nan ± nan
INFO:meta-cli.py:Epoch 99/100	Loss nan ± nan
INFO:meta-cli.py:Epoch 99/100	dev results	MRR 0.025624	H@1 0.000468	H@3 0.000936	H@5 0.002341	H@10 0.016854
INFO:meta-cli.py:Epoch 99/100	test results	MRR 0.025909	H@1 0.000000	H@3 0.000466	H@5 0.002328	H@10 0.018622
INFO:meta-cli.py:Epoch 100/100	Loss nan ± nan
INFO:meta-cli.py:Final 	dev results	MRR 0.025624	H@1 0.000468	H@3 0.000936	H@5 0.002341	H@10 0.016854
INFO:meta-cli.py:Final 	test results	MRR 0.025909	H@1 0.000000	H@3 0.000466	H@5 0.002328	H@10 0.018622
INFO:meta-cli.py:Training finished
