./bin/meta-cli.py --train data/nations/train.tsv --dev data/nations/dev.tsv --test data/nations/test.tsv -m complex -k 500 -b 100 -e 100 --F2 0.01 --N3 0 -l 0.1 -I standard -V 3 -o adagrad -q
{'F2': 0.01,
 'N3': 0.0,
 'batch_size': 100,
 'dev': 'data/nations/dev.tsv',
 'embedding_size': 500,
 'epochs': 100,
 'eval_batch_size': None,
 'input_type': 'standard',
 'learning_rate': 0.1,
 'load': None,
 'model': 'complex',
 'optimizer': 'adagrad',
 'quiet': True,
 'save': None,
 'seed': 0,
 'test': 'data/nations/test.tsv',
 'test_i': None,
 'test_ii': None,
 'train': 'data/nations/train.tsv',
 'validate_every': 3}
INFO:meta-cli.py:Device: cpu
INFO:meta-cli.py:Model state:
INFO:meta-cli.py:	entities.weight	torch.Size([14, 1000])
INFO:meta-cli.py:	predicates.weight	torch.Size([55, 1000])
INFO:meta-cli.py:Epoch 1/100	Loss 5.6471 ± 0.1662
INFO:meta-cli.py:Epoch 2/100	Loss 5.1189 ± 0.0813
INFO:meta-cli.py:Epoch 3/100	Loss 4.8227 ± 0.0987
INFO:meta-cli.py:Epoch 3/100	dev results	MRR 0.778597	H@1 0.658291	H@3 0.874372	H@5 0.944724	H@10 0.997487
INFO:meta-cli.py:Epoch 3/100	test results	MRR 0.787780	H@1 0.676617	H@3 0.875622	H@5 0.947761	H@10 1.000000
INFO:meta-cli.py:Epoch 4/100	Loss 4.6423 ± 0.1493
INFO:meta-cli.py:Epoch 5/100	Loss 4.5169 ± 0.1556
INFO:meta-cli.py:Epoch 6/100	Loss 4.4295 ± 0.1313
INFO:meta-cli.py:Epoch 6/100	dev results	MRR 0.787594	H@1 0.660804	H@3 0.891960	H@5 0.969849	H@10 0.997487
INFO:meta-cli.py:Epoch 6/100	test results	MRR 0.791807	H@1 0.669154	H@3 0.898010	H@5 0.957711	H@10 1.000000
INFO:meta-cli.py:Epoch 7/100	Loss 4.3669 ± 0.1406
INFO:meta-cli.py:Epoch 8/100	Loss 4.3089 ± 0.1383
INFO:meta-cli.py:Epoch 9/100	Loss 4.2722 ± 0.1510
INFO:meta-cli.py:Epoch 9/100	dev results	MRR 0.790118	H@1 0.663317	H@3 0.912060	H@5 0.969849	H@10 0.997487
INFO:meta-cli.py:Epoch 9/100	test results	MRR 0.792470	H@1 0.671642	H@3 0.898010	H@5 0.967662	H@10 1.000000
INFO:meta-cli.py:Epoch 10/100	Loss 4.2402 ± 0.1500
INFO:meta-cli.py:Epoch 11/100	Loss 4.2119 ± 0.1654
INFO:meta-cli.py:Epoch 12/100	Loss 4.1872 ± 0.1257
INFO:meta-cli.py:Epoch 12/100	dev results	MRR 0.786952	H@1 0.658291	H@3 0.904523	H@5 0.967337	H@10 0.997487
INFO:meta-cli.py:Epoch 12/100	test results	MRR 0.784069	H@1 0.651741	H@3 0.900498	H@5 0.960199	H@10 0.997512
INFO:meta-cli.py:Epoch 13/100	Loss 4.1642 ± 0.1149
INFO:meta-cli.py:Epoch 14/100	Loss nan ± nan
INFO:meta-cli.py:Epoch 15/100	Loss nan ± nan
INFO:meta-cli.py:Epoch 15/100	dev results	MRR 0.100535	H@1 0.000000	H@3 0.012563	H@5 0.037688	H@10 0.354271
INFO:meta-cli.py:Epoch 15/100	test results	MRR 0.101660	H@1 0.000000	H@3 0.012438	H@5 0.064677	H@10 0.348259
INFO:meta-cli.py:Epoch 16/100	Loss nan ± nan
INFO:meta-cli.py:Epoch 17/100	Loss nan ± nan
INFO:meta-cli.py:Epoch 18/100	Loss nan ± nan
INFO:meta-cli.py:Epoch 18/100	dev results	MRR 0.100535	H@1 0.000000	H@3 0.012563	H@5 0.037688	H@10 0.354271
INFO:meta-cli.py:Epoch 18/100	test results	MRR 0.101660	H@1 0.000000	H@3 0.012438	H@5 0.064677	H@10 0.348259
INFO:meta-cli.py:Epoch 19/100	Loss nan ± nan
INFO:meta-cli.py:Epoch 20/100	Loss nan ± nan
INFO:meta-cli.py:Epoch 21/100	Loss nan ± nan
INFO:meta-cli.py:Epoch 21/100	dev results	MRR 0.100535	H@1 0.000000	H@3 0.012563	H@5 0.037688	H@10 0.354271
INFO:meta-cli.py:Epoch 21/100	test results	MRR 0.101660	H@1 0.000000	H@3 0.012438	H@5 0.064677	H@10 0.348259
INFO:meta-cli.py:Epoch 22/100	Loss nan ± nan
INFO:meta-cli.py:Epoch 23/100	Loss nan ± nan
INFO:meta-cli.py:Epoch 24/100	Loss nan ± nan
INFO:meta-cli.py:Epoch 24/100	dev results	MRR 0.100535	H@1 0.000000	H@3 0.012563	H@5 0.037688	H@10 0.354271
INFO:meta-cli.py:Epoch 24/100	test results	MRR 0.101660	H@1 0.000000	H@3 0.012438	H@5 0.064677	H@10 0.348259
INFO:meta-cli.py:Epoch 25/100	Loss nan ± nan
INFO:meta-cli.py:Epoch 26/100	Loss nan ± nan
INFO:meta-cli.py:Epoch 27/100	Loss nan ± nan
INFO:meta-cli.py:Epoch 27/100	dev results	MRR 0.100535	H@1 0.000000	H@3 0.012563	H@5 0.037688	H@10 0.354271
INFO:meta-cli.py:Epoch 27/100	test results	MRR 0.101660	H@1 0.000000	H@3 0.012438	H@5 0.064677	H@10 0.348259
INFO:meta-cli.py:Epoch 28/100	Loss nan ± nan
INFO:meta-cli.py:Epoch 29/100	Loss nan ± nan
INFO:meta-cli.py:Epoch 30/100	Loss nan ± nan
INFO:meta-cli.py:Epoch 30/100	dev results	MRR 0.100535	H@1 0.000000	H@3 0.012563	H@5 0.037688	H@10 0.354271
INFO:meta-cli.py:Epoch 30/100	test results	MRR 0.101660	H@1 0.000000	H@3 0.012438	H@5 0.064677	H@10 0.348259
INFO:meta-cli.py:Epoch 31/100	Loss nan ± nan
INFO:meta-cli.py:Epoch 32/100	Loss nan ± nan
INFO:meta-cli.py:Epoch 33/100	Loss nan ± nan
INFO:meta-cli.py:Epoch 33/100	dev results	MRR 0.100535	H@1 0.000000	H@3 0.012563	H@5 0.037688	H@10 0.354271
INFO:meta-cli.py:Epoch 33/100	test results	MRR 0.101660	H@1 0.000000	H@3 0.012438	H@5 0.064677	H@10 0.348259
INFO:meta-cli.py:Epoch 34/100	Loss nan ± nan
INFO:meta-cli.py:Epoch 35/100	Loss nan ± nan
INFO:meta-cli.py:Epoch 36/100	Loss nan ± nan
INFO:meta-cli.py:Epoch 36/100	dev results	MRR 0.100535	H@1 0.000000	H@3 0.012563	H@5 0.037688	H@10 0.354271
INFO:meta-cli.py:Epoch 36/100	test results	MRR 0.101660	H@1 0.000000	H@3 0.012438	H@5 0.064677	H@10 0.348259
INFO:meta-cli.py:Epoch 37/100	Loss nan ± nan
INFO:meta-cli.py:Epoch 38/100	Loss nan ± nan
INFO:meta-cli.py:Epoch 39/100	Loss nan ± nan
INFO:meta-cli.py:Epoch 39/100	dev results	MRR 0.100535	H@1 0.000000	H@3 0.012563	H@5 0.037688	H@10 0.354271
INFO:meta-cli.py:Epoch 39/100	test results	MRR 0.101660	H@1 0.000000	H@3 0.012438	H@5 0.064677	H@10 0.348259
INFO:meta-cli.py:Epoch 40/100	Loss nan ± nan
INFO:meta-cli.py:Epoch 41/100	Loss nan ± nan
INFO:meta-cli.py:Epoch 42/100	Loss nan ± nan
INFO:meta-cli.py:Epoch 42/100	dev results	MRR 0.100535	H@1 0.000000	H@3 0.012563	H@5 0.037688	H@10 0.354271
INFO:meta-cli.py:Epoch 42/100	test results	MRR 0.101660	H@1 0.000000	H@3 0.012438	H@5 0.064677	H@10 0.348259
INFO:meta-cli.py:Epoch 43/100	Loss nan ± nan
INFO:meta-cli.py:Epoch 44/100	Loss nan ± nan
INFO:meta-cli.py:Epoch 45/100	Loss nan ± nan
INFO:meta-cli.py:Epoch 45/100	dev results	MRR 0.100535	H@1 0.000000	H@3 0.012563	H@5 0.037688	H@10 0.354271
INFO:meta-cli.py:Epoch 45/100	test results	MRR 0.101660	H@1 0.000000	H@3 0.012438	H@5 0.064677	H@10 0.348259
INFO:meta-cli.py:Epoch 46/100	Loss nan ± nan
INFO:meta-cli.py:Epoch 47/100	Loss nan ± nan
INFO:meta-cli.py:Epoch 48/100	Loss nan ± nan
INFO:meta-cli.py:Epoch 48/100	dev results	MRR 0.100535	H@1 0.000000	H@3 0.012563	H@5 0.037688	H@10 0.354271
INFO:meta-cli.py:Epoch 48/100	test results	MRR 0.101660	H@1 0.000000	H@3 0.012438	H@5 0.064677	H@10 0.348259
INFO:meta-cli.py:Epoch 49/100	Loss nan ± nan
INFO:meta-cli.py:Epoch 50/100	Loss nan ± nan
INFO:meta-cli.py:Epoch 51/100	Loss nan ± nan
INFO:meta-cli.py:Epoch 51/100	dev results	MRR 0.100535	H@1 0.000000	H@3 0.012563	H@5 0.037688	H@10 0.354271
INFO:meta-cli.py:Epoch 51/100	test results	MRR 0.101660	H@1 0.000000	H@3 0.012438	H@5 0.064677	H@10 0.348259
INFO:meta-cli.py:Epoch 52/100	Loss nan ± nan
INFO:meta-cli.py:Epoch 53/100	Loss nan ± nan
INFO:meta-cli.py:Epoch 54/100	Loss nan ± nan
INFO:meta-cli.py:Epoch 54/100	dev results	MRR 0.100535	H@1 0.000000	H@3 0.012563	H@5 0.037688	H@10 0.354271
INFO:meta-cli.py:Epoch 54/100	test results	MRR 0.101660	H@1 0.000000	H@3 0.012438	H@5 0.064677	H@10 0.348259
INFO:meta-cli.py:Epoch 55/100	Loss nan ± nan
INFO:meta-cli.py:Epoch 56/100	Loss nan ± nan
INFO:meta-cli.py:Epoch 57/100	Loss nan ± nan
INFO:meta-cli.py:Epoch 57/100	dev results	MRR 0.100535	H@1 0.000000	H@3 0.012563	H@5 0.037688	H@10 0.354271
INFO:meta-cli.py:Epoch 57/100	test results	MRR 0.101660	H@1 0.000000	H@3 0.012438	H@5 0.064677	H@10 0.348259
INFO:meta-cli.py:Epoch 58/100	Loss nan ± nan
INFO:meta-cli.py:Epoch 59/100	Loss nan ± nan
INFO:meta-cli.py:Epoch 60/100	Loss nan ± nan
INFO:meta-cli.py:Epoch 60/100	dev results	MRR 0.100535	H@1 0.000000	H@3 0.012563	H@5 0.037688	H@10 0.354271
INFO:meta-cli.py:Epoch 60/100	test results	MRR 0.101660	H@1 0.000000	H@3 0.012438	H@5 0.064677	H@10 0.348259
INFO:meta-cli.py:Epoch 61/100	Loss nan ± nan
INFO:meta-cli.py:Epoch 62/100	Loss nan ± nan
INFO:meta-cli.py:Epoch 63/100	Loss nan ± nan
INFO:meta-cli.py:Epoch 63/100	dev results	MRR 0.100535	H@1 0.000000	H@3 0.012563	H@5 0.037688	H@10 0.354271
INFO:meta-cli.py:Epoch 63/100	test results	MRR 0.101660	H@1 0.000000	H@3 0.012438	H@5 0.064677	H@10 0.348259
INFO:meta-cli.py:Epoch 64/100	Loss nan ± nan
INFO:meta-cli.py:Epoch 65/100	Loss nan ± nan
INFO:meta-cli.py:Epoch 66/100	Loss nan ± nan
INFO:meta-cli.py:Epoch 66/100	dev results	MRR 0.100535	H@1 0.000000	H@3 0.012563	H@5 0.037688	H@10 0.354271
INFO:meta-cli.py:Epoch 66/100	test results	MRR 0.101660	H@1 0.000000	H@3 0.012438	H@5 0.064677	H@10 0.348259
INFO:meta-cli.py:Epoch 67/100	Loss nan ± nan
INFO:meta-cli.py:Epoch 68/100	Loss nan ± nan
INFO:meta-cli.py:Epoch 69/100	Loss nan ± nan
INFO:meta-cli.py:Epoch 69/100	dev results	MRR 0.100535	H@1 0.000000	H@3 0.012563	H@5 0.037688	H@10 0.354271
INFO:meta-cli.py:Epoch 69/100	test results	MRR 0.101660	H@1 0.000000	H@3 0.012438	H@5 0.064677	H@10 0.348259
INFO:meta-cli.py:Epoch 70/100	Loss nan ± nan
INFO:meta-cli.py:Epoch 71/100	Loss nan ± nan
INFO:meta-cli.py:Epoch 72/100	Loss nan ± nan
INFO:meta-cli.py:Epoch 72/100	dev results	MRR 0.100535	H@1 0.000000	H@3 0.012563	H@5 0.037688	H@10 0.354271
INFO:meta-cli.py:Epoch 72/100	test results	MRR 0.101660	H@1 0.000000	H@3 0.012438	H@5 0.064677	H@10 0.348259
INFO:meta-cli.py:Epoch 73/100	Loss nan ± nan
INFO:meta-cli.py:Epoch 74/100	Loss nan ± nan
INFO:meta-cli.py:Epoch 75/100	Loss nan ± nan
INFO:meta-cli.py:Epoch 75/100	dev results	MRR 0.100535	H@1 0.000000	H@3 0.012563	H@5 0.037688	H@10 0.354271
INFO:meta-cli.py:Epoch 75/100	test results	MRR 0.101660	H@1 0.000000	H@3 0.012438	H@5 0.064677	H@10 0.348259
INFO:meta-cli.py:Epoch 76/100	Loss nan ± nan
INFO:meta-cli.py:Epoch 77/100	Loss nan ± nan
INFO:meta-cli.py:Epoch 78/100	Loss nan ± nan
INFO:meta-cli.py:Epoch 78/100	dev results	MRR 0.100535	H@1 0.000000	H@3 0.012563	H@5 0.037688	H@10 0.354271
INFO:meta-cli.py:Epoch 78/100	test results	MRR 0.101660	H@1 0.000000	H@3 0.012438	H@5 0.064677	H@10 0.348259
INFO:meta-cli.py:Epoch 79/100	Loss nan ± nan
INFO:meta-cli.py:Epoch 80/100	Loss nan ± nan
INFO:meta-cli.py:Epoch 81/100	Loss nan ± nan
INFO:meta-cli.py:Epoch 81/100	dev results	MRR 0.100535	H@1 0.000000	H@3 0.012563	H@5 0.037688	H@10 0.354271
INFO:meta-cli.py:Epoch 81/100	test results	MRR 0.101660	H@1 0.000000	H@3 0.012438	H@5 0.064677	H@10 0.348259
INFO:meta-cli.py:Epoch 82/100	Loss nan ± nan
INFO:meta-cli.py:Epoch 83/100	Loss nan ± nan
INFO:meta-cli.py:Epoch 84/100	Loss nan ± nan
INFO:meta-cli.py:Epoch 84/100	dev results	MRR 0.100535	H@1 0.000000	H@3 0.012563	H@5 0.037688	H@10 0.354271
INFO:meta-cli.py:Epoch 84/100	test results	MRR 0.101660	H@1 0.000000	H@3 0.012438	H@5 0.064677	H@10 0.348259
INFO:meta-cli.py:Epoch 85/100	Loss nan ± nan
INFO:meta-cli.py:Epoch 86/100	Loss nan ± nan
INFO:meta-cli.py:Epoch 87/100	Loss nan ± nan
INFO:meta-cli.py:Epoch 87/100	dev results	MRR 0.100535	H@1 0.000000	H@3 0.012563	H@5 0.037688	H@10 0.354271
INFO:meta-cli.py:Epoch 87/100	test results	MRR 0.101660	H@1 0.000000	H@3 0.012438	H@5 0.064677	H@10 0.348259
INFO:meta-cli.py:Epoch 88/100	Loss nan ± nan
INFO:meta-cli.py:Epoch 89/100	Loss nan ± nan
INFO:meta-cli.py:Epoch 90/100	Loss nan ± nan
INFO:meta-cli.py:Epoch 90/100	dev results	MRR 0.100535	H@1 0.000000	H@3 0.012563	H@5 0.037688	H@10 0.354271
INFO:meta-cli.py:Epoch 90/100	test results	MRR 0.101660	H@1 0.000000	H@3 0.012438	H@5 0.064677	H@10 0.348259
INFO:meta-cli.py:Epoch 91/100	Loss nan ± nan
INFO:meta-cli.py:Epoch 92/100	Loss nan ± nan
INFO:meta-cli.py:Epoch 93/100	Loss nan ± nan
INFO:meta-cli.py:Epoch 93/100	dev results	MRR 0.100535	H@1 0.000000	H@3 0.012563	H@5 0.037688	H@10 0.354271
INFO:meta-cli.py:Epoch 93/100	test results	MRR 0.101660	H@1 0.000000	H@3 0.012438	H@5 0.064677	H@10 0.348259
INFO:meta-cli.py:Epoch 94/100	Loss nan ± nan
INFO:meta-cli.py:Epoch 95/100	Loss nan ± nan
INFO:meta-cli.py:Epoch 96/100	Loss nan ± nan
INFO:meta-cli.py:Epoch 96/100	dev results	MRR 0.100535	H@1 0.000000	H@3 0.012563	H@5 0.037688	H@10 0.354271
INFO:meta-cli.py:Epoch 96/100	test results	MRR 0.101660	H@1 0.000000	H@3 0.012438	H@5 0.064677	H@10 0.348259
INFO:meta-cli.py:Epoch 97/100	Loss nan ± nan
INFO:meta-cli.py:Epoch 98/100	Loss nan ± nan
INFO:meta-cli.py:Epoch 99/100	Loss nan ± nan
INFO:meta-cli.py:Epoch 99/100	dev results	MRR 0.100535	H@1 0.000000	H@3 0.012563	H@5 0.037688	H@10 0.354271
INFO:meta-cli.py:Epoch 99/100	test results	MRR 0.101660	H@1 0.000000	H@3 0.012438	H@5 0.064677	H@10 0.348259
INFO:meta-cli.py:Epoch 100/100	Loss nan ± nan
INFO:meta-cli.py:Final 	dev results	MRR 0.100535	H@1 0.000000	H@3 0.012563	H@5 0.037688	H@10 0.354271
INFO:meta-cli.py:Final 	test results	MRR 0.101660	H@1 0.000000	H@3 0.012438	H@5 0.064677	H@10 0.348259
INFO:meta-cli.py:Training finished
