./bin/meta-cli.py --train data/umls/train.tsv --dev data/umls/dev.tsv --test data/umls/test.tsv -m complex -k 1000 -b 100 -e 100 --F2 0.005 --N3 0 -l 0.1 -I standard -V 3 -o adagrad -q
{'F2': 0.005,
 'N3': 0.0,
 'batch_size': 100,
 'dev': 'data/umls/dev.tsv',
 'embedding_size': 1000,
 'epochs': 100,
 'eval_batch_size': None,
 'input_type': 'standard',
 'learning_rate': 0.1,
 'load': None,
 'model': 'complex',
 'optimizer': 'adagrad',
 'quiet': True,
 'save': None,
 'seed': 0,
 'test': 'data/umls/test.tsv',
 'test_i': None,
 'test_ii': None,
 'train': 'data/umls/train.tsv',
 'validate_every': 3}
INFO:meta-cli.py:Device: cpu
INFO:meta-cli.py:Model state:
INFO:meta-cli.py:	entities.weight	torch.Size([135, 2000])
INFO:meta-cli.py:	predicates.weight	torch.Size([46, 2000])
INFO:meta-cli.py:Epoch 1/100	Loss 8.6073 ± 1.1804
INFO:meta-cli.py:Epoch 2/100	Loss 6.6804 ± 0.1256
INFO:meta-cli.py:Epoch 3/100	Loss 6.3523 ± 0.1740
INFO:meta-cli.py:Epoch 3/100	dev results	MRR 0.917877	H@1 0.854294	H@3 0.976994	H@5 0.988497	H@10 0.997699
INFO:meta-cli.py:Epoch 3/100	test results	MRR 0.905421	H@1 0.834342	H@3 0.972769	H@5 0.984871	H@10 0.993949
INFO:meta-cli.py:Epoch 4/100	Loss 6.2116 ± 0.1727
INFO:meta-cli.py:Epoch 5/100	Loss 6.1294 ± 0.1360
INFO:meta-cli.py:Epoch 6/100	Loss 6.0670 ± 0.1518
INFO:meta-cli.py:Epoch 6/100	dev results	MRR 0.902380	H@1 0.821319	H@3 0.980061	H@5 0.990798	H@10 0.996933
INFO:meta-cli.py:Epoch 6/100	test results	MRR 0.887836	H@1 0.792738	H@3 0.982602	H@5 0.993949	H@10 0.996974
INFO:meta-cli.py:Epoch 7/100	Loss 6.0115 ± 0.1425
INFO:meta-cli.py:Epoch 8/100	Loss 5.9787 ± 0.1736
INFO:meta-cli.py:Epoch 9/100	Loss 5.9307 ± 0.1822
INFO:meta-cli.py:Epoch 9/100	dev results	MRR 0.941858	H@1 0.899540	H@3 0.980061	H@5 0.990031	H@10 0.997699
INFO:meta-cli.py:Epoch 9/100	test results	MRR 0.926140	H@1 0.866112	H@3 0.984115	H@5 0.991679	H@10 0.996974
INFO:meta-cli.py:Epoch 10/100	Loss 5.9096 ± 0.1664
INFO:meta-cli.py:Epoch 11/100	Loss 5.8861 ± 0.1470
INFO:meta-cli.py:Epoch 12/100	Loss 5.8547 ± 0.1647
INFO:meta-cli.py:Epoch 12/100	dev results	MRR 0.943385	H@1 0.903374	H@3 0.980061	H@5 0.988497	H@10 0.996166
INFO:meta-cli.py:Epoch 12/100	test results	MRR 0.928995	H@1 0.872920	H@3 0.984115	H@5 0.990923	H@10 0.996218
INFO:meta-cli.py:Epoch 13/100	Loss 5.8448 ± 0.1812
INFO:meta-cli.py:Epoch 14/100	Loss 5.8096 ± 0.1384
INFO:meta-cli.py:Epoch 15/100	Loss 5.8030 ± 0.1580
INFO:meta-cli.py:Epoch 15/100	dev results	MRR 0.945872	H@1 0.907209	H@3 0.982362	H@5 0.989264	H@10 0.994632
INFO:meta-cli.py:Epoch 15/100	test results	MRR 0.934502	H@1 0.881997	H@3 0.986384	H@5 0.992436	H@10 0.996974
INFO:meta-cli.py:Epoch 16/100	Loss 5.7732 ± 0.1296
INFO:meta-cli.py:Epoch 17/100	Loss 5.7582 ± 0.1462
INFO:meta-cli.py:Epoch 18/100	Loss 5.7494 ± 0.1528
INFO:meta-cli.py:Epoch 18/100	dev results	MRR 0.953983	H@1 0.922546	H@3 0.983129	H@5 0.989264	H@10 0.994632
INFO:meta-cli.py:Epoch 18/100	test results	MRR 0.941016	H@1 0.895613	H@3 0.985628	H@5 0.992436	H@10 0.996218
INFO:meta-cli.py:Epoch 19/100	Loss 5.7320 ± 0.1434
INFO:meta-cli.py:Epoch 20/100	Loss 5.7276 ± 0.1387
INFO:meta-cli.py:Epoch 21/100	Loss 5.7249 ± 0.1619
INFO:meta-cli.py:Epoch 21/100	dev results	MRR 0.952220	H@1 0.920245	H@3 0.980828	H@5 0.989264	H@10 0.993865
INFO:meta-cli.py:Epoch 21/100	test results	MRR 0.945177	H@1 0.903933	H@3 0.987141	H@5 0.992436	H@10 0.996218
INFO:meta-cli.py:Epoch 22/100	Loss 5.7000 ± 0.1600
INFO:meta-cli.py:Epoch 23/100	Loss 5.6949 ± 0.1308
INFO:meta-cli.py:Epoch 24/100	Loss 5.6811 ± 0.1466
INFO:meta-cli.py:Epoch 24/100	dev results	MRR 0.948837	H@1 0.914110	H@3 0.980061	H@5 0.988497	H@10 0.993865
INFO:meta-cli.py:Epoch 24/100	test results	MRR 0.941560	H@1 0.898638	H@3 0.984115	H@5 0.992436	H@10 0.996218
INFO:meta-cli.py:Epoch 25/100	Loss 5.6761 ± 0.1460
INFO:meta-cli.py:Epoch 26/100	Loss 5.6583 ± 0.1625
INFO:meta-cli.py:Epoch 27/100	Loss 5.6683 ± 0.1482
INFO:meta-cli.py:Epoch 27/100	dev results	MRR 0.944390	H@1 0.907209	H@3 0.976227	H@5 0.990031	H@10 0.992331
INFO:meta-cli.py:Epoch 27/100	test results	MRR 0.935607	H@1 0.887292	H@3 0.984115	H@5 0.989410	H@10 0.996218
INFO:meta-cli.py:Epoch 28/100	Loss 5.6471 ± 0.1448
INFO:meta-cli.py:Epoch 29/100	Loss 5.6475 ± 0.1303
INFO:meta-cli.py:Epoch 30/100	Loss 5.6486 ± 0.1578
INFO:meta-cli.py:Epoch 30/100	dev results	MRR 0.955223	H@1 0.926380	H@3 0.980061	H@5 0.988497	H@10 0.992331
INFO:meta-cli.py:Epoch 30/100	test results	MRR 0.943280	H@1 0.903177	H@3 0.983359	H@5 0.990923	H@10 0.996218
INFO:meta-cli.py:Epoch 31/100	Loss 5.6355 ± 0.1441
INFO:meta-cli.py:Epoch 32/100	Loss 5.6207 ± 0.1449
INFO:meta-cli.py:Epoch 33/100	Loss 5.6225 ± 0.1376
INFO:meta-cli.py:Epoch 33/100	dev results	MRR 0.954405	H@1 0.926380	H@3 0.979294	H@5 0.987730	H@10 0.992331
INFO:meta-cli.py:Epoch 33/100	test results	MRR 0.944511	H@1 0.905446	H@3 0.982602	H@5 0.989410	H@10 0.996218
INFO:meta-cli.py:Epoch 34/100	Loss 5.6099 ± 0.1478
INFO:meta-cli.py:Epoch 35/100	Loss 5.6147 ± 0.1580
INFO:meta-cli.py:Epoch 36/100	Loss 5.6084 ± 0.1386
INFO:meta-cli.py:Epoch 36/100	dev results	MRR 0.951857	H@1 0.922546	H@3 0.976994	H@5 0.986196	H@10 0.992331
INFO:meta-cli.py:Epoch 36/100	test results	MRR 0.945926	H@1 0.909228	H@3 0.983359	H@5 0.989410	H@10 0.996218
INFO:meta-cli.py:Epoch 37/100	Loss 5.6100 ± 0.1268
INFO:meta-cli.py:Epoch 38/100	Loss 5.5935 ± 0.1387
INFO:meta-cli.py:Epoch 39/100	Loss 5.5917 ± 0.1695
INFO:meta-cli.py:Epoch 39/100	dev results	MRR 0.952377	H@1 0.924080	H@3 0.978528	H@5 0.985429	H@10 0.991564
INFO:meta-cli.py:Epoch 39/100	test results	MRR 0.946489	H@1 0.909985	H@3 0.981089	H@5 0.989410	H@10 0.995461
INFO:meta-cli.py:Epoch 40/100	Loss 5.5948 ± 0.1479
INFO:meta-cli.py:Epoch 41/100	Loss 5.5802 ± 0.1356
INFO:meta-cli.py:Epoch 42/100	Loss 5.5846 ± 0.1617
INFO:meta-cli.py:Epoch 42/100	dev results	MRR 0.952076	H@1 0.923313	H@3 0.976994	H@5 0.983896	H@10 0.991564
INFO:meta-cli.py:Epoch 42/100	test results	MRR 0.947134	H@1 0.911498	H@3 0.980333	H@5 0.987141	H@10 0.995461
INFO:meta-cli.py:Epoch 43/100	Loss 5.5839 ± 0.1689
INFO:meta-cli.py:Epoch 44/100	Loss 5.5703 ± 0.1434
INFO:meta-cli.py:Epoch 45/100	Loss 5.5761 ± 0.1472
INFO:meta-cli.py:Epoch 45/100	dev results	MRR 0.949806	H@1 0.919479	H@3 0.976994	H@5 0.984663	H@10 0.991564
INFO:meta-cli.py:Epoch 45/100	test results	MRR 0.945632	H@1 0.909228	H@3 0.981089	H@5 0.987897	H@10 0.995461
INFO:meta-cli.py:Epoch 46/100	Loss 5.5605 ± 0.1332
INFO:meta-cli.py:Epoch 47/100	Loss 5.5510 ± 0.1475
INFO:meta-cli.py:Epoch 48/100	Loss 5.5670 ± 0.1521
INFO:meta-cli.py:Epoch 48/100	dev results	MRR 0.947094	H@1 0.914877	H@3 0.976994	H@5 0.983896	H@10 0.990031
INFO:meta-cli.py:Epoch 48/100	test results	MRR 0.942326	H@1 0.902421	H@3 0.979576	H@5 0.986384	H@10 0.995461
INFO:meta-cli.py:Epoch 49/100	Loss 5.5586 ± 0.1355
INFO:meta-cli.py:Epoch 50/100	Loss 5.5541 ± 0.1325
INFO:meta-cli.py:Epoch 51/100	Loss 5.5521 ± 0.1140
INFO:meta-cli.py:Epoch 51/100	dev results	MRR 0.951198	H@1 0.923313	H@3 0.976227	H@5 0.983129	H@10 0.990031
INFO:meta-cli.py:Epoch 51/100	test results	MRR 0.941779	H@1 0.900908	H@3 0.980333	H@5 0.987141	H@10 0.995461
INFO:meta-cli.py:Epoch 52/100	Loss 5.5381 ± 0.1423
INFO:meta-cli.py:Epoch 53/100	Loss 5.5476 ± 0.1309
INFO:meta-cli.py:Epoch 54/100	Loss 5.5431 ± 0.1470
INFO:meta-cli.py:Epoch 54/100	dev results	MRR 0.949644	H@1 0.919479	H@3 0.976227	H@5 0.983129	H@10 0.990031
INFO:meta-cli.py:Epoch 54/100	test results	MRR 0.938889	H@1 0.895613	H@3 0.979576	H@5 0.987141	H@10 0.995461
INFO:meta-cli.py:Epoch 55/100	Loss 5.5408 ± 0.1392
INFO:meta-cli.py:Epoch 56/100	Loss 5.5398 ± 0.1427
INFO:meta-cli.py:Epoch 57/100	Loss 5.5305 ± 0.1306
INFO:meta-cli.py:Epoch 57/100	dev results	MRR 0.950620	H@1 0.922546	H@3 0.975460	H@5 0.983129	H@10 0.990031
INFO:meta-cli.py:Epoch 57/100	test results	MRR 0.941470	H@1 0.902421	H@3 0.980333	H@5 0.987141	H@10 0.993949
INFO:meta-cli.py:Epoch 58/100	Loss 5.5298 ± 0.1295
INFO:meta-cli.py:Epoch 59/100	Loss 5.5265 ± 0.1516
INFO:meta-cli.py:Epoch 60/100	Loss 5.5283 ± 0.1449
INFO:meta-cli.py:Epoch 60/100	dev results	MRR 0.943229	H@1 0.907975	H@3 0.974693	H@5 0.983129	H@10 0.990031
INFO:meta-cli.py:Epoch 60/100	test results	MRR 0.936417	H@1 0.892587	H@3 0.979576	H@5 0.986384	H@10 0.994705
INFO:meta-cli.py:Epoch 61/100	Loss 5.5203 ± 0.1434
INFO:meta-cli.py:Epoch 62/100	Loss 5.5309 ± 0.1524
INFO:meta-cli.py:Epoch 63/100	Loss 5.5221 ± 0.1310
INFO:meta-cli.py:Epoch 63/100	dev results	MRR 0.948352	H@1 0.919479	H@3 0.973926	H@5 0.980828	H@10 0.990031
INFO:meta-cli.py:Epoch 63/100	test results	MRR 0.938183	H@1 0.895613	H@3 0.979576	H@5 0.987141	H@10 0.993949
INFO:meta-cli.py:Epoch 64/100	Loss 5.5229 ± 0.1257
INFO:meta-cli.py:Epoch 65/100	Loss 5.5157 ± 0.1371
INFO:meta-cli.py:Epoch 66/100	Loss 5.5117 ± 0.1234
INFO:meta-cli.py:Epoch 66/100	dev results	MRR 0.946193	H@1 0.914110	H@3 0.975460	H@5 0.981595	H@10 0.990031
INFO:meta-cli.py:Epoch 66/100	test results	MRR 0.937413	H@1 0.894856	H@3 0.977307	H@5 0.986384	H@10 0.993949
INFO:meta-cli.py:Epoch 67/100	Loss 5.5162 ± 0.1311
INFO:meta-cli.py:Epoch 68/100	Loss 5.5072 ± 0.1250
INFO:meta-cli.py:Epoch 69/100	Loss 5.5089 ± 0.1450
INFO:meta-cli.py:Epoch 69/100	dev results	MRR 0.949262	H@1 0.920245	H@3 0.976227	H@5 0.980828	H@10 0.990031
INFO:meta-cli.py:Epoch 69/100	test results	MRR 0.939593	H@1 0.898638	H@3 0.980333	H@5 0.987141	H@10 0.993949
INFO:meta-cli.py:Epoch 70/100	Loss 5.5043 ± 0.1457
INFO:meta-cli.py:Epoch 71/100	Loss 5.5024 ± 0.1265
INFO:meta-cli.py:Epoch 72/100	Loss 5.5107 ± 0.1486
INFO:meta-cli.py:Epoch 72/100	dev results	MRR 0.947021	H@1 0.915644	H@3 0.976227	H@5 0.980828	H@10 0.990031
INFO:meta-cli.py:Epoch 72/100	test results	MRR 0.936422	H@1 0.892587	H@3 0.979576	H@5 0.987897	H@10 0.993192
INFO:meta-cli.py:Epoch 73/100	Loss 5.5064 ± 0.1311
INFO:meta-cli.py:Epoch 74/100	Loss 5.5048 ± 0.1287
INFO:meta-cli.py:Epoch 75/100	Loss 5.4872 ± 0.1605
INFO:meta-cli.py:Epoch 75/100	dev results	MRR 0.949617	H@1 0.921012	H@3 0.974693	H@5 0.980828	H@10 0.990031
INFO:meta-cli.py:Epoch 75/100	test results	MRR 0.936671	H@1 0.893343	H@3 0.978820	H@5 0.986384	H@10 0.993192
INFO:meta-cli.py:Epoch 76/100	Loss 5.5021 ± 0.1458
INFO:meta-cli.py:Epoch 77/100	Loss 5.4923 ± 0.1334
INFO:meta-cli.py:Epoch 78/100	Loss 5.4960 ± 0.1429
INFO:meta-cli.py:Epoch 78/100	dev results	MRR 0.946813	H@1 0.916411	H@3 0.973160	H@5 0.980828	H@10 0.989264
INFO:meta-cli.py:Epoch 78/100	test results	MRR 0.933312	H@1 0.887292	H@3 0.978064	H@5 0.986384	H@10 0.993192
INFO:meta-cli.py:Epoch 79/100	Loss 5.4928 ± 0.0958
INFO:meta-cli.py:Epoch 80/100	Loss 5.4920 ± 0.1197
INFO:meta-cli.py:Epoch 81/100	Loss 5.4932 ± 0.1199
INFO:meta-cli.py:Epoch 81/100	dev results	MRR 0.946890	H@1 0.916411	H@3 0.973160	H@5 0.983129	H@10 0.989264
INFO:meta-cli.py:Epoch 81/100	test results	MRR 0.935816	H@1 0.891074	H@3 0.978820	H@5 0.987897	H@10 0.993192
INFO:meta-cli.py:Epoch 82/100	Loss 5.4777 ± 0.1439
INFO:meta-cli.py:Epoch 83/100	Loss 5.4898 ± 0.1159
INFO:meta-cli.py:Epoch 84/100	Loss 5.4853 ± 0.1263
INFO:meta-cli.py:Epoch 84/100	dev results	MRR 0.947654	H@1 0.917945	H@3 0.972393	H@5 0.982362	H@10 0.989264
INFO:meta-cli.py:Epoch 84/100	test results	MRR 0.936327	H@1 0.894100	H@3 0.976551	H@5 0.987141	H@10 0.992436
INFO:meta-cli.py:Epoch 85/100	Loss 5.4898 ± 0.1422
INFO:meta-cli.py:Epoch 86/100	Loss 5.4897 ± 0.1546
INFO:meta-cli.py:Epoch 87/100	Loss 5.4829 ± 0.1315
INFO:meta-cli.py:Epoch 87/100	dev results	MRR 0.949007	H@1 0.921012	H@3 0.971626	H@5 0.982362	H@10 0.989264
INFO:meta-cli.py:Epoch 87/100	test results	MRR 0.937479	H@1 0.895613	H@3 0.976551	H@5 0.986384	H@10 0.993192
INFO:meta-cli.py:Epoch 88/100	Loss 5.4818 ± 0.1108
INFO:meta-cli.py:Epoch 89/100	Loss 5.4775 ± 0.1108
INFO:meta-cli.py:Epoch 90/100	Loss 5.4828 ± 0.1410
INFO:meta-cli.py:Epoch 90/100	dev results	MRR 0.948495	H@1 0.920245	H@3 0.972393	H@5 0.982362	H@10 0.988497
INFO:meta-cli.py:Epoch 90/100	test results	MRR 0.937017	H@1 0.895613	H@3 0.976551	H@5 0.986384	H@10 0.993192
INFO:meta-cli.py:Epoch 91/100	Loss 5.4833 ± 0.1268
INFO:meta-cli.py:Epoch 92/100	Loss 5.4818 ± 0.1437
INFO:meta-cli.py:Epoch 93/100	Loss 5.4688 ± 0.1252
INFO:meta-cli.py:Epoch 93/100	dev results	MRR 0.948194	H@1 0.919479	H@3 0.972393	H@5 0.982362	H@10 0.988497
INFO:meta-cli.py:Epoch 93/100	test results	MRR 0.936123	H@1 0.893343	H@3 0.977307	H@5 0.986384	H@10 0.993192
INFO:meta-cli.py:Epoch 94/100	Loss 5.4791 ± 0.1226
INFO:meta-cli.py:Epoch 95/100	Loss 5.4767 ± 0.1313
INFO:meta-cli.py:Epoch 96/100	Loss 5.4658 ± 0.1321
INFO:meta-cli.py:Epoch 96/100	dev results	MRR 0.947457	H@1 0.917945	H@3 0.972393	H@5 0.983129	H@10 0.988497
INFO:meta-cli.py:Epoch 96/100	test results	MRR 0.934769	H@1 0.891831	H@3 0.975038	H@5 0.985628	H@10 0.993192
INFO:meta-cli.py:Epoch 97/100	Loss 5.4745 ± 0.1414
INFO:meta-cli.py:Epoch 98/100	Loss 5.4751 ± 0.1558
INFO:meta-cli.py:Epoch 99/100	Loss 5.4700 ± 0.1165
INFO:meta-cli.py:Epoch 99/100	dev results	MRR 0.946602	H@1 0.916411	H@3 0.972393	H@5 0.981595	H@10 0.989264
INFO:meta-cli.py:Epoch 99/100	test results	MRR 0.935424	H@1 0.893343	H@3 0.976551	H@5 0.986384	H@10 0.993192
INFO:meta-cli.py:Epoch 100/100	Loss 5.4610 ± 0.1381
INFO:meta-cli.py:Final 	dev results	MRR 0.947743	H@1 0.918712	H@3 0.972393	H@5 0.981595	H@10 0.988497
INFO:meta-cli.py:Final 	test results	MRR 0.936496	H@1 0.895613	H@3 0.975794	H@5 0.985628	H@10 0.993192
INFO:meta-cli.py:Training finished
