./bin/meta-cli.py --train data/kinship/train.tsv --dev data/kinship/dev.tsv --test data/kinship/test.tsv -m complex -k 10 -b 100 -e 100 --F2 0.005 --N3 0 -l 0.1 -I standard -V 3 -o adagrad -q
{'F2': 0.005,
 'N3': 0.0,
 'batch_size': 100,
 'dev': 'data/kinship/dev.tsv',
 'embedding_size': 10,
 'epochs': 100,
 'eval_batch_size': None,
 'input_type': 'standard',
 'learning_rate': 0.1,
 'load': None,
 'model': 'complex',
 'optimizer': 'adagrad',
 'quiet': True,
 'save': None,
 'seed': 0,
 'test': 'data/kinship/test.tsv',
 'test_i': None,
 'test_ii': None,
 'train': 'data/kinship/train.tsv',
 'validate_every': 3}
INFO:meta-cli.py:Device: cpu
INFO:meta-cli.py:Model state:
INFO:meta-cli.py:	entities.weight	torch.Size([104, 20])
INFO:meta-cli.py:	predicates.weight	torch.Size([25, 20])
INFO:meta-cli.py:Epoch 1/100	Loss 7.8333 ± 1.1668
INFO:meta-cli.py:Epoch 2/100	Loss 6.2119 ± 0.1745
INFO:meta-cli.py:Epoch 3/100	Loss 5.9668 ± 0.1566
INFO:meta-cli.py:Epoch 3/100	dev results	MRR 0.665320	H@1 0.529963	H@3 0.750936	H@5 0.836142	H@10 0.934457
INFO:meta-cli.py:Epoch 3/100	test results	MRR 0.664471	H@1 0.525140	H@3 0.762104	H@5 0.846369	H@10 0.932961
INFO:meta-cli.py:Epoch 4/100	Loss 5.8267 ± 0.1564
INFO:meta-cli.py:Epoch 5/100	Loss 5.7512 ± 0.1700
INFO:meta-cli.py:Epoch 6/100	Loss 5.7016 ± 0.1494
INFO:meta-cli.py:Epoch 6/100	dev results	MRR 0.706742	H@1 0.578652	H@3 0.795880	H@5 0.871723	H@10 0.952247
INFO:meta-cli.py:Epoch 6/100	test results	MRR 0.704029	H@1 0.572160	H@3 0.799348	H@5 0.878492	H@10 0.952980
INFO:meta-cli.py:Epoch 7/100	Loss 5.6623 ± 0.1855
INFO:meta-cli.py:Epoch 8/100	Loss 5.6395 ± 0.1945
INFO:meta-cli.py:Epoch 9/100	Loss 5.6133 ± 0.1627
INFO:meta-cli.py:Epoch 9/100	dev results	MRR 0.719107	H@1 0.591292	H@3 0.811330	H@5 0.884831	H@10 0.953184
INFO:meta-cli.py:Epoch 9/100	test results	MRR 0.724230	H@1 0.598231	H@3 0.814711	H@5 0.896648	H@10 0.956704
INFO:meta-cli.py:Epoch 10/100	Loss 5.5956 ± 0.1678
INFO:meta-cli.py:Epoch 11/100	Loss 5.5797 ± 0.1630
INFO:meta-cli.py:Epoch 12/100	Loss 5.5652 ± 0.1504
INFO:meta-cli.py:Epoch 12/100	dev results	MRR 0.727160	H@1 0.600187	H@3 0.820693	H@5 0.890449	H@10 0.960206
INFO:meta-cli.py:Epoch 12/100	test results	MRR 0.734071	H@1 0.608939	H@3 0.829609	H@5 0.907821	H@10 0.956238
INFO:meta-cli.py:Epoch 13/100	Loss 5.5546 ± 0.1949
INFO:meta-cli.py:Epoch 14/100	Loss 5.5446 ± 0.1769
INFO:meta-cli.py:Epoch 15/100	Loss 5.5335 ± 0.1631
INFO:meta-cli.py:Epoch 15/100	dev results	MRR 0.731697	H@1 0.602528	H@3 0.826779	H@5 0.898408	H@10 0.963483
INFO:meta-cli.py:Epoch 15/100	test results	MRR 0.739519	H@1 0.614060	H@3 0.840317	H@5 0.909683	H@10 0.957635
INFO:meta-cli.py:Epoch 16/100	Loss 5.5282 ± 0.1948
INFO:meta-cli.py:Epoch 17/100	Loss 5.5203 ± 0.1865
INFO:meta-cli.py:Epoch 18/100	Loss 5.5136 ± 0.1554
INFO:meta-cli.py:Epoch 18/100	dev results	MRR 0.735181	H@1 0.607678	H@3 0.832865	H@5 0.901217	H@10 0.965356
INFO:meta-cli.py:Epoch 18/100	test results	MRR 0.744952	H@1 0.620112	H@3 0.845438	H@5 0.912942	H@10 0.959963
INFO:meta-cli.py:Epoch 19/100	Loss 5.5076 ± 0.1758
INFO:meta-cli.py:Epoch 20/100	Loss 5.5009 ± 0.1728
INFO:meta-cli.py:Epoch 21/100	Loss 5.4972 ± 0.1854
INFO:meta-cli.py:Epoch 21/100	dev results	MRR 0.739863	H@1 0.613296	H@3 0.838015	H@5 0.904494	H@10 0.965824
INFO:meta-cli.py:Epoch 21/100	test results	MRR 0.748532	H@1 0.623836	H@3 0.848231	H@5 0.915270	H@10 0.959497
INFO:meta-cli.py:Epoch 22/100	Loss 5.4893 ± 0.1858
INFO:meta-cli.py:Epoch 23/100	Loss 5.4876 ± 0.1852
INFO:meta-cli.py:Epoch 24/100	Loss 5.4838 ± 0.1720
INFO:meta-cli.py:Epoch 24/100	dev results	MRR 0.742088	H@1 0.616573	H@3 0.839888	H@5 0.905899	H@10 0.967697
INFO:meta-cli.py:Epoch 24/100	test results	MRR 0.750794	H@1 0.627561	H@3 0.850093	H@5 0.916201	H@10 0.959963
INFO:meta-cli.py:Epoch 25/100	Loss 5.4772 ± 0.1936
INFO:meta-cli.py:Epoch 26/100	Loss 5.4717 ± 0.1790
INFO:meta-cli.py:Epoch 27/100	Loss 5.4751 ± 0.1780
INFO:meta-cli.py:Epoch 27/100	dev results	MRR 0.743561	H@1 0.617041	H@3 0.843633	H@5 0.908708	H@10 0.968165
INFO:meta-cli.py:Epoch 27/100	test results	MRR 0.753788	H@1 0.632216	H@3 0.851490	H@5 0.916667	H@10 0.962756
INFO:meta-cli.py:Epoch 28/100	Loss 5.4687 ± 0.2104
INFO:meta-cli.py:Epoch 29/100	Loss 5.4655 ± 0.1946
INFO:meta-cli.py:Epoch 30/100	Loss 5.4662 ± 0.2273
INFO:meta-cli.py:Epoch 30/100	dev results	MRR 0.745641	H@1 0.618446	H@3 0.847378	H@5 0.911049	H@10 0.969569
INFO:meta-cli.py:Epoch 30/100	test results	MRR 0.755637	H@1 0.635009	H@3 0.854283	H@5 0.916667	H@10 0.964153
INFO:meta-cli.py:Epoch 31/100	Loss 5.4579 ± 0.1961
INFO:meta-cli.py:Epoch 32/100	Loss 5.4550 ± 0.1700
INFO:meta-cli.py:Epoch 33/100	Loss 5.4530 ± 0.1741
INFO:meta-cli.py:Epoch 33/100	dev results	MRR 0.747510	H@1 0.622191	H@3 0.849251	H@5 0.909176	H@10 0.969569
INFO:meta-cli.py:Epoch 33/100	test results	MRR 0.757960	H@1 0.638268	H@3 0.853352	H@5 0.916667	H@10 0.964618
INFO:meta-cli.py:Epoch 34/100	Loss 5.4517 ± 0.2031
INFO:meta-cli.py:Epoch 35/100	Loss 5.4485 ± 0.1815
INFO:meta-cli.py:Epoch 36/100	Loss 5.4455 ± 0.1871
INFO:meta-cli.py:Epoch 36/100	dev results	MRR 0.751083	H@1 0.628277	H@3 0.851592	H@5 0.913390	H@10 0.970506
INFO:meta-cli.py:Epoch 36/100	test results	MRR 0.758147	H@1 0.637803	H@3 0.852421	H@5 0.918529	H@10 0.965549
INFO:meta-cli.py:Epoch 37/100	Loss 5.4458 ± 0.1864
INFO:meta-cli.py:Epoch 38/100	Loss 5.4432 ± 0.1693
INFO:meta-cli.py:Epoch 39/100	Loss 5.4369 ± 0.1973
INFO:meta-cli.py:Epoch 39/100	dev results	MRR 0.753002	H@1 0.630150	H@3 0.851124	H@5 0.914794	H@10 0.970506
INFO:meta-cli.py:Epoch 39/100	test results	MRR 0.761866	H@1 0.645251	H@3 0.849162	H@5 0.918994	H@10 0.966480
INFO:meta-cli.py:Epoch 40/100	Loss 5.4350 ± 0.2142
INFO:meta-cli.py:Epoch 41/100	Loss 5.4355 ± 0.1701
INFO:meta-cli.py:Epoch 42/100	Loss 5.4317 ± 0.1674
INFO:meta-cli.py:Epoch 42/100	dev results	MRR 0.753204	H@1 0.629682	H@3 0.852528	H@5 0.914794	H@10 0.970037
INFO:meta-cli.py:Epoch 42/100	test results	MRR 0.762021	H@1 0.645251	H@3 0.850093	H@5 0.917598	H@10 0.966946
INFO:meta-cli.py:Epoch 43/100	Loss 5.4298 ± 0.1825
INFO:meta-cli.py:Epoch 44/100	Loss 5.4310 ± 0.1990
INFO:meta-cli.py:Epoch 45/100	Loss 5.4307 ± 0.1736
INFO:meta-cli.py:Epoch 45/100	dev results	MRR 0.753833	H@1 0.630150	H@3 0.852060	H@5 0.916199	H@10 0.970506
INFO:meta-cli.py:Epoch 45/100	test results	MRR 0.763014	H@1 0.647114	H@3 0.850559	H@5 0.917598	H@10 0.967412
INFO:meta-cli.py:Epoch 46/100	Loss 5.4256 ± 0.2006
INFO:meta-cli.py:Epoch 47/100	Loss 5.4252 ± 0.2055
INFO:meta-cli.py:Epoch 48/100	Loss 5.4226 ± 0.2010
INFO:meta-cli.py:Epoch 48/100	dev results	MRR 0.756142	H@1 0.632491	H@3 0.855337	H@5 0.918539	H@10 0.970506
INFO:meta-cli.py:Epoch 48/100	test results	MRR 0.763181	H@1 0.645251	H@3 0.852421	H@5 0.918994	H@10 0.966015
INFO:meta-cli.py:Epoch 49/100	Loss 5.4229 ± 0.2024
INFO:meta-cli.py:Epoch 50/100	Loss 5.4224 ± 0.1638
INFO:meta-cli.py:Epoch 51/100	Loss 5.4190 ± 0.1797
INFO:meta-cli.py:Epoch 51/100	dev results	MRR 0.758474	H@1 0.637640	H@3 0.855337	H@5 0.919007	H@10 0.970506
INFO:meta-cli.py:Epoch 51/100	test results	MRR 0.762674	H@1 0.644786	H@3 0.851955	H@5 0.919926	H@10 0.966480
INFO:meta-cli.py:Epoch 52/100	Loss 5.4188 ± 0.1606
INFO:meta-cli.py:Epoch 53/100	Loss 5.4203 ± 0.2016
INFO:meta-cli.py:Epoch 54/100	Loss 5.4160 ± 0.1803
INFO:meta-cli.py:Epoch 54/100	dev results	MRR 0.758455	H@1 0.636704	H@3 0.858146	H@5 0.920880	H@10 0.969569
INFO:meta-cli.py:Epoch 54/100	test results	MRR 0.764305	H@1 0.646648	H@3 0.855680	H@5 0.920391	H@10 0.967412
INFO:meta-cli.py:Epoch 55/100	Loss 5.4165 ± 0.1776
INFO:meta-cli.py:Epoch 56/100	Loss 5.4130 ± 0.1967
INFO:meta-cli.py:Epoch 57/100	Loss 5.4140 ± 0.1748
INFO:meta-cli.py:Epoch 57/100	dev results	MRR 0.760203	H@1 0.639513	H@3 0.859551	H@5 0.920880	H@10 0.970037
INFO:meta-cli.py:Epoch 57/100	test results	MRR 0.765744	H@1 0.648976	H@3 0.858473	H@5 0.920857	H@10 0.967412
INFO:meta-cli.py:Epoch 58/100	Loss 5.4092 ± 0.1887
INFO:meta-cli.py:Epoch 59/100	Loss 5.4122 ± 0.1782
INFO:meta-cli.py:Epoch 60/100	Loss 5.4092 ± 0.1685
INFO:meta-cli.py:Epoch 60/100	dev results	MRR 0.762478	H@1 0.643727	H@3 0.861891	H@5 0.920880	H@10 0.968633
INFO:meta-cli.py:Epoch 60/100	test results	MRR 0.766891	H@1 0.650838	H@3 0.859870	H@5 0.922719	H@10 0.967877
INFO:meta-cli.py:Epoch 61/100	Loss 5.4116 ± 0.1692
INFO:meta-cli.py:Epoch 62/100	Loss 5.4086 ± 0.1590
INFO:meta-cli.py:Epoch 63/100	Loss 5.4109 ± 0.1708
INFO:meta-cli.py:Epoch 63/100	dev results	MRR 0.762643	H@1 0.643258	H@3 0.863764	H@5 0.919944	H@10 0.969101
INFO:meta-cli.py:Epoch 63/100	test results	MRR 0.769421	H@1 0.655028	H@3 0.858939	H@5 0.923184	H@10 0.966946
INFO:meta-cli.py:Epoch 64/100	Loss 5.4073 ± 0.1682
INFO:meta-cli.py:Epoch 65/100	Loss 5.4047 ± 0.1703
INFO:meta-cli.py:Epoch 66/100	Loss 5.4031 ± 0.1713
INFO:meta-cli.py:Epoch 66/100	dev results	MRR 0.763079	H@1 0.643727	H@3 0.861423	H@5 0.919944	H@10 0.969101
INFO:meta-cli.py:Epoch 66/100	test results	MRR 0.769879	H@1 0.655493	H@3 0.862197	H@5 0.922719	H@10 0.968343
INFO:meta-cli.py:Epoch 67/100	Loss 5.4011 ± 0.1895
INFO:meta-cli.py:Epoch 68/100	Loss 5.4048 ± 0.1906
INFO:meta-cli.py:Epoch 69/100	Loss 5.4001 ± 0.1575
INFO:meta-cli.py:Epoch 69/100	dev results	MRR 0.762043	H@1 0.641854	H@3 0.862828	H@5 0.918071	H@10 0.969101
INFO:meta-cli.py:Epoch 69/100	test results	MRR 0.768957	H@1 0.652700	H@3 0.861732	H@5 0.921788	H@10 0.969739
INFO:meta-cli.py:Epoch 70/100	Loss 5.4008 ± 0.1604
INFO:meta-cli.py:Epoch 71/100	Loss 5.4019 ± 0.1847
INFO:meta-cli.py:Epoch 72/100	Loss 5.4005 ± 0.1701
INFO:meta-cli.py:Epoch 72/100	dev results	MRR 0.763969	H@1 0.643727	H@3 0.866105	H@5 0.919944	H@10 0.969101
INFO:meta-cli.py:Epoch 72/100	test results	MRR 0.767919	H@1 0.650838	H@3 0.863128	H@5 0.923650	H@10 0.969739
INFO:meta-cli.py:Epoch 73/100	Loss 5.3990 ± 0.1588
INFO:meta-cli.py:Epoch 74/100	Loss 5.3987 ± 0.2008
INFO:meta-cli.py:Epoch 75/100	Loss 5.3975 ± 0.1841
INFO:meta-cli.py:Epoch 75/100	dev results	MRR 0.764582	H@1 0.645131	H@3 0.864232	H@5 0.920880	H@10 0.969569
INFO:meta-cli.py:Epoch 75/100	test results	MRR 0.769185	H@1 0.651769	H@3 0.864525	H@5 0.922719	H@10 0.970205
INFO:meta-cli.py:Epoch 76/100	Loss 5.3969 ± 0.1825
INFO:meta-cli.py:Epoch 77/100	Loss 5.3975 ± 0.2247
INFO:meta-cli.py:Epoch 78/100	Loss 5.3950 ± 0.1865
INFO:meta-cli.py:Epoch 78/100	dev results	MRR 0.763784	H@1 0.642790	H@3 0.867041	H@5 0.919007	H@10 0.969101
INFO:meta-cli.py:Epoch 78/100	test results	MRR 0.770944	H@1 0.655028	H@3 0.865456	H@5 0.923650	H@10 0.971136
INFO:meta-cli.py:Epoch 79/100	Loss 5.3967 ± 0.1608
INFO:meta-cli.py:Epoch 80/100	Loss 5.3943 ± 0.1961
INFO:meta-cli.py:Epoch 81/100	Loss 5.3987 ± 0.1797
INFO:meta-cli.py:Epoch 81/100	dev results	MRR 0.764559	H@1 0.644195	H@3 0.866573	H@5 0.919476	H@10 0.969101
INFO:meta-cli.py:Epoch 81/100	test results	MRR 0.769558	H@1 0.651304	H@3 0.867784	H@5 0.922719	H@10 0.971136
INFO:meta-cli.py:Epoch 82/100	Loss 5.3953 ± 0.1870
INFO:meta-cli.py:Epoch 83/100	Loss 5.3946 ± 0.1545
INFO:meta-cli.py:Epoch 84/100	Loss 5.3955 ± 0.2027
INFO:meta-cli.py:Epoch 84/100	dev results	MRR 0.763690	H@1 0.642322	H@3 0.865169	H@5 0.920412	H@10 0.969101
INFO:meta-cli.py:Epoch 84/100	test results	MRR 0.771875	H@1 0.656890	H@3 0.864991	H@5 0.921322	H@10 0.971136
INFO:meta-cli.py:Epoch 85/100	Loss 5.3940 ± 0.1725
INFO:meta-cli.py:Epoch 86/100	Loss 5.3925 ± 0.2007
INFO:meta-cli.py:Epoch 87/100	Loss 5.3902 ± 0.1916
INFO:meta-cli.py:Epoch 87/100	dev results	MRR 0.765249	H@1 0.644195	H@3 0.865637	H@5 0.922285	H@10 0.970037
INFO:meta-cli.py:Epoch 87/100	test results	MRR 0.772675	H@1 0.658287	H@3 0.866387	H@5 0.921322	H@10 0.971136
INFO:meta-cli.py:Epoch 88/100	Loss 5.3960 ± 0.1761
INFO:meta-cli.py:Epoch 89/100	Loss 5.3902 ± 0.1854
INFO:meta-cli.py:Epoch 90/100	Loss 5.3893 ± 0.1752
INFO:meta-cli.py:Epoch 90/100	dev results	MRR 0.765556	H@1 0.645131	H@3 0.866105	H@5 0.921816	H@10 0.970037
INFO:meta-cli.py:Epoch 90/100	test results	MRR 0.772681	H@1 0.658752	H@3 0.867318	H@5 0.922253	H@10 0.971136
INFO:meta-cli.py:Epoch 91/100	Loss 5.3876 ± 0.2214
INFO:meta-cli.py:Epoch 92/100	Loss 5.3886 ± 0.1772
INFO:meta-cli.py:Epoch 93/100	Loss 5.3905 ± 0.1825
INFO:meta-cli.py:Epoch 93/100	dev results	MRR 0.765590	H@1 0.645599	H@3 0.866105	H@5 0.920880	H@10 0.969569
INFO:meta-cli.py:Epoch 93/100	test results	MRR 0.772897	H@1 0.659218	H@3 0.866853	H@5 0.922253	H@10 0.970670
INFO:meta-cli.py:Epoch 94/100	Loss 5.3901 ± 0.1833
INFO:meta-cli.py:Epoch 95/100	Loss 5.3872 ± 0.1973
INFO:meta-cli.py:Epoch 96/100	Loss 5.3903 ± 0.1765
INFO:meta-cli.py:Epoch 96/100	dev results	MRR 0.766957	H@1 0.647940	H@3 0.866573	H@5 0.921816	H@10 0.969569
INFO:meta-cli.py:Epoch 96/100	test results	MRR 0.771021	H@1 0.655028	H@3 0.867318	H@5 0.921788	H@10 0.972067
INFO:meta-cli.py:Epoch 97/100	Loss 5.3875 ± 0.1805
INFO:meta-cli.py:Epoch 98/100	Loss 5.3890 ± 0.1645
INFO:meta-cli.py:Epoch 99/100	Loss 5.3845 ± 0.1597
INFO:meta-cli.py:Epoch 99/100	dev results	MRR 0.766172	H@1 0.645131	H@3 0.868446	H@5 0.922285	H@10 0.970037
INFO:meta-cli.py:Epoch 99/100	test results	MRR 0.773390	H@1 0.658752	H@3 0.867318	H@5 0.922719	H@10 0.972067
INFO:meta-cli.py:Epoch 100/100	Loss 5.3897 ± 0.1853
INFO:meta-cli.py:Final 	dev results	MRR 0.764725	H@1 0.642790	H@3 0.866573	H@5 0.923689	H@10 0.970037
INFO:meta-cli.py:Final 	test results	MRR 0.772152	H@1 0.656425	H@3 0.868250	H@5 0.923184	H@10 0.972533
INFO:meta-cli.py:Training finished
