./bin/meta-cli.py --train data/nations/train.tsv --dev data/nations/dev.tsv --test data/nations/test.tsv -m complex -k 10 -b 100 -e 100 --F2 0.005 --N3 0 -l 0.1 -I standard -V 3 -o adagrad -q
{'F2': 0.005,
 'N3': 0.0,
 'batch_size': 100,
 'dev': 'data/nations/dev.tsv',
 'embedding_size': 10,
 'epochs': 100,
 'eval_batch_size': None,
 'input_type': 'standard',
 'learning_rate': 0.1,
 'load': None,
 'model': 'complex',
 'optimizer': 'adagrad',
 'quiet': True,
 'save': None,
 'seed': 0,
 'test': 'data/nations/test.tsv',
 'test_i': None,
 'test_ii': None,
 'train': 'data/nations/train.tsv',
 'validate_every': 3}
INFO:meta-cli.py:Device: cpu
INFO:meta-cli.py:Model state:
INFO:meta-cli.py:	entities.weight	torch.Size([14, 20])
INFO:meta-cli.py:	predicates.weight	torch.Size([55, 20])
INFO:meta-cli.py:Epoch 1/100	Loss 5.2853 ± 0.0044
INFO:meta-cli.py:Epoch 2/100	Loss 5.1651 ± 0.0724
INFO:meta-cli.py:Epoch 3/100	Loss 4.8751 ± 0.0880
INFO:meta-cli.py:Epoch 3/100	dev results	MRR 0.658326	H@1 0.494975	H@3 0.776382	H@5 0.876884	H@10 0.987437
INFO:meta-cli.py:Epoch 3/100	test results	MRR 0.681060	H@1 0.529851	H@3 0.778607	H@5 0.883085	H@10 0.982587
INFO:meta-cli.py:Epoch 4/100	Loss 4.6873 ± 0.1119
INFO:meta-cli.py:Epoch 5/100	Loss 4.5609 ± 0.1238
INFO:meta-cli.py:Epoch 6/100	Loss 4.4741 ± 0.0787
INFO:meta-cli.py:Epoch 6/100	dev results	MRR 0.700605	H@1 0.555276	H@3 0.809045	H@5 0.894472	H@10 0.984925
INFO:meta-cli.py:Epoch 6/100	test results	MRR 0.709563	H@1 0.567164	H@3 0.810945	H@5 0.910448	H@10 0.985075
INFO:meta-cli.py:Epoch 7/100	Loss 4.4086 ± 0.1223
INFO:meta-cli.py:Epoch 8/100	Loss 4.3546 ± 0.1219
INFO:meta-cli.py:Epoch 9/100	Loss 4.3151 ± 0.1413
INFO:meta-cli.py:Epoch 9/100	dev results	MRR 0.700876	H@1 0.552764	H@3 0.809045	H@5 0.899497	H@10 0.982412
INFO:meta-cli.py:Epoch 9/100	test results	MRR 0.694638	H@1 0.537313	H@3 0.815920	H@5 0.905473	H@10 0.982587
INFO:meta-cli.py:Epoch 10/100	Loss 4.2841 ± 0.1582
INFO:meta-cli.py:Epoch 11/100	Loss 4.2586 ± 0.1367
INFO:meta-cli.py:Epoch 12/100	Loss 4.2366 ± 0.1067
INFO:meta-cli.py:Epoch 12/100	dev results	MRR 0.699036	H@1 0.552764	H@3 0.798995	H@5 0.899497	H@10 0.982412
INFO:meta-cli.py:Epoch 12/100	test results	MRR 0.697608	H@1 0.539801	H@3 0.823383	H@5 0.912935	H@10 0.982587
INFO:meta-cli.py:Epoch 13/100	Loss 4.2171 ± 0.1196
INFO:meta-cli.py:Epoch 14/100	Loss 4.2041 ± 0.1339
INFO:meta-cli.py:Epoch 15/100	Loss 4.1885 ± 0.1547
INFO:meta-cli.py:Epoch 15/100	dev results	MRR 0.700988	H@1 0.552764	H@3 0.798995	H@5 0.909548	H@10 0.982412
INFO:meta-cli.py:Epoch 15/100	test results	MRR 0.698593	H@1 0.539801	H@3 0.830846	H@5 0.902985	H@10 0.985075
INFO:meta-cli.py:Epoch 16/100	Loss 4.1771 ± 0.1410
INFO:meta-cli.py:Epoch 17/100	Loss 4.1671 ± 0.1368
INFO:meta-cli.py:Epoch 18/100	Loss 4.1573 ± 0.1218
INFO:meta-cli.py:Epoch 18/100	dev results	MRR 0.698184	H@1 0.550251	H@3 0.793970	H@5 0.912060	H@10 0.984925
INFO:meta-cli.py:Epoch 18/100	test results	MRR 0.699151	H@1 0.542289	H@3 0.830846	H@5 0.907960	H@10 0.985075
INFO:meta-cli.py:Epoch 19/100	Loss 4.1484 ± 0.1459
INFO:meta-cli.py:Epoch 20/100	Loss 4.1408 ± 0.1476
INFO:meta-cli.py:Epoch 21/100	Loss 4.1352 ± 0.1263
INFO:meta-cli.py:Epoch 21/100	dev results	MRR 0.698520	H@1 0.550251	H@3 0.793970	H@5 0.914573	H@10 0.987437
INFO:meta-cli.py:Epoch 21/100	test results	MRR 0.699462	H@1 0.542289	H@3 0.823383	H@5 0.910448	H@10 0.985075
INFO:meta-cli.py:Epoch 22/100	Loss 4.1264 ± 0.1587
INFO:meta-cli.py:Epoch 23/100	Loss 4.1212 ± 0.0942
INFO:meta-cli.py:Epoch 24/100	Loss 4.1151 ± 0.1140
INFO:meta-cli.py:Epoch 24/100	dev results	MRR 0.697592	H@1 0.547739	H@3 0.796482	H@5 0.917085	H@10 0.989950
INFO:meta-cli.py:Epoch 24/100	test results	MRR 0.699356	H@1 0.542289	H@3 0.825871	H@5 0.912935	H@10 0.982587
INFO:meta-cli.py:Epoch 25/100	Loss 4.1100 ± 0.1369
INFO:meta-cli.py:Epoch 26/100	Loss 4.1048 ± 0.1417
INFO:meta-cli.py:Epoch 27/100	Loss 4.1006 ± 0.1249
INFO:meta-cli.py:Epoch 27/100	dev results	MRR 0.697508	H@1 0.550251	H@3 0.788945	H@5 0.919598	H@10 0.989950
INFO:meta-cli.py:Epoch 27/100	test results	MRR 0.701549	H@1 0.547264	H@3 0.823383	H@5 0.912935	H@10 0.982587
INFO:meta-cli.py:Epoch 28/100	Loss 4.0963 ± 0.1234
INFO:meta-cli.py:Epoch 29/100	Loss 4.0906 ± 0.1094
INFO:meta-cli.py:Epoch 30/100	Loss 4.0863 ± 0.1317
INFO:meta-cli.py:Epoch 30/100	dev results	MRR 0.694468	H@1 0.545226	H@3 0.791457	H@5 0.917085	H@10 0.989950
INFO:meta-cli.py:Epoch 30/100	test results	MRR 0.703517	H@1 0.552239	H@3 0.820896	H@5 0.910448	H@10 0.985075
INFO:meta-cli.py:Epoch 31/100	Loss 4.0839 ± 0.1219
INFO:meta-cli.py:Epoch 32/100	Loss 4.0801 ± 0.1173
INFO:meta-cli.py:Epoch 33/100	Loss 4.0773 ± 0.1282
INFO:meta-cli.py:Epoch 33/100	dev results	MRR 0.692360	H@1 0.545226	H@3 0.783920	H@5 0.912060	H@10 0.989950
INFO:meta-cli.py:Epoch 33/100	test results	MRR 0.704249	H@1 0.552239	H@3 0.823383	H@5 0.912935	H@10 0.985075
INFO:meta-cli.py:Epoch 34/100	Loss 4.0723 ± 0.1502
INFO:meta-cli.py:Epoch 35/100	Loss 4.0704 ± 0.1132
INFO:meta-cli.py:Epoch 36/100	Loss 4.0671 ± 0.1214
INFO:meta-cli.py:Epoch 36/100	dev results	MRR 0.696034	H@1 0.552764	H@3 0.776382	H@5 0.909548	H@10 0.989950
INFO:meta-cli.py:Epoch 36/100	test results	MRR 0.704594	H@1 0.552239	H@3 0.823383	H@5 0.912935	H@10 0.985075
INFO:meta-cli.py:Epoch 37/100	Loss 4.0652 ± 0.1263
INFO:meta-cli.py:Epoch 38/100	Loss 4.0630 ± 0.1033
INFO:meta-cli.py:Epoch 39/100	Loss 4.0576 ± 0.0940
INFO:meta-cli.py:Epoch 39/100	dev results	MRR 0.696556	H@1 0.552764	H@3 0.781407	H@5 0.912060	H@10 0.989950
INFO:meta-cli.py:Epoch 39/100	test results	MRR 0.704177	H@1 0.549751	H@3 0.825871	H@5 0.915423	H@10 0.985075
INFO:meta-cli.py:Epoch 40/100	Loss 4.0564 ± 0.1613
INFO:meta-cli.py:Epoch 41/100	Loss 4.0550 ± 0.1320
INFO:meta-cli.py:Epoch 42/100	Loss 4.0533 ± 0.1352
INFO:meta-cli.py:Epoch 42/100	dev results	MRR 0.698637	H@1 0.555276	H@3 0.783920	H@5 0.912060	H@10 0.989950
INFO:meta-cli.py:Epoch 42/100	test results	MRR 0.706317	H@1 0.554726	H@3 0.820896	H@5 0.917910	H@10 0.985075
INFO:meta-cli.py:Epoch 43/100	Loss 4.0511 ± 0.1789
INFO:meta-cli.py:Epoch 44/100	Loss 4.0471 ± 0.1740
INFO:meta-cli.py:Epoch 45/100	Loss 4.0453 ± 0.1501
INFO:meta-cli.py:Epoch 45/100	dev results	MRR 0.700010	H@1 0.555276	H@3 0.793970	H@5 0.909548	H@10 0.987437
INFO:meta-cli.py:Epoch 45/100	test results	MRR 0.709287	H@1 0.562189	H@3 0.820896	H@5 0.917910	H@10 0.985075
INFO:meta-cli.py:Epoch 46/100	Loss 4.0438 ± 0.1485
INFO:meta-cli.py:Epoch 47/100	Loss 4.0413 ± 0.1748
INFO:meta-cli.py:Epoch 48/100	Loss 4.0396 ± 0.1214
INFO:meta-cli.py:Epoch 48/100	dev results	MRR 0.696722	H@1 0.550251	H@3 0.791457	H@5 0.904523	H@10 0.987437
INFO:meta-cli.py:Epoch 48/100	test results	MRR 0.708979	H@1 0.562189	H@3 0.823383	H@5 0.915423	H@10 0.985075
INFO:meta-cli.py:Epoch 49/100	Loss 4.0371 ± 0.1257
INFO:meta-cli.py:Epoch 50/100	Loss 4.0356 ± 0.1265
INFO:meta-cli.py:Epoch 51/100	Loss 4.0352 ± 0.1288
INFO:meta-cli.py:Epoch 51/100	dev results	MRR 0.696431	H@1 0.550251	H@3 0.788945	H@5 0.904523	H@10 0.989950
INFO:meta-cli.py:Epoch 51/100	test results	MRR 0.707249	H@1 0.559701	H@3 0.820896	H@5 0.917910	H@10 0.985075
INFO:meta-cli.py:Epoch 52/100	Loss 4.0324 ± 0.0946
INFO:meta-cli.py:Epoch 53/100	Loss 4.0312 ± 0.0873
INFO:meta-cli.py:Epoch 54/100	Loss 4.0298 ± 0.1529
INFO:meta-cli.py:Epoch 54/100	dev results	MRR 0.694733	H@1 0.545226	H@3 0.793970	H@5 0.904523	H@10 0.987437
INFO:meta-cli.py:Epoch 54/100	test results	MRR 0.708902	H@1 0.562189	H@3 0.815920	H@5 0.917910	H@10 0.987562
INFO:meta-cli.py:Epoch 55/100	Loss 4.0287 ± 0.1366
INFO:meta-cli.py:Epoch 56/100	Loss 4.0255 ± 0.1329
INFO:meta-cli.py:Epoch 57/100	Loss 4.0255 ± 0.1396
INFO:meta-cli.py:Epoch 57/100	dev results	MRR 0.695068	H@1 0.545226	H@3 0.793970	H@5 0.902010	H@10 0.987437
INFO:meta-cli.py:Epoch 57/100	test results	MRR 0.709892	H@1 0.564677	H@3 0.818408	H@5 0.917910	H@10 0.990050
INFO:meta-cli.py:Epoch 58/100	Loss 4.0227 ± 0.1176
INFO:meta-cli.py:Epoch 59/100	Loss 4.0236 ± 0.1523
INFO:meta-cli.py:Epoch 60/100	Loss 4.0214 ± 0.1200
INFO:meta-cli.py:Epoch 60/100	dev results	MRR 0.695618	H@1 0.545226	H@3 0.793970	H@5 0.902010	H@10 0.987437
INFO:meta-cli.py:Epoch 60/100	test results	MRR 0.711454	H@1 0.567164	H@3 0.815920	H@5 0.917910	H@10 0.990050
INFO:meta-cli.py:Epoch 61/100	Loss 4.0199 ± 0.1213
INFO:meta-cli.py:Epoch 62/100	Loss 4.0176 ± 0.1933
INFO:meta-cli.py:Epoch 63/100	Loss 4.0168 ± 0.1142
INFO:meta-cli.py:Epoch 63/100	dev results	MRR 0.697195	H@1 0.547739	H@3 0.791457	H@5 0.904523	H@10 0.987437
INFO:meta-cli.py:Epoch 63/100	test results	MRR 0.713107	H@1 0.569652	H@3 0.820896	H@5 0.917910	H@10 0.992537
INFO:meta-cli.py:Epoch 64/100	Loss 4.0172 ± 0.1257
INFO:meta-cli.py:Epoch 65/100	Loss 4.0163 ± 0.1415
INFO:meta-cli.py:Epoch 66/100	Loss 4.0131 ± 0.1457
INFO:meta-cli.py:Epoch 66/100	dev results	MRR 0.696167	H@1 0.545226	H@3 0.793970	H@5 0.904523	H@10 0.987437
INFO:meta-cli.py:Epoch 66/100	test results	MRR 0.712719	H@1 0.567164	H@3 0.823383	H@5 0.917910	H@10 0.995025
INFO:meta-cli.py:Epoch 67/100	Loss 4.0108 ± 0.1540
INFO:meta-cli.py:Epoch 68/100	Loss 4.0122 ± 0.0903
INFO:meta-cli.py:Epoch 69/100	Loss 4.0087 ± 0.1062
INFO:meta-cli.py:Epoch 69/100	dev results	MRR 0.699169	H@1 0.550251	H@3 0.796482	H@5 0.904523	H@10 0.987437
INFO:meta-cli.py:Epoch 69/100	test results	MRR 0.713832	H@1 0.569652	H@3 0.823383	H@5 0.917910	H@10 0.995025
INFO:meta-cli.py:Epoch 70/100	Loss 4.0088 ± 0.0962
INFO:meta-cli.py:Epoch 71/100	Loss 4.0089 ± 0.1368
INFO:meta-cli.py:Epoch 72/100	Loss 4.0064 ± 0.1135
INFO:meta-cli.py:Epoch 72/100	dev results	MRR 0.697574	H@1 0.547739	H@3 0.796482	H@5 0.904523	H@10 0.987437
INFO:meta-cli.py:Epoch 72/100	test results	MRR 0.712671	H@1 0.567164	H@3 0.825871	H@5 0.917910	H@10 0.995025
INFO:meta-cli.py:Epoch 73/100	Loss 4.0064 ± 0.1582
INFO:meta-cli.py:Epoch 74/100	Loss 4.0071 ± 0.1498
INFO:meta-cli.py:Epoch 75/100	Loss 4.0049 ± 0.1210
INFO:meta-cli.py:Epoch 75/100	dev results	MRR 0.698719	H@1 0.550251	H@3 0.798995	H@5 0.904523	H@10 0.987437
INFO:meta-cli.py:Epoch 75/100	test results	MRR 0.712028	H@1 0.567164	H@3 0.820896	H@5 0.920398	H@10 0.995025
INFO:meta-cli.py:Epoch 76/100	Loss 4.0019 ± 0.1210
INFO:meta-cli.py:Epoch 77/100	Loss 4.0023 ± 0.1502
INFO:meta-cli.py:Epoch 78/100	Loss 4.0026 ± 0.1088
INFO:meta-cli.py:Epoch 78/100	dev results	MRR 0.699040	H@1 0.550251	H@3 0.798995	H@5 0.904523	H@10 0.987437
INFO:meta-cli.py:Epoch 78/100	test results	MRR 0.711116	H@1 0.564677	H@3 0.823383	H@5 0.920398	H@10 0.995025
INFO:meta-cli.py:Epoch 79/100	Loss 4.0011 ± 0.1124
INFO:meta-cli.py:Epoch 80/100	Loss 4.0005 ± 0.1338
INFO:meta-cli.py:Epoch 81/100	Loss 3.9993 ± 0.1243
INFO:meta-cli.py:Epoch 81/100	dev results	MRR 0.700588	H@1 0.552764	H@3 0.801508	H@5 0.902010	H@10 0.987437
INFO:meta-cli.py:Epoch 81/100	test results	MRR 0.711683	H@1 0.564677	H@3 0.825871	H@5 0.917910	H@10 0.995025
INFO:meta-cli.py:Epoch 82/100	Loss 3.9985 ± 0.1056
INFO:meta-cli.py:Epoch 83/100	Loss 3.9983 ± 0.1198
INFO:meta-cli.py:Epoch 84/100	Loss 3.9983 ± 0.1269
INFO:meta-cli.py:Epoch 84/100	dev results	MRR 0.699437	H@1 0.550251	H@3 0.804020	H@5 0.902010	H@10 0.987437
INFO:meta-cli.py:Epoch 84/100	test results	MRR 0.710936	H@1 0.564677	H@3 0.823383	H@5 0.917910	H@10 0.995025
INFO:meta-cli.py:Epoch 85/100	Loss 3.9977 ± 0.1146
INFO:meta-cli.py:Epoch 86/100	Loss 3.9951 ± 0.1466
INFO:meta-cli.py:Epoch 87/100	Loss 3.9947 ± 0.1202
INFO:meta-cli.py:Epoch 87/100	dev results	MRR 0.698839	H@1 0.550251	H@3 0.801508	H@5 0.902010	H@10 0.987437
INFO:meta-cli.py:Epoch 87/100	test results	MRR 0.709852	H@1 0.562189	H@3 0.823383	H@5 0.917910	H@10 0.995025
INFO:meta-cli.py:Epoch 88/100	Loss 3.9931 ± 0.1350
INFO:meta-cli.py:Epoch 89/100	Loss 3.9925 ± 0.1270
INFO:meta-cli.py:Epoch 90/100	Loss 3.9936 ± 0.1693
INFO:meta-cli.py:Epoch 90/100	dev results	MRR 0.699378	H@1 0.550251	H@3 0.801508	H@5 0.902010	H@10 0.987437
INFO:meta-cli.py:Epoch 90/100	test results	MRR 0.710349	H@1 0.562189	H@3 0.825871	H@5 0.917910	H@10 0.995025
INFO:meta-cli.py:Epoch 91/100	Loss 3.9917 ± 0.1371
INFO:meta-cli.py:Epoch 92/100	Loss 3.9895 ± 0.1002
INFO:meta-cli.py:Epoch 93/100	Loss 3.9907 ± 0.1393
INFO:meta-cli.py:Epoch 93/100	dev results	MRR 0.700383	H@1 0.552764	H@3 0.801508	H@5 0.902010	H@10 0.987437
INFO:meta-cli.py:Epoch 93/100	test results	MRR 0.709005	H@1 0.559701	H@3 0.828358	H@5 0.917910	H@10 0.995025
INFO:meta-cli.py:Epoch 94/100	Loss 3.9908 ± 0.1264
INFO:meta-cli.py:Epoch 95/100	Loss 3.9884 ± 0.0689
INFO:meta-cli.py:Epoch 96/100	Loss 3.9869 ± 0.1480
INFO:meta-cli.py:Epoch 96/100	dev results	MRR 0.699697	H@1 0.550251	H@3 0.801508	H@5 0.904523	H@10 0.984925
INFO:meta-cli.py:Epoch 96/100	test results	MRR 0.709336	H@1 0.559701	H@3 0.825871	H@5 0.917910	H@10 0.995025
INFO:meta-cli.py:Epoch 97/100	Loss 3.9879 ± 0.1369
INFO:meta-cli.py:Epoch 98/100	Loss 3.9879 ± 0.1528
INFO:meta-cli.py:Epoch 99/100	Loss 3.9874 ± 0.1078
INFO:meta-cli.py:Epoch 99/100	dev results	MRR 0.700870	H@1 0.552764	H@3 0.801508	H@5 0.902010	H@10 0.984925
INFO:meta-cli.py:Epoch 99/100	test results	MRR 0.711474	H@1 0.562189	H@3 0.828358	H@5 0.915423	H@10 0.995025
INFO:meta-cli.py:Epoch 100/100	Loss 3.9859 ± 0.1268
INFO:meta-cli.py:Final 	dev results	MRR 0.702000	H@1 0.555276	H@3 0.801508	H@5 0.902010	H@10 0.984925
INFO:meta-cli.py:Final 	test results	MRR 0.710231	H@1 0.559701	H@3 0.828358	H@5 0.915423	H@10 0.995025
INFO:meta-cli.py:Training finished
