./bin/meta-cli.py --train data/kinship/train.tsv --dev data/kinship/dev.tsv --test data/kinship/test.tsv -m complex -k 1000 -b 100 -e 100 --F2 0 --N3 0.05 -l 0.1 -I standard -V 3 -o adagrad -q
{'F2': 0.0,
 'N3': 0.05,
 'batch_size': 100,
 'dev': 'data/kinship/dev.tsv',
 'embedding_size': 1000,
 'epochs': 100,
 'eval_batch_size': None,
 'input_type': 'standard',
 'learning_rate': 0.1,
 'load': None,
 'model': 'complex',
 'optimizer': 'adagrad',
 'quiet': True,
 'save': None,
 'seed': 0,
 'test': 'data/kinship/test.tsv',
 'test_i': None,
 'test_ii': None,
 'train': 'data/kinship/train.tsv',
 'validate_every': 3}
INFO:meta-cli.py:Device: cpu
INFO:meta-cli.py:Model state:
INFO:meta-cli.py:	entities.weight	torch.Size([104, 2000])
INFO:meta-cli.py:	predicates.weight	torch.Size([25, 2000])
INFO:meta-cli.py:Epoch 1/100	Loss 7.9672 ± 1.2021
INFO:meta-cli.py:Epoch 2/100	Loss 6.7760 ± 0.1249
INFO:meta-cli.py:Epoch 3/100	Loss 6.6657 ± 0.1358
INFO:meta-cli.py:Epoch 3/100	dev results	MRR 0.768449	H@1 0.649813	H@3 0.869382	H@5 0.925562	H@10 0.969101
INFO:meta-cli.py:Epoch 3/100	test results	MRR 0.760317	H@1 0.637337	H@3 0.860335	H@5 0.924581	H@10 0.970205
INFO:meta-cli.py:Epoch 4/100	Loss 6.6071 ± 0.1270
INFO:meta-cli.py:Epoch 5/100	Loss 6.5747 ± 0.1314
INFO:meta-cli.py:Epoch 6/100	Loss 6.5500 ± 0.1143
INFO:meta-cli.py:Epoch 6/100	dev results	MRR 0.803704	H@1 0.701311	H@3 0.890449	H@5 0.939139	H@10 0.975187
INFO:meta-cli.py:Epoch 6/100	test results	MRR 0.805666	H@1 0.702514	H@3 0.889665	H@5 0.943203	H@10 0.975791
INFO:meta-cli.py:Epoch 7/100	Loss 6.5318 ± 0.1368
INFO:meta-cli.py:Epoch 8/100	Loss 6.5186 ± 0.1334
INFO:meta-cli.py:Epoch 9/100	Loss 6.5021 ± 0.1227
INFO:meta-cli.py:Epoch 9/100	dev results	MRR 0.820565	H@1 0.724719	H@3 0.898876	H@5 0.944288	H@10 0.974251
INFO:meta-cli.py:Epoch 9/100	test results	MRR 0.821258	H@1 0.723464	H@3 0.906425	H@5 0.945065	H@10 0.979516
INFO:meta-cli.py:Epoch 10/100	Loss 6.4924 ± 0.1255
INFO:meta-cli.py:Epoch 11/100	Loss 6.4845 ± 0.1151
INFO:meta-cli.py:Epoch 12/100	Loss 6.4742 ± 0.1140
INFO:meta-cli.py:Epoch 12/100	dev results	MRR 0.830056	H@1 0.735955	H@3 0.908240	H@5 0.948970	H@10 0.976592
INFO:meta-cli.py:Epoch 12/100	test results	MRR 0.830143	H@1 0.737430	H@3 0.912011	H@5 0.949255	H@10 0.979516
INFO:meta-cli.py:Epoch 13/100	Loss 6.4665 ± 0.1367
INFO:meta-cli.py:Epoch 14/100	Loss 6.4606 ± 0.1224
INFO:meta-cli.py:Epoch 15/100	Loss 6.4540 ± 0.1234
INFO:meta-cli.py:Epoch 15/100	dev results	MRR 0.839360	H@1 0.753277	H@3 0.912453	H@5 0.949438	H@10 0.977060
INFO:meta-cli.py:Epoch 15/100	test results	MRR 0.837647	H@1 0.750466	H@3 0.915736	H@5 0.951117	H@10 0.982775
INFO:meta-cli.py:Epoch 16/100	Loss 6.4498 ± 0.1386
INFO:meta-cli.py:Epoch 17/100	Loss 6.4439 ± 0.1352
INFO:meta-cli.py:Epoch 18/100	Loss 6.4402 ± 0.1098
INFO:meta-cli.py:Epoch 18/100	dev results	MRR 0.838587	H@1 0.749532	H@3 0.914794	H@5 0.952247	H@10 0.977060
INFO:meta-cli.py:Epoch 18/100	test results	MRR 0.839531	H@1 0.752793	H@3 0.917598	H@5 0.950652	H@10 0.980912
INFO:meta-cli.py:Epoch 19/100	Loss 6.4349 ± 0.1255
INFO:meta-cli.py:Epoch 20/100	Loss 6.4309 ± 0.1087
INFO:meta-cli.py:Epoch 21/100	Loss 6.4287 ± 0.1295
INFO:meta-cli.py:Epoch 21/100	dev results	MRR 0.842967	H@1 0.756086	H@3 0.922753	H@5 0.953652	H@10 0.977528
INFO:meta-cli.py:Epoch 21/100	test results	MRR 0.842487	H@1 0.757914	H@3 0.917132	H@5 0.955307	H@10 0.980912
INFO:meta-cli.py:Epoch 22/100	Loss 6.4234 ± 0.1267
INFO:meta-cli.py:Epoch 23/100	Loss 6.4206 ± 0.1260
INFO:meta-cli.py:Epoch 24/100	Loss 6.4185 ± 0.1097
INFO:meta-cli.py:Epoch 24/100	dev results	MRR 0.848235	H@1 0.764981	H@3 0.919944	H@5 0.955056	H@10 0.977996
INFO:meta-cli.py:Epoch 24/100	test results	MRR 0.847312	H@1 0.765363	H@3 0.917598	H@5 0.955773	H@10 0.980447
INFO:meta-cli.py:Epoch 25/100	Loss 6.4153 ± 0.1366
INFO:meta-cli.py:Epoch 26/100	Loss 6.4101 ± 0.1180
INFO:meta-cli.py:Epoch 27/100	Loss 6.4124 ± 0.1113
INFO:meta-cli.py:Epoch 27/100	dev results	MRR 0.846913	H@1 0.763109	H@3 0.920412	H@5 0.953184	H@10 0.976592
INFO:meta-cli.py:Epoch 27/100	test results	MRR 0.846097	H@1 0.763035	H@3 0.920391	H@5 0.954842	H@10 0.981378
INFO:meta-cli.py:Epoch 28/100	Loss 6.4074 ± 0.1257
INFO:meta-cli.py:Epoch 29/100	Loss 6.4061 ± 0.1168
INFO:meta-cli.py:Epoch 30/100	Loss 6.4056 ± 0.1412
INFO:meta-cli.py:Epoch 30/100	dev results	MRR 0.850421	H@1 0.767790	H@3 0.924157	H@5 0.955056	H@10 0.977528
INFO:meta-cli.py:Epoch 30/100	test results	MRR 0.850814	H@1 0.770484	H@3 0.921788	H@5 0.955773	H@10 0.981844
INFO:meta-cli.py:Epoch 31/100	Loss 6.4013 ± 0.1130
INFO:meta-cli.py:Epoch 32/100	Loss 6.3989 ± 0.1070
INFO:meta-cli.py:Epoch 33/100	Loss 6.3972 ± 0.1151
INFO:meta-cli.py:Epoch 33/100	dev results	MRR 0.851404	H@1 0.769663	H@3 0.922285	H@5 0.955056	H@10 0.977060
INFO:meta-cli.py:Epoch 33/100	test results	MRR 0.849112	H@1 0.766760	H@3 0.921788	H@5 0.959032	H@10 0.981844
INFO:meta-cli.py:Epoch 34/100	Loss 6.3960 ± 0.1371
INFO:meta-cli.py:Epoch 35/100	Loss 6.3933 ± 0.1243
INFO:meta-cli.py:Epoch 36/100	Loss 6.3919 ± 0.1189
INFO:meta-cli.py:Epoch 36/100	dev results	MRR 0.851913	H@1 0.770131	H@3 0.924157	H@5 0.956461	H@10 0.977996
INFO:meta-cli.py:Epoch 36/100	test results	MRR 0.849585	H@1 0.766294	H@3 0.922253	H@5 0.959497	H@10 0.981378
INFO:meta-cli.py:Epoch 37/100	Loss 6.3912 ± 0.1182
INFO:meta-cli.py:Epoch 38/100	Loss 6.3906 ± 0.1191
INFO:meta-cli.py:Epoch 39/100	Loss 6.3862 ± 0.1167
INFO:meta-cli.py:Epoch 39/100	dev results	MRR 0.852545	H@1 0.772940	H@3 0.924625	H@5 0.955524	H@10 0.977996
INFO:meta-cli.py:Epoch 39/100	test results	MRR 0.853834	H@1 0.775605	H@3 0.922719	H@5 0.956238	H@10 0.981844
INFO:meta-cli.py:Epoch 40/100	Loss 6.3839 ± 0.1347
INFO:meta-cli.py:Epoch 41/100	Loss 6.3843 ± 0.1049
INFO:meta-cli.py:Epoch 42/100	Loss 6.3823 ± 0.1150
INFO:meta-cli.py:Epoch 42/100	dev results	MRR 0.851412	H@1 0.770131	H@3 0.922285	H@5 0.955993	H@10 0.977996
INFO:meta-cli.py:Epoch 42/100	test results	MRR 0.853622	H@1 0.774209	H@3 0.921788	H@5 0.958566	H@10 0.982309
INFO:meta-cli.py:Epoch 43/100	Loss 6.3806 ± 0.1188
INFO:meta-cli.py:Epoch 44/100	Loss 6.3815 ± 0.1190
INFO:meta-cli.py:Epoch 45/100	Loss 6.3789 ± 0.1066
INFO:meta-cli.py:Epoch 45/100	dev results	MRR 0.852041	H@1 0.770599	H@3 0.923689	H@5 0.955524	H@10 0.978464
INFO:meta-cli.py:Epoch 45/100	test results	MRR 0.854018	H@1 0.774209	H@3 0.923184	H@5 0.959497	H@10 0.982309
INFO:meta-cli.py:Epoch 46/100	Loss 6.3785 ± 0.1155
INFO:meta-cli.py:Epoch 47/100	Loss 6.3768 ± 0.1274
INFO:meta-cli.py:Epoch 48/100	Loss 6.3752 ± 0.1169
INFO:meta-cli.py:Epoch 48/100	dev results	MRR 0.852839	H@1 0.772004	H@3 0.924157	H@5 0.957397	H@10 0.978464
INFO:meta-cli.py:Epoch 48/100	test results	MRR 0.856983	H@1 0.779330	H@3 0.922719	H@5 0.959032	H@10 0.981844
INFO:meta-cli.py:Epoch 49/100	Loss 6.3739 ± 0.1214
INFO:meta-cli.py:Epoch 50/100	Loss 6.3740 ± 0.1074
INFO:meta-cli.py:Epoch 51/100	Loss 6.3717 ± 0.0984
INFO:meta-cli.py:Epoch 51/100	dev results	MRR 0.853576	H@1 0.772472	H@3 0.925562	H@5 0.957397	H@10 0.978464
INFO:meta-cli.py:Epoch 51/100	test results	MRR 0.854483	H@1 0.774209	H@3 0.924581	H@5 0.959497	H@10 0.982309
INFO:meta-cli.py:Epoch 52/100	Loss 6.3717 ± 0.1043
INFO:meta-cli.py:Epoch 53/100	Loss 6.3729 ± 0.1191
INFO:meta-cli.py:Epoch 54/100	Loss 6.3705 ± 0.1041
INFO:meta-cli.py:Epoch 54/100	dev results	MRR 0.853954	H@1 0.773408	H@3 0.924625	H@5 0.957865	H@10 0.978464
INFO:meta-cli.py:Epoch 54/100	test results	MRR 0.856667	H@1 0.778399	H@3 0.924115	H@5 0.959497	H@10 0.981844
INFO:meta-cli.py:Epoch 55/100	Loss 6.3699 ± 0.1121
INFO:meta-cli.py:Epoch 56/100	Loss 6.3677 ± 0.1164
INFO:meta-cli.py:Epoch 57/100	Loss 6.3684 ± 0.1248
INFO:meta-cli.py:Epoch 57/100	dev results	MRR 0.857385	H@1 0.779026	H@3 0.928371	H@5 0.957397	H@10 0.977996
INFO:meta-cli.py:Epoch 57/100	test results	MRR 0.855394	H@1 0.775140	H@3 0.925512	H@5 0.960428	H@10 0.982775
INFO:meta-cli.py:Epoch 58/100	Loss 6.3653 ± 0.1138
INFO:meta-cli.py:Epoch 59/100	Loss 6.3661 ± 0.1112
INFO:meta-cli.py:Epoch 60/100	Loss 6.3649 ± 0.1111
INFO:meta-cli.py:Epoch 60/100	dev results	MRR 0.853938	H@1 0.773408	H@3 0.925094	H@5 0.957397	H@10 0.978933
INFO:meta-cli.py:Epoch 60/100	test results	MRR 0.855468	H@1 0.775140	H@3 0.923184	H@5 0.959497	H@10 0.982309
INFO:meta-cli.py:Epoch 61/100	Loss 6.3662 ± 0.1079
INFO:meta-cli.py:Epoch 62/100	Loss 6.3637 ± 0.1082
INFO:meta-cli.py:Epoch 63/100	Loss 6.3647 ± 0.1028
INFO:meta-cli.py:Epoch 63/100	dev results	MRR 0.856666	H@1 0.779026	H@3 0.926498	H@5 0.957397	H@10 0.978464
INFO:meta-cli.py:Epoch 63/100	test results	MRR 0.857539	H@1 0.779330	H@3 0.922719	H@5 0.959963	H@10 0.982309
INFO:meta-cli.py:Epoch 64/100	Loss 6.3630 ± 0.1063
INFO:meta-cli.py:Epoch 65/100	Loss 6.3618 ± 0.1013
INFO:meta-cli.py:Epoch 66/100	Loss 6.3600 ± 0.1008
INFO:meta-cli.py:Epoch 66/100	dev results	MRR 0.855096	H@1 0.775281	H@3 0.927434	H@5 0.958801	H@10 0.978464
INFO:meta-cli.py:Epoch 66/100	test results	MRR 0.857359	H@1 0.779795	H@3 0.920857	H@5 0.959497	H@10 0.982309
INFO:meta-cli.py:Epoch 67/100	Loss 6.3589 ± 0.0990
INFO:meta-cli.py:Epoch 68/100	Loss 6.3601 ± 0.1166
INFO:meta-cli.py:Epoch 69/100	Loss 6.3586 ± 0.0941
INFO:meta-cli.py:Epoch 69/100	dev results	MRR 0.854529	H@1 0.773876	H@3 0.926966	H@5 0.958801	H@10 0.977996
INFO:meta-cli.py:Epoch 69/100	test results	MRR 0.858256	H@1 0.779795	H@3 0.922719	H@5 0.962291	H@10 0.982309
INFO:meta-cli.py:Epoch 70/100	Loss 6.3578 ± 0.1094
INFO:meta-cli.py:Epoch 71/100	Loss 6.3586 ± 0.1187
INFO:meta-cli.py:Epoch 72/100	Loss 6.3579 ± 0.1000
INFO:meta-cli.py:Epoch 72/100	dev results	MRR 0.857405	H@1 0.778090	H@3 0.927434	H@5 0.958801	H@10 0.978464
INFO:meta-cli.py:Epoch 72/100	test results	MRR 0.857308	H@1 0.778399	H@3 0.923650	H@5 0.960428	H@10 0.983240
INFO:meta-cli.py:Epoch 73/100	Loss 6.3569 ± 0.0999
INFO:meta-cli.py:Epoch 74/100	Loss 6.3557 ± 0.1190
INFO:meta-cli.py:Epoch 75/100	Loss 6.3552 ± 0.1065
INFO:meta-cli.py:Epoch 75/100	dev results	MRR 0.857449	H@1 0.779494	H@3 0.926966	H@5 0.958333	H@10 0.977996
INFO:meta-cli.py:Epoch 75/100	test results	MRR 0.857470	H@1 0.778399	H@3 0.925978	H@5 0.961825	H@10 0.983240
INFO:meta-cli.py:Epoch 76/100	Loss 6.3540 ± 0.1117
INFO:meta-cli.py:Epoch 77/100	Loss 6.3536 ± 0.1187
INFO:meta-cli.py:Epoch 78/100	Loss 6.3528 ± 0.1030
INFO:meta-cli.py:Epoch 78/100	dev results	MRR 0.858438	H@1 0.780431	H@3 0.926498	H@5 0.958801	H@10 0.978464
INFO:meta-cli.py:Epoch 78/100	test results	MRR 0.858796	H@1 0.780726	H@3 0.923184	H@5 0.961359	H@10 0.983240
INFO:meta-cli.py:Epoch 79/100	Loss 6.3537 ± 0.0988
INFO:meta-cli.py:Epoch 80/100	Loss 6.3527 ± 0.1165
INFO:meta-cli.py:Epoch 81/100	Loss 6.3544 ± 0.1091
INFO:meta-cli.py:Epoch 81/100	dev results	MRR 0.857818	H@1 0.779494	H@3 0.926498	H@5 0.958801	H@10 0.977996
INFO:meta-cli.py:Epoch 81/100	test results	MRR 0.858648	H@1 0.780726	H@3 0.925047	H@5 0.959497	H@10 0.982309
INFO:meta-cli.py:Epoch 82/100	Loss 6.3516 ± 0.1084
INFO:meta-cli.py:Epoch 83/100	Loss 6.3525 ± 0.0965
INFO:meta-cli.py:Epoch 84/100	Loss 6.3530 ± 0.1219
INFO:meta-cli.py:Epoch 84/100	dev results	MRR 0.858018	H@1 0.779494	H@3 0.927434	H@5 0.960206	H@10 0.978464
INFO:meta-cli.py:Epoch 84/100	test results	MRR 0.858414	H@1 0.779795	H@3 0.924581	H@5 0.961359	H@10 0.982775
INFO:meta-cli.py:Epoch 85/100	Loss 6.3516 ± 0.1117
INFO:meta-cli.py:Epoch 86/100	Loss 6.3514 ± 0.1227
INFO:meta-cli.py:Epoch 87/100	Loss 6.3490 ± 0.1112
INFO:meta-cli.py:Epoch 87/100	dev results	MRR 0.856831	H@1 0.777622	H@3 0.927903	H@5 0.959270	H@10 0.978464
INFO:meta-cli.py:Epoch 87/100	test results	MRR 0.859750	H@1 0.783054	H@3 0.925047	H@5 0.962756	H@10 0.983240
INFO:meta-cli.py:Epoch 88/100	Loss 6.3519 ± 0.1092
INFO:meta-cli.py:Epoch 89/100	Loss 6.3478 ± 0.1073
INFO:meta-cli.py:Epoch 90/100	Loss 6.3478 ± 0.1072
INFO:meta-cli.py:Epoch 90/100	dev results	MRR 0.858320	H@1 0.779963	H@3 0.927903	H@5 0.959270	H@10 0.977528
INFO:meta-cli.py:Epoch 90/100	test results	MRR 0.859551	H@1 0.781657	H@3 0.922253	H@5 0.960428	H@10 0.982775
INFO:meta-cli.py:Epoch 91/100	Loss 6.3473 ± 0.1265
INFO:meta-cli.py:Epoch 92/100	Loss 6.3471 ± 0.1071
INFO:meta-cli.py:Epoch 93/100	Loss 6.3485 ± 0.1066
INFO:meta-cli.py:Epoch 93/100	dev results	MRR 0.858169	H@1 0.779494	H@3 0.927903	H@5 0.961142	H@10 0.977996
INFO:meta-cli.py:Epoch 93/100	test results	MRR 0.859215	H@1 0.781192	H@3 0.924115	H@5 0.960894	H@10 0.983240
INFO:meta-cli.py:Epoch 94/100	Loss 6.3469 ± 0.1088
INFO:meta-cli.py:Epoch 95/100	Loss 6.3455 ± 0.1162
INFO:meta-cli.py:Epoch 96/100	Loss 6.3476 ± 0.1179
INFO:meta-cli.py:Epoch 96/100	dev results	MRR 0.858267	H@1 0.779963	H@3 0.928371	H@5 0.960206	H@10 0.977996
INFO:meta-cli.py:Epoch 96/100	test results	MRR 0.860012	H@1 0.782588	H@3 0.925047	H@5 0.961359	H@10 0.982775
INFO:meta-cli.py:Epoch 97/100	Loss 6.3466 ± 0.1034
INFO:meta-cli.py:Epoch 98/100	Loss 6.3462 ± 0.0968
INFO:meta-cli.py:Epoch 99/100	Loss 6.3444 ± 0.0972
INFO:meta-cli.py:Epoch 99/100	dev results	MRR 0.857670	H@1 0.779026	H@3 0.927434	H@5 0.959270	H@10 0.978933
INFO:meta-cli.py:Epoch 99/100	test results	MRR 0.861604	H@1 0.785382	H@3 0.923650	H@5 0.961825	H@10 0.982775
INFO:meta-cli.py:Epoch 100/100	Loss 6.3465 ± 0.1114
INFO:meta-cli.py:Final 	dev results	MRR 0.856820	H@1 0.777622	H@3 0.926966	H@5 0.959738	H@10 0.978464
INFO:meta-cli.py:Final 	test results	MRR 0.861020	H@1 0.784451	H@3 0.925047	H@5 0.962291	H@10 0.982775
INFO:meta-cli.py:Training finished
