./bin/meta-cli.py --train data/nations/train.tsv --dev data/nations/dev.tsv --test data/nations/test.tsv -m complex -k 500 -b 100 -e 100 --F2 0 --N3 0.05 -l 0.1 -I standard -V 3 -o adagrad -q
{'F2': 0.0,
 'N3': 0.05,
 'batch_size': 100,
 'dev': 'data/nations/dev.tsv',
 'embedding_size': 500,
 'epochs': 100,
 'eval_batch_size': None,
 'input_type': 'standard',
 'learning_rate': 0.1,
 'load': None,
 'model': 'complex',
 'optimizer': 'adagrad',
 'quiet': True,
 'save': None,
 'seed': 0,
 'test': 'data/nations/test.tsv',
 'test_i': None,
 'test_ii': None,
 'train': 'data/nations/train.tsv',
 'validate_every': 3}
INFO:meta-cli.py:Device: cpu
INFO:meta-cli.py:Model state:
INFO:meta-cli.py:	entities.weight	torch.Size([14, 1000])
INFO:meta-cli.py:	predicates.weight	torch.Size([55, 1000])
INFO:meta-cli.py:Epoch 1/100	Loss 5.5426 ± 0.1724
INFO:meta-cli.py:Epoch 2/100	Loss 5.1976 ± 0.0559
INFO:meta-cli.py:Epoch 3/100	Loss 5.0526 ± 0.0636
INFO:meta-cli.py:Epoch 3/100	dev results	MRR 0.731751	H@1 0.595477	H@3 0.834171	H@5 0.922111	H@10 0.992462
INFO:meta-cli.py:Epoch 3/100	test results	MRR 0.755255	H@1 0.621891	H@3 0.865672	H@5 0.930348	H@10 0.997512
INFO:meta-cli.py:Epoch 4/100	Loss 4.9678 ± 0.1183
INFO:meta-cli.py:Epoch 5/100	Loss 4.9122 ± 0.1126
INFO:meta-cli.py:Epoch 6/100	Loss 4.8734 ± 0.1008
INFO:meta-cli.py:Epoch 6/100	dev results	MRR 0.752123	H@1 0.628141	H@3 0.851759	H@5 0.929648	H@10 0.994975
INFO:meta-cli.py:Epoch 6/100	test results	MRR 0.778887	H@1 0.659204	H@3 0.885572	H@5 0.935323	H@10 0.995025
INFO:meta-cli.py:Epoch 7/100	Loss 4.8500 ± 0.1058
INFO:meta-cli.py:Epoch 8/100	Loss 4.8216 ± 0.0994
INFO:meta-cli.py:Epoch 9/100	Loss 4.8079 ± 0.1334
INFO:meta-cli.py:Epoch 9/100	dev results	MRR 0.757810	H@1 0.625628	H@3 0.876884	H@5 0.957286	H@10 0.994975
INFO:meta-cli.py:Epoch 9/100	test results	MRR 0.781718	H@1 0.661692	H@3 0.885572	H@5 0.947761	H@10 1.000000
INFO:meta-cli.py:Epoch 10/100	Loss 4.7940 ± 0.1288
INFO:meta-cli.py:Epoch 11/100	Loss 4.7815 ± 0.1287
INFO:meta-cli.py:Epoch 12/100	Loss 4.7666 ± 0.1016
INFO:meta-cli.py:Epoch 12/100	dev results	MRR 0.762748	H@1 0.635678	H@3 0.871859	H@5 0.954774	H@10 1.000000
INFO:meta-cli.py:Epoch 12/100	test results	MRR 0.766425	H@1 0.636816	H@3 0.875622	H@5 0.952736	H@10 1.000000
INFO:meta-cli.py:Epoch 13/100	Loss 4.7588 ± 0.1052
INFO:meta-cli.py:Epoch 14/100	Loss 4.7504 ± 0.0985
INFO:meta-cli.py:Epoch 15/100	Loss 4.7428 ± 0.1276
INFO:meta-cli.py:Epoch 15/100	dev results	MRR 0.761911	H@1 0.628141	H@3 0.879397	H@5 0.957286	H@10 1.000000
INFO:meta-cli.py:Epoch 15/100	test results	MRR 0.767709	H@1 0.636816	H@3 0.883085	H@5 0.947761	H@10 1.000000
INFO:meta-cli.py:Epoch 16/100	Loss 4.7348 ± 0.1287
INFO:meta-cli.py:Epoch 17/100	Loss 4.7304 ± 0.1132
INFO:meta-cli.py:Epoch 18/100	Loss 4.7223 ± 0.0984
INFO:meta-cli.py:Epoch 18/100	dev results	MRR 0.759733	H@1 0.625628	H@3 0.874372	H@5 0.952261	H@10 1.000000
INFO:meta-cli.py:Epoch 18/100	test results	MRR 0.764639	H@1 0.631841	H@3 0.888060	H@5 0.940299	H@10 1.000000
INFO:meta-cli.py:Epoch 19/100	Loss 4.7205 ± 0.1160
INFO:meta-cli.py:Epoch 20/100	Loss 4.7146 ± 0.0924
INFO:meta-cli.py:Epoch 21/100	Loss 4.7104 ± 0.1268
INFO:meta-cli.py:Epoch 21/100	dev results	MRR 0.766036	H@1 0.640704	H@3 0.871859	H@5 0.949749	H@10 1.000000
INFO:meta-cli.py:Epoch 21/100	test results	MRR 0.769514	H@1 0.639303	H@3 0.890547	H@5 0.942786	H@10 1.000000
INFO:meta-cli.py:Epoch 22/100	Loss 4.7064 ± 0.1230
INFO:meta-cli.py:Epoch 23/100	Loss 4.7021 ± 0.1135
INFO:meta-cli.py:Epoch 24/100	Loss 4.6992 ± 0.0666
INFO:meta-cli.py:Epoch 24/100	dev results	MRR 0.767630	H@1 0.640704	H@3 0.879397	H@5 0.952261	H@10 1.000000
INFO:meta-cli.py:Epoch 24/100	test results	MRR 0.763798	H@1 0.626866	H@3 0.895522	H@5 0.942786	H@10 1.000000
INFO:meta-cli.py:Epoch 25/100	Loss 4.6943 ± 0.1138
INFO:meta-cli.py:Epoch 26/100	Loss 4.6941 ± 0.0986
INFO:meta-cli.py:Epoch 27/100	Loss 4.6897 ± 0.1081
INFO:meta-cli.py:Epoch 27/100	dev results	MRR 0.767375	H@1 0.643216	H@3 0.874372	H@5 0.947236	H@10 1.000000
INFO:meta-cli.py:Epoch 27/100	test results	MRR 0.764148	H@1 0.626866	H@3 0.902985	H@5 0.942786	H@10 1.000000
INFO:meta-cli.py:Epoch 28/100	Loss 4.6883 ± 0.0881
INFO:meta-cli.py:Epoch 29/100	Loss 4.6828 ± 0.0807
INFO:meta-cli.py:Epoch 30/100	Loss 4.6815 ± 0.0970
INFO:meta-cli.py:Epoch 30/100	dev results	MRR 0.770080	H@1 0.648241	H@3 0.871859	H@5 0.949749	H@10 1.000000
INFO:meta-cli.py:Epoch 30/100	test results	MRR 0.760785	H@1 0.621891	H@3 0.895522	H@5 0.937811	H@10 1.000000
INFO:meta-cli.py:Epoch 31/100	Loss 4.6801 ± 0.0727
INFO:meta-cli.py:Epoch 32/100	Loss 4.6767 ± 0.0970
INFO:meta-cli.py:Epoch 33/100	Loss 4.6766 ± 0.1129
INFO:meta-cli.py:Epoch 33/100	dev results	MRR 0.769270	H@1 0.643216	H@3 0.874372	H@5 0.949749	H@10 1.000000
INFO:meta-cli.py:Epoch 33/100	test results	MRR 0.759711	H@1 0.619403	H@3 0.900498	H@5 0.940299	H@10 1.000000
INFO:meta-cli.py:Epoch 34/100	Loss 4.6723 ± 0.1226
INFO:meta-cli.py:Epoch 35/100	Loss 4.6724 ± 0.0867
INFO:meta-cli.py:Epoch 36/100	Loss 4.6715 ± 0.1161
INFO:meta-cli.py:Epoch 36/100	dev results	MRR 0.760085	H@1 0.628141	H@3 0.874372	H@5 0.949749	H@10 1.000000
INFO:meta-cli.py:Epoch 36/100	test results	MRR 0.757475	H@1 0.616915	H@3 0.898010	H@5 0.940299	H@10 1.000000
INFO:meta-cli.py:Epoch 37/100	Loss 4.6694 ± 0.0968
INFO:meta-cli.py:Epoch 38/100	Loss 4.6678 ± 0.0785
INFO:meta-cli.py:Epoch 39/100	Loss 4.6640 ± 0.0420
INFO:meta-cli.py:Epoch 39/100	dev results	MRR 0.767744	H@1 0.645729	H@3 0.874372	H@5 0.952261	H@10 1.000000
INFO:meta-cli.py:Epoch 39/100	test results	MRR 0.756587	H@1 0.611940	H@3 0.900498	H@5 0.942786	H@10 1.000000
INFO:meta-cli.py:Epoch 40/100	Loss 4.6645 ± 0.1194
INFO:meta-cli.py:Epoch 41/100	Loss 4.6644 ± 0.1140
INFO:meta-cli.py:Epoch 42/100	Loss 4.6616 ± 0.1107
INFO:meta-cli.py:Epoch 42/100	dev results	MRR 0.766200	H@1 0.640704	H@3 0.876884	H@5 0.949749	H@10 0.997487
INFO:meta-cli.py:Epoch 42/100	test results	MRR 0.755683	H@1 0.611940	H@3 0.895522	H@5 0.937811	H@10 1.000000
INFO:meta-cli.py:Epoch 43/100	Loss 4.6602 ± 0.1127
INFO:meta-cli.py:Epoch 44/100	Loss 4.6580 ± 0.1172
INFO:meta-cli.py:Epoch 45/100	Loss 4.6568 ± 0.0955
INFO:meta-cli.py:Epoch 45/100	dev results	MRR 0.768601	H@1 0.645729	H@3 0.881910	H@5 0.947236	H@10 0.997487
INFO:meta-cli.py:Epoch 45/100	test results	MRR 0.758408	H@1 0.616915	H@3 0.895522	H@5 0.940299	H@10 1.000000
INFO:meta-cli.py:Epoch 46/100	Loss 4.6559 ± 0.1082
INFO:meta-cli.py:Epoch 47/100	Loss 4.6541 ± 0.1270
INFO:meta-cli.py:Epoch 48/100	Loss 4.6527 ± 0.0914
INFO:meta-cli.py:Epoch 48/100	dev results	MRR 0.761133	H@1 0.630653	H@3 0.879397	H@5 0.947236	H@10 0.997487
INFO:meta-cli.py:Epoch 48/100	test results	MRR 0.758784	H@1 0.616915	H@3 0.898010	H@5 0.940299	H@10 1.000000
INFO:meta-cli.py:Epoch 49/100	Loss 4.6526 ± 0.0893
INFO:meta-cli.py:Epoch 50/100	Loss 4.6514 ± 0.0869
INFO:meta-cli.py:Epoch 51/100	Loss 4.6522 ± 0.1066
INFO:meta-cli.py:Epoch 51/100	dev results	MRR 0.765404	H@1 0.640704	H@3 0.876884	H@5 0.947236	H@10 0.997487
INFO:meta-cli.py:Epoch 51/100	test results	MRR 0.758636	H@1 0.616915	H@3 0.895522	H@5 0.940299	H@10 1.000000
INFO:meta-cli.py:Epoch 52/100	Loss 4.6504 ± 0.0704
INFO:meta-cli.py:Epoch 53/100	Loss 4.6481 ± 0.0939
INFO:meta-cli.py:Epoch 54/100	Loss 4.6479 ± 0.0946
INFO:meta-cli.py:Epoch 54/100	dev results	MRR 0.759067	H@1 0.625628	H@3 0.876884	H@5 0.947236	H@10 0.997487
INFO:meta-cli.py:Epoch 54/100	test results	MRR 0.756726	H@1 0.611940	H@3 0.902985	H@5 0.940299	H@10 1.000000
INFO:meta-cli.py:Epoch 55/100	Loss 4.6483 ± 0.1228
INFO:meta-cli.py:Epoch 56/100	Loss 4.6448 ± 0.1099
INFO:meta-cli.py:Epoch 57/100	Loss 4.6452 ± 0.0786
INFO:meta-cli.py:Epoch 57/100	dev results	MRR 0.765255	H@1 0.635678	H@3 0.879397	H@5 0.947236	H@10 0.997487
INFO:meta-cli.py:Epoch 57/100	test results	MRR 0.757659	H@1 0.614428	H@3 0.898010	H@5 0.940299	H@10 1.000000
INFO:meta-cli.py:Epoch 58/100	Loss 4.6444 ± 0.1092
INFO:meta-cli.py:Epoch 59/100	Loss 4.6443 ± 0.1109
INFO:meta-cli.py:Epoch 60/100	Loss 4.6424 ± 0.0863
INFO:meta-cli.py:Epoch 60/100	dev results	MRR 0.762662	H@1 0.635678	H@3 0.879397	H@5 0.947236	H@10 0.997487
INFO:meta-cli.py:Epoch 60/100	test results	MRR 0.755444	H@1 0.609453	H@3 0.898010	H@5 0.937811	H@10 1.000000
INFO:meta-cli.py:Epoch 61/100	Loss 4.6429 ± 0.0958
INFO:meta-cli.py:Epoch 62/100	Loss 4.6407 ± 0.1440
INFO:meta-cli.py:Epoch 63/100	Loss 4.6398 ± 0.0744
INFO:meta-cli.py:Epoch 63/100	dev results	MRR 0.762602	H@1 0.633166	H@3 0.874372	H@5 0.947236	H@10 0.997487
INFO:meta-cli.py:Epoch 63/100	test results	MRR 0.757541	H@1 0.611940	H@3 0.902985	H@5 0.940299	H@10 1.000000
INFO:meta-cli.py:Epoch 64/100	Loss 4.6404 ± 0.0722
INFO:meta-cli.py:Epoch 65/100	Loss 4.6403 ± 0.1057
INFO:meta-cli.py:Epoch 66/100	Loss 4.6382 ± 0.1193
INFO:meta-cli.py:Epoch 66/100	dev results	MRR 0.760461	H@1 0.628141	H@3 0.876884	H@5 0.947236	H@10 0.994975
INFO:meta-cli.py:Epoch 66/100	test results	MRR 0.756016	H@1 0.611940	H@3 0.898010	H@5 0.940299	H@10 1.000000
INFO:meta-cli.py:Epoch 67/100	Loss 4.6367 ± 0.0998
INFO:meta-cli.py:Epoch 68/100	Loss 4.6383 ± 0.0837
INFO:meta-cli.py:Epoch 69/100	Loss 4.6353 ± 0.0645
INFO:meta-cli.py:Epoch 69/100	dev results	MRR 0.761260	H@1 0.630653	H@3 0.879397	H@5 0.944724	H@10 0.994975
INFO:meta-cli.py:Epoch 69/100	test results	MRR 0.755521	H@1 0.609453	H@3 0.900498	H@5 0.942786	H@10 1.000000
INFO:meta-cli.py:Epoch 70/100	Loss 4.6356 ± 0.0831
INFO:meta-cli.py:Epoch 71/100	Loss 4.6363 ± 0.0850
INFO:meta-cli.py:Epoch 72/100	Loss 4.6348 ± 0.0940
INFO:meta-cli.py:Epoch 72/100	dev results	MRR 0.761913	H@1 0.630653	H@3 0.874372	H@5 0.947236	H@10 0.994975
INFO:meta-cli.py:Epoch 72/100	test results	MRR 0.753365	H@1 0.604478	H@3 0.900498	H@5 0.940299	H@10 1.000000
INFO:meta-cli.py:Epoch 73/100	Loss 4.6343 ± 0.1002
INFO:meta-cli.py:Epoch 74/100	Loss 4.6340 ± 0.0742
INFO:meta-cli.py:Epoch 75/100	Loss 4.6327 ± 0.0724
INFO:meta-cli.py:Epoch 75/100	dev results	MRR 0.755164	H@1 0.620603	H@3 0.869347	H@5 0.944724	H@10 0.994975
INFO:meta-cli.py:Epoch 75/100	test results	MRR 0.752269	H@1 0.604478	H@3 0.898010	H@5 0.940299	H@10 1.000000
INFO:meta-cli.py:Epoch 76/100	Loss 4.6314 ± 0.0862
INFO:meta-cli.py:Epoch 77/100	Loss 4.6319 ± 0.0893
INFO:meta-cli.py:Epoch 78/100	Loss 4.6312 ± 0.0805
INFO:meta-cli.py:Epoch 78/100	dev results	MRR 0.755781	H@1 0.623116	H@3 0.869347	H@5 0.944724	H@10 0.994975
INFO:meta-cli.py:Epoch 78/100	test results	MRR 0.754772	H@1 0.609453	H@3 0.898010	H@5 0.940299	H@10 1.000000
INFO:meta-cli.py:Epoch 79/100	Loss 4.6316 ± 0.0859
INFO:meta-cli.py:Epoch 80/100	Loss 4.6296 ± 0.0975
INFO:meta-cli.py:Epoch 81/100	Loss 4.6286 ± 0.0856
INFO:meta-cli.py:Epoch 81/100	dev results	MRR 0.753771	H@1 0.615578	H@3 0.871859	H@5 0.944724	H@10 0.994975
INFO:meta-cli.py:Epoch 81/100	test results	MRR 0.753158	H@1 0.606965	H@3 0.893035	H@5 0.940299	H@10 1.000000
INFO:meta-cli.py:Epoch 82/100	Loss 4.6294 ± 0.0877
INFO:meta-cli.py:Epoch 83/100	Loss 4.6293 ± 0.0990
INFO:meta-cli.py:Epoch 84/100	Loss 4.6295 ± 0.1005
INFO:meta-cli.py:Epoch 84/100	dev results	MRR 0.760154	H@1 0.628141	H@3 0.874372	H@5 0.944724	H@10 0.994975
INFO:meta-cli.py:Epoch 84/100	test results	MRR 0.752995	H@1 0.606965	H@3 0.893035	H@5 0.940299	H@10 1.000000
INFO:meta-cli.py:Epoch 85/100	Loss 4.6290 ± 0.0940
INFO:meta-cli.py:Epoch 86/100	Loss 4.6275 ± 0.0934
INFO:meta-cli.py:Epoch 87/100	Loss 4.6271 ± 0.0657
INFO:meta-cli.py:Epoch 87/100	dev results	MRR 0.755003	H@1 0.620603	H@3 0.874372	H@5 0.944724	H@10 0.994975
INFO:meta-cli.py:Epoch 87/100	test results	MRR 0.751807	H@1 0.604478	H@3 0.893035	H@5 0.945274	H@10 1.000000
INFO:meta-cli.py:Epoch 88/100	Loss 4.6254 ± 0.0790
INFO:meta-cli.py:Epoch 89/100	Loss 4.6252 ± 0.0753
INFO:meta-cli.py:Epoch 90/100	Loss 4.6261 ± 0.1008
INFO:meta-cli.py:Epoch 90/100	dev results	MRR 0.753328	H@1 0.615578	H@3 0.874372	H@5 0.944724	H@10 0.994975
INFO:meta-cli.py:Epoch 90/100	test results	MRR 0.754339	H@1 0.609453	H@3 0.898010	H@5 0.945274	H@10 1.000000
INFO:meta-cli.py:Epoch 91/100	Loss 4.6246 ± 0.0989
INFO:meta-cli.py:Epoch 92/100	Loss 4.6246 ± 0.0908
INFO:meta-cli.py:Epoch 93/100	Loss 4.6248 ± 0.0648
INFO:meta-cli.py:Epoch 93/100	dev results	MRR 0.755387	H@1 0.618090	H@3 0.874372	H@5 0.944724	H@10 0.994975
INFO:meta-cli.py:Epoch 93/100	test results	MRR 0.752474	H@1 0.606965	H@3 0.893035	H@5 0.942786	H@10 1.000000
INFO:meta-cli.py:Epoch 94/100	Loss 4.6244 ± 0.0976
INFO:meta-cli.py:Epoch 95/100	Loss 4.6230 ± 0.0789
INFO:meta-cli.py:Epoch 96/100	Loss 4.6229 ± 0.0995
INFO:meta-cli.py:Epoch 96/100	dev results	MRR 0.750143	H@1 0.608040	H@3 0.871859	H@5 0.944724	H@10 0.994975
INFO:meta-cli.py:Epoch 96/100	test results	MRR 0.751103	H@1 0.604478	H@3 0.895522	H@5 0.942786	H@10 1.000000
INFO:meta-cli.py:Epoch 97/100	Loss 4.6229 ± 0.1138
INFO:meta-cli.py:Epoch 98/100	Loss 4.6234 ± 0.1105
INFO:meta-cli.py:Epoch 99/100	Loss 4.6224 ± 0.0975
INFO:meta-cli.py:Epoch 99/100	dev results	MRR 0.753360	H@1 0.615578	H@3 0.871859	H@5 0.944724	H@10 0.994975
INFO:meta-cli.py:Epoch 99/100	test results	MRR 0.751334	H@1 0.604478	H@3 0.895522	H@5 0.945274	H@10 1.000000
INFO:meta-cli.py:Epoch 100/100	Loss 4.6209 ± 0.0805
INFO:meta-cli.py:Final 	dev results	MRR 0.751022	H@1 0.613065	H@3 0.869347	H@5 0.944724	H@10 0.994975
INFO:meta-cli.py:Final 	test results	MRR 0.750111	H@1 0.601990	H@3 0.898010	H@5 0.942786	H@10 1.000000
INFO:meta-cli.py:Training finished
