./bin/meta-cli.py --train data/kinship/train.tsv --dev data/kinship/dev.tsv --test data/kinship/test.tsv -m complex -k 1000 -b 100 -e 100 --F2 0.001 --N3 0 -l 0.1 -I standard -V 3 -o adagrad -q
{'F2': 0.001,
 'N3': 0.0,
 'batch_size': 100,
 'dev': 'data/kinship/dev.tsv',
 'embedding_size': 1000,
 'epochs': 100,
 'eval_batch_size': None,
 'input_type': 'standard',
 'learning_rate': 0.1,
 'load': None,
 'model': 'complex',
 'optimizer': 'adagrad',
 'quiet': True,
 'save': None,
 'seed': 0,
 'test': 'data/kinship/test.tsv',
 'test_i': None,
 'test_ii': None,
 'train': 'data/kinship/train.tsv',
 'validate_every': 3}
INFO:meta-cli.py:Device: cpu
INFO:meta-cli.py:Model state:
INFO:meta-cli.py:	entities.weight	torch.Size([104, 2000])
INFO:meta-cli.py:	predicates.weight	torch.Size([25, 2000])
INFO:meta-cli.py:Epoch 1/100	Loss 7.5598 ± 1.2411
INFO:meta-cli.py:Epoch 2/100	Loss 5.6574 ± 0.2159
INFO:meta-cli.py:Epoch 3/100	Loss 5.3399 ± 0.2639
INFO:meta-cli.py:Epoch 3/100	dev results	MRR 0.856901	H@1 0.775281	H@3 0.928839	H@5 0.956929	H@10 0.974719
INFO:meta-cli.py:Epoch 3/100	test results	MRR 0.861643	H@1 0.781657	H@3 0.930633	H@5 0.964153	H@10 0.983240
INFO:meta-cli.py:Epoch 4/100	Loss 5.1707 ± 0.2442
INFO:meta-cli.py:Epoch 5/100	Loss 5.0643 ± 0.2480
INFO:meta-cli.py:Epoch 6/100	Loss 4.9805 ± 0.2365
INFO:meta-cli.py:Epoch 6/100	dev results	MRR 0.882510	H@1 0.821161	H@3 0.935393	H@5 0.961142	H@10 0.979401
INFO:meta-cli.py:Epoch 6/100	test results	MRR 0.884690	H@1 0.816108	H@3 0.943203	H@5 0.972533	H@10 0.986499
INFO:meta-cli.py:Epoch 7/100	Loss 4.9231 ± 0.2333
INFO:meta-cli.py:Epoch 8/100	Loss 4.8753 ± 0.2232
INFO:meta-cli.py:Epoch 9/100	Loss 4.8337 ± 0.2137
INFO:meta-cli.py:Epoch 9/100	dev results	MRR 0.878389	H@1 0.811798	H@3 0.937266	H@5 0.964888	H@10 0.978933
INFO:meta-cli.py:Epoch 9/100	test results	MRR 0.887732	H@1 0.823091	H@3 0.944600	H@5 0.969739	H@10 0.986965
INFO:meta-cli.py:Epoch 10/100	Loss 4.7989 ± 0.2163
INFO:meta-cli.py:Epoch 11/100	Loss 4.7719 ± 0.2198
INFO:meta-cli.py:Epoch 12/100	Loss 4.7449 ± 0.1996
INFO:meta-cli.py:Epoch 12/100	dev results	MRR 0.882949	H@1 0.820693	H@3 0.935393	H@5 0.963483	H@10 0.979869
INFO:meta-cli.py:Epoch 12/100	test results	MRR 0.892501	H@1 0.831937	H@3 0.947858	H@5 0.972533	H@10 0.987896
INFO:meta-cli.py:Epoch 13/100	Loss 4.7216 ± 0.2180
INFO:meta-cli.py:Epoch 14/100	Loss 4.7025 ± 0.2114
INFO:meta-cli.py:Epoch 15/100	Loss 4.6842 ± 0.1859
INFO:meta-cli.py:Epoch 15/100	dev results	MRR 0.884462	H@1 0.822566	H@3 0.938670	H@5 0.964419	H@10 0.978933
INFO:meta-cli.py:Epoch 15/100	test results	MRR 0.888504	H@1 0.822626	H@3 0.949721	H@5 0.972067	H@10 0.988361
INFO:meta-cli.py:Epoch 16/100	Loss 4.6688 ± 0.2068
INFO:meta-cli.py:Epoch 17/100	Loss 4.6511 ± 0.1829
INFO:meta-cli.py:Epoch 18/100	Loss 4.6403 ± 0.2067
INFO:meta-cli.py:Epoch 18/100	dev results	MRR 0.880132	H@1 0.814139	H@3 0.940543	H@5 0.963015	H@10 0.979401
INFO:meta-cli.py:Epoch 18/100	test results	MRR 0.889907	H@1 0.825885	H@3 0.948324	H@5 0.971601	H@10 0.988361
INFO:meta-cli.py:Epoch 19/100	Loss 4.6280 ± 0.1934
INFO:meta-cli.py:Epoch 20/100	Loss 4.6152 ± 0.1747
INFO:meta-cli.py:Epoch 21/100	Loss 4.6054 ± 0.1913
INFO:meta-cli.py:Epoch 21/100	dev results	MRR 0.882477	H@1 0.818352	H@3 0.938670	H@5 0.963015	H@10 0.979401
INFO:meta-cli.py:Epoch 21/100	test results	MRR 0.890335	H@1 0.826350	H@3 0.946462	H@5 0.972998	H@10 0.988361
INFO:meta-cli.py:Epoch 22/100	Loss 4.5932 ± 0.1922
INFO:meta-cli.py:Epoch 23/100	Loss 4.5825 ± 0.2016
INFO:meta-cli.py:Epoch 24/100	Loss 4.5771 ± 0.1656
INFO:meta-cli.py:Epoch 24/100	dev results	MRR 0.881044	H@1 0.815543	H@3 0.940075	H@5 0.962547	H@10 0.979401
INFO:meta-cli.py:Epoch 24/100	test results	MRR 0.890838	H@1 0.826816	H@3 0.946462	H@5 0.972067	H@10 0.987430
INFO:meta-cli.py:Epoch 25/100	Loss 4.5688 ± 0.1733
INFO:meta-cli.py:Epoch 26/100	Loss 4.5570 ± 0.1825
INFO:meta-cli.py:Epoch 27/100	Loss 4.5546 ± 0.1757
INFO:meta-cli.py:Epoch 27/100	dev results	MRR 0.881237	H@1 0.817416	H@3 0.939607	H@5 0.963015	H@10 0.979401
INFO:meta-cli.py:Epoch 27/100	test results	MRR 0.888742	H@1 0.823091	H@3 0.947393	H@5 0.971601	H@10 0.987430
INFO:meta-cli.py:Epoch 28/100	Loss 4.5447 ± 0.1763
INFO:meta-cli.py:Epoch 29/100	Loss 4.5412 ± 0.1717
INFO:meta-cli.py:Epoch 30/100	Loss 4.5336 ± 0.1728
INFO:meta-cli.py:Epoch 30/100	dev results	MRR 0.883136	H@1 0.821161	H@3 0.939607	H@5 0.963483	H@10 0.978933
INFO:meta-cli.py:Epoch 30/100	test results	MRR 0.890293	H@1 0.827281	H@3 0.947858	H@5 0.971136	H@10 0.988361
INFO:meta-cli.py:Epoch 31/100	Loss 4.5278 ± 0.1586
INFO:meta-cli.py:Epoch 32/100	Loss 4.5209 ± 0.1458
INFO:meta-cli.py:Epoch 33/100	Loss 4.5170 ± 0.1579
INFO:meta-cli.py:Epoch 33/100	dev results	MRR 0.881998	H@1 0.818820	H@3 0.941011	H@5 0.963951	H@10 0.978464
INFO:meta-cli.py:Epoch 33/100	test results	MRR 0.889164	H@1 0.824022	H@3 0.945531	H@5 0.972067	H@10 0.986965
INFO:meta-cli.py:Epoch 34/100	Loss 4.5121 ± 0.1767
INFO:meta-cli.py:Epoch 35/100	Loss 4.5062 ± 0.1639
INFO:meta-cli.py:Epoch 36/100	Loss 4.5004 ± 0.1534
INFO:meta-cli.py:Epoch 36/100	dev results	MRR 0.878489	H@1 0.810861	H@3 0.940543	H@5 0.963951	H@10 0.979869
INFO:meta-cli.py:Epoch 36/100	test results	MRR 0.888377	H@1 0.824022	H@3 0.946927	H@5 0.972067	H@10 0.986965
INFO:meta-cli.py:Epoch 37/100	Loss 4.4976 ± 0.1662
INFO:meta-cli.py:Epoch 38/100	Loss 4.4953 ± 0.1642
INFO:meta-cli.py:Epoch 39/100	Loss 4.4887 ± 0.1444
INFO:meta-cli.py:Epoch 39/100	dev results	MRR 0.878736	H@1 0.812734	H@3 0.940543	H@5 0.962079	H@10 0.979869
INFO:meta-cli.py:Epoch 39/100	test results	MRR 0.887918	H@1 0.822626	H@3 0.948324	H@5 0.972067	H@10 0.986965
INFO:meta-cli.py:Epoch 40/100	Loss 4.4812 ± 0.1648
INFO:meta-cli.py:Epoch 41/100	Loss 4.4803 ± 0.1463
INFO:meta-cli.py:Epoch 42/100	Loss 4.4755 ± 0.1601
INFO:meta-cli.py:Epoch 42/100	dev results	MRR 0.878330	H@1 0.811330	H@3 0.940543	H@5 0.962079	H@10 0.979869
INFO:meta-cli.py:Epoch 42/100	test results	MRR 0.884671	H@1 0.816108	H@3 0.946927	H@5 0.972533	H@10 0.986965
INFO:meta-cli.py:Epoch 43/100	Loss 4.4721 ± 0.1450
INFO:meta-cli.py:Epoch 44/100	Loss 4.4694 ± 0.1652
INFO:meta-cli.py:Epoch 45/100	Loss 4.4645 ± 0.1502
INFO:meta-cli.py:Epoch 45/100	dev results	MRR 0.876815	H@1 0.810393	H@3 0.938670	H@5 0.963483	H@10 0.979401
INFO:meta-cli.py:Epoch 45/100	test results	MRR 0.889072	H@1 0.825419	H@3 0.947393	H@5 0.969739	H@10 0.986965
INFO:meta-cli.py:Epoch 46/100	Loss 4.4639 ± 0.1507
INFO:meta-cli.py:Epoch 47/100	Loss 4.4593 ± 0.1489
INFO:meta-cli.py:Epoch 48/100	Loss 4.4559 ± 0.1441
INFO:meta-cli.py:Epoch 48/100	dev results	MRR 0.880099	H@1 0.816011	H@3 0.940075	H@5 0.963015	H@10 0.979401
INFO:meta-cli.py:Epoch 48/100	test results	MRR 0.887900	H@1 0.823091	H@3 0.947393	H@5 0.971136	H@10 0.986965
INFO:meta-cli.py:Epoch 49/100	Loss 4.4521 ± 0.1479
INFO:meta-cli.py:Epoch 50/100	Loss 4.4508 ± 0.1406
INFO:meta-cli.py:Epoch 51/100	Loss 4.4457 ± 0.1257
INFO:meta-cli.py:Epoch 51/100	dev results	MRR 0.876743	H@1 0.809925	H@3 0.938202	H@5 0.962547	H@10 0.979401
INFO:meta-cli.py:Epoch 51/100	test results	MRR 0.886964	H@1 0.820764	H@3 0.945996	H@5 0.970670	H@10 0.986965
INFO:meta-cli.py:Epoch 52/100	Loss 4.4431 ± 0.1207
INFO:meta-cli.py:Epoch 53/100	Loss 4.4427 ± 0.1547
INFO:meta-cli.py:Epoch 54/100	Loss 4.4379 ± 0.1505
INFO:meta-cli.py:Epoch 54/100	dev results	MRR 0.876044	H@1 0.808052	H@3 0.938670	H@5 0.963951	H@10 0.978933
INFO:meta-cli.py:Epoch 54/100	test results	MRR 0.884831	H@1 0.816108	H@3 0.945996	H@5 0.970205	H@10 0.986965
INFO:meta-cli.py:Epoch 55/100	Loss 4.4378 ± 0.1487
INFO:meta-cli.py:Epoch 56/100	Loss 4.4322 ± 0.1353
INFO:meta-cli.py:Epoch 57/100	Loss 4.4314 ± 0.1350
INFO:meta-cli.py:Epoch 57/100	dev results	MRR 0.877392	H@1 0.810861	H@3 0.938670	H@5 0.962547	H@10 0.978933
INFO:meta-cli.py:Epoch 57/100	test results	MRR 0.886209	H@1 0.819367	H@3 0.946462	H@5 0.970205	H@10 0.986965
INFO:meta-cli.py:Epoch 58/100	Loss 4.4285 ± 0.1368
INFO:meta-cli.py:Epoch 59/100	Loss 4.4263 ± 0.1494
INFO:meta-cli.py:Epoch 60/100	Loss 4.4249 ± 0.1543
INFO:meta-cli.py:Epoch 60/100	dev results	MRR 0.878076	H@1 0.812734	H@3 0.938670	H@5 0.962079	H@10 0.978464
INFO:meta-cli.py:Epoch 60/100	test results	MRR 0.884606	H@1 0.817039	H@3 0.946462	H@5 0.970205	H@10 0.986965
INFO:meta-cli.py:Epoch 61/100	Loss 4.4233 ± 0.1284
INFO:meta-cli.py:Epoch 62/100	Loss 4.4214 ± 0.1389
INFO:meta-cli.py:Epoch 63/100	Loss 4.4178 ± 0.1391
INFO:meta-cli.py:Epoch 63/100	dev results	MRR 0.877113	H@1 0.810861	H@3 0.937266	H@5 0.963015	H@10 0.978464
INFO:meta-cli.py:Epoch 63/100	test results	MRR 0.886277	H@1 0.819832	H@3 0.946462	H@5 0.969739	H@10 0.986965
INFO:meta-cli.py:Epoch 64/100	Loss 4.4176 ± 0.1456
INFO:meta-cli.py:Epoch 65/100	Loss 4.4155 ± 0.1527
INFO:meta-cli.py:Epoch 66/100	Loss 4.4120 ± 0.1301
INFO:meta-cli.py:Epoch 66/100	dev results	MRR 0.877201	H@1 0.810861	H@3 0.937266	H@5 0.962079	H@10 0.978933
INFO:meta-cli.py:Epoch 66/100	test results	MRR 0.884283	H@1 0.816108	H@3 0.946927	H@5 0.970670	H@10 0.986965
INFO:meta-cli.py:Epoch 67/100	Loss 4.4100 ± 0.1293
INFO:meta-cli.py:Epoch 68/100	Loss 4.4097 ± 0.1547
INFO:meta-cli.py:Epoch 69/100	Loss 4.4072 ± 0.1328
INFO:meta-cli.py:Epoch 69/100	dev results	MRR 0.876709	H@1 0.808989	H@3 0.938202	H@5 0.963483	H@10 0.978933
INFO:meta-cli.py:Epoch 69/100	test results	MRR 0.883329	H@1 0.814246	H@3 0.946462	H@5 0.970670	H@10 0.987430
INFO:meta-cli.py:Epoch 70/100	Loss 4.4040 ± 0.1478
INFO:meta-cli.py:Epoch 71/100	Loss 4.4038 ± 0.1394
INFO:meta-cli.py:Epoch 72/100	Loss 4.4022 ± 0.1241
INFO:meta-cli.py:Epoch 72/100	dev results	MRR 0.877674	H@1 0.811330	H@3 0.940075	H@5 0.962079	H@10 0.978933
INFO:meta-cli.py:Epoch 72/100	test results	MRR 0.882879	H@1 0.813780	H@3 0.946927	H@5 0.971136	H@10 0.986965
INFO:meta-cli.py:Epoch 73/100	Loss 4.3990 ± 0.1065
INFO:meta-cli.py:Epoch 74/100	Loss 4.3975 ± 0.1401
INFO:meta-cli.py:Epoch 75/100	Loss 4.3969 ± 0.1250
INFO:meta-cli.py:Epoch 75/100	dev results	MRR 0.877358	H@1 0.810861	H@3 0.936798	H@5 0.962547	H@10 0.978933
INFO:meta-cli.py:Epoch 75/100	test results	MRR 0.884861	H@1 0.817039	H@3 0.946462	H@5 0.972067	H@10 0.986499
INFO:meta-cli.py:Epoch 76/100	Loss 4.3940 ± 0.1532
INFO:meta-cli.py:Epoch 77/100	Loss 4.3931 ± 0.1348
INFO:meta-cli.py:Epoch 78/100	Loss 4.3905 ± 0.1192
INFO:meta-cli.py:Epoch 78/100	dev results	MRR 0.877458	H@1 0.810393	H@3 0.940543	H@5 0.962079	H@10 0.978464
INFO:meta-cli.py:Epoch 78/100	test results	MRR 0.884157	H@1 0.816108	H@3 0.946462	H@5 0.970670	H@10 0.986499
INFO:meta-cli.py:Epoch 79/100	Loss 4.3905 ± 0.1255
INFO:meta-cli.py:Epoch 80/100	Loss 4.3875 ± 0.1412
INFO:meta-cli.py:Epoch 81/100	Loss 4.3886 ± 0.1274
INFO:meta-cli.py:Epoch 81/100	dev results	MRR 0.876931	H@1 0.809925	H@3 0.937266	H@5 0.963015	H@10 0.978464
INFO:meta-cli.py:Epoch 81/100	test results	MRR 0.884694	H@1 0.817505	H@3 0.947393	H@5 0.970670	H@10 0.986499
INFO:meta-cli.py:Epoch 82/100	Loss 4.3866 ± 0.1236
INFO:meta-cli.py:Epoch 83/100	Loss 4.3859 ± 0.1386
INFO:meta-cli.py:Epoch 84/100	Loss 4.3845 ± 0.1384
INFO:meta-cli.py:Epoch 84/100	dev results	MRR 0.875940	H@1 0.808052	H@3 0.939607	H@5 0.961610	H@10 0.978933
INFO:meta-cli.py:Epoch 84/100	test results	MRR 0.882417	H@1 0.813315	H@3 0.945065	H@5 0.971136	H@10 0.986965
INFO:meta-cli.py:Epoch 85/100	Loss 4.3810 ± 0.1253
INFO:meta-cli.py:Epoch 86/100	Loss 4.3817 ± 0.1336
INFO:meta-cli.py:Epoch 87/100	Loss 4.3786 ± 0.1254
INFO:meta-cli.py:Epoch 87/100	dev results	MRR 0.877464	H@1 0.810861	H@3 0.938202	H@5 0.961610	H@10 0.978933
INFO:meta-cli.py:Epoch 87/100	test results	MRR 0.882406	H@1 0.813780	H@3 0.945531	H@5 0.971136	H@10 0.986965
INFO:meta-cli.py:Epoch 88/100	Loss 4.3797 ± 0.1334
INFO:meta-cli.py:Epoch 89/100	Loss 4.3756 ± 0.1324
INFO:meta-cli.py:Epoch 90/100	Loss 4.3758 ± 0.1258
INFO:meta-cli.py:Epoch 90/100	dev results	MRR 0.874958	H@1 0.806180	H@3 0.936798	H@5 0.962547	H@10 0.978933
INFO:meta-cli.py:Epoch 90/100	test results	MRR 0.881521	H@1 0.813315	H@3 0.945531	H@5 0.969274	H@10 0.986965
INFO:meta-cli.py:Epoch 91/100	Loss 4.3738 ± 0.1485
INFO:meta-cli.py:Epoch 92/100	Loss 4.3735 ± 0.1247
INFO:meta-cli.py:Epoch 93/100	Loss 4.3718 ± 0.1158
INFO:meta-cli.py:Epoch 93/100	dev results	MRR 0.875901	H@1 0.808052	H@3 0.938670	H@5 0.962079	H@10 0.978464
INFO:meta-cli.py:Epoch 93/100	test results	MRR 0.882516	H@1 0.814246	H@3 0.945996	H@5 0.972533	H@10 0.986499
INFO:meta-cli.py:Epoch 94/100	Loss 4.3692 ± 0.1195
INFO:meta-cli.py:Epoch 95/100	Loss 4.3693 ± 0.1327
INFO:meta-cli.py:Epoch 96/100	Loss 4.3683 ± 0.1290
INFO:meta-cli.py:Epoch 96/100	dev results	MRR 0.876478	H@1 0.809457	H@3 0.937266	H@5 0.962079	H@10 0.978933
INFO:meta-cli.py:Epoch 96/100	test results	MRR 0.881407	H@1 0.811918	H@3 0.945996	H@5 0.971136	H@10 0.986499
INFO:meta-cli.py:Epoch 97/100	Loss 4.3679 ± 0.1279
INFO:meta-cli.py:Epoch 98/100	Loss 4.3650 ± 0.1122
INFO:meta-cli.py:Epoch 99/100	Loss 4.3652 ± 0.1248
INFO:meta-cli.py:Epoch 99/100	dev results	MRR 0.875922	H@1 0.808989	H@3 0.937734	H@5 0.961610	H@10 0.978464
INFO:meta-cli.py:Epoch 99/100	test results	MRR 0.881032	H@1 0.811918	H@3 0.945065	H@5 0.970670	H@10 0.986499
INFO:meta-cli.py:Epoch 100/100	Loss 4.3640 ± 0.1268
INFO:meta-cli.py:Final 	dev results	MRR 0.875370	H@1 0.807584	H@3 0.937734	H@5 0.961142	H@10 0.978464
INFO:meta-cli.py:Final 	test results	MRR 0.881641	H@1 0.812384	H@3 0.945531	H@5 0.970205	H@10 0.986499
INFO:meta-cli.py:Training finished
