./bin/meta-cli.py --train data/kinship/train.tsv --dev data/kinship/dev.tsv --test data/kinship/test.tsv -m complex -k 10 -b 100 -e 100 --F2 0 --N3 0.1 -l 0.1 -I reciprocal -V 3 -o adagrad -q
{'F2': 0.0,
 'N3': 0.1,
 'batch_size': 100,
 'dev': 'data/kinship/dev.tsv',
 'embedding_size': 10,
 'epochs': 100,
 'eval_batch_size': None,
 'input_type': 'reciprocal',
 'learning_rate': 0.1,
 'load': None,
 'model': 'complex',
 'optimizer': 'adagrad',
 'quiet': True,
 'save': None,
 'seed': 0,
 'test': 'data/kinship/test.tsv',
 'test_i': None,
 'test_ii': None,
 'train': 'data/kinship/train.tsv',
 'validate_every': 3}
INFO:meta-cli.py:Device: cpu
INFO:meta-cli.py:Model state:
INFO:meta-cli.py:	entities.weight	torch.Size([104, 20])
INFO:meta-cli.py:	predicates.weight	torch.Size([50, 20])
INFO:meta-cli.py:Epoch 1/100	Loss 8.0963 ± 0.7193
INFO:meta-cli.py:Epoch 2/100	Loss 7.4256 ± 0.0906
INFO:meta-cli.py:Epoch 3/100	Loss 7.3831 ± 0.0977
INFO:meta-cli.py:Epoch 3/100	dev results	MRR 0.608524	H@1 0.463015	H@3 0.693352	H@5 0.805243	H@10 0.919007
INFO:meta-cli.py:Epoch 3/100	test results	MRR 0.586646	H@1 0.432030	H@3 0.676909	H@5 0.791899	H@10 0.916201
INFO:meta-cli.py:Epoch 4/100	Loss 7.3564 ± 0.1040
INFO:meta-cli.py:Epoch 5/100	Loss 7.3432 ± 0.1140
INFO:meta-cli.py:Epoch 6/100	Loss 7.3374 ± 0.1141
INFO:meta-cli.py:Epoch 6/100	dev results	MRR 0.624661	H@1 0.481742	H@3 0.706461	H@5 0.821629	H@10 0.933989
INFO:meta-cli.py:Epoch 6/100	test results	MRR 0.611267	H@1 0.462756	H@3 0.699255	H@5 0.811453	H@10 0.927840
INFO:meta-cli.py:Epoch 7/100	Loss 7.3297 ± 0.1084
INFO:meta-cli.py:Epoch 8/100	Loss 7.3200 ± 0.1093
INFO:meta-cli.py:Epoch 9/100	Loss 7.3129 ± 0.1005
INFO:meta-cli.py:Epoch 9/100	dev results	MRR 0.643582	H@1 0.502809	H@3 0.727528	H@5 0.832865	H@10 0.937734
INFO:meta-cli.py:Epoch 9/100	test results	MRR 0.622954	H@1 0.473464	H@3 0.714153	H@5 0.828678	H@10 0.932030
INFO:meta-cli.py:Epoch 10/100	Loss 7.3051 ± 0.1087
INFO:meta-cli.py:Epoch 11/100	Loss 7.3000 ± 0.1054
INFO:meta-cli.py:Epoch 12/100	Loss 7.2965 ± 0.1037
INFO:meta-cli.py:Epoch 12/100	dev results	MRR 0.656949	H@1 0.521067	H@3 0.739700	H@5 0.840824	H@10 0.940075
INFO:meta-cli.py:Epoch 12/100	test results	MRR 0.636967	H@1 0.490223	H@3 0.731378	H@5 0.837058	H@10 0.936685
INFO:meta-cli.py:Epoch 13/100	Loss 7.2940 ± 0.1064
INFO:meta-cli.py:Epoch 14/100	Loss 7.2917 ± 0.1127
INFO:meta-cli.py:Epoch 15/100	Loss 7.2906 ± 0.1138
INFO:meta-cli.py:Epoch 15/100	dev results	MRR 0.658719	H@1 0.522472	H@3 0.743914	H@5 0.845037	H@10 0.942884
INFO:meta-cli.py:Epoch 15/100	test results	MRR 0.643804	H@1 0.499534	H@3 0.735102	H@5 0.843110	H@10 0.938547
INFO:meta-cli.py:Epoch 16/100	Loss 7.2892 ± 0.1022
INFO:meta-cli.py:Epoch 17/100	Loss 7.2881 ± 0.1091
INFO:meta-cli.py:Epoch 18/100	Loss 7.2873 ± 0.1087
INFO:meta-cli.py:Epoch 18/100	dev results	MRR 0.659660	H@1 0.524813	H@3 0.744850	H@5 0.844569	H@10 0.942884
INFO:meta-cli.py:Epoch 18/100	test results	MRR 0.645795	H@1 0.501397	H@3 0.742086	H@5 0.844972	H@10 0.938547
INFO:meta-cli.py:Epoch 19/100	Loss 7.2866 ± 0.1046
INFO:meta-cli.py:Epoch 20/100	Loss 7.2857 ± 0.1146
INFO:meta-cli.py:Epoch 21/100	Loss 7.2851 ± 0.1086
INFO:meta-cli.py:Epoch 21/100	dev results	MRR 0.659090	H@1 0.522940	H@3 0.748596	H@5 0.846910	H@10 0.944288
INFO:meta-cli.py:Epoch 21/100	test results	MRR 0.645574	H@1 0.501397	H@3 0.739758	H@5 0.843110	H@10 0.937151
INFO:meta-cli.py:Epoch 22/100	Loss 7.2847 ± 0.1113
INFO:meta-cli.py:Epoch 23/100	Loss 7.2840 ± 0.1146
INFO:meta-cli.py:Epoch 24/100	Loss 7.2837 ± 0.1034
INFO:meta-cli.py:Epoch 24/100	dev results	MRR 0.659314	H@1 0.523408	H@3 0.748596	H@5 0.848315	H@10 0.942884
INFO:meta-cli.py:Epoch 24/100	test results	MRR 0.647547	H@1 0.502328	H@3 0.743948	H@5 0.843575	H@10 0.939479
INFO:meta-cli.py:Epoch 25/100	Loss 7.2833 ± 0.0922
INFO:meta-cli.py:Epoch 26/100	Loss 7.2828 ± 0.1060
INFO:meta-cli.py:Epoch 27/100	Loss 7.2826 ± 0.1093
INFO:meta-cli.py:Epoch 27/100	dev results	MRR 0.658740	H@1 0.522004	H@3 0.745318	H@5 0.845974	H@10 0.943820
INFO:meta-cli.py:Epoch 27/100	test results	MRR 0.648036	H@1 0.502793	H@3 0.744413	H@5 0.847300	H@10 0.939013
INFO:meta-cli.py:Epoch 28/100	Loss 7.2822 ± 0.0997
INFO:meta-cli.py:Epoch 29/100	Loss 7.2821 ± 0.1040
INFO:meta-cli.py:Epoch 30/100	Loss 7.2815 ± 0.0955
INFO:meta-cli.py:Epoch 30/100	dev results	MRR 0.658915	H@1 0.522004	H@3 0.742978	H@5 0.849251	H@10 0.943820
INFO:meta-cli.py:Epoch 30/100	test results	MRR 0.648366	H@1 0.503259	H@3 0.743948	H@5 0.843110	H@10 0.939013
INFO:meta-cli.py:Epoch 31/100	Loss 7.2813 ± 0.1011
INFO:meta-cli.py:Epoch 32/100	Loss 7.2810 ± 0.1090
INFO:meta-cli.py:Epoch 33/100	Loss 7.2808 ± 0.0991
INFO:meta-cli.py:Epoch 33/100	dev results	MRR 0.659609	H@1 0.522940	H@3 0.747191	H@5 0.845037	H@10 0.943820
INFO:meta-cli.py:Epoch 33/100	test results	MRR 0.647682	H@1 0.501397	H@3 0.746741	H@5 0.847300	H@10 0.939479
INFO:meta-cli.py:Epoch 34/100	Loss 7.2808 ± 0.0965
INFO:meta-cli.py:Epoch 35/100	Loss 7.2804 ± 0.1000
INFO:meta-cli.py:Epoch 36/100	Loss 7.2801 ± 0.1080
INFO:meta-cli.py:Epoch 36/100	dev results	MRR 0.661374	H@1 0.525749	H@3 0.750000	H@5 0.847378	H@10 0.943352
INFO:meta-cli.py:Epoch 36/100	test results	MRR 0.648025	H@1 0.501862	H@3 0.748138	H@5 0.846369	H@10 0.938547
INFO:meta-cli.py:Epoch 37/100	Loss 7.2800 ± 0.1060
INFO:meta-cli.py:Epoch 38/100	Loss 7.2799 ± 0.1099
INFO:meta-cli.py:Epoch 39/100	Loss 7.2797 ± 0.1163
INFO:meta-cli.py:Epoch 39/100	dev results	MRR 0.660842	H@1 0.525749	H@3 0.747191	H@5 0.844569	H@10 0.943820
INFO:meta-cli.py:Epoch 39/100	test results	MRR 0.650113	H@1 0.505121	H@3 0.746741	H@5 0.847765	H@10 0.938082
INFO:meta-cli.py:Epoch 40/100	Loss 7.2795 ± 0.1016
INFO:meta-cli.py:Epoch 41/100	Loss 7.2795 ± 0.1119
INFO:meta-cli.py:Epoch 42/100	Loss 7.2791 ± 0.0924
INFO:meta-cli.py:Epoch 42/100	dev results	MRR 0.661367	H@1 0.525281	H@3 0.747659	H@5 0.844569	H@10 0.946161
INFO:meta-cli.py:Epoch 42/100	test results	MRR 0.650711	H@1 0.506983	H@3 0.745810	H@5 0.847300	H@10 0.940875
INFO:meta-cli.py:Epoch 43/100	Loss 7.2789 ± 0.1194
INFO:meta-cli.py:Epoch 44/100	Loss 7.2788 ± 0.1026
INFO:meta-cli.py:Epoch 45/100	Loss 7.2788 ± 0.1111
INFO:meta-cli.py:Epoch 45/100	dev results	MRR 0.661552	H@1 0.525749	H@3 0.746255	H@5 0.843633	H@10 0.945693
INFO:meta-cli.py:Epoch 45/100	test results	MRR 0.651181	H@1 0.506518	H@3 0.745810	H@5 0.845438	H@10 0.938547
INFO:meta-cli.py:Epoch 46/100	Loss 7.2786 ± 0.1102
INFO:meta-cli.py:Epoch 47/100	Loss 7.2783 ± 0.1131
INFO:meta-cli.py:Epoch 48/100	Loss 7.2783 ± 0.0925
INFO:meta-cli.py:Epoch 48/100	dev results	MRR 0.660335	H@1 0.523876	H@3 0.742978	H@5 0.847846	H@10 0.946161
INFO:meta-cli.py:Epoch 48/100	test results	MRR 0.648789	H@1 0.501862	H@3 0.750000	H@5 0.846369	H@10 0.939479
INFO:meta-cli.py:Epoch 49/100	Loss 7.2782 ± 0.1034
INFO:meta-cli.py:Epoch 50/100	Loss 7.2781 ± 0.1115
INFO:meta-cli.py:Epoch 51/100	Loss 7.2780 ± 0.1018
INFO:meta-cli.py:Epoch 51/100	dev results	MRR 0.661506	H@1 0.525281	H@3 0.746723	H@5 0.845037	H@10 0.945693
INFO:meta-cli.py:Epoch 51/100	test results	MRR 0.651914	H@1 0.508845	H@3 0.748138	H@5 0.847765	H@10 0.939479
INFO:meta-cli.py:Epoch 52/100	Loss 7.2780 ± 0.1058
INFO:meta-cli.py:Epoch 53/100	Loss 7.2778 ± 0.1095
INFO:meta-cli.py:Epoch 54/100	Loss 7.2777 ± 0.1022
INFO:meta-cli.py:Epoch 54/100	dev results	MRR 0.660944	H@1 0.524813	H@3 0.745318	H@5 0.845037	H@10 0.947097
INFO:meta-cli.py:Epoch 54/100	test results	MRR 0.650776	H@1 0.505121	H@3 0.750000	H@5 0.848696	H@10 0.939944
INFO:meta-cli.py:Epoch 55/100	Loss 7.2775 ± 0.1046
INFO:meta-cli.py:Epoch 56/100	Loss 7.2774 ± 0.1088
INFO:meta-cli.py:Epoch 57/100	Loss 7.2773 ± 0.1101
INFO:meta-cli.py:Epoch 57/100	dev results	MRR 0.661471	H@1 0.525281	H@3 0.745318	H@5 0.844569	H@10 0.947566
INFO:meta-cli.py:Epoch 57/100	test results	MRR 0.651465	H@1 0.506983	H@3 0.747672	H@5 0.847765	H@10 0.939479
INFO:meta-cli.py:Epoch 58/100	Loss 7.2771 ± 0.1063
INFO:meta-cli.py:Epoch 59/100	Loss 7.2772 ± 0.1072
INFO:meta-cli.py:Epoch 60/100	Loss 7.2772 ± 0.1021
INFO:meta-cli.py:Epoch 60/100	dev results	MRR 0.658634	H@1 0.520131	H@3 0.749064	H@5 0.847846	H@10 0.947097
INFO:meta-cli.py:Epoch 60/100	test results	MRR 0.651167	H@1 0.506052	H@3 0.752328	H@5 0.849162	H@10 0.939944
INFO:meta-cli.py:Epoch 61/100	Loss 7.2770 ± 0.1102
INFO:meta-cli.py:Epoch 62/100	Loss 7.2770 ± 0.1070
INFO:meta-cli.py:Epoch 63/100	Loss 7.2768 ± 0.1072
INFO:meta-cli.py:Epoch 63/100	dev results	MRR 0.661237	H@1 0.523876	H@3 0.747191	H@5 0.845974	H@10 0.947566
INFO:meta-cli.py:Epoch 63/100	test results	MRR 0.652800	H@1 0.508845	H@3 0.754190	H@5 0.849162	H@10 0.939944
INFO:meta-cli.py:Epoch 64/100	Loss 7.2767 ± 0.1074
INFO:meta-cli.py:Epoch 65/100	Loss 7.2768 ± 0.1111
INFO:meta-cli.py:Epoch 66/100	Loss 7.2765 ± 0.1127
INFO:meta-cli.py:Epoch 66/100	dev results	MRR 0.658452	H@1 0.519663	H@3 0.747191	H@5 0.844101	H@10 0.947566
INFO:meta-cli.py:Epoch 66/100	test results	MRR 0.652776	H@1 0.509311	H@3 0.750931	H@5 0.847300	H@10 0.939013
INFO:meta-cli.py:Epoch 67/100	Loss 7.2765 ± 0.1136
INFO:meta-cli.py:Epoch 68/100	Loss 7.2765 ± 0.1096
INFO:meta-cli.py:Epoch 69/100	Loss 7.2765 ± 0.1041
INFO:meta-cli.py:Epoch 69/100	dev results	MRR 0.658647	H@1 0.520599	H@3 0.743446	H@5 0.845506	H@10 0.947566
INFO:meta-cli.py:Epoch 69/100	test results	MRR 0.651784	H@1 0.507914	H@3 0.752328	H@5 0.848231	H@10 0.940875
INFO:meta-cli.py:Epoch 70/100	Loss 7.2764 ± 0.1044
INFO:meta-cli.py:Epoch 71/100	Loss 7.2762 ± 0.1079
INFO:meta-cli.py:Epoch 72/100	Loss 7.2764 ± 0.1109
INFO:meta-cli.py:Epoch 72/100	dev results	MRR 0.660392	H@1 0.522472	H@3 0.746255	H@5 0.846910	H@10 0.947566
INFO:meta-cli.py:Epoch 72/100	test results	MRR 0.653042	H@1 0.509777	H@3 0.751862	H@5 0.848231	H@10 0.939479
INFO:meta-cli.py:Epoch 73/100	Loss 7.2760 ± 0.1061
INFO:meta-cli.py:Epoch 74/100	Loss 7.2762 ± 0.1133
INFO:meta-cli.py:Epoch 75/100	Loss 7.2762 ± 0.1063
INFO:meta-cli.py:Epoch 75/100	dev results	MRR 0.659935	H@1 0.521536	H@3 0.746255	H@5 0.846910	H@10 0.947097
INFO:meta-cli.py:Epoch 75/100	test results	MRR 0.652439	H@1 0.507914	H@3 0.752328	H@5 0.846834	H@10 0.940410
INFO:meta-cli.py:Epoch 76/100	Loss 7.2761 ± 0.1114
INFO:meta-cli.py:Epoch 77/100	Loss 7.2759 ± 0.0920
INFO:meta-cli.py:Epoch 78/100	Loss 7.2758 ± 0.1041
INFO:meta-cli.py:Epoch 78/100	dev results	MRR 0.659695	H@1 0.520599	H@3 0.748127	H@5 0.845974	H@10 0.948970
INFO:meta-cli.py:Epoch 78/100	test results	MRR 0.651253	H@1 0.506052	H@3 0.752328	H@5 0.846369	H@10 0.940410
INFO:meta-cli.py:Epoch 79/100	Loss 7.2757 ± 0.0994
INFO:meta-cli.py:Epoch 80/100	Loss 7.2758 ± 0.1050
INFO:meta-cli.py:Epoch 81/100	Loss 7.2758 ± 0.1051
INFO:meta-cli.py:Epoch 81/100	dev results	MRR 0.658328	H@1 0.518727	H@3 0.746255	H@5 0.845506	H@10 0.948034
INFO:meta-cli.py:Epoch 81/100	test results	MRR 0.653600	H@1 0.510242	H@3 0.752793	H@5 0.847300	H@10 0.940875
INFO:meta-cli.py:Epoch 82/100	Loss 7.2757 ± 0.0998
INFO:meta-cli.py:Epoch 83/100	Loss 7.2757 ± 0.1100
INFO:meta-cli.py:Epoch 84/100	Loss 7.2756 ± 0.0937
INFO:meta-cli.py:Epoch 84/100	dev results	MRR 0.658622	H@1 0.519195	H@3 0.744382	H@5 0.846442	H@10 0.948034
INFO:meta-cli.py:Epoch 84/100	test results	MRR 0.653308	H@1 0.509311	H@3 0.752328	H@5 0.846834	H@10 0.940410
INFO:meta-cli.py:Epoch 85/100	Loss 7.2756 ± 0.1016
INFO:meta-cli.py:Epoch 86/100	Loss 7.2755 ± 0.1129
INFO:meta-cli.py:Epoch 87/100	Loss 7.2753 ± 0.1171
INFO:meta-cli.py:Epoch 87/100	dev results	MRR 0.659075	H@1 0.521067	H@3 0.744850	H@5 0.847378	H@10 0.948502
INFO:meta-cli.py:Epoch 87/100	test results	MRR 0.652525	H@1 0.507914	H@3 0.752328	H@5 0.846369	H@10 0.940875
INFO:meta-cli.py:Epoch 88/100	Loss 7.2755 ± 0.1080
INFO:meta-cli.py:Epoch 89/100	Loss 7.2754 ± 0.1130
INFO:meta-cli.py:Epoch 90/100	Loss 7.2753 ± 0.1009
INFO:meta-cli.py:Epoch 90/100	dev results	MRR 0.656412	H@1 0.515449	H@3 0.746723	H@5 0.845506	H@10 0.948034
INFO:meta-cli.py:Epoch 90/100	test results	MRR 0.652708	H@1 0.508380	H@3 0.753259	H@5 0.846834	H@10 0.940875
INFO:meta-cli.py:Epoch 91/100	Loss 7.2752 ± 0.1037
INFO:meta-cli.py:Epoch 92/100	Loss 7.2753 ± 0.1045
INFO:meta-cli.py:Epoch 93/100	Loss 7.2752 ± 0.1111
INFO:meta-cli.py:Epoch 93/100	dev results	MRR 0.657958	H@1 0.518258	H@3 0.744382	H@5 0.845037	H@10 0.948502
INFO:meta-cli.py:Epoch 93/100	test results	MRR 0.654876	H@1 0.512570	H@3 0.753259	H@5 0.849162	H@10 0.940410
INFO:meta-cli.py:Epoch 94/100	Loss 7.2751 ± 0.1047
INFO:meta-cli.py:Epoch 95/100	Loss 7.2750 ± 0.0990
INFO:meta-cli.py:Epoch 96/100	Loss 7.2750 ± 0.1111
INFO:meta-cli.py:Epoch 96/100	dev results	MRR 0.658567	H@1 0.519663	H@3 0.744850	H@5 0.846442	H@10 0.947566
INFO:meta-cli.py:Epoch 96/100	test results	MRR 0.653036	H@1 0.507914	H@3 0.754655	H@5 0.847765	H@10 0.941341
INFO:meta-cli.py:Epoch 97/100	Loss 7.2749 ± 0.1041
INFO:meta-cli.py:Epoch 98/100	Loss 7.2750 ± 0.1063
INFO:meta-cli.py:Epoch 99/100	Loss 7.2749 ± 0.1031
INFO:meta-cli.py:Epoch 99/100	dev results	MRR 0.659154	H@1 0.520131	H@3 0.743914	H@5 0.847378	H@10 0.948502
INFO:meta-cli.py:Epoch 99/100	test results	MRR 0.653485	H@1 0.509777	H@3 0.753724	H@5 0.846834	H@10 0.942272
INFO:meta-cli.py:Epoch 100/100	Loss 7.2747 ± 0.1071
INFO:meta-cli.py:Final 	dev results	MRR 0.659961	H@1 0.521536	H@3 0.747191	H@5 0.846442	H@10 0.948502
INFO:meta-cli.py:Final 	test results	MRR 0.654221	H@1 0.511173	H@3 0.753259	H@5 0.849162	H@10 0.940875
INFO:meta-cli.py:Training finished
