./bin/meta-cli.py --train data/kinship/train.tsv --dev data/kinship/dev.tsv --test data/kinship/test.tsv -m complex -k 500 -b 100 -e 100 --F2 0.01 --N3 0 -l 0.1 -I reciprocal -V 3 -o adagrad -q
{'F2': 0.01,
 'N3': 0.0,
 'batch_size': 100,
 'dev': 'data/kinship/dev.tsv',
 'embedding_size': 500,
 'epochs': 100,
 'eval_batch_size': None,
 'input_type': 'reciprocal',
 'learning_rate': 0.1,
 'load': None,
 'model': 'complex',
 'optimizer': 'adagrad',
 'quiet': True,
 'save': None,
 'seed': 0,
 'test': 'data/kinship/test.tsv',
 'test_i': None,
 'test_ii': None,
 'train': 'data/kinship/train.tsv',
 'validate_every': 3}
INFO:meta-cli.py:Device: cpu
INFO:meta-cli.py:Model state:
INFO:meta-cli.py:	entities.weight	torch.Size([104, 1000])
INFO:meta-cli.py:	predicates.weight	torch.Size([50, 1000])
INFO:meta-cli.py:Epoch 1/100	Loss 7.3444 ± 1.1495
INFO:meta-cli.py:Epoch 2/100	Loss 6.0431 ± 0.1296
INFO:meta-cli.py:Epoch 3/100	Loss 5.8291 ± 0.1412
INFO:meta-cli.py:Epoch 3/100	dev results	MRR 0.836205	H@1 0.744850	H@3 0.916667	H@5 0.952715	H@10 0.974719
INFO:meta-cli.py:Epoch 3/100	test results	MRR 0.843367	H@1 0.755121	H@3 0.922253	H@5 0.959497	H@10 0.983706
INFO:meta-cli.py:Epoch 4/100	Loss 5.7088 ± 0.1515
INFO:meta-cli.py:Epoch 5/100	Loss 5.6272 ± 0.1412
INFO:meta-cli.py:Epoch 6/100	Loss 5.5693 ± 0.1374
INFO:meta-cli.py:Epoch 6/100	dev results	MRR 0.857806	H@1 0.780431	H@3 0.923221	H@5 0.959738	H@10 0.976124
INFO:meta-cli.py:Epoch 6/100	test results	MRR 0.865724	H@1 0.790503	H@3 0.931564	H@5 0.961825	H@10 0.984171
INFO:meta-cli.py:Epoch 7/100	Loss 5.5230 ± 0.1359
INFO:meta-cli.py:Epoch 8/100	Loss 5.4872 ± 0.1383
INFO:meta-cli.py:Epoch 9/100	Loss 5.4584 ± 0.1286
INFO:meta-cli.py:Epoch 9/100	dev results	MRR 0.865041	H@1 0.791199	H@3 0.926030	H@5 0.959270	H@10 0.977996
INFO:meta-cli.py:Epoch 9/100	test results	MRR 0.873036	H@1 0.803073	H@3 0.936220	H@5 0.962291	H@10 0.983240
INFO:meta-cli.py:Epoch 10/100	Loss 5.4342 ± 0.1330
INFO:meta-cli.py:Epoch 11/100	Loss 5.4135 ± 0.1272
INFO:meta-cli.py:Epoch 12/100	Loss 5.3955 ± 0.1295
INFO:meta-cli.py:Epoch 12/100	dev results	MRR 0.864342	H@1 0.789794	H@3 0.926966	H@5 0.960206	H@10 0.977996
INFO:meta-cli.py:Epoch 12/100	test results	MRR 0.867795	H@1 0.793296	H@3 0.932495	H@5 0.965084	H@10 0.982309
INFO:meta-cli.py:Epoch 13/100	Loss 5.3802 ± 0.1265
INFO:meta-cli.py:Epoch 14/100	Loss 5.3661 ± 0.1219
INFO:meta-cli.py:Epoch 15/100	Loss 5.3542 ± 0.1269
INFO:meta-cli.py:Epoch 15/100	dev results	MRR 0.865443	H@1 0.791199	H@3 0.930712	H@5 0.957865	H@10 0.978933
INFO:meta-cli.py:Epoch 15/100	test results	MRR 0.868868	H@1 0.796089	H@3 0.934823	H@5 0.963222	H@10 0.981844
INFO:meta-cli.py:Epoch 16/100	Loss 5.3424 ± 0.1213
INFO:meta-cli.py:Epoch 17/100	Loss 5.3326 ± 0.1072
INFO:meta-cli.py:Epoch 18/100	Loss nan ± nan
INFO:meta-cli.py:Epoch 18/100	dev results	MRR 0.025624	H@1 0.000468	H@3 0.000936	H@5 0.002341	H@10 0.016854
INFO:meta-cli.py:Epoch 18/100	test results	MRR 0.025909	H@1 0.000000	H@3 0.000466	H@5 0.002328	H@10 0.018622
INFO:meta-cli.py:Epoch 19/100	Loss nan ± nan
INFO:meta-cli.py:Epoch 20/100	Loss nan ± nan
INFO:meta-cli.py:Epoch 21/100	Loss nan ± nan
INFO:meta-cli.py:Epoch 21/100	dev results	MRR 0.025624	H@1 0.000468	H@3 0.000936	H@5 0.002341	H@10 0.016854
INFO:meta-cli.py:Epoch 21/100	test results	MRR 0.025909	H@1 0.000000	H@3 0.000466	H@5 0.002328	H@10 0.018622
INFO:meta-cli.py:Epoch 22/100	Loss nan ± nan
INFO:meta-cli.py:Epoch 23/100	Loss nan ± nan
INFO:meta-cli.py:Epoch 24/100	Loss nan ± nan
INFO:meta-cli.py:Epoch 24/100	dev results	MRR 0.025624	H@1 0.000468	H@3 0.000936	H@5 0.002341	H@10 0.016854
INFO:meta-cli.py:Epoch 24/100	test results	MRR 0.025909	H@1 0.000000	H@3 0.000466	H@5 0.002328	H@10 0.018622
INFO:meta-cli.py:Epoch 25/100	Loss nan ± nan
INFO:meta-cli.py:Epoch 26/100	Loss nan ± nan
INFO:meta-cli.py:Epoch 27/100	Loss nan ± nan
INFO:meta-cli.py:Epoch 27/100	dev results	MRR 0.025624	H@1 0.000468	H@3 0.000936	H@5 0.002341	H@10 0.016854
INFO:meta-cli.py:Epoch 27/100	test results	MRR 0.025909	H@1 0.000000	H@3 0.000466	H@5 0.002328	H@10 0.018622
INFO:meta-cli.py:Epoch 28/100	Loss nan ± nan
INFO:meta-cli.py:Epoch 29/100	Loss nan ± nan
INFO:meta-cli.py:Epoch 30/100	Loss nan ± nan
INFO:meta-cli.py:Epoch 30/100	dev results	MRR 0.025624	H@1 0.000468	H@3 0.000936	H@5 0.002341	H@10 0.016854
INFO:meta-cli.py:Epoch 30/100	test results	MRR 0.025909	H@1 0.000000	H@3 0.000466	H@5 0.002328	H@10 0.018622
INFO:meta-cli.py:Epoch 31/100	Loss nan ± nan
INFO:meta-cli.py:Epoch 32/100	Loss nan ± nan
INFO:meta-cli.py:Epoch 33/100	Loss nan ± nan
INFO:meta-cli.py:Epoch 33/100	dev results	MRR 0.025624	H@1 0.000468	H@3 0.000936	H@5 0.002341	H@10 0.016854
INFO:meta-cli.py:Epoch 33/100	test results	MRR 0.025909	H@1 0.000000	H@3 0.000466	H@5 0.002328	H@10 0.018622
INFO:meta-cli.py:Epoch 34/100	Loss nan ± nan
INFO:meta-cli.py:Epoch 35/100	Loss nan ± nan
INFO:meta-cli.py:Epoch 36/100	Loss nan ± nan
INFO:meta-cli.py:Epoch 36/100	dev results	MRR 0.025624	H@1 0.000468	H@3 0.000936	H@5 0.002341	H@10 0.016854
INFO:meta-cli.py:Epoch 36/100	test results	MRR 0.025909	H@1 0.000000	H@3 0.000466	H@5 0.002328	H@10 0.018622
INFO:meta-cli.py:Epoch 37/100	Loss nan ± nan
INFO:meta-cli.py:Epoch 38/100	Loss nan ± nan
INFO:meta-cli.py:Epoch 39/100	Loss nan ± nan
INFO:meta-cli.py:Epoch 39/100	dev results	MRR 0.025624	H@1 0.000468	H@3 0.000936	H@5 0.002341	H@10 0.016854
INFO:meta-cli.py:Epoch 39/100	test results	MRR 0.025909	H@1 0.000000	H@3 0.000466	H@5 0.002328	H@10 0.018622
INFO:meta-cli.py:Epoch 40/100	Loss nan ± nan
INFO:meta-cli.py:Epoch 41/100	Loss nan ± nan
INFO:meta-cli.py:Epoch 42/100	Loss nan ± nan
INFO:meta-cli.py:Epoch 42/100	dev results	MRR 0.025624	H@1 0.000468	H@3 0.000936	H@5 0.002341	H@10 0.016854
INFO:meta-cli.py:Epoch 42/100	test results	MRR 0.025909	H@1 0.000000	H@3 0.000466	H@5 0.002328	H@10 0.018622
INFO:meta-cli.py:Epoch 43/100	Loss nan ± nan
INFO:meta-cli.py:Epoch 44/100	Loss nan ± nan
INFO:meta-cli.py:Epoch 45/100	Loss nan ± nan
INFO:meta-cli.py:Epoch 45/100	dev results	MRR 0.025624	H@1 0.000468	H@3 0.000936	H@5 0.002341	H@10 0.016854
INFO:meta-cli.py:Epoch 45/100	test results	MRR 0.025909	H@1 0.000000	H@3 0.000466	H@5 0.002328	H@10 0.018622
INFO:meta-cli.py:Epoch 46/100	Loss nan ± nan
INFO:meta-cli.py:Epoch 47/100	Loss nan ± nan
INFO:meta-cli.py:Epoch 48/100	Loss nan ± nan
INFO:meta-cli.py:Epoch 48/100	dev results	MRR 0.025624	H@1 0.000468	H@3 0.000936	H@5 0.002341	H@10 0.016854
INFO:meta-cli.py:Epoch 48/100	test results	MRR 0.025909	H@1 0.000000	H@3 0.000466	H@5 0.002328	H@10 0.018622
INFO:meta-cli.py:Epoch 49/100	Loss nan ± nan
INFO:meta-cli.py:Epoch 50/100	Loss nan ± nan
INFO:meta-cli.py:Epoch 51/100	Loss nan ± nan
INFO:meta-cli.py:Epoch 51/100	dev results	MRR 0.025624	H@1 0.000468	H@3 0.000936	H@5 0.002341	H@10 0.016854
INFO:meta-cli.py:Epoch 51/100	test results	MRR 0.025909	H@1 0.000000	H@3 0.000466	H@5 0.002328	H@10 0.018622
INFO:meta-cli.py:Epoch 52/100	Loss nan ± nan
INFO:meta-cli.py:Epoch 53/100	Loss nan ± nan
INFO:meta-cli.py:Epoch 54/100	Loss nan ± nan
INFO:meta-cli.py:Epoch 54/100	dev results	MRR 0.025624	H@1 0.000468	H@3 0.000936	H@5 0.002341	H@10 0.016854
INFO:meta-cli.py:Epoch 54/100	test results	MRR 0.025909	H@1 0.000000	H@3 0.000466	H@5 0.002328	H@10 0.018622
INFO:meta-cli.py:Epoch 55/100	Loss nan ± nan
INFO:meta-cli.py:Epoch 56/100	Loss nan ± nan
INFO:meta-cli.py:Epoch 57/100	Loss nan ± nan
INFO:meta-cli.py:Epoch 57/100	dev results	MRR 0.025624	H@1 0.000468	H@3 0.000936	H@5 0.002341	H@10 0.016854
INFO:meta-cli.py:Epoch 57/100	test results	MRR 0.025909	H@1 0.000000	H@3 0.000466	H@5 0.002328	H@10 0.018622
INFO:meta-cli.py:Epoch 58/100	Loss nan ± nan
INFO:meta-cli.py:Epoch 59/100	Loss nan ± nan
INFO:meta-cli.py:Epoch 60/100	Loss nan ± nan
INFO:meta-cli.py:Epoch 60/100	dev results	MRR 0.025624	H@1 0.000468	H@3 0.000936	H@5 0.002341	H@10 0.016854
INFO:meta-cli.py:Epoch 60/100	test results	MRR 0.025909	H@1 0.000000	H@3 0.000466	H@5 0.002328	H@10 0.018622
INFO:meta-cli.py:Epoch 61/100	Loss nan ± nan
INFO:meta-cli.py:Epoch 62/100	Loss nan ± nan
INFO:meta-cli.py:Epoch 63/100	Loss nan ± nan
INFO:meta-cli.py:Epoch 63/100	dev results	MRR 0.025624	H@1 0.000468	H@3 0.000936	H@5 0.002341	H@10 0.016854
INFO:meta-cli.py:Epoch 63/100	test results	MRR 0.025909	H@1 0.000000	H@3 0.000466	H@5 0.002328	H@10 0.018622
INFO:meta-cli.py:Epoch 64/100	Loss nan ± nan
INFO:meta-cli.py:Epoch 65/100	Loss nan ± nan
INFO:meta-cli.py:Epoch 66/100	Loss nan ± nan
INFO:meta-cli.py:Epoch 66/100	dev results	MRR 0.025624	H@1 0.000468	H@3 0.000936	H@5 0.002341	H@10 0.016854
INFO:meta-cli.py:Epoch 66/100	test results	MRR 0.025909	H@1 0.000000	H@3 0.000466	H@5 0.002328	H@10 0.018622
INFO:meta-cli.py:Epoch 67/100	Loss nan ± nan
INFO:meta-cli.py:Epoch 68/100	Loss nan ± nan
INFO:meta-cli.py:Epoch 69/100	Loss nan ± nan
INFO:meta-cli.py:Epoch 69/100	dev results	MRR 0.025624	H@1 0.000468	H@3 0.000936	H@5 0.002341	H@10 0.016854
INFO:meta-cli.py:Epoch 69/100	test results	MRR 0.025909	H@1 0.000000	H@3 0.000466	H@5 0.002328	H@10 0.018622
INFO:meta-cli.py:Epoch 70/100	Loss nan ± nan
INFO:meta-cli.py:Epoch 71/100	Loss nan ± nan
INFO:meta-cli.py:Epoch 72/100	Loss nan ± nan
INFO:meta-cli.py:Epoch 72/100	dev results	MRR 0.025624	H@1 0.000468	H@3 0.000936	H@5 0.002341	H@10 0.016854
INFO:meta-cli.py:Epoch 72/100	test results	MRR 0.025909	H@1 0.000000	H@3 0.000466	H@5 0.002328	H@10 0.018622
INFO:meta-cli.py:Epoch 73/100	Loss nan ± nan
INFO:meta-cli.py:Epoch 74/100	Loss nan ± nan
INFO:meta-cli.py:Epoch 75/100	Loss nan ± nan
INFO:meta-cli.py:Epoch 75/100	dev results	MRR 0.025624	H@1 0.000468	H@3 0.000936	H@5 0.002341	H@10 0.016854
INFO:meta-cli.py:Epoch 75/100	test results	MRR 0.025909	H@1 0.000000	H@3 0.000466	H@5 0.002328	H@10 0.018622
INFO:meta-cli.py:Epoch 76/100	Loss nan ± nan
INFO:meta-cli.py:Epoch 77/100	Loss nan ± nan
INFO:meta-cli.py:Epoch 78/100	Loss nan ± nan
INFO:meta-cli.py:Epoch 78/100	dev results	MRR 0.025624	H@1 0.000468	H@3 0.000936	H@5 0.002341	H@10 0.016854
INFO:meta-cli.py:Epoch 78/100	test results	MRR 0.025909	H@1 0.000000	H@3 0.000466	H@5 0.002328	H@10 0.018622
INFO:meta-cli.py:Epoch 79/100	Loss nan ± nan
INFO:meta-cli.py:Epoch 80/100	Loss nan ± nan
INFO:meta-cli.py:Epoch 81/100	Loss nan ± nan
INFO:meta-cli.py:Epoch 81/100	dev results	MRR 0.025624	H@1 0.000468	H@3 0.000936	H@5 0.002341	H@10 0.016854
INFO:meta-cli.py:Epoch 81/100	test results	MRR 0.025909	H@1 0.000000	H@3 0.000466	H@5 0.002328	H@10 0.018622
INFO:meta-cli.py:Epoch 82/100	Loss nan ± nan
INFO:meta-cli.py:Epoch 83/100	Loss nan ± nan
INFO:meta-cli.py:Epoch 84/100	Loss nan ± nan
INFO:meta-cli.py:Epoch 84/100	dev results	MRR 0.025624	H@1 0.000468	H@3 0.000936	H@5 0.002341	H@10 0.016854
INFO:meta-cli.py:Epoch 84/100	test results	MRR 0.025909	H@1 0.000000	H@3 0.000466	H@5 0.002328	H@10 0.018622
INFO:meta-cli.py:Epoch 85/100	Loss nan ± nan
INFO:meta-cli.py:Epoch 86/100	Loss nan ± nan
INFO:meta-cli.py:Epoch 87/100	Loss nan ± nan
INFO:meta-cli.py:Epoch 87/100	dev results	MRR 0.025624	H@1 0.000468	H@3 0.000936	H@5 0.002341	H@10 0.016854
INFO:meta-cli.py:Epoch 87/100	test results	MRR 0.025909	H@1 0.000000	H@3 0.000466	H@5 0.002328	H@10 0.018622
INFO:meta-cli.py:Epoch 88/100	Loss nan ± nan
INFO:meta-cli.py:Epoch 89/100	Loss nan ± nan
INFO:meta-cli.py:Epoch 90/100	Loss nan ± nan
INFO:meta-cli.py:Epoch 90/100	dev results	MRR 0.025624	H@1 0.000468	H@3 0.000936	H@5 0.002341	H@10 0.016854
INFO:meta-cli.py:Epoch 90/100	test results	MRR 0.025909	H@1 0.000000	H@3 0.000466	H@5 0.002328	H@10 0.018622
INFO:meta-cli.py:Epoch 91/100	Loss nan ± nan
INFO:meta-cli.py:Epoch 92/100	Loss nan ± nan
INFO:meta-cli.py:Epoch 93/100	Loss nan ± nan
INFO:meta-cli.py:Epoch 93/100	dev results	MRR 0.025624	H@1 0.000468	H@3 0.000936	H@5 0.002341	H@10 0.016854
INFO:meta-cli.py:Epoch 93/100	test results	MRR 0.025909	H@1 0.000000	H@3 0.000466	H@5 0.002328	H@10 0.018622
INFO:meta-cli.py:Epoch 94/100	Loss nan ± nan
INFO:meta-cli.py:Epoch 95/100	Loss nan ± nan
INFO:meta-cli.py:Epoch 96/100	Loss nan ± nan
INFO:meta-cli.py:Epoch 96/100	dev results	MRR 0.025624	H@1 0.000468	H@3 0.000936	H@5 0.002341	H@10 0.016854
INFO:meta-cli.py:Epoch 96/100	test results	MRR 0.025909	H@1 0.000000	H@3 0.000466	H@5 0.002328	H@10 0.018622
INFO:meta-cli.py:Epoch 97/100	Loss nan ± nan
INFO:meta-cli.py:Epoch 98/100	Loss nan ± nan
INFO:meta-cli.py:Epoch 99/100	Loss nan ± nan
INFO:meta-cli.py:Epoch 99/100	dev results	MRR 0.025624	H@1 0.000468	H@3 0.000936	H@5 0.002341	H@10 0.016854
INFO:meta-cli.py:Epoch 99/100	test results	MRR 0.025909	H@1 0.000000	H@3 0.000466	H@5 0.002328	H@10 0.018622
INFO:meta-cli.py:Epoch 100/100	Loss nan ± nan
INFO:meta-cli.py:Final 	dev results	MRR 0.025624	H@1 0.000468	H@3 0.000936	H@5 0.002341	H@10 0.016854
INFO:meta-cli.py:Final 	test results	MRR 0.025909	H@1 0.000000	H@3 0.000466	H@5 0.002328	H@10 0.018622
INFO:meta-cli.py:Training finished
