./bin/meta-cli.py --train data/umls/train.tsv --dev data/umls/dev.tsv --test data/umls/test.tsv -m complex -k 100 -b 100 -e 100 --F2 0.01 --N3 0 -l 0.1 -I reciprocal -V 3 -o adagrad -q
{'F2': 0.01,
 'N3': 0.0,
 'batch_size': 100,
 'dev': 'data/umls/dev.tsv',
 'embedding_size': 100,
 'epochs': 100,
 'eval_batch_size': None,
 'input_type': 'reciprocal',
 'learning_rate': 0.1,
 'load': None,
 'model': 'complex',
 'optimizer': 'adagrad',
 'quiet': True,
 'save': None,
 'seed': 0,
 'test': 'data/umls/test.tsv',
 'test_i': None,
 'test_ii': None,
 'train': 'data/umls/train.tsv',
 'validate_every': 3}
INFO:meta-cli.py:Device: cpu
INFO:meta-cli.py:Model state:
INFO:meta-cli.py:	entities.weight	torch.Size([135, 200])
INFO:meta-cli.py:	predicates.weight	torch.Size([92, 200])
INFO:meta-cli.py:Epoch 1/100	Loss 7.7543 ± 1.1109
INFO:meta-cli.py:Epoch 2/100	Loss 6.3427 ± 0.1302
INFO:meta-cli.py:Epoch 3/100	Loss 6.1481 ± 0.1288
INFO:meta-cli.py:Epoch 3/100	dev results	MRR 0.885772	H@1 0.790644	H@3 0.977761	H@5 0.987730	H@10 0.993098
INFO:meta-cli.py:Epoch 3/100	test results	MRR 0.868628	H@1 0.758699	H@3 0.977307	H@5 0.986384	H@10 0.991679
INFO:meta-cli.py:Epoch 4/100	Loss 6.0729 ± 0.1379
INFO:meta-cli.py:Epoch 5/100	Loss 6.0222 ± 0.1336
INFO:meta-cli.py:Epoch 6/100	Loss 5.9862 ± 0.1299
INFO:meta-cli.py:Epoch 6/100	dev results	MRR 0.915693	H@1 0.848926	H@3 0.978528	H@5 0.987730	H@10 0.995399
INFO:meta-cli.py:Epoch 6/100	test results	MRR 0.906577	H@1 0.828290	H@3 0.981846	H@5 0.991679	H@10 0.995461
INFO:meta-cli.py:Epoch 7/100	Loss 5.9606 ± 0.1332
INFO:meta-cli.py:Epoch 8/100	Loss 5.9389 ± 0.1340
INFO:meta-cli.py:Epoch 9/100	Loss 5.9227 ± 0.1330
INFO:meta-cli.py:Epoch 9/100	dev results	MRR 0.930483	H@1 0.878067	H@3 0.977761	H@5 0.986963	H@10 0.995399
INFO:meta-cli.py:Epoch 9/100	test results	MRR 0.920834	H@1 0.857035	H@3 0.982602	H@5 0.993192	H@10 0.995461
INFO:meta-cli.py:Epoch 10/100	Loss 5.9047 ± 0.1304
INFO:meta-cli.py:Epoch 11/100	Loss 5.8901 ± 0.1293
INFO:meta-cli.py:Epoch 12/100	Loss 5.8793 ± 0.1318
INFO:meta-cli.py:Epoch 12/100	dev results	MRR 0.935994	H@1 0.889571	H@3 0.976994	H@5 0.985429	H@10 0.995399
INFO:meta-cli.py:Epoch 12/100	test results	MRR 0.927891	H@1 0.869894	H@3 0.986384	H@5 0.992436	H@10 0.994705
INFO:meta-cli.py:Epoch 13/100	Loss 5.8673 ± 0.1114
INFO:meta-cli.py:Epoch 14/100	Loss 5.8599 ± 0.1369
INFO:meta-cli.py:Epoch 15/100	Loss 5.8497 ± 0.1208
INFO:meta-cli.py:Epoch 15/100	dev results	MRR 0.935035	H@1 0.888037	H@3 0.977761	H@5 0.983129	H@10 0.995399
INFO:meta-cli.py:Epoch 15/100	test results	MRR 0.927688	H@1 0.869894	H@3 0.984115	H@5 0.992436	H@10 0.994705
INFO:meta-cli.py:Epoch 16/100	Loss 5.8404 ± 0.1278
INFO:meta-cli.py:Epoch 17/100	Loss 5.8365 ± 0.1209
INFO:meta-cli.py:Epoch 18/100	Loss 5.8274 ± 0.1166
INFO:meta-cli.py:Epoch 18/100	dev results	MRR 0.940761	H@1 0.900307	H@3 0.976994	H@5 0.983896	H@10 0.994632
INFO:meta-cli.py:Epoch 18/100	test results	MRR 0.936401	H@1 0.887292	H@3 0.984115	H@5 0.991679	H@10 0.994705
INFO:meta-cli.py:Epoch 19/100	Loss 5.8217 ± 0.1337
INFO:meta-cli.py:Epoch 20/100	Loss 5.8181 ± 0.1348
INFO:meta-cli.py:Epoch 21/100	Loss 5.8123 ± 0.1274
INFO:meta-cli.py:Epoch 21/100	dev results	MRR 0.940680	H@1 0.901074	H@3 0.976227	H@5 0.983129	H@10 0.993865
INFO:meta-cli.py:Epoch 21/100	test results	MRR 0.937459	H@1 0.890318	H@3 0.983359	H@5 0.991679	H@10 0.994705
INFO:meta-cli.py:Epoch 22/100	Loss 5.8038 ± 0.1365
INFO:meta-cli.py:Epoch 23/100	Loss 5.7997 ± 0.1248
INFO:meta-cli.py:Epoch 24/100	Loss 5.7977 ± 0.1284
INFO:meta-cli.py:Epoch 24/100	dev results	MRR 0.942370	H@1 0.904908	H@3 0.976994	H@5 0.981595	H@10 0.993098
INFO:meta-cli.py:Epoch 24/100	test results	MRR 0.938620	H@1 0.892587	H@3 0.982602	H@5 0.991679	H@10 0.994705
INFO:meta-cli.py:Epoch 25/100	Loss 5.7919 ± 0.1282
INFO:meta-cli.py:Epoch 26/100	Loss 5.7875 ± 0.1289
INFO:meta-cli.py:Epoch 27/100	Loss 5.7844 ± 0.1173
INFO:meta-cli.py:Epoch 27/100	dev results	MRR 0.947653	H@1 0.916411	H@3 0.975460	H@5 0.982362	H@10 0.991564
INFO:meta-cli.py:Epoch 27/100	test results	MRR 0.942178	H@1 0.900151	H@3 0.983359	H@5 0.991679	H@10 0.994705
INFO:meta-cli.py:Epoch 28/100	Loss 5.7795 ± 0.1309
INFO:meta-cli.py:Epoch 29/100	Loss 5.7767 ± 0.1152
INFO:meta-cli.py:Epoch 30/100	Loss 5.7749 ± 0.1319
INFO:meta-cli.py:Epoch 30/100	dev results	MRR 0.946659	H@1 0.914877	H@3 0.976994	H@5 0.981595	H@10 0.990798
INFO:meta-cli.py:Epoch 30/100	test results	MRR 0.941169	H@1 0.897882	H@3 0.983359	H@5 0.990923	H@10 0.994705
INFO:meta-cli.py:Epoch 31/100	Loss 5.7705 ± 0.1188
INFO:meta-cli.py:Epoch 32/100	Loss 5.7659 ± 0.1125
INFO:meta-cli.py:Epoch 33/100	Loss 5.7642 ± 0.1249
INFO:meta-cli.py:Epoch 33/100	dev results	MRR 0.944246	H@1 0.911043	H@3 0.973926	H@5 0.982362	H@10 0.989264
INFO:meta-cli.py:Epoch 33/100	test results	MRR 0.940201	H@1 0.895613	H@3 0.982602	H@5 0.990923	H@10 0.993949
INFO:meta-cli.py:Epoch 34/100	Loss 5.7606 ± 0.1067
INFO:meta-cli.py:Epoch 35/100	Loss 5.7591 ± 0.1290
INFO:meta-cli.py:Epoch 36/100	Loss 5.7565 ± 0.1057
INFO:meta-cli.py:Epoch 36/100	dev results	MRR 0.945040	H@1 0.914110	H@3 0.973926	H@5 0.981595	H@10 0.989264
INFO:meta-cli.py:Epoch 36/100	test results	MRR 0.941430	H@1 0.898638	H@3 0.982602	H@5 0.992436	H@10 0.993949
INFO:meta-cli.py:Epoch 37/100	Loss 5.7562 ± 0.1189
INFO:meta-cli.py:Epoch 38/100	Loss 5.7494 ± 0.1193
INFO:meta-cli.py:Epoch 39/100	Loss 5.7500 ± 0.1262
INFO:meta-cli.py:Epoch 39/100	dev results	MRR 0.943452	H@1 0.911043	H@3 0.972393	H@5 0.981595	H@10 0.988497
INFO:meta-cli.py:Epoch 39/100	test results	MRR 0.940796	H@1 0.897882	H@3 0.982602	H@5 0.992436	H@10 0.993949
INFO:meta-cli.py:Epoch 40/100	Loss 5.7500 ± 0.1236
INFO:meta-cli.py:Epoch 41/100	Loss 5.7448 ± 0.1124
INFO:meta-cli.py:Epoch 42/100	Loss 5.7425 ± 0.1177
INFO:meta-cli.py:Epoch 42/100	dev results	MRR 0.941685	H@1 0.907975	H@3 0.971626	H@5 0.983129	H@10 0.989264
INFO:meta-cli.py:Epoch 42/100	test results	MRR 0.939330	H@1 0.894856	H@3 0.983359	H@5 0.992436	H@10 0.993949
INFO:meta-cli.py:Epoch 43/100	Loss 5.7420 ± 0.1096
INFO:meta-cli.py:Epoch 44/100	Loss 5.7366 ± 0.1277
INFO:meta-cli.py:Epoch 45/100	Loss 5.7361 ± 0.1272
INFO:meta-cli.py:Epoch 45/100	dev results	MRR 0.941483	H@1 0.907209	H@3 0.973160	H@5 0.981595	H@10 0.989264
INFO:meta-cli.py:Epoch 45/100	test results	MRR 0.940431	H@1 0.897126	H@3 0.981846	H@5 0.992436	H@10 0.994705
INFO:meta-cli.py:Epoch 46/100	Loss 5.7353 ± 0.1155
INFO:meta-cli.py:Epoch 47/100	Loss 5.7358 ± 0.1227
INFO:meta-cli.py:Epoch 48/100	Loss 5.7303 ± 0.1184
INFO:meta-cli.py:Epoch 48/100	dev results	MRR 0.941026	H@1 0.906442	H@3 0.972393	H@5 0.980828	H@10 0.988497
INFO:meta-cli.py:Epoch 48/100	test results	MRR 0.939055	H@1 0.894856	H@3 0.981846	H@5 0.992436	H@10 0.994705
INFO:meta-cli.py:Epoch 49/100	Loss 5.7323 ± 0.1227
INFO:meta-cli.py:Epoch 50/100	Loss 5.7273 ± 0.1102
INFO:meta-cli.py:Epoch 51/100	Loss 5.7275 ± 0.1342
INFO:meta-cli.py:Epoch 51/100	dev results	MRR 0.940967	H@1 0.907209	H@3 0.971626	H@5 0.980828	H@10 0.988497
INFO:meta-cli.py:Epoch 51/100	test results	MRR 0.939947	H@1 0.897126	H@3 0.981846	H@5 0.992436	H@10 0.994705
INFO:meta-cli.py:Epoch 52/100	Loss 5.7255 ± 0.1153
INFO:meta-cli.py:Epoch 53/100	Loss 5.7236 ± 0.1218
INFO:meta-cli.py:Epoch 54/100	Loss 5.7242 ± 0.1369
INFO:meta-cli.py:Epoch 54/100	dev results	MRR 0.940850	H@1 0.907209	H@3 0.970859	H@5 0.979294	H@10 0.988497
INFO:meta-cli.py:Epoch 54/100	test results	MRR 0.939408	H@1 0.895613	H@3 0.982602	H@5 0.992436	H@10 0.994705
INFO:meta-cli.py:Epoch 55/100	Loss 5.7226 ± 0.1293
INFO:meta-cli.py:Epoch 56/100	Loss 5.7203 ± 0.1174
INFO:meta-cli.py:Epoch 57/100	Loss 5.7193 ± 0.1112
INFO:meta-cli.py:Epoch 57/100	dev results	MRR 0.938627	H@1 0.903374	H@3 0.969325	H@5 0.978528	H@10 0.988497
INFO:meta-cli.py:Epoch 57/100	test results	MRR 0.936534	H@1 0.891074	H@3 0.981846	H@5 0.992436	H@10 0.994705
INFO:meta-cli.py:Epoch 58/100	Loss 5.7154 ± 0.1111
INFO:meta-cli.py:Epoch 59/100	Loss 5.7146 ± 0.1224
INFO:meta-cli.py:Epoch 60/100	Loss 5.7161 ± 0.1124
INFO:meta-cli.py:Epoch 60/100	dev results	MRR 0.938039	H@1 0.901840	H@3 0.971626	H@5 0.979294	H@10 0.988497
INFO:meta-cli.py:Epoch 60/100	test results	MRR 0.936422	H@1 0.891074	H@3 0.981846	H@5 0.991679	H@10 0.994705
INFO:meta-cli.py:Epoch 61/100	Loss 5.7147 ± 0.1153
INFO:meta-cli.py:Epoch 62/100	Loss 5.7133 ± 0.1300
INFO:meta-cli.py:Epoch 63/100	Loss 5.7127 ± 0.1240
INFO:meta-cli.py:Epoch 63/100	dev results	MRR 0.937314	H@1 0.900307	H@3 0.970092	H@5 0.977761	H@10 0.988497
INFO:meta-cli.py:Epoch 63/100	test results	MRR 0.936793	H@1 0.891831	H@3 0.981846	H@5 0.991679	H@10 0.994705
INFO:meta-cli.py:Epoch 64/100	Loss 5.7115 ± 0.1222
INFO:meta-cli.py:Epoch 65/100	Loss 5.7099 ± 0.1190
INFO:meta-cli.py:Epoch 66/100	Loss 5.7070 ± 0.1511
INFO:meta-cli.py:Epoch 66/100	dev results	MRR 0.938255	H@1 0.902607	H@3 0.970092	H@5 0.979294	H@10 0.988497
INFO:meta-cli.py:Epoch 66/100	test results	MRR 0.937027	H@1 0.891831	H@3 0.982602	H@5 0.991679	H@10 0.994705
INFO:meta-cli.py:Epoch 67/100	Loss 5.7056 ± 0.1126
INFO:meta-cli.py:Epoch 68/100	Loss 5.7079 ± 0.1297
INFO:meta-cli.py:Epoch 69/100	Loss 5.7049 ± 0.1075
INFO:meta-cli.py:Epoch 69/100	dev results	MRR 0.937751	H@1 0.901840	H@3 0.969325	H@5 0.978528	H@10 0.988497
INFO:meta-cli.py:Epoch 69/100	test results	MRR 0.937156	H@1 0.893343	H@3 0.979576	H@5 0.992436	H@10 0.994705
INFO:meta-cli.py:Epoch 70/100	Loss 5.7056 ± 0.1112
INFO:meta-cli.py:Epoch 71/100	Loss 5.7048 ± 0.1280
INFO:meta-cli.py:Epoch 72/100	Loss 5.7027 ± 0.1090
INFO:meta-cli.py:Epoch 72/100	dev results	MRR 0.935269	H@1 0.897239	H@3 0.969325	H@5 0.978528	H@10 0.988497
INFO:meta-cli.py:Epoch 72/100	test results	MRR 0.936135	H@1 0.891074	H@3 0.981089	H@5 0.990923	H@10 0.994705
INFO:meta-cli.py:Epoch 73/100	Loss 5.7018 ± 0.1293
INFO:meta-cli.py:Epoch 74/100	Loss 5.7014 ± 0.1216
INFO:meta-cli.py:Epoch 75/100	Loss 5.6996 ± 0.1142
INFO:meta-cli.py:Epoch 75/100	dev results	MRR 0.935418	H@1 0.897239	H@3 0.969325	H@5 0.979294	H@10 0.987730
INFO:meta-cli.py:Epoch 75/100	test results	MRR 0.935217	H@1 0.888805	H@3 0.981089	H@5 0.990166	H@10 0.994705
INFO:meta-cli.py:Epoch 76/100	Loss 5.6994 ± 0.1136
INFO:meta-cli.py:Epoch 77/100	Loss 5.6969 ± 0.1235
INFO:meta-cli.py:Epoch 78/100	Loss 5.6968 ± 0.1186
INFO:meta-cli.py:Epoch 78/100	dev results	MRR 0.934986	H@1 0.896472	H@3 0.967791	H@5 0.980061	H@10 0.988497
INFO:meta-cli.py:Epoch 78/100	test results	MRR 0.934730	H@1 0.888805	H@3 0.981089	H@5 0.990923	H@10 0.993949
INFO:meta-cli.py:Epoch 79/100	Loss 5.6961 ± 0.1403
INFO:meta-cli.py:Epoch 80/100	Loss 5.6953 ± 0.1159
INFO:meta-cli.py:Epoch 81/100	Loss 5.6950 ± 0.1262
INFO:meta-cli.py:Epoch 81/100	dev results	MRR 0.935475	H@1 0.898006	H@3 0.968558	H@5 0.978528	H@10 0.988497
INFO:meta-cli.py:Epoch 81/100	test results	MRR 0.934232	H@1 0.888048	H@3 0.981089	H@5 0.990923	H@10 0.993949
INFO:meta-cli.py:Epoch 82/100	Loss 5.6944 ± 0.1162
INFO:meta-cli.py:Epoch 83/100	Loss 5.6923 ± 0.1209
INFO:meta-cli.py:Epoch 84/100	Loss 5.6908 ± 0.1148
INFO:meta-cli.py:Epoch 84/100	dev results	MRR 0.934365	H@1 0.896472	H@3 0.967791	H@5 0.976994	H@10 0.988497
INFO:meta-cli.py:Epoch 84/100	test results	MRR 0.934382	H@1 0.888805	H@3 0.981846	H@5 0.990923	H@10 0.994705
INFO:meta-cli.py:Epoch 85/100	Loss 5.6918 ± 0.1263
INFO:meta-cli.py:Epoch 86/100	Loss 5.6931 ± 0.1200
INFO:meta-cli.py:Epoch 87/100	Loss 5.6885 ± 0.1141
INFO:meta-cli.py:Epoch 87/100	dev results	MRR 0.935596	H@1 0.898773	H@3 0.967025	H@5 0.976994	H@10 0.987730
INFO:meta-cli.py:Epoch 87/100	test results	MRR 0.934311	H@1 0.888805	H@3 0.981846	H@5 0.990166	H@10 0.993949
INFO:meta-cli.py:Epoch 88/100	Loss 5.6890 ± 0.1148
INFO:meta-cli.py:Epoch 89/100	Loss 5.6896 ± 0.1192
INFO:meta-cli.py:Epoch 90/100	Loss 5.6882 ± 0.1148
INFO:meta-cli.py:Epoch 90/100	dev results	MRR 0.934511	H@1 0.897239	H@3 0.967791	H@5 0.976994	H@10 0.987730
INFO:meta-cli.py:Epoch 90/100	test results	MRR 0.933202	H@1 0.886536	H@3 0.981846	H@5 0.990923	H@10 0.993949
INFO:meta-cli.py:Epoch 91/100	Loss 5.6878 ± 0.1115
INFO:meta-cli.py:Epoch 92/100	Loss 5.6864 ± 0.1199
INFO:meta-cli.py:Epoch 93/100	Loss 5.6861 ± 0.1121
INFO:meta-cli.py:Epoch 93/100	dev results	MRR 0.933500	H@1 0.895706	H@3 0.967025	H@5 0.975460	H@10 0.986963
INFO:meta-cli.py:Epoch 93/100	test results	MRR 0.931937	H@1 0.884266	H@3 0.980333	H@5 0.990923	H@10 0.993949
INFO:meta-cli.py:Epoch 94/100	Loss 5.6855 ± 0.1339
INFO:meta-cli.py:Epoch 95/100	Loss 5.6854 ± 0.1089
INFO:meta-cli.py:Epoch 96/100	Loss nan ± nan
INFO:meta-cli.py:Epoch 96/100	dev results	MRR 0.023028	H@1 0.000000	H@3 0.001534	H@5 0.009969	H@10 0.019172
INFO:meta-cli.py:Epoch 96/100	test results	MRR 0.023434	H@1 0.000000	H@3 0.000756	H@5 0.011346	H@10 0.027231
INFO:meta-cli.py:Epoch 97/100	Loss nan ± nan
INFO:meta-cli.py:Epoch 98/100	Loss nan ± nan
INFO:meta-cli.py:Epoch 99/100	Loss nan ± nan
INFO:meta-cli.py:Epoch 99/100	dev results	MRR 0.023028	H@1 0.000000	H@3 0.001534	H@5 0.009969	H@10 0.019172
INFO:meta-cli.py:Epoch 99/100	test results	MRR 0.023434	H@1 0.000000	H@3 0.000756	H@5 0.011346	H@10 0.027231
INFO:meta-cli.py:Epoch 100/100	Loss nan ± nan
INFO:meta-cli.py:Final 	dev results	MRR 0.023028	H@1 0.000000	H@3 0.001534	H@5 0.009969	H@10 0.019172
INFO:meta-cli.py:Final 	test results	MRR 0.023434	H@1 0.000000	H@3 0.000756	H@5 0.011346	H@10 0.027231
INFO:meta-cli.py:Training finished
