./bin/meta-cli.py --train data/kinship/train.tsv --dev data/kinship/dev.tsv --test data/kinship/test.tsv -m complex -k 10 -b 100 -e 100 --F2 0 --N3 0.001 -l 0.1 -I reciprocal -V 3 -o adagrad -q
{'F2': 0.0,
 'N3': 0.001,
 'batch_size': 100,
 'dev': 'data/kinship/dev.tsv',
 'embedding_size': 10,
 'epochs': 100,
 'eval_batch_size': None,
 'input_type': 'reciprocal',
 'learning_rate': 0.1,
 'load': None,
 'model': 'complex',
 'optimizer': 'adagrad',
 'quiet': True,
 'save': None,
 'seed': 0,
 'test': 'data/kinship/test.tsv',
 'test_i': None,
 'test_ii': None,
 'train': 'data/kinship/train.tsv',
 'validate_every': 3}
INFO:meta-cli.py:Device: cpu
INFO:meta-cli.py:Model state:
INFO:meta-cli.py:	entities.weight	torch.Size([104, 20])
INFO:meta-cli.py:	predicates.weight	torch.Size([50, 20])
INFO:meta-cli.py:Epoch 1/100	Loss 7.4758 ± 1.1464
INFO:meta-cli.py:Epoch 2/100	Loss 5.9574 ± 0.1870
INFO:meta-cli.py:Epoch 3/100	Loss 5.7086 ± 0.1867
INFO:meta-cli.py:Epoch 3/100	dev results	MRR 0.682171	H@1 0.543539	H@3 0.775749	H@5 0.865637	H@10 0.948970
INFO:meta-cli.py:Epoch 3/100	test results	MRR 0.682219	H@1 0.539572	H@3 0.781657	H@5 0.874767	H@10 0.955307
INFO:meta-cli.py:Epoch 4/100	Loss 5.6041 ± 0.1983
INFO:meta-cli.py:Epoch 5/100	Loss 5.5436 ± 0.1930
INFO:meta-cli.py:Epoch 6/100	Loss 5.5056 ± 0.1986
INFO:meta-cli.py:Epoch 6/100	dev results	MRR 0.714423	H@1 0.582397	H@3 0.813202	H@5 0.892322	H@10 0.958333
INFO:meta-cli.py:Epoch 6/100	test results	MRR 0.719243	H@1 0.584264	H@3 0.824488	H@5 0.901769	H@10 0.964618
INFO:meta-cli.py:Epoch 7/100	Loss 5.4763 ± 0.1916
INFO:meta-cli.py:Epoch 8/100	Loss 5.4544 ± 0.1971
INFO:meta-cli.py:Epoch 9/100	Loss 5.4377 ± 0.1838
INFO:meta-cli.py:Epoch 9/100	dev results	MRR 0.729710	H@1 0.601124	H@3 0.829588	H@5 0.899813	H@10 0.957397
INFO:meta-cli.py:Epoch 9/100	test results	MRR 0.728772	H@1 0.594507	H@3 0.831471	H@5 0.912011	H@10 0.969274
INFO:meta-cli.py:Epoch 10/100	Loss 5.4225 ± 0.1876
INFO:meta-cli.py:Epoch 11/100	Loss 5.4111 ± 0.1856
INFO:meta-cli.py:Epoch 12/100	Loss 5.4003 ± 0.1762
INFO:meta-cli.py:Epoch 12/100	dev results	MRR 0.733593	H@1 0.604401	H@3 0.831929	H@5 0.901685	H@10 0.958801
INFO:meta-cli.py:Epoch 12/100	test results	MRR 0.734255	H@1 0.600559	H@3 0.838454	H@5 0.914804	H@10 0.971601
INFO:meta-cli.py:Epoch 13/100	Loss 5.3911 ± 0.1953
INFO:meta-cli.py:Epoch 14/100	Loss 5.3828 ± 0.1910
INFO:meta-cli.py:Epoch 15/100	Loss 5.3758 ± 0.2088
INFO:meta-cli.py:Epoch 15/100	dev results	MRR 0.744460	H@1 0.619382	H@3 0.841292	H@5 0.905899	H@10 0.958801
INFO:meta-cli.py:Epoch 15/100	test results	MRR 0.742974	H@1 0.613128	H@3 0.849628	H@5 0.917598	H@10 0.973464
INFO:meta-cli.py:Epoch 16/100	Loss 5.3688 ± 0.2009
INFO:meta-cli.py:Epoch 17/100	Loss 5.3625 ± 0.1928
INFO:meta-cli.py:Epoch 18/100	Loss 5.3572 ± 0.1916
INFO:meta-cli.py:Epoch 18/100	dev results	MRR 0.748256	H@1 0.625936	H@3 0.840356	H@5 0.909644	H@10 0.960674
INFO:meta-cli.py:Epoch 18/100	test results	MRR 0.748796	H@1 0.621508	H@3 0.852886	H@5 0.919460	H@10 0.972067
INFO:meta-cli.py:Epoch 19/100	Loss 5.3524 ± 0.1893
INFO:meta-cli.py:Epoch 20/100	Loss 5.3470 ± 0.2032
INFO:meta-cli.py:Epoch 21/100	Loss 5.3431 ± 0.1932
INFO:meta-cli.py:Epoch 21/100	dev results	MRR 0.751423	H@1 0.628745	H@3 0.846442	H@5 0.912453	H@10 0.963951
INFO:meta-cli.py:Epoch 21/100	test results	MRR 0.753284	H@1 0.628492	H@3 0.854283	H@5 0.922253	H@10 0.974395
INFO:meta-cli.py:Epoch 22/100	Loss 5.3392 ± 0.1985
INFO:meta-cli.py:Epoch 23/100	Loss 5.3349 ± 0.1798
INFO:meta-cli.py:Epoch 24/100	Loss 5.3319 ± 0.2071
INFO:meta-cli.py:Epoch 24/100	dev results	MRR 0.753559	H@1 0.632959	H@3 0.845506	H@5 0.911049	H@10 0.963483
INFO:meta-cli.py:Epoch 24/100	test results	MRR 0.755199	H@1 0.631285	H@3 0.857076	H@5 0.922253	H@10 0.974860
INFO:meta-cli.py:Epoch 25/100	Loss 5.3286 ± 0.1991
INFO:meta-cli.py:Epoch 26/100	Loss 5.3251 ± 0.1941
INFO:meta-cli.py:Epoch 27/100	Loss 5.3223 ± 0.1926
INFO:meta-cli.py:Epoch 27/100	dev results	MRR 0.754019	H@1 0.632959	H@3 0.848783	H@5 0.913390	H@10 0.964419
INFO:meta-cli.py:Epoch 27/100	test results	MRR 0.758267	H@1 0.636406	H@3 0.858939	H@5 0.925047	H@10 0.974860
INFO:meta-cli.py:Epoch 28/100	Loss 5.3200 ± 0.1776
INFO:meta-cli.py:Epoch 29/100	Loss 5.3175 ± 0.1911
INFO:meta-cli.py:Epoch 30/100	Loss 5.3143 ± 0.1681
INFO:meta-cli.py:Epoch 30/100	dev results	MRR 0.755945	H@1 0.635300	H@3 0.848315	H@5 0.915262	H@10 0.964888
INFO:meta-cli.py:Epoch 30/100	test results	MRR 0.761037	H@1 0.641061	H@3 0.860801	H@5 0.927374	H@10 0.974395
INFO:meta-cli.py:Epoch 31/100	Loss 5.3122 ± 0.2103
INFO:meta-cli.py:Epoch 32/100	Loss 5.3098 ± 0.2104
INFO:meta-cli.py:Epoch 33/100	Loss 5.3077 ± 0.1812
INFO:meta-cli.py:Epoch 33/100	dev results	MRR 0.756229	H@1 0.635768	H@3 0.849719	H@5 0.917603	H@10 0.964888
INFO:meta-cli.py:Epoch 33/100	test results	MRR 0.760620	H@1 0.639199	H@3 0.862197	H@5 0.928771	H@10 0.975326
INFO:meta-cli.py:Epoch 34/100	Loss 5.3058 ± 0.1687
INFO:meta-cli.py:Epoch 35/100	Loss 5.3037 ± 0.1908
INFO:meta-cli.py:Epoch 36/100	Loss 5.3017 ± 0.1902
INFO:meta-cli.py:Epoch 36/100	dev results	MRR 0.758708	H@1 0.639045	H@3 0.855337	H@5 0.915262	H@10 0.964419
INFO:meta-cli.py:Epoch 36/100	test results	MRR 0.762302	H@1 0.641527	H@3 0.862663	H@5 0.928771	H@10 0.976257
INFO:meta-cli.py:Epoch 37/100	Loss 5.3000 ± 0.1954
INFO:meta-cli.py:Epoch 38/100	Loss 5.2986 ± 0.2025
INFO:meta-cli.py:Epoch 39/100	Loss 5.2969 ± 0.2034
INFO:meta-cli.py:Epoch 39/100	dev results	MRR 0.758652	H@1 0.638109	H@3 0.855337	H@5 0.917603	H@10 0.964419
INFO:meta-cli.py:Epoch 39/100	test results	MRR 0.766900	H@1 0.648045	H@3 0.862197	H@5 0.930633	H@10 0.977188
INFO:meta-cli.py:Epoch 40/100	Loss 5.2953 ± 0.1758
INFO:meta-cli.py:Epoch 41/100	Loss 5.2938 ± 0.2030
INFO:meta-cli.py:Epoch 42/100	Loss 5.2924 ± 0.1635
INFO:meta-cli.py:Epoch 42/100	dev results	MRR 0.758860	H@1 0.638109	H@3 0.857210	H@5 0.917135	H@10 0.965356
INFO:meta-cli.py:Epoch 42/100	test results	MRR 0.765998	H@1 0.645717	H@3 0.864060	H@5 0.931564	H@10 0.977188
INFO:meta-cli.py:Epoch 43/100	Loss 5.2908 ± 0.2109
INFO:meta-cli.py:Epoch 44/100	Loss 5.2894 ± 0.1945
INFO:meta-cli.py:Epoch 45/100	Loss 5.2883 ± 0.1933
INFO:meta-cli.py:Epoch 45/100	dev results	MRR 0.758209	H@1 0.636236	H@3 0.858146	H@5 0.919476	H@10 0.965356
INFO:meta-cli.py:Epoch 45/100	test results	MRR 0.767948	H@1 0.649441	H@3 0.864060	H@5 0.930633	H@10 0.976723
INFO:meta-cli.py:Epoch 46/100	Loss 5.2871 ± 0.2025
INFO:meta-cli.py:Epoch 47/100	Loss 5.2856 ± 0.2099
INFO:meta-cli.py:Epoch 48/100	Loss 5.2842 ± 0.1894
INFO:meta-cli.py:Epoch 48/100	dev results	MRR 0.759158	H@1 0.638577	H@3 0.861423	H@5 0.919476	H@10 0.965356
INFO:meta-cli.py:Epoch 48/100	test results	MRR 0.768538	H@1 0.649441	H@3 0.864060	H@5 0.929702	H@10 0.976723
INFO:meta-cli.py:Epoch 49/100	Loss 5.2834 ± 0.1936
INFO:meta-cli.py:Epoch 50/100	Loss 5.2822 ± 0.2003
INFO:meta-cli.py:Epoch 51/100	Loss 5.2811 ± 0.1825
INFO:meta-cli.py:Epoch 51/100	dev results	MRR 0.760290	H@1 0.639045	H@3 0.862360	H@5 0.919476	H@10 0.966292
INFO:meta-cli.py:Epoch 51/100	test results	MRR 0.770718	H@1 0.654562	H@3 0.862197	H@5 0.929236	H@10 0.977188
INFO:meta-cli.py:Epoch 52/100	Loss 5.2803 ± 0.1946
INFO:meta-cli.py:Epoch 53/100	Loss 5.2790 ± 0.1932
INFO:meta-cli.py:Epoch 54/100	Loss 5.2780 ± 0.1993
INFO:meta-cli.py:Epoch 54/100	dev results	MRR 0.761844	H@1 0.642322	H@3 0.861891	H@5 0.921348	H@10 0.966292
INFO:meta-cli.py:Epoch 54/100	test results	MRR 0.770512	H@1 0.653631	H@3 0.863128	H@5 0.931099	H@10 0.975791
INFO:meta-cli.py:Epoch 55/100	Loss 5.2768 ± 0.1888
INFO:meta-cli.py:Epoch 56/100	Loss 5.2759 ± 0.1909
INFO:meta-cli.py:Epoch 57/100	Loss 5.2751 ± 0.1941
INFO:meta-cli.py:Epoch 57/100	dev results	MRR 0.763719	H@1 0.644195	H@3 0.864700	H@5 0.922753	H@10 0.967697
INFO:meta-cli.py:Epoch 57/100	test results	MRR 0.771742	H@1 0.655493	H@3 0.865922	H@5 0.932495	H@10 0.976257
INFO:meta-cli.py:Epoch 58/100	Loss 5.2740 ± 0.1960
INFO:meta-cli.py:Epoch 59/100	Loss 5.2734 ± 0.1836
INFO:meta-cli.py:Epoch 60/100	Loss 5.2726 ± 0.1840
INFO:meta-cli.py:Epoch 60/100	dev results	MRR 0.764656	H@1 0.645599	H@3 0.864700	H@5 0.922753	H@10 0.967697
INFO:meta-cli.py:Epoch 60/100	test results	MRR 0.771392	H@1 0.654097	H@3 0.866853	H@5 0.932495	H@10 0.975791
INFO:meta-cli.py:Epoch 61/100	Loss 5.2715 ± 0.2087
INFO:meta-cli.py:Epoch 62/100	Loss 5.2711 ± 0.1833
INFO:meta-cli.py:Epoch 63/100	Loss 5.2699 ± 0.2002
INFO:meta-cli.py:Epoch 63/100	dev results	MRR 0.763572	H@1 0.644195	H@3 0.861891	H@5 0.921348	H@10 0.966760
INFO:meta-cli.py:Epoch 63/100	test results	MRR 0.772628	H@1 0.656890	H@3 0.868250	H@5 0.932961	H@10 0.974860
INFO:meta-cli.py:Epoch 64/100	Loss 5.2691 ± 0.1890
INFO:meta-cli.py:Epoch 65/100	Loss 5.2688 ± 0.2062
INFO:meta-cli.py:Epoch 66/100	Loss 5.2675 ± 0.2025
INFO:meta-cli.py:Epoch 66/100	dev results	MRR 0.763498	H@1 0.643258	H@3 0.863296	H@5 0.919944	H@10 0.966760
INFO:meta-cli.py:Epoch 66/100	test results	MRR 0.773226	H@1 0.657821	H@3 0.867784	H@5 0.933892	H@10 0.975791
INFO:meta-cli.py:Epoch 67/100	Loss 5.2670 ± 0.2024
INFO:meta-cli.py:Epoch 68/100	Loss 5.2665 ± 0.2098
INFO:meta-cli.py:Epoch 69/100	Loss 5.2657 ± 0.2087
INFO:meta-cli.py:Epoch 69/100	dev results	MRR 0.762649	H@1 0.641854	H@3 0.862828	H@5 0.921348	H@10 0.966760
INFO:meta-cli.py:Epoch 69/100	test results	MRR 0.773375	H@1 0.658287	H@3 0.868715	H@5 0.932961	H@10 0.975326
INFO:meta-cli.py:Epoch 70/100	Loss 5.2649 ± 0.1925
INFO:meta-cli.py:Epoch 71/100	Loss 5.2643 ± 0.1859
INFO:meta-cli.py:Epoch 72/100	Loss 5.2641 ± 0.2002
INFO:meta-cli.py:Epoch 72/100	dev results	MRR 0.763838	H@1 0.643258	H@3 0.864232	H@5 0.921816	H@10 0.967228
INFO:meta-cli.py:Epoch 72/100	test results	MRR 0.775146	H@1 0.661080	H@3 0.868250	H@5 0.932495	H@10 0.975791
INFO:meta-cli.py:Epoch 73/100	Loss 5.2629 ± 0.1827
INFO:meta-cli.py:Epoch 74/100	Loss 5.2622 ± 0.1808
INFO:meta-cli.py:Epoch 75/100	Loss 5.2620 ± 0.1786
INFO:meta-cli.py:Epoch 75/100	dev results	MRR 0.764811	H@1 0.645131	H@3 0.864700	H@5 0.920412	H@10 0.966760
INFO:meta-cli.py:Epoch 75/100	test results	MRR 0.776236	H@1 0.662477	H@3 0.868715	H@5 0.932030	H@10 0.976257
INFO:meta-cli.py:Epoch 76/100	Loss 5.2612 ± 0.1958
INFO:meta-cli.py:Epoch 77/100	Loss 5.2604 ± 0.1633
INFO:meta-cli.py:Epoch 78/100	Loss 5.2597 ± 0.2017
INFO:meta-cli.py:Epoch 78/100	dev results	MRR 0.763356	H@1 0.642322	H@3 0.864232	H@5 0.922753	H@10 0.966760
INFO:meta-cli.py:Epoch 78/100	test results	MRR 0.776234	H@1 0.662477	H@3 0.869181	H@5 0.932030	H@10 0.976257
INFO:meta-cli.py:Epoch 79/100	Loss 5.2592 ± 0.2033
INFO:meta-cli.py:Epoch 80/100	Loss 5.2589 ± 0.1935
INFO:meta-cli.py:Epoch 81/100	Loss 5.2587 ± 0.1969
INFO:meta-cli.py:Epoch 81/100	dev results	MRR 0.764042	H@1 0.643727	H@3 0.863764	H@5 0.922753	H@10 0.966760
INFO:meta-cli.py:Epoch 81/100	test results	MRR 0.777313	H@1 0.664339	H@3 0.869646	H@5 0.932030	H@10 0.976257
INFO:meta-cli.py:Epoch 82/100	Loss 5.2578 ± 0.1844
INFO:meta-cli.py:Epoch 83/100	Loss 5.2571 ± 0.1853
INFO:meta-cli.py:Epoch 84/100	Loss 5.2566 ± 0.1866
INFO:meta-cli.py:Epoch 84/100	dev results	MRR 0.764291	H@1 0.643727	H@3 0.864232	H@5 0.923221	H@10 0.967228
INFO:meta-cli.py:Epoch 84/100	test results	MRR 0.779040	H@1 0.667132	H@3 0.869646	H@5 0.931564	H@10 0.976723
INFO:meta-cli.py:Epoch 85/100	Loss 5.2563 ± 0.2010
INFO:meta-cli.py:Epoch 86/100	Loss 5.2556 ± 0.1841
INFO:meta-cli.py:Epoch 87/100	Loss 5.2549 ± 0.2147
INFO:meta-cli.py:Epoch 87/100	dev results	MRR 0.765438	H@1 0.646067	H@3 0.865169	H@5 0.924625	H@10 0.967228
INFO:meta-cli.py:Epoch 87/100	test results	MRR 0.778717	H@1 0.665736	H@3 0.870112	H@5 0.932030	H@10 0.976723
INFO:meta-cli.py:Epoch 88/100	Loss 5.2548 ± 0.2041
INFO:meta-cli.py:Epoch 89/100	Loss 5.2542 ± 0.2046
INFO:meta-cli.py:Epoch 90/100	Loss 5.2537 ± 0.1834
INFO:meta-cli.py:Epoch 90/100	dev results	MRR 0.765537	H@1 0.646067	H@3 0.864232	H@5 0.923689	H@10 0.967228
INFO:meta-cli.py:Epoch 90/100	test results	MRR 0.779099	H@1 0.665270	H@3 0.869646	H@5 0.932961	H@10 0.976723
INFO:meta-cli.py:Epoch 91/100	Loss 5.2533 ± 0.1891
INFO:meta-cli.py:Epoch 92/100	Loss 5.2528 ± 0.1899
INFO:meta-cli.py:Epoch 93/100	Loss 5.2522 ± 0.2030
INFO:meta-cli.py:Epoch 93/100	dev results	MRR 0.766662	H@1 0.647940	H@3 0.866105	H@5 0.926030	H@10 0.967697
INFO:meta-cli.py:Epoch 93/100	test results	MRR 0.780751	H@1 0.667132	H@3 0.875233	H@5 0.932961	H@10 0.976723
INFO:meta-cli.py:Epoch 94/100	Loss 5.2515 ± 0.1849
INFO:meta-cli.py:Epoch 95/100	Loss 5.2512 ± 0.1997
INFO:meta-cli.py:Epoch 96/100	Loss 5.2507 ± 0.1990
INFO:meta-cli.py:Epoch 96/100	dev results	MRR 0.767465	H@1 0.649345	H@3 0.866573	H@5 0.924625	H@10 0.968633
INFO:meta-cli.py:Epoch 96/100	test results	MRR 0.781140	H@1 0.668529	H@3 0.875233	H@5 0.932495	H@10 0.976257
INFO:meta-cli.py:Epoch 97/100	Loss 5.2504 ± 0.1854
INFO:meta-cli.py:Epoch 98/100	Loss 5.2500 ± 0.1980
INFO:meta-cli.py:Epoch 99/100	Loss 5.2495 ± 0.1895
INFO:meta-cli.py:Epoch 99/100	dev results	MRR 0.767826	H@1 0.649813	H@3 0.867041	H@5 0.926498	H@10 0.967697
INFO:meta-cli.py:Epoch 99/100	test results	MRR 0.780596	H@1 0.666201	H@3 0.875698	H@5 0.933426	H@10 0.975791
INFO:meta-cli.py:Epoch 100/100	Loss 5.2488 ± 0.1888
INFO:meta-cli.py:Final 	dev results	MRR 0.767569	H@1 0.649345	H@3 0.867978	H@5 0.926498	H@10 0.968165
INFO:meta-cli.py:Final 	test results	MRR 0.782548	H@1 0.669926	H@3 0.876164	H@5 0.933426	H@10 0.975791
INFO:meta-cli.py:Training finished
