./bin/meta-cli.py --train data/kinship/train.tsv --dev data/kinship/dev.tsv --test data/kinship/test.tsv -m complex -k 50 -b 100 -e 100 --F2 0 --N3 0.5 -l 0.1 -I reciprocal -V 3 -o adagrad -q
{'F2': 0.0,
 'N3': 0.5,
 'batch_size': 100,
 'dev': 'data/kinship/dev.tsv',
 'embedding_size': 50,
 'epochs': 100,
 'eval_batch_size': None,
 'input_type': 'reciprocal',
 'learning_rate': 0.1,
 'load': None,
 'model': 'complex',
 'optimizer': 'adagrad',
 'quiet': True,
 'save': None,
 'seed': 0,
 'test': 'data/kinship/test.tsv',
 'test_i': None,
 'test_ii': None,
 'train': 'data/kinship/train.tsv',
 'validate_every': 3}
INFO:meta-cli.py:Device: cpu
INFO:meta-cli.py:Model state:
INFO:meta-cli.py:	entities.weight	torch.Size([104, 100])
INFO:meta-cli.py:	predicates.weight	torch.Size([50, 100])
INFO:meta-cli.py:Epoch 1/100	Loss 9.2923 ± 0.0231
INFO:meta-cli.py:Epoch 2/100	Loss 9.2888 ± 0.0000
INFO:meta-cli.py:Epoch 3/100	Loss 9.2888 ± 0.0000
INFO:meta-cli.py:Epoch 3/100	dev results	MRR 0.188521	H@1 0.080056	H@3 0.191948	H@5 0.253277	H@10 0.388577
INFO:meta-cli.py:Epoch 3/100	test results	MRR 0.186447	H@1 0.080074	H@3 0.191806	H@5 0.263501	H@10 0.397114
INFO:meta-cli.py:Epoch 4/100	Loss 9.2888 ± 0.0000
INFO:meta-cli.py:Epoch 5/100	Loss 9.2532 ± 0.0250
INFO:meta-cli.py:Epoch 6/100	Loss 9.2343 ± 0.0079
INFO:meta-cli.py:Epoch 6/100	dev results	MRR 0.100048	H@1 0.022940	H@3 0.075843	H@5 0.111423	H@10 0.230337
INFO:meta-cli.py:Epoch 6/100	test results	MRR 0.101020	H@1 0.023277	H@3 0.075419	H@5 0.112197	H@10 0.243482
INFO:meta-cli.py:Epoch 7/100	Loss 9.2341 ± 0.0068
INFO:meta-cli.py:Epoch 8/100	Loss 9.2177 ± 0.0202
INFO:meta-cli.py:Epoch 9/100	Loss 9.1968 ± 0.0125
INFO:meta-cli.py:Epoch 9/100	dev results	MRR 0.218215	H@1 0.067416	H@3 0.212079	H@5 0.343165	H@10 0.602528
INFO:meta-cli.py:Epoch 9/100	test results	MRR 0.212883	H@1 0.061918	H@3 0.202980	H@5 0.343575	H@10 0.600559
INFO:meta-cli.py:Epoch 10/100	Loss 9.1964 ± 0.0149
INFO:meta-cli.py:Epoch 11/100	Loss 9.1961 ± 0.0142
INFO:meta-cli.py:Epoch 12/100	Loss 9.1961 ± 0.0148
INFO:meta-cli.py:Epoch 12/100	dev results	MRR 0.240893	H@1 0.103933	H@3 0.225187	H@5 0.343165	H@10 0.584738
INFO:meta-cli.py:Epoch 12/100	test results	MRR 0.237131	H@1 0.098231	H@3 0.229516	H@5 0.341713	H@10 0.592179
INFO:meta-cli.py:Epoch 13/100	Loss 9.1960 ± 0.0159
INFO:meta-cli.py:Epoch 14/100	Loss 9.1959 ± 0.0139
INFO:meta-cli.py:Epoch 15/100	Loss 9.1958 ± 0.0156
INFO:meta-cli.py:Epoch 15/100	dev results	MRR 0.226656	H@1 0.086610	H@3 0.207397	H@5 0.326311	H@10 0.608146
INFO:meta-cli.py:Epoch 15/100	test results	MRR 0.222537	H@1 0.082402	H@3 0.203445	H@5 0.327747	H@10 0.606611
INFO:meta-cli.py:Epoch 16/100	Loss 9.1958 ± 0.0143
INFO:meta-cli.py:Epoch 17/100	Loss 9.1957 ± 0.0148
INFO:meta-cli.py:Epoch 18/100	Loss 9.1958 ± 0.0146
INFO:meta-cli.py:Epoch 18/100	dev results	MRR 0.225142	H@1 0.084738	H@3 0.215356	H@5 0.331461	H@10 0.595037
INFO:meta-cli.py:Epoch 18/100	test results	MRR 0.223681	H@1 0.078678	H@3 0.222533	H@5 0.342179	H@10 0.600559
INFO:meta-cli.py:Epoch 19/100	Loss 9.1957 ± 0.0135
INFO:meta-cli.py:Epoch 20/100	Loss 9.1957 ± 0.0139
INFO:meta-cli.py:Epoch 21/100	Loss 9.1956 ± 0.0145
INFO:meta-cli.py:Epoch 21/100	dev results	MRR 0.226675	H@1 0.082865	H@3 0.217697	H@5 0.339888	H@10 0.590356
INFO:meta-cli.py:Epoch 21/100	test results	MRR 0.223364	H@1 0.080074	H@3 0.204842	H@5 0.344972	H@10 0.607542
INFO:meta-cli.py:Epoch 22/100	Loss 9.1956 ± 0.0140
INFO:meta-cli.py:Epoch 23/100	Loss 9.1957 ± 0.0147
INFO:meta-cli.py:Epoch 24/100	Loss 9.1956 ± 0.0150
INFO:meta-cli.py:Epoch 24/100	dev results	MRR 0.224343	H@1 0.078652	H@3 0.216292	H@5 0.337547	H@10 0.604401
INFO:meta-cli.py:Epoch 24/100	test results	MRR 0.222271	H@1 0.074022	H@3 0.219274	H@5 0.331937	H@10 0.590782
INFO:meta-cli.py:Epoch 25/100	Loss 9.1869 ± 0.0188
INFO:meta-cli.py:Epoch 26/100	Loss 9.1755 ± 0.0213
INFO:meta-cli.py:Epoch 27/100	Loss 9.1750 ± 0.0188
INFO:meta-cli.py:Epoch 27/100	dev results	MRR 0.238468	H@1 0.101124	H@3 0.222846	H@5 0.347378	H@10 0.595974
INFO:meta-cli.py:Epoch 27/100	test results	MRR 0.234890	H@1 0.099162	H@3 0.208566	H@5 0.344041	H@10 0.583333
INFO:meta-cli.py:Epoch 28/100	Loss 9.1749 ± 0.0188
INFO:meta-cli.py:Epoch 29/100	Loss 9.1748 ± 0.0197
INFO:meta-cli.py:Epoch 30/100	Loss 9.1747 ± 0.0199
INFO:meta-cli.py:Epoch 30/100	dev results	MRR 0.223489	H@1 0.080993	H@3 0.211610	H@5 0.332865	H@10 0.587547
INFO:meta-cli.py:Epoch 30/100	test results	MRR 0.233676	H@1 0.088454	H@3 0.231844	H@5 0.342644	H@10 0.596369
INFO:meta-cli.py:Epoch 31/100	Loss 9.1747 ± 0.0205
INFO:meta-cli.py:Epoch 32/100	Loss 9.1747 ± 0.0224
INFO:meta-cli.py:Epoch 33/100	Loss 9.1747 ± 0.0213
INFO:meta-cli.py:Epoch 33/100	dev results	MRR 0.223133	H@1 0.074906	H@3 0.213015	H@5 0.336142	H@10 0.605337
INFO:meta-cli.py:Epoch 33/100	test results	MRR 0.223285	H@1 0.075885	H@3 0.218343	H@5 0.331937	H@10 0.599162
INFO:meta-cli.py:Epoch 34/100	Loss 9.1746 ± 0.0206
INFO:meta-cli.py:Epoch 35/100	Loss 9.1746 ± 0.0173
INFO:meta-cli.py:Epoch 36/100	Loss 9.1745 ± 0.0221
INFO:meta-cli.py:Epoch 36/100	dev results	MRR 0.227278	H@1 0.075843	H@3 0.242041	H@5 0.370787	H@10 0.591760
INFO:meta-cli.py:Epoch 36/100	test results	MRR 0.228548	H@1 0.077747	H@3 0.243948	H@5 0.360801	H@10 0.590782
INFO:meta-cli.py:Epoch 37/100	Loss 9.1745 ± 0.0201
INFO:meta-cli.py:Epoch 38/100	Loss 9.1745 ± 0.0217
INFO:meta-cli.py:Epoch 39/100	Loss 9.1745 ± 0.0201
INFO:meta-cli.py:Epoch 39/100	dev results	MRR 0.225733	H@1 0.079120	H@3 0.230805	H@5 0.340824	H@10 0.588951
INFO:meta-cli.py:Epoch 39/100	test results	MRR 0.234573	H@1 0.089385	H@3 0.235102	H@5 0.355680	H@10 0.602886
INFO:meta-cli.py:Epoch 40/100	Loss 9.1745 ± 0.0198
INFO:meta-cli.py:Epoch 41/100	Loss 9.1745 ± 0.0204
INFO:meta-cli.py:Epoch 42/100	Loss 9.1745 ± 0.0197
INFO:meta-cli.py:Epoch 42/100	dev results	MRR 0.228875	H@1 0.080056	H@3 0.233614	H@5 0.360955	H@10 0.599251
INFO:meta-cli.py:Epoch 42/100	test results	MRR 0.226244	H@1 0.072626	H@3 0.232775	H@5 0.370112	H@10 0.608473
INFO:meta-cli.py:Epoch 43/100	Loss 9.1745 ± 0.0207
INFO:meta-cli.py:Epoch 44/100	Loss 9.1744 ± 0.0202
INFO:meta-cli.py:Epoch 45/100	Loss 9.1744 ± 0.0198
INFO:meta-cli.py:Epoch 45/100	dev results	MRR 0.248122	H@1 0.104401	H@3 0.247659	H@5 0.364700	H@10 0.575843
INFO:meta-cli.py:Epoch 45/100	test results	MRR 0.249537	H@1 0.100559	H@3 0.262104	H@5 0.374767	H@10 0.586127
INFO:meta-cli.py:Epoch 46/100	Loss 9.1744 ± 0.0207
INFO:meta-cli.py:Epoch 47/100	Loss 9.1744 ± 0.0210
INFO:meta-cli.py:Epoch 48/100	Loss 9.1744 ± 0.0207
INFO:meta-cli.py:Epoch 48/100	dev results	MRR 0.225651	H@1 0.076311	H@3 0.226124	H@5 0.348315	H@10 0.583801
INFO:meta-cli.py:Epoch 48/100	test results	MRR 0.232158	H@1 0.082402	H@3 0.236499	H@5 0.360335	H@10 0.587058
INFO:meta-cli.py:Epoch 49/100	Loss 9.1744 ± 0.0208
INFO:meta-cli.py:Epoch 50/100	Loss 9.1744 ± 0.0212
INFO:meta-cli.py:Epoch 51/100	Loss 9.1744 ± 0.0207
INFO:meta-cli.py:Epoch 51/100	dev results	MRR 0.224307	H@1 0.070693	H@3 0.231273	H@5 0.357210	H@10 0.588015
INFO:meta-cli.py:Epoch 51/100	test results	MRR 0.221892	H@1 0.065642	H@3 0.235102	H@5 0.354283	H@10 0.580540
INFO:meta-cli.py:Epoch 52/100	Loss 9.1744 ± 0.0188
INFO:meta-cli.py:Epoch 53/100	Loss 9.1744 ± 0.0207
INFO:meta-cli.py:Epoch 54/100	Loss 9.1744 ± 0.0210
INFO:meta-cli.py:Epoch 54/100	dev results	MRR 0.238644	H@1 0.097378	H@3 0.242509	H@5 0.354869	H@10 0.566948
INFO:meta-cli.py:Epoch 54/100	test results	MRR 0.242644	H@1 0.102421	H@3 0.240223	H@5 0.362197	H@10 0.585661
INFO:meta-cli.py:Epoch 55/100	Loss 9.1744 ± 0.0198
INFO:meta-cli.py:Epoch 56/100	Loss 9.1744 ± 0.0200
INFO:meta-cli.py:Epoch 57/100	Loss 9.1743 ± 0.0216
INFO:meta-cli.py:Epoch 57/100	dev results	MRR 0.227746	H@1 0.076311	H@3 0.226592	H@5 0.354401	H@10 0.595974
INFO:meta-cli.py:Epoch 57/100	test results	MRR 0.220978	H@1 0.062849	H@3 0.234171	H@5 0.372439	H@10 0.604749
INFO:meta-cli.py:Epoch 58/100	Loss 9.1743 ± 0.0205
INFO:meta-cli.py:Epoch 59/100	Loss 9.1744 ± 0.0203
INFO:meta-cli.py:Epoch 60/100	Loss 9.1744 ± 0.0189
INFO:meta-cli.py:Epoch 60/100	dev results	MRR 0.220906	H@1 0.073034	H@3 0.227060	H@5 0.339419	H@10 0.587079
INFO:meta-cli.py:Epoch 60/100	test results	MRR 0.231473	H@1 0.083333	H@3 0.244413	H@5 0.355680	H@10 0.589385
INFO:meta-cli.py:Epoch 61/100	Loss 9.1743 ± 0.0203
INFO:meta-cli.py:Epoch 62/100	Loss 9.1744 ± 0.0199
INFO:meta-cli.py:Epoch 63/100	Loss 9.1743 ± 0.0206
INFO:meta-cli.py:Epoch 63/100	dev results	MRR 0.238986	H@1 0.098783	H@3 0.235019	H@5 0.345506	H@10 0.596442
INFO:meta-cli.py:Epoch 63/100	test results	MRR 0.237106	H@1 0.097765	H@3 0.233706	H@5 0.342644	H@10 0.585196
INFO:meta-cli.py:Epoch 64/100	Loss 9.1743 ± 0.0201
INFO:meta-cli.py:Epoch 65/100	Loss 9.1744 ± 0.0209
INFO:meta-cli.py:Epoch 66/100	Loss 9.1743 ± 0.0214
INFO:meta-cli.py:Epoch 66/100	dev results	MRR 0.240457	H@1 0.092228	H@3 0.247659	H@5 0.372659	H@10 0.581461
INFO:meta-cli.py:Epoch 66/100	test results	MRR 0.234993	H@1 0.082868	H@3 0.242551	H@5 0.369181	H@10 0.589851
INFO:meta-cli.py:Epoch 67/100	Loss 9.1743 ± 0.0204
INFO:meta-cli.py:Epoch 68/100	Loss 9.1743 ± 0.0206
INFO:meta-cli.py:Epoch 69/100	Loss 9.1743 ± 0.0198
INFO:meta-cli.py:Epoch 69/100	dev results	MRR 0.222363	H@1 0.075375	H@3 0.221442	H@5 0.352528	H@10 0.589888
INFO:meta-cli.py:Epoch 69/100	test results	MRR 0.221999	H@1 0.075885	H@3 0.216015	H@5 0.356611	H@10 0.596834
INFO:meta-cli.py:Epoch 70/100	Loss 9.1743 ± 0.0187
INFO:meta-cli.py:Epoch 71/100	Loss 9.1743 ± 0.0213
INFO:meta-cli.py:Epoch 72/100	Loss 9.1743 ± 0.0213
INFO:meta-cli.py:Epoch 72/100	dev results	MRR 0.249383	H@1 0.107210	H@3 0.252809	H@5 0.367509	H@10 0.581461
INFO:meta-cli.py:Epoch 72/100	test results	MRR 0.239930	H@1 0.090782	H@3 0.253259	H@5 0.366853	H@10 0.581937
INFO:meta-cli.py:Epoch 73/100	Loss 9.1743 ± 0.0197
INFO:meta-cli.py:Epoch 74/100	Loss 9.1743 ± 0.0216
INFO:meta-cli.py:Epoch 75/100	Loss 9.1743 ± 0.0190
INFO:meta-cli.py:Epoch 75/100	dev results	MRR 0.221527	H@1 0.068820	H@3 0.227528	H@5 0.354401	H@10 0.594569
INFO:meta-cli.py:Epoch 75/100	test results	MRR 0.223744	H@1 0.072160	H@3 0.231844	H@5 0.350559	H@10 0.607542
INFO:meta-cli.py:Epoch 76/100	Loss 9.1743 ± 0.0197
INFO:meta-cli.py:Epoch 77/100	Loss 9.1743 ± 0.0173
INFO:meta-cli.py:Epoch 78/100	Loss 9.1743 ± 0.0183
INFO:meta-cli.py:Epoch 78/100	dev results	MRR 0.231730	H@1 0.090356	H@3 0.234551	H@5 0.365169	H@10 0.589888
INFO:meta-cli.py:Epoch 78/100	test results	MRR 0.230842	H@1 0.086592	H@3 0.222067	H@5 0.369181	H@10 0.600559
INFO:meta-cli.py:Epoch 79/100	Loss 9.1743 ± 0.0190
INFO:meta-cli.py:Epoch 80/100	Loss 9.1743 ± 0.0186
INFO:meta-cli.py:Epoch 81/100	Loss 9.1743 ± 0.0187
INFO:meta-cli.py:Epoch 81/100	dev results	MRR 0.217755	H@1 0.068820	H@3 0.214419	H@5 0.358614	H@10 0.591760
INFO:meta-cli.py:Epoch 81/100	test results	MRR 0.226557	H@1 0.080540	H@3 0.222998	H@5 0.371043	H@10 0.588920
INFO:meta-cli.py:Epoch 82/100	Loss 9.1743 ± 0.0193
INFO:meta-cli.py:Epoch 83/100	Loss 9.1743 ± 0.0207
INFO:meta-cli.py:Epoch 84/100	Loss 9.1743 ± 0.0204
INFO:meta-cli.py:Epoch 84/100	dev results	MRR 0.228377	H@1 0.083333	H@3 0.219101	H@5 0.353464	H@10 0.578652
INFO:meta-cli.py:Epoch 84/100	test results	MRR 0.235726	H@1 0.094507	H@3 0.225791	H@5 0.357542	H@10 0.586592
INFO:meta-cli.py:Epoch 85/100	Loss 9.1743 ± 0.0192
INFO:meta-cli.py:Epoch 86/100	Loss 9.1743 ± 0.0205
INFO:meta-cli.py:Epoch 87/100	Loss 9.1743 ± 0.0221
INFO:meta-cli.py:Epoch 87/100	dev results	MRR 0.220531	H@1 0.071629	H@3 0.209738	H@5 0.360019	H@10 0.597846
INFO:meta-cli.py:Epoch 87/100	test results	MRR 0.220415	H@1 0.067505	H@3 0.215549	H@5 0.357076	H@10 0.594507
INFO:meta-cli.py:Epoch 88/100	Loss 9.1743 ± 0.0206
INFO:meta-cli.py:Epoch 89/100	Loss 9.1743 ± 0.0216
INFO:meta-cli.py:Epoch 90/100	Loss 9.1743 ± 0.0198
INFO:meta-cli.py:Epoch 90/100	dev results	MRR 0.219624	H@1 0.065543	H@3 0.219101	H@5 0.375936	H@10 0.590356
INFO:meta-cli.py:Epoch 90/100	test results	MRR 0.225536	H@1 0.071229	H@3 0.226257	H@5 0.385475	H@10 0.588920
INFO:meta-cli.py:Epoch 91/100	Loss 9.1743 ± 0.0197
INFO:meta-cli.py:Epoch 92/100	Loss 9.1743 ± 0.0194
INFO:meta-cli.py:Epoch 93/100	Loss 9.1743 ± 0.0219
INFO:meta-cli.py:Epoch 93/100	dev results	MRR 0.236954	H@1 0.095974	H@3 0.227060	H@5 0.349719	H@10 0.588015
INFO:meta-cli.py:Epoch 93/100	test results	MRR 0.236347	H@1 0.097300	H@3 0.217412	H@5 0.348231	H@10 0.597765
INFO:meta-cli.py:Epoch 94/100	Loss 9.1742 ± 0.0218
INFO:meta-cli.py:Epoch 95/100	Loss 9.1742 ± 0.0205
INFO:meta-cli.py:Epoch 96/100	Loss 9.1742 ± 0.0203
INFO:meta-cli.py:Epoch 96/100	dev results	MRR 0.220141	H@1 0.068352	H@3 0.223783	H@5 0.359551	H@10 0.591292
INFO:meta-cli.py:Epoch 96/100	test results	MRR 0.225759	H@1 0.074022	H@3 0.233240	H@5 0.360801	H@10 0.589851
INFO:meta-cli.py:Epoch 97/100	Loss 9.1742 ± 0.0213
INFO:meta-cli.py:Epoch 98/100	Loss 9.1743 ± 0.0209
INFO:meta-cli.py:Epoch 99/100	Loss 9.1742 ± 0.0201
INFO:meta-cli.py:Epoch 99/100	dev results	MRR 0.258214	H@1 0.126404	H@3 0.238296	H@5 0.358146	H@10 0.587547
INFO:meta-cli.py:Epoch 99/100	test results	MRR 0.254035	H@1 0.119181	H@3 0.236965	H@5 0.357542	H@10 0.590782
INFO:meta-cli.py:Epoch 100/100	Loss 9.1742 ± 0.0202
INFO:meta-cli.py:Final 	dev results	MRR 0.226874	H@1 0.076779	H@3 0.227996	H@5 0.355337	H@10 0.598783
INFO:meta-cli.py:Final 	test results	MRR 0.227735	H@1 0.076816	H@3 0.234171	H@5 0.354283	H@10 0.603818
INFO:meta-cli.py:Training finished
