./bin/meta-cli.py --train data/umls/train.tsv --dev data/umls/dev.tsv --test data/umls/test.tsv -m complex -k 1000 -b 100 -e 100 --F2 0.001 --N3 0 -l 0.1 -I reciprocal -V 3 -o adagrad -q
{'F2': 0.001,
 'N3': 0.0,
 'batch_size': 100,
 'dev': 'data/umls/dev.tsv',
 'embedding_size': 1000,
 'epochs': 100,
 'eval_batch_size': None,
 'input_type': 'reciprocal',
 'learning_rate': 0.1,
 'load': None,
 'model': 'complex',
 'optimizer': 'adagrad',
 'quiet': True,
 'save': None,
 'seed': 0,
 'test': 'data/umls/test.tsv',
 'test_i': None,
 'test_ii': None,
 'train': 'data/umls/train.tsv',
 'validate_every': 3}
INFO:meta-cli.py:Device: cpu
INFO:meta-cli.py:Model state:
INFO:meta-cli.py:	entities.weight	torch.Size([135, 2000])
INFO:meta-cli.py:	predicates.weight	torch.Size([92, 2000])
INFO:meta-cli.py:Epoch 1/100	Loss 7.6473 ± 1.2887
INFO:meta-cli.py:Epoch 2/100	Loss 5.9559 ± 0.1608
INFO:meta-cli.py:Epoch 3/100	Loss 5.7292 ± 0.1742
INFO:meta-cli.py:Epoch 3/100	dev results	MRR 0.922366	H@1 0.858896	H@3 0.981595	H@5 0.992331	H@10 0.998466
INFO:meta-cli.py:Epoch 3/100	test results	MRR 0.909245	H@1 0.834342	H@3 0.982602	H@5 0.990923	H@10 0.996974
INFO:meta-cli.py:Epoch 4/100	Loss 5.6347 ± 0.1749
INFO:meta-cli.py:Epoch 5/100	Loss 5.5698 ± 0.1742
INFO:meta-cli.py:Epoch 6/100	Loss 5.5191 ± 0.1761
INFO:meta-cli.py:Epoch 6/100	dev results	MRR 0.953130	H@1 0.917945	H@3 0.983896	H@5 0.993865	H@10 0.998466
INFO:meta-cli.py:Epoch 6/100	test results	MRR 0.945557	H@1 0.903177	H@3 0.990923	H@5 0.994705	H@10 0.997731
INFO:meta-cli.py:Epoch 7/100	Loss 5.4825 ± 0.1785
INFO:meta-cli.py:Epoch 8/100	Loss 5.4521 ± 0.1740
INFO:meta-cli.py:Epoch 9/100	Loss 5.4255 ± 0.1765
INFO:meta-cli.py:Epoch 9/100	dev results	MRR 0.952996	H@1 0.918712	H@3 0.986963	H@5 0.993865	H@10 0.999233
INFO:meta-cli.py:Epoch 9/100	test results	MRR 0.944747	H@1 0.901664	H@3 0.987141	H@5 0.994705	H@10 0.997731
INFO:meta-cli.py:Epoch 10/100	Loss 5.4017 ± 0.1673
INFO:meta-cli.py:Epoch 11/100	Loss 5.3841 ± 0.1713
INFO:meta-cli.py:Epoch 12/100	Loss 5.3659 ± 0.1747
INFO:meta-cli.py:Epoch 12/100	dev results	MRR 0.953982	H@1 0.920245	H@3 0.985429	H@5 0.993865	H@10 0.996933
INFO:meta-cli.py:Epoch 12/100	test results	MRR 0.953748	H@1 0.918306	H@3 0.990166	H@5 0.993192	H@10 0.997731
INFO:meta-cli.py:Epoch 13/100	Loss 5.3493 ± 0.1474
INFO:meta-cli.py:Epoch 14/100	Loss 5.3394 ± 0.1697
INFO:meta-cli.py:Epoch 15/100	Loss 5.3236 ± 0.1571
INFO:meta-cli.py:Epoch 15/100	dev results	MRR 0.951547	H@1 0.914877	H@3 0.985429	H@5 0.993098	H@10 0.997699
INFO:meta-cli.py:Epoch 15/100	test results	MRR 0.952009	H@1 0.913767	H@3 0.991679	H@5 0.994705	H@10 0.996974
INFO:meta-cli.py:Epoch 16/100	Loss 5.3131 ± 0.1544
INFO:meta-cli.py:Epoch 17/100	Loss 5.3057 ± 0.1472
INFO:meta-cli.py:Epoch 18/100	Loss 5.2940 ± 0.1476
INFO:meta-cli.py:Epoch 18/100	dev results	MRR 0.953267	H@1 0.917945	H@3 0.986196	H@5 0.993865	H@10 0.997699
INFO:meta-cli.py:Epoch 18/100	test results	MRR 0.955773	H@1 0.922844	H@3 0.989410	H@5 0.993949	H@10 0.996974
INFO:meta-cli.py:Epoch 19/100	Loss 5.2858 ± 0.1590
INFO:meta-cli.py:Epoch 20/100	Loss 5.2792 ± 0.1670
INFO:meta-cli.py:Epoch 21/100	Loss 5.2717 ± 0.1568
INFO:meta-cli.py:Epoch 21/100	dev results	MRR 0.945783	H@1 0.904141	H@3 0.984663	H@5 0.993098	H@10 0.997699
INFO:meta-cli.py:Epoch 21/100	test results	MRR 0.954658	H@1 0.919062	H@3 0.991679	H@5 0.994705	H@10 0.996974
INFO:meta-cli.py:Epoch 22/100	Loss 5.2611 ± 0.1671
INFO:meta-cli.py:Epoch 23/100	Loss 5.2548 ± 0.1463
INFO:meta-cli.py:Epoch 24/100	Loss 5.2512 ± 0.1525
INFO:meta-cli.py:Epoch 24/100	dev results	MRR 0.953928	H@1 0.919479	H@3 0.986196	H@5 0.993098	H@10 0.997699
INFO:meta-cli.py:Epoch 24/100	test results	MRR 0.954805	H@1 0.920575	H@3 0.990166	H@5 0.993949	H@10 0.996974
INFO:meta-cli.py:Epoch 25/100	Loss 5.2451 ± 0.1582
INFO:meta-cli.py:Epoch 26/100	Loss 5.2386 ± 0.1554
INFO:meta-cli.py:Epoch 27/100	Loss 5.2337 ± 0.1356
INFO:meta-cli.py:Epoch 27/100	dev results	MRR 0.958845	H@1 0.929448	H@3 0.984663	H@5 0.994632	H@10 0.997699
INFO:meta-cli.py:Epoch 27/100	test results	MRR 0.958979	H@1 0.928139	H@3 0.990166	H@5 0.993949	H@10 0.996974
INFO:meta-cli.py:Epoch 28/100	Loss 5.2264 ± 0.1567
INFO:meta-cli.py:Epoch 29/100	Loss 5.2226 ± 0.1409
INFO:meta-cli.py:Epoch 30/100	Loss 5.2203 ± 0.1478
INFO:meta-cli.py:Epoch 30/100	dev results	MRR 0.958123	H@1 0.927914	H@3 0.983896	H@5 0.993098	H@10 0.997699
INFO:meta-cli.py:Epoch 30/100	test results	MRR 0.960205	H@1 0.930408	H@3 0.990923	H@5 0.994705	H@10 0.996974
INFO:meta-cli.py:Epoch 31/100	Loss 5.2128 ± 0.1418
INFO:meta-cli.py:Epoch 32/100	Loss 5.2074 ± 0.1335
INFO:meta-cli.py:Epoch 33/100	Loss 5.2047 ± 0.1425
INFO:meta-cli.py:Epoch 33/100	dev results	MRR 0.952771	H@1 0.918712	H@3 0.982362	H@5 0.992331	H@10 0.997699
INFO:meta-cli.py:Epoch 33/100	test results	MRR 0.956823	H@1 0.924357	H@3 0.990166	H@5 0.994705	H@10 0.996974
INFO:meta-cli.py:Epoch 34/100	Loss 5.2004 ± 0.1269
INFO:meta-cli.py:Epoch 35/100	Loss 5.1986 ± 0.1365
INFO:meta-cli.py:Epoch 36/100	Loss 5.1950 ± 0.1323
INFO:meta-cli.py:Epoch 36/100	dev results	MRR 0.955024	H@1 0.923313	H@3 0.983896	H@5 0.992331	H@10 0.997699
INFO:meta-cli.py:Epoch 36/100	test results	MRR 0.955000	H@1 0.921331	H@3 0.989410	H@5 0.994705	H@10 0.996974
INFO:meta-cli.py:Epoch 37/100	Loss 5.1927 ± 0.1338
INFO:meta-cli.py:Epoch 38/100	Loss 5.1847 ± 0.1438
INFO:meta-cli.py:Epoch 39/100	Loss 5.1855 ± 0.1453
INFO:meta-cli.py:Epoch 39/100	dev results	MRR 0.954084	H@1 0.921012	H@3 0.982362	H@5 0.991564	H@10 0.997699
INFO:meta-cli.py:Epoch 39/100	test results	MRR 0.955286	H@1 0.922088	H@3 0.989410	H@5 0.994705	H@10 0.996974
INFO:meta-cli.py:Epoch 40/100	Loss 5.1842 ± 0.1493
INFO:meta-cli.py:Epoch 41/100	Loss 5.1774 ± 0.1269
INFO:meta-cli.py:Epoch 42/100	Loss 5.1745 ± 0.1446
INFO:meta-cli.py:Epoch 42/100	dev results	MRR 0.955372	H@1 0.923313	H@3 0.983129	H@5 0.993865	H@10 0.997699
INFO:meta-cli.py:Epoch 42/100	test results	MRR 0.956430	H@1 0.925113	H@3 0.987897	H@5 0.994705	H@10 0.996974
INFO:meta-cli.py:Epoch 43/100	Loss 5.1727 ± 0.1302
INFO:meta-cli.py:Epoch 44/100	Loss 5.1681 ± 0.1430
INFO:meta-cli.py:Epoch 45/100	Loss 5.1662 ± 0.1463
INFO:meta-cli.py:Epoch 45/100	dev results	MRR 0.954740	H@1 0.921779	H@3 0.983896	H@5 0.993865	H@10 0.997699
INFO:meta-cli.py:Epoch 45/100	test results	MRR 0.955251	H@1 0.922088	H@3 0.988654	H@5 0.994705	H@10 0.996974
INFO:meta-cli.py:Epoch 46/100	Loss 5.1640 ± 0.1381
INFO:meta-cli.py:Epoch 47/100	Loss 5.1640 ± 0.1411
INFO:meta-cli.py:Epoch 48/100	Loss 5.1585 ± 0.1375
INFO:meta-cli.py:Epoch 48/100	dev results	MRR 0.950124	H@1 0.913344	H@3 0.982362	H@5 0.992331	H@10 0.997699
INFO:meta-cli.py:Epoch 48/100	test results	MRR 0.951905	H@1 0.914523	H@3 0.990923	H@5 0.993192	H@10 0.996974
INFO:meta-cli.py:Epoch 49/100	Loss 5.1593 ± 0.1429
INFO:meta-cli.py:Epoch 50/100	Loss 5.1533 ± 0.1186
INFO:meta-cli.py:Epoch 51/100	Loss 5.1532 ± 0.1539
INFO:meta-cli.py:Epoch 51/100	dev results	MRR 0.952850	H@1 0.919479	H@3 0.982362	H@5 0.990798	H@10 0.997699
INFO:meta-cli.py:Epoch 51/100	test results	MRR 0.955142	H@1 0.922088	H@3 0.987897	H@5 0.992436	H@10 0.996974
INFO:meta-cli.py:Epoch 52/100	Loss 5.1506 ± 0.1360
INFO:meta-cli.py:Epoch 53/100	Loss 5.1479 ± 0.1360
INFO:meta-cli.py:Epoch 54/100	Loss 5.1475 ± 0.1468
INFO:meta-cli.py:Epoch 54/100	dev results	MRR 0.952682	H@1 0.919479	H@3 0.980828	H@5 0.993098	H@10 0.997699
INFO:meta-cli.py:Epoch 54/100	test results	MRR 0.956281	H@1 0.923601	H@3 0.989410	H@5 0.993192	H@10 0.996974
INFO:meta-cli.py:Epoch 55/100	Loss 5.1468 ± 0.1415
INFO:meta-cli.py:Epoch 56/100	Loss 5.1429 ± 0.1267
INFO:meta-cli.py:Epoch 57/100	Loss 5.1419 ± 0.1276
INFO:meta-cli.py:Epoch 57/100	dev results	MRR 0.954233	H@1 0.922546	H@3 0.981595	H@5 0.992331	H@10 0.997699
INFO:meta-cli.py:Epoch 57/100	test results	MRR 0.953434	H@1 0.918306	H@3 0.988654	H@5 0.993192	H@10 0.996974
INFO:meta-cli.py:Epoch 58/100	Loss 5.1373 ± 0.1260
INFO:meta-cli.py:Epoch 59/100	Loss 5.1356 ± 0.1353
INFO:meta-cli.py:Epoch 60/100	Loss 5.1372 ± 0.1242
INFO:meta-cli.py:Epoch 60/100	dev results	MRR 0.952650	H@1 0.919479	H@3 0.981595	H@5 0.991564	H@10 0.997699
INFO:meta-cli.py:Epoch 60/100	test results	MRR 0.952490	H@1 0.916793	H@3 0.987897	H@5 0.993192	H@10 0.996974
INFO:meta-cli.py:Epoch 61/100	Loss 5.1349 ± 0.1303
INFO:meta-cli.py:Epoch 62/100	Loss 5.1333 ± 0.1478
INFO:meta-cli.py:Epoch 63/100	Loss 5.1330 ± 0.1369
INFO:meta-cli.py:Epoch 63/100	dev results	MRR 0.952087	H@1 0.917945	H@3 0.981595	H@5 0.991564	H@10 0.996933
INFO:meta-cli.py:Epoch 63/100	test results	MRR 0.955557	H@1 0.922844	H@3 0.988654	H@5 0.993192	H@10 0.996974
INFO:meta-cli.py:Epoch 64/100	Loss 5.1314 ± 0.1416
INFO:meta-cli.py:Epoch 65/100	Loss 5.1280 ± 0.1290
INFO:meta-cli.py:Epoch 66/100	Loss 5.1248 ± 0.1598
INFO:meta-cli.py:Epoch 66/100	dev results	MRR 0.952948	H@1 0.919479	H@3 0.982362	H@5 0.992331	H@10 0.996933
INFO:meta-cli.py:Epoch 66/100	test results	MRR 0.954746	H@1 0.921331	H@3 0.988654	H@5 0.992436	H@10 0.996974
INFO:meta-cli.py:Epoch 67/100	Loss 5.1235 ± 0.1225
INFO:meta-cli.py:Epoch 68/100	Loss 5.1256 ± 0.1436
INFO:meta-cli.py:Epoch 69/100	Loss 5.1218 ± 0.1189
INFO:meta-cli.py:Epoch 69/100	dev results	MRR 0.953221	H@1 0.920245	H@3 0.981595	H@5 0.990798	H@10 0.996933
INFO:meta-cli.py:Epoch 69/100	test results	MRR 0.954524	H@1 0.919818	H@3 0.989410	H@5 0.993192	H@10 0.996974
INFO:meta-cli.py:Epoch 70/100	Loss 5.1215 ± 0.1282
INFO:meta-cli.py:Epoch 71/100	Loss 5.1213 ± 0.1493
INFO:meta-cli.py:Epoch 72/100	Loss 5.1184 ± 0.1215
INFO:meta-cli.py:Epoch 72/100	dev results	MRR 0.949066	H@1 0.912577	H@3 0.980828	H@5 0.992331	H@10 0.996933
INFO:meta-cli.py:Epoch 72/100	test results	MRR 0.951212	H@1 0.913767	H@3 0.986384	H@5 0.993949	H@10 0.996974
INFO:meta-cli.py:Epoch 73/100	Loss 5.1170 ± 0.1395
INFO:meta-cli.py:Epoch 74/100	Loss 5.1162 ± 0.1343
INFO:meta-cli.py:Epoch 75/100	Loss 5.1148 ± 0.1261
INFO:meta-cli.py:Epoch 75/100	dev results	MRR 0.950172	H@1 0.914877	H@3 0.980828	H@5 0.991564	H@10 0.996933
INFO:meta-cli.py:Epoch 75/100	test results	MRR 0.954025	H@1 0.919818	H@3 0.988654	H@5 0.993192	H@10 0.996974
INFO:meta-cli.py:Epoch 76/100	Loss 5.1142 ± 0.1224
INFO:meta-cli.py:Epoch 77/100	Loss 5.1110 ± 0.1297
INFO:meta-cli.py:Epoch 78/100	Loss 5.1108 ± 0.1287
INFO:meta-cli.py:Epoch 78/100	dev results	MRR 0.951166	H@1 0.917178	H@3 0.979294	H@5 0.991564	H@10 0.996933
INFO:meta-cli.py:Epoch 78/100	test results	MRR 0.951956	H@1 0.917549	H@3 0.986384	H@5 0.993192	H@10 0.996218
INFO:meta-cli.py:Epoch 79/100	Loss 5.1099 ± 0.1471
INFO:meta-cli.py:Epoch 80/100	Loss 5.1085 ± 0.1217
INFO:meta-cli.py:Epoch 81/100	Loss 5.1076 ± 0.1352
INFO:meta-cli.py:Epoch 81/100	dev results	MRR 0.950162	H@1 0.915644	H@3 0.980061	H@5 0.990798	H@10 0.996933
INFO:meta-cli.py:Epoch 81/100	test results	MRR 0.951622	H@1 0.915280	H@3 0.988654	H@5 0.992436	H@10 0.996974
INFO:meta-cli.py:Epoch 82/100	Loss 5.1066 ± 0.1252
INFO:meta-cli.py:Epoch 83/100	Loss 5.1048 ± 0.1286
INFO:meta-cli.py:Epoch 84/100	Loss 5.1027 ± 0.1263
INFO:meta-cli.py:Epoch 84/100	dev results	MRR 0.947646	H@1 0.910276	H@3 0.981595	H@5 0.991564	H@10 0.996933
INFO:meta-cli.py:Epoch 84/100	test results	MRR 0.952713	H@1 0.918306	H@3 0.987141	H@5 0.992436	H@10 0.996218
INFO:meta-cli.py:Epoch 85/100	Loss 5.1036 ± 0.1350
INFO:meta-cli.py:Epoch 86/100	Loss 5.1040 ± 0.1304
INFO:meta-cli.py:Epoch 87/100	Loss 5.0993 ± 0.1208
INFO:meta-cli.py:Epoch 87/100	dev results	MRR 0.949609	H@1 0.914110	H@3 0.981595	H@5 0.991564	H@10 0.996933
INFO:meta-cli.py:Epoch 87/100	test results	MRR 0.952115	H@1 0.916793	H@3 0.988654	H@5 0.992436	H@10 0.996218
INFO:meta-cli.py:Epoch 88/100	Loss 5.0996 ± 0.1241
INFO:meta-cli.py:Epoch 89/100	Loss 5.0999 ± 0.1305
INFO:meta-cli.py:Epoch 90/100	Loss 5.0985 ± 0.1241
INFO:meta-cli.py:Epoch 90/100	dev results	MRR 0.950165	H@1 0.915644	H@3 0.980828	H@5 0.991564	H@10 0.996933
INFO:meta-cli.py:Epoch 90/100	test results	MRR 0.952115	H@1 0.916793	H@3 0.987141	H@5 0.992436	H@10 0.996218
INFO:meta-cli.py:Epoch 91/100	Loss 5.0978 ± 0.1237
INFO:meta-cli.py:Epoch 92/100	Loss 5.0959 ± 0.1265
INFO:meta-cli.py:Epoch 93/100	Loss 5.0958 ± 0.1261
INFO:meta-cli.py:Epoch 93/100	dev results	MRR 0.950186	H@1 0.915644	H@3 0.980828	H@5 0.991564	H@10 0.996933
INFO:meta-cli.py:Epoch 93/100	test results	MRR 0.950295	H@1 0.913767	H@3 0.987141	H@5 0.992436	H@10 0.996218
INFO:meta-cli.py:Epoch 94/100	Loss 5.0944 ± 0.1426
INFO:meta-cli.py:Epoch 95/100	Loss 5.0943 ± 0.1238
INFO:meta-cli.py:Epoch 96/100	Loss 5.0924 ± 0.1264
INFO:meta-cli.py:Epoch 96/100	dev results	MRR 0.950844	H@1 0.917178	H@3 0.979294	H@5 0.990798	H@10 0.996933
INFO:meta-cli.py:Epoch 96/100	test results	MRR 0.950374	H@1 0.913011	H@3 0.986384	H@5 0.992436	H@10 0.996218
INFO:meta-cli.py:Epoch 97/100	Loss 5.0912 ± 0.1229
INFO:meta-cli.py:Epoch 98/100	Loss 5.0888 ± 0.1327
INFO:meta-cli.py:Epoch 99/100	Loss 5.0922 ± 0.1180
INFO:meta-cli.py:Epoch 99/100	dev results	MRR 0.948720	H@1 0.913344	H@3 0.980061	H@5 0.990798	H@10 0.996933
INFO:meta-cli.py:Epoch 99/100	test results	MRR 0.951788	H@1 0.916036	H@3 0.986384	H@5 0.993192	H@10 0.996218
INFO:meta-cli.py:Epoch 100/100	Loss 5.0888 ± 0.1200
INFO:meta-cli.py:Final 	dev results	MRR 0.948864	H@1 0.913344	H@3 0.980061	H@5 0.990031	H@10 0.996933
INFO:meta-cli.py:Final 	test results	MRR 0.951354	H@1 0.916036	H@3 0.986384	H@5 0.993192	H@10 0.996218
INFO:meta-cli.py:Training finished
