./bin/meta-cli.py --train data/umls/train.tsv --dev data/umls/dev.tsv --test data/umls/test.tsv -m complex -k 50 -b 100 -e 100 --F2 0.001 --N3 0 -l 0.1 -I standard -V 3 -o adagrad -q
{'F2': 0.001,
 'N3': 0.0,
 'batch_size': 100,
 'dev': 'data/umls/dev.tsv',
 'embedding_size': 50,
 'epochs': 100,
 'eval_batch_size': None,
 'input_type': 'standard',
 'learning_rate': 0.1,
 'load': None,
 'model': 'complex',
 'optimizer': 'adagrad',
 'quiet': True,
 'save': None,
 'seed': 0,
 'test': 'data/umls/test.tsv',
 'test_i': None,
 'test_ii': None,
 'train': 'data/umls/train.tsv',
 'validate_every': 3}
INFO:meta-cli.py:Device: cpu
INFO:meta-cli.py:Model state:
INFO:meta-cli.py:	entities.weight	torch.Size([135, 100])
INFO:meta-cli.py:	predicates.weight	torch.Size([46, 100])
INFO:meta-cli.py:Epoch 1/100	Loss 8.1737 ± 1.0744
INFO:meta-cli.py:Epoch 2/100	Loss 6.2299 ± 0.1328
INFO:meta-cli.py:Epoch 3/100	Loss 5.8447 ± 0.1526
INFO:meta-cli.py:Epoch 3/100	dev results	MRR 0.895398	H@1 0.826687	H@3 0.957055	H@5 0.970092	H@10 0.981595
INFO:meta-cli.py:Epoch 3/100	test results	MRR 0.891619	H@1 0.812405	H@3 0.966717	H@5 0.978064	H@10 0.987141
INFO:meta-cli.py:Epoch 4/100	Loss 5.6846 ± 0.1525
INFO:meta-cli.py:Epoch 5/100	Loss 5.5958 ± 0.1370
INFO:meta-cli.py:Epoch 6/100	Loss 5.5326 ± 0.1423
INFO:meta-cli.py:Epoch 6/100	dev results	MRR 0.898003	H@1 0.821319	H@3 0.967791	H@5 0.979294	H@10 0.990798
INFO:meta-cli.py:Epoch 6/100	test results	MRR 0.892172	H@1 0.804085	H@3 0.974281	H@5 0.987897	H@10 0.993949
INFO:meta-cli.py:Epoch 7/100	Loss 5.4858 ± 0.1344
INFO:meta-cli.py:Epoch 8/100	Loss 5.4566 ± 0.1580
INFO:meta-cli.py:Epoch 9/100	Loss 5.4158 ± 0.1819
INFO:meta-cli.py:Epoch 9/100	dev results	MRR 0.921614	H@1 0.866564	H@3 0.970092	H@5 0.982362	H@10 0.990798
INFO:meta-cli.py:Epoch 9/100	test results	MRR 0.927395	H@1 0.872163	H@3 0.978820	H@5 0.989410	H@10 0.994705
INFO:meta-cli.py:Epoch 10/100	Loss 5.3998 ± 0.1674
INFO:meta-cli.py:Epoch 11/100	Loss 5.3826 ± 0.1398
INFO:meta-cli.py:Epoch 12/100	Loss 5.3560 ± 0.1576
INFO:meta-cli.py:Epoch 12/100	dev results	MRR 0.924238	H@1 0.871933	H@3 0.972393	H@5 0.980061	H@10 0.990031
INFO:meta-cli.py:Epoch 12/100	test results	MRR 0.924679	H@1 0.866868	H@3 0.981089	H@5 0.990923	H@10 0.996218
INFO:meta-cli.py:Epoch 13/100	Loss 5.3542 ± 0.1789
INFO:meta-cli.py:Epoch 14/100	Loss 5.3235 ± 0.1457
INFO:meta-cli.py:Epoch 15/100	Loss 5.3220 ± 0.1551
INFO:meta-cli.py:Epoch 15/100	dev results	MRR 0.921773	H@1 0.867331	H@3 0.971626	H@5 0.980828	H@10 0.990031
INFO:meta-cli.py:Epoch 15/100	test results	MRR 0.926150	H@1 0.869894	H@3 0.982602	H@5 0.990923	H@10 0.996218
INFO:meta-cli.py:Epoch 16/100	Loss 5.2959 ± 0.1327
INFO:meta-cli.py:Epoch 17/100	Loss 5.2847 ± 0.1525
INFO:meta-cli.py:Epoch 18/100	Loss 5.2815 ± 0.1513
INFO:meta-cli.py:Epoch 18/100	dev results	MRR 0.921183	H@1 0.866564	H@3 0.971626	H@5 0.981595	H@10 0.989264
INFO:meta-cli.py:Epoch 18/100	test results	MRR 0.924888	H@1 0.866868	H@3 0.980333	H@5 0.989410	H@10 0.996974
INFO:meta-cli.py:Epoch 19/100	Loss 5.2679 ± 0.1480
INFO:meta-cli.py:Epoch 20/100	Loss 5.2658 ± 0.1368
INFO:meta-cli.py:Epoch 21/100	Loss 5.2681 ± 0.1619
INFO:meta-cli.py:Epoch 21/100	dev results	MRR 0.926993	H@1 0.878067	H@3 0.970092	H@5 0.981595	H@10 0.988497
INFO:meta-cli.py:Epoch 21/100	test results	MRR 0.931950	H@1 0.880484	H@3 0.983359	H@5 0.989410	H@10 0.996974
INFO:meta-cli.py:Epoch 22/100	Loss 5.2446 ± 0.1620
INFO:meta-cli.py:Epoch 23/100	Loss 5.2403 ± 0.1254
INFO:meta-cli.py:Epoch 24/100	Loss 5.2319 ± 0.1413
INFO:meta-cli.py:Epoch 24/100	dev results	MRR 0.920428	H@1 0.865798	H@3 0.970092	H@5 0.980828	H@10 0.988497
INFO:meta-cli.py:Epoch 24/100	test results	MRR 0.924518	H@1 0.866112	H@3 0.981089	H@5 0.987897	H@10 0.996974
INFO:meta-cli.py:Epoch 25/100	Loss 5.2327 ± 0.1438
INFO:meta-cli.py:Epoch 26/100	Loss 5.2177 ± 0.1534
INFO:meta-cli.py:Epoch 27/100	Loss 5.2285 ± 0.1509
INFO:meta-cli.py:Epoch 27/100	dev results	MRR 0.923135	H@1 0.870399	H@3 0.971626	H@5 0.981595	H@10 0.988497
INFO:meta-cli.py:Epoch 27/100	test results	MRR 0.927093	H@1 0.872163	H@3 0.978820	H@5 0.988654	H@10 0.996974
INFO:meta-cli.py:Epoch 28/100	Loss 5.2083 ± 0.1580
INFO:meta-cli.py:Epoch 29/100	Loss 5.2103 ± 0.1288
INFO:meta-cli.py:Epoch 30/100	Loss 5.2153 ± 0.1544
INFO:meta-cli.py:Epoch 30/100	dev results	MRR 0.927068	H@1 0.878834	H@3 0.971626	H@5 0.979294	H@10 0.988497
INFO:meta-cli.py:Epoch 30/100	test results	MRR 0.927601	H@1 0.872163	H@3 0.981089	H@5 0.989410	H@10 0.996974
INFO:meta-cli.py:Epoch 31/100	Loss 5.2041 ± 0.1546
INFO:meta-cli.py:Epoch 32/100	Loss 5.1901 ± 0.1510
INFO:meta-cli.py:Epoch 33/100	Loss 5.1939 ± 0.1475
INFO:meta-cli.py:Epoch 33/100	dev results	MRR 0.927745	H@1 0.880368	H@3 0.971626	H@5 0.980828	H@10 0.987730
INFO:meta-cli.py:Epoch 33/100	test results	MRR 0.925564	H@1 0.869138	H@3 0.981089	H@5 0.989410	H@10 0.996974
INFO:meta-cli.py:Epoch 34/100	Loss 5.1821 ± 0.1522
INFO:meta-cli.py:Epoch 35/100	Loss 5.1905 ± 0.1606
INFO:meta-cli.py:Epoch 36/100	Loss 5.1816 ± 0.1333
INFO:meta-cli.py:Epoch 36/100	dev results	MRR 0.921832	H@1 0.870399	H@3 0.967791	H@5 0.980828	H@10 0.986196
INFO:meta-cli.py:Epoch 36/100	test results	MRR 0.926442	H@1 0.871407	H@3 0.978064	H@5 0.987897	H@10 0.996974
INFO:meta-cli.py:Epoch 37/100	Loss 5.1897 ± 0.1468
INFO:meta-cli.py:Epoch 38/100	Loss 5.1701 ± 0.1448
INFO:meta-cli.py:Epoch 39/100	Loss 5.1694 ± 0.1720
INFO:meta-cli.py:Epoch 39/100	dev results	MRR 0.925465	H@1 0.877301	H@3 0.967791	H@5 0.980061	H@10 0.985429
INFO:meta-cli.py:Epoch 39/100	test results	MRR 0.925261	H@1 0.869138	H@3 0.978064	H@5 0.989410	H@10 0.996974
INFO:meta-cli.py:Epoch 40/100	Loss 5.1758 ± 0.1412
INFO:meta-cli.py:Epoch 41/100	Loss 5.1621 ± 0.1424
INFO:meta-cli.py:Epoch 42/100	Loss 5.1671 ± 0.1651
INFO:meta-cli.py:Epoch 42/100	dev results	MRR 0.925744	H@1 0.878834	H@3 0.966258	H@5 0.978528	H@10 0.986196
INFO:meta-cli.py:Epoch 42/100	test results	MRR 0.927394	H@1 0.873676	H@3 0.978064	H@5 0.990166	H@10 0.996974
INFO:meta-cli.py:Epoch 43/100	Loss 5.1646 ± 0.1636
INFO:meta-cli.py:Epoch 44/100	Loss 5.1545 ± 0.1535
INFO:meta-cli.py:Epoch 45/100	Loss 5.1614 ± 0.1389
INFO:meta-cli.py:Epoch 45/100	dev results	MRR 0.920844	H@1 0.869632	H@3 0.965491	H@5 0.978528	H@10 0.985429
INFO:meta-cli.py:Epoch 45/100	test results	MRR 0.926039	H@1 0.870651	H@3 0.977307	H@5 0.987897	H@10 0.996974
INFO:meta-cli.py:Epoch 46/100	Loss 5.1459 ± 0.1369
INFO:meta-cli.py:Epoch 47/100	Loss 5.1380 ± 0.1615
INFO:meta-cli.py:Epoch 48/100	Loss 5.1558 ± 0.1572
INFO:meta-cli.py:Epoch 48/100	dev results	MRR 0.918965	H@1 0.866564	H@3 0.964724	H@5 0.979294	H@10 0.985429
INFO:meta-cli.py:Epoch 48/100	test results	MRR 0.920655	H@1 0.860817	H@3 0.976551	H@5 0.988654	H@10 0.996974
INFO:meta-cli.py:Epoch 49/100	Loss 5.1465 ± 0.1359
INFO:meta-cli.py:Epoch 50/100	Loss 5.1433 ± 0.1325
INFO:meta-cli.py:Epoch 51/100	Loss 5.1449 ± 0.1193
INFO:meta-cli.py:Epoch 51/100	dev results	MRR 0.925077	H@1 0.878834	H@3 0.964724	H@5 0.978528	H@10 0.985429
INFO:meta-cli.py:Epoch 51/100	test results	MRR 0.926652	H@1 0.872920	H@3 0.976551	H@5 0.988654	H@10 0.996974
INFO:meta-cli.py:Epoch 52/100	Loss 5.1291 ± 0.1542
INFO:meta-cli.py:Epoch 53/100	Loss 5.1410 ± 0.1359
INFO:meta-cli.py:Epoch 54/100	Loss 5.1353 ± 0.1498
INFO:meta-cli.py:Epoch 54/100	dev results	MRR 0.922381	H@1 0.873466	H@3 0.965491	H@5 0.976994	H@10 0.985429
INFO:meta-cli.py:Epoch 54/100	test results	MRR 0.925331	H@1 0.869894	H@3 0.976551	H@5 0.990166	H@10 0.996974
INFO:meta-cli.py:Epoch 55/100	Loss 5.1355 ± 0.1456
INFO:meta-cli.py:Epoch 56/100	Loss 5.1349 ± 0.1510
INFO:meta-cli.py:Epoch 57/100	Loss 5.1210 ± 0.1364
INFO:meta-cli.py:Epoch 57/100	dev results	MRR 0.920996	H@1 0.871933	H@3 0.962423	H@5 0.976994	H@10 0.984663
INFO:meta-cli.py:Epoch 57/100	test results	MRR 0.926118	H@1 0.872163	H@3 0.977307	H@5 0.989410	H@10 0.996974
INFO:meta-cli.py:Epoch 58/100	Loss 5.1234 ± 0.1399
INFO:meta-cli.py:Epoch 59/100	Loss 5.1222 ± 0.1523
INFO:meta-cli.py:Epoch 60/100	Loss 5.1259 ± 0.1532
INFO:meta-cli.py:Epoch 60/100	dev results	MRR 0.913823	H@1 0.858896	H@3 0.962423	H@5 0.975460	H@10 0.983896
INFO:meta-cli.py:Epoch 60/100	test results	MRR 0.921711	H@1 0.863843	H@3 0.977307	H@5 0.989410	H@10 0.996974
INFO:meta-cli.py:Epoch 61/100	Loss 5.1163 ± 0.1531
INFO:meta-cli.py:Epoch 62/100	Loss 5.1288 ± 0.1592
INFO:meta-cli.py:Epoch 63/100	Loss 5.1192 ± 0.1388
INFO:meta-cli.py:Epoch 63/100	dev results	MRR 0.917364	H@1 0.865798	H@3 0.960890	H@5 0.975460	H@10 0.984663
INFO:meta-cli.py:Epoch 63/100	test results	MRR 0.921716	H@1 0.863843	H@3 0.975038	H@5 0.989410	H@10 0.996974
INFO:meta-cli.py:Epoch 64/100	Loss 5.1215 ± 0.1285
INFO:meta-cli.py:Epoch 65/100	Loss 5.1148 ± 0.1394
INFO:meta-cli.py:Epoch 66/100	Loss 5.1130 ± 0.1160
INFO:meta-cli.py:Epoch 66/100	dev results	MRR 0.919459	H@1 0.870399	H@3 0.960123	H@5 0.975460	H@10 0.984663
INFO:meta-cli.py:Epoch 66/100	test results	MRR 0.924402	H@1 0.869138	H@3 0.976551	H@5 0.991679	H@10 0.996974
INFO:meta-cli.py:Epoch 67/100	Loss 5.1134 ± 0.1282
INFO:meta-cli.py:Epoch 68/100	Loss 5.1066 ± 0.1236
INFO:meta-cli.py:Epoch 69/100	Loss 5.1071 ± 0.1515
INFO:meta-cli.py:Epoch 69/100	dev results	MRR 0.920737	H@1 0.872699	H@3 0.961656	H@5 0.973926	H@10 0.984663
INFO:meta-cli.py:Epoch 69/100	test results	MRR 0.925283	H@1 0.871407	H@3 0.975038	H@5 0.989410	H@10 0.996974
INFO:meta-cli.py:Epoch 70/100	Loss 5.1024 ± 0.1544
INFO:meta-cli.py:Epoch 71/100	Loss 5.1035 ± 0.1249
INFO:meta-cli.py:Epoch 72/100	Loss 5.1131 ± 0.1521
INFO:meta-cli.py:Epoch 72/100	dev results	MRR 0.916178	H@1 0.864264	H@3 0.960890	H@5 0.973926	H@10 0.983896
INFO:meta-cli.py:Epoch 72/100	test results	MRR 0.921134	H@1 0.863086	H@3 0.975038	H@5 0.989410	H@10 0.996218
INFO:meta-cli.py:Epoch 73/100	Loss 5.1071 ± 0.1271
INFO:meta-cli.py:Epoch 74/100	Loss 5.1071 ± 0.1443
INFO:meta-cli.py:Epoch 75/100	Loss 5.0901 ± 0.1586
INFO:meta-cli.py:Epoch 75/100	dev results	MRR 0.918374	H@1 0.868865	H@3 0.960123	H@5 0.973160	H@10 0.983896
INFO:meta-cli.py:Epoch 75/100	test results	MRR 0.923568	H@1 0.869138	H@3 0.975794	H@5 0.988654	H@10 0.996218
INFO:meta-cli.py:Epoch 76/100	Loss 5.1027 ± 0.1391
INFO:meta-cli.py:Epoch 77/100	Loss 5.0950 ± 0.1323
INFO:meta-cli.py:Epoch 78/100	Loss 5.0999 ± 0.1463
INFO:meta-cli.py:Epoch 78/100	dev results	MRR 0.915539	H@1 0.864264	H@3 0.959356	H@5 0.971626	H@10 0.983896
INFO:meta-cli.py:Epoch 78/100	test results	MRR 0.918285	H@1 0.859304	H@3 0.972769	H@5 0.987897	H@10 0.996218
INFO:meta-cli.py:Epoch 79/100	Loss 5.0949 ± 0.0983
INFO:meta-cli.py:Epoch 80/100	Loss 5.0966 ± 0.1250
INFO:meta-cli.py:Epoch 81/100	Loss 5.0989 ± 0.1264
INFO:meta-cli.py:Epoch 81/100	dev results	MRR 0.917894	H@1 0.869632	H@3 0.960123	H@5 0.972393	H@10 0.983896
INFO:meta-cli.py:Epoch 81/100	test results	MRR 0.920544	H@1 0.863843	H@3 0.973525	H@5 0.987897	H@10 0.996218
INFO:meta-cli.py:Epoch 82/100	Loss 5.0828 ± 0.1498
INFO:meta-cli.py:Epoch 83/100	Loss 5.0947 ± 0.1204
INFO:meta-cli.py:Epoch 84/100	Loss 5.0887 ± 0.1305
INFO:meta-cli.py:Epoch 84/100	dev results	MRR 0.916266	H@1 0.866564	H@3 0.959356	H@5 0.971626	H@10 0.983896
INFO:meta-cli.py:Epoch 84/100	test results	MRR 0.919549	H@1 0.861573	H@3 0.974281	H@5 0.987897	H@10 0.996218
INFO:meta-cli.py:Epoch 85/100	Loss 5.0964 ± 0.1532
INFO:meta-cli.py:Epoch 86/100	Loss 5.0948 ± 0.1562
INFO:meta-cli.py:Epoch 87/100	Loss 5.0899 ± 0.1449
INFO:meta-cli.py:Epoch 87/100	dev results	MRR 0.917537	H@1 0.868865	H@3 0.959356	H@5 0.971626	H@10 0.985429
INFO:meta-cli.py:Epoch 87/100	test results	MRR 0.921920	H@1 0.866112	H@3 0.975794	H@5 0.985628	H@10 0.996218
INFO:meta-cli.py:Epoch 88/100	Loss 5.0864 ± 0.1136
INFO:meta-cli.py:Epoch 89/100	Loss 5.0831 ± 0.1158
INFO:meta-cli.py:Epoch 90/100	Loss 5.0913 ± 0.1539
INFO:meta-cli.py:Epoch 90/100	dev results	MRR 0.917305	H@1 0.868865	H@3 0.959356	H@5 0.971626	H@10 0.983896
INFO:meta-cli.py:Epoch 90/100	test results	MRR 0.920001	H@1 0.863086	H@3 0.975038	H@5 0.985628	H@10 0.996218
INFO:meta-cli.py:Epoch 91/100	Loss 5.0908 ± 0.1368
INFO:meta-cli.py:Epoch 92/100	Loss 5.0892 ± 0.1478
INFO:meta-cli.py:Epoch 93/100	Loss 5.0741 ± 0.1336
INFO:meta-cli.py:Epoch 93/100	dev results	MRR 0.916977	H@1 0.868098	H@3 0.960890	H@5 0.970859	H@10 0.983896
INFO:meta-cli.py:Epoch 93/100	test results	MRR 0.918450	H@1 0.859304	H@3 0.975038	H@5 0.985628	H@10 0.996218
INFO:meta-cli.py:Epoch 94/100	Loss 5.0859 ± 0.1282
INFO:meta-cli.py:Epoch 95/100	Loss 5.0857 ± 0.1431
INFO:meta-cli.py:Epoch 96/100	Loss 5.0727 ± 0.1434
INFO:meta-cli.py:Epoch 96/100	dev results	MRR 0.916305	H@1 0.867331	H@3 0.959356	H@5 0.969325	H@10 0.983896
INFO:meta-cli.py:Epoch 96/100	test results	MRR 0.917156	H@1 0.857791	H@3 0.974281	H@5 0.986384	H@10 0.996218
INFO:meta-cli.py:Epoch 97/100	Loss 5.0820 ± 0.1520
INFO:meta-cli.py:Epoch 98/100	Loss 5.0821 ± 0.1637
INFO:meta-cli.py:Epoch 99/100	Loss 5.0782 ± 0.1245
INFO:meta-cli.py:Epoch 99/100	dev results	MRR 0.915199	H@1 0.865031	H@3 0.959356	H@5 0.970859	H@10 0.982362
INFO:meta-cli.py:Epoch 99/100	test results	MRR 0.915325	H@1 0.854766	H@3 0.973525	H@5 0.987141	H@10 0.996218
INFO:meta-cli.py:Epoch 100/100	Loss 5.0692 ± 0.1410
INFO:meta-cli.py:Final 	dev results	MRR 0.914743	H@1 0.865031	H@3 0.957822	H@5 0.970859	H@10 0.982362
INFO:meta-cli.py:Final 	test results	MRR 0.916365	H@1 0.857035	H@3 0.973525	H@5 0.987141	H@10 0.996218
INFO:meta-cli.py:Training finished
