./bin/meta-cli.py --train data/nations/train.tsv --dev data/nations/dev.tsv --test data/nations/test.tsv -m complex -k 10 -b 100 -e 100 --F2 0 --N3 0.005 -l 0.1 -I standard -V 3 -o adagrad -q
{'F2': 0.0,
 'N3': 0.005,
 'batch_size': 100,
 'dev': 'data/nations/dev.tsv',
 'embedding_size': 10,
 'epochs': 100,
 'eval_batch_size': None,
 'input_type': 'standard',
 'learning_rate': 0.1,
 'load': None,
 'model': 'complex',
 'optimizer': 'adagrad',
 'quiet': True,
 'save': None,
 'seed': 0,
 'test': 'data/nations/test.tsv',
 'test_i': None,
 'test_ii': None,
 'train': 'data/nations/train.tsv',
 'validate_every': 3}
INFO:meta-cli.py:Device: cpu
INFO:meta-cli.py:Model state:
INFO:meta-cli.py:	entities.weight	torch.Size([14, 20])
INFO:meta-cli.py:	predicates.weight	torch.Size([55, 20])
INFO:meta-cli.py:Epoch 1/100	Loss 5.2738 ± 0.0152
INFO:meta-cli.py:Epoch 2/100	Loss 5.1272 ± 0.0572
INFO:meta-cli.py:Epoch 3/100	Loss 4.9361 ± 0.0670
INFO:meta-cli.py:Epoch 3/100	dev results	MRR 0.582095	H@1 0.412060	H@3 0.665829	H@5 0.836683	H@10 0.984925
INFO:meta-cli.py:Epoch 3/100	test results	MRR 0.562697	H@1 0.385572	H@3 0.651741	H@5 0.818408	H@10 0.977612
INFO:meta-cli.py:Epoch 4/100	Loss 4.7907 ± 0.0694
INFO:meta-cli.py:Epoch 5/100	Loss 4.6798 ± 0.1158
INFO:meta-cli.py:Epoch 6/100	Loss 4.6000 ± 0.0994
INFO:meta-cli.py:Epoch 6/100	dev results	MRR 0.581832	H@1 0.396985	H@3 0.675879	H@5 0.859296	H@10 0.987437
INFO:meta-cli.py:Epoch 6/100	test results	MRR 0.606075	H@1 0.437811	H@3 0.711443	H@5 0.840796	H@10 0.982587
INFO:meta-cli.py:Epoch 7/100	Loss 4.5453 ± 0.0982
INFO:meta-cli.py:Epoch 8/100	Loss 4.4967 ± 0.1285
INFO:meta-cli.py:Epoch 9/100	Loss 4.4606 ± 0.1320
INFO:meta-cli.py:Epoch 9/100	dev results	MRR 0.603196	H@1 0.424623	H@3 0.716080	H@5 0.869347	H@10 0.982412
INFO:meta-cli.py:Epoch 9/100	test results	MRR 0.614326	H@1 0.440299	H@3 0.723881	H@5 0.863184	H@10 0.985075
INFO:meta-cli.py:Epoch 10/100	Loss 4.4302 ± 0.1393
INFO:meta-cli.py:Epoch 11/100	Loss 4.4045 ± 0.1307
INFO:meta-cli.py:Epoch 12/100	Loss 4.3776 ± 0.1394
INFO:meta-cli.py:Epoch 12/100	dev results	MRR 0.619463	H@1 0.444724	H@3 0.733668	H@5 0.871859	H@10 0.987437
INFO:meta-cli.py:Epoch 12/100	test results	MRR 0.631276	H@1 0.462687	H@3 0.746269	H@5 0.870647	H@10 0.985075
INFO:meta-cli.py:Epoch 13/100	Loss 4.3584 ± 0.1617
INFO:meta-cli.py:Epoch 14/100	Loss 4.3412 ± 0.1254
INFO:meta-cli.py:Epoch 15/100	Loss 4.3243 ± 0.1381
INFO:meta-cli.py:Epoch 15/100	dev results	MRR 0.620852	H@1 0.439698	H@3 0.731156	H@5 0.876884	H@10 0.987437
INFO:meta-cli.py:Epoch 15/100	test results	MRR 0.639415	H@1 0.470149	H@3 0.756219	H@5 0.875622	H@10 0.985075
INFO:meta-cli.py:Epoch 16/100	Loss 4.3099 ± 0.1109
INFO:meta-cli.py:Epoch 17/100	Loss 4.2989 ± 0.1666
INFO:meta-cli.py:Epoch 18/100	Loss 4.2848 ± 0.1426
INFO:meta-cli.py:Epoch 18/100	dev results	MRR 0.625362	H@1 0.444724	H@3 0.731156	H@5 0.879397	H@10 0.987437
INFO:meta-cli.py:Epoch 18/100	test results	MRR 0.646392	H@1 0.480100	H@3 0.756219	H@5 0.875622	H@10 0.987562
INFO:meta-cli.py:Epoch 19/100	Loss 4.2770 ± 0.1287
INFO:meta-cli.py:Epoch 20/100	Loss 4.2678 ± 0.1551
INFO:meta-cli.py:Epoch 21/100	Loss 4.2596 ± 0.1528
INFO:meta-cli.py:Epoch 21/100	dev results	MRR 0.632323	H@1 0.454774	H@3 0.733668	H@5 0.886935	H@10 0.989950
INFO:meta-cli.py:Epoch 21/100	test results	MRR 0.658751	H@1 0.497512	H@3 0.761194	H@5 0.875622	H@10 0.985075
INFO:meta-cli.py:Epoch 22/100	Loss 4.2499 ± 0.1182
INFO:meta-cli.py:Epoch 23/100	Loss 4.2432 ± 0.1440
INFO:meta-cli.py:Epoch 24/100	Loss 4.2357 ± 0.0854
INFO:meta-cli.py:Epoch 24/100	dev results	MRR 0.632320	H@1 0.449749	H@3 0.753769	H@5 0.886935	H@10 0.989950
INFO:meta-cli.py:Epoch 24/100	test results	MRR 0.665099	H@1 0.507463	H@3 0.766169	H@5 0.875622	H@10 0.982587
INFO:meta-cli.py:Epoch 25/100	Loss 4.2289 ± 0.1613
INFO:meta-cli.py:Epoch 26/100	Loss 4.2242 ± 0.1343
INFO:meta-cli.py:Epoch 27/100	Loss 4.2182 ± 0.1164
INFO:meta-cli.py:Epoch 27/100	dev results	MRR 0.639097	H@1 0.459799	H@3 0.753769	H@5 0.894472	H@10 0.987437
INFO:meta-cli.py:Epoch 27/100	test results	MRR 0.671096	H@1 0.517413	H@3 0.771144	H@5 0.883085	H@10 0.982587
INFO:meta-cli.py:Epoch 28/100	Loss 4.2144 ± 0.1220
INFO:meta-cli.py:Epoch 29/100	Loss 4.2074 ± 0.1103
INFO:meta-cli.py:Epoch 30/100	Loss 4.2035 ± 0.0921
INFO:meta-cli.py:Epoch 30/100	dev results	MRR 0.637001	H@1 0.452261	H@3 0.753769	H@5 0.894472	H@10 0.987437
INFO:meta-cli.py:Epoch 30/100	test results	MRR 0.675198	H@1 0.519900	H@3 0.781095	H@5 0.888060	H@10 0.982587
INFO:meta-cli.py:Epoch 31/100	Loss 4.1993 ± 0.1125
INFO:meta-cli.py:Epoch 32/100	Loss 4.1939 ± 0.1340
INFO:meta-cli.py:Epoch 33/100	Loss 4.1913 ± 0.1084
INFO:meta-cli.py:Epoch 33/100	dev results	MRR 0.639968	H@1 0.457286	H@3 0.756281	H@5 0.894472	H@10 0.987437
INFO:meta-cli.py:Epoch 33/100	test results	MRR 0.679638	H@1 0.524876	H@3 0.791045	H@5 0.888060	H@10 0.987562
INFO:meta-cli.py:Epoch 34/100	Loss 4.1845 ± 0.1355
INFO:meta-cli.py:Epoch 35/100	Loss 4.1833 ± 0.1216
INFO:meta-cli.py:Epoch 36/100	Loss 4.1797 ± 0.1199
INFO:meta-cli.py:Epoch 36/100	dev results	MRR 0.637105	H@1 0.454774	H@3 0.753769	H@5 0.894472	H@10 0.987437
INFO:meta-cli.py:Epoch 36/100	test results	MRR 0.682191	H@1 0.529851	H@3 0.788557	H@5 0.890547	H@10 0.985075
INFO:meta-cli.py:Epoch 37/100	Loss 4.1787 ± 0.1642
INFO:meta-cli.py:Epoch 38/100	Loss 4.1737 ± 0.1112
INFO:meta-cli.py:Epoch 39/100	Loss 4.1688 ± 0.1122
INFO:meta-cli.py:Epoch 39/100	dev results	MRR 0.631899	H@1 0.447236	H@3 0.743719	H@5 0.899497	H@10 0.987437
INFO:meta-cli.py:Epoch 39/100	test results	MRR 0.689572	H@1 0.542289	H@3 0.781095	H@5 0.893035	H@10 0.985075
INFO:meta-cli.py:Epoch 40/100	Loss 4.1676 ± 0.1595
INFO:meta-cli.py:Epoch 41/100	Loss 4.1656 ± 0.1256
INFO:meta-cli.py:Epoch 42/100	Loss 4.1629 ± 0.1595
INFO:meta-cli.py:Epoch 42/100	dev results	MRR 0.636001	H@1 0.452261	H@3 0.753769	H@5 0.902010	H@10 0.987437
INFO:meta-cli.py:Epoch 42/100	test results	MRR 0.690360	H@1 0.544776	H@3 0.773632	H@5 0.898010	H@10 0.985075
INFO:meta-cli.py:Epoch 43/100	Loss 4.1604 ± 0.1481
INFO:meta-cli.py:Epoch 44/100	Loss 4.1570 ± 0.1641
INFO:meta-cli.py:Epoch 45/100	Loss 4.1544 ± 0.1284
INFO:meta-cli.py:Epoch 45/100	dev results	MRR 0.636633	H@1 0.452261	H@3 0.753769	H@5 0.904523	H@10 0.987437
INFO:meta-cli.py:Epoch 45/100	test results	MRR 0.691074	H@1 0.544776	H@3 0.771144	H@5 0.895522	H@10 0.985075
INFO:meta-cli.py:Epoch 46/100	Loss 4.1519 ± 0.1499
INFO:meta-cli.py:Epoch 47/100	Loss 4.1481 ± 0.2013
INFO:meta-cli.py:Epoch 48/100	Loss 4.1466 ± 0.1271
INFO:meta-cli.py:Epoch 48/100	dev results	MRR 0.638017	H@1 0.454774	H@3 0.756281	H@5 0.904523	H@10 0.989950
INFO:meta-cli.py:Epoch 48/100	test results	MRR 0.689881	H@1 0.542289	H@3 0.773632	H@5 0.895522	H@10 0.985075
INFO:meta-cli.py:Epoch 49/100	Loss 4.1440 ± 0.1438
INFO:meta-cli.py:Epoch 50/100	Loss 4.1419 ± 0.1421
INFO:meta-cli.py:Epoch 51/100	Loss 4.1430 ± 0.1182
INFO:meta-cli.py:Epoch 51/100	dev results	MRR 0.639859	H@1 0.457286	H@3 0.756281	H@5 0.907035	H@10 0.992462
INFO:meta-cli.py:Epoch 51/100	test results	MRR 0.688846	H@1 0.539801	H@3 0.771144	H@5 0.898010	H@10 0.985075
INFO:meta-cli.py:Epoch 52/100	Loss 4.1391 ± 0.1087
INFO:meta-cli.py:Epoch 53/100	Loss 4.1368 ± 0.1200
INFO:meta-cli.py:Epoch 54/100	Loss 4.1342 ± 0.1366
INFO:meta-cli.py:Epoch 54/100	dev results	MRR 0.640718	H@1 0.457286	H@3 0.761307	H@5 0.904523	H@10 0.992462
INFO:meta-cli.py:Epoch 54/100	test results	MRR 0.690845	H@1 0.544776	H@3 0.771144	H@5 0.898010	H@10 0.982587
INFO:meta-cli.py:Epoch 55/100	Loss 4.1344 ± 0.1621
INFO:meta-cli.py:Epoch 56/100	Loss 4.1309 ± 0.1315
INFO:meta-cli.py:Epoch 57/100	Loss 4.1297 ± 0.1227
INFO:meta-cli.py:Epoch 57/100	dev results	MRR 0.644879	H@1 0.464824	H@3 0.763819	H@5 0.907035	H@10 0.992462
INFO:meta-cli.py:Epoch 57/100	test results	MRR 0.694121	H@1 0.552239	H@3 0.771144	H@5 0.898010	H@10 0.985075
INFO:meta-cli.py:Epoch 58/100	Loss 4.1283 ± 0.1295
INFO:meta-cli.py:Epoch 59/100	Loss 4.1277 ± 0.1462
INFO:meta-cli.py:Epoch 60/100	Loss 4.1245 ± 0.1192
INFO:meta-cli.py:Epoch 60/100	dev results	MRR 0.648265	H@1 0.469849	H@3 0.766332	H@5 0.907035	H@10 0.992462
INFO:meta-cli.py:Epoch 60/100	test results	MRR 0.693294	H@1 0.549751	H@3 0.771144	H@5 0.898010	H@10 0.985075
INFO:meta-cli.py:Epoch 61/100	Loss 4.1235 ± 0.1396
INFO:meta-cli.py:Epoch 62/100	Loss 4.1202 ± 0.1767
INFO:meta-cli.py:Epoch 63/100	Loss 4.1200 ± 0.1062
INFO:meta-cli.py:Epoch 63/100	dev results	MRR 0.655094	H@1 0.482412	H@3 0.763819	H@5 0.907035	H@10 0.992462
INFO:meta-cli.py:Epoch 63/100	test results	MRR 0.694389	H@1 0.549751	H@3 0.773632	H@5 0.898010	H@10 0.985075
INFO:meta-cli.py:Epoch 64/100	Loss 4.1201 ± 0.1140
INFO:meta-cli.py:Epoch 65/100	Loss 4.1183 ± 0.1446
INFO:meta-cli.py:Epoch 66/100	Loss 4.1150 ± 0.1082
INFO:meta-cli.py:Epoch 66/100	dev results	MRR 0.658265	H@1 0.487437	H@3 0.766332	H@5 0.907035	H@10 0.992462
INFO:meta-cli.py:Epoch 66/100	test results	MRR 0.692988	H@1 0.547264	H@3 0.776119	H@5 0.898010	H@10 0.985075
INFO:meta-cli.py:Epoch 67/100	Loss 4.1137 ± 0.1064
INFO:meta-cli.py:Epoch 68/100	Loss 4.1145 ± 0.1156
INFO:meta-cli.py:Epoch 69/100	Loss 4.1098 ± 0.1103
INFO:meta-cli.py:Epoch 69/100	dev results	MRR 0.655860	H@1 0.482412	H@3 0.766332	H@5 0.904523	H@10 0.992462
INFO:meta-cli.py:Epoch 69/100	test results	MRR 0.690878	H@1 0.544776	H@3 0.773632	H@5 0.895522	H@10 0.987562
INFO:meta-cli.py:Epoch 70/100	Loss 4.1100 ± 0.1284
INFO:meta-cli.py:Epoch 71/100	Loss 4.1096 ± 0.0945
INFO:meta-cli.py:Epoch 72/100	Loss 4.1076 ± 0.1122
INFO:meta-cli.py:Epoch 72/100	dev results	MRR 0.653748	H@1 0.479899	H@3 0.766332	H@5 0.904523	H@10 0.992462
INFO:meta-cli.py:Epoch 72/100	test results	MRR 0.691476	H@1 0.544776	H@3 0.773632	H@5 0.895522	H@10 0.987562
INFO:meta-cli.py:Epoch 73/100	Loss 4.1065 ± 0.1696
INFO:meta-cli.py:Epoch 74/100	Loss 4.1069 ± 0.1216
INFO:meta-cli.py:Epoch 75/100	Loss 4.1037 ± 0.0955
INFO:meta-cli.py:Epoch 75/100	dev results	MRR 0.651978	H@1 0.477387	H@3 0.768844	H@5 0.904523	H@10 0.992462
INFO:meta-cli.py:Epoch 75/100	test results	MRR 0.689842	H@1 0.544776	H@3 0.771144	H@5 0.895522	H@10 0.987562
INFO:meta-cli.py:Epoch 76/100	Loss 4.1026 ± 0.1444
INFO:meta-cli.py:Epoch 77/100	Loss 4.1025 ± 0.1557
INFO:meta-cli.py:Epoch 78/100	Loss 4.1010 ± 0.1315
INFO:meta-cli.py:Epoch 78/100	dev results	MRR 0.651727	H@1 0.474874	H@3 0.771357	H@5 0.904523	H@10 0.992462
INFO:meta-cli.py:Epoch 78/100	test results	MRR 0.689987	H@1 0.544776	H@3 0.776119	H@5 0.893035	H@10 0.987562
INFO:meta-cli.py:Epoch 79/100	Loss 4.1009 ± 0.1083
INFO:meta-cli.py:Epoch 80/100	Loss 4.0974 ± 0.1623
INFO:meta-cli.py:Epoch 81/100	Loss 4.0976 ± 0.1190
INFO:meta-cli.py:Epoch 81/100	dev results	MRR 0.656252	H@1 0.482412	H@3 0.773869	H@5 0.907035	H@10 0.992462
INFO:meta-cli.py:Epoch 81/100	test results	MRR 0.687876	H@1 0.542289	H@3 0.776119	H@5 0.893035	H@10 0.987562
INFO:meta-cli.py:Epoch 82/100	Loss 4.0971 ± 0.1364
INFO:meta-cli.py:Epoch 83/100	Loss 4.0974 ± 0.1784
INFO:meta-cli.py:Epoch 84/100	Loss 4.0950 ± 0.1065
INFO:meta-cli.py:Epoch 84/100	dev results	MRR 0.656162	H@1 0.482412	H@3 0.776382	H@5 0.907035	H@10 0.992462
INFO:meta-cli.py:Epoch 84/100	test results	MRR 0.689155	H@1 0.544776	H@3 0.776119	H@5 0.893035	H@10 0.987562
INFO:meta-cli.py:Epoch 85/100	Loss 4.0947 ± 0.1248
INFO:meta-cli.py:Epoch 86/100	Loss 4.0942 ± 0.1580
INFO:meta-cli.py:Epoch 87/100	Loss 4.0919 ± 0.1175
INFO:meta-cli.py:Epoch 87/100	dev results	MRR 0.655325	H@1 0.479899	H@3 0.776382	H@5 0.907035	H@10 0.992462
INFO:meta-cli.py:Epoch 87/100	test results	MRR 0.690664	H@1 0.544776	H@3 0.778607	H@5 0.895522	H@10 0.987562
INFO:meta-cli.py:Epoch 88/100	Loss 4.0904 ± 0.1375
INFO:meta-cli.py:Epoch 89/100	Loss 4.0895 ± 0.1045
INFO:meta-cli.py:Epoch 90/100	Loss 4.0894 ± 0.1119
INFO:meta-cli.py:Epoch 90/100	dev results	MRR 0.656197	H@1 0.482412	H@3 0.778894	H@5 0.909548	H@10 0.992462
INFO:meta-cli.py:Epoch 90/100	test results	MRR 0.692060	H@1 0.547264	H@3 0.778607	H@5 0.895522	H@10 0.987562
INFO:meta-cli.py:Epoch 91/100	Loss 4.0877 ± 0.1111
INFO:meta-cli.py:Epoch 92/100	Loss 4.0873 ± 0.1273
INFO:meta-cli.py:Epoch 93/100	Loss 4.0860 ± 0.1312
INFO:meta-cli.py:Epoch 93/100	dev results	MRR 0.658350	H@1 0.484925	H@3 0.781407	H@5 0.909548	H@10 0.987437
INFO:meta-cli.py:Epoch 93/100	test results	MRR 0.690560	H@1 0.544776	H@3 0.776119	H@5 0.898010	H@10 0.987562
INFO:meta-cli.py:Epoch 94/100	Loss 4.0859 ± 0.1611
INFO:meta-cli.py:Epoch 95/100	Loss 4.0849 ± 0.1150
INFO:meta-cli.py:Epoch 96/100	Loss 4.0835 ± 0.1313
INFO:meta-cli.py:Epoch 96/100	dev results	MRR 0.660653	H@1 0.489950	H@3 0.783920	H@5 0.909548	H@10 0.987437
INFO:meta-cli.py:Epoch 96/100	test results	MRR 0.691644	H@1 0.547264	H@3 0.776119	H@5 0.898010	H@10 0.987562
INFO:meta-cli.py:Epoch 97/100	Loss 4.0835 ± 0.1231
INFO:meta-cli.py:Epoch 98/100	Loss 4.0838 ± 0.1088
INFO:meta-cli.py:Epoch 99/100	Loss 4.0826 ± 0.1268
INFO:meta-cli.py:Epoch 99/100	dev results	MRR 0.662161	H@1 0.492462	H@3 0.783920	H@5 0.912060	H@10 0.987437
INFO:meta-cli.py:Epoch 99/100	test results	MRR 0.691257	H@1 0.547264	H@3 0.776119	H@5 0.898010	H@10 0.987562
INFO:meta-cli.py:Epoch 100/100	Loss 4.0806 ± 0.1087
INFO:meta-cli.py:Final 	dev results	MRR 0.661682	H@1 0.492462	H@3 0.783920	H@5 0.912060	H@10 0.987437
INFO:meta-cli.py:Final 	test results	MRR 0.691257	H@1 0.547264	H@3 0.776119	H@5 0.898010	H@10 0.987562
INFO:meta-cli.py:Training finished
