./bin/meta-cli.py --train data/nations/train.tsv --dev data/nations/dev.tsv --test data/nations/test.tsv -m complex -k 10 -b 100 -e 100 --F2 0.001 --N3 0 -l 0.1 -I standard -V 3 -o adagrad -q
{'F2': 0.001,
 'N3': 0.0,
 'batch_size': 100,
 'dev': 'data/nations/dev.tsv',
 'embedding_size': 10,
 'epochs': 100,
 'eval_batch_size': None,
 'input_type': 'standard',
 'learning_rate': 0.1,
 'load': None,
 'model': 'complex',
 'optimizer': 'adagrad',
 'quiet': True,
 'save': None,
 'seed': 0,
 'test': 'data/nations/test.tsv',
 'test_i': None,
 'test_ii': None,
 'train': 'data/nations/train.tsv',
 'validate_every': 3}
INFO:meta-cli.py:Device: cpu
INFO:meta-cli.py:Model state:
INFO:meta-cli.py:	entities.weight	torch.Size([14, 20])
INFO:meta-cli.py:	predicates.weight	torch.Size([55, 20])
INFO:meta-cli.py:Epoch 1/100	Loss 5.2816 ± 0.0076
INFO:meta-cli.py:Epoch 2/100	Loss 5.1396 ± 0.0587
INFO:meta-cli.py:Epoch 3/100	Loss 4.9213 ± 0.0490
INFO:meta-cli.py:Epoch 3/100	dev results	MRR 0.579170	H@1 0.409548	H@3 0.658291	H@5 0.856784	H@10 0.977387
INFO:meta-cli.py:Epoch 3/100	test results	MRR 0.609345	H@1 0.452736	H@3 0.689055	H@5 0.828358	H@10 0.975124
INFO:meta-cli.py:Epoch 4/100	Loss 4.7225 ± 0.1210
INFO:meta-cli.py:Epoch 5/100	Loss 4.5782 ± 0.1117
INFO:meta-cli.py:Epoch 6/100	Loss 4.4811 ± 0.1329
INFO:meta-cli.py:Epoch 6/100	dev results	MRR 0.638146	H@1 0.482412	H@3 0.738693	H@5 0.889447	H@10 0.982412
INFO:meta-cli.py:Epoch 6/100	test results	MRR 0.630707	H@1 0.472637	H@3 0.711443	H@5 0.863184	H@10 0.980100
INFO:meta-cli.py:Epoch 7/100	Loss 4.4145 ± 0.1110
INFO:meta-cli.py:Epoch 8/100	Loss 4.3620 ± 0.1081
INFO:meta-cli.py:Epoch 9/100	Loss 4.3211 ± 0.1480
INFO:meta-cli.py:Epoch 9/100	dev results	MRR 0.652921	H@1 0.500000	H@3 0.751256	H@5 0.884422	H@10 0.987437
INFO:meta-cli.py:Epoch 9/100	test results	MRR 0.638081	H@1 0.482587	H@3 0.728856	H@5 0.870647	H@10 0.980100
INFO:meta-cli.py:Epoch 10/100	Loss 4.2905 ± 0.1520
INFO:meta-cli.py:Epoch 11/100	Loss 4.2626 ± 0.1616
INFO:meta-cli.py:Epoch 12/100	Loss 4.2372 ± 0.1302
INFO:meta-cli.py:Epoch 12/100	dev results	MRR 0.658545	H@1 0.500000	H@3 0.778894	H@5 0.896985	H@10 0.989950
INFO:meta-cli.py:Epoch 12/100	test results	MRR 0.653922	H@1 0.507463	H@3 0.733831	H@5 0.860697	H@10 0.980100
INFO:meta-cli.py:Epoch 13/100	Loss 4.2160 ± 0.1646
INFO:meta-cli.py:Epoch 14/100	Loss 4.2000 ± 0.1514
INFO:meta-cli.py:Epoch 15/100	Loss 4.1829 ± 0.1387
INFO:meta-cli.py:Epoch 15/100	dev results	MRR 0.666545	H@1 0.505025	H@3 0.788945	H@5 0.902010	H@10 0.992462
INFO:meta-cli.py:Epoch 15/100	test results	MRR 0.663010	H@1 0.519900	H@3 0.736318	H@5 0.865672	H@10 0.980100
INFO:meta-cli.py:Epoch 16/100	Loss 4.1682 ± 0.1513
INFO:meta-cli.py:Epoch 17/100	Loss 4.1566 ± 0.1764
INFO:meta-cli.py:Epoch 18/100	Loss 4.1426 ± 0.1419
INFO:meta-cli.py:Epoch 18/100	dev results	MRR 0.673788	H@1 0.512563	H@3 0.793970	H@5 0.896985	H@10 0.992462
INFO:meta-cli.py:Epoch 18/100	test results	MRR 0.664241	H@1 0.522388	H@3 0.743781	H@5 0.870647	H@10 0.977612
INFO:meta-cli.py:Epoch 19/100	Loss 4.1330 ± 0.1156
INFO:meta-cli.py:Epoch 20/100	Loss 4.1224 ± 0.1055
INFO:meta-cli.py:Epoch 21/100	Loss 4.1134 ± 0.1659
INFO:meta-cli.py:Epoch 21/100	dev results	MRR 0.682307	H@1 0.525126	H@3 0.793970	H@5 0.909548	H@10 0.989950
INFO:meta-cli.py:Epoch 21/100	test results	MRR 0.664652	H@1 0.519900	H@3 0.741294	H@5 0.873134	H@10 0.970149
INFO:meta-cli.py:Epoch 22/100	Loss 4.1056 ± 0.1354
INFO:meta-cli.py:Epoch 23/100	Loss 4.0973 ± 0.0998
INFO:meta-cli.py:Epoch 24/100	Loss 4.0916 ± 0.1483
INFO:meta-cli.py:Epoch 24/100	dev results	MRR 0.681609	H@1 0.522613	H@3 0.796482	H@5 0.909548	H@10 0.989950
INFO:meta-cli.py:Epoch 24/100	test results	MRR 0.667105	H@1 0.522388	H@3 0.743781	H@5 0.868159	H@10 0.970149
INFO:meta-cli.py:Epoch 25/100	Loss 4.0820 ± 0.1830
INFO:meta-cli.py:Epoch 26/100	Loss 4.0756 ± 0.1398
INFO:meta-cli.py:Epoch 27/100	Loss 4.0686 ± 0.1790
INFO:meta-cli.py:Epoch 27/100	dev results	MRR 0.684160	H@1 0.522613	H@3 0.801508	H@5 0.909548	H@10 0.992462
INFO:meta-cli.py:Epoch 27/100	test results	MRR 0.669738	H@1 0.529851	H@3 0.746269	H@5 0.870647	H@10 0.970149
INFO:meta-cli.py:Epoch 28/100	Loss 4.0636 ± 0.1088
INFO:meta-cli.py:Epoch 29/100	Loss 4.0568 ± 0.0900
INFO:meta-cli.py:Epoch 30/100	Loss 4.0513 ± 0.0968
INFO:meta-cli.py:Epoch 30/100	dev results	MRR 0.684463	H@1 0.520101	H@3 0.816583	H@5 0.904523	H@10 0.992462
INFO:meta-cli.py:Epoch 30/100	test results	MRR 0.670336	H@1 0.527363	H@3 0.758706	H@5 0.870647	H@10 0.970149
INFO:meta-cli.py:Epoch 31/100	Loss 4.0473 ± 0.1201
INFO:meta-cli.py:Epoch 32/100	Loss 4.0419 ± 0.1450
INFO:meta-cli.py:Epoch 33/100	Loss 4.0386 ± 0.1497
INFO:meta-cli.py:Epoch 33/100	dev results	MRR 0.685794	H@1 0.520101	H@3 0.819095	H@5 0.907035	H@10 0.987437
INFO:meta-cli.py:Epoch 33/100	test results	MRR 0.669655	H@1 0.524876	H@3 0.763682	H@5 0.870647	H@10 0.970149
INFO:meta-cli.py:Epoch 34/100	Loss 4.0320 ± 0.1954
INFO:meta-cli.py:Epoch 35/100	Loss 4.0296 ± 0.0957
INFO:meta-cli.py:Epoch 36/100	Loss 4.0244 ± 0.1318
INFO:meta-cli.py:Epoch 36/100	dev results	MRR 0.688718	H@1 0.527638	H@3 0.819095	H@5 0.912060	H@10 0.989950
INFO:meta-cli.py:Epoch 36/100	test results	MRR 0.677128	H@1 0.534826	H@3 0.771144	H@5 0.878109	H@10 0.972637
INFO:meta-cli.py:Epoch 37/100	Loss 4.0221 ± 0.1550
INFO:meta-cli.py:Epoch 38/100	Loss 4.0174 ± 0.1401
INFO:meta-cli.py:Epoch 39/100	Loss 4.0121 ± 0.1093
INFO:meta-cli.py:Epoch 39/100	dev results	MRR 0.689824	H@1 0.530151	H@3 0.821608	H@5 0.917085	H@10 0.989950
INFO:meta-cli.py:Epoch 39/100	test results	MRR 0.682704	H@1 0.544776	H@3 0.773632	H@5 0.878109	H@10 0.972637
INFO:meta-cli.py:Epoch 40/100	Loss 4.0088 ± 0.1752
INFO:meta-cli.py:Epoch 41/100	Loss 4.0072 ± 0.1320
INFO:meta-cli.py:Epoch 42/100	Loss 4.0038 ± 0.1584
INFO:meta-cli.py:Epoch 42/100	dev results	MRR 0.694503	H@1 0.537688	H@3 0.819095	H@5 0.917085	H@10 0.989950
INFO:meta-cli.py:Epoch 42/100	test results	MRR 0.684808	H@1 0.544776	H@3 0.781095	H@5 0.878109	H@10 0.972637
INFO:meta-cli.py:Epoch 43/100	Loss 4.0001 ± 0.1877
INFO:meta-cli.py:Epoch 44/100	Loss 3.9936 ± 0.1696
INFO:meta-cli.py:Epoch 45/100	Loss 3.9932 ± 0.1392
INFO:meta-cli.py:Epoch 45/100	dev results	MRR 0.694640	H@1 0.537688	H@3 0.824121	H@5 0.917085	H@10 0.989950
INFO:meta-cli.py:Epoch 45/100	test results	MRR 0.686870	H@1 0.547264	H@3 0.781095	H@5 0.878109	H@10 0.972637
INFO:meta-cli.py:Epoch 46/100	Loss 3.9907 ± 0.1519
INFO:meta-cli.py:Epoch 47/100	Loss 3.9860 ± 0.2049
INFO:meta-cli.py:Epoch 48/100	Loss 3.9829 ± 0.1212
INFO:meta-cli.py:Epoch 48/100	dev results	MRR 0.702112	H@1 0.550251	H@3 0.834171	H@5 0.917085	H@10 0.989950
INFO:meta-cli.py:Epoch 48/100	test results	MRR 0.694226	H@1 0.557214	H@3 0.788557	H@5 0.878109	H@10 0.972637
INFO:meta-cli.py:Epoch 49/100	Loss 3.9805 ± 0.1135
INFO:meta-cli.py:Epoch 50/100	Loss 3.9779 ± 0.1804
INFO:meta-cli.py:Epoch 51/100	Loss 3.9767 ± 0.1380
INFO:meta-cli.py:Epoch 51/100	dev results	MRR 0.704112	H@1 0.552764	H@3 0.831658	H@5 0.912060	H@10 0.989950
INFO:meta-cli.py:Epoch 51/100	test results	MRR 0.697714	H@1 0.562189	H@3 0.791045	H@5 0.880597	H@10 0.970149
INFO:meta-cli.py:Epoch 52/100	Loss 3.9733 ± 0.0979
INFO:meta-cli.py:Epoch 53/100	Loss 3.9707 ± 0.1171
INFO:meta-cli.py:Epoch 54/100	Loss 3.9679 ± 0.1339
INFO:meta-cli.py:Epoch 54/100	dev results	MRR 0.705061	H@1 0.552764	H@3 0.834171	H@5 0.912060	H@10 0.989950
INFO:meta-cli.py:Epoch 54/100	test results	MRR 0.701938	H@1 0.569652	H@3 0.791045	H@5 0.885572	H@10 0.970149
INFO:meta-cli.py:Epoch 55/100	Loss 3.9668 ± 0.1726
INFO:meta-cli.py:Epoch 56/100	Loss 3.9636 ± 0.1634
INFO:meta-cli.py:Epoch 57/100	Loss 3.9607 ± 0.0967
INFO:meta-cli.py:Epoch 57/100	dev results	MRR 0.706778	H@1 0.555276	H@3 0.831658	H@5 0.912060	H@10 0.989950
INFO:meta-cli.py:Epoch 57/100	test results	MRR 0.707622	H@1 0.579602	H@3 0.796020	H@5 0.888060	H@10 0.970149
INFO:meta-cli.py:Epoch 58/100	Loss 3.9595 ± 0.1684
INFO:meta-cli.py:Epoch 59/100	Loss 3.9588 ± 0.1463
INFO:meta-cli.py:Epoch 60/100	Loss 3.9545 ± 0.1140
INFO:meta-cli.py:Epoch 60/100	dev results	MRR 0.709434	H@1 0.560302	H@3 0.829146	H@5 0.912060	H@10 0.989950
INFO:meta-cli.py:Epoch 60/100	test results	MRR 0.708620	H@1 0.579602	H@3 0.800995	H@5 0.888060	H@10 0.970149
INFO:meta-cli.py:Epoch 61/100	Loss 3.9535 ± 0.1406
INFO:meta-cli.py:Epoch 62/100	Loss 3.9505 ± 0.2189
INFO:meta-cli.py:Epoch 63/100	Loss 3.9486 ± 0.1125
INFO:meta-cli.py:Epoch 63/100	dev results	MRR 0.706838	H@1 0.552764	H@3 0.831658	H@5 0.919598	H@10 0.989950
INFO:meta-cli.py:Epoch 63/100	test results	MRR 0.708640	H@1 0.579602	H@3 0.796020	H@5 0.888060	H@10 0.970149
INFO:meta-cli.py:Epoch 64/100	Loss 3.9482 ± 0.1039
INFO:meta-cli.py:Epoch 65/100	Loss 3.9465 ± 0.1761
INFO:meta-cli.py:Epoch 66/100	Loss 3.9421 ± 0.1676
INFO:meta-cli.py:Epoch 66/100	dev results	MRR 0.706356	H@1 0.552764	H@3 0.831658	H@5 0.919598	H@10 0.989950
INFO:meta-cli.py:Epoch 66/100	test results	MRR 0.707518	H@1 0.577114	H@3 0.798507	H@5 0.890547	H@10 0.970149
INFO:meta-cli.py:Epoch 67/100	Loss 3.9406 ± 0.1626
INFO:meta-cli.py:Epoch 68/100	Loss 3.9410 ± 0.1109
INFO:meta-cli.py:Epoch 69/100	Loss 3.9382 ± 0.1352
INFO:meta-cli.py:Epoch 69/100	dev results	MRR 0.705727	H@1 0.552764	H@3 0.831658	H@5 0.919598	H@10 0.989950
INFO:meta-cli.py:Epoch 69/100	test results	MRR 0.709853	H@1 0.579602	H@3 0.800995	H@5 0.893035	H@10 0.970149
INFO:meta-cli.py:Epoch 70/100	Loss 3.9365 ± 0.1066
INFO:meta-cli.py:Epoch 71/100	Loss 3.9351 ± 0.1546
INFO:meta-cli.py:Epoch 72/100	Loss 3.9323 ± 0.1114
INFO:meta-cli.py:Epoch 72/100	dev results	MRR 0.706062	H@1 0.552764	H@3 0.829146	H@5 0.919598	H@10 0.989950
INFO:meta-cli.py:Epoch 72/100	test results	MRR 0.709313	H@1 0.577114	H@3 0.798507	H@5 0.890547	H@10 0.970149
INFO:meta-cli.py:Epoch 73/100	Loss 3.9324 ± 0.1725
INFO:meta-cli.py:Epoch 74/100	Loss 3.9299 ± 0.1012
INFO:meta-cli.py:Epoch 75/100	Loss 3.9288 ± 0.1169
INFO:meta-cli.py:Epoch 75/100	dev results	MRR 0.710040	H@1 0.560302	H@3 0.829146	H@5 0.922111	H@10 0.989950
INFO:meta-cli.py:Epoch 75/100	test results	MRR 0.709379	H@1 0.574627	H@3 0.798507	H@5 0.893035	H@10 0.970149
INFO:meta-cli.py:Epoch 76/100	Loss 3.9275 ± 0.1149
INFO:meta-cli.py:Epoch 77/100	Loss 3.9258 ± 0.1698
INFO:meta-cli.py:Epoch 78/100	Loss 3.9247 ± 0.1300
INFO:meta-cli.py:Epoch 78/100	dev results	MRR 0.715317	H@1 0.570352	H@3 0.829146	H@5 0.917085	H@10 0.989950
INFO:meta-cli.py:Epoch 78/100	test results	MRR 0.711688	H@1 0.579602	H@3 0.796020	H@5 0.893035	H@10 0.970149
INFO:meta-cli.py:Epoch 79/100	Loss 3.9243 ± 0.1406
INFO:meta-cli.py:Epoch 80/100	Loss 3.9199 ± 0.1790
INFO:meta-cli.py:Epoch 81/100	Loss 3.9201 ± 0.1178
INFO:meta-cli.py:Epoch 81/100	dev results	MRR 0.711363	H@1 0.562814	H@3 0.829146	H@5 0.917085	H@10 0.989950
INFO:meta-cli.py:Epoch 81/100	test results	MRR 0.711028	H@1 0.577114	H@3 0.800995	H@5 0.893035	H@10 0.970149
INFO:meta-cli.py:Epoch 82/100	Loss 3.9185 ± 0.1373
INFO:meta-cli.py:Epoch 83/100	Loss 3.9163 ± 0.1078
INFO:meta-cli.py:Epoch 84/100	Loss 3.9166 ± 0.1735
INFO:meta-cli.py:Epoch 84/100	dev results	MRR 0.713491	H@1 0.565327	H@3 0.829146	H@5 0.917085	H@10 0.989950
INFO:meta-cli.py:Epoch 84/100	test results	MRR 0.714427	H@1 0.584577	H@3 0.800995	H@5 0.895522	H@10 0.970149
INFO:meta-cli.py:Epoch 85/100	Loss 3.9170 ± 0.1464
INFO:meta-cli.py:Epoch 86/100	Loss 3.9138 ± 0.1300
INFO:meta-cli.py:Epoch 87/100	Loss 3.9118 ± 0.1127
INFO:meta-cli.py:Epoch 87/100	dev results	MRR 0.715729	H@1 0.570352	H@3 0.831658	H@5 0.917085	H@10 0.989950
INFO:meta-cli.py:Epoch 87/100	test results	MRR 0.713118	H@1 0.582090	H@3 0.803483	H@5 0.898010	H@10 0.970149
INFO:meta-cli.py:Epoch 88/100	Loss 3.9104 ± 0.1371
INFO:meta-cli.py:Epoch 89/100	Loss 3.9083 ± 0.1225
INFO:meta-cli.py:Epoch 90/100	Loss 3.9089 ± 0.1583
INFO:meta-cli.py:Epoch 90/100	dev results	MRR 0.714472	H@1 0.567839	H@3 0.831658	H@5 0.917085	H@10 0.989950
INFO:meta-cli.py:Epoch 90/100	test results	MRR 0.716214	H@1 0.587065	H@3 0.800995	H@5 0.898010	H@10 0.970149
INFO:meta-cli.py:Epoch 91/100	Loss 3.9064 ± 0.1550
INFO:meta-cli.py:Epoch 92/100	Loss 3.9060 ± 0.1119
INFO:meta-cli.py:Epoch 93/100	Loss 3.9044 ± 0.1661
INFO:meta-cli.py:Epoch 93/100	dev results	MRR 0.715575	H@1 0.570352	H@3 0.831658	H@5 0.917085	H@10 0.989950
INFO:meta-cli.py:Epoch 93/100	test results	MRR 0.715735	H@1 0.584577	H@3 0.803483	H@5 0.900498	H@10 0.970149
INFO:meta-cli.py:Epoch 94/100	Loss 3.9042 ± 0.1421
INFO:meta-cli.py:Epoch 95/100	Loss 3.9025 ± 0.0955
INFO:meta-cli.py:Epoch 96/100	Loss 3.9017 ± 0.1295
INFO:meta-cli.py:Epoch 96/100	dev results	MRR 0.713851	H@1 0.567839	H@3 0.831658	H@5 0.917085	H@10 0.989950
INFO:meta-cli.py:Epoch 96/100	test results	MRR 0.718015	H@1 0.589552	H@3 0.805970	H@5 0.900498	H@10 0.970149
INFO:meta-cli.py:Epoch 97/100	Loss 3.9007 ± 0.1598
INFO:meta-cli.py:Epoch 98/100	Loss 3.9008 ± 0.1381
INFO:meta-cli.py:Epoch 99/100	Loss 3.8986 ± 0.1487
INFO:meta-cli.py:Epoch 99/100	dev results	MRR 0.713432	H@1 0.567839	H@3 0.831658	H@5 0.917085	H@10 0.989950
INFO:meta-cli.py:Epoch 99/100	test results	MRR 0.718909	H@1 0.589552	H@3 0.808458	H@5 0.898010	H@10 0.970149
INFO:meta-cli.py:Epoch 100/100	Loss 3.8968 ± 0.1267
INFO:meta-cli.py:Final 	dev results	MRR 0.713014	H@1 0.567839	H@3 0.826633	H@5 0.917085	H@10 0.989950
INFO:meta-cli.py:Final 	test results	MRR 0.720376	H@1 0.592040	H@3 0.810945	H@5 0.898010	H@10 0.970149
INFO:meta-cli.py:Training finished
