./bin/meta-cli.py --train data/umls/train.tsv --dev data/umls/dev.tsv --test data/umls/test.tsv -m complex -k 1000 -b 100 -e 100 --F2 0 --N3 0.1 -l 0.1 -I reciprocal -V 3 -o adagrad -q
{'F2': 0.0,
 'N3': 0.1,
 'batch_size': 100,
 'dev': 'data/umls/dev.tsv',
 'embedding_size': 1000,
 'epochs': 100,
 'eval_batch_size': None,
 'input_type': 'reciprocal',
 'learning_rate': 0.1,
 'load': None,
 'model': 'complex',
 'optimizer': 'adagrad',
 'quiet': True,
 'save': None,
 'seed': 0,
 'test': 'data/umls/test.tsv',
 'test_i': None,
 'test_ii': None,
 'train': 'data/umls/train.tsv',
 'validate_every': 3}
INFO:meta-cli.py:Device: cpu
INFO:meta-cli.py:Model state:
INFO:meta-cli.py:	entities.weight	torch.Size([135, 2000])
INFO:meta-cli.py:	predicates.weight	torch.Size([92, 2000])
INFO:meta-cli.py:Epoch 1/100	Loss 8.8520 ± 0.9476
INFO:meta-cli.py:Epoch 2/100	Loss 7.9914 ± 0.1231
INFO:meta-cli.py:Epoch 3/100	Loss 7.8985 ± 0.1216
INFO:meta-cli.py:Epoch 3/100	dev results	MRR 0.864123	H@1 0.769939	H@3 0.952454	H@5 0.968558	H@10 0.985429
INFO:meta-cli.py:Epoch 3/100	test results	MRR 0.848525	H@1 0.742057	H@3 0.951589	H@5 0.975038	H@10 0.987897
INFO:meta-cli.py:Epoch 4/100	Loss 7.8618 ± 0.1177
INFO:meta-cli.py:Epoch 5/100	Loss 7.8367 ± 0.1068
INFO:meta-cli.py:Epoch 6/100	Loss 7.8159 ± 0.1098
INFO:meta-cli.py:Epoch 6/100	dev results	MRR 0.880148	H@1 0.798313	H@3 0.958589	H@5 0.972393	H@10 0.986196
INFO:meta-cli.py:Epoch 6/100	test results	MRR 0.868736	H@1 0.770802	H@3 0.965204	H@5 0.981089	H@10 0.988654
INFO:meta-cli.py:Epoch 7/100	Loss 7.8048 ± 0.1250
INFO:meta-cli.py:Epoch 8/100	Loss 7.7936 ± 0.1164
INFO:meta-cli.py:Epoch 9/100	Loss 7.7895 ± 0.1234
INFO:meta-cli.py:Epoch 9/100	dev results	MRR 0.876455	H@1 0.791411	H@3 0.951687	H@5 0.970859	H@10 0.986963
INFO:meta-cli.py:Epoch 9/100	test results	MRR 0.872741	H@1 0.782905	H@3 0.955371	H@5 0.978064	H@10 0.990166
INFO:meta-cli.py:Epoch 10/100	Loss 7.7791 ± 0.1237
INFO:meta-cli.py:Epoch 11/100	Loss 7.7715 ± 0.1132
INFO:meta-cli.py:Epoch 12/100	Loss 7.7671 ± 0.1215
INFO:meta-cli.py:Epoch 12/100	dev results	MRR 0.888550	H@1 0.809049	H@3 0.959356	H@5 0.972393	H@10 0.986196
INFO:meta-cli.py:Epoch 12/100	test results	MRR 0.879022	H@1 0.789713	H@3 0.968230	H@5 0.980333	H@10 0.991679
INFO:meta-cli.py:Epoch 13/100	Loss 7.7635 ± 0.0989
INFO:meta-cli.py:Epoch 14/100	Loss 7.7607 ± 0.1142
INFO:meta-cli.py:Epoch 15/100	Loss 7.7558 ± 0.0988
INFO:meta-cli.py:Epoch 15/100	dev results	MRR 0.880769	H@1 0.793712	H@3 0.962423	H@5 0.974693	H@10 0.987730
INFO:meta-cli.py:Epoch 15/100	test results	MRR 0.877577	H@1 0.785930	H@3 0.965961	H@5 0.980333	H@10 0.990923
INFO:meta-cli.py:Epoch 16/100	Loss 7.7495 ± 0.1135
INFO:meta-cli.py:Epoch 17/100	Loss 7.7526 ± 0.1120
INFO:meta-cli.py:Epoch 18/100	Loss 7.7469 ± 0.1103
INFO:meta-cli.py:Epoch 18/100	dev results	MRR 0.891602	H@1 0.815184	H@3 0.960123	H@5 0.972393	H@10 0.986963
INFO:meta-cli.py:Epoch 18/100	test results	MRR 0.887499	H@1 0.804085	H@3 0.967474	H@5 0.984115	H@10 0.990923
INFO:meta-cli.py:Epoch 19/100	Loss 7.7447 ± 0.1137
INFO:meta-cli.py:Epoch 20/100	Loss 7.7435 ± 0.1078
INFO:meta-cli.py:Epoch 21/100	Loss 7.7434 ± 0.1107
INFO:meta-cli.py:Epoch 21/100	dev results	MRR 0.884971	H@1 0.802147	H@3 0.960123	H@5 0.973160	H@10 0.986963
INFO:meta-cli.py:Epoch 21/100	test results	MRR 0.880613	H@1 0.791982	H@3 0.964448	H@5 0.981846	H@10 0.992436
INFO:meta-cli.py:Epoch 22/100	Loss 7.7374 ± 0.1208
INFO:meta-cli.py:Epoch 23/100	Loss 7.7376 ± 0.1238
INFO:meta-cli.py:Epoch 24/100	Loss 7.7376 ± 0.1163
INFO:meta-cli.py:Epoch 24/100	dev results	MRR 0.887764	H@1 0.807515	H@3 0.962423	H@5 0.973160	H@10 0.987730
INFO:meta-cli.py:Epoch 24/100	test results	MRR 0.883523	H@1 0.795764	H@3 0.967474	H@5 0.981846	H@10 0.992436
INFO:meta-cli.py:Epoch 25/100	Loss 7.7338 ± 0.1092
INFO:meta-cli.py:Epoch 26/100	Loss 7.7326 ± 0.1122
INFO:meta-cli.py:Epoch 27/100	Loss 7.7326 ± 0.1146
INFO:meta-cli.py:Epoch 27/100	dev results	MRR 0.893614	H@1 0.818252	H@3 0.962423	H@5 0.976227	H@10 0.986963
INFO:meta-cli.py:Epoch 27/100	test results	MRR 0.887707	H@1 0.804085	H@3 0.967474	H@5 0.984871	H@10 0.992436
INFO:meta-cli.py:Epoch 28/100	Loss 7.7283 ± 0.1064
INFO:meta-cli.py:Epoch 29/100	Loss 7.7305 ± 0.1292
INFO:meta-cli.py:Epoch 30/100	Loss 7.7283 ± 0.1210
INFO:meta-cli.py:Epoch 30/100	dev results	MRR 0.893344	H@1 0.817485	H@3 0.961656	H@5 0.973926	H@10 0.987730
INFO:meta-cli.py:Epoch 30/100	test results	MRR 0.887173	H@1 0.802572	H@3 0.965204	H@5 0.986384	H@10 0.992436
INFO:meta-cli.py:Epoch 31/100	Loss 7.7270 ± 0.1095
INFO:meta-cli.py:Epoch 32/100	Loss 7.7252 ± 0.1164
INFO:meta-cli.py:Epoch 33/100	Loss 7.7228 ± 0.1161
INFO:meta-cli.py:Epoch 33/100	dev results	MRR 0.892339	H@1 0.815184	H@3 0.962423	H@5 0.976227	H@10 0.987730
INFO:meta-cli.py:Epoch 33/100	test results	MRR 0.886791	H@1 0.800303	H@3 0.970499	H@5 0.981846	H@10 0.992436
INFO:meta-cli.py:Epoch 34/100	Loss 7.7221 ± 0.1050
INFO:meta-cli.py:Epoch 35/100	Loss 7.7224 ± 0.1155
INFO:meta-cli.py:Epoch 36/100	Loss 7.7223 ± 0.1076
INFO:meta-cli.py:Epoch 36/100	dev results	MRR 0.892953	H@1 0.817485	H@3 0.961656	H@5 0.973926	H@10 0.987730
INFO:meta-cli.py:Epoch 36/100	test results	MRR 0.888585	H@1 0.804085	H@3 0.968230	H@5 0.987141	H@10 0.993192
INFO:meta-cli.py:Epoch 37/100	Loss 7.7219 ± 0.1226
INFO:meta-cli.py:Epoch 38/100	Loss 7.7178 ± 0.1079
INFO:meta-cli.py:Epoch 39/100	Loss 7.7206 ± 0.1183
INFO:meta-cli.py:Epoch 39/100	dev results	MRR 0.891442	H@1 0.814417	H@3 0.960890	H@5 0.976227	H@10 0.987730
INFO:meta-cli.py:Epoch 39/100	test results	MRR 0.886000	H@1 0.798790	H@3 0.968230	H@5 0.985628	H@10 0.992436
INFO:meta-cli.py:Epoch 40/100	Loss 7.7190 ± 0.1162
INFO:meta-cli.py:Epoch 41/100	Loss 7.7173 ± 0.1092
INFO:meta-cli.py:Epoch 42/100	Loss 7.7172 ± 0.1024
INFO:meta-cli.py:Epoch 42/100	dev results	MRR 0.891189	H@1 0.814417	H@3 0.960123	H@5 0.973926	H@10 0.987730
INFO:meta-cli.py:Epoch 42/100	test results	MRR 0.886314	H@1 0.799546	H@3 0.966717	H@5 0.986384	H@10 0.992436
INFO:meta-cli.py:Epoch 43/100	Loss 7.7149 ± 0.1020
INFO:meta-cli.py:Epoch 44/100	Loss 7.7138 ± 0.1062
INFO:meta-cli.py:Epoch 45/100	Loss 7.7142 ± 0.1053
INFO:meta-cli.py:Epoch 45/100	dev results	MRR 0.890374	H@1 0.812117	H@3 0.961656	H@5 0.974693	H@10 0.986963
INFO:meta-cli.py:Epoch 45/100	test results	MRR 0.884439	H@1 0.798033	H@3 0.966717	H@5 0.984871	H@10 0.992436
INFO:meta-cli.py:Epoch 46/100	Loss 7.7147 ± 0.1059
INFO:meta-cli.py:Epoch 47/100	Loss 7.7173 ± 0.1225
INFO:meta-cli.py:Epoch 48/100	Loss 7.7122 ± 0.1169
INFO:meta-cli.py:Epoch 48/100	dev results	MRR 0.888494	H@1 0.808282	H@3 0.963190	H@5 0.974693	H@10 0.988497
INFO:meta-cli.py:Epoch 48/100	test results	MRR 0.886125	H@1 0.799546	H@3 0.969743	H@5 0.985628	H@10 0.992436
INFO:meta-cli.py:Epoch 49/100	Loss 7.7143 ± 0.1007
INFO:meta-cli.py:Epoch 50/100	Loss 7.7104 ± 0.1003
INFO:meta-cli.py:Epoch 51/100	Loss 7.7123 ± 0.1262
INFO:meta-cli.py:Epoch 51/100	dev results	MRR 0.890532	H@1 0.812883	H@3 0.960890	H@5 0.973926	H@10 0.986963
INFO:meta-cli.py:Epoch 51/100	test results	MRR 0.886289	H@1 0.799546	H@3 0.968230	H@5 0.987141	H@10 0.993192
INFO:meta-cli.py:Epoch 52/100	Loss 7.7094 ± 0.1044
INFO:meta-cli.py:Epoch 53/100	Loss 7.7104 ± 0.1125
INFO:meta-cli.py:Epoch 54/100	Loss 7.7107 ± 0.1224
INFO:meta-cli.py:Epoch 54/100	dev results	MRR 0.893094	H@1 0.815951	H@3 0.964724	H@5 0.976994	H@10 0.988497
INFO:meta-cli.py:Epoch 54/100	test results	MRR 0.889223	H@1 0.804841	H@3 0.967474	H@5 0.984115	H@10 0.992436
INFO:meta-cli.py:Epoch 55/100	Loss 7.7091 ± 0.1070
INFO:meta-cli.py:Epoch 56/100	Loss 7.7089 ± 0.1092
INFO:meta-cli.py:Epoch 57/100	Loss 7.7087 ± 0.1052
INFO:meta-cli.py:Epoch 57/100	dev results	MRR 0.891447	H@1 0.813650	H@3 0.960890	H@5 0.976227	H@10 0.989264
INFO:meta-cli.py:Epoch 57/100	test results	MRR 0.889649	H@1 0.806354	H@3 0.966717	H@5 0.986384	H@10 0.993192
INFO:meta-cli.py:Epoch 58/100	Loss 7.7074 ± 0.1057
INFO:meta-cli.py:Epoch 59/100	Loss 7.7075 ± 0.1171
INFO:meta-cli.py:Epoch 60/100	Loss 7.7076 ± 0.0982
INFO:meta-cli.py:Epoch 60/100	dev results	MRR 0.891820	H@1 0.815184	H@3 0.960890	H@5 0.975460	H@10 0.989264
INFO:meta-cli.py:Epoch 60/100	test results	MRR 0.886998	H@1 0.801815	H@3 0.965204	H@5 0.984871	H@10 0.992436
INFO:meta-cli.py:Epoch 61/100	Loss 7.7072 ± 0.1178
INFO:meta-cli.py:Epoch 62/100	Loss 7.7062 ± 0.1117
INFO:meta-cli.py:Epoch 63/100	Loss 7.7064 ± 0.1145
INFO:meta-cli.py:Epoch 63/100	dev results	MRR 0.892371	H@1 0.815951	H@3 0.960890	H@5 0.974693	H@10 0.987730
INFO:meta-cli.py:Epoch 63/100	test results	MRR 0.885141	H@1 0.798033	H@3 0.965961	H@5 0.985628	H@10 0.992436
INFO:meta-cli.py:Epoch 64/100	Loss 7.7063 ± 0.1089
INFO:meta-cli.py:Epoch 65/100	Loss 7.7063 ± 0.1136
INFO:meta-cli.py:Epoch 66/100	Loss 7.7055 ± 0.1180
INFO:meta-cli.py:Epoch 66/100	dev results	MRR 0.893243	H@1 0.816718	H@3 0.961656	H@5 0.977761	H@10 0.987730
INFO:meta-cli.py:Epoch 66/100	test results	MRR 0.890707	H@1 0.808623	H@3 0.968230	H@5 0.984115	H@10 0.993192
INFO:meta-cli.py:Epoch 67/100	Loss 7.7033 ± 0.1036
INFO:meta-cli.py:Epoch 68/100	Loss 7.7055 ± 0.1240
INFO:meta-cli.py:Epoch 69/100	Loss 7.7041 ± 0.1031
INFO:meta-cli.py:Epoch 69/100	dev results	MRR 0.891448	H@1 0.813650	H@3 0.960123	H@5 0.974693	H@10 0.987730
INFO:meta-cli.py:Epoch 69/100	test results	MRR 0.887767	H@1 0.802572	H@3 0.967474	H@5 0.987141	H@10 0.993192
INFO:meta-cli.py:Epoch 70/100	Loss 7.7032 ± 0.1009
INFO:meta-cli.py:Epoch 71/100	Loss 7.7042 ± 0.1170
INFO:meta-cli.py:Epoch 72/100	Loss 7.7029 ± 0.0941
INFO:meta-cli.py:Epoch 72/100	dev results	MRR 0.891092	H@1 0.813650	H@3 0.960890	H@5 0.973926	H@10 0.987730
INFO:meta-cli.py:Epoch 72/100	test results	MRR 0.884991	H@1 0.796520	H@3 0.968986	H@5 0.985628	H@10 0.993192
INFO:meta-cli.py:Epoch 73/100	Loss 7.7013 ± 0.1074
INFO:meta-cli.py:Epoch 74/100	Loss 7.7027 ± 0.0991
INFO:meta-cli.py:Epoch 75/100	Loss 7.7025 ± 0.1020
INFO:meta-cli.py:Epoch 75/100	dev results	MRR 0.888374	H@1 0.807515	H@3 0.962423	H@5 0.974693	H@10 0.988497
INFO:meta-cli.py:Epoch 75/100	test results	MRR 0.885953	H@1 0.798790	H@3 0.966717	H@5 0.986384	H@10 0.993192
INFO:meta-cli.py:Epoch 76/100	Loss 7.7011 ± 0.1071
INFO:meta-cli.py:Epoch 77/100	Loss 7.6999 ± 0.1165
INFO:meta-cli.py:Epoch 78/100	Loss 7.6995 ± 0.1197
INFO:meta-cli.py:Epoch 78/100	dev results	MRR 0.893441	H@1 0.817485	H@3 0.962423	H@5 0.975460	H@10 0.988497
INFO:meta-cli.py:Epoch 78/100	test results	MRR 0.889005	H@1 0.804841	H@3 0.968986	H@5 0.984115	H@10 0.993192
INFO:meta-cli.py:Epoch 79/100	Loss 7.6995 ± 0.1123
INFO:meta-cli.py:Epoch 80/100	Loss 7.7007 ± 0.1160
INFO:meta-cli.py:Epoch 81/100	Loss 7.6984 ± 0.1082
INFO:meta-cli.py:Epoch 81/100	dev results	MRR 0.893973	H@1 0.818252	H@3 0.960890	H@5 0.976994	H@10 0.988497
INFO:meta-cli.py:Epoch 81/100	test results	MRR 0.889336	H@1 0.806354	H@3 0.967474	H@5 0.986384	H@10 0.993192
INFO:meta-cli.py:Epoch 82/100	Loss 7.6980 ± 0.1076
INFO:meta-cli.py:Epoch 83/100	Loss 7.6981 ± 0.1036
INFO:meta-cli.py:Epoch 84/100	Loss 7.6975 ± 0.0993
INFO:meta-cli.py:Epoch 84/100	dev results	MRR 0.890763	H@1 0.812117	H@3 0.963957	H@5 0.975460	H@10 0.988497
INFO:meta-cli.py:Epoch 84/100	test results	MRR 0.884909	H@1 0.797277	H@3 0.967474	H@5 0.984871	H@10 0.993192
INFO:meta-cli.py:Epoch 85/100	Loss 7.6983 ± 0.1060
INFO:meta-cli.py:Epoch 86/100	Loss 7.6996 ± 0.1153
INFO:meta-cli.py:Epoch 87/100	Loss 7.6959 ± 0.1143
INFO:meta-cli.py:Epoch 87/100	dev results	MRR 0.891456	H@1 0.812883	H@3 0.963957	H@5 0.974693	H@10 0.987730
INFO:meta-cli.py:Epoch 87/100	test results	MRR 0.887916	H@1 0.802572	H@3 0.969743	H@5 0.984871	H@10 0.993192
INFO:meta-cli.py:Epoch 88/100	Loss 7.6987 ± 0.1015
INFO:meta-cli.py:Epoch 89/100	Loss 7.6988 ± 0.1020
INFO:meta-cli.py:Epoch 90/100	Loss 7.6967 ± 0.1056
INFO:meta-cli.py:Epoch 90/100	dev results	MRR 0.893010	H@1 0.815951	H@3 0.962423	H@5 0.975460	H@10 0.987730
INFO:meta-cli.py:Epoch 90/100	test results	MRR 0.888354	H@1 0.803328	H@3 0.970499	H@5 0.987141	H@10 0.993192
INFO:meta-cli.py:Epoch 91/100	Loss 7.6971 ± 0.1048
INFO:meta-cli.py:Epoch 92/100	Loss 7.6959 ± 0.1045
INFO:meta-cli.py:Epoch 93/100	Loss 7.6967 ± 0.0944
INFO:meta-cli.py:Epoch 93/100	dev results	MRR 0.893932	H@1 0.817485	H@3 0.963190	H@5 0.976227	H@10 0.987730
INFO:meta-cli.py:Epoch 93/100	test results	MRR 0.891446	H@1 0.810136	H@3 0.970499	H@5 0.987141	H@10 0.993192
INFO:meta-cli.py:Epoch 94/100	Loss 7.6971 ± 0.1152
INFO:meta-cli.py:Epoch 95/100	Loss 7.6974 ± 0.1046
INFO:meta-cli.py:Epoch 96/100	Loss 7.6959 ± 0.1061
INFO:meta-cli.py:Epoch 96/100	dev results	MRR 0.890438	H@1 0.811350	H@3 0.962423	H@5 0.975460	H@10 0.987730
INFO:meta-cli.py:Epoch 96/100	test results	MRR 0.888565	H@1 0.804085	H@3 0.968986	H@5 0.987141	H@10 0.993192
INFO:meta-cli.py:Epoch 97/100	Loss 7.6947 ± 0.0964
INFO:meta-cli.py:Epoch 98/100	Loss 7.6948 ± 0.1151
INFO:meta-cli.py:Epoch 99/100	Loss 7.6967 ± 0.0973
INFO:meta-cli.py:Epoch 99/100	dev results	MRR 0.892626	H@1 0.815184	H@3 0.963190	H@5 0.975460	H@10 0.987730
INFO:meta-cli.py:Epoch 99/100	test results	MRR 0.891104	H@1 0.808623	H@3 0.968230	H@5 0.986384	H@10 0.992436
INFO:meta-cli.py:Epoch 100/100	Loss 7.6950 ± 0.1127
INFO:meta-cli.py:Final 	dev results	MRR 0.891229	H@1 0.813650	H@3 0.962423	H@5 0.976227	H@10 0.987730
INFO:meta-cli.py:Final 	test results	MRR 0.889433	H@1 0.805598	H@3 0.968230	H@5 0.984871	H@10 0.993192
INFO:meta-cli.py:Training finished
