./bin/meta-cli.py --train data/kinship/train.tsv --dev data/kinship/dev.tsv --test data/kinship/test.tsv -m complex -k 100 -b 100 -e 100 --F2 0.001 --N3 0 -l 0.1 -I reciprocal -V 3 -o adagrad -q
{'F2': 0.001,
 'N3': 0.0,
 'batch_size': 100,
 'dev': 'data/kinship/dev.tsv',
 'embedding_size': 100,
 'epochs': 100,
 'eval_batch_size': None,
 'input_type': 'reciprocal',
 'learning_rate': 0.1,
 'load': None,
 'model': 'complex',
 'optimizer': 'adagrad',
 'quiet': True,
 'save': None,
 'seed': 0,
 'test': 'data/kinship/test.tsv',
 'test_i': None,
 'test_ii': None,
 'train': 'data/kinship/train.tsv',
 'validate_every': 3}
INFO:meta-cli.py:Device: cpu
INFO:meta-cli.py:Model state:
INFO:meta-cli.py:	entities.weight	torch.Size([104, 200])
INFO:meta-cli.py:	predicates.weight	torch.Size([50, 200])
INFO:meta-cli.py:Epoch 1/100	Loss 6.7639 ± 1.1276
INFO:meta-cli.py:Epoch 2/100	Loss 5.3479 ± 0.1507
INFO:meta-cli.py:Epoch 3/100	Loss 5.0564 ± 0.1651
INFO:meta-cli.py:Epoch 3/100	dev results	MRR 0.830205	H@1 0.740637	H@3 0.900281	H@5 0.945693	H@10 0.973315
INFO:meta-cli.py:Epoch 3/100	test results	MRR 0.826210	H@1 0.731378	H@3 0.909683	H@5 0.952514	H@10 0.981378
INFO:meta-cli.py:Epoch 4/100	Loss 4.8968 ± 0.1706
INFO:meta-cli.py:Epoch 5/100	Loss 4.7899 ± 0.1707
INFO:meta-cli.py:Epoch 6/100	Loss 4.7138 ± 0.1531
INFO:meta-cli.py:Epoch 6/100	dev results	MRR 0.838575	H@1 0.751404	H@3 0.915730	H@5 0.950843	H@10 0.974251
INFO:meta-cli.py:Epoch 6/100	test results	MRR 0.843546	H@1 0.758380	H@3 0.917598	H@5 0.956238	H@10 0.979050
INFO:meta-cli.py:Epoch 7/100	Loss 4.6548 ± 0.1497
INFO:meta-cli.py:Epoch 8/100	Loss 4.6094 ± 0.1547
INFO:meta-cli.py:Epoch 9/100	Loss 4.5724 ± 0.1426
INFO:meta-cli.py:Epoch 9/100	dev results	MRR 0.835155	H@1 0.746723	H@3 0.911517	H@5 0.947097	H@10 0.974719
INFO:meta-cli.py:Epoch 9/100	test results	MRR 0.845967	H@1 0.763035	H@3 0.916201	H@5 0.957169	H@10 0.978119
INFO:meta-cli.py:Epoch 10/100	Loss 4.5411 ± 0.1445
INFO:meta-cli.py:Epoch 11/100	Loss 4.5153 ± 0.1511
INFO:meta-cli.py:Epoch 12/100	Loss 4.4932 ± 0.1439
INFO:meta-cli.py:Epoch 12/100	dev results	MRR 0.828349	H@1 0.735019	H@3 0.906835	H@5 0.945225	H@10 0.975187
INFO:meta-cli.py:Epoch 12/100	test results	MRR 0.838430	H@1 0.749534	H@3 0.912942	H@5 0.955307	H@10 0.979050
INFO:meta-cli.py:Epoch 13/100	Loss 4.4739 ± 0.1350
INFO:meta-cli.py:Epoch 14/100	Loss 4.4563 ± 0.1324
INFO:meta-cli.py:Epoch 15/100	Loss 4.4413 ± 0.1386
INFO:meta-cli.py:Epoch 15/100	dev results	MRR 0.823127	H@1 0.727996	H@3 0.903090	H@5 0.944757	H@10 0.974719
INFO:meta-cli.py:Epoch 15/100	test results	MRR 0.834974	H@1 0.743482	H@3 0.913408	H@5 0.955307	H@10 0.978119
INFO:meta-cli.py:Epoch 16/100	Loss 4.4276 ± 0.1332
INFO:meta-cli.py:Epoch 17/100	Loss 4.4155 ± 0.1130
INFO:meta-cli.py:Epoch 18/100	Loss 4.4052 ± 0.1341
INFO:meta-cli.py:Epoch 18/100	dev results	MRR 0.819465	H@1 0.722846	H@3 0.902154	H@5 0.944288	H@10 0.974251
INFO:meta-cli.py:Epoch 18/100	test results	MRR 0.830560	H@1 0.736499	H@3 0.913408	H@5 0.951583	H@10 0.977188
INFO:meta-cli.py:Epoch 19/100	Loss 4.3950 ± 0.1336
INFO:meta-cli.py:Epoch 20/100	Loss 4.3855 ± 0.1287
INFO:meta-cli.py:Epoch 21/100	Loss 4.3771 ± 0.1286
INFO:meta-cli.py:Epoch 21/100	dev results	MRR 0.817783	H@1 0.720974	H@3 0.898876	H@5 0.942884	H@10 0.972846
INFO:meta-cli.py:Epoch 21/100	test results	MRR 0.826086	H@1 0.730447	H@3 0.911546	H@5 0.949255	H@10 0.976723
INFO:meta-cli.py:Epoch 22/100	Loss 4.3693 ± 0.1311
INFO:meta-cli.py:Epoch 23/100	Loss 4.3622 ± 0.1165
INFO:meta-cli.py:Epoch 24/100	Loss 4.3560 ± 0.1292
INFO:meta-cli.py:Epoch 24/100	dev results	MRR 0.813922	H@1 0.714888	H@3 0.898408	H@5 0.941479	H@10 0.973783
INFO:meta-cli.py:Epoch 24/100	test results	MRR 0.825245	H@1 0.728585	H@3 0.909218	H@5 0.947858	H@10 0.976257
INFO:meta-cli.py:Epoch 25/100	Loss 4.3497 ± 0.1164
INFO:meta-cli.py:Epoch 26/100	Loss 4.3441 ± 0.1304
INFO:meta-cli.py:Epoch 27/100	Loss 4.3386 ± 0.1252
INFO:meta-cli.py:Epoch 27/100	dev results	MRR 0.809281	H@1 0.708333	H@3 0.892790	H@5 0.938202	H@10 0.973315
INFO:meta-cli.py:Epoch 27/100	test results	MRR 0.819863	H@1 0.720670	H@3 0.907356	H@5 0.947858	H@10 0.975326
INFO:meta-cli.py:Epoch 28/100	Loss 4.3339 ± 0.1198
INFO:meta-cli.py:Epoch 29/100	Loss 4.3292 ± 0.1165
INFO:meta-cli.py:Epoch 30/100	Loss 4.3243 ± 0.1275
INFO:meta-cli.py:Epoch 30/100	dev results	MRR 0.807344	H@1 0.705524	H@3 0.891854	H@5 0.938202	H@10 0.971442
INFO:meta-cli.py:Epoch 30/100	test results	MRR 0.816389	H@1 0.716480	H@3 0.905028	H@5 0.946462	H@10 0.974860
INFO:meta-cli.py:Epoch 31/100	Loss 4.3206 ± 0.1213
INFO:meta-cli.py:Epoch 32/100	Loss 4.3163 ± 0.1169
INFO:meta-cli.py:Epoch 33/100	Loss 4.3124 ± 0.1105
INFO:meta-cli.py:Epoch 33/100	dev results	MRR 0.805165	H@1 0.702247	H@3 0.891854	H@5 0.937266	H@10 0.970974
INFO:meta-cli.py:Epoch 33/100	test results	MRR 0.812652	H@1 0.709497	H@3 0.906425	H@5 0.944600	H@10 0.975326
INFO:meta-cli.py:Epoch 34/100	Loss 4.3091 ± 0.1212
INFO:meta-cli.py:Epoch 35/100	Loss 4.3053 ± 0.1089
INFO:meta-cli.py:Epoch 36/100	Loss 4.3020 ± 0.1112
INFO:meta-cli.py:Epoch 36/100	dev results	MRR 0.803183	H@1 0.698970	H@3 0.890449	H@5 0.936798	H@10 0.969101
INFO:meta-cli.py:Epoch 36/100	test results	MRR 0.809815	H@1 0.706238	H@3 0.901769	H@5 0.944134	H@10 0.975326
INFO:meta-cli.py:Epoch 37/100	Loss 4.2990 ± 0.1096
INFO:meta-cli.py:Epoch 38/100	Loss 4.2959 ± 0.1169
INFO:meta-cli.py:Epoch 39/100	Loss 4.2934 ± 0.1160
INFO:meta-cli.py:Epoch 39/100	dev results	MRR 0.801149	H@1 0.695693	H@3 0.887172	H@5 0.935861	H@10 0.970506
INFO:meta-cli.py:Epoch 39/100	test results	MRR 0.807113	H@1 0.701583	H@3 0.900838	H@5 0.944600	H@10 0.973929
INFO:meta-cli.py:Epoch 40/100	Loss 4.2903 ± 0.1197
INFO:meta-cli.py:Epoch 41/100	Loss 4.2882 ± 0.1039
INFO:meta-cli.py:Epoch 42/100	Loss 4.2850 ± 0.1122
INFO:meta-cli.py:Epoch 42/100	dev results	MRR 0.797339	H@1 0.690075	H@3 0.884363	H@5 0.935393	H@10 0.970037
INFO:meta-cli.py:Epoch 42/100	test results	MRR 0.804266	H@1 0.697393	H@3 0.899441	H@5 0.944600	H@10 0.973929
INFO:meta-cli.py:Epoch 43/100	Loss 4.2831 ± 0.1198
INFO:meta-cli.py:Epoch 44/100	Loss 4.2808 ± 0.1235
INFO:meta-cli.py:Epoch 45/100	Loss 4.2783 ± 0.1073
INFO:meta-cli.py:Epoch 45/100	dev results	MRR 0.797552	H@1 0.690543	H@3 0.884831	H@5 0.933521	H@10 0.969569
INFO:meta-cli.py:Epoch 45/100	test results	MRR 0.805609	H@1 0.699721	H@3 0.898976	H@5 0.942272	H@10 0.972998
INFO:meta-cli.py:Epoch 46/100	Loss 4.2763 ± 0.1259
INFO:meta-cli.py:Epoch 47/100	Loss 4.2742 ± 0.1130
INFO:meta-cli.py:Epoch 48/100	Loss 4.2721 ± 0.1218
INFO:meta-cli.py:Epoch 48/100	dev results	MRR 0.796945	H@1 0.690543	H@3 0.882959	H@5 0.934457	H@10 0.969569
INFO:meta-cli.py:Epoch 48/100	test results	MRR 0.802482	H@1 0.694600	H@3 0.897579	H@5 0.942737	H@10 0.973464
INFO:meta-cli.py:Epoch 49/100	Loss 4.2700 ± 0.1113
INFO:meta-cli.py:Epoch 50/100	Loss 4.2685 ± 0.1117
INFO:meta-cli.py:Epoch 51/100	Loss 4.2666 ± 0.1088
INFO:meta-cli.py:Epoch 51/100	dev results	MRR 0.793476	H@1 0.685393	H@3 0.880150	H@5 0.932584	H@10 0.969569
INFO:meta-cli.py:Epoch 51/100	test results	MRR 0.800861	H@1 0.693203	H@3 0.896182	H@5 0.942737	H@10 0.972998
INFO:meta-cli.py:Epoch 52/100	Loss 4.2648 ± 0.1107
INFO:meta-cli.py:Epoch 53/100	Loss 4.2632 ± 0.1058
INFO:meta-cli.py:Epoch 54/100	Loss 4.2613 ± 0.1048
INFO:meta-cli.py:Epoch 54/100	dev results	MRR 0.792713	H@1 0.683989	H@3 0.881554	H@5 0.931648	H@10 0.969569
INFO:meta-cli.py:Epoch 54/100	test results	MRR 0.798782	H@1 0.689944	H@3 0.892924	H@5 0.942737	H@10 0.972533
INFO:meta-cli.py:Epoch 55/100	Loss 4.2600 ± 0.1186
INFO:meta-cli.py:Epoch 56/100	Loss 4.2582 ± 0.1035
INFO:meta-cli.py:Epoch 57/100	Loss 4.2570 ± 0.1181
INFO:meta-cli.py:Epoch 57/100	dev results	MRR 0.793465	H@1 0.685861	H@3 0.880618	H@5 0.931180	H@10 0.969569
INFO:meta-cli.py:Epoch 57/100	test results	MRR 0.797666	H@1 0.687616	H@3 0.894320	H@5 0.942737	H@10 0.972533
INFO:meta-cli.py:Epoch 58/100	Loss 4.2556 ± 0.1135
INFO:meta-cli.py:Epoch 59/100	Loss 4.2537 ± 0.1157
INFO:meta-cli.py:Epoch 60/100	Loss 4.2527 ± 0.1107
INFO:meta-cli.py:Epoch 60/100	dev results	MRR 0.792579	H@1 0.684925	H@3 0.880150	H@5 0.931180	H@10 0.969569
INFO:meta-cli.py:Epoch 60/100	test results	MRR 0.797638	H@1 0.688082	H@3 0.896648	H@5 0.942737	H@10 0.971601
INFO:meta-cli.py:Epoch 61/100	Loss 4.2513 ± 0.1080
INFO:meta-cli.py:Epoch 62/100	Loss 4.2497 ± 0.1156
INFO:meta-cli.py:Epoch 63/100	Loss 4.2486 ± 0.1154
INFO:meta-cli.py:Epoch 63/100	dev results	MRR 0.791152	H@1 0.682116	H@3 0.878745	H@5 0.932116	H@10 0.969569
INFO:meta-cli.py:Epoch 63/100	test results	MRR 0.795811	H@1 0.685754	H@3 0.893389	H@5 0.943203	H@10 0.971601
INFO:meta-cli.py:Epoch 64/100	Loss 4.2472 ± 0.1085
INFO:meta-cli.py:Epoch 65/100	Loss 4.2463 ± 0.1083
INFO:meta-cli.py:Epoch 66/100	Loss 4.2448 ± 0.1120
INFO:meta-cli.py:Epoch 66/100	dev results	MRR 0.789354	H@1 0.679307	H@3 0.877809	H@5 0.931180	H@10 0.969569
INFO:meta-cli.py:Epoch 66/100	test results	MRR 0.793636	H@1 0.682961	H@3 0.892458	H@5 0.942272	H@10 0.971136
INFO:meta-cli.py:Epoch 67/100	Loss 4.2443 ± 0.1103
INFO:meta-cli.py:Epoch 68/100	Loss 4.2427 ± 0.1199
INFO:meta-cli.py:Epoch 69/100	Loss 4.2418 ± 0.1006
INFO:meta-cli.py:Epoch 69/100	dev results	MRR 0.788393	H@1 0.677434	H@3 0.877809	H@5 0.931180	H@10 0.969101
INFO:meta-cli.py:Epoch 69/100	test results	MRR 0.793009	H@1 0.682030	H@3 0.893389	H@5 0.942272	H@10 0.970670
INFO:meta-cli.py:Epoch 70/100	Loss 4.2408 ± 0.1134
INFO:meta-cli.py:Epoch 71/100	Loss 4.2395 ± 0.1043
INFO:meta-cli.py:Epoch 72/100	Loss 4.2386 ± 0.1068
INFO:meta-cli.py:Epoch 72/100	dev results	MRR 0.787355	H@1 0.674625	H@3 0.878277	H@5 0.931180	H@10 0.969101
INFO:meta-cli.py:Epoch 72/100	test results	MRR 0.793257	H@1 0.682961	H@3 0.891527	H@5 0.942272	H@10 0.969739
INFO:meta-cli.py:Epoch 73/100	Loss 4.2379 ± 0.1044
INFO:meta-cli.py:Epoch 74/100	Loss 4.2367 ± 0.1071
INFO:meta-cli.py:Epoch 75/100	Loss 4.2359 ± 0.1092
INFO:meta-cli.py:Epoch 75/100	dev results	MRR 0.786896	H@1 0.676030	H@3 0.876404	H@5 0.931648	H@10 0.968633
INFO:meta-cli.py:Epoch 75/100	test results	MRR 0.790348	H@1 0.677840	H@3 0.891993	H@5 0.942272	H@10 0.969739
INFO:meta-cli.py:Epoch 76/100	Loss 4.2350 ± 0.1022
INFO:meta-cli.py:Epoch 77/100	Loss 4.2340 ± 0.1115
INFO:meta-cli.py:Epoch 78/100	Loss 4.2328 ± 0.0999
INFO:meta-cli.py:Epoch 78/100	dev results	MRR 0.785046	H@1 0.672753	H@3 0.876404	H@5 0.930243	H@10 0.968633
INFO:meta-cli.py:Epoch 78/100	test results	MRR 0.790096	H@1 0.676909	H@3 0.890130	H@5 0.941341	H@10 0.970670
INFO:meta-cli.py:Epoch 79/100	Loss 4.2321 ± 0.1087
INFO:meta-cli.py:Epoch 80/100	Loss 4.2313 ± 0.1145
INFO:meta-cli.py:Epoch 81/100	Loss 4.2307 ± 0.1171
INFO:meta-cli.py:Epoch 81/100	dev results	MRR 0.783132	H@1 0.669476	H@3 0.875936	H@5 0.930243	H@10 0.968633
INFO:meta-cli.py:Epoch 81/100	test results	MRR 0.789059	H@1 0.675047	H@3 0.890596	H@5 0.942272	H@10 0.970670
INFO:meta-cli.py:Epoch 82/100	Loss 4.2295 ± 0.0988
INFO:meta-cli.py:Epoch 83/100	Loss 4.2291 ± 0.1232
INFO:meta-cli.py:Epoch 84/100	Loss 4.2279 ± 0.1016
INFO:meta-cli.py:Epoch 84/100	dev results	MRR 0.783188	H@1 0.670880	H@3 0.874064	H@5 0.927903	H@10 0.968633
INFO:meta-cli.py:Epoch 84/100	test results	MRR 0.788510	H@1 0.673650	H@3 0.889199	H@5 0.942737	H@10 0.970670
INFO:meta-cli.py:Epoch 85/100	Loss 4.2274 ± 0.1112
INFO:meta-cli.py:Epoch 86/100	Loss 4.2266 ± 0.1123
INFO:meta-cli.py:Epoch 87/100	Loss 4.2260 ± 0.1127
INFO:meta-cli.py:Epoch 87/100	dev results	MRR 0.781376	H@1 0.667135	H@3 0.875000	H@5 0.927903	H@10 0.968165
INFO:meta-cli.py:Epoch 87/100	test results	MRR 0.786466	H@1 0.670857	H@3 0.888734	H@5 0.941806	H@10 0.970670
INFO:meta-cli.py:Epoch 88/100	Loss 4.2252 ± 0.0961
INFO:meta-cli.py:Epoch 89/100	Loss 4.2242 ± 0.0962
INFO:meta-cli.py:Epoch 90/100	Loss 4.2237 ± 0.1033
INFO:meta-cli.py:Epoch 90/100	dev results	MRR 0.781038	H@1 0.667135	H@3 0.874532	H@5 0.927434	H@10 0.967697
INFO:meta-cli.py:Epoch 90/100	test results	MRR 0.786446	H@1 0.671788	H@3 0.887337	H@5 0.941341	H@10 0.970205
INFO:meta-cli.py:Epoch 91/100	Loss 4.2228 ± 0.1075
INFO:meta-cli.py:Epoch 92/100	Loss 4.2227 ± 0.1185
INFO:meta-cli.py:Epoch 93/100	Loss 4.2215 ± 0.1069
INFO:meta-cli.py:Epoch 93/100	dev results	MRR 0.779729	H@1 0.665730	H@3 0.873127	H@5 0.926966	H@10 0.967697
INFO:meta-cli.py:Epoch 93/100	test results	MRR 0.784707	H@1 0.668994	H@3 0.885009	H@5 0.940875	H@10 0.970205
INFO:meta-cli.py:Epoch 94/100	Loss 4.2210 ± 0.1051
INFO:meta-cli.py:Epoch 95/100	Loss 4.2202 ± 0.1195
INFO:meta-cli.py:Epoch 96/100	Loss 4.2196 ± 0.1082
INFO:meta-cli.py:Epoch 96/100	dev results	MRR 0.781233	H@1 0.668071	H@3 0.874064	H@5 0.926498	H@10 0.967228
INFO:meta-cli.py:Epoch 96/100	test results	MRR 0.784543	H@1 0.668529	H@3 0.885475	H@5 0.940875	H@10 0.970670
INFO:meta-cli.py:Epoch 97/100	Loss 4.2189 ± 0.1054
INFO:meta-cli.py:Epoch 98/100	Loss 4.2183 ± 0.1134
INFO:meta-cli.py:Epoch 99/100	Loss 4.2180 ± 0.1068
INFO:meta-cli.py:Epoch 99/100	dev results	MRR 0.779412	H@1 0.665262	H@3 0.873127	H@5 0.926498	H@10 0.967697
INFO:meta-cli.py:Epoch 99/100	test results	MRR 0.784849	H@1 0.669460	H@3 0.884078	H@5 0.940410	H@10 0.970205
INFO:meta-cli.py:Epoch 100/100	Loss 4.2174 ± 0.1005
INFO:meta-cli.py:Final 	dev results	MRR 0.779553	H@1 0.665262	H@3 0.872659	H@5 0.926498	H@10 0.967697
INFO:meta-cli.py:Final 	test results	MRR 0.783264	H@1 0.666667	H@3 0.883613	H@5 0.939479	H@10 0.970205
INFO:meta-cli.py:Training finished
