./bin/meta-cli.py --train data/nations/train.tsv --dev data/nations/dev.tsv --test data/nations/test.tsv -m complex -k 500 -b 100 -e 100 --F2 0.005 --N3 0 -l 0.1 -I reciprocal -V 3 -o adagrad -q
{'F2': 0.005,
 'N3': 0.0,
 'batch_size': 100,
 'dev': 'data/nations/dev.tsv',
 'embedding_size': 500,
 'epochs': 100,
 'eval_batch_size': None,
 'input_type': 'reciprocal',
 'learning_rate': 0.1,
 'load': None,
 'model': 'complex',
 'optimizer': 'adagrad',
 'quiet': True,
 'save': None,
 'seed': 0,
 'test': 'data/nations/test.tsv',
 'test_i': None,
 'test_ii': None,
 'train': 'data/nations/train.tsv',
 'validate_every': 3}
INFO:meta-cli.py:Device: cpu
INFO:meta-cli.py:Model state:
INFO:meta-cli.py:	entities.weight	torch.Size([14, 1000])
INFO:meta-cli.py:	predicates.weight	torch.Size([110, 1000])
INFO:meta-cli.py:Epoch 1/100	Loss 5.4897 ± 0.1701
INFO:meta-cli.py:Epoch 2/100	Loss 4.8330 ± 0.1068
INFO:meta-cli.py:Epoch 3/100	Loss 4.4889 ± 0.1680
INFO:meta-cli.py:Epoch 3/100	dev results	MRR 0.795883	H@1 0.683417	H@3 0.879397	H@5 0.957286	H@10 1.000000
INFO:meta-cli.py:Epoch 3/100	test results	MRR 0.800776	H@1 0.686567	H@3 0.888060	H@5 0.960199	H@10 0.992537
INFO:meta-cli.py:Epoch 4/100	Loss 4.3014 ± 0.1581
INFO:meta-cli.py:Epoch 5/100	Loss 4.1880 ± 0.1625
INFO:meta-cli.py:Epoch 6/100	Loss 4.1102 ± 0.1876
INFO:meta-cli.py:Epoch 6/100	dev results	MRR 0.800518	H@1 0.685930	H@3 0.889447	H@5 0.967337	H@10 1.000000
INFO:meta-cli.py:Epoch 6/100	test results	MRR 0.794478	H@1 0.679104	H@3 0.900498	H@5 0.967662	H@10 0.997512
INFO:meta-cli.py:Epoch 7/100	Loss 4.0510 ± 0.1677
INFO:meta-cli.py:Epoch 8/100	Loss 4.0087 ± 0.1819
INFO:meta-cli.py:Epoch 9/100	Loss 3.9697 ± 0.1699
INFO:meta-cli.py:Epoch 9/100	dev results	MRR 0.791973	H@1 0.665829	H@3 0.894472	H@5 0.972362	H@10 1.000000
INFO:meta-cli.py:Epoch 9/100	test results	MRR 0.793681	H@1 0.679104	H@3 0.895522	H@5 0.960199	H@10 0.997512
INFO:meta-cli.py:Epoch 10/100	Loss 3.9418 ± 0.1817
INFO:meta-cli.py:Epoch 11/100	Loss 3.9165 ± 0.1374
INFO:meta-cli.py:Epoch 12/100	Loss 3.8948 ± 0.1603
INFO:meta-cli.py:Epoch 12/100	dev results	MRR 0.798446	H@1 0.673367	H@3 0.899497	H@5 0.967337	H@10 1.000000
INFO:meta-cli.py:Epoch 12/100	test results	MRR 0.795568	H@1 0.681592	H@3 0.893035	H@5 0.957711	H@10 0.997512
INFO:meta-cli.py:Epoch 13/100	Loss 3.8782 ± 0.1348
INFO:meta-cli.py:Epoch 14/100	Loss 3.8616 ± 0.1731
INFO:meta-cli.py:Epoch 15/100	Loss 3.8458 ± 0.1488
INFO:meta-cli.py:Epoch 15/100	dev results	MRR 0.797417	H@1 0.670854	H@3 0.902010	H@5 0.962312	H@10 1.000000
INFO:meta-cli.py:Epoch 15/100	test results	MRR 0.795136	H@1 0.681592	H@3 0.893035	H@5 0.952736	H@10 0.997512
INFO:meta-cli.py:Epoch 16/100	Loss 3.8348 ± 0.1603
INFO:meta-cli.py:Epoch 17/100	Loss 3.8213 ± 0.1456
INFO:meta-cli.py:Epoch 18/100	Loss 3.8104 ± 0.1460
INFO:meta-cli.py:Epoch 18/100	dev results	MRR 0.794635	H@1 0.665829	H@3 0.896985	H@5 0.964824	H@10 1.000000
INFO:meta-cli.py:Epoch 18/100	test results	MRR 0.786566	H@1 0.666667	H@3 0.885572	H@5 0.955224	H@10 0.995025
INFO:meta-cli.py:Epoch 19/100	Loss 3.7989 ± 0.1021
INFO:meta-cli.py:Epoch 20/100	Loss 3.7929 ± 0.1600
INFO:meta-cli.py:Epoch 21/100	Loss 3.7839 ± 0.1492
INFO:meta-cli.py:Epoch 21/100	dev results	MRR 0.790220	H@1 0.660804	H@3 0.904523	H@5 0.967337	H@10 0.994975
INFO:meta-cli.py:Epoch 21/100	test results	MRR 0.789292	H@1 0.674129	H@3 0.885572	H@5 0.952736	H@10 0.995025
INFO:meta-cli.py:Epoch 22/100	Loss 3.7745 ± 0.0984
INFO:meta-cli.py:Epoch 23/100	Loss 3.7677 ± 0.1550
INFO:meta-cli.py:Epoch 24/100	Loss 3.7631 ± 0.1301
INFO:meta-cli.py:Epoch 24/100	dev results	MRR 0.786408	H@1 0.655779	H@3 0.902010	H@5 0.967337	H@10 0.994975
INFO:meta-cli.py:Epoch 24/100	test results	MRR 0.788909	H@1 0.671642	H@3 0.893035	H@5 0.955224	H@10 0.995025
INFO:meta-cli.py:Epoch 25/100	Loss 3.7548 ± 0.1159
INFO:meta-cli.py:Epoch 26/100	Loss 3.7478 ± 0.1225
INFO:meta-cli.py:Epoch 27/100	Loss 3.7447 ± 0.1137
INFO:meta-cli.py:Epoch 27/100	dev results	MRR 0.787809	H@1 0.655779	H@3 0.907035	H@5 0.967337	H@10 0.994975
INFO:meta-cli.py:Epoch 27/100	test results	MRR 0.784002	H@1 0.661692	H@3 0.895522	H@5 0.950249	H@10 0.995025
INFO:meta-cli.py:Epoch 28/100	Loss 3.7374 ± 0.1392
INFO:meta-cli.py:Epoch 29/100	Loss 3.7333 ± 0.1135
INFO:meta-cli.py:Epoch 30/100	Loss nan ± nan
INFO:meta-cli.py:Epoch 30/100	dev results	MRR 0.100535	H@1 0.000000	H@3 0.012563	H@5 0.037688	H@10 0.354271
INFO:meta-cli.py:Epoch 30/100	test results	MRR 0.101660	H@1 0.000000	H@3 0.012438	H@5 0.064677	H@10 0.348259
INFO:meta-cli.py:Epoch 31/100	Loss nan ± nan
INFO:meta-cli.py:Epoch 32/100	Loss nan ± nan
INFO:meta-cli.py:Epoch 33/100	Loss nan ± nan
INFO:meta-cli.py:Epoch 33/100	dev results	MRR 0.100535	H@1 0.000000	H@3 0.012563	H@5 0.037688	H@10 0.354271
INFO:meta-cli.py:Epoch 33/100	test results	MRR 0.101660	H@1 0.000000	H@3 0.012438	H@5 0.064677	H@10 0.348259
INFO:meta-cli.py:Epoch 34/100	Loss nan ± nan
INFO:meta-cli.py:Epoch 35/100	Loss nan ± nan
INFO:meta-cli.py:Epoch 36/100	Loss nan ± nan
INFO:meta-cli.py:Epoch 36/100	dev results	MRR 0.100535	H@1 0.000000	H@3 0.012563	H@5 0.037688	H@10 0.354271
INFO:meta-cli.py:Epoch 36/100	test results	MRR 0.101660	H@1 0.000000	H@3 0.012438	H@5 0.064677	H@10 0.348259
INFO:meta-cli.py:Epoch 37/100	Loss nan ± nan
INFO:meta-cli.py:Epoch 38/100	Loss nan ± nan
INFO:meta-cli.py:Epoch 39/100	Loss nan ± nan
INFO:meta-cli.py:Epoch 39/100	dev results	MRR 0.100535	H@1 0.000000	H@3 0.012563	H@5 0.037688	H@10 0.354271
INFO:meta-cli.py:Epoch 39/100	test results	MRR 0.101660	H@1 0.000000	H@3 0.012438	H@5 0.064677	H@10 0.348259
INFO:meta-cli.py:Epoch 40/100	Loss nan ± nan
INFO:meta-cli.py:Epoch 41/100	Loss nan ± nan
INFO:meta-cli.py:Epoch 42/100	Loss nan ± nan
INFO:meta-cli.py:Epoch 42/100	dev results	MRR 0.100535	H@1 0.000000	H@3 0.012563	H@5 0.037688	H@10 0.354271
INFO:meta-cli.py:Epoch 42/100	test results	MRR 0.101660	H@1 0.000000	H@3 0.012438	H@5 0.064677	H@10 0.348259
INFO:meta-cli.py:Epoch 43/100	Loss nan ± nan
INFO:meta-cli.py:Epoch 44/100	Loss nan ± nan
INFO:meta-cli.py:Epoch 45/100	Loss nan ± nan
INFO:meta-cli.py:Epoch 45/100	dev results	MRR 0.100535	H@1 0.000000	H@3 0.012563	H@5 0.037688	H@10 0.354271
INFO:meta-cli.py:Epoch 45/100	test results	MRR 0.101660	H@1 0.000000	H@3 0.012438	H@5 0.064677	H@10 0.348259
INFO:meta-cli.py:Epoch 46/100	Loss nan ± nan
INFO:meta-cli.py:Epoch 47/100	Loss nan ± nan
INFO:meta-cli.py:Epoch 48/100	Loss nan ± nan
INFO:meta-cli.py:Epoch 48/100	dev results	MRR 0.100535	H@1 0.000000	H@3 0.012563	H@5 0.037688	H@10 0.354271
INFO:meta-cli.py:Epoch 48/100	test results	MRR 0.101660	H@1 0.000000	H@3 0.012438	H@5 0.064677	H@10 0.348259
INFO:meta-cli.py:Epoch 49/100	Loss nan ± nan
INFO:meta-cli.py:Epoch 50/100	Loss nan ± nan
INFO:meta-cli.py:Epoch 51/100	Loss nan ± nan
INFO:meta-cli.py:Epoch 51/100	dev results	MRR 0.100535	H@1 0.000000	H@3 0.012563	H@5 0.037688	H@10 0.354271
INFO:meta-cli.py:Epoch 51/100	test results	MRR 0.101660	H@1 0.000000	H@3 0.012438	H@5 0.064677	H@10 0.348259
INFO:meta-cli.py:Epoch 52/100	Loss nan ± nan
INFO:meta-cli.py:Epoch 53/100	Loss nan ± nan
INFO:meta-cli.py:Epoch 54/100	Loss nan ± nan
INFO:meta-cli.py:Epoch 54/100	dev results	MRR 0.100535	H@1 0.000000	H@3 0.012563	H@5 0.037688	H@10 0.354271
INFO:meta-cli.py:Epoch 54/100	test results	MRR 0.101660	H@1 0.000000	H@3 0.012438	H@5 0.064677	H@10 0.348259
INFO:meta-cli.py:Epoch 55/100	Loss nan ± nan
INFO:meta-cli.py:Epoch 56/100	Loss nan ± nan
INFO:meta-cli.py:Epoch 57/100	Loss nan ± nan
INFO:meta-cli.py:Epoch 57/100	dev results	MRR 0.100535	H@1 0.000000	H@3 0.012563	H@5 0.037688	H@10 0.354271
INFO:meta-cli.py:Epoch 57/100	test results	MRR 0.101660	H@1 0.000000	H@3 0.012438	H@5 0.064677	H@10 0.348259
INFO:meta-cli.py:Epoch 58/100	Loss nan ± nan
INFO:meta-cli.py:Epoch 59/100	Loss nan ± nan
INFO:meta-cli.py:Epoch 60/100	Loss nan ± nan
INFO:meta-cli.py:Epoch 60/100	dev results	MRR 0.100535	H@1 0.000000	H@3 0.012563	H@5 0.037688	H@10 0.354271
INFO:meta-cli.py:Epoch 60/100	test results	MRR 0.101660	H@1 0.000000	H@3 0.012438	H@5 0.064677	H@10 0.348259
INFO:meta-cli.py:Epoch 61/100	Loss nan ± nan
INFO:meta-cli.py:Epoch 62/100	Loss nan ± nan
INFO:meta-cli.py:Epoch 63/100	Loss nan ± nan
INFO:meta-cli.py:Epoch 63/100	dev results	MRR 0.100535	H@1 0.000000	H@3 0.012563	H@5 0.037688	H@10 0.354271
INFO:meta-cli.py:Epoch 63/100	test results	MRR 0.101660	H@1 0.000000	H@3 0.012438	H@5 0.064677	H@10 0.348259
INFO:meta-cli.py:Epoch 64/100	Loss nan ± nan
INFO:meta-cli.py:Epoch 65/100	Loss nan ± nan
INFO:meta-cli.py:Epoch 66/100	Loss nan ± nan
INFO:meta-cli.py:Epoch 66/100	dev results	MRR 0.100535	H@1 0.000000	H@3 0.012563	H@5 0.037688	H@10 0.354271
INFO:meta-cli.py:Epoch 66/100	test results	MRR 0.101660	H@1 0.000000	H@3 0.012438	H@5 0.064677	H@10 0.348259
INFO:meta-cli.py:Epoch 67/100	Loss nan ± nan
INFO:meta-cli.py:Epoch 68/100	Loss nan ± nan
INFO:meta-cli.py:Epoch 69/100	Loss nan ± nan
INFO:meta-cli.py:Epoch 69/100	dev results	MRR 0.100535	H@1 0.000000	H@3 0.012563	H@5 0.037688	H@10 0.354271
INFO:meta-cli.py:Epoch 69/100	test results	MRR 0.101660	H@1 0.000000	H@3 0.012438	H@5 0.064677	H@10 0.348259
INFO:meta-cli.py:Epoch 70/100	Loss nan ± nan
INFO:meta-cli.py:Epoch 71/100	Loss nan ± nan
INFO:meta-cli.py:Epoch 72/100	Loss nan ± nan
INFO:meta-cli.py:Epoch 72/100	dev results	MRR 0.100535	H@1 0.000000	H@3 0.012563	H@5 0.037688	H@10 0.354271
INFO:meta-cli.py:Epoch 72/100	test results	MRR 0.101660	H@1 0.000000	H@3 0.012438	H@5 0.064677	H@10 0.348259
INFO:meta-cli.py:Epoch 73/100	Loss nan ± nan
INFO:meta-cli.py:Epoch 74/100	Loss nan ± nan
INFO:meta-cli.py:Epoch 75/100	Loss nan ± nan
INFO:meta-cli.py:Epoch 75/100	dev results	MRR 0.100535	H@1 0.000000	H@3 0.012563	H@5 0.037688	H@10 0.354271
INFO:meta-cli.py:Epoch 75/100	test results	MRR 0.101660	H@1 0.000000	H@3 0.012438	H@5 0.064677	H@10 0.348259
INFO:meta-cli.py:Epoch 76/100	Loss nan ± nan
INFO:meta-cli.py:Epoch 77/100	Loss nan ± nan
INFO:meta-cli.py:Epoch 78/100	Loss nan ± nan
INFO:meta-cli.py:Epoch 78/100	dev results	MRR 0.100535	H@1 0.000000	H@3 0.012563	H@5 0.037688	H@10 0.354271
INFO:meta-cli.py:Epoch 78/100	test results	MRR 0.101660	H@1 0.000000	H@3 0.012438	H@5 0.064677	H@10 0.348259
INFO:meta-cli.py:Epoch 79/100	Loss nan ± nan
INFO:meta-cli.py:Epoch 80/100	Loss nan ± nan
INFO:meta-cli.py:Epoch 81/100	Loss nan ± nan
INFO:meta-cli.py:Epoch 81/100	dev results	MRR 0.100535	H@1 0.000000	H@3 0.012563	H@5 0.037688	H@10 0.354271
INFO:meta-cli.py:Epoch 81/100	test results	MRR 0.101660	H@1 0.000000	H@3 0.012438	H@5 0.064677	H@10 0.348259
INFO:meta-cli.py:Epoch 82/100	Loss nan ± nan
INFO:meta-cli.py:Epoch 83/100	Loss nan ± nan
INFO:meta-cli.py:Epoch 84/100	Loss nan ± nan
INFO:meta-cli.py:Epoch 84/100	dev results	MRR 0.100535	H@1 0.000000	H@3 0.012563	H@5 0.037688	H@10 0.354271
INFO:meta-cli.py:Epoch 84/100	test results	MRR 0.101660	H@1 0.000000	H@3 0.012438	H@5 0.064677	H@10 0.348259
INFO:meta-cli.py:Epoch 85/100	Loss nan ± nan
INFO:meta-cli.py:Epoch 86/100	Loss nan ± nan
INFO:meta-cli.py:Epoch 87/100	Loss nan ± nan
INFO:meta-cli.py:Epoch 87/100	dev results	MRR 0.100535	H@1 0.000000	H@3 0.012563	H@5 0.037688	H@10 0.354271
INFO:meta-cli.py:Epoch 87/100	test results	MRR 0.101660	H@1 0.000000	H@3 0.012438	H@5 0.064677	H@10 0.348259
INFO:meta-cli.py:Epoch 88/100	Loss nan ± nan
INFO:meta-cli.py:Epoch 89/100	Loss nan ± nan
INFO:meta-cli.py:Epoch 90/100	Loss nan ± nan
INFO:meta-cli.py:Epoch 90/100	dev results	MRR 0.100535	H@1 0.000000	H@3 0.012563	H@5 0.037688	H@10 0.354271
INFO:meta-cli.py:Epoch 90/100	test results	MRR 0.101660	H@1 0.000000	H@3 0.012438	H@5 0.064677	H@10 0.348259
INFO:meta-cli.py:Epoch 91/100	Loss nan ± nan
INFO:meta-cli.py:Epoch 92/100	Loss nan ± nan
INFO:meta-cli.py:Epoch 93/100	Loss nan ± nan
INFO:meta-cli.py:Epoch 93/100	dev results	MRR 0.100535	H@1 0.000000	H@3 0.012563	H@5 0.037688	H@10 0.354271
INFO:meta-cli.py:Epoch 93/100	test results	MRR 0.101660	H@1 0.000000	H@3 0.012438	H@5 0.064677	H@10 0.348259
INFO:meta-cli.py:Epoch 94/100	Loss nan ± nan
INFO:meta-cli.py:Epoch 95/100	Loss nan ± nan
INFO:meta-cli.py:Epoch 96/100	Loss nan ± nan
INFO:meta-cli.py:Epoch 96/100	dev results	MRR 0.100535	H@1 0.000000	H@3 0.012563	H@5 0.037688	H@10 0.354271
INFO:meta-cli.py:Epoch 96/100	test results	MRR 0.101660	H@1 0.000000	H@3 0.012438	H@5 0.064677	H@10 0.348259
INFO:meta-cli.py:Epoch 97/100	Loss nan ± nan
INFO:meta-cli.py:Epoch 98/100	Loss nan ± nan
INFO:meta-cli.py:Epoch 99/100	Loss nan ± nan
INFO:meta-cli.py:Epoch 99/100	dev results	MRR 0.100535	H@1 0.000000	H@3 0.012563	H@5 0.037688	H@10 0.354271
INFO:meta-cli.py:Epoch 99/100	test results	MRR 0.101660	H@1 0.000000	H@3 0.012438	H@5 0.064677	H@10 0.348259
INFO:meta-cli.py:Epoch 100/100	Loss nan ± nan
INFO:meta-cli.py:Final 	dev results	MRR 0.100535	H@1 0.000000	H@3 0.012563	H@5 0.037688	H@10 0.354271
INFO:meta-cli.py:Final 	test results	MRR 0.101660	H@1 0.000000	H@3 0.012438	H@5 0.064677	H@10 0.348259
INFO:meta-cli.py:Training finished
