./bin/meta-cli.py --train data/umls/train.tsv --dev data/umls/dev.tsv --test data/umls/test.tsv -m complex -k 50 -b 100 -e 100 --F2 0 --N3 0.005 -l 0.1 -I reciprocal -V 3 -o adagrad -q
{'F2': 0.0,
 'N3': 0.005,
 'batch_size': 100,
 'dev': 'data/umls/dev.tsv',
 'embedding_size': 50,
 'epochs': 100,
 'eval_batch_size': None,
 'input_type': 'reciprocal',
 'learning_rate': 0.1,
 'load': None,
 'model': 'complex',
 'optimizer': 'adagrad',
 'quiet': True,
 'save': None,
 'seed': 0,
 'test': 'data/umls/test.tsv',
 'test_i': None,
 'test_ii': None,
 'train': 'data/umls/train.tsv',
 'validate_every': 3}
INFO:meta-cli.py:Device: cpu
INFO:meta-cli.py:Model state:
INFO:meta-cli.py:	entities.weight	torch.Size([135, 100])
INFO:meta-cli.py:	predicates.weight	torch.Size([92, 100])
INFO:meta-cli.py:Epoch 1/100	Loss 7.7114 ± 1.1965
INFO:meta-cli.py:Epoch 2/100	Loss 6.0344 ± 0.1411
INFO:meta-cli.py:Epoch 3/100	Loss 5.7973 ± 0.1369
INFO:meta-cli.py:Epoch 3/100	dev results	MRR 0.892388	H@1 0.808282	H@3 0.970092	H@5 0.980828	H@10 0.991564
INFO:meta-cli.py:Epoch 3/100	test results	MRR 0.885028	H@1 0.790469	H@3 0.979576	H@5 0.984871	H@10 0.992436
INFO:meta-cli.py:Epoch 4/100	Loss 5.7029 ± 0.1475
INFO:meta-cli.py:Epoch 5/100	Loss 5.6426 ± 0.1403
INFO:meta-cli.py:Epoch 6/100	Loss 5.6014 ± 0.1335
INFO:meta-cli.py:Epoch 6/100	dev results	MRR 0.924760	H@1 0.869632	H@3 0.973926	H@5 0.986196	H@10 0.994632
INFO:meta-cli.py:Epoch 6/100	test results	MRR 0.920001	H@1 0.855522	H@3 0.983359	H@5 0.993192	H@10 0.996974
INFO:meta-cli.py:Epoch 7/100	Loss 5.5734 ± 0.1389
INFO:meta-cli.py:Epoch 8/100	Loss 5.5489 ± 0.1418
INFO:meta-cli.py:Epoch 9/100	Loss 5.5318 ± 0.1399
INFO:meta-cli.py:Epoch 9/100	dev results	MRR 0.937851	H@1 0.895706	H@3 0.974693	H@5 0.983129	H@10 0.995399
INFO:meta-cli.py:Epoch 9/100	test results	MRR 0.928281	H@1 0.872163	H@3 0.981089	H@5 0.994705	H@10 0.996218
INFO:meta-cli.py:Epoch 10/100	Loss 5.5124 ± 0.1379
INFO:meta-cli.py:Epoch 11/100	Loss 5.4989 ± 0.1358
INFO:meta-cli.py:Epoch 12/100	Loss 5.4866 ± 0.1405
INFO:meta-cli.py:Epoch 12/100	dev results	MRR 0.935364	H@1 0.891104	H@3 0.973926	H@5 0.984663	H@10 0.994632
INFO:meta-cli.py:Epoch 12/100	test results	MRR 0.935495	H@1 0.884266	H@3 0.983359	H@5 0.993949	H@10 0.996218
INFO:meta-cli.py:Epoch 13/100	Loss 5.4754 ± 0.1222
INFO:meta-cli.py:Epoch 14/100	Loss 5.4694 ± 0.1363
INFO:meta-cli.py:Epoch 15/100	Loss 5.4583 ± 0.1289
INFO:meta-cli.py:Epoch 15/100	dev results	MRR 0.930277	H@1 0.881135	H@3 0.973926	H@5 0.982362	H@10 0.993865
INFO:meta-cli.py:Epoch 15/100	test results	MRR 0.934035	H@1 0.882753	H@3 0.984115	H@5 0.993949	H@10 0.996218
INFO:meta-cli.py:Epoch 16/100	Loss 5.4500 ± 0.1312
INFO:meta-cli.py:Epoch 17/100	Loss 5.4457 ± 0.1286
INFO:meta-cli.py:Epoch 18/100	Loss 5.4379 ± 0.1173
INFO:meta-cli.py:Epoch 18/100	dev results	MRR 0.934963	H@1 0.891104	H@3 0.972393	H@5 0.983129	H@10 0.993098
INFO:meta-cli.py:Epoch 18/100	test results	MRR 0.939484	H@1 0.894100	H@3 0.981846	H@5 0.993192	H@10 0.996218
INFO:meta-cli.py:Epoch 19/100	Loss 5.4314 ± 0.1340
INFO:meta-cli.py:Epoch 20/100	Loss 5.4290 ± 0.1453
INFO:meta-cli.py:Epoch 21/100	Loss 5.4229 ± 0.1274
INFO:meta-cli.py:Epoch 21/100	dev results	MRR 0.935435	H@1 0.893405	H@3 0.972393	H@5 0.982362	H@10 0.993098
INFO:meta-cli.py:Epoch 21/100	test results	MRR 0.939207	H@1 0.893343	H@3 0.981846	H@5 0.992436	H@10 0.996218
INFO:meta-cli.py:Epoch 22/100	Loss 5.4147 ± 0.1427
INFO:meta-cli.py:Epoch 23/100	Loss 5.4113 ± 0.1294
INFO:meta-cli.py:Epoch 24/100	Loss 5.4086 ± 0.1338
INFO:meta-cli.py:Epoch 24/100	dev results	MRR 0.934790	H@1 0.891871	H@3 0.972393	H@5 0.981595	H@10 0.993098
INFO:meta-cli.py:Epoch 24/100	test results	MRR 0.939140	H@1 0.893343	H@3 0.982602	H@5 0.992436	H@10 0.995461
INFO:meta-cli.py:Epoch 25/100	Loss 5.4039 ± 0.1365
INFO:meta-cli.py:Epoch 26/100	Loss 5.3999 ± 0.1345
INFO:meta-cli.py:Epoch 27/100	Loss 5.3968 ± 0.1300
INFO:meta-cli.py:Epoch 27/100	dev results	MRR 0.935965	H@1 0.894939	H@3 0.970092	H@5 0.983896	H@10 0.993098
INFO:meta-cli.py:Epoch 27/100	test results	MRR 0.941497	H@1 0.899395	H@3 0.982602	H@5 0.991679	H@10 0.996218
INFO:meta-cli.py:Epoch 28/100	Loss 5.3920 ± 0.1402
INFO:meta-cli.py:Epoch 29/100	Loss 5.3896 ± 0.1261
INFO:meta-cli.py:Epoch 30/100	Loss 5.3877 ± 0.1324
INFO:meta-cli.py:Epoch 30/100	dev results	MRR 0.936730	H@1 0.896472	H@3 0.970859	H@5 0.980061	H@10 0.992331
INFO:meta-cli.py:Epoch 30/100	test results	MRR 0.943758	H@1 0.903177	H@3 0.982602	H@5 0.991679	H@10 0.996218
INFO:meta-cli.py:Epoch 31/100	Loss 5.3830 ± 0.1211
INFO:meta-cli.py:Epoch 32/100	Loss 5.3795 ± 0.1181
INFO:meta-cli.py:Epoch 33/100	Loss 5.3772 ± 0.1263
INFO:meta-cli.py:Epoch 33/100	dev results	MRR 0.935203	H@1 0.894939	H@3 0.970092	H@5 0.977761	H@10 0.992331
INFO:meta-cli.py:Epoch 33/100	test results	MRR 0.942594	H@1 0.900908	H@3 0.983359	H@5 0.991679	H@10 0.996218
INFO:meta-cli.py:Epoch 34/100	Loss 5.3745 ± 0.1131
INFO:meta-cli.py:Epoch 35/100	Loss 5.3730 ± 0.1339
INFO:meta-cli.py:Epoch 36/100	Loss 5.3708 ± 0.1102
INFO:meta-cli.py:Epoch 36/100	dev results	MRR 0.934903	H@1 0.894172	H@3 0.969325	H@5 0.979294	H@10 0.992331
INFO:meta-cli.py:Epoch 36/100	test results	MRR 0.943532	H@1 0.903933	H@3 0.982602	H@5 0.991679	H@10 0.996218
INFO:meta-cli.py:Epoch 37/100	Loss 5.3705 ± 0.1283
INFO:meta-cli.py:Epoch 38/100	Loss 5.3628 ± 0.1292
INFO:meta-cli.py:Epoch 39/100	Loss 5.3646 ± 0.1258
INFO:meta-cli.py:Epoch 39/100	dev results	MRR 0.933875	H@1 0.893405	H@3 0.969325	H@5 0.976994	H@10 0.991564
INFO:meta-cli.py:Epoch 39/100	test results	MRR 0.941136	H@1 0.900151	H@3 0.981089	H@5 0.991679	H@10 0.996218
INFO:meta-cli.py:Epoch 40/100	Loss 5.3642 ± 0.1369
INFO:meta-cli.py:Epoch 41/100	Loss 5.3595 ± 0.1129
INFO:meta-cli.py:Epoch 42/100	Loss 5.3566 ± 0.1283
INFO:meta-cli.py:Epoch 42/100	dev results	MRR 0.931774	H@1 0.888804	H@3 0.969325	H@5 0.976994	H@10 0.991564
INFO:meta-cli.py:Epoch 42/100	test results	MRR 0.939624	H@1 0.897126	H@3 0.981089	H@5 0.991679	H@10 0.996218
INFO:meta-cli.py:Epoch 43/100	Loss 5.3564 ± 0.1127
INFO:meta-cli.py:Epoch 44/100	Loss 5.3516 ± 0.1238
INFO:meta-cli.py:Epoch 45/100	Loss 5.3502 ± 0.1296
INFO:meta-cli.py:Epoch 45/100	dev results	MRR 0.931896	H@1 0.891104	H@3 0.969325	H@5 0.976227	H@10 0.991564
INFO:meta-cli.py:Epoch 45/100	test results	MRR 0.940884	H@1 0.898638	H@3 0.982602	H@5 0.991679	H@10 0.996218
INFO:meta-cli.py:Epoch 46/100	Loss 5.3493 ± 0.1205
INFO:meta-cli.py:Epoch 47/100	Loss 5.3515 ± 0.1324
INFO:meta-cli.py:Epoch 48/100	Loss 5.3448 ± 0.1256
INFO:meta-cli.py:Epoch 48/100	dev results	MRR 0.929118	H@1 0.886503	H@3 0.967025	H@5 0.976227	H@10 0.991564
INFO:meta-cli.py:Epoch 48/100	test results	MRR 0.939586	H@1 0.896369	H@3 0.981089	H@5 0.991679	H@10 0.996218
INFO:meta-cli.py:Epoch 49/100	Loss 5.3466 ± 0.1310
INFO:meta-cli.py:Epoch 50/100	Loss 5.3413 ± 0.1096
INFO:meta-cli.py:Epoch 51/100	Loss 5.3424 ± 0.1415
INFO:meta-cli.py:Epoch 51/100	dev results	MRR 0.932610	H@1 0.892638	H@3 0.967791	H@5 0.976227	H@10 0.991564
INFO:meta-cli.py:Epoch 51/100	test results	MRR 0.937036	H@1 0.891831	H@3 0.980333	H@5 0.991679	H@10 0.996974
INFO:meta-cli.py:Epoch 52/100	Loss 5.3394 ± 0.1268
INFO:meta-cli.py:Epoch 53/100	Loss 5.3390 ± 0.1283
INFO:meta-cli.py:Epoch 54/100	Loss 5.3392 ± 0.1458
INFO:meta-cli.py:Epoch 54/100	dev results	MRR 0.930680	H@1 0.889571	H@3 0.967025	H@5 0.976227	H@10 0.990798
INFO:meta-cli.py:Epoch 54/100	test results	MRR 0.940065	H@1 0.897126	H@3 0.981846	H@5 0.990923	H@10 0.996974
INFO:meta-cli.py:Epoch 55/100	Loss 5.3381 ± 0.1343
INFO:meta-cli.py:Epoch 56/100	Loss 5.3354 ± 0.1195
INFO:meta-cli.py:Epoch 57/100	Loss 5.3351 ± 0.1202
INFO:meta-cli.py:Epoch 57/100	dev results	MRR 0.931974	H@1 0.893405	H@3 0.965491	H@5 0.976227	H@10 0.990798
INFO:meta-cli.py:Epoch 57/100	test results	MRR 0.939169	H@1 0.896369	H@3 0.979576	H@5 0.990923	H@10 0.996974
INFO:meta-cli.py:Epoch 58/100	Loss 5.3310 ± 0.1105
INFO:meta-cli.py:Epoch 59/100	Loss 5.3297 ± 0.1289
INFO:meta-cli.py:Epoch 60/100	Loss 5.3317 ± 0.1149
INFO:meta-cli.py:Epoch 60/100	dev results	MRR 0.932805	H@1 0.894939	H@3 0.967025	H@5 0.976227	H@10 0.990031
INFO:meta-cli.py:Epoch 60/100	test results	MRR 0.937842	H@1 0.894100	H@3 0.980333	H@5 0.990923	H@10 0.996974
INFO:meta-cli.py:Epoch 61/100	Loss 5.3295 ± 0.1193
INFO:meta-cli.py:Epoch 62/100	Loss 5.3290 ± 0.1347
INFO:meta-cli.py:Epoch 63/100	Loss 5.3293 ± 0.1286
INFO:meta-cli.py:Epoch 63/100	dev results	MRR 0.932946	H@1 0.894939	H@3 0.966258	H@5 0.976227	H@10 0.990798
INFO:meta-cli.py:Epoch 63/100	test results	MRR 0.938943	H@1 0.897126	H@3 0.980333	H@5 0.990166	H@10 0.996974
INFO:meta-cli.py:Epoch 64/100	Loss 5.3276 ± 0.1321
INFO:meta-cli.py:Epoch 65/100	Loss 5.3248 ± 0.1237
INFO:meta-cli.py:Epoch 66/100	Loss 5.3222 ± 0.1520
INFO:meta-cli.py:Epoch 66/100	dev results	MRR 0.931383	H@1 0.892638	H@3 0.966258	H@5 0.975460	H@10 0.990798
INFO:meta-cli.py:Epoch 66/100	test results	MRR 0.938747	H@1 0.896369	H@3 0.980333	H@5 0.989410	H@10 0.996218
INFO:meta-cli.py:Epoch 67/100	Loss 5.3213 ± 0.1142
INFO:meta-cli.py:Epoch 68/100	Loss 5.3234 ± 0.1337
INFO:meta-cli.py:Epoch 69/100	Loss 5.3206 ± 0.1127
INFO:meta-cli.py:Epoch 69/100	dev results	MRR 0.930718	H@1 0.891871	H@3 0.965491	H@5 0.975460	H@10 0.990798
INFO:meta-cli.py:Epoch 69/100	test results	MRR 0.938873	H@1 0.896369	H@3 0.980333	H@5 0.989410	H@10 0.996218
INFO:meta-cli.py:Epoch 70/100	Loss 5.3210 ± 0.1148
INFO:meta-cli.py:Epoch 71/100	Loss 5.3207 ± 0.1390
INFO:meta-cli.py:Epoch 72/100	Loss 5.3178 ± 0.1154
INFO:meta-cli.py:Epoch 72/100	dev results	MRR 0.929531	H@1 0.889571	H@3 0.965491	H@5 0.975460	H@10 0.990798
INFO:meta-cli.py:Epoch 72/100	test results	MRR 0.938495	H@1 0.896369	H@3 0.978820	H@5 0.989410	H@10 0.996218
INFO:meta-cli.py:Epoch 73/100	Loss 5.3176 ± 0.1346
INFO:meta-cli.py:Epoch 74/100	Loss 5.3175 ± 0.1253
INFO:meta-cli.py:Epoch 75/100	Loss 5.3161 ± 0.1226
INFO:meta-cli.py:Epoch 75/100	dev results	MRR 0.927747	H@1 0.886503	H@3 0.963957	H@5 0.975460	H@10 0.990798
INFO:meta-cli.py:Epoch 75/100	test results	MRR 0.938706	H@1 0.897126	H@3 0.978820	H@5 0.988654	H@10 0.996218
INFO:meta-cli.py:Epoch 76/100	Loss 5.3157 ± 0.1139
INFO:meta-cli.py:Epoch 77/100	Loss 5.3126 ± 0.1248
INFO:meta-cli.py:Epoch 78/100	Loss 5.3135 ± 0.1199
INFO:meta-cli.py:Epoch 78/100	dev results	MRR 0.930099	H@1 0.891104	H@3 0.964724	H@5 0.974693	H@10 0.990798
INFO:meta-cli.py:Epoch 78/100	test results	MRR 0.937249	H@1 0.894856	H@3 0.978820	H@5 0.987141	H@10 0.996218
INFO:meta-cli.py:Epoch 79/100	Loss 5.3130 ± 0.1389
INFO:meta-cli.py:Epoch 80/100	Loss 5.3115 ± 0.1168
INFO:meta-cli.py:Epoch 81/100	Loss 5.3115 ± 0.1301
INFO:meta-cli.py:Epoch 81/100	dev results	MRR 0.929419	H@1 0.890337	H@3 0.961656	H@5 0.973926	H@10 0.990798
INFO:meta-cli.py:Epoch 81/100	test results	MRR 0.938012	H@1 0.896369	H@3 0.977307	H@5 0.987141	H@10 0.996974
INFO:meta-cli.py:Epoch 82/100	Loss 5.3104 ± 0.1187
INFO:meta-cli.py:Epoch 83/100	Loss 5.3084 ± 0.1257
INFO:meta-cli.py:Epoch 84/100	Loss 5.3070 ± 0.1163
INFO:meta-cli.py:Epoch 84/100	dev results	MRR 0.928604	H@1 0.889571	H@3 0.963190	H@5 0.973926	H@10 0.990798
INFO:meta-cli.py:Epoch 84/100	test results	MRR 0.936466	H@1 0.893343	H@3 0.977307	H@5 0.987141	H@10 0.996974
INFO:meta-cli.py:Epoch 85/100	Loss 5.3083 ± 0.1303
INFO:meta-cli.py:Epoch 86/100	Loss 5.3094 ± 0.1217
INFO:meta-cli.py:Epoch 87/100	Loss 5.3046 ± 0.1178
INFO:meta-cli.py:Epoch 87/100	dev results	MRR 0.927463	H@1 0.888037	H@3 0.960123	H@5 0.973926	H@10 0.990031
INFO:meta-cli.py:Epoch 87/100	test results	MRR 0.937104	H@1 0.894856	H@3 0.975794	H@5 0.987141	H@10 0.996974
INFO:meta-cli.py:Epoch 88/100	Loss 5.3057 ± 0.1206
INFO:meta-cli.py:Epoch 89/100	Loss 5.3061 ± 0.1213
INFO:meta-cli.py:Epoch 90/100	Loss 5.3045 ± 0.1204
INFO:meta-cli.py:Epoch 90/100	dev results	MRR 0.928708	H@1 0.889571	H@3 0.960890	H@5 0.973926	H@10 0.990031
INFO:meta-cli.py:Epoch 90/100	test results	MRR 0.937066	H@1 0.894856	H@3 0.975038	H@5 0.986384	H@10 0.996974
INFO:meta-cli.py:Epoch 91/100	Loss 5.3045 ± 0.1148
INFO:meta-cli.py:Epoch 92/100	Loss 5.3030 ± 0.1205
INFO:meta-cli.py:Epoch 93/100	Loss 5.3027 ± 0.1197
INFO:meta-cli.py:Epoch 93/100	dev results	MRR 0.927307	H@1 0.888037	H@3 0.960123	H@5 0.973926	H@10 0.990031
INFO:meta-cli.py:Epoch 93/100	test results	MRR 0.936058	H@1 0.893343	H@3 0.975038	H@5 0.986384	H@10 0.996974
INFO:meta-cli.py:Epoch 94/100	Loss 5.3021 ± 0.1379
INFO:meta-cli.py:Epoch 95/100	Loss 5.3024 ± 0.1144
INFO:meta-cli.py:Epoch 96/100	Loss 5.3009 ± 0.1165
INFO:meta-cli.py:Epoch 96/100	dev results	MRR 0.926704	H@1 0.888037	H@3 0.958589	H@5 0.973160	H@10 0.990031
INFO:meta-cli.py:Epoch 96/100	test results	MRR 0.936247	H@1 0.893343	H@3 0.976551	H@5 0.987141	H@10 0.996974
INFO:meta-cli.py:Epoch 97/100	Loss 5.3000 ± 0.1199
INFO:meta-cli.py:Epoch 98/100	Loss 5.2976 ± 0.1310
INFO:meta-cli.py:Epoch 99/100	Loss 5.3011 ± 0.1093
INFO:meta-cli.py:Epoch 99/100	dev results	MRR 0.925684	H@1 0.885736	H@3 0.957055	H@5 0.972393	H@10 0.990031
INFO:meta-cli.py:Epoch 99/100	test results	MRR 0.935742	H@1 0.892587	H@3 0.974281	H@5 0.986384	H@10 0.996974
INFO:meta-cli.py:Epoch 100/100	Loss 5.2979 ± 0.1165
INFO:meta-cli.py:Final 	dev results	MRR 0.925460	H@1 0.885736	H@3 0.957822	H@5 0.972393	H@10 0.990031
INFO:meta-cli.py:Final 	test results	MRR 0.935212	H@1 0.891831	H@3 0.975038	H@5 0.986384	H@10 0.996974
INFO:meta-cli.py:Training finished
