./bin/meta-cli.py --train data/nations/train.tsv --dev data/nations/dev.tsv --test data/nations/test.tsv -m complex -k 10 -b 100 -e 100 --F2 0 --N3 0.001 -l 0.1 -I reciprocal -V 3 -o adagrad -q
{'F2': 0.0,
 'N3': 0.001,
 'batch_size': 100,
 'dev': 'data/nations/dev.tsv',
 'embedding_size': 10,
 'epochs': 100,
 'eval_batch_size': None,
 'input_type': 'reciprocal',
 'learning_rate': 0.1,
 'load': None,
 'model': 'complex',
 'optimizer': 'adagrad',
 'quiet': True,
 'save': None,
 'seed': 0,
 'test': 'data/nations/test.tsv',
 'test_i': None,
 'test_ii': None,
 'train': 'data/nations/train.tsv',
 'validate_every': 3}
INFO:meta-cli.py:Device: cpu
INFO:meta-cli.py:Model state:
INFO:meta-cli.py:	entities.weight	torch.Size([14, 20])
INFO:meta-cli.py:	predicates.weight	torch.Size([110, 20])
INFO:meta-cli.py:Epoch 1/100	Loss 5.2645 ± 0.0206
INFO:meta-cli.py:Epoch 2/100	Loss 5.0226 ± 0.0753
INFO:meta-cli.py:Epoch 3/100	Loss 4.7381 ± 0.0690
INFO:meta-cli.py:Epoch 3/100	dev results	MRR 0.629384	H@1 0.464824	H@3 0.731156	H@5 0.864322	H@10 0.982412
INFO:meta-cli.py:Epoch 3/100	test results	MRR 0.611805	H@1 0.430348	H@3 0.728856	H@5 0.858209	H@10 0.987562
INFO:meta-cli.py:Epoch 4/100	Loss 4.5557 ± 0.1339
INFO:meta-cli.py:Epoch 5/100	Loss 4.4397 ± 0.1270
INFO:meta-cli.py:Epoch 6/100	Loss 4.3610 ± 0.1187
INFO:meta-cli.py:Epoch 6/100	dev results	MRR 0.649744	H@1 0.484925	H@3 0.751256	H@5 0.894472	H@10 0.987437
INFO:meta-cli.py:Epoch 6/100	test results	MRR 0.637628	H@1 0.467662	H@3 0.751244	H@5 0.883085	H@10 0.992537
INFO:meta-cli.py:Epoch 7/100	Loss 4.3006 ± 0.1128
INFO:meta-cli.py:Epoch 8/100	Loss 4.2590 ± 0.1245
INFO:meta-cli.py:Epoch 9/100	Loss 4.2208 ± 0.1281
INFO:meta-cli.py:Epoch 9/100	dev results	MRR 0.663840	H@1 0.500000	H@3 0.771357	H@5 0.917085	H@10 0.987437
INFO:meta-cli.py:Epoch 9/100	test results	MRR 0.668212	H@1 0.517413	H@3 0.771144	H@5 0.888060	H@10 0.987562
INFO:meta-cli.py:Epoch 10/100	Loss 4.1940 ± 0.1411
INFO:meta-cli.py:Epoch 11/100	Loss 4.1687 ± 0.1316
INFO:meta-cli.py:Epoch 12/100	Loss 4.1474 ± 0.1478
INFO:meta-cli.py:Epoch 12/100	dev results	MRR 0.673225	H@1 0.512563	H@3 0.786432	H@5 0.919598	H@10 0.989950
INFO:meta-cli.py:Epoch 12/100	test results	MRR 0.679250	H@1 0.522388	H@3 0.803483	H@5 0.895522	H@10 0.987562
INFO:meta-cli.py:Epoch 13/100	Loss 4.1313 ± 0.1462
INFO:meta-cli.py:Epoch 14/100	Loss 4.1172 ± 0.1344
INFO:meta-cli.py:Epoch 15/100	Loss 4.1024 ± 0.1363
INFO:meta-cli.py:Epoch 15/100	dev results	MRR 0.682990	H@1 0.525126	H@3 0.793970	H@5 0.922111	H@10 0.989950
INFO:meta-cli.py:Epoch 15/100	test results	MRR 0.694005	H@1 0.549751	H@3 0.803483	H@5 0.907960	H@10 0.987562
INFO:meta-cli.py:Epoch 16/100	Loss 4.0895 ± 0.1222
INFO:meta-cli.py:Epoch 17/100	Loss 4.0785 ± 0.1293
INFO:meta-cli.py:Epoch 18/100	Loss 4.0690 ± 0.1184
INFO:meta-cli.py:Epoch 18/100	dev results	MRR 0.689492	H@1 0.530151	H@3 0.816583	H@5 0.924623	H@10 0.989950
INFO:meta-cli.py:Epoch 18/100	test results	MRR 0.704313	H@1 0.564677	H@3 0.805970	H@5 0.917910	H@10 0.990050
INFO:meta-cli.py:Epoch 19/100	Loss 4.0591 ± 0.1353
INFO:meta-cli.py:Epoch 20/100	Loss 4.0516 ± 0.1663
INFO:meta-cli.py:Epoch 21/100	Loss 4.0426 ± 0.1484
INFO:meta-cli.py:Epoch 21/100	dev results	MRR 0.701740	H@1 0.550251	H@3 0.824121	H@5 0.927136	H@10 0.992462
INFO:meta-cli.py:Epoch 21/100	test results	MRR 0.715202	H@1 0.582090	H@3 0.818408	H@5 0.910448	H@10 0.987562
INFO:meta-cli.py:Epoch 22/100	Loss 4.0344 ± 0.1467
INFO:meta-cli.py:Epoch 23/100	Loss 4.0278 ± 0.1444
INFO:meta-cli.py:Epoch 24/100	Loss 4.0236 ± 0.1560
INFO:meta-cli.py:Epoch 24/100	dev results	MRR 0.706035	H@1 0.555276	H@3 0.831658	H@5 0.927136	H@10 0.992462
INFO:meta-cli.py:Epoch 24/100	test results	MRR 0.718220	H@1 0.582090	H@3 0.828358	H@5 0.915423	H@10 0.985075
INFO:meta-cli.py:Epoch 25/100	Loss 4.0155 ± 0.1354
INFO:meta-cli.py:Epoch 26/100	Loss 4.0101 ± 0.1398
INFO:meta-cli.py:Epoch 27/100	Loss 4.0053 ± 0.1384
INFO:meta-cli.py:Epoch 27/100	dev results	MRR 0.712803	H@1 0.562814	H@3 0.836683	H@5 0.932161	H@10 0.994975
INFO:meta-cli.py:Epoch 27/100	test results	MRR 0.721635	H@1 0.587065	H@3 0.823383	H@5 0.912935	H@10 0.985075
INFO:meta-cli.py:Epoch 28/100	Loss 3.9983 ± 0.1271
INFO:meta-cli.py:Epoch 29/100	Loss 3.9962 ± 0.1325
INFO:meta-cli.py:Epoch 30/100	Loss 3.9901 ± 0.1750
INFO:meta-cli.py:Epoch 30/100	dev results	MRR 0.713192	H@1 0.562814	H@3 0.836683	H@5 0.934673	H@10 0.994975
INFO:meta-cli.py:Epoch 30/100	test results	MRR 0.724257	H@1 0.592040	H@3 0.833333	H@5 0.910448	H@10 0.985075
INFO:meta-cli.py:Epoch 31/100	Loss 3.9874 ± 0.1439
INFO:meta-cli.py:Epoch 32/100	Loss 3.9829 ± 0.1320
INFO:meta-cli.py:Epoch 33/100	Loss 3.9803 ± 0.1309
INFO:meta-cli.py:Epoch 33/100	dev results	MRR 0.722028	H@1 0.577889	H@3 0.836683	H@5 0.937186	H@10 0.994975
INFO:meta-cli.py:Epoch 33/100	test results	MRR 0.726807	H@1 0.592040	H@3 0.833333	H@5 0.910448	H@10 0.982587
INFO:meta-cli.py:Epoch 34/100	Loss 3.9756 ± 0.1415
INFO:meta-cli.py:Epoch 35/100	Loss 3.9731 ± 0.0926
INFO:meta-cli.py:Epoch 36/100	Loss 3.9685 ± 0.1154
INFO:meta-cli.py:Epoch 36/100	dev results	MRR 0.720269	H@1 0.575377	H@3 0.839196	H@5 0.937186	H@10 0.994975
INFO:meta-cli.py:Epoch 36/100	test results	MRR 0.731369	H@1 0.599502	H@3 0.833333	H@5 0.910448	H@10 0.982587
INFO:meta-cli.py:Epoch 37/100	Loss 3.9644 ± 0.1508
INFO:meta-cli.py:Epoch 38/100	Loss 3.9629 ± 0.1309
INFO:meta-cli.py:Epoch 39/100	Loss 3.9605 ± 0.1510
INFO:meta-cli.py:Epoch 39/100	dev results	MRR 0.717380	H@1 0.570352	H@3 0.836683	H@5 0.939698	H@10 0.994975
INFO:meta-cli.py:Epoch 39/100	test results	MRR 0.734267	H@1 0.601990	H@3 0.838308	H@5 0.910448	H@10 0.982587
INFO:meta-cli.py:Epoch 40/100	Loss 3.9576 ± 0.1383
INFO:meta-cli.py:Epoch 41/100	Loss 3.9530 ± 0.1191
INFO:meta-cli.py:Epoch 42/100	Loss 3.9511 ± 0.1549
INFO:meta-cli.py:Epoch 42/100	dev results	MRR 0.717481	H@1 0.570352	H@3 0.831658	H@5 0.937186	H@10 0.994975
INFO:meta-cli.py:Epoch 42/100	test results	MRR 0.739923	H@1 0.611940	H@3 0.840796	H@5 0.910448	H@10 0.982587
INFO:meta-cli.py:Epoch 43/100	Loss 3.9482 ± 0.1281
INFO:meta-cli.py:Epoch 44/100	Loss 3.9459 ± 0.1548
INFO:meta-cli.py:Epoch 45/100	Loss 3.9437 ± 0.1147
INFO:meta-cli.py:Epoch 45/100	dev results	MRR 0.717523	H@1 0.567839	H@3 0.834171	H@5 0.937186	H@10 0.994975
INFO:meta-cli.py:Epoch 45/100	test results	MRR 0.740092	H@1 0.611940	H@3 0.838308	H@5 0.917910	H@10 0.982587
INFO:meta-cli.py:Epoch 46/100	Loss 3.9414 ± 0.1321
INFO:meta-cli.py:Epoch 47/100	Loss 3.9394 ± 0.1225
INFO:meta-cli.py:Epoch 48/100	Loss 3.9365 ± 0.1212
INFO:meta-cli.py:Epoch 48/100	dev results	MRR 0.715643	H@1 0.565327	H@3 0.831658	H@5 0.934673	H@10 0.994975
INFO:meta-cli.py:Epoch 48/100	test results	MRR 0.745048	H@1 0.619403	H@3 0.838308	H@5 0.917910	H@10 0.982587
INFO:meta-cli.py:Epoch 49/100	Loss 3.9345 ± 0.1789
INFO:meta-cli.py:Epoch 50/100	Loss 3.9341 ± 0.1092
INFO:meta-cli.py:Epoch 51/100	Loss 3.9301 ± 0.1140
INFO:meta-cli.py:Epoch 51/100	dev results	MRR 0.721834	H@1 0.577889	H@3 0.826633	H@5 0.937186	H@10 0.994975
INFO:meta-cli.py:Epoch 51/100	test results	MRR 0.748214	H@1 0.624378	H@3 0.838308	H@5 0.920398	H@10 0.985075
INFO:meta-cli.py:Epoch 52/100	Loss 3.9290 ± 0.1602
INFO:meta-cli.py:Epoch 53/100	Loss 3.9268 ± 0.1400
INFO:meta-cli.py:Epoch 54/100	Loss 3.9266 ± 0.1277
INFO:meta-cli.py:Epoch 54/100	dev results	MRR 0.721248	H@1 0.575377	H@3 0.836683	H@5 0.932161	H@10 0.994975
INFO:meta-cli.py:Epoch 54/100	test results	MRR 0.750890	H@1 0.629353	H@3 0.835821	H@5 0.915423	H@10 0.987562
INFO:meta-cli.py:Epoch 55/100	Loss 3.9246 ± 0.1830
INFO:meta-cli.py:Epoch 56/100	Loss 3.9205 ± 0.1508
INFO:meta-cli.py:Epoch 57/100	Loss 3.9207 ± 0.1251
INFO:meta-cli.py:Epoch 57/100	dev results	MRR 0.725498	H@1 0.582915	H@3 0.839196	H@5 0.934673	H@10 0.994975
INFO:meta-cli.py:Epoch 57/100	test results	MRR 0.749208	H@1 0.626866	H@3 0.838308	H@5 0.915423	H@10 0.987562
INFO:meta-cli.py:Epoch 58/100	Loss 3.9181 ± 0.1651
INFO:meta-cli.py:Epoch 59/100	Loss 3.9153 ± 0.1474
INFO:meta-cli.py:Epoch 60/100	Loss 3.9140 ± 0.1107
INFO:meta-cli.py:Epoch 60/100	dev results	MRR 0.726287	H@1 0.585427	H@3 0.839196	H@5 0.939698	H@10 0.994975
INFO:meta-cli.py:Epoch 60/100	test results	MRR 0.751265	H@1 0.629353	H@3 0.838308	H@5 0.917910	H@10 0.987562
INFO:meta-cli.py:Epoch 61/100	Loss 3.9142 ± 0.1142
INFO:meta-cli.py:Epoch 62/100	Loss 3.9134 ± 0.1403
INFO:meta-cli.py:Epoch 63/100	Loss 3.9109 ± 0.1302
INFO:meta-cli.py:Epoch 63/100	dev results	MRR 0.727997	H@1 0.587940	H@3 0.841709	H@5 0.942211	H@10 0.994975
INFO:meta-cli.py:Epoch 63/100	test results	MRR 0.752425	H@1 0.629353	H@3 0.838308	H@5 0.915423	H@10 0.987562
INFO:meta-cli.py:Epoch 64/100	Loss 3.9105 ± 0.1473
INFO:meta-cli.py:Epoch 65/100	Loss 3.9078 ± 0.1253
INFO:meta-cli.py:Epoch 66/100	Loss 3.9069 ± 0.1260
INFO:meta-cli.py:Epoch 66/100	dev results	MRR 0.728088	H@1 0.587940	H@3 0.841709	H@5 0.942211	H@10 0.994975
INFO:meta-cli.py:Epoch 66/100	test results	MRR 0.755900	H@1 0.636816	H@3 0.835821	H@5 0.917910	H@10 0.985075
INFO:meta-cli.py:Epoch 67/100	Loss 3.9060 ± 0.1226
INFO:meta-cli.py:Epoch 68/100	Loss 3.9053 ± 0.1212
INFO:meta-cli.py:Epoch 69/100	Loss 3.9020 ± 0.1263
INFO:meta-cli.py:Epoch 69/100	dev results	MRR 0.730855	H@1 0.592965	H@3 0.844221	H@5 0.942211	H@10 0.994975
INFO:meta-cli.py:Epoch 69/100	test results	MRR 0.757148	H@1 0.639303	H@3 0.833333	H@5 0.917910	H@10 0.985075
INFO:meta-cli.py:Epoch 70/100	Loss 3.9011 ± 0.1334
INFO:meta-cli.py:Epoch 71/100	Loss 3.9001 ± 0.0958
INFO:meta-cli.py:Epoch 72/100	Loss 3.8990 ± 0.0896
INFO:meta-cli.py:Epoch 72/100	dev results	MRR 0.730795	H@1 0.592965	H@3 0.844221	H@5 0.939698	H@10 0.994975
INFO:meta-cli.py:Epoch 72/100	test results	MRR 0.757860	H@1 0.641791	H@3 0.833333	H@5 0.915423	H@10 0.985075
INFO:meta-cli.py:Epoch 73/100	Loss 3.8976 ± 0.1139
INFO:meta-cli.py:Epoch 74/100	Loss 3.8966 ± 0.1278
INFO:meta-cli.py:Epoch 75/100	Loss 3.8962 ± 0.1222
INFO:meta-cli.py:Epoch 75/100	dev results	MRR 0.733436	H@1 0.597990	H@3 0.844221	H@5 0.942211	H@10 0.994975
INFO:meta-cli.py:Epoch 75/100	test results	MRR 0.758380	H@1 0.641791	H@3 0.835821	H@5 0.915423	H@10 0.987562
INFO:meta-cli.py:Epoch 76/100	Loss 3.8944 ± 0.1356
INFO:meta-cli.py:Epoch 77/100	Loss 3.8948 ± 0.1201
INFO:meta-cli.py:Epoch 78/100	Loss 3.8931 ± 0.1211
INFO:meta-cli.py:Epoch 78/100	dev results	MRR 0.737079	H@1 0.603015	H@3 0.846734	H@5 0.944724	H@10 0.994975
INFO:meta-cli.py:Epoch 78/100	test results	MRR 0.762111	H@1 0.649254	H@3 0.835821	H@5 0.915423	H@10 0.987562
INFO:meta-cli.py:Epoch 79/100	Loss 3.8911 ± 0.1507
INFO:meta-cli.py:Epoch 80/100	Loss 3.8920 ± 0.1459
INFO:meta-cli.py:Epoch 81/100	Loss 3.8883 ± 0.1311
INFO:meta-cli.py:Epoch 81/100	dev results	MRR 0.736789	H@1 0.603015	H@3 0.844221	H@5 0.944724	H@10 0.994975
INFO:meta-cli.py:Epoch 81/100	test results	MRR 0.761575	H@1 0.649254	H@3 0.830846	H@5 0.915423	H@10 0.987562
INFO:meta-cli.py:Epoch 82/100	Loss 3.8886 ± 0.1466
INFO:meta-cli.py:Epoch 83/100	Loss 3.8871 ± 0.1446
INFO:meta-cli.py:Epoch 84/100	Loss 3.8862 ± 0.1219
INFO:meta-cli.py:Epoch 84/100	dev results	MRR 0.738464	H@1 0.605528	H@3 0.849246	H@5 0.944724	H@10 0.994975
INFO:meta-cli.py:Epoch 84/100	test results	MRR 0.763887	H@1 0.654229	H@3 0.835821	H@5 0.917910	H@10 0.987562
INFO:meta-cli.py:Epoch 85/100	Loss 3.8866 ± 0.1416
INFO:meta-cli.py:Epoch 86/100	Loss 3.8856 ± 0.1047
INFO:meta-cli.py:Epoch 87/100	Loss 3.8846 ± 0.1452
INFO:meta-cli.py:Epoch 87/100	dev results	MRR 0.735275	H@1 0.597990	H@3 0.846734	H@5 0.949749	H@10 0.994975
INFO:meta-cli.py:Epoch 87/100	test results	MRR 0.765025	H@1 0.656716	H@3 0.838308	H@5 0.917910	H@10 0.985075
INFO:meta-cli.py:Epoch 88/100	Loss 3.8844 ± 0.1385
INFO:meta-cli.py:Epoch 89/100	Loss 3.8821 ± 0.1554
INFO:meta-cli.py:Epoch 90/100	Loss 3.8816 ± 0.1233
INFO:meta-cli.py:Epoch 90/100	dev results	MRR 0.738416	H@1 0.603015	H@3 0.854271	H@5 0.949749	H@10 0.994975
INFO:meta-cli.py:Epoch 90/100	test results	MRR 0.763929	H@1 0.654229	H@3 0.840796	H@5 0.917910	H@10 0.985075
INFO:meta-cli.py:Epoch 91/100	Loss 3.8809 ± 0.1574
INFO:meta-cli.py:Epoch 92/100	Loss 3.8795 ± 0.1209
INFO:meta-cli.py:Epoch 93/100	Loss 3.8782 ± 0.1406
INFO:meta-cli.py:Epoch 93/100	dev results	MRR 0.740636	H@1 0.605528	H@3 0.854271	H@5 0.949749	H@10 0.994975
INFO:meta-cli.py:Epoch 93/100	test results	MRR 0.765298	H@1 0.654229	H@3 0.848259	H@5 0.915423	H@10 0.985075
INFO:meta-cli.py:Epoch 94/100	Loss 3.8787 ± 0.1093
INFO:meta-cli.py:Epoch 95/100	Loss 3.8791 ± 0.1523
INFO:meta-cli.py:Epoch 96/100	Loss 3.8761 ± 0.1221
INFO:meta-cli.py:Epoch 96/100	dev results	MRR 0.745116	H@1 0.613065	H@3 0.856784	H@5 0.952261	H@10 0.994975
INFO:meta-cli.py:Epoch 96/100	test results	MRR 0.764873	H@1 0.654229	H@3 0.848259	H@5 0.915423	H@10 0.985075
INFO:meta-cli.py:Epoch 97/100	Loss 3.8765 ± 0.1410
INFO:meta-cli.py:Epoch 98/100	Loss 3.8760 ± 0.1217
INFO:meta-cli.py:Epoch 99/100	Loss 3.8747 ± 0.1227
INFO:meta-cli.py:Epoch 99/100	dev results	MRR 0.744823	H@1 0.610553	H@3 0.859296	H@5 0.949749	H@10 0.994975
INFO:meta-cli.py:Epoch 99/100	test results	MRR 0.763638	H@1 0.651741	H@3 0.848259	H@5 0.915423	H@10 0.985075
INFO:meta-cli.py:Epoch 100/100	Loss 3.8741 ± 0.1493
INFO:meta-cli.py:Final 	dev results	MRR 0.746289	H@1 0.613065	H@3 0.861809	H@5 0.949749	H@10 0.994975
INFO:meta-cli.py:Final 	test results	MRR 0.764758	H@1 0.654229	H@3 0.845771	H@5 0.917910	H@10 0.985075
INFO:meta-cli.py:Training finished
