./bin/meta-cli.py --train data/umls/train.tsv --dev data/umls/dev.tsv --test data/umls/test.tsv -m complex -k 50 -b 100 -e 100 --F2 0.01 --N3 0 -l 0.1 -I standard -V 3 -o adagrad -q
{'F2': 0.01,
 'N3': 0.0,
 'batch_size': 100,
 'dev': 'data/umls/dev.tsv',
 'embedding_size': 50,
 'epochs': 100,
 'eval_batch_size': None,
 'input_type': 'standard',
 'learning_rate': 0.1,
 'load': None,
 'model': 'complex',
 'optimizer': 'adagrad',
 'quiet': True,
 'save': None,
 'seed': 0,
 'test': 'data/umls/test.tsv',
 'test_i': None,
 'test_ii': None,
 'train': 'data/umls/train.tsv',
 'validate_every': 3}
INFO:meta-cli.py:Device: cpu
INFO:meta-cli.py:Model state:
INFO:meta-cli.py:	entities.weight	torch.Size([135, 100])
INFO:meta-cli.py:	predicates.weight	torch.Size([46, 100])
INFO:meta-cli.py:Epoch 1/100	Loss 8.3993 ± 1.0327
INFO:meta-cli.py:Epoch 2/100	Loss 6.6268 ± 0.1390
INFO:meta-cli.py:Epoch 3/100	Loss 6.2888 ± 0.1336
INFO:meta-cli.py:Epoch 3/100	dev results	MRR 0.897667	H@1 0.825920	H@3 0.961656	H@5 0.978528	H@10 0.990031
INFO:meta-cli.py:Epoch 3/100	test results	MRR 0.886258	H@1 0.802572	H@3 0.965961	H@5 0.982602	H@10 0.990166
INFO:meta-cli.py:Epoch 4/100	Loss 6.1540 ± 0.1444
INFO:meta-cli.py:Epoch 5/100	Loss 6.0840 ± 0.1283
INFO:meta-cli.py:Epoch 6/100	Loss 6.0396 ± 0.1327
INFO:meta-cli.py:Epoch 6/100	dev results	MRR 0.886156	H@1 0.794479	H@3 0.973926	H@5 0.980828	H@10 0.992331
INFO:meta-cli.py:Epoch 6/100	test results	MRR 0.879530	H@1 0.777610	H@3 0.978064	H@5 0.989410	H@10 0.995461
INFO:meta-cli.py:Epoch 7/100	Loss 6.0007 ± 0.1290
INFO:meta-cli.py:Epoch 8/100	Loss 5.9823 ± 0.1557
INFO:meta-cli.py:Epoch 9/100	Loss 5.9492 ± 0.1719
INFO:meta-cli.py:Epoch 9/100	dev results	MRR 0.908503	H@1 0.838957	H@3 0.973160	H@5 0.986196	H@10 0.992331
INFO:meta-cli.py:Epoch 9/100	test results	MRR 0.906041	H@1 0.826778	H@3 0.983359	H@5 0.991679	H@10 0.994705
INFO:meta-cli.py:Epoch 10/100	Loss 5.9388 ± 0.1499
INFO:meta-cli.py:Epoch 11/100	Loss 5.9285 ± 0.1305
INFO:meta-cli.py:Epoch 12/100	Loss 5.9091 ± 0.1481
INFO:meta-cli.py:Epoch 12/100	dev results	MRR 0.904937	H@1 0.830521	H@3 0.976994	H@5 0.986196	H@10 0.991564
INFO:meta-cli.py:Epoch 12/100	test results	MRR 0.903562	H@1 0.821483	H@3 0.984871	H@5 0.991679	H@10 0.995461
INFO:meta-cli.py:Epoch 13/100	Loss 5.9077 ± 0.1715
INFO:meta-cli.py:Epoch 14/100	Loss 5.8845 ± 0.1232
INFO:meta-cli.py:Epoch 15/100	Loss 5.8826 ± 0.1381
INFO:meta-cli.py:Epoch 15/100	dev results	MRR 0.909544	H@1 0.839724	H@3 0.976227	H@5 0.983896	H@10 0.992331
INFO:meta-cli.py:Epoch 15/100	test results	MRR 0.904603	H@1 0.823752	H@3 0.983359	H@5 0.993192	H@10 0.995461
INFO:meta-cli.py:Epoch 16/100	Loss 5.8633 ± 0.1238
INFO:meta-cli.py:Epoch 17/100	Loss 5.8540 ± 0.1446
INFO:meta-cli.py:Epoch 18/100	Loss 5.8520 ± 0.1414
INFO:meta-cli.py:Epoch 18/100	dev results	MRR 0.915493	H@1 0.851994	H@3 0.973926	H@5 0.985429	H@10 0.991564
INFO:meta-cli.py:Epoch 18/100	test results	MRR 0.913992	H@1 0.843419	H@3 0.982602	H@5 0.992436	H@10 0.994705
INFO:meta-cli.py:Epoch 19/100	Loss 5.8401 ± 0.1396
INFO:meta-cli.py:Epoch 20/100	Loss 5.8420 ± 0.1266
INFO:meta-cli.py:Epoch 21/100	Loss 5.8446 ± 0.1451
INFO:meta-cli.py:Epoch 21/100	dev results	MRR 0.921633	H@1 0.864264	H@3 0.973926	H@5 0.985429	H@10 0.993098
INFO:meta-cli.py:Epoch 21/100	test results	MRR 0.919575	H@1 0.853253	H@3 0.983359	H@5 0.993192	H@10 0.996218
INFO:meta-cli.py:Epoch 22/100	Loss 5.8253 ± 0.1507
INFO:meta-cli.py:Epoch 23/100	Loss 5.8249 ± 0.1183
INFO:meta-cli.py:Epoch 24/100	Loss 5.8173 ± 0.1316
INFO:meta-cli.py:Epoch 24/100	dev results	MRR 0.920308	H@1 0.861196	H@3 0.972393	H@5 0.984663	H@10 0.992331
INFO:meta-cli.py:Epoch 24/100	test results	MRR 0.914668	H@1 0.844175	H@3 0.982602	H@5 0.993192	H@10 0.995461
INFO:meta-cli.py:Epoch 25/100	Loss 5.8154 ± 0.1270
INFO:meta-cli.py:Epoch 26/100	Loss 5.8016 ± 0.1564
INFO:meta-cli.py:Epoch 27/100	Loss 5.8167 ± 0.1436
INFO:meta-cli.py:Epoch 27/100	dev results	MRR 0.920080	H@1 0.861196	H@3 0.972393	H@5 0.983129	H@10 0.992331
INFO:meta-cli.py:Epoch 27/100	test results	MRR 0.913709	H@1 0.842663	H@3 0.982602	H@5 0.991679	H@10 0.996218
INFO:meta-cli.py:Epoch 28/100	Loss 5.7970 ± 0.1425
INFO:meta-cli.py:Epoch 29/100	Loss 5.8008 ± 0.1175
INFO:meta-cli.py:Epoch 30/100	Loss 5.8043 ± 0.1365
INFO:meta-cli.py:Epoch 30/100	dev results	MRR 0.926040	H@1 0.872699	H@3 0.973926	H@5 0.983129	H@10 0.993098
INFO:meta-cli.py:Epoch 30/100	test results	MRR 0.924009	H@1 0.863086	H@3 0.982602	H@5 0.993192	H@10 0.996218
INFO:meta-cli.py:Epoch 31/100	Loss 5.7961 ± 0.1407
INFO:meta-cli.py:Epoch 32/100	Loss 5.7818 ± 0.1443
INFO:meta-cli.py:Epoch 33/100	Loss 5.7892 ± 0.1321
INFO:meta-cli.py:Epoch 33/100	dev results	MRR 0.928150	H@1 0.876534	H@3 0.973926	H@5 0.983129	H@10 0.992331
INFO:meta-cli.py:Epoch 33/100	test results	MRR 0.924384	H@1 0.863843	H@3 0.982602	H@5 0.992436	H@10 0.996218
INFO:meta-cli.py:Epoch 34/100	Loss 5.7788 ± 0.1444
INFO:meta-cli.py:Epoch 35/100	Loss 5.7849 ± 0.1522
INFO:meta-cli.py:Epoch 36/100	Loss 5.7808 ± 0.1192
INFO:meta-cli.py:Epoch 36/100	dev results	MRR 0.926060	H@1 0.872699	H@3 0.973160	H@5 0.983129	H@10 0.992331
INFO:meta-cli.py:Epoch 36/100	test results	MRR 0.923478	H@1 0.862330	H@3 0.981089	H@5 0.993192	H@10 0.995461
INFO:meta-cli.py:Epoch 37/100	Loss 5.7816 ± 0.1129
INFO:meta-cli.py:Epoch 38/100	Loss 5.7688 ± 0.1314
INFO:meta-cli.py:Epoch 39/100	Loss 5.7708 ± 0.1576
INFO:meta-cli.py:Epoch 39/100	dev results	MRR 0.928177	H@1 0.877301	H@3 0.974693	H@5 0.983129	H@10 0.992331
INFO:meta-cli.py:Epoch 39/100	test results	MRR 0.925787	H@1 0.867625	H@3 0.979576	H@5 0.991679	H@10 0.994705
INFO:meta-cli.py:Epoch 40/100	Loss 5.7742 ± 0.1313
INFO:meta-cli.py:Epoch 41/100	Loss 5.7625 ± 0.1436
INFO:meta-cli.py:Epoch 42/100	Loss 5.7692 ± 0.1548
INFO:meta-cli.py:Epoch 42/100	dev results	MRR 0.930499	H@1 0.881902	H@3 0.974693	H@5 0.983129	H@10 0.991564
INFO:meta-cli.py:Epoch 42/100	test results	MRR 0.927266	H@1 0.871407	H@3 0.981089	H@5 0.990923	H@10 0.994705
INFO:meta-cli.py:Epoch 43/100	Loss 5.7691 ± 0.1654
INFO:meta-cli.py:Epoch 44/100	Loss 5.7551 ± 0.1368
INFO:meta-cli.py:Epoch 45/100	Loss 5.7636 ± 0.1353
INFO:meta-cli.py:Epoch 45/100	dev results	MRR 0.926685	H@1 0.874233	H@3 0.974693	H@5 0.983129	H@10 0.990031
INFO:meta-cli.py:Epoch 45/100	test results	MRR 0.920455	H@1 0.857791	H@3 0.981089	H@5 0.991679	H@10 0.995461
INFO:meta-cli.py:Epoch 46/100	Loss 5.7521 ± 0.1267
INFO:meta-cli.py:Epoch 47/100	Loss 5.7430 ± 0.1444
INFO:meta-cli.py:Epoch 48/100	Loss 5.7576 ± 0.1291
INFO:meta-cli.py:Epoch 48/100	dev results	MRR 0.922452	H@1 0.866564	H@3 0.974693	H@5 0.982362	H@10 0.988497
INFO:meta-cli.py:Epoch 48/100	test results	MRR 0.921144	H@1 0.859304	H@3 0.980333	H@5 0.990923	H@10 0.995461
INFO:meta-cli.py:Epoch 49/100	Loss 5.7537 ± 0.1407
INFO:meta-cli.py:Epoch 50/100	Loss 5.7502 ± 0.1299
INFO:meta-cli.py:Epoch 51/100	Loss 5.7473 ± 0.1117
INFO:meta-cli.py:Epoch 51/100	dev results	MRR 0.929512	H@1 0.880368	H@3 0.974693	H@5 0.982362	H@10 0.988497
INFO:meta-cli.py:Epoch 51/100	test results	MRR 0.923538	H@1 0.864599	H@3 0.980333	H@5 0.990166	H@10 0.995461
INFO:meta-cli.py:Epoch 52/100	Loss 5.7369 ± 0.1358
INFO:meta-cli.py:Epoch 53/100	Loss 5.7478 ± 0.1219
INFO:meta-cli.py:Epoch 54/100	Loss 5.7435 ± 0.1368
INFO:meta-cli.py:Epoch 54/100	dev results	MRR 0.925467	H@1 0.872699	H@3 0.973926	H@5 0.981595	H@10 0.988497
INFO:meta-cli.py:Epoch 54/100	test results	MRR 0.920684	H@1 0.860061	H@3 0.977307	H@5 0.990166	H@10 0.995461
INFO:meta-cli.py:Epoch 55/100	Loss 5.7432 ± 0.1351
INFO:meta-cli.py:Epoch 56/100	Loss 5.7425 ± 0.1301
INFO:meta-cli.py:Epoch 57/100	Loss 5.7336 ± 0.1264
INFO:meta-cli.py:Epoch 57/100	dev results	MRR 0.926667	H@1 0.875767	H@3 0.973160	H@5 0.980828	H@10 0.988497
INFO:meta-cli.py:Epoch 57/100	test results	MRR 0.922267	H@1 0.863086	H@3 0.978064	H@5 0.989410	H@10 0.995461
INFO:meta-cli.py:Epoch 58/100	Loss 5.7342 ± 0.1401
INFO:meta-cli.py:Epoch 59/100	Loss 5.7320 ± 0.1474
INFO:meta-cli.py:Epoch 60/100	Loss 5.7350 ± 0.1422
INFO:meta-cli.py:Epoch 60/100	dev results	MRR 0.922122	H@1 0.867331	H@3 0.973926	H@5 0.981595	H@10 0.988497
INFO:meta-cli.py:Epoch 60/100	test results	MRR 0.918024	H@1 0.855522	H@3 0.977307	H@5 0.988654	H@10 0.995461
INFO:meta-cli.py:Epoch 61/100	Loss 5.7267 ± 0.1497
INFO:meta-cli.py:Epoch 62/100	Loss 5.7400 ± 0.1481
INFO:meta-cli.py:Epoch 63/100	Loss 5.7318 ± 0.1304
INFO:meta-cli.py:Epoch 63/100	dev results	MRR 0.925148	H@1 0.874233	H@3 0.971626	H@5 0.980828	H@10 0.988497
INFO:meta-cli.py:Epoch 63/100	test results	MRR 0.919324	H@1 0.857791	H@3 0.976551	H@5 0.989410	H@10 0.995461
INFO:meta-cli.py:Epoch 64/100	Loss 5.7327 ± 0.1178
INFO:meta-cli.py:Epoch 65/100	Loss 5.7258 ± 0.1389
INFO:meta-cli.py:Epoch 66/100	Loss 5.7233 ± 0.1253
INFO:meta-cli.py:Epoch 66/100	dev results	MRR 0.926105	H@1 0.875767	H@3 0.972393	H@5 0.980828	H@10 0.988497
INFO:meta-cli.py:Epoch 66/100	test results	MRR 0.917593	H@1 0.854766	H@3 0.975794	H@5 0.988654	H@10 0.995461
INFO:meta-cli.py:Epoch 67/100	Loss 5.7303 ± 0.1320
INFO:meta-cli.py:Epoch 68/100	Loss 5.7201 ± 0.1193
INFO:meta-cli.py:Epoch 69/100	Loss 5.7214 ± 0.1479
INFO:meta-cli.py:Epoch 69/100	dev results	MRR 0.926516	H@1 0.877301	H@3 0.970092	H@5 0.980828	H@10 0.987730
INFO:meta-cli.py:Epoch 69/100	test results	MRR 0.921982	H@1 0.862330	H@3 0.977307	H@5 0.988654	H@10 0.995461
INFO:meta-cli.py:Epoch 70/100	Loss 5.7177 ± 0.1372
INFO:meta-cli.py:Epoch 71/100	Loss 5.7183 ± 0.1243
INFO:meta-cli.py:Epoch 72/100	Loss 5.7270 ± 0.1520
INFO:meta-cli.py:Epoch 72/100	dev results	MRR 0.922019	H@1 0.868098	H@3 0.971626	H@5 0.980828	H@10 0.987730
INFO:meta-cli.py:Epoch 72/100	test results	MRR 0.918543	H@1 0.856278	H@3 0.975794	H@5 0.989410	H@10 0.995461
INFO:meta-cli.py:Epoch 73/100	Loss 5.7221 ± 0.1208
INFO:meta-cli.py:Epoch 74/100	Loss 5.7216 ± 0.1332
INFO:meta-cli.py:Epoch 75/100	Loss 5.7058 ± 0.1536
INFO:meta-cli.py:Epoch 75/100	dev results	MRR 0.926463	H@1 0.877301	H@3 0.971626	H@5 0.980828	H@10 0.987730
INFO:meta-cli.py:Epoch 75/100	test results	MRR 0.921094	H@1 0.860817	H@3 0.978064	H@5 0.989410	H@10 0.994705
INFO:meta-cli.py:Epoch 76/100	Loss 5.7310 ± 0.1902
INFO:meta-cli.py:Epoch 77/100	Loss 5.7115 ± 0.1280
INFO:meta-cli.py:Epoch 78/100	Loss 5.7145 ± 0.1182
INFO:meta-cli.py:Epoch 78/100	dev results	MRR 0.924201	H@1 0.873466	H@3 0.970092	H@5 0.979294	H@10 0.987730
INFO:meta-cli.py:Epoch 78/100	test results	MRR 0.918823	H@1 0.857035	H@3 0.976551	H@5 0.988654	H@10 0.994705
INFO:meta-cli.py:Epoch 79/100	Loss 5.7151 ± 0.1019
INFO:meta-cli.py:Epoch 80/100	Loss 5.7126 ± 0.1158
INFO:meta-cli.py:Epoch 81/100	Loss 5.7145 ± 0.1143
INFO:meta-cli.py:Epoch 81/100	dev results	MRR 0.925379	H@1 0.875767	H@3 0.970092	H@5 0.980828	H@10 0.987730
INFO:meta-cli.py:Epoch 81/100	test results	MRR 0.921703	H@1 0.863086	H@3 0.976551	H@5 0.987897	H@10 0.994705
INFO:meta-cli.py:Epoch 82/100	Loss 5.6995 ± 0.1361
INFO:meta-cli.py:Epoch 83/100	Loss 5.7120 ± 0.1155
INFO:meta-cli.py:Epoch 84/100	Loss 5.7086 ± 0.1255
INFO:meta-cli.py:Epoch 84/100	dev results	MRR 0.925266	H@1 0.876534	H@3 0.970092	H@5 0.979294	H@10 0.987730
INFO:meta-cli.py:Epoch 84/100	test results	MRR 0.922050	H@1 0.864599	H@3 0.975794	H@5 0.988654	H@10 0.994705
INFO:meta-cli.py:Epoch 85/100	Loss 5.7127 ± 0.1379
INFO:meta-cli.py:Epoch 86/100	Loss 5.7125 ± 0.1331
INFO:meta-cli.py:Epoch 87/100	Loss 5.7048 ± 0.1210
INFO:meta-cli.py:Epoch 87/100	dev results	MRR 0.928769	H@1 0.882669	H@3 0.969325	H@5 0.978528	H@10 0.987730
INFO:meta-cli.py:Epoch 87/100	test results	MRR 0.924966	H@1 0.870651	H@3 0.975794	H@5 0.984871	H@10 0.994705
INFO:meta-cli.py:Epoch 88/100	Loss 5.7059 ± 0.1114
INFO:meta-cli.py:Epoch 89/100	Loss 5.7026 ± 0.1189
INFO:meta-cli.py:Epoch 90/100	Loss 5.7088 ± 0.1467
INFO:meta-cli.py:Epoch 90/100	dev results	MRR 0.927399	H@1 0.880368	H@3 0.969325	H@5 0.978528	H@10 0.987730
INFO:meta-cli.py:Epoch 90/100	test results	MRR 0.921271	H@1 0.863086	H@3 0.975794	H@5 0.985628	H@10 0.994705
INFO:meta-cli.py:Epoch 91/100	Loss 5.7106 ± 0.1315
INFO:meta-cli.py:Epoch 92/100	Loss 5.7089 ± 0.1382
INFO:meta-cli.py:Epoch 93/100	Loss 5.6970 ± 0.1222
INFO:meta-cli.py:Epoch 93/100	dev results	MRR 0.927972	H@1 0.882669	H@3 0.967791	H@5 0.978528	H@10 0.987730
INFO:meta-cli.py:Epoch 93/100	test results	MRR 0.923417	H@1 0.868381	H@3 0.974281	H@5 0.987141	H@10 0.993949
INFO:meta-cli.py:Epoch 94/100	Loss 5.7072 ± 0.1351
INFO:meta-cli.py:Epoch 95/100	Loss 5.7036 ± 0.1195
INFO:meta-cli.py:Epoch 96/100	Loss 5.6936 ± 0.1417
INFO:meta-cli.py:Epoch 96/100	dev results	MRR 0.923185	H@1 0.873466	H@3 0.967025	H@5 0.977761	H@10 0.987730
INFO:meta-cli.py:Epoch 96/100	test results	MRR 0.917703	H@1 0.857035	H@3 0.974281	H@5 0.987141	H@10 0.993949
INFO:meta-cli.py:Epoch 97/100	Loss 5.7047 ± 0.1408
INFO:meta-cli.py:Epoch 98/100	Loss 5.7051 ± 0.1522
INFO:meta-cli.py:Epoch 99/100	Loss 5.6983 ± 0.1160
INFO:meta-cli.py:Epoch 99/100	dev results	MRR 0.924213	H@1 0.875767	H@3 0.967025	H@5 0.979294	H@10 0.988497
INFO:meta-cli.py:Epoch 99/100	test results	MRR 0.918801	H@1 0.858548	H@3 0.975038	H@5 0.985628	H@10 0.993949
INFO:meta-cli.py:Epoch 100/100	Loss 5.6895 ± 0.1354
INFO:meta-cli.py:Final 	dev results	MRR 0.925777	H@1 0.878834	H@3 0.966258	H@5 0.979294	H@10 0.987730
INFO:meta-cli.py:Final 	test results	MRR 0.922255	H@1 0.866112	H@3 0.974281	H@5 0.985628	H@10 0.993949
INFO:meta-cli.py:Training finished
