./bin/meta-cli.py --train data/kinship/train.tsv --dev data/kinship/dev.tsv --test data/kinship/test.tsv -m complex -k 100 -b 100 -e 100 --F2 0.001 --N3 0 -l 0.1 -I standard -V 3 -o adagrad -q
{'F2': 0.001,
 'N3': 0.0,
 'batch_size': 100,
 'dev': 'data/kinship/dev.tsv',
 'embedding_size': 100,
 'epochs': 100,
 'eval_batch_size': None,
 'input_type': 'standard',
 'learning_rate': 0.1,
 'load': None,
 'model': 'complex',
 'optimizer': 'adagrad',
 'quiet': True,
 'save': None,
 'seed': 0,
 'test': 'data/kinship/test.tsv',
 'test_i': None,
 'test_ii': None,
 'train': 'data/kinship/train.tsv',
 'validate_every': 3}
INFO:meta-cli.py:Device: cpu
INFO:meta-cli.py:Model state:
INFO:meta-cli.py:	entities.weight	torch.Size([104, 200])
INFO:meta-cli.py:	predicates.weight	torch.Size([25, 200])
INFO:meta-cli.py:Epoch 1/100	Loss 7.2038 ± 1.1222
INFO:meta-cli.py:Epoch 2/100	Loss 5.6242 ± 0.1527
INFO:meta-cli.py:Epoch 3/100	Loss 5.2926 ± 0.1794
INFO:meta-cli.py:Epoch 3/100	dev results	MRR 0.806300	H@1 0.704588	H@3 0.888577	H@5 0.940075	H@10 0.973315
INFO:meta-cli.py:Epoch 3/100	test results	MRR 0.809119	H@1 0.703911	H@3 0.901769	H@5 0.946927	H@10 0.982309
INFO:meta-cli.py:Epoch 4/100	Loss 5.1043 ± 0.1748
INFO:meta-cli.py:Epoch 5/100	Loss 4.9874 ± 0.1936
INFO:meta-cli.py:Epoch 6/100	Loss 4.8975 ± 0.1758
INFO:meta-cli.py:Epoch 6/100	dev results	MRR 0.841815	H@1 0.756554	H@3 0.915730	H@5 0.950843	H@10 0.975655
INFO:meta-cli.py:Epoch 6/100	test results	MRR 0.831456	H@1 0.733706	H@3 0.921322	H@5 0.959963	H@10 0.982775
INFO:meta-cli.py:Epoch 7/100	Loss 4.8321 ± 0.1636
INFO:meta-cli.py:Epoch 8/100	Loss 4.7793 ± 0.1556
INFO:meta-cli.py:Epoch 9/100	Loss 4.7350 ± 0.1640
INFO:meta-cli.py:Epoch 9/100	dev results	MRR 0.839411	H@1 0.750936	H@3 0.916199	H@5 0.948502	H@10 0.974719
INFO:meta-cli.py:Epoch 9/100	test results	MRR 0.838070	H@1 0.746741	H@3 0.921788	H@5 0.961359	H@10 0.984637
INFO:meta-cli.py:Epoch 10/100	Loss 4.6980 ± 0.1579
INFO:meta-cli.py:Epoch 11/100	Loss 4.6681 ± 0.1664
INFO:meta-cli.py:Epoch 12/100	Loss 4.6403 ± 0.1422
INFO:meta-cli.py:Epoch 12/100	dev results	MRR 0.834231	H@1 0.743446	H@3 0.915262	H@5 0.946161	H@10 0.974251
INFO:meta-cli.py:Epoch 12/100	test results	MRR 0.834044	H@1 0.739758	H@3 0.916667	H@5 0.960428	H@10 0.984171
INFO:meta-cli.py:Epoch 13/100	Loss 4.6157 ± 0.1623
INFO:meta-cli.py:Epoch 14/100	Loss 4.5942 ± 0.1545
INFO:meta-cli.py:Epoch 15/100	Loss 4.5740 ± 0.1450
INFO:meta-cli.py:Epoch 15/100	dev results	MRR 0.831994	H@1 0.740169	H@3 0.911049	H@5 0.942884	H@10 0.975187
INFO:meta-cli.py:Epoch 15/100	test results	MRR 0.832593	H@1 0.740223	H@3 0.912011	H@5 0.960428	H@10 0.983706
INFO:meta-cli.py:Epoch 16/100	Loss 4.5584 ± 0.1632
INFO:meta-cli.py:Epoch 17/100	Loss 4.5394 ± 0.1419
INFO:meta-cli.py:Epoch 18/100	Loss 4.5281 ± 0.1593
INFO:meta-cli.py:Epoch 18/100	dev results	MRR 0.829223	H@1 0.736423	H@3 0.909644	H@5 0.944757	H@10 0.974719
INFO:meta-cli.py:Epoch 18/100	test results	MRR 0.829161	H@1 0.733706	H@3 0.908752	H@5 0.959497	H@10 0.983706
INFO:meta-cli.py:Epoch 19/100	Loss 4.5152 ± 0.1513
INFO:meta-cli.py:Epoch 20/100	Loss 4.5011 ± 0.1381
INFO:meta-cli.py:Epoch 21/100	Loss 4.4915 ± 0.1553
INFO:meta-cli.py:Epoch 21/100	dev results	MRR 0.826264	H@1 0.731273	H@3 0.909644	H@5 0.945693	H@10 0.974251
INFO:meta-cli.py:Epoch 21/100	test results	MRR 0.825878	H@1 0.729981	H@3 0.904562	H@5 0.958566	H@10 0.982775
INFO:meta-cli.py:Epoch 22/100	Loss 4.4779 ± 0.1522
INFO:meta-cli.py:Epoch 23/100	Loss 4.4671 ± 0.1687
INFO:meta-cli.py:Epoch 24/100	Loss 4.4614 ± 0.1288
INFO:meta-cli.py:Epoch 24/100	dev results	MRR 0.821070	H@1 0.725187	H@3 0.900749	H@5 0.943820	H@10 0.974251
INFO:meta-cli.py:Epoch 24/100	test results	MRR 0.819914	H@1 0.719274	H@3 0.901769	H@5 0.955307	H@10 0.981844
INFO:meta-cli.py:Epoch 25/100	Loss 4.4522 ± 0.1400
INFO:meta-cli.py:Epoch 26/100	Loss 4.4406 ± 0.1448
INFO:meta-cli.py:Epoch 27/100	Loss 4.4366 ± 0.1394
INFO:meta-cli.py:Epoch 27/100	dev results	MRR 0.816264	H@1 0.716292	H@3 0.901685	H@5 0.941011	H@10 0.973315
INFO:meta-cli.py:Epoch 27/100	test results	MRR 0.819853	H@1 0.722533	H@3 0.899907	H@5 0.954376	H@10 0.982309
INFO:meta-cli.py:Epoch 28/100	Loss 4.4282 ± 0.1396
INFO:meta-cli.py:Epoch 29/100	Loss 4.4243 ± 0.1344
INFO:meta-cli.py:Epoch 30/100	Loss 4.4161 ± 0.1498
INFO:meta-cli.py:Epoch 30/100	dev results	MRR 0.812343	H@1 0.712079	H@3 0.897472	H@5 0.939139	H@10 0.972846
INFO:meta-cli.py:Epoch 30/100	test results	MRR 0.817065	H@1 0.718343	H@3 0.897114	H@5 0.951583	H@10 0.982309
INFO:meta-cli.py:Epoch 31/100	Loss 4.4111 ± 0.1347
INFO:meta-cli.py:Epoch 32/100	Loss 4.4039 ± 0.1199
INFO:meta-cli.py:Epoch 33/100	Loss 4.3986 ± 0.1303
INFO:meta-cli.py:Epoch 33/100	dev results	MRR 0.810151	H@1 0.709270	H@3 0.895599	H@5 0.939139	H@10 0.973315
INFO:meta-cli.py:Epoch 33/100	test results	MRR 0.815693	H@1 0.716946	H@3 0.896182	H@5 0.950186	H@10 0.982775
INFO:meta-cli.py:Epoch 34/100	Loss 4.3949 ± 0.1501
INFO:meta-cli.py:Epoch 35/100	Loss 4.3894 ± 0.1366
INFO:meta-cli.py:Epoch 36/100	Loss 4.3831 ± 0.1237
INFO:meta-cli.py:Epoch 36/100	dev results	MRR 0.808540	H@1 0.707397	H@3 0.895599	H@5 0.940075	H@10 0.972378
INFO:meta-cli.py:Epoch 36/100	test results	MRR 0.813591	H@1 0.714618	H@3 0.894320	H@5 0.948324	H@10 0.981844
INFO:meta-cli.py:Epoch 37/100	Loss 4.3809 ± 0.1406
INFO:meta-cli.py:Epoch 38/100	Loss 4.3777 ± 0.1373
INFO:meta-cli.py:Epoch 39/100	Loss 4.3713 ± 0.1204
INFO:meta-cli.py:Epoch 39/100	dev results	MRR 0.806682	H@1 0.703184	H@3 0.891854	H@5 0.938670	H@10 0.973315
INFO:meta-cli.py:Epoch 39/100	test results	MRR 0.814051	H@1 0.715549	H@3 0.895717	H@5 0.946927	H@10 0.980447
INFO:meta-cli.py:Epoch 40/100	Loss 4.3645 ± 0.1485
INFO:meta-cli.py:Epoch 41/100	Loss 4.3631 ± 0.1264
INFO:meta-cli.py:Epoch 42/100	Loss 4.3580 ± 0.1440
INFO:meta-cli.py:Epoch 42/100	dev results	MRR 0.803819	H@1 0.698034	H@3 0.889045	H@5 0.938202	H@10 0.972378
INFO:meta-cli.py:Epoch 42/100	test results	MRR 0.808330	H@1 0.707635	H@3 0.892458	H@5 0.945531	H@10 0.981378
INFO:meta-cli.py:Epoch 43/100	Loss 4.3554 ± 0.1208
INFO:meta-cli.py:Epoch 44/100	Loss 4.3524 ± 0.1372
INFO:meta-cli.py:Epoch 45/100	Loss 4.3486 ± 0.1304
INFO:meta-cli.py:Epoch 45/100	dev results	MRR 0.801339	H@1 0.694757	H@3 0.887640	H@5 0.937266	H@10 0.972846
INFO:meta-cli.py:Epoch 45/100	test results	MRR 0.807549	H@1 0.706238	H@3 0.893389	H@5 0.943669	H@10 0.980912
INFO:meta-cli.py:Epoch 46/100	Loss 4.3474 ± 0.1236
INFO:meta-cli.py:Epoch 47/100	Loss 4.3433 ± 0.1242
INFO:meta-cli.py:Epoch 48/100	Loss 4.3404 ± 0.1210
INFO:meta-cli.py:Epoch 48/100	dev results	MRR 0.799760	H@1 0.693352	H@3 0.884363	H@5 0.935861	H@10 0.972846
INFO:meta-cli.py:Epoch 48/100	test results	MRR 0.804169	H@1 0.701117	H@3 0.890130	H@5 0.944600	H@10 0.980912
INFO:meta-cli.py:Epoch 49/100	Loss 4.3367 ± 0.1252
INFO:meta-cli.py:Epoch 50/100	Loss 4.3347 ± 0.1210
INFO:meta-cli.py:Epoch 51/100	Loss 4.3299 ± 0.1095
INFO:meta-cli.py:Epoch 51/100	dev results	MRR 0.795914	H@1 0.686330	H@3 0.882959	H@5 0.935861	H@10 0.972846
INFO:meta-cli.py:Epoch 51/100	test results	MRR 0.805276	H@1 0.703445	H@3 0.889665	H@5 0.941341	H@10 0.980447
INFO:meta-cli.py:Epoch 52/100	Loss 4.3278 ± 0.1097
INFO:meta-cli.py:Epoch 53/100	Loss 4.3281 ± 0.1368
INFO:meta-cli.py:Epoch 54/100	Loss 4.3233 ± 0.1268
INFO:meta-cli.py:Epoch 54/100	dev results	MRR 0.797378	H@1 0.689607	H@3 0.884831	H@5 0.933521	H@10 0.972846
INFO:meta-cli.py:Epoch 54/100	test results	MRR 0.799767	H@1 0.694600	H@3 0.888268	H@5 0.940875	H@10 0.979981
INFO:meta-cli.py:Epoch 55/100	Loss 4.3234 ± 0.1257
INFO:meta-cli.py:Epoch 56/100	Loss 4.3177 ± 0.1137
INFO:meta-cli.py:Epoch 57/100	Loss 4.3174 ± 0.1146
INFO:meta-cli.py:Epoch 57/100	dev results	MRR 0.794242	H@1 0.683521	H@3 0.883895	H@5 0.931648	H@10 0.972378
INFO:meta-cli.py:Epoch 57/100	test results	MRR 0.800903	H@1 0.698324	H@3 0.885940	H@5 0.939013	H@10 0.979050
INFO:meta-cli.py:Epoch 58/100	Loss 4.3151 ± 0.1187
INFO:meta-cli.py:Epoch 59/100	Loss 4.3128 ± 0.1279
INFO:meta-cli.py:Epoch 60/100	Loss 4.3115 ± 0.1280
INFO:meta-cli.py:Epoch 60/100	dev results	MRR 0.792326	H@1 0.681648	H@3 0.881086	H@5 0.933052	H@10 0.970974
INFO:meta-cli.py:Epoch 60/100	test results	MRR 0.797523	H@1 0.692737	H@3 0.880819	H@5 0.938082	H@10 0.978585
INFO:meta-cli.py:Epoch 61/100	Loss 4.3105 ± 0.1132
INFO:meta-cli.py:Epoch 62/100	Loss 4.3083 ± 0.1153
INFO:meta-cli.py:Epoch 63/100	Loss 4.3052 ± 0.1173
INFO:meta-cli.py:Epoch 63/100	dev results	MRR 0.790185	H@1 0.678371	H@3 0.880618	H@5 0.931648	H@10 0.971442
INFO:meta-cli.py:Epoch 63/100	test results	MRR 0.797193	H@1 0.691341	H@3 0.884078	H@5 0.937151	H@10 0.979050
INFO:meta-cli.py:Epoch 64/100	Loss 4.3051 ± 0.1310
INFO:meta-cli.py:Epoch 65/100	Loss 4.3033 ± 0.1355
INFO:meta-cli.py:Epoch 66/100	Loss 4.3000 ± 0.1137
INFO:meta-cli.py:Epoch 66/100	dev results	MRR 0.789902	H@1 0.678371	H@3 0.879682	H@5 0.930712	H@10 0.970974
INFO:meta-cli.py:Epoch 66/100	test results	MRR 0.795912	H@1 0.689944	H@3 0.881750	H@5 0.937151	H@10 0.979050
INFO:meta-cli.py:Epoch 67/100	Loss 4.2982 ± 0.1103
INFO:meta-cli.py:Epoch 68/100	Loss 4.2982 ± 0.1417
INFO:meta-cli.py:Epoch 69/100	Loss 4.2959 ± 0.1126
INFO:meta-cli.py:Epoch 69/100	dev results	MRR 0.788275	H@1 0.676498	H@3 0.878277	H@5 0.930712	H@10 0.970037
INFO:meta-cli.py:Epoch 69/100	test results	MRR 0.794484	H@1 0.687616	H@3 0.881285	H@5 0.935754	H@10 0.978119
INFO:meta-cli.py:Epoch 70/100	Loss 4.2935 ± 0.1308
INFO:meta-cli.py:Epoch 71/100	Loss 4.2935 ± 0.1208
INFO:meta-cli.py:Epoch 72/100	Loss 4.2923 ± 0.1115
INFO:meta-cli.py:Epoch 72/100	dev results	MRR 0.788421	H@1 0.676498	H@3 0.877809	H@5 0.929307	H@10 0.970506
INFO:meta-cli.py:Epoch 72/100	test results	MRR 0.794874	H@1 0.689479	H@3 0.879423	H@5 0.935289	H@10 0.976257
INFO:meta-cli.py:Epoch 73/100	Loss 4.2890 ± 0.0947
INFO:meta-cli.py:Epoch 74/100	Loss 4.2875 ± 0.1231
INFO:meta-cli.py:Epoch 75/100	Loss 4.2874 ± 0.1071
INFO:meta-cli.py:Epoch 75/100	dev results	MRR 0.786496	H@1 0.673689	H@3 0.875936	H@5 0.928839	H@10 0.970037
INFO:meta-cli.py:Epoch 75/100	test results	MRR 0.794627	H@1 0.689013	H@3 0.878957	H@5 0.936220	H@10 0.976723
INFO:meta-cli.py:Epoch 76/100	Loss 4.2843 ± 0.1349
INFO:meta-cli.py:Epoch 77/100	Loss 4.2841 ± 0.1215
INFO:meta-cli.py:Epoch 78/100	Loss 4.2816 ± 0.1043
INFO:meta-cli.py:Epoch 78/100	dev results	MRR 0.785295	H@1 0.671348	H@3 0.876873	H@5 0.928839	H@10 0.970037
INFO:meta-cli.py:Epoch 78/100	test results	MRR 0.791623	H@1 0.683426	H@3 0.879888	H@5 0.935289	H@10 0.976257
INFO:meta-cli.py:Epoch 79/100	Loss 4.2816 ± 0.1080
INFO:meta-cli.py:Epoch 80/100	Loss 4.2789 ± 0.1234
INFO:meta-cli.py:Epoch 81/100	Loss 4.2800 ± 0.1087
INFO:meta-cli.py:Epoch 81/100	dev results	MRR 0.780844	H@1 0.663858	H@3 0.875468	H@5 0.929775	H@10 0.969569
INFO:meta-cli.py:Epoch 81/100	test results	MRR 0.791932	H@1 0.684823	H@3 0.878026	H@5 0.935754	H@10 0.976257
INFO:meta-cli.py:Epoch 82/100	Loss 4.2782 ± 0.1101
INFO:meta-cli.py:Epoch 83/100	Loss 4.2784 ± 0.1227
INFO:meta-cli.py:Epoch 84/100	Loss 4.2770 ± 0.1242
INFO:meta-cli.py:Epoch 84/100	dev results	MRR 0.781997	H@1 0.666667	H@3 0.873596	H@5 0.928371	H@10 0.970506
INFO:meta-cli.py:Epoch 84/100	test results	MRR 0.790467	H@1 0.682030	H@3 0.877095	H@5 0.934823	H@10 0.975791
INFO:meta-cli.py:Epoch 85/100	Loss 4.2737 ± 0.1107
INFO:meta-cli.py:Epoch 86/100	Loss 4.2747 ± 0.1212
INFO:meta-cli.py:Epoch 87/100	Loss 4.2717 ± 0.1090
INFO:meta-cli.py:Epoch 87/100	dev results	MRR 0.781198	H@1 0.665730	H@3 0.873127	H@5 0.927434	H@10 0.970037
INFO:meta-cli.py:Epoch 87/100	test results	MRR 0.790180	H@1 0.681564	H@3 0.877561	H@5 0.934823	H@10 0.976257
INFO:meta-cli.py:Epoch 88/100	Loss 4.2729 ± 0.1182
INFO:meta-cli.py:Epoch 89/100	Loss 4.2692 ± 0.1232
INFO:meta-cli.py:Epoch 90/100	Loss 4.2694 ± 0.1103
INFO:meta-cli.py:Epoch 90/100	dev results	MRR 0.778966	H@1 0.662453	H@3 0.874064	H@5 0.927434	H@10 0.969569
INFO:meta-cli.py:Epoch 90/100	test results	MRR 0.789488	H@1 0.681099	H@3 0.876164	H@5 0.935289	H@10 0.975326
INFO:meta-cli.py:Epoch 91/100	Loss 4.2681 ± 0.1325
INFO:meta-cli.py:Epoch 92/100	Loss 4.2679 ± 0.1071
INFO:meta-cli.py:Epoch 93/100	Loss 4.2667 ± 0.1050
INFO:meta-cli.py:Epoch 93/100	dev results	MRR 0.780378	H@1 0.664326	H@3 0.874064	H@5 0.928371	H@10 0.969101
INFO:meta-cli.py:Epoch 93/100	test results	MRR 0.789084	H@1 0.680633	H@3 0.878026	H@5 0.934358	H@10 0.975326
INFO:meta-cli.py:Epoch 94/100	Loss 4.2643 ± 0.1061
INFO:meta-cli.py:Epoch 95/100	Loss 4.2645 ± 0.1179
INFO:meta-cli.py:Epoch 96/100	Loss 4.2636 ± 0.1126
INFO:meta-cli.py:Epoch 96/100	dev results	MRR 0.777343	H@1 0.660112	H@3 0.873596	H@5 0.926966	H@10 0.969569
INFO:meta-cli.py:Epoch 96/100	test results	MRR 0.786796	H@1 0.676909	H@3 0.875698	H@5 0.934358	H@10 0.974860
INFO:meta-cli.py:Epoch 97/100	Loss 4.2638 ± 0.1149
INFO:meta-cli.py:Epoch 98/100	Loss 4.2608 ± 0.1025
INFO:meta-cli.py:Epoch 99/100	Loss 4.2610 ± 0.1085
INFO:meta-cli.py:Epoch 99/100	dev results	MRR 0.776945	H@1 0.659644	H@3 0.874064	H@5 0.926030	H@10 0.969101
INFO:meta-cli.py:Epoch 99/100	test results	MRR 0.787148	H@1 0.677840	H@3 0.875233	H@5 0.933892	H@10 0.974395
INFO:meta-cli.py:Epoch 100/100	Loss 4.2604 ± 0.1130
INFO:meta-cli.py:Final 	dev results	MRR 0.777668	H@1 0.660581	H@3 0.873596	H@5 0.927434	H@10 0.969101
INFO:meta-cli.py:Final 	test results	MRR 0.787141	H@1 0.677840	H@3 0.875698	H@5 0.933426	H@10 0.974395
INFO:meta-cli.py:Training finished
