./bin/meta-cli.py --train data/nations/train.tsv --dev data/nations/dev.tsv --test data/nations/test.tsv -m complex -k 10 -b 100 -e 100 --F2 0 --N3 0.01 -l 0.1 -I standard -V 3 -o adagrad -q
{'F2': 0.0,
 'N3': 0.01,
 'batch_size': 100,
 'dev': 'data/nations/dev.tsv',
 'embedding_size': 10,
 'epochs': 100,
 'eval_batch_size': None,
 'input_type': 'standard',
 'learning_rate': 0.1,
 'load': None,
 'model': 'complex',
 'optimizer': 'adagrad',
 'quiet': True,
 'save': None,
 'seed': 0,
 'test': 'data/nations/test.tsv',
 'test_i': None,
 'test_ii': None,
 'train': 'data/nations/train.tsv',
 'validate_every': 3}
INFO:meta-cli.py:Device: cpu
INFO:meta-cli.py:Model state:
INFO:meta-cli.py:	entities.weight	torch.Size([14, 20])
INFO:meta-cli.py:	predicates.weight	torch.Size([55, 20])
INFO:meta-cli.py:Epoch 1/100	Loss 5.2798 ± 0.0102
INFO:meta-cli.py:Epoch 2/100	Loss 5.1499 ± 0.0592
INFO:meta-cli.py:Epoch 3/100	Loss 4.9451 ± 0.0676
INFO:meta-cli.py:Epoch 3/100	dev results	MRR 0.616451	H@1 0.449749	H@3 0.693467	H@5 0.854271	H@10 0.987437
INFO:meta-cli.py:Epoch 3/100	test results	MRR 0.597274	H@1 0.440299	H@3 0.681592	H@5 0.820896	H@10 0.977612
INFO:meta-cli.py:Epoch 4/100	Loss 4.8026 ± 0.1027
INFO:meta-cli.py:Epoch 5/100	Loss 4.7049 ± 0.1146
INFO:meta-cli.py:Epoch 6/100	Loss 4.6398 ± 0.1089
INFO:meta-cli.py:Epoch 6/100	dev results	MRR 0.631651	H@1 0.459799	H@3 0.723618	H@5 0.869347	H@10 0.984925
INFO:meta-cli.py:Epoch 6/100	test results	MRR 0.629318	H@1 0.457711	H@3 0.733831	H@5 0.870647	H@10 0.980100
INFO:meta-cli.py:Epoch 7/100	Loss 4.5933 ± 0.1142
INFO:meta-cli.py:Epoch 8/100	Loss 4.5532 ± 0.1107
INFO:meta-cli.py:Epoch 9/100	Loss 4.5263 ± 0.0856
INFO:meta-cli.py:Epoch 9/100	dev results	MRR 0.643346	H@1 0.474874	H@3 0.753769	H@5 0.894472	H@10 0.987437
INFO:meta-cli.py:Epoch 9/100	test results	MRR 0.646516	H@1 0.482587	H@3 0.763682	H@5 0.885572	H@10 0.985075
INFO:meta-cli.py:Epoch 10/100	Loss 4.5029 ± 0.1208
INFO:meta-cli.py:Epoch 11/100	Loss 4.4829 ± 0.1429
INFO:meta-cli.py:Epoch 12/100	Loss 4.4617 ± 0.1181
INFO:meta-cli.py:Epoch 12/100	dev results	MRR 0.645249	H@1 0.472362	H@3 0.758794	H@5 0.896985	H@10 0.989950
INFO:meta-cli.py:Epoch 12/100	test results	MRR 0.656517	H@1 0.497512	H@3 0.768657	H@5 0.885572	H@10 0.987562
INFO:meta-cli.py:Epoch 13/100	Loss 4.4495 ± 0.1614
INFO:meta-cli.py:Epoch 14/100	Loss 4.4343 ± 0.1132
INFO:meta-cli.py:Epoch 15/100	Loss 4.4226 ± 0.1010
INFO:meta-cli.py:Epoch 15/100	dev results	MRR 0.647583	H@1 0.474874	H@3 0.766332	H@5 0.899497	H@10 0.989950
INFO:meta-cli.py:Epoch 15/100	test results	MRR 0.658566	H@1 0.492537	H@3 0.793532	H@5 0.893035	H@10 0.987562
INFO:meta-cli.py:Epoch 16/100	Loss 4.4116 ± 0.1131
INFO:meta-cli.py:Epoch 17/100	Loss 4.4011 ± 0.1524
INFO:meta-cli.py:Epoch 18/100	Loss 4.3904 ± 0.1112
INFO:meta-cli.py:Epoch 18/100	dev results	MRR 0.654566	H@1 0.484925	H@3 0.771357	H@5 0.896985	H@10 0.992462
INFO:meta-cli.py:Epoch 18/100	test results	MRR 0.658866	H@1 0.487562	H@3 0.805970	H@5 0.902985	H@10 0.987562
INFO:meta-cli.py:Epoch 19/100	Loss 4.3821 ± 0.1258
INFO:meta-cli.py:Epoch 20/100	Loss 4.3747 ± 0.1346
INFO:meta-cli.py:Epoch 21/100	Loss 4.3687 ± 0.1292
INFO:meta-cli.py:Epoch 21/100	dev results	MRR 0.658835	H@1 0.492462	H@3 0.778894	H@5 0.896985	H@10 0.992462
INFO:meta-cli.py:Epoch 21/100	test results	MRR 0.661792	H@1 0.487562	H@3 0.805970	H@5 0.905473	H@10 0.985075
INFO:meta-cli.py:Epoch 22/100	Loss 4.3593 ± 0.1274
INFO:meta-cli.py:Epoch 23/100	Loss 4.3539 ± 0.1508
INFO:meta-cli.py:Epoch 24/100	Loss 4.3481 ± 0.0854
INFO:meta-cli.py:Epoch 24/100	dev results	MRR 0.657641	H@1 0.489950	H@3 0.783920	H@5 0.896985	H@10 0.994975
INFO:meta-cli.py:Epoch 24/100	test results	MRR 0.666894	H@1 0.492537	H@3 0.810945	H@5 0.905473	H@10 0.987562
INFO:meta-cli.py:Epoch 25/100	Loss 4.3416 ± 0.1179
INFO:meta-cli.py:Epoch 26/100	Loss 4.3365 ± 0.1608
INFO:meta-cli.py:Epoch 27/100	Loss 4.3325 ± 0.1466
INFO:meta-cli.py:Epoch 27/100	dev results	MRR 0.666876	H@1 0.505025	H@3 0.786432	H@5 0.907035	H@10 0.997487
INFO:meta-cli.py:Epoch 27/100	test results	MRR 0.673031	H@1 0.497512	H@3 0.818408	H@5 0.907960	H@10 0.987562
INFO:meta-cli.py:Epoch 28/100	Loss 4.3290 ± 0.1088
INFO:meta-cli.py:Epoch 29/100	Loss 4.3226 ± 0.0901
INFO:meta-cli.py:Epoch 30/100	Loss 4.3184 ± 0.0830
INFO:meta-cli.py:Epoch 30/100	dev results	MRR 0.670771	H@1 0.510050	H@3 0.791457	H@5 0.909548	H@10 0.997487
INFO:meta-cli.py:Epoch 30/100	test results	MRR 0.675421	H@1 0.500000	H@3 0.823383	H@5 0.910448	H@10 0.987562
INFO:meta-cli.py:Epoch 31/100	Loss 4.3155 ± 0.0863
INFO:meta-cli.py:Epoch 32/100	Loss 4.3105 ± 0.1200
INFO:meta-cli.py:Epoch 33/100	Loss 4.3090 ± 0.0858
INFO:meta-cli.py:Epoch 33/100	dev results	MRR 0.669940	H@1 0.507538	H@3 0.788945	H@5 0.907035	H@10 0.997487
INFO:meta-cli.py:Epoch 33/100	test results	MRR 0.686222	H@1 0.514925	H@3 0.838308	H@5 0.910448	H@10 0.987562
INFO:meta-cli.py:Epoch 34/100	Loss 4.3027 ± 0.1441
INFO:meta-cli.py:Epoch 35/100	Loss 4.3013 ± 0.0935
INFO:meta-cli.py:Epoch 36/100	Loss 4.2979 ± 0.1214
INFO:meta-cli.py:Epoch 36/100	dev results	MRR 0.668167	H@1 0.502513	H@3 0.788945	H@5 0.909548	H@10 0.997487
INFO:meta-cli.py:Epoch 36/100	test results	MRR 0.687463	H@1 0.514925	H@3 0.840796	H@5 0.910448	H@10 0.990050
INFO:meta-cli.py:Epoch 37/100	Loss 4.2959 ± 0.1263
INFO:meta-cli.py:Epoch 38/100	Loss 4.2927 ± 0.0929
INFO:meta-cli.py:Epoch 39/100	Loss 4.2885 ± 0.1170
INFO:meta-cli.py:Epoch 39/100	dev results	MRR 0.670164	H@1 0.505025	H@3 0.796482	H@5 0.912060	H@10 0.997487
INFO:meta-cli.py:Epoch 39/100	test results	MRR 0.694145	H@1 0.524876	H@3 0.840796	H@5 0.912935	H@10 0.990050
INFO:meta-cli.py:Epoch 40/100	Loss 4.2871 ± 0.1584
INFO:meta-cli.py:Epoch 41/100	Loss 4.2845 ± 0.1376
INFO:meta-cli.py:Epoch 42/100	Loss 4.2825 ± 0.1365
INFO:meta-cli.py:Epoch 42/100	dev results	MRR 0.668921	H@1 0.502513	H@3 0.793970	H@5 0.919598	H@10 0.997487
INFO:meta-cli.py:Epoch 42/100	test results	MRR 0.696260	H@1 0.527363	H@3 0.840796	H@5 0.910448	H@10 0.990050
INFO:meta-cli.py:Epoch 43/100	Loss 4.2804 ± 0.1558
INFO:meta-cli.py:Epoch 44/100	Loss 4.2773 ± 0.1458
INFO:meta-cli.py:Epoch 45/100	Loss 4.2751 ± 0.1229
INFO:meta-cli.py:Epoch 45/100	dev results	MRR 0.669346	H@1 0.500000	H@3 0.798995	H@5 0.924623	H@10 0.997487
INFO:meta-cli.py:Epoch 45/100	test results	MRR 0.700346	H@1 0.534826	H@3 0.840796	H@5 0.910448	H@10 0.990050
INFO:meta-cli.py:Epoch 46/100	Loss 4.2723 ± 0.1447
INFO:meta-cli.py:Epoch 47/100	Loss 4.2698 ± 0.1801
INFO:meta-cli.py:Epoch 48/100	Loss 4.2684 ± 0.1118
INFO:meta-cli.py:Epoch 48/100	dev results	MRR 0.671109	H@1 0.502513	H@3 0.796482	H@5 0.924623	H@10 0.997487
INFO:meta-cli.py:Epoch 48/100	test results	MRR 0.700460	H@1 0.534826	H@3 0.843284	H@5 0.910448	H@10 0.990050
INFO:meta-cli.py:Epoch 49/100	Loss 4.2661 ± 0.1527
INFO:meta-cli.py:Epoch 50/100	Loss 4.2639 ± 0.1265
INFO:meta-cli.py:Epoch 51/100	Loss 4.2649 ± 0.1134
INFO:meta-cli.py:Epoch 51/100	dev results	MRR 0.673582	H@1 0.507538	H@3 0.798995	H@5 0.924623	H@10 0.997487
INFO:meta-cli.py:Epoch 51/100	test results	MRR 0.701730	H@1 0.534826	H@3 0.848259	H@5 0.915423	H@10 0.990050
INFO:meta-cli.py:Epoch 52/100	Loss 4.2616 ± 0.0961
INFO:meta-cli.py:Epoch 53/100	Loss 4.2588 ± 0.1127
INFO:meta-cli.py:Epoch 54/100	Loss 4.2574 ± 0.1193
INFO:meta-cli.py:Epoch 54/100	dev results	MRR 0.675509	H@1 0.510050	H@3 0.796482	H@5 0.922111	H@10 0.997487
INFO:meta-cli.py:Epoch 54/100	test results	MRR 0.710043	H@1 0.552239	H@3 0.845771	H@5 0.915423	H@10 0.990050
INFO:meta-cli.py:Epoch 55/100	Loss 4.2577 ± 0.1407
INFO:meta-cli.py:Epoch 56/100	Loss 4.2542 ± 0.1563
INFO:meta-cli.py:Epoch 57/100	Loss 4.2533 ± 0.1041
INFO:meta-cli.py:Epoch 57/100	dev results	MRR 0.677094	H@1 0.512563	H@3 0.798995	H@5 0.922111	H@10 0.997487
INFO:meta-cli.py:Epoch 57/100	test results	MRR 0.706682	H@1 0.547264	H@3 0.845771	H@5 0.915423	H@10 0.990050
INFO:meta-cli.py:Epoch 58/100	Loss 4.2525 ± 0.1297
INFO:meta-cli.py:Epoch 59/100	Loss 4.2514 ± 0.1426
INFO:meta-cli.py:Epoch 60/100	Loss 4.2481 ± 0.1219
INFO:meta-cli.py:Epoch 60/100	dev results	MRR 0.673385	H@1 0.505025	H@3 0.806533	H@5 0.924623	H@10 0.997487
INFO:meta-cli.py:Epoch 60/100	test results	MRR 0.704377	H@1 0.542289	H@3 0.848259	H@5 0.915423	H@10 0.990050
INFO:meta-cli.py:Epoch 61/100	Loss 4.2485 ± 0.1423
INFO:meta-cli.py:Epoch 62/100	Loss 4.2449 ± 0.1732
INFO:meta-cli.py:Epoch 63/100	Loss 4.2449 ± 0.0744
INFO:meta-cli.py:Epoch 63/100	dev results	MRR 0.673772	H@1 0.505025	H@3 0.806533	H@5 0.919598	H@10 0.997487
INFO:meta-cli.py:Epoch 63/100	test results	MRR 0.707298	H@1 0.547264	H@3 0.848259	H@5 0.915423	H@10 0.990050
INFO:meta-cli.py:Epoch 64/100	Loss 4.2449 ± 0.1119
INFO:meta-cli.py:Epoch 65/100	Loss 4.2430 ± 0.1334
INFO:meta-cli.py:Epoch 66/100	Loss 4.2406 ± 0.1275
INFO:meta-cli.py:Epoch 66/100	dev results	MRR 0.676543	H@1 0.510050	H@3 0.806533	H@5 0.924623	H@10 0.997487
INFO:meta-cli.py:Epoch 66/100	test results	MRR 0.710162	H@1 0.552239	H@3 0.845771	H@5 0.915423	H@10 0.990050
INFO:meta-cli.py:Epoch 67/100	Loss 4.2395 ± 0.1395
INFO:meta-cli.py:Epoch 68/100	Loss 4.2395 ± 0.0832
INFO:meta-cli.py:Epoch 69/100	Loss 4.2360 ± 0.1151
INFO:meta-cli.py:Epoch 69/100	dev results	MRR 0.681669	H@1 0.517588	H@3 0.814070	H@5 0.924623	H@10 0.997487
INFO:meta-cli.py:Epoch 69/100	test results	MRR 0.710672	H@1 0.552239	H@3 0.850746	H@5 0.915423	H@10 0.987562
INFO:meta-cli.py:Epoch 70/100	Loss 4.2355 ± 0.1139
INFO:meta-cli.py:Epoch 71/100	Loss 4.2356 ± 0.1109
INFO:meta-cli.py:Epoch 72/100	Loss 4.2340 ± 0.1274
INFO:meta-cli.py:Epoch 72/100	dev results	MRR 0.681379	H@1 0.515075	H@3 0.814070	H@5 0.927136	H@10 0.997487
INFO:meta-cli.py:Epoch 72/100	test results	MRR 0.714901	H@1 0.559701	H@3 0.855721	H@5 0.917910	H@10 0.987562
INFO:meta-cli.py:Epoch 73/100	Loss 4.2330 ± 0.1292
INFO:meta-cli.py:Epoch 74/100	Loss 4.2328 ± 0.0946
INFO:meta-cli.py:Epoch 75/100	Loss 4.2311 ± 0.1034
INFO:meta-cli.py:Epoch 75/100	dev results	MRR 0.681230	H@1 0.515075	H@3 0.811558	H@5 0.927136	H@10 0.997487
INFO:meta-cli.py:Epoch 75/100	test results	MRR 0.715163	H@1 0.559701	H@3 0.858209	H@5 0.920398	H@10 0.987562
INFO:meta-cli.py:Epoch 76/100	Loss 4.2296 ± 0.1007
INFO:meta-cli.py:Epoch 77/100	Loss 4.2296 ± 0.1066
INFO:meta-cli.py:Epoch 78/100	Loss 4.2285 ± 0.0967
INFO:meta-cli.py:Epoch 78/100	dev results	MRR 0.682336	H@1 0.517588	H@3 0.809045	H@5 0.927136	H@10 0.997487
INFO:meta-cli.py:Epoch 78/100	test results	MRR 0.723033	H@1 0.574627	H@3 0.858209	H@5 0.920398	H@10 0.985075
INFO:meta-cli.py:Epoch 79/100	Loss 4.2289 ± 0.1096
INFO:meta-cli.py:Epoch 80/100	Loss 4.2250 ± 0.1646
INFO:meta-cli.py:Epoch 81/100	Loss 4.2257 ± 0.1059
INFO:meta-cli.py:Epoch 81/100	dev results	MRR 0.683946	H@1 0.520101	H@3 0.816583	H@5 0.929648	H@10 0.997487
INFO:meta-cli.py:Epoch 81/100	test results	MRR 0.721995	H@1 0.572139	H@3 0.858209	H@5 0.920398	H@10 0.987562
INFO:meta-cli.py:Epoch 82/100	Loss 4.2248 ± 0.1270
INFO:meta-cli.py:Epoch 83/100	Loss 4.2238 ± 0.1432
INFO:meta-cli.py:Epoch 84/100	Loss 4.2244 ± 0.1001
INFO:meta-cli.py:Epoch 84/100	dev results	MRR 0.685495	H@1 0.522613	H@3 0.819095	H@5 0.932161	H@10 0.997487
INFO:meta-cli.py:Epoch 84/100	test results	MRR 0.722414	H@1 0.572139	H@3 0.858209	H@5 0.922886	H@10 0.987562
INFO:meta-cli.py:Epoch 85/100	Loss 4.2231 ± 0.1366
INFO:meta-cli.py:Epoch 86/100	Loss 4.2211 ± 0.1667
INFO:meta-cli.py:Epoch 87/100	Loss 4.2204 ± 0.0648
INFO:meta-cli.py:Epoch 87/100	dev results	MRR 0.682423	H@1 0.517588	H@3 0.816583	H@5 0.932161	H@10 1.000000
INFO:meta-cli.py:Epoch 87/100	test results	MRR 0.724280	H@1 0.577114	H@3 0.855721	H@5 0.922886	H@10 0.987562
INFO:meta-cli.py:Epoch 88/100	Loss 4.2194 ± 0.1162
INFO:meta-cli.py:Epoch 89/100	Loss 4.2177 ± 0.1079
INFO:meta-cli.py:Epoch 90/100	Loss 4.2187 ± 0.1565
INFO:meta-cli.py:Epoch 90/100	dev results	MRR 0.682339	H@1 0.517588	H@3 0.814070	H@5 0.932161	H@10 1.000000
INFO:meta-cli.py:Epoch 90/100	test results	MRR 0.723948	H@1 0.577114	H@3 0.858209	H@5 0.922886	H@10 0.987562
INFO:meta-cli.py:Epoch 91/100	Loss 4.2167 ± 0.1136
INFO:meta-cli.py:Epoch 92/100	Loss 4.2159 ± 0.1067
INFO:meta-cli.py:Epoch 93/100	Loss 4.2149 ± 0.1274
INFO:meta-cli.py:Epoch 93/100	dev results	MRR 0.685354	H@1 0.522613	H@3 0.814070	H@5 0.934673	H@10 1.000000
INFO:meta-cli.py:Epoch 93/100	test results	MRR 0.722022	H@1 0.574627	H@3 0.855721	H@5 0.920398	H@10 0.990050
INFO:meta-cli.py:Epoch 94/100	Loss 4.2143 ± 0.1447
INFO:meta-cli.py:Epoch 95/100	Loss 4.2141 ± 0.0907
INFO:meta-cli.py:Epoch 96/100	Loss 4.2126 ± 0.1409
INFO:meta-cli.py:Epoch 96/100	dev results	MRR 0.688202	H@1 0.527638	H@3 0.821608	H@5 0.934673	H@10 1.000000
INFO:meta-cli.py:Epoch 96/100	test results	MRR 0.721938	H@1 0.574627	H@3 0.855721	H@5 0.922886	H@10 0.990050
INFO:meta-cli.py:Epoch 97/100	Loss 4.2125 ± 0.1198
INFO:meta-cli.py:Epoch 98/100	Loss 4.2121 ± 0.1415
INFO:meta-cli.py:Epoch 99/100	Loss 4.2122 ± 0.1193
INFO:meta-cli.py:Epoch 99/100	dev results	MRR 0.688981	H@1 0.527638	H@3 0.821608	H@5 0.932161	H@10 1.000000
INFO:meta-cli.py:Epoch 99/100	test results	MRR 0.722584	H@1 0.574627	H@3 0.855721	H@5 0.922886	H@10 0.990050
INFO:meta-cli.py:Epoch 100/100	Loss 4.2099 ± 0.1364
INFO:meta-cli.py:Final 	dev results	MRR 0.688855	H@1 0.527638	H@3 0.821608	H@5 0.932161	H@10 1.000000
INFO:meta-cli.py:Final 	test results	MRR 0.722584	H@1 0.574627	H@3 0.855721	H@5 0.922886	H@10 0.990050
INFO:meta-cli.py:Training finished
