./bin/meta-cli.py --train data/umls/train.tsv --dev data/umls/dev.tsv --test data/umls/test.tsv -m complex -k 1000 -b 100 -e 100 --F2 0.005 --N3 0 -l 0.1 -I reciprocal -V 3 -o adagrad -q
{'F2': 0.005,
 'N3': 0.0,
 'batch_size': 100,
 'dev': 'data/umls/dev.tsv',
 'embedding_size': 1000,
 'epochs': 100,
 'eval_batch_size': None,
 'input_type': 'reciprocal',
 'learning_rate': 0.1,
 'load': None,
 'model': 'complex',
 'optimizer': 'adagrad',
 'quiet': True,
 'save': None,
 'seed': 0,
 'test': 'data/umls/test.tsv',
 'test_i': None,
 'test_ii': None,
 'train': 'data/umls/train.tsv',
 'validate_every': 3}
INFO:meta-cli.py:Device: cpu
INFO:meta-cli.py:Model state:
INFO:meta-cli.py:	entities.weight	torch.Size([135, 2000])
INFO:meta-cli.py:	predicates.weight	torch.Size([92, 2000])
INFO:meta-cli.py:Epoch 1/100	Loss 7.9982 ± 1.2754
INFO:meta-cli.py:Epoch 2/100	Loss 6.3687 ± 0.1355
INFO:meta-cli.py:Epoch 3/100	Loss 6.1369 ± 0.1384
INFO:meta-cli.py:Epoch 3/100	dev results	MRR 0.898881	H@1 0.812117	H@3 0.983129	H@5 0.990798	H@10 0.997699
INFO:meta-cli.py:Epoch 3/100	test results	MRR 0.885665	H@1 0.787443	H@3 0.982602	H@5 0.989410	H@10 0.994705
INFO:meta-cli.py:Epoch 4/100	Loss 6.0339 ± 0.1457
INFO:meta-cli.py:Epoch 5/100	Loss 5.9606 ± 0.1416
INFO:meta-cli.py:Epoch 6/100	Loss 5.9028 ± 0.1442
INFO:meta-cli.py:Epoch 6/100	dev results	MRR 0.941531	H@1 0.895706	H@3 0.983896	H@5 0.992331	H@10 0.997699
INFO:meta-cli.py:Epoch 6/100	test results	MRR 0.927466	H@1 0.866112	H@3 0.988654	H@5 0.994705	H@10 0.996218
INFO:meta-cli.py:Epoch 7/100	Loss 5.8598 ± 0.1435
INFO:meta-cli.py:Epoch 8/100	Loss 5.8231 ± 0.1451
INFO:meta-cli.py:Epoch 9/100	Loss 5.7936 ± 0.1473
INFO:meta-cli.py:Epoch 9/100	dev results	MRR 0.950581	H@1 0.913344	H@3 0.986963	H@5 0.992331	H@10 0.997699
INFO:meta-cli.py:Epoch 9/100	test results	MRR 0.939273	H@1 0.891831	H@3 0.986384	H@5 0.993949	H@10 0.996974
INFO:meta-cli.py:Epoch 10/100	Loss 5.7642 ± 0.1415
INFO:meta-cli.py:Epoch 11/100	Loss 5.7418 ± 0.1439
INFO:meta-cli.py:Epoch 12/100	Loss 5.7204 ± 0.1446
INFO:meta-cli.py:Epoch 12/100	dev results	MRR 0.953291	H@1 0.918712	H@3 0.985429	H@5 0.991564	H@10 0.997699
INFO:meta-cli.py:Epoch 12/100	test results	MRR 0.950656	H@1 0.913767	H@3 0.987141	H@5 0.990166	H@10 0.996974
INFO:meta-cli.py:Epoch 13/100	Loss 5.7010 ± 0.1194
INFO:meta-cli.py:Epoch 14/100	Loss 5.6878 ± 0.1446
INFO:meta-cli.py:Epoch 15/100	Loss 5.6707 ± 0.1324
INFO:meta-cli.py:Epoch 15/100	dev results	MRR 0.951297	H@1 0.914110	H@3 0.986963	H@5 0.992331	H@10 0.996166
INFO:meta-cli.py:Epoch 15/100	test results	MRR 0.949735	H@1 0.910741	H@3 0.987141	H@5 0.993949	H@10 0.996974
INFO:meta-cli.py:Epoch 16/100	Loss 5.6568 ± 0.1310
INFO:meta-cli.py:Epoch 17/100	Loss 5.6477 ± 0.1271
INFO:meta-cli.py:Epoch 18/100	Loss 5.6348 ± 0.1227
INFO:meta-cli.py:Epoch 18/100	dev results	MRR 0.954020	H@1 0.919479	H@3 0.986963	H@5 0.992331	H@10 0.996166
INFO:meta-cli.py:Epoch 18/100	test results	MRR 0.956262	H@1 0.925870	H@3 0.986384	H@5 0.992436	H@10 0.996218
INFO:meta-cli.py:Epoch 19/100	Loss 5.6246 ± 0.1374
INFO:meta-cli.py:Epoch 20/100	Loss 5.6175 ± 0.1457
INFO:meta-cli.py:Epoch 21/100	Loss 5.6084 ± 0.1313
INFO:meta-cli.py:Epoch 21/100	dev results	MRR 0.950719	H@1 0.914110	H@3 0.986196	H@5 0.993098	H@10 0.996166
INFO:meta-cli.py:Epoch 21/100	test results	MRR 0.953685	H@1 0.919818	H@3 0.987897	H@5 0.991679	H@10 0.996218
INFO:meta-cli.py:Epoch 22/100	Loss 5.5967 ± 0.1429
INFO:meta-cli.py:Epoch 23/100	Loss 5.5898 ± 0.1289
INFO:meta-cli.py:Epoch 24/100	Loss 5.5853 ± 0.1323
INFO:meta-cli.py:Epoch 24/100	dev results	MRR 0.955102	H@1 0.922546	H@3 0.984663	H@5 0.993098	H@10 0.995399
INFO:meta-cli.py:Epoch 24/100	test results	MRR 0.952985	H@1 0.918306	H@3 0.987141	H@5 0.990923	H@10 0.996974
INFO:meta-cli.py:Epoch 25/100	Loss 5.5776 ± 0.1354
INFO:meta-cli.py:Epoch 26/100	Loss 5.5708 ± 0.1350
INFO:meta-cli.py:Epoch 27/100	Loss 5.5654 ± 0.1205
INFO:meta-cli.py:Epoch 27/100	dev results	MRR 0.955740	H@1 0.924847	H@3 0.985429	H@5 0.991564	H@10 0.995399
INFO:meta-cli.py:Epoch 27/100	test results	MRR 0.953570	H@1 0.921331	H@3 0.987141	H@5 0.991679	H@10 0.995461
INFO:meta-cli.py:Epoch 28/100	Loss 5.5589 ± 0.1372
INFO:meta-cli.py:Epoch 29/100	Loss 5.5542 ± 0.1255
INFO:meta-cli.py:Epoch 30/100	Loss 5.5507 ± 0.1338
INFO:meta-cli.py:Epoch 30/100	dev results	MRR 0.954567	H@1 0.923313	H@3 0.982362	H@5 0.992331	H@10 0.996166
INFO:meta-cli.py:Epoch 30/100	test results	MRR 0.952693	H@1 0.919818	H@3 0.984871	H@5 0.990923	H@10 0.994705
INFO:meta-cli.py:Epoch 31/100	Loss 5.5438 ± 0.1255
INFO:meta-cli.py:Epoch 32/100	Loss 5.5378 ± 0.1172
INFO:meta-cli.py:Epoch 33/100	Loss 5.5346 ± 0.1286
INFO:meta-cli.py:Epoch 33/100	dev results	MRR 0.955677	H@1 0.925613	H@3 0.981595	H@5 0.992331	H@10 0.996933
INFO:meta-cli.py:Epoch 33/100	test results	MRR 0.953194	H@1 0.920575	H@3 0.986384	H@5 0.990923	H@10 0.995461
INFO:meta-cli.py:Epoch 34/100	Loss 5.5300 ± 0.1127
INFO:meta-cli.py:Epoch 35/100	Loss 5.5276 ± 0.1287
INFO:meta-cli.py:Epoch 36/100	Loss 5.5239 ± 0.1140
INFO:meta-cli.py:Epoch 36/100	dev results	MRR 0.956723	H@1 0.927914	H@3 0.981595	H@5 0.992331	H@10 0.996166
INFO:meta-cli.py:Epoch 36/100	test results	MRR 0.952289	H@1 0.919818	H@3 0.983359	H@5 0.990923	H@10 0.995461
INFO:meta-cli.py:Epoch 37/100	Loss 5.5218 ± 0.1221
INFO:meta-cli.py:Epoch 38/100	Loss 5.5134 ± 0.1279
INFO:meta-cli.py:Epoch 39/100	Loss 5.5142 ± 0.1311
INFO:meta-cli.py:Epoch 39/100	dev results	MRR 0.954067	H@1 0.922546	H@3 0.982362	H@5 0.993865	H@10 0.996166
INFO:meta-cli.py:Epoch 39/100	test results	MRR 0.948583	H@1 0.912254	H@3 0.982602	H@5 0.990923	H@10 0.995461
INFO:meta-cli.py:Epoch 40/100	Loss 5.5122 ± 0.1330
INFO:meta-cli.py:Epoch 41/100	Loss 5.5057 ± 0.1130
INFO:meta-cli.py:Epoch 42/100	Loss 5.5028 ± 0.1287
INFO:meta-cli.py:Epoch 42/100	dev results	MRR 0.955830	H@1 0.926380	H@3 0.983129	H@5 0.993098	H@10 0.996166
INFO:meta-cli.py:Epoch 42/100	test results	MRR 0.949951	H@1 0.914523	H@3 0.984115	H@5 0.990923	H@10 0.995461
INFO:meta-cli.py:Epoch 43/100	Loss 5.5009 ± 0.1136
INFO:meta-cli.py:Epoch 44/100	Loss 5.4954 ± 0.1300
INFO:meta-cli.py:Epoch 45/100	Loss 5.4939 ± 0.1324
INFO:meta-cli.py:Epoch 45/100	dev results	MRR 0.954002	H@1 0.923313	H@3 0.980828	H@5 0.992331	H@10 0.996166
INFO:meta-cli.py:Epoch 45/100	test results	MRR 0.950631	H@1 0.916036	H@3 0.983359	H@5 0.990166	H@10 0.996218
INFO:meta-cli.py:Epoch 46/100	Loss 5.4916 ± 0.1224
INFO:meta-cli.py:Epoch 47/100	Loss 5.4917 ± 0.1269
INFO:meta-cli.py:Epoch 48/100	Loss 5.4857 ± 0.1241
INFO:meta-cli.py:Epoch 48/100	dev results	MRR 0.952229	H@1 0.919479	H@3 0.982362	H@5 0.991564	H@10 0.996166
INFO:meta-cli.py:Epoch 48/100	test results	MRR 0.951042	H@1 0.916793	H@3 0.983359	H@5 0.992436	H@10 0.995461
INFO:meta-cli.py:Epoch 49/100	Loss 5.4865 ± 0.1301
INFO:meta-cli.py:Epoch 50/100	Loss 5.4808 ± 0.1093
INFO:meta-cli.py:Epoch 51/100	Loss 5.4806 ± 0.1380
INFO:meta-cli.py:Epoch 51/100	dev results	MRR 0.952831	H@1 0.921012	H@3 0.980828	H@5 0.990031	H@10 0.996166
INFO:meta-cli.py:Epoch 51/100	test results	MRR 0.948879	H@1 0.913011	H@3 0.982602	H@5 0.989410	H@10 0.996218
INFO:meta-cli.py:Epoch 52/100	Loss 5.4779 ± 0.1223
INFO:meta-cli.py:Epoch 53/100	Loss 5.4754 ± 0.1252
INFO:meta-cli.py:Epoch 54/100	Loss 5.4752 ± 0.1365
INFO:meta-cli.py:Epoch 54/100	dev results	MRR 0.952406	H@1 0.921012	H@3 0.978528	H@5 0.990031	H@10 0.996166
INFO:meta-cli.py:Epoch 54/100	test results	MRR 0.950249	H@1 0.916036	H@3 0.982602	H@5 0.990923	H@10 0.996218
INFO:meta-cli.py:Epoch 55/100	Loss 5.4737 ± 0.1335
INFO:meta-cli.py:Epoch 56/100	Loss 5.4698 ± 0.1167
INFO:meta-cli.py:Epoch 57/100	Loss 5.4692 ± 0.1189
INFO:meta-cli.py:Epoch 57/100	dev results	MRR 0.953965	H@1 0.924080	H@3 0.980061	H@5 0.990031	H@10 0.996166
INFO:meta-cli.py:Epoch 57/100	test results	MRR 0.950819	H@1 0.916793	H@3 0.982602	H@5 0.990923	H@10 0.996218
INFO:meta-cli.py:Epoch 58/100	Loss 5.4643 ± 0.1135
INFO:meta-cli.py:Epoch 59/100	Loss 5.4628 ± 0.1264
INFO:meta-cli.py:Epoch 60/100	Loss 5.4643 ± 0.1147
INFO:meta-cli.py:Epoch 60/100	dev results	MRR 0.953758	H@1 0.923313	H@3 0.979294	H@5 0.990031	H@10 0.996166
INFO:meta-cli.py:Epoch 60/100	test results	MRR 0.949742	H@1 0.915280	H@3 0.981089	H@5 0.989410	H@10 0.996218
INFO:meta-cli.py:Epoch 61/100	Loss 5.4620 ± 0.1181
INFO:meta-cli.py:Epoch 62/100	Loss 5.4603 ± 0.1348
INFO:meta-cli.py:Epoch 63/100	Loss 5.4597 ± 0.1263
INFO:meta-cli.py:Epoch 63/100	dev results	MRR 0.952928	H@1 0.921779	H@3 0.980828	H@5 0.989264	H@10 0.996166
INFO:meta-cli.py:Epoch 63/100	test results	MRR 0.947369	H@1 0.910741	H@3 0.981089	H@5 0.990166	H@10 0.996218
INFO:meta-cli.py:Epoch 64/100	Loss 5.4581 ± 0.1294
INFO:meta-cli.py:Epoch 65/100	Loss 5.4547 ± 0.1206
INFO:meta-cli.py:Epoch 66/100	Loss 5.4521 ± 0.1523
INFO:meta-cli.py:Epoch 66/100	dev results	MRR 0.952001	H@1 0.919479	H@3 0.980828	H@5 0.990031	H@10 0.996166
INFO:meta-cli.py:Epoch 66/100	test results	MRR 0.950187	H@1 0.916793	H@3 0.981089	H@5 0.989410	H@10 0.996218
INFO:meta-cli.py:Epoch 67/100	Loss 5.4506 ± 0.1125
INFO:meta-cli.py:Epoch 68/100	Loss 5.4522 ± 0.1332
INFO:meta-cli.py:Epoch 69/100	Loss 5.4492 ± 0.1094
INFO:meta-cli.py:Epoch 69/100	dev results	MRR 0.951970	H@1 0.920245	H@3 0.980061	H@5 0.989264	H@10 0.996166
INFO:meta-cli.py:Epoch 69/100	test results	MRR 0.948619	H@1 0.913011	H@3 0.981089	H@5 0.990923	H@10 0.996974
INFO:meta-cli.py:Epoch 70/100	Loss 5.4483 ± 0.1174
INFO:meta-cli.py:Epoch 71/100	Loss 5.4479 ± 0.1373
INFO:meta-cli.py:Epoch 72/100	Loss 5.4453 ± 0.1121
INFO:meta-cli.py:Epoch 72/100	dev results	MRR 0.951540	H@1 0.919479	H@3 0.980061	H@5 0.989264	H@10 0.996166
INFO:meta-cli.py:Epoch 72/100	test results	MRR 0.948301	H@1 0.913767	H@3 0.981089	H@5 0.990166	H@10 0.996218
INFO:meta-cli.py:Epoch 73/100	Loss 5.4438 ± 0.1308
INFO:meta-cli.py:Epoch 74/100	Loss 5.4430 ± 0.1224
INFO:meta-cli.py:Epoch 75/100	Loss 5.4412 ± 0.1180
INFO:meta-cli.py:Epoch 75/100	dev results	MRR 0.950881	H@1 0.917945	H@3 0.980061	H@5 0.989264	H@10 0.996166
INFO:meta-cli.py:Epoch 75/100	test results	MRR 0.947669	H@1 0.912254	H@3 0.981089	H@5 0.990166	H@10 0.996218
INFO:meta-cli.py:Epoch 76/100	Loss 5.4407 ± 0.1131
INFO:meta-cli.py:Epoch 77/100	Loss 5.4379 ± 0.1228
INFO:meta-cli.py:Epoch 78/100	Loss 5.4376 ± 0.1188
INFO:meta-cli.py:Epoch 78/100	dev results	MRR 0.951995	H@1 0.920245	H@3 0.980061	H@5 0.988497	H@10 0.996166
INFO:meta-cli.py:Epoch 78/100	test results	MRR 0.947216	H@1 0.912254	H@3 0.981089	H@5 0.989410	H@10 0.996218
INFO:meta-cli.py:Epoch 79/100	Loss 5.4366 ± 0.1371
INFO:meta-cli.py:Epoch 80/100	Loss 5.4355 ± 0.1154
INFO:meta-cli.py:Epoch 81/100	Loss 5.4344 ± 0.1275
INFO:meta-cli.py:Epoch 81/100	dev results	MRR 0.951473	H@1 0.919479	H@3 0.978528	H@5 0.989264	H@10 0.996166
INFO:meta-cli.py:Epoch 81/100	test results	MRR 0.945882	H@1 0.909228	H@3 0.981089	H@5 0.989410	H@10 0.996218
INFO:meta-cli.py:Epoch 82/100	Loss 5.4334 ± 0.1161
INFO:meta-cli.py:Epoch 83/100	Loss 5.4316 ± 0.1220
INFO:meta-cli.py:Epoch 84/100	Loss 5.4295 ± 0.1170
INFO:meta-cli.py:Epoch 84/100	dev results	MRR 0.951900	H@1 0.920245	H@3 0.977761	H@5 0.989264	H@10 0.996166
INFO:meta-cli.py:Epoch 84/100	test results	MRR 0.945990	H@1 0.909228	H@3 0.981089	H@5 0.989410	H@10 0.996218
INFO:meta-cli.py:Epoch 85/100	Loss 5.4303 ± 0.1285
INFO:meta-cli.py:Epoch 86/100	Loss 5.4311 ± 0.1205
INFO:meta-cli.py:Epoch 87/100	Loss 5.4262 ± 0.1160
INFO:meta-cli.py:Epoch 87/100	dev results	MRR 0.951935	H@1 0.920245	H@3 0.978528	H@5 0.988497	H@10 0.996166
INFO:meta-cli.py:Epoch 87/100	test results	MRR 0.945722	H@1 0.909228	H@3 0.981089	H@5 0.989410	H@10 0.996218
INFO:meta-cli.py:Epoch 88/100	Loss 5.4266 ± 0.1166
INFO:meta-cli.py:Epoch 89/100	Loss 5.4268 ± 0.1198
INFO:meta-cli.py:Epoch 90/100	Loss 5.4250 ± 0.1172
INFO:meta-cli.py:Epoch 90/100	dev results	MRR 0.951166	H@1 0.918712	H@3 0.978528	H@5 0.988497	H@10 0.996166
INFO:meta-cli.py:Epoch 90/100	test results	MRR 0.945901	H@1 0.909985	H@3 0.980333	H@5 0.989410	H@10 0.996218
INFO:meta-cli.py:Epoch 91/100	Loss nan ± nan
INFO:meta-cli.py:Epoch 92/100	Loss nan ± nan
INFO:meta-cli.py:Epoch 93/100	Loss nan ± nan
INFO:meta-cli.py:Epoch 93/100	dev results	MRR 0.023028	H@1 0.000000	H@3 0.001534	H@5 0.009969	H@10 0.019172
INFO:meta-cli.py:Epoch 93/100	test results	MRR 0.023434	H@1 0.000000	H@3 0.000756	H@5 0.011346	H@10 0.027231
INFO:meta-cli.py:Epoch 94/100	Loss nan ± nan
INFO:meta-cli.py:Epoch 95/100	Loss nan ± nan
INFO:meta-cli.py:Epoch 96/100	Loss nan ± nan
INFO:meta-cli.py:Epoch 96/100	dev results	MRR 0.023028	H@1 0.000000	H@3 0.001534	H@5 0.009969	H@10 0.019172
INFO:meta-cli.py:Epoch 96/100	test results	MRR 0.023434	H@1 0.000000	H@3 0.000756	H@5 0.011346	H@10 0.027231
INFO:meta-cli.py:Epoch 97/100	Loss nan ± nan
INFO:meta-cli.py:Epoch 98/100	Loss nan ± nan
INFO:meta-cli.py:Epoch 99/100	Loss nan ± nan
INFO:meta-cli.py:Epoch 99/100	dev results	MRR 0.023028	H@1 0.000000	H@3 0.001534	H@5 0.009969	H@10 0.019172
INFO:meta-cli.py:Epoch 99/100	test results	MRR 0.023434	H@1 0.000000	H@3 0.000756	H@5 0.011346	H@10 0.027231
INFO:meta-cli.py:Epoch 100/100	Loss nan ± nan
INFO:meta-cli.py:Final 	dev results	MRR 0.023028	H@1 0.000000	H@3 0.001534	H@5 0.009969	H@10 0.019172
INFO:meta-cli.py:Final 	test results	MRR 0.023434	H@1 0.000000	H@3 0.000756	H@5 0.011346	H@10 0.027231
INFO:meta-cli.py:Training finished
