./bin/meta-cli.py --train data/nations/train.tsv --dev data/nations/dev.tsv --test data/nations/test.tsv -m complex -k 10 -b 100 -e 100 --F2 0.01 --N3 0 -l 0.1 -I standard -V 3 -o adagrad -q
{'F2': 0.01,
 'N3': 0.0,
 'batch_size': 100,
 'dev': 'data/nations/dev.tsv',
 'embedding_size': 10,
 'epochs': 100,
 'eval_batch_size': None,
 'input_type': 'standard',
 'learning_rate': 0.1,
 'load': None,
 'model': 'complex',
 'optimizer': 'adagrad',
 'quiet': True,
 'save': None,
 'seed': 0,
 'test': 'data/nations/test.tsv',
 'test_i': None,
 'test_ii': None,
 'train': 'data/nations/train.tsv',
 'validate_every': 3}
INFO:meta-cli.py:Device: cpu
INFO:meta-cli.py:Model state:
INFO:meta-cli.py:	entities.weight	torch.Size([14, 20])
INFO:meta-cli.py:	predicates.weight	torch.Size([55, 20])
INFO:meta-cli.py:Epoch 1/100	Loss 5.2855 ± 0.0035
INFO:meta-cli.py:Epoch 2/100	Loss 5.2242 ± 0.0431
INFO:meta-cli.py:Epoch 3/100	Loss 5.0411 ± 0.0570
INFO:meta-cli.py:Epoch 3/100	dev results	MRR 0.586694	H@1 0.412060	H@3 0.690955	H@5 0.824121	H@10 0.969849
INFO:meta-cli.py:Epoch 3/100	test results	MRR 0.619503	H@1 0.460199	H@3 0.708955	H@5 0.818408	H@10 0.972637
INFO:meta-cli.py:Epoch 4/100	Loss 4.8609 ± 0.1032
INFO:meta-cli.py:Epoch 5/100	Loss 4.7177 ± 0.1033
INFO:meta-cli.py:Epoch 6/100	Loss 4.6098 ± 0.0789
INFO:meta-cli.py:Epoch 6/100	dev results	MRR 0.630783	H@1 0.464824	H@3 0.728643	H@5 0.886935	H@10 0.989950
INFO:meta-cli.py:Epoch 6/100	test results	MRR 0.663117	H@1 0.504975	H@3 0.776119	H@5 0.883085	H@10 0.980100
INFO:meta-cli.py:Epoch 7/100	Loss 4.5405 ± 0.1081
INFO:meta-cli.py:Epoch 8/100	Loss 4.4891 ± 0.1229
INFO:meta-cli.py:Epoch 9/100	Loss 4.4510 ± 0.1339
INFO:meta-cli.py:Epoch 9/100	dev results	MRR 0.653746	H@1 0.494975	H@3 0.756281	H@5 0.879397	H@10 0.989950
INFO:meta-cli.py:Epoch 9/100	test results	MRR 0.685822	H@1 0.539801	H@3 0.778607	H@5 0.902985	H@10 0.987562
INFO:meta-cli.py:Epoch 10/100	Loss 4.4249 ± 0.1026
INFO:meta-cli.py:Epoch 11/100	Loss 4.4023 ± 0.0965
INFO:meta-cli.py:Epoch 12/100	Loss 4.3831 ± 0.1274
INFO:meta-cli.py:Epoch 12/100	dev results	MRR 0.660881	H@1 0.502513	H@3 0.768844	H@5 0.884422	H@10 0.992462
INFO:meta-cli.py:Epoch 12/100	test results	MRR 0.692337	H@1 0.544776	H@3 0.781095	H@5 0.915423	H@10 0.985075
INFO:meta-cli.py:Epoch 13/100	Loss 4.3678 ± 0.1526
INFO:meta-cli.py:Epoch 14/100	Loss 4.3559 ± 0.1566
INFO:meta-cli.py:Epoch 15/100	Loss 4.3445 ± 0.1564
INFO:meta-cli.py:Epoch 15/100	dev results	MRR 0.682098	H@1 0.535176	H@3 0.773869	H@5 0.894472	H@10 0.992462
INFO:meta-cli.py:Epoch 15/100	test results	MRR 0.694146	H@1 0.542289	H@3 0.786070	H@5 0.920398	H@10 0.985075
INFO:meta-cli.py:Epoch 16/100	Loss 4.3358 ± 0.1491
INFO:meta-cli.py:Epoch 17/100	Loss 4.3258 ± 0.1099
INFO:meta-cli.py:Epoch 18/100	Loss 4.3172 ± 0.1186
INFO:meta-cli.py:Epoch 18/100	dev results	MRR 0.691375	H@1 0.545226	H@3 0.773869	H@5 0.907035	H@10 0.992462
INFO:meta-cli.py:Epoch 18/100	test results	MRR 0.696993	H@1 0.544776	H@3 0.798507	H@5 0.927861	H@10 0.980100
INFO:meta-cli.py:Epoch 19/100	Loss 4.3120 ± 0.1561
INFO:meta-cli.py:Epoch 20/100	Loss 4.3038 ± 0.1066
INFO:meta-cli.py:Epoch 21/100	Loss 4.2991 ± 0.1141
INFO:meta-cli.py:Epoch 21/100	dev results	MRR 0.696617	H@1 0.550251	H@3 0.781407	H@5 0.912060	H@10 0.992462
INFO:meta-cli.py:Epoch 21/100	test results	MRR 0.698773	H@1 0.549751	H@3 0.803483	H@5 0.922886	H@10 0.982587
INFO:meta-cli.py:Epoch 22/100	Loss 4.2934 ± 0.1276
INFO:meta-cli.py:Epoch 23/100	Loss 4.2892 ± 0.1009
INFO:meta-cli.py:Epoch 24/100	Loss 4.2849 ± 0.1320
INFO:meta-cli.py:Epoch 24/100	dev results	MRR 0.705066	H@1 0.562814	H@3 0.781407	H@5 0.914573	H@10 0.992462
INFO:meta-cli.py:Epoch 24/100	test results	MRR 0.697412	H@1 0.544776	H@3 0.813433	H@5 0.920398	H@10 0.982587
INFO:meta-cli.py:Epoch 25/100	Loss 4.2795 ± 0.1348
INFO:meta-cli.py:Epoch 26/100	Loss 4.2756 ± 0.1190
INFO:meta-cli.py:Epoch 27/100	Loss 4.2729 ± 0.1168
INFO:meta-cli.py:Epoch 27/100	dev results	MRR 0.706530	H@1 0.565327	H@3 0.783920	H@5 0.914573	H@10 0.992462
INFO:meta-cli.py:Epoch 27/100	test results	MRR 0.697138	H@1 0.544776	H@3 0.810945	H@5 0.920398	H@10 0.977612
INFO:meta-cli.py:Epoch 28/100	Loss 4.2712 ± 0.1213
INFO:meta-cli.py:Epoch 29/100	Loss 4.2649 ± 0.1214
INFO:meta-cli.py:Epoch 30/100	Loss 4.2626 ± 0.0866
INFO:meta-cli.py:Epoch 30/100	dev results	MRR 0.708904	H@1 0.570352	H@3 0.783920	H@5 0.919598	H@10 0.992462
INFO:meta-cli.py:Epoch 30/100	test results	MRR 0.700815	H@1 0.552239	H@3 0.810945	H@5 0.915423	H@10 0.977612
INFO:meta-cli.py:Epoch 31/100	Loss 4.2621 ± 0.1062
INFO:meta-cli.py:Epoch 32/100	Loss 4.2575 ± 0.1129
INFO:meta-cli.py:Epoch 33/100	Loss 4.2567 ± 0.1031
INFO:meta-cli.py:Epoch 33/100	dev results	MRR 0.709787	H@1 0.572864	H@3 0.786432	H@5 0.919598	H@10 0.989950
INFO:meta-cli.py:Epoch 33/100	test results	MRR 0.702329	H@1 0.557214	H@3 0.808458	H@5 0.917910	H@10 0.975124
INFO:meta-cli.py:Epoch 34/100	Loss 4.2537 ± 0.1644
INFO:meta-cli.py:Epoch 35/100	Loss 4.2517 ± 0.0958
INFO:meta-cli.py:Epoch 36/100	Loss 4.2496 ± 0.1226
INFO:meta-cli.py:Epoch 36/100	dev results	MRR 0.707601	H@1 0.567839	H@3 0.786432	H@5 0.924623	H@10 0.992462
INFO:meta-cli.py:Epoch 36/100	test results	MRR 0.704255	H@1 0.559701	H@3 0.808458	H@5 0.917910	H@10 0.972637
INFO:meta-cli.py:Epoch 37/100	Loss 4.2488 ± 0.1412
INFO:meta-cli.py:Epoch 38/100	Loss 4.2475 ± 0.1069
INFO:meta-cli.py:Epoch 39/100	Loss nan ± nan
INFO:meta-cli.py:Epoch 39/100	dev results	MRR 0.100535	H@1 0.000000	H@3 0.012563	H@5 0.037688	H@10 0.354271
INFO:meta-cli.py:Epoch 39/100	test results	MRR 0.101660	H@1 0.000000	H@3 0.012438	H@5 0.064677	H@10 0.348259
INFO:meta-cli.py:Epoch 40/100	Loss nan ± nan
INFO:meta-cli.py:Epoch 41/100	Loss nan ± nan
INFO:meta-cli.py:Epoch 42/100	Loss nan ± nan
INFO:meta-cli.py:Epoch 42/100	dev results	MRR 0.100535	H@1 0.000000	H@3 0.012563	H@5 0.037688	H@10 0.354271
INFO:meta-cli.py:Epoch 42/100	test results	MRR 0.101660	H@1 0.000000	H@3 0.012438	H@5 0.064677	H@10 0.348259
INFO:meta-cli.py:Epoch 43/100	Loss nan ± nan
INFO:meta-cli.py:Epoch 44/100	Loss nan ± nan
INFO:meta-cli.py:Epoch 45/100	Loss nan ± nan
INFO:meta-cli.py:Epoch 45/100	dev results	MRR 0.100535	H@1 0.000000	H@3 0.012563	H@5 0.037688	H@10 0.354271
INFO:meta-cli.py:Epoch 45/100	test results	MRR 0.101660	H@1 0.000000	H@3 0.012438	H@5 0.064677	H@10 0.348259
INFO:meta-cli.py:Epoch 46/100	Loss nan ± nan
INFO:meta-cli.py:Epoch 47/100	Loss nan ± nan
INFO:meta-cli.py:Epoch 48/100	Loss nan ± nan
INFO:meta-cli.py:Epoch 48/100	dev results	MRR 0.100535	H@1 0.000000	H@3 0.012563	H@5 0.037688	H@10 0.354271
INFO:meta-cli.py:Epoch 48/100	test results	MRR 0.101660	H@1 0.000000	H@3 0.012438	H@5 0.064677	H@10 0.348259
INFO:meta-cli.py:Epoch 49/100	Loss nan ± nan
INFO:meta-cli.py:Epoch 50/100	Loss nan ± nan
INFO:meta-cli.py:Epoch 51/100	Loss nan ± nan
INFO:meta-cli.py:Epoch 51/100	dev results	MRR 0.100535	H@1 0.000000	H@3 0.012563	H@5 0.037688	H@10 0.354271
INFO:meta-cli.py:Epoch 51/100	test results	MRR 0.101660	H@1 0.000000	H@3 0.012438	H@5 0.064677	H@10 0.348259
INFO:meta-cli.py:Epoch 52/100	Loss nan ± nan
INFO:meta-cli.py:Epoch 53/100	Loss nan ± nan
INFO:meta-cli.py:Epoch 54/100	Loss nan ± nan
INFO:meta-cli.py:Epoch 54/100	dev results	MRR 0.100535	H@1 0.000000	H@3 0.012563	H@5 0.037688	H@10 0.354271
INFO:meta-cli.py:Epoch 54/100	test results	MRR 0.101660	H@1 0.000000	H@3 0.012438	H@5 0.064677	H@10 0.348259
INFO:meta-cli.py:Epoch 55/100	Loss nan ± nan
INFO:meta-cli.py:Epoch 56/100	Loss nan ± nan
INFO:meta-cli.py:Epoch 57/100	Loss nan ± nan
INFO:meta-cli.py:Epoch 57/100	dev results	MRR 0.100535	H@1 0.000000	H@3 0.012563	H@5 0.037688	H@10 0.354271
INFO:meta-cli.py:Epoch 57/100	test results	MRR 0.101660	H@1 0.000000	H@3 0.012438	H@5 0.064677	H@10 0.348259
INFO:meta-cli.py:Epoch 58/100	Loss nan ± nan
INFO:meta-cli.py:Epoch 59/100	Loss nan ± nan
INFO:meta-cli.py:Epoch 60/100	Loss nan ± nan
INFO:meta-cli.py:Epoch 60/100	dev results	MRR 0.100535	H@1 0.000000	H@3 0.012563	H@5 0.037688	H@10 0.354271
INFO:meta-cli.py:Epoch 60/100	test results	MRR 0.101660	H@1 0.000000	H@3 0.012438	H@5 0.064677	H@10 0.348259
INFO:meta-cli.py:Epoch 61/100	Loss nan ± nan
INFO:meta-cli.py:Epoch 62/100	Loss nan ± nan
INFO:meta-cli.py:Epoch 63/100	Loss nan ± nan
INFO:meta-cli.py:Epoch 63/100	dev results	MRR 0.100535	H@1 0.000000	H@3 0.012563	H@5 0.037688	H@10 0.354271
INFO:meta-cli.py:Epoch 63/100	test results	MRR 0.101660	H@1 0.000000	H@3 0.012438	H@5 0.064677	H@10 0.348259
INFO:meta-cli.py:Epoch 64/100	Loss nan ± nan
INFO:meta-cli.py:Epoch 65/100	Loss nan ± nan
INFO:meta-cli.py:Epoch 66/100	Loss nan ± nan
INFO:meta-cli.py:Epoch 66/100	dev results	MRR 0.100535	H@1 0.000000	H@3 0.012563	H@5 0.037688	H@10 0.354271
INFO:meta-cli.py:Epoch 66/100	test results	MRR 0.101660	H@1 0.000000	H@3 0.012438	H@5 0.064677	H@10 0.348259
INFO:meta-cli.py:Epoch 67/100	Loss nan ± nan
INFO:meta-cli.py:Epoch 68/100	Loss nan ± nan
INFO:meta-cli.py:Epoch 69/100	Loss nan ± nan
INFO:meta-cli.py:Epoch 69/100	dev results	MRR 0.100535	H@1 0.000000	H@3 0.012563	H@5 0.037688	H@10 0.354271
INFO:meta-cli.py:Epoch 69/100	test results	MRR 0.101660	H@1 0.000000	H@3 0.012438	H@5 0.064677	H@10 0.348259
INFO:meta-cli.py:Epoch 70/100	Loss nan ± nan
INFO:meta-cli.py:Epoch 71/100	Loss nan ± nan
INFO:meta-cli.py:Epoch 72/100	Loss nan ± nan
INFO:meta-cli.py:Epoch 72/100	dev results	MRR 0.100535	H@1 0.000000	H@3 0.012563	H@5 0.037688	H@10 0.354271
INFO:meta-cli.py:Epoch 72/100	test results	MRR 0.101660	H@1 0.000000	H@3 0.012438	H@5 0.064677	H@10 0.348259
INFO:meta-cli.py:Epoch 73/100	Loss nan ± nan
INFO:meta-cli.py:Epoch 74/100	Loss nan ± nan
INFO:meta-cli.py:Epoch 75/100	Loss nan ± nan
INFO:meta-cli.py:Epoch 75/100	dev results	MRR 0.100535	H@1 0.000000	H@3 0.012563	H@5 0.037688	H@10 0.354271
INFO:meta-cli.py:Epoch 75/100	test results	MRR 0.101660	H@1 0.000000	H@3 0.012438	H@5 0.064677	H@10 0.348259
INFO:meta-cli.py:Epoch 76/100	Loss nan ± nan
INFO:meta-cli.py:Epoch 77/100	Loss nan ± nan
INFO:meta-cli.py:Epoch 78/100	Loss nan ± nan
INFO:meta-cli.py:Epoch 78/100	dev results	MRR 0.100535	H@1 0.000000	H@3 0.012563	H@5 0.037688	H@10 0.354271
INFO:meta-cli.py:Epoch 78/100	test results	MRR 0.101660	H@1 0.000000	H@3 0.012438	H@5 0.064677	H@10 0.348259
INFO:meta-cli.py:Epoch 79/100	Loss nan ± nan
INFO:meta-cli.py:Epoch 80/100	Loss nan ± nan
INFO:meta-cli.py:Epoch 81/100	Loss nan ± nan
INFO:meta-cli.py:Epoch 81/100	dev results	MRR 0.100535	H@1 0.000000	H@3 0.012563	H@5 0.037688	H@10 0.354271
INFO:meta-cli.py:Epoch 81/100	test results	MRR 0.101660	H@1 0.000000	H@3 0.012438	H@5 0.064677	H@10 0.348259
INFO:meta-cli.py:Epoch 82/100	Loss nan ± nan
INFO:meta-cli.py:Epoch 83/100	Loss nan ± nan
INFO:meta-cli.py:Epoch 84/100	Loss nan ± nan
INFO:meta-cli.py:Epoch 84/100	dev results	MRR 0.100535	H@1 0.000000	H@3 0.012563	H@5 0.037688	H@10 0.354271
INFO:meta-cli.py:Epoch 84/100	test results	MRR 0.101660	H@1 0.000000	H@3 0.012438	H@5 0.064677	H@10 0.348259
INFO:meta-cli.py:Epoch 85/100	Loss nan ± nan
INFO:meta-cli.py:Epoch 86/100	Loss nan ± nan
INFO:meta-cli.py:Epoch 87/100	Loss nan ± nan
INFO:meta-cli.py:Epoch 87/100	dev results	MRR 0.100535	H@1 0.000000	H@3 0.012563	H@5 0.037688	H@10 0.354271
INFO:meta-cli.py:Epoch 87/100	test results	MRR 0.101660	H@1 0.000000	H@3 0.012438	H@5 0.064677	H@10 0.348259
INFO:meta-cli.py:Epoch 88/100	Loss nan ± nan
INFO:meta-cli.py:Epoch 89/100	Loss nan ± nan
INFO:meta-cli.py:Epoch 90/100	Loss nan ± nan
INFO:meta-cli.py:Epoch 90/100	dev results	MRR 0.100535	H@1 0.000000	H@3 0.012563	H@5 0.037688	H@10 0.354271
INFO:meta-cli.py:Epoch 90/100	test results	MRR 0.101660	H@1 0.000000	H@3 0.012438	H@5 0.064677	H@10 0.348259
INFO:meta-cli.py:Epoch 91/100	Loss nan ± nan
INFO:meta-cli.py:Epoch 92/100	Loss nan ± nan
INFO:meta-cli.py:Epoch 93/100	Loss nan ± nan
INFO:meta-cli.py:Epoch 93/100	dev results	MRR 0.100535	H@1 0.000000	H@3 0.012563	H@5 0.037688	H@10 0.354271
INFO:meta-cli.py:Epoch 93/100	test results	MRR 0.101660	H@1 0.000000	H@3 0.012438	H@5 0.064677	H@10 0.348259
INFO:meta-cli.py:Epoch 94/100	Loss nan ± nan
INFO:meta-cli.py:Epoch 95/100	Loss nan ± nan
INFO:meta-cli.py:Epoch 96/100	Loss nan ± nan
INFO:meta-cli.py:Epoch 96/100	dev results	MRR 0.100535	H@1 0.000000	H@3 0.012563	H@5 0.037688	H@10 0.354271
INFO:meta-cli.py:Epoch 96/100	test results	MRR 0.101660	H@1 0.000000	H@3 0.012438	H@5 0.064677	H@10 0.348259
INFO:meta-cli.py:Epoch 97/100	Loss nan ± nan
INFO:meta-cli.py:Epoch 98/100	Loss nan ± nan
INFO:meta-cli.py:Epoch 99/100	Loss nan ± nan
INFO:meta-cli.py:Epoch 99/100	dev results	MRR 0.100535	H@1 0.000000	H@3 0.012563	H@5 0.037688	H@10 0.354271
INFO:meta-cli.py:Epoch 99/100	test results	MRR 0.101660	H@1 0.000000	H@3 0.012438	H@5 0.064677	H@10 0.348259
INFO:meta-cli.py:Epoch 100/100	Loss nan ± nan
INFO:meta-cli.py:Final 	dev results	MRR 0.100535	H@1 0.000000	H@3 0.012563	H@5 0.037688	H@10 0.354271
INFO:meta-cli.py:Final 	test results	MRR 0.101660	H@1 0.000000	H@3 0.012438	H@5 0.064677	H@10 0.348259
INFO:meta-cli.py:Training finished
