./bin/meta-cli.py --train data/kinship/train.tsv --dev data/kinship/dev.tsv --test data/kinship/test.tsv -m complex -k 500 -b 100 -e 100 --F2 0 --N3 0.5 -l 0.1 -I reciprocal -V 3 -o adagrad -q
{'F2': 0.0,
 'N3': 0.5,
 'batch_size': 100,
 'dev': 'data/kinship/dev.tsv',
 'embedding_size': 500,
 'epochs': 100,
 'eval_batch_size': None,
 'input_type': 'reciprocal',
 'learning_rate': 0.1,
 'load': None,
 'model': 'complex',
 'optimizer': 'adagrad',
 'quiet': True,
 'save': None,
 'seed': 0,
 'test': 'data/kinship/test.tsv',
 'test_i': None,
 'test_ii': None,
 'train': 'data/kinship/train.tsv',
 'validate_every': 3}
INFO:meta-cli.py:Device: cpu
INFO:meta-cli.py:Model state:
INFO:meta-cli.py:	entities.weight	torch.Size([104, 1000])
INFO:meta-cli.py:	predicates.weight	torch.Size([50, 1000])
INFO:meta-cli.py:Epoch 1/100	Loss 9.3232 ± 0.2280
INFO:meta-cli.py:Epoch 2/100	Loss 9.2712 ± 0.0189
INFO:meta-cli.py:Epoch 3/100	Loss 9.2507 ± 0.0113
INFO:meta-cli.py:Epoch 3/100	dev results	MRR 0.106873	H@1 0.022472	H@3 0.086142	H@5 0.141854	H@10 0.239232
INFO:meta-cli.py:Epoch 3/100	test results	MRR 0.106102	H@1 0.021415	H@3 0.087523	H@5 0.144786	H@10 0.248603
INFO:meta-cli.py:Epoch 4/100	Loss 9.2237 ± 0.0230
INFO:meta-cli.py:Epoch 5/100	Loss 9.1876 ± 0.0299
INFO:meta-cli.py:Epoch 6/100	Loss 9.1757 ± 0.0221
INFO:meta-cli.py:Epoch 6/100	dev results	MRR 0.236345	H@1 0.094569	H@3 0.224719	H@5 0.349719	H@10 0.587547
INFO:meta-cli.py:Epoch 6/100	test results	MRR 0.246022	H@1 0.100559	H@3 0.241620	H@5 0.368250	H@10 0.582402
INFO:meta-cli.py:Epoch 7/100	Loss 9.1754 ± 0.0205
INFO:meta-cli.py:Epoch 8/100	Loss 9.1752 ± 0.0213
INFO:meta-cli.py:Epoch 9/100	Loss 9.1751 ± 0.0176
INFO:meta-cli.py:Epoch 9/100	dev results	MRR 0.226310	H@1 0.073034	H@3 0.242041	H@5 0.353933	H@10 0.575375
INFO:meta-cli.py:Epoch 9/100	test results	MRR 0.225240	H@1 0.071229	H@3 0.237896	H@5 0.345438	H@10 0.591713
INFO:meta-cli.py:Epoch 10/100	Loss 9.1750 ± 0.0215
INFO:meta-cli.py:Epoch 11/100	Loss 9.1749 ± 0.0213
INFO:meta-cli.py:Epoch 12/100	Loss 9.1749 ± 0.0206
INFO:meta-cli.py:Epoch 12/100	dev results	MRR 0.242842	H@1 0.110019	H@3 0.221910	H@5 0.327715	H@10 0.586610
INFO:meta-cli.py:Epoch 12/100	test results	MRR 0.244103	H@1 0.111732	H@3 0.228119	H@5 0.337523	H@10 0.590782
INFO:meta-cli.py:Epoch 13/100	Loss 9.1748 ± 0.0236
INFO:meta-cli.py:Epoch 14/100	Loss 9.1747 ± 0.0200
INFO:meta-cli.py:Epoch 15/100	Loss 9.1747 ± 0.0227
INFO:meta-cli.py:Epoch 15/100	dev results	MRR 0.228873	H@1 0.083333	H@3 0.211142	H@5 0.345974	H@10 0.612828
INFO:meta-cli.py:Epoch 15/100	test results	MRR 0.225866	H@1 0.081937	H@3 0.211825	H@5 0.333799	H@10 0.608939
INFO:meta-cli.py:Epoch 16/100	Loss 9.1747 ± 0.0209
INFO:meta-cli.py:Epoch 17/100	Loss 9.1746 ± 0.0216
INFO:meta-cli.py:Epoch 18/100	Loss 9.1747 ± 0.0215
INFO:meta-cli.py:Epoch 18/100	dev results	MRR 0.232990	H@1 0.089888	H@3 0.231273	H@5 0.346910	H@10 0.590356
INFO:meta-cli.py:Epoch 18/100	test results	MRR 0.233168	H@1 0.086127	H@3 0.238827	H@5 0.357076	H@10 0.591248
INFO:meta-cli.py:Epoch 19/100	Loss 9.1746 ± 0.0198
INFO:meta-cli.py:Epoch 20/100	Loss 9.1746 ± 0.0196
INFO:meta-cli.py:Epoch 21/100	Loss 9.1745 ± 0.0208
INFO:meta-cli.py:Epoch 21/100	dev results	MRR 0.228006	H@1 0.083801	H@3 0.220506	H@5 0.335206	H@10 0.591292
INFO:meta-cli.py:Epoch 21/100	test results	MRR 0.227607	H@1 0.081937	H@3 0.217412	H@5 0.340317	H@10 0.597300
INFO:meta-cli.py:Epoch 22/100	Loss 9.1745 ± 0.0197
INFO:meta-cli.py:Epoch 23/100	Loss 9.1746 ± 0.0210
INFO:meta-cli.py:Epoch 24/100	Loss 9.1746 ± 0.0213
INFO:meta-cli.py:Epoch 24/100	dev results	MRR 0.223782	H@1 0.082397	H@3 0.214419	H@5 0.334738	H@10 0.605805
INFO:meta-cli.py:Epoch 24/100	test results	MRR 0.223527	H@1 0.079609	H@3 0.210894	H@5 0.334264	H@10 0.597300
INFO:meta-cli.py:Epoch 25/100	Loss 9.1745 ± 0.0192
INFO:meta-cli.py:Epoch 26/100	Loss 9.1745 ± 0.0210
INFO:meta-cli.py:Epoch 27/100	Loss 9.1745 ± 0.0188
INFO:meta-cli.py:Epoch 27/100	dev results	MRR 0.235397	H@1 0.098315	H@3 0.223315	H@5 0.352528	H@10 0.595037
INFO:meta-cli.py:Epoch 27/100	test results	MRR 0.236293	H@1 0.100093	H@3 0.218343	H@5 0.346369	H@10 0.586592
INFO:meta-cli.py:Epoch 28/100	Loss 9.1745 ± 0.0188
INFO:meta-cli.py:Epoch 29/100	Loss 9.1745 ± 0.0197
INFO:meta-cli.py:Epoch 30/100	Loss 9.1745 ± 0.0199
INFO:meta-cli.py:Epoch 30/100	dev results	MRR 0.219471	H@1 0.069757	H@3 0.213951	H@5 0.356273	H@10 0.581461
INFO:meta-cli.py:Epoch 30/100	test results	MRR 0.232264	H@1 0.081006	H@3 0.233240	H@5 0.371043	H@10 0.585661
INFO:meta-cli.py:Epoch 31/100	Loss 9.1745 ± 0.0205
INFO:meta-cli.py:Epoch 32/100	Loss 9.1745 ± 0.0224
INFO:meta-cli.py:Epoch 33/100	Loss 9.1745 ± 0.0213
INFO:meta-cli.py:Epoch 33/100	dev results	MRR 0.222959	H@1 0.070225	H@3 0.219101	H@5 0.355805	H@10 0.595974
INFO:meta-cli.py:Epoch 33/100	test results	MRR 0.220026	H@1 0.067039	H@3 0.217877	H@5 0.345438	H@10 0.594041
INFO:meta-cli.py:Epoch 34/100	Loss 9.1744 ± 0.0206
INFO:meta-cli.py:Epoch 35/100	Loss 9.1744 ± 0.0173
INFO:meta-cli.py:Epoch 36/100	Loss 9.1744 ± 0.0221
INFO:meta-cli.py:Epoch 36/100	dev results	MRR 0.232519	H@1 0.088483	H@3 0.229869	H@5 0.361891	H@10 0.588951
INFO:meta-cli.py:Epoch 36/100	test results	MRR 0.235067	H@1 0.090782	H@3 0.241620	H@5 0.359870	H@10 0.586592
INFO:meta-cli.py:Epoch 37/100	Loss 9.1744 ± 0.0201
INFO:meta-cli.py:Epoch 38/100	Loss 9.1744 ± 0.0216
INFO:meta-cli.py:Epoch 39/100	Loss 9.1744 ± 0.0201
INFO:meta-cli.py:Epoch 39/100	dev results	MRR 0.227870	H@1 0.079588	H@3 0.233614	H@5 0.345506	H@10 0.583801
INFO:meta-cli.py:Epoch 39/100	test results	MRR 0.236430	H@1 0.089385	H@3 0.240223	H@5 0.356611	H@10 0.597765
INFO:meta-cli.py:Epoch 40/100	Loss 9.1744 ± 0.0198
INFO:meta-cli.py:Epoch 41/100	Loss 9.1744 ± 0.0204
INFO:meta-cli.py:Epoch 42/100	Loss 9.1744 ± 0.0197
INFO:meta-cli.py:Epoch 42/100	dev results	MRR 0.230029	H@1 0.080993	H@3 0.229869	H@5 0.359082	H@10 0.601592
INFO:meta-cli.py:Epoch 42/100	test results	MRR 0.226194	H@1 0.071695	H@3 0.234637	H@5 0.367784	H@10 0.609870
INFO:meta-cli.py:Epoch 43/100	Loss 9.1744 ± 0.0207
INFO:meta-cli.py:Epoch 44/100	Loss 9.1744 ± 0.0202
INFO:meta-cli.py:Epoch 45/100	Loss 9.1744 ± 0.0198
INFO:meta-cli.py:Epoch 45/100	dev results	MRR 0.248518	H@1 0.103933	H@3 0.250936	H@5 0.360487	H@10 0.575375
INFO:meta-cli.py:Epoch 45/100	test results	MRR 0.249122	H@1 0.101024	H@3 0.261173	H@5 0.372905	H@10 0.587989
INFO:meta-cli.py:Epoch 46/100	Loss 9.1744 ± 0.0207
INFO:meta-cli.py:Epoch 47/100	Loss 9.1744 ± 0.0210
INFO:meta-cli.py:Epoch 48/100	Loss 9.1744 ± 0.0207
INFO:meta-cli.py:Epoch 48/100	dev results	MRR 0.228442	H@1 0.078184	H@3 0.227528	H@5 0.349719	H@10 0.585206
INFO:meta-cli.py:Epoch 48/100	test results	MRR 0.231950	H@1 0.080540	H@3 0.236499	H@5 0.365456	H@10 0.580540
INFO:meta-cli.py:Epoch 49/100	Loss 9.1743 ± 0.0208
INFO:meta-cli.py:Epoch 50/100	Loss 9.1744 ± 0.0212
INFO:meta-cli.py:Epoch 51/100	Loss 9.1743 ± 0.0206
INFO:meta-cli.py:Epoch 51/100	dev results	MRR 0.225439	H@1 0.073034	H@3 0.228464	H@5 0.365169	H@10 0.581929
INFO:meta-cli.py:Epoch 51/100	test results	MRR 0.224376	H@1 0.067039	H@3 0.239758	H@5 0.356145	H@10 0.577747
INFO:meta-cli.py:Epoch 52/100	Loss 9.1744 ± 0.0188
INFO:meta-cli.py:Epoch 53/100	Loss 9.1743 ± 0.0207
INFO:meta-cli.py:Epoch 54/100	Loss 9.1743 ± 0.0210
INFO:meta-cli.py:Epoch 54/100	dev results	MRR 0.238884	H@1 0.095506	H@3 0.242978	H@5 0.356742	H@10 0.574906
INFO:meta-cli.py:Epoch 54/100	test results	MRR 0.243154	H@1 0.101955	H@3 0.241620	H@5 0.364991	H@10 0.590317
INFO:meta-cli.py:Epoch 55/100	Loss 9.1743 ± 0.0198
INFO:meta-cli.py:Epoch 56/100	Loss 9.1743 ± 0.0200
INFO:meta-cli.py:Epoch 57/100	Loss 9.1743 ± 0.0216
INFO:meta-cli.py:Epoch 57/100	dev results	MRR 0.232120	H@1 0.078652	H@3 0.242509	H@5 0.356273	H@10 0.602528
INFO:meta-cli.py:Epoch 57/100	test results	MRR 0.225259	H@1 0.066108	H@3 0.250466	H@5 0.370112	H@10 0.603818
INFO:meta-cli.py:Epoch 58/100	Loss 9.1743 ± 0.0205
INFO:meta-cli.py:Epoch 59/100	Loss 9.1743 ± 0.0203
INFO:meta-cli.py:Epoch 60/100	Loss 9.1743 ± 0.0189
INFO:meta-cli.py:Epoch 60/100	dev results	MRR 0.221943	H@1 0.073502	H@3 0.232210	H@5 0.344569	H@10 0.582397
INFO:meta-cli.py:Epoch 60/100	test results	MRR 0.232693	H@1 0.084730	H@3 0.247207	H@5 0.355680	H@10 0.586592
INFO:meta-cli.py:Epoch 61/100	Loss 9.1743 ± 0.0203
INFO:meta-cli.py:Epoch 62/100	Loss 9.1743 ± 0.0199
INFO:meta-cli.py:Epoch 63/100	Loss 9.1743 ± 0.0206
INFO:meta-cli.py:Epoch 63/100	dev results	MRR 0.237158	H@1 0.094569	H@3 0.239232	H@5 0.344569	H@10 0.592697
INFO:meta-cli.py:Epoch 63/100	test results	MRR 0.237908	H@1 0.099162	H@3 0.238827	H@5 0.348696	H@10 0.584730
INFO:meta-cli.py:Epoch 64/100	Loss 9.1743 ± 0.0201
INFO:meta-cli.py:Epoch 65/100	Loss 9.1743 ± 0.0209
INFO:meta-cli.py:Epoch 66/100	Loss 9.1743 ± 0.0214
INFO:meta-cli.py:Epoch 66/100	dev results	MRR 0.240656	H@1 0.093633	H@3 0.248596	H@5 0.373127	H@10 0.581929
INFO:meta-cli.py:Epoch 66/100	test results	MRR 0.236098	H@1 0.086127	H@3 0.243482	H@5 0.371508	H@10 0.586127
INFO:meta-cli.py:Epoch 67/100	Loss 9.1743 ± 0.0204
INFO:meta-cli.py:Epoch 68/100	Loss 9.1743 ± 0.0206
INFO:meta-cli.py:Epoch 69/100	Loss 9.1743 ± 0.0197
INFO:meta-cli.py:Epoch 69/100	dev results	MRR 0.223584	H@1 0.076311	H@3 0.227996	H@5 0.354401	H@10 0.584738
INFO:meta-cli.py:Epoch 69/100	test results	MRR 0.223019	H@1 0.076350	H@3 0.223929	H@5 0.357076	H@10 0.593110
INFO:meta-cli.py:Epoch 70/100	Loss 9.1743 ± 0.0187
INFO:meta-cli.py:Epoch 71/100	Loss 9.1743 ± 0.0213
INFO:meta-cli.py:Epoch 72/100	Loss 9.1743 ± 0.0213
INFO:meta-cli.py:Epoch 72/100	dev results	MRR 0.248228	H@1 0.104401	H@3 0.253277	H@5 0.369850	H@10 0.581929
INFO:meta-cli.py:Epoch 72/100	test results	MRR 0.238683	H@1 0.088920	H@3 0.254655	H@5 0.368250	H@10 0.581006
INFO:meta-cli.py:Epoch 73/100	Loss 9.1742 ± 0.0197
INFO:meta-cli.py:Epoch 74/100	Loss 9.1743 ± 0.0216
INFO:meta-cli.py:Epoch 75/100	Loss 9.1743 ± 0.0190
INFO:meta-cli.py:Epoch 75/100	dev results	MRR 0.223084	H@1 0.073034	H@3 0.221910	H@5 0.352528	H@10 0.596442
INFO:meta-cli.py:Epoch 75/100	test results	MRR 0.227252	H@1 0.078212	H@3 0.228119	H@5 0.353818	H@10 0.607542
INFO:meta-cli.py:Epoch 76/100	Loss 9.1742 ± 0.0197
INFO:meta-cli.py:Epoch 77/100	Loss 9.1742 ± 0.0173
INFO:meta-cli.py:Epoch 78/100	Loss 9.1742 ± 0.0183
INFO:meta-cli.py:Epoch 78/100	dev results	MRR 0.232233	H@1 0.088951	H@3 0.229401	H@5 0.365637	H@10 0.585674
INFO:meta-cli.py:Epoch 78/100	test results	MRR 0.230744	H@1 0.084730	H@3 0.223929	H@5 0.368250	H@10 0.592179
INFO:meta-cli.py:Epoch 79/100	Loss 9.1742 ± 0.0190
INFO:meta-cli.py:Epoch 80/100	Loss 9.1743 ± 0.0186
INFO:meta-cli.py:Epoch 81/100	Loss 9.1743 ± 0.0187
INFO:meta-cli.py:Epoch 81/100	dev results	MRR 0.218414	H@1 0.068820	H@3 0.218633	H@5 0.363296	H@10 0.592228
INFO:meta-cli.py:Epoch 81/100	test results	MRR 0.227102	H@1 0.080540	H@3 0.225326	H@5 0.373836	H@10 0.587989
INFO:meta-cli.py:Epoch 82/100	Loss 9.1743 ± 0.0193
INFO:meta-cli.py:Epoch 83/100	Loss 9.1743 ± 0.0207
INFO:meta-cli.py:Epoch 84/100	Loss 9.1743 ± 0.0204
INFO:meta-cli.py:Epoch 84/100	dev results	MRR 0.229036	H@1 0.082397	H@3 0.219569	H@5 0.357678	H@10 0.582397
INFO:meta-cli.py:Epoch 84/100	test results	MRR 0.237186	H@1 0.094972	H@3 0.228119	H@5 0.359870	H@10 0.587989
INFO:meta-cli.py:Epoch 85/100	Loss 9.1743 ± 0.0192
INFO:meta-cli.py:Epoch 86/100	Loss 9.1742 ± 0.0205
INFO:meta-cli.py:Epoch 87/100	Loss 9.1742 ± 0.0221
INFO:meta-cli.py:Epoch 87/100	dev results	MRR 0.222589	H@1 0.072097	H@3 0.219101	H@5 0.365637	H@10 0.597378
INFO:meta-cli.py:Epoch 87/100	test results	MRR 0.223450	H@1 0.070764	H@3 0.222998	H@5 0.363594	H@10 0.593575
INFO:meta-cli.py:Epoch 88/100	Loss 9.1743 ± 0.0206
INFO:meta-cli.py:Epoch 89/100	Loss 9.1742 ± 0.0216
INFO:meta-cli.py:Epoch 90/100	Loss 9.1742 ± 0.0198
INFO:meta-cli.py:Epoch 90/100	dev results	MRR 0.219836	H@1 0.066479	H@3 0.216760	H@5 0.375936	H@10 0.590356
INFO:meta-cli.py:Epoch 90/100	test results	MRR 0.225710	H@1 0.070764	H@3 0.225326	H@5 0.386406	H@10 0.587523
INFO:meta-cli.py:Epoch 91/100	Loss 9.1742 ± 0.0197
INFO:meta-cli.py:Epoch 92/100	Loss 9.1743 ± 0.0194
INFO:meta-cli.py:Epoch 93/100	Loss 9.1743 ± 0.0219
INFO:meta-cli.py:Epoch 93/100	dev results	MRR 0.236836	H@1 0.095037	H@3 0.229869	H@5 0.349719	H@10 0.586610
INFO:meta-cli.py:Epoch 93/100	test results	MRR 0.236726	H@1 0.096834	H@3 0.218808	H@5 0.349162	H@10 0.597765
INFO:meta-cli.py:Epoch 94/100	Loss 9.1742 ± 0.0218
INFO:meta-cli.py:Epoch 95/100	Loss 9.1742 ± 0.0205
INFO:meta-cli.py:Epoch 96/100	Loss 9.1742 ± 0.0203
INFO:meta-cli.py:Epoch 96/100	dev results	MRR 0.220283	H@1 0.068352	H@3 0.224719	H@5 0.360487	H@10 0.588951
INFO:meta-cli.py:Epoch 96/100	test results	MRR 0.225938	H@1 0.073557	H@3 0.235102	H@5 0.364060	H@10 0.587989
INFO:meta-cli.py:Epoch 97/100	Loss 9.1742 ± 0.0213
INFO:meta-cli.py:Epoch 98/100	Loss 9.1742 ± 0.0209
INFO:meta-cli.py:Epoch 99/100	Loss 9.1742 ± 0.0201
INFO:meta-cli.py:Epoch 99/100	dev results	MRR 0.258754	H@1 0.126873	H@3 0.241573	H@5 0.357210	H@10 0.588015
INFO:meta-cli.py:Epoch 99/100	test results	MRR 0.253940	H@1 0.119181	H@3 0.238361	H@5 0.357542	H@10 0.593110
INFO:meta-cli.py:Epoch 100/100	Loss 9.1742 ± 0.0202
INFO:meta-cli.py:Final 	dev results	MRR 0.227187	H@1 0.077247	H@3 0.229401	H@5 0.357210	H@10 0.598315
INFO:meta-cli.py:Final 	test results	MRR 0.228131	H@1 0.077281	H@3 0.234171	H@5 0.356611	H@10 0.603818
INFO:meta-cli.py:Training finished
