./bin/meta-cli.py --train data/umls/train.tsv --dev data/umls/dev.tsv --test data/umls/test.tsv -m complex -k 10 -b 100 -e 100 --F2 0 --N3 0.005 -l 0.1 -I reciprocal -V 3 -o adagrad -q
{'F2': 0.0,
 'N3': 0.005,
 'batch_size': 100,
 'dev': 'data/umls/dev.tsv',
 'embedding_size': 10,
 'epochs': 100,
 'eval_batch_size': None,
 'input_type': 'reciprocal',
 'learning_rate': 0.1,
 'load': None,
 'model': 'complex',
 'optimizer': 'adagrad',
 'quiet': True,
 'save': None,
 'seed': 0,
 'test': 'data/umls/test.tsv',
 'test_i': None,
 'test_ii': None,
 'train': 'data/umls/train.tsv',
 'validate_every': 3}
INFO:meta-cli.py:Device: cpu
INFO:meta-cli.py:Model state:
INFO:meta-cli.py:	entities.weight	torch.Size([135, 20])
INFO:meta-cli.py:	predicates.weight	torch.Size([92, 20])
INFO:meta-cli.py:Epoch 1/100	Loss 8.2127 ± 1.1024
INFO:meta-cli.py:Epoch 2/100	Loss 6.4922 ± 0.1825
INFO:meta-cli.py:Epoch 3/100	Loss 6.2071 ± 0.1649
INFO:meta-cli.py:Epoch 3/100	dev results	MRR 0.806392	H@1 0.700153	H@3 0.898773	H@5 0.933282	H@10 0.966258
INFO:meta-cli.py:Epoch 3/100	test results	MRR 0.794019	H@1 0.680787	H@3 0.901664	H@5 0.929652	H@10 0.953858
INFO:meta-cli.py:Epoch 4/100	Loss 6.0843 ± 0.1629
INFO:meta-cli.py:Epoch 5/100	Loss 6.0033 ± 0.1266
INFO:meta-cli.py:Epoch 6/100	Loss 5.9514 ± 0.1368
INFO:meta-cli.py:Epoch 6/100	dev results	MRR 0.852543	H@1 0.760736	H@3 0.937883	H@5 0.956288	H@10 0.977761
INFO:meta-cli.py:Epoch 6/100	test results	MRR 0.839994	H@1 0.739788	H@3 0.931921	H@5 0.955371	H@10 0.971256
INFO:meta-cli.py:Epoch 7/100	Loss 5.9134 ± 0.1472
INFO:meta-cli.py:Epoch 8/100	Loss 5.8843 ± 0.1466
INFO:meta-cli.py:Epoch 9/100	Loss 5.8673 ± 0.1489
INFO:meta-cli.py:Epoch 9/100	dev results	MRR 0.863202	H@1 0.776840	H@3 0.937883	H@5 0.960123	H@10 0.981595
INFO:meta-cli.py:Epoch 9/100	test results	MRR 0.851942	H@1 0.756430	H@3 0.940242	H@5 0.960666	H@10 0.977307
INFO:meta-cli.py:Epoch 10/100	Loss 5.8438 ± 0.1392
INFO:meta-cli.py:Epoch 11/100	Loss 5.8263 ± 0.1407
INFO:meta-cli.py:Epoch 12/100	Loss 5.8136 ± 0.1447
INFO:meta-cli.py:Epoch 12/100	dev results	MRR 0.868441	H@1 0.780675	H@3 0.946319	H@5 0.964724	H@10 0.982362
INFO:meta-cli.py:Epoch 12/100	test results	MRR 0.855582	H@1 0.757943	H@3 0.944024	H@5 0.963691	H@10 0.981846
INFO:meta-cli.py:Epoch 13/100	Loss 5.8040 ± 0.1168
INFO:meta-cli.py:Epoch 14/100	Loss 5.7943 ± 0.1333
INFO:meta-cli.py:Epoch 15/100	Loss 5.7848 ± 0.1227
INFO:meta-cli.py:Epoch 15/100	dev results	MRR 0.872103	H@1 0.785276	H@3 0.950920	H@5 0.966258	H@10 0.983129
INFO:meta-cli.py:Epoch 15/100	test results	MRR 0.859935	H@1 0.762481	H@3 0.947050	H@5 0.966717	H@10 0.984871
INFO:meta-cli.py:Epoch 16/100	Loss 5.7727 ± 0.1357
INFO:meta-cli.py:Epoch 17/100	Loss 5.7708 ± 0.1346
INFO:meta-cli.py:Epoch 18/100	Loss 5.7621 ± 0.1274
INFO:meta-cli.py:Epoch 18/100	dev results	MRR 0.876094	H@1 0.789110	H@3 0.953221	H@5 0.970859	H@10 0.985429
INFO:meta-cli.py:Epoch 18/100	test results	MRR 0.863839	H@1 0.770045	H@3 0.947806	H@5 0.965961	H@10 0.985628
INFO:meta-cli.py:Epoch 19/100	Loss 5.7569 ± 0.1303
INFO:meta-cli.py:Epoch 20/100	Loss 5.7523 ± 0.1339
INFO:meta-cli.py:Epoch 21/100	Loss 5.7480 ± 0.1364
INFO:meta-cli.py:Epoch 21/100	dev results	MRR 0.877141	H@1 0.789877	H@3 0.956288	H@5 0.970859	H@10 0.985429
INFO:meta-cli.py:Epoch 21/100	test results	MRR 0.862513	H@1 0.765507	H@3 0.951589	H@5 0.968230	H@10 0.987141
INFO:meta-cli.py:Epoch 22/100	Loss 5.7382 ± 0.1473
INFO:meta-cli.py:Epoch 23/100	Loss 5.7358 ± 0.1410
INFO:meta-cli.py:Epoch 24/100	Loss 5.7357 ± 0.1388
INFO:meta-cli.py:Epoch 24/100	dev results	MRR 0.879617	H@1 0.794479	H@3 0.957822	H@5 0.973160	H@10 0.986196
INFO:meta-cli.py:Epoch 24/100	test results	MRR 0.863265	H@1 0.765507	H@3 0.951589	H@5 0.970499	H@10 0.987141
INFO:meta-cli.py:Epoch 25/100	Loss 5.7292 ± 0.1365
INFO:meta-cli.py:Epoch 26/100	Loss 5.7262 ± 0.1229
INFO:meta-cli.py:Epoch 27/100	Loss 5.7233 ± 0.1453
INFO:meta-cli.py:Epoch 27/100	dev results	MRR 0.880703	H@1 0.796012	H@3 0.959356	H@5 0.972393	H@10 0.986196
INFO:meta-cli.py:Epoch 27/100	test results	MRR 0.871319	H@1 0.781392	H@3 0.951589	H@5 0.972012	H@10 0.987141
INFO:meta-cli.py:Epoch 28/100	Loss 5.7185 ± 0.1271
INFO:meta-cli.py:Epoch 29/100	Loss 5.7165 ± 0.1323
INFO:meta-cli.py:Epoch 30/100	Loss 5.7151 ± 0.1398
INFO:meta-cli.py:Epoch 30/100	dev results	MRR 0.884134	H@1 0.799847	H@3 0.960890	H@5 0.974693	H@10 0.986963
INFO:meta-cli.py:Epoch 30/100	test results	MRR 0.870280	H@1 0.778366	H@3 0.953858	H@5 0.972769	H@10 0.987897
INFO:meta-cli.py:Epoch 31/100	Loss 5.7125 ± 0.1185
INFO:meta-cli.py:Epoch 32/100	Loss 5.7090 ± 0.1376
INFO:meta-cli.py:Epoch 33/100	Loss 5.7060 ± 0.1242
INFO:meta-cli.py:Epoch 33/100	dev results	MRR 0.883275	H@1 0.798313	H@3 0.960890	H@5 0.973926	H@10 0.988497
INFO:meta-cli.py:Epoch 33/100	test results	MRR 0.871545	H@1 0.778366	H@3 0.956884	H@5 0.972769	H@10 0.987897
INFO:meta-cli.py:Epoch 34/100	Loss 5.7026 ± 0.1174
INFO:meta-cli.py:Epoch 35/100	Loss 5.7030 ± 0.1391
INFO:meta-cli.py:Epoch 36/100	Loss 5.6999 ± 0.1104
INFO:meta-cli.py:Epoch 36/100	dev results	MRR 0.883101	H@1 0.798313	H@3 0.957822	H@5 0.975460	H@10 0.988497
INFO:meta-cli.py:Epoch 36/100	test results	MRR 0.870410	H@1 0.778366	H@3 0.954614	H@5 0.971256	H@10 0.987141
INFO:meta-cli.py:Epoch 37/100	Loss 5.6999 ± 0.1306
INFO:meta-cli.py:Epoch 38/100	Loss 5.6946 ± 0.1342
INFO:meta-cli.py:Epoch 39/100	Loss 5.6951 ± 0.1216
INFO:meta-cli.py:Epoch 39/100	dev results	MRR 0.882266	H@1 0.796012	H@3 0.959356	H@5 0.976227	H@10 0.988497
INFO:meta-cli.py:Epoch 39/100	test results	MRR 0.873921	H@1 0.784418	H@3 0.955371	H@5 0.972769	H@10 0.987897
INFO:meta-cli.py:Epoch 40/100	Loss 5.6942 ± 0.1336
INFO:meta-cli.py:Epoch 41/100	Loss 5.6901 ± 0.1281
INFO:meta-cli.py:Epoch 42/100	Loss 5.6884 ± 0.1151
INFO:meta-cli.py:Epoch 42/100	dev results	MRR 0.882112	H@1 0.796012	H@3 0.955521	H@5 0.975460	H@10 0.989264
INFO:meta-cli.py:Epoch 42/100	test results	MRR 0.868235	H@1 0.773071	H@3 0.957640	H@5 0.974281	H@10 0.988654
INFO:meta-cli.py:Epoch 43/100	Loss 5.6873 ± 0.1091
INFO:meta-cli.py:Epoch 44/100	Loss 5.6841 ± 0.1213
INFO:meta-cli.py:Epoch 45/100	Loss 5.6832 ± 0.1232
INFO:meta-cli.py:Epoch 45/100	dev results	MRR 0.882116	H@1 0.795245	H@3 0.957822	H@5 0.976227	H@10 0.989264
INFO:meta-cli.py:Epoch 45/100	test results	MRR 0.869754	H@1 0.775340	H@3 0.958396	H@5 0.975038	H@10 0.987897
INFO:meta-cli.py:Epoch 46/100	Loss 5.6820 ± 0.1197
INFO:meta-cli.py:Epoch 47/100	Loss 5.6860 ± 0.1433
INFO:meta-cli.py:Epoch 48/100	Loss 5.6790 ± 0.1275
INFO:meta-cli.py:Epoch 48/100	dev results	MRR 0.876288	H@1 0.782975	H@3 0.960890	H@5 0.976994	H@10 0.990031
INFO:meta-cli.py:Epoch 48/100	test results	MRR 0.866245	H@1 0.767020	H@3 0.961422	H@5 0.975038	H@10 0.987897
INFO:meta-cli.py:Epoch 49/100	Loss 5.6810 ± 0.1251
INFO:meta-cli.py:Epoch 50/100	Loss 5.6771 ± 0.1086
INFO:meta-cli.py:Epoch 51/100	Loss 5.6799 ± 0.1401
INFO:meta-cli.py:Epoch 51/100	dev results	MRR 0.881054	H@1 0.792178	H@3 0.961656	H@5 0.976994	H@10 0.990031
INFO:meta-cli.py:Epoch 51/100	test results	MRR 0.870836	H@1 0.776853	H@3 0.959909	H@5 0.976551	H@10 0.987897
INFO:meta-cli.py:Epoch 52/100	Loss 5.6742 ± 0.1236
INFO:meta-cli.py:Epoch 53/100	Loss 5.6736 ± 0.1397
INFO:meta-cli.py:Epoch 54/100	Loss 5.6745 ± 0.1429
INFO:meta-cli.py:Epoch 54/100	dev results	MRR 0.880631	H@1 0.791411	H@3 0.960123	H@5 0.976994	H@10 0.990031
INFO:meta-cli.py:Epoch 54/100	test results	MRR 0.870159	H@1 0.774584	H@3 0.960666	H@5 0.977307	H@10 0.990166
INFO:meta-cli.py:Epoch 55/100	Loss 5.6734 ± 0.1342
INFO:meta-cli.py:Epoch 56/100	Loss 5.6714 ± 0.1178
INFO:meta-cli.py:Epoch 57/100	Loss 5.6706 ± 0.1260
INFO:meta-cli.py:Epoch 57/100	dev results	MRR 0.881747	H@1 0.793712	H@3 0.960890	H@5 0.977761	H@10 0.990031
INFO:meta-cli.py:Epoch 57/100	test results	MRR 0.870432	H@1 0.774584	H@3 0.962179	H@5 0.978820	H@10 0.990166
INFO:meta-cli.py:Epoch 58/100	Loss 5.6694 ± 0.1181
INFO:meta-cli.py:Epoch 59/100	Loss 5.6683 ± 0.1299
INFO:meta-cli.py:Epoch 60/100	Loss 5.6679 ± 0.1155
INFO:meta-cli.py:Epoch 60/100	dev results	MRR 0.877584	H@1 0.784509	H@3 0.962423	H@5 0.976227	H@10 0.989264
INFO:meta-cli.py:Epoch 60/100	test results	MRR 0.870619	H@1 0.773828	H@3 0.962935	H@5 0.978820	H@10 0.990166
INFO:meta-cli.py:Epoch 61/100	Loss 5.6677 ± 0.1248
INFO:meta-cli.py:Epoch 62/100	Loss 5.6668 ± 0.1271
INFO:meta-cli.py:Epoch 63/100	Loss 5.6684 ± 0.1361
INFO:meta-cli.py:Epoch 63/100	dev results	MRR 0.879070	H@1 0.787577	H@3 0.963190	H@5 0.976994	H@10 0.990798
INFO:meta-cli.py:Epoch 63/100	test results	MRR 0.869856	H@1 0.773071	H@3 0.962179	H@5 0.978820	H@10 0.990166
INFO:meta-cli.py:Epoch 64/100	Loss 5.6659 ± 0.1216
INFO:meta-cli.py:Epoch 65/100	Loss 5.6645 ± 0.1155
INFO:meta-cli.py:Epoch 66/100	Loss 5.6621 ± 0.1397
INFO:meta-cli.py:Epoch 66/100	dev results	MRR 0.881939	H@1 0.792945	H@3 0.963190	H@5 0.976994	H@10 0.990031
INFO:meta-cli.py:Epoch 66/100	test results	MRR 0.871403	H@1 0.775340	H@3 0.962935	H@5 0.978820	H@10 0.990166
INFO:meta-cli.py:Epoch 67/100	Loss 5.6605 ± 0.1306
INFO:meta-cli.py:Epoch 68/100	Loss 5.6624 ± 0.1385
INFO:meta-cli.py:Epoch 69/100	Loss 5.6617 ± 0.1219
INFO:meta-cli.py:Epoch 69/100	dev results	MRR 0.879632	H@1 0.789110	H@3 0.961656	H@5 0.976227	H@10 0.989264
INFO:meta-cli.py:Epoch 69/100	test results	MRR 0.870419	H@1 0.773071	H@3 0.963691	H@5 0.978820	H@10 0.990166
INFO:meta-cli.py:Epoch 70/100	Loss 5.6599 ± 0.1209
INFO:meta-cli.py:Epoch 71/100	Loss 5.6613 ± 0.1365
INFO:meta-cli.py:Epoch 72/100	Loss 5.6582 ± 0.1113
INFO:meta-cli.py:Epoch 72/100	dev results	MRR 0.875980	H@1 0.781442	H@3 0.961656	H@5 0.976227	H@10 0.990798
INFO:meta-cli.py:Epoch 72/100	test results	MRR 0.867734	H@1 0.767776	H@3 0.964448	H@5 0.978820	H@10 0.990166
INFO:meta-cli.py:Epoch 73/100	Loss 5.6584 ± 0.1367
INFO:meta-cli.py:Epoch 74/100	Loss 5.6577 ± 0.1166
INFO:meta-cli.py:Epoch 75/100	Loss 5.6576 ± 0.1260
INFO:meta-cli.py:Epoch 75/100	dev results	MRR 0.877210	H@1 0.783742	H@3 0.962423	H@5 0.976227	H@10 0.991564
INFO:meta-cli.py:Epoch 75/100	test results	MRR 0.869646	H@1 0.770802	H@3 0.964448	H@5 0.979576	H@10 0.990166
INFO:meta-cli.py:Epoch 76/100	Loss 5.6571 ± 0.1229
INFO:meta-cli.py:Epoch 77/100	Loss 5.6548 ± 0.1370
INFO:meta-cli.py:Epoch 78/100	Loss 5.6536 ± 0.1302
INFO:meta-cli.py:Epoch 78/100	dev results	MRR 0.880678	H@1 0.790644	H@3 0.962423	H@5 0.976994	H@10 0.991564
INFO:meta-cli.py:Epoch 78/100	test results	MRR 0.870333	H@1 0.773071	H@3 0.963691	H@5 0.978820	H@10 0.990923
INFO:meta-cli.py:Epoch 79/100	Loss 5.6544 ± 0.1415
INFO:meta-cli.py:Epoch 80/100	Loss 5.6540 ± 0.1248
INFO:meta-cli.py:Epoch 81/100	Loss 5.6529 ± 0.1254
INFO:meta-cli.py:Epoch 81/100	dev results	MRR 0.875882	H@1 0.781442	H@3 0.961656	H@5 0.976227	H@10 0.991564
INFO:meta-cli.py:Epoch 81/100	test results	MRR 0.869851	H@1 0.770045	H@3 0.965961	H@5 0.979576	H@10 0.990923
INFO:meta-cli.py:Epoch 82/100	Loss 5.6523 ± 0.1274
INFO:meta-cli.py:Epoch 83/100	Loss 5.6513 ± 0.1163
INFO:meta-cli.py:Epoch 84/100	Loss 5.6505 ± 0.1232
INFO:meta-cli.py:Epoch 84/100	dev results	MRR 0.876326	H@1 0.782209	H@3 0.962423	H@5 0.976994	H@10 0.991564
INFO:meta-cli.py:Epoch 84/100	test results	MRR 0.868333	H@1 0.768533	H@3 0.964448	H@5 0.979576	H@10 0.990923
INFO:meta-cli.py:Epoch 85/100	Loss 5.6512 ± 0.1315
INFO:meta-cli.py:Epoch 86/100	Loss 5.6537 ± 0.1277
INFO:meta-cli.py:Epoch 87/100	Loss 5.6486 ± 0.1364
INFO:meta-cli.py:Epoch 87/100	dev results	MRR 0.877969	H@1 0.785276	H@3 0.963190	H@5 0.976994	H@10 0.991564
INFO:meta-cli.py:Epoch 87/100	test results	MRR 0.867081	H@1 0.766263	H@3 0.963691	H@5 0.978820	H@10 0.990166
INFO:meta-cli.py:Epoch 88/100	Loss 5.6504 ± 0.1281
INFO:meta-cli.py:Epoch 89/100	Loss 5.6504 ± 0.1184
INFO:meta-cli.py:Epoch 90/100	Loss 5.6492 ± 0.1232
INFO:meta-cli.py:Epoch 90/100	dev results	MRR 0.877000	H@1 0.782975	H@3 0.963190	H@5 0.976227	H@10 0.991564
INFO:meta-cli.py:Epoch 90/100	test results	MRR 0.867467	H@1 0.767020	H@3 0.963691	H@5 0.979576	H@10 0.990166
INFO:meta-cli.py:Epoch 91/100	Loss 5.6486 ± 0.1196
INFO:meta-cli.py:Epoch 92/100	Loss 5.6474 ± 0.1261
INFO:meta-cli.py:Epoch 93/100	Loss 5.6483 ± 0.1213
INFO:meta-cli.py:Epoch 93/100	dev results	MRR 0.876673	H@1 0.782209	H@3 0.963190	H@5 0.976994	H@10 0.991564
INFO:meta-cli.py:Epoch 93/100	test results	MRR 0.867287	H@1 0.766263	H@3 0.965961	H@5 0.978820	H@10 0.990166
INFO:meta-cli.py:Epoch 94/100	Loss 5.6484 ± 0.1446
INFO:meta-cli.py:Epoch 95/100	Loss 5.6466 ± 0.1274
INFO:meta-cli.py:Epoch 96/100	Loss 5.6460 ± 0.1216
INFO:meta-cli.py:Epoch 96/100	dev results	MRR 0.879901	H@1 0.788344	H@3 0.963190	H@5 0.976994	H@10 0.991564
INFO:meta-cli.py:Epoch 96/100	test results	MRR 0.870634	H@1 0.773071	H@3 0.963691	H@5 0.979576	H@10 0.989410
INFO:meta-cli.py:Epoch 97/100	Loss 5.6448 ± 0.1129
INFO:meta-cli.py:Epoch 98/100	Loss 5.6430 ± 0.1334
INFO:meta-cli.py:Epoch 99/100	Loss 5.6477 ± 0.1145
INFO:meta-cli.py:Epoch 99/100	dev results	MRR 0.877177	H@1 0.782975	H@3 0.963190	H@5 0.976227	H@10 0.991564
INFO:meta-cli.py:Epoch 99/100	test results	MRR 0.869029	H@1 0.770045	H@3 0.964448	H@5 0.980333	H@10 0.990166
INFO:meta-cli.py:Epoch 100/100	Loss 5.6452 ± 0.1286
INFO:meta-cli.py:Final 	dev results	MRR 0.878012	H@1 0.784509	H@3 0.963957	H@5 0.976227	H@10 0.991564
INFO:meta-cli.py:Final 	test results	MRR 0.868804	H@1 0.770045	H@3 0.963691	H@5 0.980333	H@10 0.990166
INFO:meta-cli.py:Training finished
