./bin/meta-cli.py --train data/umls/train.tsv --dev data/umls/dev.tsv --test data/umls/test.tsv -m complex -k 50 -b 100 -e 100 --F2 0 --N3 0.1 -l 0.1 -I reciprocal -V 3 -o adagrad -q
{'F2': 0.0,
 'N3': 0.1,
 'batch_size': 100,
 'dev': 'data/umls/dev.tsv',
 'embedding_size': 50,
 'epochs': 100,
 'eval_batch_size': None,
 'input_type': 'reciprocal',
 'learning_rate': 0.1,
 'load': None,
 'model': 'complex',
 'optimizer': 'adagrad',
 'quiet': True,
 'save': None,
 'seed': 0,
 'test': 'data/umls/test.tsv',
 'test_i': None,
 'test_ii': None,
 'train': 'data/umls/train.tsv',
 'validate_every': 3}
INFO:meta-cli.py:Device: cpu
INFO:meta-cli.py:Model state:
INFO:meta-cli.py:	entities.weight	torch.Size([135, 100])
INFO:meta-cli.py:	predicates.weight	torch.Size([92, 100])
INFO:meta-cli.py:Epoch 1/100	Loss 8.7487 ± 0.6647
INFO:meta-cli.py:Epoch 2/100	Loss 7.9927 ± 0.1202
INFO:meta-cli.py:Epoch 3/100	Loss 7.8958 ± 0.1151
INFO:meta-cli.py:Epoch 3/100	dev results	MRR 0.856485	H@1 0.765337	H@3 0.935583	H@5 0.954755	H@10 0.979294
INFO:meta-cli.py:Epoch 3/100	test results	MRR 0.843145	H@1 0.748109	H@3 0.929652	H@5 0.953858	H@10 0.975038
INFO:meta-cli.py:Epoch 4/100	Loss 7.8569 ± 0.1172
INFO:meta-cli.py:Epoch 5/100	Loss 7.8321 ± 0.1045
INFO:meta-cli.py:Epoch 6/100	Loss 7.8134 ± 0.1082
INFO:meta-cli.py:Epoch 6/100	dev results	MRR 0.874808	H@1 0.791411	H@3 0.951687	H@5 0.967025	H@10 0.983896
INFO:meta-cli.py:Epoch 6/100	test results	MRR 0.865308	H@1 0.770045	H@3 0.957640	H@5 0.971256	H@10 0.983359
INFO:meta-cli.py:Epoch 7/100	Loss 7.8030 ± 0.1253
INFO:meta-cli.py:Epoch 8/100	Loss 7.7923 ± 0.1179
INFO:meta-cli.py:Epoch 9/100	Loss 7.7883 ± 0.1184
INFO:meta-cli.py:Epoch 9/100	dev results	MRR 0.877278	H@1 0.796012	H@3 0.947086	H@5 0.967025	H@10 0.986196
INFO:meta-cli.py:Epoch 9/100	test results	MRR 0.867986	H@1 0.777610	H@3 0.953101	H@5 0.972012	H@10 0.987897
INFO:meta-cli.py:Epoch 10/100	Loss 7.7791 ± 0.1252
INFO:meta-cli.py:Epoch 11/100	Loss 7.7717 ± 0.1122
INFO:meta-cli.py:Epoch 12/100	Loss 7.7681 ± 0.1227
INFO:meta-cli.py:Epoch 12/100	dev results	MRR 0.883738	H@1 0.804448	H@3 0.955521	H@5 0.966258	H@10 0.986963
INFO:meta-cli.py:Epoch 12/100	test results	MRR 0.878075	H@1 0.789713	H@3 0.962935	H@5 0.976551	H@10 0.987897
INFO:meta-cli.py:Epoch 13/100	Loss 7.7648 ± 0.0979
INFO:meta-cli.py:Epoch 14/100	Loss 7.7617 ± 0.1129
INFO:meta-cli.py:Epoch 15/100	Loss 7.7584 ± 0.1005
INFO:meta-cli.py:Epoch 15/100	dev results	MRR 0.880635	H@1 0.798313	H@3 0.955521	H@5 0.969325	H@10 0.986963
INFO:meta-cli.py:Epoch 15/100	test results	MRR 0.878792	H@1 0.790469	H@3 0.963691	H@5 0.978820	H@10 0.987897
INFO:meta-cli.py:Epoch 16/100	Loss 7.7521 ± 0.1129
INFO:meta-cli.py:Epoch 17/100	Loss 7.7550 ± 0.1107
INFO:meta-cli.py:Epoch 18/100	Loss 7.7496 ± 0.1114
INFO:meta-cli.py:Epoch 18/100	dev results	MRR 0.885547	H@1 0.808282	H@3 0.954755	H@5 0.966258	H@10 0.987730
INFO:meta-cli.py:Epoch 18/100	test results	MRR 0.879992	H@1 0.793495	H@3 0.961422	H@5 0.978820	H@10 0.988654
INFO:meta-cli.py:Epoch 19/100	Loss 7.7476 ± 0.1125
INFO:meta-cli.py:Epoch 20/100	Loss 7.7468 ± 0.1056
INFO:meta-cli.py:Epoch 21/100	Loss 7.7472 ± 0.1084
INFO:meta-cli.py:Epoch 21/100	dev results	MRR 0.882297	H@1 0.801380	H@3 0.954755	H@5 0.967025	H@10 0.987730
INFO:meta-cli.py:Epoch 21/100	test results	MRR 0.882291	H@1 0.797277	H@3 0.964448	H@5 0.980333	H@10 0.988654
INFO:meta-cli.py:Epoch 22/100	Loss 7.7414 ± 0.1211
INFO:meta-cli.py:Epoch 23/100	Loss 7.7416 ± 0.1205
INFO:meta-cli.py:Epoch 24/100	Loss 7.7417 ± 0.1160
INFO:meta-cli.py:Epoch 24/100	dev results	MRR 0.885148	H@1 0.806748	H@3 0.954755	H@5 0.970092	H@10 0.987730
INFO:meta-cli.py:Epoch 24/100	test results	MRR 0.881229	H@1 0.794251	H@3 0.964448	H@5 0.981089	H@10 0.988654
INFO:meta-cli.py:Epoch 25/100	Loss 7.7382 ± 0.1099
INFO:meta-cli.py:Epoch 26/100	Loss 7.7373 ± 0.1123
INFO:meta-cli.py:Epoch 27/100	Loss 7.7375 ± 0.1125
INFO:meta-cli.py:Epoch 27/100	dev results	MRR 0.885268	H@1 0.805982	H@3 0.956288	H@5 0.972393	H@10 0.987730
INFO:meta-cli.py:Epoch 27/100	test results	MRR 0.883476	H@1 0.798033	H@3 0.962179	H@5 0.982602	H@10 0.988654
INFO:meta-cli.py:Epoch 28/100	Loss 7.7336 ± 0.1036
INFO:meta-cli.py:Epoch 29/100	Loss 7.7359 ± 0.1295
INFO:meta-cli.py:Epoch 30/100	Loss 7.7334 ± 0.1218
INFO:meta-cli.py:Epoch 30/100	dev results	MRR 0.886026	H@1 0.808282	H@3 0.953988	H@5 0.973160	H@10 0.987730
INFO:meta-cli.py:Epoch 30/100	test results	MRR 0.883724	H@1 0.797277	H@3 0.965204	H@5 0.984115	H@10 0.988654
INFO:meta-cli.py:Epoch 31/100	Loss 7.7328 ± 0.1108
INFO:meta-cli.py:Epoch 32/100	Loss 7.7309 ± 0.1168
INFO:meta-cli.py:Epoch 33/100	Loss 7.7286 ± 0.1135
INFO:meta-cli.py:Epoch 33/100	dev results	MRR 0.884669	H@1 0.804448	H@3 0.956288	H@5 0.971626	H@10 0.987730
INFO:meta-cli.py:Epoch 33/100	test results	MRR 0.880700	H@1 0.791225	H@3 0.966717	H@5 0.981846	H@10 0.988654
INFO:meta-cli.py:Epoch 34/100	Loss 7.7281 ± 0.1061
INFO:meta-cli.py:Epoch 35/100	Loss 7.7283 ± 0.1168
INFO:meta-cli.py:Epoch 36/100	Loss 7.7285 ± 0.1063
INFO:meta-cli.py:Epoch 36/100	dev results	MRR 0.887331	H@1 0.809049	H@3 0.953988	H@5 0.973926	H@10 0.987730
INFO:meta-cli.py:Epoch 36/100	test results	MRR 0.883840	H@1 0.797277	H@3 0.965961	H@5 0.982602	H@10 0.988654
INFO:meta-cli.py:Epoch 37/100	Loss 7.7281 ± 0.1224
INFO:meta-cli.py:Epoch 38/100	Loss 7.7242 ± 0.1051
INFO:meta-cli.py:Epoch 39/100	Loss 7.7268 ± 0.1170
INFO:meta-cli.py:Epoch 39/100	dev results	MRR 0.886327	H@1 0.807515	H@3 0.955521	H@5 0.973160	H@10 0.986963
INFO:meta-cli.py:Epoch 39/100	test results	MRR 0.882245	H@1 0.794251	H@3 0.963691	H@5 0.984115	H@10 0.988654
INFO:meta-cli.py:Epoch 40/100	Loss 7.7254 ± 0.1165
INFO:meta-cli.py:Epoch 41/100	Loss 7.7239 ± 0.1085
INFO:meta-cli.py:Epoch 42/100	Loss 7.7240 ± 0.1000
INFO:meta-cli.py:Epoch 42/100	dev results	MRR 0.885225	H@1 0.805982	H@3 0.954755	H@5 0.972393	H@10 0.986963
INFO:meta-cli.py:Epoch 42/100	test results	MRR 0.882593	H@1 0.795008	H@3 0.965961	H@5 0.981846	H@10 0.988654
INFO:meta-cli.py:Epoch 43/100	Loss 7.7219 ± 0.1025
INFO:meta-cli.py:Epoch 44/100	Loss 7.7205 ± 0.1054
INFO:meta-cli.py:Epoch 45/100	Loss 7.7213 ± 0.1071
INFO:meta-cli.py:Epoch 45/100	dev results	MRR 0.887226	H@1 0.808282	H@3 0.956288	H@5 0.973926	H@10 0.986963
INFO:meta-cli.py:Epoch 45/100	test results	MRR 0.881105	H@1 0.792738	H@3 0.964448	H@5 0.983359	H@10 0.988654
INFO:meta-cli.py:Epoch 46/100	Loss 7.7220 ± 0.1044
INFO:meta-cli.py:Epoch 47/100	Loss 7.7242 ± 0.1189
INFO:meta-cli.py:Epoch 48/100	Loss 7.7190 ± 0.1172
INFO:meta-cli.py:Epoch 48/100	dev results	MRR 0.884686	H@1 0.802914	H@3 0.958589	H@5 0.973160	H@10 0.986963
INFO:meta-cli.py:Epoch 48/100	test results	MRR 0.880233	H@1 0.789713	H@3 0.964448	H@5 0.982602	H@10 0.988654
INFO:meta-cli.py:Epoch 49/100	Loss 7.7212 ± 0.0999
INFO:meta-cli.py:Epoch 50/100	Loss 7.7175 ± 0.1006
INFO:meta-cli.py:Epoch 51/100	Loss 7.7200 ± 0.1273
INFO:meta-cli.py:Epoch 51/100	dev results	MRR 0.886332	H@1 0.806748	H@3 0.958589	H@5 0.975460	H@10 0.986963
INFO:meta-cli.py:Epoch 51/100	test results	MRR 0.880589	H@1 0.790469	H@3 0.967474	H@5 0.984115	H@10 0.988654
INFO:meta-cli.py:Epoch 52/100	Loss 7.7166 ± 0.1036
INFO:meta-cli.py:Epoch 53/100	Loss 7.7178 ± 0.1126
INFO:meta-cli.py:Epoch 54/100	Loss 7.7178 ± 0.1210
INFO:meta-cli.py:Epoch 54/100	dev results	MRR 0.885954	H@1 0.805215	H@3 0.957055	H@5 0.973926	H@10 0.987730
INFO:meta-cli.py:Epoch 54/100	test results	MRR 0.881435	H@1 0.792738	H@3 0.965204	H@5 0.982602	H@10 0.988654
INFO:meta-cli.py:Epoch 55/100	Loss 7.7166 ± 0.1060
INFO:meta-cli.py:Epoch 56/100	Loss 7.7165 ± 0.1102
INFO:meta-cli.py:Epoch 57/100	Loss 7.7163 ± 0.1041
INFO:meta-cli.py:Epoch 57/100	dev results	MRR 0.887851	H@1 0.809049	H@3 0.958589	H@5 0.974693	H@10 0.987730
INFO:meta-cli.py:Epoch 57/100	test results	MRR 0.881852	H@1 0.793495	H@3 0.964448	H@5 0.981846	H@10 0.988654
INFO:meta-cli.py:Epoch 58/100	Loss 7.7152 ± 0.1056
INFO:meta-cli.py:Epoch 59/100	Loss 7.7152 ± 0.1165
INFO:meta-cli.py:Epoch 60/100	Loss 7.7154 ± 0.1000
INFO:meta-cli.py:Epoch 60/100	dev results	MRR 0.886221	H@1 0.806748	H@3 0.957055	H@5 0.973926	H@10 0.987730
INFO:meta-cli.py:Epoch 60/100	test results	MRR 0.883679	H@1 0.798033	H@3 0.964448	H@5 0.982602	H@10 0.988654
INFO:meta-cli.py:Epoch 61/100	Loss 7.7149 ± 0.1158
INFO:meta-cli.py:Epoch 62/100	Loss 7.7141 ± 0.1129
INFO:meta-cli.py:Epoch 63/100	Loss 7.7145 ± 0.1129
INFO:meta-cli.py:Epoch 63/100	dev results	MRR 0.888563	H@1 0.809816	H@3 0.958589	H@5 0.975460	H@10 0.986963
INFO:meta-cli.py:Epoch 63/100	test results	MRR 0.881977	H@1 0.795008	H@3 0.962935	H@5 0.983359	H@10 0.988654
INFO:meta-cli.py:Epoch 64/100	Loss 7.7144 ± 0.1096
INFO:meta-cli.py:Epoch 65/100	Loss 7.7142 ± 0.1129
INFO:meta-cli.py:Epoch 66/100	Loss 7.7136 ± 0.1164
INFO:meta-cli.py:Epoch 66/100	dev results	MRR 0.888599	H@1 0.810583	H@3 0.955521	H@5 0.975460	H@10 0.988497
INFO:meta-cli.py:Epoch 66/100	test results	MRR 0.884320	H@1 0.798790	H@3 0.965204	H@5 0.983359	H@10 0.989410
INFO:meta-cli.py:Epoch 67/100	Loss 7.7115 ± 0.1038
INFO:meta-cli.py:Epoch 68/100	Loss 7.7135 ± 0.1212
INFO:meta-cli.py:Epoch 69/100	Loss 7.7126 ± 0.1025
INFO:meta-cli.py:Epoch 69/100	dev results	MRR 0.888834	H@1 0.809816	H@3 0.958589	H@5 0.974693	H@10 0.989264
INFO:meta-cli.py:Epoch 69/100	test results	MRR 0.882955	H@1 0.796520	H@3 0.963691	H@5 0.983359	H@10 0.988654
INFO:meta-cli.py:Epoch 70/100	Loss 7.7113 ± 0.1011
INFO:meta-cli.py:Epoch 71/100	Loss 7.7122 ± 0.1164
INFO:meta-cli.py:Epoch 72/100	Loss 7.7112 ± 0.0954
INFO:meta-cli.py:Epoch 72/100	dev results	MRR 0.885737	H@1 0.805215	H@3 0.957055	H@5 0.973926	H@10 0.987730
INFO:meta-cli.py:Epoch 72/100	test results	MRR 0.882564	H@1 0.795764	H@3 0.965204	H@5 0.982602	H@10 0.988654
INFO:meta-cli.py:Epoch 73/100	Loss 7.7096 ± 0.1078
INFO:meta-cli.py:Epoch 74/100	Loss 7.7109 ± 0.0979
INFO:meta-cli.py:Epoch 75/100	Loss 7.7111 ± 0.1011
INFO:meta-cli.py:Epoch 75/100	dev results	MRR 0.886937	H@1 0.806748	H@3 0.957822	H@5 0.974693	H@10 0.988497
INFO:meta-cli.py:Epoch 75/100	test results	MRR 0.882955	H@1 0.796520	H@3 0.966717	H@5 0.982602	H@10 0.988654
INFO:meta-cli.py:Epoch 76/100	Loss 7.7095 ± 0.1080
INFO:meta-cli.py:Epoch 77/100	Loss 7.7084 ± 0.1147
INFO:meta-cli.py:Epoch 78/100	Loss 7.7078 ± 0.1207
INFO:meta-cli.py:Epoch 78/100	dev results	MRR 0.887517	H@1 0.807515	H@3 0.958589	H@5 0.974693	H@10 0.988497
INFO:meta-cli.py:Epoch 78/100	test results	MRR 0.882971	H@1 0.796520	H@3 0.966717	H@5 0.982602	H@10 0.988654
INFO:meta-cli.py:Epoch 79/100	Loss 7.7080 ± 0.1112
INFO:meta-cli.py:Epoch 80/100	Loss 7.7092 ± 0.1159
INFO:meta-cli.py:Epoch 81/100	Loss 7.7068 ± 0.1074
INFO:meta-cli.py:Epoch 81/100	dev results	MRR 0.887382	H@1 0.807515	H@3 0.960123	H@5 0.974693	H@10 0.986963
INFO:meta-cli.py:Epoch 81/100	test results	MRR 0.882731	H@1 0.795764	H@3 0.966717	H@5 0.984115	H@10 0.988654
INFO:meta-cli.py:Epoch 82/100	Loss 7.7064 ± 0.1062
INFO:meta-cli.py:Epoch 83/100	Loss 7.7066 ± 0.1030
INFO:meta-cli.py:Epoch 84/100	Loss 7.7063 ± 0.0997
INFO:meta-cli.py:Epoch 84/100	dev results	MRR 0.888824	H@1 0.809816	H@3 0.960890	H@5 0.974693	H@10 0.988497
INFO:meta-cli.py:Epoch 84/100	test results	MRR 0.883130	H@1 0.798033	H@3 0.963691	H@5 0.982602	H@10 0.988654
INFO:meta-cli.py:Epoch 85/100	Loss 7.7066 ± 0.1053
INFO:meta-cli.py:Epoch 86/100	Loss 7.7081 ± 0.1135
INFO:meta-cli.py:Epoch 87/100	Loss 7.7047 ± 0.1131
INFO:meta-cli.py:Epoch 87/100	dev results	MRR 0.889609	H@1 0.810583	H@3 0.960890	H@5 0.975460	H@10 0.988497
INFO:meta-cli.py:Epoch 87/100	test results	MRR 0.883226	H@1 0.796520	H@3 0.967474	H@5 0.982602	H@10 0.988654
INFO:meta-cli.py:Epoch 88/100	Loss 7.7075 ± 0.1021
INFO:meta-cli.py:Epoch 89/100	Loss 7.7076 ± 0.1011
INFO:meta-cli.py:Epoch 90/100	Loss 7.7055 ± 0.1049
INFO:meta-cli.py:Epoch 90/100	dev results	MRR 0.890121	H@1 0.812883	H@3 0.957822	H@5 0.976227	H@10 0.987730
INFO:meta-cli.py:Epoch 90/100	test results	MRR 0.883876	H@1 0.798790	H@3 0.965204	H@5 0.982602	H@10 0.988654
INFO:meta-cli.py:Epoch 91/100	Loss 7.7058 ± 0.1030
INFO:meta-cli.py:Epoch 92/100	Loss 7.7048 ± 0.1058
INFO:meta-cli.py:Epoch 93/100	Loss 7.7056 ± 0.0955
INFO:meta-cli.py:Epoch 93/100	dev results	MRR 0.888140	H@1 0.809049	H@3 0.957055	H@5 0.975460	H@10 0.987730
INFO:meta-cli.py:Epoch 93/100	test results	MRR 0.883591	H@1 0.798790	H@3 0.965204	H@5 0.982602	H@10 0.988654
INFO:meta-cli.py:Epoch 94/100	Loss 7.7058 ± 0.1127
INFO:meta-cli.py:Epoch 95/100	Loss 7.7063 ± 0.1053
INFO:meta-cli.py:Epoch 96/100	Loss 7.7048 ± 0.1077
INFO:meta-cli.py:Epoch 96/100	dev results	MRR 0.888422	H@1 0.809049	H@3 0.958589	H@5 0.974693	H@10 0.988497
INFO:meta-cli.py:Epoch 96/100	test results	MRR 0.883285	H@1 0.798033	H@3 0.965204	H@5 0.982602	H@10 0.988654
INFO:meta-cli.py:Epoch 97/100	Loss 7.7035 ± 0.0975
INFO:meta-cli.py:Epoch 98/100	Loss 7.7037 ± 0.1156
INFO:meta-cli.py:Epoch 99/100	Loss 7.7057 ± 0.0958
INFO:meta-cli.py:Epoch 99/100	dev results	MRR 0.887919	H@1 0.808282	H@3 0.959356	H@5 0.974693	H@10 0.986963
INFO:meta-cli.py:Epoch 99/100	test results	MRR 0.882215	H@1 0.795764	H@3 0.966717	H@5 0.983359	H@10 0.988654
INFO:meta-cli.py:Epoch 100/100	Loss 7.7041 ± 0.1113
INFO:meta-cli.py:Final 	dev results	MRR 0.889745	H@1 0.812117	H@3 0.958589	H@5 0.974693	H@10 0.987730
INFO:meta-cli.py:Final 	test results	MRR 0.884804	H@1 0.800303	H@3 0.966717	H@5 0.982602	H@10 0.988654
INFO:meta-cli.py:Training finished
