./bin/meta-cli.py --train data/kinship/train.tsv --dev data/kinship/dev.tsv --test data/kinship/test.tsv -m complex -k 10 -b 100 -e 100 --F2 0 --N3 0.05 -l 0.1 -I reciprocal -V 3 -o adagrad -q
{'F2': 0.0,
 'N3': 0.05,
 'batch_size': 100,
 'dev': 'data/kinship/dev.tsv',
 'embedding_size': 10,
 'epochs': 100,
 'eval_batch_size': None,
 'input_type': 'reciprocal',
 'learning_rate': 0.1,
 'load': None,
 'model': 'complex',
 'optimizer': 'adagrad',
 'quiet': True,
 'save': None,
 'seed': 0,
 'test': 'data/kinship/test.tsv',
 'test_i': None,
 'test_ii': None,
 'train': 'data/kinship/train.tsv',
 'validate_every': 3}
INFO:meta-cli.py:Device: cpu
INFO:meta-cli.py:Model state:
INFO:meta-cli.py:	entities.weight	torch.Size([104, 20])
INFO:meta-cli.py:	predicates.weight	torch.Size([50, 20])
INFO:meta-cli.py:Epoch 1/100	Loss 7.6156 ± 0.8636
INFO:meta-cli.py:Epoch 2/100	Loss 6.8160 ± 0.1208
INFO:meta-cli.py:Epoch 3/100	Loss 6.7325 ± 0.1133
INFO:meta-cli.py:Epoch 3/100	dev results	MRR 0.685312	H@1 0.552434	H@3 0.774345	H@5 0.867509	H@10 0.949438
INFO:meta-cli.py:Epoch 3/100	test results	MRR 0.668799	H@1 0.527933	H@3 0.763035	H@5 0.859404	H@10 0.958101
INFO:meta-cli.py:Epoch 4/100	Loss 6.6963 ± 0.1326
INFO:meta-cli.py:Epoch 5/100	Loss 6.6738 ± 0.1346
INFO:meta-cli.py:Epoch 6/100	Loss 6.6602 ± 0.1352
INFO:meta-cli.py:Epoch 6/100	dev results	MRR 0.706811	H@1 0.578652	H@3 0.790262	H@5 0.881086	H@10 0.955056
INFO:meta-cli.py:Epoch 6/100	test results	MRR 0.695031	H@1 0.560056	H@3 0.790503	H@5 0.885009	H@10 0.957169
INFO:meta-cli.py:Epoch 7/100	Loss 6.6488 ± 0.1329
INFO:meta-cli.py:Epoch 8/100	Loss 6.6410 ± 0.1312
INFO:meta-cli.py:Epoch 9/100	Loss 6.6350 ± 0.1228
INFO:meta-cli.py:Epoch 9/100	dev results	MRR 0.713717	H@1 0.589888	H@3 0.794476	H@5 0.887172	H@10 0.958801
INFO:meta-cli.py:Epoch 9/100	test results	MRR 0.707291	H@1 0.577281	H@3 0.800745	H@5 0.891993	H@10 0.958101
INFO:meta-cli.py:Epoch 10/100	Loss 6.6297 ± 0.1275
INFO:meta-cli.py:Epoch 11/100	Loss 6.6256 ± 0.1266
INFO:meta-cli.py:Epoch 12/100	Loss 6.6221 ± 0.1201
INFO:meta-cli.py:Epoch 12/100	dev results	MRR 0.715276	H@1 0.591292	H@3 0.796348	H@5 0.891386	H@10 0.960674
INFO:meta-cli.py:Epoch 12/100	test results	MRR 0.708399	H@1 0.575419	H@3 0.803538	H@5 0.894786	H@10 0.959497
INFO:meta-cli.py:Epoch 13/100	Loss 6.6190 ± 0.1248
INFO:meta-cli.py:Epoch 14/100	Loss 6.6155 ± 0.1330
INFO:meta-cli.py:Epoch 15/100	Loss 6.6132 ± 0.1280
INFO:meta-cli.py:Epoch 15/100	dev results	MRR 0.717933	H@1 0.591760	H@3 0.799625	H@5 0.894663	H@10 0.960206
INFO:meta-cli.py:Epoch 15/100	test results	MRR 0.714197	H@1 0.583333	H@3 0.812384	H@5 0.895251	H@10 0.961359
INFO:meta-cli.py:Epoch 16/100	Loss 6.6104 ± 0.1198
INFO:meta-cli.py:Epoch 17/100	Loss 6.6081 ± 0.1243
INFO:meta-cli.py:Epoch 18/100	Loss 6.6059 ± 0.1260
INFO:meta-cli.py:Epoch 18/100	dev results	MRR 0.721408	H@1 0.595974	H@3 0.801966	H@5 0.897472	H@10 0.961610
INFO:meta-cli.py:Epoch 18/100	test results	MRR 0.715194	H@1 0.583799	H@3 0.809125	H@5 0.896648	H@10 0.962756
INFO:meta-cli.py:Epoch 19/100	Loss 6.6039 ± 0.1349
INFO:meta-cli.py:Epoch 20/100	Loss 6.6017 ± 0.1316
INFO:meta-cli.py:Epoch 21/100	Loss 6.5998 ± 0.1284
INFO:meta-cli.py:Epoch 21/100	dev results	MRR 0.725410	H@1 0.601592	H@3 0.806180	H@5 0.898876	H@10 0.962547
INFO:meta-cli.py:Epoch 21/100	test results	MRR 0.717906	H@1 0.587523	H@3 0.811918	H@5 0.898510	H@10 0.961359
INFO:meta-cli.py:Epoch 22/100	Loss 6.5981 ± 0.1328
INFO:meta-cli.py:Epoch 23/100	Loss 6.5960 ± 0.1261
INFO:meta-cli.py:Epoch 24/100	Loss 6.5945 ± 0.1253
INFO:meta-cli.py:Epoch 24/100	dev results	MRR 0.724464	H@1 0.598315	H@3 0.808989	H@5 0.899813	H@10 0.963015
INFO:meta-cli.py:Epoch 24/100	test results	MRR 0.719765	H@1 0.588920	H@3 0.815642	H@5 0.897114	H@10 0.961825
INFO:meta-cli.py:Epoch 25/100	Loss 6.5927 ± 0.1217
INFO:meta-cli.py:Epoch 26/100	Loss 6.5910 ± 0.1297
INFO:meta-cli.py:Epoch 27/100	Loss 6.5894 ± 0.1263
INFO:meta-cli.py:Epoch 27/100	dev results	MRR 0.725891	H@1 0.599251	H@3 0.813670	H@5 0.903090	H@10 0.963015
INFO:meta-cli.py:Epoch 27/100	test results	MRR 0.720056	H@1 0.588920	H@3 0.819367	H@5 0.897579	H@10 0.961825
INFO:meta-cli.py:Epoch 28/100	Loss 6.5879 ± 0.1218
INFO:meta-cli.py:Epoch 29/100	Loss 6.5867 ± 0.1220
INFO:meta-cli.py:Epoch 30/100	Loss 6.5849 ± 0.1135
INFO:meta-cli.py:Epoch 30/100	dev results	MRR 0.726814	H@1 0.600187	H@3 0.814139	H@5 0.904026	H@10 0.962079
INFO:meta-cli.py:Epoch 30/100	test results	MRR 0.723387	H@1 0.594972	H@3 0.819832	H@5 0.899441	H@10 0.964153
INFO:meta-cli.py:Epoch 31/100	Loss 6.5836 ± 0.1231
INFO:meta-cli.py:Epoch 32/100	Loss 6.5823 ± 0.1325
INFO:meta-cli.py:Epoch 33/100	Loss 6.5809 ± 0.1194
INFO:meta-cli.py:Epoch 33/100	dev results	MRR 0.729960	H@1 0.602996	H@3 0.818820	H@5 0.904963	H@10 0.963015
INFO:meta-cli.py:Epoch 33/100	test results	MRR 0.722877	H@1 0.592644	H@3 0.817970	H@5 0.900838	H@10 0.964618
INFO:meta-cli.py:Epoch 34/100	Loss 6.5800 ± 0.1168
INFO:meta-cli.py:Epoch 35/100	Loss 6.5786 ± 0.1188
INFO:meta-cli.py:Epoch 36/100	Loss 6.5775 ± 0.1326
INFO:meta-cli.py:Epoch 36/100	dev results	MRR 0.730256	H@1 0.603933	H@3 0.817884	H@5 0.903558	H@10 0.963483
INFO:meta-cli.py:Epoch 36/100	test results	MRR 0.726810	H@1 0.597765	H@3 0.823091	H@5 0.902235	H@10 0.964153
INFO:meta-cli.py:Epoch 37/100	Loss 6.5765 ± 0.1289
INFO:meta-cli.py:Epoch 38/100	Loss 6.5755 ± 0.1270
INFO:meta-cli.py:Epoch 39/100	Loss 6.5746 ± 0.1413
INFO:meta-cli.py:Epoch 39/100	dev results	MRR 0.730792	H@1 0.603464	H@3 0.821629	H@5 0.904026	H@10 0.963483
INFO:meta-cli.py:Epoch 39/100	test results	MRR 0.727655	H@1 0.597300	H@3 0.824022	H@5 0.903631	H@10 0.964618
INFO:meta-cli.py:Epoch 40/100	Loss 6.5737 ± 0.1260
INFO:meta-cli.py:Epoch 41/100	Loss 6.5729 ± 0.1353
INFO:meta-cli.py:Epoch 42/100	Loss 6.5719 ± 0.1092
INFO:meta-cli.py:Epoch 42/100	dev results	MRR 0.731728	H@1 0.605337	H@3 0.821629	H@5 0.903558	H@10 0.963483
INFO:meta-cli.py:Epoch 42/100	test results	MRR 0.729537	H@1 0.600093	H@3 0.827747	H@5 0.903166	H@10 0.965084
INFO:meta-cli.py:Epoch 43/100	Loss 6.5711 ± 0.1366
INFO:meta-cli.py:Epoch 44/100	Loss 6.5704 ± 0.1261
INFO:meta-cli.py:Epoch 45/100	Loss 6.5699 ± 0.1338
INFO:meta-cli.py:Epoch 45/100	dev results	MRR 0.733362	H@1 0.607678	H@3 0.821629	H@5 0.904494	H@10 0.963483
INFO:meta-cli.py:Epoch 45/100	test results	MRR 0.730827	H@1 0.601024	H@3 0.828678	H@5 0.902700	H@10 0.965084
INFO:meta-cli.py:Epoch 46/100	Loss 6.5692 ± 0.1344
INFO:meta-cli.py:Epoch 47/100	Loss 6.5682 ± 0.1372
INFO:meta-cli.py:Epoch 48/100	Loss 6.5679 ± 0.1173
INFO:meta-cli.py:Epoch 48/100	dev results	MRR 0.734060	H@1 0.607678	H@3 0.823502	H@5 0.905431	H@10 0.963483
INFO:meta-cli.py:Epoch 48/100	test results	MRR 0.731584	H@1 0.601955	H@3 0.831471	H@5 0.905028	H@10 0.964618
INFO:meta-cli.py:Epoch 49/100	Loss 6.5672 ± 0.1293
INFO:meta-cli.py:Epoch 50/100	Loss 6.5668 ± 0.1385
INFO:meta-cli.py:Epoch 51/100	Loss 6.5663 ± 0.1241
INFO:meta-cli.py:Epoch 51/100	dev results	MRR 0.734947	H@1 0.608614	H@3 0.823502	H@5 0.904494	H@10 0.964419
INFO:meta-cli.py:Epoch 51/100	test results	MRR 0.733239	H@1 0.605214	H@3 0.829609	H@5 0.905493	H@10 0.965549
INFO:meta-cli.py:Epoch 52/100	Loss 6.5659 ± 0.1279
INFO:meta-cli.py:Epoch 53/100	Loss 6.5653 ± 0.1327
INFO:meta-cli.py:Epoch 54/100	Loss 6.5649 ± 0.1181
INFO:meta-cli.py:Epoch 54/100	dev results	MRR 0.736141	H@1 0.610955	H@3 0.824438	H@5 0.905431	H@10 0.965356
INFO:meta-cli.py:Epoch 54/100	test results	MRR 0.733642	H@1 0.605214	H@3 0.833333	H@5 0.907821	H@10 0.965084
INFO:meta-cli.py:Epoch 55/100	Loss 6.5643 ± 0.1263
INFO:meta-cli.py:Epoch 56/100	Loss 6.5640 ± 0.1305
INFO:meta-cli.py:Epoch 57/100	Loss 6.5635 ± 0.1276
INFO:meta-cli.py:Epoch 57/100	dev results	MRR 0.737047	H@1 0.611891	H@3 0.827715	H@5 0.905899	H@10 0.965356
INFO:meta-cli.py:Epoch 57/100	test results	MRR 0.735245	H@1 0.608473	H@3 0.833799	H@5 0.908752	H@10 0.966015
INFO:meta-cli.py:Epoch 58/100	Loss 6.5630 ± 0.1300
INFO:meta-cli.py:Epoch 59/100	Loss 6.5627 ± 0.1303
INFO:meta-cli.py:Epoch 60/100	Loss 6.5626 ± 0.1269
INFO:meta-cli.py:Epoch 60/100	dev results	MRR 0.736752	H@1 0.611423	H@3 0.827247	H@5 0.906835	H@10 0.965356
INFO:meta-cli.py:Epoch 60/100	test results	MRR 0.734807	H@1 0.608007	H@3 0.829609	H@5 0.906890	H@10 0.965084
INFO:meta-cli.py:Epoch 61/100	Loss 6.5621 ± 0.1371
INFO:meta-cli.py:Epoch 62/100	Loss 6.5619 ± 0.1265
INFO:meta-cli.py:Epoch 63/100	Loss 6.5614 ± 0.1377
INFO:meta-cli.py:Epoch 63/100	dev results	MRR 0.735987	H@1 0.610487	H@3 0.827247	H@5 0.906367	H@10 0.964888
INFO:meta-cli.py:Epoch 63/100	test results	MRR 0.734896	H@1 0.607542	H@3 0.829609	H@5 0.908752	H@10 0.965549
INFO:meta-cli.py:Epoch 64/100	Loss 6.5610 ± 0.1322
INFO:meta-cli.py:Epoch 65/100	Loss 6.5608 ± 0.1248
INFO:meta-cli.py:Epoch 66/100	Loss 6.5605 ± 0.1326
INFO:meta-cli.py:Epoch 66/100	dev results	MRR 0.737385	H@1 0.612828	H@3 0.825843	H@5 0.905431	H@10 0.964419
INFO:meta-cli.py:Epoch 66/100	test results	MRR 0.736461	H@1 0.610335	H@3 0.831006	H@5 0.908287	H@10 0.965549
INFO:meta-cli.py:Epoch 67/100	Loss 6.5602 ± 0.1382
INFO:meta-cli.py:Epoch 68/100	Loss 6.5600 ± 0.1258
INFO:meta-cli.py:Epoch 69/100	Loss 6.5597 ± 0.1207
INFO:meta-cli.py:Epoch 69/100	dev results	MRR 0.737548	H@1 0.613764	H@3 0.825375	H@5 0.907303	H@10 0.963951
INFO:meta-cli.py:Epoch 69/100	test results	MRR 0.737107	H@1 0.611266	H@3 0.833799	H@5 0.909683	H@10 0.965549
INFO:meta-cli.py:Epoch 70/100	Loss 6.5595 ± 0.1265
INFO:meta-cli.py:Epoch 71/100	Loss 6.5591 ± 0.1257
INFO:meta-cli.py:Epoch 72/100	Loss 6.5590 ± 0.1275
INFO:meta-cli.py:Epoch 72/100	dev results	MRR 0.736727	H@1 0.612360	H@3 0.823502	H@5 0.907772	H@10 0.965356
INFO:meta-cli.py:Epoch 72/100	test results	MRR 0.737518	H@1 0.612197	H@3 0.831471	H@5 0.907821	H@10 0.965549
INFO:meta-cli.py:Epoch 73/100	Loss 6.5586 ± 0.1276
INFO:meta-cli.py:Epoch 74/100	Loss 6.5584 ± 0.1294
INFO:meta-cli.py:Epoch 75/100	Loss 6.5584 ± 0.1231
INFO:meta-cli.py:Epoch 75/100	dev results	MRR 0.736828	H@1 0.612360	H@3 0.826311	H@5 0.908240	H@10 0.965824
INFO:meta-cli.py:Epoch 75/100	test results	MRR 0.737246	H@1 0.611266	H@3 0.833799	H@5 0.908752	H@10 0.965549
INFO:meta-cli.py:Epoch 76/100	Loss 6.5579 ± 0.1337
INFO:meta-cli.py:Epoch 77/100	Loss 6.5577 ± 0.1146
INFO:meta-cli.py:Epoch 78/100	Loss 6.5574 ± 0.1224
INFO:meta-cli.py:Epoch 78/100	dev results	MRR 0.737309	H@1 0.613764	H@3 0.825843	H@5 0.908708	H@10 0.965824
INFO:meta-cli.py:Epoch 78/100	test results	MRR 0.737427	H@1 0.612197	H@3 0.834730	H@5 0.906425	H@10 0.965549
INFO:meta-cli.py:Epoch 79/100	Loss 6.5571 ± 0.1216
INFO:meta-cli.py:Epoch 80/100	Loss 6.5571 ± 0.1200
INFO:meta-cli.py:Epoch 81/100	Loss 6.5570 ± 0.1218
INFO:meta-cli.py:Epoch 81/100	dev results	MRR 0.737720	H@1 0.614700	H@3 0.823970	H@5 0.908708	H@10 0.965356
INFO:meta-cli.py:Epoch 81/100	test results	MRR 0.738529	H@1 0.614060	H@3 0.832868	H@5 0.907356	H@10 0.965549
INFO:meta-cli.py:Epoch 82/100	Loss 6.5568 ± 0.1223
INFO:meta-cli.py:Epoch 83/100	Loss 6.5564 ± 0.1294
INFO:meta-cli.py:Epoch 84/100	Loss 6.5563 ± 0.1227
INFO:meta-cli.py:Epoch 84/100	dev results	MRR 0.738428	H@1 0.615637	H@3 0.826311	H@5 0.908708	H@10 0.965824
INFO:meta-cli.py:Epoch 84/100	test results	MRR 0.739545	H@1 0.615922	H@3 0.832868	H@5 0.908752	H@10 0.966015
INFO:meta-cli.py:Epoch 85/100	Loss 6.5562 ± 0.1286
INFO:meta-cli.py:Epoch 86/100	Loss 6.5559 ± 0.1320
INFO:meta-cli.py:Epoch 87/100	Loss 6.5556 ± 0.1372
INFO:meta-cli.py:Epoch 87/100	dev results	MRR 0.738109	H@1 0.615169	H@3 0.825843	H@5 0.908708	H@10 0.964888
INFO:meta-cli.py:Epoch 87/100	test results	MRR 0.738712	H@1 0.614525	H@3 0.830540	H@5 0.909683	H@10 0.966015
INFO:meta-cli.py:Epoch 88/100	Loss 6.5557 ± 0.1279
INFO:meta-cli.py:Epoch 89/100	Loss 6.5554 ± 0.1335
INFO:meta-cli.py:Epoch 90/100	Loss 6.5552 ± 0.1219
INFO:meta-cli.py:Epoch 90/100	dev results	MRR 0.738459	H@1 0.616105	H@3 0.827715	H@5 0.910581	H@10 0.964888
INFO:meta-cli.py:Epoch 90/100	test results	MRR 0.739912	H@1 0.616387	H@3 0.831937	H@5 0.908752	H@10 0.966015
INFO:meta-cli.py:Epoch 91/100	Loss 6.5550 ± 0.1209
INFO:meta-cli.py:Epoch 92/100	Loss 6.5549 ± 0.1360
INFO:meta-cli.py:Epoch 93/100	Loss 6.5546 ± 0.1287
INFO:meta-cli.py:Epoch 93/100	dev results	MRR 0.738526	H@1 0.614700	H@3 0.830056	H@5 0.910112	H@10 0.965356
INFO:meta-cli.py:Epoch 93/100	test results	MRR 0.741150	H@1 0.618715	H@3 0.831006	H@5 0.909683	H@10 0.966015
INFO:meta-cli.py:Epoch 94/100	Loss 6.5545 ± 0.1230
INFO:meta-cli.py:Epoch 95/100	Loss 6.5543 ± 0.1232
INFO:meta-cli.py:Epoch 96/100	Loss 6.5541 ± 0.1267
INFO:meta-cli.py:Epoch 96/100	dev results	MRR 0.738508	H@1 0.614700	H@3 0.827715	H@5 0.909176	H@10 0.965356
INFO:meta-cli.py:Epoch 96/100	test results	MRR 0.742154	H@1 0.620577	H@3 0.831471	H@5 0.909683	H@10 0.966015
INFO:meta-cli.py:Epoch 97/100	Loss 6.5539 ± 0.1192
INFO:meta-cli.py:Epoch 98/100	Loss 6.5540 ± 0.1336
INFO:meta-cli.py:Epoch 99/100	Loss 6.5537 ± 0.1226
INFO:meta-cli.py:Epoch 99/100	dev results	MRR 0.737848	H@1 0.613296	H@3 0.828184	H@5 0.910581	H@10 0.964888
INFO:meta-cli.py:Epoch 99/100	test results	MRR 0.739103	H@1 0.614991	H@3 0.830540	H@5 0.909683	H@10 0.965549
INFO:meta-cli.py:Epoch 100/100	Loss 6.5534 ± 0.1302
INFO:meta-cli.py:Final 	dev results	MRR 0.738381	H@1 0.614232	H@3 0.827715	H@5 0.910112	H@10 0.964888
INFO:meta-cli.py:Final 	test results	MRR 0.741184	H@1 0.618250	H@3 0.831471	H@5 0.910149	H@10 0.965549
INFO:meta-cli.py:Training finished
