./bin/meta-cli.py --train data/umls/train.tsv --dev data/umls/dev.tsv --test data/umls/test.tsv -m complex -k 500 -b 100 -e 100 --F2 0.005 --N3 0 -l 0.1 -I reciprocal -V 3 -o adagrad -q
{'F2': 0.005,
 'N3': 0.0,
 'batch_size': 100,
 'dev': 'data/umls/dev.tsv',
 'embedding_size': 500,
 'epochs': 100,
 'eval_batch_size': None,
 'input_type': 'reciprocal',
 'learning_rate': 0.1,
 'load': None,
 'model': 'complex',
 'optimizer': 'adagrad',
 'quiet': True,
 'save': None,
 'seed': 0,
 'test': 'data/umls/test.tsv',
 'test_i': None,
 'test_ii': None,
 'train': 'data/umls/train.tsv',
 'validate_every': 3}
INFO:meta-cli.py:Device: cpu
INFO:meta-cli.py:Model state:
INFO:meta-cli.py:	entities.weight	torch.Size([135, 1000])
INFO:meta-cli.py:	predicates.weight	torch.Size([92, 1000])
INFO:meta-cli.py:Epoch 1/100	Loss 7.8160 ± 1.1506
INFO:meta-cli.py:Epoch 2/100	Loss 6.2489 ± 0.1393
INFO:meta-cli.py:Epoch 3/100	Loss 6.0435 ± 0.1435
INFO:meta-cli.py:Epoch 3/100	dev results	MRR 0.900781	H@1 0.813650	H@3 0.983896	H@5 0.991564	H@10 0.999233
INFO:meta-cli.py:Epoch 3/100	test results	MRR 0.888828	H@1 0.793495	H@3 0.982602	H@5 0.989410	H@10 0.996218
INFO:meta-cli.py:Epoch 4/100	Loss 5.9554 ± 0.1504
INFO:meta-cli.py:Epoch 5/100	Loss 5.8933 ± 0.1466
INFO:meta-cli.py:Epoch 6/100	Loss 5.8456 ± 0.1465
INFO:meta-cli.py:Epoch 6/100	dev results	MRR 0.934132	H@1 0.880368	H@3 0.985429	H@5 0.993865	H@10 0.997699
INFO:meta-cli.py:Epoch 6/100	test results	MRR 0.925601	H@1 0.863086	H@3 0.987141	H@5 0.992436	H@10 0.996974
INFO:meta-cli.py:Epoch 7/100	Loss 5.8106 ± 0.1458
INFO:meta-cli.py:Epoch 8/100	Loss 5.7802 ± 0.1473
INFO:meta-cli.py:Epoch 9/100	Loss 5.7563 ± 0.1529
INFO:meta-cli.py:Epoch 9/100	dev results	MRR 0.947723	H@1 0.907975	H@3 0.983896	H@5 0.992331	H@10 0.997699
INFO:meta-cli.py:Epoch 9/100	test results	MRR 0.936358	H@1 0.886536	H@3 0.986384	H@5 0.992436	H@10 0.996974
INFO:meta-cli.py:Epoch 10/100	Loss 5.7306 ± 0.1458
INFO:meta-cli.py:Epoch 11/100	Loss 5.7123 ± 0.1437
INFO:meta-cli.py:Epoch 12/100	Loss 5.6950 ± 0.1456
INFO:meta-cli.py:Epoch 12/100	dev results	MRR 0.948890	H@1 0.912577	H@3 0.983129	H@5 0.992331	H@10 0.996166
INFO:meta-cli.py:Epoch 12/100	test results	MRR 0.941649	H@1 0.896369	H@3 0.984871	H@5 0.990923	H@10 0.996974
INFO:meta-cli.py:Epoch 13/100	Loss 5.6792 ± 0.1213
INFO:meta-cli.py:Epoch 14/100	Loss 5.6678 ± 0.1434
INFO:meta-cli.py:Epoch 15/100	Loss 5.6526 ± 0.1335
INFO:meta-cli.py:Epoch 15/100	dev results	MRR 0.949753	H@1 0.913344	H@3 0.982362	H@5 0.991564	H@10 0.996166
INFO:meta-cli.py:Epoch 15/100	test results	MRR 0.938060	H@1 0.889561	H@3 0.983359	H@5 0.992436	H@10 0.996974
INFO:meta-cli.py:Epoch 16/100	Loss 5.6410 ± 0.1351
INFO:meta-cli.py:Epoch 17/100	Loss 5.6327 ± 0.1246
INFO:meta-cli.py:Epoch 18/100	Loss 5.6220 ± 0.1252
INFO:meta-cli.py:Epoch 18/100	dev results	MRR 0.951286	H@1 0.917945	H@3 0.980828	H@5 0.993098	H@10 0.996166
INFO:meta-cli.py:Epoch 18/100	test results	MRR 0.948453	H@1 0.910741	H@3 0.984115	H@5 0.989410	H@10 0.996974
INFO:meta-cli.py:Epoch 19/100	Loss 5.6137 ± 0.1380
INFO:meta-cli.py:Epoch 20/100	Loss 5.6069 ± 0.1461
INFO:meta-cli.py:Epoch 21/100	Loss 5.5992 ± 0.1330
INFO:meta-cli.py:Epoch 21/100	dev results	MRR 0.948056	H@1 0.912577	H@3 0.980061	H@5 0.991564	H@10 0.995399
INFO:meta-cli.py:Epoch 21/100	test results	MRR 0.942621	H@1 0.899395	H@3 0.983359	H@5 0.990923	H@10 0.996974
INFO:meta-cli.py:Epoch 22/100	Loss 5.5883 ± 0.1427
INFO:meta-cli.py:Epoch 23/100	Loss 5.5820 ± 0.1246
INFO:meta-cli.py:Epoch 24/100	Loss 5.5782 ± 0.1334
INFO:meta-cli.py:Epoch 24/100	dev results	MRR 0.951095	H@1 0.918712	H@3 0.977761	H@5 0.990798	H@10 0.995399
INFO:meta-cli.py:Epoch 24/100	test results	MRR 0.946249	H@1 0.906203	H@3 0.984871	H@5 0.989410	H@10 0.996974
INFO:meta-cli.py:Epoch 25/100	Loss 5.5712 ± 0.1373
INFO:meta-cli.py:Epoch 26/100	Loss 5.5650 ± 0.1355
INFO:meta-cli.py:Epoch 27/100	Loss 5.5601 ± 0.1171
INFO:meta-cli.py:Epoch 27/100	dev results	MRR 0.953255	H@1 0.923313	H@3 0.979294	H@5 0.989264	H@10 0.995399
INFO:meta-cli.py:Epoch 27/100	test results	MRR 0.950276	H@1 0.915280	H@3 0.983359	H@5 0.989410	H@10 0.996974
INFO:meta-cli.py:Epoch 28/100	Loss 5.5535 ± 0.1371
INFO:meta-cli.py:Epoch 29/100	Loss 5.5494 ± 0.1235
INFO:meta-cli.py:Epoch 30/100	Loss 5.5461 ± 0.1317
INFO:meta-cli.py:Epoch 30/100	dev results	MRR 0.953759	H@1 0.924847	H@3 0.978528	H@5 0.988497	H@10 0.994632
INFO:meta-cli.py:Epoch 30/100	test results	MRR 0.950249	H@1 0.915280	H@3 0.982602	H@5 0.990166	H@10 0.996974
INFO:meta-cli.py:Epoch 31/100	Loss 5.5396 ± 0.1259
INFO:meta-cli.py:Epoch 32/100	Loss 5.5346 ± 0.1197
INFO:meta-cli.py:Epoch 33/100	Loss 5.5316 ± 0.1282
INFO:meta-cli.py:Epoch 33/100	dev results	MRR 0.951785	H@1 0.921779	H@3 0.979294	H@5 0.988497	H@10 0.994632
INFO:meta-cli.py:Epoch 33/100	test results	MRR 0.946824	H@1 0.908472	H@3 0.984115	H@5 0.990166	H@10 0.996974
INFO:meta-cli.py:Epoch 34/100	Loss 5.5271 ± 0.1128
INFO:meta-cli.py:Epoch 35/100	Loss 5.5244 ± 0.1296
INFO:meta-cli.py:Epoch 36/100	Loss 5.5212 ± 0.1151
INFO:meta-cli.py:Epoch 36/100	dev results	MRR 0.952307	H@1 0.923313	H@3 0.978528	H@5 0.988497	H@10 0.994632
INFO:meta-cli.py:Epoch 36/100	test results	MRR 0.947405	H@1 0.910741	H@3 0.981846	H@5 0.990166	H@10 0.996218
INFO:meta-cli.py:Epoch 37/100	Loss 5.5189 ± 0.1209
INFO:meta-cli.py:Epoch 38/100	Loss 5.5110 ± 0.1288
INFO:meta-cli.py:Epoch 39/100	Loss 5.5116 ± 0.1310
INFO:meta-cli.py:Epoch 39/100	dev results	MRR 0.949463	H@1 0.917178	H@3 0.978528	H@5 0.988497	H@10 0.994632
INFO:meta-cli.py:Epoch 39/100	test results	MRR 0.945749	H@1 0.906959	H@3 0.982602	H@5 0.989410	H@10 0.996218
INFO:meta-cli.py:Epoch 40/100	Loss 5.5101 ± 0.1328
INFO:meta-cli.py:Epoch 41/100	Loss 5.5041 ± 0.1115
INFO:meta-cli.py:Epoch 42/100	Loss 5.5008 ± 0.1276
INFO:meta-cli.py:Epoch 42/100	dev results	MRR 0.950884	H@1 0.921012	H@3 0.976227	H@5 0.988497	H@10 0.994632
INFO:meta-cli.py:Epoch 42/100	test results	MRR 0.945765	H@1 0.906959	H@3 0.983359	H@5 0.989410	H@10 0.996218
INFO:meta-cli.py:Epoch 43/100	Loss 5.4993 ± 0.1156
INFO:meta-cli.py:Epoch 44/100	Loss 5.4938 ± 0.1298
INFO:meta-cli.py:Epoch 45/100	Loss 5.4922 ± 0.1299
INFO:meta-cli.py:Epoch 45/100	dev results	MRR 0.951288	H@1 0.921012	H@3 0.978528	H@5 0.988497	H@10 0.993098
INFO:meta-cli.py:Epoch 45/100	test results	MRR 0.945519	H@1 0.907716	H@3 0.981846	H@5 0.989410	H@10 0.996218
INFO:meta-cli.py:Epoch 46/100	Loss 5.4901 ± 0.1214
INFO:meta-cli.py:Epoch 47/100	Loss 5.4904 ± 0.1278
INFO:meta-cli.py:Epoch 48/100	Loss 5.4841 ± 0.1237
INFO:meta-cli.py:Epoch 48/100	dev results	MRR 0.947653	H@1 0.914877	H@3 0.976994	H@5 0.987730	H@10 0.993865
INFO:meta-cli.py:Epoch 48/100	test results	MRR 0.944114	H@1 0.904690	H@3 0.981846	H@5 0.990166	H@10 0.996218
INFO:meta-cli.py:Epoch 49/100	Loss 5.4848 ± 0.1284
INFO:meta-cli.py:Epoch 50/100	Loss 5.4794 ± 0.1102
INFO:meta-cli.py:Epoch 51/100	Loss 5.4794 ± 0.1393
INFO:meta-cli.py:Epoch 51/100	dev results	MRR 0.949795	H@1 0.919479	H@3 0.975460	H@5 0.987730	H@10 0.993098
INFO:meta-cli.py:Epoch 51/100	test results	MRR 0.945196	H@1 0.906959	H@3 0.981089	H@5 0.990166	H@10 0.996218
INFO:meta-cli.py:Epoch 52/100	Loss 5.4766 ± 0.1212
INFO:meta-cli.py:Epoch 53/100	Loss 5.4742 ± 0.1268
INFO:meta-cli.py:Epoch 54/100	Loss 5.4737 ± 0.1348
INFO:meta-cli.py:Epoch 54/100	dev results	MRR 0.948956	H@1 0.917945	H@3 0.974693	H@5 0.986963	H@10 0.993098
INFO:meta-cli.py:Epoch 54/100	test results	MRR 0.945365	H@1 0.906959	H@3 0.981089	H@5 0.990166	H@10 0.996218
INFO:meta-cli.py:Epoch 55/100	Loss 5.4723 ± 0.1335
INFO:meta-cli.py:Epoch 56/100	Loss 5.4692 ± 0.1157
INFO:meta-cli.py:Epoch 57/100	Loss 5.4678 ± 0.1181
INFO:meta-cli.py:Epoch 57/100	dev results	MRR 0.948361	H@1 0.917178	H@3 0.975460	H@5 0.987730	H@10 0.993098
INFO:meta-cli.py:Epoch 57/100	test results	MRR 0.946368	H@1 0.909985	H@3 0.980333	H@5 0.990166	H@10 0.995461
INFO:meta-cli.py:Epoch 58/100	Loss 5.4631 ± 0.1142
INFO:meta-cli.py:Epoch 59/100	Loss 5.4615 ± 0.1277
INFO:meta-cli.py:Epoch 60/100	Loss 5.4629 ± 0.1131
INFO:meta-cli.py:Epoch 60/100	dev results	MRR 0.949135	H@1 0.918712	H@3 0.975460	H@5 0.987730	H@10 0.993098
INFO:meta-cli.py:Epoch 60/100	test results	MRR 0.944268	H@1 0.906203	H@3 0.980333	H@5 0.990166	H@10 0.995461
INFO:meta-cli.py:Epoch 61/100	Loss 5.4610 ± 0.1166
INFO:meta-cli.py:Epoch 62/100	Loss 5.4590 ± 0.1347
INFO:meta-cli.py:Epoch 63/100	Loss 5.4584 ± 0.1274
INFO:meta-cli.py:Epoch 63/100	dev results	MRR 0.948276	H@1 0.917178	H@3 0.976227	H@5 0.987730	H@10 0.993098
INFO:meta-cli.py:Epoch 63/100	test results	MRR 0.944209	H@1 0.906203	H@3 0.979576	H@5 0.990166	H@10 0.995461
INFO:meta-cli.py:Epoch 64/100	Loss 5.4568 ± 0.1294
INFO:meta-cli.py:Epoch 65/100	Loss 5.4537 ± 0.1213
INFO:meta-cli.py:Epoch 66/100	Loss 5.4508 ± 0.1505
INFO:meta-cli.py:Epoch 66/100	dev results	MRR 0.948971	H@1 0.918712	H@3 0.976227	H@5 0.987730	H@10 0.993098
INFO:meta-cli.py:Epoch 66/100	test results	MRR 0.944178	H@1 0.906203	H@3 0.979576	H@5 0.989410	H@10 0.995461
INFO:meta-cli.py:Epoch 67/100	Loss 5.4496 ± 0.1102
INFO:meta-cli.py:Epoch 68/100	Loss 5.4510 ± 0.1307
INFO:meta-cli.py:Epoch 69/100	Loss 5.4480 ± 0.1095
INFO:meta-cli.py:Epoch 69/100	dev results	MRR 0.945296	H@1 0.911810	H@3 0.973926	H@5 0.987730	H@10 0.993098
INFO:meta-cli.py:Epoch 69/100	test results	MRR 0.943792	H@1 0.905446	H@3 0.979576	H@5 0.990166	H@10 0.995461
INFO:meta-cli.py:Epoch 70/100	Loss 5.4472 ± 0.1159
INFO:meta-cli.py:Epoch 71/100	Loss 5.4467 ± 0.1365
INFO:meta-cli.py:Epoch 72/100	Loss 5.4439 ± 0.1098
INFO:meta-cli.py:Epoch 72/100	dev results	MRR 0.943533	H@1 0.907975	H@3 0.974693	H@5 0.987730	H@10 0.993098
INFO:meta-cli.py:Epoch 72/100	test results	MRR 0.942520	H@1 0.903177	H@3 0.978820	H@5 0.989410	H@10 0.994705
INFO:meta-cli.py:Epoch 73/100	Loss 5.4427 ± 0.1337
INFO:meta-cli.py:Epoch 74/100	Loss 5.4419 ± 0.1233
INFO:meta-cli.py:Epoch 75/100	Loss 5.4402 ± 0.1157
INFO:meta-cli.py:Epoch 75/100	dev results	MRR 0.945305	H@1 0.911810	H@3 0.973926	H@5 0.987730	H@10 0.993098
INFO:meta-cli.py:Epoch 75/100	test results	MRR 0.942801	H@1 0.903933	H@3 0.978064	H@5 0.988654	H@10 0.994705
INFO:meta-cli.py:Epoch 76/100	Loss 5.4397 ± 0.1145
INFO:meta-cli.py:Epoch 77/100	Loss 5.4367 ± 0.1214
INFO:meta-cli.py:Epoch 78/100	Loss 5.4361 ± 0.1194
INFO:meta-cli.py:Epoch 78/100	dev results	MRR 0.945260	H@1 0.912577	H@3 0.973160	H@5 0.987730	H@10 0.992331
INFO:meta-cli.py:Epoch 78/100	test results	MRR 0.942122	H@1 0.902421	H@3 0.978820	H@5 0.988654	H@10 0.994705
INFO:meta-cli.py:Epoch 79/100	Loss 5.4353 ± 0.1398
INFO:meta-cli.py:Epoch 80/100	Loss 5.4339 ± 0.1142
INFO:meta-cli.py:Epoch 81/100	Loss 5.4332 ± 0.1251
INFO:meta-cli.py:Epoch 81/100	dev results	MRR 0.943419	H@1 0.908742	H@3 0.973160	H@5 0.987730	H@10 0.992331
INFO:meta-cli.py:Epoch 81/100	test results	MRR 0.942568	H@1 0.903933	H@3 0.978820	H@5 0.987897	H@10 0.994705
INFO:meta-cli.py:Epoch 82/100	Loss 5.4320 ± 0.1174
INFO:meta-cli.py:Epoch 83/100	Loss 5.4303 ± 0.1224
INFO:meta-cli.py:Epoch 84/100	Loss 5.4281 ± 0.1185
INFO:meta-cli.py:Epoch 84/100	dev results	MRR 0.943920	H@1 0.909509	H@3 0.973926	H@5 0.986963	H@10 0.992331
INFO:meta-cli.py:Epoch 84/100	test results	MRR 0.941777	H@1 0.902421	H@3 0.978820	H@5 0.987897	H@10 0.994705
INFO:meta-cli.py:Epoch 85/100	Loss 5.4285 ± 0.1282
INFO:meta-cli.py:Epoch 86/100	Loss 5.4294 ± 0.1206
INFO:meta-cli.py:Epoch 87/100	Loss 5.4246 ± 0.1150
INFO:meta-cli.py:Epoch 87/100	dev results	MRR 0.944588	H@1 0.911810	H@3 0.973160	H@5 0.986963	H@10 0.992331
INFO:meta-cli.py:Epoch 87/100	test results	MRR 0.943048	H@1 0.905446	H@3 0.977307	H@5 0.987897	H@10 0.994705
INFO:meta-cli.py:Epoch 88/100	Loss 5.4253 ± 0.1141
INFO:meta-cli.py:Epoch 89/100	Loss 5.4252 ± 0.1213
INFO:meta-cli.py:Epoch 90/100	Loss 5.4236 ± 0.1166
INFO:meta-cli.py:Epoch 90/100	dev results	MRR 0.942737	H@1 0.907975	H@3 0.972393	H@5 0.987730	H@10 0.992331
INFO:meta-cli.py:Epoch 90/100	test results	MRR 0.941995	H@1 0.903177	H@3 0.977307	H@5 0.987897	H@10 0.994705
INFO:meta-cli.py:Epoch 91/100	Loss 5.4234 ± 0.1137
INFO:meta-cli.py:Epoch 92/100	Loss 5.4216 ± 0.1203
INFO:meta-cli.py:Epoch 93/100	Loss 5.4208 ± 0.1154
INFO:meta-cli.py:Epoch 93/100	dev results	MRR 0.942743	H@1 0.907975	H@3 0.972393	H@5 0.987730	H@10 0.992331
INFO:meta-cli.py:Epoch 93/100	test results	MRR 0.941321	H@1 0.902421	H@3 0.976551	H@5 0.987141	H@10 0.994705
INFO:meta-cli.py:Epoch 94/100	Loss 5.4198 ± 0.1370
INFO:meta-cli.py:Epoch 95/100	Loss 5.4195 ± 0.1141
INFO:meta-cli.py:Epoch 96/100	Loss 5.4178 ± 0.1160
INFO:meta-cli.py:Epoch 96/100	dev results	MRR 0.943300	H@1 0.908742	H@3 0.972393	H@5 0.986963	H@10 0.992331
INFO:meta-cli.py:Epoch 96/100	test results	MRR 0.943160	H@1 0.905446	H@3 0.977307	H@5 0.987141	H@10 0.994705
INFO:meta-cli.py:Epoch 97/100	Loss 5.4167 ± 0.1176
INFO:meta-cli.py:Epoch 98/100	Loss 5.4140 ± 0.1250
INFO:meta-cli.py:Epoch 99/100	Loss 5.4172 ± 0.1076
INFO:meta-cli.py:Epoch 99/100	dev results	MRR 0.943073	H@1 0.909509	H@3 0.972393	H@5 0.986963	H@10 0.992331
INFO:meta-cli.py:Epoch 99/100	test results	MRR 0.941102	H@1 0.902421	H@3 0.975794	H@5 0.987141	H@10 0.994705
INFO:meta-cli.py:Epoch 100/100	Loss 5.4140 ± 0.1156
INFO:meta-cli.py:Final 	dev results	MRR 0.941270	H@1 0.905675	H@3 0.970859	H@5 0.986963	H@10 0.993098
INFO:meta-cli.py:Final 	test results	MRR 0.942376	H@1 0.904690	H@3 0.977307	H@5 0.987141	H@10 0.994705
INFO:meta-cli.py:Training finished
