./bin/meta-cli.py --train data/nations/train.tsv --dev data/nations/dev.tsv --test data/nations/test.tsv -m complex -k 500 -b 100 -e 100 --F2 0.001 --N3 0 -l 0.1 -I reciprocal -V 3 -o adagrad -q
{'F2': 0.001,
 'N3': 0.0,
 'batch_size': 100,
 'dev': 'data/nations/dev.tsv',
 'embedding_size': 500,
 'epochs': 100,
 'eval_batch_size': None,
 'input_type': 'reciprocal',
 'learning_rate': 0.1,
 'load': None,
 'model': 'complex',
 'optimizer': 'adagrad',
 'quiet': True,
 'save': None,
 'seed': 0,
 'test': 'data/nations/test.tsv',
 'test_i': None,
 'test_ii': None,
 'train': 'data/nations/train.tsv',
 'validate_every': 3}
INFO:meta-cli.py:Device: cpu
INFO:meta-cli.py:Model state:
INFO:meta-cli.py:	entities.weight	torch.Size([14, 1000])
INFO:meta-cli.py:	predicates.weight	torch.Size([110, 1000])
INFO:meta-cli.py:Epoch 1/100	Loss 5.3588 ± 0.1631
INFO:meta-cli.py:Epoch 2/100	Loss 4.5356 ± 0.1457
INFO:meta-cli.py:Epoch 3/100	Loss 4.1453 ± 0.2197
INFO:meta-cli.py:Epoch 3/100	dev results	MRR 0.791204	H@1 0.673367	H@3 0.909548	H@5 0.972362	H@10 1.000000
INFO:meta-cli.py:Epoch 3/100	test results	MRR 0.822210	H@1 0.723881	H@3 0.900498	H@5 0.960199	H@10 0.995025
INFO:meta-cli.py:Epoch 4/100	Loss 3.9597 ± 0.1981
INFO:meta-cli.py:Epoch 5/100	Loss 3.8527 ± 0.2028
INFO:meta-cli.py:Epoch 6/100	Loss 3.7783 ± 0.2263
INFO:meta-cli.py:Epoch 6/100	dev results	MRR 0.803171	H@1 0.695980	H@3 0.886935	H@5 0.972362	H@10 1.000000
INFO:meta-cli.py:Epoch 6/100	test results	MRR 0.833730	H@1 0.738806	H@3 0.910448	H@5 0.970149	H@10 0.995025
INFO:meta-cli.py:Epoch 7/100	Loss 3.7228 ± 0.2130
INFO:meta-cli.py:Epoch 8/100	Loss 3.6848 ± 0.2208
INFO:meta-cli.py:Epoch 9/100	Loss 3.6476 ± 0.2123
INFO:meta-cli.py:Epoch 9/100	dev results	MRR 0.802009	H@1 0.685930	H@3 0.902010	H@5 0.972362	H@10 1.000000
INFO:meta-cli.py:Epoch 9/100	test results	MRR 0.827926	H@1 0.726368	H@3 0.912935	H@5 0.972637	H@10 0.995025
INFO:meta-cli.py:Epoch 10/100	Loss 3.6227 ± 0.2194
INFO:meta-cli.py:Epoch 11/100	Loss 3.5997 ± 0.1662
INFO:meta-cli.py:Epoch 12/100	Loss 3.5803 ± 0.1942
INFO:meta-cli.py:Epoch 12/100	dev results	MRR 0.808929	H@1 0.693467	H@3 0.914573	H@5 0.977387	H@10 1.000000
INFO:meta-cli.py:Epoch 12/100	test results	MRR 0.825487	H@1 0.721393	H@3 0.907960	H@5 0.972637	H@10 0.995025
INFO:meta-cli.py:Epoch 13/100	Loss 3.5644 ± 0.1676
INFO:meta-cli.py:Epoch 14/100	Loss 3.5505 ± 0.2037
INFO:meta-cli.py:Epoch 15/100	Loss 3.5349 ± 0.1794
INFO:meta-cli.py:Epoch 15/100	dev results	MRR 0.812069	H@1 0.698492	H@3 0.914573	H@5 0.974874	H@10 1.000000
INFO:meta-cli.py:Epoch 15/100	test results	MRR 0.828186	H@1 0.728856	H@3 0.905473	H@5 0.975124	H@10 0.995025
INFO:meta-cli.py:Epoch 16/100	Loss 3.5258 ± 0.1853
INFO:meta-cli.py:Epoch 17/100	Loss 3.5131 ± 0.1742
INFO:meta-cli.py:Epoch 18/100	Loss 3.5037 ± 0.1742
INFO:meta-cli.py:Epoch 18/100	dev results	MRR 0.815291	H@1 0.706030	H@3 0.914573	H@5 0.979899	H@10 1.000000
INFO:meta-cli.py:Epoch 18/100	test results	MRR 0.822831	H@1 0.716418	H@3 0.905473	H@5 0.975124	H@10 0.995025
INFO:meta-cli.py:Epoch 19/100	Loss 3.4923 ± 0.1264
INFO:meta-cli.py:Epoch 20/100	Loss 3.4869 ± 0.1890
INFO:meta-cli.py:Epoch 21/100	Loss 3.4783 ± 0.1715
INFO:meta-cli.py:Epoch 21/100	dev results	MRR 0.807526	H@1 0.690955	H@3 0.917085	H@5 0.977387	H@10 1.000000
INFO:meta-cli.py:Epoch 21/100	test results	MRR 0.824616	H@1 0.723881	H@3 0.905473	H@5 0.972637	H@10 0.995025
INFO:meta-cli.py:Epoch 22/100	Loss 3.4703 ± 0.1115
INFO:meta-cli.py:Epoch 23/100	Loss 3.4632 ± 0.1774
INFO:meta-cli.py:Epoch 24/100	Loss 3.4606 ± 0.1548
INFO:meta-cli.py:Epoch 24/100	dev results	MRR 0.810248	H@1 0.695980	H@3 0.912060	H@5 0.974874	H@10 1.000000
INFO:meta-cli.py:Epoch 24/100	test results	MRR 0.821915	H@1 0.716418	H@3 0.905473	H@5 0.975124	H@10 0.995025
INFO:meta-cli.py:Epoch 25/100	Loss 3.4517 ± 0.1384
INFO:meta-cli.py:Epoch 26/100	Loss 3.4450 ± 0.1429
INFO:meta-cli.py:Epoch 27/100	Loss 3.4433 ± 0.1388
INFO:meta-cli.py:Epoch 27/100	dev results	MRR 0.809783	H@1 0.695980	H@3 0.909548	H@5 0.977387	H@10 1.000000
INFO:meta-cli.py:Epoch 27/100	test results	MRR 0.816585	H@1 0.706468	H@3 0.902985	H@5 0.972637	H@10 0.995025
INFO:meta-cli.py:Epoch 28/100	Loss 3.4355 ± 0.1513
INFO:meta-cli.py:Epoch 29/100	Loss 3.4327 ± 0.1328
INFO:meta-cli.py:Epoch 30/100	Loss 3.4286 ± 0.1645
INFO:meta-cli.py:Epoch 30/100	dev results	MRR 0.804899	H@1 0.683417	H@3 0.912060	H@5 0.974874	H@10 1.000000
INFO:meta-cli.py:Epoch 30/100	test results	MRR 0.817710	H@1 0.708955	H@3 0.905473	H@5 0.975124	H@10 0.995025
INFO:meta-cli.py:Epoch 31/100	Loss 3.4248 ± 0.1544
INFO:meta-cli.py:Epoch 32/100	Loss 3.4209 ± 0.1346
INFO:meta-cli.py:Epoch 33/100	Loss 3.4197 ± 0.1309
INFO:meta-cli.py:Epoch 33/100	dev results	MRR 0.808810	H@1 0.690955	H@3 0.904523	H@5 0.974874	H@10 1.000000
INFO:meta-cli.py:Epoch 33/100	test results	MRR 0.813317	H@1 0.701493	H@3 0.905473	H@5 0.970149	H@10 0.995025
INFO:meta-cli.py:Epoch 34/100	Loss 3.4154 ± 0.1546
INFO:meta-cli.py:Epoch 35/100	Loss 3.4109 ± 0.1230
INFO:meta-cli.py:Epoch 36/100	Loss 3.4081 ± 0.1328
INFO:meta-cli.py:Epoch 36/100	dev results	MRR 0.805592	H@1 0.685930	H@3 0.914573	H@5 0.969849	H@10 1.000000
INFO:meta-cli.py:Epoch 36/100	test results	MRR 0.816469	H@1 0.706468	H@3 0.902985	H@5 0.970149	H@10 0.992537
INFO:meta-cli.py:Epoch 37/100	Loss 3.4024 ± 0.1512
INFO:meta-cli.py:Epoch 38/100	Loss 3.4020 ± 0.1367
INFO:meta-cli.py:Epoch 39/100	Loss 3.3993 ± 0.1500
INFO:meta-cli.py:Epoch 39/100	dev results	MRR 0.804438	H@1 0.680905	H@3 0.914573	H@5 0.974874	H@10 1.000000
INFO:meta-cli.py:Epoch 39/100	test results	MRR 0.816366	H@1 0.711443	H@3 0.898010	H@5 0.967662	H@10 0.997512
INFO:meta-cli.py:Epoch 40/100	Loss 3.3964 ± 0.1498
INFO:meta-cli.py:Epoch 41/100	Loss 3.3919 ± 0.1226
INFO:meta-cli.py:Epoch 42/100	Loss 3.3905 ± 0.1470
INFO:meta-cli.py:Epoch 42/100	dev results	MRR 0.807428	H@1 0.688442	H@3 0.912060	H@5 0.977387	H@10 1.000000
INFO:meta-cli.py:Epoch 42/100	test results	MRR 0.814293	H@1 0.706468	H@3 0.902985	H@5 0.967662	H@10 0.997512
INFO:meta-cli.py:Epoch 43/100	Loss 3.3881 ± 0.1332
INFO:meta-cli.py:Epoch 44/100	Loss 3.3867 ± 0.1284
INFO:meta-cli.py:Epoch 45/100	Loss 3.3828 ± 0.1372
INFO:meta-cli.py:Epoch 45/100	dev results	MRR 0.798795	H@1 0.670854	H@3 0.917085	H@5 0.972362	H@10 1.000000
INFO:meta-cli.py:Epoch 45/100	test results	MRR 0.811659	H@1 0.701493	H@3 0.898010	H@5 0.967662	H@10 0.995025
INFO:meta-cli.py:Epoch 46/100	Loss 3.3814 ± 0.1340
INFO:meta-cli.py:Epoch 47/100	Loss 3.3798 ± 0.1077
INFO:meta-cli.py:Epoch 48/100	Loss 3.3761 ± 0.1165
INFO:meta-cli.py:Epoch 48/100	dev results	MRR 0.798760	H@1 0.670854	H@3 0.912060	H@5 0.972362	H@10 1.000000
INFO:meta-cli.py:Epoch 48/100	test results	MRR 0.810954	H@1 0.699005	H@3 0.900498	H@5 0.970149	H@10 0.995025
INFO:meta-cli.py:Epoch 49/100	Loss 3.3739 ± 0.1415
INFO:meta-cli.py:Epoch 50/100	Loss 3.3747 ± 0.1207
INFO:meta-cli.py:Epoch 51/100	Loss 3.3720 ± 0.1169
INFO:meta-cli.py:Epoch 51/100	dev results	MRR 0.801272	H@1 0.675879	H@3 0.912060	H@5 0.972362	H@10 1.000000
INFO:meta-cli.py:Epoch 51/100	test results	MRR 0.811369	H@1 0.701493	H@3 0.900498	H@5 0.970149	H@10 0.995025
INFO:meta-cli.py:Epoch 52/100	Loss 3.3696 ± 0.1441
INFO:meta-cli.py:Epoch 53/100	Loss 3.3674 ± 0.1434
INFO:meta-cli.py:Epoch 54/100	Loss 3.3661 ± 0.1646
INFO:meta-cli.py:Epoch 54/100	dev results	MRR 0.798436	H@1 0.670854	H@3 0.912060	H@5 0.972362	H@10 1.000000
INFO:meta-cli.py:Epoch 54/100	test results	MRR 0.810125	H@1 0.696517	H@3 0.902985	H@5 0.967662	H@10 0.995025
INFO:meta-cli.py:Epoch 55/100	Loss 3.3645 ± 0.1448
INFO:meta-cli.py:Epoch 56/100	Loss 3.3610 ± 0.1381
INFO:meta-cli.py:Epoch 57/100	Loss 3.3605 ± 0.1235
INFO:meta-cli.py:Epoch 57/100	dev results	MRR 0.799406	H@1 0.673367	H@3 0.914573	H@5 0.974874	H@10 1.000000
INFO:meta-cli.py:Epoch 57/100	test results	MRR 0.807719	H@1 0.694030	H@3 0.902985	H@5 0.967662	H@10 0.997512
INFO:meta-cli.py:Epoch 58/100	Loss 3.3601 ± 0.1245
INFO:meta-cli.py:Epoch 59/100	Loss 3.3570 ± 0.1005
INFO:meta-cli.py:Epoch 60/100	Loss 3.3554 ± 0.1098
INFO:meta-cli.py:Epoch 60/100	dev results	MRR 0.797144	H@1 0.668342	H@3 0.914573	H@5 0.969849	H@10 1.000000
INFO:meta-cli.py:Epoch 60/100	test results	MRR 0.806499	H@1 0.689055	H@3 0.900498	H@5 0.967662	H@10 0.997512
INFO:meta-cli.py:Epoch 61/100	Loss 3.3555 ± 0.1302
INFO:meta-cli.py:Epoch 62/100	Loss 3.3547 ± 0.1367
INFO:meta-cli.py:Epoch 63/100	Loss 3.3527 ± 0.1145
INFO:meta-cli.py:Epoch 63/100	dev results	MRR 0.798215	H@1 0.670854	H@3 0.912060	H@5 0.972362	H@10 1.000000
INFO:meta-cli.py:Epoch 63/100	test results	MRR 0.807039	H@1 0.691542	H@3 0.902985	H@5 0.967662	H@10 0.995025
INFO:meta-cli.py:Epoch 64/100	Loss 3.3510 ± 0.1425
INFO:meta-cli.py:Epoch 65/100	Loss 3.3482 ± 0.1383
INFO:meta-cli.py:Epoch 66/100	Loss 3.3473 ± 0.1262
INFO:meta-cli.py:Epoch 66/100	dev results	MRR 0.798132	H@1 0.670854	H@3 0.912060	H@5 0.969849	H@10 1.000000
INFO:meta-cli.py:Epoch 66/100	test results	MRR 0.809857	H@1 0.696517	H@3 0.902985	H@5 0.967662	H@10 0.997512
INFO:meta-cli.py:Epoch 67/100	Loss 3.3463 ± 0.1235
INFO:meta-cli.py:Epoch 68/100	Loss 3.3455 ± 0.1307
INFO:meta-cli.py:Epoch 69/100	Loss 3.3425 ± 0.1299
INFO:meta-cli.py:Epoch 69/100	dev results	MRR 0.796247	H@1 0.665829	H@3 0.912060	H@5 0.972362	H@10 1.000000
INFO:meta-cli.py:Epoch 69/100	test results	MRR 0.805089	H@1 0.689055	H@3 0.900498	H@5 0.967662	H@10 0.997512
INFO:meta-cli.py:Epoch 70/100	Loss 3.3429 ± 0.0934
INFO:meta-cli.py:Epoch 71/100	Loss 3.3417 ± 0.1070
INFO:meta-cli.py:Epoch 72/100	Loss 3.3401 ± 0.1500
INFO:meta-cli.py:Epoch 72/100	dev results	MRR 0.794446	H@1 0.663317	H@3 0.912060	H@5 0.972362	H@10 1.000000
INFO:meta-cli.py:Epoch 72/100	test results	MRR 0.804694	H@1 0.689055	H@3 0.898010	H@5 0.970149	H@10 0.995025
INFO:meta-cli.py:Epoch 73/100	Loss 3.3385 ± 0.1132
INFO:meta-cli.py:Epoch 74/100	Loss 3.3387 ± 0.1303
INFO:meta-cli.py:Epoch 75/100	Loss 3.3382 ± 0.1224
INFO:meta-cli.py:Epoch 75/100	dev results	MRR 0.795828	H@1 0.665829	H@3 0.914573	H@5 0.969849	H@10 1.000000
INFO:meta-cli.py:Epoch 75/100	test results	MRR 0.806394	H@1 0.689055	H@3 0.902985	H@5 0.967662	H@10 0.995025
INFO:meta-cli.py:Epoch 76/100	Loss 3.3369 ± 0.1213
INFO:meta-cli.py:Epoch 77/100	Loss 3.3360 ± 0.1129
INFO:meta-cli.py:Epoch 78/100	Loss 3.3346 ± 0.1094
INFO:meta-cli.py:Epoch 78/100	dev results	MRR 0.794816	H@1 0.663317	H@3 0.912060	H@5 0.969849	H@10 1.000000
INFO:meta-cli.py:Epoch 78/100	test results	MRR 0.803058	H@1 0.684080	H@3 0.902985	H@5 0.970149	H@10 0.997512
INFO:meta-cli.py:Epoch 79/100	Loss 3.3333 ± 0.1064
INFO:meta-cli.py:Epoch 80/100	Loss 3.3332 ± 0.1285
INFO:meta-cli.py:Epoch 81/100	Loss 3.3315 ± 0.0979
INFO:meta-cli.py:Epoch 81/100	dev results	MRR 0.796373	H@1 0.665829	H@3 0.912060	H@5 0.972362	H@10 1.000000
INFO:meta-cli.py:Epoch 81/100	test results	MRR 0.803058	H@1 0.684080	H@3 0.902985	H@5 0.970149	H@10 0.997512
INFO:meta-cli.py:Epoch 82/100	Loss 3.3306 ± 0.1193
INFO:meta-cli.py:Epoch 83/100	Loss 3.3286 ± 0.1004
INFO:meta-cli.py:Epoch 84/100	Loss 3.3286 ± 0.1296
INFO:meta-cli.py:Epoch 84/100	dev results	MRR 0.799189	H@1 0.670854	H@3 0.912060	H@5 0.969849	H@10 1.000000
INFO:meta-cli.py:Epoch 84/100	test results	MRR 0.802377	H@1 0.684080	H@3 0.905473	H@5 0.970149	H@10 0.997512
INFO:meta-cli.py:Epoch 85/100	Loss 3.3285 ± 0.1479
INFO:meta-cli.py:Epoch 86/100	Loss 3.3270 ± 0.1002
INFO:meta-cli.py:Epoch 87/100	Loss 3.3280 ± 0.1225
INFO:meta-cli.py:Epoch 87/100	dev results	MRR 0.797001	H@1 0.668342	H@3 0.909548	H@5 0.972362	H@10 1.000000
INFO:meta-cli.py:Epoch 87/100	test results	MRR 0.801709	H@1 0.681592	H@3 0.905473	H@5 0.970149	H@10 0.995025
INFO:meta-cli.py:Epoch 88/100	Loss 3.3262 ± 0.1065
INFO:meta-cli.py:Epoch 89/100	Loss 3.3243 ± 0.1301
INFO:meta-cli.py:Epoch 90/100	Loss 3.3231 ± 0.0945
INFO:meta-cli.py:Epoch 90/100	dev results	MRR 0.798634	H@1 0.670854	H@3 0.912060	H@5 0.972362	H@10 1.000000
INFO:meta-cli.py:Epoch 90/100	test results	MRR 0.801626	H@1 0.681592	H@3 0.905473	H@5 0.967662	H@10 0.995025
INFO:meta-cli.py:Epoch 91/100	Loss 3.3231 ± 0.1053
INFO:meta-cli.py:Epoch 92/100	Loss 3.3217 ± 0.0969
INFO:meta-cli.py:Epoch 93/100	Loss 3.3212 ± 0.1305
INFO:meta-cli.py:Epoch 93/100	dev results	MRR 0.798526	H@1 0.670854	H@3 0.914573	H@5 0.969849	H@10 1.000000
INFO:meta-cli.py:Epoch 93/100	test results	MRR 0.804758	H@1 0.689055	H@3 0.902985	H@5 0.967662	H@10 0.997512
INFO:meta-cli.py:Epoch 94/100	Loss 3.3201 ± 0.1173
INFO:meta-cli.py:Epoch 95/100	Loss 3.3206 ± 0.1397
INFO:meta-cli.py:Epoch 96/100	Loss 3.3186 ± 0.1329
INFO:meta-cli.py:Epoch 96/100	dev results	MRR 0.797019	H@1 0.668342	H@3 0.912060	H@5 0.972362	H@10 1.000000
INFO:meta-cli.py:Epoch 96/100	test results	MRR 0.800197	H@1 0.679104	H@3 0.905473	H@5 0.970149	H@10 0.997512
INFO:meta-cli.py:Epoch 97/100	Loss 3.3190 ± 0.1238
INFO:meta-cli.py:Epoch 98/100	Loss 3.3171 ± 0.1077
INFO:meta-cli.py:Epoch 99/100	Loss 3.3167 ± 0.1176
INFO:meta-cli.py:Epoch 99/100	dev results	MRR 0.794632	H@1 0.663317	H@3 0.909548	H@5 0.969849	H@10 1.000000
INFO:meta-cli.py:Epoch 99/100	test results	MRR 0.801981	H@1 0.684080	H@3 0.902985	H@5 0.970149	H@10 0.995025
INFO:meta-cli.py:Epoch 100/100	Loss 3.3158 ± 0.0988
INFO:meta-cli.py:Final 	dev results	MRR 0.795679	H@1 0.665829	H@3 0.912060	H@5 0.969849	H@10 1.000000
INFO:meta-cli.py:Final 	test results	MRR 0.803887	H@1 0.686567	H@3 0.902985	H@5 0.962687	H@10 0.997512
INFO:meta-cli.py:Training finished
