./bin/meta-cli.py --train data/umls/train.tsv --dev data/umls/dev.tsv --test data/umls/test.tsv -m complex -k 10 -b 100 -e 100 --F2 0.005 --N3 0 -l 0.1 -I reciprocal -V 3 -o adagrad -q
{'F2': 0.005,
 'N3': 0.0,
 'batch_size': 100,
 'dev': 'data/umls/dev.tsv',
 'embedding_size': 10,
 'epochs': 100,
 'eval_batch_size': None,
 'input_type': 'reciprocal',
 'learning_rate': 0.1,
 'load': None,
 'model': 'complex',
 'optimizer': 'adagrad',
 'quiet': True,
 'save': None,
 'seed': 0,
 'test': 'data/umls/test.tsv',
 'test_i': None,
 'test_ii': None,
 'train': 'data/umls/train.tsv',
 'validate_every': 3}
INFO:meta-cli.py:Device: cpu
INFO:meta-cli.py:Model state:
INFO:meta-cli.py:	entities.weight	torch.Size([135, 20])
INFO:meta-cli.py:	predicates.weight	torch.Size([92, 20])
INFO:meta-cli.py:Epoch 1/100	Loss 8.2282 ± 1.0792
INFO:meta-cli.py:Epoch 2/100	Loss 6.4823 ± 0.1722
INFO:meta-cli.py:Epoch 3/100	Loss 6.1573 ± 0.1607
INFO:meta-cli.py:Epoch 3/100	dev results	MRR 0.828850	H@1 0.717791	H@3 0.928681	H@5 0.951687	H@10 0.972393
INFO:meta-cli.py:Epoch 3/100	test results	MRR 0.813919	H@1 0.692890	H@3 0.921331	H@5 0.949319	H@10 0.971256
INFO:meta-cli.py:Epoch 4/100	Loss 6.0288 ± 0.1612
INFO:meta-cli.py:Epoch 5/100	Loss 5.9434 ± 0.1523
INFO:meta-cli.py:Epoch 6/100	Loss 5.8926 ± 0.1394
INFO:meta-cli.py:Epoch 6/100	dev results	MRR 0.859241	H@1 0.765337	H@3 0.945552	H@5 0.959356	H@10 0.981595
INFO:meta-cli.py:Epoch 6/100	test results	MRR 0.847791	H@1 0.737519	H@3 0.954614	H@5 0.965961	H@10 0.981846
INFO:meta-cli.py:Epoch 7/100	Loss 5.8570 ± 0.1683
INFO:meta-cli.py:Epoch 8/100	Loss 5.8263 ± 0.1556
INFO:meta-cli.py:Epoch 9/100	Loss 5.8067 ± 0.1407
INFO:meta-cli.py:Epoch 9/100	dev results	MRR 0.860445	H@1 0.764571	H@3 0.950153	H@5 0.962423	H@10 0.980828
INFO:meta-cli.py:Epoch 9/100	test results	MRR 0.852877	H@1 0.743570	H@3 0.956884	H@5 0.973525	H@10 0.982602
INFO:meta-cli.py:Epoch 10/100	Loss 5.7848 ± 0.1398
INFO:meta-cli.py:Epoch 11/100	Loss 5.7656 ± 0.1488
INFO:meta-cli.py:Epoch 12/100	Loss 5.7543 ± 0.1419
INFO:meta-cli.py:Epoch 12/100	dev results	MRR 0.860836	H@1 0.761503	H@3 0.952454	H@5 0.964724	H@10 0.985429
INFO:meta-cli.py:Epoch 12/100	test results	MRR 0.851308	H@1 0.737519	H@3 0.962179	H@5 0.977307	H@10 0.985628
INFO:meta-cli.py:Epoch 13/100	Loss 5.7424 ± 0.1291
INFO:meta-cli.py:Epoch 14/100	Loss 5.7327 ± 0.1369
INFO:meta-cli.py:Epoch 15/100	Loss 5.7208 ± 0.1216
INFO:meta-cli.py:Epoch 15/100	dev results	MRR 0.859184	H@1 0.757669	H@3 0.954755	H@5 0.967791	H@10 0.986963
INFO:meta-cli.py:Epoch 15/100	test results	MRR 0.847879	H@1 0.729198	H@3 0.964448	H@5 0.978064	H@10 0.985628
INFO:meta-cli.py:Epoch 16/100	Loss 5.7096 ± 0.1391
INFO:meta-cli.py:Epoch 17/100	Loss 5.7084 ± 0.1381
INFO:meta-cli.py:Epoch 18/100	Loss 5.6977 ± 0.1263
INFO:meta-cli.py:Epoch 18/100	dev results	MRR 0.860365	H@1 0.756902	H@3 0.954755	H@5 0.969325	H@10 0.986963
INFO:meta-cli.py:Epoch 18/100	test results	MRR 0.850178	H@1 0.733737	H@3 0.963691	H@5 0.978064	H@10 0.988654
INFO:meta-cli.py:Epoch 19/100	Loss 5.6915 ± 0.1415
INFO:meta-cli.py:Epoch 20/100	Loss 5.6878 ± 0.1334
INFO:meta-cli.py:Epoch 21/100	Loss 5.6824 ± 0.1327
INFO:meta-cli.py:Epoch 21/100	dev results	MRR 0.856970	H@1 0.749233	H@3 0.957055	H@5 0.970092	H@10 0.986196
INFO:meta-cli.py:Epoch 21/100	test results	MRR 0.844932	H@1 0.721634	H@3 0.965961	H@5 0.980333	H@10 0.989410
INFO:meta-cli.py:Epoch 22/100	Loss 5.6731 ± 0.1535
INFO:meta-cli.py:Epoch 23/100	Loss 5.6706 ± 0.1465
INFO:meta-cli.py:Epoch 24/100	Loss 5.6697 ± 0.1436
INFO:meta-cli.py:Epoch 24/100	dev results	MRR 0.865591	H@1 0.765337	H@3 0.959356	H@5 0.970859	H@10 0.986963
INFO:meta-cli.py:Epoch 24/100	test results	MRR 0.854896	H@1 0.739032	H@3 0.968986	H@5 0.981846	H@10 0.989410
INFO:meta-cli.py:Epoch 25/100	Loss 5.6616 ± 0.1278
INFO:meta-cli.py:Epoch 26/100	Loss 5.6595 ± 0.1424
INFO:meta-cli.py:Epoch 27/100	Loss 5.6565 ± 0.1362
INFO:meta-cli.py:Epoch 27/100	dev results	MRR 0.868769	H@1 0.771472	H@3 0.957822	H@5 0.970092	H@10 0.987730
INFO:meta-cli.py:Epoch 27/100	test results	MRR 0.855372	H@1 0.739788	H@3 0.971256	H@5 0.982602	H@10 0.988654
INFO:meta-cli.py:Epoch 28/100	Loss 5.6517 ± 0.1428
INFO:meta-cli.py:Epoch 29/100	Loss 5.6489 ± 0.1412
INFO:meta-cli.py:Epoch 30/100	Loss 5.6468 ± 0.1412
INFO:meta-cli.py:Epoch 30/100	dev results	MRR 0.874821	H@1 0.782975	H@3 0.957822	H@5 0.972393	H@10 0.986963
INFO:meta-cli.py:Epoch 30/100	test results	MRR 0.860041	H@1 0.748109	H@3 0.972012	H@5 0.981846	H@10 0.988654
INFO:meta-cli.py:Epoch 31/100	Loss 5.6437 ± 0.1249
INFO:meta-cli.py:Epoch 32/100	Loss 5.6397 ± 0.1194
INFO:meta-cli.py:Epoch 33/100	Loss 5.6374 ± 0.1326
INFO:meta-cli.py:Epoch 33/100	dev results	MRR 0.869741	H@1 0.772239	H@3 0.959356	H@5 0.974693	H@10 0.987730
INFO:meta-cli.py:Epoch 33/100	test results	MRR 0.857075	H@1 0.741301	H@3 0.972012	H@5 0.984871	H@10 0.988654
INFO:meta-cli.py:Epoch 34/100	Loss 5.6337 ± 0.1120
INFO:meta-cli.py:Epoch 35/100	Loss 5.6334 ± 0.1421
INFO:meta-cli.py:Epoch 36/100	Loss 5.6311 ± 0.1135
INFO:meta-cli.py:Epoch 36/100	dev results	MRR 0.872247	H@1 0.776840	H@3 0.960123	H@5 0.974693	H@10 0.987730
INFO:meta-cli.py:Epoch 36/100	test results	MRR 0.860418	H@1 0.748109	H@3 0.969743	H@5 0.984871	H@10 0.988654
INFO:meta-cli.py:Epoch 37/100	Loss 5.6295 ± 0.1319
INFO:meta-cli.py:Epoch 38/100	Loss 5.6234 ± 0.1232
INFO:meta-cli.py:Epoch 39/100	Loss 5.6250 ± 0.1241
INFO:meta-cli.py:Epoch 39/100	dev results	MRR 0.870736	H@1 0.773773	H@3 0.960123	H@5 0.974693	H@10 0.987730
INFO:meta-cli.py:Epoch 39/100	test results	MRR 0.857305	H@1 0.742057	H@3 0.968230	H@5 0.984115	H@10 0.987897
INFO:meta-cli.py:Epoch 40/100	Loss 5.6238 ± 0.1342
INFO:meta-cli.py:Epoch 41/100	Loss 5.6207 ± 0.1310
INFO:meta-cli.py:Epoch 42/100	Loss 5.6181 ± 0.1204
INFO:meta-cli.py:Epoch 42/100	dev results	MRR 0.871332	H@1 0.774540	H@3 0.960123	H@5 0.974693	H@10 0.987730
INFO:meta-cli.py:Epoch 42/100	test results	MRR 0.856131	H@1 0.739032	H@3 0.968230	H@5 0.984871	H@10 0.988654
INFO:meta-cli.py:Epoch 43/100	Loss 5.6163 ± 0.1142
INFO:meta-cli.py:Epoch 44/100	Loss 5.6122 ± 0.1313
INFO:meta-cli.py:Epoch 45/100	Loss 5.6117 ± 0.1241
INFO:meta-cli.py:Epoch 45/100	dev results	MRR 0.872435	H@1 0.776840	H@3 0.960890	H@5 0.974693	H@10 0.986963
INFO:meta-cli.py:Epoch 45/100	test results	MRR 0.858134	H@1 0.743570	H@3 0.967474	H@5 0.984115	H@10 0.987897
INFO:meta-cli.py:Epoch 46/100	Loss 5.6117 ± 0.1168
INFO:meta-cli.py:Epoch 47/100	Loss 5.6136 ± 0.1339
INFO:meta-cli.py:Epoch 48/100	Loss 5.6079 ± 0.1330
INFO:meta-cli.py:Epoch 48/100	dev results	MRR 0.866387	H@1 0.764571	H@3 0.960123	H@5 0.974693	H@10 0.986963
INFO:meta-cli.py:Epoch 48/100	test results	MRR 0.850761	H@1 0.729198	H@3 0.970499	H@5 0.984871	H@10 0.987897
INFO:meta-cli.py:Epoch 49/100	Loss 5.6092 ± 0.1217
INFO:meta-cli.py:Epoch 50/100	Loss 5.6045 ± 0.1113
INFO:meta-cli.py:Epoch 51/100	Loss 5.6069 ± 0.1430
INFO:meta-cli.py:Epoch 51/100	dev results	MRR 0.871648	H@1 0.775307	H@3 0.960123	H@5 0.974693	H@10 0.986963
INFO:meta-cli.py:Epoch 51/100	test results	MRR 0.859308	H@1 0.746596	H@3 0.969743	H@5 0.985628	H@10 0.987897
INFO:meta-cli.py:Epoch 52/100	Loss 5.6034 ± 0.1230
INFO:meta-cli.py:Epoch 53/100	Loss 5.6015 ± 0.1363
INFO:meta-cli.py:Epoch 54/100	Loss 5.6014 ± 0.1416
INFO:meta-cli.py:Epoch 54/100	dev results	MRR 0.874626	H@1 0.780675	H@3 0.962423	H@5 0.974693	H@10 0.986963
INFO:meta-cli.py:Epoch 54/100	test results	MRR 0.859444	H@1 0.747352	H@3 0.967474	H@5 0.982602	H@10 0.987897
INFO:meta-cli.py:Epoch 55/100	Loss 5.6001 ± 0.1310
INFO:meta-cli.py:Epoch 56/100	Loss 5.5990 ± 0.1285
INFO:meta-cli.py:Epoch 57/100	Loss 5.5980 ± 0.1259
INFO:meta-cli.py:Epoch 57/100	dev results	MRR 0.873190	H@1 0.777607	H@3 0.962423	H@5 0.974693	H@10 0.986196
INFO:meta-cli.py:Epoch 57/100	test results	MRR 0.859893	H@1 0.747352	H@3 0.968986	H@5 0.984115	H@10 0.987897
INFO:meta-cli.py:Epoch 58/100	Loss 5.5962 ± 0.1259
INFO:meta-cli.py:Epoch 59/100	Loss 5.5955 ± 0.1306
INFO:meta-cli.py:Epoch 60/100	Loss 5.5947 ± 0.1195
INFO:meta-cli.py:Epoch 60/100	dev results	MRR 0.872282	H@1 0.776074	H@3 0.962423	H@5 0.974693	H@10 0.986196
INFO:meta-cli.py:Epoch 60/100	test results	MRR 0.859938	H@1 0.746596	H@3 0.968986	H@5 0.984871	H@10 0.988654
INFO:meta-cli.py:Epoch 61/100	Loss 5.5954 ± 0.1257
INFO:meta-cli.py:Epoch 62/100	Loss 5.5934 ± 0.1334
INFO:meta-cli.py:Epoch 63/100	Loss 5.5932 ± 0.1274
INFO:meta-cli.py:Epoch 63/100	dev results	MRR 0.870710	H@1 0.773006	H@3 0.963190	H@5 0.976227	H@10 0.986196
INFO:meta-cli.py:Epoch 63/100	test results	MRR 0.859408	H@1 0.745840	H@3 0.968230	H@5 0.984871	H@10 0.988654
INFO:meta-cli.py:Epoch 64/100	Loss 5.5923 ± 0.1380
INFO:meta-cli.py:Epoch 65/100	Loss 5.5899 ± 0.1119
INFO:meta-cli.py:Epoch 66/100	Loss 5.5868 ± 0.1534
INFO:meta-cli.py:Epoch 66/100	dev results	MRR 0.873868	H@1 0.779141	H@3 0.962423	H@5 0.976227	H@10 0.986196
INFO:meta-cli.py:Epoch 66/100	test results	MRR 0.861406	H@1 0.749622	H@3 0.968986	H@5 0.984115	H@10 0.987897
INFO:meta-cli.py:Epoch 67/100	Loss 5.5863 ± 0.1309
INFO:meta-cli.py:Epoch 68/100	Loss 5.5890 ± 0.1347
INFO:meta-cli.py:Epoch 69/100	Loss 5.5854 ± 0.1215
INFO:meta-cli.py:Epoch 69/100	dev results	MRR 0.871008	H@1 0.773006	H@3 0.963957	H@5 0.974693	H@10 0.986196
INFO:meta-cli.py:Epoch 69/100	test results	MRR 0.861364	H@1 0.749622	H@3 0.968986	H@5 0.984871	H@10 0.988654
INFO:meta-cli.py:Epoch 70/100	Loss 5.5850 ± 0.1144
INFO:meta-cli.py:Epoch 71/100	Loss 5.5860 ± 0.1322
INFO:meta-cli.py:Epoch 72/100	Loss 5.5844 ± 0.1061
INFO:meta-cli.py:Epoch 72/100	dev results	MRR 0.865851	H@1 0.763037	H@3 0.963190	H@5 0.975460	H@10 0.986963
INFO:meta-cli.py:Epoch 72/100	test results	MRR 0.856373	H@1 0.739032	H@3 0.969743	H@5 0.982602	H@10 0.988654
INFO:meta-cli.py:Epoch 73/100	Loss 5.5832 ± 0.1380
INFO:meta-cli.py:Epoch 74/100	Loss 5.5852 ± 0.1270
INFO:meta-cli.py:Epoch 75/100	Loss 5.5824 ± 0.1213
INFO:meta-cli.py:Epoch 75/100	dev results	MRR 0.869798	H@1 0.770706	H@3 0.963190	H@5 0.975460	H@10 0.986196
INFO:meta-cli.py:Epoch 75/100	test results	MRR 0.859284	H@1 0.745083	H@3 0.968986	H@5 0.983359	H@10 0.989410
INFO:meta-cli.py:Epoch 76/100	Loss 5.5814 ± 0.1116
INFO:meta-cli.py:Epoch 77/100	Loss 5.5788 ± 0.1345
INFO:meta-cli.py:Epoch 78/100	Loss 5.5780 ± 0.1323
INFO:meta-cli.py:Epoch 78/100	dev results	MRR 0.872421	H@1 0.775307	H@3 0.963190	H@5 0.975460	H@10 0.986963
INFO:meta-cli.py:Epoch 78/100	test results	MRR 0.860529	H@1 0.747352	H@3 0.968230	H@5 0.984871	H@10 0.989410
INFO:meta-cli.py:Epoch 79/100	Loss 5.5786 ± 0.1438
INFO:meta-cli.py:Epoch 80/100	Loss 5.5787 ± 0.1236
INFO:meta-cli.py:Epoch 81/100	Loss 5.5772 ± 0.1271
INFO:meta-cli.py:Epoch 81/100	dev results	MRR 0.869688	H@1 0.769939	H@3 0.963190	H@5 0.975460	H@10 0.986963
INFO:meta-cli.py:Epoch 81/100	test results	MRR 0.862922	H@1 0.751891	H@3 0.968230	H@5 0.984115	H@10 0.989410
INFO:meta-cli.py:Epoch 82/100	Loss 5.5758 ± 0.1187
INFO:meta-cli.py:Epoch 83/100	Loss 5.5750 ± 0.1276
INFO:meta-cli.py:Epoch 84/100	Loss 5.5749 ± 0.1234
INFO:meta-cli.py:Epoch 84/100	dev results	MRR 0.871113	H@1 0.772239	H@3 0.964724	H@5 0.976227	H@10 0.987730
INFO:meta-cli.py:Epoch 84/100	test results	MRR 0.861017	H@1 0.748109	H@3 0.968230	H@5 0.983359	H@10 0.990166
INFO:meta-cli.py:Epoch 85/100	Loss 5.5744 ± 0.1325
INFO:meta-cli.py:Epoch 86/100	Loss 5.5762 ± 0.1316
INFO:meta-cli.py:Epoch 87/100	Loss 5.5721 ± 0.1310
INFO:meta-cli.py:Epoch 87/100	dev results	MRR 0.871483	H@1 0.773006	H@3 0.964724	H@5 0.974693	H@10 0.987730
INFO:meta-cli.py:Epoch 87/100	test results	MRR 0.863264	H@1 0.752648	H@3 0.967474	H@5 0.984115	H@10 0.990166
INFO:meta-cli.py:Epoch 88/100	Loss 5.5736 ± 0.1258
INFO:meta-cli.py:Epoch 89/100	Loss 5.5740 ± 0.1214
INFO:meta-cli.py:Epoch 90/100	Loss 5.5716 ± 0.1212
INFO:meta-cli.py:Epoch 90/100	dev results	MRR 0.870640	H@1 0.771472	H@3 0.964724	H@5 0.974693	H@10 0.986196
INFO:meta-cli.py:Epoch 90/100	test results	MRR 0.861338	H@1 0.748865	H@3 0.968986	H@5 0.982602	H@10 0.990166
INFO:meta-cli.py:Epoch 91/100	Loss 5.5720 ± 0.1124
INFO:meta-cli.py:Epoch 92/100	Loss 5.5705 ± 0.1377
INFO:meta-cli.py:Epoch 93/100	Loss 5.5708 ± 0.1197
INFO:meta-cli.py:Epoch 93/100	dev results	MRR 0.870458	H@1 0.770706	H@3 0.965491	H@5 0.974693	H@10 0.986196
INFO:meta-cli.py:Epoch 93/100	test results	MRR 0.861772	H@1 0.749622	H@3 0.967474	H@5 0.983359	H@10 0.990166
INFO:meta-cli.py:Epoch 94/100	Loss 5.5699 ± 0.1372
INFO:meta-cli.py:Epoch 95/100	Loss 5.5705 ± 0.1232
INFO:meta-cli.py:Epoch 96/100	Loss 5.5679 ± 0.1196
INFO:meta-cli.py:Epoch 96/100	dev results	MRR 0.871988	H@1 0.773773	H@3 0.965491	H@5 0.974693	H@10 0.986196
INFO:meta-cli.py:Epoch 96/100	test results	MRR 0.864599	H@1 0.754917	H@3 0.968986	H@5 0.982602	H@10 0.990166
INFO:meta-cli.py:Epoch 97/100	Loss 5.5678 ± 0.1109
INFO:meta-cli.py:Epoch 98/100	Loss 5.5662 ± 0.1348
INFO:meta-cli.py:Epoch 99/100	Loss 5.5681 ± 0.1040
INFO:meta-cli.py:Epoch 99/100	dev results	MRR 0.870436	H@1 0.770706	H@3 0.965491	H@5 0.973926	H@10 0.986196
INFO:meta-cli.py:Epoch 99/100	test results	MRR 0.863629	H@1 0.753404	H@3 0.967474	H@5 0.982602	H@10 0.990166
INFO:meta-cli.py:Epoch 100/100	Loss 5.5663 ± 0.1216
INFO:meta-cli.py:Final 	dev results	MRR 0.870011	H@1 0.769172	H@3 0.965491	H@5 0.975460	H@10 0.986196
INFO:meta-cli.py:Final 	test results	MRR 0.863424	H@1 0.752648	H@3 0.968230	H@5 0.982602	H@10 0.990166
INFO:meta-cli.py:Training finished
