./bin/meta-cli.py --train data/nations/train.tsv --dev data/nations/dev.tsv --test data/nations/test.tsv -m complex -k 10 -b 100 -e 100 --F2 0 --N3 0.5 -l 0.1 -I reciprocal -V 3 -o adagrad -q
{'F2': 0.0,
 'N3': 0.5,
 'batch_size': 100,
 'dev': 'data/nations/dev.tsv',
 'embedding_size': 10,
 'epochs': 100,
 'eval_batch_size': None,
 'input_type': 'reciprocal',
 'learning_rate': 0.1,
 'load': None,
 'model': 'complex',
 'optimizer': 'adagrad',
 'quiet': True,
 'save': None,
 'seed': 0,
 'test': 'data/nations/test.tsv',
 'test_i': None,
 'test_ii': None,
 'train': 'data/nations/train.tsv',
 'validate_every': 3}
INFO:meta-cli.py:Device: cpu
INFO:meta-cli.py:Model state:
INFO:meta-cli.py:	entities.weight	torch.Size([14, 20])
INFO:meta-cli.py:	predicates.weight	torch.Size([110, 20])
INFO:meta-cli.py:Epoch 1/100	Loss 5.2801 ± 0.0068
INFO:meta-cli.py:Epoch 2/100	Loss 5.2781 ± 0.0000
INFO:meta-cli.py:Epoch 3/100	Loss 5.2781 ± 0.0000
INFO:meta-cli.py:Epoch 3/100	dev results	MRR 0.401723	H@1 0.211055	H@3 0.434673	H@5 0.658291	H@10 0.937186
INFO:meta-cli.py:Epoch 3/100	test results	MRR 0.423128	H@1 0.233831	H@3 0.455224	H@5 0.681592	H@10 0.947761
INFO:meta-cli.py:Epoch 4/100	Loss 5.2781 ± 0.0000
INFO:meta-cli.py:Epoch 5/100	Loss 5.2781 ± 0.0000
INFO:meta-cli.py:Epoch 6/100	Loss 5.2781 ± 0.0000
INFO:meta-cli.py:Epoch 6/100	dev results	MRR 0.403850	H@1 0.213568	H@3 0.444724	H@5 0.648241	H@10 0.942211
INFO:meta-cli.py:Epoch 6/100	test results	MRR 0.420657	H@1 0.236318	H@3 0.457711	H@5 0.659204	H@10 0.945274
INFO:meta-cli.py:Epoch 7/100	Loss 5.2781 ± 0.0000
INFO:meta-cli.py:Epoch 8/100	Loss 5.2781 ± 0.0000
INFO:meta-cli.py:Epoch 9/100	Loss 5.2781 ± 0.0000
INFO:meta-cli.py:Epoch 9/100	dev results	MRR 0.396551	H@1 0.206030	H@3 0.439698	H@5 0.645729	H@10 0.937186
INFO:meta-cli.py:Epoch 9/100	test results	MRR 0.421426	H@1 0.238806	H@3 0.457711	H@5 0.641791	H@10 0.935323
INFO:meta-cli.py:Epoch 10/100	Loss 5.2781 ± 0.0000
INFO:meta-cli.py:Epoch 11/100	Loss 5.2781 ± 0.0000
INFO:meta-cli.py:Epoch 12/100	Loss 5.2781 ± 0.0000
INFO:meta-cli.py:Epoch 12/100	dev results	MRR 0.394837	H@1 0.201005	H@3 0.437186	H@5 0.643216	H@10 0.932161
INFO:meta-cli.py:Epoch 12/100	test results	MRR 0.427152	H@1 0.246269	H@3 0.465174	H@5 0.641791	H@10 0.940299
INFO:meta-cli.py:Epoch 13/100	Loss 5.2781 ± 0.0000
INFO:meta-cli.py:Epoch 14/100	Loss 5.2781 ± 0.0000
INFO:meta-cli.py:Epoch 15/100	Loss 5.2781 ± 0.0000
INFO:meta-cli.py:Epoch 15/100	dev results	MRR 0.389961	H@1 0.193467	H@3 0.424623	H@5 0.658291	H@10 0.939698
INFO:meta-cli.py:Epoch 15/100	test results	MRR 0.427218	H@1 0.251244	H@3 0.455224	H@5 0.644279	H@10 0.937811
INFO:meta-cli.py:Epoch 16/100	Loss 5.2781 ± 0.0000
INFO:meta-cli.py:Epoch 17/100	Loss 5.2781 ± 0.0000
INFO:meta-cli.py:Epoch 18/100	Loss 5.2781 ± 0.0000
INFO:meta-cli.py:Epoch 18/100	dev results	MRR 0.383705	H@1 0.190955	H@3 0.414573	H@5 0.660804	H@10 0.939698
INFO:meta-cli.py:Epoch 18/100	test results	MRR 0.427454	H@1 0.251244	H@3 0.455224	H@5 0.641791	H@10 0.932836
INFO:meta-cli.py:Epoch 19/100	Loss 5.2781 ± 0.0000
INFO:meta-cli.py:Epoch 20/100	Loss 5.2781 ± 0.0000
INFO:meta-cli.py:Epoch 21/100	Loss 5.2781 ± 0.0000
INFO:meta-cli.py:Epoch 21/100	dev results	MRR 0.386521	H@1 0.193467	H@3 0.424623	H@5 0.663317	H@10 0.937186
INFO:meta-cli.py:Epoch 21/100	test results	MRR 0.425946	H@1 0.248756	H@3 0.460199	H@5 0.639303	H@10 0.935323
INFO:meta-cli.py:Epoch 22/100	Loss 5.2781 ± 0.0000
INFO:meta-cli.py:Epoch 23/100	Loss 5.2781 ± 0.0000
INFO:meta-cli.py:Epoch 24/100	Loss 5.2781 ± 0.0000
INFO:meta-cli.py:Epoch 24/100	dev results	MRR 0.388513	H@1 0.195980	H@3 0.432161	H@5 0.660804	H@10 0.937186
INFO:meta-cli.py:Epoch 24/100	test results	MRR 0.425711	H@1 0.248756	H@3 0.460199	H@5 0.634328	H@10 0.940299
INFO:meta-cli.py:Epoch 25/100	Loss 5.2781 ± 0.0000
INFO:meta-cli.py:Epoch 26/100	Loss 5.2781 ± 0.0000
INFO:meta-cli.py:Epoch 27/100	Loss 5.2781 ± 0.0000
INFO:meta-cli.py:Epoch 27/100	dev results	MRR 0.386695	H@1 0.193467	H@3 0.429648	H@5 0.655779	H@10 0.934673
INFO:meta-cli.py:Epoch 27/100	test results	MRR 0.424763	H@1 0.246269	H@3 0.465174	H@5 0.631841	H@10 0.942786
INFO:meta-cli.py:Epoch 28/100	Loss 5.2781 ± 0.0000
INFO:meta-cli.py:Epoch 29/100	Loss 5.2781 ± 0.0000
INFO:meta-cli.py:Epoch 30/100	Loss 5.2781 ± 0.0000
INFO:meta-cli.py:Epoch 30/100	dev results	MRR 0.383375	H@1 0.188442	H@3 0.427136	H@5 0.645729	H@10 0.929648
INFO:meta-cli.py:Epoch 30/100	test results	MRR 0.425858	H@1 0.248756	H@3 0.462687	H@5 0.629353	H@10 0.937811
INFO:meta-cli.py:Epoch 31/100	Loss 5.2781 ± 0.0000
INFO:meta-cli.py:Epoch 32/100	Loss 5.2781 ± 0.0000
INFO:meta-cli.py:Epoch 33/100	Loss 5.2781 ± 0.0000
INFO:meta-cli.py:Epoch 33/100	dev results	MRR 0.385348	H@1 0.190955	H@3 0.424623	H@5 0.643216	H@10 0.929648
INFO:meta-cli.py:Epoch 33/100	test results	MRR 0.423441	H@1 0.246269	H@3 0.462687	H@5 0.626866	H@10 0.937811
INFO:meta-cli.py:Epoch 34/100	Loss 5.2781 ± 0.0000
INFO:meta-cli.py:Epoch 35/100	Loss 5.2781 ± 0.0000
INFO:meta-cli.py:Epoch 36/100	Loss 5.2781 ± 0.0000
INFO:meta-cli.py:Epoch 36/100	dev results	MRR 0.383798	H@1 0.188442	H@3 0.417085	H@5 0.648241	H@10 0.929648
INFO:meta-cli.py:Epoch 36/100	test results	MRR 0.420848	H@1 0.241294	H@3 0.465174	H@5 0.624378	H@10 0.937811
INFO:meta-cli.py:Epoch 37/100	Loss 5.2781 ± 0.0000
INFO:meta-cli.py:Epoch 38/100	Loss 5.2781 ± 0.0000
INFO:meta-cli.py:Epoch 39/100	Loss 5.2781 ± 0.0000
INFO:meta-cli.py:Epoch 39/100	dev results	MRR 0.383460	H@1 0.188442	H@3 0.412060	H@5 0.648241	H@10 0.929648
INFO:meta-cli.py:Epoch 39/100	test results	MRR 0.419732	H@1 0.238806	H@3 0.462687	H@5 0.624378	H@10 0.937811
INFO:meta-cli.py:Epoch 40/100	Loss 5.2781 ± 0.0000
INFO:meta-cli.py:Epoch 41/100	Loss 5.2781 ± 0.0000
INFO:meta-cli.py:Epoch 42/100	Loss 5.2781 ± 0.0000
INFO:meta-cli.py:Epoch 42/100	dev results	MRR 0.384435	H@1 0.188442	H@3 0.412060	H@5 0.648241	H@10 0.929648
INFO:meta-cli.py:Epoch 42/100	test results	MRR 0.420930	H@1 0.241294	H@3 0.460199	H@5 0.621891	H@10 0.937811
INFO:meta-cli.py:Epoch 43/100	Loss 5.2781 ± 0.0000
INFO:meta-cli.py:Epoch 44/100	Loss 5.2781 ± 0.0000
INFO:meta-cli.py:Epoch 45/100	Loss 5.2781 ± 0.0000
INFO:meta-cli.py:Epoch 45/100	dev results	MRR 0.382257	H@1 0.183417	H@3 0.414573	H@5 0.650754	H@10 0.932161
INFO:meta-cli.py:Epoch 45/100	test results	MRR 0.422511	H@1 0.243781	H@3 0.460199	H@5 0.626866	H@10 0.937811
INFO:meta-cli.py:Epoch 46/100	Loss 5.2781 ± 0.0000
INFO:meta-cli.py:Epoch 47/100	Loss 5.2781 ± 0.0000
INFO:meta-cli.py:Epoch 48/100	Loss 5.2781 ± 0.0000
INFO:meta-cli.py:Epoch 48/100	dev results	MRR 0.382648	H@1 0.183417	H@3 0.419598	H@5 0.655779	H@10 0.932161
INFO:meta-cli.py:Epoch 48/100	test results	MRR 0.422271	H@1 0.241294	H@3 0.460199	H@5 0.631841	H@10 0.937811
INFO:meta-cli.py:Epoch 49/100	Loss 5.2781 ± 0.0000
INFO:meta-cli.py:Epoch 50/100	Loss 5.2781 ± 0.0000
INFO:meta-cli.py:Epoch 51/100	Loss 5.2781 ± 0.0000
INFO:meta-cli.py:Epoch 51/100	dev results	MRR 0.382187	H@1 0.180905	H@3 0.422111	H@5 0.660804	H@10 0.932161
INFO:meta-cli.py:Epoch 51/100	test results	MRR 0.421576	H@1 0.241294	H@3 0.460199	H@5 0.631841	H@10 0.937811
INFO:meta-cli.py:Epoch 52/100	Loss 5.2781 ± 0.0000
INFO:meta-cli.py:Epoch 53/100	Loss 5.2781 ± 0.0000
INFO:meta-cli.py:Epoch 54/100	Loss 5.2781 ± 0.0000
INFO:meta-cli.py:Epoch 54/100	dev results	MRR 0.380999	H@1 0.178392	H@3 0.422111	H@5 0.668342	H@10 0.929648
INFO:meta-cli.py:Epoch 54/100	test results	MRR 0.421716	H@1 0.241294	H@3 0.460199	H@5 0.634328	H@10 0.940299
INFO:meta-cli.py:Epoch 55/100	Loss 5.2781 ± 0.0000
INFO:meta-cli.py:Epoch 56/100	Loss 5.2781 ± 0.0000
INFO:meta-cli.py:Epoch 57/100	Loss 5.2781 ± 0.0000
INFO:meta-cli.py:Epoch 57/100	dev results	MRR 0.379634	H@1 0.175879	H@3 0.424623	H@5 0.665829	H@10 0.934673
INFO:meta-cli.py:Epoch 57/100	test results	MRR 0.420831	H@1 0.238806	H@3 0.460199	H@5 0.634328	H@10 0.940299
INFO:meta-cli.py:Epoch 58/100	Loss 5.2781 ± 0.0000
INFO:meta-cli.py:Epoch 59/100	Loss 5.2781 ± 0.0000
INFO:meta-cli.py:Epoch 60/100	Loss 5.2781 ± 0.0000
INFO:meta-cli.py:Epoch 60/100	dev results	MRR 0.379305	H@1 0.175879	H@3 0.424623	H@5 0.665829	H@10 0.934673
INFO:meta-cli.py:Epoch 60/100	test results	MRR 0.420073	H@1 0.236318	H@3 0.457711	H@5 0.634328	H@10 0.945274
INFO:meta-cli.py:Epoch 61/100	Loss 5.2781 ± 0.0000
INFO:meta-cli.py:Epoch 62/100	Loss 5.2781 ± 0.0000
INFO:meta-cli.py:Epoch 63/100	Loss 5.2781 ± 0.0000
INFO:meta-cli.py:Epoch 63/100	dev results	MRR 0.379114	H@1 0.175879	H@3 0.429648	H@5 0.665829	H@10 0.934673
INFO:meta-cli.py:Epoch 63/100	test results	MRR 0.418476	H@1 0.233831	H@3 0.455224	H@5 0.629353	H@10 0.945274
INFO:meta-cli.py:Epoch 64/100	Loss 5.2781 ± 0.0000
INFO:meta-cli.py:Epoch 65/100	Loss 5.2781 ± 0.0000
INFO:meta-cli.py:Epoch 66/100	Loss 5.2781 ± 0.0000
INFO:meta-cli.py:Epoch 66/100	dev results	MRR 0.379112	H@1 0.175879	H@3 0.427136	H@5 0.665829	H@10 0.932161
INFO:meta-cli.py:Epoch 66/100	test results	MRR 0.419564	H@1 0.236318	H@3 0.457711	H@5 0.629353	H@10 0.942786
INFO:meta-cli.py:Epoch 67/100	Loss 5.2781 ± 0.0000
INFO:meta-cli.py:Epoch 68/100	Loss 5.2781 ± 0.0000
INFO:meta-cli.py:Epoch 69/100	Loss 5.2781 ± 0.0000
INFO:meta-cli.py:Epoch 69/100	dev results	MRR 0.379032	H@1 0.175879	H@3 0.424623	H@5 0.670854	H@10 0.932161
INFO:meta-cli.py:Epoch 69/100	test results	MRR 0.419654	H@1 0.236318	H@3 0.457711	H@5 0.634328	H@10 0.942786
INFO:meta-cli.py:Epoch 70/100	Loss 5.2781 ± 0.0000
INFO:meta-cli.py:Epoch 71/100	Loss 5.2781 ± 0.0000
INFO:meta-cli.py:Epoch 72/100	Loss 5.2781 ± 0.0000
INFO:meta-cli.py:Epoch 72/100	dev results	MRR 0.380484	H@1 0.178392	H@3 0.422111	H@5 0.670854	H@10 0.932161
INFO:meta-cli.py:Epoch 72/100	test results	MRR 0.419263	H@1 0.236318	H@3 0.455224	H@5 0.634328	H@10 0.942786
INFO:meta-cli.py:Epoch 73/100	Loss 5.2781 ± 0.0000
INFO:meta-cli.py:Epoch 74/100	Loss 5.2781 ± 0.0000
INFO:meta-cli.py:Epoch 75/100	Loss 5.2781 ± 0.0000
INFO:meta-cli.py:Epoch 75/100	dev results	MRR 0.379350	H@1 0.175879	H@3 0.422111	H@5 0.670854	H@10 0.932161
INFO:meta-cli.py:Epoch 75/100	test results	MRR 0.419646	H@1 0.236318	H@3 0.455224	H@5 0.636816	H@10 0.942786
INFO:meta-cli.py:Epoch 76/100	Loss 5.2781 ± 0.0000
INFO:meta-cli.py:Epoch 77/100	Loss 5.2781 ± 0.0000
INFO:meta-cli.py:Epoch 78/100	Loss 5.2781 ± 0.0000
INFO:meta-cli.py:Epoch 78/100	dev results	MRR 0.378548	H@1 0.175879	H@3 0.419598	H@5 0.668342	H@10 0.932161
INFO:meta-cli.py:Epoch 78/100	test results	MRR 0.417758	H@1 0.233831	H@3 0.452736	H@5 0.636816	H@10 0.942786
INFO:meta-cli.py:Epoch 79/100	Loss 5.2781 ± 0.0000
INFO:meta-cli.py:Epoch 80/100	Loss 5.2781 ± 0.0000
INFO:meta-cli.py:Epoch 81/100	Loss 5.2781 ± 0.0000
INFO:meta-cli.py:Epoch 81/100	dev results	MRR 0.376835	H@1 0.173367	H@3 0.419598	H@5 0.665829	H@10 0.932161
INFO:meta-cli.py:Epoch 81/100	test results	MRR 0.418883	H@1 0.236318	H@3 0.450249	H@5 0.636816	H@10 0.940299
INFO:meta-cli.py:Epoch 82/100	Loss 5.2781 ± 0.0000
INFO:meta-cli.py:Epoch 83/100	Loss 5.2781 ± 0.0000
INFO:meta-cli.py:Epoch 84/100	Loss 5.2781 ± 0.0000
INFO:meta-cli.py:Epoch 84/100	dev results	MRR 0.376684	H@1 0.173367	H@3 0.419598	H@5 0.663317	H@10 0.932161
INFO:meta-cli.py:Epoch 84/100	test results	MRR 0.418982	H@1 0.236318	H@3 0.445274	H@5 0.636816	H@10 0.940299
INFO:meta-cli.py:Epoch 85/100	Loss 5.2781 ± 0.0000
INFO:meta-cli.py:Epoch 86/100	Loss 5.2781 ± 0.0000
INFO:meta-cli.py:Epoch 87/100	Loss 5.2781 ± 0.0000
INFO:meta-cli.py:Epoch 87/100	dev results	MRR 0.376975	H@1 0.173367	H@3 0.419598	H@5 0.663317	H@10 0.932161
INFO:meta-cli.py:Epoch 87/100	test results	MRR 0.419982	H@1 0.238806	H@3 0.445274	H@5 0.634328	H@10 0.942786
INFO:meta-cli.py:Epoch 88/100	Loss 5.2781 ± 0.0000
INFO:meta-cli.py:Epoch 89/100	Loss 5.2781 ± 0.0000
INFO:meta-cli.py:Epoch 90/100	Loss 5.2781 ± 0.0000
INFO:meta-cli.py:Epoch 90/100	dev results	MRR 0.377353	H@1 0.173367	H@3 0.419598	H@5 0.660804	H@10 0.932161
INFO:meta-cli.py:Epoch 90/100	test results	MRR 0.420204	H@1 0.238806	H@3 0.447761	H@5 0.636816	H@10 0.942786
INFO:meta-cli.py:Epoch 91/100	Loss 5.2781 ± 0.0000
INFO:meta-cli.py:Epoch 92/100	Loss 5.2781 ± 0.0000
INFO:meta-cli.py:Epoch 93/100	Loss 5.2781 ± 0.0000
INFO:meta-cli.py:Epoch 93/100	dev results	MRR 0.377419	H@1 0.173367	H@3 0.419598	H@5 0.660804	H@10 0.932161
INFO:meta-cli.py:Epoch 93/100	test results	MRR 0.420394	H@1 0.238806	H@3 0.450249	H@5 0.636816	H@10 0.945274
INFO:meta-cli.py:Epoch 94/100	Loss 5.2781 ± 0.0000
INFO:meta-cli.py:Epoch 95/100	Loss 5.2781 ± 0.0000
INFO:meta-cli.py:Epoch 96/100	Loss 5.2781 ± 0.0000
INFO:meta-cli.py:Epoch 96/100	dev results	MRR 0.377471	H@1 0.173367	H@3 0.419598	H@5 0.663317	H@10 0.932161
INFO:meta-cli.py:Epoch 96/100	test results	MRR 0.420416	H@1 0.238806	H@3 0.450249	H@5 0.636816	H@10 0.947761
INFO:meta-cli.py:Epoch 97/100	Loss 5.2781 ± 0.0000
INFO:meta-cli.py:Epoch 98/100	Loss 5.2781 ± 0.0000
INFO:meta-cli.py:Epoch 99/100	Loss 5.2781 ± 0.0000
INFO:meta-cli.py:Epoch 99/100	dev results	MRR 0.378811	H@1 0.175879	H@3 0.419598	H@5 0.665829	H@10 0.932161
INFO:meta-cli.py:Epoch 99/100	test results	MRR 0.418327	H@1 0.236318	H@3 0.450249	H@5 0.636816	H@10 0.947761
INFO:meta-cli.py:Epoch 100/100	Loss 5.2781 ± 0.0000
INFO:meta-cli.py:Final 	dev results	MRR 0.378682	H@1 0.175879	H@3 0.419598	H@5 0.663317	H@10 0.932161
INFO:meta-cli.py:Final 	test results	MRR 0.418120	H@1 0.236318	H@3 0.452736	H@5 0.636816	H@10 0.947761
INFO:meta-cli.py:Training finished
