./bin/meta-cli.py --train data/nations/train.tsv --dev data/nations/dev.tsv --test data/nations/test.tsv -m complex -k 50 -b 100 -e 100 --F2 0 --N3 0.1 -l 0.1 -I standard -V 3 -o adagrad -q
{'F2': 0.0,
 'N3': 0.1,
 'batch_size': 100,
 'dev': 'data/nations/dev.tsv',
 'embedding_size': 50,
 'epochs': 100,
 'eval_batch_size': None,
 'input_type': 'standard',
 'learning_rate': 0.1,
 'load': None,
 'model': 'complex',
 'optimizer': 'adagrad',
 'quiet': True,
 'save': None,
 'seed': 0,
 'test': 'data/nations/test.tsv',
 'test_i': None,
 'test_ii': None,
 'train': 'data/nations/train.tsv',
 'validate_every': 3}
INFO:meta-cli.py:Device: cpu
INFO:meta-cli.py:Model state:
INFO:meta-cli.py:	entities.weight	torch.Size([14, 100])
INFO:meta-cli.py:	predicates.weight	torch.Size([55, 100])
INFO:meta-cli.py:Epoch 1/100	Loss 5.2973 ± 0.0193
INFO:meta-cli.py:Epoch 2/100	Loss 5.2776 ± 0.0022
INFO:meta-cli.py:Epoch 3/100	Loss 5.2615 ± 0.0087
INFO:meta-cli.py:Epoch 3/100	dev results	MRR 0.569102	H@1 0.414573	H@3 0.633166	H@5 0.804020	H@10 0.969849
INFO:meta-cli.py:Epoch 3/100	test results	MRR 0.606040	H@1 0.437811	H@3 0.706468	H@5 0.830846	H@10 0.982587
INFO:meta-cli.py:Epoch 4/100	Loss 5.2299 ± 0.0515
INFO:meta-cli.py:Epoch 5/100	Loss 5.2050 ± 0.0448
INFO:meta-cli.py:Epoch 6/100	Loss 5.1936 ± 0.0441
INFO:meta-cli.py:Epoch 6/100	dev results	MRR 0.622303	H@1 0.477387	H@3 0.683417	H@5 0.806533	H@10 0.959799
INFO:meta-cli.py:Epoch 6/100	test results	MRR 0.650717	H@1 0.502488	H@3 0.741294	H@5 0.843284	H@10 0.977612
INFO:meta-cli.py:Epoch 7/100	Loss 5.1889 ± 0.0619
INFO:meta-cli.py:Epoch 8/100	Loss 5.1790 ± 0.0395
INFO:meta-cli.py:Epoch 9/100	Loss 5.1765 ± 0.0686
INFO:meta-cli.py:Epoch 9/100	dev results	MRR 0.635365	H@1 0.489950	H@3 0.711055	H@5 0.831658	H@10 0.969849
INFO:meta-cli.py:Epoch 9/100	test results	MRR 0.662485	H@1 0.514925	H@3 0.753731	H@5 0.853234	H@10 0.985075
INFO:meta-cli.py:Epoch 10/100	Loss 5.1737 ± 0.0687
INFO:meta-cli.py:Epoch 11/100	Loss 5.1694 ± 0.0498
INFO:meta-cli.py:Epoch 12/100	Loss 5.1655 ± 0.0416
INFO:meta-cli.py:Epoch 12/100	dev results	MRR 0.638866	H@1 0.492462	H@3 0.713568	H@5 0.851759	H@10 0.967337
INFO:meta-cli.py:Epoch 12/100	test results	MRR 0.673625	H@1 0.529851	H@3 0.768657	H@5 0.873134	H@10 0.992537
INFO:meta-cli.py:Epoch 13/100	Loss 5.1627 ± 0.0674
INFO:meta-cli.py:Epoch 14/100	Loss 5.1598 ± 0.0464
INFO:meta-cli.py:Epoch 15/100	Loss 5.1567 ± 0.0602
INFO:meta-cli.py:Epoch 15/100	dev results	MRR 0.646373	H@1 0.492462	H@3 0.751256	H@5 0.869347	H@10 0.972362
INFO:meta-cli.py:Epoch 15/100	test results	MRR 0.685938	H@1 0.542289	H@3 0.781095	H@5 0.885572	H@10 0.990050
INFO:meta-cli.py:Epoch 16/100	Loss 5.1533 ± 0.0532
INFO:meta-cli.py:Epoch 17/100	Loss 5.1500 ± 0.0586
INFO:meta-cli.py:Epoch 18/100	Loss 5.1473 ± 0.0448
INFO:meta-cli.py:Epoch 18/100	dev results	MRR 0.666143	H@1 0.517588	H@3 0.758794	H@5 0.881910	H@10 0.972362
INFO:meta-cli.py:Epoch 18/100	test results	MRR 0.705623	H@1 0.567164	H@3 0.808458	H@5 0.907960	H@10 0.990050
INFO:meta-cli.py:Epoch 19/100	Loss 5.1441 ± 0.0611
INFO:meta-cli.py:Epoch 20/100	Loss 5.1417 ± 0.0499
INFO:meta-cli.py:Epoch 21/100	Loss 5.1393 ± 0.0385
INFO:meta-cli.py:Epoch 21/100	dev results	MRR 0.678897	H@1 0.535176	H@3 0.768844	H@5 0.889447	H@10 0.974874
INFO:meta-cli.py:Epoch 21/100	test results	MRR 0.719051	H@1 0.584577	H@3 0.820896	H@5 0.907960	H@10 0.990050
INFO:meta-cli.py:Epoch 22/100	Loss 5.1371 ± 0.0624
INFO:meta-cli.py:Epoch 23/100	Loss 5.1349 ± 0.0540
INFO:meta-cli.py:Epoch 24/100	Loss 5.1334 ± 0.0482
INFO:meta-cli.py:Epoch 24/100	dev results	MRR 0.689004	H@1 0.552764	H@3 0.761307	H@5 0.889447	H@10 0.974874
INFO:meta-cli.py:Epoch 24/100	test results	MRR 0.717283	H@1 0.579602	H@3 0.825871	H@5 0.915423	H@10 0.992537
INFO:meta-cli.py:Epoch 25/100	Loss 5.1310 ± 0.0555
INFO:meta-cli.py:Epoch 26/100	Loss 5.1301 ± 0.0478
INFO:meta-cli.py:Epoch 27/100	Loss 5.1288 ± 0.0607
INFO:meta-cli.py:Epoch 27/100	dev results	MRR 0.691731	H@1 0.555276	H@3 0.771357	H@5 0.889447	H@10 0.979899
INFO:meta-cli.py:Epoch 27/100	test results	MRR 0.714198	H@1 0.572139	H@3 0.820896	H@5 0.920398	H@10 0.992537
INFO:meta-cli.py:Epoch 28/100	Loss 5.1278 ± 0.0527
INFO:meta-cli.py:Epoch 29/100	Loss 5.1251 ± 0.0483
INFO:meta-cli.py:Epoch 30/100	Loss 5.1243 ± 0.0567
INFO:meta-cli.py:Epoch 30/100	dev results	MRR 0.691257	H@1 0.550251	H@3 0.776382	H@5 0.889447	H@10 0.987437
INFO:meta-cli.py:Epoch 30/100	test results	MRR 0.711887	H@1 0.567164	H@3 0.823383	H@5 0.920398	H@10 0.992537
INFO:meta-cli.py:Epoch 31/100	Loss 5.1244 ± 0.0464
INFO:meta-cli.py:Epoch 32/100	Loss 5.1217 ± 0.0461
INFO:meta-cli.py:Epoch 33/100	Loss 5.1221 ± 0.0411
INFO:meta-cli.py:Epoch 33/100	dev results	MRR 0.690569	H@1 0.552764	H@3 0.771357	H@5 0.889447	H@10 0.987437
INFO:meta-cli.py:Epoch 33/100	test results	MRR 0.718305	H@1 0.577114	H@3 0.820896	H@5 0.917910	H@10 0.992537
INFO:meta-cli.py:Epoch 34/100	Loss 5.1206 ± 0.0684
INFO:meta-cli.py:Epoch 35/100	Loss 5.1199 ± 0.0498
INFO:meta-cli.py:Epoch 36/100	Loss 5.1195 ± 0.0565
INFO:meta-cli.py:Epoch 36/100	dev results	MRR 0.688353	H@1 0.550251	H@3 0.771357	H@5 0.889447	H@10 0.987437
INFO:meta-cli.py:Epoch 36/100	test results	MRR 0.718892	H@1 0.579602	H@3 0.820896	H@5 0.915423	H@10 0.992537
INFO:meta-cli.py:Epoch 37/100	Loss 5.1185 ± 0.0610
INFO:meta-cli.py:Epoch 38/100	Loss 5.1183 ± 0.0661
INFO:meta-cli.py:Epoch 39/100	Loss 5.1167 ± 0.0341
INFO:meta-cli.py:Epoch 39/100	dev results	MRR 0.696749	H@1 0.562814	H@3 0.776382	H@5 0.889447	H@10 0.984925
INFO:meta-cli.py:Epoch 39/100	test results	MRR 0.719497	H@1 0.579602	H@3 0.818408	H@5 0.917910	H@10 0.992537
INFO:meta-cli.py:Epoch 40/100	Loss 5.1165 ± 0.0536
INFO:meta-cli.py:Epoch 41/100	Loss 5.1165 ± 0.0671
INFO:meta-cli.py:Epoch 42/100	Loss 5.1156 ± 0.0699
INFO:meta-cli.py:Epoch 42/100	dev results	MRR 0.695270	H@1 0.557789	H@3 0.781407	H@5 0.889447	H@10 0.987437
INFO:meta-cli.py:Epoch 42/100	test results	MRR 0.718287	H@1 0.577114	H@3 0.818408	H@5 0.915423	H@10 0.992537
INFO:meta-cli.py:Epoch 43/100	Loss 5.1144 ± 0.0689
INFO:meta-cli.py:Epoch 44/100	Loss 5.1138 ± 0.0648
INFO:meta-cli.py:Epoch 45/100	Loss 5.1136 ± 0.0541
INFO:meta-cli.py:Epoch 45/100	dev results	MRR 0.696818	H@1 0.562814	H@3 0.776382	H@5 0.884422	H@10 0.987437
INFO:meta-cli.py:Epoch 45/100	test results	MRR 0.718073	H@1 0.579602	H@3 0.818408	H@5 0.912935	H@10 0.992537
INFO:meta-cli.py:Epoch 46/100	Loss 5.1129 ± 0.0709
INFO:meta-cli.py:Epoch 47/100	Loss 5.1118 ± 0.0786
INFO:meta-cli.py:Epoch 48/100	Loss 5.1116 ± 0.0544
INFO:meta-cli.py:Epoch 48/100	dev results	MRR 0.700768	H@1 0.567839	H@3 0.781407	H@5 0.891960	H@10 0.987437
INFO:meta-cli.py:Epoch 48/100	test results	MRR 0.720352	H@1 0.582090	H@3 0.818408	H@5 0.917910	H@10 0.992537
INFO:meta-cli.py:Epoch 49/100	Loss 5.1116 ± 0.0600
INFO:meta-cli.py:Epoch 50/100	Loss 5.1111 ± 0.0645
INFO:meta-cli.py:Epoch 51/100	Loss 5.1114 ± 0.0640
INFO:meta-cli.py:Epoch 51/100	dev results	MRR 0.700444	H@1 0.565327	H@3 0.781407	H@5 0.889447	H@10 0.987437
INFO:meta-cli.py:Epoch 51/100	test results	MRR 0.717823	H@1 0.577114	H@3 0.818408	H@5 0.920398	H@10 0.992537
INFO:meta-cli.py:Epoch 52/100	Loss 5.1109 ± 0.0369
INFO:meta-cli.py:Epoch 53/100	Loss 5.1098 ± 0.0497
INFO:meta-cli.py:Epoch 54/100	Loss 5.1099 ± 0.0610
INFO:meta-cli.py:Epoch 54/100	dev results	MRR 0.701819	H@1 0.567839	H@3 0.778894	H@5 0.889447	H@10 0.987437
INFO:meta-cli.py:Epoch 54/100	test results	MRR 0.721445	H@1 0.584577	H@3 0.818408	H@5 0.917910	H@10 0.992537
INFO:meta-cli.py:Epoch 55/100	Loss 5.1102 ± 0.0618
INFO:meta-cli.py:Epoch 56/100	Loss 5.1093 ± 0.0737
INFO:meta-cli.py:Epoch 57/100	Loss 5.1093 ± 0.0701
INFO:meta-cli.py:Epoch 57/100	dev results	MRR 0.699500	H@1 0.560302	H@3 0.786432	H@5 0.889447	H@10 0.987437
INFO:meta-cli.py:Epoch 57/100	test results	MRR 0.718233	H@1 0.579602	H@3 0.815920	H@5 0.912935	H@10 0.992537
INFO:meta-cli.py:Epoch 58/100	Loss 5.1087 ± 0.0519
INFO:meta-cli.py:Epoch 59/100	Loss 5.1090 ± 0.0862
INFO:meta-cli.py:Epoch 60/100	Loss 5.1079 ± 0.0593
INFO:meta-cli.py:Epoch 60/100	dev results	MRR 0.700354	H@1 0.560302	H@3 0.793970	H@5 0.891960	H@10 0.987437
INFO:meta-cli.py:Epoch 60/100	test results	MRR 0.717798	H@1 0.579602	H@3 0.815920	H@5 0.915423	H@10 0.992537
INFO:meta-cli.py:Epoch 61/100	Loss 5.1082 ± 0.0675
INFO:meta-cli.py:Epoch 62/100	Loss 5.1070 ± 0.0674
INFO:meta-cli.py:Epoch 63/100	Loss 5.1068 ± 0.0323
INFO:meta-cli.py:Epoch 63/100	dev results	MRR 0.703003	H@1 0.565327	H@3 0.796482	H@5 0.889447	H@10 0.987437
INFO:meta-cli.py:Epoch 63/100	test results	MRR 0.719428	H@1 0.582090	H@3 0.815920	H@5 0.917910	H@10 0.992537
INFO:meta-cli.py:Epoch 64/100	Loss 5.1070 ± 0.0565
INFO:meta-cli.py:Epoch 65/100	Loss 5.1075 ± 0.0651
INFO:meta-cli.py:Epoch 66/100	Loss 5.1064 ± 0.0839
INFO:meta-cli.py:Epoch 66/100	dev results	MRR 0.703306	H@1 0.565327	H@3 0.793970	H@5 0.891960	H@10 0.987437
INFO:meta-cli.py:Epoch 66/100	test results	MRR 0.716126	H@1 0.574627	H@3 0.815920	H@5 0.917910	H@10 0.992537
INFO:meta-cli.py:Epoch 67/100	Loss 5.1055 ± 0.0541
INFO:meta-cli.py:Epoch 68/100	Loss 5.1060 ± 0.0344
INFO:meta-cli.py:Epoch 69/100	Loss 5.1049 ± 0.0454
INFO:meta-cli.py:Epoch 69/100	dev results	MRR 0.703196	H@1 0.565327	H@3 0.793970	H@5 0.891960	H@10 0.987437
INFO:meta-cli.py:Epoch 69/100	test results	MRR 0.715563	H@1 0.574627	H@3 0.815920	H@5 0.915423	H@10 0.992537
INFO:meta-cli.py:Epoch 70/100	Loss 5.1054 ± 0.0498
INFO:meta-cli.py:Epoch 71/100	Loss 5.1057 ± 0.0464
INFO:meta-cli.py:Epoch 72/100	Loss 5.1047 ± 0.0639
INFO:meta-cli.py:Epoch 72/100	dev results	MRR 0.703051	H@1 0.565327	H@3 0.791457	H@5 0.889447	H@10 0.989950
INFO:meta-cli.py:Epoch 72/100	test results	MRR 0.718199	H@1 0.577114	H@3 0.820896	H@5 0.917910	H@10 0.992537
INFO:meta-cli.py:Epoch 73/100	Loss 5.1051 ± 0.0561
INFO:meta-cli.py:Epoch 74/100	Loss 5.1046 ± 0.0549
INFO:meta-cli.py:Epoch 75/100	Loss 5.1046 ± 0.0531
INFO:meta-cli.py:Epoch 75/100	dev results	MRR 0.702630	H@1 0.562814	H@3 0.793970	H@5 0.889447	H@10 0.987437
INFO:meta-cli.py:Epoch 75/100	test results	MRR 0.718036	H@1 0.577114	H@3 0.820896	H@5 0.920398	H@10 0.992537
INFO:meta-cli.py:Epoch 76/100	Loss 5.1034 ± 0.0649
INFO:meta-cli.py:Epoch 77/100	Loss 5.1043 ± 0.0580
INFO:meta-cli.py:Epoch 78/100	Loss 5.1038 ± 0.0475
INFO:meta-cli.py:Epoch 78/100	dev results	MRR 0.702505	H@1 0.562814	H@3 0.793970	H@5 0.889447	H@10 0.987437
INFO:meta-cli.py:Epoch 78/100	test results	MRR 0.717953	H@1 0.577114	H@3 0.820896	H@5 0.917910	H@10 0.992537
INFO:meta-cli.py:Epoch 79/100	Loss 5.1042 ± 0.0454
INFO:meta-cli.py:Epoch 80/100	Loss 5.1029 ± 0.0505
INFO:meta-cli.py:Epoch 81/100	Loss 5.1030 ± 0.0465
INFO:meta-cli.py:Epoch 81/100	dev results	MRR 0.700086	H@1 0.557789	H@3 0.791457	H@5 0.894472	H@10 0.987437
INFO:meta-cli.py:Epoch 81/100	test results	MRR 0.716537	H@1 0.574627	H@3 0.820896	H@5 0.917910	H@10 0.992537
INFO:meta-cli.py:Epoch 82/100	Loss 5.1033 ± 0.0586
INFO:meta-cli.py:Epoch 83/100	Loss 5.1033 ± 0.0755
INFO:meta-cli.py:Epoch 84/100	Loss 5.1035 ± 0.0584
INFO:meta-cli.py:Epoch 84/100	dev results	MRR 0.701886	H@1 0.560302	H@3 0.793970	H@5 0.889447	H@10 0.989950
INFO:meta-cli.py:Epoch 84/100	test results	MRR 0.716464	H@1 0.574627	H@3 0.820896	H@5 0.920398	H@10 0.992537
INFO:meta-cli.py:Epoch 85/100	Loss 5.1030 ± 0.0603
INFO:meta-cli.py:Epoch 86/100	Loss 5.1022 ± 0.0700
INFO:meta-cli.py:Epoch 87/100	Loss 5.1023 ± 0.0557
INFO:meta-cli.py:Epoch 87/100	dev results	MRR 0.703428	H@1 0.562814	H@3 0.793970	H@5 0.896985	H@10 0.989950
INFO:meta-cli.py:Epoch 87/100	test results	MRR 0.716464	H@1 0.574627	H@3 0.820896	H@5 0.920398	H@10 0.992537
INFO:meta-cli.py:Epoch 88/100	Loss 5.1019 ± 0.0487
INFO:meta-cli.py:Epoch 89/100	Loss 5.1019 ± 0.0556
INFO:meta-cli.py:Epoch 90/100	Loss 5.1024 ± 0.0644
INFO:meta-cli.py:Epoch 90/100	dev results	MRR 0.698970	H@1 0.555276	H@3 0.788945	H@5 0.891960	H@10 0.992462
INFO:meta-cli.py:Epoch 90/100	test results	MRR 0.718553	H@1 0.577114	H@3 0.820896	H@5 0.920398	H@10 0.992537
INFO:meta-cli.py:Epoch 91/100	Loss 5.1013 ± 0.0425
INFO:meta-cli.py:Epoch 92/100	Loss 5.1017 ± 0.0670
INFO:meta-cli.py:Epoch 93/100	Loss 5.1012 ± 0.0464
INFO:meta-cli.py:Epoch 93/100	dev results	MRR 0.700678	H@1 0.557789	H@3 0.788945	H@5 0.891960	H@10 0.989950
INFO:meta-cli.py:Epoch 93/100	test results	MRR 0.719507	H@1 0.579602	H@3 0.820896	H@5 0.920398	H@10 0.990050
INFO:meta-cli.py:Epoch 94/100	Loss 5.1010 ± 0.0518
INFO:meta-cli.py:Epoch 95/100	Loss 5.1007 ± 0.0410
INFO:meta-cli.py:Epoch 96/100	Loss 5.1006 ± 0.0695
INFO:meta-cli.py:Epoch 96/100	dev results	MRR 0.701994	H@1 0.560302	H@3 0.793970	H@5 0.891960	H@10 0.989950
INFO:meta-cli.py:Epoch 96/100	test results	MRR 0.718012	H@1 0.577114	H@3 0.820896	H@5 0.917910	H@10 0.990050
INFO:meta-cli.py:Epoch 97/100	Loss 5.1012 ± 0.0679
INFO:meta-cli.py:Epoch 98/100	Loss 5.1011 ± 0.0635
INFO:meta-cli.py:Epoch 99/100	Loss 5.1008 ± 0.0495
INFO:meta-cli.py:Epoch 99/100	dev results	MRR 0.702943	H@1 0.562814	H@3 0.788945	H@5 0.894472	H@10 0.989950
INFO:meta-cli.py:Epoch 99/100	test results	MRR 0.717967	H@1 0.577114	H@3 0.818408	H@5 0.917910	H@10 0.992537
INFO:meta-cli.py:Epoch 100/100	Loss 5.1000 ± 0.0417
INFO:meta-cli.py:Final 	dev results	MRR 0.701911	H@1 0.560302	H@3 0.791457	H@5 0.891960	H@10 0.989950
INFO:meta-cli.py:Final 	test results	MRR 0.718322	H@1 0.577114	H@3 0.823383	H@5 0.917910	H@10 0.992537
INFO:meta-cli.py:Training finished
