./bin/meta-cli.py --train data/kinship/train.tsv --dev data/kinship/dev.tsv --test data/kinship/test.tsv -m complex -k 50 -b 100 -e 100 --F2 0 --N3 0.01 -l 0.1 -I reciprocal -V 3 -o adagrad -q
{'F2': 0.0,
 'N3': 0.01,
 'batch_size': 100,
 'dev': 'data/kinship/dev.tsv',
 'embedding_size': 50,
 'epochs': 100,
 'eval_batch_size': None,
 'input_type': 'reciprocal',
 'learning_rate': 0.1,
 'load': None,
 'model': 'complex',
 'optimizer': 'adagrad',
 'quiet': True,
 'save': None,
 'seed': 0,
 'test': 'data/kinship/test.tsv',
 'test_i': None,
 'test_ii': None,
 'train': 'data/kinship/train.tsv',
 'validate_every': 3}
INFO:meta-cli.py:Device: cpu
INFO:meta-cli.py:Model state:
INFO:meta-cli.py:	entities.weight	torch.Size([104, 100])
INFO:meta-cli.py:	predicates.weight	torch.Size([50, 100])
INFO:meta-cli.py:Epoch 1/100	Loss 7.1428 ± 1.1513
INFO:meta-cli.py:Epoch 2/100	Loss 5.8012 ± 0.1355
INFO:meta-cli.py:Epoch 3/100	Loss 5.5689 ± 0.1479
INFO:meta-cli.py:Epoch 3/100	dev results	MRR 0.804849	H@1 0.704120	H@3 0.890449	H@5 0.934457	H@10 0.971442
INFO:meta-cli.py:Epoch 3/100	test results	MRR 0.806868	H@1 0.703911	H@3 0.894320	H@5 0.942272	H@10 0.976723
INFO:meta-cli.py:Epoch 4/100	Loss 5.4602 ± 0.1605
INFO:meta-cli.py:Epoch 5/100	Loss 5.3933 ± 0.1548
INFO:meta-cli.py:Epoch 6/100	Loss 5.3484 ± 0.1504
INFO:meta-cli.py:Epoch 6/100	dev results	MRR 0.823383	H@1 0.727528	H@3 0.905899	H@5 0.945693	H@10 0.976124
INFO:meta-cli.py:Epoch 6/100	test results	MRR 0.828511	H@1 0.733706	H@3 0.911546	H@5 0.949255	H@10 0.979981
INFO:meta-cli.py:Epoch 7/100	Loss 5.3134 ± 0.1353
INFO:meta-cli.py:Epoch 8/100	Loss 5.2873 ± 0.1424
INFO:meta-cli.py:Epoch 9/100	Loss 5.2663 ± 0.1381
INFO:meta-cli.py:Epoch 9/100	dev results	MRR 0.828939	H@1 0.734082	H@3 0.914326	H@5 0.948034	H@10 0.975187
INFO:meta-cli.py:Epoch 9/100	test results	MRR 0.833365	H@1 0.742551	H@3 0.913873	H@5 0.951583	H@10 0.978119
INFO:meta-cli.py:Epoch 10/100	Loss 5.2487 ± 0.1475
INFO:meta-cli.py:Epoch 11/100	Loss 5.2340 ± 0.1377
INFO:meta-cli.py:Epoch 12/100	Loss 5.2209 ± 0.1378
INFO:meta-cli.py:Epoch 12/100	dev results	MRR 0.827866	H@1 0.732210	H@3 0.912453	H@5 0.948502	H@10 0.974719
INFO:meta-cli.py:Epoch 12/100	test results	MRR 0.833879	H@1 0.744879	H@3 0.909218	H@5 0.952514	H@10 0.979050
INFO:meta-cli.py:Epoch 13/100	Loss 5.2101 ± 0.1337
INFO:meta-cli.py:Epoch 14/100	Loss 5.1993 ± 0.1361
INFO:meta-cli.py:Epoch 15/100	Loss 5.1911 ± 0.1357
INFO:meta-cli.py:Epoch 15/100	dev results	MRR 0.828895	H@1 0.734082	H@3 0.912921	H@5 0.947566	H@10 0.974251
INFO:meta-cli.py:Epoch 15/100	test results	MRR 0.836075	H@1 0.748138	H@3 0.909683	H@5 0.949721	H@10 0.979981
INFO:meta-cli.py:Epoch 16/100	Loss 5.1824 ± 0.1287
INFO:meta-cli.py:Epoch 17/100	Loss 5.1748 ± 0.1234
INFO:meta-cli.py:Epoch 18/100	Loss 5.1685 ± 0.1306
INFO:meta-cli.py:Epoch 18/100	dev results	MRR 0.829164	H@1 0.735955	H@3 0.911049	H@5 0.946161	H@10 0.973783
INFO:meta-cli.py:Epoch 18/100	test results	MRR 0.835115	H@1 0.746276	H@3 0.911080	H@5 0.948790	H@10 0.979981
INFO:meta-cli.py:Epoch 19/100	Loss 5.1625 ± 0.1287
INFO:meta-cli.py:Epoch 20/100	Loss 5.1561 ± 0.1290
INFO:meta-cli.py:Epoch 21/100	Loss 5.1506 ± 0.1270
INFO:meta-cli.py:Epoch 21/100	dev results	MRR 0.829427	H@1 0.735955	H@3 0.912453	H@5 0.947566	H@10 0.973783
INFO:meta-cli.py:Epoch 21/100	test results	MRR 0.835021	H@1 0.746741	H@3 0.907356	H@5 0.947393	H@10 0.980447
INFO:meta-cli.py:Epoch 22/100	Loss 5.1461 ± 0.1366
INFO:meta-cli.py:Epoch 23/100	Loss 5.1411 ± 0.1198
INFO:meta-cli.py:Epoch 24/100	Loss 5.1370 ± 0.1401
INFO:meta-cli.py:Epoch 24/100	dev results	MRR 0.829334	H@1 0.736423	H@3 0.910581	H@5 0.948034	H@10 0.973783
INFO:meta-cli.py:Epoch 24/100	test results	MRR 0.835874	H@1 0.747672	H@3 0.908287	H@5 0.946462	H@10 0.980447
INFO:meta-cli.py:Epoch 25/100	Loss 5.1330 ± 0.1241
INFO:meta-cli.py:Epoch 26/100	Loss 5.1290 ± 0.1180
INFO:meta-cli.py:Epoch 27/100	Loss 5.1253 ± 0.1307
INFO:meta-cli.py:Epoch 27/100	dev results	MRR 0.828115	H@1 0.735019	H@3 0.909176	H@5 0.948502	H@10 0.973783
INFO:meta-cli.py:Epoch 27/100	test results	MRR 0.831435	H@1 0.738827	H@3 0.906890	H@5 0.945531	H@10 0.980447
INFO:meta-cli.py:Epoch 28/100	Loss 5.1221 ± 0.1093
INFO:meta-cli.py:Epoch 29/100	Loss 5.1189 ± 0.1261
INFO:meta-cli.py:Epoch 30/100	Loss 5.1154 ± 0.1265
INFO:meta-cli.py:Epoch 30/100	dev results	MRR 0.828618	H@1 0.736891	H@3 0.906835	H@5 0.948502	H@10 0.972378
INFO:meta-cli.py:Epoch 30/100	test results	MRR 0.832459	H@1 0.742086	H@3 0.906890	H@5 0.945531	H@10 0.979981
INFO:meta-cli.py:Epoch 31/100	Loss 5.1127 ± 0.1290
INFO:meta-cli.py:Epoch 32/100	Loss 5.1096 ± 0.1211
INFO:meta-cli.py:Epoch 33/100	Loss 5.1069 ± 0.1080
INFO:meta-cli.py:Epoch 33/100	dev results	MRR 0.826364	H@1 0.733146	H@3 0.905431	H@5 0.947566	H@10 0.972846
INFO:meta-cli.py:Epoch 33/100	test results	MRR 0.832203	H@1 0.742086	H@3 0.908287	H@5 0.945996	H@10 0.979516
INFO:meta-cli.py:Epoch 34/100	Loss 5.1045 ± 0.1092
INFO:meta-cli.py:Epoch 35/100	Loss 5.1018 ± 0.1145
INFO:meta-cli.py:Epoch 36/100	Loss 5.0993 ± 0.1180
INFO:meta-cli.py:Epoch 36/100	dev results	MRR 0.827590	H@1 0.735955	H@3 0.902622	H@5 0.947097	H@10 0.972846
INFO:meta-cli.py:Epoch 36/100	test results	MRR 0.831620	H@1 0.740689	H@3 0.909683	H@5 0.947858	H@10 0.979050
INFO:meta-cli.py:Epoch 37/100	Loss 5.0971 ± 0.1163
INFO:meta-cli.py:Epoch 38/100	Loss 5.0951 ± 0.1225
INFO:meta-cli.py:Epoch 39/100	Loss 5.0929 ± 0.1180
INFO:meta-cli.py:Epoch 39/100	dev results	MRR 0.825353	H@1 0.732678	H@3 0.902622	H@5 0.947097	H@10 0.972378
INFO:meta-cli.py:Epoch 39/100	test results	MRR 0.831955	H@1 0.741155	H@3 0.913873	H@5 0.947858	H@10 0.977654
INFO:meta-cli.py:Epoch 40/100	Loss 5.0908 ± 0.1186
INFO:meta-cli.py:Epoch 41/100	Loss 5.0889 ± 0.1088
INFO:meta-cli.py:Epoch 42/100	Loss 5.0867 ± 0.1111
INFO:meta-cli.py:Epoch 42/100	dev results	MRR 0.826326	H@1 0.735019	H@3 0.904026	H@5 0.947097	H@10 0.973315
INFO:meta-cli.py:Epoch 42/100	test results	MRR 0.830902	H@1 0.738827	H@3 0.910615	H@5 0.947393	H@10 0.979050
INFO:meta-cli.py:Epoch 43/100	Loss 5.0851 ± 0.1275
INFO:meta-cli.py:Epoch 44/100	Loss 5.0833 ± 0.1286
INFO:meta-cli.py:Epoch 45/100	Loss 5.0816 ± 0.1126
INFO:meta-cli.py:Epoch 45/100	dev results	MRR 0.824869	H@1 0.732210	H@3 0.903090	H@5 0.947097	H@10 0.972846
INFO:meta-cli.py:Epoch 45/100	test results	MRR 0.830179	H@1 0.738361	H@3 0.912942	H@5 0.945531	H@10 0.978585
INFO:meta-cli.py:Epoch 46/100	Loss 5.0799 ± 0.1208
INFO:meta-cli.py:Epoch 47/100	Loss 5.0780 ± 0.1278
INFO:meta-cli.py:Epoch 48/100	Loss 5.0765 ± 0.1211
INFO:meta-cli.py:Epoch 48/100	dev results	MRR 0.824000	H@1 0.730805	H@3 0.903090	H@5 0.946161	H@10 0.972846
INFO:meta-cli.py:Epoch 48/100	test results	MRR 0.829187	H@1 0.736499	H@3 0.911080	H@5 0.946927	H@10 0.978119
INFO:meta-cli.py:Epoch 49/100	Loss 5.0750 ± 0.1125
INFO:meta-cli.py:Epoch 50/100	Loss 5.0737 ± 0.1126
INFO:meta-cli.py:Epoch 51/100	Loss 5.0721 ± 0.1156
INFO:meta-cli.py:Epoch 51/100	dev results	MRR 0.821403	H@1 0.726124	H@3 0.900749	H@5 0.945225	H@10 0.972378
INFO:meta-cli.py:Epoch 51/100	test results	MRR 0.827769	H@1 0.734171	H@3 0.910615	H@5 0.947393	H@10 0.978119
INFO:meta-cli.py:Epoch 52/100	Loss 5.0709 ± 0.1151
INFO:meta-cli.py:Epoch 53/100	Loss 5.0696 ± 0.1137
INFO:meta-cli.py:Epoch 54/100	Loss 5.0680 ± 0.1061
INFO:meta-cli.py:Epoch 54/100	dev results	MRR 0.822882	H@1 0.729869	H@3 0.899345	H@5 0.946161	H@10 0.972846
INFO:meta-cli.py:Epoch 54/100	test results	MRR 0.826855	H@1 0.732309	H@3 0.910149	H@5 0.947393	H@10 0.977654
INFO:meta-cli.py:Epoch 55/100	Loss 5.0669 ± 0.1148
INFO:meta-cli.py:Epoch 56/100	Loss 5.0654 ± 0.1130
INFO:meta-cli.py:Epoch 57/100	Loss 5.0643 ± 0.1173
INFO:meta-cli.py:Epoch 57/100	dev results	MRR 0.822935	H@1 0.729401	H@3 0.901217	H@5 0.946161	H@10 0.972846
INFO:meta-cli.py:Epoch 57/100	test results	MRR 0.826213	H@1 0.731378	H@3 0.912011	H@5 0.946927	H@10 0.977654
INFO:meta-cli.py:Epoch 58/100	Loss 5.0632 ± 0.1161
INFO:meta-cli.py:Epoch 59/100	Loss 5.0619 ± 0.1214
INFO:meta-cli.py:Epoch 60/100	Loss 5.0608 ± 0.1154
INFO:meta-cli.py:Epoch 60/100	dev results	MRR 0.823461	H@1 0.730805	H@3 0.898408	H@5 0.947097	H@10 0.972846
INFO:meta-cli.py:Epoch 60/100	test results	MRR 0.825636	H@1 0.730447	H@3 0.911546	H@5 0.946927	H@10 0.977654
INFO:meta-cli.py:Epoch 61/100	Loss 5.0597 ± 0.1151
INFO:meta-cli.py:Epoch 62/100	Loss 5.0585 ± 0.1116
INFO:meta-cli.py:Epoch 63/100	Loss 5.0575 ± 0.1219
INFO:meta-cli.py:Epoch 63/100	dev results	MRR 0.823563	H@1 0.730805	H@3 0.900281	H@5 0.946629	H@10 0.972846
INFO:meta-cli.py:Epoch 63/100	test results	MRR 0.826409	H@1 0.731378	H@3 0.911080	H@5 0.947393	H@10 0.978119
INFO:meta-cli.py:Epoch 64/100	Loss 5.0565 ± 0.1105
INFO:meta-cli.py:Epoch 65/100	Loss 5.0554 ± 0.1175
INFO:meta-cli.py:Epoch 66/100	Loss 5.0543 ± 0.1121
INFO:meta-cli.py:Epoch 66/100	dev results	MRR 0.824162	H@1 0.732210	H@3 0.898876	H@5 0.947097	H@10 0.972846
INFO:meta-cli.py:Epoch 66/100	test results	MRR 0.826226	H@1 0.731378	H@3 0.910615	H@5 0.946462	H@10 0.978119
INFO:meta-cli.py:Epoch 67/100	Loss 5.0536 ± 0.1213
INFO:meta-cli.py:Epoch 68/100	Loss 5.0524 ± 0.1289
INFO:meta-cli.py:Epoch 69/100	Loss 5.0517 ± 0.1071
INFO:meta-cli.py:Epoch 69/100	dev results	MRR 0.822441	H@1 0.728933	H@3 0.899345	H@5 0.946629	H@10 0.972846
INFO:meta-cli.py:Epoch 69/100	test results	MRR 0.825119	H@1 0.729050	H@3 0.910615	H@5 0.946927	H@10 0.978585
INFO:meta-cli.py:Epoch 70/100	Loss 5.0508 ± 0.1078
INFO:meta-cli.py:Epoch 71/100	Loss 5.0498 ± 0.1124
INFO:meta-cli.py:Epoch 72/100	Loss 5.0491 ± 0.1157
INFO:meta-cli.py:Epoch 72/100	dev results	MRR 0.822302	H@1 0.727996	H@3 0.898876	H@5 0.946161	H@10 0.973315
INFO:meta-cli.py:Epoch 72/100	test results	MRR 0.826591	H@1 0.731378	H@3 0.909683	H@5 0.947858	H@10 0.978119
INFO:meta-cli.py:Epoch 73/100	Loss 5.0482 ± 0.1156
INFO:meta-cli.py:Epoch 74/100	Loss 5.0473 ± 0.1096
INFO:meta-cli.py:Epoch 75/100	Loss 5.0468 ± 0.1089
INFO:meta-cli.py:Epoch 75/100	dev results	MRR 0.820393	H@1 0.724251	H@3 0.900281	H@5 0.947566	H@10 0.973315
INFO:meta-cli.py:Epoch 75/100	test results	MRR 0.824688	H@1 0.728119	H@3 0.909683	H@5 0.947858	H@10 0.978119
INFO:meta-cli.py:Epoch 76/100	Loss 5.0458 ± 0.1169
INFO:meta-cli.py:Epoch 77/100	Loss 5.0448 ± 0.1072
INFO:meta-cli.py:Epoch 78/100	Loss 5.0439 ± 0.1112
INFO:meta-cli.py:Epoch 78/100	dev results	MRR 0.821018	H@1 0.726124	H@3 0.898408	H@5 0.946629	H@10 0.972846
INFO:meta-cli.py:Epoch 78/100	test results	MRR 0.824243	H@1 0.727654	H@3 0.910149	H@5 0.947858	H@10 0.977188
INFO:meta-cli.py:Epoch 79/100	Loss 5.0433 ± 0.1139
INFO:meta-cli.py:Epoch 80/100	Loss 5.0426 ± 0.1110
INFO:meta-cli.py:Epoch 81/100	Loss 5.0420 ± 0.1252
INFO:meta-cli.py:Epoch 81/100	dev results	MRR 0.821888	H@1 0.727060	H@3 0.899345	H@5 0.946629	H@10 0.972378
INFO:meta-cli.py:Epoch 81/100	test results	MRR 0.823439	H@1 0.725791	H@3 0.909683	H@5 0.947858	H@10 0.976723
INFO:meta-cli.py:Epoch 82/100	Loss 5.0411 ± 0.0963
INFO:meta-cli.py:Epoch 83/100	Loss 5.0405 ± 0.1064
INFO:meta-cli.py:Epoch 84/100	Loss 5.0398 ± 0.0970
INFO:meta-cli.py:Epoch 84/100	dev results	MRR 0.820498	H@1 0.724251	H@3 0.900281	H@5 0.947566	H@10 0.972378
INFO:meta-cli.py:Epoch 84/100	test results	MRR 0.824811	H@1 0.728585	H@3 0.910149	H@5 0.948324	H@10 0.976723
INFO:meta-cli.py:Epoch 85/100	Loss 5.0391 ± 0.1099
INFO:meta-cli.py:Epoch 86/100	Loss 5.0384 ± 0.1203
INFO:meta-cli.py:Epoch 87/100	Loss 5.0379 ± 0.1151
INFO:meta-cli.py:Epoch 87/100	dev results	MRR 0.819475	H@1 0.722378	H@3 0.899813	H@5 0.947097	H@10 0.972846
INFO:meta-cli.py:Epoch 87/100	test results	MRR 0.823752	H@1 0.727188	H@3 0.908287	H@5 0.948790	H@10 0.976723
INFO:meta-cli.py:Epoch 88/100	Loss 5.0373 ± 0.1027
INFO:meta-cli.py:Epoch 89/100	Loss 5.0364 ± 0.1103
INFO:meta-cli.py:Epoch 90/100	Loss 5.0358 ± 0.1095
INFO:meta-cli.py:Epoch 90/100	dev results	MRR 0.818034	H@1 0.719101	H@3 0.899345	H@5 0.948034	H@10 0.972846
INFO:meta-cli.py:Epoch 90/100	test results	MRR 0.822156	H@1 0.724860	H@3 0.908287	H@5 0.948324	H@10 0.976723
INFO:meta-cli.py:Epoch 91/100	Loss 5.0353 ± 0.1049
INFO:meta-cli.py:Epoch 92/100	Loss 5.0349 ± 0.1135
INFO:meta-cli.py:Epoch 93/100	Loss 5.0341 ± 0.1141
INFO:meta-cli.py:Epoch 93/100	dev results	MRR 0.817389	H@1 0.718633	H@3 0.898408	H@5 0.947566	H@10 0.972378
INFO:meta-cli.py:Epoch 93/100	test results	MRR 0.822068	H@1 0.724860	H@3 0.908752	H@5 0.948324	H@10 0.976723
INFO:meta-cli.py:Epoch 94/100	Loss 5.0333 ± 0.1124
INFO:meta-cli.py:Epoch 95/100	Loss 5.0328 ± 0.1153
INFO:meta-cli.py:Epoch 96/100	Loss 5.0322 ± 0.1074
INFO:meta-cli.py:Epoch 96/100	dev results	MRR 0.817254	H@1 0.718165	H@3 0.898876	H@5 0.947566	H@10 0.971910
INFO:meta-cli.py:Epoch 96/100	test results	MRR 0.822350	H@1 0.725326	H@3 0.908287	H@5 0.947858	H@10 0.976723
INFO:meta-cli.py:Epoch 97/100	Loss 5.0316 ± 0.0985
INFO:meta-cli.py:Epoch 98/100	Loss 5.0312 ± 0.1103
INFO:meta-cli.py:Epoch 99/100	Loss 5.0306 ± 0.1041
INFO:meta-cli.py:Epoch 99/100	dev results	MRR 0.816450	H@1 0.716292	H@3 0.898408	H@5 0.948502	H@10 0.971910
INFO:meta-cli.py:Epoch 99/100	test results	MRR 0.821880	H@1 0.724860	H@3 0.908287	H@5 0.946462	H@10 0.976723
INFO:meta-cli.py:Epoch 100/100	Loss 5.0300 ± 0.1068
INFO:meta-cli.py:Final 	dev results	MRR 0.816638	H@1 0.716760	H@3 0.897940	H@5 0.948502	H@10 0.971442
INFO:meta-cli.py:Final 	test results	MRR 0.821172	H@1 0.723929	H@3 0.907356	H@5 0.946462	H@10 0.976723
INFO:meta-cli.py:Training finished
