./bin/meta-cli.py --train data/nations/train.tsv --dev data/nations/dev.tsv --test data/nations/test.tsv -m complex -k 10 -b 100 -e 100 --F2 0 --N3 0.5 -l 0.1 -I standard -V 3 -o adagrad -q
{'F2': 0.0,
 'N3': 0.5,
 'batch_size': 100,
 'dev': 'data/nations/dev.tsv',
 'embedding_size': 10,
 'epochs': 100,
 'eval_batch_size': None,
 'input_type': 'standard',
 'learning_rate': 0.1,
 'load': None,
 'model': 'complex',
 'optimizer': 'adagrad',
 'quiet': True,
 'save': None,
 'seed': 0,
 'test': 'data/nations/test.tsv',
 'test_i': None,
 'test_ii': None,
 'train': 'data/nations/train.tsv',
 'validate_every': 3}
INFO:meta-cli.py:Device: cpu
INFO:meta-cli.py:Model state:
INFO:meta-cli.py:	entities.weight	torch.Size([14, 20])
INFO:meta-cli.py:	predicates.weight	torch.Size([55, 20])
INFO:meta-cli.py:Epoch 1/100	Loss 5.2816 ± 0.0099
INFO:meta-cli.py:Epoch 2/100	Loss 5.2781 ± 0.0001
INFO:meta-cli.py:Epoch 3/100	Loss 5.2781 ± 0.0000
INFO:meta-cli.py:Epoch 3/100	dev results	MRR 0.404070	H@1 0.178392	H@3 0.492462	H@5 0.716080	H@10 0.954774
INFO:meta-cli.py:Epoch 3/100	test results	MRR 0.415036	H@1 0.196517	H@3 0.507463	H@5 0.723881	H@10 0.955224
INFO:meta-cli.py:Epoch 4/100	Loss 5.2781 ± 0.0000
INFO:meta-cli.py:Epoch 5/100	Loss 5.2781 ± 0.0000
INFO:meta-cli.py:Epoch 6/100	Loss 5.2781 ± 0.0000
INFO:meta-cli.py:Epoch 6/100	dev results	MRR 0.415005	H@1 0.198492	H@3 0.510050	H@5 0.738693	H@10 0.952261
INFO:meta-cli.py:Epoch 6/100	test results	MRR 0.417766	H@1 0.203980	H@3 0.512438	H@5 0.743781	H@10 0.962687
INFO:meta-cli.py:Epoch 7/100	Loss 5.2781 ± 0.0000
INFO:meta-cli.py:Epoch 8/100	Loss 5.2781 ± 0.0000
INFO:meta-cli.py:Epoch 9/100	Loss 5.2781 ± 0.0000
INFO:meta-cli.py:Epoch 9/100	dev results	MRR 0.411703	H@1 0.193467	H@3 0.489950	H@5 0.756281	H@10 0.944724
INFO:meta-cli.py:Epoch 9/100	test results	MRR 0.419440	H@1 0.206468	H@3 0.519900	H@5 0.736318	H@10 0.962687
INFO:meta-cli.py:Epoch 10/100	Loss 5.2781 ± 0.0000
INFO:meta-cli.py:Epoch 11/100	Loss 5.2781 ± 0.0000
INFO:meta-cli.py:Epoch 12/100	Loss 5.2781 ± 0.0000
INFO:meta-cli.py:Epoch 12/100	dev results	MRR 0.408322	H@1 0.185930	H@3 0.497487	H@5 0.746231	H@10 0.947236
INFO:meta-cli.py:Epoch 12/100	test results	MRR 0.415771	H@1 0.206468	H@3 0.507463	H@5 0.733831	H@10 0.960199
INFO:meta-cli.py:Epoch 13/100	Loss 5.2781 ± 0.0000
INFO:meta-cli.py:Epoch 14/100	Loss 5.2781 ± 0.0000
INFO:meta-cli.py:Epoch 15/100	Loss 5.2781 ± 0.0000
INFO:meta-cli.py:Epoch 15/100	dev results	MRR 0.409515	H@1 0.190955	H@3 0.502513	H@5 0.748744	H@10 0.947236
INFO:meta-cli.py:Epoch 15/100	test results	MRR 0.414703	H@1 0.203980	H@3 0.507463	H@5 0.731343	H@10 0.960199
INFO:meta-cli.py:Epoch 16/100	Loss 5.2781 ± 0.0000
INFO:meta-cli.py:Epoch 17/100	Loss 5.2781 ± 0.0000
INFO:meta-cli.py:Epoch 18/100	Loss 5.2781 ± 0.0000
INFO:meta-cli.py:Epoch 18/100	dev results	MRR 0.408050	H@1 0.185930	H@3 0.505025	H@5 0.751256	H@10 0.947236
INFO:meta-cli.py:Epoch 18/100	test results	MRR 0.421456	H@1 0.216418	H@3 0.502488	H@5 0.731343	H@10 0.960199
INFO:meta-cli.py:Epoch 19/100	Loss 5.2781 ± 0.0000
INFO:meta-cli.py:Epoch 20/100	Loss 5.2781 ± 0.0000
INFO:meta-cli.py:Epoch 21/100	Loss 5.2781 ± 0.0000
INFO:meta-cli.py:Epoch 21/100	dev results	MRR 0.405859	H@1 0.180905	H@3 0.505025	H@5 0.746231	H@10 0.949749
INFO:meta-cli.py:Epoch 21/100	test results	MRR 0.420835	H@1 0.213930	H@3 0.495025	H@5 0.736318	H@10 0.955224
INFO:meta-cli.py:Epoch 22/100	Loss 5.2781 ± 0.0000
INFO:meta-cli.py:Epoch 23/100	Loss 5.2781 ± 0.0000
INFO:meta-cli.py:Epoch 24/100	Loss 5.2781 ± 0.0000
INFO:meta-cli.py:Epoch 24/100	dev results	MRR 0.415297	H@1 0.195980	H@3 0.515075	H@5 0.743719	H@10 0.944724
INFO:meta-cli.py:Epoch 24/100	test results	MRR 0.425464	H@1 0.221393	H@3 0.497512	H@5 0.736318	H@10 0.957711
INFO:meta-cli.py:Epoch 25/100	Loss 5.2781 ± 0.0000
INFO:meta-cli.py:Epoch 26/100	Loss 5.2781 ± 0.0000
INFO:meta-cli.py:Epoch 27/100	Loss 5.2781 ± 0.0000
INFO:meta-cli.py:Epoch 27/100	dev results	MRR 0.415200	H@1 0.195980	H@3 0.515075	H@5 0.741206	H@10 0.944724
INFO:meta-cli.py:Epoch 27/100	test results	MRR 0.427974	H@1 0.226368	H@3 0.495025	H@5 0.731343	H@10 0.960199
INFO:meta-cli.py:Epoch 28/100	Loss 5.2781 ± 0.0000
INFO:meta-cli.py:Epoch 29/100	Loss 5.2781 ± 0.0000
INFO:meta-cli.py:Epoch 30/100	Loss 5.2781 ± 0.0000
INFO:meta-cli.py:Epoch 30/100	dev results	MRR 0.419176	H@1 0.201005	H@3 0.517588	H@5 0.736181	H@10 0.942211
INFO:meta-cli.py:Epoch 30/100	test results	MRR 0.432208	H@1 0.231343	H@3 0.502488	H@5 0.728856	H@10 0.960199
INFO:meta-cli.py:Epoch 31/100	Loss 5.2781 ± 0.0000
INFO:meta-cli.py:Epoch 32/100	Loss 5.2781 ± 0.0000
INFO:meta-cli.py:Epoch 33/100	Loss 5.2781 ± 0.0000
INFO:meta-cli.py:Epoch 33/100	dev results	MRR 0.418624	H@1 0.198492	H@3 0.520101	H@5 0.738693	H@10 0.942211
INFO:meta-cli.py:Epoch 33/100	test results	MRR 0.433216	H@1 0.231343	H@3 0.509950	H@5 0.733831	H@10 0.957711
INFO:meta-cli.py:Epoch 34/100	Loss 5.2781 ± 0.0000
INFO:meta-cli.py:Epoch 35/100	Loss 5.2781 ± 0.0000
INFO:meta-cli.py:Epoch 36/100	Loss 5.2781 ± 0.0000
INFO:meta-cli.py:Epoch 36/100	dev results	MRR 0.417997	H@1 0.195980	H@3 0.525126	H@5 0.736181	H@10 0.937186
INFO:meta-cli.py:Epoch 36/100	test results	MRR 0.433107	H@1 0.233831	H@3 0.514925	H@5 0.726368	H@10 0.960199
INFO:meta-cli.py:Epoch 37/100	Loss 5.2781 ± 0.0000
INFO:meta-cli.py:Epoch 38/100	Loss 5.2781 ± 0.0000
INFO:meta-cli.py:Epoch 39/100	Loss 5.2781 ± 0.0000
INFO:meta-cli.py:Epoch 39/100	dev results	MRR 0.416820	H@1 0.193467	H@3 0.532663	H@5 0.733668	H@10 0.937186
INFO:meta-cli.py:Epoch 39/100	test results	MRR 0.435815	H@1 0.236318	H@3 0.519900	H@5 0.726368	H@10 0.960199
INFO:meta-cli.py:Epoch 40/100	Loss 5.2781 ± 0.0000
INFO:meta-cli.py:Epoch 41/100	Loss 5.2781 ± 0.0000
INFO:meta-cli.py:Epoch 42/100	Loss 5.2781 ± 0.0000
INFO:meta-cli.py:Epoch 42/100	dev results	MRR 0.421864	H@1 0.201005	H@3 0.537688	H@5 0.733668	H@10 0.939698
INFO:meta-cli.py:Epoch 42/100	test results	MRR 0.435430	H@1 0.236318	H@3 0.519900	H@5 0.723881	H@10 0.960199
INFO:meta-cli.py:Epoch 43/100	Loss 5.2781 ± 0.0000
INFO:meta-cli.py:Epoch 44/100	Loss 5.2781 ± 0.0000
INFO:meta-cli.py:Epoch 45/100	Loss 5.2781 ± 0.0000
INFO:meta-cli.py:Epoch 45/100	dev results	MRR 0.422956	H@1 0.201005	H@3 0.540201	H@5 0.731156	H@10 0.942211
INFO:meta-cli.py:Epoch 45/100	test results	MRR 0.436037	H@1 0.233831	H@3 0.522388	H@5 0.726368	H@10 0.960199
INFO:meta-cli.py:Epoch 46/100	Loss 5.2781 ± 0.0000
INFO:meta-cli.py:Epoch 47/100	Loss 5.2781 ± 0.0000
INFO:meta-cli.py:Epoch 48/100	Loss 5.2781 ± 0.0000
INFO:meta-cli.py:Epoch 48/100	dev results	MRR 0.423506	H@1 0.201005	H@3 0.537688	H@5 0.733668	H@10 0.942211
INFO:meta-cli.py:Epoch 48/100	test results	MRR 0.435433	H@1 0.231343	H@3 0.524876	H@5 0.721393	H@10 0.960199
INFO:meta-cli.py:Epoch 49/100	Loss 5.2781 ± 0.0000
INFO:meta-cli.py:Epoch 50/100	Loss 5.2781 ± 0.0000
INFO:meta-cli.py:Epoch 51/100	Loss 5.2781 ± 0.0000
INFO:meta-cli.py:Epoch 51/100	dev results	MRR 0.423381	H@1 0.201005	H@3 0.535176	H@5 0.736181	H@10 0.942211
INFO:meta-cli.py:Epoch 51/100	test results	MRR 0.436005	H@1 0.231343	H@3 0.522388	H@5 0.721393	H@10 0.960199
INFO:meta-cli.py:Epoch 52/100	Loss 5.2781 ± 0.0000
INFO:meta-cli.py:Epoch 53/100	Loss 5.2781 ± 0.0000
INFO:meta-cli.py:Epoch 54/100	Loss 5.2781 ± 0.0000
INFO:meta-cli.py:Epoch 54/100	dev results	MRR 0.424527	H@1 0.203518	H@3 0.537688	H@5 0.731156	H@10 0.942211
INFO:meta-cli.py:Epoch 54/100	test results	MRR 0.434671	H@1 0.228856	H@3 0.519900	H@5 0.721393	H@10 0.960199
INFO:meta-cli.py:Epoch 55/100	Loss 5.2781 ± 0.0000
INFO:meta-cli.py:Epoch 56/100	Loss 5.2781 ± 0.0000
INFO:meta-cli.py:Epoch 57/100	Loss 5.2781 ± 0.0000
INFO:meta-cli.py:Epoch 57/100	dev results	MRR 0.424294	H@1 0.203518	H@3 0.537688	H@5 0.728643	H@10 0.942211
INFO:meta-cli.py:Epoch 57/100	test results	MRR 0.434306	H@1 0.228856	H@3 0.519900	H@5 0.721393	H@10 0.962687
INFO:meta-cli.py:Epoch 58/100	Loss 5.2781 ± 0.0000
INFO:meta-cli.py:Epoch 59/100	Loss 5.2781 ± 0.0000
INFO:meta-cli.py:Epoch 60/100	Loss 5.2781 ± 0.0000
INFO:meta-cli.py:Epoch 60/100	dev results	MRR 0.425633	H@1 0.206030	H@3 0.540201	H@5 0.726131	H@10 0.944724
INFO:meta-cli.py:Epoch 60/100	test results	MRR 0.433217	H@1 0.226368	H@3 0.519900	H@5 0.723881	H@10 0.960199
INFO:meta-cli.py:Epoch 61/100	Loss 5.2781 ± 0.0000
INFO:meta-cli.py:Epoch 62/100	Loss 5.2781 ± 0.0000
INFO:meta-cli.py:Epoch 63/100	Loss 5.2781 ± 0.0000
INFO:meta-cli.py:Epoch 63/100	dev results	MRR 0.426203	H@1 0.206030	H@3 0.542714	H@5 0.731156	H@10 0.944724
INFO:meta-cli.py:Epoch 63/100	test results	MRR 0.431547	H@1 0.223881	H@3 0.517413	H@5 0.721393	H@10 0.960199
INFO:meta-cli.py:Epoch 64/100	Loss 5.2781 ± 0.0000
INFO:meta-cli.py:Epoch 65/100	Loss 5.2781 ± 0.0000
INFO:meta-cli.py:Epoch 66/100	Loss 5.2781 ± 0.0000
INFO:meta-cli.py:Epoch 66/100	dev results	MRR 0.426228	H@1 0.206030	H@3 0.542714	H@5 0.731156	H@10 0.944724
INFO:meta-cli.py:Epoch 66/100	test results	MRR 0.431482	H@1 0.223881	H@3 0.514925	H@5 0.721393	H@10 0.962687
INFO:meta-cli.py:Epoch 67/100	Loss 5.2781 ± 0.0000
INFO:meta-cli.py:Epoch 68/100	Loss 5.2781 ± 0.0000
INFO:meta-cli.py:Epoch 69/100	Loss 5.2781 ± 0.0000
INFO:meta-cli.py:Epoch 69/100	dev results	MRR 0.428585	H@1 0.208543	H@3 0.550251	H@5 0.733668	H@10 0.944724
INFO:meta-cli.py:Epoch 69/100	test results	MRR 0.431546	H@1 0.223881	H@3 0.514925	H@5 0.721393	H@10 0.962687
INFO:meta-cli.py:Epoch 70/100	Loss 5.2781 ± 0.0000
INFO:meta-cli.py:Epoch 71/100	Loss 5.2781 ± 0.0000
INFO:meta-cli.py:Epoch 72/100	Loss 5.2781 ± 0.0000
INFO:meta-cli.py:Epoch 72/100	dev results	MRR 0.428083	H@1 0.208543	H@3 0.550251	H@5 0.738693	H@10 0.944724
INFO:meta-cli.py:Epoch 72/100	test results	MRR 0.434982	H@1 0.228856	H@3 0.517413	H@5 0.721393	H@10 0.962687
INFO:meta-cli.py:Epoch 73/100	Loss 5.2781 ± 0.0000
INFO:meta-cli.py:Epoch 74/100	Loss 5.2781 ± 0.0000
INFO:meta-cli.py:Epoch 75/100	Loss 5.2781 ± 0.0000
INFO:meta-cli.py:Epoch 75/100	dev results	MRR 0.429178	H@1 0.211055	H@3 0.550251	H@5 0.741206	H@10 0.944724
INFO:meta-cli.py:Epoch 75/100	test results	MRR 0.435227	H@1 0.228856	H@3 0.519900	H@5 0.718905	H@10 0.962687
INFO:meta-cli.py:Epoch 76/100	Loss 5.2781 ± 0.0000
INFO:meta-cli.py:Epoch 77/100	Loss 5.2781 ± 0.0000
INFO:meta-cli.py:Epoch 78/100	Loss 5.2781 ± 0.0000
INFO:meta-cli.py:Epoch 78/100	dev results	MRR 0.430058	H@1 0.211055	H@3 0.547739	H@5 0.741206	H@10 0.944724
INFO:meta-cli.py:Epoch 78/100	test results	MRR 0.435361	H@1 0.228856	H@3 0.522388	H@5 0.718905	H@10 0.962687
INFO:meta-cli.py:Epoch 79/100	Loss 5.2781 ± 0.0000
INFO:meta-cli.py:Epoch 80/100	Loss 5.2781 ± 0.0000
INFO:meta-cli.py:Epoch 81/100	Loss 5.2781 ± 0.0000
INFO:meta-cli.py:Epoch 81/100	dev results	MRR 0.432092	H@1 0.213568	H@3 0.547739	H@5 0.741206	H@10 0.944724
INFO:meta-cli.py:Epoch 81/100	test results	MRR 0.433751	H@1 0.226368	H@3 0.522388	H@5 0.716418	H@10 0.962687
INFO:meta-cli.py:Epoch 82/100	Loss 5.2781 ± 0.0000
INFO:meta-cli.py:Epoch 83/100	Loss 5.2781 ± 0.0000
INFO:meta-cli.py:Epoch 84/100	Loss 5.2781 ± 0.0000
INFO:meta-cli.py:Epoch 84/100	dev results	MRR 0.429649	H@1 0.208543	H@3 0.550251	H@5 0.741206	H@10 0.944724
INFO:meta-cli.py:Epoch 84/100	test results	MRR 0.433891	H@1 0.226368	H@3 0.519900	H@5 0.716418	H@10 0.960199
INFO:meta-cli.py:Epoch 85/100	Loss 5.2781 ± 0.0000
INFO:meta-cli.py:Epoch 86/100	Loss 5.2781 ± 0.0000
INFO:meta-cli.py:Epoch 87/100	Loss 5.2781 ± 0.0000
INFO:meta-cli.py:Epoch 87/100	dev results	MRR 0.428518	H@1 0.206030	H@3 0.552764	H@5 0.738693	H@10 0.944724
INFO:meta-cli.py:Epoch 87/100	test results	MRR 0.434271	H@1 0.226368	H@3 0.519900	H@5 0.716418	H@10 0.960199
INFO:meta-cli.py:Epoch 88/100	Loss 5.2781 ± 0.0000
INFO:meta-cli.py:Epoch 89/100	Loss 5.2781 ± 0.0000
INFO:meta-cli.py:Epoch 90/100	Loss 5.2781 ± 0.0000
INFO:meta-cli.py:Epoch 90/100	dev results	MRR 0.427914	H@1 0.206030	H@3 0.552764	H@5 0.738693	H@10 0.944724
INFO:meta-cli.py:Epoch 90/100	test results	MRR 0.436448	H@1 0.228856	H@3 0.522388	H@5 0.716418	H@10 0.960199
INFO:meta-cli.py:Epoch 91/100	Loss 5.2781 ± 0.0000
INFO:meta-cli.py:Epoch 92/100	Loss 5.2781 ± 0.0000
INFO:meta-cli.py:Epoch 93/100	Loss 5.2781 ± 0.0000
INFO:meta-cli.py:Epoch 93/100	dev results	MRR 0.430217	H@1 0.208543	H@3 0.555276	H@5 0.738693	H@10 0.944724
INFO:meta-cli.py:Epoch 93/100	test results	MRR 0.436761	H@1 0.228856	H@3 0.522388	H@5 0.718905	H@10 0.960199
INFO:meta-cli.py:Epoch 94/100	Loss 5.2781 ± 0.0000
INFO:meta-cli.py:Epoch 95/100	Loss 5.2781 ± 0.0000
INFO:meta-cli.py:Epoch 96/100	Loss 5.2781 ± 0.0000
INFO:meta-cli.py:Epoch 96/100	dev results	MRR 0.431862	H@1 0.211055	H@3 0.557789	H@5 0.738693	H@10 0.944724
INFO:meta-cli.py:Epoch 96/100	test results	MRR 0.440203	H@1 0.233831	H@3 0.522388	H@5 0.718905	H@10 0.960199
INFO:meta-cli.py:Epoch 97/100	Loss 5.2781 ± 0.0000
INFO:meta-cli.py:Epoch 98/100	Loss 5.2781 ± 0.0000
INFO:meta-cli.py:Epoch 99/100	Loss 5.2781 ± 0.0000
INFO:meta-cli.py:Epoch 99/100	dev results	MRR 0.432162	H@1 0.211055	H@3 0.560302	H@5 0.738693	H@10 0.944724
INFO:meta-cli.py:Epoch 99/100	test results	MRR 0.440087	H@1 0.233831	H@3 0.522388	H@5 0.718905	H@10 0.957711
INFO:meta-cli.py:Epoch 100/100	Loss 5.2781 ± 0.0000
INFO:meta-cli.py:Final 	dev results	MRR 0.432221	H@1 0.211055	H@3 0.560302	H@5 0.738693	H@10 0.944724
INFO:meta-cli.py:Final 	test results	MRR 0.440212	H@1 0.233831	H@3 0.522388	H@5 0.718905	H@10 0.957711
INFO:meta-cli.py:Training finished
