./bin/meta-cli.py --train data/umls/train.tsv --dev data/umls/dev.tsv --test data/umls/test.tsv -m complex -k 50 -b 100 -e 100 --F2 0 --N3 0.001 -l 0.1 -I standard -V 3 -o adagrad -q
{'F2': 0.0,
 'N3': 0.001,
 'batch_size': 100,
 'dev': 'data/umls/dev.tsv',
 'embedding_size': 50,
 'epochs': 100,
 'eval_batch_size': None,
 'input_type': 'standard',
 'learning_rate': 0.1,
 'load': None,
 'model': 'complex',
 'optimizer': 'adagrad',
 'quiet': True,
 'save': None,
 'seed': 0,
 'test': 'data/umls/test.tsv',
 'test_i': None,
 'test_ii': None,
 'train': 'data/umls/train.tsv',
 'validate_every': 3}
INFO:meta-cli.py:Device: cpu
INFO:meta-cli.py:Model state:
INFO:meta-cli.py:	entities.weight	torch.Size([135, 100])
INFO:meta-cli.py:	predicates.weight	torch.Size([46, 100])
INFO:meta-cli.py:Epoch 1/100	Loss 8.2192 ± 1.0816
INFO:meta-cli.py:Epoch 2/100	Loss 6.2628 ± 0.1432
INFO:meta-cli.py:Epoch 3/100	Loss 5.8641 ± 0.1568
INFO:meta-cli.py:Epoch 3/100	dev results	MRR 0.887811	H@1 0.804448	H@3 0.969325	H@5 0.979294	H@10 0.990031
INFO:meta-cli.py:Epoch 3/100	test results	MRR 0.877392	H@1 0.784418	H@3 0.968230	H@5 0.978820	H@10 0.992436
INFO:meta-cli.py:Epoch 4/100	Loss 5.6976 ± 0.1580
INFO:meta-cli.py:Epoch 5/100	Loss 5.6032 ± 0.1357
INFO:meta-cli.py:Epoch 6/100	Loss 5.5402 ± 0.1429
INFO:meta-cli.py:Epoch 6/100	dev results	MRR 0.883848	H@1 0.786810	H@3 0.976994	H@5 0.987730	H@10 0.992331
INFO:meta-cli.py:Epoch 6/100	test results	MRR 0.866580	H@1 0.756430	H@3 0.971256	H@5 0.990923	H@10 0.994705
INFO:meta-cli.py:Epoch 7/100	Loss 5.4902 ± 0.1335
INFO:meta-cli.py:Epoch 8/100	Loss 5.4602 ± 0.1682
INFO:meta-cli.py:Epoch 9/100	Loss 5.4148 ± 0.1811
INFO:meta-cli.py:Epoch 9/100	dev results	MRR 0.905079	H@1 0.828221	H@3 0.980061	H@5 0.986963	H@10 0.993865
INFO:meta-cli.py:Epoch 9/100	test results	MRR 0.892789	H@1 0.807867	H@3 0.975038	H@5 0.987897	H@10 0.993192
INFO:meta-cli.py:Epoch 10/100	Loss 5.4000 ± 0.1576
INFO:meta-cli.py:Epoch 11/100	Loss 5.3854 ± 0.1432
INFO:meta-cli.py:Epoch 12/100	Loss 5.3602 ± 0.1542
INFO:meta-cli.py:Epoch 12/100	dev results	MRR 0.899116	H@1 0.816718	H@3 0.979294	H@5 0.986963	H@10 0.993865
INFO:meta-cli.py:Epoch 12/100	test results	MRR 0.888282	H@1 0.798790	H@3 0.972769	H@5 0.988654	H@10 0.994705
INFO:meta-cli.py:Epoch 13/100	Loss 5.3568 ± 0.1737
INFO:meta-cli.py:Epoch 14/100	Loss 5.3292 ± 0.1362
INFO:meta-cli.py:Epoch 15/100	Loss 5.3273 ± 0.1504
INFO:meta-cli.py:Epoch 15/100	dev results	MRR 0.897615	H@1 0.812883	H@3 0.978528	H@5 0.986963	H@10 0.993865
INFO:meta-cli.py:Epoch 15/100	test results	MRR 0.886660	H@1 0.793495	H@3 0.975794	H@5 0.989410	H@10 0.994705
INFO:meta-cli.py:Epoch 16/100	Loss 5.2982 ± 0.1378
INFO:meta-cli.py:Epoch 17/100	Loss 5.2927 ± 0.1480
INFO:meta-cli.py:Epoch 18/100	Loss 5.2833 ± 0.1527
INFO:meta-cli.py:Epoch 18/100	dev results	MRR 0.899945	H@1 0.819018	H@3 0.976994	H@5 0.986963	H@10 0.992331
INFO:meta-cli.py:Epoch 18/100	test results	MRR 0.892751	H@1 0.807110	H@3 0.972769	H@5 0.987141	H@10 0.994705
INFO:meta-cli.py:Epoch 19/100	Loss 5.2705 ± 0.1455
INFO:meta-cli.py:Epoch 20/100	Loss 5.2693 ± 0.1326
INFO:meta-cli.py:Epoch 21/100	Loss 5.2697 ± 0.1489
INFO:meta-cli.py:Epoch 21/100	dev results	MRR 0.904216	H@1 0.828221	H@3 0.975460	H@5 0.987730	H@10 0.992331
INFO:meta-cli.py:Epoch 21/100	test results	MRR 0.898699	H@1 0.819213	H@3 0.974281	H@5 0.988654	H@10 0.994705
INFO:meta-cli.py:Epoch 22/100	Loss 5.2518 ± 0.1593
INFO:meta-cli.py:Epoch 23/100	Loss 5.2499 ± 0.1330
INFO:meta-cli.py:Epoch 24/100	Loss 5.2370 ± 0.1414
INFO:meta-cli.py:Epoch 24/100	dev results	MRR 0.898510	H@1 0.817485	H@3 0.976227	H@5 0.986963	H@10 0.993098
INFO:meta-cli.py:Epoch 24/100	test results	MRR 0.891058	H@1 0.804085	H@3 0.973525	H@5 0.986384	H@10 0.994705
INFO:meta-cli.py:Epoch 25/100	Loss 5.2356 ± 0.1388
INFO:meta-cli.py:Epoch 26/100	Loss 5.2204 ± 0.1704
INFO:meta-cli.py:Epoch 27/100	Loss 5.2346 ± 0.1531
INFO:meta-cli.py:Epoch 27/100	dev results	MRR 0.897842	H@1 0.815951	H@3 0.976227	H@5 0.987730	H@10 0.993098
INFO:meta-cli.py:Epoch 27/100	test results	MRR 0.887071	H@1 0.797277	H@3 0.973525	H@5 0.986384	H@10 0.994705
INFO:meta-cli.py:Epoch 28/100	Loss 5.2142 ± 0.1493
INFO:meta-cli.py:Epoch 29/100	Loss 5.2163 ± 0.1320
INFO:meta-cli.py:Epoch 30/100	Loss 5.2157 ± 0.1354
INFO:meta-cli.py:Epoch 30/100	dev results	MRR 0.904032	H@1 0.828988	H@3 0.974693	H@5 0.986196	H@10 0.993098
INFO:meta-cli.py:Epoch 30/100	test results	MRR 0.897151	H@1 0.819213	H@3 0.970499	H@5 0.985628	H@10 0.994705
INFO:meta-cli.py:Epoch 31/100	Loss 5.2093 ± 0.1452
INFO:meta-cli.py:Epoch 32/100	Loss 5.1925 ± 0.1580
INFO:meta-cli.py:Epoch 33/100	Loss 5.1989 ± 0.1384
INFO:meta-cli.py:Epoch 33/100	dev results	MRR 0.908511	H@1 0.838190	H@3 0.974693	H@5 0.986196	H@10 0.992331
INFO:meta-cli.py:Epoch 33/100	test results	MRR 0.904313	H@1 0.833585	H@3 0.971256	H@5 0.986384	H@10 0.994705
INFO:meta-cli.py:Epoch 34/100	Loss 5.1896 ± 0.1435
INFO:meta-cli.py:Epoch 35/100	Loss 5.1965 ± 0.1655
INFO:meta-cli.py:Epoch 36/100	Loss 5.1887 ± 0.1343
INFO:meta-cli.py:Epoch 36/100	dev results	MRR 0.901936	H@1 0.825920	H@3 0.973926	H@5 0.984663	H@10 0.992331
INFO:meta-cli.py:Epoch 36/100	test results	MRR 0.897156	H@1 0.819970	H@3 0.969743	H@5 0.984871	H@10 0.993949
INFO:meta-cli.py:Epoch 37/100	Loss 5.1917 ± 0.1296
INFO:meta-cli.py:Epoch 38/100	Loss 5.1760 ± 0.1391
INFO:meta-cli.py:Epoch 39/100	Loss 5.1758 ± 0.1858
INFO:meta-cli.py:Epoch 39/100	dev results	MRR 0.909819	H@1 0.842025	H@3 0.974693	H@5 0.983896	H@10 0.993098
INFO:meta-cli.py:Epoch 39/100	test results	MRR 0.903178	H@1 0.831316	H@3 0.968986	H@5 0.984871	H@10 0.994705
INFO:meta-cli.py:Epoch 40/100	Loss 5.1818 ± 0.1512
INFO:meta-cli.py:Epoch 41/100	Loss 5.1665 ± 0.1414
INFO:meta-cli.py:Epoch 42/100	Loss 5.1720 ± 0.1622
INFO:meta-cli.py:Epoch 42/100	dev results	MRR 0.909463	H@1 0.842025	H@3 0.973160	H@5 0.983896	H@10 0.992331
INFO:meta-cli.py:Epoch 42/100	test results	MRR 0.905280	H@1 0.835855	H@3 0.970499	H@5 0.984871	H@10 0.993949
INFO:meta-cli.py:Epoch 43/100	Loss 5.1723 ± 0.1758
INFO:meta-cli.py:Epoch 44/100	Loss 5.1602 ± 0.1492
INFO:meta-cli.py:Epoch 45/100	Loss 5.1671 ± 0.1430
INFO:meta-cli.py:Epoch 45/100	dev results	MRR 0.901869	H@1 0.827454	H@3 0.973160	H@5 0.984663	H@10 0.993098
INFO:meta-cli.py:Epoch 45/100	test results	MRR 0.897222	H@1 0.819970	H@3 0.968230	H@5 0.986384	H@10 0.993949
INFO:meta-cli.py:Epoch 46/100	Loss 5.1534 ± 0.1322
INFO:meta-cli.py:Epoch 47/100	Loss 5.1420 ± 0.1587
INFO:meta-cli.py:Epoch 48/100	Loss 5.1613 ± 0.1581
INFO:meta-cli.py:Epoch 48/100	dev results	MRR 0.897021	H@1 0.818252	H@3 0.973160	H@5 0.984663	H@10 0.992331
INFO:meta-cli.py:Epoch 48/100	test results	MRR 0.892694	H@1 0.812405	H@3 0.967474	H@5 0.982602	H@10 0.993949
INFO:meta-cli.py:Epoch 49/100	Loss 5.1533 ± 0.1416
INFO:meta-cli.py:Epoch 50/100	Loss 5.1486 ± 0.1358
INFO:meta-cli.py:Epoch 51/100	Loss 5.1491 ± 0.1201
INFO:meta-cli.py:Epoch 51/100	dev results	MRR 0.902417	H@1 0.828988	H@3 0.972393	H@5 0.984663	H@10 0.992331
INFO:meta-cli.py:Epoch 51/100	test results	MRR 0.901547	H@1 0.829803	H@3 0.966717	H@5 0.982602	H@10 0.993949
INFO:meta-cli.py:Epoch 52/100	Loss 5.1338 ± 0.1469
INFO:meta-cli.py:Epoch 53/100	Loss 5.1448 ± 0.1428
INFO:meta-cli.py:Epoch 54/100	Loss 5.1422 ± 0.1528
INFO:meta-cli.py:Epoch 54/100	dev results	MRR 0.899487	H@1 0.822853	H@3 0.973160	H@5 0.984663	H@10 0.992331
INFO:meta-cli.py:Epoch 54/100	test results	MRR 0.896518	H@1 0.819970	H@3 0.968986	H@5 0.980333	H@10 0.993949
INFO:meta-cli.py:Epoch 55/100	Loss 5.1379 ± 0.1436
INFO:meta-cli.py:Epoch 56/100	Loss 5.1379 ± 0.1444
INFO:meta-cli.py:Epoch 57/100	Loss 5.1287 ± 0.1327
INFO:meta-cli.py:Epoch 57/100	dev results	MRR 0.902164	H@1 0.829755	H@3 0.970859	H@5 0.983896	H@10 0.992331
INFO:meta-cli.py:Epoch 57/100	test results	MRR 0.899458	H@1 0.827534	H@3 0.965204	H@5 0.981089	H@10 0.993192
INFO:meta-cli.py:Epoch 58/100	Loss 5.1286 ± 0.1376
INFO:meta-cli.py:Epoch 59/100	Loss 5.1273 ± 0.1579
INFO:meta-cli.py:Epoch 60/100	Loss 5.1312 ± 0.1538
INFO:meta-cli.py:Epoch 60/100	dev results	MRR 0.895425	H@1 0.816718	H@3 0.971626	H@5 0.983896	H@10 0.991564
INFO:meta-cli.py:Epoch 60/100	test results	MRR 0.892251	H@1 0.813162	H@3 0.965204	H@5 0.980333	H@10 0.993192
INFO:meta-cli.py:Epoch 61/100	Loss 5.1203 ± 0.1542
INFO:meta-cli.py:Epoch 62/100	Loss 5.1331 ± 0.1562
INFO:meta-cli.py:Epoch 63/100	Loss 5.1212 ± 0.1370
INFO:meta-cli.py:Epoch 63/100	dev results	MRR 0.897640	H@1 0.821319	H@3 0.970859	H@5 0.983896	H@10 0.991564
INFO:meta-cli.py:Epoch 63/100	test results	MRR 0.894554	H@1 0.817700	H@3 0.965204	H@5 0.980333	H@10 0.993192
INFO:meta-cli.py:Epoch 64/100	Loss 5.1244 ± 0.1274
INFO:meta-cli.py:Epoch 65/100	Loss 5.1189 ± 0.1421
INFO:meta-cli.py:Epoch 66/100	Loss 5.1152 ± 0.1270
INFO:meta-cli.py:Epoch 66/100	dev results	MRR 0.899781	H@1 0.825153	H@3 0.971626	H@5 0.983896	H@10 0.991564
INFO:meta-cli.py:Epoch 66/100	test results	MRR 0.893316	H@1 0.815431	H@3 0.965961	H@5 0.980333	H@10 0.992436
INFO:meta-cli.py:Epoch 67/100	Loss 5.1196 ± 0.1348
INFO:meta-cli.py:Epoch 68/100	Loss 5.1120 ± 0.1245
INFO:meta-cli.py:Epoch 69/100	Loss 5.1103 ± 0.1501
INFO:meta-cli.py:Epoch 69/100	dev results	MRR 0.901974	H@1 0.829755	H@3 0.973160	H@5 0.983896	H@10 0.991564
INFO:meta-cli.py:Epoch 69/100	test results	MRR 0.901108	H@1 0.831316	H@3 0.964448	H@5 0.978064	H@10 0.993192
INFO:meta-cli.py:Epoch 70/100	Loss 5.1074 ± 0.1518
INFO:meta-cli.py:Epoch 71/100	Loss 5.1088 ± 0.1272
INFO:meta-cli.py:Epoch 72/100	Loss 5.1161 ± 0.1553
INFO:meta-cli.py:Epoch 72/100	dev results	MRR 0.899233	H@1 0.824387	H@3 0.972393	H@5 0.983129	H@10 0.991564
INFO:meta-cli.py:Epoch 72/100	test results	MRR 0.894625	H@1 0.819213	H@3 0.963691	H@5 0.978820	H@10 0.992436
INFO:meta-cli.py:Epoch 73/100	Loss 5.1127 ± 0.1382
INFO:meta-cli.py:Epoch 74/100	Loss 5.1095 ± 0.1406
INFO:meta-cli.py:Epoch 75/100	Loss 5.0943 ± 0.1620
INFO:meta-cli.py:Epoch 75/100	dev results	MRR 0.900432	H@1 0.826687	H@3 0.972393	H@5 0.983129	H@10 0.991564
INFO:meta-cli.py:Epoch 75/100	test results	MRR 0.900487	H@1 0.831316	H@3 0.963691	H@5 0.979576	H@10 0.991679
INFO:meta-cli.py:Epoch 76/100	Loss 5.1093 ± 0.1434
INFO:meta-cli.py:Epoch 77/100	Loss 5.0988 ± 0.1369
INFO:meta-cli.py:Epoch 78/100	Loss 5.1018 ± 0.1356
INFO:meta-cli.py:Epoch 78/100	dev results	MRR 0.894515	H@1 0.815951	H@3 0.972393	H@5 0.983129	H@10 0.991564
INFO:meta-cli.py:Epoch 78/100	test results	MRR 0.891098	H@1 0.813162	H@3 0.964448	H@5 0.977307	H@10 0.991679
INFO:meta-cli.py:Epoch 79/100	Loss 5.0989 ± 0.0913
INFO:meta-cli.py:Epoch 80/100	Loss 5.1011 ± 0.1160
INFO:meta-cli.py:Epoch 81/100	Loss 5.1026 ± 0.1305
INFO:meta-cli.py:Epoch 81/100	dev results	MRR 0.896943	H@1 0.820552	H@3 0.970859	H@5 0.983129	H@10 0.990031
INFO:meta-cli.py:Epoch 81/100	test results	MRR 0.897976	H@1 0.826778	H@3 0.963691	H@5 0.978064	H@10 0.991679
INFO:meta-cli.py:Epoch 82/100	Loss 5.0880 ± 0.1398
INFO:meta-cli.py:Epoch 83/100	Loss 5.1001 ± 0.1328
INFO:meta-cli.py:Epoch 84/100	Loss 5.0952 ± 0.1367
INFO:meta-cli.py:Epoch 84/100	dev results	MRR 0.896200	H@1 0.819785	H@3 0.970092	H@5 0.983896	H@10 0.989264
INFO:meta-cli.py:Epoch 84/100	test results	MRR 0.893173	H@1 0.818457	H@3 0.963691	H@5 0.978064	H@10 0.991679
INFO:meta-cli.py:Epoch 85/100	Loss 5.0999 ± 0.1510
INFO:meta-cli.py:Epoch 86/100	Loss 5.0969 ± 0.1475
INFO:meta-cli.py:Epoch 87/100	Loss 5.0917 ± 0.1350
INFO:meta-cli.py:Epoch 87/100	dev results	MRR 0.900103	H@1 0.827454	H@3 0.970092	H@5 0.983896	H@10 0.990798
INFO:meta-cli.py:Epoch 87/100	test results	MRR 0.898052	H@1 0.828290	H@3 0.962935	H@5 0.977307	H@10 0.991679
INFO:meta-cli.py:Epoch 88/100	Loss 5.0923 ± 0.1212
INFO:meta-cli.py:Epoch 89/100	Loss 5.0866 ± 0.1084
INFO:meta-cli.py:Epoch 90/100	Loss 5.0929 ± 0.1456
INFO:meta-cli.py:Epoch 90/100	dev results	MRR 0.892939	H@1 0.812883	H@3 0.970859	H@5 0.983129	H@10 0.989264
INFO:meta-cli.py:Epoch 90/100	test results	MRR 0.894949	H@1 0.822995	H@3 0.962179	H@5 0.977307	H@10 0.990923
INFO:meta-cli.py:Epoch 91/100	Loss 5.0952 ± 0.1401
INFO:meta-cli.py:Epoch 92/100	Loss 5.0948 ± 0.1557
INFO:meta-cli.py:Epoch 93/100	Loss 5.0768 ± 0.1449
INFO:meta-cli.py:Epoch 93/100	dev results	MRR 0.896937	H@1 0.820552	H@3 0.970859	H@5 0.983129	H@10 0.988497
INFO:meta-cli.py:Epoch 93/100	test results	MRR 0.896200	H@1 0.826021	H@3 0.962179	H@5 0.977307	H@10 0.990166
INFO:meta-cli.py:Epoch 94/100	Loss 5.0910 ± 0.1307
INFO:meta-cli.py:Epoch 95/100	Loss 5.0892 ± 0.1358
INFO:meta-cli.py:Epoch 96/100	Loss 5.0773 ± 0.1375
INFO:meta-cli.py:Epoch 96/100	dev results	MRR 0.895056	H@1 0.817485	H@3 0.969325	H@5 0.980828	H@10 0.988497
INFO:meta-cli.py:Epoch 96/100	test results	MRR 0.893091	H@1 0.819970	H@3 0.962179	H@5 0.975038	H@10 0.990166
INFO:meta-cli.py:Epoch 97/100	Loss 5.0879 ± 0.1545
INFO:meta-cli.py:Epoch 98/100	Loss 5.0867 ± 0.1542
INFO:meta-cli.py:Epoch 99/100	Loss 5.0807 ± 0.1214
INFO:meta-cli.py:Epoch 99/100	dev results	MRR 0.894905	H@1 0.817485	H@3 0.970859	H@5 0.980828	H@10 0.989264
INFO:meta-cli.py:Epoch 99/100	test results	MRR 0.890235	H@1 0.814675	H@3 0.961422	H@5 0.975038	H@10 0.990166
INFO:meta-cli.py:Epoch 100/100	Loss 5.0725 ± 0.1535
INFO:meta-cli.py:Final 	dev results	MRR 0.898067	H@1 0.823620	H@3 0.971626	H@5 0.980828	H@10 0.989264
INFO:meta-cli.py:Final 	test results	MRR 0.895156	H@1 0.823752	H@3 0.960666	H@5 0.974281	H@10 0.989410
INFO:meta-cli.py:Training finished
