./bin/meta-cli.py --train data/umls/train.tsv --dev data/umls/dev.tsv --test data/umls/test.tsv -m complex -k 50 -b 100 -e 100 --F2 0 --N3 0.5 -l 0.1 -I standard -V 3 -o adagrad -q
{'F2': 0.0,
 'N3': 0.5,
 'batch_size': 100,
 'dev': 'data/umls/dev.tsv',
 'embedding_size': 50,
 'epochs': 100,
 'eval_batch_size': None,
 'input_type': 'standard',
 'learning_rate': 0.1,
 'load': None,
 'model': 'complex',
 'optimizer': 'adagrad',
 'quiet': True,
 'save': None,
 'seed': 0,
 'test': 'data/umls/test.tsv',
 'test_i': None,
 'test_ii': None,
 'train': 'data/umls/train.tsv',
 'validate_every': 3}
INFO:meta-cli.py:Device: cpu
INFO:meta-cli.py:Model state:
INFO:meta-cli.py:	entities.weight	torch.Size([135, 100])
INFO:meta-cli.py:	predicates.weight	torch.Size([46, 100])
INFO:meta-cli.py:Epoch 1/100	Loss 9.8236 ± 0.0347
INFO:meta-cli.py:Epoch 2/100	Loss 9.8108 ± 0.0002
INFO:meta-cli.py:Epoch 3/100	Loss 9.8106 ± 0.0001
INFO:meta-cli.py:Epoch 3/100	dev results	MRR 0.262167	H@1 0.105828	H@3 0.315184	H@5 0.431748	H@10 0.573620
INFO:meta-cli.py:Epoch 3/100	test results	MRR 0.273093	H@1 0.108926	H@3 0.344932	H@5 0.437216	H@10 0.583964
INFO:meta-cli.py:Epoch 4/100	Loss 9.8106 ± 0.0000
INFO:meta-cli.py:Epoch 5/100	Loss 9.8106 ± 0.0000
INFO:meta-cli.py:Epoch 6/100	Loss 9.8106 ± 0.0000
INFO:meta-cli.py:Epoch 6/100	dev results	MRR 0.132982	H@1 0.035276	H@3 0.116564	H@5 0.217791	H@10 0.375000
INFO:meta-cli.py:Epoch 6/100	test results	MRR 0.139828	H@1 0.038578	H@3 0.118759	H@5 0.228442	H@10 0.395613
INFO:meta-cli.py:Epoch 7/100	Loss 9.8106 ± 0.0000
INFO:meta-cli.py:Epoch 8/100	Loss 9.8106 ± 0.0001
INFO:meta-cli.py:Epoch 9/100	Loss 9.8106 ± 0.0002
INFO:meta-cli.py:Epoch 9/100	dev results	MRR 0.191694	H@1 0.061350	H@3 0.213957	H@5 0.316718	H@10 0.455521
INFO:meta-cli.py:Epoch 9/100	test results	MRR 0.208404	H@1 0.082451	H@3 0.234493	H@5 0.323752	H@10 0.453858
INFO:meta-cli.py:Epoch 10/100	Loss 9.8105 ± 0.0006
INFO:meta-cli.py:Epoch 11/100	Loss 9.8096 ± 0.0019
INFO:meta-cli.py:Epoch 12/100	Loss 9.8084 ± 0.0033
INFO:meta-cli.py:Epoch 12/100	dev results	MRR 0.265404	H@1 0.123466	H@3 0.320552	H@5 0.400307	H@10 0.548313
INFO:meta-cli.py:Epoch 12/100	test results	MRR 0.259897	H@1 0.111195	H@3 0.327534	H@5 0.397126	H@10 0.544629
INFO:meta-cli.py:Epoch 13/100	Loss 9.8071 ± 0.0042
INFO:meta-cli.py:Epoch 14/100	Loss 9.8067 ± 0.0063
INFO:meta-cli.py:Epoch 15/100	Loss 9.8056 ± 0.0067
INFO:meta-cli.py:Epoch 15/100	dev results	MRR 0.313626	H@1 0.190951	H@3 0.337423	H@5 0.417945	H@10 0.567485
INFO:meta-cli.py:Epoch 15/100	test results	MRR 0.318245	H@1 0.187595	H@3 0.356278	H@5 0.426626	H@10 0.586989
INFO:meta-cli.py:Epoch 16/100	Loss 9.8054 ± 0.0066
INFO:meta-cli.py:Epoch 17/100	Loss 9.8048 ± 0.0084
INFO:meta-cli.py:Epoch 18/100	Loss 9.8046 ± 0.0082
INFO:meta-cli.py:Epoch 18/100	dev results	MRR 0.329519	H@1 0.223926	H@3 0.337423	H@5 0.411043	H@10 0.567485
INFO:meta-cli.py:Epoch 18/100	test results	MRR 0.335023	H@1 0.222390	H@3 0.353253	H@5 0.417549	H@10 0.585477
INFO:meta-cli.py:Epoch 19/100	Loss 9.8049 ± 0.0075
INFO:meta-cli.py:Epoch 20/100	Loss 9.8052 ± 0.0083
INFO:meta-cli.py:Epoch 21/100	Loss 9.8045 ± 0.0082
INFO:meta-cli.py:Epoch 21/100	dev results	MRR 0.327865	H@1 0.211656	H@3 0.347393	H@5 0.417178	H@10 0.585123
INFO:meta-cli.py:Epoch 21/100	test results	MRR 0.331105	H@1 0.201967	H@3 0.373676	H@5 0.433434	H@10 0.600605
INFO:meta-cli.py:Epoch 22/100	Loss 9.8043 ± 0.0098
INFO:meta-cli.py:Epoch 23/100	Loss 9.8050 ± 0.0099
INFO:meta-cli.py:Epoch 24/100	Loss 9.8052 ± 0.0118
INFO:meta-cli.py:Epoch 24/100	dev results	MRR 0.329512	H@1 0.220092	H@3 0.343558	H@5 0.416411	H@10 0.576687
INFO:meta-cli.py:Epoch 24/100	test results	MRR 0.354092	H@1 0.245083	H@3 0.367625	H@5 0.441755	H@10 0.596067
INFO:meta-cli.py:Epoch 25/100	Loss 9.8042 ± 0.0073
INFO:meta-cli.py:Epoch 26/100	Loss 9.8045 ± 0.0086
INFO:meta-cli.py:Epoch 27/100	Loss 9.8042 ± 0.0075
INFO:meta-cli.py:Epoch 27/100	dev results	MRR 0.323191	H@1 0.212423	H@3 0.346626	H@5 0.398773	H@10 0.578221
INFO:meta-cli.py:Epoch 27/100	test results	MRR 0.334261	H@1 0.217095	H@3 0.366868	H@5 0.419062	H@10 0.599092
INFO:meta-cli.py:Epoch 28/100	Loss 9.8042 ± 0.0088
INFO:meta-cli.py:Epoch 29/100	Loss 9.8046 ± 0.0095
INFO:meta-cli.py:Epoch 30/100	Loss 9.8043 ± 0.0076
INFO:meta-cli.py:Epoch 30/100	dev results	MRR 0.338521	H@1 0.230061	H@3 0.357362	H@5 0.414877	H@10 0.589724
INFO:meta-cli.py:Epoch 30/100	test results	MRR 0.349803	H@1 0.230711	H@3 0.381241	H@5 0.433434	H@10 0.609682
INFO:meta-cli.py:Epoch 31/100	Loss 9.8040 ± 0.0076
INFO:meta-cli.py:Epoch 32/100	Loss 9.8042 ± 0.0074
INFO:meta-cli.py:Epoch 33/100	Loss 9.8041 ± 0.0097
INFO:meta-cli.py:Epoch 33/100	dev results	MRR 0.333171	H@1 0.221626	H@3 0.355828	H@5 0.404908	H@10 0.573620
INFO:meta-cli.py:Epoch 33/100	test results	MRR 0.343279	H@1 0.222390	H@3 0.386536	H@5 0.430408	H@10 0.586233
INFO:meta-cli.py:Epoch 34/100	Loss 9.8044 ± 0.0094
INFO:meta-cli.py:Epoch 35/100	Loss 9.8041 ± 0.0087
INFO:meta-cli.py:Epoch 36/100	Loss 9.8045 ± 0.0103
INFO:meta-cli.py:Epoch 36/100	dev results	MRR 0.342854	H@1 0.245399	H@3 0.336656	H@5 0.406442	H@10 0.572086
INFO:meta-cli.py:Epoch 36/100	test results	MRR 0.358219	H@1 0.252648	H@3 0.375189	H@5 0.420575	H@10 0.590772
INFO:meta-cli.py:Epoch 37/100	Loss 9.8038 ± 0.0084
INFO:meta-cli.py:Epoch 38/100	Loss 9.8037 ± 0.0094
INFO:meta-cli.py:Epoch 39/100	Loss 9.8042 ± 0.0079
INFO:meta-cli.py:Epoch 39/100	dev results	MRR 0.345483	H@1 0.243098	H@3 0.356595	H@5 0.405675	H@10 0.575920
INFO:meta-cli.py:Epoch 39/100	test results	MRR 0.358649	H@1 0.248109	H@3 0.388048	H@5 0.433434	H@10 0.594554
INFO:meta-cli.py:Epoch 40/100	Loss 9.8048 ± 0.0117
INFO:meta-cli.py:Epoch 41/100	Loss 9.8038 ± 0.0079
INFO:meta-cli.py:Epoch 42/100	Loss 9.8036 ± 0.0114
INFO:meta-cli.py:Epoch 42/100	dev results	MRR 0.351829	H@1 0.251534	H@3 0.364264	H@5 0.409509	H@10 0.578221
INFO:meta-cli.py:Epoch 42/100	test results	MRR 0.359696	H@1 0.254917	H@3 0.375189	H@5 0.426626	H@10 0.596823
INFO:meta-cli.py:Epoch 43/100	Loss 9.8034 ± 0.0090
INFO:meta-cli.py:Epoch 44/100	Loss 9.8036 ± 0.0084
INFO:meta-cli.py:Epoch 45/100	Loss 9.8047 ± 0.0128
INFO:meta-cli.py:Epoch 45/100	dev results	MRR 0.337019	H@1 0.228528	H@3 0.350460	H@5 0.404141	H@10 0.580521
INFO:meta-cli.py:Epoch 45/100	test results	MRR 0.344788	H@1 0.230711	H@3 0.365356	H@5 0.418306	H@10 0.602118
INFO:meta-cli.py:Epoch 46/100	Loss 9.8037 ± 0.0073
INFO:meta-cli.py:Epoch 47/100	Loss 9.8036 ± 0.0092
INFO:meta-cli.py:Epoch 48/100	Loss 9.8036 ± 0.0086
INFO:meta-cli.py:Epoch 48/100	dev results	MRR 0.348934	H@1 0.244632	H@3 0.363497	H@5 0.406442	H@10 0.575153
INFO:meta-cli.py:Epoch 48/100	test results	MRR 0.350907	H@1 0.236762	H@3 0.370651	H@5 0.424357	H@10 0.598336
INFO:meta-cli.py:Epoch 49/100	Loss 9.8032 ± 0.0093
INFO:meta-cli.py:Epoch 50/100	Loss 9.8034 ± 0.0091
INFO:meta-cli.py:Epoch 51/100	Loss 9.8033 ± 0.0100
INFO:meta-cli.py:Epoch 51/100	dev results	MRR 0.342623	H@1 0.229294	H@3 0.365031	H@5 0.409509	H@10 0.585123
INFO:meta-cli.py:Epoch 51/100	test results	MRR 0.349482	H@1 0.230711	H@3 0.377458	H@5 0.430408	H@10 0.597579
INFO:meta-cli.py:Epoch 52/100	Loss 9.8035 ± 0.0087
INFO:meta-cli.py:Epoch 53/100	Loss 9.8034 ± 0.0085
INFO:meta-cli.py:Epoch 54/100	Loss 9.8032 ± 0.0104
INFO:meta-cli.py:Epoch 54/100	dev results	MRR 0.348398	H@1 0.246933	H@3 0.359663	H@5 0.411810	H@10 0.581288
INFO:meta-cli.py:Epoch 54/100	test results	MRR 0.361789	H@1 0.255673	H@3 0.381241	H@5 0.429652	H@10 0.598336
INFO:meta-cli.py:Epoch 55/100	Loss 9.8031 ± 0.0090
INFO:meta-cli.py:Epoch 56/100	Loss 9.8034 ± 0.0078
INFO:meta-cli.py:Epoch 57/100	Loss 9.8038 ± 0.0097
INFO:meta-cli.py:Epoch 57/100	dev results	MRR 0.341163	H@1 0.235429	H@3 0.360429	H@5 0.409509	H@10 0.574387
INFO:meta-cli.py:Epoch 57/100	test results	MRR 0.351734	H@1 0.237519	H@3 0.378215	H@5 0.426626	H@10 0.601362
INFO:meta-cli.py:Epoch 58/100	Loss 9.8037 ± 0.0077
INFO:meta-cli.py:Epoch 59/100	Loss 9.8039 ± 0.0094
INFO:meta-cli.py:Epoch 60/100	Loss 9.8036 ± 0.0083
INFO:meta-cli.py:Epoch 60/100	dev results	MRR 0.336304	H@1 0.229294	H@3 0.350460	H@5 0.403374	H@10 0.573620
INFO:meta-cli.py:Epoch 60/100	test results	MRR 0.344776	H@1 0.229198	H@3 0.365356	H@5 0.417549	H@10 0.599092
INFO:meta-cli.py:Epoch 61/100	Loss 9.8034 ± 0.0074
INFO:meta-cli.py:Epoch 62/100	Loss 9.8037 ± 0.0095
INFO:meta-cli.py:Epoch 63/100	Loss 9.8042 ± 0.0100
INFO:meta-cli.py:Epoch 63/100	dev results	MRR 0.349857	H@1 0.252301	H@3 0.350460	H@5 0.405675	H@10 0.585123
INFO:meta-cli.py:Epoch 63/100	test results	MRR 0.357670	H@1 0.248865	H@3 0.369138	H@5 0.436460	H@10 0.599849
INFO:meta-cli.py:Epoch 64/100	Loss 9.8032 ± 0.0090
INFO:meta-cli.py:Epoch 65/100	Loss 9.8035 ± 0.0095
INFO:meta-cli.py:Epoch 66/100	Loss 9.8038 ± 0.0091
INFO:meta-cli.py:Epoch 66/100	dev results	MRR 0.327407	H@1 0.219325	H@3 0.343558	H@5 0.402607	H@10 0.584356
INFO:meta-cli.py:Epoch 66/100	test results	MRR 0.337981	H@1 0.221634	H@3 0.357791	H@5 0.426626	H@10 0.599092
INFO:meta-cli.py:Epoch 67/100	Loss 9.8033 ± 0.0096
INFO:meta-cli.py:Epoch 68/100	Loss 9.8037 ± 0.0086
INFO:meta-cli.py:Epoch 69/100	Loss 9.8037 ± 0.0082
INFO:meta-cli.py:Epoch 69/100	dev results	MRR 0.349769	H@1 0.251534	H@3 0.362730	H@5 0.406442	H@10 0.588190
INFO:meta-cli.py:Epoch 69/100	test results	MRR 0.356708	H@1 0.248865	H@3 0.375946	H@5 0.430408	H@10 0.599849
INFO:meta-cli.py:Epoch 70/100	Loss 9.8040 ± 0.0094
INFO:meta-cli.py:Epoch 71/100	Loss 9.8035 ± 0.0120
INFO:meta-cli.py:Epoch 72/100	Loss 9.8037 ± 0.0084
INFO:meta-cli.py:Epoch 72/100	dev results	MRR 0.343305	H@1 0.240031	H@3 0.352761	H@5 0.404141	H@10 0.583589
INFO:meta-cli.py:Epoch 72/100	test results	MRR 0.353890	H@1 0.243570	H@3 0.380484	H@5 0.428896	H@10 0.607413
INFO:meta-cli.py:Epoch 73/100	Loss 9.8041 ± 0.0089
INFO:meta-cli.py:Epoch 74/100	Loss 9.8030 ± 0.0093
INFO:meta-cli.py:Epoch 75/100	Loss 9.8032 ± 0.0102
INFO:meta-cli.py:Epoch 75/100	dev results	MRR 0.339928	H@1 0.232362	H@3 0.358896	H@5 0.406442	H@10 0.574387
INFO:meta-cli.py:Epoch 75/100	test results	MRR 0.351435	H@1 0.235250	H@3 0.378215	H@5 0.428896	H@10 0.601362
INFO:meta-cli.py:Epoch 76/100	Loss 9.8033 ± 0.0084
INFO:meta-cli.py:Epoch 77/100	Loss 9.8034 ± 0.0085
INFO:meta-cli.py:Epoch 78/100	Loss 9.8034 ± 0.0082
INFO:meta-cli.py:Epoch 78/100	dev results	MRR 0.350820	H@1 0.251534	H@3 0.362730	H@5 0.411810	H@10 0.578988
INFO:meta-cli.py:Epoch 78/100	test results	MRR 0.358941	H@1 0.254160	H@3 0.381997	H@5 0.434191	H@10 0.593797
INFO:meta-cli.py:Epoch 79/100	Loss 9.8042 ± 0.0099
INFO:meta-cli.py:Epoch 80/100	Loss 9.8030 ± 0.0095
INFO:meta-cli.py:Epoch 81/100	Loss 9.8029 ± 0.0105
INFO:meta-cli.py:Epoch 81/100	dev results	MRR 0.342618	H@1 0.239264	H@3 0.352761	H@5 0.402607	H@10 0.583589
INFO:meta-cli.py:Epoch 81/100	test results	MRR 0.349644	H@1 0.236006	H@3 0.369894	H@5 0.427383	H@10 0.602874
INFO:meta-cli.py:Epoch 82/100	Loss 9.8036 ± 0.0080
INFO:meta-cli.py:Epoch 83/100	Loss 9.8035 ± 0.0096
INFO:meta-cli.py:Epoch 84/100	Loss 9.8035 ± 0.0087
INFO:meta-cli.py:Epoch 84/100	dev results	MRR 0.336764	H@1 0.226227	H@3 0.351994	H@5 0.411810	H@10 0.586656
INFO:meta-cli.py:Epoch 84/100	test results	MRR 0.345335	H@1 0.227685	H@3 0.369138	H@5 0.422088	H@10 0.602874
INFO:meta-cli.py:Epoch 85/100	Loss 9.8030 ± 0.0091
INFO:meta-cli.py:Epoch 86/100	Loss 9.8035 ± 0.0078
INFO:meta-cli.py:Epoch 87/100	Loss 9.8030 ± 0.0089
INFO:meta-cli.py:Epoch 87/100	dev results	MRR 0.350948	H@1 0.249233	H@3 0.358129	H@5 0.409509	H@10 0.585123
INFO:meta-cli.py:Epoch 87/100	test results	MRR 0.355797	H@1 0.243570	H@3 0.377458	H@5 0.434191	H@10 0.602118
INFO:meta-cli.py:Epoch 88/100	Loss 9.8031 ± 0.0089
INFO:meta-cli.py:Epoch 89/100	Loss 9.8041 ± 0.0114
INFO:meta-cli.py:Epoch 90/100	Loss 9.8036 ± 0.0084
INFO:meta-cli.py:Epoch 90/100	dev results	MRR 0.340454	H@1 0.236963	H@3 0.345859	H@5 0.401840	H@10 0.581288
INFO:meta-cli.py:Epoch 90/100	test results	MRR 0.349896	H@1 0.236762	H@3 0.372163	H@5 0.426626	H@10 0.599092
INFO:meta-cli.py:Epoch 91/100	Loss 9.8037 ± 0.0095
INFO:meta-cli.py:Epoch 92/100	Loss 9.8033 ± 0.0084
INFO:meta-cli.py:Epoch 93/100	Loss 9.8028 ± 0.0098
INFO:meta-cli.py:Epoch 93/100	dev results	MRR 0.348695	H@1 0.245399	H@3 0.360429	H@5 0.407209	H@10 0.584356
INFO:meta-cli.py:Epoch 93/100	test results	MRR 0.359885	H@1 0.251135	H@3 0.379728	H@5 0.431165	H@10 0.599849
INFO:meta-cli.py:Epoch 94/100	Loss 9.8032 ± 0.0101
INFO:meta-cli.py:Epoch 95/100	Loss 9.8038 ± 0.0098
INFO:meta-cli.py:Epoch 96/100	Loss 9.8041 ± 0.0101
INFO:meta-cli.py:Epoch 96/100	dev results	MRR 0.341102	H@1 0.240031	H@3 0.348926	H@5 0.409509	H@10 0.582055
INFO:meta-cli.py:Epoch 96/100	test results	MRR 0.348152	H@1 0.236006	H@3 0.369138	H@5 0.423601	H@10 0.597579
INFO:meta-cli.py:Epoch 97/100	Loss 9.8033 ± 0.0088
INFO:meta-cli.py:Epoch 98/100	Loss 9.8029 ± 0.0099
INFO:meta-cli.py:Epoch 99/100	Loss 9.8032 ± 0.0094
INFO:meta-cli.py:Epoch 99/100	dev results	MRR 0.349017	H@1 0.250000	H@3 0.358896	H@5 0.405675	H@10 0.579755
INFO:meta-cli.py:Epoch 99/100	test results	MRR 0.357530	H@1 0.251135	H@3 0.370651	H@5 0.422844	H@10 0.602118
INFO:meta-cli.py:Epoch 100/100	Loss 9.8030 ± 0.0094
INFO:meta-cli.py:Final 	dev results	MRR 0.343024	H@1 0.240798	H@3 0.355828	H@5 0.407209	H@10 0.583589
INFO:meta-cli.py:Final 	test results	MRR 0.356061	H@1 0.250378	H@3 0.372163	H@5 0.425870	H@10 0.601362
INFO:meta-cli.py:Training finished
