./bin/meta-cli.py --train data/umls/train.tsv --dev data/umls/dev.tsv --test data/umls/test.tsv -m complex -k 10 -b 100 -e 100 --F2 0 --N3 0.1 -l 0.1 -I reciprocal -V 3 -o adagrad -q
{'F2': 0.0,
 'N3': 0.1,
 'batch_size': 100,
 'dev': 'data/umls/dev.tsv',
 'embedding_size': 10,
 'epochs': 100,
 'eval_batch_size': None,
 'input_type': 'reciprocal',
 'learning_rate': 0.1,
 'load': None,
 'model': 'complex',
 'optimizer': 'adagrad',
 'quiet': True,
 'save': None,
 'seed': 0,
 'test': 'data/umls/test.tsv',
 'test_i': None,
 'test_ii': None,
 'train': 'data/umls/train.tsv',
 'validate_every': 3}
INFO:meta-cli.py:Device: cpu
INFO:meta-cli.py:Model state:
INFO:meta-cli.py:	entities.weight	torch.Size([135, 20])
INFO:meta-cli.py:	predicates.weight	torch.Size([92, 20])
INFO:meta-cli.py:Epoch 1/100	Loss 8.9661 ± 0.5788
INFO:meta-cli.py:Epoch 2/100	Loss 8.1506 ± 0.1258
INFO:meta-cli.py:Epoch 3/100	Loss 8.0361 ± 0.1237
INFO:meta-cli.py:Epoch 3/100	dev results	MRR 0.792201	H@1 0.686350	H@3 0.881135	H@5 0.921012	H@10 0.947086
INFO:meta-cli.py:Epoch 3/100	test results	MRR 0.778359	H@1 0.661120	H@3 0.881241	H@5 0.917549	H@10 0.950076
INFO:meta-cli.py:Epoch 4/100	Loss 7.9927 ± 0.1230
INFO:meta-cli.py:Epoch 5/100	Loss 7.9618 ± 0.1116
INFO:meta-cli.py:Epoch 6/100	Loss 7.9412 ± 0.1091
INFO:meta-cli.py:Epoch 6/100	dev results	MRR 0.813184	H@1 0.718558	H@3 0.891871	H@5 0.928681	H@10 0.953221
INFO:meta-cli.py:Epoch 6/100	test results	MRR 0.808020	H@1 0.701210	H@3 0.900151	H@5 0.938729	H@10 0.963691
INFO:meta-cli.py:Epoch 7/100	Loss 7.9277 ± 0.1265
INFO:meta-cli.py:Epoch 8/100	Loss 7.9153 ± 0.1258
INFO:meta-cli.py:Epoch 9/100	Loss 7.9089 ± 0.1295
INFO:meta-cli.py:Epoch 9/100	dev results	MRR 0.818902	H@1 0.726994	H@3 0.893405	H@5 0.929448	H@10 0.961656
INFO:meta-cli.py:Epoch 9/100	test results	MRR 0.814571	H@1 0.712557	H@3 0.903933	H@5 0.935703	H@10 0.963691
INFO:meta-cli.py:Epoch 10/100	Loss 7.8981 ± 0.1354
INFO:meta-cli.py:Epoch 11/100	Loss 7.8882 ± 0.1335
INFO:meta-cli.py:Epoch 12/100	Loss 7.8829 ± 0.1296
INFO:meta-cli.py:Epoch 12/100	dev results	MRR 0.822185	H@1 0.722393	H@3 0.907209	H@5 0.940184	H@10 0.966258
INFO:meta-cli.py:Epoch 12/100	test results	MRR 0.815035	H@1 0.708018	H@3 0.911498	H@5 0.937216	H@10 0.968986
INFO:meta-cli.py:Epoch 13/100	Loss 7.8789 ± 0.1055
INFO:meta-cli.py:Epoch 14/100	Loss 7.8726 ± 0.1220
INFO:meta-cli.py:Epoch 15/100	Loss 7.8671 ± 0.1062
INFO:meta-cli.py:Epoch 15/100	dev results	MRR 0.829712	H@1 0.731595	H@3 0.914877	H@5 0.941718	H@10 0.969325
INFO:meta-cli.py:Epoch 15/100	test results	MRR 0.819468	H@1 0.711800	H@3 0.913767	H@5 0.942511	H@10 0.971256
INFO:meta-cli.py:Epoch 16/100	Loss 7.8604 ± 0.1171
INFO:meta-cli.py:Epoch 17/100	Loss 7.8612 ± 0.1150
INFO:meta-cli.py:Epoch 18/100	Loss 7.8556 ± 0.1192
INFO:meta-cli.py:Epoch 18/100	dev results	MRR 0.834581	H@1 0.737730	H@3 0.917178	H@5 0.944785	H@10 0.969325
INFO:meta-cli.py:Epoch 18/100	test results	MRR 0.821258	H@1 0.714826	H@3 0.914523	H@5 0.944024	H@10 0.973525
INFO:meta-cli.py:Epoch 19/100	Loss 7.8531 ± 0.1160
INFO:meta-cli.py:Epoch 20/100	Loss 7.8505 ± 0.1044
INFO:meta-cli.py:Epoch 21/100	Loss 7.8504 ± 0.1148
INFO:meta-cli.py:Epoch 21/100	dev results	MRR 0.829706	H@1 0.726994	H@3 0.921012	H@5 0.946319	H@10 0.971626
INFO:meta-cli.py:Epoch 21/100	test results	MRR 0.821536	H@1 0.715582	H@3 0.913011	H@5 0.946293	H@10 0.975038
INFO:meta-cli.py:Epoch 22/100	Loss 7.8426 ± 0.1247
INFO:meta-cli.py:Epoch 23/100	Loss 7.8436 ± 0.1225
INFO:meta-cli.py:Epoch 24/100	Loss 7.8421 ± 0.1137
INFO:meta-cli.py:Epoch 24/100	dev results	MRR 0.831546	H@1 0.730828	H@3 0.918712	H@5 0.947086	H@10 0.971626
INFO:meta-cli.py:Epoch 24/100	test results	MRR 0.823382	H@1 0.717095	H@3 0.916793	H@5 0.946293	H@10 0.975038
INFO:meta-cli.py:Epoch 25/100	Loss 7.8390 ± 0.1085
INFO:meta-cli.py:Epoch 26/100	Loss 7.8374 ± 0.1157
INFO:meta-cli.py:Epoch 27/100	Loss 7.8374 ± 0.1210
INFO:meta-cli.py:Epoch 27/100	dev results	MRR 0.832983	H@1 0.733129	H@3 0.917178	H@5 0.946319	H@10 0.973926
INFO:meta-cli.py:Epoch 27/100	test results	MRR 0.828921	H@1 0.726172	H@3 0.919062	H@5 0.947050	H@10 0.975794
INFO:meta-cli.py:Epoch 28/100	Loss 7.8333 ± 0.1106
INFO:meta-cli.py:Epoch 29/100	Loss 7.8352 ± 0.1353
INFO:meta-cli.py:Epoch 30/100	Loss 7.8323 ± 0.1239
INFO:meta-cli.py:Epoch 30/100	dev results	MRR 0.833632	H@1 0.734663	H@3 0.920245	H@5 0.944018	H@10 0.973926
INFO:meta-cli.py:Epoch 30/100	test results	MRR 0.829430	H@1 0.727685	H@3 0.917549	H@5 0.948563	H@10 0.975038
INFO:meta-cli.py:Epoch 31/100	Loss 7.8310 ± 0.1136
INFO:meta-cli.py:Epoch 32/100	Loss 7.8299 ± 0.1231
INFO:meta-cli.py:Epoch 33/100	Loss 7.8271 ± 0.1215
INFO:meta-cli.py:Epoch 33/100	dev results	MRR 0.833588	H@1 0.733896	H@3 0.918712	H@5 0.947086	H@10 0.974693
INFO:meta-cli.py:Epoch 33/100	test results	MRR 0.830994	H@1 0.729198	H@3 0.919062	H@5 0.949319	H@10 0.976551
INFO:meta-cli.py:Epoch 34/100	Loss 7.8261 ± 0.1152
INFO:meta-cli.py:Epoch 35/100	Loss 7.8260 ± 0.1202
INFO:meta-cli.py:Epoch 36/100	Loss 7.8260 ± 0.1110
INFO:meta-cli.py:Epoch 36/100	dev results	MRR 0.834659	H@1 0.734663	H@3 0.922546	H@5 0.946319	H@10 0.975460
INFO:meta-cli.py:Epoch 36/100	test results	MRR 0.831644	H@1 0.729198	H@3 0.919818	H@5 0.949319	H@10 0.977307
INFO:meta-cli.py:Epoch 37/100	Loss 7.8260 ± 0.1292
INFO:meta-cli.py:Epoch 38/100	Loss 7.8219 ± 0.1093
INFO:meta-cli.py:Epoch 39/100	Loss 7.8240 ± 0.1200
INFO:meta-cli.py:Epoch 39/100	dev results	MRR 0.835266	H@1 0.735429	H@3 0.924847	H@5 0.948620	H@10 0.975460
INFO:meta-cli.py:Epoch 39/100	test results	MRR 0.833339	H@1 0.731467	H@3 0.922088	H@5 0.950076	H@10 0.977307
INFO:meta-cli.py:Epoch 40/100	Loss 7.8228 ± 0.1239
INFO:meta-cli.py:Epoch 41/100	Loss 7.8214 ± 0.1129
INFO:meta-cli.py:Epoch 42/100	Loss 7.8213 ± 0.1049
INFO:meta-cli.py:Epoch 42/100	dev results	MRR 0.833879	H@1 0.733129	H@3 0.924080	H@5 0.947853	H@10 0.975460
INFO:meta-cli.py:Epoch 42/100	test results	MRR 0.833073	H@1 0.731467	H@3 0.922088	H@5 0.950076	H@10 0.977307
INFO:meta-cli.py:Epoch 43/100	Loss 7.8189 ± 0.1088
INFO:meta-cli.py:Epoch 44/100	Loss 7.8173 ± 0.1076
INFO:meta-cli.py:Epoch 45/100	Loss 7.8186 ± 0.1107
INFO:meta-cli.py:Epoch 45/100	dev results	MRR 0.833948	H@1 0.732362	H@3 0.925613	H@5 0.947086	H@10 0.974693
INFO:meta-cli.py:Epoch 45/100	test results	MRR 0.833046	H@1 0.730711	H@3 0.924357	H@5 0.950832	H@10 0.976551
INFO:meta-cli.py:Epoch 46/100	Loss 7.8195 ± 0.1101
INFO:meta-cli.py:Epoch 47/100	Loss 7.8213 ± 0.1215
INFO:meta-cli.py:Epoch 48/100	Loss 7.8169 ± 0.1222
INFO:meta-cli.py:Epoch 48/100	dev results	MRR 0.832121	H@1 0.729294	H@3 0.922546	H@5 0.947853	H@10 0.974693
INFO:meta-cli.py:Epoch 48/100	test results	MRR 0.834255	H@1 0.731467	H@3 0.924357	H@5 0.949319	H@10 0.977307
INFO:meta-cli.py:Epoch 49/100	Loss 7.8183 ± 0.1122
INFO:meta-cli.py:Epoch 50/100	Loss 7.8152 ± 0.1024
INFO:meta-cli.py:Epoch 51/100	Loss 7.8180 ± 0.1331
INFO:meta-cli.py:Epoch 51/100	dev results	MRR 0.830018	H@1 0.725460	H@3 0.922546	H@5 0.949387	H@10 0.974693
INFO:meta-cli.py:Epoch 51/100	test results	MRR 0.834161	H@1 0.731467	H@3 0.922844	H@5 0.948563	H@10 0.978064
INFO:meta-cli.py:Epoch 52/100	Loss 7.8142 ± 0.1086
INFO:meta-cli.py:Epoch 53/100	Loss 7.8148 ± 0.1106
INFO:meta-cli.py:Epoch 54/100	Loss 7.8151 ± 0.1268
INFO:meta-cli.py:Epoch 54/100	dev results	MRR 0.834019	H@1 0.733129	H@3 0.924080	H@5 0.948620	H@10 0.973926
INFO:meta-cli.py:Epoch 54/100	test results	MRR 0.833346	H@1 0.729955	H@3 0.923601	H@5 0.951589	H@10 0.978064
INFO:meta-cli.py:Epoch 55/100	Loss 7.8140 ± 0.1123
INFO:meta-cli.py:Epoch 56/100	Loss 7.8138 ± 0.1126
INFO:meta-cli.py:Epoch 57/100	Loss 7.8130 ± 0.1097
INFO:meta-cli.py:Epoch 57/100	dev results	MRR 0.833068	H@1 0.731595	H@3 0.925613	H@5 0.947853	H@10 0.973926
INFO:meta-cli.py:Epoch 57/100	test results	MRR 0.832820	H@1 0.727685	H@3 0.926626	H@5 0.952345	H@10 0.978064
INFO:meta-cli.py:Epoch 58/100	Loss 7.8134 ± 0.1100
INFO:meta-cli.py:Epoch 59/100	Loss 7.8120 ± 0.1225
INFO:meta-cli.py:Epoch 60/100	Loss 7.8121 ± 0.1049
INFO:meta-cli.py:Epoch 60/100	dev results	MRR 0.834380	H@1 0.733129	H@3 0.925613	H@5 0.948620	H@10 0.973926
INFO:meta-cli.py:Epoch 60/100	test results	MRR 0.836353	H@1 0.735250	H@3 0.926626	H@5 0.953101	H@10 0.978820
INFO:meta-cli.py:Epoch 61/100	Loss 7.8115 ± 0.1222
INFO:meta-cli.py:Epoch 62/100	Loss 7.8108 ± 0.1169
INFO:meta-cli.py:Epoch 63/100	Loss 7.8114 ± 0.1185
INFO:meta-cli.py:Epoch 63/100	dev results	MRR 0.835414	H@1 0.734663	H@3 0.924847	H@5 0.946319	H@10 0.974693
INFO:meta-cli.py:Epoch 63/100	test results	MRR 0.834971	H@1 0.731467	H@3 0.929652	H@5 0.953101	H@10 0.978820
INFO:meta-cli.py:Epoch 64/100	Loss 7.8118 ± 0.1141
INFO:meta-cli.py:Epoch 65/100	Loss 7.8114 ± 0.1194
INFO:meta-cli.py:Epoch 66/100	Loss 7.8112 ± 0.1130
INFO:meta-cli.py:Epoch 66/100	dev results	MRR 0.835377	H@1 0.734663	H@3 0.923313	H@5 0.947086	H@10 0.974693
INFO:meta-cli.py:Epoch 66/100	test results	MRR 0.834946	H@1 0.732224	H@3 0.928139	H@5 0.952345	H@10 0.978820
INFO:meta-cli.py:Epoch 67/100	Loss 7.8090 ± 0.1072
INFO:meta-cli.py:Epoch 68/100	Loss 7.8111 ± 0.1267
INFO:meta-cli.py:Epoch 69/100	Loss 7.8104 ± 0.1057
INFO:meta-cli.py:Epoch 69/100	dev results	MRR 0.834090	H@1 0.732362	H@3 0.924080	H@5 0.947853	H@10 0.974693
INFO:meta-cli.py:Epoch 69/100	test results	MRR 0.836087	H@1 0.733737	H@3 0.929652	H@5 0.952345	H@10 0.977307
INFO:meta-cli.py:Epoch 70/100	Loss 7.8082 ± 0.1045
INFO:meta-cli.py:Epoch 71/100	Loss 7.8092 ± 0.1193
INFO:meta-cli.py:Epoch 72/100	Loss 7.8087 ± 0.1019
INFO:meta-cli.py:Epoch 72/100	dev results	MRR 0.834415	H@1 0.733129	H@3 0.923313	H@5 0.947086	H@10 0.974693
INFO:meta-cli.py:Epoch 72/100	test results	MRR 0.836392	H@1 0.735250	H@3 0.928896	H@5 0.952345	H@10 0.978820
INFO:meta-cli.py:Epoch 73/100	Loss 7.8070 ± 0.1137
INFO:meta-cli.py:Epoch 74/100	Loss 7.8086 ± 0.1049
INFO:meta-cli.py:Epoch 75/100	Loss 7.8088 ± 0.1069
INFO:meta-cli.py:Epoch 75/100	dev results	MRR 0.834470	H@1 0.733896	H@3 0.922546	H@5 0.947086	H@10 0.974693
INFO:meta-cli.py:Epoch 75/100	test results	MRR 0.838201	H@1 0.737519	H@3 0.928896	H@5 0.953101	H@10 0.979576
INFO:meta-cli.py:Epoch 76/100	Loss 7.8067 ± 0.1117
INFO:meta-cli.py:Epoch 77/100	Loss 7.8056 ± 0.1127
INFO:meta-cli.py:Epoch 78/100	Loss 7.8048 ± 0.1197
INFO:meta-cli.py:Epoch 78/100	dev results	MRR 0.834905	H@1 0.733896	H@3 0.922546	H@5 0.948620	H@10 0.975460
INFO:meta-cli.py:Epoch 78/100	test results	MRR 0.837578	H@1 0.736006	H@3 0.928896	H@5 0.953101	H@10 0.978064
INFO:meta-cli.py:Epoch 79/100	Loss 7.8050 ± 0.1137
INFO:meta-cli.py:Epoch 80/100	Loss 7.8078 ± 0.1253
INFO:meta-cli.py:Epoch 81/100	Loss 7.8038 ± 0.1085
INFO:meta-cli.py:Epoch 81/100	dev results	MRR 0.835087	H@1 0.733896	H@3 0.923313	H@5 0.947853	H@10 0.974693
INFO:meta-cli.py:Epoch 81/100	test results	MRR 0.836561	H@1 0.733737	H@3 0.928139	H@5 0.954614	H@10 0.978820
INFO:meta-cli.py:Epoch 82/100	Loss 7.8036 ± 0.1129
INFO:meta-cli.py:Epoch 83/100	Loss 7.8037 ± 0.1088
INFO:meta-cli.py:Epoch 84/100	Loss 7.8042 ± 0.1027
INFO:meta-cli.py:Epoch 84/100	dev results	MRR 0.834083	H@1 0.733129	H@3 0.924080	H@5 0.947853	H@10 0.975460
INFO:meta-cli.py:Epoch 84/100	test results	MRR 0.838760	H@1 0.738275	H@3 0.928139	H@5 0.952345	H@10 0.978820
INFO:meta-cli.py:Epoch 85/100	Loss 7.8036 ± 0.1025
INFO:meta-cli.py:Epoch 86/100	Loss 7.8059 ± 0.1171
INFO:meta-cli.py:Epoch 87/100	Loss 7.8023 ± 0.1129
INFO:meta-cli.py:Epoch 87/100	dev results	MRR 0.834192	H@1 0.733129	H@3 0.921779	H@5 0.947853	H@10 0.975460
INFO:meta-cli.py:Epoch 87/100	test results	MRR 0.837257	H@1 0.734493	H@3 0.929652	H@5 0.953101	H@10 0.978820
INFO:meta-cli.py:Epoch 88/100	Loss 7.8043 ± 0.0993
INFO:meta-cli.py:Epoch 89/100	Loss 7.8049 ± 0.1065
INFO:meta-cli.py:Epoch 90/100	Loss 7.8026 ± 0.1073
INFO:meta-cli.py:Epoch 90/100	dev results	MRR 0.835152	H@1 0.733896	H@3 0.923313	H@5 0.947853	H@10 0.975460
INFO:meta-cli.py:Epoch 90/100	test results	MRR 0.837008	H@1 0.734493	H@3 0.928139	H@5 0.952345	H@10 0.979576
INFO:meta-cli.py:Epoch 91/100	Loss 7.8028 ± 0.1078
INFO:meta-cli.py:Epoch 92/100	Loss 7.8011 ± 0.1113
INFO:meta-cli.py:Epoch 93/100	Loss 7.8027 ± 0.0966
INFO:meta-cli.py:Epoch 93/100	dev results	MRR 0.834450	H@1 0.733129	H@3 0.923313	H@5 0.947853	H@10 0.975460
INFO:meta-cli.py:Epoch 93/100	test results	MRR 0.839552	H@1 0.739032	H@3 0.929652	H@5 0.953101	H@10 0.978064
INFO:meta-cli.py:Epoch 94/100	Loss 7.8026 ± 0.1197
INFO:meta-cli.py:Epoch 95/100	Loss 7.8038 ± 0.1075
INFO:meta-cli.py:Epoch 96/100	Loss 7.8018 ± 0.1099
INFO:meta-cli.py:Epoch 96/100	dev results	MRR 0.836007	H@1 0.735429	H@3 0.925613	H@5 0.949387	H@10 0.975460
INFO:meta-cli.py:Epoch 96/100	test results	MRR 0.837805	H@1 0.736006	H@3 0.929652	H@5 0.953858	H@10 0.978064
INFO:meta-cli.py:Epoch 97/100	Loss 7.8005 ± 0.1074
INFO:meta-cli.py:Epoch 98/100	Loss 7.8013 ± 0.1208
INFO:meta-cli.py:Epoch 99/100	Loss 7.8029 ± 0.1051
INFO:meta-cli.py:Epoch 99/100	dev results	MRR 0.835571	H@1 0.734663	H@3 0.924847	H@5 0.949387	H@10 0.975460
INFO:meta-cli.py:Epoch 99/100	test results	MRR 0.839673	H@1 0.739032	H@3 0.930408	H@5 0.954614	H@10 0.978064
INFO:meta-cli.py:Epoch 100/100	Loss 7.8016 ± 0.1111
INFO:meta-cli.py:Final 	dev results	MRR 0.835871	H@1 0.734663	H@3 0.926380	H@5 0.949387	H@10 0.976227
INFO:meta-cli.py:Final 	test results	MRR 0.839540	H@1 0.738275	H@3 0.930408	H@5 0.955371	H@10 0.978820
INFO:meta-cli.py:Training finished
