./bin/meta-cli.py --train data/nations/train.tsv --dev data/nations/dev.tsv --test data/nations/test.tsv -m complex -k 10 -b 100 -e 100 --F2 0 --N3 0.1 -l 0.1 -I reciprocal -V 3 -o adagrad -q
{'F2': 0.0,
 'N3': 0.1,
 'batch_size': 100,
 'dev': 'data/nations/dev.tsv',
 'embedding_size': 10,
 'epochs': 100,
 'eval_batch_size': None,
 'input_type': 'reciprocal',
 'learning_rate': 0.1,
 'load': None,
 'model': 'complex',
 'optimizer': 'adagrad',
 'quiet': True,
 'save': None,
 'seed': 0,
 'test': 'data/nations/test.tsv',
 'test_i': None,
 'test_ii': None,
 'train': 'data/nations/train.tsv',
 'validate_every': 3}
INFO:meta-cli.py:Device: cpu
INFO:meta-cli.py:Model state:
INFO:meta-cli.py:	entities.weight	torch.Size([14, 20])
INFO:meta-cli.py:	predicates.weight	torch.Size([110, 20])
INFO:meta-cli.py:Epoch 1/100	Loss 5.2801 ± 0.0029
INFO:meta-cli.py:Epoch 2/100	Loss 5.2717 ± 0.0107
INFO:meta-cli.py:Epoch 3/100	Loss 5.2511 ± 0.0194
INFO:meta-cli.py:Epoch 3/100	dev results	MRR 0.513835	H@1 0.341709	H@3 0.572864	H@5 0.751256	H@10 0.959799
INFO:meta-cli.py:Epoch 3/100	test results	MRR 0.567190	H@1 0.412935	H@3 0.624378	H@5 0.781095	H@10 0.967662
INFO:meta-cli.py:Epoch 4/100	Loss 5.2369 ± 0.0297
INFO:meta-cli.py:Epoch 5/100	Loss 5.2280 ± 0.0424
INFO:meta-cli.py:Epoch 6/100	Loss 5.2203 ± 0.0370
INFO:meta-cli.py:Epoch 6/100	dev results	MRR 0.547476	H@1 0.376884	H@3 0.630653	H@5 0.791457	H@10 0.964824
INFO:meta-cli.py:Epoch 6/100	test results	MRR 0.586701	H@1 0.417910	H@3 0.684080	H@5 0.803483	H@10 0.980100
INFO:meta-cli.py:Epoch 7/100	Loss 5.2149 ± 0.0418
INFO:meta-cli.py:Epoch 8/100	Loss 5.2112 ± 0.0477
INFO:meta-cli.py:Epoch 9/100	Loss 5.2061 ± 0.0495
INFO:meta-cli.py:Epoch 9/100	dev results	MRR 0.576959	H@1 0.419598	H@3 0.640704	H@5 0.801508	H@10 0.972362
INFO:meta-cli.py:Epoch 9/100	test results	MRR 0.606859	H@1 0.442786	H@3 0.701493	H@5 0.823383	H@10 0.987562
INFO:meta-cli.py:Epoch 10/100	Loss 5.2039 ± 0.0495
INFO:meta-cli.py:Epoch 11/100	Loss 5.2005 ± 0.0535
INFO:meta-cli.py:Epoch 12/100	Loss 5.1977 ± 0.0506
INFO:meta-cli.py:Epoch 12/100	dev results	MRR 0.580660	H@1 0.419598	H@3 0.653266	H@5 0.824121	H@10 0.972362
INFO:meta-cli.py:Epoch 12/100	test results	MRR 0.629377	H@1 0.477612	H@3 0.713930	H@5 0.840796	H@10 0.987562
INFO:meta-cli.py:Epoch 13/100	Loss 5.1934 ± 0.0485
INFO:meta-cli.py:Epoch 14/100	Loss 5.1864 ± 0.0508
INFO:meta-cli.py:Epoch 15/100	Loss 5.1810 ± 0.0558
INFO:meta-cli.py:Epoch 15/100	dev results	MRR 0.617138	H@1 0.464824	H@3 0.690955	H@5 0.834171	H@10 0.982412
INFO:meta-cli.py:Epoch 15/100	test results	MRR 0.646510	H@1 0.495025	H@3 0.733831	H@5 0.868159	H@10 0.982587
INFO:meta-cli.py:Epoch 16/100	Loss 5.1770 ± 0.0474
INFO:meta-cli.py:Epoch 17/100	Loss 5.1738 ± 0.0498
INFO:meta-cli.py:Epoch 18/100	Loss 5.1717 ± 0.0556
INFO:meta-cli.py:Epoch 18/100	dev results	MRR 0.615358	H@1 0.454774	H@3 0.701005	H@5 0.839196	H@10 0.982412
INFO:meta-cli.py:Epoch 18/100	test results	MRR 0.655105	H@1 0.507463	H@3 0.738806	H@5 0.880597	H@10 0.980100
INFO:meta-cli.py:Epoch 19/100	Loss 5.1699 ± 0.0532
INFO:meta-cli.py:Epoch 20/100	Loss 5.1681 ± 0.0516
INFO:meta-cli.py:Epoch 21/100	Loss 5.1663 ± 0.0478
INFO:meta-cli.py:Epoch 21/100	dev results	MRR 0.616511	H@1 0.452261	H@3 0.711055	H@5 0.854271	H@10 0.984925
INFO:meta-cli.py:Epoch 21/100	test results	MRR 0.659154	H@1 0.509950	H@3 0.746269	H@5 0.883085	H@10 0.985075
INFO:meta-cli.py:Epoch 22/100	Loss 5.1639 ± 0.0573
INFO:meta-cli.py:Epoch 23/100	Loss 5.1634 ± 0.0564
INFO:meta-cli.py:Epoch 24/100	Loss 5.1622 ± 0.0554
INFO:meta-cli.py:Epoch 24/100	dev results	MRR 0.621692	H@1 0.459799	H@3 0.716080	H@5 0.859296	H@10 0.979899
INFO:meta-cli.py:Epoch 24/100	test results	MRR 0.660601	H@1 0.509950	H@3 0.743781	H@5 0.883085	H@10 0.985075
INFO:meta-cli.py:Epoch 25/100	Loss 5.1610 ± 0.0603
INFO:meta-cli.py:Epoch 26/100	Loss 5.1596 ± 0.0484
INFO:meta-cli.py:Epoch 27/100	Loss 5.1581 ± 0.0622
INFO:meta-cli.py:Epoch 27/100	dev results	MRR 0.616983	H@1 0.452261	H@3 0.718593	H@5 0.856784	H@10 0.982412
INFO:meta-cli.py:Epoch 27/100	test results	MRR 0.660547	H@1 0.514925	H@3 0.731343	H@5 0.873134	H@10 0.985075
INFO:meta-cli.py:Epoch 28/100	Loss 5.1576 ± 0.0562
INFO:meta-cli.py:Epoch 29/100	Loss 5.1572 ± 0.0396
INFO:meta-cli.py:Epoch 30/100	Loss 5.1560 ± 0.0599
INFO:meta-cli.py:Epoch 30/100	dev results	MRR 0.622002	H@1 0.459799	H@3 0.716080	H@5 0.856784	H@10 0.982412
INFO:meta-cli.py:Epoch 30/100	test results	MRR 0.657728	H@1 0.509950	H@3 0.731343	H@5 0.873134	H@10 0.987562
INFO:meta-cli.py:Epoch 31/100	Loss 5.1550 ± 0.0574
INFO:meta-cli.py:Epoch 32/100	Loss 5.1549 ± 0.0491
INFO:meta-cli.py:Epoch 33/100	Loss 5.1545 ± 0.0547
INFO:meta-cli.py:Epoch 33/100	dev results	MRR 0.626294	H@1 0.464824	H@3 0.716080	H@5 0.861809	H@10 0.982412
INFO:meta-cli.py:Epoch 33/100	test results	MRR 0.657413	H@1 0.507463	H@3 0.736318	H@5 0.870647	H@10 0.987562
INFO:meta-cli.py:Epoch 34/100	Loss 5.1532 ± 0.0550
INFO:meta-cli.py:Epoch 35/100	Loss 5.1529 ± 0.0491
INFO:meta-cli.py:Epoch 36/100	Loss 5.1526 ± 0.0670
INFO:meta-cli.py:Epoch 36/100	dev results	MRR 0.621958	H@1 0.457286	H@3 0.713568	H@5 0.859296	H@10 0.982412
INFO:meta-cli.py:Epoch 36/100	test results	MRR 0.654146	H@1 0.502488	H@3 0.741294	H@5 0.878109	H@10 0.990050
INFO:meta-cli.py:Epoch 37/100	Loss 5.1504 ± 0.0496
INFO:meta-cli.py:Epoch 38/100	Loss 5.1506 ± 0.0629
INFO:meta-cli.py:Epoch 39/100	Loss 5.1496 ± 0.0555
INFO:meta-cli.py:Epoch 39/100	dev results	MRR 0.631485	H@1 0.469849	H@3 0.726131	H@5 0.866834	H@10 0.984925
INFO:meta-cli.py:Epoch 39/100	test results	MRR 0.654927	H@1 0.502488	H@3 0.741294	H@5 0.883085	H@10 0.987562
INFO:meta-cli.py:Epoch 40/100	Loss 5.1484 ± 0.0615
INFO:meta-cli.py:Epoch 41/100	Loss 5.1469 ± 0.0443
INFO:meta-cli.py:Epoch 42/100	Loss 5.1468 ± 0.0423
INFO:meta-cli.py:Epoch 42/100	dev results	MRR 0.634732	H@1 0.474874	H@3 0.736181	H@5 0.869347	H@10 0.982412
INFO:meta-cli.py:Epoch 42/100	test results	MRR 0.652828	H@1 0.500000	H@3 0.741294	H@5 0.875622	H@10 0.987562
INFO:meta-cli.py:Epoch 43/100	Loss 5.1465 ± 0.0536
INFO:meta-cli.py:Epoch 44/100	Loss 5.1456 ± 0.0524
INFO:meta-cli.py:Epoch 45/100	Loss 5.1446 ± 0.0506
INFO:meta-cli.py:Epoch 45/100	dev results	MRR 0.638733	H@1 0.479899	H@3 0.736181	H@5 0.871859	H@10 0.984925
INFO:meta-cli.py:Epoch 45/100	test results	MRR 0.654610	H@1 0.504975	H@3 0.741294	H@5 0.870647	H@10 0.990050
INFO:meta-cli.py:Epoch 46/100	Loss 5.1442 ± 0.0544
INFO:meta-cli.py:Epoch 47/100	Loss 5.1435 ± 0.0608
INFO:meta-cli.py:Epoch 48/100	Loss 5.1427 ± 0.0515
INFO:meta-cli.py:Epoch 48/100	dev results	MRR 0.639076	H@1 0.479899	H@3 0.726131	H@5 0.871859	H@10 0.984925
INFO:meta-cli.py:Epoch 48/100	test results	MRR 0.656192	H@1 0.504975	H@3 0.741294	H@5 0.873134	H@10 0.990050
INFO:meta-cli.py:Epoch 49/100	Loss 5.1426 ± 0.0504
INFO:meta-cli.py:Epoch 50/100	Loss 5.1422 ± 0.0550
INFO:meta-cli.py:Epoch 51/100	Loss 5.1420 ± 0.0424
INFO:meta-cli.py:Epoch 51/100	dev results	MRR 0.637088	H@1 0.477387	H@3 0.726131	H@5 0.874372	H@10 0.979899
INFO:meta-cli.py:Epoch 51/100	test results	MRR 0.650745	H@1 0.495025	H@3 0.743781	H@5 0.873134	H@10 0.990050
INFO:meta-cli.py:Epoch 52/100	Loss 5.1414 ± 0.0643
INFO:meta-cli.py:Epoch 53/100	Loss 5.1407 ± 0.0620
INFO:meta-cli.py:Epoch 54/100	Loss 5.1404 ± 0.0529
INFO:meta-cli.py:Epoch 54/100	dev results	MRR 0.638934	H@1 0.482412	H@3 0.731156	H@5 0.871859	H@10 0.979899
INFO:meta-cli.py:Epoch 54/100	test results	MRR 0.652766	H@1 0.500000	H@3 0.743781	H@5 0.873134	H@10 0.990050
INFO:meta-cli.py:Epoch 55/100	Loss 5.1406 ± 0.0487
INFO:meta-cli.py:Epoch 56/100	Loss 5.1398 ± 0.0581
INFO:meta-cli.py:Epoch 57/100	Loss 5.1398 ± 0.0478
INFO:meta-cli.py:Epoch 57/100	dev results	MRR 0.638634	H@1 0.482412	H@3 0.726131	H@5 0.869347	H@10 0.979899
INFO:meta-cli.py:Epoch 57/100	test results	MRR 0.656508	H@1 0.507463	H@3 0.746269	H@5 0.873134	H@10 0.990050
INFO:meta-cli.py:Epoch 58/100	Loss 5.1401 ± 0.0661
INFO:meta-cli.py:Epoch 59/100	Loss 5.1390 ± 0.0467
INFO:meta-cli.py:Epoch 60/100	Loss 5.1386 ± 0.0498
INFO:meta-cli.py:Epoch 60/100	dev results	MRR 0.640026	H@1 0.484925	H@3 0.726131	H@5 0.871859	H@10 0.979899
INFO:meta-cli.py:Epoch 60/100	test results	MRR 0.654518	H@1 0.504975	H@3 0.743781	H@5 0.873134	H@10 0.990050
INFO:meta-cli.py:Epoch 61/100	Loss 5.1385 ± 0.0629
INFO:meta-cli.py:Epoch 62/100	Loss 5.1389 ± 0.0624
INFO:meta-cli.py:Epoch 63/100	Loss 5.1384 ± 0.0574
INFO:meta-cli.py:Epoch 63/100	dev results	MRR 0.642973	H@1 0.489950	H@3 0.728643	H@5 0.871859	H@10 0.977387
INFO:meta-cli.py:Epoch 63/100	test results	MRR 0.658501	H@1 0.509950	H@3 0.746269	H@5 0.873134	H@10 0.990050
INFO:meta-cli.py:Epoch 64/100	Loss 5.1382 ± 0.0557
INFO:meta-cli.py:Epoch 65/100	Loss 5.1376 ± 0.0524
INFO:meta-cli.py:Epoch 66/100	Loss 5.1375 ± 0.0521
INFO:meta-cli.py:Epoch 66/100	dev results	MRR 0.642435	H@1 0.489950	H@3 0.731156	H@5 0.871859	H@10 0.977387
INFO:meta-cli.py:Epoch 66/100	test results	MRR 0.656629	H@1 0.507463	H@3 0.743781	H@5 0.873134	H@10 0.990050
INFO:meta-cli.py:Epoch 67/100	Loss 5.1378 ± 0.0545
INFO:meta-cli.py:Epoch 68/100	Loss 5.1376 ± 0.0602
INFO:meta-cli.py:Epoch 69/100	Loss 5.1365 ± 0.0585
INFO:meta-cli.py:Epoch 69/100	dev results	MRR 0.642390	H@1 0.487437	H@3 0.728643	H@5 0.874372	H@10 0.977387
INFO:meta-cli.py:Epoch 69/100	test results	MRR 0.654770	H@1 0.502488	H@3 0.741294	H@5 0.873134	H@10 0.990050
INFO:meta-cli.py:Epoch 70/100	Loss 5.1369 ± 0.0431
INFO:meta-cli.py:Epoch 71/100	Loss 5.1366 ± 0.0455
INFO:meta-cli.py:Epoch 72/100	Loss 5.1359 ± 0.0586
INFO:meta-cli.py:Epoch 72/100	dev results	MRR 0.643437	H@1 0.489950	H@3 0.731156	H@5 0.874372	H@10 0.977387
INFO:meta-cli.py:Epoch 72/100	test results	MRR 0.655987	H@1 0.504975	H@3 0.746269	H@5 0.875622	H@10 0.990050
INFO:meta-cli.py:Epoch 73/100	Loss 5.1358 ± 0.0605
INFO:meta-cli.py:Epoch 74/100	Loss 5.1359 ± 0.0537
INFO:meta-cli.py:Epoch 75/100	Loss 5.1358 ± 0.0503
INFO:meta-cli.py:Epoch 75/100	dev results	MRR 0.643669	H@1 0.489950	H@3 0.736181	H@5 0.871859	H@10 0.979899
INFO:meta-cli.py:Epoch 75/100	test results	MRR 0.652874	H@1 0.500000	H@3 0.746269	H@5 0.878109	H@10 0.990050
INFO:meta-cli.py:Epoch 76/100	Loss 5.1357 ± 0.0662
INFO:meta-cli.py:Epoch 77/100	Loss 5.1361 ± 0.0659
INFO:meta-cli.py:Epoch 78/100	Loss 5.1354 ± 0.0538
INFO:meta-cli.py:Epoch 78/100	dev results	MRR 0.644865	H@1 0.492462	H@3 0.733668	H@5 0.874372	H@10 0.979899
INFO:meta-cli.py:Epoch 78/100	test results	MRR 0.658148	H@1 0.509950	H@3 0.743781	H@5 0.878109	H@10 0.990050
INFO:meta-cli.py:Epoch 79/100	Loss 5.1350 ± 0.0479
INFO:meta-cli.py:Epoch 80/100	Loss 5.1355 ± 0.0506
INFO:meta-cli.py:Epoch 81/100	Loss 5.1351 ± 0.0450
INFO:meta-cli.py:Epoch 81/100	dev results	MRR 0.645466	H@1 0.492462	H@3 0.741206	H@5 0.874372	H@10 0.979899
INFO:meta-cli.py:Epoch 81/100	test results	MRR 0.657258	H@1 0.507463	H@3 0.743781	H@5 0.878109	H@10 0.990050
INFO:meta-cli.py:Epoch 82/100	Loss 5.1355 ± 0.0639
INFO:meta-cli.py:Epoch 83/100	Loss 5.1347 ± 0.0486
INFO:meta-cli.py:Epoch 84/100	Loss 5.1341 ± 0.0543
INFO:meta-cli.py:Epoch 84/100	dev results	MRR 0.645383	H@1 0.492462	H@3 0.741206	H@5 0.874372	H@10 0.979899
INFO:meta-cli.py:Epoch 84/100	test results	MRR 0.656391	H@1 0.504975	H@3 0.741294	H@5 0.878109	H@10 0.990050
INFO:meta-cli.py:Epoch 85/100	Loss 5.1348 ± 0.0488
INFO:meta-cli.py:Epoch 86/100	Loss 5.1344 ± 0.0519
INFO:meta-cli.py:Epoch 87/100	Loss 5.1344 ± 0.0584
INFO:meta-cli.py:Epoch 87/100	dev results	MRR 0.645274	H@1 0.489950	H@3 0.743719	H@5 0.876884	H@10 0.979899
INFO:meta-cli.py:Epoch 87/100	test results	MRR 0.655852	H@1 0.502488	H@3 0.743781	H@5 0.880597	H@10 0.990050
INFO:meta-cli.py:Epoch 88/100	Loss 5.1344 ± 0.0519
INFO:meta-cli.py:Epoch 89/100	Loss 5.1342 ± 0.0550
INFO:meta-cli.py:Epoch 90/100	Loss 5.1341 ± 0.0590
INFO:meta-cli.py:Epoch 90/100	dev results	MRR 0.647554	H@1 0.494975	H@3 0.743719	H@5 0.876884	H@10 0.979899
INFO:meta-cli.py:Epoch 90/100	test results	MRR 0.655544	H@1 0.502488	H@3 0.746269	H@5 0.883085	H@10 0.990050
INFO:meta-cli.py:Epoch 91/100	Loss 5.1339 ± 0.0528
INFO:meta-cli.py:Epoch 92/100	Loss 5.1335 ± 0.0457
INFO:meta-cli.py:Epoch 93/100	Loss 5.1334 ± 0.0645
INFO:meta-cli.py:Epoch 93/100	dev results	MRR 0.644075	H@1 0.487437	H@3 0.743719	H@5 0.874372	H@10 0.979899
INFO:meta-cli.py:Epoch 93/100	test results	MRR 0.654898	H@1 0.502488	H@3 0.743781	H@5 0.880597	H@10 0.990050
INFO:meta-cli.py:Epoch 94/100	Loss 5.1334 ± 0.0506
INFO:meta-cli.py:Epoch 95/100	Loss 5.1333 ± 0.0581
INFO:meta-cli.py:Epoch 96/100	Loss 5.1330 ± 0.0677
INFO:meta-cli.py:Epoch 96/100	dev results	MRR 0.645292	H@1 0.489950	H@3 0.743719	H@5 0.871859	H@10 0.979899
INFO:meta-cli.py:Epoch 96/100	test results	MRR 0.656290	H@1 0.502488	H@3 0.746269	H@5 0.880597	H@10 0.990050
INFO:meta-cli.py:Epoch 97/100	Loss 5.1332 ± 0.0539
INFO:meta-cli.py:Epoch 98/100	Loss 5.1332 ± 0.0552
INFO:meta-cli.py:Epoch 99/100	Loss 5.1326 ± 0.0514
INFO:meta-cli.py:Epoch 99/100	dev results	MRR 0.646671	H@1 0.492462	H@3 0.743719	H@5 0.874372	H@10 0.977387
INFO:meta-cli.py:Epoch 99/100	test results	MRR 0.655729	H@1 0.500000	H@3 0.746269	H@5 0.885572	H@10 0.990050
INFO:meta-cli.py:Epoch 100/100	Loss 5.1334 ± 0.0742
INFO:meta-cli.py:Final 	dev results	MRR 0.646262	H@1 0.492462	H@3 0.743719	H@5 0.874372	H@10 0.977387
INFO:meta-cli.py:Final 	test results	MRR 0.658193	H@1 0.504975	H@3 0.746269	H@5 0.883085	H@10 0.990050
INFO:meta-cli.py:Training finished
