./bin/meta-cli.py --train data/umls/train.tsv --dev data/umls/dev.tsv --test data/umls/test.tsv -m complex -k 10 -b 100 -e 100 --F2 0 --N3 0.05 -l 0.1 -I standard -V 3 -o adagrad -q
{'F2': 0.0,
 'N3': 0.05,
 'batch_size': 100,
 'dev': 'data/umls/dev.tsv',
 'embedding_size': 10,
 'epochs': 100,
 'eval_batch_size': None,
 'input_type': 'standard',
 'learning_rate': 0.1,
 'load': None,
 'model': 'complex',
 'optimizer': 'adagrad',
 'quiet': True,
 'save': None,
 'seed': 0,
 'test': 'data/umls/test.tsv',
 'test_i': None,
 'test_ii': None,
 'train': 'data/umls/train.tsv',
 'validate_every': 3}
INFO:meta-cli.py:Device: cpu
INFO:meta-cli.py:Model state:
INFO:meta-cli.py:	entities.weight	torch.Size([135, 20])
INFO:meta-cli.py:	predicates.weight	torch.Size([46, 20])
INFO:meta-cli.py:Epoch 1/100	Loss 8.9503 ± 0.7225
INFO:meta-cli.py:Epoch 2/100	Loss 7.6432 ± 0.1619
INFO:meta-cli.py:Epoch 3/100	Loss 7.3716 ± 0.1613
INFO:meta-cli.py:Epoch 3/100	dev results	MRR 0.794090	H@1 0.695552	H@3 0.871166	H@5 0.908742	H@10 0.949387
INFO:meta-cli.py:Epoch 3/100	test results	MRR 0.797044	H@1 0.692890	H@3 0.881997	H@5 0.922088	H@10 0.956127
INFO:meta-cli.py:Epoch 4/100	Loss 7.2759 ± 0.1316
INFO:meta-cli.py:Epoch 5/100	Loss 7.2245 ± 0.1371
INFO:meta-cli.py:Epoch 6/100	Loss 7.2018 ± 0.1582
INFO:meta-cli.py:Epoch 6/100	dev results	MRR 0.813876	H@1 0.710123	H@3 0.904141	H@5 0.934049	H@10 0.963190
INFO:meta-cli.py:Epoch 6/100	test results	MRR 0.813608	H@1 0.705749	H@3 0.910741	H@5 0.946293	H@10 0.969743
INFO:meta-cli.py:Epoch 7/100	Loss 7.1691 ± 0.1142
INFO:meta-cli.py:Epoch 8/100	Loss 7.1569 ± 0.1151
INFO:meta-cli.py:Epoch 9/100	Loss 7.1313 ± 0.1497
INFO:meta-cli.py:Epoch 9/100	dev results	MRR 0.828363	H@1 0.730828	H@3 0.912577	H@5 0.944018	H@10 0.967791
INFO:meta-cli.py:Epoch 9/100	test results	MRR 0.829533	H@1 0.727685	H@3 0.922088	H@5 0.953858	H@10 0.970499
INFO:meta-cli.py:Epoch 10/100	Loss 7.1316 ± 0.1685
INFO:meta-cli.py:Epoch 11/100	Loss 7.1201 ± 0.1307
INFO:meta-cli.py:Epoch 12/100	Loss 7.1086 ± 0.1196
INFO:meta-cli.py:Epoch 12/100	dev results	MRR 0.831573	H@1 0.733129	H@3 0.919479	H@5 0.949387	H@10 0.967791
INFO:meta-cli.py:Epoch 12/100	test results	MRR 0.838250	H@1 0.740545	H@3 0.924357	H@5 0.953858	H@10 0.974281
INFO:meta-cli.py:Epoch 13/100	Loss 7.1017 ± 0.1129
INFO:meta-cli.py:Epoch 14/100	Loss 7.0908 ± 0.1086
INFO:meta-cli.py:Epoch 15/100	Loss 7.0915 ± 0.1341
INFO:meta-cli.py:Epoch 15/100	dev results	MRR 0.834192	H@1 0.735429	H@3 0.919479	H@5 0.950153	H@10 0.970092
INFO:meta-cli.py:Epoch 15/100	test results	MRR 0.838074	H@1 0.737519	H@3 0.924357	H@5 0.958396	H@10 0.975038
INFO:meta-cli.py:Epoch 16/100	Loss 7.0781 ± 0.1272
INFO:meta-cli.py:Epoch 17/100	Loss 7.0693 ± 0.1403
INFO:meta-cli.py:Epoch 18/100	Loss 7.0669 ± 0.1229
INFO:meta-cli.py:Epoch 18/100	dev results	MRR 0.836334	H@1 0.739264	H@3 0.924080	H@5 0.951687	H@10 0.970092
INFO:meta-cli.py:Epoch 18/100	test results	MRR 0.839397	H@1 0.739032	H@3 0.929652	H@5 0.957640	H@10 0.974281
INFO:meta-cli.py:Epoch 19/100	Loss 7.0595 ± 0.1358
INFO:meta-cli.py:Epoch 20/100	Loss 7.0661 ± 0.1166
INFO:meta-cli.py:Epoch 21/100	Loss 7.0594 ± 0.1273
INFO:meta-cli.py:Epoch 21/100	dev results	MRR 0.839080	H@1 0.743098	H@3 0.924080	H@5 0.952454	H@10 0.968558
INFO:meta-cli.py:Epoch 21/100	test results	MRR 0.842822	H@1 0.745840	H@3 0.931165	H@5 0.959909	H@10 0.975794
INFO:meta-cli.py:Epoch 22/100	Loss 7.0462 ± 0.1657
INFO:meta-cli.py:Epoch 23/100	Loss 7.0511 ± 0.1321
INFO:meta-cli.py:Epoch 24/100	Loss 7.0531 ± 0.1127
INFO:meta-cli.py:Epoch 24/100	dev results	MRR 0.838631	H@1 0.740798	H@3 0.925613	H@5 0.952454	H@10 0.970859
INFO:meta-cli.py:Epoch 24/100	test results	MRR 0.842072	H@1 0.742814	H@3 0.930408	H@5 0.960666	H@10 0.976551
INFO:meta-cli.py:Epoch 25/100	Loss 7.0473 ± 0.1348
INFO:meta-cli.py:Epoch 26/100	Loss 7.0407 ± 0.1121
INFO:meta-cli.py:Epoch 27/100	Loss 7.0532 ± 0.1384
INFO:meta-cli.py:Epoch 27/100	dev results	MRR 0.836471	H@1 0.736963	H@3 0.924847	H@5 0.950920	H@10 0.972393
INFO:meta-cli.py:Epoch 27/100	test results	MRR 0.841720	H@1 0.741301	H@3 0.931921	H@5 0.959153	H@10 0.976551
INFO:meta-cli.py:Epoch 28/100	Loss 7.0348 ± 0.1428
INFO:meta-cli.py:Epoch 29/100	Loss 7.0422 ± 0.1129
INFO:meta-cli.py:Epoch 30/100	Loss 7.0427 ± 0.1232
INFO:meta-cli.py:Epoch 30/100	dev results	MRR 0.840088	H@1 0.742331	H@3 0.926380	H@5 0.952454	H@10 0.971626
INFO:meta-cli.py:Epoch 30/100	test results	MRR 0.845512	H@1 0.747352	H@3 0.933434	H@5 0.959909	H@10 0.975794
INFO:meta-cli.py:Epoch 31/100	Loss 7.0371 ± 0.1179
INFO:meta-cli.py:Epoch 32/100	Loss 7.0242 ± 0.1500
INFO:meta-cli.py:Epoch 33/100	Loss 7.0413 ± 0.1437
INFO:meta-cli.py:Epoch 33/100	dev results	MRR 0.844032	H@1 0.749233	H@3 0.925613	H@5 0.953988	H@10 0.973160
INFO:meta-cli.py:Epoch 33/100	test results	MRR 0.845910	H@1 0.747352	H@3 0.934947	H@5 0.961422	H@10 0.978820
INFO:meta-cli.py:Epoch 34/100	Loss 7.0349 ± 0.1398
INFO:meta-cli.py:Epoch 35/100	Loss 7.0328 ± 0.1448
INFO:meta-cli.py:Epoch 36/100	Loss 7.0276 ± 0.1028
INFO:meta-cli.py:Epoch 36/100	dev results	MRR 0.844363	H@1 0.750000	H@3 0.925613	H@5 0.957055	H@10 0.972393
INFO:meta-cli.py:Epoch 36/100	test results	MRR 0.847608	H@1 0.750378	H@3 0.934191	H@5 0.959909	H@10 0.978064
INFO:meta-cli.py:Epoch 37/100	Loss 7.0280 ± 0.1172
INFO:meta-cli.py:Epoch 38/100	Loss 7.0172 ± 0.1340
INFO:meta-cli.py:Epoch 39/100	Loss 7.0195 ± 0.1363
INFO:meta-cli.py:Epoch 39/100	dev results	MRR 0.846116	H@1 0.752301	H@3 0.927914	H@5 0.958589	H@10 0.973160
INFO:meta-cli.py:Epoch 39/100	test results	MRR 0.846415	H@1 0.748109	H@3 0.935703	H@5 0.961422	H@10 0.978820
INFO:meta-cli.py:Epoch 40/100	Loss 7.0258 ± 0.1386
INFO:meta-cli.py:Epoch 41/100	Loss 7.0207 ± 0.1237
INFO:meta-cli.py:Epoch 42/100	Loss 7.0205 ± 0.1374
INFO:meta-cli.py:Epoch 42/100	dev results	MRR 0.850874	H@1 0.759969	H@3 0.932515	H@5 0.954755	H@10 0.972393
INFO:meta-cli.py:Epoch 42/100	test results	MRR 0.849577	H@1 0.752648	H@3 0.938729	H@5 0.959909	H@10 0.979576
INFO:meta-cli.py:Epoch 43/100	Loss 7.0196 ± 0.1106
INFO:meta-cli.py:Epoch 44/100	Loss 7.0158 ± 0.1250
INFO:meta-cli.py:Epoch 45/100	Loss 7.0215 ± 0.1472
INFO:meta-cli.py:Epoch 45/100	dev results	MRR 0.846676	H@1 0.751534	H@3 0.934049	H@5 0.956288	H@10 0.973160
INFO:meta-cli.py:Epoch 45/100	test results	MRR 0.847774	H@1 0.750378	H@3 0.934947	H@5 0.960666	H@10 0.978820
INFO:meta-cli.py:Epoch 46/100	Loss 7.0068 ± 0.1286
INFO:meta-cli.py:Epoch 47/100	Loss 7.0078 ± 0.1201
INFO:meta-cli.py:Epoch 48/100	Loss 7.0150 ± 0.1128
INFO:meta-cli.py:Epoch 48/100	dev results	MRR 0.844111	H@1 0.746933	H@3 0.930982	H@5 0.957055	H@10 0.974693
INFO:meta-cli.py:Epoch 48/100	test results	MRR 0.847799	H@1 0.748865	H@3 0.937216	H@5 0.959909	H@10 0.978820
INFO:meta-cli.py:Epoch 49/100	Loss 7.0128 ± 0.1293
INFO:meta-cli.py:Epoch 50/100	Loss 7.0072 ± 0.1132
INFO:meta-cli.py:Epoch 51/100	Loss 7.0068 ± 0.1209
INFO:meta-cli.py:Epoch 51/100	dev results	MRR 0.846958	H@1 0.752301	H@3 0.930215	H@5 0.957055	H@10 0.971626
INFO:meta-cli.py:Epoch 51/100	test results	MRR 0.849499	H@1 0.752648	H@3 0.937216	H@5 0.960666	H@10 0.978820
INFO:meta-cli.py:Epoch 52/100	Loss 6.9979 ± 0.1380
INFO:meta-cli.py:Epoch 53/100	Loss 7.0062 ± 0.1083
INFO:meta-cli.py:Epoch 54/100	Loss 7.0058 ± 0.1318
INFO:meta-cli.py:Epoch 54/100	dev results	MRR 0.847187	H@1 0.752301	H@3 0.930982	H@5 0.956288	H@10 0.972393
INFO:meta-cli.py:Epoch 54/100	test results	MRR 0.847125	H@1 0.747352	H@3 0.937973	H@5 0.962179	H@10 0.979576
INFO:meta-cli.py:Epoch 55/100	Loss 7.0049 ± 0.1343
INFO:meta-cli.py:Epoch 56/100	Loss 7.0040 ± 0.1249
INFO:meta-cli.py:Epoch 57/100	Loss 6.9985 ± 0.1119
INFO:meta-cli.py:Epoch 57/100	dev results	MRR 0.849648	H@1 0.756135	H@3 0.930982	H@5 0.957055	H@10 0.973160
INFO:meta-cli.py:Epoch 57/100	test results	MRR 0.849657	H@1 0.752648	H@3 0.938729	H@5 0.962179	H@10 0.979576
INFO:meta-cli.py:Epoch 58/100	Loss 7.0022 ± 0.1436
INFO:meta-cli.py:Epoch 59/100	Loss 6.9962 ± 0.1320
INFO:meta-cli.py:Epoch 60/100	Loss 7.0006 ± 0.1358
INFO:meta-cli.py:Epoch 60/100	dev results	MRR 0.845362	H@1 0.746166	H@3 0.934816	H@5 0.956288	H@10 0.974693
INFO:meta-cli.py:Epoch 60/100	test results	MRR 0.849321	H@1 0.751135	H@3 0.939486	H@5 0.959909	H@10 0.979576
INFO:meta-cli.py:Epoch 61/100	Loss 6.9922 ± 0.1620
INFO:meta-cli.py:Epoch 62/100	Loss 7.0102 ± 0.1543
INFO:meta-cli.py:Epoch 63/100	Loss 7.0057 ± 0.1387
INFO:meta-cli.py:Epoch 63/100	dev results	MRR 0.848716	H@1 0.752301	H@3 0.933282	H@5 0.955521	H@10 0.975460
INFO:meta-cli.py:Epoch 63/100	test results	MRR 0.848602	H@1 0.749622	H@3 0.937973	H@5 0.960666	H@10 0.981089
INFO:meta-cli.py:Epoch 64/100	Loss 6.9989 ± 0.0984
INFO:meta-cli.py:Epoch 65/100	Loss 7.0015 ± 0.1451
INFO:meta-cli.py:Epoch 66/100	Loss 6.9955 ± 0.1241
INFO:meta-cli.py:Epoch 66/100	dev results	MRR 0.846101	H@1 0.746166	H@3 0.934049	H@5 0.957822	H@10 0.975460
INFO:meta-cli.py:Epoch 66/100	test results	MRR 0.847355	H@1 0.747352	H@3 0.936460	H@5 0.961422	H@10 0.981846
INFO:meta-cli.py:Epoch 67/100	Loss 6.9967 ± 0.1215
INFO:meta-cli.py:Epoch 68/100	Loss 6.9949 ± 0.1267
INFO:meta-cli.py:Epoch 69/100	Loss 6.9935 ± 0.1407
INFO:meta-cli.py:Epoch 69/100	dev results	MRR 0.851292	H@1 0.758436	H@3 0.934049	H@5 0.954755	H@10 0.974693
INFO:meta-cli.py:Epoch 69/100	test results	MRR 0.851810	H@1 0.754917	H@3 0.937973	H@5 0.963691	H@10 0.981089
INFO:meta-cli.py:Epoch 70/100	Loss 6.9901 ± 0.1259
INFO:meta-cli.py:Epoch 71/100	Loss 6.9862 ± 0.1516
INFO:meta-cli.py:Epoch 72/100	Loss 6.9952 ± 0.1203
INFO:meta-cli.py:Epoch 72/100	dev results	MRR 0.849917	H@1 0.753834	H@3 0.934049	H@5 0.957055	H@10 0.973926
INFO:meta-cli.py:Epoch 72/100	test results	MRR 0.849974	H@1 0.751891	H@3 0.935703	H@5 0.964448	H@10 0.982602
INFO:meta-cli.py:Epoch 73/100	Loss 6.9961 ± 0.1158
INFO:meta-cli.py:Epoch 74/100	Loss 6.9931 ± 0.1215
INFO:meta-cli.py:Epoch 75/100	Loss 6.9804 ± 0.1512
INFO:meta-cli.py:Epoch 75/100	dev results	MRR 0.851138	H@1 0.758436	H@3 0.934049	H@5 0.956288	H@10 0.974693
INFO:meta-cli.py:Epoch 75/100	test results	MRR 0.852365	H@1 0.755673	H@3 0.938729	H@5 0.965204	H@10 0.982602
INFO:meta-cli.py:Epoch 76/100	Loss 7.0119 ± 0.2259
INFO:meta-cli.py:Epoch 77/100	Loss 6.9856 ± 0.1272
INFO:meta-cli.py:Epoch 78/100	Loss 6.9844 ± 0.1152
INFO:meta-cli.py:Epoch 78/100	dev results	MRR 0.852877	H@1 0.761503	H@3 0.930982	H@5 0.957055	H@10 0.975460
INFO:meta-cli.py:Epoch 78/100	test results	MRR 0.850484	H@1 0.751891	H@3 0.938729	H@5 0.962179	H@10 0.982602
INFO:meta-cli.py:Epoch 79/100	Loss 6.9915 ± 0.1225
INFO:meta-cli.py:Epoch 80/100	Loss 6.9868 ± 0.0915
INFO:meta-cli.py:Epoch 81/100	Loss 6.9871 ± 0.1034
INFO:meta-cli.py:Epoch 81/100	dev results	MRR 0.851983	H@1 0.758436	H@3 0.933282	H@5 0.957822	H@10 0.974693
INFO:meta-cli.py:Epoch 81/100	test results	MRR 0.852671	H@1 0.756430	H@3 0.938729	H@5 0.962935	H@10 0.982602
INFO:meta-cli.py:Epoch 82/100	Loss 6.9751 ± 0.1730
INFO:meta-cli.py:Epoch 83/100	Loss 6.9852 ± 0.1131
INFO:meta-cli.py:Epoch 84/100	Loss 6.9869 ± 0.1262
INFO:meta-cli.py:Epoch 84/100	dev results	MRR 0.849962	H@1 0.755368	H@3 0.934049	H@5 0.957055	H@10 0.974693
INFO:meta-cli.py:Epoch 84/100	test results	MRR 0.851702	H@1 0.754160	H@3 0.939486	H@5 0.962179	H@10 0.983359
INFO:meta-cli.py:Epoch 85/100	Loss 6.9876 ± 0.1181
INFO:meta-cli.py:Epoch 86/100	Loss 6.9866 ± 0.1461
INFO:meta-cli.py:Epoch 87/100	Loss 6.9853 ± 0.1126
INFO:meta-cli.py:Epoch 87/100	dev results	MRR 0.851178	H@1 0.757669	H@3 0.934049	H@5 0.957055	H@10 0.974693
INFO:meta-cli.py:Epoch 87/100	test results	MRR 0.851982	H@1 0.754917	H@3 0.937216	H@5 0.962179	H@10 0.982602
INFO:meta-cli.py:Epoch 88/100	Loss 6.9827 ± 0.1248
INFO:meta-cli.py:Epoch 89/100	Loss 6.9904 ± 0.1414
INFO:meta-cli.py:Epoch 90/100	Loss 6.9828 ± 0.1280
INFO:meta-cli.py:Epoch 90/100	dev results	MRR 0.847344	H@1 0.749233	H@3 0.933282	H@5 0.956288	H@10 0.974693
INFO:meta-cli.py:Epoch 90/100	test results	MRR 0.851928	H@1 0.754917	H@3 0.937216	H@5 0.960666	H@10 0.983359
INFO:meta-cli.py:Epoch 91/100	Loss 6.9863 ± 0.1185
INFO:meta-cli.py:Epoch 92/100	Loss 6.9856 ± 0.1177
INFO:meta-cli.py:Epoch 93/100	Loss 6.9753 ± 0.1181
INFO:meta-cli.py:Epoch 93/100	dev results	MRR 0.852127	H@1 0.759202	H@3 0.934816	H@5 0.956288	H@10 0.975460
INFO:meta-cli.py:Epoch 93/100	test results	MRR 0.852701	H@1 0.755673	H@3 0.937973	H@5 0.965961	H@10 0.982602
INFO:meta-cli.py:Epoch 94/100	Loss 6.9852 ± 0.1132
INFO:meta-cli.py:Epoch 95/100	Loss 6.9892 ± 0.1415
INFO:meta-cli.py:Epoch 96/100	Loss 6.9776 ± 0.1216
INFO:meta-cli.py:Epoch 96/100	dev results	MRR 0.850276	H@1 0.755368	H@3 0.932515	H@5 0.955521	H@10 0.975460
INFO:meta-cli.py:Epoch 96/100	test results	MRR 0.853654	H@1 0.757943	H@3 0.937216	H@5 0.964448	H@10 0.983359
INFO:meta-cli.py:Epoch 97/100	Loss 6.9816 ± 0.1026
INFO:meta-cli.py:Epoch 98/100	Loss 6.9797 ± 0.1221
INFO:meta-cli.py:Epoch 99/100	Loss 6.9796 ± 0.1169
INFO:meta-cli.py:Epoch 99/100	dev results	MRR 0.849466	H@1 0.753834	H@3 0.933282	H@5 0.954755	H@10 0.974693
INFO:meta-cli.py:Epoch 99/100	test results	MRR 0.853469	H@1 0.757186	H@3 0.938729	H@5 0.963691	H@10 0.984115
INFO:meta-cli.py:Epoch 100/100	Loss 6.9769 ± 0.1223
INFO:meta-cli.py:Final 	dev results	MRR 0.852778	H@1 0.759969	H@3 0.933282	H@5 0.955521	H@10 0.974693
INFO:meta-cli.py:Final 	test results	MRR 0.856069	H@1 0.761725	H@3 0.939486	H@5 0.964448	H@10 0.984115
INFO:meta-cli.py:Training finished
