./bin/meta-cli.py --train data/nations/train.tsv --dev data/nations/dev.tsv --test data/nations/test.tsv -m complex -k 50 -b 100 -e 100 --F2 0 --N3 0.05 -l 0.1 -I standard -V 3 -o adagrad -q
{'F2': 0.0,
 'N3': 0.05,
 'batch_size': 100,
 'dev': 'data/nations/dev.tsv',
 'embedding_size': 50,
 'epochs': 100,
 'eval_batch_size': None,
 'input_type': 'standard',
 'learning_rate': 0.1,
 'load': None,
 'model': 'complex',
 'optimizer': 'adagrad',
 'quiet': True,
 'save': None,
 'seed': 0,
 'test': 'data/nations/test.tsv',
 'test_i': None,
 'test_ii': None,
 'train': 'data/nations/train.tsv',
 'validate_every': 3}
INFO:meta-cli.py:Device: cpu
INFO:meta-cli.py:Model state:
INFO:meta-cli.py:	entities.weight	torch.Size([14, 100])
INFO:meta-cli.py:	predicates.weight	torch.Size([55, 100])
INFO:meta-cli.py:Epoch 1/100	Loss 5.3065 ± 0.0181
INFO:meta-cli.py:Epoch 2/100	Loss 5.2265 ± 0.0351
INFO:meta-cli.py:Epoch 3/100	Loss 5.1063 ± 0.0427
INFO:meta-cli.py:Epoch 3/100	dev results	MRR 0.650900	H@1 0.489950	H@3 0.758794	H@5 0.869347	H@10 0.984925
INFO:meta-cli.py:Epoch 3/100	test results	MRR 0.687732	H@1 0.544776	H@3 0.778607	H@5 0.888060	H@10 0.987562
INFO:meta-cli.py:Epoch 4/100	Loss 5.0200 ± 0.0982
INFO:meta-cli.py:Epoch 5/100	Loss 4.9554 ± 0.0948
INFO:meta-cli.py:Epoch 6/100	Loss 4.9045 ± 0.0696
INFO:meta-cli.py:Epoch 6/100	dev results	MRR 0.702636	H@1 0.565327	H@3 0.819095	H@5 0.907035	H@10 0.987437
INFO:meta-cli.py:Epoch 6/100	test results	MRR 0.727564	H@1 0.592040	H@3 0.830846	H@5 0.932836	H@10 0.982587
INFO:meta-cli.py:Epoch 7/100	Loss 4.8702 ± 0.1023
INFO:meta-cli.py:Epoch 8/100	Loss 4.8365 ± 0.0750
INFO:meta-cli.py:Epoch 9/100	Loss 4.8142 ± 0.1170
INFO:meta-cli.py:Epoch 9/100	dev results	MRR 0.727550	H@1 0.592965	H@3 0.831658	H@5 0.927136	H@10 0.987437
INFO:meta-cli.py:Epoch 9/100	test results	MRR 0.728938	H@1 0.589552	H@3 0.843284	H@5 0.927861	H@10 0.987562
INFO:meta-cli.py:Epoch 10/100	Loss 4.7966 ± 0.1076
INFO:meta-cli.py:Epoch 11/100	Loss 4.7821 ± 0.1134
INFO:meta-cli.py:Epoch 12/100	Loss 4.7661 ± 0.0903
INFO:meta-cli.py:Epoch 12/100	dev results	MRR 0.739458	H@1 0.608040	H@3 0.846734	H@5 0.924623	H@10 0.992462
INFO:meta-cli.py:Epoch 12/100	test results	MRR 0.731197	H@1 0.589552	H@3 0.833333	H@5 0.937811	H@10 0.992537
INFO:meta-cli.py:Epoch 13/100	Loss 4.7560 ± 0.1035
INFO:meta-cli.py:Epoch 14/100	Loss 4.7477 ± 0.0918
INFO:meta-cli.py:Epoch 15/100	Loss 4.7408 ± 0.1111
INFO:meta-cli.py:Epoch 15/100	dev results	MRR 0.743374	H@1 0.615578	H@3 0.839196	H@5 0.929648	H@10 0.992462
INFO:meta-cli.py:Epoch 15/100	test results	MRR 0.737004	H@1 0.599502	H@3 0.838308	H@5 0.935323	H@10 0.997512
INFO:meta-cli.py:Epoch 16/100	Loss 4.7332 ± 0.1271
INFO:meta-cli.py:Epoch 17/100	Loss 4.7272 ± 0.0955
INFO:meta-cli.py:Epoch 18/100	Loss 4.7202 ± 0.0795
INFO:meta-cli.py:Epoch 18/100	dev results	MRR 0.747592	H@1 0.620603	H@3 0.846734	H@5 0.934673	H@10 0.992462
INFO:meta-cli.py:Epoch 18/100	test results	MRR 0.732315	H@1 0.594527	H@3 0.840796	H@5 0.932836	H@10 0.997512
INFO:meta-cli.py:Epoch 19/100	Loss 4.7181 ± 0.1101
INFO:meta-cli.py:Epoch 20/100	Loss 4.7130 ± 0.0878
INFO:meta-cli.py:Epoch 21/100	Loss 4.7084 ± 0.1091
INFO:meta-cli.py:Epoch 21/100	dev results	MRR 0.751237	H@1 0.623116	H@3 0.854271	H@5 0.929648	H@10 0.989950
INFO:meta-cli.py:Epoch 21/100	test results	MRR 0.731606	H@1 0.594527	H@3 0.830846	H@5 0.930348	H@10 0.997512
INFO:meta-cli.py:Epoch 22/100	Loss 4.7049 ± 0.1095
INFO:meta-cli.py:Epoch 23/100	Loss 4.7016 ± 0.1013
INFO:meta-cli.py:Epoch 24/100	Loss 4.6990 ± 0.0579
INFO:meta-cli.py:Epoch 24/100	dev results	MRR 0.748384	H@1 0.618090	H@3 0.849246	H@5 0.934673	H@10 0.994975
INFO:meta-cli.py:Epoch 24/100	test results	MRR 0.732056	H@1 0.594527	H@3 0.833333	H@5 0.932836	H@10 0.997512
INFO:meta-cli.py:Epoch 25/100	Loss 4.6947 ± 0.1111
INFO:meta-cli.py:Epoch 26/100	Loss 4.6942 ± 0.0917
INFO:meta-cli.py:Epoch 27/100	Loss 4.6901 ± 0.1071
INFO:meta-cli.py:Epoch 27/100	dev results	MRR 0.750539	H@1 0.623116	H@3 0.849246	H@5 0.932161	H@10 0.997487
INFO:meta-cli.py:Epoch 27/100	test results	MRR 0.729831	H@1 0.589552	H@3 0.833333	H@5 0.937811	H@10 0.997512
INFO:meta-cli.py:Epoch 28/100	Loss 4.6889 ± 0.0897
INFO:meta-cli.py:Epoch 29/100	Loss 4.6850 ± 0.0699
INFO:meta-cli.py:Epoch 30/100	Loss 4.6827 ± 0.0812
INFO:meta-cli.py:Epoch 30/100	dev results	MRR 0.751429	H@1 0.623116	H@3 0.846734	H@5 0.932161	H@10 0.997487
INFO:meta-cli.py:Epoch 30/100	test results	MRR 0.731552	H@1 0.594527	H@3 0.835821	H@5 0.935323	H@10 0.997512
INFO:meta-cli.py:Epoch 31/100	Loss 4.6820 ± 0.0814
INFO:meta-cli.py:Epoch 32/100	Loss 4.6789 ± 0.0970
INFO:meta-cli.py:Epoch 33/100	Loss 4.6787 ± 0.0819
INFO:meta-cli.py:Epoch 33/100	dev results	MRR 0.751526	H@1 0.623116	H@3 0.851759	H@5 0.932161	H@10 0.997487
INFO:meta-cli.py:Epoch 33/100	test results	MRR 0.729129	H@1 0.592040	H@3 0.833333	H@5 0.932836	H@10 0.997512
INFO:meta-cli.py:Epoch 34/100	Loss 4.6752 ± 0.1147
INFO:meta-cli.py:Epoch 35/100	Loss 4.6751 ± 0.0789
INFO:meta-cli.py:Epoch 36/100	Loss 4.6746 ± 0.1086
INFO:meta-cli.py:Epoch 36/100	dev results	MRR 0.749202	H@1 0.620603	H@3 0.849246	H@5 0.934673	H@10 0.997487
INFO:meta-cli.py:Epoch 36/100	test results	MRR 0.728372	H@1 0.592040	H@3 0.830846	H@5 0.932836	H@10 0.997512
INFO:meta-cli.py:Epoch 37/100	Loss 4.6731 ± 0.0954
INFO:meta-cli.py:Epoch 38/100	Loss 4.6719 ± 0.0784
INFO:meta-cli.py:Epoch 39/100	Loss 4.6683 ± 0.0579
INFO:meta-cli.py:Epoch 39/100	dev results	MRR 0.750829	H@1 0.623116	H@3 0.851759	H@5 0.934673	H@10 0.997487
INFO:meta-cli.py:Epoch 39/100	test results	MRR 0.725183	H@1 0.584577	H@3 0.830846	H@5 0.935323	H@10 0.997512
INFO:meta-cli.py:Epoch 40/100	Loss 4.6680 ± 0.1130
INFO:meta-cli.py:Epoch 41/100	Loss 4.6681 ± 0.1016
INFO:meta-cli.py:Epoch 42/100	Loss 4.6661 ± 0.1051
INFO:meta-cli.py:Epoch 42/100	dev results	MRR 0.750891	H@1 0.623116	H@3 0.854271	H@5 0.934673	H@10 0.997487
INFO:meta-cli.py:Epoch 42/100	test results	MRR 0.727090	H@1 0.587065	H@3 0.835821	H@5 0.935323	H@10 0.997512
INFO:meta-cli.py:Epoch 43/100	Loss 4.6651 ± 0.1020
INFO:meta-cli.py:Epoch 44/100	Loss 4.6631 ± 0.1133
INFO:meta-cli.py:Epoch 45/100	Loss 4.6623 ± 0.0894
INFO:meta-cli.py:Epoch 45/100	dev results	MRR 0.751494	H@1 0.623116	H@3 0.854271	H@5 0.934673	H@10 0.997487
INFO:meta-cli.py:Epoch 45/100	test results	MRR 0.724331	H@1 0.582090	H@3 0.830846	H@5 0.937811	H@10 0.997512
INFO:meta-cli.py:Epoch 46/100	Loss 4.6618 ± 0.1174
INFO:meta-cli.py:Epoch 47/100	Loss 4.6599 ± 0.1291
INFO:meta-cli.py:Epoch 48/100	Loss 4.6585 ± 0.0811
INFO:meta-cli.py:Epoch 48/100	dev results	MRR 0.751460	H@1 0.623116	H@3 0.856784	H@5 0.932161	H@10 0.997487
INFO:meta-cli.py:Epoch 48/100	test results	MRR 0.725178	H@1 0.582090	H@3 0.835821	H@5 0.940299	H@10 0.997512
INFO:meta-cli.py:Epoch 49/100	Loss 4.6587 ± 0.0916
INFO:meta-cli.py:Epoch 50/100	Loss 4.6579 ± 0.0912
INFO:meta-cli.py:Epoch 51/100	Loss 4.6581 ± 0.0990
INFO:meta-cli.py:Epoch 51/100	dev results	MRR 0.754300	H@1 0.628141	H@3 0.856784	H@5 0.932161	H@10 0.997487
INFO:meta-cli.py:Epoch 51/100	test results	MRR 0.726753	H@1 0.584577	H@3 0.835821	H@5 0.937811	H@10 0.997512
INFO:meta-cli.py:Epoch 52/100	Loss 4.6565 ± 0.0585
INFO:meta-cli.py:Epoch 53/100	Loss 4.6550 ± 0.0881
INFO:meta-cli.py:Epoch 54/100	Loss 4.6552 ± 0.0924
INFO:meta-cli.py:Epoch 54/100	dev results	MRR 0.751704	H@1 0.623116	H@3 0.854271	H@5 0.932161	H@10 0.997487
INFO:meta-cli.py:Epoch 54/100	test results	MRR 0.724680	H@1 0.582090	H@3 0.835821	H@5 0.937811	H@10 0.997512
INFO:meta-cli.py:Epoch 55/100	Loss 4.6554 ± 0.1117
INFO:meta-cli.py:Epoch 56/100	Loss 4.6526 ± 0.1032
INFO:meta-cli.py:Epoch 57/100	Loss 4.6527 ± 0.0877
INFO:meta-cli.py:Epoch 57/100	dev results	MRR 0.752283	H@1 0.623116	H@3 0.859296	H@5 0.932161	H@10 0.997487
INFO:meta-cli.py:Epoch 57/100	test results	MRR 0.725150	H@1 0.582090	H@3 0.838308	H@5 0.937811	H@10 0.997512
INFO:meta-cli.py:Epoch 58/100	Loss 4.6525 ± 0.1041
INFO:meta-cli.py:Epoch 59/100	Loss 4.6525 ± 0.1095
INFO:meta-cli.py:Epoch 60/100	Loss 4.6506 ± 0.0893
INFO:meta-cli.py:Epoch 60/100	dev results	MRR 0.753079	H@1 0.625628	H@3 0.859296	H@5 0.934673	H@10 0.997487
INFO:meta-cli.py:Epoch 60/100	test results	MRR 0.725275	H@1 0.582090	H@3 0.838308	H@5 0.937811	H@10 0.997512
INFO:meta-cli.py:Epoch 61/100	Loss 4.6507 ± 0.0941
INFO:meta-cli.py:Epoch 62/100	Loss 4.6490 ± 0.1316
INFO:meta-cli.py:Epoch 63/100	Loss 4.6485 ± 0.0681
INFO:meta-cli.py:Epoch 63/100	dev results	MRR 0.750601	H@1 0.623116	H@3 0.859296	H@5 0.932161	H@10 0.997487
INFO:meta-cli.py:Epoch 63/100	test results	MRR 0.724362	H@1 0.582090	H@3 0.835821	H@5 0.937811	H@10 0.997512
INFO:meta-cli.py:Epoch 64/100	Loss 4.6489 ± 0.0704
INFO:meta-cli.py:Epoch 65/100	Loss 4.6489 ± 0.1113
INFO:meta-cli.py:Epoch 66/100	Loss 4.6473 ± 0.1211
INFO:meta-cli.py:Epoch 66/100	dev results	MRR 0.750685	H@1 0.623116	H@3 0.859296	H@5 0.934673	H@10 0.997487
INFO:meta-cli.py:Epoch 66/100	test results	MRR 0.724445	H@1 0.579602	H@3 0.838308	H@5 0.937811	H@10 0.997512
INFO:meta-cli.py:Epoch 67/100	Loss 4.6460 ± 0.1008
INFO:meta-cli.py:Epoch 68/100	Loss 4.6473 ± 0.0748
INFO:meta-cli.py:Epoch 69/100	Loss 4.6449 ± 0.0676
INFO:meta-cli.py:Epoch 69/100	dev results	MRR 0.751306	H@1 0.625628	H@3 0.856784	H@5 0.937186	H@10 0.997487
INFO:meta-cli.py:Epoch 69/100	test results	MRR 0.723694	H@1 0.579602	H@3 0.835821	H@5 0.932836	H@10 0.995025
INFO:meta-cli.py:Epoch 70/100	Loss 4.6448 ± 0.0773
INFO:meta-cli.py:Epoch 71/100	Loss 4.6455 ± 0.0800
INFO:meta-cli.py:Epoch 72/100	Loss 4.6441 ± 0.0925
INFO:meta-cli.py:Epoch 72/100	dev results	MRR 0.751222	H@1 0.625628	H@3 0.856784	H@5 0.934673	H@10 0.997487
INFO:meta-cli.py:Epoch 72/100	test results	MRR 0.723936	H@1 0.579602	H@3 0.833333	H@5 0.932836	H@10 0.995025
INFO:meta-cli.py:Epoch 73/100	Loss 4.6439 ± 0.1032
INFO:meta-cli.py:Epoch 74/100	Loss 4.6439 ± 0.0793
INFO:meta-cli.py:Epoch 75/100	Loss 4.6429 ± 0.0733
INFO:meta-cli.py:Epoch 75/100	dev results	MRR 0.752562	H@1 0.628141	H@3 0.859296	H@5 0.934673	H@10 0.997487
INFO:meta-cli.py:Epoch 75/100	test results	MRR 0.723895	H@1 0.579602	H@3 0.835821	H@5 0.937811	H@10 0.995025
INFO:meta-cli.py:Epoch 76/100	Loss 4.6421 ± 0.0940
INFO:meta-cli.py:Epoch 77/100	Loss 4.6421 ± 0.0862
INFO:meta-cli.py:Epoch 78/100	Loss 4.6414 ± 0.0856
INFO:meta-cli.py:Epoch 78/100	dev results	MRR 0.753442	H@1 0.628141	H@3 0.861809	H@5 0.934673	H@10 0.997487
INFO:meta-cli.py:Epoch 78/100	test results	MRR 0.723397	H@1 0.579602	H@3 0.835821	H@5 0.935323	H@10 0.995025
INFO:meta-cli.py:Epoch 79/100	Loss 4.6417 ± 0.0806
INFO:meta-cli.py:Epoch 80/100	Loss 4.6399 ± 0.0910
INFO:meta-cli.py:Epoch 81/100	Loss 4.6400 ± 0.0793
INFO:meta-cli.py:Epoch 81/100	dev results	MRR 0.751397	H@1 0.625628	H@3 0.861809	H@5 0.932161	H@10 0.997487
INFO:meta-cli.py:Epoch 81/100	test results	MRR 0.723190	H@1 0.579602	H@3 0.838308	H@5 0.935323	H@10 0.995025
INFO:meta-cli.py:Epoch 82/100	Loss 4.6402 ± 0.0972
INFO:meta-cli.py:Epoch 83/100	Loss 4.6400 ± 0.0962
INFO:meta-cli.py:Epoch 84/100	Loss 4.6404 ± 0.0957
INFO:meta-cli.py:Epoch 84/100	dev results	MRR 0.750389	H@1 0.623116	H@3 0.861809	H@5 0.937186	H@10 0.997487
INFO:meta-cli.py:Epoch 84/100	test results	MRR 0.723131	H@1 0.577114	H@3 0.838308	H@5 0.935323	H@10 0.995025
INFO:meta-cli.py:Epoch 85/100	Loss 4.6399 ± 0.0874
INFO:meta-cli.py:Epoch 86/100	Loss 4.6387 ± 0.0962
INFO:meta-cli.py:Epoch 87/100	Loss 4.6383 ± 0.0776
INFO:meta-cli.py:Epoch 87/100	dev results	MRR 0.750807	H@1 0.623116	H@3 0.864322	H@5 0.934673	H@10 0.997487
INFO:meta-cli.py:Epoch 87/100	test results	MRR 0.723922	H@1 0.579602	H@3 0.838308	H@5 0.935323	H@10 0.995025
INFO:meta-cli.py:Epoch 88/100	Loss 4.6369 ± 0.0741
INFO:meta-cli.py:Epoch 89/100	Loss 4.6370 ± 0.0705
INFO:meta-cli.py:Epoch 90/100	Loss 4.6373 ± 0.1004
INFO:meta-cli.py:Epoch 90/100	dev results	MRR 0.752399	H@1 0.625628	H@3 0.864322	H@5 0.932161	H@10 0.997487
INFO:meta-cli.py:Epoch 90/100	test results	MRR 0.723697	H@1 0.579602	H@3 0.838308	H@5 0.935323	H@10 0.995025
INFO:meta-cli.py:Epoch 91/100	Loss 4.6359 ± 0.0902
INFO:meta-cli.py:Epoch 92/100	Loss 4.6366 ± 0.0933
INFO:meta-cli.py:Epoch 93/100	Loss 4.6360 ± 0.0666
INFO:meta-cli.py:Epoch 93/100	dev results	MRR 0.754451	H@1 0.630653	H@3 0.864322	H@5 0.934673	H@10 0.997487
INFO:meta-cli.py:Epoch 93/100	test results	MRR 0.725190	H@1 0.582090	H@3 0.838308	H@5 0.935323	H@10 0.995025
INFO:meta-cli.py:Epoch 94/100	Loss 4.6360 ± 0.0952
INFO:meta-cli.py:Epoch 95/100	Loss 4.6352 ± 0.0844
INFO:meta-cli.py:Epoch 96/100	Loss 4.6346 ± 0.0956
INFO:meta-cli.py:Epoch 96/100	dev results	MRR 0.749360	H@1 0.620603	H@3 0.864322	H@5 0.934673	H@10 0.997487
INFO:meta-cli.py:Epoch 96/100	test results	MRR 0.722741	H@1 0.579602	H@3 0.840796	H@5 0.935323	H@10 0.995025
INFO:meta-cli.py:Epoch 97/100	Loss 4.6348 ± 0.1084
INFO:meta-cli.py:Epoch 98/100	Loss 4.6352 ± 0.1043
INFO:meta-cli.py:Epoch 99/100	Loss 4.6345 ± 0.0916
INFO:meta-cli.py:Epoch 99/100	dev results	MRR 0.748892	H@1 0.620603	H@3 0.861809	H@5 0.934673	H@10 0.997487
INFO:meta-cli.py:Epoch 99/100	test results	MRR 0.721911	H@1 0.579602	H@3 0.835821	H@5 0.935323	H@10 0.995025
INFO:meta-cli.py:Epoch 100/100	Loss 4.6335 ± 0.0763
INFO:meta-cli.py:Final 	dev results	MRR 0.747971	H@1 0.618090	H@3 0.864322	H@5 0.934673	H@10 0.997487
INFO:meta-cli.py:Final 	test results	MRR 0.723238	H@1 0.582090	H@3 0.838308	H@5 0.935323	H@10 0.995025
INFO:meta-cli.py:Training finished
