./bin/meta-cli.py --train data/nations/train.tsv --dev data/nations/dev.tsv --test data/nations/test.tsv -m complex -k 50 -b 100 -e 100 --F2 0.005 --N3 0 -l 0.1 -I standard -V 3 -o adagrad -q
{'F2': 0.005,
 'N3': 0.0,
 'batch_size': 100,
 'dev': 'data/nations/dev.tsv',
 'embedding_size': 50,
 'epochs': 100,
 'eval_batch_size': None,
 'input_type': 'standard',
 'learning_rate': 0.1,
 'load': None,
 'model': 'complex',
 'optimizer': 'adagrad',
 'quiet': True,
 'save': None,
 'seed': 0,
 'test': 'data/nations/test.tsv',
 'test_i': None,
 'test_ii': None,
 'train': 'data/nations/train.tsv',
 'validate_every': 3}
INFO:meta-cli.py:Device: cpu
INFO:meta-cli.py:Model state:
INFO:meta-cli.py:	entities.weight	torch.Size([14, 100])
INFO:meta-cli.py:	predicates.weight	torch.Size([55, 100])
INFO:meta-cli.py:Epoch 1/100	Loss 5.3088 ± 0.0203
INFO:meta-cli.py:Epoch 2/100	Loss 5.0380 ± 0.0877
INFO:meta-cli.py:Epoch 3/100	Loss 4.6598 ± 0.0722
INFO:meta-cli.py:Epoch 3/100	dev results	MRR 0.691891	H@1 0.535176	H@3 0.824121	H@5 0.922111	H@10 0.989950
INFO:meta-cli.py:Epoch 3/100	test results	MRR 0.710764	H@1 0.562189	H@3 0.823383	H@5 0.925373	H@10 0.990050
INFO:meta-cli.py:Epoch 4/100	Loss 4.3955 ± 0.1281
INFO:meta-cli.py:Epoch 5/100	Loss 4.2252 ± 0.1562
INFO:meta-cli.py:Epoch 6/100	Loss 4.1144 ± 0.1355
INFO:meta-cli.py:Epoch 6/100	dev results	MRR 0.712942	H@1 0.562814	H@3 0.839196	H@5 0.919598	H@10 0.994975
INFO:meta-cli.py:Epoch 6/100	test results	MRR 0.741085	H@1 0.599502	H@3 0.865672	H@5 0.937811	H@10 0.985075
INFO:meta-cli.py:Epoch 7/100	Loss 4.0371 ± 0.1503
INFO:meta-cli.py:Epoch 8/100	Loss 3.9738 ± 0.1098
INFO:meta-cli.py:Epoch 9/100	Loss 3.9291 ± 0.1702
INFO:meta-cli.py:Epoch 9/100	dev results	MRR 0.719219	H@1 0.560302	H@3 0.861809	H@5 0.932161	H@10 0.994975
INFO:meta-cli.py:Epoch 9/100	test results	MRR 0.757570	H@1 0.626866	H@3 0.873134	H@5 0.940299	H@10 0.990050
INFO:meta-cli.py:Epoch 10/100	Loss 3.8941 ± 0.1548
INFO:meta-cli.py:Epoch 11/100	Loss 3.8627 ± 0.1672
INFO:meta-cli.py:Epoch 12/100	Loss 3.8370 ± 0.1264
INFO:meta-cli.py:Epoch 12/100	dev results	MRR 0.725665	H@1 0.572864	H@3 0.854271	H@5 0.932161	H@10 0.994975
INFO:meta-cli.py:Epoch 12/100	test results	MRR 0.756991	H@1 0.621891	H@3 0.875622	H@5 0.940299	H@10 0.995025
INFO:meta-cli.py:Epoch 13/100	Loss 3.8141 ± 0.1172
INFO:meta-cli.py:Epoch 14/100	Loss 3.7998 ± 0.1299
INFO:meta-cli.py:Epoch 15/100	Loss 3.7828 ± 0.1685
INFO:meta-cli.py:Epoch 15/100	dev results	MRR 0.721874	H@1 0.565327	H@3 0.854271	H@5 0.934673	H@10 0.994975
INFO:meta-cli.py:Epoch 15/100	test results	MRR 0.756512	H@1 0.614428	H@3 0.880597	H@5 0.942786	H@10 0.992537
INFO:meta-cli.py:Epoch 16/100	Loss 3.7671 ± 0.1663
INFO:meta-cli.py:Epoch 17/100	Loss 3.7556 ± 0.1553
INFO:meta-cli.py:Epoch 18/100	Loss 3.7417 ± 0.1436
INFO:meta-cli.py:Epoch 18/100	dev results	MRR 0.726313	H@1 0.577889	H@3 0.851759	H@5 0.939698	H@10 0.994975
INFO:meta-cli.py:Epoch 18/100	test results	MRR 0.759005	H@1 0.619403	H@3 0.878109	H@5 0.940299	H@10 0.990050
INFO:meta-cli.py:Epoch 19/100	Loss 3.7363 ± 0.1506
INFO:meta-cli.py:Epoch 20/100	Loss 3.7264 ± 0.1347
INFO:meta-cli.py:Epoch 21/100	Loss 3.7165 ± 0.1797
INFO:meta-cli.py:Epoch 21/100	dev results	MRR 0.721539	H@1 0.565327	H@3 0.859296	H@5 0.942211	H@10 0.994975
INFO:meta-cli.py:Epoch 21/100	test results	MRR 0.757590	H@1 0.616915	H@3 0.880597	H@5 0.937811	H@10 0.992537
INFO:meta-cli.py:Epoch 22/100	Loss 3.7093 ± 0.1521
INFO:meta-cli.py:Epoch 23/100	Loss 3.7029 ± 0.1415
INFO:meta-cli.py:Epoch 24/100	Loss 3.6959 ± 0.0974
INFO:meta-cli.py:Epoch 24/100	dev results	MRR 0.721764	H@1 0.565327	H@3 0.854271	H@5 0.939698	H@10 0.997487
INFO:meta-cli.py:Epoch 24/100	test results	MRR 0.751493	H@1 0.606965	H@3 0.878109	H@5 0.940299	H@10 0.992537
INFO:meta-cli.py:Epoch 25/100	Loss 3.6870 ± 0.1534
INFO:meta-cli.py:Epoch 26/100	Loss 3.6826 ± 0.1077
INFO:meta-cli.py:Epoch 27/100	Loss 3.6767 ± 0.1313
INFO:meta-cli.py:Epoch 27/100	dev results	MRR 0.725210	H@1 0.570352	H@3 0.849246	H@5 0.934673	H@10 0.997487
INFO:meta-cli.py:Epoch 27/100	test results	MRR 0.748441	H@1 0.601990	H@3 0.875622	H@5 0.940299	H@10 0.995025
INFO:meta-cli.py:Epoch 28/100	Loss 3.6736 ± 0.0964
INFO:meta-cli.py:Epoch 29/100	Loss 3.6662 ± 0.1050
INFO:meta-cli.py:Epoch 30/100	Loss 3.6626 ± 0.1237
INFO:meta-cli.py:Epoch 30/100	dev results	MRR 0.722921	H@1 0.567839	H@3 0.849246	H@5 0.937186	H@10 0.997487
INFO:meta-cli.py:Epoch 30/100	test results	MRR 0.749199	H@1 0.604478	H@3 0.875622	H@5 0.937811	H@10 0.992537
INFO:meta-cli.py:Epoch 31/100	Loss 3.6590 ± 0.1076
INFO:meta-cli.py:Epoch 32/100	Loss 3.6551 ± 0.1318
INFO:meta-cli.py:Epoch 33/100	Loss 3.6524 ± 0.1700
INFO:meta-cli.py:Epoch 33/100	dev results	MRR 0.721411	H@1 0.565327	H@3 0.851759	H@5 0.937186	H@10 0.997487
INFO:meta-cli.py:Epoch 33/100	test results	MRR 0.746338	H@1 0.599502	H@3 0.873134	H@5 0.937811	H@10 0.992537
INFO:meta-cli.py:Epoch 34/100	Loss 3.6466 ± 0.1224
INFO:meta-cli.py:Epoch 35/100	Loss 3.6436 ± 0.1195
INFO:meta-cli.py:Epoch 36/100	Loss 3.6418 ± 0.1529
INFO:meta-cli.py:Epoch 36/100	dev results	MRR 0.723417	H@1 0.567839	H@3 0.851759	H@5 0.939698	H@10 0.997487
INFO:meta-cli.py:Epoch 36/100	test results	MRR 0.747374	H@1 0.601990	H@3 0.873134	H@5 0.937811	H@10 0.992537
INFO:meta-cli.py:Epoch 37/100	Loss 3.6403 ± 0.1322
INFO:meta-cli.py:Epoch 38/100	Loss 3.6350 ± 0.0914
INFO:meta-cli.py:Epoch 39/100	Loss 3.6317 ± 0.0661
INFO:meta-cli.py:Epoch 39/100	dev results	MRR 0.715488	H@1 0.552764	H@3 0.856784	H@5 0.939698	H@10 0.997487
INFO:meta-cli.py:Epoch 39/100	test results	MRR 0.746604	H@1 0.599502	H@3 0.873134	H@5 0.937811	H@10 0.992537
INFO:meta-cli.py:Epoch 40/100	Loss 3.6301 ± 0.1495
INFO:meta-cli.py:Epoch 41/100	Loss 3.6291 ± 0.1553
INFO:meta-cli.py:Epoch 42/100	Loss 3.6253 ± 0.1259
INFO:meta-cli.py:Epoch 42/100	dev results	MRR 0.718704	H@1 0.557789	H@3 0.854271	H@5 0.939698	H@10 0.997487
INFO:meta-cli.py:Epoch 42/100	test results	MRR 0.749655	H@1 0.606965	H@3 0.873134	H@5 0.937811	H@10 0.992537
INFO:meta-cli.py:Epoch 43/100	Loss 3.6222 ± 0.1408
INFO:meta-cli.py:Epoch 44/100	Loss 3.6204 ± 0.1290
INFO:meta-cli.py:Epoch 45/100	Loss 3.6168 ± 0.1201
INFO:meta-cli.py:Epoch 45/100	dev results	MRR 0.715455	H@1 0.552764	H@3 0.856784	H@5 0.937186	H@10 0.997487
INFO:meta-cli.py:Epoch 45/100	test results	MRR 0.747872	H@1 0.604478	H@3 0.873134	H@5 0.937811	H@10 0.992537
INFO:meta-cli.py:Epoch 46/100	Loss 3.6159 ± 0.1231
INFO:meta-cli.py:Epoch 47/100	Loss 3.6124 ± 0.1457
INFO:meta-cli.py:Epoch 48/100	Loss 3.6117 ± 0.1111
INFO:meta-cli.py:Epoch 48/100	dev results	MRR 0.713382	H@1 0.547739	H@3 0.854271	H@5 0.937186	H@10 0.997487
INFO:meta-cli.py:Epoch 48/100	test results	MRR 0.749447	H@1 0.606965	H@3 0.875622	H@5 0.937811	H@10 0.992537
INFO:meta-cli.py:Epoch 49/100	Loss 3.6093 ± 0.1162
INFO:meta-cli.py:Epoch 50/100	Loss 3.6081 ± 0.1013
INFO:meta-cli.py:Epoch 51/100	Loss 3.6076 ± 0.1144
INFO:meta-cli.py:Epoch 51/100	dev results	MRR 0.715704	H@1 0.552764	H@3 0.854271	H@5 0.937186	H@10 0.997487
INFO:meta-cli.py:Epoch 51/100	test results	MRR 0.750111	H@1 0.609453	H@3 0.873134	H@5 0.942786	H@10 0.992537
INFO:meta-cli.py:Epoch 52/100	Loss 3.6052 ± 0.1082
INFO:meta-cli.py:Epoch 53/100	Loss 3.6024 ± 0.1319
INFO:meta-cli.py:Epoch 54/100	Loss 3.6012 ± 0.1146
INFO:meta-cli.py:Epoch 54/100	dev results	MRR 0.712874	H@1 0.547739	H@3 0.851759	H@5 0.937186	H@10 0.997487
INFO:meta-cli.py:Epoch 54/100	test results	MRR 0.747292	H@1 0.604478	H@3 0.873134	H@5 0.945274	H@10 0.992537
INFO:meta-cli.py:Epoch 55/100	Loss 3.6010 ± 0.1558
INFO:meta-cli.py:Epoch 56/100	Loss 3.5969 ± 0.1375
INFO:meta-cli.py:Epoch 57/100	Loss 3.5957 ± 0.1120
INFO:meta-cli.py:Epoch 57/100	dev results	MRR 0.715470	H@1 0.555276	H@3 0.846734	H@5 0.934673	H@10 0.997487
INFO:meta-cli.py:Epoch 57/100	test results	MRR 0.745180	H@1 0.601990	H@3 0.873134	H@5 0.942786	H@10 0.992537
INFO:meta-cli.py:Epoch 58/100	Loss 3.5950 ± 0.1364
INFO:meta-cli.py:Epoch 59/100	Loss 3.5952 ± 0.1295
INFO:meta-cli.py:Epoch 60/100	Loss 3.5921 ± 0.1195
INFO:meta-cli.py:Epoch 60/100	dev results	MRR 0.715270	H@1 0.555276	H@3 0.846734	H@5 0.937186	H@10 0.997487
INFO:meta-cli.py:Epoch 60/100	test results	MRR 0.747778	H@1 0.606965	H@3 0.870647	H@5 0.942786	H@10 0.992537
INFO:meta-cli.py:Epoch 61/100	Loss 3.5920 ± 0.1214
INFO:meta-cli.py:Epoch 62/100	Loss 3.5890 ± 0.1626
INFO:meta-cli.py:Epoch 63/100	Loss 3.5872 ± 0.1182
INFO:meta-cli.py:Epoch 63/100	dev results	MRR 0.714014	H@1 0.552764	H@3 0.846734	H@5 0.937186	H@10 0.997487
INFO:meta-cli.py:Epoch 63/100	test results	MRR 0.747571	H@1 0.606965	H@3 0.873134	H@5 0.942786	H@10 0.992537
INFO:meta-cli.py:Epoch 64/100	Loss 3.5877 ± 0.0890
INFO:meta-cli.py:Epoch 65/100	Loss 3.5869 ± 0.1364
INFO:meta-cli.py:Epoch 66/100	Loss 3.5849 ± 0.1293
INFO:meta-cli.py:Epoch 66/100	dev results	MRR 0.715658	H@1 0.555276	H@3 0.841709	H@5 0.937186	H@10 0.997487
INFO:meta-cli.py:Epoch 66/100	test results	MRR 0.746776	H@1 0.606965	H@3 0.870647	H@5 0.945274	H@10 0.992537
INFO:meta-cli.py:Epoch 67/100	Loss 3.5825 ± 0.1156
INFO:meta-cli.py:Epoch 68/100	Loss 3.5846 ± 0.1091
INFO:meta-cli.py:Epoch 69/100	Loss 3.5808 ± 0.0954
INFO:meta-cli.py:Epoch 69/100	dev results	MRR 0.716435	H@1 0.557789	H@3 0.844221	H@5 0.939698	H@10 0.997487
INFO:meta-cli.py:Epoch 69/100	test results	MRR 0.745184	H@1 0.604478	H@3 0.868159	H@5 0.940299	H@10 0.992537
INFO:meta-cli.py:Epoch 70/100	Loss 3.5791 ± 0.1243
INFO:meta-cli.py:Epoch 71/100	Loss 3.5801 ± 0.0907
INFO:meta-cli.py:Epoch 72/100	Loss 3.5778 ± 0.1188
INFO:meta-cli.py:Epoch 72/100	dev results	MRR 0.716963	H@1 0.560302	H@3 0.846734	H@5 0.939698	H@10 0.997487
INFO:meta-cli.py:Epoch 72/100	test results	MRR 0.745143	H@1 0.604478	H@3 0.870647	H@5 0.945274	H@10 0.992537
INFO:meta-cli.py:Epoch 73/100	Loss 3.5771 ± 0.1173
INFO:meta-cli.py:Epoch 74/100	Loss 3.5773 ± 0.0854
INFO:meta-cli.py:Epoch 75/100	Loss 3.5753 ± 0.0982
INFO:meta-cli.py:Epoch 75/100	dev results	MRR 0.716107	H@1 0.560302	H@3 0.849246	H@5 0.939698	H@10 0.997487
INFO:meta-cli.py:Epoch 75/100	test results	MRR 0.743484	H@1 0.601990	H@3 0.870647	H@5 0.945274	H@10 0.992537
INFO:meta-cli.py:Epoch 76/100	Loss 3.5745 ± 0.0981
INFO:meta-cli.py:Epoch 77/100	Loss 3.5740 ± 0.1048
INFO:meta-cli.py:Epoch 78/100	Loss 3.5732 ± 0.0919
INFO:meta-cli.py:Epoch 78/100	dev results	MRR 0.714558	H@1 0.557789	H@3 0.846734	H@5 0.937186	H@10 0.997487
INFO:meta-cli.py:Epoch 78/100	test results	MRR 0.743519	H@1 0.601990	H@3 0.870647	H@5 0.945274	H@10 0.992537
INFO:meta-cli.py:Epoch 79/100	Loss 3.5728 ± 0.1140
INFO:meta-cli.py:Epoch 80/100	Loss 3.5708 ± 0.1243
INFO:meta-cli.py:Epoch 81/100	Loss 3.5694 ± 0.1139
INFO:meta-cli.py:Epoch 81/100	dev results	MRR 0.716118	H@1 0.562814	H@3 0.844221	H@5 0.937186	H@10 0.997487
INFO:meta-cli.py:Epoch 81/100	test results	MRR 0.740858	H@1 0.597015	H@3 0.868159	H@5 0.945274	H@10 0.992537
INFO:meta-cli.py:Epoch 82/100	Loss 3.5700 ± 0.1067
INFO:meta-cli.py:Epoch 83/100	Loss 3.5690 ± 0.1305
INFO:meta-cli.py:Epoch 84/100	Loss 3.5688 ± 0.1228
INFO:meta-cli.py:Epoch 84/100	dev results	MRR 0.713934	H@1 0.557789	H@3 0.844221	H@5 0.937186	H@10 0.997487
INFO:meta-cli.py:Epoch 84/100	test results	MRR 0.739822	H@1 0.594527	H@3 0.870647	H@5 0.945274	H@10 0.992537
INFO:meta-cli.py:Epoch 85/100	Loss 3.5686 ± 0.1108
INFO:meta-cli.py:Epoch 86/100	Loss 3.5667 ± 0.0970
INFO:meta-cli.py:Epoch 87/100	Loss 3.5652 ± 0.0856
INFO:meta-cli.py:Epoch 87/100	dev results	MRR 0.714024	H@1 0.557789	H@3 0.844221	H@5 0.937186	H@10 0.997487
INFO:meta-cli.py:Epoch 87/100	test results	MRR 0.741273	H@1 0.597015	H@3 0.873134	H@5 0.945274	H@10 0.992537
INFO:meta-cli.py:Epoch 88/100	Loss 3.5642 ± 0.1054
INFO:meta-cli.py:Epoch 89/100	Loss 3.5633 ± 0.0731
INFO:meta-cli.py:Epoch 90/100	Loss 3.5642 ± 0.1300
INFO:meta-cli.py:Epoch 90/100	dev results	MRR 0.713648	H@1 0.557789	H@3 0.844221	H@5 0.942211	H@10 0.997487
INFO:meta-cli.py:Epoch 90/100	test results	MRR 0.740057	H@1 0.594527	H@3 0.873134	H@5 0.945274	H@10 0.992537
INFO:meta-cli.py:Epoch 91/100	Loss 3.5616 ± 0.1404
INFO:meta-cli.py:Epoch 92/100	Loss 3.5616 ± 0.1116
INFO:meta-cli.py:Epoch 93/100	Loss 3.5615 ± 0.0890
INFO:meta-cli.py:Epoch 93/100	dev results	MRR 0.713689	H@1 0.557789	H@3 0.846734	H@5 0.937186	H@10 0.997487
INFO:meta-cli.py:Epoch 93/100	test results	MRR 0.739991	H@1 0.594527	H@3 0.873134	H@5 0.945274	H@10 0.992537
INFO:meta-cli.py:Epoch 94/100	Loss 3.5616 ± 0.1208
INFO:meta-cli.py:Epoch 95/100	Loss 3.5594 ± 0.0922
INFO:meta-cli.py:Epoch 96/100	Loss 3.5593 ± 0.1213
INFO:meta-cli.py:Epoch 96/100	dev results	MRR 0.711177	H@1 0.552764	H@3 0.846734	H@5 0.937186	H@10 0.997487
INFO:meta-cli.py:Epoch 96/100	test results	MRR 0.741276	H@1 0.597015	H@3 0.875622	H@5 0.945274	H@10 0.992537
INFO:meta-cli.py:Epoch 97/100	Loss 3.5588 ± 0.1244
INFO:meta-cli.py:Epoch 98/100	Loss 3.5594 ± 0.1486
INFO:meta-cli.py:Epoch 99/100	Loss 3.5579 ± 0.1204
INFO:meta-cli.py:Epoch 99/100	dev results	MRR 0.713354	H@1 0.557789	H@3 0.846734	H@5 0.939698	H@10 0.997487
INFO:meta-cli.py:Epoch 99/100	test results	MRR 0.738788	H@1 0.592040	H@3 0.875622	H@5 0.945274	H@10 0.992537
INFO:meta-cli.py:Epoch 100/100	Loss 3.5565 ± 0.1134
INFO:meta-cli.py:Final 	dev results	MRR 0.712178	H@1 0.555276	H@3 0.846734	H@5 0.939698	H@10 0.997487
INFO:meta-cli.py:Final 	test results	MRR 0.739625	H@1 0.594527	H@3 0.875622	H@5 0.945274	H@10 0.992537
INFO:meta-cli.py:Training finished
