./bin/meta-cli.py --train data/kinship/train.tsv --dev data/kinship/dev.tsv --test data/kinship/test.tsv -m complex -k 10 -b 100 -e 100 --F2 0 --N3 0.1 -l 0.1 -I standard -V 3 -o adagrad -q
{'F2': 0.0,
 'N3': 0.1,
 'batch_size': 100,
 'dev': 'data/kinship/dev.tsv',
 'embedding_size': 10,
 'epochs': 100,
 'eval_batch_size': None,
 'input_type': 'standard',
 'learning_rate': 0.1,
 'load': None,
 'model': 'complex',
 'optimizer': 'adagrad',
 'quiet': True,
 'save': None,
 'seed': 0,
 'test': 'data/kinship/test.tsv',
 'test_i': None,
 'test_ii': None,
 'train': 'data/kinship/train.tsv',
 'validate_every': 3}
INFO:meta-cli.py:Device: cpu
INFO:meta-cli.py:Model state:
INFO:meta-cli.py:	entities.weight	torch.Size([104, 20])
INFO:meta-cli.py:	predicates.weight	torch.Size([25, 20])
INFO:meta-cli.py:Epoch 1/100	Loss 8.3327 ± 0.7906
INFO:meta-cli.py:Epoch 2/100	Loss 7.4146 ± 0.1031
INFO:meta-cli.py:Epoch 3/100	Loss 7.3734 ± 0.1083
INFO:meta-cli.py:Epoch 3/100	dev results	MRR 0.565485	H@1 0.412921	H@3 0.651217	H@5 0.763577	H@10 0.900281
INFO:meta-cli.py:Epoch 3/100	test results	MRR 0.553515	H@1 0.401304	H@3 0.635009	H@5 0.758845	H@10 0.887337
INFO:meta-cli.py:Epoch 4/100	Loss 7.3559 ± 0.1075
INFO:meta-cli.py:Epoch 5/100	Loss 7.3483 ± 0.1077
INFO:meta-cli.py:Epoch 6/100	Loss 7.3399 ± 0.1013
INFO:meta-cli.py:Epoch 6/100	dev results	MRR 0.610272	H@1 0.464888	H@3 0.693352	H@5 0.802903	H@10 0.922753
INFO:meta-cli.py:Epoch 6/100	test results	MRR 0.599551	H@1 0.452514	H@3 0.693203	H@5 0.794227	H@10 0.908287
INFO:meta-cli.py:Epoch 7/100	Loss 7.3274 ± 0.1105
INFO:meta-cli.py:Epoch 8/100	Loss 7.3185 ± 0.1197
INFO:meta-cli.py:Epoch 9/100	Loss 7.3055 ± 0.0976
INFO:meta-cli.py:Epoch 9/100	dev results	MRR 0.645629	H@1 0.505150	H@3 0.729401	H@5 0.830524	H@10 0.937266
INFO:meta-cli.py:Epoch 9/100	test results	MRR 0.637462	H@1 0.492086	H@3 0.737430	H@5 0.825419	H@10 0.925047
INFO:meta-cli.py:Epoch 10/100	Loss 7.2987 ± 0.1066
INFO:meta-cli.py:Epoch 11/100	Loss 7.2949 ± 0.0939
INFO:meta-cli.py:Epoch 12/100	Loss 7.2888 ± 0.0993
INFO:meta-cli.py:Epoch 12/100	dev results	MRR 0.651139	H@1 0.511704	H@3 0.737828	H@5 0.838483	H@10 0.939607
INFO:meta-cli.py:Epoch 12/100	test results	MRR 0.643235	H@1 0.497207	H@3 0.749534	H@5 0.837989	H@10 0.932961
INFO:meta-cli.py:Epoch 13/100	Loss 7.2852 ± 0.1124
INFO:meta-cli.py:Epoch 14/100	Loss 7.2821 ± 0.1034
INFO:meta-cli.py:Epoch 15/100	Loss 7.2803 ± 0.1142
INFO:meta-cli.py:Epoch 15/100	dev results	MRR 0.659022	H@1 0.520131	H@3 0.748596	H@5 0.841292	H@10 0.940075
INFO:meta-cli.py:Epoch 15/100	test results	MRR 0.655149	H@1 0.513501	H@3 0.756518	H@5 0.845903	H@10 0.937616
INFO:meta-cli.py:Epoch 16/100	Loss 7.2770 ± 0.1138
INFO:meta-cli.py:Epoch 17/100	Loss 7.2753 ± 0.1145
INFO:meta-cli.py:Epoch 18/100	Loss 7.2738 ± 0.0961
INFO:meta-cli.py:Epoch 18/100	dev results	MRR 0.662009	H@1 0.522472	H@3 0.750936	H@5 0.846442	H@10 0.941479
INFO:meta-cli.py:Epoch 18/100	test results	MRR 0.658360	H@1 0.513501	H@3 0.765829	H@5 0.846369	H@10 0.938082
INFO:meta-cli.py:Epoch 19/100	Loss 7.2711 ± 0.1095
INFO:meta-cli.py:Epoch 20/100	Loss 7.2700 ± 0.0953
INFO:meta-cli.py:Epoch 21/100	Loss 7.2696 ± 0.1113
INFO:meta-cli.py:Epoch 21/100	dev results	MRR 0.663290	H@1 0.522004	H@3 0.753277	H@5 0.850187	H@10 0.943820
INFO:meta-cli.py:Epoch 21/100	test results	MRR 0.665570	H@1 0.523277	H@3 0.767691	H@5 0.852886	H@10 0.941341
INFO:meta-cli.py:Epoch 22/100	Loss 7.2671 ± 0.1210
INFO:meta-cli.py:Epoch 23/100	Loss 7.2672 ± 0.1088
INFO:meta-cli.py:Epoch 24/100	Loss 7.2662 ± 0.1066
INFO:meta-cli.py:Epoch 24/100	dev results	MRR 0.669256	H@1 0.531367	H@3 0.760768	H@5 0.853464	H@10 0.946161
INFO:meta-cli.py:Epoch 24/100	test results	MRR 0.667455	H@1 0.524674	H@3 0.769553	H@5 0.855214	H@10 0.942737
INFO:meta-cli.py:Epoch 25/100	Loss 7.2636 ± 0.1202
INFO:meta-cli.py:Epoch 26/100	Loss 7.2620 ± 0.1098
INFO:meta-cli.py:Epoch 27/100	Loss 7.2636 ± 0.1008
INFO:meta-cli.py:Epoch 27/100	dev results	MRR 0.671937	H@1 0.532303	H@3 0.765918	H@5 0.855337	H@10 0.947097
INFO:meta-cli.py:Epoch 27/100	test results	MRR 0.670723	H@1 0.529330	H@3 0.772346	H@5 0.856611	H@10 0.944134
INFO:meta-cli.py:Epoch 28/100	Loss 7.2617 ± 0.1116
INFO:meta-cli.py:Epoch 29/100	Loss 7.2604 ± 0.1088
INFO:meta-cli.py:Epoch 30/100	Loss 7.2618 ± 0.1201
INFO:meta-cli.py:Epoch 30/100	dev results	MRR 0.673980	H@1 0.534176	H@3 0.768258	H@5 0.858146	H@10 0.948502
INFO:meta-cli.py:Epoch 30/100	test results	MRR 0.672678	H@1 0.532123	H@3 0.771415	H@5 0.863594	H@10 0.946927
INFO:meta-cli.py:Epoch 31/100	Loss 7.2585 ± 0.1064
INFO:meta-cli.py:Epoch 32/100	Loss 7.2581 ± 0.1079
INFO:meta-cli.py:Epoch 33/100	Loss 7.2572 ± 0.0996
INFO:meta-cli.py:Epoch 33/100	dev results	MRR 0.676297	H@1 0.539326	H@3 0.768258	H@5 0.858146	H@10 0.950375
INFO:meta-cli.py:Epoch 33/100	test results	MRR 0.677932	H@1 0.541434	H@3 0.775605	H@5 0.864525	H@10 0.946927
INFO:meta-cli.py:Epoch 34/100	Loss 7.2569 ± 0.1172
INFO:meta-cli.py:Epoch 35/100	Loss 7.2557 ± 0.1059
INFO:meta-cli.py:Epoch 36/100	Loss 7.2552 ± 0.1043
INFO:meta-cli.py:Epoch 36/100	dev results	MRR 0.677982	H@1 0.543071	H@3 0.766386	H@5 0.860955	H@10 0.948970
INFO:meta-cli.py:Epoch 36/100	test results	MRR 0.677502	H@1 0.539572	H@3 0.775605	H@5 0.867318	H@10 0.945531
INFO:meta-cli.py:Epoch 37/100	Loss 7.2562 ± 0.1054
INFO:meta-cli.py:Epoch 38/100	Loss 7.2547 ± 0.1090
INFO:meta-cli.py:Epoch 39/100	Loss 7.2523 ± 0.1082
INFO:meta-cli.py:Epoch 39/100	dev results	MRR 0.678140	H@1 0.543539	H@3 0.766386	H@5 0.863764	H@10 0.950843
INFO:meta-cli.py:Epoch 39/100	test results	MRR 0.680550	H@1 0.543762	H@3 0.777933	H@5 0.869181	H@10 0.947393
INFO:meta-cli.py:Epoch 40/100	Loss 7.2525 ± 0.1227
INFO:meta-cli.py:Epoch 41/100	Loss 7.2531 ± 0.1072
INFO:meta-cli.py:Epoch 42/100	Loss 7.2532 ± 0.0954
INFO:meta-cli.py:Epoch 42/100	dev results	MRR 0.680189	H@1 0.546348	H@3 0.768727	H@5 0.864232	H@10 0.949906
INFO:meta-cli.py:Epoch 42/100	test results	MRR 0.678524	H@1 0.539106	H@3 0.777933	H@5 0.869646	H@10 0.945065
INFO:meta-cli.py:Epoch 43/100	Loss 7.2512 ± 0.1046
INFO:meta-cli.py:Epoch 44/100	Loss 7.2525 ± 0.1056
INFO:meta-cli.py:Epoch 45/100	Loss 7.2516 ± 0.1005
INFO:meta-cli.py:Epoch 45/100	dev results	MRR 0.679627	H@1 0.543071	H@3 0.769195	H@5 0.867509	H@10 0.949906
INFO:meta-cli.py:Epoch 45/100	test results	MRR 0.682177	H@1 0.545624	H@3 0.779330	H@5 0.871043	H@10 0.947393
INFO:meta-cli.py:Epoch 46/100	Loss 7.2504 ± 0.1133
INFO:meta-cli.py:Epoch 47/100	Loss 7.2507 ± 0.1155
INFO:meta-cli.py:Epoch 48/100	Loss 7.2491 ± 0.1053
INFO:meta-cli.py:Epoch 48/100	dev results	MRR 0.680590	H@1 0.545412	H@3 0.769663	H@5 0.867509	H@10 0.950375
INFO:meta-cli.py:Epoch 48/100	test results	MRR 0.681949	H@1 0.544693	H@3 0.777933	H@5 0.874302	H@10 0.946927
INFO:meta-cli.py:Epoch 49/100	Loss 7.2491 ± 0.1192
INFO:meta-cli.py:Epoch 50/100	Loss 7.2505 ± 0.1007
INFO:meta-cli.py:Epoch 51/100	Loss 7.2490 ± 0.1024
INFO:meta-cli.py:Epoch 51/100	dev results	MRR 0.681684	H@1 0.546348	H@3 0.772004	H@5 0.866105	H@10 0.951311
INFO:meta-cli.py:Epoch 51/100	test results	MRR 0.681885	H@1 0.542831	H@3 0.783054	H@5 0.875698	H@10 0.945531
INFO:meta-cli.py:Epoch 52/100	Loss 7.2494 ± 0.1021
INFO:meta-cli.py:Epoch 53/100	Loss 7.2501 ± 0.1072
INFO:meta-cli.py:Epoch 54/100	Loss 7.2501 ± 0.0947
INFO:meta-cli.py:Epoch 54/100	dev results	MRR 0.681814	H@1 0.546348	H@3 0.772472	H@5 0.866105	H@10 0.951779
INFO:meta-cli.py:Epoch 54/100	test results	MRR 0.683121	H@1 0.545158	H@3 0.782123	H@5 0.876629	H@10 0.946927
INFO:meta-cli.py:Epoch 55/100	Loss 7.2498 ± 0.1068
INFO:meta-cli.py:Epoch 56/100	Loss 7.2488 ± 0.1012
INFO:meta-cli.py:Epoch 57/100	Loss 7.2486 ± 0.1171
INFO:meta-cli.py:Epoch 57/100	dev results	MRR 0.682568	H@1 0.548689	H@3 0.774813	H@5 0.868914	H@10 0.951311
INFO:meta-cli.py:Epoch 57/100	test results	MRR 0.683413	H@1 0.546089	H@3 0.782588	H@5 0.877095	H@10 0.945996
INFO:meta-cli.py:Epoch 58/100	Loss 7.2470 ± 0.1114
INFO:meta-cli.py:Epoch 59/100	Loss 7.2486 ± 0.1082
INFO:meta-cli.py:Epoch 60/100	Loss 7.2481 ± 0.1070
INFO:meta-cli.py:Epoch 60/100	dev results	MRR 0.682578	H@1 0.548221	H@3 0.771536	H@5 0.867978	H@10 0.951311
INFO:meta-cli.py:Epoch 60/100	test results	MRR 0.682907	H@1 0.544693	H@3 0.779795	H@5 0.876164	H@10 0.947393
INFO:meta-cli.py:Epoch 61/100	Loss 7.2494 ± 0.1036
INFO:meta-cli.py:Epoch 62/100	Loss 7.2470 ± 0.1080
INFO:meta-cli.py:Epoch 63/100	Loss 7.2499 ± 0.1098
INFO:meta-cli.py:Epoch 63/100	dev results	MRR 0.683179	H@1 0.549157	H@3 0.775281	H@5 0.867041	H@10 0.951779
INFO:meta-cli.py:Epoch 63/100	test results	MRR 0.684050	H@1 0.547486	H@3 0.780261	H@5 0.875698	H@10 0.946927
INFO:meta-cli.py:Epoch 64/100	Loss 7.2482 ± 0.1027
INFO:meta-cli.py:Epoch 65/100	Loss 7.2468 ± 0.1015
INFO:meta-cli.py:Epoch 66/100	Loss 7.2465 ± 0.1094
INFO:meta-cli.py:Epoch 66/100	dev results	MRR 0.682876	H@1 0.547753	H@3 0.773408	H@5 0.867978	H@10 0.952247
INFO:meta-cli.py:Epoch 66/100	test results	MRR 0.684393	H@1 0.547952	H@3 0.780726	H@5 0.876164	H@10 0.947858
INFO:meta-cli.py:Epoch 67/100	Loss 7.2467 ± 0.1017
INFO:meta-cli.py:Epoch 68/100	Loss 7.2462 ± 0.1085
INFO:meta-cli.py:Epoch 69/100	Loss 7.2466 ± 0.1006
INFO:meta-cli.py:Epoch 69/100	dev results	MRR 0.681617	H@1 0.546816	H@3 0.770131	H@5 0.865169	H@10 0.951311
INFO:meta-cli.py:Epoch 69/100	test results	MRR 0.684073	H@1 0.547020	H@3 0.782588	H@5 0.876629	H@10 0.947393
INFO:meta-cli.py:Epoch 70/100	Loss 7.2464 ± 0.1047
INFO:meta-cli.py:Epoch 71/100	Loss 7.2463 ± 0.1097
INFO:meta-cli.py:Epoch 72/100	Loss 7.2475 ± 0.0971
INFO:meta-cli.py:Epoch 72/100	dev results	MRR 0.682459	H@1 0.547753	H@3 0.772940	H@5 0.866573	H@10 0.951779
INFO:meta-cli.py:Epoch 72/100	test results	MRR 0.683078	H@1 0.544693	H@3 0.781657	H@5 0.876164	H@10 0.946927
INFO:meta-cli.py:Epoch 73/100	Loss 7.2470 ± 0.0964
INFO:meta-cli.py:Epoch 74/100	Loss 7.2457 ± 0.1068
INFO:meta-cli.py:Epoch 75/100	Loss 7.2457 ± 0.0983
INFO:meta-cli.py:Epoch 75/100	dev results	MRR 0.682662	H@1 0.547285	H@3 0.774345	H@5 0.868446	H@10 0.952247
INFO:meta-cli.py:Epoch 75/100	test results	MRR 0.684188	H@1 0.547486	H@3 0.781192	H@5 0.875233	H@10 0.945996
INFO:meta-cli.py:Epoch 76/100	Loss 7.2457 ± 0.1018
INFO:meta-cli.py:Epoch 77/100	Loss 7.2445 ± 0.1259
INFO:meta-cli.py:Epoch 78/100	Loss 7.2447 ± 0.1219
INFO:meta-cli.py:Epoch 78/100	dev results	MRR 0.682202	H@1 0.545880	H@3 0.776685	H@5 0.868914	H@10 0.952715
INFO:meta-cli.py:Epoch 78/100	test results	MRR 0.682803	H@1 0.544227	H@3 0.780726	H@5 0.877095	H@10 0.946927
INFO:meta-cli.py:Epoch 79/100	Loss 7.2459 ± 0.0995
INFO:meta-cli.py:Epoch 80/100	Loss 7.2463 ± 0.1138
INFO:meta-cli.py:Epoch 81/100	Loss 7.2479 ± 0.1096
INFO:meta-cli.py:Epoch 81/100	dev results	MRR 0.683724	H@1 0.548689	H@3 0.773408	H@5 0.868914	H@10 0.953184
INFO:meta-cli.py:Epoch 81/100	test results	MRR 0.683592	H@1 0.545624	H@3 0.782588	H@5 0.875233	H@10 0.947858
INFO:meta-cli.py:Epoch 82/100	Loss 7.2451 ± 0.1100
INFO:meta-cli.py:Epoch 83/100	Loss 7.2453 ± 0.0835
INFO:meta-cli.py:Epoch 84/100	Loss 7.2467 ± 0.1219
INFO:meta-cli.py:Epoch 84/100	dev results	MRR 0.683901	H@1 0.548689	H@3 0.775281	H@5 0.870787	H@10 0.952715
INFO:meta-cli.py:Epoch 84/100	test results	MRR 0.681838	H@1 0.542831	H@3 0.780726	H@5 0.876164	H@10 0.947393
INFO:meta-cli.py:Epoch 85/100	Loss 7.2465 ± 0.1059
INFO:meta-cli.py:Epoch 86/100	Loss 7.2454 ± 0.1288
INFO:meta-cli.py:Epoch 87/100	Loss 7.2448 ± 0.1154
INFO:meta-cli.py:Epoch 87/100	dev results	MRR 0.683136	H@1 0.546348	H@3 0.776685	H@5 0.870787	H@10 0.952715
INFO:meta-cli.py:Epoch 87/100	test results	MRR 0.681999	H@1 0.542365	H@3 0.783520	H@5 0.877095	H@10 0.946927
INFO:meta-cli.py:Epoch 88/100	Loss 7.2479 ± 0.1056
INFO:meta-cli.py:Epoch 89/100	Loss 7.2449 ± 0.1024
INFO:meta-cli.py:Epoch 90/100	Loss 7.2442 ± 0.1066
INFO:meta-cli.py:Epoch 90/100	dev results	MRR 0.683524	H@1 0.545412	H@3 0.777622	H@5 0.871255	H@10 0.953184
INFO:meta-cli.py:Epoch 90/100	test results	MRR 0.683703	H@1 0.546089	H@3 0.781657	H@5 0.875233	H@10 0.947393
INFO:meta-cli.py:Epoch 91/100	Loss 7.2436 ± 0.1218
INFO:meta-cli.py:Epoch 92/100	Loss 7.2443 ± 0.1115
INFO:meta-cli.py:Epoch 93/100	Loss 7.2460 ± 0.1139
INFO:meta-cli.py:Epoch 93/100	dev results	MRR 0.681994	H@1 0.544007	H@3 0.772940	H@5 0.871723	H@10 0.952715
INFO:meta-cli.py:Epoch 93/100	test results	MRR 0.682602	H@1 0.542831	H@3 0.781192	H@5 0.877561	H@10 0.947393
INFO:meta-cli.py:Epoch 94/100	Loss 7.2453 ± 0.1303
INFO:meta-cli.py:Epoch 95/100	Loss 7.2439 ± 0.1148
INFO:meta-cli.py:Epoch 96/100	Loss 7.2454 ± 0.1051
INFO:meta-cli.py:Epoch 96/100	dev results	MRR 0.683993	H@1 0.547753	H@3 0.775281	H@5 0.871255	H@10 0.951779
INFO:meta-cli.py:Epoch 96/100	test results	MRR 0.682202	H@1 0.542831	H@3 0.782123	H@5 0.875698	H@10 0.946927
INFO:meta-cli.py:Epoch 97/100	Loss 7.2444 ± 0.1101
INFO:meta-cli.py:Epoch 98/100	Loss 7.2463 ± 0.1040
INFO:meta-cli.py:Epoch 99/100	Loss 7.2440 ± 0.0992
INFO:meta-cli.py:Epoch 99/100	dev results	MRR 0.684279	H@1 0.548221	H@3 0.776217	H@5 0.870787	H@10 0.952715
INFO:meta-cli.py:Epoch 99/100	test results	MRR 0.682493	H@1 0.542831	H@3 0.781657	H@5 0.876629	H@10 0.948324
INFO:meta-cli.py:Epoch 100/100	Loss 7.2457 ± 0.1028
INFO:meta-cli.py:Final 	dev results	MRR 0.683151	H@1 0.544944	H@3 0.776685	H@5 0.868914	H@10 0.952247
INFO:meta-cli.py:Final 	test results	MRR 0.682317	H@1 0.542365	H@3 0.783054	H@5 0.875698	H@10 0.947858
INFO:meta-cli.py:Training finished
