./bin/meta-cli.py --train data/nations/train.tsv --dev data/nations/dev.tsv --test data/nations/test.tsv -m complex -k 50 -b 100 -e 100 --F2 0 --N3 0.05 -l 0.1 -I reciprocal -V 3 -o adagrad -q
{'F2': 0.0,
 'N3': 0.05,
 'batch_size': 100,
 'dev': 'data/nations/dev.tsv',
 'embedding_size': 50,
 'epochs': 100,
 'eval_batch_size': None,
 'input_type': 'reciprocal',
 'learning_rate': 0.1,
 'load': None,
 'model': 'complex',
 'optimizer': 'adagrad',
 'quiet': True,
 'save': None,
 'seed': 0,
 'test': 'data/nations/test.tsv',
 'test_i': None,
 'test_ii': None,
 'train': 'data/nations/train.tsv',
 'validate_every': 3}
INFO:meta-cli.py:Device: cpu
INFO:meta-cli.py:Model state:
INFO:meta-cli.py:	entities.weight	torch.Size([14, 100])
INFO:meta-cli.py:	predicates.weight	torch.Size([110, 100])
INFO:meta-cli.py:Epoch 1/100	Loss 5.2881 ± 0.0238
INFO:meta-cli.py:Epoch 2/100	Loss 5.1476 ± 0.0519
INFO:meta-cli.py:Epoch 3/100	Loss 5.0384 ± 0.0566
INFO:meta-cli.py:Epoch 3/100	dev results	MRR 0.667858	H@1 0.517588	H@3 0.763819	H@5 0.904523	H@10 0.984925
INFO:meta-cli.py:Epoch 3/100	test results	MRR 0.692354	H@1 0.554726	H@3 0.768657	H@5 0.893035	H@10 0.992537
INFO:meta-cli.py:Epoch 4/100	Loss 4.9632 ± 0.0905
INFO:meta-cli.py:Epoch 5/100	Loss 4.9052 ± 0.0963
INFO:meta-cli.py:Epoch 6/100	Loss 4.8529 ± 0.0984
INFO:meta-cli.py:Epoch 6/100	dev results	MRR 0.715505	H@1 0.562814	H@3 0.861809	H@5 0.937186	H@10 0.992462
INFO:meta-cli.py:Epoch 6/100	test results	MRR 0.738448	H@1 0.597015	H@3 0.850746	H@5 0.945274	H@10 0.992537
INFO:meta-cli.py:Epoch 7/100	Loss 4.8184 ± 0.0799
INFO:meta-cli.py:Epoch 8/100	Loss 4.7958 ± 0.1145
INFO:meta-cli.py:Epoch 9/100	Loss 4.7750 ± 0.1051
INFO:meta-cli.py:Epoch 9/100	dev results	MRR 0.733725	H@1 0.592965	H@3 0.866834	H@5 0.942211	H@10 0.994975
INFO:meta-cli.py:Epoch 9/100	test results	MRR 0.751940	H@1 0.614428	H@3 0.868159	H@5 0.957711	H@10 0.995025
INFO:meta-cli.py:Epoch 10/100	Loss 4.7625 ± 0.1132
INFO:meta-cli.py:Epoch 11/100	Loss 4.7491 ± 0.1024
INFO:meta-cli.py:Epoch 12/100	Loss 4.7395 ± 0.1023
INFO:meta-cli.py:Epoch 12/100	dev results	MRR 0.733385	H@1 0.592965	H@3 0.854271	H@5 0.942211	H@10 0.992462
INFO:meta-cli.py:Epoch 12/100	test results	MRR 0.755141	H@1 0.614428	H@3 0.875622	H@5 0.955224	H@10 0.997512
INFO:meta-cli.py:Epoch 13/100	Loss 4.7319 ± 0.0933
INFO:meta-cli.py:Epoch 14/100	Loss 4.7253 ± 0.1165
INFO:meta-cli.py:Epoch 15/100	Loss 4.7180 ± 0.0919
INFO:meta-cli.py:Epoch 15/100	dev results	MRR 0.738973	H@1 0.597990	H@3 0.866834	H@5 0.947236	H@10 0.992462
INFO:meta-cli.py:Epoch 15/100	test results	MRR 0.764650	H@1 0.631841	H@3 0.878109	H@5 0.957711	H@10 0.997512
INFO:meta-cli.py:Epoch 16/100	Loss 4.7133 ± 0.0888
INFO:meta-cli.py:Epoch 17/100	Loss 4.7074 ± 0.0979
INFO:meta-cli.py:Epoch 18/100	Loss 4.7029 ± 0.0973
INFO:meta-cli.py:Epoch 18/100	dev results	MRR 0.734664	H@1 0.595477	H@3 0.854271	H@5 0.944724	H@10 0.989950
INFO:meta-cli.py:Epoch 18/100	test results	MRR 0.760256	H@1 0.624378	H@3 0.873134	H@5 0.952736	H@10 0.997512
INFO:meta-cli.py:Epoch 19/100	Loss 4.6985 ± 0.0779
INFO:meta-cli.py:Epoch 20/100	Loss 4.6955 ± 0.1207
INFO:meta-cli.py:Epoch 21/100	Loss 4.6920 ± 0.1032
INFO:meta-cli.py:Epoch 21/100	dev results	MRR 0.734962	H@1 0.595477	H@3 0.844221	H@5 0.944724	H@10 0.989950
INFO:meta-cli.py:Epoch 21/100	test results	MRR 0.756191	H@1 0.619403	H@3 0.870647	H@5 0.950249	H@10 1.000000
INFO:meta-cli.py:Epoch 22/100	Loss 4.6877 ± 0.0878
INFO:meta-cli.py:Epoch 23/100	Loss 4.6855 ± 0.1156
INFO:meta-cli.py:Epoch 24/100	Loss 4.6839 ± 0.1036
INFO:meta-cli.py:Epoch 24/100	dev results	MRR 0.741016	H@1 0.608040	H@3 0.839196	H@5 0.947236	H@10 0.989950
INFO:meta-cli.py:Epoch 24/100	test results	MRR 0.755245	H@1 0.616915	H@3 0.873134	H@5 0.945274	H@10 1.000000
INFO:meta-cli.py:Epoch 25/100	Loss 4.6796 ± 0.0914
INFO:meta-cli.py:Epoch 26/100	Loss 4.6774 ± 0.0823
INFO:meta-cli.py:Epoch 27/100	Loss 4.6756 ± 0.0769
INFO:meta-cli.py:Epoch 27/100	dev results	MRR 0.732030	H@1 0.592965	H@3 0.839196	H@5 0.947236	H@10 0.989950
INFO:meta-cli.py:Epoch 27/100	test results	MRR 0.751962	H@1 0.611940	H@3 0.868159	H@5 0.945274	H@10 1.000000
INFO:meta-cli.py:Epoch 28/100	Loss 4.6727 ± 0.0924
INFO:meta-cli.py:Epoch 29/100	Loss 4.6718 ± 0.0766
INFO:meta-cli.py:Epoch 30/100	Loss 4.6699 ± 0.1159
INFO:meta-cli.py:Epoch 30/100	dev results	MRR 0.732806	H@1 0.592965	H@3 0.844221	H@5 0.947236	H@10 0.994975
INFO:meta-cli.py:Epoch 30/100	test results	MRR 0.750742	H@1 0.609453	H@3 0.870647	H@5 0.947761	H@10 1.000000
INFO:meta-cli.py:Epoch 31/100	Loss 4.6689 ± 0.1045
INFO:meta-cli.py:Epoch 32/100	Loss 4.6665 ± 0.0879
INFO:meta-cli.py:Epoch 33/100	Loss 4.6661 ± 0.0878
INFO:meta-cli.py:Epoch 33/100	dev results	MRR 0.736636	H@1 0.597990	H@3 0.841709	H@5 0.947236	H@10 0.992462
INFO:meta-cli.py:Epoch 33/100	test results	MRR 0.752877	H@1 0.616915	H@3 0.870647	H@5 0.947761	H@10 1.000000
INFO:meta-cli.py:Epoch 34/100	Loss 4.6642 ± 0.1139
INFO:meta-cli.py:Epoch 35/100	Loss 4.6624 ± 0.0583
INFO:meta-cli.py:Epoch 36/100	Loss 4.6619 ± 0.0884
INFO:meta-cli.py:Epoch 36/100	dev results	MRR 0.736012	H@1 0.597990	H@3 0.844221	H@5 0.947236	H@10 0.994975
INFO:meta-cli.py:Epoch 36/100	test results	MRR 0.753462	H@1 0.616915	H@3 0.865672	H@5 0.947761	H@10 1.000000
INFO:meta-cli.py:Epoch 37/100	Loss 4.6588 ± 0.1027
INFO:meta-cli.py:Epoch 38/100	Loss 4.6593 ± 0.0976
INFO:meta-cli.py:Epoch 39/100	Loss 4.6585 ± 0.1084
INFO:meta-cli.py:Epoch 39/100	dev results	MRR 0.732788	H@1 0.592965	H@3 0.846734	H@5 0.944724	H@10 0.994975
INFO:meta-cli.py:Epoch 39/100	test results	MRR 0.750032	H@1 0.609453	H@3 0.868159	H@5 0.947761	H@10 1.000000
INFO:meta-cli.py:Epoch 40/100	Loss 4.6573 ± 0.1056
INFO:meta-cli.py:Epoch 41/100	Loss 4.6547 ± 0.0754
INFO:meta-cli.py:Epoch 42/100	Loss 4.6544 ± 0.0969
INFO:meta-cli.py:Epoch 42/100	dev results	MRR 0.732621	H@1 0.592965	H@3 0.844221	H@5 0.944724	H@10 0.994975
INFO:meta-cli.py:Epoch 42/100	test results	MRR 0.746997	H@1 0.606965	H@3 0.860697	H@5 0.947761	H@10 1.000000
INFO:meta-cli.py:Epoch 43/100	Loss 4.6537 ± 0.0929
INFO:meta-cli.py:Epoch 44/100	Loss 4.6529 ± 0.0968
INFO:meta-cli.py:Epoch 45/100	Loss 4.6513 ± 0.0855
INFO:meta-cli.py:Epoch 45/100	dev results	MRR 0.733207	H@1 0.592965	H@3 0.844221	H@5 0.942211	H@10 0.994975
INFO:meta-cli.py:Epoch 45/100	test results	MRR 0.748538	H@1 0.606965	H@3 0.870647	H@5 0.947761	H@10 1.000000
INFO:meta-cli.py:Epoch 46/100	Loss 4.6508 ± 0.0933
INFO:meta-cli.py:Epoch 47/100	Loss 4.6501 ± 0.0842
INFO:meta-cli.py:Epoch 48/100	Loss 4.6485 ± 0.0808
INFO:meta-cli.py:Epoch 48/100	dev results	MRR 0.730869	H@1 0.587940	H@3 0.846734	H@5 0.942211	H@10 0.994975
INFO:meta-cli.py:Epoch 48/100	test results	MRR 0.748697	H@1 0.611940	H@3 0.868159	H@5 0.945274	H@10 1.000000
INFO:meta-cli.py:Epoch 49/100	Loss 4.6477 ± 0.1087
INFO:meta-cli.py:Epoch 50/100	Loss 4.6476 ± 0.0787
INFO:meta-cli.py:Epoch 51/100	Loss 4.6467 ± 0.0818
INFO:meta-cli.py:Epoch 51/100	dev results	MRR 0.731162	H@1 0.587940	H@3 0.846734	H@5 0.942211	H@10 0.994975
INFO:meta-cli.py:Epoch 51/100	test results	MRR 0.749896	H@1 0.611940	H@3 0.868159	H@5 0.947761	H@10 1.000000
INFO:meta-cli.py:Epoch 52/100	Loss 4.6462 ± 0.1173
INFO:meta-cli.py:Epoch 53/100	Loss 4.6451 ± 0.0955
INFO:meta-cli.py:Epoch 54/100	Loss 4.6448 ± 0.1031
INFO:meta-cli.py:Epoch 54/100	dev results	MRR 0.730069	H@1 0.587940	H@3 0.846734	H@5 0.942211	H@10 0.994975
INFO:meta-cli.py:Epoch 54/100	test results	MRR 0.752325	H@1 0.616915	H@3 0.870647	H@5 0.945274	H@10 1.000000
INFO:meta-cli.py:Epoch 55/100	Loss 4.6446 ± 0.1125
INFO:meta-cli.py:Epoch 56/100	Loss 4.6420 ± 0.1089
INFO:meta-cli.py:Epoch 57/100	Loss 4.6425 ± 0.0911
INFO:meta-cli.py:Epoch 57/100	dev results	MRR 0.730488	H@1 0.587940	H@3 0.846734	H@5 0.942211	H@10 0.994975
INFO:meta-cli.py:Epoch 57/100	test results	MRR 0.748801	H@1 0.611940	H@3 0.868159	H@5 0.945274	H@10 1.000000
INFO:meta-cli.py:Epoch 58/100	Loss 4.6425 ± 0.1101
INFO:meta-cli.py:Epoch 59/100	Loss 4.6403 ± 0.0726
INFO:meta-cli.py:Epoch 60/100	Loss 4.6401 ± 0.0734
INFO:meta-cli.py:Epoch 60/100	dev results	MRR 0.728729	H@1 0.585427	H@3 0.849246	H@5 0.942211	H@10 0.994975
INFO:meta-cli.py:Epoch 60/100	test results	MRR 0.751377	H@1 0.616915	H@3 0.873134	H@5 0.942786	H@10 1.000000
INFO:meta-cli.py:Epoch 61/100	Loss 4.6403 ± 0.0923
INFO:meta-cli.py:Epoch 62/100	Loss 4.6405 ± 0.1038
INFO:meta-cli.py:Epoch 63/100	Loss 4.6396 ± 0.0747
INFO:meta-cli.py:Epoch 63/100	dev results	MRR 0.730313	H@1 0.587940	H@3 0.844221	H@5 0.942211	H@10 0.994975
INFO:meta-cli.py:Epoch 63/100	test results	MRR 0.749654	H@1 0.614428	H@3 0.873134	H@5 0.942786	H@10 1.000000
INFO:meta-cli.py:Epoch 64/100	Loss 4.6392 ± 0.1009
INFO:meta-cli.py:Epoch 65/100	Loss 4.6375 ± 0.0847
INFO:meta-cli.py:Epoch 66/100	Loss 4.6373 ± 0.1022
INFO:meta-cli.py:Epoch 66/100	dev results	MRR 0.731360	H@1 0.590452	H@3 0.846734	H@5 0.942211	H@10 0.994975
INFO:meta-cli.py:Epoch 66/100	test results	MRR 0.747042	H@1 0.609453	H@3 0.873134	H@5 0.942786	H@10 1.000000
INFO:meta-cli.py:Epoch 67/100	Loss 4.6373 ± 0.1029
INFO:meta-cli.py:Epoch 68/100	Loss 4.6372 ± 0.0788
INFO:meta-cli.py:Epoch 69/100	Loss 4.6351 ± 0.0901
INFO:meta-cli.py:Epoch 69/100	dev results	MRR 0.728555	H@1 0.585427	H@3 0.846734	H@5 0.942211	H@10 0.994975
INFO:meta-cli.py:Epoch 69/100	test results	MRR 0.746751	H@1 0.609453	H@3 0.878109	H@5 0.942786	H@10 1.000000
INFO:meta-cli.py:Epoch 70/100	Loss 4.6354 ± 0.0806
INFO:meta-cli.py:Epoch 71/100	Loss 4.6351 ± 0.0874
INFO:meta-cli.py:Epoch 72/100	Loss 4.6339 ± 0.1079
INFO:meta-cli.py:Epoch 72/100	dev results	MRR 0.727382	H@1 0.582915	H@3 0.846734	H@5 0.944724	H@10 0.994975
INFO:meta-cli.py:Epoch 72/100	test results	MRR 0.745404	H@1 0.606965	H@3 0.878109	H@5 0.942786	H@10 1.000000
INFO:meta-cli.py:Epoch 73/100	Loss 4.6340 ± 0.1021
INFO:meta-cli.py:Epoch 74/100	Loss 4.6340 ± 0.1097
INFO:meta-cli.py:Epoch 75/100	Loss 4.6339 ± 0.0865
INFO:meta-cli.py:Epoch 75/100	dev results	MRR 0.728698	H@1 0.585427	H@3 0.851759	H@5 0.944724	H@10 0.994975
INFO:meta-cli.py:Epoch 75/100	test results	MRR 0.745813	H@1 0.606965	H@3 0.878109	H@5 0.942786	H@10 1.000000
INFO:meta-cli.py:Epoch 76/100	Loss 4.6333 ± 0.0947
INFO:meta-cli.py:Epoch 77/100	Loss 4.6337 ± 0.0910
INFO:meta-cli.py:Epoch 78/100	Loss 4.6327 ± 0.0858
INFO:meta-cli.py:Epoch 78/100	dev results	MRR 0.729536	H@1 0.587940	H@3 0.851759	H@5 0.944724	H@10 0.994975
INFO:meta-cli.py:Epoch 78/100	test results	MRR 0.744302	H@1 0.601990	H@3 0.875622	H@5 0.942786	H@10 1.000000
INFO:meta-cli.py:Epoch 79/100	Loss 4.6319 ± 0.0859
INFO:meta-cli.py:Epoch 80/100	Loss 4.6326 ± 0.0919
INFO:meta-cli.py:Epoch 81/100	Loss 4.6309 ± 0.0771
INFO:meta-cli.py:Epoch 81/100	dev results	MRR 0.727651	H@1 0.585427	H@3 0.849246	H@5 0.944724	H@10 0.994975
INFO:meta-cli.py:Epoch 81/100	test results	MRR 0.742229	H@1 0.599502	H@3 0.878109	H@5 0.940299	H@10 1.000000
INFO:meta-cli.py:Epoch 82/100	Loss 4.6315 ± 0.0901
INFO:meta-cli.py:Epoch 83/100	Loss 4.6307 ± 0.0866
INFO:meta-cli.py:Epoch 84/100	Loss 4.6298 ± 0.0866
INFO:meta-cli.py:Epoch 84/100	dev results	MRR 0.727358	H@1 0.585427	H@3 0.846734	H@5 0.942211	H@10 0.994975
INFO:meta-cli.py:Epoch 84/100	test results	MRR 0.742063	H@1 0.599502	H@3 0.878109	H@5 0.940299	H@10 1.000000
INFO:meta-cli.py:Epoch 85/100	Loss 4.6307 ± 0.1105
INFO:meta-cli.py:Epoch 86/100	Loss 4.6300 ± 0.0713
INFO:meta-cli.py:Epoch 87/100	Loss 4.6303 ± 0.0822
INFO:meta-cli.py:Epoch 87/100	dev results	MRR 0.727323	H@1 0.585427	H@3 0.846734	H@5 0.942211	H@10 0.994975
INFO:meta-cli.py:Epoch 87/100	test results	MRR 0.740947	H@1 0.597015	H@3 0.875622	H@5 0.940299	H@10 1.000000
INFO:meta-cli.py:Epoch 88/100	Loss 4.6293 ± 0.0849
INFO:meta-cli.py:Epoch 89/100	Loss 4.6288 ± 0.0953
INFO:meta-cli.py:Epoch 90/100	Loss 4.6279 ± 0.0899
INFO:meta-cli.py:Epoch 90/100	dev results	MRR 0.725648	H@1 0.582915	H@3 0.846734	H@5 0.942211	H@10 0.994975
INFO:meta-cli.py:Epoch 90/100	test results	MRR 0.742146	H@1 0.599502	H@3 0.878109	H@5 0.942786	H@10 1.000000
INFO:meta-cli.py:Epoch 91/100	Loss 4.6284 ± 0.0824
INFO:meta-cli.py:Epoch 92/100	Loss 4.6278 ± 0.0695
INFO:meta-cli.py:Epoch 93/100	Loss 4.6275 ± 0.0865
INFO:meta-cli.py:Epoch 93/100	dev results	MRR 0.724936	H@1 0.580402	H@3 0.849246	H@5 0.939698	H@10 0.994975
INFO:meta-cli.py:Epoch 93/100	test results	MRR 0.741649	H@1 0.599502	H@3 0.873134	H@5 0.940299	H@10 1.000000
INFO:meta-cli.py:Epoch 94/100	Loss 4.6276 ± 0.0898
INFO:meta-cli.py:Epoch 95/100	Loss 4.6281 ± 0.0976
INFO:meta-cli.py:Epoch 96/100	Loss 4.6267 ± 0.1013
INFO:meta-cli.py:Epoch 96/100	dev results	MRR 0.727742	H@1 0.585427	H@3 0.849246	H@5 0.939698	H@10 0.994975
INFO:meta-cli.py:Epoch 96/100	test results	MRR 0.740879	H@1 0.599502	H@3 0.873134	H@5 0.940299	H@10 1.000000
INFO:meta-cli.py:Epoch 97/100	Loss 4.6267 ± 0.0817
INFO:meta-cli.py:Epoch 98/100	Loss 4.6270 ± 0.0789
INFO:meta-cli.py:Epoch 99/100	Loss 4.6259 ± 0.0824
INFO:meta-cli.py:Epoch 99/100	dev results	MRR 0.727114	H@1 0.585427	H@3 0.851759	H@5 0.939698	H@10 0.994975
INFO:meta-cli.py:Epoch 99/100	test results	MRR 0.742478	H@1 0.601990	H@3 0.873134	H@5 0.940299	H@10 1.000000
INFO:meta-cli.py:Epoch 100/100	Loss 4.6262 ± 0.1029
INFO:meta-cli.py:Final 	dev results	MRR 0.728370	H@1 0.587940	H@3 0.851759	H@5 0.939698	H@10 0.994975
INFO:meta-cli.py:Final 	test results	MRR 0.740710	H@1 0.599502	H@3 0.873134	H@5 0.940299	H@10 1.000000
INFO:meta-cli.py:Training finished
