./bin/meta-cli.py --train data/nations/train.tsv --dev data/nations/dev.tsv --test data/nations/test.tsv -m complex -k 500 -b 100 -e 100 --F2 0.001 --N3 0 -l 0.1 -I standard -V 3 -o adagrad -q
{'F2': 0.001,
 'N3': 0.0,
 'batch_size': 100,
 'dev': 'data/nations/dev.tsv',
 'embedding_size': 500,
 'epochs': 100,
 'eval_batch_size': None,
 'input_type': 'standard',
 'learning_rate': 0.1,
 'load': None,
 'model': 'complex',
 'optimizer': 'adagrad',
 'quiet': True,
 'save': None,
 'seed': 0,
 'test': 'data/nations/test.tsv',
 'test_i': None,
 'test_ii': None,
 'train': 'data/nations/train.tsv',
 'validate_every': 3}
INFO:meta-cli.py:Device: cpu
INFO:meta-cli.py:Model state:
INFO:meta-cli.py:	entities.weight	torch.Size([14, 1000])
INFO:meta-cli.py:	predicates.weight	torch.Size([55, 1000])
INFO:meta-cli.py:Epoch 1/100	Loss 5.4897 ± 0.1433
INFO:meta-cli.py:Epoch 2/100	Loss 4.6773 ± 0.1473
INFO:meta-cli.py:Epoch 3/100	Loss 4.2577 ± 0.1981
INFO:meta-cli.py:Epoch 3/100	dev results	MRR 0.807344	H@1 0.690955	H@3 0.899497	H@5 0.969849	H@10 0.997487
INFO:meta-cli.py:Epoch 3/100	test results	MRR 0.811612	H@1 0.699005	H@3 0.917910	H@5 0.957711	H@10 0.997512
INFO:meta-cli.py:Epoch 4/100	Loss 4.0609 ± 0.2406
INFO:meta-cli.py:Epoch 5/100	Loss 3.9303 ± 0.2510
INFO:meta-cli.py:Epoch 6/100	Loss 3.8509 ± 0.2339
INFO:meta-cli.py:Epoch 6/100	dev results	MRR 0.815432	H@1 0.703518	H@3 0.914573	H@5 0.974874	H@10 0.997487
INFO:meta-cli.py:Epoch 6/100	test results	MRR 0.827130	H@1 0.723881	H@3 0.917910	H@5 0.960199	H@10 1.000000
INFO:meta-cli.py:Epoch 7/100	Loss 3.7965 ± 0.2020
INFO:meta-cli.py:Epoch 8/100	Loss 3.7431 ± 0.1886
INFO:meta-cli.py:Epoch 9/100	Loss 3.7136 ± 0.2055
INFO:meta-cli.py:Epoch 9/100	dev results	MRR 0.823915	H@1 0.721106	H@3 0.912060	H@5 0.972362	H@10 0.997487
INFO:meta-cli.py:Epoch 9/100	test results	MRR 0.822563	H@1 0.711443	H@3 0.922886	H@5 0.967662	H@10 1.000000
INFO:meta-cli.py:Epoch 10/100	Loss 3.6836 ± 0.2308
INFO:meta-cli.py:Epoch 11/100	Loss 3.6582 ± 0.2238
INFO:meta-cli.py:Epoch 12/100	Loss 3.6344 ± 0.1787
INFO:meta-cli.py:Epoch 12/100	dev results	MRR 0.825569	H@1 0.718593	H@3 0.927136	H@5 0.979899	H@10 0.997487
INFO:meta-cli.py:Epoch 12/100	test results	MRR 0.822380	H@1 0.711443	H@3 0.927861	H@5 0.970149	H@10 1.000000
INFO:meta-cli.py:Epoch 13/100	Loss 3.6123 ± 0.1736
INFO:meta-cli.py:Epoch 14/100	Loss 3.6034 ± 0.1813
INFO:meta-cli.py:Epoch 15/100	Loss 3.5863 ± 0.1980
INFO:meta-cli.py:Epoch 15/100	dev results	MRR 0.823643	H@1 0.713568	H@3 0.919598	H@5 0.974874	H@10 0.997487
INFO:meta-cli.py:Epoch 15/100	test results	MRR 0.824342	H@1 0.718905	H@3 0.915423	H@5 0.970149	H@10 1.000000
INFO:meta-cli.py:Epoch 16/100	Loss 3.5686 ± 0.1912
INFO:meta-cli.py:Epoch 17/100	Loss 3.5617 ± 0.2071
INFO:meta-cli.py:Epoch 18/100	Loss 3.5461 ± 0.1757
INFO:meta-cli.py:Epoch 18/100	dev results	MRR 0.817613	H@1 0.703518	H@3 0.924623	H@5 0.974874	H@10 0.997487
INFO:meta-cli.py:Epoch 18/100	test results	MRR 0.822203	H@1 0.716418	H@3 0.920398	H@5 0.967662	H@10 1.000000
INFO:meta-cli.py:Epoch 19/100	Loss 3.5413 ± 0.1746
INFO:meta-cli.py:Epoch 20/100	Loss 3.5307 ± 0.1689
INFO:meta-cli.py:Epoch 21/100	Loss 3.5216 ± 0.2219
INFO:meta-cli.py:Epoch 21/100	dev results	MRR 0.814664	H@1 0.701005	H@3 0.924623	H@5 0.974874	H@10 0.997487
INFO:meta-cli.py:Epoch 21/100	test results	MRR 0.822127	H@1 0.716418	H@3 0.915423	H@5 0.970149	H@10 1.000000
INFO:meta-cli.py:Epoch 22/100	Loss 3.5142 ± 0.1927
INFO:meta-cli.py:Epoch 23/100	Loss 3.5063 ± 0.1985
INFO:meta-cli.py:Epoch 24/100	Loss 3.5011 ± 0.1421
INFO:meta-cli.py:Epoch 24/100	dev results	MRR 0.816592	H@1 0.703518	H@3 0.922111	H@5 0.972362	H@10 0.994975
INFO:meta-cli.py:Epoch 24/100	test results	MRR 0.815574	H@1 0.703980	H@3 0.912935	H@5 0.967662	H@10 1.000000
INFO:meta-cli.py:Epoch 25/100	Loss 3.4915 ± 0.1880
INFO:meta-cli.py:Epoch 26/100	Loss 3.4880 ± 0.1524
INFO:meta-cli.py:Epoch 27/100	Loss 3.4810 ± 0.1581
INFO:meta-cli.py:Epoch 27/100	dev results	MRR 0.814905	H@1 0.701005	H@3 0.914573	H@5 0.974874	H@10 0.997487
INFO:meta-cli.py:Epoch 27/100	test results	MRR 0.814810	H@1 0.703980	H@3 0.912935	H@5 0.967662	H@10 1.000000
INFO:meta-cli.py:Epoch 28/100	Loss 3.4772 ± 0.1163
INFO:meta-cli.py:Epoch 29/100	Loss 3.4692 ± 0.1377
INFO:meta-cli.py:Epoch 30/100	Loss 3.4644 ± 0.1412
INFO:meta-cli.py:Epoch 30/100	dev results	MRR 0.816592	H@1 0.706030	H@3 0.922111	H@5 0.972362	H@10 0.994975
INFO:meta-cli.py:Epoch 30/100	test results	MRR 0.811351	H@1 0.696517	H@3 0.907960	H@5 0.965174	H@10 1.000000
INFO:meta-cli.py:Epoch 31/100	Loss 3.4601 ± 0.1253
INFO:meta-cli.py:Epoch 32/100	Loss 3.4560 ± 0.1553
INFO:meta-cli.py:Epoch 33/100	Loss 3.4535 ± 0.2153
INFO:meta-cli.py:Epoch 33/100	dev results	MRR 0.817639	H@1 0.706030	H@3 0.919598	H@5 0.972362	H@10 0.994975
INFO:meta-cli.py:Epoch 33/100	test results	MRR 0.812598	H@1 0.701493	H@3 0.902985	H@5 0.967662	H@10 1.000000
INFO:meta-cli.py:Epoch 34/100	Loss 3.4463 ± 0.1479
INFO:meta-cli.py:Epoch 35/100	Loss 3.4452 ± 0.1540
INFO:meta-cli.py:Epoch 36/100	Loss 3.4425 ± 0.1999
INFO:meta-cli.py:Epoch 36/100	dev results	MRR 0.810939	H@1 0.695980	H@3 0.914573	H@5 0.972362	H@10 0.994975
INFO:meta-cli.py:Epoch 36/100	test results	MRR 0.810673	H@1 0.699005	H@3 0.902985	H@5 0.970149	H@10 1.000000
INFO:meta-cli.py:Epoch 37/100	Loss 3.4398 ± 0.1406
INFO:meta-cli.py:Epoch 38/100	Loss 3.4351 ± 0.1268
INFO:meta-cli.py:Epoch 39/100	Loss 3.4302 ± 0.0757
INFO:meta-cli.py:Epoch 39/100	dev results	MRR 0.813750	H@1 0.701005	H@3 0.917085	H@5 0.969849	H@10 0.994975
INFO:meta-cli.py:Epoch 39/100	test results	MRR 0.811140	H@1 0.699005	H@3 0.905473	H@5 0.970149	H@10 1.000000
INFO:meta-cli.py:Epoch 40/100	Loss 3.4285 ± 0.1797
INFO:meta-cli.py:Epoch 41/100	Loss 3.4292 ± 0.1822
INFO:meta-cli.py:Epoch 42/100	Loss 3.4233 ± 0.1517
INFO:meta-cli.py:Epoch 42/100	dev results	MRR 0.812763	H@1 0.701005	H@3 0.914573	H@5 0.969849	H@10 0.994975
INFO:meta-cli.py:Epoch 42/100	test results	MRR 0.810297	H@1 0.696517	H@3 0.902985	H@5 0.972637	H@10 1.000000
INFO:meta-cli.py:Epoch 43/100	Loss 3.4188 ± 0.1620
INFO:meta-cli.py:Epoch 44/100	Loss 3.4173 ± 0.1571
INFO:meta-cli.py:Epoch 45/100	Loss 3.4120 ± 0.1398
INFO:meta-cli.py:Epoch 45/100	dev results	MRR 0.810460	H@1 0.695980	H@3 0.909548	H@5 0.972362	H@10 0.994975
INFO:meta-cli.py:Epoch 45/100	test results	MRR 0.812381	H@1 0.701493	H@3 0.902985	H@5 0.972637	H@10 1.000000
INFO:meta-cli.py:Epoch 46/100	Loss 3.4118 ± 0.1415
INFO:meta-cli.py:Epoch 47/100	Loss 3.4087 ± 0.1583
INFO:meta-cli.py:Epoch 48/100	Loss 3.4073 ± 0.1326
INFO:meta-cli.py:Epoch 48/100	dev results	MRR 0.808241	H@1 0.690955	H@3 0.912060	H@5 0.974874	H@10 0.994975
INFO:meta-cli.py:Epoch 48/100	test results	MRR 0.808984	H@1 0.694030	H@3 0.905473	H@5 0.972637	H@10 1.000000
INFO:meta-cli.py:Epoch 49/100	Loss 3.4050 ± 0.1181
INFO:meta-cli.py:Epoch 50/100	Loss 3.4028 ± 0.1265
INFO:meta-cli.py:Epoch 51/100	Loss 3.4019 ± 0.1356
INFO:meta-cli.py:Epoch 51/100	dev results	MRR 0.809078	H@1 0.695980	H@3 0.917085	H@5 0.974874	H@10 0.994975
INFO:meta-cli.py:Epoch 51/100	test results	MRR 0.809692	H@1 0.696517	H@3 0.902985	H@5 0.970149	H@10 1.000000
INFO:meta-cli.py:Epoch 52/100	Loss 3.3989 ± 0.1344
INFO:meta-cli.py:Epoch 53/100	Loss 3.3960 ± 0.1646
INFO:meta-cli.py:Epoch 54/100	Loss 3.3941 ± 0.1377
INFO:meta-cli.py:Epoch 54/100	dev results	MRR 0.809940	H@1 0.695980	H@3 0.914573	H@5 0.974874	H@10 0.994975
INFO:meta-cli.py:Epoch 54/100	test results	MRR 0.807697	H@1 0.694030	H@3 0.898010	H@5 0.967662	H@10 0.997512
INFO:meta-cli.py:Epoch 55/100	Loss 3.3949 ± 0.1804
INFO:meta-cli.py:Epoch 56/100	Loss 3.3888 ± 0.1623
INFO:meta-cli.py:Epoch 57/100	Loss 3.3895 ± 0.1190
INFO:meta-cli.py:Epoch 57/100	dev results	MRR 0.813522	H@1 0.701005	H@3 0.917085	H@5 0.974874	H@10 0.997487
INFO:meta-cli.py:Epoch 57/100	test results	MRR 0.810457	H@1 0.699005	H@3 0.898010	H@5 0.965174	H@10 0.997512
INFO:meta-cli.py:Epoch 58/100	Loss 3.3874 ± 0.1594
INFO:meta-cli.py:Epoch 59/100	Loss 3.3869 ± 0.1519
INFO:meta-cli.py:Epoch 60/100	Loss 3.3841 ± 0.1280
INFO:meta-cli.py:Epoch 60/100	dev results	MRR 0.807637	H@1 0.690955	H@3 0.912060	H@5 0.974874	H@10 0.994975
INFO:meta-cli.py:Epoch 60/100	test results	MRR 0.807845	H@1 0.694030	H@3 0.895522	H@5 0.967662	H@10 0.997512
INFO:meta-cli.py:Epoch 61/100	Loss 3.3839 ± 0.1325
INFO:meta-cli.py:Epoch 62/100	Loss 3.3802 ± 0.1850
INFO:meta-cli.py:Epoch 63/100	Loss 3.3774 ± 0.1464
INFO:meta-cli.py:Epoch 63/100	dev results	MRR 0.811220	H@1 0.695980	H@3 0.917085	H@5 0.974874	H@10 0.994975
INFO:meta-cli.py:Epoch 63/100	test results	MRR 0.805647	H@1 0.691542	H@3 0.895522	H@5 0.967662	H@10 0.997512
INFO:meta-cli.py:Epoch 64/100	Loss 3.3784 ± 0.1094
INFO:meta-cli.py:Epoch 65/100	Loss 3.3775 ± 0.1457
INFO:meta-cli.py:Epoch 66/100	Loss 3.3733 ± 0.1512
INFO:meta-cli.py:Epoch 66/100	dev results	MRR 0.808348	H@1 0.693467	H@3 0.917085	H@5 0.974874	H@10 0.994975
INFO:meta-cli.py:Epoch 66/100	test results	MRR 0.808259	H@1 0.694030	H@3 0.900498	H@5 0.967662	H@10 0.997512
INFO:meta-cli.py:Epoch 67/100	Loss 3.3720 ± 0.1423
INFO:meta-cli.py:Epoch 68/100	Loss 3.3744 ± 0.1389
INFO:meta-cli.py:Epoch 69/100	Loss 3.3693 ± 0.1114
INFO:meta-cli.py:Epoch 69/100	dev results	MRR 0.810652	H@1 0.698492	H@3 0.914573	H@5 0.974874	H@10 0.994975
INFO:meta-cli.py:Epoch 69/100	test results	MRR 0.805938	H@1 0.691542	H@3 0.898010	H@5 0.970149	H@10 0.997512
INFO:meta-cli.py:Epoch 70/100	Loss 3.3682 ± 0.1385
INFO:meta-cli.py:Epoch 71/100	Loss 3.3695 ± 0.1168
INFO:meta-cli.py:Epoch 72/100	Loss 3.3666 ± 0.1337
INFO:meta-cli.py:Epoch 72/100	dev results	MRR 0.809964	H@1 0.695980	H@3 0.912060	H@5 0.974874	H@10 0.994975
INFO:meta-cli.py:Epoch 72/100	test results	MRR 0.806601	H@1 0.691542	H@3 0.900498	H@5 0.967662	H@10 0.997512
INFO:meta-cli.py:Epoch 73/100	Loss 3.3661 ± 0.1425
INFO:meta-cli.py:Epoch 74/100	Loss 3.3651 ± 0.1006
INFO:meta-cli.py:Epoch 75/100	Loss 3.3627 ± 0.1135
INFO:meta-cli.py:Epoch 75/100	dev results	MRR 0.809856	H@1 0.695980	H@3 0.909548	H@5 0.972362	H@10 0.994975
INFO:meta-cli.py:Epoch 75/100	test results	MRR 0.805150	H@1 0.689055	H@3 0.900498	H@5 0.965174	H@10 0.997512
INFO:meta-cli.py:Epoch 76/100	Loss 3.3610 ± 0.1125
INFO:meta-cli.py:Epoch 77/100	Loss 3.3611 ± 0.1320
INFO:meta-cli.py:Epoch 78/100	Loss 3.3602 ± 0.1035
INFO:meta-cli.py:Epoch 78/100	dev results	MRR 0.809880	H@1 0.693467	H@3 0.917085	H@5 0.972362	H@10 0.994975
INFO:meta-cli.py:Epoch 78/100	test results	MRR 0.805689	H@1 0.689055	H@3 0.900498	H@5 0.965174	H@10 0.997512
INFO:meta-cli.py:Epoch 79/100	Loss 3.3595 ± 0.1372
INFO:meta-cli.py:Epoch 80/100	Loss 3.3569 ± 0.1364
INFO:meta-cli.py:Epoch 81/100	Loss 3.3547 ± 0.1287
INFO:meta-cli.py:Epoch 81/100	dev results	MRR 0.809671	H@1 0.693467	H@3 0.914573	H@5 0.972362	H@10 0.994975
INFO:meta-cli.py:Epoch 81/100	test results	MRR 0.803557	H@1 0.684080	H@3 0.900498	H@5 0.965174	H@10 0.997512
INFO:meta-cli.py:Epoch 82/100	Loss 3.3556 ± 0.1094
INFO:meta-cli.py:Epoch 83/100	Loss 3.3541 ± 0.1388
INFO:meta-cli.py:Epoch 84/100	Loss 3.3544 ± 0.1349
INFO:meta-cli.py:Epoch 84/100	dev results	MRR 0.810299	H@1 0.693467	H@3 0.917085	H@5 0.972362	H@10 0.994975
INFO:meta-cli.py:Epoch 84/100	test results	MRR 0.805298	H@1 0.686567	H@3 0.900498	H@5 0.967662	H@10 0.997512
INFO:meta-cli.py:Epoch 85/100	Loss 3.3542 ± 0.1319
INFO:meta-cli.py:Epoch 86/100	Loss 3.3511 ± 0.1018
INFO:meta-cli.py:Epoch 87/100	Loss 3.3497 ± 0.0974
INFO:meta-cli.py:Epoch 87/100	dev results	MRR 0.808659	H@1 0.693467	H@3 0.912060	H@5 0.972362	H@10 0.994975
INFO:meta-cli.py:Epoch 87/100	test results	MRR 0.802313	H@1 0.681592	H@3 0.900498	H@5 0.965174	H@10 0.997512
INFO:meta-cli.py:Epoch 88/100	Loss 3.3471 ± 0.1141
INFO:meta-cli.py:Epoch 89/100	Loss 3.3473 ± 0.0834
INFO:meta-cli.py:Epoch 90/100	Loss 3.3482 ± 0.1431
INFO:meta-cli.py:Epoch 90/100	dev results	MRR 0.808474	H@1 0.690955	H@3 0.914573	H@5 0.972362	H@10 0.994975
INFO:meta-cli.py:Epoch 90/100	test results	MRR 0.801359	H@1 0.679104	H@3 0.898010	H@5 0.967662	H@10 0.997512
INFO:meta-cli.py:Epoch 91/100	Loss 3.3453 ± 0.1491
INFO:meta-cli.py:Epoch 92/100	Loss 3.3446 ± 0.1336
INFO:meta-cli.py:Epoch 93/100	Loss 3.3455 ± 0.1016
INFO:meta-cli.py:Epoch 93/100	dev results	MRR 0.810359	H@1 0.695980	H@3 0.912060	H@5 0.972362	H@10 0.994975
INFO:meta-cli.py:Epoch 93/100	test results	MRR 0.804552	H@1 0.686567	H@3 0.900498	H@5 0.965174	H@10 0.997512
INFO:meta-cli.py:Epoch 94/100	Loss 3.3445 ± 0.1209
INFO:meta-cli.py:Epoch 95/100	Loss 3.3417 ± 0.1109
INFO:meta-cli.py:Epoch 96/100	Loss 3.3423 ± 0.1182
INFO:meta-cli.py:Epoch 96/100	dev results	MRR 0.808390	H@1 0.693467	H@3 0.912060	H@5 0.972362	H@10 0.994975
INFO:meta-cli.py:Epoch 96/100	test results	MRR 0.800406	H@1 0.679104	H@3 0.900498	H@5 0.965174	H@10 0.997512
INFO:meta-cli.py:Epoch 97/100	Loss 3.3411 ± 0.1346
INFO:meta-cli.py:Epoch 98/100	Loss 3.3418 ± 0.1657
INFO:meta-cli.py:Epoch 99/100	Loss 3.3393 ± 0.1407
INFO:meta-cli.py:Epoch 99/100	dev results	MRR 0.806715	H@1 0.690955	H@3 0.912060	H@5 0.972362	H@10 0.994975
INFO:meta-cli.py:Epoch 99/100	test results	MRR 0.803036	H@1 0.684080	H@3 0.900498	H@5 0.967662	H@10 0.997512
INFO:meta-cli.py:Epoch 100/100	Loss 3.3374 ± 0.1305
INFO:meta-cli.py:Final 	dev results	MRR 0.805504	H@1 0.688442	H@3 0.912060	H@5 0.972362	H@10 0.994975
INFO:meta-cli.py:Final 	test results	MRR 0.806228	H@1 0.691542	H@3 0.900498	H@5 0.967662	H@10 0.997512
INFO:meta-cli.py:Training finished
