./bin/meta-cli.py --train data/umls/train.tsv --dev data/umls/dev.tsv --test data/umls/test.tsv -m complex -k 100 -b 100 -e 100 --F2 0.01 --N3 0 -l 0.1 -I standard -V 3 -o adagrad -q
{'F2': 0.01,
 'N3': 0.0,
 'batch_size': 100,
 'dev': 'data/umls/dev.tsv',
 'embedding_size': 100,
 'epochs': 100,
 'eval_batch_size': None,
 'input_type': 'standard',
 'learning_rate': 0.1,
 'load': None,
 'model': 'complex',
 'optimizer': 'adagrad',
 'quiet': True,
 'save': None,
 'seed': 0,
 'test': 'data/umls/test.tsv',
 'test_i': None,
 'test_ii': None,
 'train': 'data/umls/train.tsv',
 'validate_every': 3}
INFO:meta-cli.py:Device: cpu
INFO:meta-cli.py:Model state:
INFO:meta-cli.py:	entities.weight	torch.Size([135, 200])
INFO:meta-cli.py:	predicates.weight	torch.Size([46, 200])
INFO:meta-cli.py:Epoch 1/100	Loss 8.3191 ± 1.0451
INFO:meta-cli.py:Epoch 2/100	Loss 6.6057 ± 0.1362
INFO:meta-cli.py:Epoch 3/100	Loss 6.3153 ± 0.1453
INFO:meta-cli.py:Epoch 3/100	dev results	MRR 0.893805	H@1 0.811350	H@3 0.972393	H@5 0.985429	H@10 0.993098
INFO:meta-cli.py:Epoch 3/100	test results	MRR 0.887550	H@1 0.798033	H@3 0.972769	H@5 0.987141	H@10 0.993192
INFO:meta-cli.py:Epoch 4/100	Loss 6.2018 ± 0.1529
INFO:meta-cli.py:Epoch 5/100	Loss 6.1402 ± 0.1310
INFO:meta-cli.py:Epoch 6/100	Loss 6.0996 ± 0.1372
INFO:meta-cli.py:Epoch 6/100	dev results	MRR 0.879669	H@1 0.777607	H@3 0.978528	H@5 0.986196	H@10 0.995399
INFO:meta-cli.py:Epoch 6/100	test results	MRR 0.870716	H@1 0.755673	H@3 0.986384	H@5 0.993192	H@10 0.996218
INFO:meta-cli.py:Epoch 7/100	Loss 6.0635 ± 0.1253
INFO:meta-cli.py:Epoch 8/100	Loss 6.0443 ± 0.1510
INFO:meta-cli.py:Epoch 9/100	Loss 6.0080 ± 0.1749
INFO:meta-cli.py:Epoch 9/100	dev results	MRR 0.907159	H@1 0.831288	H@3 0.979294	H@5 0.990031	H@10 0.994632
INFO:meta-cli.py:Epoch 9/100	test results	MRR 0.905907	H@1 0.824508	H@3 0.987897	H@5 0.992436	H@10 0.996218
INFO:meta-cli.py:Epoch 10/100	Loss 6.0006 ± 0.1568
INFO:meta-cli.py:Epoch 11/100	Loss 5.9893 ± 0.1329
INFO:meta-cli.py:Epoch 12/100	Loss 5.9677 ± 0.1491
INFO:meta-cli.py:Epoch 12/100	dev results	MRR 0.905795	H@1 0.828988	H@3 0.979294	H@5 0.988497	H@10 0.994632
INFO:meta-cli.py:Epoch 12/100	test results	MRR 0.909938	H@1 0.832073	H@3 0.987897	H@5 0.993192	H@10 0.996218
INFO:meta-cli.py:Epoch 13/100	Loss 5.9667 ± 0.1682
INFO:meta-cli.py:Epoch 14/100	Loss 5.9409 ± 0.1317
INFO:meta-cli.py:Epoch 15/100	Loss 5.9409 ± 0.1456
INFO:meta-cli.py:Epoch 15/100	dev results	MRR 0.906712	H@1 0.830521	H@3 0.980061	H@5 0.989264	H@10 0.995399
INFO:meta-cli.py:Epoch 15/100	test results	MRR 0.913370	H@1 0.838124	H@3 0.985628	H@5 0.993192	H@10 0.996218
INFO:meta-cli.py:Epoch 16/100	Loss 5.9200 ± 0.1112
INFO:meta-cli.py:Epoch 17/100	Loss 5.9086 ± 0.1459
INFO:meta-cli.py:Epoch 18/100	Loss 5.9056 ± 0.1415
INFO:meta-cli.py:Epoch 18/100	dev results	MRR 0.914677	H@1 0.847393	H@3 0.977761	H@5 0.988497	H@10 0.995399
INFO:meta-cli.py:Epoch 18/100	test results	MRR 0.922827	H@1 0.857035	H@3 0.986384	H@5 0.994705	H@10 0.996974
INFO:meta-cli.py:Epoch 19/100	Loss 5.8938 ± 0.1351
INFO:meta-cli.py:Epoch 20/100	Loss 5.8954 ± 0.1198
INFO:meta-cli.py:Epoch 21/100	Loss 5.8971 ± 0.1509
INFO:meta-cli.py:Epoch 21/100	dev results	MRR 0.922156	H@1 0.863497	H@3 0.975460	H@5 0.988497	H@10 0.994632
INFO:meta-cli.py:Epoch 21/100	test results	MRR 0.930653	H@1 0.872920	H@3 0.985628	H@5 0.991679	H@10 0.996974
INFO:meta-cli.py:Epoch 22/100	Loss 5.8756 ± 0.1560
INFO:meta-cli.py:Epoch 23/100	Loss 5.8773 ± 0.1193
INFO:meta-cli.py:Epoch 24/100	Loss 5.8658 ± 0.1378
INFO:meta-cli.py:Epoch 24/100	dev results	MRR 0.916413	H@1 0.851994	H@3 0.977761	H@5 0.989264	H@10 0.995399
INFO:meta-cli.py:Epoch 24/100	test results	MRR 0.924984	H@1 0.861573	H@3 0.985628	H@5 0.992436	H@10 0.996974
INFO:meta-cli.py:Epoch 25/100	Loss 5.8641 ± 0.1326
INFO:meta-cli.py:Epoch 26/100	Loss 5.8501 ± 0.1553
INFO:meta-cli.py:Epoch 27/100	Loss 5.8636 ± 0.1389
INFO:meta-cli.py:Epoch 27/100	dev results	MRR 0.920914	H@1 0.861963	H@3 0.976227	H@5 0.988497	H@10 0.994632
INFO:meta-cli.py:Epoch 27/100	test results	MRR 0.927381	H@1 0.867625	H@3 0.985628	H@5 0.992436	H@10 0.996974
INFO:meta-cli.py:Epoch 28/100	Loss 5.8453 ± 0.1384
INFO:meta-cli.py:Epoch 29/100	Loss 5.8460 ± 0.1235
INFO:meta-cli.py:Epoch 30/100	Loss 5.8510 ± 0.1339
INFO:meta-cli.py:Epoch 30/100	dev results	MRR 0.929551	H@1 0.879601	H@3 0.976227	H@5 0.985429	H@10 0.994632
INFO:meta-cli.py:Epoch 30/100	test results	MRR 0.940458	H@1 0.894100	H@3 0.985628	H@5 0.993192	H@10 0.996974
INFO:meta-cli.py:Epoch 31/100	Loss 5.8404 ± 0.1456
INFO:meta-cli.py:Epoch 32/100	Loss 5.8286 ± 0.1439
INFO:meta-cli.py:Epoch 33/100	Loss 5.8330 ± 0.1270
INFO:meta-cli.py:Epoch 33/100	dev results	MRR 0.932942	H@1 0.886503	H@3 0.976227	H@5 0.986196	H@10 0.993098
INFO:meta-cli.py:Epoch 33/100	test results	MRR 0.938221	H@1 0.888805	H@3 0.984115	H@5 0.992436	H@10 0.996974
INFO:meta-cli.py:Epoch 34/100	Loss 5.8223 ± 0.1485
INFO:meta-cli.py:Epoch 35/100	Loss 5.8287 ± 0.1484
INFO:meta-cli.py:Epoch 36/100	Loss 5.8247 ± 0.1178
INFO:meta-cli.py:Epoch 36/100	dev results	MRR 0.933694	H@1 0.888037	H@3 0.975460	H@5 0.983129	H@10 0.991564
INFO:meta-cli.py:Epoch 36/100	test results	MRR 0.935834	H@1 0.884266	H@3 0.983359	H@5 0.992436	H@10 0.996974
INFO:meta-cli.py:Epoch 37/100	Loss 5.8279 ± 0.1220
INFO:meta-cli.py:Epoch 38/100	Loss 5.8115 ± 0.1306
INFO:meta-cli.py:Epoch 39/100	Loss 5.8120 ± 0.1618
INFO:meta-cli.py:Epoch 39/100	dev results	MRR 0.938533	H@1 0.898006	H@3 0.975460	H@5 0.983129	H@10 0.991564
INFO:meta-cli.py:Epoch 39/100	test results	MRR 0.940021	H@1 0.893343	H@3 0.985628	H@5 0.993192	H@10 0.996974
INFO:meta-cli.py:Epoch 40/100	Loss 5.8171 ± 0.1328
INFO:meta-cli.py:Epoch 41/100	Loss 5.8070 ± 0.1360
INFO:meta-cli.py:Epoch 42/100	Loss 5.8098 ± 0.1459
INFO:meta-cli.py:Epoch 42/100	dev results	MRR 0.940094	H@1 0.901074	H@3 0.975460	H@5 0.982362	H@10 0.991564
INFO:meta-cli.py:Epoch 42/100	test results	MRR 0.939043	H@1 0.891074	H@3 0.984115	H@5 0.994705	H@10 0.996974
INFO:meta-cli.py:Epoch 43/100	Loss 5.8094 ± 0.1595
INFO:meta-cli.py:Epoch 44/100	Loss 5.7994 ± 0.1339
INFO:meta-cli.py:Epoch 45/100	Loss 5.8044 ± 0.1331
INFO:meta-cli.py:Epoch 45/100	dev results	MRR 0.936603	H@1 0.894939	H@3 0.973926	H@5 0.982362	H@10 0.991564
INFO:meta-cli.py:Epoch 45/100	test results	MRR 0.935804	H@1 0.884266	H@3 0.983359	H@5 0.994705	H@10 0.996974
INFO:meta-cli.py:Epoch 46/100	Loss 5.7927 ± 0.1218
INFO:meta-cli.py:Epoch 47/100	Loss 5.7829 ± 0.1492
INFO:meta-cli.py:Epoch 48/100	Loss 5.7993 ± 0.1368
INFO:meta-cli.py:Epoch 48/100	dev results	MRR 0.931457	H@1 0.885736	H@3 0.972393	H@5 0.982362	H@10 0.991564
INFO:meta-cli.py:Epoch 48/100	test results	MRR 0.937136	H@1 0.888048	H@3 0.983359	H@5 0.992436	H@10 0.996974
INFO:meta-cli.py:Epoch 49/100	Loss 5.7922 ± 0.1307
INFO:meta-cli.py:Epoch 50/100	Loss 5.7894 ± 0.1307
INFO:meta-cli.py:Epoch 51/100	Loss 5.7886 ± 0.1116
INFO:meta-cli.py:Epoch 51/100	dev results	MRR 0.937392	H@1 0.896472	H@3 0.974693	H@5 0.982362	H@10 0.990798
INFO:meta-cli.py:Epoch 51/100	test results	MRR 0.941262	H@1 0.895613	H@3 0.985628	H@5 0.994705	H@10 0.996974
INFO:meta-cli.py:Epoch 52/100	Loss 5.7762 ± 0.1333
INFO:meta-cli.py:Epoch 53/100	Loss 5.7861 ± 0.1144
INFO:meta-cli.py:Epoch 54/100	Loss 5.7822 ± 0.1418
INFO:meta-cli.py:Epoch 54/100	dev results	MRR 0.937369	H@1 0.896472	H@3 0.973926	H@5 0.981595	H@10 0.990798
INFO:meta-cli.py:Epoch 54/100	test results	MRR 0.937587	H@1 0.888805	H@3 0.984115	H@5 0.993192	H@10 0.996974
INFO:meta-cli.py:Epoch 55/100	Loss 5.7812 ± 0.1349
INFO:meta-cli.py:Epoch 56/100	Loss 5.7813 ± 0.1374
INFO:meta-cli.py:Epoch 57/100	Loss 5.7720 ± 0.1286
INFO:meta-cli.py:Epoch 57/100	dev results	MRR 0.937477	H@1 0.898006	H@3 0.972393	H@5 0.982362	H@10 0.990798
INFO:meta-cli.py:Epoch 57/100	test results	MRR 0.939613	H@1 0.893343	H@3 0.983359	H@5 0.992436	H@10 0.996974
INFO:meta-cli.py:Epoch 58/100	Loss 5.7712 ± 0.1333
INFO:meta-cli.py:Epoch 59/100	Loss 5.7686 ± 0.1466
INFO:meta-cli.py:Epoch 60/100	Loss 5.7725 ± 0.1441
INFO:meta-cli.py:Epoch 60/100	dev results	MRR 0.933862	H@1 0.891871	H@3 0.970092	H@5 0.980828	H@10 0.990798
INFO:meta-cli.py:Epoch 60/100	test results	MRR 0.932489	H@1 0.880484	H@3 0.978820	H@5 0.993192	H@10 0.996974
INFO:meta-cli.py:Epoch 61/100	Loss 5.7625 ± 0.1491
INFO:meta-cli.py:Epoch 62/100	Loss 5.7765 ± 0.1439
INFO:meta-cli.py:Epoch 63/100	Loss 5.7678 ± 0.1291
INFO:meta-cli.py:Epoch 63/100	dev results	MRR 0.934443	H@1 0.892638	H@3 0.972393	H@5 0.982362	H@10 0.990798
INFO:meta-cli.py:Epoch 63/100	test results	MRR 0.939457	H@1 0.894100	H@3 0.981089	H@5 0.993192	H@10 0.996974
INFO:meta-cli.py:Epoch 64/100	Loss 5.7698 ± 0.1244
INFO:meta-cli.py:Epoch 65/100	Loss 5.7636 ± 0.1365
INFO:meta-cli.py:Epoch 66/100	Loss 5.7602 ± 0.1215
INFO:meta-cli.py:Epoch 66/100	dev results	MRR 0.937090	H@1 0.898006	H@3 0.973160	H@5 0.982362	H@10 0.990031
INFO:meta-cli.py:Epoch 66/100	test results	MRR 0.937673	H@1 0.890318	H@3 0.981846	H@5 0.992436	H@10 0.996974
INFO:meta-cli.py:Epoch 67/100	Loss 5.7637 ± 0.1234
INFO:meta-cli.py:Epoch 68/100	Loss 5.7554 ± 0.1256
INFO:meta-cli.py:Epoch 69/100	Loss 5.7591 ± 0.1512
INFO:meta-cli.py:Epoch 69/100	dev results	MRR 0.939725	H@1 0.904141	H@3 0.973926	H@5 0.980061	H@10 0.988497
INFO:meta-cli.py:Epoch 69/100	test results	MRR 0.941683	H@1 0.897126	H@3 0.984115	H@5 0.992436	H@10 0.996974
INFO:meta-cli.py:Epoch 70/100	Loss 5.7538 ± 0.1385
INFO:meta-cli.py:Epoch 71/100	Loss 5.7533 ± 0.1286
INFO:meta-cli.py:Epoch 72/100	Loss 5.7609 ± 0.1408
INFO:meta-cli.py:Epoch 72/100	dev results	MRR 0.936443	H@1 0.897239	H@3 0.972393	H@5 0.981595	H@10 0.988497
INFO:meta-cli.py:Epoch 72/100	test results	MRR 0.940042	H@1 0.894856	H@3 0.981846	H@5 0.992436	H@10 0.996974
INFO:meta-cli.py:Epoch 73/100	Loss 5.7573 ± 0.1207
INFO:meta-cli.py:Epoch 74/100	Loss 5.7550 ± 0.1262
INFO:meta-cli.py:Epoch 75/100	Loss 5.7413 ± 0.1547
INFO:meta-cli.py:Epoch 75/100	dev results	MRR 0.935502	H@1 0.895706	H@3 0.972393	H@5 0.980828	H@10 0.988497
INFO:meta-cli.py:Epoch 75/100	test results	MRR 0.937409	H@1 0.888805	H@3 0.982602	H@5 0.993192	H@10 0.996974
INFO:meta-cli.py:Epoch 76/100	Loss 5.7596 ± 0.1568
INFO:meta-cli.py:Epoch 77/100	Loss 5.7457 ± 0.1227
INFO:meta-cli.py:Epoch 78/100	Loss 5.7499 ± 0.1276
INFO:meta-cli.py:Epoch 78/100	dev results	MRR 0.933616	H@1 0.893405	H@3 0.970859	H@5 0.979294	H@10 0.987730
INFO:meta-cli.py:Epoch 78/100	test results	MRR 0.939241	H@1 0.893343	H@3 0.980333	H@5 0.993192	H@10 0.996974
INFO:meta-cli.py:Epoch 79/100	Loss 5.7491 ± 0.0932
INFO:meta-cli.py:Epoch 80/100	Loss 5.7468 ± 0.1103
INFO:meta-cli.py:Epoch 81/100	Loss 5.7486 ± 0.1117
INFO:meta-cli.py:Epoch 81/100	dev results	MRR 0.936368	H@1 0.899540	H@3 0.969325	H@5 0.979294	H@10 0.987730
INFO:meta-cli.py:Epoch 81/100	test results	MRR 0.941447	H@1 0.896369	H@3 0.982602	H@5 0.993192	H@10 0.996974
INFO:meta-cli.py:Epoch 82/100	Loss 5.7365 ± 0.1306
INFO:meta-cli.py:Epoch 83/100	Loss 5.7452 ± 0.1127
INFO:meta-cli.py:Epoch 84/100	Loss 5.7410 ± 0.1237
INFO:meta-cli.py:Epoch 84/100	dev results	MRR 0.938014	H@1 0.903374	H@3 0.967791	H@5 0.979294	H@10 0.988497
INFO:meta-cli.py:Epoch 84/100	test results	MRR 0.942047	H@1 0.899395	H@3 0.980333	H@5 0.993192	H@10 0.996974
INFO:meta-cli.py:Epoch 85/100	Loss 5.7469 ± 0.1350
INFO:meta-cli.py:Epoch 86/100	Loss 5.7461 ± 0.1350
INFO:meta-cli.py:Epoch 87/100	Loss 5.7405 ± 0.1222
INFO:meta-cli.py:Epoch 87/100	dev results	MRR 0.938428	H@1 0.903374	H@3 0.969325	H@5 0.980061	H@10 0.989264
INFO:meta-cli.py:Epoch 87/100	test results	MRR 0.940913	H@1 0.897126	H@3 0.979576	H@5 0.994705	H@10 0.996974
INFO:meta-cli.py:Epoch 88/100	Loss 5.7405 ± 0.1135
INFO:meta-cli.py:Epoch 89/100	Loss 5.7364 ± 0.1084
INFO:meta-cli.py:Epoch 90/100	Loss 5.7411 ± 0.1345
INFO:meta-cli.py:Epoch 90/100	dev results	MRR 0.937509	H@1 0.901840	H@3 0.968558	H@5 0.978528	H@10 0.987730
INFO:meta-cli.py:Epoch 90/100	test results	MRR 0.940124	H@1 0.895613	H@3 0.980333	H@5 0.992436	H@10 0.996974
INFO:meta-cli.py:Epoch 91/100	Loss 5.7420 ± 0.1207
INFO:meta-cli.py:Epoch 92/100	Loss 5.7392 ± 0.1303
INFO:meta-cli.py:Epoch 93/100	Loss 5.7283 ± 0.1205
INFO:meta-cli.py:Epoch 93/100	dev results	MRR 0.935272	H@1 0.898006	H@3 0.968558	H@5 0.979294	H@10 0.987730
INFO:meta-cli.py:Epoch 93/100	test results	MRR 0.940042	H@1 0.895613	H@3 0.978820	H@5 0.993192	H@10 0.996974
INFO:meta-cli.py:Epoch 94/100	Loss 5.7397 ± 0.1239
INFO:meta-cli.py:Epoch 95/100	Loss 5.7379 ± 0.1278
INFO:meta-cli.py:Epoch 96/100	Loss 5.7255 ± 0.1398
INFO:meta-cli.py:Epoch 96/100	dev results	MRR 0.935333	H@1 0.898773	H@3 0.968558	H@5 0.978528	H@10 0.987730
INFO:meta-cli.py:Epoch 96/100	test results	MRR 0.937532	H@1 0.891074	H@3 0.978820	H@5 0.993192	H@10 0.996974
INFO:meta-cli.py:Epoch 97/100	Loss 5.7361 ± 0.1363
INFO:meta-cli.py:Epoch 98/100	Loss 5.7363 ± 0.1434
INFO:meta-cli.py:Epoch 99/100	Loss 5.7330 ± 0.1125
INFO:meta-cli.py:Epoch 99/100	dev results	MRR 0.934802	H@1 0.898006	H@3 0.967791	H@5 0.978528	H@10 0.986963
INFO:meta-cli.py:Epoch 99/100	test results	MRR 0.935801	H@1 0.888048	H@3 0.978064	H@5 0.993192	H@10 0.996218
INFO:meta-cli.py:Epoch 100/100	Loss 5.7208 ± 0.1439
INFO:meta-cli.py:Final 	dev results	MRR 0.937565	H@1 0.902607	H@3 0.968558	H@5 0.978528	H@10 0.987730
INFO:meta-cli.py:Final 	test results	MRR 0.938680	H@1 0.893343	H@3 0.978064	H@5 0.993949	H@10 0.996218
INFO:meta-cli.py:Training finished
