./bin/meta-cli.py --train data/nations/train.tsv --dev data/nations/dev.tsv --test data/nations/test.tsv -m complex -k 50 -b 100 -e 100 --F2 0.005 --N3 0 -l 0.1 -I reciprocal -V 3 -o adagrad -q
{'F2': 0.005,
 'N3': 0.0,
 'batch_size': 100,
 'dev': 'data/nations/dev.tsv',
 'embedding_size': 50,
 'epochs': 100,
 'eval_batch_size': None,
 'input_type': 'reciprocal',
 'learning_rate': 0.1,
 'load': None,
 'model': 'complex',
 'optimizer': 'adagrad',
 'quiet': True,
 'save': None,
 'seed': 0,
 'test': 'data/nations/test.tsv',
 'test_i': None,
 'test_ii': None,
 'train': 'data/nations/train.tsv',
 'validate_every': 3}
INFO:meta-cli.py:Device: cpu
INFO:meta-cli.py:Model state:
INFO:meta-cli.py:	entities.weight	torch.Size([14, 100])
INFO:meta-cli.py:	predicates.weight	torch.Size([110, 100])
INFO:meta-cli.py:Epoch 1/100	Loss 5.2891 ± 0.0339
INFO:meta-cli.py:Epoch 2/100	Loss 4.9475 ± 0.0779
INFO:meta-cli.py:Epoch 3/100	Loss 4.5785 ± 0.1102
INFO:meta-cli.py:Epoch 3/100	dev results	MRR 0.683953	H@1 0.532663	H@3 0.788945	H@5 0.914573	H@10 0.992462
INFO:meta-cli.py:Epoch 3/100	test results	MRR 0.690550	H@1 0.544776	H@3 0.786070	H@5 0.932836	H@10 0.987562
INFO:meta-cli.py:Epoch 4/100	Loss 4.3234 ± 0.1409
INFO:meta-cli.py:Epoch 5/100	Loss 4.1617 ± 0.1418
INFO:meta-cli.py:Epoch 6/100	Loss 4.0540 ± 0.1569
INFO:meta-cli.py:Epoch 6/100	dev results	MRR 0.711529	H@1 0.570352	H@3 0.801508	H@5 0.927136	H@10 0.992462
INFO:meta-cli.py:Epoch 6/100	test results	MRR 0.706464	H@1 0.554726	H@3 0.828358	H@5 0.945274	H@10 0.992537
INFO:meta-cli.py:Epoch 7/100	Loss 3.9771 ± 0.1474
INFO:meta-cli.py:Epoch 8/100	Loss 3.9254 ± 0.1679
INFO:meta-cli.py:Epoch 9/100	Loss 3.8811 ± 0.1587
INFO:meta-cli.py:Epoch 9/100	dev results	MRR 0.713640	H@1 0.570352	H@3 0.811558	H@5 0.922111	H@10 0.992462
INFO:meta-cli.py:Epoch 9/100	test results	MRR 0.714562	H@1 0.567164	H@3 0.823383	H@5 0.945274	H@10 0.992537
INFO:meta-cli.py:Epoch 10/100	Loss 3.8493 ± 0.1726
INFO:meta-cli.py:Epoch 11/100	Loss 3.8217 ± 0.1308
INFO:meta-cli.py:Epoch 12/100	Loss 3.7988 ± 0.1531
INFO:meta-cli.py:Epoch 12/100	dev results	MRR 0.716392	H@1 0.575377	H@3 0.816583	H@5 0.909548	H@10 0.992462
INFO:meta-cli.py:Epoch 12/100	test results	MRR 0.720141	H@1 0.584577	H@3 0.818408	H@5 0.937811	H@10 0.992537
INFO:meta-cli.py:Epoch 13/100	Loss 3.7811 ± 0.1256
INFO:meta-cli.py:Epoch 14/100	Loss 3.7654 ± 0.1687
INFO:meta-cli.py:Epoch 15/100	Loss 3.7494 ± 0.1427
INFO:meta-cli.py:Epoch 15/100	dev results	MRR 0.715121	H@1 0.575377	H@3 0.814070	H@5 0.912060	H@10 0.992462
INFO:meta-cli.py:Epoch 15/100	test results	MRR 0.725071	H@1 0.587065	H@3 0.830846	H@5 0.950249	H@10 0.995025
INFO:meta-cli.py:Epoch 16/100	Loss 3.7375 ± 0.1574
INFO:meta-cli.py:Epoch 17/100	Loss 3.7247 ± 0.1354
INFO:meta-cli.py:Epoch 18/100	Loss 3.7145 ± 0.1424
INFO:meta-cli.py:Epoch 18/100	dev results	MRR 0.713803	H@1 0.572864	H@3 0.809045	H@5 0.917085	H@10 0.992462
INFO:meta-cli.py:Epoch 18/100	test results	MRR 0.718640	H@1 0.579602	H@3 0.825871	H@5 0.942786	H@10 0.997512
INFO:meta-cli.py:Epoch 19/100	Loss 3.7051 ± 0.0992
INFO:meta-cli.py:Epoch 20/100	Loss 3.6978 ± 0.1502
INFO:meta-cli.py:Epoch 21/100	Loss 3.6898 ± 0.1545
INFO:meta-cli.py:Epoch 21/100	dev results	MRR 0.714780	H@1 0.575377	H@3 0.811558	H@5 0.922111	H@10 0.994975
INFO:meta-cli.py:Epoch 21/100	test results	MRR 0.716748	H@1 0.574627	H@3 0.833333	H@5 0.942786	H@10 0.997512
INFO:meta-cli.py:Epoch 22/100	Loss 3.6814 ± 0.0976
INFO:meta-cli.py:Epoch 23/100	Loss 3.6747 ± 0.1546
INFO:meta-cli.py:Epoch 24/100	Loss 3.6715 ± 0.1257
INFO:meta-cli.py:Epoch 24/100	dev results	MRR 0.714110	H@1 0.572864	H@3 0.809045	H@5 0.924623	H@10 0.994975
INFO:meta-cli.py:Epoch 24/100	test results	MRR 0.721916	H@1 0.582090	H@3 0.835821	H@5 0.942786	H@10 0.997512
INFO:meta-cli.py:Epoch 25/100	Loss 3.6641 ± 0.1145
INFO:meta-cli.py:Epoch 26/100	Loss 3.6579 ± 0.1145
INFO:meta-cli.py:Epoch 27/100	Loss 3.6549 ± 0.1187
INFO:meta-cli.py:Epoch 27/100	dev results	MRR 0.713063	H@1 0.572864	H@3 0.806533	H@5 0.924623	H@10 0.994975
INFO:meta-cli.py:Epoch 27/100	test results	MRR 0.715145	H@1 0.569652	H@3 0.830846	H@5 0.945274	H@10 0.997512
INFO:meta-cli.py:Epoch 28/100	Loss 3.6483 ± 0.1409
INFO:meta-cli.py:Epoch 29/100	Loss 3.6457 ± 0.1050
INFO:meta-cli.py:Epoch 30/100	Loss 3.6415 ± 0.1485
INFO:meta-cli.py:Epoch 30/100	dev results	MRR 0.716018	H@1 0.580402	H@3 0.804020	H@5 0.922111	H@10 0.997487
INFO:meta-cli.py:Epoch 30/100	test results	MRR 0.716821	H@1 0.572139	H@3 0.833333	H@5 0.942786	H@10 0.997512
INFO:meta-cli.py:Epoch 31/100	Loss 3.6378 ± 0.1309
INFO:meta-cli.py:Epoch 32/100	Loss 3.6336 ± 0.1243
INFO:meta-cli.py:Epoch 33/100	Loss 3.6321 ± 0.1137
INFO:meta-cli.py:Epoch 33/100	dev results	MRR 0.716706	H@1 0.580402	H@3 0.806533	H@5 0.919598	H@10 0.997487
INFO:meta-cli.py:Epoch 33/100	test results	MRR 0.717733	H@1 0.572139	H@3 0.835821	H@5 0.940299	H@10 0.997512
INFO:meta-cli.py:Epoch 34/100	Loss 3.6288 ± 0.1391
INFO:meta-cli.py:Epoch 35/100	Loss 3.6251 ± 0.1005
INFO:meta-cli.py:Epoch 36/100	Loss 3.6225 ± 0.1116
INFO:meta-cli.py:Epoch 36/100	dev results	MRR 0.716701	H@1 0.580402	H@3 0.806533	H@5 0.922111	H@10 0.994975
INFO:meta-cli.py:Epoch 36/100	test results	MRR 0.716430	H@1 0.572139	H@3 0.833333	H@5 0.937811	H@10 0.997512
INFO:meta-cli.py:Epoch 37/100	Loss 3.6177 ± 0.1375
INFO:meta-cli.py:Epoch 38/100	Loss 3.6165 ± 0.1177
INFO:meta-cli.py:Epoch 39/100	Loss 3.6147 ± 0.1265
INFO:meta-cli.py:Epoch 39/100	dev results	MRR 0.719019	H@1 0.585427	H@3 0.809045	H@5 0.922111	H@10 0.992462
INFO:meta-cli.py:Epoch 39/100	test results	MRR 0.713248	H@1 0.564677	H@3 0.828358	H@5 0.942786	H@10 0.997512
INFO:meta-cli.py:Epoch 40/100	Loss 3.6124 ± 0.1261
INFO:meta-cli.py:Epoch 41/100	Loss 3.6083 ± 0.1027
INFO:meta-cli.py:Epoch 42/100	Loss 3.6069 ± 0.1345
INFO:meta-cli.py:Epoch 42/100	dev results	MRR 0.717262	H@1 0.580402	H@3 0.811558	H@5 0.919598	H@10 0.994975
INFO:meta-cli.py:Epoch 42/100	test results	MRR 0.715100	H@1 0.567164	H@3 0.835821	H@5 0.945274	H@10 0.997512
INFO:meta-cli.py:Epoch 43/100	Loss 3.6050 ± 0.1126
INFO:meta-cli.py:Epoch 44/100	Loss 3.6034 ± 0.1124
INFO:meta-cli.py:Epoch 45/100	Loss 3.6004 ± 0.1225
INFO:meta-cli.py:Epoch 45/100	dev results	MRR 0.714488	H@1 0.575377	H@3 0.811558	H@5 0.917085	H@10 0.992462
INFO:meta-cli.py:Epoch 45/100	test results	MRR 0.713488	H@1 0.562189	H@3 0.840796	H@5 0.945274	H@10 0.997512
INFO:meta-cli.py:Epoch 46/100	Loss 3.5992 ± 0.1157
INFO:meta-cli.py:Epoch 47/100	Loss 3.5975 ± 0.0897
INFO:meta-cli.py:Epoch 48/100	Loss 3.5945 ± 0.1087
INFO:meta-cli.py:Epoch 48/100	dev results	MRR 0.716498	H@1 0.577889	H@3 0.814070	H@5 0.917085	H@10 0.992462
INFO:meta-cli.py:Epoch 48/100	test results	MRR 0.712711	H@1 0.559701	H@3 0.845771	H@5 0.945274	H@10 0.997512
INFO:meta-cli.py:Epoch 49/100	Loss 3.5927 ± 0.1359
INFO:meta-cli.py:Epoch 50/100	Loss 3.5924 ± 0.1091
INFO:meta-cli.py:Epoch 51/100	Loss 3.5907 ± 0.1044
INFO:meta-cli.py:Epoch 51/100	dev results	MRR 0.718136	H@1 0.580402	H@3 0.816583	H@5 0.917085	H@10 0.992462
INFO:meta-cli.py:Epoch 51/100	test results	MRR 0.712307	H@1 0.562189	H@3 0.840796	H@5 0.947761	H@10 0.997512
INFO:meta-cli.py:Epoch 52/100	Loss 3.5886 ± 0.1324
INFO:meta-cli.py:Epoch 53/100	Loss 3.5869 ± 0.1270
INFO:meta-cli.py:Epoch 54/100	Loss 3.5857 ± 0.1424
INFO:meta-cli.py:Epoch 54/100	dev results	MRR 0.716500	H@1 0.575377	H@3 0.816583	H@5 0.919598	H@10 0.992462
INFO:meta-cli.py:Epoch 54/100	test results	MRR 0.711837	H@1 0.559701	H@3 0.843284	H@5 0.945274	H@10 0.997512
INFO:meta-cli.py:Epoch 55/100	Loss 3.5845 ± 0.1324
INFO:meta-cli.py:Epoch 56/100	Loss 3.5814 ± 0.1212
INFO:meta-cli.py:Epoch 57/100	Loss 3.5811 ± 0.1183
INFO:meta-cli.py:Epoch 57/100	dev results	MRR 0.720367	H@1 0.582915	H@3 0.811558	H@5 0.914573	H@10 0.992462
INFO:meta-cli.py:Epoch 57/100	test results	MRR 0.707842	H@1 0.549751	H@3 0.838308	H@5 0.947761	H@10 0.997512
INFO:meta-cli.py:Epoch 58/100	Loss 3.5802 ± 0.1220
INFO:meta-cli.py:Epoch 59/100	Loss 3.5775 ± 0.0878
INFO:meta-cli.py:Epoch 60/100	Loss 3.5765 ± 0.0959
INFO:meta-cli.py:Epoch 60/100	dev results	MRR 0.716454	H@1 0.575377	H@3 0.811558	H@5 0.914573	H@10 0.992462
INFO:meta-cli.py:Epoch 60/100	test results	MRR 0.708584	H@1 0.552239	H@3 0.840796	H@5 0.947761	H@10 0.997512
INFO:meta-cli.py:Epoch 61/100	Loss 3.5769 ± 0.1174
INFO:meta-cli.py:Epoch 62/100	Loss 3.5763 ± 0.1192
INFO:meta-cli.py:Epoch 63/100	Loss 3.5748 ± 0.1036
INFO:meta-cli.py:Epoch 63/100	dev results	MRR 0.715575	H@1 0.572864	H@3 0.814070	H@5 0.914573	H@10 0.992462
INFO:meta-cli.py:Epoch 63/100	test results	MRR 0.709579	H@1 0.552239	H@3 0.843284	H@5 0.947761	H@10 0.997512
INFO:meta-cli.py:Epoch 64/100	Loss 3.5732 ± 0.1290
INFO:meta-cli.py:Epoch 65/100	Loss 3.5711 ± 0.1177
INFO:meta-cli.py:Epoch 66/100	Loss 3.5700 ± 0.1176
INFO:meta-cli.py:Epoch 66/100	dev results	MRR 0.718633	H@1 0.577889	H@3 0.819095	H@5 0.917085	H@10 0.992462
INFO:meta-cli.py:Epoch 66/100	test results	MRR 0.709224	H@1 0.552239	H@3 0.838308	H@5 0.947761	H@10 0.997512
INFO:meta-cli.py:Epoch 67/100	Loss 3.5699 ± 0.1173
INFO:meta-cli.py:Epoch 68/100	Loss 3.5687 ± 0.1156
INFO:meta-cli.py:Epoch 69/100	Loss 3.5662 ± 0.1175
INFO:meta-cli.py:Epoch 69/100	dev results	MRR 0.716292	H@1 0.572864	H@3 0.821608	H@5 0.917085	H@10 0.992462
INFO:meta-cli.py:Epoch 69/100	test results	MRR 0.708149	H@1 0.552239	H@3 0.843284	H@5 0.947761	H@10 0.997512
INFO:meta-cli.py:Epoch 70/100	Loss 3.5658 ± 0.0888
INFO:meta-cli.py:Epoch 71/100	Loss 3.5658 ± 0.1005
INFO:meta-cli.py:Epoch 72/100	Loss 3.5639 ± 0.1308
INFO:meta-cli.py:Epoch 72/100	dev results	MRR 0.715838	H@1 0.570352	H@3 0.826633	H@5 0.917085	H@10 0.992462
INFO:meta-cli.py:Epoch 72/100	test results	MRR 0.708208	H@1 0.552239	H@3 0.848259	H@5 0.947761	H@10 0.997512
INFO:meta-cli.py:Epoch 73/100	Loss 3.5633 ± 0.1066
INFO:meta-cli.py:Epoch 74/100	Loss 3.5631 ± 0.1249
INFO:meta-cli.py:Epoch 75/100	Loss 3.5628 ± 0.1101
INFO:meta-cli.py:Epoch 75/100	dev results	MRR 0.716194	H@1 0.570352	H@3 0.824121	H@5 0.919598	H@10 0.992462
INFO:meta-cli.py:Epoch 75/100	test results	MRR 0.710074	H@1 0.554726	H@3 0.845771	H@5 0.947761	H@10 0.997512
INFO:meta-cli.py:Epoch 76/100	Loss 3.5615 ± 0.1086
INFO:meta-cli.py:Epoch 77/100	Loss 3.5614 ± 0.1043
INFO:meta-cli.py:Epoch 78/100	Loss 3.5603 ± 0.0936
INFO:meta-cli.py:Epoch 78/100	dev results	MRR 0.715147	H@1 0.570352	H@3 0.821608	H@5 0.919598	H@10 0.992462
INFO:meta-cli.py:Epoch 78/100	test results	MRR 0.712437	H@1 0.557214	H@3 0.848259	H@5 0.950249	H@10 0.997512
INFO:meta-cli.py:Epoch 79/100	Loss 3.5592 ± 0.0960
INFO:meta-cli.py:Epoch 80/100	Loss 3.5589 ± 0.1156
INFO:meta-cli.py:Epoch 81/100	Loss 3.5571 ± 0.0889
INFO:meta-cli.py:Epoch 81/100	dev results	MRR 0.715147	H@1 0.570352	H@3 0.821608	H@5 0.919598	H@10 0.992462
INFO:meta-cli.py:Epoch 81/100	test results	MRR 0.710845	H@1 0.554726	H@3 0.850746	H@5 0.950249	H@10 0.995025
INFO:meta-cli.py:Epoch 82/100	Loss 3.5567 ± 0.1089
INFO:meta-cli.py:Epoch 83/100	Loss 3.5556 ± 0.1004
INFO:meta-cli.py:Epoch 84/100	Loss 3.5551 ± 0.1121
INFO:meta-cli.py:Epoch 84/100	dev results	MRR 0.714871	H@1 0.570352	H@3 0.819095	H@5 0.917085	H@10 0.992462
INFO:meta-cli.py:Epoch 84/100	test results	MRR 0.711553	H@1 0.554726	H@3 0.853234	H@5 0.947761	H@10 0.995025
INFO:meta-cli.py:Epoch 85/100	Loss 3.5555 ± 0.1365
INFO:meta-cli.py:Epoch 86/100	Loss 3.5542 ± 0.0896
INFO:meta-cli.py:Epoch 87/100	Loss 3.5548 ± 0.1128
INFO:meta-cli.py:Epoch 87/100	dev results	MRR 0.716127	H@1 0.572864	H@3 0.819095	H@5 0.917085	H@10 0.992462
INFO:meta-cli.py:Epoch 87/100	test results	MRR 0.711197	H@1 0.554726	H@3 0.848259	H@5 0.947761	H@10 0.995025
INFO:meta-cli.py:Epoch 88/100	Loss 3.5533 ± 0.0912
INFO:meta-cli.py:Epoch 89/100	Loss 3.5516 ± 0.1221
INFO:meta-cli.py:Epoch 90/100	Loss 3.5512 ± 0.0922
INFO:meta-cli.py:Epoch 90/100	dev results	MRR 0.716218	H@1 0.572864	H@3 0.819095	H@5 0.917085	H@10 0.992462
INFO:meta-cli.py:Epoch 90/100	test results	MRR 0.709539	H@1 0.549751	H@3 0.853234	H@5 0.947761	H@10 0.995025
INFO:meta-cli.py:Epoch 91/100	Loss 3.5511 ± 0.0989
INFO:meta-cli.py:Epoch 92/100	Loss 3.5497 ± 0.0872
INFO:meta-cli.py:Epoch 93/100	Loss 3.5494 ± 0.1155
INFO:meta-cli.py:Epoch 93/100	dev results	MRR 0.716092	H@1 0.572864	H@3 0.819095	H@5 0.917085	H@10 0.992462
INFO:meta-cli.py:Epoch 93/100	test results	MRR 0.707466	H@1 0.544776	H@3 0.853234	H@5 0.947761	H@10 0.995025
INFO:meta-cli.py:Epoch 94/100	Loss 3.5489 ± 0.1053
INFO:meta-cli.py:Epoch 95/100	Loss 3.5492 ± 0.1251
INFO:meta-cli.py:Epoch 96/100	Loss 3.5476 ± 0.1160
INFO:meta-cli.py:Epoch 96/100	dev results	MRR 0.716930	H@1 0.575377	H@3 0.819095	H@5 0.917085	H@10 0.992462
INFO:meta-cli.py:Epoch 96/100	test results	MRR 0.707738	H@1 0.544776	H@3 0.853234	H@5 0.945274	H@10 0.995025
INFO:meta-cli.py:Epoch 97/100	Loss 3.5479 ± 0.1157
INFO:meta-cli.py:Epoch 98/100	Loss 3.5467 ± 0.0965
INFO:meta-cli.py:Epoch 99/100	Loss 3.5460 ± 0.1135
INFO:meta-cli.py:Epoch 99/100	dev results	MRR 0.716302	H@1 0.572864	H@3 0.819095	H@5 0.919598	H@10 0.992462
INFO:meta-cli.py:Epoch 99/100	test results	MRR 0.707904	H@1 0.544776	H@3 0.855721	H@5 0.947761	H@10 0.995025
INFO:meta-cli.py:Epoch 100/100	Loss 3.5456 ± 0.1027
INFO:meta-cli.py:Final 	dev results	MRR 0.715757	H@1 0.572864	H@3 0.819095	H@5 0.919598	H@10 0.992462
INFO:meta-cli.py:Final 	test results	MRR 0.707904	H@1 0.544776	H@3 0.855721	H@5 0.947761	H@10 0.995025
INFO:meta-cli.py:Training finished
